nohup: ignoring input
{"mode": "test", "epoch": 1, "loss": 0.787324845790863, "acc": 0.06666667014360428, "acc_or": 0.2666666805744171, "sender_entropy": 2.2985544204711914, "receiver_entropy": 0.0, "original_loss": 1.5881465673446655, "mean_length": 6.000000476837158}
{"mode": "test", "epoch": 2, "loss": 1.10770845413208, "acc": 0.06666667014360428, "acc_or": 0.2666666805744171, "sender_entropy": 2.2956132888793945, "receiver_entropy": 0.0, "original_loss": 1.5387946367263794, "mean_length": 6.000000476837158}
{"mode": "test", "epoch": 3, "loss": 1.3434813022613525, "acc": 0.06666667014360428, "acc_or": 0.30000001192092896, "sender_entropy": 2.2930068969726562, "receiver_entropy": 0.0, "original_loss": 1.4973760843276978, "mean_length": 6.000000476837158}
{"mode": "test", "epoch": 4, "loss": 1.504967451095581, "acc": 0.13333334028720856, "acc_or": 0.36666667461395264, "sender_entropy": 2.292079448699951, "receiver_entropy": 0.0, "original_loss": 1.4631178379058838, "mean_length": 6.000000476837158}
{"mode": "test", "epoch": 5, "loss": 1.6798893213272095, "acc": 0.06666667014360428, "acc_or": 0.30000001192092896, "sender_entropy": 2.290670394897461, "receiver_entropy": 0.0, "original_loss": 1.4270694255828857, "mean_length": 6.000000476837158}
{"mode": "test", "epoch": 6, "loss": 1.7982738018035889, "acc": 0.06666667014360428, "acc_or": 0.3333333432674408, "sender_entropy": 2.2895267009735107, "receiver_entropy": 0.0, "original_loss": 1.397139310836792, "mean_length": 6.000000476837158}
{"mode": "test", "epoch": 7, "loss": 1.7792187929153442, "acc": 0.06666667014360428, "acc_or": 0.3333333432674408, "sender_entropy": 2.289154291152954, "receiver_entropy": 0.0, "original_loss": 1.3812885284423828, "mean_length": 6.000000476837158}
{"mode": "test", "epoch": 8, "loss": 1.8230971097946167, "acc": 0.0, "acc_or": 0.2666666805744171, "sender_entropy": 2.288839340209961, "receiver_entropy": 0.0, "original_loss": 1.3619980812072754, "mean_length": 6.000000476837158}
{"mode": "test", "epoch": 9, "loss": 1.9092726707458496, "acc": 0.06666667014360428, "acc_or": 0.40000003576278687, "sender_entropy": 2.2888076305389404, "receiver_entropy": 0.0, "original_loss": 1.341212272644043, "mean_length": 6.000000476837158}
{"mode": "test", "epoch": 10, "loss": 2.0809450149536133, "acc": 0.20000001788139343, "acc_or": 0.46666669845581055, "sender_entropy": 2.289165735244751, "receiver_entropy": 0.0, "original_loss": 1.3157761096954346, "mean_length": 6.000000476837158}
{"mode": "test", "epoch": 11, "loss": 1.9419540166854858, "acc": 0.20000001788139343, "acc_or": 0.40000003576278687, "sender_entropy": 2.289437770843506, "receiver_entropy": 0.0, "original_loss": 1.3191951513290405, "mean_length": 6.000000476837158}
{"mode": "test", "epoch": 12, "loss": 1.9550317525863647, "acc": 0.20000001788139343, "acc_or": 0.40000003576278687, "sender_entropy": 2.2897260189056396, "receiver_entropy": 0.0, "original_loss": 1.3098360300064087, "mean_length": 6.000000476837158}
{"mode": "test", "epoch": 13, "loss": 1.8016711473464966, "acc": 0.40000003576278687, "acc_or": 0.5666667222976685, "sender_entropy": 2.289529800415039, "receiver_entropy": 0.0, "original_loss": 1.3170300722122192, "mean_length": 6.000000476837158}
{"mode": "test", "epoch": 14, "loss": 1.7968947887420654, "acc": 0.3333333432674408, "acc_or": 0.5666667222976685, "sender_entropy": 2.2894046306610107, "receiver_entropy": 0.0, "original_loss": 1.311769723892212, "mean_length": 6.000000476837158}
{"mode": "test", "epoch": 15, "loss": 1.8444881439208984, "acc": 0.40000003576278687, "acc_or": 0.6000000238418579, "sender_entropy": 2.2891952991485596, "receiver_entropy": 0.0, "original_loss": 1.3029017448425293, "mean_length": 6.000000476837158}
{"mode": "test", "epoch": 16, "loss": 2.0247483253479004, "acc": 0.3333333432674408, "acc_or": 0.5666667222976685, "sender_entropy": 2.2888617515563965, "receiver_entropy": 0.0, "original_loss": 1.282558560371399, "mean_length": 6.000000476837158}
{"mode": "test", "epoch": 17, "loss": 2.0636372566223145, "acc": 0.46666669845581055, "acc_or": 0.5666667222976685, "sender_entropy": 2.288602828979492, "receiver_entropy": 0.0, "original_loss": 1.2744379043579102, "mean_length": 6.000000476837158}
{"mode": "test", "epoch": 18, "loss": 2.1795923709869385, "acc": 0.3333333432674408, "acc_or": 0.5333333611488342, "sender_entropy": 2.28751540184021, "receiver_entropy": 0.0, "original_loss": 1.2595956325531006, "mean_length": 6.000000476837158}
{"mode": "test", "epoch": 19, "loss": 2.1771445274353027, "acc": 0.46666669845581055, "acc_or": 0.6333333849906921, "sender_entropy": 2.2859935760498047, "receiver_entropy": 0.0, "original_loss": 1.2553449869155884, "mean_length": 6.000000476837158}
{"mode": "test", "epoch": 20, "loss": 2.2538137435913086, "acc": 0.3333333432674408, "acc_or": 0.6333333849906921, "sender_entropy": 2.2839884757995605, "receiver_entropy": 0.0, "original_loss": 1.2441295385360718, "mean_length": 6.000000476837158}
{"mode": "test", "epoch": 21, "loss": 2.3028500080108643, "acc": 0.3333333432674408, "acc_or": 0.6000000238418579, "sender_entropy": 2.2810263633728027, "receiver_entropy": 0.0, "original_loss": 1.2345690727233887, "mean_length": 6.000000476837158}
{"mode": "test", "epoch": 22, "loss": 2.3140134811401367, "acc": 0.3333333432674408, "acc_or": 0.6333333849906921, "sender_entropy": 2.276268482208252, "receiver_entropy": 0.0, "original_loss": 1.2286534309387207, "mean_length": 6.000000476837158}
{"mode": "test", "epoch": 23, "loss": 2.0039501190185547, "acc": 0.2666666805744171, "acc_or": 0.5333333611488342, "sender_entropy": 2.269014596939087, "receiver_entropy": 0.0, "original_loss": 1.2525655031204224, "mean_length": 6.000000476837158}
{"mode": "test", "epoch": 24, "loss": 1.8491536378860474, "acc": 0.2666666805744171, "acc_or": 0.5333333611488342, "sender_entropy": 2.258492946624756, "receiver_entropy": 0.0, "original_loss": 1.260761022567749, "mean_length": 6.000000476837158}
{"mode": "test", "epoch": 25, "loss": 1.5312464237213135, "acc": 0.2666666805744171, "acc_or": 0.5666667222976685, "sender_entropy": 2.2421634197235107, "receiver_entropy": 0.0, "original_loss": 1.2828443050384521, "mean_length": 6.000000476837158}
{"mode": "test", "epoch": 26, "loss": 1.534536361694336, "acc": 0.2666666805744171, "acc_or": 0.6000000238418579, "sender_entropy": 2.217491626739502, "receiver_entropy": 0.0, "original_loss": 1.2684810161590576, "mean_length": 6.000000476837158}
{"mode": "test", "epoch": 27, "loss": 1.545751929283142, "acc": 0.2666666805744171, "acc_or": 0.5666667222976685, "sender_entropy": 2.1801435947418213, "receiver_entropy": 0.0, "original_loss": 1.246541142463684, "mean_length": 6.000000476837158}
{"mode": "test", "epoch": 28, "loss": 2.060697078704834, "acc": 0.3333333432674408, "acc_or": 0.6666666865348816, "sender_entropy": 2.1520919799804688, "receiver_entropy": 0.0, "original_loss": 1.1591447591781616, "mean_length": 6.000000476837158}
{"mode": "test", "epoch": 29, "loss": 2.0543746948242188, "acc": 0.2666666805744171, "acc_or": 0.6333333849906921, "sender_entropy": 2.130063533782959, "receiver_entropy": 0.0, "original_loss": 1.1178863048553467, "mean_length": 6.000000476837158}
{"mode": "test", "epoch": 30, "loss": 2.6696999073028564, "acc": 0.3333333432674408, "acc_or": 0.6333333849906921, "sender_entropy": 2.11582612991333, "receiver_entropy": 0.0, "original_loss": 1.0322126150131226, "mean_length": 6.000000476837158}
{"mode": "test", "epoch": 31, "loss": 3.429500102996826, "acc": 0.40000003576278687, "acc_or": 0.6666666865348816, "sender_entropy": 2.0989699363708496, "receiver_entropy": 0.0, "original_loss": 0.9248254895210266, "mean_length": 6.000000476837158}
{"mode": "test", "epoch": 32, "loss": 3.038470506668091, "acc": 0.46666669845581055, "acc_or": 0.7333333492279053, "sender_entropy": 2.0663256645202637, "receiver_entropy": 0.0, "original_loss": 0.9418678879737854, "mean_length": 6.000000476837158}
{"mode": "test", "epoch": 33, "loss": 3.0148370265960693, "acc": 0.3333333432674408, "acc_or": 0.6666666865348816, "sender_entropy": 2.0255661010742188, "receiver_entropy": 0.0, "original_loss": 0.9064874649047852, "mean_length": 6.000000476837158}
{"mode": "test", "epoch": 34, "loss": 2.2149696350097656, "acc": 0.3333333432674408, "acc_or": 0.6666666865348816, "sender_entropy": 1.9867130517959595, "receiver_entropy": 0.0, "original_loss": 0.9612424373626709, "mean_length": 6.000000476837158}
{"mode": "test", "epoch": 35, "loss": 2.41329288482666, "acc": 0.3333333432674408, "acc_or": 0.6666666865348816, "sender_entropy": 1.9646698236465454, "receiver_entropy": 0.0, "original_loss": 0.900853157043457, "mean_length": 6.000000476837158}
{"mode": "test", "epoch": 36, "loss": 2.7864160537719727, "acc": 0.40000003576278687, "acc_or": 0.7000000476837158, "sender_entropy": 1.9580031633377075, "receiver_entropy": 0.0, "original_loss": 0.8303471207618713, "mean_length": 6.000000476837158}
{"mode": "test", "epoch": 37, "loss": 2.8881335258483887, "acc": 0.46666669845581055, "acc_or": 0.7333333492279053, "sender_entropy": 1.9485665559768677, "receiver_entropy": 0.0, "original_loss": 0.7996084690093994, "mean_length": 6.000000476837158}
{"mode": "test", "epoch": 38, "loss": 2.5735669136047363, "acc": 0.40000003576278687, "acc_or": 0.7000000476837158, "sender_entropy": 1.9175398349761963, "receiver_entropy": 0.0, "original_loss": 0.8168859481811523, "mean_length": 6.000000476837158}
{"mode": "test", "epoch": 39, "loss": 2.8019609451293945, "acc": 0.46666669845581055, "acc_or": 0.7333333492279053, "sender_entropy": 1.9167850017547607, "receiver_entropy": 0.0, "original_loss": 0.771029531955719, "mean_length": 6.000000476837158}
{"mode": "test", "epoch": 40, "loss": 2.9920196533203125, "acc": 0.5333333611488342, "acc_or": 0.7666667103767395, "sender_entropy": 1.9036731719970703, "receiver_entropy": 0.0, "original_loss": 0.7320264577865601, "mean_length": 6.000000476837158}
{"mode": "test", "epoch": 41, "loss": 3.0689539909362793, "acc": 0.40000003576278687, "acc_or": 0.6666666865348816, "sender_entropy": 1.8836963176727295, "receiver_entropy": 0.0, "original_loss": 0.7038367986679077, "mean_length": 6.000000476837158}
{"mode": "test", "epoch": 42, "loss": 3.631314992904663, "acc": 0.46666669845581055, "acc_or": 0.7000000476837158, "sender_entropy": 1.866100788116455, "receiver_entropy": 0.0, "original_loss": 0.6339762806892395, "mean_length": 6.000000476837158}
{"mode": "test", "epoch": 43, "loss": 3.631011962890625, "acc": 0.46666669845581055, "acc_or": 0.7333333492279053, "sender_entropy": 1.8586455583572388, "receiver_entropy": 0.0, "original_loss": 0.6228725910186768, "mean_length": 6.000000476837158}
{"mode": "test", "epoch": 44, "loss": 3.826338291168213, "acc": 0.46666669845581055, "acc_or": 0.7333333492279053, "sender_entropy": 1.8595699071884155, "receiver_entropy": 0.0, "original_loss": 0.6050504446029663, "mean_length": 6.000000476837158}
{"mode": "test", "epoch": 45, "loss": 4.318049430847168, "acc": 0.5333333611488342, "acc_or": 0.7666667103767395, "sender_entropy": 1.8662261962890625, "receiver_entropy": 0.0, "original_loss": 0.5443181395530701, "mean_length": 6.000000476837158}
{"mode": "test", "epoch": 46, "loss": 4.164093017578125, "acc": 0.5333333611488342, "acc_or": 0.7666667103767395, "sender_entropy": 1.8703581094741821, "receiver_entropy": 0.0, "original_loss": 0.5490009784698486, "mean_length": 6.000000476837158}
{"mode": "test", "epoch": 47, "loss": 4.205785274505615, "acc": 0.5333333611488342, "acc_or": 0.7666667103767395, "sender_entropy": 1.8501437902450562, "receiver_entropy": 0.0, "original_loss": 0.5164124369621277, "mean_length": 6.000000476837158}
{"mode": "test", "epoch": 48, "loss": 4.152233123779297, "acc": 0.6000000238418579, "acc_or": 0.7666667103767395, "sender_entropy": 1.8298070430755615, "receiver_entropy": 0.0, "original_loss": 0.5103088021278381, "mean_length": 6.000000476837158}
{"mode": "test", "epoch": 49, "loss": 3.6451501846313477, "acc": 0.5333333611488342, "acc_or": 0.7333333492279053, "sender_entropy": 1.8067737817764282, "receiver_entropy": 0.0, "original_loss": 0.5446221828460693, "mean_length": 6.000000476837158}
{"mode": "test", "epoch": 50, "loss": 3.610389232635498, "acc": 0.46666669845581055, "acc_or": 0.7000000476837158, "sender_entropy": 1.7927650213241577, "receiver_entropy": 0.0, "original_loss": 0.5379473567008972, "mean_length": 6.000000476837158}
{"mode": "test", "epoch": 51, "loss": 4.023038387298584, "acc": 0.6000000238418579, "acc_or": 0.7666667103767395, "sender_entropy": 1.7925361394882202, "receiver_entropy": 0.0, "original_loss": 0.46294912695884705, "mean_length": 6.000000476837158}
{"mode": "test", "epoch": 52, "loss": 4.134934902191162, "acc": 0.7333333492279053, "acc_or": 0.8333333730697632, "sender_entropy": 1.7939376831054688, "receiver_entropy": 0.0, "original_loss": 0.4321271777153015, "mean_length": 6.000000476837158}
{"mode": "test", "epoch": 53, "loss": 4.436492919921875, "acc": 0.7333333492279053, "acc_or": 0.8666667342185974, "sender_entropy": 1.7939614057540894, "receiver_entropy": 0.0, "original_loss": 0.3822571039199829, "mean_length": 6.000000476837158}
{"mode": "test", "epoch": 54, "loss": 4.546019077301025, "acc": 0.8000000715255737, "acc_or": 0.9000000357627869, "sender_entropy": 1.7869441509246826, "receiver_entropy": 0.0, "original_loss": 0.3456524610519409, "mean_length": 6.000000476837158}
{"mode": "test", "epoch": 55, "loss": 4.570391654968262, "acc": 0.8000000715255737, "acc_or": 0.9000000357627869, "sender_entropy": 1.7848538160324097, "receiver_entropy": 0.0, "original_loss": 0.3273884057998657, "mean_length": 6.000000476837158}
{"mode": "test", "epoch": 56, "loss": 4.457252025604248, "acc": 0.8000000715255737, "acc_or": 0.9000000357627869, "sender_entropy": 1.7715508937835693, "receiver_entropy": 0.0, "original_loss": 0.31185266375541687, "mean_length": 6.000000476837158}
{"mode": "test", "epoch": 57, "loss": 4.578874588012695, "acc": 0.9333333969116211, "acc_or": 0.9666666984558105, "sender_entropy": 1.7717818021774292, "receiver_entropy": 0.0, "original_loss": 0.2805500030517578, "mean_length": 6.000000476837158}
{"mode": "test", "epoch": 58, "loss": 4.7475504875183105, "acc": 1.0, "acc_or": 1.0, "sender_entropy": 1.7691738605499268, "receiver_entropy": 0.0, "original_loss": 0.2471211552619934, "mean_length": 6.000000476837158}
{"epoch": 58, "positional_disent": 0.0763288214802742, "bag_of_symbol_disent": 0.11145918071269989, "topographic_sim": 0.5235671661290208}
{"generalization hold out": {"acc": 0.875, "acc_or": 0.875}, "uniform holdout": {"acc": 0.0, "acc_or": 0.5}, "epoch": 58}
---End--
