nohup: ignoring input
{"mode": "train", "epoch": 1, "loss": 0.7525163980630728, "acc": 0.0005033052982001279, "acc_or": 0.021866492783794038, "sender_entropy": 2.3012249286358175, "receiver_entropy": 0.0, "original_loss": 3.896138392961942, "mean_length": 6.0}
{"mode": "test", "epoch": 1, "loss": 2.9262657165527344, "acc": 0.0009254974429495633, "acc_or": 0.02313743531703949, "sender_entropy": 2.3015148639678955, "receiver_entropy": 0.0, "original_loss": 3.881551742553711, "mean_length": 6.0}
{"mode": "train", "epoch": 2, "loss": 2.790337617580707, "acc": 0.0004281851058924356, "acc_or": 0.021952564254976235, "sender_entropy": 2.3019131422042847, "receiver_entropy": 0.0, "original_loss": 3.891058114858774, "mean_length": 6.0}
{"mode": "test", "epoch": 2, "loss": 3.5921578407287598, "acc": 0.0018509948858991265, "acc_or": 0.07357704639434814, "sender_entropy": 2.301692008972168, "receiver_entropy": 0.0, "original_loss": 3.8249969482421875, "mean_length": 6.0}
{"mode": "train", "epoch": 3, "loss": 3.1653321431233334, "acc": 0.0009346581226474462, "acc_or": 0.03181222525353615, "sender_entropy": 2.2717034266545224, "receiver_entropy": 0.0, "original_loss": 3.8529155529462376, "mean_length": 6.0}
{"mode": "test", "epoch": 3, "loss": 5.239363193511963, "acc": 0.0013882461935281754, "acc_or": 0.07681629061698914, "sender_entropy": 2.121262311935425, "receiver_entropy": 0.0, "original_loss": 3.556673765182495, "mean_length": 6.0}
{"mode": "train", "epoch": 4, "loss": 6.652929379389836, "acc": 0.005898926389188721, "acc_or": 0.0972731842731054, "sender_entropy": 1.9256009138547456, "receiver_entropy": 0.0, "original_loss": 3.396146086546091, "mean_length": 6.0}
{"mode": "test", "epoch": 4, "loss": 6.703760147094727, "acc": 0.010643220506608486, "acc_or": 0.14183248579502106, "sender_entropy": 1.8839741945266724, "receiver_entropy": 0.0, "original_loss": 3.068923234939575, "mean_length": 6.0}
{"mode": "train", "epoch": 5, "loss": 8.651991183941181, "acc": 0.01685353210912301, "acc_or": 0.1573437710220997, "sender_entropy": 1.7028713684815626, "receiver_entropy": 0.0, "original_loss": 2.959923945940458, "mean_length": 6.0}
{"mode": "test", "epoch": 5, "loss": 7.976165294647217, "acc": 0.024988431483507156, "acc_or": 0.203609436750412, "sender_entropy": 1.8360368013381958, "receiver_entropy": 0.0, "original_loss": 2.684671401977539, "mean_length": 6.0}
{"mode": "train", "epoch": 6, "loss": 9.595299904163067, "acc": 0.03058315046991293, "acc_or": 0.2168285118845793, "sender_entropy": 1.5572348557985747, "receiver_entropy": 0.0, "original_loss": 2.5981343801204977, "mean_length": 6.0}
{"mode": "test", "epoch": 6, "loss": 8.529212951660156, "acc": 0.04905136302113533, "acc_or": 0.28273946046829224, "sender_entropy": 1.720050573348999, "receiver_entropy": 0.0, "original_loss": 2.276794672012329, "mean_length": 6.0}
{"mode": "train", "epoch": 7, "loss": 9.97223058113685, "acc": 0.0546946505514475, "acc_or": 0.2831701905681537, "sender_entropy": 1.4146802654633155, "receiver_entropy": 0.0, "original_loss": 2.261749946154081, "mean_length": 6.0}
{"mode": "test", "epoch": 7, "loss": 8.38852310180664, "acc": 0.07959277927875519, "acc_or": 0.35330864787101746, "sender_entropy": 1.5987921953201294, "receiver_entropy": 0.0, "original_loss": 1.962588906288147, "mean_length": 6.0}
{"mode": "train", "epoch": 8, "loss": 9.843468299278847, "acc": 0.08533590659499168, "acc_or": 0.34463171890148747, "sender_entropy": 1.3287410323436444, "receiver_entropy": 0.0, "original_loss": 2.0161306949762197, "mean_length": 6.0}
{"mode": "test", "epoch": 8, "loss": 7.998652935028076, "acc": 0.1374363750219345, "acc_or": 0.4428505301475525, "sender_entropy": 1.480316162109375, "receiver_entropy": 0.0, "original_loss": 1.6930513381958008, "mean_length": 6.0}
{"mode": "train", "epoch": 9, "loss": 9.46187474177434, "acc": 0.13147491016066992, "acc_or": 0.4073032748240691, "sender_entropy": 1.2125171973155096, "receiver_entropy": 0.0, "original_loss": 1.7850744540874774, "mean_length": 6.0}
{"mode": "test", "epoch": 9, "loss": 7.824999809265137, "acc": 0.2545118033885956, "acc_or": 0.5557612180709839, "sender_entropy": 1.3750394582748413, "receiver_entropy": 0.0, "original_loss": 1.3743153810501099, "mean_length": 6.0}
{"mode": "train", "epoch": 10, "loss": 9.202832735501802, "acc": 0.18994484727199262, "acc_or": 0.468694439301124, "sender_entropy": 1.1363460146463835, "receiver_entropy": 0.0, "original_loss": 1.5644326897767873, "mean_length": 6.0}
{"mode": "test", "epoch": 10, "loss": 7.240971565246582, "acc": 0.3387320637702942, "acc_or": 0.6094400882720947, "sender_entropy": 1.2749444246292114, "receiver_entropy": 0.0, "original_loss": 1.1847282648086548, "mean_length": 6.0}
{"mode": "train", "epoch": 11, "loss": 8.882799808795635, "acc": 0.26509047700808597, "acc_or": 0.5359827623917506, "sender_entropy": 1.0522698714182928, "receiver_entropy": 0.0, "original_loss": 1.3493514015124395, "mean_length": 6.0}
{"mode": "test", "epoch": 11, "loss": 6.796761512756348, "acc": 0.4474780261516571, "acc_or": 0.6894956231117249, "sender_entropy": 1.1937588453292847, "receiver_entropy": 0.0, "original_loss": 0.9737089276313782, "mean_length": 6.0}
{"mode": "train", "epoch": 12, "loss": 8.620763631967398, "acc": 0.33638406602235943, "acc_or": 0.5932128108464755, "sender_entropy": 1.007152917293402, "receiver_entropy": 0.0, "original_loss": 1.1738887062439551, "mean_length": 6.0}
{"mode": "test", "epoch": 12, "loss": 6.428232669830322, "acc": 0.5608514547348022, "acc_or": 0.7628412842750549, "sender_entropy": 1.1332429647445679, "receiver_entropy": 0.0, "original_loss": 0.7957263588905334, "mean_length": 6.0}
{"mode": "train", "epoch": 13, "loss": 8.11937322983375, "acc": 0.4135922354001265, "acc_or": 0.6509956236069019, "sender_entropy": 0.9331111953808711, "receiver_entropy": 0.0, "original_loss": 1.0135164215014532, "mean_length": 6.0}
{"mode": "test", "epoch": 13, "loss": 5.511688232421875, "acc": 0.5918555855751038, "acc_or": 0.7776492238044739, "sender_entropy": 1.0103040933609009, "receiver_entropy": 0.0, "original_loss": 0.718234121799469, "mean_length": 6.0}
{"mode": "train", "epoch": 14, "loss": 7.654951664117666, "acc": 0.4546957463026047, "acc_or": 0.6801534409706409, "sender_entropy": 0.8996623685726752, "receiver_entropy": 0.0, "original_loss": 0.9243273780896113, "mean_length": 6.0}
{"mode": "test", "epoch": 14, "loss": 5.341426849365234, "acc": 0.6746876239776611, "acc_or": 0.8246182203292847, "sender_entropy": 1.0013303756713867, "receiver_entropy": 0.0, "original_loss": 0.5980785489082336, "mean_length": 6.0}
{"mode": "train", "epoch": 15, "loss": 7.308707622381357, "acc": 0.5206443117215083, "acc_or": 0.7251455050248367, "sender_entropy": 0.8590861077492054, "receiver_entropy": 0.0, "original_loss": 0.8036116934739627, "mean_length": 6.0}
{"mode": "test", "epoch": 15, "loss": 5.056371688842773, "acc": 0.7130957841873169, "acc_or": 0.849143922328949, "sender_entropy": 0.9756922125816345, "receiver_entropy": 0.0, "original_loss": 0.5122330188751221, "mean_length": 6.0}
{"mode": "train", "epoch": 16, "loss": 7.000359296798706, "acc": 0.5702528655529022, "acc_or": 0.7557424948765681, "sender_entropy": 0.8383747430948111, "receiver_entropy": 0.0, "original_loss": 0.7206502854824066, "mean_length": 6.0}
{"mode": "test", "epoch": 16, "loss": 4.678596019744873, "acc": 0.7690883874893188, "acc_or": 0.8801480531692505, "sender_entropy": 0.9220207929611206, "receiver_entropy": 0.0, "original_loss": 0.4375333786010742, "mean_length": 6.0}
{"mode": "train", "epoch": 17, "loss": 6.505419987898606, "acc": 0.6178679420397832, "acc_or": 0.7859635857435373, "sender_entropy": 0.7894670436015496, "receiver_entropy": 0.0, "original_loss": 0.6406630483957437, "mean_length": 6.0}
{"mode": "test", "epoch": 17, "loss": 4.189838886260986, "acc": 0.8102729916572571, "acc_or": 0.9021286368370056, "sender_entropy": 0.8486319184303284, "receiver_entropy": 0.0, "original_loss": 0.38154852390289307, "mean_length": 6.0}
{"mode": "train", "epoch": 18, "loss": 6.179538873525766, "acc": 0.6504853023932531, "acc_or": 0.8050478169551263, "sender_entropy": 0.7690036228069892, "receiver_entropy": 0.0, "original_loss": 0.5850449410768656, "mean_length": 6.0}
{"mode": "test", "epoch": 18, "loss": 4.0588765144348145, "acc": 0.8505321741104126, "acc_or": 0.9217954277992249, "sender_entropy": 0.8515517115592957, "receiver_entropy": 0.0, "original_loss": 0.3188305199146271, "mean_length": 6.0}
{"mode": "train", "epoch": 19, "loss": 5.987892609376174, "acc": 0.6952655338324033, "acc_or": 0.8327111854003026, "sender_entropy": 0.7539510979102209, "receiver_entropy": 0.0, "original_loss": 0.512871578335762, "mean_length": 6.0}
{"mode": "test", "epoch": 19, "loss": 3.7739243507385254, "acc": 0.8764460682868958, "acc_or": 0.9359092712402344, "sender_entropy": 0.8137608170509338, "receiver_entropy": 0.0, "original_loss": 0.28116247057914734, "mean_length": 6.0}
{"mode": "train", "epoch": 20, "loss": 5.595064053168664, "acc": 0.7171685076676882, "acc_or": 0.8449870554300455, "sender_entropy": 0.7265224227538476, "receiver_entropy": 0.0, "original_loss": 0.47578426737051743, "mean_length": 6.0}
{"mode": "test", "epoch": 20, "loss": 3.5852081775665283, "acc": 0.9009717702865601, "acc_or": 0.9490976333618164, "sender_entropy": 0.7967942357063293, "receiver_entropy": 0.0, "original_loss": 0.24117466807365417, "mean_length": 6.0}
{"mode": "train", "epoch": 21, "loss": 5.331977440760686, "acc": 0.749726591201929, "acc_or": 0.8641500793970548, "sender_entropy": 0.7066863316756028, "receiver_entropy": 0.0, "original_loss": 0.42289349322135633, "mean_length": 6.0}
{"mode": "test", "epoch": 21, "loss": 3.3363819122314453, "acc": 0.9037482738494873, "acc_or": 0.9516427516937256, "sender_entropy": 0.7675920724868774, "receiver_entropy": 0.0, "original_loss": 0.2173292487859726, "mean_length": 6.0}
{"mode": "train", "epoch": 22, "loss": 5.132183056611281, "acc": 0.7655578553676605, "acc_or": 0.8732701654617603, "sender_entropy": 0.700039049753776, "receiver_entropy": 0.0, "original_loss": 0.39064449301132786, "mean_length": 6.0}
{"mode": "test", "epoch": 22, "loss": 3.1445794105529785, "acc": 0.928736686706543, "acc_or": 0.9632114768028259, "sender_entropy": 0.7459494471549988, "receiver_entropy": 0.0, "original_loss": 0.1811404675245285, "mean_length": 6.0}
{"mode": "train", "epoch": 23, "loss": 4.892949911264273, "acc": 0.7813461285371047, "acc_or": 0.8820936198417957, "sender_entropy": 0.6886214361740992, "receiver_entropy": 0.0, "original_loss": 0.3629221423314168, "mean_length": 6.0}
{"mode": "test", "epoch": 23, "loss": 3.041779041290283, "acc": 0.9241092205047607, "acc_or": 0.9615918397903442, "sender_entropy": 0.7513477802276611, "receiver_entropy": 0.0, "original_loss": 0.17273280024528503, "mean_length": 6.0}
{"mode": "train", "epoch": 24, "loss": 4.638781144068791, "acc": 0.7995730088307307, "acc_or": 0.8921999151890094, "sender_entropy": 0.6696502589262449, "receiver_entropy": 0.0, "original_loss": 0.33552178282004136, "mean_length": 6.0}
{"mode": "test", "epoch": 24, "loss": 2.901484489440918, "acc": 0.9421563744544983, "acc_or": 0.9708468317985535, "sender_entropy": 0.7347915768623352, "receiver_entropy": 0.0, "original_loss": 0.1425165832042694, "mean_length": 6.0}
{"mode": "train", "epoch": 25, "loss": 4.51716346007127, "acc": 0.8054518309923319, "acc_or": 0.8958119750022888, "sender_entropy": 0.6746899462663211, "receiver_entropy": 0.0, "original_loss": 0.32206283395106977, "mean_length": 6.0}
{"mode": "test", "epoch": 25, "loss": 2.761017322540283, "acc": 0.9324386715888977, "acc_or": 0.9657565951347351, "sender_entropy": 0.7221097350120544, "receiver_entropy": 0.0, "original_loss": 0.14317850768566132, "mean_length": 6.0}
{"mode": "train", "epoch": 26, "loss": 4.314582036091731, "acc": 0.8209678645317371, "acc_or": 0.9043906972958491, "sender_entropy": 0.6600740483173957, "receiver_entropy": 0.0, "original_loss": 0.296014951971861, "mean_length": 6.0}
{"mode": "test", "epoch": 26, "loss": 2.664584159851074, "acc": 0.9416936635971069, "acc_or": 0.9701526761054993, "sender_entropy": 0.7228257060050964, "receiver_entropy": 0.0, "original_loss": 0.1342335343360901, "mean_length": 6.0}
{"mode": "train", "epoch": 27, "loss": 4.210806314761822, "acc": 0.8356676262158614, "acc_or": 0.9127133809603177, "sender_entropy": 0.6576417890878824, "receiver_entropy": 0.0, "original_loss": 0.27032873722223133, "mean_length": 6.0}
{"mode": "test", "epoch": 27, "loss": 2.582307815551758, "acc": 0.9606663584709167, "acc_or": 0.9801017642021179, "sender_entropy": 0.7181058526039124, "receiver_entropy": 0.0, "original_loss": 0.10435114800930023, "mean_length": 6.0}
{"mode": "train", "epoch": 28, "loss": 4.06357021515186, "acc": 0.8457451325196487, "acc_or": 0.9180050606910999, "sender_entropy": 0.65341661297358, "receiver_entropy": 0.0, "original_loss": 0.2553523922195801, "mean_length": 6.0}
{"mode": "test", "epoch": 28, "loss": 2.4634618759155273, "acc": 0.9592781066894531, "acc_or": 0.9794076681137085, "sender_entropy": 0.7019273042678833, "receiver_entropy": 0.0, "original_loss": 0.09704805910587311, "mean_length": 6.0}
{"mode": "train", "epoch": 29, "loss": 3.964830288520226, "acc": 0.8534511969639704, "acc_or": 0.9227007054365598, "sender_entropy": 0.6520153306997739, "receiver_entropy": 0.0, "original_loss": 0.23904321514643156, "mean_length": 6.0}
{"mode": "test", "epoch": 29, "loss": 2.4612698554992676, "acc": 0.9657565951347351, "acc_or": 0.9828782677650452, "sender_entropy": 0.7272458672523499, "receiver_entropy": 0.0, "original_loss": 0.08929825574159622, "mean_length": 6.0}
{"mode": "train", "epoch": 30, "loss": 3.8564766828830424, "acc": 0.8573750097018021, "acc_or": 0.9246920163814838, "sender_entropy": 0.6601890829893259, "receiver_entropy": 0.0, "original_loss": 0.23369345584741005, "mean_length": 6.0}
{"mode": "test", "epoch": 30, "loss": 2.3519837856292725, "acc": 0.9722350835800171, "acc_or": 0.9861175417900085, "sender_entropy": 0.7134929895401001, "receiver_entropy": 0.0, "original_loss": 0.08056740462779999, "mean_length": 6.0}
{"mode": "train", "epoch": 31, "loss": 3.719367449100201, "acc": 0.8704462784987229, "acc_or": 0.9317409648345067, "sender_entropy": 0.6455998627039102, "receiver_entropy": 0.0, "original_loss": 0.21324536548211023, "mean_length": 6.0}
{"mode": "test", "epoch": 31, "loss": 2.267345666885376, "acc": 0.9671448469161987, "acc_or": 0.9835724234580994, "sender_entropy": 0.7062181234359741, "receiver_entropy": 0.0, "original_loss": 0.07638344913721085, "mean_length": 6.0}
{"mode": "train", "epoch": 32, "loss": 3.6062266551531277, "acc": 0.8773086414887354, "acc_or": 0.9353355513169215, "sender_entropy": 0.64418331017861, "receiver_entropy": 0.0, "original_loss": 0.2024032146884845, "mean_length": 6.0}
{"mode": "test", "epoch": 32, "loss": 2.16170072555542, "acc": 0.9773253202438354, "acc_or": 0.9886626601219177, "sender_entropy": 0.6944893002510071, "receiver_entropy": 0.0, "original_loss": 0.06405409425497055, "mean_length": 6.0}
{"mode": "train", "epoch": 33, "loss": 3.5292274218339186, "acc": 0.8808330526718726, "acc_or": 0.9373105787313901, "sender_entropy": 0.6468859223219064, "receiver_entropy": 0.0, "original_loss": 0.19548572256014898, "mean_length": 6.0}
{"mode": "test", "epoch": 33, "loss": 2.1089224815368652, "acc": 0.9796390533447266, "acc_or": 0.9895881414413452, "sender_entropy": 0.6994154453277588, "receiver_entropy": 0.0, "original_loss": 0.060061030089855194, "mean_length": 6.0}
{"mode": "train", "epoch": 34, "loss": 3.419529529718252, "acc": 0.8843146425027114, "acc_or": 0.9394379304005549, "sender_entropy": 0.6444540482300979, "receiver_entropy": 0.0, "original_loss": 0.18835020867677835, "mean_length": 6.0}
{"mode": "test", "epoch": 34, "loss": 2.026024341583252, "acc": 0.9773253202438354, "acc_or": 0.9886626601219177, "sender_entropy": 0.6867494583129883, "receiver_entropy": 0.0, "original_loss": 0.05979732424020767, "mean_length": 6.0}
{"mode": "train", "epoch": 35, "loss": 3.2662864464979906, "acc": 0.8878519878937647, "acc_or": 0.9412501362653879, "sender_entropy": 0.6369467469362112, "receiver_entropy": 0.0, "original_loss": 0.1838791141143212, "mean_length": 6.0}
{"mode": "test", "epoch": 35, "loss": 1.9534052610397339, "acc": 0.9763997793197632, "acc_or": 0.9881998896598816, "sender_entropy": 0.6823078989982605, "receiver_entropy": 0.0, "original_loss": 0.060319870710372925, "mean_length": 6.0}
{"mode": "train", "epoch": 36, "loss": 3.2334215549322276, "acc": 0.8927071048663213, "acc_or": 0.9435724845299354, "sender_entropy": 0.6426907021265763, "receiver_entropy": 0.0, "original_loss": 0.1750948280096054, "mean_length": 6.0}
{"mode": "test", "epoch": 36, "loss": 1.9659698009490967, "acc": 0.9851920008659363, "acc_or": 0.9925960302352905, "sender_entropy": 0.7001183032989502, "receiver_entropy": 0.0, "original_loss": 0.04863031953573227, "mean_length": 6.0}
{"mode": "train", "epoch": 37, "loss": 3.1864161858191857, "acc": 0.8989597306801722, "acc_or": 0.9471717843642602, "sender_entropy": 0.6445075846635379, "receiver_entropy": 0.0, "original_loss": 0.1642358394769522, "mean_length": 6.0}
{"mode": "test", "epoch": 37, "loss": 1.9151263236999512, "acc": 0.9856547713279724, "acc_or": 0.9928273558616638, "sender_entropy": 0.6997181177139282, "receiver_entropy": 0.0, "original_loss": 0.04476000368595123, "mean_length": 6.0}
{"mode": "train", "epoch": 38, "loss": 3.083064767030569, "acc": 0.897346916107031, "acc_or": 0.9463875912703, "sender_entropy": 0.6464733481407166, "receiver_entropy": 0.0, "original_loss": 0.16471377645547575, "mean_length": 6.0}
{"mode": "test", "epoch": 38, "loss": 1.8848676681518555, "acc": 0.9865802526473999, "acc_or": 0.9932901263237, "sender_entropy": 0.7069699168205261, "receiver_entropy": 0.0, "original_loss": 0.04510174319148064, "mean_length": 6.0}
{"mode": "train", "epoch": 39, "loss": 2.98722898043119, "acc": 0.8981758585342994, "acc_or": 0.946722551034047, "sender_entropy": 0.6478040974873763, "receiver_entropy": 0.0, "original_loss": 0.16521701847131437, "mean_length": 6.0}
{"mode": "test", "epoch": 39, "loss": 1.8449562788009644, "acc": 0.9851920008659363, "acc_or": 0.9925960302352905, "sender_entropy": 0.7122713327407837, "receiver_entropy": 0.0, "original_loss": 0.039878249168395996, "mean_length": 6.0}
{"mode": "train", "epoch": 40, "loss": 2.914306411376366, "acc": 0.9027657898572775, "acc_or": 0.9491809285604037, "sender_entropy": 0.6463824212551117, "receiver_entropy": 0.0, "original_loss": 0.15830771453105486, "mean_length": 6.0}
{"mode": "test", "epoch": 40, "loss": 1.7516156435012817, "acc": 0.9861175417900085, "acc_or": 0.9928273558616638, "sender_entropy": 0.692439079284668, "receiver_entropy": 0.0, "original_loss": 0.03838193789124489, "mean_length": 6.0}
{"mode": "train", "epoch": 41, "loss": 2.872943327977107, "acc": 0.9046882345126226, "acc_or": 0.9502983230810899, "sender_entropy": 0.650355162528845, "receiver_entropy": 0.0, "original_loss": 0.15377626854639787, "mean_length": 6.0}
{"mode": "test", "epoch": 41, "loss": 1.7604867219924927, "acc": 0.9944469928741455, "acc_or": 0.9972234964370728, "sender_entropy": 0.7108664512634277, "receiver_entropy": 0.0, "original_loss": 0.03162948787212372, "mean_length": 6.0}
{"mode": "train", "epoch": 42, "loss": 2.8328411487432628, "acc": 0.9105126766058115, "acc_or": 0.9532064635020036, "sender_entropy": 0.6515975892543793, "receiver_entropy": 0.0, "original_loss": 0.14603099112327284, "mean_length": 6.0}
{"mode": "test", "epoch": 42, "loss": 1.7147600650787354, "acc": 0.9898195266723633, "acc_or": 0.9949097633361816, "sender_entropy": 0.7076534628868103, "receiver_entropy": 0.0, "original_loss": 0.034756939858198166, "mean_length": 6.0}
{"mode": "train", "epoch": 43, "loss": 2.7653112686597385, "acc": 0.9125375770605527, "acc_or": 0.9543998310199151, "sender_entropy": 0.6494658612287961, "receiver_entropy": 0.0, "original_loss": 0.14144017375432527, "mean_length": 6.0}
{"mode": "test", "epoch": 43, "loss": 1.691253423690796, "acc": 0.9925960302352905, "acc_or": 0.9962980151176453, "sender_entropy": 0.7101487517356873, "receiver_entropy": 0.0, "original_loss": 0.02758834883570671, "mean_length": 6.0}
{"mode": "train", "epoch": 44, "loss": 2.6609785648492665, "acc": 0.9086502354878646, "acc_or": 0.9524302001182849, "sender_entropy": 0.6515857577323914, "receiver_entropy": 0.0, "original_loss": 0.14710149398216835, "mean_length": 6.0}
{"mode": "test", "epoch": 44, "loss": 1.6730984449386597, "acc": 0.9930587410926819, "acc_or": 0.9965294003486633, "sender_entropy": 0.7157889604568481, "receiver_entropy": 0.0, "original_loss": 0.029149746522307396, "mean_length": 6.0}
{"mode": "train", "epoch": 45, "loss": 2.619320484308096, "acc": 0.9136163133841294, "acc_or": 0.9550494070236499, "sender_entropy": 0.6527837193929232, "receiver_entropy": 0.0, "original_loss": 0.13939270434471276, "mean_length": 6.0}
{"mode": "test", "epoch": 45, "loss": 1.6247501373291016, "acc": 0.9898195266723633, "acc_or": 0.9949097633361816, "sender_entropy": 0.7116904854774475, "receiver_entropy": 0.0, "original_loss": 0.02914614789187908, "mean_length": 6.0}
{"mode": "train", "epoch": 46, "loss": 2.580803009179922, "acc": 0.9161472343481504, "acc_or": 0.9563708878480471, "sender_entropy": 0.6542110397265508, "receiver_entropy": 0.0, "original_loss": 0.13502036579526389, "mean_length": 6.0}
{"mode": "test", "epoch": 46, "loss": 1.6077141761779785, "acc": 0.9893567562103271, "acc_or": 0.9946783781051636, "sender_entropy": 0.7170949578285217, "receiver_entropy": 0.0, "original_loss": 0.027997441589832306, "mean_length": 6.0}
{"mode": "train", "epoch": 47, "loss": 2.5532126610095682, "acc": 0.915807293011592, "acc_or": 0.956298257295902, "sender_entropy": 0.6627316864637228, "receiver_entropy": 0.0, "original_loss": 0.13481854303525045, "mean_length": 6.0}
{"mode": "test", "epoch": 47, "loss": 1.5918784141540527, "acc": 0.9972234964370728, "acc_or": 0.9986117482185364, "sender_entropy": 0.7267771363258362, "receiver_entropy": 0.0, "original_loss": 0.02210637740790844, "mean_length": 6.0}
{"mode": "train", "epoch": 48, "loss": 2.500572305459243, "acc": 0.9178013182603396, "acc_or": 0.9572577132628515, "sender_entropy": 0.6654422810444465, "receiver_entropy": 0.0, "original_loss": 0.13335666347008485, "mean_length": 6.0}
{"mode": "test", "epoch": 48, "loss": 1.5526009798049927, "acc": 0.993521511554718, "acc_or": 0.9967607259750366, "sender_entropy": 0.7221596240997314, "receiver_entropy": 0.0, "original_loss": 0.022383369505405426, "mean_length": 6.0}
{"mode": "train", "epoch": 49, "loss": 2.4259271254906287, "acc": 0.9183897032187536, "acc_or": 0.9574921222833487, "sender_entropy": 0.6640308499336243, "receiver_entropy": 0.0, "original_loss": 0.13356888437500367, "mean_length": 6.0}
{"mode": "test", "epoch": 49, "loss": 1.5260075330734253, "acc": 0.9976862668991089, "acc_or": 0.9988431334495544, "sender_entropy": 0.7222427725791931, "receiver_entropy": 0.0, "original_loss": 0.020556719973683357, "mean_length": 6.0}
{"mode": "train", "epoch": 50, "loss": 2.3974518959338846, "acc": 0.9225138081954076, "acc_or": 0.9597300680784079, "sender_entropy": 0.6619758766431075, "receiver_entropy": 0.0, "original_loss": 0.12645027786493301, "mean_length": 6.0}
{"mode": "test", "epoch": 50, "loss": 1.4953796863555908, "acc": 0.9972234964370728, "acc_or": 0.9986117482185364, "sender_entropy": 0.7187162637710571, "receiver_entropy": 0.0, "original_loss": 0.018774928525090218, "mean_length": 6.0}
{"mode": "train", "epoch": 51, "loss": 2.3470376271467943, "acc": 0.9222283455041739, "acc_or": 0.959539145231247, "sender_entropy": 0.6628485344923459, "receiver_entropy": 0.0, "original_loss": 0.12409490776749757, "mean_length": 6.0}
{"mode": "test", "epoch": 51, "loss": 1.467403769493103, "acc": 0.9958352446556091, "acc_or": 0.9979175925254822, "sender_entropy": 0.7268736362457275, "receiver_entropy": 0.0, "original_loss": 0.020433573052287102, "mean_length": 6.0}
{"mode": "train", "epoch": 52, "loss": 2.326208151303805, "acc": 0.924639071409519, "acc_or": 0.9610111850958604, "sender_entropy": 0.6684529116520515, "receiver_entropy": 0.0, "original_loss": 0.1218962142100701, "mean_length": 6.0}
{"mode": "test", "epoch": 52, "loss": 1.4652519226074219, "acc": 0.9962980151176453, "acc_or": 0.9981489777565002, "sender_entropy": 0.7358385324478149, "receiver_entropy": 0.0, "original_loss": 0.020014764741063118, "mean_length": 6.0}
{"mode": "train", "epoch": 53, "loss": 2.2894637126189012, "acc": 0.9233989578026992, "acc_or": 0.960307226731227, "sender_entropy": 0.6747644131000226, "receiver_entropy": 0.0, "original_loss": 0.1223996588243888, "mean_length": 6.0}
{"mode": "test", "epoch": 53, "loss": 1.4337172508239746, "acc": 0.9944469928741455, "acc_or": 0.9972234964370728, "sender_entropy": 0.733893871307373, "receiver_entropy": 0.0, "original_loss": 0.020184002816677094, "mean_length": 6.0}
{"mode": "train", "epoch": 54, "loss": 2.215996036162743, "acc": 0.9239060626580164, "acc_or": 0.9605420002570519, "sender_entropy": 0.6685523115671598, "receiver_entropy": 0.0, "original_loss": 0.12149711698293686, "mean_length": 6.0}
{"mode": "test", "epoch": 54, "loss": 1.4102094173431396, "acc": 0.995372474193573, "acc_or": 0.9976862668991089, "sender_entropy": 0.7318188548088074, "receiver_entropy": 0.0, "original_loss": 0.01825580932199955, "mean_length": 6.0}
{"mode": "train", "epoch": 55, "loss": 2.1608588695526123, "acc": 0.9211841821670532, "acc_or": 0.9590511849293342, "sender_entropy": 0.6741889279622298, "receiver_entropy": 0.0, "original_loss": 0.12691976273289093, "mean_length": 6.0}
{"mode": "test", "epoch": 55, "loss": 1.3512715101242065, "acc": 0.995372474193573, "acc_or": 0.9976862668991089, "sender_entropy": 0.725103497505188, "receiver_entropy": 0.0, "original_loss": 0.01901109889149666, "mean_length": 6.0}
{"mode": "train", "epoch": 56, "loss": 2.0938015442628126, "acc": 0.9248062372207642, "acc_or": 0.9608158698448768, "sender_entropy": 0.662800710934859, "receiver_entropy": 0.0, "original_loss": 0.12233105244544837, "mean_length": 6.0}
{"mode": "test", "epoch": 56, "loss": 1.3234882354736328, "acc": 0.9972234964370728, "acc_or": 0.9986117482185364, "sender_entropy": 0.7237231731414795, "receiver_entropy": 0.0, "original_loss": 0.01740409806370735, "mean_length": 6.0}
{"mode": "train", "epoch": 57, "loss": 2.109783411026001, "acc": 0.9286824418948247, "acc_or": 0.9629223575958838, "sender_entropy": 0.6698206823605758, "receiver_entropy": 0.0, "original_loss": 0.11542529641435696, "mean_length": 6.0}
{"mode": "test", "epoch": 57, "loss": 1.3605879545211792, "acc": 0.9972234964370728, "acc_or": 0.9986117482185364, "sender_entropy": 0.7504972815513611, "receiver_entropy": 0.0, "original_loss": 0.015963729470968246, "mean_length": 6.0}
{"mode": "train", "epoch": 58, "loss": 2.078373303780189, "acc": 0.9264509219389695, "acc_or": 0.9616275727748871, "sender_entropy": 0.6850514251452225, "receiver_entropy": 0.0, "original_loss": 0.12019160848397475, "mean_length": 6.0}
{"mode": "test", "epoch": 58, "loss": 1.3288569450378418, "acc": 0.9939842820167542, "acc_or": 0.9969921112060547, "sender_entropy": 0.7500840425491333, "receiver_entropy": 0.0, "original_loss": 0.018731536343693733, "mean_length": 6.0}
{"mode": "train", "epoch": 59, "loss": 2.0352585040605984, "acc": 0.9289067135407374, "acc_or": 0.9630144926217886, "sender_entropy": 0.6794882989846743, "receiver_entropy": 0.0, "original_loss": 0.11632593692495273, "mean_length": 6.0}
{"mode": "test", "epoch": 59, "loss": 1.3140586614608765, "acc": 0.9972234964370728, "acc_or": 0.9986117482185364, "sender_entropy": 0.7484654784202576, "receiver_entropy": 0.0, "original_loss": 0.01520718727260828, "mean_length": 6.0}
{"mode": "train", "epoch": 60, "loss": 1.9922852241075957, "acc": 0.9286223420730004, "acc_or": 0.9628788760075202, "sender_entropy": 0.6793632942896622, "receiver_entropy": 0.0, "original_loss": 0.11597883357451512, "mean_length": 6.0}
{"mode": "test", "epoch": 60, "loss": 1.2776780128479004, "acc": 0.9976862668991089, "acc_or": 0.9988431334495544, "sender_entropy": 0.7405295372009277, "receiver_entropy": 0.0, "original_loss": 0.013884653337299824, "mean_length": 6.0}
{"mode": "train", "epoch": 61, "loss": 1.9638359409112196, "acc": 0.9313416939515334, "acc_or": 0.9645168093534616, "sender_entropy": 0.6736068152464353, "receiver_entropy": 0.0, "original_loss": 0.11097163105240235, "mean_length": 6.0}
{"mode": "test", "epoch": 61, "loss": 1.2609057426452637, "acc": 0.9958352446556091, "acc_or": 0.9979175925254822, "sender_entropy": 0.7447161674499512, "receiver_entropy": 0.0, "original_loss": 0.015313779935240746, "mean_length": 6.0}
{"mode": "train", "epoch": 62, "loss": 1.9413116711836595, "acc": 0.9304147293934455, "acc_or": 0.9640007408765646, "sender_entropy": 0.6838334844662592, "receiver_entropy": 0.0, "original_loss": 0.1129136927998983, "mean_length": 6.0}
{"mode": "test", "epoch": 62, "loss": 1.2531068325042725, "acc": 0.9995372295379639, "acc_or": 0.9997686147689819, "sender_entropy": 0.7504159808158875, "receiver_entropy": 0.0, "original_loss": 0.014217172749340534, "mean_length": 6.0}
{"mode": "train", "epoch": 63, "loss": 1.888636364386632, "acc": 0.9305280424081362, "acc_or": 0.9639854110204257, "sender_entropy": 0.6816687194200662, "receiver_entropy": 0.0, "original_loss": 0.11386266350746155, "mean_length": 6.0}
{"mode": "test", "epoch": 63, "loss": 1.24575674533844, "acc": 0.9962980151176453, "acc_or": 0.9981489777565002, "sender_entropy": 0.753682553768158, "receiver_entropy": 0.0, "original_loss": 0.013854123651981354, "mean_length": 6.0}
{"mode": "train", "epoch": 64, "loss": 1.856146372281588, "acc": 0.9304078496419467, "acc_or": 0.9637590830142682, "sender_entropy": 0.6837377181419959, "receiver_entropy": 0.0, "original_loss": 0.11319461751442689, "mean_length": 6.0}
{"mode": "test", "epoch": 64, "loss": 1.2210975885391235, "acc": 0.9981489777565002, "acc_or": 0.9990745186805725, "sender_entropy": 0.7583473920822144, "receiver_entropy": 0.0, "original_loss": 0.011635172180831432, "mean_length": 6.0}
{"mode": "train", "epoch": 65, "loss": 1.8396365138200612, "acc": 0.9336956739425659, "acc_or": 0.9655169477829566, "sender_entropy": 0.6843505983169262, "receiver_entropy": 0.0, "original_loss": 0.10913999149432549, "mean_length": 6.0}
{"mode": "test", "epoch": 65, "loss": 1.1912420988082886, "acc": 0.995372474193573, "acc_or": 0.9976862668991089, "sender_entropy": 0.7486980557441711, "receiver_entropy": 0.0, "original_loss": 0.014373340643942356, "mean_length": 6.0}
{"mode": "train", "epoch": 66, "loss": 1.8020774676249578, "acc": 0.9319833860947535, "acc_or": 0.9647437540384439, "sender_entropy": 0.6792916242892926, "receiver_entropy": 0.0, "original_loss": 0.10929368550960834, "mean_length": 6.0}
{"mode": "test", "epoch": 66, "loss": 1.1839150190353394, "acc": 0.9995372295379639, "acc_or": 0.9997686147689819, "sender_entropy": 0.7536890506744385, "receiver_entropy": 0.0, "original_loss": 0.013667671009898186, "mean_length": 6.0}
{"mode": "train", "epoch": 67, "loss": 1.7773364186286926, "acc": 0.9313342777582315, "acc_or": 0.9644448527922997, "sender_entropy": 0.6906325633709247, "receiver_entropy": 0.0, "original_loss": 0.11050292591635998, "mean_length": 6.0}
{"mode": "test", "epoch": 67, "loss": 1.1766331195831299, "acc": 0.9990745186805725, "acc_or": 0.9995372295379639, "sender_entropy": 0.7584133744239807, "receiver_entropy": 0.0, "original_loss": 0.010843967087566853, "mean_length": 6.0}
{"mode": "train", "epoch": 68, "loss": 1.7290846109390259, "acc": 0.9306690463652978, "acc_or": 0.9641197598897494, "sender_entropy": 0.6904706152585837, "receiver_entropy": 0.0, "original_loss": 0.11277000405467473, "mean_length": 6.0}
{"mode": "test", "epoch": 68, "loss": 1.1412620544433594, "acc": 0.9981489777565002, "acc_or": 0.9990745186805725, "sender_entropy": 0.7523865699768066, "receiver_entropy": 0.0, "original_loss": 0.013971840031445026, "mean_length": 6.0}
{"mode": "train", "epoch": 69, "loss": 1.7185745376806993, "acc": 0.9353333849173325, "acc_or": 0.966449118577517, "sender_entropy": 0.6864925210292523, "receiver_entropy": 0.0, "original_loss": 0.10724644248302166, "mean_length": 6.0}
{"mode": "test", "epoch": 69, "loss": 1.1558997631072998, "acc": 0.9981489777565002, "acc_or": 0.9990745186805725, "sender_entropy": 0.7681167721748352, "receiver_entropy": 0.0, "original_loss": 0.01264489721506834, "mean_length": 6.0}
{"mode": "train", "epoch": 70, "loss": 1.7112788282907927, "acc": 0.9342834215897781, "acc_or": 0.9659234996025379, "sender_entropy": 0.6945698811457708, "receiver_entropy": 0.0, "original_loss": 0.10688746921145, "mean_length": 6.0}
{"mode": "test", "epoch": 70, "loss": 1.1284188032150269, "acc": 0.9976862668991089, "acc_or": 0.9988431334495544, "sender_entropy": 0.7614066004753113, "receiver_entropy": 0.0, "original_loss": 0.012344522401690483, "mean_length": 6.0}
{"mode": "train", "epoch": 71, "loss": 1.6573631580059345, "acc": 0.9326233565807343, "acc_or": 0.965093154173631, "sender_entropy": 0.692929377922645, "receiver_entropy": 0.0, "original_loss": 0.10909937780637008, "mean_length": 6.0}
{"mode": "test", "epoch": 71, "loss": 1.1019525527954102, "acc": 0.9990745186805725, "acc_or": 0.9995372295379639, "sender_entropy": 0.7559659481048584, "receiver_entropy": 0.0, "original_loss": 0.011124790646135807, "mean_length": 6.0}
{"mode": "train", "epoch": 72, "loss": 1.637112713777102, "acc": 0.9345357486834893, "acc_or": 0.9661899048548478, "sender_entropy": 0.6900678689663227, "receiver_entropy": 0.0, "original_loss": 0.10559548122378495, "mean_length": 6.0}
{"mode": "test", "epoch": 72, "loss": 1.0912883281707764, "acc": 1.0, "acc_or": 1.0, "sender_entropy": 0.7600031495094299, "receiver_entropy": 0.0, "original_loss": 0.010248455218970776, "mean_length": 6.0}
{"epoch": 72, "positional_disent": 0.06861168891191483, "bag_of_symbol_disent": 0.07859828323125839, "topographic_sim": 0.12735236131997987}
{"generalization hold out": {"acc": 0.9693877696990967, "acc_or": 0.9693877696990967}, "uniform holdout": {"acc": 0.9666666984558105, "acc_or": 0.98333340883255}, "epoch": 72}
---End--
