nohup: ignoring input
{"mode": "train", "epoch": 1, "loss": -21.729188919067383, "acc": 0.013218390755355358, "acc_or": 0.22720307111740112, "sender_entropy": 2.3010990619659424, "receiver_entropy": 0.0, "original_loss": 1.6068651676177979, "mean_length": 6.0}
{"mode": "test", "epoch": 1, "loss": 0.7605798244476318, "acc": 0.03448275849223137, "acc_or": 0.26436781883239746, "sender_entropy": 2.2991726398468018, "receiver_entropy": 0.0, "original_loss": 1.5817468166351318, "mean_length": 6.0}
{"mode": "train", "epoch": 2, "loss": 0.874488890171051, "acc": 0.019252873957157135, "acc_or": 0.2572796940803528, "sender_entropy": 2.2997350692749023, "receiver_entropy": 0.0, "original_loss": 1.5742448568344116, "mean_length": 6.0}
{"mode": "test", "epoch": 2, "loss": 0.7080947756767273, "acc": 0.017241379246115685, "acc_or": 0.2298850566148758, "sender_entropy": 2.2964210510253906, "receiver_entropy": 0.0, "original_loss": 1.5678861141204834, "mean_length": 6.0}
{"mode": "train", "epoch": 3, "loss": 1.0510976314544678, "acc": 0.017241379246115685, "acc_or": 0.2568965554237366, "sender_entropy": 2.2971091270446777, "receiver_entropy": 0.0, "original_loss": 1.5428777933120728, "mean_length": 6.0}
{"mode": "test", "epoch": 3, "loss": 0.9604145884513855, "acc": 0.017241379246115685, "acc_or": 0.270114928483963, "sender_entropy": 2.2945969104766846, "receiver_entropy": 0.0, "original_loss": 1.5293585062026978, "mean_length": 6.0}
{"mode": "train", "epoch": 4, "loss": 1.2419023513793945, "acc": 0.016091953963041306, "acc_or": 0.25977012515068054, "sender_entropy": 2.2951114177703857, "receiver_entropy": 0.0, "original_loss": 1.5107890367507935, "mean_length": 6.0}
{"mode": "test", "epoch": 4, "loss": 1.292689561843872, "acc": 0.0, "acc_or": 0.18965516984462738, "sender_entropy": 2.293546199798584, "receiver_entropy": 0.0, "original_loss": 1.4839091300964355, "mean_length": 6.0}
{"mode": "train", "epoch": 5, "loss": 1.4618855714797974, "acc": 0.01781609281897545, "acc_or": 0.2620689570903778, "sender_entropy": 2.294041872024536, "receiver_entropy": 0.0, "original_loss": 1.4763177633285522, "mean_length": 6.0}
{"mode": "test", "epoch": 5, "loss": 1.7095805406570435, "acc": 0.017241379246115685, "acc_or": 0.2586206793785095, "sender_entropy": 2.293297529220581, "receiver_entropy": 0.0, "original_loss": 1.4305006265640259, "mean_length": 6.0}
{"mode": "train", "epoch": 6, "loss": 1.6936782598495483, "acc": 0.01867816038429737, "acc_or": 0.2687739431858063, "sender_entropy": 2.2936999797821045, "receiver_entropy": 0.0, "original_loss": 1.4403438568115234, "mean_length": 6.0}
{"mode": "test", "epoch": 6, "loss": 1.9239739179611206, "acc": 0.017241379246115685, "acc_or": 0.27586206793785095, "sender_entropy": 2.2933709621429443, "receiver_entropy": 0.0, "original_loss": 1.3936649560928345, "mean_length": 6.0}
{"mode": "train", "epoch": 7, "loss": 1.825900673866272, "acc": 0.016091953963041306, "acc_or": 0.2671456038951874, "sender_entropy": 2.2936954498291016, "receiver_entropy": 0.0, "original_loss": 1.4116138219833374, "mean_length": 6.0}
{"mode": "test", "epoch": 7, "loss": 1.8718757629394531, "acc": 0.017241379246115685, "acc_or": 0.31609195470809937, "sender_entropy": 2.293718099594116, "receiver_entropy": 0.0, "original_loss": 1.3805303573608398, "mean_length": 6.0}
{"mode": "train", "epoch": 8, "loss": 1.8189888000488281, "acc": 0.016091953963041306, "acc_or": 0.26925286650657654, "sender_entropy": 2.294074296951294, "receiver_entropy": 0.0, "original_loss": 1.3947014808654785, "mean_length": 6.0}
{"mode": "test", "epoch": 8, "loss": 1.7266743183135986, "acc": 0.017241379246115685, "acc_or": 0.270114928483963, "sender_entropy": 2.294316530227661, "receiver_entropy": 0.0, "original_loss": 1.3780490159988403, "mean_length": 6.0}
{"mode": "train", "epoch": 9, "loss": 1.7176954746246338, "acc": 0.016091953963041306, "acc_or": 0.26293104887008667, "sender_entropy": 2.294735908508301, "receiver_entropy": 0.0, "original_loss": 1.3874363899230957, "mean_length": 6.0}
{"mode": "test", "epoch": 9, "loss": 1.6108388900756836, "acc": 0.017241379246115685, "acc_or": 0.29885056614875793, "sender_entropy": 2.2949211597442627, "receiver_entropy": 0.0, "original_loss": 1.3749526739120483, "mean_length": 6.0}
{"mode": "train", "epoch": 10, "loss": 1.5469197034835815, "acc": 0.011206896975636482, "acc_or": 0.24913793802261353, "sender_entropy": 2.2956392765045166, "receiver_entropy": 0.0, "original_loss": 1.387900471687317, "mean_length": 6.0}
{"mode": "test", "epoch": 10, "loss": 1.5319503545761108, "acc": 0.017241379246115685, "acc_or": 0.3103448152542114, "sender_entropy": 2.2956714630126953, "receiver_entropy": 0.0, "original_loss": 1.3717701435089111, "mean_length": 6.0}
{"mode": "train", "epoch": 11, "loss": 1.4333336353302002, "acc": 0.017528735101222992, "acc_or": 0.2713601589202881, "sender_entropy": 2.2965619564056396, "receiver_entropy": 0.0, "original_loss": 1.3865212202072144, "mean_length": 6.0}
{"mode": "test", "epoch": 11, "loss": 1.4451274871826172, "acc": 0.03448275849223137, "acc_or": 0.35057470202445984, "sender_entropy": 2.2964088916778564, "receiver_entropy": 0.0, "original_loss": 1.371211290359497, "mean_length": 6.0}
{"mode": "train", "epoch": 12, "loss": 1.3384761810302734, "acc": 0.021264366805553436, "acc_or": 0.275957852602005, "sender_entropy": 2.2973334789276123, "receiver_entropy": 0.0, "original_loss": 1.3853850364685059, "mean_length": 6.0}
{"mode": "test", "epoch": 12, "loss": 1.3673397302627563, "acc": 0.03448275849223137, "acc_or": 0.3563218414783478, "sender_entropy": 2.297147274017334, "receiver_entropy": 0.0, "original_loss": 1.3707194328308105, "mean_length": 6.0}
{"mode": "train", "epoch": 13, "loss": 1.2355438470840454, "acc": 0.01666666567325592, "acc_or": 0.2708812355995178, "sender_entropy": 2.2979133129119873, "receiver_entropy": 0.0, "original_loss": 1.3862611055374146, "mean_length": 6.0}
{"mode": "test", "epoch": 13, "loss": 1.3927828073501587, "acc": 0.051724135875701904, "acc_or": 0.35057470202445984, "sender_entropy": 2.297799587249756, "receiver_entropy": 0.0, "original_loss": 1.3629390001296997, "mean_length": 6.0}
{"mode": "train", "epoch": 14, "loss": 1.1852372884750366, "acc": 0.020114943385124207, "acc_or": 0.26542145013809204, "sender_entropy": 2.2983317375183105, "receiver_entropy": 0.0, "original_loss": 1.3841702938079834, "mean_length": 6.0}
{"mode": "test", "epoch": 14, "loss": 1.3351255655288696, "acc": 0.03448275849223137, "acc_or": 0.29885056614875793, "sender_entropy": 2.2981650829315186, "receiver_entropy": 0.0, "original_loss": 1.3625562191009521, "mean_length": 6.0}
{"mode": "train", "epoch": 15, "loss": 1.1092431545257568, "acc": 0.016091953963041306, "acc_or": 0.27164751291275024, "sender_entropy": 2.2985613346099854, "receiver_entropy": 0.0, "original_loss": 1.384799599647522, "mean_length": 6.0}
{"mode": "test", "epoch": 15, "loss": 1.2743850946426392, "acc": 0.03448275849223137, "acc_or": 0.35057470202445984, "sender_entropy": 2.2983992099761963, "receiver_entropy": 0.0, "original_loss": 1.3629530668258667, "mean_length": 6.0}
{"mode": "train", "epoch": 16, "loss": 1.0479815006256104, "acc": 0.01867816038429737, "acc_or": 0.27126437425613403, "sender_entropy": 2.2986624240875244, "receiver_entropy": 0.0, "original_loss": 1.385036587715149, "mean_length": 6.0}
{"mode": "test", "epoch": 16, "loss": 1.2575289011001587, "acc": 0.051724135875701904, "acc_or": 0.4080459773540497, "sender_entropy": 2.298595428466797, "receiver_entropy": 0.0, "original_loss": 1.3603777885437012, "mean_length": 6.0}
{"mode": "train", "epoch": 17, "loss": 1.0175588130950928, "acc": 0.02298850566148758, "acc_or": 0.2753831446170807, "sender_entropy": 2.2986812591552734, "receiver_entropy": 0.0, "original_loss": 1.3833961486816406, "mean_length": 6.0}
{"mode": "test", "epoch": 17, "loss": 1.221809983253479, "acc": 0.017241379246115685, "acc_or": 0.3850574791431427, "sender_entropy": 2.298661708831787, "receiver_entropy": 0.0, "original_loss": 1.359801173210144, "mean_length": 6.0}
{"mode": "train", "epoch": 18, "loss": 0.9727035164833069, "acc": 0.018390804529190063, "acc_or": 0.2766283452510834, "sender_entropy": 2.298718214035034, "receiver_entropy": 0.0, "original_loss": 1.3833242654800415, "mean_length": 6.0}
{"mode": "test", "epoch": 18, "loss": 1.1998188495635986, "acc": 0.051724135875701904, "acc_or": 0.3965517282485962, "sender_entropy": 2.2987430095672607, "receiver_entropy": 0.0, "original_loss": 1.35847806930542, "mean_length": 6.0}
{"mode": "train", "epoch": 19, "loss": 0.9099985361099243, "acc": 0.01896551623940468, "acc_or": 0.2704980969429016, "sender_entropy": 2.298758029937744, "receiver_entropy": 0.0, "original_loss": 1.3850144147872925, "mean_length": 6.0}
{"mode": "test", "epoch": 19, "loss": 1.2196426391601562, "acc": 0.06896551698446274, "acc_or": 0.44252872467041016, "sender_entropy": 2.298819065093994, "receiver_entropy": 0.0, "original_loss": 1.354003667831421, "mean_length": 6.0}
{"mode": "train", "epoch": 20, "loss": 0.9101528525352478, "acc": 0.018103448674082756, "acc_or": 0.27787357568740845, "sender_entropy": 2.298851490020752, "receiver_entropy": 0.0, "original_loss": 1.3821673393249512, "mean_length": 6.0}
{"mode": "test", "epoch": 20, "loss": 1.2235010862350464, "acc": 0.08620689809322357, "acc_or": 0.4655172526836395, "sender_entropy": 2.299006938934326, "receiver_entropy": 0.0, "original_loss": 1.3510628938674927, "mean_length": 6.0}
{"mode": "train", "epoch": 21, "loss": 0.8712182641029358, "acc": 0.022413793951272964, "acc_or": 0.2812260687351227, "sender_entropy": 2.298982620239258, "receiver_entropy": 0.0, "original_loss": 1.3825477361679077, "mean_length": 6.0}
{"mode": "test", "epoch": 21, "loss": 1.2342067956924438, "acc": 0.03448275849223137, "acc_or": 0.4080459773540497, "sender_entropy": 2.2991445064544678, "receiver_entropy": 0.0, "original_loss": 1.3478764295578003, "mean_length": 6.0}
{"mode": "train", "epoch": 22, "loss": 0.8319658041000366, "acc": 0.019252873957157135, "acc_or": 0.2787356376647949, "sender_entropy": 2.2991275787353516, "receiver_entropy": 0.0, "original_loss": 1.3832412958145142, "mean_length": 6.0}
{"mode": "test", "epoch": 22, "loss": 1.2807902097702026, "acc": 0.06896551698446274, "acc_or": 0.4252873659133911, "sender_entropy": 2.2992794513702393, "receiver_entropy": 0.0, "original_loss": 1.3419502973556519, "mean_length": 6.0}
{"mode": "train", "epoch": 23, "loss": 0.8175636529922485, "acc": 0.019252873957157135, "acc_or": 0.27749043703079224, "sender_entropy": 2.299288511276245, "receiver_entropy": 0.0, "original_loss": 1.3822051286697388, "mean_length": 6.0}
{"mode": "test", "epoch": 23, "loss": 1.2981210947036743, "acc": 0.13793103396892548, "acc_or": 0.4655172526836395, "sender_entropy": 2.299436092376709, "receiver_entropy": 0.0, "original_loss": 1.3385796546936035, "mean_length": 6.0}
{"mode": "train", "epoch": 24, "loss": 0.7963175773620605, "acc": 0.021551724523305893, "acc_or": 0.2812260687351227, "sender_entropy": 2.2994444370269775, "receiver_entropy": 0.0, "original_loss": 1.3818398714065552, "mean_length": 6.0}
{"mode": "test", "epoch": 24, "loss": 1.3328981399536133, "acc": 0.10344827175140381, "acc_or": 0.49425286054611206, "sender_entropy": 2.2995054721832275, "receiver_entropy": 0.0, "original_loss": 1.3338218927383423, "mean_length": 6.0}
{"mode": "train", "epoch": 25, "loss": 0.7631052136421204, "acc": 0.019540229812264442, "acc_or": 0.28227970004081726, "sender_entropy": 2.2995455265045166, "receiver_entropy": 0.0, "original_loss": 1.3825899362564087, "mean_length": 6.0}
{"mode": "test", "epoch": 25, "loss": 1.3720901012420654, "acc": 0.10344827175140381, "acc_or": 0.4367816150188446, "sender_entropy": 2.299551010131836, "receiver_entropy": 0.0, "original_loss": 1.3289278745651245, "mean_length": 6.0}
{"mode": "train", "epoch": 26, "loss": 0.741386890411377, "acc": 0.018103448674082756, "acc_or": 0.27308428287506104, "sender_entropy": 2.299626588821411, "receiver_entropy": 0.0, "original_loss": 1.382598638534546, "mean_length": 6.0}
{"mode": "test", "epoch": 26, "loss": 1.3854063749313354, "acc": 0.08620689809322357, "acc_or": 0.4482758641242981, "sender_entropy": 2.299541711807251, "receiver_entropy": 0.0, "original_loss": 1.326202154159546, "mean_length": 6.0}
{"mode": "train", "epoch": 27, "loss": 0.7404946684837341, "acc": 0.022126436233520508, "acc_or": 0.28295019268989563, "sender_entropy": 2.2996397018432617, "receiver_entropy": 0.0, "original_loss": 1.3811194896697998, "mean_length": 6.0}
{"mode": "test", "epoch": 27, "loss": 1.3946715593338013, "acc": 0.10344827175140381, "acc_or": 0.48275861144065857, "sender_entropy": 2.2995057106018066, "receiver_entropy": 0.0, "original_loss": 1.323875069618225, "mean_length": 6.0}
{"mode": "train", "epoch": 28, "loss": 0.7279567718505859, "acc": 0.0218390803784132, "acc_or": 0.2849617004394531, "sender_entropy": 2.299621343612671, "receiver_entropy": 0.0, "original_loss": 1.3805524110794067, "mean_length": 6.0}
{"mode": "test", "epoch": 28, "loss": 1.4128779172897339, "acc": 0.13793103396892548, "acc_or": 0.522988498210907, "sender_entropy": 2.2994015216827393, "receiver_entropy": 0.0, "original_loss": 1.3207992315292358, "mean_length": 6.0}
{"mode": "train", "epoch": 29, "loss": 0.7022861838340759, "acc": 0.020114943385124207, "acc_or": 0.2834291160106659, "sender_entropy": 2.2995193004608154, "receiver_entropy": 0.0, "original_loss": 1.3811821937561035, "mean_length": 6.0}
{"mode": "test", "epoch": 29, "loss": 1.4573402404785156, "acc": 0.13793103396892548, "acc_or": 0.5114942789077759, "sender_entropy": 2.299217939376831, "receiver_entropy": 0.0, "original_loss": 1.3155790567398071, "mean_length": 6.0}
{"mode": "train", "epoch": 30, "loss": 0.6943122148513794, "acc": 0.019540229812264442, "acc_or": 0.2848659157752991, "sender_entropy": 2.2993695735931396, "receiver_entropy": 0.0, "original_loss": 1.3804773092269897, "mean_length": 6.0}
{"mode": "test", "epoch": 30, "loss": 1.4910491704940796, "acc": 0.12068965286016464, "acc_or": 0.522988498210907, "sender_entropy": 2.299006223678589, "receiver_entropy": 0.0, "original_loss": 1.3112167119979858, "mean_length": 6.0}
{"mode": "train", "epoch": 31, "loss": 0.6862431764602661, "acc": 0.016379309818148613, "acc_or": 0.27911877632141113, "sender_entropy": 2.2991678714752197, "receiver_entropy": 0.0, "original_loss": 1.3798679113388062, "mean_length": 6.0}
{"mode": "test", "epoch": 31, "loss": 1.5335043668746948, "acc": 0.12068965286016464, "acc_or": 0.522988498210907, "sender_entropy": 2.2987277507781982, "receiver_entropy": 0.0, "original_loss": 1.3061778545379639, "mean_length": 6.0}
{"mode": "train", "epoch": 32, "loss": 0.6688090562820435, "acc": 0.02413793094456196, "acc_or": 0.28208813071250916, "sender_entropy": 2.2989020347595215, "receiver_entropy": 0.0, "original_loss": 1.3800500631332397, "mean_length": 6.0}
{"mode": "test", "epoch": 32, "loss": 1.589555025100708, "acc": 0.12068965286016464, "acc_or": 0.5114942789077759, "sender_entropy": 2.2983758449554443, "receiver_entropy": 0.0, "original_loss": 1.2999788522720337, "mean_length": 6.0}
{"mode": "train", "epoch": 33, "loss": 0.662081241607666, "acc": 0.02097701095044613, "acc_or": 0.28429120779037476, "sender_entropy": 2.298570394515991, "receiver_entropy": 0.0, "original_loss": 1.3794174194335938, "mean_length": 6.0}
{"mode": "test", "epoch": 33, "loss": 1.653279185295105, "acc": 0.08620689809322357, "acc_or": 0.517241358757019, "sender_entropy": 2.2979161739349365, "receiver_entropy": 0.0, "original_loss": 1.2930768728256226, "mean_length": 6.0}
{"mode": "train", "epoch": 34, "loss": 0.6604819297790527, "acc": 0.022413793951272964, "acc_or": 0.2890804708003998, "sender_entropy": 2.298118829727173, "receiver_entropy": 0.0, "original_loss": 1.378493309020996, "mean_length": 6.0}
{"mode": "test", "epoch": 34, "loss": 1.7005068063735962, "acc": 0.08620689809322357, "acc_or": 0.517241358757019, "sender_entropy": 2.2973358631134033, "receiver_entropy": 0.0, "original_loss": 1.2875237464904785, "mean_length": 6.0}
{"mode": "train", "epoch": 35, "loss": 0.6605465412139893, "acc": 0.02816091850399971, "acc_or": 0.2999042272567749, "sender_entropy": 2.297553062438965, "receiver_entropy": 0.0, "original_loss": 1.377381682395935, "mean_length": 6.0}
{"mode": "test", "epoch": 35, "loss": 1.7769330739974976, "acc": 0.12068965286016464, "acc_or": 0.545976996421814, "sender_entropy": 2.2965810298919678, "receiver_entropy": 0.0, "original_loss": 1.2793476581573486, "mean_length": 6.0}
{"mode": "train", "epoch": 36, "loss": 0.6679598093032837, "acc": 0.026436781510710716, "acc_or": 0.3037356436252594, "sender_entropy": 2.2968039512634277, "receiver_entropy": 0.0, "original_loss": 1.3757355213165283, "mean_length": 6.0}
{"mode": "test", "epoch": 36, "loss": 1.8500105142593384, "acc": 0.08620689809322357, "acc_or": 0.5114942789077759, "sender_entropy": 2.295600175857544, "receiver_entropy": 0.0, "original_loss": 1.2710167169570923, "mean_length": 6.0}
{"mode": "train", "epoch": 37, "loss": 0.6573295593261719, "acc": 0.022413793951272964, "acc_or": 0.29377394914627075, "sender_entropy": 2.295841932296753, "receiver_entropy": 0.0, "original_loss": 1.3755640983581543, "mean_length": 6.0}
{"mode": "test", "epoch": 37, "loss": 1.9286261796951294, "acc": 0.10344827175140381, "acc_or": 0.540229856967926, "sender_entropy": 2.2943735122680664, "receiver_entropy": 0.0, "original_loss": 1.2619518041610718, "mean_length": 6.0}
{"mode": "train", "epoch": 38, "loss": 0.6687201261520386, "acc": 0.025287356227636337, "acc_or": 0.3063218593597412, "sender_entropy": 2.2946174144744873, "receiver_entropy": 0.0, "original_loss": 1.3734875917434692, "mean_length": 6.0}
{"mode": "test", "epoch": 38, "loss": 1.982805609703064, "acc": 0.06896551698446274, "acc_or": 0.522988498210907, "sender_entropy": 2.2926266193389893, "receiver_entropy": 0.0, "original_loss": 1.2544209957122803, "mean_length": 6.0}
{"mode": "train", "epoch": 39, "loss": 0.6596657037734985, "acc": 0.024425286799669266, "acc_or": 0.2987547814846039, "sender_entropy": 2.2929205894470215, "receiver_entropy": 0.0, "original_loss": 1.373242974281311, "mean_length": 6.0}
{"mode": "test", "epoch": 39, "loss": 2.0760321617126465, "acc": 0.08620689809322357, "acc_or": 0.517241358757019, "sender_entropy": 2.29032826423645, "receiver_entropy": 0.0, "original_loss": 1.2430046796798706, "mean_length": 6.0}
{"mode": "train", "epoch": 40, "loss": 0.6813427209854126, "acc": 0.026436781510710716, "acc_or": 0.3134099543094635, "sender_entropy": 2.2906618118286133, "receiver_entropy": 0.0, "original_loss": 1.3703523874282837, "mean_length": 6.0}
{"mode": "test", "epoch": 40, "loss": 2.1457810401916504, "acc": 0.08620689809322357, "acc_or": 0.517241358757019, "sender_entropy": 2.287111520767212, "receiver_entropy": 0.0, "original_loss": 1.2324576377868652, "mean_length": 6.0}
{"mode": "train", "epoch": 41, "loss": 0.7468805313110352, "acc": 0.031034482643008232, "acc_or": 0.3242337107658386, "sender_entropy": 2.2874889373779297, "receiver_entropy": 0.0, "original_loss": 1.3640464544296265, "mean_length": 6.0}
{"mode": "test", "epoch": 41, "loss": 2.206465721130371, "acc": 0.08620689809322357, "acc_or": 0.5114942789077759, "sender_entropy": 2.2826740741729736, "receiver_entropy": 0.0, "original_loss": 1.221770167350769, "mean_length": 6.0}
{"mode": "train", "epoch": 42, "loss": 0.7602808475494385, "acc": 0.03304597735404968, "acc_or": 0.32921457290649414, "sender_entropy": 2.2831451892852783, "receiver_entropy": 0.0, "original_loss": 1.3615750074386597, "mean_length": 6.0}
{"mode": "test", "epoch": 42, "loss": 2.2403407096862793, "acc": 0.08620689809322357, "acc_or": 0.5114942789077759, "sender_entropy": 2.2767252922058105, "receiver_entropy": 0.0, "original_loss": 1.21211576461792, "mean_length": 6.0}
{"mode": "train", "epoch": 43, "loss": 0.815230131149292, "acc": 0.030747126787900925, "acc_or": 0.33448275923728943, "sender_entropy": 2.2772305011749268, "receiver_entropy": 0.0, "original_loss": 1.3554869890213013, "mean_length": 6.0}
{"mode": "test", "epoch": 43, "loss": 2.267477035522461, "acc": 0.06896551698446274, "acc_or": 0.5, "sender_entropy": 2.2685816287994385, "receiver_entropy": 0.0, "original_loss": 1.2014228105545044, "mean_length": 6.0}
{"mode": "train", "epoch": 44, "loss": 0.8915613889694214, "acc": 0.035919539630413055, "acc_or": 0.35296934843063354, "sender_entropy": 2.269162178039551, "receiver_entropy": 0.0, "original_loss": 1.3475499153137207, "mean_length": 6.0}
{"mode": "test", "epoch": 44, "loss": 2.264549493789673, "acc": 0.06896551698446274, "acc_or": 0.5057471394538879, "sender_entropy": 2.2575900554656982, "receiver_entropy": 0.0, "original_loss": 1.1922764778137207, "mean_length": 6.0}
{"mode": "train", "epoch": 45, "loss": 0.991836428642273, "acc": 0.04137931019067764, "acc_or": 0.36360153555870056, "sender_entropy": 2.2582170963287354, "receiver_entropy": 0.0, "original_loss": 1.336678385734558, "mean_length": 6.0}
{"mode": "test", "epoch": 45, "loss": 2.2680201530456543, "acc": 0.06896551698446274, "acc_or": 0.5114942789077759, "sender_entropy": 2.2443511486053467, "receiver_entropy": 0.0, "original_loss": 1.182140827178955, "mean_length": 6.0}
{"mode": "train", "epoch": 46, "loss": 1.1355252265930176, "acc": 0.0396551713347435, "acc_or": 0.36906132102012634, "sender_entropy": 2.244908094406128, "receiver_entropy": 0.0, "original_loss": 1.321936845779419, "mean_length": 6.0}
{"mode": "test", "epoch": 46, "loss": 2.1779892444610596, "acc": 0.06896551698446274, "acc_or": 0.5, "sender_entropy": 2.2249109745025635, "receiver_entropy": 0.0, "original_loss": 1.1784580945968628, "mean_length": 6.0}
{"mode": "train", "epoch": 47, "loss": 1.3145893812179565, "acc": 0.04482758790254593, "acc_or": 0.38496169447898865, "sender_entropy": 2.2253308296203613, "receiver_entropy": 0.0, "original_loss": 1.302767038345337, "mean_length": 6.0}
{"mode": "test", "epoch": 47, "loss": 2.103461503982544, "acc": 0.051724135875701904, "acc_or": 0.477011501789093, "sender_entropy": 2.2041521072387695, "receiver_entropy": 0.0, "original_loss": 1.1751768589019775, "mean_length": 6.0}
{"mode": "train", "epoch": 48, "loss": 1.4803584814071655, "acc": 0.05114942416548729, "acc_or": 0.39578545093536377, "sender_entropy": 2.2039718627929688, "receiver_entropy": 0.0, "original_loss": 1.2836240530014038, "mean_length": 6.0}
{"mode": "test", "epoch": 48, "loss": 1.96346116065979, "acc": 0.051724135875701904, "acc_or": 0.4885057508945465, "sender_entropy": 2.182865858078003, "receiver_entropy": 0.0, "original_loss": 1.1796878576278687, "mean_length": 6.0}
{"mode": "train", "epoch": 49, "loss": 1.6731337308883667, "acc": 0.05000000074505806, "acc_or": 0.4057471454143524, "sender_entropy": 2.181731700897217, "receiver_entropy": 0.0, "original_loss": 1.261187195777893, "mean_length": 6.0}
{"mode": "test", "epoch": 49, "loss": 1.9059823751449585, "acc": 0.06896551698446274, "acc_or": 0.5057471394538879, "sender_entropy": 2.1767401695251465, "receiver_entropy": 0.0, "original_loss": 1.1796343326568604, "mean_length": 6.0}
{"mode": "train", "epoch": 50, "loss": 1.7329449653625488, "acc": 0.05028735473752022, "acc_or": 0.4102490544319153, "sender_entropy": 2.1744306087493896, "receiver_entropy": 0.0, "original_loss": 1.2517462968826294, "mean_length": 6.0}
{"mode": "test", "epoch": 50, "loss": 1.8764578104019165, "acc": 0.051724135875701904, "acc_or": 0.4885057508945465, "sender_entropy": 2.170427083969116, "receiver_entropy": 0.0, "original_loss": 1.1785296201705933, "mean_length": 6.0}
{"mode": "train", "epoch": 51, "loss": 1.784263014793396, "acc": 0.05402299016714096, "acc_or": 0.4194444417953491, "sender_entropy": 2.1662800312042236, "receiver_entropy": 0.0, "original_loss": 1.2425999641418457, "mean_length": 6.0}
{"mode": "test", "epoch": 51, "loss": 2.271928310394287, "acc": 0.06896551698446274, "acc_or": 0.5057471394538879, "sender_entropy": 2.161747932434082, "receiver_entropy": 0.0, "original_loss": 1.1348072290420532, "mean_length": 6.0}
{"mode": "train", "epoch": 52, "loss": 1.8257631063461304, "acc": 0.05948275700211525, "acc_or": 0.4271072745323181, "sender_entropy": 2.155987501144409, "receiver_entropy": 0.0, "original_loss": 1.234833836555481, "mean_length": 6.0}
{"mode": "test", "epoch": 52, "loss": 2.5895729064941406, "acc": 0.06896551698446274, "acc_or": 0.517241358757019, "sender_entropy": 2.156578779220581, "receiver_entropy": 0.0, "original_loss": 1.0974308252334595, "mean_length": 6.0}
{"mode": "train", "epoch": 53, "loss": 1.9312480688095093, "acc": 0.06178160756826401, "acc_or": 0.4315134286880493, "sender_entropy": 2.14967679977417, "receiver_entropy": 0.0, "original_loss": 1.2224411964416504, "mean_length": 6.0}
{"mode": "test", "epoch": 53, "loss": 2.633223295211792, "acc": 0.08620689809322357, "acc_or": 0.540229856967926, "sender_entropy": 2.1416053771972656, "receiver_entropy": 0.0, "original_loss": 1.081111192703247, "mean_length": 6.0}
{"mode": "train", "epoch": 54, "loss": 1.9742380380630493, "acc": 0.0732758641242981, "acc_or": 0.4515325725078583, "sender_entropy": 2.133404016494751, "receiver_entropy": 0.0, "original_loss": 1.212410807609558, "mean_length": 6.0}
{"mode": "test", "epoch": 54, "loss": 2.9669716358184814, "acc": 0.08620689809322357, "acc_or": 0.5344827771186829, "sender_entropy": 2.125722646713257, "receiver_entropy": 0.0, "original_loss": 1.036800742149353, "mean_length": 6.0}
{"mode": "train", "epoch": 55, "loss": 2.2053351402282715, "acc": 0.07097700983285904, "acc_or": 0.4581417739391327, "sender_entropy": 2.1171510219573975, "receiver_entropy": 0.0, "original_loss": 1.1879820823669434, "mean_length": 6.0}
{"mode": "test", "epoch": 55, "loss": 3.105691909790039, "acc": 0.12068965286016464, "acc_or": 0.5517241358757019, "sender_entropy": 2.109964370727539, "receiver_entropy": 0.0, "original_loss": 1.006851315498352, "mean_length": 6.0}
{"mode": "train", "epoch": 56, "loss": 2.2732090950012207, "acc": 0.0833333358168602, "acc_or": 0.46886974573135376, "sender_entropy": 2.098991870880127, "receiver_entropy": 0.0, "original_loss": 1.1764609813690186, "mean_length": 6.0}
{"mode": "test", "epoch": 56, "loss": 2.9773213863372803, "acc": 0.08620689809322357, "acc_or": 0.5747126340866089, "sender_entropy": 2.0886387825012207, "receiver_entropy": 0.0, "original_loss": 1.0047751665115356, "mean_length": 6.0}
{"mode": "train", "epoch": 57, "loss": 2.449716567993164, "acc": 0.08850574493408203, "acc_or": 0.4850574731826782, "sender_entropy": 2.075071096420288, "receiver_entropy": 0.0, "original_loss": 1.1519389152526855, "mean_length": 6.0}
{"mode": "test", "epoch": 57, "loss": 2.8968100547790527, "acc": 0.12068965286016464, "acc_or": 0.5862069129943848, "sender_entropy": 2.0628678798675537, "receiver_entropy": 0.0, "original_loss": 0.9955121874809265, "mean_length": 6.0}
{"mode": "train", "epoch": 58, "loss": 2.6032755374908447, "acc": 0.09482758492231369, "acc_or": 0.49607279896736145, "sender_entropy": 2.0477218627929688, "receiver_entropy": 0.0, "original_loss": 1.129080057144165, "mean_length": 6.0}
{"mode": "test", "epoch": 58, "loss": 2.669753074645996, "acc": 0.10344827175140381, "acc_or": 0.5574712753295898, "sender_entropy": 2.041978597640991, "receiver_entropy": 0.0, "original_loss": 1.011256456375122, "mean_length": 6.0}
{"mode": "train", "epoch": 59, "loss": 2.6907339096069336, "acc": 0.09482758492231369, "acc_or": 0.49789273738861084, "sender_entropy": 2.0246524810791016, "receiver_entropy": 0.0, "original_loss": 1.1155418157577515, "mean_length": 6.0}
{"mode": "test", "epoch": 59, "loss": 2.7437596321105957, "acc": 0.10344827175140381, "acc_or": 0.5804597735404968, "sender_entropy": 2.0429201126098633, "receiver_entropy": 0.0, "original_loss": 0.9962705373764038, "mean_length": 6.0}
{"mode": "train", "epoch": 60, "loss": 2.7408270835876465, "acc": 0.09597700834274292, "acc_or": 0.5057471394538879, "sender_entropy": 2.0232062339782715, "receiver_entropy": 0.0, "original_loss": 1.1036901473999023, "mean_length": 6.0}
{"mode": "test", "epoch": 60, "loss": 2.713444232940674, "acc": 0.13793103396892548, "acc_or": 0.6091954112052917, "sender_entropy": 2.041520595550537, "receiver_entropy": 0.0, "original_loss": 0.9899241924285889, "mean_length": 6.0}
{"mode": "train", "epoch": 61, "loss": 2.768226146697998, "acc": 0.09971264004707336, "acc_or": 0.5105364322662354, "sender_entropy": 2.018583059310913, "receiver_entropy": 0.0, "original_loss": 1.0973018407821655, "mean_length": 6.0}
{"mode": "test", "epoch": 61, "loss": 2.6924028396606445, "acc": 0.12068965286016464, "acc_or": 0.5977011322975159, "sender_entropy": 2.043767213821411, "receiver_entropy": 0.0, "original_loss": 0.9843312501907349, "mean_length": 6.0}
{"mode": "train", "epoch": 62, "loss": 2.7450637817382812, "acc": 0.10201149433851242, "acc_or": 0.5159003734588623, "sender_entropy": 2.020051956176758, "receiver_entropy": 0.0, "original_loss": 1.0912196636199951, "mean_length": 6.0}
{"mode": "test", "epoch": 62, "loss": 2.762683153152466, "acc": 0.13793103396892548, "acc_or": 0.5977011322975159, "sender_entropy": 2.0439178943634033, "receiver_entropy": 0.0, "original_loss": 0.9703351855278015, "mean_length": 6.0}
{"mode": "train", "epoch": 63, "loss": 2.742924213409424, "acc": 0.11350574344396591, "acc_or": 0.5129310488700867, "sender_entropy": 2.019279718399048, "receiver_entropy": 0.0, "original_loss": 1.0893977880477905, "mean_length": 6.0}
{"mode": "test", "epoch": 63, "loss": 2.8788514137268066, "acc": 0.13793103396892548, "acc_or": 0.5919539928436279, "sender_entropy": 2.0508458614349365, "receiver_entropy": 0.0, "original_loss": 0.9565558433532715, "mean_length": 6.0}
{"mode": "train", "epoch": 64, "loss": 2.8456673622131348, "acc": 0.11120689660310745, "acc_or": 0.5227011442184448, "sender_entropy": 2.0269179344177246, "receiver_entropy": 0.0, "original_loss": 1.0745153427124023, "mean_length": 6.0}
{"mode": "test", "epoch": 64, "loss": 2.987637758255005, "acc": 0.13793103396892548, "acc_or": 0.6034482717514038, "sender_entropy": 2.0475881099700928, "receiver_entropy": 0.0, "original_loss": 0.9381483197212219, "mean_length": 6.0}
{"mode": "train", "epoch": 65, "loss": 2.755786895751953, "acc": 0.11954022943973541, "acc_or": 0.525287389755249, "sender_entropy": 2.02142071723938, "receiver_entropy": 0.0, "original_loss": 1.0748757123947144, "mean_length": 6.0}
{"mode": "test", "epoch": 65, "loss": 2.9492740631103516, "acc": 0.1551724076271057, "acc_or": 0.6379310488700867, "sender_entropy": 2.0350921154022217, "receiver_entropy": 0.0, "original_loss": 0.9349058866500854, "mean_length": 6.0}
{"mode": "train", "epoch": 66, "loss": 2.8774447441101074, "acc": 0.12241379171609879, "acc_or": 0.5321839451789856, "sender_entropy": 2.0080251693725586, "receiver_entropy": 0.0, "original_loss": 1.0596760511398315, "mean_length": 6.0}
{"mode": "test", "epoch": 66, "loss": 3.0191922187805176, "acc": 0.13793103396892548, "acc_or": 0.6149425506591797, "sender_entropy": 2.020350694656372, "receiver_entropy": 0.0, "original_loss": 0.9156926870346069, "mean_length": 6.0}
{"mode": "train", "epoch": 67, "loss": 2.9609556198120117, "acc": 0.12729884684085846, "acc_or": 0.5396552085876465, "sender_entropy": 1.9890056848526, "receiver_entropy": 0.0, "original_loss": 1.0442256927490234, "mean_length": 6.0}
{"mode": "test", "epoch": 67, "loss": 3.119990110397339, "acc": 0.13793103396892548, "acc_or": 0.6379310488700867, "sender_entropy": 2.010488510131836, "receiver_entropy": 0.0, "original_loss": 0.8980004787445068, "mean_length": 6.0}
{"mode": "train", "epoch": 68, "loss": 2.949686288833618, "acc": 0.13218390941619873, "acc_or": 0.5479885339736938, "sender_entropy": 1.97691011428833, "receiver_entropy": 0.0, "original_loss": 1.0351755619049072, "mean_length": 6.0}
{"mode": "test", "epoch": 68, "loss": 3.021244525909424, "acc": 0.13793103396892548, "acc_or": 0.6379310488700867, "sender_entropy": 1.9983817338943481, "receiver_entropy": 0.0, "original_loss": 0.9001097083091736, "mean_length": 6.0}
{"mode": "train", "epoch": 69, "loss": 3.1657376289367676, "acc": 0.13563218712806702, "acc_or": 0.5537356734275818, "sender_entropy": 1.9608757495880127, "receiver_entropy": 0.0, "original_loss": 1.011181354522705, "mean_length": 6.0}
{"mode": "test", "epoch": 69, "loss": 2.9025609493255615, "acc": 0.12068965286016464, "acc_or": 0.6321839094161987, "sender_entropy": 1.9917486906051636, "receiver_entropy": 0.0, "original_loss": 0.9065975546836853, "mean_length": 6.0}
{"mode": "train", "epoch": 70, "loss": 3.1655125617980957, "acc": 0.1385057419538498, "acc_or": 0.5603448152542114, "sender_entropy": 1.9479135274887085, "receiver_entropy": 0.0, "original_loss": 1.0033454895019531, "mean_length": 6.0}
{"mode": "test", "epoch": 70, "loss": 2.9475350379943848, "acc": 0.13793103396892548, "acc_or": 0.6436781883239746, "sender_entropy": 1.9859064817428589, "receiver_entropy": 0.0, "original_loss": 0.8932570219039917, "mean_length": 6.0}
{"mode": "train", "epoch": 71, "loss": 3.2659668922424316, "acc": 0.14339080452919006, "acc_or": 0.5690613389015198, "sender_entropy": 1.9370274543762207, "receiver_entropy": 0.0, "original_loss": 0.991182267665863, "mean_length": 6.0}
{"mode": "test", "epoch": 71, "loss": 3.2106192111968994, "acc": 0.17241379618644714, "acc_or": 0.6379310488700867, "sender_entropy": 1.9923979043960571, "receiver_entropy": 0.0, "original_loss": 0.8651056289672852, "mean_length": 6.0}
{"mode": "train", "epoch": 72, "loss": 3.2805211544036865, "acc": 0.14166666567325592, "acc_or": 0.5707854628562927, "sender_entropy": 1.9433133602142334, "receiver_entropy": 0.0, "original_loss": 0.9876534938812256, "mean_length": 6.0}
{"mode": "test", "epoch": 72, "loss": 3.418290376663208, "acc": 0.1551724076271057, "acc_or": 0.6379310488700867, "sender_entropy": 2.0073063373565674, "receiver_entropy": 0.0, "original_loss": 0.8468382954597473, "mean_length": 6.0}
{"mode": "train", "epoch": 73, "loss": 3.200359582901001, "acc": 0.15143677592277527, "acc_or": 0.5683908462524414, "sender_entropy": 1.963876724243164, "receiver_entropy": 0.0, "original_loss": 0.9927124977111816, "mean_length": 6.0}
{"mode": "test", "epoch": 73, "loss": 3.7813732624053955, "acc": 0.18965516984462738, "acc_or": 0.6609195470809937, "sender_entropy": 2.0212128162384033, "receiver_entropy": 0.0, "original_loss": 0.811504602432251, "mean_length": 6.0}
{"mode": "train", "epoch": 74, "loss": 3.1528403759002686, "acc": 0.14568965137004852, "acc_or": 0.5641762614250183, "sender_entropy": 1.9816620349884033, "receiver_entropy": 0.0, "original_loss": 0.9942932724952698, "mean_length": 6.0}
{"mode": "test", "epoch": 74, "loss": 3.9169750213623047, "acc": 0.20689654350280762, "acc_or": 0.6609195470809937, "sender_entropy": 2.024484634399414, "receiver_entropy": 0.0, "original_loss": 0.7943547964096069, "mean_length": 6.0}
{"mode": "train", "epoch": 75, "loss": 3.1023201942443848, "acc": 0.1390804648399353, "acc_or": 0.5637931227684021, "sender_entropy": 1.9841198921203613, "receiver_entropy": 0.0, "original_loss": 0.9951068162918091, "mean_length": 6.0}
{"mode": "test", "epoch": 75, "loss": 3.9897172451019287, "acc": 0.24137930572032928, "acc_or": 0.6666666865348816, "sender_entropy": 2.013058662414551, "receiver_entropy": 0.0, "original_loss": 0.7733347415924072, "mean_length": 6.0}
{"mode": "train", "epoch": 76, "loss": 3.29097056388855, "acc": 0.1531609147787094, "acc_or": 0.5703065395355225, "sender_entropy": 1.9691931009292603, "receiver_entropy": 0.0, "original_loss": 0.975398063659668, "mean_length": 6.0}
{"mode": "test", "epoch": 76, "loss": 4.105993747711182, "acc": 0.24137930572032928, "acc_or": 0.6896551847457886, "sender_entropy": 2.0019240379333496, "receiver_entropy": 0.0, "original_loss": 0.7527663111686707, "mean_length": 6.0}
{"mode": "train", "epoch": 77, "loss": 3.411074638366699, "acc": 0.16982758045196533, "acc_or": 0.5846743583679199, "sender_entropy": 1.9556158781051636, "receiver_entropy": 0.0, "original_loss": 0.9561503529548645, "mean_length": 6.0}
{"mode": "test", "epoch": 77, "loss": 4.177853107452393, "acc": 0.22413793206214905, "acc_or": 0.6896551847457886, "sender_entropy": 1.9898172616958618, "receiver_entropy": 0.0, "original_loss": 0.7333139777183533, "mean_length": 6.0}
{"mode": "train", "epoch": 78, "loss": 3.440753936767578, "acc": 0.15718390047550201, "acc_or": 0.586685836315155, "sender_entropy": 1.9400334358215332, "receiver_entropy": 0.0, "original_loss": 0.9486832618713379, "mean_length": 6.0}
{"mode": "test", "epoch": 78, "loss": 4.165854454040527, "acc": 0.24137930572032928, "acc_or": 0.7068965435028076, "sender_entropy": 1.9797865152359009, "receiver_entropy": 0.0, "original_loss": 0.723903477191925, "mean_length": 6.0}
{"mode": "train", "epoch": 79, "loss": 3.536935329437256, "acc": 0.1652298867702484, "acc_or": 0.5994253158569336, "sender_entropy": 1.9271674156188965, "receiver_entropy": 0.0, "original_loss": 0.9327491521835327, "mean_length": 6.0}
{"mode": "test", "epoch": 79, "loss": 4.1346611976623535, "acc": 0.2931034564971924, "acc_or": 0.7183908224105835, "sender_entropy": 1.9719129800796509, "receiver_entropy": 0.0, "original_loss": 0.7168937921524048, "mean_length": 6.0}
{"mode": "train", "epoch": 80, "loss": 3.580188751220703, "acc": 0.18706896901130676, "acc_or": 0.6063218712806702, "sender_entropy": 1.9172999858856201, "receiver_entropy": 0.0, "original_loss": 0.9182013869285583, "mean_length": 6.0}
{"mode": "test", "epoch": 80, "loss": 4.16588020324707, "acc": 0.27586206793785095, "acc_or": 0.7126436829566956, "sender_entropy": 1.9631246328353882, "receiver_entropy": 0.0, "original_loss": 0.7013473510742188, "mean_length": 6.0}
{"mode": "train", "epoch": 81, "loss": 3.688957929611206, "acc": 0.19339080154895782, "acc_or": 0.6110153198242188, "sender_entropy": 1.9037368297576904, "receiver_entropy": 0.0, "original_loss": 0.9043571352958679, "mean_length": 6.0}
{"mode": "test", "epoch": 81, "loss": 4.327846527099609, "acc": 0.3103448152542114, "acc_or": 0.7241379022598267, "sender_entropy": 1.9609761238098145, "receiver_entropy": 0.0, "original_loss": 0.6738571524620056, "mean_length": 6.0}
{"mode": "train", "epoch": 82, "loss": 3.7192375659942627, "acc": 0.21063219010829926, "acc_or": 0.6242337226867676, "sender_entropy": 1.9015586376190186, "receiver_entropy": 0.0, "original_loss": 0.891906201839447, "mean_length": 6.0}
{"mode": "test", "epoch": 82, "loss": 4.40937614440918, "acc": 0.3448275923728943, "acc_or": 0.7413793206214905, "sender_entropy": 1.956123948097229, "receiver_entropy": 0.0, "original_loss": 0.6566190123558044, "mean_length": 6.0}
{"mode": "train", "epoch": 83, "loss": 3.707685947418213, "acc": 0.20057471096515656, "acc_or": 0.6216475367546082, "sender_entropy": 1.8933751583099365, "receiver_entropy": 0.0, "original_loss": 0.887373149394989, "mean_length": 6.0}
{"mode": "test", "epoch": 83, "loss": 4.504644393920898, "acc": 0.37931033968925476, "acc_or": 0.7413793206214905, "sender_entropy": 1.948102593421936, "receiver_entropy": 0.0, "original_loss": 0.6351602673530579, "mean_length": 6.0}
{"mode": "train", "epoch": 84, "loss": 3.731505870819092, "acc": 0.21120689809322357, "acc_or": 0.6254789233207703, "sender_entropy": 1.8856770992279053, "receiver_entropy": 0.0, "original_loss": 0.8768466114997864, "mean_length": 6.0}
{"mode": "test", "epoch": 84, "loss": 4.472011566162109, "acc": 0.41379308700561523, "acc_or": 0.7528735399246216, "sender_entropy": 1.9342434406280518, "receiver_entropy": 0.0, "original_loss": 0.6280422806739807, "mean_length": 6.0}
{"mode": "train", "epoch": 85, "loss": 3.9124200344085693, "acc": 0.24281609058380127, "acc_or": 0.6470306515693665, "sender_entropy": 1.869538426399231, "receiver_entropy": 0.0, "original_loss": 0.8506050705909729, "mean_length": 6.0}
{"mode": "test", "epoch": 85, "loss": 4.478085517883301, "acc": 0.37931033968925476, "acc_or": 0.7471264600753784, "sender_entropy": 1.9136766195297241, "receiver_entropy": 0.0, "original_loss": 0.6121249794960022, "mean_length": 6.0}
{"mode": "train", "epoch": 86, "loss": 4.066103458404541, "acc": 0.2419540286064148, "acc_or": 0.6525862216949463, "sender_entropy": 1.8461061716079712, "receiver_entropy": 0.0, "original_loss": 0.8287781476974487, "mean_length": 6.0}
{"mode": "test", "epoch": 86, "loss": 4.555142402648926, "acc": 0.3965517282485962, "acc_or": 0.7758620381355286, "sender_entropy": 1.8919264078140259, "receiver_entropy": 0.0, "original_loss": 0.5840575098991394, "mean_length": 6.0}
{"mode": "train", "epoch": 87, "loss": 4.226155757904053, "acc": 0.25833332538604736, "acc_or": 0.665613055229187, "sender_entropy": 1.8293383121490479, "receiver_entropy": 0.0, "original_loss": 0.8021604418754578, "mean_length": 6.0}
{"mode": "test", "epoch": 87, "loss": 4.6646528244018555, "acc": 0.48275861144065857, "acc_or": 0.8103448152542114, "sender_entropy": 1.8727704286575317, "receiver_entropy": 0.0, "original_loss": 0.5490664839744568, "mean_length": 6.0}
{"mode": "train", "epoch": 88, "loss": 4.295629024505615, "acc": 0.2747126519680023, "acc_or": 0.6742337346076965, "sender_entropy": 1.8078320026397705, "receiver_entropy": 0.0, "original_loss": 0.7841386198997498, "mean_length": 6.0}
{"mode": "test", "epoch": 88, "loss": 4.559638500213623, "acc": 0.4655172526836395, "acc_or": 0.7988505959510803, "sender_entropy": 1.8542859554290771, "receiver_entropy": 0.0, "original_loss": 0.5453454256057739, "mean_length": 6.0}
{"mode": "train", "epoch": 89, "loss": 4.424424171447754, "acc": 0.2951149344444275, "acc_or": 0.6881226301193237, "sender_entropy": 1.7831616401672363, "receiver_entropy": 0.0, "original_loss": 0.7580065727233887, "mean_length": 6.0}
{"mode": "test", "epoch": 89, "loss": 4.602134704589844, "acc": 0.5517241358757019, "acc_or": 0.8333333134651184, "sender_entropy": 1.8304239511489868, "receiver_entropy": 0.0, "original_loss": 0.5105275511741638, "mean_length": 6.0}
{"mode": "train", "epoch": 90, "loss": 4.612375259399414, "acc": 0.3083333373069763, "acc_or": 0.7051724195480347, "sender_entropy": 1.7662298679351807, "receiver_entropy": 0.0, "original_loss": 0.7314906120300293, "mean_length": 6.0}
{"mode": "test", "epoch": 90, "loss": 4.557830333709717, "acc": 0.5862069129943848, "acc_or": 0.8448275923728943, "sender_entropy": 1.8209309577941895, "receiver_entropy": 0.0, "original_loss": 0.5039896965026855, "mean_length": 6.0}
{"mode": "train", "epoch": 91, "loss": 4.630264759063721, "acc": 0.3227011561393738, "acc_or": 0.7127394676208496, "sender_entropy": 1.7487881183624268, "receiver_entropy": 0.0, "original_loss": 0.7154194712638855, "mean_length": 6.0}
{"mode": "test", "epoch": 91, "loss": 4.631303787231445, "acc": 0.568965494632721, "acc_or": 0.8390804529190063, "sender_entropy": 1.8064199686050415, "receiver_entropy": 0.0, "original_loss": 0.4758000075817108, "mean_length": 6.0}
{"mode": "train", "epoch": 92, "loss": 4.642829418182373, "acc": 0.3382183909416199, "acc_or": 0.7152299284934998, "sender_entropy": 1.740256428718567, "receiver_entropy": 0.0, "original_loss": 0.704633891582489, "mean_length": 6.0}
{"mode": "test", "epoch": 92, "loss": 4.569674968719482, "acc": 0.5344827771186829, "acc_or": 0.8275861740112305, "sender_entropy": 1.7909247875213623, "receiver_entropy": 0.0, "original_loss": 0.46524471044540405, "mean_length": 6.0}
{"mode": "train", "epoch": 93, "loss": 4.684615135192871, "acc": 0.35862070322036743, "acc_or": 0.72883141040802, "sender_entropy": 1.7257722616195679, "receiver_entropy": 0.0, "original_loss": 0.6843940615653992, "mean_length": 6.0}
{"mode": "test", "epoch": 93, "loss": 4.477357864379883, "acc": 0.517241358757019, "acc_or": 0.8275861740112305, "sender_entropy": 1.7665141820907593, "receiver_entropy": 0.0, "original_loss": 0.4556768238544464, "mean_length": 6.0}
{"mode": "train", "epoch": 94, "loss": 4.788825988769531, "acc": 0.35660919547080994, "acc_or": 0.7314176559448242, "sender_entropy": 1.6991031169891357, "receiver_entropy": 0.0, "original_loss": 0.6599490642547607, "mean_length": 6.0}
{"mode": "test", "epoch": 94, "loss": 4.3814616203308105, "acc": 0.5344827771186829, "acc_or": 0.8218390941619873, "sender_entropy": 1.7431175708770752, "receiver_entropy": 0.0, "original_loss": 0.4409981966018677, "mean_length": 6.0}
{"mode": "train", "epoch": 95, "loss": 4.821610927581787, "acc": 0.3758620619773865, "acc_or": 0.7384099960327148, "sender_entropy": 1.6766135692596436, "receiver_entropy": 0.0, "original_loss": 0.643293023109436, "mean_length": 6.0}
{"mode": "test", "epoch": 95, "loss": 4.247333526611328, "acc": 0.5517241358757019, "acc_or": 0.8333333134651184, "sender_entropy": 1.726326823234558, "receiver_entropy": 0.0, "original_loss": 0.4433816373348236, "mean_length": 6.0}
{"mode": "train", "epoch": 96, "loss": 4.93911075592041, "acc": 0.3839080333709717, "acc_or": 0.7444444894790649, "sender_entropy": 1.6517035961151123, "receiver_entropy": 0.0, "original_loss": 0.6223718523979187, "mean_length": 6.0}
{"mode": "test", "epoch": 96, "loss": 4.246891021728516, "acc": 0.5517241358757019, "acc_or": 0.8390804529190063, "sender_entropy": 1.7165067195892334, "receiver_entropy": 0.0, "original_loss": 0.43164798617362976, "mean_length": 6.0}
{"mode": "train", "epoch": 97, "loss": 4.90833854675293, "acc": 0.3818965554237366, "acc_or": 0.7491379380226135, "sender_entropy": 1.6416192054748535, "receiver_entropy": 0.0, "original_loss": 0.615644633769989, "mean_length": 6.0}
{"mode": "test", "epoch": 97, "loss": 4.2668633460998535, "acc": 0.517241358757019, "acc_or": 0.8275861740112305, "sender_entropy": 1.7105411291122437, "receiver_entropy": 0.0, "original_loss": 0.41512447595596313, "mean_length": 6.0}
{"mode": "train", "epoch": 98, "loss": 5.0568413734436035, "acc": 0.41034483909606934, "acc_or": 0.7618774175643921, "sender_entropy": 1.638075828552246, "receiver_entropy": 0.0, "original_loss": 0.5880234837532043, "mean_length": 6.0}
{"mode": "test", "epoch": 98, "loss": 4.455755233764648, "acc": 0.6206896305084229, "acc_or": 0.8735632300376892, "sender_entropy": 1.7048968076705933, "receiver_entropy": 0.0, "original_loss": 0.38173729181289673, "mean_length": 6.0}
{"mode": "train", "epoch": 99, "loss": 4.996007442474365, "acc": 0.4152298867702484, "acc_or": 0.7625479102134705, "sender_entropy": 1.6391675472259521, "receiver_entropy": 0.0, "original_loss": 0.5867100954055786, "mean_length": 6.0}
{"mode": "test", "epoch": 99, "loss": 4.407806873321533, "acc": 0.5862069129943848, "acc_or": 0.8563218116760254, "sender_entropy": 1.7013497352600098, "receiver_entropy": 0.0, "original_loss": 0.3836914598941803, "mean_length": 6.0}
{"mode": "train", "epoch": 100, "loss": 5.075652599334717, "acc": 0.4241379201412201, "acc_or": 0.7677203416824341, "sender_entropy": 1.6327571868896484, "receiver_entropy": 0.0, "original_loss": 0.572470486164093, "mean_length": 6.0}
{"mode": "test", "epoch": 100, "loss": 4.365182876586914, "acc": 0.568965494632721, "acc_or": 0.8448275923728943, "sender_entropy": 1.6950087547302246, "receiver_entropy": 0.0, "original_loss": 0.38092198967933655, "mean_length": 6.0}
{"mode": "train", "epoch": 101, "loss": 5.120163917541504, "acc": 0.4252873659133911, "acc_or": 0.7679119110107422, "sender_entropy": 1.6229538917541504, "receiver_entropy": 0.0, "original_loss": 0.5599402189254761, "mean_length": 6.0}
{"mode": "test", "epoch": 101, "loss": 4.40269660949707, "acc": 0.5517241358757019, "acc_or": 0.8390804529190063, "sender_entropy": 1.6888999938964844, "receiver_entropy": 0.0, "original_loss": 0.3708493113517761, "mean_length": 6.0}
{"mode": "train", "epoch": 102, "loss": 4.986664295196533, "acc": 0.42701148986816406, "acc_or": 0.7682950496673584, "sender_entropy": 1.620859146118164, "receiver_entropy": 0.0, "original_loss": 0.5673389434814453, "mean_length": 6.0}
{"mode": "test", "epoch": 102, "loss": 4.48969841003418, "acc": 0.6206896305084229, "acc_or": 0.8735632300376892, "sender_entropy": 1.6855177879333496, "receiver_entropy": 0.0, "original_loss": 0.3435094654560089, "mean_length": 6.0}
{"mode": "train", "epoch": 103, "loss": 5.041607856750488, "acc": 0.4356321692466736, "acc_or": 0.7709770202636719, "sender_entropy": 1.6146245002746582, "receiver_entropy": 0.0, "original_loss": 0.5518296360969543, "mean_length": 6.0}
{"mode": "test", "epoch": 103, "loss": 4.470137119293213, "acc": 0.5862069129943848, "acc_or": 0.8563218116760254, "sender_entropy": 1.685288906097412, "receiver_entropy": 0.0, "original_loss": 0.3423866927623749, "mean_length": 6.0}
{"mode": "train", "epoch": 104, "loss": 5.073990821838379, "acc": 0.45057469606399536, "acc_or": 0.7791187763214111, "sender_entropy": 1.6107429265975952, "receiver_entropy": 0.0, "original_loss": 0.5424705147743225, "mean_length": 6.0}
{"mode": "test", "epoch": 104, "loss": 4.643587112426758, "acc": 0.7068965435028076, "acc_or": 0.9022988677024841, "sender_entropy": 1.693211317062378, "receiver_entropy": 0.0, "original_loss": 0.3165678381919861, "mean_length": 6.0}
{"mode": "train", "epoch": 105, "loss": 5.16697883605957, "acc": 0.4655172526836395, "acc_or": 0.7881225943565369, "sender_entropy": 1.616102695465088, "receiver_entropy": 0.0, "original_loss": 0.5241996645927429, "mean_length": 6.0}
{"mode": "test", "epoch": 105, "loss": 4.749797344207764, "acc": 0.7931034564971924, "acc_or": 0.931034505367279, "sender_entropy": 1.6920925378799438, "receiver_entropy": 0.0, "original_loss": 0.29214853048324585, "mean_length": 6.0}
{"mode": "train", "epoch": 106, "loss": 5.1278767585754395, "acc": 0.4643678069114685, "acc_or": 0.7868773937225342, "sender_entropy": 1.6093950271606445, "receiver_entropy": 0.0, "original_loss": 0.520359218120575, "mean_length": 6.0}
{"mode": "test", "epoch": 106, "loss": 4.5776495933532715, "acc": 0.7586206793785095, "acc_or": 0.9137930870056152, "sender_entropy": 1.6855461597442627, "receiver_entropy": 0.0, "original_loss": 0.3072458505630493, "mean_length": 6.0}
{"mode": "train", "epoch": 107, "loss": 5.09233283996582, "acc": 0.4678160846233368, "acc_or": 0.7909004092216492, "sender_entropy": 1.5976020097732544, "receiver_entropy": 0.0, "original_loss": 0.5151005983352661, "mean_length": 6.0}
{"mode": "test", "epoch": 107, "loss": 4.488283157348633, "acc": 0.7413793206214905, "acc_or": 0.9022988677024841, "sender_entropy": 1.6748234033584595, "receiver_entropy": 0.0, "original_loss": 0.3112075924873352, "mean_length": 6.0}
{"mode": "train", "epoch": 108, "loss": 5.201321125030518, "acc": 0.489367812871933, "acc_or": 0.8030651807785034, "sender_entropy": 1.5840401649475098, "receiver_entropy": 0.0, "original_loss": 0.4898184835910797, "mean_length": 6.0}
{"mode": "test", "epoch": 108, "loss": 4.432767391204834, "acc": 0.7413793206214905, "acc_or": 0.9080459475517273, "sender_entropy": 1.6502776145935059, "receiver_entropy": 0.0, "original_loss": 0.29471996426582336, "mean_length": 6.0}
{"mode": "train", "epoch": 109, "loss": 5.126853942871094, "acc": 0.4853448271751404, "acc_or": 0.7972222566604614, "sender_entropy": 1.5743261575698853, "receiver_entropy": 0.0, "original_loss": 0.49380791187286377, "mean_length": 6.0}
{"mode": "test", "epoch": 109, "loss": 4.448047161102295, "acc": 0.7413793206214905, "acc_or": 0.9080459475517273, "sender_entropy": 1.6458443403244019, "receiver_entropy": 0.0, "original_loss": 0.2847938537597656, "mean_length": 6.0}
{"mode": "train", "epoch": 110, "loss": 5.081797122955322, "acc": 0.5089080333709717, "acc_or": 0.807662844657898, "sender_entropy": 1.5718975067138672, "receiver_entropy": 0.0, "original_loss": 0.48494234681129456, "mean_length": 6.0}
{"mode": "test", "epoch": 110, "loss": 4.447845458984375, "acc": 0.7586206793785095, "acc_or": 0.9137930870056152, "sender_entropy": 1.6392406225204468, "receiver_entropy": 0.0, "original_loss": 0.2730208933353424, "mean_length": 6.0}
{"mode": "train", "epoch": 111, "loss": 5.181081771850586, "acc": 0.5284482836723328, "acc_or": 0.8166666626930237, "sender_entropy": 1.5592312812805176, "receiver_entropy": 0.0, "original_loss": 0.4657992720603943, "mean_length": 6.0}
{"mode": "test", "epoch": 111, "loss": 4.483811855316162, "acc": 0.7758620381355286, "acc_or": 0.9195402264595032, "sender_entropy": 1.6384066343307495, "receiver_entropy": 0.0, "original_loss": 0.26153135299682617, "mean_length": 6.0}
{"mode": "train", "epoch": 112, "loss": 5.079890251159668, "acc": 0.5359195470809937, "acc_or": 0.8165708780288696, "sender_entropy": 1.5539109706878662, "receiver_entropy": 0.0, "original_loss": 0.47047021985054016, "mean_length": 6.0}
{"mode": "test", "epoch": 112, "loss": 4.523083686828613, "acc": 0.8448275923728943, "acc_or": 0.9425287246704102, "sender_entropy": 1.63519287109375, "receiver_entropy": 0.0, "original_loss": 0.24235208332538605, "mean_length": 6.0}
{"mode": "train", "epoch": 113, "loss": 5.03752326965332, "acc": 0.5393677949905396, "acc_or": 0.8189655542373657, "sender_entropy": 1.5529820919036865, "receiver_entropy": 0.0, "original_loss": 0.4670420289039612, "mean_length": 6.0}
{"mode": "test", "epoch": 113, "loss": 4.481009006500244, "acc": 0.7586206793785095, "acc_or": 0.9195402264595032, "sender_entropy": 1.6419298648834229, "receiver_entropy": 0.0, "original_loss": 0.25043100118637085, "mean_length": 6.0}
{"mode": "train", "epoch": 114, "loss": 5.137821674346924, "acc": 0.5330459475517273, "acc_or": 0.8189655542373657, "sender_entropy": 1.5533287525177002, "receiver_entropy": 0.0, "original_loss": 0.449188768863678, "mean_length": 6.0}
{"mode": "test", "epoch": 114, "loss": 4.482618808746338, "acc": 0.7586206793785095, "acc_or": 0.9195402264595032, "sender_entropy": 1.6432775259017944, "receiver_entropy": 0.0, "original_loss": 0.24513018131256104, "mean_length": 6.0}
{"mode": "train", "epoch": 115, "loss": 5.135006904602051, "acc": 0.5451149344444275, "acc_or": 0.8223180174827576, "sender_entropy": 1.5499094724655151, "receiver_entropy": 0.0, "original_loss": 0.44638383388519287, "mean_length": 6.0}
{"mode": "test", "epoch": 115, "loss": 4.676944732666016, "acc": 0.8275861740112305, "acc_or": 0.9425287246704102, "sender_entropy": 1.6475977897644043, "receiver_entropy": 0.0, "original_loss": 0.2144983857870102, "mean_length": 6.0}
{"mode": "train", "epoch": 116, "loss": 5.045831203460693, "acc": 0.5583333373069763, "acc_or": 0.8273946642875671, "sender_entropy": 1.5543712377548218, "receiver_entropy": 0.0, "original_loss": 0.44498777389526367, "mean_length": 6.0}
{"mode": "test", "epoch": 116, "loss": 4.591960906982422, "acc": 0.7586206793785095, "acc_or": 0.9137930870056152, "sender_entropy": 1.6458252668380737, "receiver_entropy": 0.0, "original_loss": 0.22282113134860992, "mean_length": 6.0}
{"mode": "train", "epoch": 117, "loss": 5.043097496032715, "acc": 0.5494253039360046, "acc_or": 0.8233716487884521, "sender_entropy": 1.5541987419128418, "receiver_entropy": 0.0, "original_loss": 0.4436503052711487, "mean_length": 6.0}
{"mode": "test", "epoch": 117, "loss": 4.265950679779053, "acc": 0.7586206793785095, "acc_or": 0.9137930870056152, "sender_entropy": 1.6367229223251343, "receiver_entropy": 0.0, "original_loss": 0.2539788782596588, "mean_length": 6.0}
{"mode": "train", "epoch": 118, "loss": 4.934867858886719, "acc": 0.5557471513748169, "acc_or": 0.8257663249969482, "sender_entropy": 1.552960753440857, "receiver_entropy": 0.0, "original_loss": 0.44528597593307495, "mean_length": 6.0}
{"mode": "test", "epoch": 118, "loss": 4.304474830627441, "acc": 0.7758620381355286, "acc_or": 0.9195402264595032, "sender_entropy": 1.6332828998565674, "receiver_entropy": 0.0, "original_loss": 0.23582163453102112, "mean_length": 6.0}
{"mode": "train", "epoch": 119, "loss": 5.10120153427124, "acc": 0.5755746960639954, "acc_or": 0.8378352522850037, "sender_entropy": 1.5424926280975342, "receiver_entropy": 0.0, "original_loss": 0.4186258614063263, "mean_length": 6.0}
{"mode": "test", "epoch": 119, "loss": 4.461176872253418, "acc": 0.8448275923728943, "acc_or": 0.9425287246704102, "sender_entropy": 1.6357091665267944, "receiver_entropy": 0.0, "original_loss": 0.20197585225105286, "mean_length": 6.0}
{"mode": "train", "epoch": 120, "loss": 5.0387749671936035, "acc": 0.588505744934082, "acc_or": 0.8423371911048889, "sender_entropy": 1.5393381118774414, "receiver_entropy": 0.0, "original_loss": 0.41465574502944946, "mean_length": 6.0}
{"mode": "test", "epoch": 120, "loss": 4.486385822296143, "acc": 0.7758620381355286, "acc_or": 0.9252873659133911, "sender_entropy": 1.6399099826812744, "receiver_entropy": 0.0, "original_loss": 0.2043888121843338, "mean_length": 6.0}
{"mode": "train", "epoch": 121, "loss": 5.146234512329102, "acc": 0.5954023003578186, "acc_or": 0.8464559316635132, "sender_entropy": 1.538659691810608, "receiver_entropy": 0.0, "original_loss": 0.3950423300266266, "mean_length": 6.0}
{"mode": "test", "epoch": 121, "loss": 4.371036052703857, "acc": 0.8275861740112305, "acc_or": 0.9425287246704102, "sender_entropy": 1.6223982572555542, "receiver_entropy": 0.0, "original_loss": 0.19357645511627197, "mean_length": 6.0}
{"mode": "train", "epoch": 122, "loss": 5.041192054748535, "acc": 0.5899425148963928, "acc_or": 0.8431034684181213, "sender_entropy": 1.5230720043182373, "receiver_entropy": 0.0, "original_loss": 0.3990405797958374, "mean_length": 6.0}
{"mode": "test", "epoch": 122, "loss": 4.251238822937012, "acc": 0.8275861740112305, "acc_or": 0.9367815852165222, "sender_entropy": 1.6088495254516602, "receiver_entropy": 0.0, "original_loss": 0.19938647747039795, "mean_length": 6.0}
{"mode": "train", "epoch": 123, "loss": 5.075292110443115, "acc": 0.5988505482673645, "acc_or": 0.8473180532455444, "sender_entropy": 1.5083181858062744, "receiver_entropy": 0.0, "original_loss": 0.38883092999458313, "mean_length": 6.0}
{"mode": "test", "epoch": 123, "loss": 4.318014144897461, "acc": 0.8448275923728943, "acc_or": 0.9482758641242981, "sender_entropy": 1.6025506258010864, "receiver_entropy": 0.0, "original_loss": 0.1799677163362503, "mean_length": 6.0}
{"mode": "train", "epoch": 124, "loss": 5.171089172363281, "acc": 0.6261494159698486, "acc_or": 0.8593869805335999, "sender_entropy": 1.5093272924423218, "receiver_entropy": 0.0, "original_loss": 0.3692958354949951, "mean_length": 6.0}
{"mode": "test", "epoch": 124, "loss": 4.234221458435059, "acc": 0.7931034564971924, "acc_or": 0.9252873659133911, "sender_entropy": 1.6017464399337769, "receiver_entropy": 0.0, "original_loss": 0.18840865790843964, "mean_length": 6.0}
{"mode": "train", "epoch": 125, "loss": 5.045973777770996, "acc": 0.629023015499115, "acc_or": 0.8630268573760986, "sender_entropy": 1.4993036985397339, "receiver_entropy": 0.0, "original_loss": 0.37074780464172363, "mean_length": 6.0}
{"mode": "test", "epoch": 125, "loss": 4.110264778137207, "acc": 0.7586206793785095, "acc_or": 0.9195402264595032, "sender_entropy": 1.5887991189956665, "receiver_entropy": 0.0, "original_loss": 0.19874586164951324, "mean_length": 6.0}
{"mode": "train", "epoch": 126, "loss": 5.174965858459473, "acc": 0.6316092014312744, "acc_or": 0.8624521493911743, "sender_entropy": 1.493429183959961, "receiver_entropy": 0.0, "original_loss": 0.3534882664680481, "mean_length": 6.0}
{"mode": "test", "epoch": 126, "loss": 4.236599922180176, "acc": 0.8448275923728943, "acc_or": 0.9482758641242981, "sender_entropy": 1.5968468189239502, "receiver_entropy": 0.0, "original_loss": 0.17959384620189667, "mean_length": 6.0}
{"mode": "train", "epoch": 127, "loss": 5.032129287719727, "acc": 0.6304597854614258, "acc_or": 0.8593869805335999, "sender_entropy": 1.498502254486084, "receiver_entropy": 0.0, "original_loss": 0.36758047342300415, "mean_length": 6.0}
{"mode": "test", "epoch": 127, "loss": 4.358244895935059, "acc": 0.8275861740112305, "acc_or": 0.9425287246704102, "sender_entropy": 1.6103068590164185, "receiver_entropy": 0.0, "original_loss": 0.16986899077892303, "mean_length": 6.0}
{"mode": "train", "epoch": 128, "loss": 4.88870906829834, "acc": 0.6166666746139526, "acc_or": 0.8545977473258972, "sender_entropy": 1.5087827444076538, "receiver_entropy": 0.0, "original_loss": 0.3783833682537079, "mean_length": 6.0}
{"mode": "test", "epoch": 128, "loss": 4.336889266967773, "acc": 0.8275861740112305, "acc_or": 0.9425287246704102, "sender_entropy": 1.6112302541732788, "receiver_entropy": 0.0, "original_loss": 0.16805921494960785, "mean_length": 6.0}
{"mode": "train", "epoch": 129, "loss": 4.921136379241943, "acc": 0.6255747079849243, "acc_or": 0.8582375645637512, "sender_entropy": 1.511937141418457, "receiver_entropy": 0.0, "original_loss": 0.3702377378940582, "mean_length": 6.0}
{"mode": "test", "epoch": 129, "loss": 4.260350227355957, "acc": 0.8448275923728943, "acc_or": 0.9482758641242981, "sender_entropy": 1.6031041145324707, "receiver_entropy": 0.0, "original_loss": 0.17029091715812683, "mean_length": 6.0}
{"mode": "train", "epoch": 130, "loss": 5.009006500244141, "acc": 0.6425287127494812, "acc_or": 0.8657088279724121, "sender_entropy": 1.5114420652389526, "receiver_entropy": 0.0, "original_loss": 0.3537910282611847, "mean_length": 6.0}
{"mode": "test", "epoch": 130, "loss": 4.230478763580322, "acc": 0.8448275923728943, "acc_or": 0.9482758641242981, "sender_entropy": 1.5955500602722168, "receiver_entropy": 0.0, "original_loss": 0.16185230016708374, "mean_length": 6.0}
{"mode": "train", "epoch": 131, "loss": 4.972598075866699, "acc": 0.6399425268173218, "acc_or": 0.8641762733459473, "sender_entropy": 1.5015095472335815, "receiver_entropy": 0.0, "original_loss": 0.3537580072879791, "mean_length": 6.0}
{"mode": "test", "epoch": 131, "loss": 4.250932216644287, "acc": 0.8965517282485962, "acc_or": 0.9655172228813171, "sender_entropy": 1.5876201391220093, "receiver_entropy": 0.0, "original_loss": 0.14977510273456573, "mean_length": 6.0}
{"mode": "train", "epoch": 132, "loss": 4.8756279945373535, "acc": 0.6635057330131531, "acc_or": 0.8735632300376892, "sender_entropy": 1.4919787645339966, "receiver_entropy": 0.0, "original_loss": 0.34835803508758545, "mean_length": 6.0}
{"mode": "test", "epoch": 132, "loss": 4.2663655281066895, "acc": 0.8793103694915771, "acc_or": 0.9597700834274292, "sender_entropy": 1.5833818912506104, "receiver_entropy": 0.0, "original_loss": 0.14144186675548553, "mean_length": 6.0}
{"mode": "train", "epoch": 133, "loss": 4.929734706878662, "acc": 0.6525862216949463, "acc_or": 0.8694444894790649, "sender_entropy": 1.4949650764465332, "receiver_entropy": 0.0, "original_loss": 0.3381296992301941, "mean_length": 6.0}
{"mode": "test", "epoch": 133, "loss": 4.207915782928467, "acc": 0.8793103694915771, "acc_or": 0.9597700834274292, "sender_entropy": 1.5782463550567627, "receiver_entropy": 0.0, "original_loss": 0.14835436642169952, "mean_length": 6.0}
{"mode": "train", "epoch": 134, "loss": 4.787357807159424, "acc": 0.6528735756874084, "acc_or": 0.8666666746139526, "sender_entropy": 1.486829161643982, "receiver_entropy": 0.0, "original_loss": 0.34903353452682495, "mean_length": 6.0}
{"mode": "test", "epoch": 134, "loss": 4.178800582885742, "acc": 0.9137930870056152, "acc_or": 0.9655172228813171, "sender_entropy": 1.5729879140853882, "receiver_entropy": 0.0, "original_loss": 0.1475725769996643, "mean_length": 6.0}
{"mode": "train", "epoch": 135, "loss": 4.853271007537842, "acc": 0.6735632419586182, "acc_or": 0.8761494159698486, "sender_entropy": 1.4812195301055908, "receiver_entropy": 0.0, "original_loss": 0.3322462737560272, "mean_length": 6.0}
{"mode": "test", "epoch": 135, "loss": 4.1468939781188965, "acc": 0.931034505367279, "acc_or": 0.9712643623352051, "sender_entropy": 1.5691250562667847, "receiver_entropy": 0.0, "original_loss": 0.14700764417648315, "mean_length": 6.0}
{"mode": "train", "epoch": 136, "loss": 4.990544319152832, "acc": 0.6942528486251831, "acc_or": 0.8870689868927002, "sender_entropy": 1.4819663763046265, "receiver_entropy": 0.0, "original_loss": 0.313368558883667, "mean_length": 6.0}
{"mode": "test", "epoch": 136, "loss": 4.10685396194458, "acc": 0.9137930870056152, "acc_or": 0.9655172228813171, "sender_entropy": 1.5632842779159546, "receiver_entropy": 0.0, "original_loss": 0.13973239064216614, "mean_length": 6.0}
{"mode": "train", "epoch": 137, "loss": 4.923613548278809, "acc": 0.6836206912994385, "acc_or": 0.8803640007972717, "sender_entropy": 1.4736292362213135, "receiver_entropy": 0.0, "original_loss": 0.3173092305660248, "mean_length": 6.0}
{"mode": "test", "epoch": 137, "loss": 4.249465465545654, "acc": 0.9655172228813171, "acc_or": 0.9885057210922241, "sender_entropy": 1.5602811574935913, "receiver_entropy": 0.0, "original_loss": 0.10993346571922302, "mean_length": 6.0}
{"mode": "train", "epoch": 138, "loss": 4.767718315124512, "acc": 0.6847701072692871, "acc_or": 0.8824712634086609, "sender_entropy": 1.4645295143127441, "receiver_entropy": 0.0, "original_loss": 0.32036247849464417, "mean_length": 6.0}
{"mode": "test", "epoch": 138, "loss": 4.212518215179443, "acc": 0.931034505367279, "acc_or": 0.977011501789093, "sender_entropy": 1.5485727787017822, "receiver_entropy": 0.0, "original_loss": 0.10140734910964966, "mean_length": 6.0}
{"mode": "train", "epoch": 139, "loss": 4.847825527191162, "acc": 0.6988505721092224, "acc_or": 0.8875479102134705, "sender_entropy": 1.4602571725845337, "receiver_entropy": 0.0, "original_loss": 0.30303534865379333, "mean_length": 6.0}
{"mode": "test", "epoch": 139, "loss": 4.142580032348633, "acc": 0.9482758641242981, "acc_or": 0.982758641242981, "sender_entropy": 1.5394883155822754, "receiver_entropy": 0.0, "original_loss": 0.10697400569915771, "mean_length": 6.0}
{"mode": "train", "epoch": 140, "loss": 4.9088521003723145, "acc": 0.7025862336158752, "acc_or": 0.890421450138092, "sender_entropy": 1.4481327533721924, "receiver_entropy": 0.0, "original_loss": 0.2967245876789093, "mean_length": 6.0}
{"mode": "test", "epoch": 140, "loss": 4.0470075607299805, "acc": 0.9655172228813171, "acc_or": 0.982758641242981, "sender_entropy": 1.5335863828659058, "receiver_entropy": 0.0, "original_loss": 0.1134234145283699, "mean_length": 6.0}
{"mode": "train", "epoch": 141, "loss": 4.914585113525391, "acc": 0.7235631942749023, "acc_or": 0.900287389755249, "sender_entropy": 1.4363113641738892, "receiver_entropy": 0.0, "original_loss": 0.27815893292427063, "mean_length": 6.0}
{"mode": "test", "epoch": 141, "loss": 4.092244625091553, "acc": 0.9655172228813171, "acc_or": 0.982758641242981, "sender_entropy": 1.5373061895370483, "receiver_entropy": 0.0, "original_loss": 0.10030905902385712, "mean_length": 6.0}
{"mode": "train", "epoch": 142, "loss": 4.872465133666992, "acc": 0.7281609177589417, "acc_or": 0.9006705284118652, "sender_entropy": 1.4273991584777832, "receiver_entropy": 0.0, "original_loss": 0.27625277638435364, "mean_length": 6.0}
{"mode": "test", "epoch": 142, "loss": 4.051709175109863, "acc": 0.9655172228813171, "acc_or": 0.982758641242981, "sender_entropy": 1.53238844871521, "receiver_entropy": 0.0, "original_loss": 0.09447953850030899, "mean_length": 6.0}
{"mode": "train", "epoch": 143, "loss": 4.934144973754883, "acc": 0.742241382598877, "acc_or": 0.9051724076271057, "sender_entropy": 1.4277185201644897, "receiver_entropy": 0.0, "original_loss": 0.2636382579803467, "mean_length": 6.0}
{"mode": "test", "epoch": 143, "loss": 4.104475975036621, "acc": 0.9655172228813171, "acc_or": 0.9885057210922241, "sender_entropy": 1.5371474027633667, "receiver_entropy": 0.0, "original_loss": 0.08424442261457443, "mean_length": 6.0}
{"mode": "train", "epoch": 144, "loss": 4.8658671379089355, "acc": 0.75, "acc_or": 0.9068965911865234, "sender_entropy": 1.4302899837493896, "receiver_entropy": 0.0, "original_loss": 0.26549702882766724, "mean_length": 6.0}
{"mode": "test", "epoch": 144, "loss": 4.031260967254639, "acc": 0.9482758641242981, "acc_or": 0.982758641242981, "sender_entropy": 1.5314903259277344, "receiver_entropy": 0.0, "original_loss": 0.08926133066415787, "mean_length": 6.0}
{"mode": "train", "epoch": 145, "loss": 4.7951178550720215, "acc": 0.7359195351600647, "acc_or": 0.9035440683364868, "sender_entropy": 1.4258592128753662, "receiver_entropy": 0.0, "original_loss": 0.2699127495288849, "mean_length": 6.0}
{"mode": "test", "epoch": 145, "loss": 3.9890429973602295, "acc": 0.9655172228813171, "acc_or": 0.9885057210922241, "sender_entropy": 1.5244379043579102, "receiver_entropy": 0.0, "original_loss": 0.08656133711338043, "mean_length": 6.0}
{"mode": "train", "epoch": 146, "loss": 4.751212120056152, "acc": 0.7431034445762634, "acc_or": 0.9041187763214111, "sender_entropy": 1.425675392150879, "receiver_entropy": 0.0, "original_loss": 0.2643619179725647, "mean_length": 6.0}
{"mode": "test", "epoch": 146, "loss": 3.984069347381592, "acc": 0.982758641242981, "acc_or": 0.9942528605461121, "sender_entropy": 1.531746745109558, "receiver_entropy": 0.0, "original_loss": 0.0862908586859703, "mean_length": 6.0}
{"mode": "train", "epoch": 147, "loss": 4.780587196350098, "acc": 0.7433907985687256, "acc_or": 0.905651330947876, "sender_entropy": 1.4306392669677734, "receiver_entropy": 0.0, "original_loss": 0.26292362809181213, "mean_length": 6.0}
{"mode": "test", "epoch": 147, "loss": 4.071685314178467, "acc": 0.9655172228813171, "acc_or": 0.9885057210922241, "sender_entropy": 1.5405768156051636, "receiver_entropy": 0.0, "original_loss": 0.07513273507356644, "mean_length": 6.0}
{"mode": "train", "epoch": 148, "loss": 4.693174839019775, "acc": 0.7281609177589417, "acc_or": 0.902107298374176, "sender_entropy": 1.4367533922195435, "receiver_entropy": 0.0, "original_loss": 0.2693788707256317, "mean_length": 6.0}
{"mode": "test", "epoch": 148, "loss": 4.139372825622559, "acc": 0.9655172228813171, "acc_or": 0.9885057210922241, "sender_entropy": 1.5503703355789185, "receiver_entropy": 0.0, "original_loss": 0.07057903707027435, "mean_length": 6.0}
{"mode": "train", "epoch": 149, "loss": 4.675412654876709, "acc": 0.7293103337287903, "acc_or": 0.9013410210609436, "sender_entropy": 1.444885492324829, "receiver_entropy": 0.0, "original_loss": 0.26996317505836487, "mean_length": 6.0}
{"mode": "test", "epoch": 149, "loss": 4.0190606117248535, "acc": 0.9655172228813171, "acc_or": 0.9885057210922241, "sender_entropy": 1.5417194366455078, "receiver_entropy": 0.0, "original_loss": 0.07820945233106613, "mean_length": 6.0}
{"mode": "train", "epoch": 150, "loss": 4.749197006225586, "acc": 0.7425287365913391, "acc_or": 0.9049808382987976, "sender_entropy": 1.4374444484710693, "receiver_entropy": 0.0, "original_loss": 0.25308728218078613, "mean_length": 6.0}
{"mode": "test", "epoch": 150, "loss": 3.8745810985565186, "acc": 0.9482758641242981, "acc_or": 0.982758641242981, "sender_entropy": 1.5338371992111206, "receiver_entropy": 0.0, "original_loss": 0.08846870064735413, "mean_length": 6.0}
{"mode": "train", "epoch": 151, "loss": 4.787268161773682, "acc": 0.761781632900238, "acc_or": 0.9132184386253357, "sender_entropy": 1.431846022605896, "receiver_entropy": 0.0, "original_loss": 0.2445129007101059, "mean_length": 6.0}
{"mode": "test", "epoch": 151, "loss": 3.8558950424194336, "acc": 0.9655172228813171, "acc_or": 0.9885057210922241, "sender_entropy": 1.5270347595214844, "receiver_entropy": 0.0, "original_loss": 0.08112248033285141, "mean_length": 6.0}
{"mode": "train", "epoch": 152, "loss": 4.664780616760254, "acc": 0.7626436948776245, "acc_or": 0.91379314661026, "sender_entropy": 1.4270466566085815, "receiver_entropy": 0.0, "original_loss": 0.24855808913707733, "mean_length": 6.0}
{"mode": "test", "epoch": 152, "loss": 3.8631863594055176, "acc": 0.9655172228813171, "acc_or": 0.9885057210922241, "sender_entropy": 1.5228372812271118, "receiver_entropy": 0.0, "original_loss": 0.07128699123859406, "mean_length": 6.0}
{"mode": "train", "epoch": 153, "loss": 4.617867469787598, "acc": 0.7497126460075378, "acc_or": 0.909674346446991, "sender_entropy": 1.4232769012451172, "receiver_entropy": 0.0, "original_loss": 0.24945102632045746, "mean_length": 6.0}
{"mode": "test", "epoch": 153, "loss": 3.862348794937134, "acc": 0.9655172228813171, "acc_or": 0.9885057210922241, "sender_entropy": 1.5176907777786255, "receiver_entropy": 0.0, "original_loss": 0.06403146684169769, "mean_length": 6.0}
{"mode": "train", "epoch": 154, "loss": 4.601529598236084, "acc": 0.7666666507720947, "acc_or": 0.9152299165725708, "sender_entropy": 1.419711947441101, "receiver_entropy": 0.0, "original_loss": 0.24170950055122375, "mean_length": 6.0}
{"mode": "test", "epoch": 154, "loss": 3.8460471630096436, "acc": 0.9655172228813171, "acc_or": 0.9885057210922241, "sender_entropy": 1.5168955326080322, "receiver_entropy": 0.0, "original_loss": 0.05991426482796669, "mean_length": 6.0}
{"mode": "train", "epoch": 155, "loss": 4.526424407958984, "acc": 0.7479885220527649, "acc_or": 0.9071839451789856, "sender_entropy": 1.419942855834961, "receiver_entropy": 0.0, "original_loss": 0.2484910637140274, "mean_length": 6.0}
{"mode": "test", "epoch": 155, "loss": 3.852635383605957, "acc": 0.9655172228813171, "acc_or": 0.9885057210922241, "sender_entropy": 1.5191572904586792, "receiver_entropy": 0.0, "original_loss": 0.058966174721717834, "mean_length": 6.0}
{"mode": "train", "epoch": 156, "loss": 4.6453447341918945, "acc": 0.7600574493408203, "acc_or": 0.9145594239234924, "sender_entropy": 1.42287278175354, "receiver_entropy": 0.0, "original_loss": 0.2339283972978592, "mean_length": 6.0}
{"mode": "test", "epoch": 156, "loss": 3.828167200088501, "acc": 0.9655172228813171, "acc_or": 0.9885057210922241, "sender_entropy": 1.517546534538269, "receiver_entropy": 0.0, "original_loss": 0.0598614327609539, "mean_length": 6.0}
{"mode": "train", "epoch": 157, "loss": 4.5195393562316895, "acc": 0.75, "acc_or": 0.9086207151412964, "sender_entropy": 1.4250086545944214, "receiver_entropy": 0.0, "original_loss": 0.2454652637243271, "mean_length": 6.0}
{"mode": "test", "epoch": 157, "loss": 3.829360008239746, "acc": 0.982758641242981, "acc_or": 0.9942528605461121, "sender_entropy": 1.515790343284607, "receiver_entropy": 0.0, "original_loss": 0.0543472096323967, "mean_length": 6.0}
{"mode": "train", "epoch": 158, "loss": 4.586661338806152, "acc": 0.78074711561203, "acc_or": 0.9204981327056885, "sender_entropy": 1.4272191524505615, "receiver_entropy": 0.0, "original_loss": 0.22858907282352448, "mean_length": 6.0}
{"mode": "test", "epoch": 158, "loss": 3.7932512760162354, "acc": 0.982758641242981, "acc_or": 0.9942528605461121, "sender_entropy": 1.5210213661193848, "receiver_entropy": 0.0, "original_loss": 0.06137094646692276, "mean_length": 6.0}
{"mode": "train", "epoch": 159, "loss": 4.680225849151611, "acc": 0.7910919785499573, "acc_or": 0.9257662892341614, "sender_entropy": 1.4190303087234497, "receiver_entropy": 0.0, "original_loss": 0.2163742184638977, "mean_length": 6.0}
{"mode": "test", "epoch": 159, "loss": 3.781242609024048, "acc": 0.9482758641242981, "acc_or": 0.982758641242981, "sender_entropy": 1.5243983268737793, "receiver_entropy": 0.0, "original_loss": 0.06549922376871109, "mean_length": 6.0}
{"mode": "train", "epoch": 160, "loss": 4.463325500488281, "acc": 0.7597700953483582, "acc_or": 0.9121647477149963, "sender_entropy": 1.4290392398834229, "receiver_entropy": 0.0, "original_loss": 0.23911763727664948, "mean_length": 6.0}
{"mode": "test", "epoch": 160, "loss": 3.785019874572754, "acc": 0.9482758641242981, "acc_or": 0.982758641242981, "sender_entropy": 1.526028037071228, "receiver_entropy": 0.0, "original_loss": 0.06513532996177673, "mean_length": 6.0}
{"mode": "train", "epoch": 161, "loss": 4.472810745239258, "acc": 0.7706896662712097, "acc_or": 0.9141762852668762, "sender_entropy": 1.4260904788970947, "receiver_entropy": 0.0, "original_loss": 0.2340731918811798, "mean_length": 6.0}
{"mode": "test", "epoch": 161, "loss": 3.8642773628234863, "acc": 0.982758641242981, "acc_or": 0.9942528605461121, "sender_entropy": 1.5358141660690308, "receiver_entropy": 0.0, "original_loss": 0.05556434392929077, "mean_length": 6.0}
{"mode": "train", "epoch": 162, "loss": 4.446602821350098, "acc": 0.7678160667419434, "acc_or": 0.9157088398933411, "sender_entropy": 1.4181580543518066, "receiver_entropy": 0.0, "original_loss": 0.23465906083583832, "mean_length": 6.0}
{"mode": "test", "epoch": 162, "loss": 3.8830535411834717, "acc": 1.0, "acc_or": 1.0, "sender_entropy": 1.5275777578353882, "receiver_entropy": 0.0, "original_loss": 0.047076817601919174, "mean_length": 6.0}
{"epoch": 162, "positional_disent": 0.07631773501634598, "bag_of_symbol_disent": 0.10531575977802277, "topographic_sim": 0.454430758566922}
{"generalization hold out": {"acc": 0.9166666865348816, "acc_or": 0.9583333730697632}, "uniform holdout": {"acc": 0.0, "acc_or": 0.6111111044883728}, "epoch": 162}
---End--
