nohup: ignoring input
{"mode": "train", "epoch": 1, "loss": -21.94059944152832, "acc": 0.0014367816038429737, "acc_or": 0.13620689511299133, "sender_entropy": 2.301551580429077, "receiver_entropy": 0.0, "original_loss": 1.6234307289123535, "mean_length": 6.0}
{"mode": "test", "epoch": 1, "loss": 0.8304474353790283, "acc": 0.017241379246115685, "acc_or": 0.2298850566148758, "sender_entropy": 2.2997868061065674, "receiver_entropy": 0.0, "original_loss": 1.5940394401550293, "mean_length": 6.0}
{"mode": "train", "epoch": 2, "loss": 0.8838940858840942, "acc": 0.013793103396892548, "acc_or": 0.25316092371940613, "sender_entropy": 2.300158739089966, "receiver_entropy": 0.0, "original_loss": 1.5913474559783936, "mean_length": 6.0}
{"mode": "test", "epoch": 2, "loss": 1.0061068534851074, "acc": 0.017241379246115685, "acc_or": 0.28735631704330444, "sender_entropy": 2.2967028617858887, "receiver_entropy": 0.0, "original_loss": 1.5612077713012695, "mean_length": 6.0}
{"mode": "train", "epoch": 3, "loss": 1.0595052242279053, "acc": 0.013793103396892548, "acc_or": 0.2681034505367279, "sender_entropy": 2.297422170639038, "receiver_entropy": 0.0, "original_loss": 1.5603450536727905, "mean_length": 6.0}
{"mode": "test", "epoch": 3, "loss": 1.209786057472229, "acc": 0.017241379246115685, "acc_or": 0.270114928483963, "sender_entropy": 2.2942819595336914, "receiver_entropy": 0.0, "original_loss": 1.525882363319397, "mean_length": 6.0}
{"mode": "train", "epoch": 4, "loss": 1.2300379276275635, "acc": 0.019252873957157135, "acc_or": 0.2704980969429016, "sender_entropy": 2.295248508453369, "receiver_entropy": 0.0, "original_loss": 1.5301157236099243, "mean_length": 6.0}
{"mode": "test", "epoch": 4, "loss": 1.460121750831604, "acc": 0.017241379246115685, "acc_or": 0.270114928483963, "sender_entropy": 2.2930102348327637, "receiver_entropy": 0.0, "original_loss": 1.486855387687683, "mean_length": 6.0}
{"mode": "train", "epoch": 5, "loss": 1.44636070728302, "acc": 0.016954023391008377, "acc_or": 0.2644636034965515, "sender_entropy": 2.294013023376465, "receiver_entropy": 0.0, "original_loss": 1.4964630603790283, "mean_length": 6.0}
{"mode": "test", "epoch": 5, "loss": 1.7372220754623413, "acc": 0.017241379246115685, "acc_or": 0.270114928483963, "sender_entropy": 2.292344331741333, "receiver_entropy": 0.0, "original_loss": 1.4451196193695068, "mean_length": 6.0}
{"mode": "train", "epoch": 6, "loss": 1.6678602695465088, "acc": 0.017241379246115685, "acc_or": 0.2695402503013611, "sender_entropy": 2.2933578491210938, "receiver_entropy": 0.0, "original_loss": 1.4618738889694214, "mean_length": 6.0}
{"mode": "test", "epoch": 6, "loss": 1.890470266342163, "acc": 0.017241379246115685, "acc_or": 0.270114928483963, "sender_entropy": 2.291999578475952, "receiver_entropy": 0.0, "original_loss": 1.4140080213546753, "mean_length": 6.0}
{"mode": "train", "epoch": 7, "loss": 1.8713395595550537, "acc": 0.017528735101222992, "acc_or": 0.26858237385749817, "sender_entropy": 2.2930641174316406, "receiver_entropy": 0.0, "original_loss": 1.4283159971237183, "mean_length": 6.0}
{"mode": "test", "epoch": 7, "loss": 1.8281803131103516, "acc": 0.017241379246115685, "acc_or": 0.270114928483963, "sender_entropy": 2.2922327518463135, "receiver_entropy": 0.0, "original_loss": 1.4017759561538696, "mean_length": 6.0}
{"mode": "train", "epoch": 8, "loss": 1.9537209272384644, "acc": 0.016091953963041306, "acc_or": 0.27365902066230774, "sender_entropy": 2.2932472229003906, "receiver_entropy": 0.0, "original_loss": 1.404054880142212, "mean_length": 6.0}
{"mode": "test", "epoch": 8, "loss": 1.7548551559448242, "acc": 0.017241379246115685, "acc_or": 0.270114928483963, "sender_entropy": 2.292884588241577, "receiver_entropy": 0.0, "original_loss": 1.3923962116241455, "mean_length": 6.0}
{"mode": "train", "epoch": 9, "loss": 1.903079867362976, "acc": 0.017241379246115685, "acc_or": 0.2701149582862854, "sender_entropy": 2.293780565261841, "receiver_entropy": 0.0, "original_loss": 1.391357660293579, "mean_length": 6.0}
{"mode": "test", "epoch": 9, "loss": 1.712268590927124, "acc": 0.017241379246115685, "acc_or": 0.2931034564971924, "sender_entropy": 2.2938714027404785, "receiver_entropy": 0.0, "original_loss": 1.3818049430847168, "mean_length": 6.0}
{"mode": "train", "epoch": 10, "loss": 1.7662032842636108, "acc": 0.01666666567325592, "acc_or": 0.26273947954177856, "sender_entropy": 2.294480800628662, "receiver_entropy": 0.0, "original_loss": 1.387719988822937, "mean_length": 6.0}
{"mode": "test", "epoch": 10, "loss": 1.5932505130767822, "acc": 0.017241379246115685, "acc_or": 0.27586206793785095, "sender_entropy": 2.294996500015259, "receiver_entropy": 0.0, "original_loss": 1.3799667358398438, "mean_length": 6.0}
{"mode": "train", "epoch": 11, "loss": 1.6112289428710938, "acc": 0.019252873957157135, "acc_or": 0.27365902066230774, "sender_entropy": 2.2953603267669678, "receiver_entropy": 0.0, "original_loss": 1.3878734111785889, "mean_length": 6.0}
{"mode": "test", "epoch": 11, "loss": 1.5343509912490845, "acc": 0.017241379246115685, "acc_or": 0.270114928483963, "sender_entropy": 2.296018362045288, "receiver_entropy": 0.0, "original_loss": 1.3762491941452026, "mean_length": 6.0}
{"mode": "train", "epoch": 12, "loss": 1.4796799421310425, "acc": 0.017241379246115685, "acc_or": 0.27021074295043945, "sender_entropy": 2.296210527420044, "receiver_entropy": 0.0, "original_loss": 1.3884936571121216, "mean_length": 6.0}
{"mode": "test", "epoch": 12, "loss": 1.5358980894088745, "acc": 0.03448275849223137, "acc_or": 0.32758620381355286, "sender_entropy": 2.2969284057617188, "receiver_entropy": 0.0, "original_loss": 1.368476390838623, "mean_length": 6.0}
{"mode": "train", "epoch": 13, "loss": 1.4245874881744385, "acc": 0.017528735101222992, "acc_or": 0.2666666805744171, "sender_entropy": 2.297002077102661, "receiver_entropy": 0.0, "original_loss": 1.384631633758545, "mean_length": 6.0}
{"mode": "test", "epoch": 13, "loss": 1.4210118055343628, "acc": 0.017241379246115685, "acc_or": 0.2586206793785095, "sender_entropy": 2.297560691833496, "receiver_entropy": 0.0, "original_loss": 1.371038556098938, "mean_length": 6.0}
{"mode": "train", "epoch": 14, "loss": 1.2729216814041138, "acc": 0.01867816038429737, "acc_or": 0.2660919725894928, "sender_entropy": 2.2975733280181885, "receiver_entropy": 0.0, "original_loss": 1.3893176317214966, "mean_length": 6.0}
{"mode": "test", "epoch": 14, "loss": 1.4867781400680542, "acc": 0.017241379246115685, "acc_or": 0.2931034564971924, "sender_entropy": 2.29795503616333, "receiver_entropy": 0.0, "original_loss": 1.3604322671890259, "mean_length": 6.0}
{"mode": "train", "epoch": 15, "loss": 1.2653210163116455, "acc": 0.01781609281897545, "acc_or": 0.26580458879470825, "sender_entropy": 2.2980144023895264, "receiver_entropy": 0.0, "original_loss": 1.3841032981872559, "mean_length": 6.0}
{"mode": "test", "epoch": 15, "loss": 1.4466686248779297, "acc": 0.017241379246115685, "acc_or": 0.3218390941619873, "sender_entropy": 2.2982213497161865, "receiver_entropy": 0.0, "original_loss": 1.3586909770965576, "mean_length": 6.0}
{"mode": "train", "epoch": 16, "loss": 1.1916580200195312, "acc": 0.015517241321504116, "acc_or": 0.2686781585216522, "sender_entropy": 2.2983055114746094, "receiver_entropy": 0.0, "original_loss": 1.384521484375, "mean_length": 6.0}
{"mode": "test", "epoch": 16, "loss": 1.4213056564331055, "acc": 0.017241379246115685, "acc_or": 0.2816092073917389, "sender_entropy": 2.298377275466919, "receiver_entropy": 0.0, "original_loss": 1.3561854362487793, "mean_length": 6.0}
{"mode": "train", "epoch": 17, "loss": 1.10237455368042, "acc": 0.016954023391008377, "acc_or": 0.2701149582862854, "sender_entropy": 2.2985117435455322, "receiver_entropy": 0.0, "original_loss": 1.3868244886398315, "mean_length": 6.0}
{"mode": "test", "epoch": 17, "loss": 1.446148157119751, "acc": 0.03448275849223137, "acc_or": 0.3448275923728943, "sender_entropy": 2.2985551357269287, "receiver_entropy": 0.0, "original_loss": 1.3503211736679077, "mean_length": 6.0}
{"mode": "train", "epoch": 18, "loss": 1.094761610031128, "acc": 0.017241379246115685, "acc_or": 0.27059388160705566, "sender_entropy": 2.2986972332000732, "receiver_entropy": 0.0, "original_loss": 1.3834067583084106, "mean_length": 6.0}
{"mode": "test", "epoch": 18, "loss": 1.4662978649139404, "acc": 0.06896551698446274, "acc_or": 0.37931033968925476, "sender_entropy": 2.2986905574798584, "receiver_entropy": 0.0, "original_loss": 1.344977855682373, "mean_length": 6.0}
{"mode": "train", "epoch": 19, "loss": 1.048403024673462, "acc": 0.018390804529190063, "acc_or": 0.2733716666698456, "sender_entropy": 2.2988545894622803, "receiver_entropy": 0.0, "original_loss": 1.3832519054412842, "mean_length": 6.0}
{"mode": "test", "epoch": 19, "loss": 1.4437878131866455, "acc": 0.051724135875701904, "acc_or": 0.3735632300376892, "sender_entropy": 2.298840284347534, "receiver_entropy": 0.0, "original_loss": 1.3435354232788086, "mean_length": 6.0}
{"mode": "train", "epoch": 20, "loss": 0.9846019744873047, "acc": 0.01896551623940468, "acc_or": 0.2706896662712097, "sender_entropy": 2.2989983558654785, "receiver_entropy": 0.0, "original_loss": 1.3848767280578613, "mean_length": 6.0}
{"mode": "test", "epoch": 20, "loss": 1.492031216621399, "acc": 0.06896551698446274, "acc_or": 0.4367816150188446, "sender_entropy": 2.2989556789398193, "receiver_entropy": 0.0, "original_loss": 1.336723804473877, "mean_length": 6.0}
{"mode": "train", "epoch": 21, "loss": 0.9806981682777405, "acc": 0.02068965509533882, "acc_or": 0.2750000059604645, "sender_entropy": 2.2991034984588623, "receiver_entropy": 0.0, "original_loss": 1.3822481632232666, "mean_length": 6.0}
{"mode": "test", "epoch": 21, "loss": 1.5192363262176514, "acc": 0.051724135875701904, "acc_or": 0.3850574791431427, "sender_entropy": 2.2990870475769043, "receiver_entropy": 0.0, "original_loss": 1.3318217992782593, "mean_length": 6.0}
{"mode": "train", "epoch": 22, "loss": 0.944857120513916, "acc": 0.01781609281897545, "acc_or": 0.2710728049278259, "sender_entropy": 2.299217939376831, "receiver_entropy": 0.0, "original_loss": 1.3822197914123535, "mean_length": 6.0}
{"mode": "test", "epoch": 22, "loss": 1.5122588872909546, "acc": 0.03448275849223137, "acc_or": 0.37931033968925476, "sender_entropy": 2.2991855144500732, "receiver_entropy": 0.0, "original_loss": 1.329764485359192, "mean_length": 6.0}
{"mode": "train", "epoch": 23, "loss": 0.8967018127441406, "acc": 0.017241379246115685, "acc_or": 0.27183908224105835, "sender_entropy": 2.2992966175079346, "receiver_entropy": 0.0, "original_loss": 1.383448839187622, "mean_length": 6.0}
{"mode": "test", "epoch": 23, "loss": 1.5525767803192139, "acc": 0.10344827175140381, "acc_or": 0.4597701132297516, "sender_entropy": 2.299264430999756, "receiver_entropy": 0.0, "original_loss": 1.3240962028503418, "mean_length": 6.0}
{"mode": "train", "epoch": 24, "loss": 0.8836427927017212, "acc": 0.01781609281897545, "acc_or": 0.28170499205589294, "sender_entropy": 2.299370765686035, "receiver_entropy": 0.0, "original_loss": 1.3821866512298584, "mean_length": 6.0}
{"mode": "test", "epoch": 24, "loss": 1.5827916860580444, "acc": 0.12068965286016464, "acc_or": 0.5, "sender_entropy": 2.299318790435791, "receiver_entropy": 0.0, "original_loss": 1.3195081949234009, "mean_length": 6.0}
{"mode": "train", "epoch": 25, "loss": 0.8685316443443298, "acc": 0.0218390803784132, "acc_or": 0.2767241299152374, "sender_entropy": 2.2994260787963867, "receiver_entropy": 0.0, "original_loss": 1.3812510967254639, "mean_length": 6.0}
{"mode": "test", "epoch": 25, "loss": 1.5964725017547607, "acc": 0.12068965286016464, "acc_or": 0.517241358757019, "sender_entropy": 2.299375057220459, "receiver_entropy": 0.0, "original_loss": 1.3164478540420532, "mean_length": 6.0}
{"mode": "train", "epoch": 26, "loss": 0.8310863375663757, "acc": 0.01896551623940468, "acc_or": 0.2710728049278259, "sender_entropy": 2.2994840145111084, "receiver_entropy": 0.0, "original_loss": 1.3821706771850586, "mean_length": 6.0}
{"mode": "test", "epoch": 26, "loss": 1.6213959455490112, "acc": 0.12068965286016464, "acc_or": 0.522988498210907, "sender_entropy": 2.2994110584259033, "receiver_entropy": 0.0, "original_loss": 1.3125790357589722, "mean_length": 6.0}
{"mode": "train", "epoch": 27, "loss": 0.8069937825202942, "acc": 0.02097701095044613, "acc_or": 0.2790229916572571, "sender_entropy": 2.2995285987854004, "receiver_entropy": 0.0, "original_loss": 1.3822253942489624, "mean_length": 6.0}
{"mode": "test", "epoch": 27, "loss": 1.6674426794052124, "acc": 0.10344827175140381, "acc_or": 0.49425286054611206, "sender_entropy": 2.2994606494903564, "receiver_entropy": 0.0, "original_loss": 1.3070777654647827, "mean_length": 6.0}
{"mode": "train", "epoch": 28, "loss": 0.7968520522117615, "acc": 0.01867816038429737, "acc_or": 0.28314176201820374, "sender_entropy": 2.2995717525482178, "receiver_entropy": 0.0, "original_loss": 1.3813080787658691, "mean_length": 6.0}
{"mode": "test", "epoch": 28, "loss": 1.6961791515350342, "acc": 0.12068965286016464, "acc_or": 0.48275861144065857, "sender_entropy": 2.2994842529296875, "receiver_entropy": 0.0, "original_loss": 1.3030118942260742, "mean_length": 6.0}
{"mode": "train", "epoch": 29, "loss": 0.7807417511940002, "acc": 0.022413793951272964, "acc_or": 0.27931034564971924, "sender_entropy": 2.2995707988739014, "receiver_entropy": 0.0, "original_loss": 1.3809584379196167, "mean_length": 6.0}
{"mode": "test", "epoch": 29, "loss": 1.7286474704742432, "acc": 0.08620689809322357, "acc_or": 0.48275861144065857, "sender_entropy": 2.2994494438171387, "receiver_entropy": 0.0, "original_loss": 1.2987768650054932, "mean_length": 6.0}
{"mode": "train", "epoch": 30, "loss": 0.751711368560791, "acc": 0.02068965509533882, "acc_or": 0.27787357568740845, "sender_entropy": 2.2995288372039795, "receiver_entropy": 0.0, "original_loss": 1.3816956281661987, "mean_length": 6.0}
{"mode": "test", "epoch": 30, "loss": 1.7717918157577515, "acc": 0.12068965286016464, "acc_or": 0.5574712753295898, "sender_entropy": 2.2993578910827637, "receiver_entropy": 0.0, "original_loss": 1.2938041687011719, "mean_length": 6.0}
{"mode": "train", "epoch": 31, "loss": 0.7484046816825867, "acc": 0.022413793951272964, "acc_or": 0.28084293007850647, "sender_entropy": 2.2994320392608643, "receiver_entropy": 0.0, "original_loss": 1.3805803060531616, "mean_length": 6.0}
{"mode": "test", "epoch": 31, "loss": 1.8171732425689697, "acc": 0.13793103396892548, "acc_or": 0.5747126340866089, "sender_entropy": 2.299215316772461, "receiver_entropy": 0.0, "original_loss": 1.2886061668395996, "mean_length": 6.0}
{"mode": "train", "epoch": 32, "loss": 0.746569037437439, "acc": 0.018103448674082756, "acc_or": 0.28850576281547546, "sender_entropy": 2.2992665767669678, "receiver_entropy": 0.0, "original_loss": 1.3793905973434448, "mean_length": 6.0}
{"mode": "test", "epoch": 32, "loss": 1.849337100982666, "acc": 0.1551724076271057, "acc_or": 0.5747126340866089, "sender_entropy": 2.2990081310272217, "receiver_entropy": 0.0, "original_loss": 1.2844154834747314, "mean_length": 6.0}
{"mode": "train", "epoch": 33, "loss": 0.7273797392845154, "acc": 0.02298850566148758, "acc_or": 0.28630268573760986, "sender_entropy": 2.2990481853485107, "receiver_entropy": 0.0, "original_loss": 1.3795783519744873, "mean_length": 6.0}
{"mode": "test", "epoch": 33, "loss": 1.890184998512268, "acc": 0.18965516984462738, "acc_or": 0.5862069129943848, "sender_entropy": 2.298739194869995, "receiver_entropy": 0.0, "original_loss": 1.2795451879501343, "mean_length": 6.0}
{"mode": "train", "epoch": 34, "loss": 0.7081011533737183, "acc": 0.02298850566148758, "acc_or": 0.28850576281547546, "sender_entropy": 2.298738956451416, "receiver_entropy": 0.0, "original_loss": 1.3798086643218994, "mean_length": 6.0}
{"mode": "test", "epoch": 34, "loss": 1.932919979095459, "acc": 0.17241379618644714, "acc_or": 0.568965494632721, "sender_entropy": 2.2983531951904297, "receiver_entropy": 0.0, "original_loss": 1.2745137214660645, "mean_length": 6.0}
{"mode": "train", "epoch": 35, "loss": 0.6979060173034668, "acc": 0.0218390803784132, "acc_or": 0.2892720401287079, "sender_entropy": 2.298316240310669, "receiver_entropy": 0.0, "original_loss": 1.3794633150100708, "mean_length": 6.0}
{"mode": "test", "epoch": 35, "loss": 1.9596055746078491, "acc": 0.1551724076271057, "acc_or": 0.5977011322975159, "sender_entropy": 2.2978243827819824, "receiver_entropy": 0.0, "original_loss": 1.2706832885742188, "mean_length": 6.0}
{"mode": "train", "epoch": 36, "loss": 0.712624192237854, "acc": 0.024425286799669266, "acc_or": 0.2929118871688843, "sender_entropy": 2.2977724075317383, "receiver_entropy": 0.0, "original_loss": 1.3772250413894653, "mean_length": 6.0}
{"mode": "test", "epoch": 36, "loss": 2.0024471282958984, "acc": 0.20689654350280762, "acc_or": 0.6034482717514038, "sender_entropy": 2.2971858978271484, "receiver_entropy": 0.0, "original_loss": 1.2653216123580933, "mean_length": 6.0}
{"mode": "train", "epoch": 37, "loss": 0.7111372947692871, "acc": 0.02298850566148758, "acc_or": 0.30038315057754517, "sender_entropy": 2.297114849090576, "receiver_entropy": 0.0, "original_loss": 1.3761626482009888, "mean_length": 6.0}
{"mode": "test", "epoch": 37, "loss": 2.0630946159362793, "acc": 0.18965516984462738, "acc_or": 0.5804597735404968, "sender_entropy": 2.2963438034057617, "receiver_entropy": 0.0, "original_loss": 1.2582288980484009, "mean_length": 6.0}
{"mode": "train", "epoch": 38, "loss": 0.7060966491699219, "acc": 0.02500000037252903, "acc_or": 0.2990421652793884, "sender_entropy": 2.296257257461548, "receiver_entropy": 0.0, "original_loss": 1.375466227531433, "mean_length": 6.0}
{"mode": "test", "epoch": 38, "loss": 2.126143455505371, "acc": 0.17241379618644714, "acc_or": 0.568965494632721, "sender_entropy": 2.2952842712402344, "receiver_entropy": 0.0, "original_loss": 1.250739574432373, "mean_length": 6.0}
{"mode": "train", "epoch": 39, "loss": 0.6884344220161438, "acc": 0.023563217371702194, "acc_or": 0.3013409972190857, "sender_entropy": 2.2951719760894775, "receiver_entropy": 0.0, "original_loss": 1.3758076429367065, "mean_length": 6.0}
{"mode": "test", "epoch": 39, "loss": 2.190169334411621, "acc": 0.1551724076271057, "acc_or": 0.5632184147834778, "sender_entropy": 2.2940256595611572, "receiver_entropy": 0.0, "original_loss": 1.2429357767105103, "mean_length": 6.0}
{"mode": "train", "epoch": 40, "loss": 0.71280837059021, "acc": 0.031609196215867996, "acc_or": 0.30747127532958984, "sender_entropy": 2.2938904762268066, "receiver_entropy": 0.0, "original_loss": 1.3727489709854126, "mean_length": 6.0}
{"mode": "test", "epoch": 40, "loss": 2.2633233070373535, "acc": 0.1551724076271057, "acc_or": 0.5632184147834778, "sender_entropy": 2.2924227714538574, "receiver_entropy": 0.0, "original_loss": 1.2339494228363037, "mean_length": 6.0}
{"mode": "train", "epoch": 41, "loss": 0.7185867428779602, "acc": 0.030747126787900925, "acc_or": 0.3163793087005615, "sender_entropy": 2.292248249053955, "receiver_entropy": 0.0, "original_loss": 1.3711154460906982, "mean_length": 6.0}
{"mode": "test", "epoch": 41, "loss": 2.3395228385925293, "acc": 0.17241379618644714, "acc_or": 0.5804597735404968, "sender_entropy": 2.2902910709381104, "receiver_entropy": 0.0, "original_loss": 1.224321961402893, "mean_length": 6.0}
{"mode": "train", "epoch": 42, "loss": 0.7389873266220093, "acc": 0.03017241321504116, "acc_or": 0.3121647536754608, "sender_entropy": 2.290104866027832, "receiver_entropy": 0.0, "original_loss": 1.368389368057251, "mean_length": 6.0}
{"mode": "test", "epoch": 42, "loss": 2.428393840789795, "acc": 0.17241379618644714, "acc_or": 0.5747126340866089, "sender_entropy": 2.287479877471924, "receiver_entropy": 0.0, "original_loss": 1.212922215461731, "mean_length": 6.0}
{"mode": "train", "epoch": 43, "loss": 0.7449851036071777, "acc": 0.03247126564383507, "acc_or": 0.3168582320213318, "sender_entropy": 2.2872610092163086, "receiver_entropy": 0.0, "original_loss": 1.3665978908538818, "mean_length": 6.0}
{"mode": "test", "epoch": 43, "loss": 2.5190329551696777, "acc": 0.1551724076271057, "acc_or": 0.5574712753295898, "sender_entropy": 2.2835774421691895, "receiver_entropy": 0.0, "original_loss": 1.2004073858261108, "mean_length": 6.0}
{"mode": "train", "epoch": 44, "loss": 0.8046815395355225, "acc": 0.03218390792608261, "acc_or": 0.3324712812900543, "sender_entropy": 2.2833518981933594, "receiver_entropy": 0.0, "original_loss": 1.360589861869812, "mean_length": 6.0}
{"mode": "test", "epoch": 44, "loss": 2.6188855171203613, "acc": 0.1551724076271057, "acc_or": 0.5747126340866089, "sender_entropy": 2.2781519889831543, "receiver_entropy": 0.0, "original_loss": 1.1855629682540894, "mean_length": 6.0}
{"mode": "train", "epoch": 45, "loss": 0.8324499130249023, "acc": 0.0336206890642643, "acc_or": 0.3399425446987152, "sender_entropy": 2.2778818607330322, "receiver_entropy": 0.0, "original_loss": 1.3569717407226562, "mean_length": 6.0}
{"mode": "test", "epoch": 45, "loss": 2.6761653423309326, "acc": 0.12068965286016464, "acc_or": 0.5517241358757019, "sender_entropy": 2.2710952758789062, "receiver_entropy": 0.0, "original_loss": 1.1731793880462646, "mean_length": 6.0}
{"mode": "train", "epoch": 46, "loss": 0.925054132938385, "acc": 0.04051724076271057, "acc_or": 0.35680076479911804, "sender_entropy": 2.270860433578491, "receiver_entropy": 0.0, "original_loss": 1.3478538990020752, "mean_length": 6.0}
{"mode": "test", "epoch": 46, "loss": 2.764883041381836, "acc": 0.13793103396892548, "acc_or": 0.568965494632721, "sender_entropy": 2.2620186805725098, "receiver_entropy": 0.0, "original_loss": 1.1567497253417969, "mean_length": 6.0}
{"mode": "train", "epoch": 47, "loss": 1.0072846412658691, "acc": 0.0436781607568264, "acc_or": 0.3649425506591797, "sender_entropy": 2.261730670928955, "receiver_entropy": 0.0, "original_loss": 1.3392374515533447, "mean_length": 6.0}
{"mode": "test", "epoch": 47, "loss": 2.8755228519439697, "acc": 0.1551724076271057, "acc_or": 0.5517241358757019, "sender_entropy": 2.2503209114074707, "receiver_entropy": 0.0, "original_loss": 1.1365848779678345, "mean_length": 6.0}
{"mode": "train", "epoch": 48, "loss": 1.1388418674468994, "acc": 0.052586205303668976, "acc_or": 0.38390806317329407, "sender_entropy": 2.2500298023223877, "receiver_entropy": 0.0, "original_loss": 1.3260408639907837, "mean_length": 6.0}
{"mode": "test", "epoch": 48, "loss": 2.9228322505950928, "acc": 0.10344827175140381, "acc_or": 0.5517241358757019, "sender_entropy": 2.235100746154785, "receiver_entropy": 0.0, "original_loss": 1.1197270154953003, "mean_length": 6.0}
{"mode": "train", "epoch": 49, "loss": 1.295393466949463, "acc": 0.04885057359933853, "acc_or": 0.40363985300064087, "sender_entropy": 2.2347617149353027, "receiver_entropy": 0.0, "original_loss": 1.3098483085632324, "mean_length": 6.0}
{"mode": "test", "epoch": 49, "loss": 2.940281629562378, "acc": 0.08620689809322357, "acc_or": 0.5287356376647949, "sender_entropy": 2.2145330905914307, "receiver_entropy": 0.0, "original_loss": 1.1029088497161865, "mean_length": 6.0}
{"mode": "train", "epoch": 50, "loss": 1.5111223459243774, "acc": 0.06436781585216522, "acc_or": 0.4181034564971924, "sender_entropy": 2.214212656021118, "receiver_entropy": 0.0, "original_loss": 1.2880409955978394, "mean_length": 6.0}
{"mode": "test", "epoch": 50, "loss": 2.939847230911255, "acc": 0.08620689809322357, "acc_or": 0.5344827771186829, "sender_entropy": 2.190331220626831, "receiver_entropy": 0.0, "original_loss": 1.085788369178772, "mean_length": 6.0}
{"mode": "train", "epoch": 51, "loss": 1.7070183753967285, "acc": 0.06580460071563721, "acc_or": 0.4289272129535675, "sender_entropy": 2.1894733905792236, "receiver_entropy": 0.0, "original_loss": 1.2665404081344604, "mean_length": 6.0}
{"mode": "test", "epoch": 51, "loss": 2.910801649093628, "acc": 0.08620689809322357, "acc_or": 0.5517241358757019, "sender_entropy": 2.169618844985962, "receiver_entropy": 0.0, "original_loss": 1.0735777616500854, "mean_length": 6.0}
{"mode": "train", "epoch": 52, "loss": 1.9316288232803345, "acc": 0.06695402413606644, "acc_or": 0.44157087802886963, "sender_entropy": 2.1681594848632812, "receiver_entropy": 0.0, "original_loss": 1.23997962474823, "mean_length": 6.0}
{"mode": "test", "epoch": 52, "loss": 2.8210854530334473, "acc": 0.08620689809322357, "acc_or": 0.5287356376647949, "sender_entropy": 2.147916793823242, "receiver_entropy": 0.0, "original_loss": 1.068315863609314, "mean_length": 6.0}
{"mode": "train", "epoch": 53, "loss": 2.164797306060791, "acc": 0.07586206495761871, "acc_or": 0.45622605085372925, "sender_entropy": 2.1455063819885254, "receiver_entropy": 0.0, "original_loss": 1.2125704288482666, "mean_length": 6.0}
{"mode": "test", "epoch": 53, "loss": 2.6920251846313477, "acc": 0.051724135875701904, "acc_or": 0.517241358757019, "sender_entropy": 2.123575210571289, "receiver_entropy": 0.0, "original_loss": 1.0653685331344604, "mean_length": 6.0}
{"mode": "train", "epoch": 54, "loss": 2.3585476875305176, "acc": 0.07643678039312363, "acc_or": 0.4637930989265442, "sender_entropy": 2.1196486949920654, "receiver_entropy": 0.0, "original_loss": 1.1874265670776367, "mean_length": 6.0}
{"mode": "test", "epoch": 54, "loss": 2.599475383758545, "acc": 0.08620689809322357, "acc_or": 0.5287356376647949, "sender_entropy": 2.1046743392944336, "receiver_entropy": 0.0, "original_loss": 1.064666509628296, "mean_length": 6.0}
{"mode": "train", "epoch": 55, "loss": 2.467006206512451, "acc": 0.07873563468456268, "acc_or": 0.4733716547489166, "sender_entropy": 2.0993404388427734, "receiver_entropy": 0.0, "original_loss": 1.1677864789962769, "mean_length": 6.0}
{"mode": "test", "epoch": 55, "loss": 2.484816312789917, "acc": 0.06896551698446274, "acc_or": 0.5287356376647949, "sender_entropy": 2.0801069736480713, "receiver_entropy": 0.0, "original_loss": 1.0678794384002686, "mean_length": 6.0}
{"mode": "train", "epoch": 56, "loss": 2.5056371688842773, "acc": 0.08247126638889313, "acc_or": 0.4832375645637512, "sender_entropy": 2.0719950199127197, "receiver_entropy": 0.0, "original_loss": 1.1545542478561401, "mean_length": 6.0}
{"mode": "test", "epoch": 56, "loss": 2.7499847412109375, "acc": 0.08620689809322357, "acc_or": 0.540229856967926, "sender_entropy": 2.0862605571746826, "receiver_entropy": 0.0, "original_loss": 1.0390290021896362, "mean_length": 6.0}
{"mode": "train", "epoch": 57, "loss": 2.558171510696411, "acc": 0.08160919696092606, "acc_or": 0.4881226122379303, "sender_entropy": 2.077887535095215, "receiver_entropy": 0.0, "original_loss": 1.14596426486969, "mean_length": 6.0}
{"mode": "test", "epoch": 57, "loss": 3.0302464962005615, "acc": 0.10344827175140381, "acc_or": 0.5862069129943848, "sender_entropy": 2.0955262184143066, "receiver_entropy": 0.0, "original_loss": 1.0037007331848145, "mean_length": 6.0}
{"mode": "train", "epoch": 58, "loss": 2.5609936714172363, "acc": 0.08965517580509186, "acc_or": 0.49061304330825806, "sender_entropy": 2.0868771076202393, "receiver_entropy": 0.0, "original_loss": 1.1423723697662354, "mean_length": 6.0}
{"mode": "test", "epoch": 58, "loss": 3.2408127784729004, "acc": 0.13793103396892548, "acc_or": 0.5862069129943848, "sender_entropy": 2.087367534637451, "receiver_entropy": 0.0, "original_loss": 0.972649097442627, "mean_length": 6.0}
{"mode": "train", "epoch": 59, "loss": 2.516594171524048, "acc": 0.08706896752119064, "acc_or": 0.4881226122379303, "sender_entropy": 2.077103853225708, "receiver_entropy": 0.0, "original_loss": 1.1426193714141846, "mean_length": 6.0}
{"mode": "test", "epoch": 59, "loss": 3.433251142501831, "acc": 0.20689654350280762, "acc_or": 0.6494252681732178, "sender_entropy": 2.0705158710479736, "receiver_entropy": 0.0, "original_loss": 0.9362537860870361, "mean_length": 6.0}
{"mode": "train", "epoch": 60, "loss": 2.6824772357940674, "acc": 0.09425286948680878, "acc_or": 0.49463602900505066, "sender_entropy": 2.059990882873535, "receiver_entropy": 0.0, "original_loss": 1.122694969177246, "mean_length": 6.0}
{"mode": "test", "epoch": 60, "loss": 3.4228901863098145, "acc": 0.17241379618644714, "acc_or": 0.6436781883239746, "sender_entropy": 2.049487590789795, "receiver_entropy": 0.0, "original_loss": 0.9209574460983276, "mean_length": 6.0}
{"mode": "train", "epoch": 61, "loss": 2.906365394592285, "acc": 0.10172414034605026, "acc_or": 0.511685848236084, "sender_entropy": 2.0373406410217285, "receiver_entropy": 0.0, "original_loss": 1.09381902217865, "mean_length": 6.0}
{"mode": "test", "epoch": 61, "loss": 3.490899085998535, "acc": 0.22413793206214905, "acc_or": 0.6379310488700867, "sender_entropy": 2.0273818969726562, "receiver_entropy": 0.0, "original_loss": 0.8948884010314941, "mean_length": 6.0}
{"mode": "train", "epoch": 62, "loss": 2.98874568939209, "acc": 0.11982758343219757, "acc_or": 0.5234674215316772, "sender_entropy": 2.012049436569214, "receiver_entropy": 0.0, "original_loss": 1.0779870748519897, "mean_length": 6.0}
{"mode": "test", "epoch": 62, "loss": 3.5544233322143555, "acc": 0.2586206793785095, "acc_or": 0.6781609058380127, "sender_entropy": 2.004277467727661, "receiver_entropy": 0.0, "original_loss": 0.868378758430481, "mean_length": 6.0}
{"mode": "train", "epoch": 63, "loss": 3.1751866340637207, "acc": 0.11954022943973541, "acc_or": 0.5332375764846802, "sender_entropy": 1.9890375137329102, "receiver_entropy": 0.0, "original_loss": 1.0557663440704346, "mean_length": 6.0}
{"mode": "test", "epoch": 63, "loss": 3.601759195327759, "acc": 0.3103448152542114, "acc_or": 0.7011494040489197, "sender_entropy": 1.9882138967514038, "receiver_entropy": 0.0, "original_loss": 0.8447859883308411, "mean_length": 6.0}
{"mode": "train", "epoch": 64, "loss": 3.334782123565674, "acc": 0.1364942491054535, "acc_or": 0.546072781085968, "sender_entropy": 1.9723764657974243, "receiver_entropy": 0.0, "original_loss": 1.0319806337356567, "mean_length": 6.0}
{"mode": "test", "epoch": 64, "loss": 3.6492042541503906, "acc": 0.27586206793785095, "acc_or": 0.6781609058380127, "sender_entropy": 1.977408528327942, "receiver_entropy": 0.0, "original_loss": 0.8204270601272583, "mean_length": 6.0}
{"mode": "train", "epoch": 65, "loss": 3.510373592376709, "acc": 0.1545976996421814, "acc_or": 0.5633141994476318, "sender_entropy": 1.9569569826126099, "receiver_entropy": 0.0, "original_loss": 1.0067805051803589, "mean_length": 6.0}
{"mode": "test", "epoch": 65, "loss": 3.7123312950134277, "acc": 0.3448275923728943, "acc_or": 0.6896551847457886, "sender_entropy": 1.9655389785766602, "receiver_entropy": 0.0, "original_loss": 0.798556387424469, "mean_length": 6.0}
{"mode": "train", "epoch": 66, "loss": 3.6040470600128174, "acc": 0.17787356674671173, "acc_or": 0.5781609416007996, "sender_entropy": 1.9424970149993896, "receiver_entropy": 0.0, "original_loss": 0.9896080493927002, "mean_length": 6.0}
{"mode": "test", "epoch": 66, "loss": 3.7743678092956543, "acc": 0.3448275923728943, "acc_or": 0.7126436829566956, "sender_entropy": 1.9560930728912354, "receiver_entropy": 0.0, "original_loss": 0.7805404663085938, "mean_length": 6.0}
{"mode": "train", "epoch": 67, "loss": 3.775799512863159, "acc": 0.18850573897361755, "acc_or": 0.5955938696861267, "sender_entropy": 1.9337241649627686, "receiver_entropy": 0.0, "original_loss": 0.9667107462882996, "mean_length": 6.0}
{"mode": "test", "epoch": 67, "loss": 3.753140926361084, "acc": 0.36206895112991333, "acc_or": 0.7126436829566956, "sender_entropy": 1.9414899349212646, "receiver_entropy": 0.0, "original_loss": 0.766513466835022, "mean_length": 6.0}
{"mode": "train", "epoch": 68, "loss": 3.8742246627807617, "acc": 0.21005746722221375, "acc_or": 0.6022030711174011, "sender_entropy": 1.9200029373168945, "receiver_entropy": 0.0, "original_loss": 0.9443739652633667, "mean_length": 6.0}
{"mode": "test", "epoch": 68, "loss": 3.630079507827759, "acc": 0.2931034564971924, "acc_or": 0.6839080452919006, "sender_entropy": 1.9280993938446045, "receiver_entropy": 0.0, "original_loss": 0.7689581513404846, "mean_length": 6.0}
{"mode": "train", "epoch": 69, "loss": 3.9823224544525146, "acc": 0.21609196066856384, "acc_or": 0.6143678426742554, "sender_entropy": 1.902570128440857, "receiver_entropy": 0.0, "original_loss": 0.9222497940063477, "mean_length": 6.0}
{"mode": "test", "epoch": 69, "loss": 3.6072309017181396, "acc": 0.2586206793785095, "acc_or": 0.6896551847457886, "sender_entropy": 1.9157851934432983, "receiver_entropy": 0.0, "original_loss": 0.7553237080574036, "mean_length": 6.0}
{"mode": "train", "epoch": 70, "loss": 4.125930309295654, "acc": 0.23362068831920624, "acc_or": 0.6224138140678406, "sender_entropy": 1.8849235773086548, "receiver_entropy": 0.0, "original_loss": 0.8996451497077942, "mean_length": 6.0}
{"mode": "test", "epoch": 70, "loss": 3.8231916427612305, "acc": 0.2931034564971924, "acc_or": 0.7183908224105835, "sender_entropy": 1.9101299047470093, "receiver_entropy": 0.0, "original_loss": 0.7208477258682251, "mean_length": 6.0}
{"mode": "train", "epoch": 71, "loss": 4.238089084625244, "acc": 0.24367815256118774, "acc_or": 0.6333333253860474, "sender_entropy": 1.875382423400879, "receiver_entropy": 0.0, "original_loss": 0.8755472302436829, "mean_length": 6.0}
{"mode": "test", "epoch": 71, "loss": 4.0645036697387695, "acc": 0.41379308700561523, "acc_or": 0.7586206793785095, "sender_entropy": 1.9031181335449219, "receiver_entropy": 0.0, "original_loss": 0.6766534447669983, "mean_length": 6.0}
{"mode": "train", "epoch": 72, "loss": 4.407325744628906, "acc": 0.23908045887947083, "acc_or": 0.6383141875267029, "sender_entropy": 1.8646178245544434, "receiver_entropy": 0.0, "original_loss": 0.8539330959320068, "mean_length": 6.0}
{"mode": "test", "epoch": 72, "loss": 4.259786128997803, "acc": 0.37931033968925476, "acc_or": 0.7471264600753784, "sender_entropy": 1.9063606262207031, "receiver_entropy": 0.0, "original_loss": 0.6442968249320984, "mean_length": 6.0}
{"mode": "train", "epoch": 73, "loss": 4.4598774909973145, "acc": 0.260632187128067, "acc_or": 0.6459770202636719, "sender_entropy": 1.8536615371704102, "receiver_entropy": 0.0, "original_loss": 0.8383496999740601, "mean_length": 6.0}
{"mode": "test", "epoch": 73, "loss": 4.374271869659424, "acc": 0.3448275923728943, "acc_or": 0.7413793206214905, "sender_entropy": 1.9044945240020752, "receiver_entropy": 0.0, "original_loss": 0.6215983629226685, "mean_length": 6.0}
{"mode": "train", "epoch": 74, "loss": 4.3352274894714355, "acc": 0.2554597556591034, "acc_or": 0.6490421891212463, "sender_entropy": 1.8508613109588623, "receiver_entropy": 0.0, "original_loss": 0.8400424718856812, "mean_length": 6.0}
{"mode": "test", "epoch": 74, "loss": 4.364438056945801, "acc": 0.32758620381355286, "acc_or": 0.7471264600753784, "sender_entropy": 1.8927470445632935, "receiver_entropy": 0.0, "original_loss": 0.6116610169410706, "mean_length": 6.0}
{"mode": "train", "epoch": 75, "loss": 4.54097843170166, "acc": 0.28189656138420105, "acc_or": 0.657950222492218, "sender_entropy": 1.8398250341415405, "receiver_entropy": 0.0, "original_loss": 0.8109440207481384, "mean_length": 6.0}
{"mode": "test", "epoch": 75, "loss": 4.394056797027588, "acc": 0.3448275923728943, "acc_or": 0.7528735399246216, "sender_entropy": 1.882389783859253, "receiver_entropy": 0.0, "original_loss": 0.5917054414749146, "mean_length": 6.0}
{"mode": "train", "epoch": 76, "loss": 4.544773101806641, "acc": 0.2856321930885315, "acc_or": 0.6710728406906128, "sender_entropy": 1.828838586807251, "receiver_entropy": 0.0, "original_loss": 0.7962043881416321, "mean_length": 6.0}
{"mode": "test", "epoch": 76, "loss": 4.439311981201172, "acc": 0.41379308700561523, "acc_or": 0.7586206793785095, "sender_entropy": 1.8634580373764038, "receiver_entropy": 0.0, "original_loss": 0.5668279528617859, "mean_length": 6.0}
{"mode": "train", "epoch": 77, "loss": 4.721014499664307, "acc": 0.30402299761772156, "acc_or": 0.6795977354049683, "sender_entropy": 1.8085893392562866, "receiver_entropy": 0.0, "original_loss": 0.7648597359657288, "mean_length": 6.0}
{"mode": "test", "epoch": 77, "loss": 4.313620567321777, "acc": 0.4482758641242981, "acc_or": 0.7701149582862854, "sender_entropy": 1.8356221914291382, "receiver_entropy": 0.0, "original_loss": 0.5652285218238831, "mean_length": 6.0}
{"mode": "train", "epoch": 78, "loss": 4.745660781860352, "acc": 0.31494253873825073, "acc_or": 0.6891762614250183, "sender_entropy": 1.7755509614944458, "receiver_entropy": 0.0, "original_loss": 0.7497622966766357, "mean_length": 6.0}
{"mode": "test", "epoch": 78, "loss": 4.4715704917907715, "acc": 0.5517241358757019, "acc_or": 0.8045976758003235, "sender_entropy": 1.8109580278396606, "receiver_entropy": 0.0, "original_loss": 0.5295936465263367, "mean_length": 6.0}
{"mode": "train", "epoch": 79, "loss": 4.995729446411133, "acc": 0.33764368295669556, "acc_or": 0.7082375884056091, "sender_entropy": 1.7478197813034058, "receiver_entropy": 0.0, "original_loss": 0.712681770324707, "mean_length": 6.0}
{"mode": "test", "epoch": 79, "loss": 4.48451566696167, "acc": 0.568965494632721, "acc_or": 0.8275861740112305, "sender_entropy": 1.793427586555481, "receiver_entropy": 0.0, "original_loss": 0.5083030462265015, "mean_length": 6.0}
{"mode": "train", "epoch": 80, "loss": 5.141654968261719, "acc": 0.3658045828342438, "acc_or": 0.7246168851852417, "sender_entropy": 1.7236523628234863, "receiver_entropy": 0.0, "original_loss": 0.6847600340843201, "mean_length": 6.0}
{"mode": "test", "epoch": 80, "loss": 4.353320598602295, "acc": 0.5, "acc_or": 0.8045976758003235, "sender_entropy": 1.7759798765182495, "receiver_entropy": 0.0, "original_loss": 0.51117342710495, "mean_length": 6.0}
{"mode": "train", "epoch": 81, "loss": 5.234536647796631, "acc": 0.3798850476741791, "acc_or": 0.7341954112052917, "sender_entropy": 1.7016170024871826, "receiver_entropy": 0.0, "original_loss": 0.6628074049949646, "mean_length": 6.0}
{"mode": "test", "epoch": 81, "loss": 4.468976020812988, "acc": 0.5517241358757019, "acc_or": 0.8218390941619873, "sender_entropy": 1.7675138711929321, "receiver_entropy": 0.0, "original_loss": 0.4780837297439575, "mean_length": 6.0}
{"mode": "train", "epoch": 82, "loss": 5.215453624725342, "acc": 0.36781609058380127, "acc_or": 0.7290229797363281, "sender_entropy": 1.6948038339614868, "receiver_entropy": 0.0, "original_loss": 0.6533207297325134, "mean_length": 6.0}
{"mode": "test", "epoch": 82, "loss": 4.45866584777832, "acc": 0.6034482717514038, "acc_or": 0.8275861740112305, "sender_entropy": 1.7636462450027466, "receiver_entropy": 0.0, "original_loss": 0.4705779552459717, "mean_length": 6.0}
{"mode": "train", "epoch": 83, "loss": 5.175950527191162, "acc": 0.3876436650753021, "acc_or": 0.7365900278091431, "sender_entropy": 1.6886863708496094, "receiver_entropy": 0.0, "original_loss": 0.6444743275642395, "mean_length": 6.0}
{"mode": "test", "epoch": 83, "loss": 4.457181930541992, "acc": 0.568965494632721, "acc_or": 0.8218390941619873, "sender_entropy": 1.7601065635681152, "receiver_entropy": 0.0, "original_loss": 0.4670141041278839, "mean_length": 6.0}
{"mode": "train", "epoch": 84, "loss": 5.239201068878174, "acc": 0.4037356376647949, "acc_or": 0.7483716607093811, "sender_entropy": 1.6805188655853271, "receiver_entropy": 0.0, "original_loss": 0.6274046301841736, "mean_length": 6.0}
{"mode": "test", "epoch": 84, "loss": 4.625528335571289, "acc": 0.568965494632721, "acc_or": 0.8390804529190063, "sender_entropy": 1.7598974704742432, "receiver_entropy": 0.0, "original_loss": 0.4316023588180542, "mean_length": 6.0}
{"mode": "train", "epoch": 85, "loss": 5.301360130310059, "acc": 0.42701148986816406, "acc_or": 0.7597701549530029, "sender_entropy": 1.6813349723815918, "receiver_entropy": 0.0, "original_loss": 0.6084370017051697, "mean_length": 6.0}
{"mode": "test", "epoch": 85, "loss": 4.675656318664551, "acc": 0.568965494632721, "acc_or": 0.8390804529190063, "sender_entropy": 1.7536373138427734, "receiver_entropy": 0.0, "original_loss": 0.4134269058704376, "mean_length": 6.0}
{"mode": "train", "epoch": 86, "loss": 5.229743003845215, "acc": 0.41436782479286194, "acc_or": 0.757662832736969, "sender_entropy": 1.6713809967041016, "receiver_entropy": 0.0, "original_loss": 0.6103427410125732, "mean_length": 6.0}
{"mode": "test", "epoch": 86, "loss": 4.582882404327393, "acc": 0.5862069129943848, "acc_or": 0.8275861740112305, "sender_entropy": 1.7549301385879517, "receiver_entropy": 0.0, "original_loss": 0.4195636212825775, "mean_length": 6.0}
{"mode": "train", "epoch": 87, "loss": 5.291443824768066, "acc": 0.43390804529190063, "acc_or": 0.7659961581230164, "sender_entropy": 1.666261076927185, "receiver_entropy": 0.0, "original_loss": 0.5945761203765869, "mean_length": 6.0}
{"mode": "test", "epoch": 87, "loss": 4.490158557891846, "acc": 0.6034482717514038, "acc_or": 0.8390804529190063, "sender_entropy": 1.7445398569107056, "receiver_entropy": 0.0, "original_loss": 0.41282790899276733, "mean_length": 6.0}
{"mode": "train", "epoch": 88, "loss": 5.346458435058594, "acc": 0.442241370677948, "acc_or": 0.7697318196296692, "sender_entropy": 1.6631935834884644, "receiver_entropy": 0.0, "original_loss": 0.5794439911842346, "mean_length": 6.0}
{"mode": "test", "epoch": 88, "loss": 4.648469924926758, "acc": 0.6551724076271057, "acc_or": 0.8620689511299133, "sender_entropy": 1.747651219367981, "receiver_entropy": 0.0, "original_loss": 0.38147610425949097, "mean_length": 6.0}
{"mode": "train", "epoch": 89, "loss": 5.3354363441467285, "acc": 0.4623563289642334, "acc_or": 0.7765325903892517, "sender_entropy": 1.6556739807128906, "receiver_entropy": 0.0, "original_loss": 0.5704975128173828, "mean_length": 6.0}
{"mode": "test", "epoch": 89, "loss": 4.663054466247559, "acc": 0.6724137663841248, "acc_or": 0.8735632300376892, "sender_entropy": 1.7495248317718506, "receiver_entropy": 0.0, "original_loss": 0.3718140721321106, "mean_length": 6.0}
{"mode": "train", "epoch": 90, "loss": 5.428991794586182, "acc": 0.44942528009414673, "acc_or": 0.7763410210609436, "sender_entropy": 1.65658700466156, "receiver_entropy": 0.0, "original_loss": 0.5554226636886597, "mean_length": 6.0}
{"mode": "test", "epoch": 90, "loss": 4.743394374847412, "acc": 0.6724137663841248, "acc_or": 0.8735632300376892, "sender_entropy": 1.7570751905441284, "receiver_entropy": 0.0, "original_loss": 0.3615473806858063, "mean_length": 6.0}
{"mode": "train", "epoch": 91, "loss": 5.33289098739624, "acc": 0.4577586054801941, "acc_or": 0.7775862216949463, "sender_entropy": 1.6589078903198242, "receiver_entropy": 0.0, "original_loss": 0.5558381080627441, "mean_length": 6.0}
{"mode": "test", "epoch": 91, "loss": 4.733615398406982, "acc": 0.7068965435028076, "acc_or": 0.8965517282485962, "sender_entropy": 1.7537529468536377, "receiver_entropy": 0.0, "original_loss": 0.3552720844745636, "mean_length": 6.0}
{"mode": "train", "epoch": 92, "loss": 5.346492290496826, "acc": 0.4689655303955078, "acc_or": 0.7834291458129883, "sender_entropy": 1.6554845571517944, "receiver_entropy": 0.0, "original_loss": 0.5413913130760193, "mean_length": 6.0}
{"mode": "test", "epoch": 92, "loss": 4.6464362144470215, "acc": 0.6896551847457886, "acc_or": 0.8735632300376892, "sender_entropy": 1.7412124872207642, "receiver_entropy": 0.0, "original_loss": 0.35192784667015076, "mean_length": 6.0}
{"mode": "train", "epoch": 93, "loss": 5.329489231109619, "acc": 0.47873562574386597, "acc_or": 0.7884100079536438, "sender_entropy": 1.6395375728607178, "receiver_entropy": 0.0, "original_loss": 0.530893862247467, "mean_length": 6.0}
{"mode": "test", "epoch": 93, "loss": 4.711791515350342, "acc": 0.6896551847457886, "acc_or": 0.8850574493408203, "sender_entropy": 1.739140510559082, "receiver_entropy": 0.0, "original_loss": 0.3312129080295563, "mean_length": 6.0}
{"mode": "train", "epoch": 94, "loss": 5.392111301422119, "acc": 0.49827584624290466, "acc_or": 0.7962644100189209, "sender_entropy": 1.632016658782959, "receiver_entropy": 0.0, "original_loss": 0.517471969127655, "mean_length": 6.0}
{"mode": "test", "epoch": 94, "loss": 4.816766262054443, "acc": 0.7586206793785095, "acc_or": 0.9137930870056152, "sender_entropy": 1.7310274839401245, "receiver_entropy": 0.0, "original_loss": 0.3036998212337494, "mean_length": 6.0}
{"mode": "train", "epoch": 95, "loss": 5.339357852935791, "acc": 0.49712643027305603, "acc_or": 0.7933908104896545, "sender_entropy": 1.6253705024719238, "receiver_entropy": 0.0, "original_loss": 0.5129607915878296, "mean_length": 6.0}
{"mode": "test", "epoch": 95, "loss": 4.956570625305176, "acc": 0.7586206793785095, "acc_or": 0.9195402264595032, "sender_entropy": 1.727129340171814, "receiver_entropy": 0.0, "original_loss": 0.27675268054008484, "mean_length": 6.0}
{"mode": "train", "epoch": 96, "loss": 5.35300350189209, "acc": 0.5109195113182068, "acc_or": 0.8046935200691223, "sender_entropy": 1.615545392036438, "receiver_entropy": 0.0, "original_loss": 0.49606260657310486, "mean_length": 6.0}
{"mode": "test", "epoch": 96, "loss": 4.739953994750977, "acc": 0.7241379022598267, "acc_or": 0.9080459475517273, "sender_entropy": 1.709606647491455, "receiver_entropy": 0.0, "original_loss": 0.2919975817203522, "mean_length": 6.0}
{"mode": "train", "epoch": 97, "loss": 5.357242107391357, "acc": 0.5089080333709717, "acc_or": 0.8045977354049683, "sender_entropy": 1.5999592542648315, "receiver_entropy": 0.0, "original_loss": 0.49013662338256836, "mean_length": 6.0}
{"mode": "test", "epoch": 97, "loss": 4.740620136260986, "acc": 0.7413793206214905, "acc_or": 0.9080459475517273, "sender_entropy": 1.7057193517684937, "receiver_entropy": 0.0, "original_loss": 0.28222939372062683, "mean_length": 6.0}
{"mode": "train", "epoch": 98, "loss": 5.305398464202881, "acc": 0.5316091775894165, "acc_or": 0.8115900754928589, "sender_entropy": 1.5909336805343628, "receiver_entropy": 0.0, "original_loss": 0.4803256690502167, "mean_length": 6.0}
{"mode": "test", "epoch": 98, "loss": 4.654867649078369, "acc": 0.7241379022598267, "acc_or": 0.8965517282485962, "sender_entropy": 1.6953176259994507, "receiver_entropy": 0.0, "original_loss": 0.2759546637535095, "mean_length": 6.0}
{"mode": "train", "epoch": 99, "loss": 5.361913681030273, "acc": 0.5336207151412964, "acc_or": 0.817145586013794, "sender_entropy": 1.576420545578003, "receiver_entropy": 0.0, "original_loss": 0.4642810821533203, "mean_length": 6.0}
{"mode": "test", "epoch": 99, "loss": 4.749300479888916, "acc": 0.7931034564971924, "acc_or": 0.9252873659133911, "sender_entropy": 1.6972641944885254, "receiver_entropy": 0.0, "original_loss": 0.2540554404258728, "mean_length": 6.0}
{"mode": "train", "epoch": 100, "loss": 5.4213175773620605, "acc": 0.5600574612617493, "acc_or": 0.8296934962272644, "sender_entropy": 1.5740846395492554, "receiver_entropy": 0.0, "original_loss": 0.4458102285861969, "mean_length": 6.0}
{"mode": "test", "epoch": 100, "loss": 4.779628753662109, "acc": 0.7931034564971924, "acc_or": 0.9252873659133911, "sender_entropy": 1.6968625783920288, "receiver_entropy": 0.0, "original_loss": 0.2447543442249298, "mean_length": 6.0}
{"mode": "train", "epoch": 101, "loss": 5.40297269821167, "acc": 0.5620689392089844, "acc_or": 0.8295977115631104, "sender_entropy": 1.5723206996917725, "receiver_entropy": 0.0, "original_loss": 0.44421908259391785, "mean_length": 6.0}
{"mode": "test", "epoch": 101, "loss": 4.794788837432861, "acc": 0.8275861740112305, "acc_or": 0.931034505367279, "sender_entropy": 1.6946719884872437, "receiver_entropy": 0.0, "original_loss": 0.23806153237819672, "mean_length": 6.0}
{"mode": "train", "epoch": 102, "loss": 5.312220573425293, "acc": 0.5525861978530884, "acc_or": 0.8248084187507629, "sender_entropy": 1.5745375156402588, "receiver_entropy": 0.0, "original_loss": 0.44579362869262695, "mean_length": 6.0}
{"mode": "test", "epoch": 102, "loss": 4.849512100219727, "acc": 0.8620689511299133, "acc_or": 0.9482758641242981, "sender_entropy": 1.6946351528167725, "receiver_entropy": 0.0, "original_loss": 0.2169167846441269, "mean_length": 6.0}
{"mode": "train", "epoch": 103, "loss": 5.263498306274414, "acc": 0.5531609058380127, "acc_or": 0.824999988079071, "sender_entropy": 1.5736289024353027, "receiver_entropy": 0.0, "original_loss": 0.4443129599094391, "mean_length": 6.0}
{"mode": "test", "epoch": 103, "loss": 4.83451509475708, "acc": 0.8275861740112305, "acc_or": 0.9367815852165222, "sender_entropy": 1.6934881210327148, "receiver_entropy": 0.0, "original_loss": 0.21184806525707245, "mean_length": 6.0}
{"mode": "train", "epoch": 104, "loss": 5.196949005126953, "acc": 0.5543103218078613, "acc_or": 0.824999988079071, "sender_entropy": 1.5761182308197021, "receiver_entropy": 0.0, "original_loss": 0.44355836510658264, "mean_length": 6.0}
{"mode": "test", "epoch": 104, "loss": 4.757075309753418, "acc": 0.8448275923728943, "acc_or": 0.9425287246704102, "sender_entropy": 1.6849782466888428, "receiver_entropy": 0.0, "original_loss": 0.20866471529006958, "mean_length": 6.0}
{"mode": "train", "epoch": 105, "loss": 5.167553901672363, "acc": 0.5738505721092224, "acc_or": 0.8321838974952698, "sender_entropy": 1.5720763206481934, "receiver_entropy": 0.0, "original_loss": 0.4342418313026428, "mean_length": 6.0}
{"mode": "test", "epoch": 105, "loss": 4.823175430297852, "acc": 0.8965517282485962, "acc_or": 0.9655172228813171, "sender_entropy": 1.6772081851959229, "receiver_entropy": 0.0, "original_loss": 0.18691156804561615, "mean_length": 6.0}
{"mode": "train", "epoch": 106, "loss": 5.2740092277526855, "acc": 0.5982758402824402, "acc_or": 0.8422414064407349, "sender_entropy": 1.5642781257629395, "receiver_entropy": 0.0, "original_loss": 0.4139999449253082, "mean_length": 6.0}
{"mode": "test", "epoch": 106, "loss": 4.723507881164551, "acc": 0.8965517282485962, "acc_or": 0.9655172228813171, "sender_entropy": 1.6634387969970703, "receiver_entropy": 0.0, "original_loss": 0.18846894800662994, "mean_length": 6.0}
{"mode": "train", "epoch": 107, "loss": 5.329041004180908, "acc": 0.5977011322975159, "acc_or": 0.8430076837539673, "sender_entropy": 1.546697735786438, "receiver_entropy": 0.0, "original_loss": 0.4059164822101593, "mean_length": 6.0}
{"mode": "test", "epoch": 107, "loss": 4.601154804229736, "acc": 0.8275861740112305, "acc_or": 0.9425287246704102, "sender_entropy": 1.6500396728515625, "receiver_entropy": 0.0, "original_loss": 0.19425548613071442, "mean_length": 6.0}
{"mode": "train", "epoch": 108, "loss": 5.237392425537109, "acc": 0.6005747318267822, "acc_or": 0.8450191617012024, "sender_entropy": 1.5331685543060303, "receiver_entropy": 0.0, "original_loss": 0.4000750184059143, "mean_length": 6.0}
{"mode": "test", "epoch": 108, "loss": 4.709846496582031, "acc": 0.8965517282485962, "acc_or": 0.9655172228813171, "sender_entropy": 1.6552032232284546, "receiver_entropy": 0.0, "original_loss": 0.1728183776140213, "mean_length": 6.0}
{"mode": "train", "epoch": 109, "loss": 5.240749359130859, "acc": 0.6247126460075378, "acc_or": 0.8553640246391296, "sender_entropy": 1.525345802307129, "receiver_entropy": 0.0, "original_loss": 0.38649874925613403, "mean_length": 6.0}
{"mode": "test", "epoch": 109, "loss": 4.595521450042725, "acc": 0.8793103694915771, "acc_or": 0.9597700834274292, "sender_entropy": 1.6469060182571411, "receiver_entropy": 0.0, "original_loss": 0.17486365139484406, "mean_length": 6.0}
{"mode": "train", "epoch": 110, "loss": 5.165215492248535, "acc": 0.6318965554237366, "acc_or": 0.8554598093032837, "sender_entropy": 1.517167329788208, "receiver_entropy": 0.0, "original_loss": 0.3850649297237396, "mean_length": 6.0}
{"mode": "test", "epoch": 110, "loss": 4.620204448699951, "acc": 0.8793103694915771, "acc_or": 0.9597700834274292, "sender_entropy": 1.6410166025161743, "receiver_entropy": 0.0, "original_loss": 0.16776180267333984, "mean_length": 6.0}
{"mode": "train", "epoch": 111, "loss": 5.289663791656494, "acc": 0.6313218474388123, "acc_or": 0.8587164878845215, "sender_entropy": 1.5095797777175903, "receiver_entropy": 0.0, "original_loss": 0.36279648542404175, "mean_length": 6.0}
{"mode": "test", "epoch": 111, "loss": 4.461217403411865, "acc": 0.8793103694915771, "acc_or": 0.9597700834274292, "sender_entropy": 1.6287163496017456, "receiver_entropy": 0.0, "original_loss": 0.17013795673847198, "mean_length": 6.0}
{"mode": "train", "epoch": 112, "loss": 5.1434550285339355, "acc": 0.6454023122787476, "acc_or": 0.8632184267044067, "sender_entropy": 1.500489354133606, "receiver_entropy": 0.0, "original_loss": 0.36511436104774475, "mean_length": 6.0}
{"mode": "test", "epoch": 112, "loss": 4.426028728485107, "acc": 0.8448275923728943, "acc_or": 0.9482758641242981, "sender_entropy": 1.6243408918380737, "receiver_entropy": 0.0, "original_loss": 0.16996021568775177, "mean_length": 6.0}
{"mode": "train", "epoch": 113, "loss": 5.255212783813477, "acc": 0.657471239566803, "acc_or": 0.8700191974639893, "sender_entropy": 1.4902586936950684, "receiver_entropy": 0.0, "original_loss": 0.3477257788181305, "mean_length": 6.0}
{"mode": "test", "epoch": 113, "loss": 4.386124134063721, "acc": 0.8275861740112305, "acc_or": 0.9425287246704102, "sender_entropy": 1.6254091262817383, "receiver_entropy": 0.0, "original_loss": 0.16803085803985596, "mean_length": 6.0}
{"mode": "train", "epoch": 114, "loss": 5.2540717124938965, "acc": 0.6660919785499573, "acc_or": 0.8753831386566162, "sender_entropy": 1.4848034381866455, "receiver_entropy": 0.0, "original_loss": 0.33624979853630066, "mean_length": 6.0}
{"mode": "test", "epoch": 114, "loss": 4.428534507751465, "acc": 0.8793103694915771, "acc_or": 0.9597700834274292, "sender_entropy": 1.6166256666183472, "receiver_entropy": 0.0, "original_loss": 0.14447765052318573, "mean_length": 6.0}
{"mode": "train", "epoch": 115, "loss": 5.140380382537842, "acc": 0.6534482836723328, "acc_or": 0.8687739372253418, "sender_entropy": 1.4789059162139893, "receiver_entropy": 0.0, "original_loss": 0.33841973543167114, "mean_length": 6.0}
{"mode": "test", "epoch": 115, "loss": 4.3151116371154785, "acc": 0.931034505367279, "acc_or": 0.977011501789093, "sender_entropy": 1.607434868812561, "receiver_entropy": 0.0, "original_loss": 0.149185448884964, "mean_length": 6.0}
{"mode": "train", "epoch": 116, "loss": 5.143801689147949, "acc": 0.6620689630508423, "acc_or": 0.873275876045227, "sender_entropy": 1.4708493947982788, "receiver_entropy": 0.0, "original_loss": 0.3352900743484497, "mean_length": 6.0}
{"mode": "test", "epoch": 116, "loss": 4.303914546966553, "acc": 0.931034505367279, "acc_or": 0.977011501789093, "sender_entropy": 1.6041203737258911, "receiver_entropy": 0.0, "original_loss": 0.14639867842197418, "mean_length": 6.0}
{"mode": "train", "epoch": 117, "loss": 5.19645357131958, "acc": 0.6836206912994385, "acc_or": 0.8822796940803528, "sender_entropy": 1.4699054956436157, "receiver_entropy": 0.0, "original_loss": 0.3206004202365875, "mean_length": 6.0}
{"mode": "test", "epoch": 117, "loss": 4.323298454284668, "acc": 0.9655172228813171, "acc_or": 0.982758641242981, "sender_entropy": 1.6044803857803345, "receiver_entropy": 0.0, "original_loss": 0.1361725926399231, "mean_length": 6.0}
{"mode": "train", "epoch": 118, "loss": 5.1641621589660645, "acc": 0.6928160786628723, "acc_or": 0.8841954469680786, "sender_entropy": 1.4700044393539429, "receiver_entropy": 0.0, "original_loss": 0.3177488446235657, "mean_length": 6.0}
{"mode": "test", "epoch": 118, "loss": 4.270118713378906, "acc": 0.9655172228813171, "acc_or": 0.982758641242981, "sender_entropy": 1.604249119758606, "receiver_entropy": 0.0, "original_loss": 0.12854008376598358, "mean_length": 6.0}
{"mode": "train", "epoch": 119, "loss": 4.994080543518066, "acc": 0.6899425387382507, "acc_or": 0.8810344934463501, "sender_entropy": 1.4716978073120117, "receiver_entropy": 0.0, "original_loss": 0.32843777537345886, "mean_length": 6.0}
{"mode": "test", "epoch": 119, "loss": 4.36127233505249, "acc": 0.982758641242981, "acc_or": 0.9942528605461121, "sender_entropy": 1.6098576784133911, "receiver_entropy": 0.0, "original_loss": 0.11343824118375778, "mean_length": 6.0}
{"mode": "train", "epoch": 120, "loss": 5.075361251831055, "acc": 0.6954023241996765, "acc_or": 0.8844828009605408, "sender_entropy": 1.4799134731292725, "receiver_entropy": 0.0, "original_loss": 0.3168882727622986, "mean_length": 6.0}
{"mode": "test", "epoch": 120, "loss": 4.340810298919678, "acc": 0.931034505367279, "acc_or": 0.977011501789093, "sender_entropy": 1.616847276687622, "receiver_entropy": 0.0, "original_loss": 0.12249598652124405, "mean_length": 6.0}
{"mode": "train", "epoch": 121, "loss": 5.028066158294678, "acc": 0.6640804409980774, "acc_or": 0.874904215335846, "sender_entropy": 1.4854183197021484, "receiver_entropy": 0.0, "original_loss": 0.3290974795818329, "mean_length": 6.0}
{"mode": "test", "epoch": 121, "loss": 4.307821273803711, "acc": 0.8793103694915771, "acc_or": 0.9597700834274292, "sender_entropy": 1.6304831504821777, "receiver_entropy": 0.0, "original_loss": 0.13882063329219818, "mean_length": 6.0}
{"mode": "train", "epoch": 122, "loss": 4.915791034698486, "acc": 0.6752873659133911, "acc_or": 0.8783525228500366, "sender_entropy": 1.4962434768676758, "receiver_entropy": 0.0, "original_loss": 0.33154869079589844, "mean_length": 6.0}
{"mode": "test", "epoch": 122, "loss": 4.3918232917785645, "acc": 0.931034505367279, "acc_or": 0.977011501789093, "sender_entropy": 1.6423834562301636, "receiver_entropy": 0.0, "original_loss": 0.12082570791244507, "mean_length": 6.0}
{"mode": "train", "epoch": 123, "loss": 5.013339996337891, "acc": 0.6824712753295898, "acc_or": 0.8800766468048096, "sender_entropy": 1.5063323974609375, "receiver_entropy": 0.0, "original_loss": 0.31967058777809143, "mean_length": 6.0}
{"mode": "test", "epoch": 123, "loss": 4.44020938873291, "acc": 0.931034505367279, "acc_or": 0.977011501789093, "sender_entropy": 1.6505053043365479, "receiver_entropy": 0.0, "original_loss": 0.11084245890378952, "mean_length": 6.0}
{"mode": "train", "epoch": 124, "loss": 4.771806240081787, "acc": 0.6721264123916626, "acc_or": 0.8753831386566162, "sender_entropy": 1.5154016017913818, "receiver_entropy": 0.0, "original_loss": 0.3355843722820282, "mean_length": 6.0}
{"mode": "test", "epoch": 124, "loss": 4.346889972686768, "acc": 0.9137930870056152, "acc_or": 0.9712643623352051, "sender_entropy": 1.6427668333053589, "receiver_entropy": 0.0, "original_loss": 0.11558622866868973, "mean_length": 6.0}
{"mode": "train", "epoch": 125, "loss": 4.723069667816162, "acc": 0.6678161025047302, "acc_or": 0.8725095987319946, "sender_entropy": 1.5113062858581543, "receiver_entropy": 0.0, "original_loss": 0.3351988196372986, "mean_length": 6.0}
{"mode": "test", "epoch": 125, "loss": 4.324556350708008, "acc": 0.931034505367279, "acc_or": 0.977011501789093, "sender_entropy": 1.6336525678634644, "receiver_entropy": 0.0, "original_loss": 0.10476073622703552, "mean_length": 6.0}
{"mode": "train", "epoch": 126, "loss": 4.844285011291504, "acc": 0.6902298927307129, "acc_or": 0.882662832736969, "sender_entropy": 1.5025701522827148, "receiver_entropy": 0.0, "original_loss": 0.3177931010723114, "mean_length": 6.0}
{"mode": "test", "epoch": 126, "loss": 4.343868732452393, "acc": 0.9655172228813171, "acc_or": 0.9885057210922241, "sender_entropy": 1.6239076852798462, "receiver_entropy": 0.0, "original_loss": 0.09362266957759857, "mean_length": 6.0}
{"mode": "train", "epoch": 127, "loss": 4.776024341583252, "acc": 0.6775861978530884, "acc_or": 0.8781609535217285, "sender_entropy": 1.4969000816345215, "receiver_entropy": 0.0, "original_loss": 0.32251015305519104, "mean_length": 6.0}
{"mode": "test", "epoch": 127, "loss": 4.3056511878967285, "acc": 0.9655172228813171, "acc_or": 0.9885057210922241, "sender_entropy": 1.6216721534729004, "receiver_entropy": 0.0, "original_loss": 0.08962761610746384, "mean_length": 6.0}
{"mode": "train", "epoch": 128, "loss": 4.907804489135742, "acc": 0.7066091895103455, "acc_or": 0.8901340961456299, "sender_entropy": 1.4914876222610474, "receiver_entropy": 0.0, "original_loss": 0.2976788282394409, "mean_length": 6.0}
{"mode": "test", "epoch": 128, "loss": 4.2885637283325195, "acc": 0.982758641242981, "acc_or": 0.9942528605461121, "sender_entropy": 1.6212198734283447, "receiver_entropy": 0.0, "original_loss": 0.08945765346288681, "mean_length": 6.0}
{"mode": "train", "epoch": 129, "loss": 4.88016414642334, "acc": 0.7169539928436279, "acc_or": 0.8935824036598206, "sender_entropy": 1.4893579483032227, "receiver_entropy": 0.0, "original_loss": 0.2925739288330078, "mean_length": 6.0}
{"mode": "test", "epoch": 129, "loss": 4.193157196044922, "acc": 0.9655172228813171, "acc_or": 0.9885057210922241, "sender_entropy": 1.6127870082855225, "receiver_entropy": 0.0, "original_loss": 0.0925779715180397, "mean_length": 6.0}
{"mode": "train", "epoch": 130, "loss": 4.780984401702881, "acc": 0.7181034684181213, "acc_or": 0.8933908343315125, "sender_entropy": 1.4821901321411133, "receiver_entropy": 0.0, "original_loss": 0.2899486720561981, "mean_length": 6.0}
{"mode": "test", "epoch": 130, "loss": 4.115951061248779, "acc": 0.9655172228813171, "acc_or": 0.9885057210922241, "sender_entropy": 1.600816011428833, "receiver_entropy": 0.0, "original_loss": 0.08827061206102371, "mean_length": 6.0}
{"mode": "train", "epoch": 131, "loss": 4.7787628173828125, "acc": 0.717528760433197, "acc_or": 0.8951149582862854, "sender_entropy": 1.4681516885757446, "receiver_entropy": 0.0, "original_loss": 0.2869327962398529, "mean_length": 6.0}
{"mode": "test", "epoch": 131, "loss": 4.019125938415527, "acc": 0.9482758641242981, "acc_or": 0.982758641242981, "sender_entropy": 1.6018145084381104, "receiver_entropy": 0.0, "original_loss": 0.10070003569126129, "mean_length": 6.0}
{"mode": "train", "epoch": 132, "loss": 4.8724493980407715, "acc": 0.7341954112052917, "acc_or": 0.9022988677024841, "sender_entropy": 1.4564309120178223, "receiver_entropy": 0.0, "original_loss": 0.27295324206352234, "mean_length": 6.0}
{"mode": "test", "epoch": 132, "loss": 4.035481929779053, "acc": 0.982758641242981, "acc_or": 0.9942528605461121, "sender_entropy": 1.6037864685058594, "receiver_entropy": 0.0, "original_loss": 0.09443531185388565, "mean_length": 6.0}
{"mode": "train", "epoch": 133, "loss": 4.762109756469727, "acc": 0.7318965196609497, "acc_or": 0.9006705284118652, "sender_entropy": 1.4525431394577026, "receiver_entropy": 0.0, "original_loss": 0.27353107929229736, "mean_length": 6.0}
{"mode": "test", "epoch": 133, "loss": 4.066321849822998, "acc": 0.982758641242981, "acc_or": 0.9942528605461121, "sender_entropy": 1.596732258796692, "receiver_entropy": 0.0, "original_loss": 0.08553662151098251, "mean_length": 6.0}
{"mode": "train", "epoch": 134, "loss": 4.85060977935791, "acc": 0.7528735399246216, "acc_or": 0.9076628684997559, "sender_entropy": 1.4517120122909546, "receiver_entropy": 0.0, "original_loss": 0.25631552934646606, "mean_length": 6.0}
{"mode": "test", "epoch": 134, "loss": 4.012984275817871, "acc": 0.9655172228813171, "acc_or": 0.9885057210922241, "sender_entropy": 1.5867488384246826, "receiver_entropy": 0.0, "original_loss": 0.08400578051805496, "mean_length": 6.0}
{"mode": "train", "epoch": 135, "loss": 4.90766716003418, "acc": 0.75, "acc_or": 0.9081417918205261, "sender_entropy": 1.4456229209899902, "receiver_entropy": 0.0, "original_loss": 0.247640460729599, "mean_length": 6.0}
{"mode": "test", "epoch": 135, "loss": 4.044544219970703, "acc": 0.982758641242981, "acc_or": 0.9942528605461121, "sender_entropy": 1.5814566612243652, "receiver_entropy": 0.0, "original_loss": 0.06874062865972519, "mean_length": 6.0}
{"mode": "train", "epoch": 136, "loss": 4.720254421234131, "acc": 0.742241382598877, "acc_or": 0.9047892689704895, "sender_entropy": 1.4436979293823242, "receiver_entropy": 0.0, "original_loss": 0.2607955038547516, "mean_length": 6.0}
{"mode": "test", "epoch": 136, "loss": 4.028231143951416, "acc": 1.0, "acc_or": 1.0, "sender_entropy": 1.5788081884384155, "receiver_entropy": 0.0, "original_loss": 0.06471420079469681, "mean_length": 6.0}
{"epoch": 136, "positional_disent": 0.08825206756591797, "bag_of_symbol_disent": 0.16470250487327576, "topographic_sim": 0.46360220648429507}
{"generalization hold out": {"acc": 0.9583333730697632, "acc_or": 0.9791666865348816}, "uniform holdout": {"acc": 0.3333333432674408, "acc_or": 0.7777777910232544}, "epoch": 136}
---End--
