nohup: ignoring input
{"mode": "train", "epoch": 1, "loss": -2.4335457235574722, "acc": 0.001548588101286441, "acc_or": 0.11394007131457329, "sender_entropy": 2.299511730670929, "receiver_entropy": 0.0, "original_loss": 2.2525062561035156, "mean_length": 6.0}
{"mode": "test", "epoch": 1, "loss": 1.735776662826538, "acc": 0.0030441400595009327, "acc_or": 0.12227295339107513, "sender_entropy": 2.2982676029205322, "receiver_entropy": 0.0, "original_loss": 2.199615716934204, "mean_length": 6.0}
{"mode": "train", "epoch": 2, "loss": 1.5834921151399612, "acc": 0.001199971629830543, "acc_or": 0.11460747942328453, "sender_entropy": 2.299505978822708, "receiver_entropy": 0.0, "original_loss": 2.199261099100113, "mean_length": 6.0}
{"mode": "test", "epoch": 2, "loss": 1.5825998783111572, "acc": 0.0, "acc_or": 0.14408929646015167, "sender_entropy": 2.300154447555542, "receiver_entropy": 0.0, "original_loss": 2.184384822845459, "mean_length": 6.0}
{"mode": "train", "epoch": 3, "loss": 1.3758451640605927, "acc": 0.0016567464917898178, "acc_or": 0.11613138113170862, "sender_entropy": 2.300512820482254, "receiver_entropy": 0.0, "original_loss": 2.1972080171108246, "mean_length": 6.0}
{"mode": "test", "epoch": 3, "loss": 1.6109364032745361, "acc": 0.006088280119001865, "acc_or": 0.1887366771697998, "sender_entropy": 2.300745964050293, "receiver_entropy": 0.0, "original_loss": 2.1718521118164062, "mean_length": 6.0}
{"mode": "train", "epoch": 4, "loss": 1.2918582260608673, "acc": 0.0019394858973100781, "acc_or": 0.11810887511819601, "sender_entropy": 2.3007904291152954, "receiver_entropy": 0.0, "original_loss": 2.19593945145607, "mean_length": 6.0}
{"mode": "test", "epoch": 4, "loss": 1.825069546699524, "acc": 0.006088280119001865, "acc_or": 0.2643328309059143, "sender_entropy": 2.300844669342041, "receiver_entropy": 0.0, "original_loss": 2.1490986347198486, "mean_length": 6.0}
{"mode": "train", "epoch": 5, "loss": 1.2491536885499954, "acc": 0.001785909160389565, "acc_or": 0.12364668399095535, "sender_entropy": 2.3005172312259674, "receiver_entropy": 0.0, "original_loss": 2.1946429312229156, "mean_length": 6.0}
{"mode": "test", "epoch": 5, "loss": 2.158034324645996, "acc": 0.009132420644164085, "acc_or": 0.2831050157546997, "sender_entropy": 2.2998292446136475, "receiver_entropy": 0.0, "original_loss": 2.117159366607666, "mean_length": 6.0}
{"mode": "train", "epoch": 6, "loss": 1.2540609240531921, "acc": 0.0022046307421987876, "acc_or": 0.13086501881480217, "sender_entropy": 2.2978536188602448, "receiver_entropy": 0.0, "original_loss": 2.190716117620468, "mean_length": 6.0}
{"mode": "test", "epoch": 6, "loss": 2.5978355407714844, "acc": 0.007610349915921688, "acc_or": 0.2658548951148987, "sender_entropy": 2.292829751968384, "receiver_entropy": 0.0, "original_loss": 2.069749116897583, "mean_length": 6.0}
{"mode": "train", "epoch": 7, "loss": 1.498832419514656, "acc": 0.004123112390516326, "acc_or": 0.1627301461994648, "sender_entropy": 2.2746801674365997, "receiver_entropy": 0.0, "original_loss": 2.1652020514011383, "mean_length": 6.0}
{"mode": "test", "epoch": 7, "loss": 3.004295825958252, "acc": 0.0030441400595009327, "acc_or": 0.24353119730949402, "sender_entropy": 2.225663185119629, "receiver_entropy": 0.0, "original_loss": 1.9783436059951782, "mean_length": 6.0}
{"mode": "train", "epoch": 8, "loss": 2.500612258911133, "acc": 0.00665903789922595, "acc_or": 0.22077924199402332, "sender_entropy": 2.167083203792572, "receiver_entropy": 0.0, "original_loss": 2.0548999458551407, "mean_length": 6.0}
{"mode": "test", "epoch": 8, "loss": 3.3793296813964844, "acc": 0.010654490441083908, "acc_or": 0.3191273510456085, "sender_entropy": 2.1043407917022705, "receiver_entropy": 0.0, "original_loss": 1.8604164123535156, "mean_length": 6.0}
{"mode": "train", "epoch": 9, "loss": 3.5591706037521362, "acc": 0.01419357256963849, "acc_or": 0.2780654579401016, "sender_entropy": 2.038459986448288, "receiver_entropy": 0.0, "original_loss": 1.9146803617477417, "mean_length": 6.0}
{"mode": "test", "epoch": 9, "loss": 4.147458076477051, "acc": 0.019786911085247993, "acc_or": 0.33485540747642517, "sender_entropy": 2.0519773960113525, "receiver_entropy": 0.0, "original_loss": 1.7167136669158936, "mean_length": 6.0}
{"mode": "train", "epoch": 10, "loss": 4.178998351097107, "acc": 0.021369806490838528, "acc_or": 0.3187066465616226, "sender_entropy": 1.9545109570026398, "receiver_entropy": 0.0, "original_loss": 1.8066065311431885, "mean_length": 6.0}
{"mode": "test", "epoch": 10, "loss": 4.4908270835876465, "acc": 0.027397260069847107, "acc_or": 0.3860984146595001, "sender_entropy": 1.9812872409820557, "receiver_entropy": 0.0, "original_loss": 1.6026397943496704, "mean_length": 6.0}
{"mode": "train", "epoch": 11, "loss": 4.716852486133575, "acc": 0.032534943893551826, "acc_or": 0.35496552661061287, "sender_entropy": 1.8886546045541763, "receiver_entropy": 0.0, "original_loss": 1.700288563966751, "mean_length": 6.0}
{"mode": "test", "epoch": 11, "loss": 4.868136405944824, "acc": 0.04566210135817528, "acc_or": 0.42465752363204956, "sender_entropy": 1.9527283906936646, "receiver_entropy": 0.0, "original_loss": 1.4910513162612915, "mean_length": 6.0}
{"mode": "train", "epoch": 12, "loss": 5.166883945465088, "acc": 0.04190053325146437, "acc_or": 0.38692453503608704, "sender_entropy": 1.8227681666612625, "receiver_entropy": 0.0, "original_loss": 1.5985399335622787, "mean_length": 6.0}
{"mode": "test", "epoch": 12, "loss": 5.351543426513672, "acc": 0.06392694264650345, "acc_or": 0.4485032856464386, "sender_entropy": 1.9463677406311035, "receiver_entropy": 0.0, "original_loss": 1.3868433237075806, "mean_length": 6.0}
{"mode": "train", "epoch": 13, "loss": 5.539603173732758, "acc": 0.05595525959506631, "acc_or": 0.41883431002497673, "sender_entropy": 1.7645622342824936, "receiver_entropy": 0.0, "original_loss": 1.5012470036745071, "mean_length": 6.0}
{"mode": "test", "epoch": 13, "loss": 5.579394817352295, "acc": 0.08675799518823624, "acc_or": 0.5027904510498047, "sender_entropy": 1.8861325979232788, "receiver_entropy": 0.0, "original_loss": 1.2760175466537476, "mean_length": 6.0}
{"mode": "train", "epoch": 14, "loss": 5.780288517475128, "acc": 0.07039037998765707, "acc_or": 0.44294826686382294, "sender_entropy": 1.7300145030021667, "receiver_entropy": 0.0, "original_loss": 1.4200275242328644, "mean_length": 6.0}
{"mode": "test", "epoch": 14, "loss": 6.210158824920654, "acc": 0.14003044366836548, "acc_or": 0.56874680519104, "sender_entropy": 1.8921141624450684, "receiver_entropy": 0.0, "original_loss": 1.1387696266174316, "mean_length": 6.0}
{"mode": "train", "epoch": 15, "loss": 6.154492378234863, "acc": 0.09139684028923512, "acc_or": 0.479738712310791, "sender_entropy": 1.6701526045799255, "receiver_entropy": 0.0, "original_loss": 1.314619556069374, "mean_length": 6.0}
{"mode": "test", "epoch": 15, "loss": 6.001201629638672, "acc": 0.17047184705734253, "acc_or": 0.6093353629112244, "sender_entropy": 1.7827929258346558, "receiver_entropy": 0.0, "original_loss": 1.039381742477417, "mean_length": 6.0}
{"mode": "train", "epoch": 16, "loss": 6.388169288635254, "acc": 0.11619798187166452, "acc_or": 0.5200426429510117, "sender_entropy": 1.5687034130096436, "receiver_entropy": 0.0, "original_loss": 1.201430693268776, "mean_length": 6.0}
{"mode": "test", "epoch": 16, "loss": 6.037349700927734, "acc": 0.2283105105161667, "acc_or": 0.6367325782775879, "sender_entropy": 1.7275056838989258, "receiver_entropy": 0.0, "original_loss": 0.9372460246086121, "mean_length": 6.0}
{"mode": "train", "epoch": 17, "loss": 6.548062801361084, "acc": 0.1426362283527851, "acc_or": 0.5504574403166771, "sender_entropy": 1.5392381101846695, "receiver_entropy": 0.0, "original_loss": 1.1155703514814377, "mean_length": 6.0}
{"mode": "test", "epoch": 17, "loss": 6.110350608825684, "acc": 0.3059360682964325, "acc_or": 0.6920344829559326, "sender_entropy": 1.6890219449996948, "receiver_entropy": 0.0, "original_loss": 0.8312715291976929, "mean_length": 6.0}
{"mode": "train", "epoch": 18, "loss": 6.704920530319214, "acc": 0.18141981214284897, "acc_or": 0.5951040238142014, "sender_entropy": 1.4699727445840836, "receiver_entropy": 0.0, "original_loss": 1.0110189318656921, "mean_length": 6.0}
{"mode": "test", "epoch": 18, "loss": 5.897117614746094, "acc": 0.3485540449619293, "acc_or": 0.7346524596214294, "sender_entropy": 1.5980632305145264, "receiver_entropy": 0.0, "original_loss": 0.7304900884628296, "mean_length": 6.0}
{"mode": "train", "epoch": 19, "loss": 6.729290843009949, "acc": 0.2191486731171608, "acc_or": 0.6293347328901291, "sender_entropy": 1.409310445189476, "receiver_entropy": 0.0, "original_loss": 0.922227069735527, "mean_length": 6.0}
{"mode": "test", "epoch": 19, "loss": 5.981655597686768, "acc": 0.39269405603408813, "acc_or": 0.7635717988014221, "sender_entropy": 1.597002387046814, "receiver_entropy": 0.0, "original_loss": 0.6560724973678589, "mean_length": 6.0}
{"mode": "train", "epoch": 20, "loss": 6.630906522274017, "acc": 0.23723976500332355, "acc_or": 0.6417070180177689, "sender_entropy": 1.403152346611023, "receiver_entropy": 0.0, "original_loss": 0.8807758167386055, "mean_length": 6.0}
{"mode": "test", "epoch": 20, "loss": 5.750915050506592, "acc": 0.4383561611175537, "acc_or": 0.7813292741775513, "sender_entropy": 1.5396062135696411, "receiver_entropy": 0.0, "original_loss": 0.594819188117981, "mean_length": 6.0}
{"mode": "train", "epoch": 21, "loss": 6.508618712425232, "acc": 0.2793005630373955, "acc_or": 0.6796098798513412, "sender_entropy": 1.3159106224775314, "receiver_entropy": 0.0, "original_loss": 0.7965957522392273, "mean_length": 6.0}
{"mode": "test", "epoch": 21, "loss": 5.353797912597656, "acc": 0.4992389678955078, "acc_or": 0.8138000965118408, "sender_entropy": 1.4651873111724854, "receiver_entropy": 0.0, "original_loss": 0.5433357357978821, "mean_length": 6.0}
{"mode": "train", "epoch": 22, "loss": 6.383930683135986, "acc": 0.30469487234950066, "acc_or": 0.6983027756214142, "sender_entropy": 1.3012957274913788, "receiver_entropy": 0.0, "original_loss": 0.7553343623876572, "mean_length": 6.0}
{"mode": "test", "epoch": 22, "loss": 5.387386798858643, "acc": 0.5175037980079651, "acc_or": 0.8234398365020752, "sender_entropy": 1.468762993812561, "receiver_entropy": 0.0, "original_loss": 0.49576517939567566, "mean_length": 6.0}
{"mode": "train", "epoch": 23, "loss": 6.250620186328888, "acc": 0.33438441902399063, "acc_or": 0.7171289250254631, "sender_entropy": 1.27910478413105, "receiver_entropy": 0.0, "original_loss": 0.7135593518614769, "mean_length": 6.0}
{"mode": "test", "epoch": 23, "loss": 5.2307634353637695, "acc": 0.5312024354934692, "acc_or": 0.8295281529426575, "sender_entropy": 1.4564281702041626, "receiver_entropy": 0.0, "original_loss": 0.4685768485069275, "mean_length": 6.0}
{"mode": "train", "epoch": 24, "loss": 6.0626609325408936, "acc": 0.351407703012228, "acc_or": 0.7255453765392303, "sender_entropy": 1.272521585226059, "receiver_entropy": 0.0, "original_loss": 0.6928457990288734, "mean_length": 6.0}
{"mode": "test", "epoch": 24, "loss": 4.980556011199951, "acc": 0.5936073064804077, "acc_or": 0.8493150472640991, "sender_entropy": 1.416953682899475, "receiver_entropy": 0.0, "original_loss": 0.442437082529068, "mean_length": 6.0}
{"mode": "train", "epoch": 25, "loss": 5.943284392356873, "acc": 0.39330877363681793, "acc_or": 0.7490582540631294, "sender_entropy": 1.225646272301674, "receiver_entropy": 0.0, "original_loss": 0.6404822766780853, "mean_length": 6.0}
{"mode": "test", "epoch": 25, "loss": 4.771843433380127, "acc": 0.621004581451416, "acc_or": 0.8691019415855408, "sender_entropy": 1.3670690059661865, "receiver_entropy": 0.0, "original_loss": 0.39304161071777344, "mean_length": 6.0}
{"mode": "train", "epoch": 26, "loss": 5.8474631905555725, "acc": 0.43343908712267876, "acc_or": 0.7704273760318756, "sender_entropy": 1.203798696398735, "receiver_entropy": 0.0, "original_loss": 0.5974067524075508, "mean_length": 6.0}
{"mode": "test", "epoch": 26, "loss": 4.645522594451904, "acc": 0.6270928382873535, "acc_or": 0.8711313605308533, "sender_entropy": 1.3515914678573608, "receiver_entropy": 0.0, "original_loss": 0.3691314160823822, "mean_length": 6.0}
{"mode": "train", "epoch": 27, "loss": 5.746890008449554, "acc": 0.45317546650767326, "acc_or": 0.7797097712755203, "sender_entropy": 1.1986059546470642, "receiver_entropy": 0.0, "original_loss": 0.5703320577740669, "mean_length": 6.0}
{"mode": "test", "epoch": 27, "loss": 4.6572160720825195, "acc": 0.6834094524383545, "acc_or": 0.8904109597206116, "sender_entropy": 1.3542269468307495, "receiver_entropy": 0.0, "original_loss": 0.32938438653945923, "mean_length": 6.0}
{"mode": "train", "epoch": 28, "loss": 5.695903539657593, "acc": 0.48419809713959694, "acc_or": 0.7959210649132729, "sender_entropy": 1.1875873804092407, "receiver_entropy": 0.0, "original_loss": 0.5345428436994553, "mean_length": 6.0}
{"mode": "test", "epoch": 28, "loss": 4.456015586853027, "acc": 0.7549467086791992, "acc_or": 0.9152714014053345, "sender_entropy": 1.3215800523757935, "receiver_entropy": 0.0, "original_loss": 0.2954648733139038, "mean_length": 6.0}
{"mode": "train", "epoch": 29, "loss": 5.521555542945862, "acc": 0.508581206202507, "acc_or": 0.8067728281021118, "sender_entropy": 1.165998950600624, "receiver_entropy": 0.0, "original_loss": 0.5086825639009476, "mean_length": 6.0}
{"mode": "test", "epoch": 29, "loss": 4.33322811126709, "acc": 0.7519025802612305, "acc_or": 0.9142566919326782, "sender_entropy": 1.313191294670105, "receiver_entropy": 0.0, "original_loss": 0.278636634349823, "mean_length": 6.0}
{"mode": "train", "epoch": 30, "loss": 5.352644145488739, "acc": 0.5176444165408611, "acc_or": 0.8104370683431625, "sender_entropy": 1.1571917533874512, "receiver_entropy": 0.0, "original_loss": 0.4953141361474991, "mean_length": 6.0}
{"mode": "test", "epoch": 30, "loss": 4.260524272918701, "acc": 0.7716895341873169, "acc_or": 0.9233891367912292, "sender_entropy": 1.3041292428970337, "receiver_entropy": 0.0, "original_loss": 0.25250208377838135, "mean_length": 6.0}
{"mode": "train", "epoch": 31, "loss": 5.239920198917389, "acc": 0.5455739721655846, "acc_or": 0.8226826563477516, "sender_entropy": 1.1447780579328537, "receiver_entropy": 0.0, "original_loss": 0.46995406970381737, "mean_length": 6.0}
{"mode": "test", "epoch": 31, "loss": 4.090612888336182, "acc": 0.8066971302032471, "acc_or": 0.9340435862541199, "sender_entropy": 1.274954080581665, "receiver_entropy": 0.0, "original_loss": 0.22799311578273773, "mean_length": 6.0}
{"mode": "train", "epoch": 32, "loss": 5.114518821239471, "acc": 0.5800415724515915, "acc_or": 0.8381173387169838, "sender_entropy": 1.1085969358682632, "receiver_entropy": 0.0, "original_loss": 0.43353141471743584, "mean_length": 6.0}
{"mode": "test", "epoch": 32, "loss": 3.8059909343719482, "acc": 0.8127853870391846, "acc_or": 0.9360730051994324, "sender_entropy": 1.2230925559997559, "receiver_entropy": 0.0, "original_loss": 0.2303580790758133, "mean_length": 6.0}
{"mode": "train", "epoch": 33, "loss": 4.989384651184082, "acc": 0.6011485680937767, "acc_or": 0.8462589085102081, "sender_entropy": 1.0927763879299164, "receiver_entropy": 0.0, "original_loss": 0.41431213915348053, "mean_length": 6.0}
{"mode": "test", "epoch": 33, "loss": 3.8499596118927, "acc": 0.8782343864440918, "acc_or": 0.9589040875434875, "sender_entropy": 1.2221599817276, "receiver_entropy": 0.0, "original_loss": 0.18060071766376495, "mean_length": 6.0}
{"mode": "train", "epoch": 34, "loss": 4.9456862807273865, "acc": 0.6287675425410271, "acc_or": 0.858763687312603, "sender_entropy": 1.081012636423111, "receiver_entropy": 0.0, "original_loss": 0.38428108021616936, "mean_length": 6.0}
{"mode": "test", "epoch": 34, "loss": 3.772214889526367, "acc": 0.8888888955116272, "acc_or": 0.9624555706977844, "sender_entropy": 1.2240852117538452, "receiver_entropy": 0.0, "original_loss": 0.17222993075847626, "mean_length": 6.0}
{"mode": "train", "epoch": 35, "loss": 4.785064399242401, "acc": 0.6313638985157013, "acc_or": 0.8592839166522026, "sender_entropy": 1.081084817647934, "receiver_entropy": 0.0, "original_loss": 0.3840496465563774, "mean_length": 6.0}
{"mode": "test", "epoch": 35, "loss": 3.5944385528564453, "acc": 0.8736681938171387, "acc_or": 0.9563673138618469, "sender_entropy": 1.2041367292404175, "receiver_entropy": 0.0, "original_loss": 0.16999861598014832, "mean_length": 6.0}
{"mode": "train", "epoch": 36, "loss": 4.633685290813446, "acc": 0.6423743665218353, "acc_or": 0.8631769418716431, "sender_entropy": 1.0707187056541443, "receiver_entropy": 0.0, "original_loss": 0.3721748813986778, "mean_length": 6.0}
{"mode": "test", "epoch": 36, "loss": 3.537935733795166, "acc": 0.8949771523475647, "acc_or": 0.9639776349067688, "sender_entropy": 1.1974259614944458, "receiver_entropy": 0.0, "original_loss": 0.15177495777606964, "mean_length": 6.0}
{"mode": "train", "epoch": 37, "loss": 4.498319625854492, "acc": 0.6496342048048973, "acc_or": 0.8666998594999313, "sender_entropy": 1.0622935891151428, "receiver_entropy": 0.0, "original_loss": 0.36176426336169243, "mean_length": 6.0}
{"mode": "test", "epoch": 37, "loss": 3.3165955543518066, "acc": 0.8767123222351074, "acc_or": 0.9583967328071594, "sender_entropy": 1.166291356086731, "receiver_entropy": 0.0, "original_loss": 0.15719236433506012, "mean_length": 6.0}
{"mode": "train", "epoch": 38, "loss": 4.47283673286438, "acc": 0.6838396713137627, "acc_or": 0.8816022574901581, "sender_entropy": 1.0342856794595718, "receiver_entropy": 0.0, "original_loss": 0.3244729973375797, "mean_length": 6.0}
{"mode": "test", "epoch": 38, "loss": 3.263878345489502, "acc": 0.9147641062736511, "acc_or": 0.9715880155563354, "sender_entropy": 1.1539429426193237, "receiver_entropy": 0.0, "original_loss": 0.12686413526535034, "mean_length": 6.0}
{"mode": "train", "epoch": 39, "loss": 4.400585234165192, "acc": 0.6958078742027283, "acc_or": 0.8858008831739426, "sender_entropy": 1.0377569645643234, "receiver_entropy": 0.0, "original_loss": 0.31730030104517937, "mean_length": 6.0}
{"mode": "test", "epoch": 39, "loss": 3.2978298664093018, "acc": 0.9360730648040771, "acc_or": 0.9786909818649292, "sender_entropy": 1.1714892387390137, "receiver_entropy": 0.0, "original_loss": 0.11236954480409622, "mean_length": 6.0}
{"mode": "train", "epoch": 40, "loss": 4.314417004585266, "acc": 0.6934187188744545, "acc_or": 0.8849510252475739, "sender_entropy": 1.0498667359352112, "receiver_entropy": 0.0, "original_loss": 0.31814679130911827, "mean_length": 6.0}
{"mode": "test", "epoch": 40, "loss": 3.267115592956543, "acc": 0.9375951290130615, "acc_or": 0.9786909818649292, "sender_entropy": 1.1740596294403076, "receiver_entropy": 0.0, "original_loss": 0.10927878320217133, "mean_length": 6.0}
{"mode": "train", "epoch": 41, "loss": 4.246434450149536, "acc": 0.7047385200858116, "acc_or": 0.8895280510187149, "sender_entropy": 1.0509668439626694, "receiver_entropy": 0.0, "original_loss": 0.3049890585243702, "mean_length": 6.0}
{"mode": "test", "epoch": 41, "loss": 3.170614719390869, "acc": 0.9482496380805969, "acc_or": 0.9822424650192261, "sender_entropy": 1.1601158380508423, "receiver_entropy": 0.0, "original_loss": 0.09662921726703644, "mean_length": 6.0}
{"mode": "train", "epoch": 42, "loss": 4.120573699474335, "acc": 0.7195300236344337, "acc_or": 0.8956502005457878, "sender_entropy": 1.0269769132137299, "receiver_entropy": 0.0, "original_loss": 0.2895442545413971, "mean_length": 6.0}
{"mode": "test", "epoch": 42, "loss": 3.0400807857513428, "acc": 0.9497717022895813, "acc_or": 0.9832571744918823, "sender_entropy": 1.1351776123046875, "receiver_entropy": 0.0, "original_loss": 0.0883844643831253, "mean_length": 6.0}
{"mode": "train", "epoch": 43, "loss": 4.082661509513855, "acc": 0.7355017215013504, "acc_or": 0.9021997153759003, "sender_entropy": 1.01512211561203, "receiver_entropy": 0.0, "original_loss": 0.27201130613684654, "mean_length": 6.0}
{"mode": "test", "epoch": 43, "loss": 3.0156800746917725, "acc": 0.9634703397750854, "acc_or": 0.9878234267234802, "sender_entropy": 1.14014732837677, "receiver_entropy": 0.0, "original_loss": 0.0865691751241684, "mean_length": 6.0}
{"mode": "train", "epoch": 44, "loss": 3.9954873621463776, "acc": 0.7443750873208046, "acc_or": 0.9056141823530197, "sender_entropy": 1.0147593766450882, "receiver_entropy": 0.0, "original_loss": 0.2650421932339668, "mean_length": 6.0}
{"mode": "test", "epoch": 44, "loss": 2.898041009902954, "acc": 0.9573820233345032, "acc_or": 0.9857940077781677, "sender_entropy": 1.1266323328018188, "receiver_entropy": 0.0, "original_loss": 0.08537746965885162, "mean_length": 6.0}
{"mode": "train", "epoch": 45, "loss": 3.915244072675705, "acc": 0.7453557401895523, "acc_or": 0.9057373553514481, "sender_entropy": 1.0160188525915146, "receiver_entropy": 0.0, "original_loss": 0.26268697902560234, "mean_length": 6.0}
{"mode": "test", "epoch": 45, "loss": 2.911628007888794, "acc": 0.9771689772605896, "acc_or": 0.9918822646141052, "sender_entropy": 1.1408486366271973, "receiver_entropy": 0.0, "original_loss": 0.07476452738046646, "mean_length": 6.0}
{"mode": "train", "epoch": 46, "loss": 3.8275312781333923, "acc": 0.7366858795285225, "acc_or": 0.9022001251578331, "sender_entropy": 1.027622029185295, "receiver_entropy": 0.0, "original_loss": 0.26794278621673584, "mean_length": 6.0}
{"mode": "test", "epoch": 46, "loss": 2.8221206665039062, "acc": 0.9649924039840698, "acc_or": 0.9883307814598083, "sender_entropy": 1.136286973953247, "receiver_entropy": 0.0, "original_loss": 0.0756487250328064, "mean_length": 6.0}
{"mode": "train", "epoch": 47, "loss": 3.7665028870105743, "acc": 0.7557426244020462, "acc_or": 0.9096615165472031, "sender_entropy": 1.0144360661506653, "receiver_entropy": 0.0, "original_loss": 0.2506878599524498, "mean_length": 6.0}
{"mode": "test", "epoch": 47, "loss": 2.7517685890197754, "acc": 0.969558596611023, "acc_or": 0.9898528456687927, "sender_entropy": 1.1238384246826172, "receiver_entropy": 0.0, "original_loss": 0.06956930458545685, "mean_length": 6.0}
{"mode": "train", "epoch": 48, "loss": 3.690445840358734, "acc": 0.766101561486721, "acc_or": 0.9141795188188553, "sender_entropy": 1.0051626116037369, "receiver_entropy": 0.0, "original_loss": 0.24114609695971012, "mean_length": 6.0}
{"mode": "test", "epoch": 48, "loss": 2.709171772003174, "acc": 0.9771689772605896, "acc_or": 0.9923896193504333, "sender_entropy": 1.1197253465652466, "receiver_entropy": 0.0, "original_loss": 0.0643003061413765, "mean_length": 6.0}
{"mode": "train", "epoch": 49, "loss": 3.6590543389320374, "acc": 0.7753493115305901, "acc_or": 0.9180935770273209, "sender_entropy": 1.0048354268074036, "receiver_entropy": 0.0, "original_loss": 0.23099780082702637, "mean_length": 6.0}
{"mode": "test", "epoch": 49, "loss": 2.6247549057006836, "acc": 0.9710806608200073, "acc_or": 0.9898528456687927, "sender_entropy": 1.1151812076568604, "receiver_entropy": 0.0, "original_loss": 0.0681714192032814, "mean_length": 6.0}
{"mode": "train", "epoch": 50, "loss": 3.5702711641788483, "acc": 0.7788504734635353, "acc_or": 0.918967492878437, "sender_entropy": 0.9977348297834396, "receiver_entropy": 0.0, "original_loss": 0.22679639793932438, "mean_length": 6.0}
{"mode": "test", "epoch": 50, "loss": 2.5927205085754395, "acc": 0.9710806608200073, "acc_or": 0.9903602004051208, "sender_entropy": 1.1153478622436523, "receiver_entropy": 0.0, "original_loss": 0.06162378191947937, "mean_length": 6.0}
{"mode": "train", "epoch": 51, "loss": 3.476612836122513, "acc": 0.7853116020560265, "acc_or": 0.9213990345597267, "sender_entropy": 0.9934954270720482, "receiver_entropy": 0.0, "original_loss": 0.22253547050058842, "mean_length": 6.0}
{"mode": "test", "epoch": 51, "loss": 2.568263292312622, "acc": 0.9726027250289917, "acc_or": 0.990867555141449, "sender_entropy": 1.1153545379638672, "receiver_entropy": 0.0, "original_loss": 0.05303209647536278, "mean_length": 6.0}
{"mode": "train", "epoch": 52, "loss": 3.405220329761505, "acc": 0.7856326848268509, "acc_or": 0.9211297109723091, "sender_entropy": 0.9954511076211929, "receiver_entropy": 0.0, "original_loss": 0.22272073291242123, "mean_length": 6.0}
{"mode": "test", "epoch": 52, "loss": 2.5376079082489014, "acc": 0.9847792983055115, "acc_or": 0.994926393032074, "sender_entropy": 1.1157612800598145, "receiver_entropy": 0.0, "original_loss": 0.049936119467020035, "mean_length": 6.0}
{"mode": "train", "epoch": 53, "loss": 3.3627900183200836, "acc": 0.7805896028876305, "acc_or": 0.9199473708868027, "sender_entropy": 1.0055212527513504, "receiver_entropy": 0.0, "original_loss": 0.22368387505412102, "mean_length": 6.0}
{"mode": "test", "epoch": 53, "loss": 2.4994847774505615, "acc": 0.969558596611023, "acc_or": 0.9898528456687927, "sender_entropy": 1.1237971782684326, "receiver_entropy": 0.0, "original_loss": 0.055939093232154846, "mean_length": 6.0}
{"mode": "train", "epoch": 54, "loss": 3.3019093573093414, "acc": 0.7863375321030617, "acc_or": 0.9222296550869942, "sender_entropy": 0.9980316013097763, "receiver_entropy": 0.0, "original_loss": 0.21806633099913597, "mean_length": 6.0}
{"mode": "test", "epoch": 54, "loss": 2.442385196685791, "acc": 0.978691041469574, "acc_or": 0.9928969740867615, "sender_entropy": 1.1097004413604736, "receiver_entropy": 0.0, "original_loss": 0.04793602600693703, "mean_length": 6.0}
{"mode": "train", "epoch": 55, "loss": 3.255902975797653, "acc": 0.7972133830189705, "acc_or": 0.9260141104459763, "sender_entropy": 0.9927797168493271, "receiver_entropy": 0.0, "original_loss": 0.20834071934223175, "mean_length": 6.0}
{"mode": "test", "epoch": 55, "loss": 2.3972485065460205, "acc": 0.9847792983055115, "acc_or": 0.994926393032074, "sender_entropy": 1.1079180240631104, "receiver_entropy": 0.0, "original_loss": 0.04569528251886368, "mean_length": 6.0}
{"mode": "train", "epoch": 56, "loss": 3.2006888687610626, "acc": 0.8001595884561539, "acc_or": 0.9276590347290039, "sender_entropy": 0.986707977950573, "receiver_entropy": 0.0, "original_loss": 0.20355465449392796, "mean_length": 6.0}
{"mode": "test", "epoch": 56, "loss": 2.3803164958953857, "acc": 0.9878234267234802, "acc_or": 0.9959411025047302, "sender_entropy": 1.1082038879394531, "receiver_entropy": 0.0, "original_loss": 0.042882319539785385, "mean_length": 6.0}
{"mode": "train", "epoch": 57, "loss": 3.1393874883651733, "acc": 0.7969834432005882, "acc_or": 0.9261003136634827, "sender_entropy": 0.9987161085009575, "receiver_entropy": 0.0, "original_loss": 0.20823053643107414, "mean_length": 6.0}
{"mode": "test", "epoch": 57, "loss": 2.359938144683838, "acc": 0.9832572340965271, "acc_or": 0.9944190382957458, "sender_entropy": 1.1168363094329834, "receiver_entropy": 0.0, "original_loss": 0.04752636328339577, "mean_length": 6.0}
{"mode": "train", "epoch": 58, "loss": 3.07691752910614, "acc": 0.7987619936466217, "acc_or": 0.9267558082938194, "sender_entropy": 0.9976489320397377, "receiver_entropy": 0.0, "original_loss": 0.20581597834825516, "mean_length": 6.0}
{"mode": "test", "epoch": 58, "loss": 2.3163647651672363, "acc": 0.9771689772605896, "acc_or": 0.9923896193504333, "sender_entropy": 1.109757661819458, "receiver_entropy": 0.0, "original_loss": 0.043252646923065186, "mean_length": 6.0}
{"mode": "train", "epoch": 59, "loss": 3.063489258289337, "acc": 0.8095960915088654, "acc_or": 0.930998720228672, "sender_entropy": 0.9926257058978081, "receiver_entropy": 0.0, "original_loss": 0.195108063519001, "mean_length": 6.0}
{"mode": "test", "epoch": 59, "loss": 2.2904584407806396, "acc": 0.9893454909324646, "acc_or": 0.9964484572410583, "sender_entropy": 1.110093116760254, "receiver_entropy": 0.0, "original_loss": 0.03912421315908432, "mean_length": 6.0}
{"mode": "train", "epoch": 60, "loss": 3.025795131921768, "acc": 0.8121931329369545, "acc_or": 0.9318302497267723, "sender_entropy": 0.999946117401123, "receiver_entropy": 0.0, "original_loss": 0.19364595599472523, "mean_length": 6.0}
{"mode": "test", "epoch": 60, "loss": 2.3203279972076416, "acc": 0.9923896789550781, "acc_or": 0.9974631667137146, "sender_entropy": 1.125095248222351, "receiver_entropy": 0.0, "original_loss": 0.034810859709978104, "mean_length": 6.0}
{"mode": "train", "epoch": 61, "loss": 2.920814722776413, "acc": 0.8101252913475037, "acc_or": 0.9306306391954422, "sender_entropy": 0.9960965514183044, "receiver_entropy": 0.0, "original_loss": 0.19754653982818127, "mean_length": 6.0}
{"mode": "test", "epoch": 61, "loss": 2.211726427078247, "acc": 0.9802131056785583, "acc_or": 0.9934043288230896, "sender_entropy": 1.1085928678512573, "receiver_entropy": 0.0, "original_loss": 0.040510453283786774, "mean_length": 6.0}
{"mode": "train", "epoch": 62, "loss": 2.8410587906837463, "acc": 0.8031164184212685, "acc_or": 0.9286816492676735, "sender_entropy": 0.9930520430207253, "receiver_entropy": 0.0, "original_loss": 0.19928151927888393, "mean_length": 6.0}
{"mode": "test", "epoch": 62, "loss": 2.145923376083374, "acc": 0.9893454909324646, "acc_or": 0.9964484572410583, "sender_entropy": 1.0964361429214478, "receiver_entropy": 0.0, "original_loss": 0.03942743316292763, "mean_length": 6.0}
{"mode": "train", "epoch": 63, "loss": 2.8540427684783936, "acc": 0.8191876858472824, "acc_or": 0.9344261437654495, "sender_entropy": 0.9841246753931046, "receiver_entropy": 0.0, "original_loss": 0.18666702136397362, "mean_length": 6.0}
{"mode": "test", "epoch": 63, "loss": 2.1478681564331055, "acc": 0.9878234267234802, "acc_or": 0.9959411025047302, "sender_entropy": 1.1007789373397827, "receiver_entropy": 0.0, "original_loss": 0.03752433508634567, "mean_length": 6.0}
{"mode": "train", "epoch": 64, "loss": 2.787039875984192, "acc": 0.8169994279742241, "acc_or": 0.9335757866501808, "sender_entropy": 0.990765206515789, "receiver_entropy": 0.0, "original_loss": 0.18940231204032898, "mean_length": 6.0}
{"mode": "test", "epoch": 64, "loss": 2.1406755447387695, "acc": 0.9847792983055115, "acc_or": 0.994926393032074, "sender_entropy": 1.1087477207183838, "receiver_entropy": 0.0, "original_loss": 0.038413915783166885, "mean_length": 6.0}
{"mode": "train", "epoch": 65, "loss": 2.7621078491210938, "acc": 0.8180145770311356, "acc_or": 0.9340769350528717, "sender_entropy": 0.9903071969747543, "receiver_entropy": 0.0, "original_loss": 0.18588657677173615, "mean_length": 6.0}
{"mode": "test", "epoch": 65, "loss": 2.102008819580078, "acc": 0.9923896789550781, "acc_or": 0.9974631667137146, "sender_entropy": 1.1021225452423096, "receiver_entropy": 0.0, "original_loss": 0.030813168734312057, "mean_length": 6.0}
{"mode": "train", "epoch": 66, "loss": 2.71570885181427, "acc": 0.8252062350511551, "acc_or": 0.9371182769536972, "sender_entropy": 0.9826094210147858, "receiver_entropy": 0.0, "original_loss": 0.18022788502275944, "mean_length": 6.0}
{"mode": "test", "epoch": 66, "loss": 2.0547266006469727, "acc": 0.9923896789550781, "acc_or": 0.9974631667137146, "sender_entropy": 1.1024469137191772, "receiver_entropy": 0.0, "original_loss": 0.030459687113761902, "mean_length": 6.0}
{"mode": "train", "epoch": 67, "loss": 2.666504293680191, "acc": 0.8199442476034164, "acc_or": 0.934844508767128, "sender_entropy": 0.9918078556656837, "receiver_entropy": 0.0, "original_loss": 0.18398296274244785, "mean_length": 6.0}
{"mode": "test", "epoch": 67, "loss": 2.0411696434020996, "acc": 0.9863013625144958, "acc_or": 0.9954337477684021, "sender_entropy": 1.1113601922988892, "receiver_entropy": 0.0, "original_loss": 0.03473702445626259, "mean_length": 6.0}
{"mode": "train", "epoch": 68, "loss": 2.5737133622169495, "acc": 0.8138523325324059, "acc_or": 0.9324057325720787, "sender_entropy": 0.988105796277523, "receiver_entropy": 0.0, "original_loss": 0.18996378034353256, "mean_length": 6.0}
{"mode": "test", "epoch": 68, "loss": 2.0064377784729004, "acc": 0.9847792983055115, "acc_or": 0.994926393032074, "sender_entropy": 1.1060067415237427, "receiver_entropy": 0.0, "original_loss": 0.034780628979206085, "mean_length": 6.0}
{"mode": "train", "epoch": 69, "loss": 2.5334404706954956, "acc": 0.8194610178470612, "acc_or": 0.9349322989583015, "sender_entropy": 0.9800999388098717, "receiver_entropy": 0.0, "original_loss": 0.18551496230065823, "mean_length": 6.0}
{"mode": "test", "epoch": 69, "loss": 1.9696258306503296, "acc": 0.9908676147460938, "acc_or": 0.9969558119773865, "sender_entropy": 1.1005500555038452, "receiver_entropy": 0.0, "original_loss": 0.03253207355737686, "mean_length": 6.0}
{"mode": "train", "epoch": 70, "loss": 2.4942959249019623, "acc": 0.8205554336309433, "acc_or": 0.9353853836655617, "sender_entropy": 0.9739156663417816, "receiver_entropy": 0.0, "original_loss": 0.18325107172131538, "mean_length": 6.0}
{"mode": "test", "epoch": 70, "loss": 1.9326378107070923, "acc": 0.9832572340965271, "acc_or": 0.9944190382957458, "sender_entropy": 1.0993077754974365, "receiver_entropy": 0.0, "original_loss": 0.03699707239866257, "mean_length": 6.0}
{"mode": "train", "epoch": 71, "loss": 2.4168247878551483, "acc": 0.8118796944618225, "acc_or": 0.932027243077755, "sender_entropy": 0.9882233962416649, "receiver_entropy": 0.0, "original_loss": 0.19113950990140438, "mean_length": 6.0}
{"mode": "test", "epoch": 71, "loss": 1.9334964752197266, "acc": 0.9863013625144958, "acc_or": 0.9954337477684021, "sender_entropy": 1.1061034202575684, "receiver_entropy": 0.0, "original_loss": 0.03514761105179787, "mean_length": 6.0}
{"mode": "train", "epoch": 72, "loss": 2.4159489274024963, "acc": 0.8211265057325363, "acc_or": 0.9355699568986893, "sender_entropy": 0.97683896869421, "receiver_entropy": 0.0, "original_loss": 0.18291999213397503, "mean_length": 6.0}
{"mode": "test", "epoch": 72, "loss": 1.8940805196762085, "acc": 0.9832572340965271, "acc_or": 0.9944190382957458, "sender_entropy": 1.0967010259628296, "receiver_entropy": 0.0, "original_loss": 0.03414949029684067, "mean_length": 6.0}
{"mode": "train", "epoch": 73, "loss": 2.391902655363083, "acc": 0.8198040276765823, "acc_or": 0.935461588203907, "sender_entropy": 0.9797655642032623, "receiver_entropy": 0.0, "original_loss": 0.1806231439113617, "mean_length": 6.0}
{"mode": "test", "epoch": 73, "loss": 1.894948124885559, "acc": 0.9878234267234802, "acc_or": 0.9959411025047302, "sender_entropy": 1.1034083366394043, "receiver_entropy": 0.0, "original_loss": 0.03458612039685249, "mean_length": 6.0}
{"mode": "train", "epoch": 74, "loss": 2.303538888692856, "acc": 0.8213684484362602, "acc_or": 0.9351843968033791, "sender_entropy": 0.9731367975473404, "receiver_entropy": 0.0, "original_loss": 0.18274608626961708, "mean_length": 6.0}
{"mode": "test", "epoch": 74, "loss": 1.8601136207580566, "acc": 0.9908676147460938, "acc_or": 0.9969558119773865, "sender_entropy": 1.0885170698165894, "receiver_entropy": 0.0, "original_loss": 0.029802711680531502, "mean_length": 6.0}
{"mode": "train", "epoch": 75, "loss": 2.322221517562866, "acc": 0.8352008387446404, "acc_or": 0.9408125430345535, "sender_entropy": 0.9594734162092209, "receiver_entropy": 0.0, "original_loss": 0.16924497298896313, "mean_length": 6.0}
{"mode": "test", "epoch": 75, "loss": 1.8387224674224854, "acc": 0.9863013625144958, "acc_or": 0.9954337477684021, "sender_entropy": 1.0859586000442505, "receiver_entropy": 0.0, "original_loss": 0.029305782169103622, "mean_length": 6.0}
{"mode": "train", "epoch": 76, "loss": 2.2835366129875183, "acc": 0.832318089902401, "acc_or": 0.9395260885357857, "sender_entropy": 0.9670336619019508, "receiver_entropy": 0.0, "original_loss": 0.17234301939606667, "mean_length": 6.0}
{"mode": "test", "epoch": 76, "loss": 1.79746675491333, "acc": 0.9893454909324646, "acc_or": 0.9959411025047302, "sender_entropy": 1.0842050313949585, "receiver_entropy": 0.0, "original_loss": 0.033747002482414246, "mean_length": 6.0}
{"mode": "train", "epoch": 77, "loss": 2.205619990825653, "acc": 0.8226893916726112, "acc_or": 0.9359095394611359, "sender_entropy": 0.9720834642648697, "receiver_entropy": 0.0, "original_loss": 0.18012309074401855, "mean_length": 6.0}
{"mode": "test", "epoch": 77, "loss": 1.8076567649841309, "acc": 0.9878234267234802, "acc_or": 0.9959411025047302, "sender_entropy": 1.0955379009246826, "receiver_entropy": 0.0, "original_loss": 0.029502421617507935, "mean_length": 6.0}
{"mode": "train", "epoch": 78, "loss": 2.1928627490997314, "acc": 0.8247475475072861, "acc_or": 0.9370525404810905, "sender_entropy": 0.9738830476999283, "receiver_entropy": 0.0, "original_loss": 0.17884797602891922, "mean_length": 6.0}
{"mode": "test", "epoch": 78, "loss": 1.781064748764038, "acc": 0.9908676147460938, "acc_or": 0.9969558119773865, "sender_entropy": 1.0979851484298706, "receiver_entropy": 0.0, "original_loss": 0.03161647170782089, "mean_length": 6.0}
{"mode": "train", "epoch": 79, "loss": 2.1634855568408966, "acc": 0.823408454656601, "acc_or": 0.9366701543331146, "sender_entropy": 0.9811509549617767, "receiver_entropy": 0.0, "original_loss": 0.17889178730547428, "mean_length": 6.0}
{"mode": "test", "epoch": 79, "loss": 1.7751531600952148, "acc": 0.9923896789550781, "acc_or": 0.9974631667137146, "sender_entropy": 1.1049628257751465, "receiver_entropy": 0.0, "original_loss": 0.028897034004330635, "mean_length": 6.0}
{"mode": "train", "epoch": 80, "loss": 2.1699198484420776, "acc": 0.8355756625533104, "acc_or": 0.940977968275547, "sender_entropy": 0.9769482612609863, "receiver_entropy": 0.0, "original_loss": 0.16882215812802315, "mean_length": 6.0}
{"mode": "test", "epoch": 80, "loss": 1.7610664367675781, "acc": 0.9893454909324646, "acc_or": 0.9964484572410583, "sender_entropy": 1.0972108840942383, "receiver_entropy": 0.0, "original_loss": 0.027229979634284973, "mean_length": 6.0}
{"mode": "train", "epoch": 81, "loss": 2.1454647183418274, "acc": 0.8374043926596642, "acc_or": 0.9415505528450012, "sender_entropy": 0.9669512808322906, "receiver_entropy": 0.0, "original_loss": 0.1646569799631834, "mean_length": 6.0}
{"mode": "test", "epoch": 81, "loss": 1.7414696216583252, "acc": 0.9954338073730469, "acc_or": 0.9984778761863708, "sender_entropy": 1.0937120914459229, "receiver_entropy": 0.0, "original_loss": 0.024670302867889404, "mean_length": 6.0}
{"mode": "train", "epoch": 82, "loss": 2.083878219127655, "acc": 0.8346061930060387, "acc_or": 0.9404981136322021, "sender_entropy": 0.9766434952616692, "receiver_entropy": 0.0, "original_loss": 0.17053865641355515, "mean_length": 6.0}
{"mode": "test", "epoch": 82, "loss": 1.7445628643035889, "acc": 0.9954338073730469, "acc_or": 0.9984778761863708, "sender_entropy": 1.108968734741211, "receiver_entropy": 0.0, "original_loss": 0.025551127269864082, "mean_length": 6.0}
{"mode": "train", "epoch": 83, "loss": 2.0898645222187042, "acc": 0.8341848850250244, "acc_or": 0.9408667609095573, "sender_entropy": 0.9839232042431831, "receiver_entropy": 0.0, "original_loss": 0.16730877943336964, "mean_length": 6.0}
{"mode": "test", "epoch": 83, "loss": 1.7072809934616089, "acc": 0.9939117431640625, "acc_or": 0.9979705214500427, "sender_entropy": 1.0981080532073975, "receiver_entropy": 0.0, "original_loss": 0.026124760508537292, "mean_length": 6.0}
{"mode": "train", "epoch": 84, "loss": 2.054321676492691, "acc": 0.8412444964051247, "acc_or": 0.9429666548967361, "sender_entropy": 0.9688153639435768, "receiver_entropy": 0.0, "original_loss": 0.16271559707820415, "mean_length": 6.0}
{"mode": "test", "epoch": 84, "loss": 1.6796791553497314, "acc": 0.9893454909324646, "acc_or": 0.9964484572410583, "sender_entropy": 1.0969582796096802, "receiver_entropy": 0.0, "original_loss": 0.02567407488822937, "mean_length": 6.0}
{"mode": "train", "epoch": 85, "loss": 2.014869198203087, "acc": 0.8354606851935387, "acc_or": 0.940979391336441, "sender_entropy": 0.9752243906259537, "receiver_entropy": 0.0, "original_loss": 0.1662011221051216, "mean_length": 6.0}
{"mode": "test", "epoch": 85, "loss": 1.6685600280761719, "acc": 0.9817351698875427, "acc_or": 0.9934043288230896, "sender_entropy": 1.1062589883804321, "receiver_entropy": 0.0, "original_loss": 0.03205159306526184, "mean_length": 6.0}
{"mode": "train", "epoch": 86, "loss": 1.9613624811172485, "acc": 0.8329675868153572, "acc_or": 0.9399310871958733, "sender_entropy": 0.977150209248066, "receiver_entropy": 0.0, "original_loss": 0.16980211436748505, "mean_length": 6.0}
{"mode": "test", "epoch": 86, "loss": 1.6323133707046509, "acc": 0.9847792983055115, "acc_or": 0.994926393032074, "sender_entropy": 1.0900304317474365, "receiver_entropy": 0.0, "original_loss": 0.03141282498836517, "mean_length": 6.0}
{"mode": "train", "epoch": 87, "loss": 1.93717922270298, "acc": 0.8342725783586502, "acc_or": 0.9402587860822678, "sender_entropy": 0.9683203175663948, "receiver_entropy": 0.0, "original_loss": 0.16743704304099083, "mean_length": 6.0}
{"mode": "test", "epoch": 87, "loss": 1.6018325090408325, "acc": 0.9863013625144958, "acc_or": 0.9954337477684021, "sender_entropy": 1.090381383895874, "receiver_entropy": 0.0, "original_loss": 0.03454028069972992, "mean_length": 6.0}
{"mode": "train", "epoch": 88, "loss": 1.9152276068925858, "acc": 0.8359012305736542, "acc_or": 0.941166914999485, "sender_entropy": 0.9637947455048561, "receiver_entropy": 0.0, "original_loss": 0.16469485126435757, "mean_length": 6.0}
{"mode": "test", "epoch": 88, "loss": 1.6013180017471313, "acc": 0.9878234267234802, "acc_or": 0.9959411025047302, "sender_entropy": 1.0871148109436035, "receiver_entropy": 0.0, "original_loss": 0.02741873264312744, "mean_length": 6.0}
{"mode": "train", "epoch": 89, "loss": 1.9384574443101883, "acc": 0.8486796021461487, "acc_or": 0.9461810514330864, "sender_entropy": 0.9596619233489037, "receiver_entropy": 0.0, "original_loss": 0.15447155386209488, "mean_length": 6.0}
{"mode": "test", "epoch": 89, "loss": 1.586243748664856, "acc": 0.9908676147460938, "acc_or": 0.9969558119773865, "sender_entropy": 1.0870351791381836, "receiver_entropy": 0.0, "original_loss": 0.028210999444127083, "mean_length": 6.0}
{"mode": "train", "epoch": 90, "loss": 1.8905339986085892, "acc": 0.8417322412133217, "acc_or": 0.9436476081609726, "sender_entropy": 0.9665557220578194, "receiver_entropy": 0.0, "original_loss": 0.1596971694380045, "mean_length": 6.0}
{"mode": "test", "epoch": 90, "loss": 1.5601192712783813, "acc": 0.9878234267234802, "acc_or": 0.9959411025047302, "sender_entropy": 1.0896435976028442, "receiver_entropy": 0.0, "original_loss": 0.03519785404205322, "mean_length": 6.0}
{"mode": "train", "epoch": 91, "loss": 1.8624873608350754, "acc": 0.8407255336642265, "acc_or": 0.9431899785995483, "sender_entropy": 0.9653234854340553, "receiver_entropy": 0.0, "original_loss": 0.15926477313041687, "mean_length": 6.0}
{"mode": "test", "epoch": 91, "loss": 1.5736364126205444, "acc": 0.9893454909324646, "acc_or": 0.9964484572410583, "sender_entropy": 1.089310646057129, "receiver_entropy": 0.0, "original_loss": 0.02460968680679798, "mean_length": 6.0}
{"mode": "train", "epoch": 92, "loss": 1.9049547612667084, "acc": 0.849074587225914, "acc_or": 0.9464218989014626, "sender_entropy": 0.9689860418438911, "receiver_entropy": 0.0, "original_loss": 0.1509887296706438, "mean_length": 6.0}
{"mode": "test", "epoch": 92, "loss": 1.5954009294509888, "acc": 0.9923896789550781, "acc_or": 0.9974631667137146, "sender_entropy": 1.1039072275161743, "receiver_entropy": 0.0, "original_loss": 0.024590006098151207, "mean_length": 6.0}
{"mode": "train", "epoch": 93, "loss": 1.772269994020462, "acc": 0.8377828896045685, "acc_or": 0.9418277367949486, "sender_entropy": 0.9770327806472778, "receiver_entropy": 0.0, "original_loss": 0.1659685280174017, "mean_length": 6.0}
{"mode": "test", "epoch": 93, "loss": 1.580221176147461, "acc": 0.9908676147460938, "acc_or": 0.9969558119773865, "sender_entropy": 1.1040434837341309, "receiver_entropy": 0.0, "original_loss": 0.02382473833858967, "mean_length": 6.0}
{"mode": "train", "epoch": 94, "loss": 1.7766655385494232, "acc": 0.840965710580349, "acc_or": 0.9431887418031693, "sender_entropy": 0.9719247668981552, "receiver_entropy": 0.0, "original_loss": 0.1605245303362608, "mean_length": 6.0}
{"mode": "test", "epoch": 94, "loss": 1.5368239879608154, "acc": 0.9939117431640625, "acc_or": 0.9979705214500427, "sender_entropy": 1.0854568481445312, "receiver_entropy": 0.0, "original_loss": 0.02127271704375744, "mean_length": 6.0}
{"mode": "train", "epoch": 95, "loss": 1.7808116972446442, "acc": 0.8441681861877441, "acc_or": 0.9440991580486298, "sender_entropy": 0.9699671193957329, "receiver_entropy": 0.0, "original_loss": 0.1566881500184536, "mean_length": 6.0}
{"mode": "test", "epoch": 95, "loss": 1.5098872184753418, "acc": 0.9893454909324646, "acc_or": 0.9964484572410583, "sender_entropy": 1.0924572944641113, "receiver_entropy": 0.0, "original_loss": 0.026980824768543243, "mean_length": 6.0}
{"mode": "train", "epoch": 96, "loss": 1.748873993754387, "acc": 0.8460923954844475, "acc_or": 0.9452673345804214, "sender_entropy": 0.9718471691012383, "receiver_entropy": 0.0, "original_loss": 0.155941404402256, "mean_length": 6.0}
{"mode": "test", "epoch": 96, "loss": 1.4987941980361938, "acc": 0.9923896789550781, "acc_or": 0.9974631667137146, "sender_entropy": 1.0877412557601929, "receiver_entropy": 0.0, "original_loss": 0.023811018094420433, "mean_length": 6.0}
{"mode": "train", "epoch": 97, "loss": 1.7431269437074661, "acc": 0.8468315005302429, "acc_or": 0.9456253796815872, "sender_entropy": 0.9695799201726913, "receiver_entropy": 0.0, "original_loss": 0.1545242965221405, "mean_length": 6.0}
{"mode": "test", "epoch": 97, "loss": 1.4871963262557983, "acc": 0.9939117431640625, "acc_or": 0.9979705214500427, "sender_entropy": 1.082091212272644, "receiver_entropy": 0.0, "original_loss": 0.02287682332098484, "mean_length": 6.0}
{"mode": "train", "epoch": 98, "loss": 1.7157272100448608, "acc": 0.8457968384027481, "acc_or": 0.9449420049786568, "sender_entropy": 0.9693619161844254, "receiver_entropy": 0.0, "original_loss": 0.15478690713644028, "mean_length": 6.0}
{"mode": "test", "epoch": 98, "loss": 1.4753172397613525, "acc": 0.978691041469574, "acc_or": 0.9928969740867615, "sender_entropy": 1.0918550491333008, "receiver_entropy": 0.0, "original_loss": 0.0306645929813385, "mean_length": 6.0}
{"mode": "train", "epoch": 99, "loss": 1.6460113674402237, "acc": 0.834862194955349, "acc_or": 0.9414241164922714, "sender_entropy": 0.9759192913770676, "receiver_entropy": 0.0, "original_loss": 0.16351984068751335, "mean_length": 6.0}
{"mode": "test", "epoch": 99, "loss": 1.4778887033462524, "acc": 0.9863013625144958, "acc_or": 0.9954337477684021, "sender_entropy": 1.094719648361206, "receiver_entropy": 0.0, "original_loss": 0.03006717748939991, "mean_length": 6.0}
{"mode": "train", "epoch": 100, "loss": 1.6253800094127655, "acc": 0.8423689156770706, "acc_or": 0.9438414722681046, "sender_entropy": 0.9701686799526215, "receiver_entropy": 0.0, "original_loss": 0.15941057726740837, "mean_length": 6.0}
{"mode": "test", "epoch": 100, "loss": 1.4419587850570679, "acc": 0.9893454909324646, "acc_or": 0.9964484572410583, "sender_entropy": 1.079660177230835, "receiver_entropy": 0.0, "original_loss": 0.02589845098555088, "mean_length": 6.0}
{"mode": "train", "epoch": 101, "loss": 1.6361956298351288, "acc": 0.8506781458854675, "acc_or": 0.9466367661952972, "sender_entropy": 0.9609992951154709, "receiver_entropy": 0.0, "original_loss": 0.15274093486368656, "mean_length": 6.0}
{"mode": "test", "epoch": 101, "loss": 1.4207667112350464, "acc": 0.9939117431640625, "acc_or": 0.9979705214500427, "sender_entropy": 1.071153998374939, "receiver_entropy": 0.0, "original_loss": 0.023206783458590508, "mean_length": 6.0}
{"mode": "train", "epoch": 102, "loss": 1.6200675964355469, "acc": 0.8511330112814903, "acc_or": 0.9469545483589172, "sender_entropy": 0.956849567592144, "receiver_entropy": 0.0, "original_loss": 0.15108438208699226, "mean_length": 6.0}
{"mode": "test", "epoch": 102, "loss": 1.4137343168258667, "acc": 0.9954338073730469, "acc_or": 0.9984778761863708, "sender_entropy": 1.0693212747573853, "receiver_entropy": 0.0, "original_loss": 0.018824242055416107, "mean_length": 6.0}
{"mode": "train", "epoch": 103, "loss": 1.6194410771131516, "acc": 0.8512088432908058, "acc_or": 0.9469310194253922, "sender_entropy": 0.9620702192187309, "receiver_entropy": 0.0, "original_loss": 0.14994235523045063, "mean_length": 6.0}
{"mode": "test", "epoch": 103, "loss": 1.413433313369751, "acc": 0.9878234267234802, "acc_or": 0.9959411025047302, "sender_entropy": 1.0868325233459473, "receiver_entropy": 0.0, "original_loss": 0.024285735562443733, "mean_length": 6.0}
{"mode": "train", "epoch": 104, "loss": 1.6070095896720886, "acc": 0.8573465943336487, "acc_or": 0.9489118307828903, "sender_entropy": 0.9634916186332703, "receiver_entropy": 0.0, "original_loss": 0.14621584303677082, "mean_length": 6.0}
{"mode": "test", "epoch": 104, "loss": 1.3748725652694702, "acc": 0.9893454909324646, "acc_or": 0.9964484572410583, "sender_entropy": 1.081030249595642, "receiver_entropy": 0.0, "original_loss": 0.024834271520376205, "mean_length": 6.0}
{"mode": "train", "epoch": 105, "loss": 1.6156306862831116, "acc": 0.8628394827246666, "acc_or": 0.9512846246361732, "sender_entropy": 0.9605066105723381, "receiver_entropy": 0.0, "original_loss": 0.14055627584457397, "mean_length": 6.0}
{"mode": "test", "epoch": 105, "loss": 1.3947391510009766, "acc": 0.9878234267234802, "acc_or": 0.9959411025047302, "sender_entropy": 1.0917224884033203, "receiver_entropy": 0.0, "original_loss": 0.02351166121661663, "mean_length": 6.0}
{"mode": "train", "epoch": 106, "loss": 1.5540796518325806, "acc": 0.8531777933239937, "acc_or": 0.9476280212402344, "sender_entropy": 0.9684856683015823, "receiver_entropy": 0.0, "original_loss": 0.1498889271169901, "mean_length": 6.0}
{"mode": "test", "epoch": 106, "loss": 1.369338870048523, "acc": 0.9878234267234802, "acc_or": 0.9959411025047302, "sender_entropy": 1.0847599506378174, "receiver_entropy": 0.0, "original_loss": 0.0223759226500988, "mean_length": 6.0}
{"mode": "train", "epoch": 107, "loss": 1.5410691499710083, "acc": 0.8497448191046715, "acc_or": 0.9461069777607918, "sender_entropy": 0.9671061486005783, "receiver_entropy": 0.0, "original_loss": 0.14966758340597153, "mean_length": 6.0}
{"mode": "test", "epoch": 107, "loss": 1.390602707862854, "acc": 0.9863013625144958, "acc_or": 0.9954337477684021, "sender_entropy": 1.0938509702682495, "receiver_entropy": 0.0, "original_loss": 0.02333155646920204, "mean_length": 6.0}
{"mode": "train", "epoch": 108, "loss": 1.484005019068718, "acc": 0.8445719107985497, "acc_or": 0.9443687573075294, "sender_entropy": 0.9737652018666267, "receiver_entropy": 0.0, "original_loss": 0.1573315840214491, "mean_length": 6.0}
{"mode": "test", "epoch": 108, "loss": 1.3813271522521973, "acc": 0.9939117431640625, "acc_or": 0.9979705214500427, "sender_entropy": 1.0910727977752686, "receiver_entropy": 0.0, "original_loss": 0.019769692793488503, "mean_length": 6.0}
{"mode": "train", "epoch": 109, "loss": 1.535054787993431, "acc": 0.8596076816320419, "acc_or": 0.9500062763690948, "sender_entropy": 0.9630553424358368, "receiver_entropy": 0.0, "original_loss": 0.14260433241724968, "mean_length": 6.0}
{"mode": "test", "epoch": 109, "loss": 1.3313740491867065, "acc": 0.9939117431640625, "acc_or": 0.9979705214500427, "sender_entropy": 1.0759235620498657, "receiver_entropy": 0.0, "original_loss": 0.021107187494635582, "mean_length": 6.0}
{"mode": "train", "epoch": 110, "loss": 1.5151845961809158, "acc": 0.8596588522195816, "acc_or": 0.9499441236257553, "sender_entropy": 0.9668305590748787, "receiver_entropy": 0.0, "original_loss": 0.1430788543075323, "mean_length": 6.0}
{"mode": "test", "epoch": 110, "loss": 1.3707345724105835, "acc": 0.9939117431640625, "acc_or": 0.9979705214500427, "sender_entropy": 1.1033909320831299, "receiver_entropy": 0.0, "original_loss": 0.021833352744579315, "mean_length": 6.0}
{"mode": "train", "epoch": 111, "loss": 1.4655562788248062, "acc": 0.8505560755729675, "acc_or": 0.9467123597860336, "sender_entropy": 0.976663164794445, "receiver_entropy": 0.0, "original_loss": 0.1511123888194561, "mean_length": 6.0}
{"mode": "test", "epoch": 111, "loss": 1.3523963689804077, "acc": 0.9954338073730469, "acc_or": 0.9984778761863708, "sender_entropy": 1.0905156135559082, "receiver_entropy": 0.0, "original_loss": 0.01996603049337864, "mean_length": 6.0}
{"mode": "train", "epoch": 112, "loss": 1.481147974729538, "acc": 0.85567906498909, "acc_or": 0.9487699717283249, "sender_entropy": 0.9740758463740349, "receiver_entropy": 0.0, "original_loss": 0.14529765024781227, "mean_length": 6.0}
{"mode": "test", "epoch": 112, "loss": 1.3522623777389526, "acc": 0.9954338073730469, "acc_or": 0.9984778761863708, "sender_entropy": 1.0948052406311035, "receiver_entropy": 0.0, "original_loss": 0.01861484907567501, "mean_length": 6.0}
{"mode": "train", "epoch": 113, "loss": 1.4485244750976562, "acc": 0.8549707978963852, "acc_or": 0.9481943547725677, "sender_entropy": 0.9733671322464943, "receiver_entropy": 0.0, "original_loss": 0.14620591700077057, "mean_length": 6.0}
{"mode": "test", "epoch": 113, "loss": 1.3142659664154053, "acc": 0.9878234267234802, "acc_or": 0.9959411025047302, "sender_entropy": 1.0843102931976318, "receiver_entropy": 0.0, "original_loss": 0.022290388122200966, "mean_length": 6.0}
{"mode": "train", "epoch": 114, "loss": 1.4541580229997635, "acc": 0.8584832847118378, "acc_or": 0.949825644493103, "sender_entropy": 0.97025266289711, "receiver_entropy": 0.0, "original_loss": 0.14155535772442818, "mean_length": 6.0}
{"mode": "test", "epoch": 114, "loss": 1.2994801998138428, "acc": 0.9939117431640625, "acc_or": 0.9979705214500427, "sender_entropy": 1.0839879512786865, "receiver_entropy": 0.0, "original_loss": 0.02187987044453621, "mean_length": 6.0}
{"mode": "train", "epoch": 115, "loss": 1.4470269829034805, "acc": 0.8610575273633003, "acc_or": 0.9508045613765717, "sender_entropy": 0.9692541807889938, "receiver_entropy": 0.0, "original_loss": 0.140274990350008, "mean_length": 6.0}
{"mode": "test", "epoch": 115, "loss": 1.307126760482788, "acc": 0.9893454909324646, "acc_or": 0.9964484572410583, "sender_entropy": 1.0894076824188232, "receiver_entropy": 0.0, "original_loss": 0.02286968007683754, "mean_length": 6.0}
{"mode": "train", "epoch": 116, "loss": 1.3738627284765244, "acc": 0.853635385632515, "acc_or": 0.9478095918893814, "sender_entropy": 0.9732574746012688, "receiver_entropy": 0.0, "original_loss": 0.14829163253307343, "mean_length": 6.0}
{"mode": "test", "epoch": 116, "loss": 1.2965929508209229, "acc": 0.9863013625144958, "acc_or": 0.9954337477684021, "sender_entropy": 1.0904912948608398, "receiver_entropy": 0.0, "original_loss": 0.02089780941605568, "mean_length": 6.0}
{"mode": "train", "epoch": 117, "loss": 1.370441883802414, "acc": 0.853069081902504, "acc_or": 0.9478953406214714, "sender_entropy": 0.9721195846796036, "receiver_entropy": 0.0, "original_loss": 0.14680480398237705, "mean_length": 6.0}
{"mode": "test", "epoch": 117, "loss": 1.281042218208313, "acc": 0.9984779357910156, "acc_or": 0.9994925856590271, "sender_entropy": 1.080396056175232, "receiver_entropy": 0.0, "original_loss": 0.01693475991487503, "mean_length": 6.0}
{"mode": "train", "epoch": 118, "loss": 1.3999405652284622, "acc": 0.861486479640007, "acc_or": 0.950847715139389, "sender_entropy": 0.9678023755550385, "receiver_entropy": 0.0, "original_loss": 0.1390064749866724, "mean_length": 6.0}
{"mode": "test", "epoch": 118, "loss": 1.2764960527420044, "acc": 0.9893454909324646, "acc_or": 0.9964484572410583, "sender_entropy": 1.0870791673660278, "receiver_entropy": 0.0, "original_loss": 0.020394712686538696, "mean_length": 6.0}
{"mode": "train", "epoch": 119, "loss": 1.370099887251854, "acc": 0.8627360984683037, "acc_or": 0.9514851123094559, "sender_entropy": 0.9727378040552139, "receiver_entropy": 0.0, "original_loss": 0.1404972579330206, "mean_length": 6.0}
{"mode": "test", "epoch": 119, "loss": 1.2864162921905518, "acc": 0.9908676147460938, "acc_or": 0.9969558119773865, "sender_entropy": 1.0950992107391357, "receiver_entropy": 0.0, "original_loss": 0.02205037511885166, "mean_length": 6.0}
{"mode": "train", "epoch": 120, "loss": 1.3383200615644455, "acc": 0.8534684330224991, "acc_or": 0.9479959085583687, "sender_entropy": 0.9751390591263771, "receiver_entropy": 0.0, "original_loss": 0.14578914642333984, "mean_length": 6.0}
{"mode": "test", "epoch": 120, "loss": 1.2775650024414062, "acc": 0.9939117431640625, "acc_or": 0.9979705214500427, "sender_entropy": 1.0944647789001465, "receiver_entropy": 0.0, "original_loss": 0.02324564941227436, "mean_length": 6.0}
{"mode": "train", "epoch": 121, "loss": 1.3142095506191254, "acc": 0.8552679941058159, "acc_or": 0.9482492208480835, "sender_entropy": 0.9711783081293106, "receiver_entropy": 0.0, "original_loss": 0.14471382647752762, "mean_length": 6.0}
{"mode": "test", "epoch": 121, "loss": 1.2599698305130005, "acc": 0.9908676147460938, "acc_or": 0.9969558119773865, "sender_entropy": 1.0885529518127441, "receiver_entropy": 0.0, "original_loss": 0.023059532046318054, "mean_length": 6.0}
{"mode": "train", "epoch": 122, "loss": 1.2949801683425903, "acc": 0.8584943264722824, "acc_or": 0.9493524953722954, "sender_entropy": 0.9719170928001404, "receiver_entropy": 0.0, "original_loss": 0.14373272843658924, "mean_length": 6.0}
{"mode": "test", "epoch": 122, "loss": 1.230480670928955, "acc": 0.9878234267234802, "acc_or": 0.9959411025047302, "sender_entropy": 1.0912991762161255, "receiver_entropy": 0.0, "original_loss": 0.024703780189156532, "mean_length": 6.0}
{"mode": "train", "epoch": 123, "loss": 1.308435007929802, "acc": 0.8612794429063797, "acc_or": 0.9510193467140198, "sender_entropy": 0.9669825360178947, "receiver_entropy": 0.0, "original_loss": 0.13976367749273777, "mean_length": 6.0}
{"mode": "test", "epoch": 123, "loss": 1.2295037508010864, "acc": 0.9832572340965271, "acc_or": 0.9944190382957458, "sender_entropy": 1.0847206115722656, "receiver_entropy": 0.0, "original_loss": 0.02371978387236595, "mean_length": 6.0}
{"mode": "train", "epoch": 124, "loss": 1.2828645259141922, "acc": 0.8591254130005836, "acc_or": 0.9498196840286255, "sender_entropy": 0.9697988033294678, "receiver_entropy": 0.0, "original_loss": 0.1416721623390913, "mean_length": 6.0}
{"mode": "test", "epoch": 124, "loss": 1.269351601600647, "acc": 0.9969558715820312, "acc_or": 0.998985230922699, "sender_entropy": 1.0945992469787598, "receiver_entropy": 0.0, "original_loss": 0.019120726734399796, "mean_length": 6.0}
{"mode": "train", "epoch": 125, "loss": 1.2684952020645142, "acc": 0.8584609106183052, "acc_or": 0.9498681575059891, "sender_entropy": 0.9714362621307373, "receiver_entropy": 0.0, "original_loss": 0.14165016636252403, "mean_length": 6.0}
{"mode": "test", "epoch": 125, "loss": 1.2628839015960693, "acc": 0.9954338073730469, "acc_or": 0.9984778761863708, "sender_entropy": 1.0921931266784668, "receiver_entropy": 0.0, "original_loss": 0.018824633210897446, "mean_length": 6.0}
{"mode": "train", "epoch": 126, "loss": 1.2656206041574478, "acc": 0.859753355383873, "acc_or": 0.9503024592995644, "sender_entropy": 0.9721426889300346, "receiver_entropy": 0.0, "original_loss": 0.14030462130904198, "mean_length": 6.0}
{"mode": "test", "epoch": 126, "loss": 1.2234914302825928, "acc": 0.9939117431640625, "acc_or": 0.9979705214500427, "sender_entropy": 1.085426688194275, "receiver_entropy": 0.0, "original_loss": 0.019805647432804108, "mean_length": 6.0}
{"mode": "train", "epoch": 127, "loss": 1.2595908790826797, "acc": 0.8629765585064888, "acc_or": 0.9513489529490471, "sender_entropy": 0.9702241197228432, "receiver_entropy": 0.0, "original_loss": 0.13837046176195145, "mean_length": 6.0}
{"mode": "test", "epoch": 127, "loss": 1.223276138305664, "acc": 0.9954338073730469, "acc_or": 0.9984778761863708, "sender_entropy": 1.0811007022857666, "receiver_entropy": 0.0, "original_loss": 0.01760602556169033, "mean_length": 6.0}
{"mode": "train", "epoch": 128, "loss": 1.2351680546998978, "acc": 0.8617039024829865, "acc_or": 0.9511269479990005, "sender_entropy": 0.9682314917445183, "receiver_entropy": 0.0, "original_loss": 0.13890987634658813, "mean_length": 6.0}
{"mode": "test", "epoch": 128, "loss": 1.226549506187439, "acc": 0.9954338073730469, "acc_or": 0.9984778761863708, "sender_entropy": 1.0835480690002441, "receiver_entropy": 0.0, "original_loss": 0.019243944436311722, "mean_length": 6.0}
{"mode": "train", "epoch": 129, "loss": 1.2354024350643158, "acc": 0.8632618933916092, "acc_or": 0.9514045119285583, "sender_entropy": 0.9674960449337959, "receiver_entropy": 0.0, "original_loss": 0.1371666844934225, "mean_length": 6.0}
{"mode": "test", "epoch": 129, "loss": 1.2017278671264648, "acc": 0.9954338073730469, "acc_or": 0.9984778761863708, "sender_entropy": 1.080903172492981, "receiver_entropy": 0.0, "original_loss": 0.01876443810760975, "mean_length": 6.0}
{"mode": "train", "epoch": 130, "loss": 1.2309263050556183, "acc": 0.8652169182896614, "acc_or": 0.9524283558130264, "sender_entropy": 0.9676487743854523, "receiver_entropy": 0.0, "original_loss": 0.13574405945837498, "mean_length": 6.0}
{"mode": "test", "epoch": 130, "loss": 1.1844894886016846, "acc": 0.9908676147460938, "acc_or": 0.9969558119773865, "sender_entropy": 1.0802571773529053, "receiver_entropy": 0.0, "original_loss": 0.021024227142333984, "mean_length": 6.0}
{"mode": "train", "epoch": 131, "loss": 1.2010638415813446, "acc": 0.8616022691130638, "acc_or": 0.9508849903941154, "sender_entropy": 0.9669603928923607, "receiver_entropy": 0.0, "original_loss": 0.13782476633787155, "mean_length": 6.0}
{"mode": "test", "epoch": 131, "loss": 1.2049565315246582, "acc": 0.9923896789550781, "acc_or": 0.9974631667137146, "sender_entropy": 1.0813117027282715, "receiver_entropy": 0.0, "original_loss": 0.01743154786527157, "mean_length": 6.0}
{"mode": "train", "epoch": 132, "loss": 1.2053816616535187, "acc": 0.866522878408432, "acc_or": 0.9526461362838745, "sender_entropy": 0.9700273349881172, "receiver_entropy": 0.0, "original_loss": 0.13401600904762745, "mean_length": 6.0}
{"mode": "test", "epoch": 132, "loss": 1.2108838558197021, "acc": 0.9969558715820312, "acc_or": 0.998985230922699, "sender_entropy": 1.0833896398544312, "receiver_entropy": 0.0, "original_loss": 0.016025764867663383, "mean_length": 6.0}
{"mode": "train", "epoch": 133, "loss": 1.244029849767685, "acc": 0.8789545372128487, "acc_or": 0.9571340903639793, "sender_entropy": 0.9631108716130257, "receiver_entropy": 0.0, "original_loss": 0.1243286905810237, "mean_length": 6.0}
{"mode": "test", "epoch": 133, "loss": 1.1880775690078735, "acc": 0.9969558715820312, "acc_or": 0.998985230922699, "sender_entropy": 1.079553484916687, "receiver_entropy": 0.0, "original_loss": 0.014588273130357265, "mean_length": 6.0}
{"mode": "train", "epoch": 134, "loss": 1.2468928396701813, "acc": 0.8783760964870453, "acc_or": 0.9571808651089668, "sender_entropy": 0.9584817215800285, "receiver_entropy": 0.0, "original_loss": 0.12248726282268763, "mean_length": 6.0}
{"mode": "test", "epoch": 134, "loss": 1.1806950569152832, "acc": 0.9893454909324646, "acc_or": 0.9964484572410583, "sender_entropy": 1.0801411867141724, "receiver_entropy": 0.0, "original_loss": 0.021200481802225113, "mean_length": 6.0}
{"mode": "train", "epoch": 135, "loss": 1.1859716922044754, "acc": 0.8694232404232025, "acc_or": 0.9535198956727982, "sender_entropy": 0.9659591391682625, "receiver_entropy": 0.0, "original_loss": 0.13004179298877716, "mean_length": 6.0}
{"mode": "test", "epoch": 135, "loss": 1.1770274639129639, "acc": 0.9954338073730469, "acc_or": 0.9984778761863708, "sender_entropy": 1.0723354816436768, "receiver_entropy": 0.0, "original_loss": 0.01691087894141674, "mean_length": 6.0}
{"mode": "train", "epoch": 136, "loss": 1.183842495083809, "acc": 0.873315840959549, "acc_or": 0.955284982919693, "sender_entropy": 0.9635000377893448, "receiver_entropy": 0.0, "original_loss": 0.1277605351060629, "mean_length": 6.0}
{"mode": "test", "epoch": 136, "loss": 1.1740615367889404, "acc": 0.9939117431640625, "acc_or": 0.9979705214500427, "sender_entropy": 1.065760612487793, "receiver_entropy": 0.0, "original_loss": 0.016156887635588646, "mean_length": 6.0}
{"mode": "train", "epoch": 137, "loss": 1.1769153773784637, "acc": 0.8761504665017128, "acc_or": 0.956330917775631, "sender_entropy": 0.9613644108176231, "receiver_entropy": 0.0, "original_loss": 0.1262529594823718, "mean_length": 6.0}
{"mode": "test", "epoch": 137, "loss": 1.1865484714508057, "acc": 0.9939117431640625, "acc_or": 0.9979705214500427, "sender_entropy": 1.0773530006408691, "receiver_entropy": 0.0, "original_loss": 0.01674569956958294, "mean_length": 6.0}
{"mode": "train", "epoch": 138, "loss": 1.1810034066438675, "acc": 0.8743585646152496, "acc_or": 0.9557988196611404, "sender_entropy": 0.9679089710116386, "receiver_entropy": 0.0, "original_loss": 0.1258548442274332, "mean_length": 6.0}
{"mode": "test", "epoch": 138, "loss": 1.1710939407348633, "acc": 0.9908676147460938, "acc_or": 0.9969558119773865, "sender_entropy": 1.080729365348816, "receiver_entropy": 0.0, "original_loss": 0.019125696271657944, "mean_length": 6.0}
{"mode": "train", "epoch": 139, "loss": 1.1724088340997696, "acc": 0.8770287036895752, "acc_or": 0.9566097557544708, "sender_entropy": 0.9679403305053711, "receiver_entropy": 0.0, "original_loss": 0.12480990961194038, "mean_length": 6.0}
{"mode": "test", "epoch": 139, "loss": 1.1578593254089355, "acc": 0.9939117431640625, "acc_or": 0.9979705214500427, "sender_entropy": 1.0724807977676392, "receiver_entropy": 0.0, "original_loss": 0.018725428730249405, "mean_length": 6.0}
{"mode": "train", "epoch": 140, "loss": 1.1774630844593048, "acc": 0.8794999644160271, "acc_or": 0.9576661139726639, "sender_entropy": 0.9635663032531738, "receiver_entropy": 0.0, "original_loss": 0.12082919478416443, "mean_length": 6.0}
{"mode": "test", "epoch": 140, "loss": 1.1516845226287842, "acc": 0.9923896789550781, "acc_or": 0.9974631667137146, "sender_entropy": 1.0676062107086182, "receiver_entropy": 0.0, "original_loss": 0.017123518511652946, "mean_length": 6.0}
{"mode": "train", "epoch": 141, "loss": 1.1410493403673172, "acc": 0.8745746091008186, "acc_or": 0.9559335708618164, "sender_entropy": 0.9678975865244865, "receiver_entropy": 0.0, "original_loss": 0.12560289725661278, "mean_length": 6.0}
{"mode": "test", "epoch": 141, "loss": 1.1685259342193604, "acc": 0.9939117431640625, "acc_or": 0.9979705214500427, "sender_entropy": 1.0783964395523071, "receiver_entropy": 0.0, "original_loss": 0.016752732917666435, "mean_length": 6.0}
{"mode": "train", "epoch": 142, "loss": 1.1523625254631042, "acc": 0.8764644488692284, "acc_or": 0.9565437436103821, "sender_entropy": 0.9700938761234283, "receiver_entropy": 0.0, "original_loss": 0.12275859527289867, "mean_length": 6.0}
{"mode": "test", "epoch": 142, "loss": 1.149003267288208, "acc": 0.9939117431640625, "acc_or": 0.9979705214500427, "sender_entropy": 1.0674158334732056, "receiver_entropy": 0.0, "original_loss": 0.017988024279475212, "mean_length": 6.0}
{"mode": "train", "epoch": 143, "loss": 1.1358455121517181, "acc": 0.8776376843452454, "acc_or": 0.956876814365387, "sender_entropy": 0.967627540230751, "receiver_entropy": 0.0, "original_loss": 0.12220362294465303, "mean_length": 6.0}
{"mode": "test", "epoch": 143, "loss": 1.1370409727096558, "acc": 0.9939117431640625, "acc_or": 0.9979705214500427, "sender_entropy": 1.0669609308242798, "receiver_entropy": 0.0, "original_loss": 0.017326004803180695, "mean_length": 6.0}
{"mode": "train", "epoch": 144, "loss": 1.1471480131149292, "acc": 0.8836900517344475, "acc_or": 0.9591604694724083, "sender_entropy": 0.9609454870223999, "receiver_entropy": 0.0, "original_loss": 0.11739385593682528, "mean_length": 6.0}
{"mode": "test", "epoch": 144, "loss": 1.1509993076324463, "acc": 0.9923896789550781, "acc_or": 0.9974631667137146, "sender_entropy": 1.0606261491775513, "receiver_entropy": 0.0, "original_loss": 0.015285813249647617, "mean_length": 6.0}
{"mode": "train", "epoch": 145, "loss": 1.1352163553237915, "acc": 0.8852985128760338, "acc_or": 0.9597977697849274, "sender_entropy": 0.960834838449955, "receiver_entropy": 0.0, "original_loss": 0.11620545573532581, "mean_length": 6.0}
{"mode": "test", "epoch": 145, "loss": 1.1206799745559692, "acc": 0.9954338073730469, "acc_or": 0.9984778761863708, "sender_entropy": 1.0504276752471924, "receiver_entropy": 0.0, "original_loss": 0.015020977705717087, "mean_length": 6.0}
{"mode": "train", "epoch": 146, "loss": 1.1563022881746292, "acc": 0.8905884549021721, "acc_or": 0.9616795554757118, "sender_entropy": 0.9606153219938278, "receiver_entropy": 0.0, "original_loss": 0.11213991604745388, "mean_length": 6.0}
{"mode": "test", "epoch": 146, "loss": 1.120288372039795, "acc": 0.9908676147460938, "acc_or": 0.9969558119773865, "sender_entropy": 1.0547457933425903, "receiver_entropy": 0.0, "original_loss": 0.014436922036111355, "mean_length": 6.0}
{"mode": "train", "epoch": 147, "loss": 1.1476942151784897, "acc": 0.8881475999951363, "acc_or": 0.9607229605317116, "sender_entropy": 0.9632290974259377, "receiver_entropy": 0.0, "original_loss": 0.11276736669242382, "mean_length": 6.0}
{"mode": "test", "epoch": 147, "loss": 1.1381856203079224, "acc": 0.9984779357910156, "acc_or": 0.9994925856590271, "sender_entropy": 1.0575464963912964, "receiver_entropy": 0.0, "original_loss": 0.012298251502215862, "mean_length": 6.0}
{"mode": "train", "epoch": 148, "loss": 1.0893473625183105, "acc": 0.8836225420236588, "acc_or": 0.9588645771145821, "sender_entropy": 0.9659244567155838, "receiver_entropy": 0.0, "original_loss": 0.11836159788072109, "mean_length": 6.0}
{"mode": "test", "epoch": 148, "loss": 1.1144486665725708, "acc": 0.9954338073730469, "acc_or": 0.9984778761863708, "sender_entropy": 1.0550416707992554, "receiver_entropy": 0.0, "original_loss": 0.015434152446687222, "mean_length": 6.0}
{"mode": "train", "epoch": 149, "loss": 1.1172087341547012, "acc": 0.8884998932480812, "acc_or": 0.960618294775486, "sender_entropy": 0.963683009147644, "receiver_entropy": 0.0, "original_loss": 0.11312467977404594, "mean_length": 6.0}
{"mode": "test", "epoch": 149, "loss": 1.1195718050003052, "acc": 0.9984779357910156, "acc_or": 0.9994925856590271, "sender_entropy": 1.0622642040252686, "receiver_entropy": 0.0, "original_loss": 0.012300288304686546, "mean_length": 6.0}
{"mode": "train", "epoch": 150, "loss": 1.1170951575040817, "acc": 0.8929542973637581, "acc_or": 0.9621682018041611, "sender_entropy": 0.9639167040586472, "receiver_entropy": 0.0, "original_loss": 0.1104739373549819, "mean_length": 6.0}
{"mode": "test", "epoch": 150, "loss": 1.1229802370071411, "acc": 0.9984779357910156, "acc_or": 0.9994925856590271, "sender_entropy": 1.0617963075637817, "receiver_entropy": 0.0, "original_loss": 0.01237480714917183, "mean_length": 6.0}
{"mode": "train", "epoch": 151, "loss": 1.1179243922233582, "acc": 0.8908567279577255, "acc_or": 0.9616387784481049, "sender_entropy": 0.9673898071050644, "receiver_entropy": 0.0, "original_loss": 0.1094978703185916, "mean_length": 6.0}
{"mode": "test", "epoch": 151, "loss": 1.1167045831680298, "acc": 0.9923896789550781, "acc_or": 0.9974631667137146, "sender_entropy": 1.0589479207992554, "receiver_entropy": 0.0, "original_loss": 0.013761920854449272, "mean_length": 6.0}
{"mode": "train", "epoch": 152, "loss": 1.100659728050232, "acc": 0.8918738067150116, "acc_or": 0.9619987159967422, "sender_entropy": 0.9664773046970367, "receiver_entropy": 0.0, "original_loss": 0.11000520829111338, "mean_length": 6.0}
{"mode": "test", "epoch": 152, "loss": 1.1017310619354248, "acc": 0.9954338073730469, "acc_or": 0.9984778761863708, "sender_entropy": 1.0552926063537598, "receiver_entropy": 0.0, "original_loss": 0.01568213663995266, "mean_length": 6.0}
{"mode": "train", "epoch": 153, "loss": 1.1031413972377777, "acc": 0.8949528485536575, "acc_or": 0.9632553905248642, "sender_entropy": 0.9638604074716568, "receiver_entropy": 0.0, "original_loss": 0.10686897579580545, "mean_length": 6.0}
{"mode": "test", "epoch": 153, "loss": 1.1038011312484741, "acc": 0.9984779357910156, "acc_or": 0.9994925856590271, "sender_entropy": 1.0569767951965332, "receiver_entropy": 0.0, "original_loss": 0.012555473484098911, "mean_length": 6.0}
{"mode": "train", "epoch": 154, "loss": 1.0979323983192444, "acc": 0.8954658135771751, "acc_or": 0.9632310569286346, "sender_entropy": 0.9626809433102608, "receiver_entropy": 0.0, "original_loss": 0.10700071696192026, "mean_length": 6.0}
{"mode": "test", "epoch": 154, "loss": 1.08367121219635, "acc": 0.9923896789550781, "acc_or": 0.9974631667137146, "sender_entropy": 1.0433952808380127, "receiver_entropy": 0.0, "original_loss": 0.01432337798178196, "mean_length": 6.0}
{"mode": "train", "epoch": 155, "loss": 1.1002650707960129, "acc": 0.895863264799118, "acc_or": 0.9636296331882477, "sender_entropy": 0.9635308384895325, "receiver_entropy": 0.0, "original_loss": 0.10548700019717216, "mean_length": 6.0}
{"mode": "test", "epoch": 155, "loss": 1.0905576944351196, "acc": 0.9954338073730469, "acc_or": 0.9984778761863708, "sender_entropy": 1.0603224039077759, "receiver_entropy": 0.0, "original_loss": 0.013956485316157341, "mean_length": 6.0}
{"mode": "train", "epoch": 156, "loss": 1.071217119693756, "acc": 0.8974473103880882, "acc_or": 0.9638880491256714, "sender_entropy": 0.9644839614629745, "receiver_entropy": 0.0, "original_loss": 0.10665327683091164, "mean_length": 6.0}
{"mode": "test", "epoch": 156, "loss": 1.0984148979187012, "acc": 0.9969558715820312, "acc_or": 0.998985230922699, "sender_entropy": 1.0527950525283813, "receiver_entropy": 0.0, "original_loss": 0.012120148167014122, "mean_length": 6.0}
{"mode": "train", "epoch": 157, "loss": 1.064091995358467, "acc": 0.8928850069642067, "acc_or": 0.962620697915554, "sender_entropy": 0.9663171470165253, "receiver_entropy": 0.0, "original_loss": 0.10770584642887115, "mean_length": 6.0}
{"mode": "test", "epoch": 157, "loss": 1.0967378616333008, "acc": 0.9954338073730469, "acc_or": 0.9984778761863708, "sender_entropy": 1.053445816040039, "receiver_entropy": 0.0, "original_loss": 0.012635200284421444, "mean_length": 6.0}
{"mode": "train", "epoch": 158, "loss": 1.0485456436872482, "acc": 0.8947680220007896, "acc_or": 0.9629774689674377, "sender_entropy": 0.9679025188088417, "receiver_entropy": 0.0, "original_loss": 0.10805526282638311, "mean_length": 6.0}
{"mode": "test", "epoch": 158, "loss": 1.0722477436065674, "acc": 0.9954338073730469, "acc_or": 0.9984778761863708, "sender_entropy": 1.0471099615097046, "receiver_entropy": 0.0, "original_loss": 0.01563321240246296, "mean_length": 6.0}
{"mode": "train", "epoch": 159, "loss": 1.0480439588427544, "acc": 0.9000252410769463, "acc_or": 0.9648008346557617, "sender_entropy": 0.9642262011766434, "receiver_entropy": 0.0, "original_loss": 0.10549685917794704, "mean_length": 6.0}
{"mode": "test", "epoch": 159, "loss": 1.06803560256958, "acc": 0.9984779357910156, "acc_or": 0.998985230922699, "sender_entropy": 1.041563630104065, "receiver_entropy": 0.0, "original_loss": 0.015081161633133888, "mean_length": 6.0}
{"mode": "train", "epoch": 160, "loss": 1.060625746846199, "acc": 0.9021578580141068, "acc_or": 0.9656104072928429, "sender_entropy": 0.9596228003501892, "receiver_entropy": 0.0, "original_loss": 0.10136436577886343, "mean_length": 6.0}
{"mode": "test", "epoch": 160, "loss": 1.0513429641723633, "acc": 0.9939117431640625, "acc_or": 0.9979705214500427, "sender_entropy": 1.03298819065094, "receiver_entropy": 0.0, "original_loss": 0.01096251793205738, "mean_length": 6.0}
{"mode": "train", "epoch": 161, "loss": 1.075243204832077, "acc": 0.9051700532436371, "acc_or": 0.9666540250182152, "sender_entropy": 0.956710048019886, "receiver_entropy": 0.0, "original_loss": 0.09708007983863354, "mean_length": 6.0}
{"mode": "test", "epoch": 161, "loss": 1.0592565536499023, "acc": 1.0, "acc_or": 1.0, "sender_entropy": 1.0330758094787598, "receiver_entropy": 0.0, "original_loss": 0.009930000640451908, "mean_length": 6.0}
{"epoch": 161, "positional_disent": 0.056007612496614456, "bag_of_symbol_disent": 0.1418508142232895, "topographic_sim": 0.2939938478264724}
{"generalization hold out": {"acc": 0.7654321193695068, "acc_or": 0.8806585073471069}, "uniform holdout": {"acc": 0.944444477558136, "acc_or": 0.9814814925193787}, "epoch": 161}
---End--
