nohup: ignoring input
{"mode": "train", "epoch": 1, "loss": -2.4507631063461304, "acc": 0.001709257128823083, "acc_or": 0.11214147787541151, "sender_entropy": 2.2993725538253784, "receiver_entropy": 0.0, "original_loss": 2.2547806203365326, "mean_length": 6.0}
{"mode": "test", "epoch": 1, "loss": 1.764692783355713, "acc": 0.0015220700297504663, "acc_or": 0.11364789307117462, "sender_entropy": 2.2982072830200195, "receiver_entropy": 0.0, "original_loss": 2.199465274810791, "mean_length": 6.0}
{"mode": "train", "epoch": 2, "loss": 1.607258141040802, "acc": 0.0018347372679272667, "acc_or": 0.11493790987879038, "sender_entropy": 2.2995121777057648, "receiver_entropy": 0.0, "original_loss": 2.1991683542728424, "mean_length": 6.0}
{"mode": "test", "epoch": 2, "loss": 1.5527958869934082, "acc": 0.0015220700297504663, "acc_or": 0.1385083645582199, "sender_entropy": 2.3002657890319824, "receiver_entropy": 0.0, "original_loss": 2.1881213188171387, "mean_length": 6.0}
{"mode": "train", "epoch": 3, "loss": 1.3856316953897476, "acc": 0.0013464560252032243, "acc_or": 0.11636906675994396, "sender_entropy": 2.3004125356674194, "receiver_entropy": 0.0, "original_loss": 2.1975137293338776, "mean_length": 6.0}
{"mode": "test", "epoch": 3, "loss": 1.6018292903900146, "acc": 0.006088280119001865, "acc_or": 0.2135971486568451, "sender_entropy": 2.3004894256591797, "receiver_entropy": 0.0, "original_loss": 2.173476219177246, "mean_length": 6.0}
{"mode": "train", "epoch": 4, "loss": 1.2976351827383041, "acc": 0.0016777507480583154, "acc_or": 0.11863143555819988, "sender_entropy": 2.300749331712723, "receiver_entropy": 0.0, "original_loss": 2.1963029205799103, "mean_length": 6.0}
{"mode": "test", "epoch": 4, "loss": 1.7770724296569824, "acc": 0.015220699831843376, "acc_or": 0.2597666084766388, "sender_entropy": 2.3008832931518555, "receiver_entropy": 0.0, "original_loss": 2.153712034225464, "mean_length": 6.0}
{"mode": "train", "epoch": 5, "loss": 1.252194032073021, "acc": 0.0015207642718451098, "acc_or": 0.12211487349122763, "sender_entropy": 2.300865352153778, "receiver_entropy": 0.0, "original_loss": 2.195189744234085, "mean_length": 6.0}
{"mode": "test", "epoch": 5, "loss": 1.9843605756759644, "acc": 0.013698630034923553, "acc_or": 0.29426684975624084, "sender_entropy": 2.300537347793579, "receiver_entropy": 0.0, "original_loss": 2.132854461669922, "mean_length": 6.0}
{"mode": "train", "epoch": 6, "loss": 1.2320243120193481, "acc": 0.001876473063020967, "acc_or": 0.12732361443340778, "sender_entropy": 2.2999432384967804, "receiver_entropy": 0.0, "original_loss": 2.193468391895294, "mean_length": 6.0}
{"mode": "test", "epoch": 6, "loss": 2.3439698219299316, "acc": 0.013698630034923553, "acc_or": 0.30238455533981323, "sender_entropy": 2.2983896732330322, "receiver_entropy": 0.0, "original_loss": 2.0984716415405273, "mean_length": 6.0}
{"mode": "train", "epoch": 7, "loss": 1.28006711602211, "acc": 0.0027000044065061957, "acc_or": 0.14114079251885414, "sender_entropy": 2.294143706560135, "receiver_entropy": 0.0, "original_loss": 2.186480939388275, "mean_length": 6.0}
{"mode": "test", "epoch": 7, "loss": 2.932326555252075, "acc": 0.010654490441083908, "acc_or": 0.2851344347000122, "sender_entropy": 2.281942844390869, "receiver_entropy": 0.0, "original_loss": 2.032303810119629, "mean_length": 6.0}
{"mode": "train", "epoch": 8, "loss": 1.8205619901418686, "acc": 0.004517419933108613, "acc_or": 0.1872801911085844, "sender_entropy": 2.2450419664382935, "receiver_entropy": 0.0, "original_loss": 2.1322110295295715, "mean_length": 6.0}
{"mode": "test", "epoch": 8, "loss": 3.3061933517456055, "acc": 0.013698630034923553, "acc_or": 0.30695077776908875, "sender_entropy": 2.1677725315093994, "receiver_entropy": 0.0, "original_loss": 1.9211870431900024, "mean_length": 6.0}
{"mode": "train", "epoch": 9, "loss": 2.9630720615386963, "acc": 0.00929998472565785, "acc_or": 0.24684132263064384, "sender_entropy": 2.103346526622772, "receiver_entropy": 0.0, "original_loss": 1.9980233758687973, "mean_length": 6.0}
{"mode": "test", "epoch": 9, "loss": 3.3209567070007324, "acc": 0.010654490441083908, "acc_or": 0.30745813250541687, "sender_entropy": 2.0949113368988037, "receiver_entropy": 0.0, "original_loss": 1.8532427549362183, "mean_length": 6.0}
{"mode": "train", "epoch": 10, "loss": 3.3986420929431915, "acc": 0.014357923879288137, "acc_or": 0.28232091292738914, "sender_entropy": 2.0497286915779114, "receiver_entropy": 0.0, "original_loss": 1.9218009412288666, "mean_length": 6.0}
{"mode": "test", "epoch": 10, "loss": 4.239455699920654, "acc": 0.01826484128832817, "acc_or": 0.3713850677013397, "sender_entropy": 2.067843198776245, "receiver_entropy": 0.0, "original_loss": 1.7020395994186401, "mean_length": 6.0}
{"mode": "train", "epoch": 11, "loss": 4.1819857358932495, "acc": 0.02186831715516746, "acc_or": 0.3322659023106098, "sender_entropy": 1.9605423659086227, "receiver_entropy": 0.0, "original_loss": 1.800259292125702, "mean_length": 6.0}
{"mode": "test", "epoch": 11, "loss": 4.735863208770752, "acc": 0.02435312047600746, "acc_or": 0.41400304436683655, "sender_entropy": 1.9905105829238892, "receiver_entropy": 0.0, "original_loss": 1.580733060836792, "mean_length": 6.0}
{"mode": "train", "epoch": 12, "loss": 4.985317885875702, "acc": 0.033069734228774905, "acc_or": 0.37400322407484055, "sender_entropy": 1.8710754215717316, "receiver_entropy": 0.0, "original_loss": 1.6695800721645355, "mean_length": 6.0}
{"mode": "test", "epoch": 12, "loss": 5.71962833404541, "acc": 0.038051750510931015, "acc_or": 0.45814305543899536, "sender_entropy": 1.976057767868042, "receiver_entropy": 0.0, "original_loss": 1.4145606756210327, "mean_length": 6.0}
{"mode": "train", "epoch": 13, "loss": 5.699712455272675, "acc": 0.04650988103821874, "acc_or": 0.4044589214026928, "sender_entropy": 1.8234169334173203, "receiver_entropy": 0.0, "original_loss": 1.5460738092660904, "mean_length": 6.0}
{"mode": "test", "epoch": 13, "loss": 6.291097640991211, "acc": 0.07305936515331268, "acc_or": 0.4992389380931854, "sender_entropy": 1.9163304567337036, "receiver_entropy": 0.0, "original_loss": 1.2587882280349731, "mean_length": 6.0}
{"mode": "train", "epoch": 14, "loss": 6.303565740585327, "acc": 0.0673412149772048, "acc_or": 0.44696294143795967, "sender_entropy": 1.7346080839633942, "receiver_entropy": 0.0, "original_loss": 1.4102738201618195, "mean_length": 6.0}
{"mode": "test", "epoch": 14, "loss": 6.618210792541504, "acc": 0.13546423614025116, "acc_or": 0.5540334582328796, "sender_entropy": 1.8979058265686035, "receiver_entropy": 0.0, "original_loss": 1.1346256732940674, "mean_length": 6.0}
{"mode": "train", "epoch": 15, "loss": 6.723806619644165, "acc": 0.09158424008637667, "acc_or": 0.48962945118546486, "sender_entropy": 1.6712221801280975, "receiver_entropy": 0.0, "original_loss": 1.2884490489959717, "mean_length": 6.0}
{"mode": "test", "epoch": 15, "loss": 6.398149490356445, "acc": 0.15372906625270844, "acc_or": 0.6002029180526733, "sender_entropy": 1.7801944017410278, "receiver_entropy": 0.0, "original_loss": 1.0105266571044922, "mean_length": 6.0}
{"mode": "train", "epoch": 16, "loss": 6.921380162239075, "acc": 0.12482405547052622, "acc_or": 0.5323520600795746, "sender_entropy": 1.5712552666664124, "receiver_entropy": 0.0, "original_loss": 1.1709193140268326, "mean_length": 6.0}
{"mode": "test", "epoch": 16, "loss": 6.444626808166504, "acc": 0.21461187303066254, "acc_or": 0.6428208947181702, "sender_entropy": 1.7495248317718506, "receiver_entropy": 0.0, "original_loss": 0.9131020903587341, "mean_length": 6.0}
{"mode": "train", "epoch": 17, "loss": 6.993877947330475, "acc": 0.15528462268412113, "acc_or": 0.56632911413908, "sender_entropy": 1.531538039445877, "receiver_entropy": 0.0, "original_loss": 1.0885248631238937, "mean_length": 6.0}
{"mode": "test", "epoch": 17, "loss": 6.269314765930176, "acc": 0.28158295154571533, "acc_or": 0.6950786113739014, "sender_entropy": 1.6767330169677734, "receiver_entropy": 0.0, "original_loss": 0.8078749179840088, "mean_length": 6.0}
{"mode": "train", "epoch": 18, "loss": 6.912477910518646, "acc": 0.18916724994778633, "acc_or": 0.6047005727887154, "sender_entropy": 1.4489695578813553, "receiver_entropy": 0.0, "original_loss": 1.0006714686751366, "mean_length": 6.0}
{"mode": "test", "epoch": 18, "loss": 5.849639415740967, "acc": 0.33485540747642517, "acc_or": 0.7300862073898315, "sender_entropy": 1.5847746133804321, "receiver_entropy": 0.0, "original_loss": 0.7448551058769226, "mean_length": 6.0}
{"mode": "train", "epoch": 19, "loss": 6.7691293358802795, "acc": 0.2168324775993824, "acc_or": 0.6308092176914215, "sender_entropy": 1.3938685059547424, "receiver_entropy": 0.0, "original_loss": 0.9342931434512138, "mean_length": 6.0}
{"mode": "test", "epoch": 19, "loss": 5.804439067840576, "acc": 0.388127863407135, "acc_or": 0.7661085724830627, "sender_entropy": 1.5728462934494019, "receiver_entropy": 0.0, "original_loss": 0.667944610118866, "mean_length": 6.0}
{"mode": "train", "epoch": 20, "loss": 6.660570025444031, "acc": 0.24240750074386597, "acc_or": 0.64964609593153, "sender_entropy": 1.3852119594812393, "receiver_entropy": 0.0, "original_loss": 0.8893197998404503, "mean_length": 6.0}
{"mode": "test", "epoch": 20, "loss": 5.674439430236816, "acc": 0.4216133952140808, "acc_or": 0.7676306366920471, "sender_entropy": 1.5388199090957642, "receiver_entropy": 0.0, "original_loss": 0.627612829208374, "mean_length": 6.0}
{"mode": "train", "epoch": 21, "loss": 6.559194266796112, "acc": 0.2798607237637043, "acc_or": 0.6762276440858841, "sender_entropy": 1.3450260758399963, "receiver_entropy": 0.0, "original_loss": 0.8287042304873466, "mean_length": 6.0}
{"mode": "test", "epoch": 21, "loss": 5.546210289001465, "acc": 0.5053272247314453, "acc_or": 0.8127853870391846, "sender_entropy": 1.4815624952316284, "receiver_entropy": 0.0, "original_loss": 0.5465471744537354, "mean_length": 6.0}
{"mode": "train", "epoch": 22, "loss": 6.511805355548859, "acc": 0.32316840440034866, "acc_or": 0.7053973972797394, "sender_entropy": 1.3037670254707336, "receiver_entropy": 0.0, "original_loss": 0.7631760388612747, "mean_length": 6.0}
{"mode": "test", "epoch": 22, "loss": 5.32618522644043, "acc": 0.5616438388824463, "acc_or": 0.844748854637146, "sender_entropy": 1.4375123977661133, "receiver_entropy": 0.0, "original_loss": 0.49317920207977295, "mean_length": 6.0}
{"mode": "train", "epoch": 23, "loss": 6.3483277559280396, "acc": 0.3506489545106888, "acc_or": 0.7216427996754646, "sender_entropy": 1.27524633705616, "receiver_entropy": 0.0, "original_loss": 0.7213201373815536, "mean_length": 6.0}
{"mode": "test", "epoch": 23, "loss": 5.279909133911133, "acc": 0.5738204121589661, "acc_or": 0.8462709188461304, "sender_entropy": 1.4403049945831299, "receiver_entropy": 0.0, "original_loss": 0.45920678973197937, "mean_length": 6.0}
{"mode": "train", "epoch": 24, "loss": 6.144244015216827, "acc": 0.3627476915717125, "acc_or": 0.7272730842232704, "sender_entropy": 1.2791954278945923, "receiver_entropy": 0.0, "original_loss": 0.7053846120834351, "mean_length": 6.0}
{"mode": "test", "epoch": 24, "loss": 5.029450416564941, "acc": 0.6012176871299744, "acc_or": 0.8559106588363647, "sender_entropy": 1.404091238975525, "receiver_entropy": 0.0, "original_loss": 0.43737709522247314, "mean_length": 6.0}
{"mode": "train", "epoch": 25, "loss": 5.989263832569122, "acc": 0.3976919911801815, "acc_or": 0.747046209871769, "sender_entropy": 1.2276797145605087, "receiver_entropy": 0.0, "original_loss": 0.6551705673336983, "mean_length": 6.0}
{"mode": "test", "epoch": 25, "loss": 4.711427688598633, "acc": 0.6164383888244629, "acc_or": 0.8645357489585876, "sender_entropy": 1.3614678382873535, "receiver_entropy": 0.0, "original_loss": 0.41639313101768494, "mean_length": 6.0}
{"mode": "train", "epoch": 26, "loss": 5.877967596054077, "acc": 0.4310370944440365, "acc_or": 0.7630171254277229, "sender_entropy": 1.2133990675210953, "receiver_entropy": 0.0, "original_loss": 0.6191251650452614, "mean_length": 6.0}
{"mode": "test", "epoch": 26, "loss": 4.683414459228516, "acc": 0.7077625393867493, "acc_or": 0.895991861820221, "sender_entropy": 1.3504654169082642, "receiver_entropy": 0.0, "original_loss": 0.35985061526298523, "mean_length": 6.0}
{"mode": "train", "epoch": 27, "loss": 5.8243818283081055, "acc": 0.4648549407720566, "acc_or": 0.78026332706213, "sender_entropy": 1.1998228877782822, "receiver_entropy": 0.0, "original_loss": 0.5779197961091995, "mean_length": 6.0}
{"mode": "test", "epoch": 27, "loss": 4.600773334503174, "acc": 0.7716895341873169, "acc_or": 0.9213597178459167, "sender_entropy": 1.3153986930847168, "receiver_entropy": 0.0, "original_loss": 0.3089478313922882, "mean_length": 6.0}
{"mode": "train", "epoch": 28, "loss": 5.721401572227478, "acc": 0.5034272521734238, "acc_or": 0.7983011454343796, "sender_entropy": 1.1742962896823883, "receiver_entropy": 0.0, "original_loss": 0.5382270067930222, "mean_length": 6.0}
{"mode": "test", "epoch": 28, "loss": 4.57204532623291, "acc": 0.797564685344696, "acc_or": 0.9289700388908386, "sender_entropy": 1.3042709827423096, "receiver_entropy": 0.0, "original_loss": 0.26684120297431946, "mean_length": 6.0}
{"mode": "train", "epoch": 29, "loss": 5.623954474925995, "acc": 0.5313786268234253, "acc_or": 0.8121934160590172, "sender_entropy": 1.1581995785236359, "receiver_entropy": 0.0, "original_loss": 0.5037782192230225, "mean_length": 6.0}
{"mode": "test", "epoch": 29, "loss": 4.402466773986816, "acc": 0.8203957676887512, "acc_or": 0.9381024837493896, "sender_entropy": 1.2798446416854858, "receiver_entropy": 0.0, "original_loss": 0.25124412775039673, "mean_length": 6.0}
{"mode": "train", "epoch": 30, "loss": 5.5225624442100525, "acc": 0.5561854913830757, "acc_or": 0.8240843489766121, "sender_entropy": 1.1459219604730606, "receiver_entropy": 0.0, "original_loss": 0.475979745388031, "mean_length": 6.0}
{"mode": "test", "epoch": 30, "loss": 4.2463836669921875, "acc": 0.8173515796661377, "acc_or": 0.9381024837493896, "sender_entropy": 1.2659846544265747, "receiver_entropy": 0.0, "original_loss": 0.24079841375350952, "mean_length": 6.0}
{"mode": "train", "epoch": 31, "loss": 5.399835050106049, "acc": 0.5885792821645737, "acc_or": 0.837757907807827, "sender_entropy": 1.1267075687646866, "receiver_entropy": 0.0, "original_loss": 0.4441284164786339, "mean_length": 6.0}
{"mode": "test", "epoch": 31, "loss": 4.102787017822266, "acc": 0.8630136847496033, "acc_or": 0.9523084163665771, "sender_entropy": 1.2261645793914795, "receiver_entropy": 0.0, "original_loss": 0.20317234098911285, "mean_length": 6.0}
{"mode": "train", "epoch": 32, "loss": 5.297107636928558, "acc": 0.615785539150238, "acc_or": 0.8505121394991875, "sender_entropy": 1.1002499610185623, "receiver_entropy": 0.0, "original_loss": 0.41118333116173744, "mean_length": 6.0}
{"mode": "test", "epoch": 32, "loss": 4.062482833862305, "acc": 0.8843227028846741, "acc_or": 0.9604261517524719, "sender_entropy": 1.224369764328003, "receiver_entropy": 0.0, "original_loss": 0.18235507607460022, "mean_length": 6.0}
{"mode": "train", "epoch": 33, "loss": 5.193134307861328, "acc": 0.6243494153022766, "acc_or": 0.8546272963285446, "sender_entropy": 1.0983731001615524, "receiver_entropy": 0.0, "original_loss": 0.3982039615511894, "mean_length": 6.0}
{"mode": "test", "epoch": 33, "loss": 3.8979787826538086, "acc": 0.8828006386756897, "acc_or": 0.9604261517524719, "sender_entropy": 1.2083752155303955, "receiver_entropy": 0.0, "original_loss": 0.18597500026226044, "mean_length": 6.0}
{"mode": "train", "epoch": 34, "loss": 5.052993059158325, "acc": 0.6413673758506775, "acc_or": 0.8625054508447647, "sender_entropy": 1.079499140381813, "receiver_entropy": 0.0, "original_loss": 0.37655239179730415, "mean_length": 6.0}
{"mode": "test", "epoch": 34, "loss": 3.8353166580200195, "acc": 0.922374427318573, "acc_or": 0.973617434501648, "sender_entropy": 1.1889365911483765, "receiver_entropy": 0.0, "original_loss": 0.15180814266204834, "mean_length": 6.0}
{"mode": "train", "epoch": 35, "loss": 4.889616250991821, "acc": 0.6498700305819511, "acc_or": 0.865575835108757, "sender_entropy": 1.0674307644367218, "receiver_entropy": 0.0, "original_loss": 0.3671412877738476, "mean_length": 6.0}
{"mode": "test", "epoch": 35, "loss": 3.6513407230377197, "acc": 0.9071537256240845, "acc_or": 0.9690512418746948, "sender_entropy": 1.1702653169631958, "receiver_entropy": 0.0, "original_loss": 0.14634071290493011, "mean_length": 6.0}
{"mode": "train", "epoch": 36, "loss": 4.727127254009247, "acc": 0.6623295247554779, "acc_or": 0.8710374161601067, "sender_entropy": 1.0557197034358978, "receiver_entropy": 0.0, "original_loss": 0.3563571237027645, "mean_length": 6.0}
{"mode": "test", "epoch": 36, "loss": 3.622816562652588, "acc": 0.9162861704826355, "acc_or": 0.9715880155563354, "sender_entropy": 1.1611164808273315, "receiver_entropy": 0.0, "original_loss": 0.13378620147705078, "mean_length": 6.0}
{"mode": "train", "epoch": 37, "loss": 4.641659736633301, "acc": 0.6767695471644402, "acc_or": 0.8768062219023705, "sender_entropy": 1.044570416212082, "receiver_entropy": 0.0, "original_loss": 0.340046014636755, "mean_length": 6.0}
{"mode": "test", "epoch": 37, "loss": 3.512796640396118, "acc": 0.9254185557365417, "acc_or": 0.9751394987106323, "sender_entropy": 1.1555451154708862, "receiver_entropy": 0.0, "original_loss": 0.12787415087223053, "mean_length": 6.0}
{"mode": "train", "epoch": 38, "loss": 4.563218653202057, "acc": 0.6987076997756958, "acc_or": 0.8857385069131851, "sender_entropy": 1.0317752659320831, "receiver_entropy": 0.0, "original_loss": 0.3185681737959385, "mean_length": 6.0}
{"mode": "test", "epoch": 38, "loss": 3.3874638080596924, "acc": 0.9147641062736511, "acc_or": 0.9715880155563354, "sender_entropy": 1.1351054906845093, "receiver_entropy": 0.0, "original_loss": 0.12436951696872711, "mean_length": 6.0}
{"mode": "train", "epoch": 39, "loss": 4.4196208119392395, "acc": 0.7007309347391129, "acc_or": 0.8862256407737732, "sender_entropy": 1.0358359962701797, "receiver_entropy": 0.0, "original_loss": 0.31755178049206734, "mean_length": 6.0}
{"mode": "test", "epoch": 39, "loss": 3.35688853263855, "acc": 0.9452055096626282, "acc_or": 0.981735110282898, "sender_entropy": 1.1360756158828735, "receiver_entropy": 0.0, "original_loss": 0.11374477297067642, "mean_length": 6.0}
{"mode": "train", "epoch": 40, "loss": 4.380957365036011, "acc": 0.7134029120206833, "acc_or": 0.8925347402691841, "sender_entropy": 1.0253951698541641, "receiver_entropy": 0.0, "original_loss": 0.29787642136216164, "mean_length": 6.0}
{"mode": "test", "epoch": 40, "loss": 3.2597949504852295, "acc": 0.9467275738716125, "acc_or": 0.9822424650192261, "sender_entropy": 1.122509479522705, "receiver_entropy": 0.0, "original_loss": 0.1001422256231308, "mean_length": 6.0}
{"mode": "train", "epoch": 41, "loss": 4.248246610164642, "acc": 0.7160950154066086, "acc_or": 0.8935913741588593, "sender_entropy": 1.0217903852462769, "receiver_entropy": 0.0, "original_loss": 0.2955571450293064, "mean_length": 6.0}
{"mode": "test", "epoch": 41, "loss": 3.199042320251465, "acc": 0.9452055096626282, "acc_or": 0.981735110282898, "sender_entropy": 1.1218551397323608, "receiver_entropy": 0.0, "original_loss": 0.09693718701601028, "mean_length": 6.0}
{"mode": "train", "epoch": 42, "loss": 4.176389813423157, "acc": 0.7211353555321693, "acc_or": 0.8956118822097778, "sender_entropy": 1.0274546891450882, "receiver_entropy": 0.0, "original_loss": 0.2910110019147396, "mean_length": 6.0}
{"mode": "test", "epoch": 42, "loss": 3.1834335327148438, "acc": 0.9589041471481323, "acc_or": 0.9852866530418396, "sender_entropy": 1.1287070512771606, "receiver_entropy": 0.0, "original_loss": 0.09424515813589096, "mean_length": 6.0}
{"mode": "train", "epoch": 43, "loss": 4.078798413276672, "acc": 0.7392756938934326, "acc_or": 0.9026532620191574, "sender_entropy": 1.010957159101963, "receiver_entropy": 0.0, "original_loss": 0.2740584574639797, "mean_length": 6.0}
{"mode": "test", "epoch": 43, "loss": 2.9899909496307373, "acc": 0.9589041471481323, "acc_or": 0.9857940077781677, "sender_entropy": 1.085052251815796, "receiver_entropy": 0.0, "original_loss": 0.08032914251089096, "mean_length": 6.0}
{"mode": "train", "epoch": 44, "loss": 3.9494102001190186, "acc": 0.755555085837841, "acc_or": 0.9092722460627556, "sender_entropy": 0.9771880954504013, "receiver_entropy": 0.0, "original_loss": 0.25684443302452564, "mean_length": 6.0}
{"mode": "test", "epoch": 44, "loss": 2.909722328186035, "acc": 0.9634703397750854, "acc_or": 0.9878234267234802, "sender_entropy": 1.0763881206512451, "receiver_entropy": 0.0, "original_loss": 0.08011447638273239, "mean_length": 6.0}
{"mode": "train", "epoch": 45, "loss": 3.818404793739319, "acc": 0.7509498372673988, "acc_or": 0.9070235639810562, "sender_entropy": 0.9838525652885437, "receiver_entropy": 0.0, "original_loss": 0.2625337392091751, "mean_length": 6.0}
{"mode": "test", "epoch": 45, "loss": 2.8283474445343018, "acc": 0.9543378949165344, "acc_or": 0.9847792983055115, "sender_entropy": 1.069685459136963, "receiver_entropy": 0.0, "original_loss": 0.08458898216485977, "mean_length": 6.0}
{"mode": "train", "epoch": 46, "loss": 3.7849154472351074, "acc": 0.7668453082442284, "acc_or": 0.9136753231287003, "sender_entropy": 0.9730149134993553, "receiver_entropy": 0.0, "original_loss": 0.24507511034607887, "mean_length": 6.0}
{"mode": "test", "epoch": 46, "loss": 2.7963995933532715, "acc": 0.978691041469574, "acc_or": 0.9928969740867615, "sender_entropy": 1.0701978206634521, "receiver_entropy": 0.0, "original_loss": 0.06631097197532654, "mean_length": 6.0}
{"mode": "train", "epoch": 47, "loss": 3.705993115901947, "acc": 0.76729416847229, "acc_or": 0.9136459156870842, "sender_entropy": 0.9799574315547943, "receiver_entropy": 0.0, "original_loss": 0.24587920866906643, "mean_length": 6.0}
{"mode": "test", "epoch": 47, "loss": 2.7750139236450195, "acc": 0.9680365324020386, "acc_or": 0.9893454909324646, "sender_entropy": 1.0852047204971313, "receiver_entropy": 0.0, "original_loss": 0.07077891379594803, "mean_length": 6.0}
{"mode": "train", "epoch": 48, "loss": 3.6769553422927856, "acc": 0.7696555182337761, "acc_or": 0.9149943590164185, "sender_entropy": 0.9856628179550171, "receiver_entropy": 0.0, "original_loss": 0.24026324786245823, "mean_length": 6.0}
{"mode": "test", "epoch": 48, "loss": 2.769003391265869, "acc": 0.9832572340965271, "acc_or": 0.9939116835594177, "sender_entropy": 1.0859531164169312, "receiver_entropy": 0.0, "original_loss": 0.061520569026470184, "mean_length": 6.0}
{"mode": "train", "epoch": 49, "loss": 3.5787171125411987, "acc": 0.7786675691604614, "acc_or": 0.9185613170266151, "sender_entropy": 0.977226085960865, "receiver_entropy": 0.0, "original_loss": 0.23070956021547318, "mean_length": 6.0}
{"mode": "test", "epoch": 49, "loss": 2.6464412212371826, "acc": 0.9756469130516052, "acc_or": 0.9918822646141052, "sender_entropy": 1.0536764860153198, "receiver_entropy": 0.0, "original_loss": 0.0572289302945137, "mean_length": 6.0}
{"mode": "train", "epoch": 50, "loss": 3.5288089215755463, "acc": 0.7987428978085518, "acc_or": 0.9263298511505127, "sender_entropy": 0.9516495540738106, "receiver_entropy": 0.0, "original_loss": 0.21153933927416801, "mean_length": 6.0}
{"mode": "test", "epoch": 50, "loss": 2.54915189743042, "acc": 0.9908676147460938, "acc_or": 0.9969558119773865, "sender_entropy": 1.0347696542739868, "receiver_entropy": 0.0, "original_loss": 0.05031218379735947, "mean_length": 6.0}
{"mode": "train", "epoch": 51, "loss": 3.497546911239624, "acc": 0.8070480301976204, "acc_or": 0.9299606829881668, "sender_entropy": 0.9526070281863213, "receiver_entropy": 0.0, "original_loss": 0.203358581289649, "mean_length": 6.0}
{"mode": "test", "epoch": 51, "loss": 2.5455946922302246, "acc": 0.9817351698875427, "acc_or": 0.9939116835594177, "sender_entropy": 1.0533621311187744, "receiver_entropy": 0.0, "original_loss": 0.053288448601961136, "mean_length": 6.0}
{"mode": "train", "epoch": 52, "loss": 3.4266675114631653, "acc": 0.8031641617417336, "acc_or": 0.9283429980278015, "sender_entropy": 0.9642467573285103, "receiver_entropy": 0.0, "original_loss": 0.20639874041080475, "mean_length": 6.0}
{"mode": "test", "epoch": 52, "loss": 2.5210249423980713, "acc": 0.9847792983055115, "acc_or": 0.994926393032074, "sender_entropy": 1.0549851655960083, "receiver_entropy": 0.0, "original_loss": 0.05052106827497482, "mean_length": 6.0}
{"mode": "train", "epoch": 53, "loss": 3.3560677468776703, "acc": 0.8021521121263504, "acc_or": 0.9279720559716225, "sender_entropy": 0.9613095074892044, "receiver_entropy": 0.0, "original_loss": 0.20584037154912949, "mean_length": 6.0}
{"mode": "test", "epoch": 53, "loss": 2.4768171310424805, "acc": 0.9832572340965271, "acc_or": 0.9944190382957458, "sender_entropy": 1.050870418548584, "receiver_entropy": 0.0, "original_loss": 0.047144096344709396, "mean_length": 6.0}
{"mode": "train", "epoch": 54, "loss": 3.240736097097397, "acc": 0.8005518466234207, "acc_or": 0.9274340867996216, "sender_entropy": 0.9570838212966919, "receiver_entropy": 0.0, "original_loss": 0.20890458673238754, "mean_length": 6.0}
{"mode": "test", "epoch": 54, "loss": 2.4154727458953857, "acc": 0.9710806608200073, "acc_or": 0.9903602004051208, "sender_entropy": 1.0572596788406372, "receiver_entropy": 0.0, "original_loss": 0.05535503849387169, "mean_length": 6.0}
{"mode": "train", "epoch": 55, "loss": 3.1624473929405212, "acc": 0.7960593849420547, "acc_or": 0.9249248281121254, "sender_entropy": 0.9646329954266548, "receiver_entropy": 0.0, "original_loss": 0.2121021319180727, "mean_length": 6.0}
{"mode": "test", "epoch": 55, "loss": 2.3926479816436768, "acc": 0.9710806608200073, "acc_or": 0.9903602004051208, "sender_entropy": 1.0497028827667236, "receiver_entropy": 0.0, "original_loss": 0.051049090921878815, "mean_length": 6.0}
{"mode": "train", "epoch": 56, "loss": 3.1520645320415497, "acc": 0.808353841304779, "acc_or": 0.9305228441953659, "sender_entropy": 0.9525892585515976, "receiver_entropy": 0.0, "original_loss": 0.19769233465194702, "mean_length": 6.0}
{"mode": "test", "epoch": 56, "loss": 2.355966329574585, "acc": 0.9802131056785583, "acc_or": 0.9934043288230896, "sender_entropy": 1.04483163356781, "receiver_entropy": 0.0, "original_loss": 0.04641478508710861, "mean_length": 6.0}
{"mode": "train", "epoch": 57, "loss": 3.086351156234741, "acc": 0.8073605075478554, "acc_or": 0.9303209036588669, "sender_entropy": 0.9534406512975693, "receiver_entropy": 0.0, "original_loss": 0.19803878106176853, "mean_length": 6.0}
{"mode": "test", "epoch": 57, "loss": 2.3221468925476074, "acc": 0.978691041469574, "acc_or": 0.9928969740867615, "sender_entropy": 1.0473278760910034, "receiver_entropy": 0.0, "original_loss": 0.048473574221134186, "mean_length": 6.0}
{"mode": "train", "epoch": 58, "loss": 3.062572866678238, "acc": 0.8135687783360481, "acc_or": 0.9326531812548637, "sender_entropy": 0.949724368751049, "receiver_entropy": 0.0, "original_loss": 0.1911636721342802, "mean_length": 6.0}
{"mode": "test", "epoch": 58, "loss": 2.2940518856048584, "acc": 0.9923896789550781, "acc_or": 0.9974631667137146, "sender_entropy": 1.038171648979187, "receiver_entropy": 0.0, "original_loss": 0.037201862782239914, "mean_length": 6.0}
{"mode": "train", "epoch": 59, "loss": 2.97893226146698, "acc": 0.8109695613384247, "acc_or": 0.9310972318053246, "sender_entropy": 0.9577924683690071, "receiver_entropy": 0.0, "original_loss": 0.19441978447139263, "mean_length": 6.0}
{"mode": "test", "epoch": 59, "loss": 2.2736380100250244, "acc": 0.9847792983055115, "acc_or": 0.994926393032074, "sender_entropy": 1.0398775339126587, "receiver_entropy": 0.0, "original_loss": 0.04109693691134453, "mean_length": 6.0}
{"mode": "train", "epoch": 60, "loss": 2.9182994067668915, "acc": 0.8178076818585396, "acc_or": 0.9341996908187866, "sender_entropy": 0.9479800686240196, "receiver_entropy": 0.0, "original_loss": 0.18955214694142342, "mean_length": 6.0}
{"mode": "test", "epoch": 60, "loss": 2.1659133434295654, "acc": 0.978691041469574, "acc_or": 0.9928969740867615, "sender_entropy": 1.0278658866882324, "receiver_entropy": 0.0, "original_loss": 0.045397382229566574, "mean_length": 6.0}
{"mode": "train", "epoch": 61, "loss": 2.8995451033115387, "acc": 0.8304461091756821, "acc_or": 0.9386231303215027, "sender_entropy": 0.9395385757088661, "receiver_entropy": 0.0, "original_loss": 0.17690512724220753, "mean_length": 6.0}
{"mode": "test", "epoch": 61, "loss": 2.1301119327545166, "acc": 0.9802131056785583, "acc_or": 0.9934043288230896, "sender_entropy": 1.0205854177474976, "receiver_entropy": 0.0, "original_loss": 0.041626445949077606, "mean_length": 6.0}
{"mode": "train", "epoch": 62, "loss": 2.8110757768154144, "acc": 0.823737159371376, "acc_or": 0.9362285137176514, "sender_entropy": 0.9366540312767029, "receiver_entropy": 0.0, "original_loss": 0.18185396492481232, "mean_length": 6.0}
{"mode": "test", "epoch": 62, "loss": 2.139248847961426, "acc": 0.9847792983055115, "acc_or": 0.994926393032074, "sender_entropy": 1.032544493675232, "receiver_entropy": 0.0, "original_loss": 0.036661919206380844, "mean_length": 6.0}
{"mode": "train", "epoch": 63, "loss": 2.7751953303813934, "acc": 0.8210539296269417, "acc_or": 0.9352618977427483, "sender_entropy": 0.9475333318114281, "receiver_entropy": 0.0, "original_loss": 0.18494921922683716, "mean_length": 6.0}
{"mode": "test", "epoch": 63, "loss": 2.111820697784424, "acc": 0.9802131056785583, "acc_or": 0.9934043288230896, "sender_entropy": 1.036958932876587, "receiver_entropy": 0.0, "original_loss": 0.03939061239361763, "mean_length": 6.0}
{"mode": "train", "epoch": 64, "loss": 2.7352434396743774, "acc": 0.8202133551239967, "acc_or": 0.935166522860527, "sender_entropy": 0.9470715746283531, "receiver_entropy": 0.0, "original_loss": 0.18355298042297363, "mean_length": 6.0}
{"mode": "test", "epoch": 64, "loss": 2.0707969665527344, "acc": 0.9832572340965271, "acc_or": 0.9944190382957458, "sender_entropy": 1.029193639755249, "receiver_entropy": 0.0, "original_loss": 0.03564579039812088, "mean_length": 6.0}
{"mode": "train", "epoch": 65, "loss": 2.677326947450638, "acc": 0.8242810890078545, "acc_or": 0.9361760914325714, "sender_entropy": 0.949066199362278, "receiver_entropy": 0.0, "original_loss": 0.18221710808575153, "mean_length": 6.0}
{"mode": "test", "epoch": 65, "loss": 2.054612636566162, "acc": 0.9817351698875427, "acc_or": 0.9939116835594177, "sender_entropy": 1.0386888980865479, "receiver_entropy": 0.0, "original_loss": 0.03936126455664635, "mean_length": 6.0}
{"mode": "train", "epoch": 66, "loss": 2.637475848197937, "acc": 0.8274258673191071, "acc_or": 0.9374546781182289, "sender_entropy": 0.9433014765381813, "receiver_entropy": 0.0, "original_loss": 0.1786784864962101, "mean_length": 6.0}
{"mode": "test", "epoch": 66, "loss": 1.9978479146957397, "acc": 0.9863013625144958, "acc_or": 0.9954337477684021, "sender_entropy": 1.0182617902755737, "receiver_entropy": 0.0, "original_loss": 0.034784458577632904, "mean_length": 6.0}
{"mode": "train", "epoch": 67, "loss": 2.5870681405067444, "acc": 0.833675317466259, "acc_or": 0.9398633316159248, "sender_entropy": 0.9343971833586693, "receiver_entropy": 0.0, "original_loss": 0.1728927120566368, "mean_length": 6.0}
{"mode": "test", "epoch": 67, "loss": 1.971467137336731, "acc": 0.978691041469574, "acc_or": 0.9928969740867615, "sender_entropy": 1.0199602842330933, "receiver_entropy": 0.0, "original_loss": 0.03584893420338631, "mean_length": 6.0}
{"mode": "train", "epoch": 68, "loss": 2.5613192319869995, "acc": 0.8361093550920486, "acc_or": 0.9410327672958374, "sender_entropy": 0.9352028369903564, "receiver_entropy": 0.0, "original_loss": 0.16953707300126553, "mean_length": 6.0}
{"mode": "test", "epoch": 68, "loss": 1.9613927602767944, "acc": 0.9908676147460938, "acc_or": 0.9969558119773865, "sender_entropy": 1.0240670442581177, "receiver_entropy": 0.0, "original_loss": 0.032526977360248566, "mean_length": 6.0}
{"mode": "train", "epoch": 69, "loss": 2.53703835606575, "acc": 0.836790919303894, "acc_or": 0.9414717108011246, "sender_entropy": 0.9339051246643066, "receiver_entropy": 0.0, "original_loss": 0.16666817106306553, "mean_length": 6.0}
{"mode": "test", "epoch": 69, "loss": 1.9367302656173706, "acc": 0.9908676147460938, "acc_or": 0.9969558119773865, "sender_entropy": 1.0196537971496582, "receiver_entropy": 0.0, "original_loss": 0.031481388956308365, "mean_length": 6.0}
{"mode": "train", "epoch": 70, "loss": 2.5277459919452667, "acc": 0.8470183536410332, "acc_or": 0.9447180181741714, "sender_entropy": 0.9342967122793198, "receiver_entropy": 0.0, "original_loss": 0.16051060333848, "mean_length": 6.0}
{"mode": "test", "epoch": 70, "loss": 1.9186161756515503, "acc": 0.9817351698875427, "acc_or": 0.9939116835594177, "sender_entropy": 1.025537133216858, "receiver_entropy": 0.0, "original_loss": 0.03581074997782707, "mean_length": 6.0}
{"mode": "train", "epoch": 71, "loss": 2.456094443798065, "acc": 0.8406449109315872, "acc_or": 0.9423423036932945, "sender_entropy": 0.9326932281255722, "receiver_entropy": 0.0, "original_loss": 0.16464504972100258, "mean_length": 6.0}
{"mode": "test", "epoch": 71, "loss": 1.8938980102539062, "acc": 0.9832572340965271, "acc_or": 0.9944190382957458, "sender_entropy": 1.0219717025756836, "receiver_entropy": 0.0, "original_loss": 0.03034166619181633, "mean_length": 6.0}
{"mode": "train", "epoch": 72, "loss": 2.429310768842697, "acc": 0.8387151136994362, "acc_or": 0.9416921138763428, "sender_entropy": 0.9446143060922623, "receiver_entropy": 0.0, "original_loss": 0.1662637572735548, "mean_length": 6.0}
{"mode": "test", "epoch": 72, "loss": 1.881427526473999, "acc": 0.9832572340965271, "acc_or": 0.9944190382957458, "sender_entropy": 1.0299763679504395, "receiver_entropy": 0.0, "original_loss": 0.03529924899339676, "mean_length": 6.0}
{"mode": "train", "epoch": 73, "loss": 2.403396397829056, "acc": 0.8380142003297806, "acc_or": 0.9414247050881386, "sender_entropy": 0.9483524635434151, "receiver_entropy": 0.0, "original_loss": 0.16562944278120995, "mean_length": 6.0}
{"mode": "test", "epoch": 73, "loss": 1.853838324546814, "acc": 0.9893454909324646, "acc_or": 0.9964484572410583, "sender_entropy": 1.0211644172668457, "receiver_entropy": 0.0, "original_loss": 0.03206569328904152, "mean_length": 6.0}
{"mode": "train", "epoch": 74, "loss": 2.3299495577812195, "acc": 0.8370563238859177, "acc_or": 0.9409206062555313, "sender_entropy": 0.9434828758239746, "receiver_entropy": 0.0, "original_loss": 0.16800187900662422, "mean_length": 6.0}
{"mode": "test", "epoch": 74, "loss": 1.8314615488052368, "acc": 0.978691041469574, "acc_or": 0.9928969740867615, "sender_entropy": 1.0236471891403198, "receiver_entropy": 0.0, "original_loss": 0.033217839896678925, "mean_length": 6.0}
{"mode": "train", "epoch": 75, "loss": 2.3012985587120056, "acc": 0.8403465002775192, "acc_or": 0.9424277320504189, "sender_entropy": 0.9428326934576035, "receiver_entropy": 0.0, "original_loss": 0.16464544460177422, "mean_length": 6.0}
{"mode": "test", "epoch": 75, "loss": 1.8082950115203857, "acc": 0.9954338073730469, "acc_or": 0.9984778761863708, "sender_entropy": 1.02010178565979, "receiver_entropy": 0.0, "original_loss": 0.02605348825454712, "mean_length": 6.0}
{"mode": "train", "epoch": 76, "loss": 2.2993291914463043, "acc": 0.8487412557005882, "acc_or": 0.9456226453185081, "sender_entropy": 0.9437812715768814, "receiver_entropy": 0.0, "original_loss": 0.15877440199255943, "mean_length": 6.0}
{"mode": "test", "epoch": 76, "loss": 1.800370454788208, "acc": 0.9939117431640625, "acc_or": 0.9979705214500427, "sender_entropy": 1.026637077331543, "receiver_entropy": 0.0, "original_loss": 0.027459410950541496, "mean_length": 6.0}
{"mode": "train", "epoch": 77, "loss": 2.2633844017982483, "acc": 0.8456920832395554, "acc_or": 0.9445665255188942, "sender_entropy": 0.948340892791748, "receiver_entropy": 0.0, "original_loss": 0.1605032943189144, "mean_length": 6.0}
{"mode": "test", "epoch": 77, "loss": 1.7961863279342651, "acc": 0.9984779357910156, "acc_or": 0.9994925856590271, "sender_entropy": 1.0334060192108154, "receiver_entropy": 0.0, "original_loss": 0.02368391677737236, "mean_length": 6.0}
{"mode": "train", "epoch": 78, "loss": 2.2464235723018646, "acc": 0.8475827425718307, "acc_or": 0.9454769417643547, "sender_entropy": 0.9474569261074066, "receiver_entropy": 0.0, "original_loss": 0.15640423633158207, "mean_length": 6.0}
{"mode": "test", "epoch": 78, "loss": 1.7608699798583984, "acc": 0.9908676147460938, "acc_or": 0.9969558119773865, "sender_entropy": 1.024023175239563, "receiver_entropy": 0.0, "original_loss": 0.0250516626983881, "mean_length": 6.0}
{"mode": "train", "epoch": 79, "loss": 2.220417618751526, "acc": 0.8560904338955879, "acc_or": 0.9481431767344475, "sender_entropy": 0.9397269189357758, "receiver_entropy": 0.0, "original_loss": 0.15058759972453117, "mean_length": 6.0}
{"mode": "test", "epoch": 79, "loss": 1.724418044090271, "acc": 0.9969558715820312, "acc_or": 0.998985230922699, "sender_entropy": 1.0165048837661743, "receiver_entropy": 0.0, "original_loss": 0.02369351126253605, "mean_length": 6.0}
{"mode": "train", "epoch": 80, "loss": 2.1479049026966095, "acc": 0.8514682576060295, "acc_or": 0.946460597217083, "sender_entropy": 0.9341555163264275, "receiver_entropy": 0.0, "original_loss": 0.15557541511952877, "mean_length": 6.0}
{"mode": "test", "epoch": 80, "loss": 1.7005276679992676, "acc": 0.9923896789550781, "acc_or": 0.9974631667137146, "sender_entropy": 1.019218921661377, "receiver_entropy": 0.0, "original_loss": 0.0273818951100111, "mean_length": 6.0}
{"mode": "train", "epoch": 81, "loss": 2.1346101462841034, "acc": 0.8506636843085289, "acc_or": 0.9464610517024994, "sender_entropy": 0.9364285245537758, "receiver_entropy": 0.0, "original_loss": 0.15571488812565804, "mean_length": 6.0}
{"mode": "test", "epoch": 81, "loss": 1.6991848945617676, "acc": 0.9908676147460938, "acc_or": 0.9969558119773865, "sender_entropy": 1.027686595916748, "receiver_entropy": 0.0, "original_loss": 0.02858944982290268, "mean_length": 6.0}
{"mode": "train", "epoch": 82, "loss": 2.081892430782318, "acc": 0.8463478535413742, "acc_or": 0.9451550096273422, "sender_entropy": 0.9415816515684128, "receiver_entropy": 0.0, "original_loss": 0.15823663771152496, "mean_length": 6.0}
{"mode": "test", "epoch": 82, "loss": 1.6764936447143555, "acc": 0.9923896789550781, "acc_or": 0.9974631667137146, "sender_entropy": 1.0203102827072144, "receiver_entropy": 0.0, "original_loss": 0.026892652735114098, "mean_length": 6.0}
{"mode": "train", "epoch": 83, "loss": 2.0856716334819794, "acc": 0.8555814102292061, "acc_or": 0.948359489440918, "sender_entropy": 0.9331101030111313, "receiver_entropy": 0.0, "original_loss": 0.14896667934954166, "mean_length": 6.0}
{"mode": "test", "epoch": 83, "loss": 1.665284514427185, "acc": 0.9863013625144958, "acc_or": 0.9954337477684021, "sender_entropy": 1.020296573638916, "receiver_entropy": 0.0, "original_loss": 0.026762153953313828, "mean_length": 6.0}
{"mode": "train", "epoch": 84, "loss": 2.0449377298355103, "acc": 0.8535928353667259, "acc_or": 0.9476885721087456, "sender_entropy": 0.9333725050091743, "receiver_entropy": 0.0, "original_loss": 0.15039045736193657, "mean_length": 6.0}
{"mode": "test", "epoch": 84, "loss": 1.6548997163772583, "acc": 0.9893454909324646, "acc_or": 0.9964484572410583, "sender_entropy": 1.017442226409912, "receiver_entropy": 0.0, "original_loss": 0.02485022135078907, "mean_length": 6.0}
{"mode": "train", "epoch": 85, "loss": 2.017392188310623, "acc": 0.8554740771651268, "acc_or": 0.9481457993388176, "sender_entropy": 0.9345207661390305, "receiver_entropy": 0.0, "original_loss": 0.14861897379159927, "mean_length": 6.0}
{"mode": "test", "epoch": 85, "loss": 1.6294848918914795, "acc": 0.9832572340965271, "acc_or": 0.9944190382957458, "sender_entropy": 1.020322561264038, "receiver_entropy": 0.0, "original_loss": 0.029781872406601906, "mean_length": 6.0}
{"mode": "train", "epoch": 86, "loss": 2.0246456414461136, "acc": 0.8584313169121742, "acc_or": 0.9492454826831818, "sender_entropy": 0.939137190580368, "receiver_entropy": 0.0, "original_loss": 0.14597651176154613, "mean_length": 6.0}
{"mode": "test", "epoch": 86, "loss": 1.6064375638961792, "acc": 0.978691041469574, "acc_or": 0.9928969740867615, "sender_entropy": 1.0213432312011719, "receiver_entropy": 0.0, "original_loss": 0.028717821463942528, "mean_length": 6.0}
{"mode": "train", "epoch": 87, "loss": 1.9824497997760773, "acc": 0.8602870553731918, "acc_or": 0.9501722753047943, "sender_entropy": 0.9350471794605255, "receiver_entropy": 0.0, "original_loss": 0.14531932212412357, "mean_length": 6.0}
{"mode": "test", "epoch": 87, "loss": 1.5886554718017578, "acc": 0.9908676147460938, "acc_or": 0.9969558119773865, "sender_entropy": 1.0098270177841187, "receiver_entropy": 0.0, "original_loss": 0.023608874529600143, "mean_length": 6.0}
{"mode": "train", "epoch": 88, "loss": 1.966723695397377, "acc": 0.8625766560435295, "acc_or": 0.9510609433054924, "sender_entropy": 0.935485489666462, "receiver_entropy": 0.0, "original_loss": 0.1433645337820053, "mean_length": 6.0}
{"mode": "test", "epoch": 88, "loss": 1.6079490184783936, "acc": 0.9969558715820312, "acc_or": 0.998985230922699, "sender_entropy": 1.0255310535430908, "receiver_entropy": 0.0, "original_loss": 0.021027397364377975, "mean_length": 6.0}
{"mode": "train", "epoch": 89, "loss": 1.9065950214862823, "acc": 0.8568117991089821, "acc_or": 0.9486009925603867, "sender_entropy": 0.9415127784013748, "receiver_entropy": 0.0, "original_loss": 0.14967116340994835, "mean_length": 6.0}
{"mode": "test", "epoch": 89, "loss": 1.5897712707519531, "acc": 0.9923896789550781, "acc_or": 0.9974631667137146, "sender_entropy": 1.021202802658081, "receiver_entropy": 0.0, "original_loss": 0.023397039622068405, "mean_length": 6.0}
{"mode": "train", "epoch": 90, "loss": 1.917424127459526, "acc": 0.8655394911766052, "acc_or": 0.9518880695104599, "sender_entropy": 0.9367493018507957, "receiver_entropy": 0.0, "original_loss": 0.14048700593411922, "mean_length": 6.0}
{"mode": "test", "epoch": 90, "loss": 1.5727468729019165, "acc": 0.9939117431640625, "acc_or": 0.9979705214500427, "sender_entropy": 1.0169384479522705, "receiver_entropy": 0.0, "original_loss": 0.019966766238212585, "mean_length": 6.0}
{"mode": "train", "epoch": 91, "loss": 1.8928327709436417, "acc": 0.8673590794205666, "acc_or": 0.9523774459958076, "sender_entropy": 0.938080258667469, "receiver_entropy": 0.0, "original_loss": 0.13996776938438416, "mean_length": 6.0}
{"mode": "test", "epoch": 91, "loss": 1.561983585357666, "acc": 0.9908676147460938, "acc_or": 0.9969558119773865, "sender_entropy": 1.0167036056518555, "receiver_entropy": 0.0, "original_loss": 0.023220965638756752, "mean_length": 6.0}
{"mode": "train", "epoch": 92, "loss": 1.8390171229839325, "acc": 0.8625757172703743, "acc_or": 0.950638584792614, "sender_entropy": 0.9390560835599899, "receiver_entropy": 0.0, "original_loss": 0.14483144134283066, "mean_length": 6.0}
{"mode": "test", "epoch": 92, "loss": 1.536362648010254, "acc": 0.9969558715820312, "acc_or": 0.998985230922699, "sender_entropy": 1.0033979415893555, "receiver_entropy": 0.0, "original_loss": 0.020192913711071014, "mean_length": 6.0}
{"mode": "train", "epoch": 93, "loss": 1.8652210533618927, "acc": 0.868809200823307, "acc_or": 0.9531711041927338, "sender_entropy": 0.9287363365292549, "receiver_entropy": 0.0, "original_loss": 0.1347042489796877, "mean_length": 6.0}
{"mode": "test", "epoch": 93, "loss": 1.525844693183899, "acc": 0.9954338073730469, "acc_or": 0.9984778761863708, "sender_entropy": 1.0025509595870972, "receiver_entropy": 0.0, "original_loss": 0.018095094710588455, "mean_length": 6.0}
{"mode": "train", "epoch": 94, "loss": 1.8332223743200302, "acc": 0.8692717030644417, "acc_or": 0.9534031450748444, "sender_entropy": 0.9325256869196892, "receiver_entropy": 0.0, "original_loss": 0.1362405400723219, "mean_length": 6.0}
{"mode": "test", "epoch": 94, "loss": 1.5350265502929688, "acc": 0.9954338073730469, "acc_or": 0.9984778761863708, "sender_entropy": 1.014463186264038, "receiver_entropy": 0.0, "original_loss": 0.019637344405055046, "mean_length": 6.0}
{"mode": "train", "epoch": 95, "loss": 1.8025132417678833, "acc": 0.8627244979143143, "acc_or": 0.9509055465459824, "sender_entropy": 0.9361902922391891, "receiver_entropy": 0.0, "original_loss": 0.1404474675655365, "mean_length": 6.0}
{"mode": "test", "epoch": 95, "loss": 1.5226445198059082, "acc": 0.9969558715820312, "acc_or": 0.998985230922699, "sender_entropy": 1.0137526988983154, "receiver_entropy": 0.0, "original_loss": 0.02119695395231247, "mean_length": 6.0}
{"mode": "train", "epoch": 96, "loss": 1.7874895930290222, "acc": 0.8715299367904663, "acc_or": 0.9540106281638145, "sender_entropy": 0.9338468089699745, "receiver_entropy": 0.0, "original_loss": 0.1336240265518427, "mean_length": 6.0}
{"mode": "test", "epoch": 96, "loss": 1.5037282705307007, "acc": 0.9893454909324646, "acc_or": 0.9964484572410583, "sender_entropy": 1.0172804594039917, "receiver_entropy": 0.0, "original_loss": 0.022052157670259476, "mean_length": 6.0}
{"mode": "train", "epoch": 97, "loss": 1.790043517947197, "acc": 0.8714703395962715, "acc_or": 0.954242967069149, "sender_entropy": 0.9365903213620186, "receiver_entropy": 0.0, "original_loss": 0.13156666327267885, "mean_length": 6.0}
{"mode": "test", "epoch": 97, "loss": 1.5113829374313354, "acc": 0.9984779357910156, "acc_or": 0.9994925856590271, "sender_entropy": 1.0163474082946777, "receiver_entropy": 0.0, "original_loss": 0.01568572223186493, "mean_length": 6.0}
{"mode": "train", "epoch": 98, "loss": 1.7758776992559433, "acc": 0.8735080137848854, "acc_or": 0.9548037871718407, "sender_entropy": 0.9397825226187706, "receiver_entropy": 0.0, "original_loss": 0.13129707612097263, "mean_length": 6.0}
{"mode": "test", "epoch": 98, "loss": 1.499014973640442, "acc": 0.9939117431640625, "acc_or": 0.9979705214500427, "sender_entropy": 1.017926573753357, "receiver_entropy": 0.0, "original_loss": 0.017436914145946503, "mean_length": 6.0}
{"mode": "train", "epoch": 99, "loss": 1.763344407081604, "acc": 0.8744764029979706, "acc_or": 0.9553904160857201, "sender_entropy": 0.934061236679554, "receiver_entropy": 0.0, "original_loss": 0.1282051345333457, "mean_length": 6.0}
{"mode": "test", "epoch": 99, "loss": 1.5007046461105347, "acc": 0.9954338073730469, "acc_or": 0.9984778761863708, "sender_entropy": 1.021202802658081, "receiver_entropy": 0.0, "original_loss": 0.017335139214992523, "mean_length": 6.0}
{"mode": "train", "epoch": 100, "loss": 1.7427180409431458, "acc": 0.8768768981099129, "acc_or": 0.9563916623592377, "sender_entropy": 0.9368952289223671, "receiver_entropy": 0.0, "original_loss": 0.128036230802536, "mean_length": 6.0}
{"mode": "test", "epoch": 100, "loss": 1.5092459917068481, "acc": 0.9939117431640625, "acc_or": 0.9979705214500427, "sender_entropy": 1.0280029773712158, "receiver_entropy": 0.0, "original_loss": 0.018073277547955513, "mean_length": 6.0}
{"mode": "train", "epoch": 101, "loss": 1.73518967628479, "acc": 0.8806417062878609, "acc_or": 0.9573408588767052, "sender_entropy": 0.9395501613616943, "receiver_entropy": 0.0, "original_loss": 0.1251501515507698, "mean_length": 6.0}
{"mode": "test", "epoch": 101, "loss": 1.4937368631362915, "acc": 0.9969558715820312, "acc_or": 0.998985230922699, "sender_entropy": 1.0163259506225586, "receiver_entropy": 0.0, "original_loss": 0.0152963325381279, "mean_length": 6.0}
{"mode": "train", "epoch": 102, "loss": 1.7048990279436111, "acc": 0.8778095245361328, "acc_or": 0.9564884975552559, "sender_entropy": 0.9378521293401718, "receiver_entropy": 0.0, "original_loss": 0.12784918956458569, "mean_length": 6.0}
{"mode": "test", "epoch": 102, "loss": 1.4693241119384766, "acc": 0.9939117431640625, "acc_or": 0.9979705214500427, "sender_entropy": 1.0153101682662964, "receiver_entropy": 0.0, "original_loss": 0.017207425087690353, "mean_length": 6.0}
{"mode": "train", "epoch": 103, "loss": 1.6493464410305023, "acc": 0.8697025626897812, "acc_or": 0.953401505947113, "sender_entropy": 0.9425250440835953, "receiver_entropy": 0.0, "original_loss": 0.13460286892950535, "mean_length": 6.0}
{"mode": "test", "epoch": 103, "loss": 1.4283653497695923, "acc": 0.9893454909324646, "acc_or": 0.9964484572410583, "sender_entropy": 1.016998052597046, "receiver_entropy": 0.0, "original_loss": 0.02081030048429966, "mean_length": 6.0}
{"mode": "train", "epoch": 104, "loss": 1.637422576546669, "acc": 0.872639611363411, "acc_or": 0.9547131285071373, "sender_entropy": 0.9416620060801506, "receiver_entropy": 0.0, "original_loss": 0.13133699633181095, "mean_length": 6.0}
{"mode": "test", "epoch": 104, "loss": 1.4587209224700928, "acc": 0.9908676147460938, "acc_or": 0.9969558119773865, "sender_entropy": 1.0298007726669312, "receiver_entropy": 0.0, "original_loss": 0.019635671749711037, "mean_length": 6.0}
{"mode": "train", "epoch": 105, "loss": 1.6523513495922089, "acc": 0.8823753669857979, "acc_or": 0.9581118822097778, "sender_entropy": 0.9394078105688095, "receiver_entropy": 0.0, "original_loss": 0.12389507982879877, "mean_length": 6.0}
{"mode": "test", "epoch": 105, "loss": 1.437754511833191, "acc": 0.9969558715820312, "acc_or": 0.9984778761863708, "sender_entropy": 1.0155677795410156, "receiver_entropy": 0.0, "original_loss": 0.01713959313929081, "mean_length": 6.0}
{"mode": "train", "epoch": 106, "loss": 1.6499815434217453, "acc": 0.8868732899427414, "acc_or": 0.9597877562046051, "sender_entropy": 0.9368964359164238, "receiver_entropy": 0.0, "original_loss": 0.12004481069743633, "mean_length": 6.0}
{"mode": "test", "epoch": 106, "loss": 1.4256492853164673, "acc": 1.0, "acc_or": 1.0, "sender_entropy": 1.0094780921936035, "receiver_entropy": 0.0, "original_loss": 0.013528007082641125, "mean_length": 6.0}
{"epoch": 106, "positional_disent": 0.024800637736916542, "bag_of_symbol_disent": 0.14150527119636536, "topographic_sim": 0.2715880383664589}
{"generalization hold out": {"acc": 0.9547325372695923, "acc_or": 0.9753086566925049}, "uniform holdout": {"acc": 0.9583333134651184, "acc_or": 0.9861111044883728}, "epoch": 106}
---End--
