nohup: ignoring input
{"mode": "train", "epoch": 1, "loss": -2.4186848402023315, "acc": 0.0013464560361171607, "acc_or": 0.11226172931492329, "sender_entropy": 2.300290524959564, "receiver_entropy": 0.0, "original_loss": 2.2507318258285522, "mean_length": 6.0}
{"mode": "test", "epoch": 1, "loss": 1.7490191459655762, "acc": 0.0030441400595009327, "acc_or": 0.1364789456129074, "sender_entropy": 2.2996609210968018, "receiver_entropy": 0.0, "original_loss": 2.1973495483398438, "mean_length": 6.0}
{"mode": "train", "epoch": 2, "loss": 1.5689119696617126, "acc": 0.001803230872610584, "acc_or": 0.1151013532653451, "sender_entropy": 2.2999799847602844, "receiver_entropy": 0.0, "original_loss": 2.19884791970253, "mean_length": 6.0}
{"mode": "test", "epoch": 2, "loss": 1.5921580791473389, "acc": 0.004566210322082043, "acc_or": 0.17554540932178497, "sender_entropy": 2.2998740673065186, "receiver_entropy": 0.0, "original_loss": 2.1822118759155273, "mean_length": 6.0}
{"mode": "train", "epoch": 3, "loss": 1.365615040063858, "acc": 0.0017058474259101786, "acc_or": 0.11699746642261744, "sender_entropy": 2.300302565097809, "receiver_entropy": 0.0, "original_loss": 2.197014182806015, "mean_length": 6.0}
{"mode": "test", "epoch": 3, "loss": 1.6460468769073486, "acc": 0.007610349915921688, "acc_or": 0.1887366771697998, "sender_entropy": 2.300502300262451, "receiver_entropy": 0.0, "original_loss": 2.168088912963867, "mean_length": 6.0}
{"mode": "train", "epoch": 4, "loss": 1.2817991971969604, "acc": 0.0015835043013794348, "acc_or": 0.11947701685130596, "sender_entropy": 2.300787568092346, "receiver_entropy": 0.0, "original_loss": 2.195958971977234, "mean_length": 6.0}
{"mode": "test", "epoch": 4, "loss": 1.7655518054962158, "acc": 0.013698630034923553, "acc_or": 0.23795026540756226, "sender_entropy": 2.300739288330078, "receiver_entropy": 0.0, "original_loss": 2.1531152725219727, "mean_length": 6.0}
{"mode": "train", "epoch": 5, "loss": 1.2380118817090988, "acc": 0.0018662436923477799, "acc_or": 0.12310448288917542, "sender_entropy": 2.300644487142563, "receiver_entropy": 0.0, "original_loss": 2.1949708461761475, "mean_length": 6.0}
{"mode": "test", "epoch": 5, "loss": 2.01511287689209, "acc": 0.01826484128832817, "acc_or": 0.325215607881546, "sender_entropy": 2.3002045154571533, "receiver_entropy": 0.0, "original_loss": 2.1288681030273438, "mean_length": 6.0}
{"mode": "train", "epoch": 6, "loss": 1.2268709391355515, "acc": 0.002337203230126761, "acc_or": 0.12917453795671463, "sender_entropy": 2.2992320358753204, "receiver_entropy": 0.0, "original_loss": 2.1926631331443787, "mean_length": 6.0}
{"mode": "test", "epoch": 6, "loss": 2.4139676094055176, "acc": 0.009132420644164085, "acc_or": 0.3287671208381653, "sender_entropy": 2.2970023155212402, "receiver_entropy": 0.0, "original_loss": 2.090085744857788, "mean_length": 6.0}
{"mode": "train", "epoch": 7, "loss": 1.319965347647667, "acc": 0.0025396080600330606, "acc_or": 0.14835630729794502, "sender_entropy": 2.2901332676410675, "receiver_entropy": 0.0, "original_loss": 2.1817172169685364, "mean_length": 6.0}
{"mode": "test", "epoch": 7, "loss": 3.046576499938965, "acc": 0.006088280119001865, "acc_or": 0.2993404269218445, "sender_entropy": 2.272050619125366, "receiver_entropy": 0.0, "original_loss": 2.0095341205596924, "mean_length": 6.0}
{"mode": "train", "epoch": 8, "loss": 2.0798573195934296, "acc": 0.005637329770252109, "acc_or": 0.2033388689160347, "sender_entropy": 2.216739058494568, "receiver_entropy": 0.0, "original_loss": 2.103107661008835, "mean_length": 6.0}
{"mode": "test", "epoch": 8, "loss": 3.1316895484924316, "acc": 0.007610349915921688, "acc_or": 0.2810755968093872, "sender_entropy": 2.131028175354004, "receiver_entropy": 0.0, "original_loss": 1.9187650680541992, "mean_length": 6.0}
{"mode": "train", "epoch": 9, "loss": 3.2977196872234344, "acc": 0.0094186452915892, "acc_or": 0.26389933563768864, "sender_entropy": 2.061929374933243, "receiver_entropy": 0.0, "original_loss": 1.9539590030908585, "mean_length": 6.0}
{"mode": "test", "epoch": 9, "loss": 3.794891834259033, "acc": 0.01217656023800373, "acc_or": 0.3313038945198059, "sender_entropy": 2.0282256603240967, "receiver_entropy": 0.0, "original_loss": 1.7644954919815063, "mean_length": 6.0}
{"mode": "train", "epoch": 10, "loss": 3.9849469363689423, "acc": 0.017127760569564998, "acc_or": 0.30526527017354965, "sender_entropy": 1.9709144532680511, "receiver_entropy": 0.0, "original_loss": 1.8420049548149109, "mean_length": 6.0}
{"mode": "test", "epoch": 10, "loss": 4.456284999847412, "acc": 0.031963471323251724, "acc_or": 0.39269405603408813, "sender_entropy": 1.9746936559677124, "receiver_entropy": 0.0, "original_loss": 1.6224966049194336, "mean_length": 6.0}
{"mode": "train", "epoch": 11, "loss": 4.484540641307831, "acc": 0.02534302487038076, "acc_or": 0.3361225537955761, "sender_entropy": 1.9263334423303604, "receiver_entropy": 0.0, "original_loss": 1.7511311769485474, "mean_length": 6.0}
{"mode": "test", "epoch": 11, "loss": 5.012969970703125, "acc": 0.04261796176433563, "acc_or": 0.44951799511909485, "sender_entropy": 1.9366068840026855, "receiver_entropy": 0.0, "original_loss": 1.49033784866333, "mean_length": 6.0}
{"mode": "train", "epoch": 12, "loss": 5.186772644519806, "acc": 0.03719912050291896, "acc_or": 0.38689880073070526, "sender_entropy": 1.7954077422618866, "receiver_entropy": 0.0, "original_loss": 1.6097318232059479, "mean_length": 6.0}
{"mode": "test", "epoch": 12, "loss": 5.206194877624512, "acc": 0.05175038054585457, "acc_or": 0.4774226248264313, "sender_entropy": 1.8646659851074219, "receiver_entropy": 0.0, "original_loss": 1.377530813217163, "mean_length": 6.0}
{"mode": "train", "epoch": 13, "loss": 5.581112027168274, "acc": 0.049791594967246056, "acc_or": 0.42333822324872017, "sender_entropy": 1.7439209818840027, "receiver_entropy": 0.0, "original_loss": 1.5101970434188843, "mean_length": 6.0}
{"mode": "test", "epoch": 13, "loss": 5.829424858093262, "acc": 0.08980213105678558, "acc_or": 0.5220699906349182, "sender_entropy": 1.8572443723678589, "receiver_entropy": 0.0, "original_loss": 1.2395813465118408, "mean_length": 6.0}
{"mode": "train", "epoch": 14, "loss": 5.937385618686676, "acc": 0.06536653824150562, "acc_or": 0.4542098790407181, "sender_entropy": 1.686288595199585, "receiver_entropy": 0.0, "original_loss": 1.4082021117210388, "mean_length": 6.0}
{"mode": "test", "epoch": 14, "loss": 5.821033477783203, "acc": 0.11415525525808334, "acc_or": 0.5662100315093994, "sender_entropy": 1.7633681297302246, "receiver_entropy": 0.0, "original_loss": 1.1176728010177612, "mean_length": 6.0}
{"mode": "train", "epoch": 15, "loss": 6.278084337711334, "acc": 0.08552164305001497, "acc_or": 0.4914456456899643, "sender_entropy": 1.612943634390831, "receiver_entropy": 0.0, "original_loss": 1.295954868197441, "mean_length": 6.0}
{"mode": "test", "epoch": 15, "loss": 6.154941082000732, "acc": 0.16286149621009827, "acc_or": 0.6103500723838806, "sender_entropy": 1.769790768623352, "receiver_entropy": 0.0, "original_loss": 1.0211973190307617, "mean_length": 6.0}
{"mode": "train", "epoch": 16, "loss": 6.4057705998420715, "acc": 0.11007373314350843, "acc_or": 0.5216180682182312, "sender_entropy": 1.581765741109848, "receiver_entropy": 0.0, "original_loss": 1.214679628610611, "mean_length": 6.0}
{"mode": "test", "epoch": 16, "loss": 5.902680397033691, "acc": 0.1948249638080597, "acc_or": 0.6412988305091858, "sender_entropy": 1.6916412115097046, "receiver_entropy": 0.0, "original_loss": 0.9351881742477417, "mean_length": 6.0}
{"mode": "train", "epoch": 17, "loss": 6.5731611251831055, "acc": 0.14147662930190563, "acc_or": 0.5565828233957291, "sender_entropy": 1.5155913084745407, "receiver_entropy": 0.0, "original_loss": 1.1138900965452194, "mean_length": 6.0}
{"mode": "test", "epoch": 17, "loss": 6.090630531311035, "acc": 0.2678843140602112, "acc_or": 0.6874682903289795, "sender_entropy": 1.6727577447891235, "receiver_entropy": 0.0, "original_loss": 0.8241108059883118, "mean_length": 6.0}
{"mode": "train", "epoch": 18, "loss": 6.598766088485718, "acc": 0.16660933755338192, "acc_or": 0.5829694643616676, "sender_entropy": 1.4767446964979172, "receiver_entropy": 0.0, "original_loss": 1.0398344695568085, "mean_length": 6.0}
{"mode": "test", "epoch": 18, "loss": 5.926724910736084, "acc": 0.33637747168540955, "acc_or": 0.7219685316085815, "sender_entropy": 1.6102895736694336, "receiver_entropy": 0.0, "original_loss": 0.7446214556694031, "mean_length": 6.0}
{"mode": "train", "epoch": 19, "loss": 6.515561938285828, "acc": 0.19891773536801338, "acc_or": 0.6126511991024017, "sender_entropy": 1.4151195734739304, "receiver_entropy": 0.0, "original_loss": 0.9660109579563141, "mean_length": 6.0}
{"mode": "test", "epoch": 19, "loss": 5.754026412963867, "acc": 0.3820395767688751, "acc_or": 0.7488584518432617, "sender_entropy": 1.5656803846359253, "receiver_entropy": 0.0, "original_loss": 0.6786630153656006, "mean_length": 6.0}
{"mode": "train", "epoch": 20, "loss": 6.4713040590286255, "acc": 0.22319199703633785, "acc_or": 0.632586807012558, "sender_entropy": 1.394389808177948, "receiver_entropy": 0.0, "original_loss": 0.9129484668374062, "mean_length": 6.0}
{"mode": "test", "epoch": 20, "loss": 5.6403045654296875, "acc": 0.4231354594230652, "acc_or": 0.7782850861549377, "sender_entropy": 1.5505441427230835, "receiver_entropy": 0.0, "original_loss": 0.6276944875717163, "mean_length": 6.0}
{"mode": "train", "epoch": 21, "loss": 6.3064576387405396, "acc": 0.2555557731539011, "acc_or": 0.65419602394104, "sender_entropy": 1.3780378550291061, "receiver_entropy": 0.0, "original_loss": 0.8738466426730156, "mean_length": 6.0}
{"mode": "test", "epoch": 21, "loss": 5.411129474639893, "acc": 0.465753436088562, "acc_or": 0.7904616594314575, "sender_entropy": 1.5114977359771729, "receiver_entropy": 0.0, "original_loss": 0.5868209600448608, "mean_length": 6.0}
{"mode": "train", "epoch": 22, "loss": 6.267410337924957, "acc": 0.2923390306532383, "acc_or": 0.6813415065407753, "sender_entropy": 1.3334709852933884, "receiver_entropy": 0.0, "original_loss": 0.8099265918135643, "mean_length": 6.0}
{"mode": "test", "epoch": 22, "loss": 5.428914546966553, "acc": 0.5388128161430359, "acc_or": 0.8340943455696106, "sender_entropy": 1.491553783416748, "receiver_entropy": 0.0, "original_loss": 0.5140134692192078, "mean_length": 6.0}
{"mode": "train", "epoch": 23, "loss": 6.1528708934783936, "acc": 0.3259411081671715, "acc_or": 0.7027199491858482, "sender_entropy": 1.3005695044994354, "receiver_entropy": 0.0, "original_loss": 0.7606189399957657, "mean_length": 6.0}
{"mode": "test", "epoch": 23, "loss": 5.093441486358643, "acc": 0.5768645405769348, "acc_or": 0.8432267904281616, "sender_entropy": 1.4266693592071533, "receiver_entropy": 0.0, "original_loss": 0.4672898054122925, "mean_length": 6.0}
{"mode": "train", "epoch": 24, "loss": 6.038880527019501, "acc": 0.36296455562114716, "acc_or": 0.7269952595233917, "sender_entropy": 1.2571339309215546, "receiver_entropy": 0.0, "original_loss": 0.705380342900753, "mean_length": 6.0}
{"mode": "test", "epoch": 24, "loss": 4.792534828186035, "acc": 0.6149162650108337, "acc_or": 0.8564180135726929, "sender_entropy": 1.3697353601455688, "receiver_entropy": 0.0, "original_loss": 0.4402686059474945, "mean_length": 6.0}
{"mode": "train", "epoch": 25, "loss": 5.931426107883453, "acc": 0.40383437648415565, "acc_or": 0.7483110055327415, "sender_entropy": 1.2233620285987854, "receiver_entropy": 0.0, "original_loss": 0.6576561778783798, "mean_length": 6.0}
{"mode": "test", "epoch": 25, "loss": 4.714974880218506, "acc": 0.6697108149528503, "acc_or": 0.879249095916748, "sender_entropy": 1.3580212593078613, "receiver_entropy": 0.0, "original_loss": 0.3974890112876892, "mean_length": 6.0}
{"mode": "train", "epoch": 26, "loss": 5.786810457706451, "acc": 0.42653167992830276, "acc_or": 0.7602848038077354, "sender_entropy": 1.2212397754192352, "receiver_entropy": 0.0, "original_loss": 0.6325209066271782, "mean_length": 6.0}
{"mode": "test", "epoch": 26, "loss": 4.668492794036865, "acc": 0.6940639615058899, "acc_or": 0.8883814811706543, "sender_entropy": 1.347514271736145, "receiver_entropy": 0.0, "original_loss": 0.3612252473831177, "mean_length": 6.0}
{"mode": "train", "epoch": 27, "loss": 5.682292878627777, "acc": 0.46152016893029213, "acc_or": 0.7791483849287033, "sender_entropy": 1.176504835486412, "receiver_entropy": 0.0, "original_loss": 0.5831208303570747, "mean_length": 6.0}
{"mode": "test", "epoch": 27, "loss": 4.362782001495361, "acc": 0.7153729200363159, "acc_or": 0.8980212807655334, "sender_entropy": 1.2821472883224487, "receiver_entropy": 0.0, "original_loss": 0.3328901529312134, "mean_length": 6.0}
{"mode": "train", "epoch": 28, "loss": 5.502817094326019, "acc": 0.48925918340682983, "acc_or": 0.7923454865813255, "sender_entropy": 1.1373420804738998, "receiver_entropy": 0.0, "original_loss": 0.547118291258812, "mean_length": 6.0}
{"mode": "test", "epoch": 28, "loss": 4.283937454223633, "acc": 0.7716895341873169, "acc_or": 0.9203449487686157, "sender_entropy": 1.2596001625061035, "receiver_entropy": 0.0, "original_loss": 0.28550663590431213, "mean_length": 6.0}
{"mode": "train", "epoch": 29, "loss": 5.4541497230529785, "acc": 0.5281824320554733, "acc_or": 0.8111047521233559, "sender_entropy": 1.131562203168869, "receiver_entropy": 0.0, "original_loss": 0.5103899575769901, "mean_length": 6.0}
{"mode": "test", "epoch": 29, "loss": 4.101059913635254, "acc": 0.8264840245246887, "acc_or": 0.939624547958374, "sender_entropy": 1.2266799211502075, "receiver_entropy": 0.0, "original_loss": 0.2612687647342682, "mean_length": 6.0}
{"mode": "train", "epoch": 30, "loss": 5.273373961448669, "acc": 0.5445011109113693, "acc_or": 0.8190104067325592, "sender_entropy": 1.1094646900892258, "receiver_entropy": 0.0, "original_loss": 0.4890320301055908, "mean_length": 6.0}
{"mode": "test", "epoch": 30, "loss": 4.152132034301758, "acc": 0.8660578727722168, "acc_or": 0.9543378949165344, "sender_entropy": 1.2406269311904907, "receiver_entropy": 0.0, "original_loss": 0.22457602620124817, "mean_length": 6.0}
{"mode": "train", "epoch": 31, "loss": 5.165038526058197, "acc": 0.5689753219485283, "acc_or": 0.8296367600560188, "sender_entropy": 1.0947775542736053, "receiver_entropy": 0.0, "original_loss": 0.46249494701623917, "mean_length": 6.0}
{"mode": "test", "epoch": 31, "loss": 3.80547833442688, "acc": 0.8401826620101929, "acc_or": 0.9431760311126709, "sender_entropy": 1.1810969114303589, "receiver_entropy": 0.0, "original_loss": 0.223652645945549, "mean_length": 6.0}
{"mode": "train", "epoch": 32, "loss": 5.019200265407562, "acc": 0.5946484133601189, "acc_or": 0.8418002352118492, "sender_entropy": 1.064755156636238, "receiver_entropy": 0.0, "original_loss": 0.4299308657646179, "mean_length": 6.0}
{"mode": "test", "epoch": 32, "loss": 3.688953161239624, "acc": 0.8721461296081543, "acc_or": 0.9543378949165344, "sender_entropy": 1.1675806045532227, "receiver_entropy": 0.0, "original_loss": 0.19954699277877808, "mean_length": 6.0}
{"mode": "train", "epoch": 33, "loss": 4.968847692012787, "acc": 0.6260491386055946, "acc_or": 0.8552153706550598, "sender_entropy": 1.051629677414894, "receiver_entropy": 0.0, "original_loss": 0.39745061099529266, "mean_length": 6.0}
{"mode": "test", "epoch": 33, "loss": 3.6683268547058105, "acc": 0.8797564506530762, "acc_or": 0.9599187970161438, "sender_entropy": 1.1669304370880127, "receiver_entropy": 0.0, "original_loss": 0.18455331027507782, "mean_length": 6.0}
{"mode": "train", "epoch": 34, "loss": 4.856171667575836, "acc": 0.6327841430902481, "acc_or": 0.8585109934210777, "sender_entropy": 1.0552789121866226, "receiver_entropy": 0.0, "original_loss": 0.39109788462519646, "mean_length": 6.0}
{"mode": "test", "epoch": 34, "loss": 3.6657450199127197, "acc": 0.9101978540420532, "acc_or": 0.969558596611023, "sender_entropy": 1.1718368530273438, "receiver_entropy": 0.0, "original_loss": 0.1530631184577942, "mean_length": 6.0}
{"mode": "train", "epoch": 35, "loss": 4.790730059146881, "acc": 0.664219357073307, "acc_or": 0.8719856962561607, "sender_entropy": 1.0355973988771439, "receiver_entropy": 0.0, "original_loss": 0.35810574889183044, "mean_length": 6.0}
{"mode": "test", "epoch": 35, "loss": 3.4605493545532227, "acc": 0.9132420420646667, "acc_or": 0.9710806608200073, "sender_entropy": 1.1271883249282837, "receiver_entropy": 0.0, "original_loss": 0.13705024123191833, "mean_length": 6.0}
{"mode": "train", "epoch": 36, "loss": 4.6928551197052, "acc": 0.6789534538984299, "acc_or": 0.8786060437560081, "sender_entropy": 1.026818409562111, "receiver_entropy": 0.0, "original_loss": 0.338590532541275, "mean_length": 6.0}
{"mode": "test", "epoch": 36, "loss": 3.4059712886810303, "acc": 0.9147641062736511, "acc_or": 0.9715880155563354, "sender_entropy": 1.1348832845687866, "receiver_entropy": 0.0, "original_loss": 0.1339118480682373, "mean_length": 6.0}
{"mode": "train", "epoch": 37, "loss": 4.5368234515190125, "acc": 0.6799394190311432, "acc_or": 0.8788381963968277, "sender_entropy": 1.0260742604732513, "receiver_entropy": 0.0, "original_loss": 0.3386327251791954, "mean_length": 6.0}
{"mode": "test", "epoch": 37, "loss": 3.2858595848083496, "acc": 0.9238964915275574, "acc_or": 0.9746321439743042, "sender_entropy": 1.1213600635528564, "receiver_entropy": 0.0, "original_loss": 0.12703382968902588, "mean_length": 6.0}
{"mode": "train", "epoch": 38, "loss": 4.495023548603058, "acc": 0.7027593404054642, "acc_or": 0.8884599208831787, "sender_entropy": 1.0089127570390701, "receiver_entropy": 0.0, "original_loss": 0.3113613948225975, "mean_length": 6.0}
{"mode": "test", "epoch": 38, "loss": 3.2329189777374268, "acc": 0.9512937664985657, "acc_or": 0.9837645292282104, "sender_entropy": 1.114343285560608, "receiver_entropy": 0.0, "original_loss": 0.10382063686847687, "mean_length": 6.0}
{"mode": "train", "epoch": 39, "loss": 4.432265818119049, "acc": 0.7212688848376274, "acc_or": 0.895837776362896, "sender_entropy": 1.0098551213741302, "receiver_entropy": 0.0, "original_loss": 0.2942024990916252, "mean_length": 6.0}
{"mode": "test", "epoch": 39, "loss": 3.169539451599121, "acc": 0.9391171932220459, "acc_or": 0.9791983366012573, "sender_entropy": 1.107035517692566, "receiver_entropy": 0.0, "original_loss": 0.10060649365186691, "mean_length": 6.0}
{"mode": "train", "epoch": 40, "loss": 4.274363994598389, "acc": 0.7281175032258034, "acc_or": 0.8985915258526802, "sender_entropy": 0.9914229735732079, "receiver_entropy": 0.0, "original_loss": 0.2849327437579632, "mean_length": 6.0}
{"mode": "test", "epoch": 40, "loss": 3.0363407135009766, "acc": 0.9406392574310303, "acc_or": 0.9802130460739136, "sender_entropy": 1.0902129411697388, "receiver_entropy": 0.0, "original_loss": 0.0966716855764389, "mean_length": 6.0}
{"mode": "train", "epoch": 41, "loss": 4.187281489372253, "acc": 0.7341843247413635, "acc_or": 0.9012825340032578, "sender_entropy": 0.9905007034540176, "receiver_entropy": 0.0, "original_loss": 0.27760589122772217, "mean_length": 6.0}
{"mode": "test", "epoch": 41, "loss": 2.956906795501709, "acc": 0.9634703397750854, "acc_or": 0.9878234267234802, "sender_entropy": 1.084630012512207, "receiver_entropy": 0.0, "original_loss": 0.08972500264644623, "mean_length": 6.0}
{"mode": "train", "epoch": 42, "loss": 4.055232524871826, "acc": 0.7429642602801323, "acc_or": 0.9043837562203407, "sender_entropy": 0.9808905348181725, "receiver_entropy": 0.0, "original_loss": 0.27115848660469055, "mean_length": 6.0}
{"mode": "test", "epoch": 42, "loss": 2.9124152660369873, "acc": 0.9649924039840698, "acc_or": 0.9878234267234802, "sender_entropy": 1.0771692991256714, "receiver_entropy": 0.0, "original_loss": 0.08355154097080231, "mean_length": 6.0}
{"mode": "train", "epoch": 43, "loss": 4.037598669528961, "acc": 0.756049245595932, "acc_or": 0.9100311324000359, "sender_entropy": 0.9857460707426071, "receiver_entropy": 0.0, "original_loss": 0.25840965285897255, "mean_length": 6.0}
{"mode": "test", "epoch": 43, "loss": 2.9076316356658936, "acc": 0.969558596611023, "acc_or": 0.9898528456687927, "sender_entropy": 1.0912303924560547, "receiver_entropy": 0.0, "original_loss": 0.07423432171344757, "mean_length": 6.0}
{"mode": "train", "epoch": 44, "loss": 3.9755586981773376, "acc": 0.755584828555584, "acc_or": 0.9095508828759193, "sender_entropy": 0.992565706372261, "receiver_entropy": 0.0, "original_loss": 0.2564842663705349, "mean_length": 6.0}
{"mode": "test", "epoch": 44, "loss": 2.834223985671997, "acc": 0.9726027250289917, "acc_or": 0.990867555141449, "sender_entropy": 1.0837479829788208, "receiver_entropy": 0.0, "original_loss": 0.06736784428358078, "mean_length": 6.0}
{"mode": "train", "epoch": 45, "loss": 3.8710670471191406, "acc": 0.759581908583641, "acc_or": 0.9113017991185188, "sender_entropy": 0.9852719232439995, "receiver_entropy": 0.0, "original_loss": 0.251216072589159, "mean_length": 6.0}
{"mode": "test", "epoch": 45, "loss": 2.775409698486328, "acc": 0.9726027250289917, "acc_or": 0.990867555141449, "sender_entropy": 1.0751510858535767, "receiver_entropy": 0.0, "original_loss": 0.06652503460645676, "mean_length": 6.0}
{"mode": "train", "epoch": 46, "loss": 3.796585291624069, "acc": 0.767866738140583, "acc_or": 0.9142135754227638, "sender_entropy": 0.9800760075449944, "receiver_entropy": 0.0, "original_loss": 0.24407615512609482, "mean_length": 6.0}
{"mode": "test", "epoch": 46, "loss": 2.709987163543701, "acc": 0.978691041469574, "acc_or": 0.9928969740867615, "sender_entropy": 1.074778437614441, "receiver_entropy": 0.0, "original_loss": 0.06398680061101913, "mean_length": 6.0}
{"mode": "train", "epoch": 47, "loss": 3.6828271448612213, "acc": 0.7653205841779709, "acc_or": 0.9132566973567009, "sender_entropy": 0.9809745475649834, "receiver_entropy": 0.0, "original_loss": 0.2445379588752985, "mean_length": 6.0}
{"mode": "test", "epoch": 47, "loss": 2.6523385047912598, "acc": 0.9665144681930542, "acc_or": 0.9888381361961365, "sender_entropy": 1.077829122543335, "receiver_entropy": 0.0, "original_loss": 0.06643331050872803, "mean_length": 6.0}
{"mode": "train", "epoch": 48, "loss": 3.612746983766556, "acc": 0.7771638631820679, "acc_or": 0.9177555665373802, "sender_entropy": 0.9740117937326431, "receiver_entropy": 0.0, "original_loss": 0.23488244973123074, "mean_length": 6.0}
{"mode": "test", "epoch": 48, "loss": 2.5719592571258545, "acc": 0.9771689772605896, "acc_or": 0.9923896193504333, "sender_entropy": 1.0664983987808228, "receiver_entropy": 0.0, "original_loss": 0.060983505100011826, "mean_length": 6.0}
{"mode": "train", "epoch": 49, "loss": 3.5669277906417847, "acc": 0.7860713079571724, "acc_or": 0.9214479550719261, "sender_entropy": 0.9710380360484123, "receiver_entropy": 0.0, "original_loss": 0.22501755692064762, "mean_length": 6.0}
{"mode": "test", "epoch": 49, "loss": 2.5412139892578125, "acc": 0.9726027250289917, "acc_or": 0.990867555141449, "sender_entropy": 1.0674858093261719, "receiver_entropy": 0.0, "original_loss": 0.06348855793476105, "mean_length": 6.0}
{"mode": "train", "epoch": 50, "loss": 3.504027545452118, "acc": 0.7882381528615952, "acc_or": 0.9224420189857483, "sender_entropy": 0.9700673148036003, "receiver_entropy": 0.0, "original_loss": 0.22178762964904308, "mean_length": 6.0}
{"mode": "test", "epoch": 50, "loss": 2.515714168548584, "acc": 0.9802131056785583, "acc_or": 0.9934043288230896, "sender_entropy": 1.0633604526519775, "receiver_entropy": 0.0, "original_loss": 0.0546075701713562, "mean_length": 6.0}
{"mode": "train", "epoch": 51, "loss": 3.462830364704132, "acc": 0.8006216809153557, "acc_or": 0.9276164397597313, "sender_entropy": 0.9617067575454712, "receiver_entropy": 0.0, "original_loss": 0.20934437401592731, "mean_length": 6.0}
{"mode": "test", "epoch": 51, "loss": 2.4412035942077637, "acc": 0.9847792983055115, "acc_or": 0.994926393032074, "sender_entropy": 1.0481919050216675, "receiver_entropy": 0.0, "original_loss": 0.05037872865796089, "mean_length": 6.0}
{"mode": "train", "epoch": 52, "loss": 3.407646983861923, "acc": 0.808605894446373, "acc_or": 0.9307208806276321, "sender_entropy": 0.9616555571556091, "receiver_entropy": 0.0, "original_loss": 0.20248756930232048, "mean_length": 6.0}
{"mode": "test", "epoch": 52, "loss": 2.421236038208008, "acc": 0.9847792983055115, "acc_or": 0.994926393032074, "sender_entropy": 1.057966709136963, "receiver_entropy": 0.0, "original_loss": 0.04394938796758652, "mean_length": 6.0}
{"mode": "train", "epoch": 53, "loss": 3.3643285036087036, "acc": 0.8027931749820709, "acc_or": 0.9282529354095459, "sender_entropy": 0.9690763056278229, "receiver_entropy": 0.0, "original_loss": 0.2047504372894764, "mean_length": 6.0}
{"mode": "test", "epoch": 53, "loss": 2.427948474884033, "acc": 0.9847792983055115, "acc_or": 0.994926393032074, "sender_entropy": 1.07245934009552, "receiver_entropy": 0.0, "original_loss": 0.04223775118589401, "mean_length": 6.0}
{"mode": "train", "epoch": 54, "loss": 3.250458240509033, "acc": 0.8022986128926277, "acc_or": 0.9272231757640839, "sender_entropy": 0.9742106720805168, "receiver_entropy": 0.0, "original_loss": 0.20816158317029476, "mean_length": 6.0}
{"mode": "test", "epoch": 54, "loss": 2.361750602722168, "acc": 0.9847792983055115, "acc_or": 0.994926393032074, "sender_entropy": 1.0644463300704956, "receiver_entropy": 0.0, "original_loss": 0.04107951000332832, "mean_length": 6.0}
{"mode": "train", "epoch": 55, "loss": 3.209804028272629, "acc": 0.8078894317150116, "acc_or": 0.9303263053297997, "sender_entropy": 0.9641542285680771, "receiver_entropy": 0.0, "original_loss": 0.19870596565306187, "mean_length": 6.0}
{"mode": "test", "epoch": 55, "loss": 2.2776668071746826, "acc": 0.969558596611023, "acc_or": 0.9898528456687927, "sender_entropy": 1.052310824394226, "receiver_entropy": 0.0, "original_loss": 0.04476085677742958, "mean_length": 6.0}
{"mode": "train", "epoch": 56, "loss": 3.114645779132843, "acc": 0.8072219267487526, "acc_or": 0.9297618269920349, "sender_entropy": 0.9573117047548294, "receiver_entropy": 0.0, "original_loss": 0.20098324678838253, "mean_length": 6.0}
{"mode": "test", "epoch": 56, "loss": 2.231753349304199, "acc": 0.9817351698875427, "acc_or": 0.9939116835594177, "sender_entropy": 1.0507073402404785, "receiver_entropy": 0.0, "original_loss": 0.0440179780125618, "mean_length": 6.0}
{"mode": "train", "epoch": 57, "loss": 3.0631822645664215, "acc": 0.8121895864605904, "acc_or": 0.9316445291042328, "sender_entropy": 0.9578559845685959, "receiver_entropy": 0.0, "original_loss": 0.19627304002642632, "mean_length": 6.0}
{"mode": "test", "epoch": 57, "loss": 2.2119321823120117, "acc": 0.9893454909324646, "acc_or": 0.9964484572410583, "sender_entropy": 1.0490262508392334, "receiver_entropy": 0.0, "original_loss": 0.03393071889877319, "mean_length": 6.0}
{"mode": "train", "epoch": 58, "loss": 3.032137632369995, "acc": 0.8168538957834244, "acc_or": 0.9336607977747917, "sender_entropy": 0.9605307281017303, "receiver_entropy": 0.0, "original_loss": 0.1931166835129261, "mean_length": 6.0}
{"mode": "test", "epoch": 58, "loss": 2.210162878036499, "acc": 0.9863013625144958, "acc_or": 0.9954337477684021, "sender_entropy": 1.0628929138183594, "receiver_entropy": 0.0, "original_loss": 0.036750707775354385, "mean_length": 6.0}
{"mode": "train", "epoch": 59, "loss": 2.9832900762557983, "acc": 0.815397784113884, "acc_or": 0.9327034279704094, "sender_entropy": 0.9660154804587364, "receiver_entropy": 0.0, "original_loss": 0.19417014345526695, "mean_length": 6.0}
{"mode": "test", "epoch": 59, "loss": 2.1953864097595215, "acc": 0.9908676147460938, "acc_or": 0.9969558119773865, "sender_entropy": 1.0632458925247192, "receiver_entropy": 0.0, "original_loss": 0.03342054411768913, "mean_length": 6.0}
{"mode": "train", "epoch": 60, "loss": 2.8855873942375183, "acc": 0.8124977052211761, "acc_or": 0.9315518364310265, "sender_entropy": 0.9607173949480057, "receiver_entropy": 0.0, "original_loss": 0.19769658893346786, "mean_length": 6.0}
{"mode": "test", "epoch": 60, "loss": 2.11006498336792, "acc": 0.9802131056785583, "acc_or": 0.9934043288230896, "sender_entropy": 1.0591788291931152, "receiver_entropy": 0.0, "original_loss": 0.042330361902713776, "mean_length": 6.0}
{"mode": "train", "epoch": 61, "loss": 2.856482148170471, "acc": 0.8131767809391022, "acc_or": 0.9322154670953751, "sender_entropy": 0.9608338475227356, "receiver_entropy": 0.0, "original_loss": 0.192195201292634, "mean_length": 6.0}
{"mode": "test", "epoch": 61, "loss": 2.106118679046631, "acc": 0.9832572340965271, "acc_or": 0.9944190382957458, "sender_entropy": 1.0562649965286255, "receiver_entropy": 0.0, "original_loss": 0.037725530564785004, "mean_length": 6.0}
{"mode": "train", "epoch": 62, "loss": 2.8114656507968903, "acc": 0.8185642436146736, "acc_or": 0.9343927428126335, "sender_entropy": 0.9614291563630104, "receiver_entropy": 0.0, "original_loss": 0.18987412750720978, "mean_length": 6.0}
{"mode": "test", "epoch": 62, "loss": 2.078024387359619, "acc": 0.9923896789550781, "acc_or": 0.9974631667137146, "sender_entropy": 1.0574363470077515, "receiver_entropy": 0.0, "original_loss": 0.03393829986453056, "mean_length": 6.0}
{"mode": "train", "epoch": 63, "loss": 2.7631674110889435, "acc": 0.8211174830794334, "acc_or": 0.9350798204541206, "sender_entropy": 0.957963652908802, "receiver_entropy": 0.0, "original_loss": 0.1873796507716179, "mean_length": 6.0}
{"mode": "test", "epoch": 63, "loss": 2.0520200729370117, "acc": 0.9908676147460938, "acc_or": 0.9969558119773865, "sender_entropy": 1.0578557252883911, "receiver_entropy": 0.0, "original_loss": 0.0343334935605526, "mean_length": 6.0}
{"mode": "train", "epoch": 64, "loss": 2.7217386066913605, "acc": 0.8241779804229736, "acc_or": 0.9362082332372665, "sender_entropy": 0.9596497491002083, "receiver_entropy": 0.0, "original_loss": 0.18410544656217098, "mean_length": 6.0}
{"mode": "test", "epoch": 64, "loss": 2.0283920764923096, "acc": 0.9923896789550781, "acc_or": 0.9974631667137146, "sender_entropy": 1.056778073310852, "receiver_entropy": 0.0, "original_loss": 0.03174168989062309, "mean_length": 6.0}
{"mode": "train", "epoch": 65, "loss": 2.726702928543091, "acc": 0.8343599960207939, "acc_or": 0.9402451440691948, "sender_entropy": 0.9610317870974541, "receiver_entropy": 0.0, "original_loss": 0.1746985949575901, "mean_length": 6.0}
{"mode": "test", "epoch": 65, "loss": 2.010206460952759, "acc": 0.9969558715820312, "acc_or": 0.998985230922699, "sender_entropy": 1.0625780820846558, "receiver_entropy": 0.0, "original_loss": 0.028753764927387238, "mean_length": 6.0}
{"mode": "train", "epoch": 66, "loss": 2.668205499649048, "acc": 0.8306159228086472, "acc_or": 0.9385053366422653, "sender_entropy": 0.9617949351668358, "receiver_entropy": 0.0, "original_loss": 0.17757211439311504, "mean_length": 6.0}
{"mode": "test", "epoch": 66, "loss": 1.9637069702148438, "acc": 0.9923896789550781, "acc_or": 0.9974631667137146, "sender_entropy": 1.0578343868255615, "receiver_entropy": 0.0, "original_loss": 0.029254205524921417, "mean_length": 6.0}
{"mode": "train", "epoch": 67, "loss": 2.610074758529663, "acc": 0.827549159526825, "acc_or": 0.9375875517725945, "sender_entropy": 0.9673665165901184, "receiver_entropy": 0.0, "original_loss": 0.17986037582159042, "mean_length": 6.0}
{"mode": "test", "epoch": 67, "loss": 1.9615098237991333, "acc": 0.9908676147460938, "acc_or": 0.9969558119773865, "sender_entropy": 1.0680590867996216, "receiver_entropy": 0.0, "original_loss": 0.03169197589159012, "mean_length": 6.0}
{"mode": "train", "epoch": 68, "loss": 2.5569389164447784, "acc": 0.8250890672206879, "acc_or": 0.9369803443551064, "sender_entropy": 0.9692600890994072, "receiver_entropy": 0.0, "original_loss": 0.1813186053186655, "mean_length": 6.0}
{"mode": "test", "epoch": 68, "loss": 1.9430245161056519, "acc": 0.9939117431640625, "acc_or": 0.9979705214500427, "sender_entropy": 1.0659618377685547, "receiver_entropy": 0.0, "original_loss": 0.028946010395884514, "mean_length": 6.0}
{"mode": "train", "epoch": 69, "loss": 2.533768206834793, "acc": 0.8275602012872696, "acc_or": 0.93757164478302, "sender_entropy": 0.964701920747757, "receiver_entropy": 0.0, "original_loss": 0.1785819623619318, "mean_length": 6.0}
{"mode": "test", "epoch": 69, "loss": 1.8942925930023193, "acc": 0.9923896789550781, "acc_or": 0.9974631667137146, "sender_entropy": 1.0649906396865845, "receiver_entropy": 0.0, "original_loss": 0.028995810076594353, "mean_length": 6.0}
{"mode": "train", "epoch": 70, "loss": 2.4935202300548553, "acc": 0.8335267975926399, "acc_or": 0.9399546384811401, "sender_entropy": 0.9574326053261757, "receiver_entropy": 0.0, "original_loss": 0.172425864264369, "mean_length": 6.0}
{"mode": "test", "epoch": 70, "loss": 1.8535271883010864, "acc": 0.9863013625144958, "acc_or": 0.9954337477684021, "sender_entropy": 1.0579754114151, "receiver_entropy": 0.0, "original_loss": 0.0306936576962471, "mean_length": 6.0}
{"mode": "train", "epoch": 71, "loss": 2.466016471385956, "acc": 0.8366796150803566, "acc_or": 0.9412787482142448, "sender_entropy": 0.962145023047924, "receiver_entropy": 0.0, "original_loss": 0.1704439390450716, "mean_length": 6.0}
{"mode": "test", "epoch": 71, "loss": 1.8624589443206787, "acc": 0.9923896789550781, "acc_or": 0.9974631667137146, "sender_entropy": 1.068598747253418, "receiver_entropy": 0.0, "original_loss": 0.026697156950831413, "mean_length": 6.0}
{"mode": "train", "epoch": 72, "loss": 2.413721352815628, "acc": 0.8326407894492149, "acc_or": 0.9399232119321823, "sender_entropy": 0.965596929192543, "receiver_entropy": 0.0, "original_loss": 0.17268264293670654, "mean_length": 6.0}
{"mode": "test", "epoch": 72, "loss": 1.8332055807113647, "acc": 0.9893454909324646, "acc_or": 0.9964484572410583, "sender_entropy": 1.0695499181747437, "receiver_entropy": 0.0, "original_loss": 0.029976727440953255, "mean_length": 6.0}
{"mode": "train", "epoch": 73, "loss": 2.3740889132022858, "acc": 0.8334944546222687, "acc_or": 0.9399856850504875, "sender_entropy": 0.9620550945401192, "receiver_entropy": 0.0, "original_loss": 0.17431925237178802, "mean_length": 6.0}
{"mode": "test", "epoch": 73, "loss": 1.805480718612671, "acc": 0.9893454909324646, "acc_or": 0.9964484572410583, "sender_entropy": 1.065980076789856, "receiver_entropy": 0.0, "original_loss": 0.028958940878510475, "mean_length": 6.0}
{"mode": "train", "epoch": 74, "loss": 2.349012851715088, "acc": 0.8383670449256897, "acc_or": 0.9417679235339165, "sender_entropy": 0.9608267396688461, "receiver_entropy": 0.0, "original_loss": 0.16844233125448227, "mean_length": 6.0}
{"mode": "test", "epoch": 74, "loss": 1.7790863513946533, "acc": 0.9923896789550781, "acc_or": 0.9974631667137146, "sender_entropy": 1.0593684911727905, "receiver_entropy": 0.0, "original_loss": 0.02514367178082466, "mean_length": 6.0}
{"mode": "train", "epoch": 75, "loss": 2.3141995072364807, "acc": 0.8397442027926445, "acc_or": 0.9421862810850143, "sender_entropy": 0.9643827304244041, "receiver_entropy": 0.0, "original_loss": 0.16791712120175362, "mean_length": 6.0}
{"mode": "test", "epoch": 75, "loss": 1.7774804830551147, "acc": 0.9969558715820312, "acc_or": 0.998985230922699, "sender_entropy": 1.0649864673614502, "receiver_entropy": 0.0, "original_loss": 0.02297283709049225, "mean_length": 6.0}
{"mode": "train", "epoch": 76, "loss": 2.2634933590888977, "acc": 0.8365189433097839, "acc_or": 0.9410367161035538, "sender_entropy": 0.96163260191679, "receiver_entropy": 0.0, "original_loss": 0.16997751779854298, "mean_length": 6.0}
{"mode": "test", "epoch": 76, "loss": 1.739014983177185, "acc": 0.9969558715820312, "acc_or": 0.998985230922699, "sender_entropy": 1.0603128671646118, "receiver_entropy": 0.0, "original_loss": 0.022489437833428383, "mean_length": 6.0}
{"mode": "train", "epoch": 77, "loss": 2.2625566124916077, "acc": 0.8459279164671898, "acc_or": 0.9445603489875793, "sender_entropy": 0.9569215327501297, "receiver_entropy": 0.0, "original_loss": 0.16119948774576187, "mean_length": 6.0}
{"mode": "test", "epoch": 77, "loss": 1.7195146083831787, "acc": 0.9954338073730469, "acc_or": 0.9984778761863708, "sender_entropy": 1.06681489944458, "receiver_entropy": 0.0, "original_loss": 0.023751230910420418, "mean_length": 6.0}
{"mode": "train", "epoch": 78, "loss": 2.188337415456772, "acc": 0.8380504846572876, "acc_or": 0.9414622709155083, "sender_entropy": 0.9665546640753746, "receiver_entropy": 0.0, "original_loss": 0.16884989477694035, "mean_length": 6.0}
{"mode": "test", "epoch": 78, "loss": 1.7266159057617188, "acc": 0.9969558715820312, "acc_or": 0.998985230922699, "sender_entropy": 1.0787009000778198, "receiver_entropy": 0.0, "original_loss": 0.022866271436214447, "mean_length": 6.0}
{"mode": "train", "epoch": 79, "loss": 2.1907389760017395, "acc": 0.8422190025448799, "acc_or": 0.9433483704924583, "sender_entropy": 0.9660370349884033, "receiver_entropy": 0.0, "original_loss": 0.16393636725842953, "mean_length": 6.0}
{"mode": "test", "epoch": 79, "loss": 1.6788365840911865, "acc": 0.9923896789550781, "acc_or": 0.9974631667137146, "sender_entropy": 1.0620671510696411, "receiver_entropy": 0.0, "original_loss": 0.02453831396996975, "mean_length": 6.0}
{"mode": "train", "epoch": 80, "loss": 2.158576101064682, "acc": 0.8441048860549927, "acc_or": 0.9439910054206848, "sender_entropy": 0.9603333920240402, "receiver_entropy": 0.0, "original_loss": 0.1619705595076084, "mean_length": 6.0}
{"mode": "test", "epoch": 80, "loss": 1.6720772981643677, "acc": 0.9923896789550781, "acc_or": 0.9974631667137146, "sender_entropy": 1.0712252855300903, "receiver_entropy": 0.0, "original_loss": 0.026552096009254456, "mean_length": 6.0}
{"mode": "train", "epoch": 81, "loss": 2.1007211208343506, "acc": 0.8352250009775162, "acc_or": 0.9404985681176186, "sender_entropy": 0.969937801361084, "receiver_entropy": 0.0, "original_loss": 0.1699513029307127, "mean_length": 6.0}
{"mode": "test", "epoch": 81, "loss": 1.644365906715393, "acc": 0.9893454909324646, "acc_or": 0.9964484572410583, "sender_entropy": 1.069452166557312, "receiver_entropy": 0.0, "original_loss": 0.0271366648375988, "mean_length": 6.0}
{"mode": "train", "epoch": 82, "loss": 2.0510287433862686, "acc": 0.8335737064480782, "acc_or": 0.9399828687310219, "sender_entropy": 0.9667888358235359, "receiver_entropy": 0.0, "original_loss": 0.1693251971155405, "mean_length": 6.0}
{"mode": "test", "epoch": 82, "loss": 1.6245990991592407, "acc": 0.9954338073730469, "acc_or": 0.9984778761863708, "sender_entropy": 1.066298484802246, "receiver_entropy": 0.0, "original_loss": 0.026426324620842934, "mean_length": 6.0}
{"mode": "train", "epoch": 83, "loss": 2.0762175619602203, "acc": 0.8522661477327347, "acc_or": 0.947225347161293, "sender_entropy": 0.9529186189174652, "receiver_entropy": 0.0, "original_loss": 0.15508212335407734, "mean_length": 6.0}
{"mode": "test", "epoch": 83, "loss": 1.587404727935791, "acc": 0.9893454909324646, "acc_or": 0.9964484572410583, "sender_entropy": 1.0526124238967896, "receiver_entropy": 0.0, "original_loss": 0.02706119604408741, "mean_length": 6.0}
{"mode": "train", "epoch": 84, "loss": 1.9889287501573563, "acc": 0.8404073268175125, "acc_or": 0.9421411380171776, "sender_entropy": 0.954215295612812, "receiver_entropy": 0.0, "original_loss": 0.1643113400787115, "mean_length": 6.0}
{"mode": "test", "epoch": 84, "loss": 1.578128695487976, "acc": 0.9939117431640625, "acc_or": 0.9979705214500427, "sender_entropy": 1.0583237409591675, "receiver_entropy": 0.0, "original_loss": 0.025421220809221268, "mean_length": 6.0}
{"mode": "train", "epoch": 85, "loss": 1.945293813943863, "acc": 0.8378745466470718, "acc_or": 0.9417594894766808, "sender_entropy": 0.9583977535367012, "receiver_entropy": 0.0, "original_loss": 0.16772019676864147, "mean_length": 6.0}
{"mode": "test", "epoch": 85, "loss": 1.5495271682739258, "acc": 0.9893454909324646, "acc_or": 0.9964484572410583, "sender_entropy": 1.0549010038375854, "receiver_entropy": 0.0, "original_loss": 0.02765771746635437, "mean_length": 6.0}
{"mode": "train", "epoch": 86, "loss": 1.941546082496643, "acc": 0.8408055827021599, "acc_or": 0.9430029839277267, "sender_entropy": 0.9535838887095451, "receiver_entropy": 0.0, "original_loss": 0.16352258250117302, "mean_length": 6.0}
{"mode": "test", "epoch": 86, "loss": 1.5500073432922363, "acc": 0.9923896789550781, "acc_or": 0.9974631667137146, "sender_entropy": 1.0583269596099854, "receiver_entropy": 0.0, "original_loss": 0.026541946455836296, "mean_length": 6.0}
{"mode": "train", "epoch": 87, "loss": 1.909958928823471, "acc": 0.8420331031084061, "acc_or": 0.9433386400341988, "sender_entropy": 0.9632236510515213, "receiver_entropy": 0.0, "original_loss": 0.16451716423034668, "mean_length": 6.0}
{"mode": "test", "epoch": 87, "loss": 1.5311514139175415, "acc": 0.9863013625144958, "acc_or": 0.9954337477684021, "sender_entropy": 1.0687205791473389, "receiver_entropy": 0.0, "original_loss": 0.027316611260175705, "mean_length": 6.0}
{"mode": "train", "epoch": 88, "loss": 1.8858226090669632, "acc": 0.8384357839822769, "acc_or": 0.9418967068195343, "sender_entropy": 0.9688724055886269, "receiver_entropy": 0.0, "original_loss": 0.16673686914145947, "mean_length": 6.0}
{"mode": "test", "epoch": 88, "loss": 1.5491740703582764, "acc": 0.9923896789550781, "acc_or": 0.9974631667137146, "sender_entropy": 1.0773372650146484, "receiver_entropy": 0.0, "original_loss": 0.022448359057307243, "mean_length": 6.0}
{"mode": "train", "epoch": 89, "loss": 1.8686089366674423, "acc": 0.8405270799994469, "acc_or": 0.9423263892531395, "sender_entropy": 0.9737426340579987, "receiver_entropy": 0.0, "original_loss": 0.16457935608923435, "mean_length": 6.0}
{"mode": "test", "epoch": 89, "loss": 1.5302995443344116, "acc": 0.9969558715820312, "acc_or": 0.998985230922699, "sender_entropy": 1.0737665891647339, "receiver_entropy": 0.0, "original_loss": 0.020394960418343544, "mean_length": 6.0}
{"mode": "train", "epoch": 90, "loss": 1.8670762330293655, "acc": 0.8449636101722717, "acc_or": 0.9440029114484787, "sender_entropy": 0.968133844435215, "receiver_entropy": 0.0, "original_loss": 0.15995731391012669, "mean_length": 6.0}
{"mode": "test", "epoch": 90, "loss": 1.5085185766220093, "acc": 0.9939117431640625, "acc_or": 0.9979705214500427, "sender_entropy": 1.0681277513504028, "receiver_entropy": 0.0, "original_loss": 0.02164139226078987, "mean_length": 6.0}
{"mode": "train", "epoch": 91, "loss": 1.8358794301748276, "acc": 0.8491659685969353, "acc_or": 0.9459082558751106, "sender_entropy": 0.9630153924226761, "receiver_entropy": 0.0, "original_loss": 0.15636251121759415, "mean_length": 6.0}
{"mode": "test", "epoch": 91, "loss": 1.4718846082687378, "acc": 0.9939117431640625, "acc_or": 0.9979705214500427, "sender_entropy": 1.0568727254867554, "receiver_entropy": 0.0, "original_loss": 0.022537117823958397, "mean_length": 6.0}
{"mode": "train", "epoch": 92, "loss": 1.8158843666315079, "acc": 0.8478862196207047, "acc_or": 0.9456979855895042, "sender_entropy": 0.9634341821074486, "receiver_entropy": 0.0, "original_loss": 0.15641268342733383, "mean_length": 6.0}
{"mode": "test", "epoch": 92, "loss": 1.4764026403427124, "acc": 0.9893454909324646, "acc_or": 0.9964484572410583, "sender_entropy": 1.0720449686050415, "receiver_entropy": 0.0, "original_loss": 0.02304876782000065, "mean_length": 6.0}
{"mode": "train", "epoch": 93, "loss": 1.7365217208862305, "acc": 0.841097466647625, "acc_or": 0.9428664445877075, "sender_entropy": 0.9680685773491859, "receiver_entropy": 0.0, "original_loss": 0.1646090168505907, "mean_length": 6.0}
{"mode": "test", "epoch": 93, "loss": 1.4831222295761108, "acc": 0.9954338073730469, "acc_or": 0.9984778761863708, "sender_entropy": 1.076451063156128, "receiver_entropy": 0.0, "original_loss": 0.020059924572706223, "mean_length": 6.0}
{"mode": "train", "epoch": 94, "loss": 1.7809781432151794, "acc": 0.8509072810411453, "acc_or": 0.9464246332645416, "sender_entropy": 0.9672707989811897, "receiver_entropy": 0.0, "original_loss": 0.154701329767704, "mean_length": 6.0}
{"mode": "test", "epoch": 94, "loss": 1.4473540782928467, "acc": 0.9954338073730469, "acc_or": 0.9984778761863708, "sender_entropy": 1.0647871494293213, "receiver_entropy": 0.0, "original_loss": 0.01849837601184845, "mean_length": 6.0}
{"mode": "train", "epoch": 95, "loss": 1.7597444206476212, "acc": 0.8518895730376244, "acc_or": 0.9469381049275398, "sender_entropy": 0.9572327062487602, "receiver_entropy": 0.0, "original_loss": 0.15215890482068062, "mean_length": 6.0}
{"mode": "test", "epoch": 95, "loss": 1.4220095872879028, "acc": 0.9908676147460938, "acc_or": 0.9969558119773865, "sender_entropy": 1.0641981363296509, "receiver_entropy": 0.0, "original_loss": 0.0230188500136137, "mean_length": 6.0}
{"mode": "train", "epoch": 96, "loss": 1.6814641058444977, "acc": 0.8419561758637428, "acc_or": 0.9430236220359802, "sender_entropy": 0.9711209312081337, "receiver_entropy": 0.0, "original_loss": 0.16359298303723335, "mean_length": 6.0}
{"mode": "test", "epoch": 96, "loss": 1.435796856880188, "acc": 0.9939117431640625, "acc_or": 0.9979705214500427, "sender_entropy": 1.0843380689620972, "receiver_entropy": 0.0, "original_loss": 0.02232467196881771, "mean_length": 6.0}
{"mode": "train", "epoch": 97, "loss": 1.655671939253807, "acc": 0.8400861322879791, "acc_or": 0.9425759837031364, "sender_entropy": 0.9754564464092255, "receiver_entropy": 0.0, "original_loss": 0.1653286311775446, "mean_length": 6.0}
{"mode": "test", "epoch": 97, "loss": 1.401154637336731, "acc": 0.9939117431640625, "acc_or": 0.9979705214500427, "sender_entropy": 1.071293592453003, "receiver_entropy": 0.0, "original_loss": 0.021151885390281677, "mean_length": 6.0}
{"mode": "train", "epoch": 98, "loss": 1.6598805636167526, "acc": 0.8484847098588943, "acc_or": 0.9456800147891045, "sender_entropy": 0.9680226370692253, "receiver_entropy": 0.0, "original_loss": 0.15752838551998138, "mean_length": 6.0}
{"mode": "test", "epoch": 98, "loss": 1.3875519037246704, "acc": 0.9832572340965271, "acc_or": 0.9944190382957458, "sender_entropy": 1.0759097337722778, "receiver_entropy": 0.0, "original_loss": 0.025226198136806488, "mean_length": 6.0}
{"mode": "train", "epoch": 99, "loss": 1.6570661216974258, "acc": 0.8465349823236465, "acc_or": 0.9451010897755623, "sender_entropy": 0.9681695178151131, "receiver_entropy": 0.0, "original_loss": 0.15551169030368328, "mean_length": 6.0}
{"mode": "test", "epoch": 99, "loss": 1.398345947265625, "acc": 0.9923896789550781, "acc_or": 0.9974631667137146, "sender_entropy": 1.0746331214904785, "receiver_entropy": 0.0, "original_loss": 0.019746599718928337, "mean_length": 6.0}
{"mode": "train", "epoch": 100, "loss": 1.6372891664505005, "acc": 0.848346397280693, "acc_or": 0.9459758996963501, "sender_entropy": 0.9787022620439529, "receiver_entropy": 0.0, "original_loss": 0.1572572886943817, "mean_length": 6.0}
{"mode": "test", "epoch": 100, "loss": 1.4047075510025024, "acc": 0.9939117431640625, "acc_or": 0.9979705214500427, "sender_entropy": 1.0936087369918823, "receiver_entropy": 0.0, "original_loss": 0.021162940189242363, "mean_length": 6.0}
{"mode": "train", "epoch": 101, "loss": 1.6068343371152878, "acc": 0.845296673476696, "acc_or": 0.9443417116999626, "sender_entropy": 0.9830535426735878, "receiver_entropy": 0.0, "original_loss": 0.16009994596242905, "mean_length": 6.0}
{"mode": "test", "epoch": 101, "loss": 1.383988618850708, "acc": 0.9954338073730469, "acc_or": 0.9984778761863708, "sender_entropy": 1.088082194328308, "receiver_entropy": 0.0, "original_loss": 0.020016655325889587, "mean_length": 6.0}
{"mode": "train", "epoch": 102, "loss": 1.6108077317476273, "acc": 0.8517814055085182, "acc_or": 0.946953147649765, "sender_entropy": 0.9762252792716026, "receiver_entropy": 0.0, "original_loss": 0.15208346396684647, "mean_length": 6.0}
{"mode": "test", "epoch": 102, "loss": 1.3670066595077515, "acc": 0.9984779357910156, "acc_or": 0.9994925856590271, "sender_entropy": 1.0794576406478882, "receiver_entropy": 0.0, "original_loss": 0.017489103600382805, "mean_length": 6.0}
{"mode": "train", "epoch": 103, "loss": 1.5953686833381653, "acc": 0.8566840142011642, "acc_or": 0.94888985902071, "sender_entropy": 0.9671025946736336, "receiver_entropy": 0.0, "original_loss": 0.1488574482500553, "mean_length": 6.0}
{"mode": "test", "epoch": 103, "loss": 1.3430255651474, "acc": 0.9923896789550781, "acc_or": 0.9974631667137146, "sender_entropy": 1.0770936012268066, "receiver_entropy": 0.0, "original_loss": 0.02079235389828682, "mean_length": 6.0}
{"mode": "train", "epoch": 104, "loss": 1.5653754621744156, "acc": 0.8543150126934052, "acc_or": 0.9479944854974747, "sender_entropy": 0.9668975919485092, "receiver_entropy": 0.0, "original_loss": 0.14996709674596786, "mean_length": 6.0}
{"mode": "test", "epoch": 104, "loss": 1.3697209358215332, "acc": 0.9954338073730469, "acc_or": 0.9984778761863708, "sender_entropy": 1.0971225500106812, "receiver_entropy": 0.0, "original_loss": 0.018262820318341255, "mean_length": 6.0}
{"mode": "train", "epoch": 105, "loss": 1.5706043988466263, "acc": 0.8557872325181961, "acc_or": 0.9483187943696976, "sender_entropy": 0.9752131402492523, "receiver_entropy": 0.0, "original_loss": 0.14866690710186958, "mean_length": 6.0}
{"mode": "test", "epoch": 105, "loss": 1.3447037935256958, "acc": 0.9939117431640625, "acc_or": 0.9979705214500427, "sender_entropy": 1.0847340822219849, "receiver_entropy": 0.0, "original_loss": 0.019786017015576363, "mean_length": 6.0}
{"mode": "train", "epoch": 106, "loss": 1.540235698223114, "acc": 0.8547831177711487, "acc_or": 0.9482306838035583, "sender_entropy": 0.9720965921878815, "receiver_entropy": 0.0, "original_loss": 0.14885038323700428, "mean_length": 6.0}
{"mode": "test", "epoch": 106, "loss": 1.335716724395752, "acc": 0.9939117431640625, "acc_or": 0.9979705214500427, "sender_entropy": 1.0876505374908447, "receiver_entropy": 0.0, "original_loss": 0.017774900421500206, "mean_length": 6.0}
{"mode": "train", "epoch": 107, "loss": 1.5086459666490555, "acc": 0.8476517572999, "acc_or": 0.9458162859082222, "sender_entropy": 0.9790692329406738, "receiver_entropy": 0.0, "original_loss": 0.1545589119195938, "mean_length": 6.0}
{"mode": "test", "epoch": 107, "loss": 1.322683572769165, "acc": 0.9908676147460938, "acc_or": 0.9969558119773865, "sender_entropy": 1.0928350687026978, "receiver_entropy": 0.0, "original_loss": 0.023789681494235992, "mean_length": 6.0}
{"mode": "train", "epoch": 108, "loss": 1.4729050248861313, "acc": 0.8504848703742027, "acc_or": 0.9462257325649261, "sender_entropy": 0.9748317822813988, "receiver_entropy": 0.0, "original_loss": 0.1535544954240322, "mean_length": 6.0}
{"mode": "test", "epoch": 108, "loss": 1.318937063217163, "acc": 0.9984779357910156, "acc_or": 0.9994925856590271, "sender_entropy": 1.0883433818817139, "receiver_entropy": 0.0, "original_loss": 0.0181192047894001, "mean_length": 6.0}
{"mode": "train", "epoch": 109, "loss": 1.47796531021595, "acc": 0.8513952791690826, "acc_or": 0.9470886215567589, "sender_entropy": 0.9707579463720322, "receiver_entropy": 0.0, "original_loss": 0.15111621841788292, "mean_length": 6.0}
{"mode": "test", "epoch": 109, "loss": 1.3035047054290771, "acc": 0.9939117431640625, "acc_or": 0.9979705214500427, "sender_entropy": 1.0837597846984863, "receiver_entropy": 0.0, "original_loss": 0.018949290737509727, "mean_length": 6.0}
{"mode": "train", "epoch": 110, "loss": 1.4500404298305511, "acc": 0.8530759140849113, "acc_or": 0.9475103914737701, "sender_entropy": 0.9706015512347221, "receiver_entropy": 0.0, "original_loss": 0.1504706721752882, "mean_length": 6.0}
{"mode": "test", "epoch": 110, "loss": 1.2774256467819214, "acc": 0.9908676147460938, "acc_or": 0.9969558119773865, "sender_entropy": 1.0826057195663452, "receiver_entropy": 0.0, "original_loss": 0.021850980818271637, "mean_length": 6.0}
{"mode": "train", "epoch": 111, "loss": 1.408878892660141, "acc": 0.8508618623018265, "acc_or": 0.9467491954565048, "sender_entropy": 0.9721711277961731, "receiver_entropy": 0.0, "original_loss": 0.15402596071362495, "mean_length": 6.0}
{"mode": "test", "epoch": 111, "loss": 1.278174877166748, "acc": 0.9954338073730469, "acc_or": 0.9984778761863708, "sender_entropy": 1.0856709480285645, "receiver_entropy": 0.0, "original_loss": 0.02059940993785858, "mean_length": 6.0}
{"mode": "train", "epoch": 112, "loss": 1.4126135855913162, "acc": 0.853184886276722, "acc_or": 0.9473967328667641, "sender_entropy": 0.9709973558783531, "receiver_entropy": 0.0, "original_loss": 0.15154381841421127, "mean_length": 6.0}
{"mode": "test", "epoch": 112, "loss": 1.2730542421340942, "acc": 0.9969558715820312, "acc_or": 0.998985230922699, "sender_entropy": 1.0862910747528076, "receiver_entropy": 0.0, "original_loss": 0.016886796802282333, "mean_length": 6.0}
{"mode": "train", "epoch": 113, "loss": 1.3863377124071121, "acc": 0.854938730597496, "acc_or": 0.9481175169348717, "sender_entropy": 0.9707663282752037, "receiver_entropy": 0.0, "original_loss": 0.15036753565073013, "mean_length": 6.0}
{"mode": "test", "epoch": 113, "loss": 1.2589457035064697, "acc": 0.9984779357910156, "acc_or": 0.9994925856590271, "sender_entropy": 1.0767630338668823, "receiver_entropy": 0.0, "original_loss": 0.015616086311638355, "mean_length": 6.0}
{"mode": "train", "epoch": 114, "loss": 1.3894081562757492, "acc": 0.8562899753451347, "acc_or": 0.9486584812402725, "sender_entropy": 0.966329462826252, "receiver_entropy": 0.0, "original_loss": 0.14806203171610832, "mean_length": 6.0}
{"mode": "test", "epoch": 114, "loss": 1.2423628568649292, "acc": 0.9939117431640625, "acc_or": 0.9979705214500427, "sender_entropy": 1.0821692943572998, "receiver_entropy": 0.0, "original_loss": 0.019460562616586685, "mean_length": 6.0}
{"mode": "train", "epoch": 115, "loss": 1.3676978051662445, "acc": 0.8564183115959167, "acc_or": 0.9484279900789261, "sender_entropy": 0.9722313955426216, "receiver_entropy": 0.0, "original_loss": 0.14869256503880024, "mean_length": 6.0}
{"mode": "test", "epoch": 115, "loss": 1.2275100946426392, "acc": 0.9923896789550781, "acc_or": 0.9974631667137146, "sender_entropy": 1.0817599296569824, "receiver_entropy": 0.0, "original_loss": 0.020108049735426903, "mean_length": 6.0}
{"mode": "train", "epoch": 116, "loss": 1.3606542646884918, "acc": 0.8594899848103523, "acc_or": 0.9496320560574532, "sender_entropy": 0.9729221612215042, "receiver_entropy": 0.0, "original_loss": 0.14704743027687073, "mean_length": 6.0}
{"mode": "test", "epoch": 116, "loss": 1.2322620153427124, "acc": 0.9908676147460938, "acc_or": 0.9969558119773865, "sender_entropy": 1.0953967571258545, "receiver_entropy": 0.0, "original_loss": 0.021674036979675293, "mean_length": 6.0}
{"mode": "train", "epoch": 117, "loss": 1.312802329659462, "acc": 0.8519911840558052, "acc_or": 0.9471802338957787, "sender_entropy": 0.9701807647943497, "receiver_entropy": 0.0, "original_loss": 0.15206564404070377, "mean_length": 6.0}
{"mode": "test", "epoch": 117, "loss": 1.2234060764312744, "acc": 0.9969558715820312, "acc_or": 0.998985230922699, "sender_entropy": 1.0873008966445923, "receiver_entropy": 0.0, "original_loss": 0.01945810765028, "mean_length": 6.0}
{"mode": "train", "epoch": 118, "loss": 1.3218053430318832, "acc": 0.8559638634324074, "acc_or": 0.9486962705850601, "sender_entropy": 0.9698117449879646, "receiver_entropy": 0.0, "original_loss": 0.1491750255227089, "mean_length": 6.0}
{"mode": "test", "epoch": 118, "loss": 1.2131797075271606, "acc": 0.9923896789550781, "acc_or": 0.9974631667137146, "sender_entropy": 1.0871129035949707, "receiver_entropy": 0.0, "original_loss": 0.02079448103904724, "mean_length": 6.0}
{"mode": "train", "epoch": 119, "loss": 1.292000874876976, "acc": 0.8540706112980843, "acc_or": 0.947665199637413, "sender_entropy": 0.9773927927017212, "receiver_entropy": 0.0, "original_loss": 0.15151771157979965, "mean_length": 6.0}
{"mode": "test", "epoch": 119, "loss": 1.2269686460494995, "acc": 0.9923896789550781, "acc_or": 0.9974631667137146, "sender_entropy": 1.0986974239349365, "receiver_entropy": 0.0, "original_loss": 0.019245969131588936, "mean_length": 6.0}
{"mode": "train", "epoch": 120, "loss": 1.2812327295541763, "acc": 0.8552984073758125, "acc_or": 0.9482976943254471, "sender_entropy": 0.9733769744634628, "receiver_entropy": 0.0, "original_loss": 0.14910930767655373, "mean_length": 6.0}
{"mode": "test", "epoch": 120, "loss": 1.2024078369140625, "acc": 0.9939117431640625, "acc_or": 0.9979705214500427, "sender_entropy": 1.0859954357147217, "receiver_entropy": 0.0, "original_loss": 0.020873086526989937, "mean_length": 6.0}
{"mode": "train", "epoch": 121, "loss": 1.3110474348068237, "acc": 0.8576367050409317, "acc_or": 0.9494317919015884, "sender_entropy": 0.9751436784863472, "receiver_entropy": 0.0, "original_loss": 0.14502103812992573, "mean_length": 6.0}
{"mode": "test", "epoch": 121, "loss": 1.2095043659210205, "acc": 0.9939117431640625, "acc_or": 0.9979705214500427, "sender_entropy": 1.093492031097412, "receiver_entropy": 0.0, "original_loss": 0.019492654129862785, "mean_length": 6.0}
{"mode": "train", "epoch": 122, "loss": 1.2727004140615463, "acc": 0.8550292998552322, "acc_or": 0.9481857717037201, "sender_entropy": 0.9751401394605637, "receiver_entropy": 0.0, "original_loss": 0.1479799561202526, "mean_length": 6.0}
{"mode": "test", "epoch": 122, "loss": 1.2073276042938232, "acc": 0.9939117431640625, "acc_or": 0.9979705214500427, "sender_entropy": 1.098107099533081, "receiver_entropy": 0.0, "original_loss": 0.01773238182067871, "mean_length": 6.0}
{"mode": "train", "epoch": 123, "loss": 1.2570965141057968, "acc": 0.8577886372804642, "acc_or": 0.9491602331399918, "sender_entropy": 0.9784311056137085, "receiver_entropy": 0.0, "original_loss": 0.14714662730693817, "mean_length": 6.0}
{"mode": "test", "epoch": 123, "loss": 1.205674409866333, "acc": 0.9954338073730469, "acc_or": 0.9984778761863708, "sender_entropy": 1.0952397584915161, "receiver_entropy": 0.0, "original_loss": 0.01789616234600544, "mean_length": 6.0}
{"mode": "train", "epoch": 124, "loss": 1.2360469698905945, "acc": 0.8571646437048912, "acc_or": 0.9492197483778, "sender_entropy": 0.9750532135367393, "receiver_entropy": 0.0, "original_loss": 0.1479079555720091, "mean_length": 6.0}
{"mode": "test", "epoch": 124, "loss": 1.179033875465393, "acc": 0.9817351698875427, "acc_or": 0.9939116835594177, "sender_entropy": 1.0917677879333496, "receiver_entropy": 0.0, "original_loss": 0.020628375932574272, "mean_length": 6.0}
{"mode": "train", "epoch": 125, "loss": 1.242678627371788, "acc": 0.862024687230587, "acc_or": 0.9506363123655319, "sender_entropy": 0.9729371294379234, "receiver_entropy": 0.0, "original_loss": 0.1431337632238865, "mean_length": 6.0}
{"mode": "test", "epoch": 125, "loss": 1.1779272556304932, "acc": 0.9984779357910156, "acc_or": 0.9994925856590271, "sender_entropy": 1.0882066488265991, "receiver_entropy": 0.0, "original_loss": 0.01623421534895897, "mean_length": 6.0}
{"mode": "train", "epoch": 126, "loss": 1.2292843014001846, "acc": 0.8590831384062767, "acc_or": 0.949776716530323, "sender_entropy": 0.9768343642354012, "receiver_entropy": 0.0, "original_loss": 0.14429604448378086, "mean_length": 6.0}
{"mode": "test", "epoch": 126, "loss": 1.1713026762008667, "acc": 0.9923896789550781, "acc_or": 0.9974631667137146, "sender_entropy": 1.0980861186981201, "receiver_entropy": 0.0, "original_loss": 0.02031477354466915, "mean_length": 6.0}
{"mode": "train", "epoch": 127, "loss": 1.2089386880397797, "acc": 0.8581562116742134, "acc_or": 0.949720025062561, "sender_entropy": 0.9774053618311882, "receiver_entropy": 0.0, "original_loss": 0.14544583298265934, "mean_length": 6.0}
{"mode": "test", "epoch": 127, "loss": 1.1367905139923096, "acc": 0.9908676147460938, "acc_or": 0.9969558119773865, "sender_entropy": 1.0806000232696533, "receiver_entropy": 0.0, "original_loss": 0.02065095491707325, "mean_length": 6.0}
{"mode": "train", "epoch": 128, "loss": 1.2232614755630493, "acc": 0.8637964129447937, "acc_or": 0.9517769515514374, "sender_entropy": 0.9713203981518745, "receiver_entropy": 0.0, "original_loss": 0.14017105102539062, "mean_length": 6.0}
{"mode": "test", "epoch": 128, "loss": 1.1499953269958496, "acc": 0.9939117431640625, "acc_or": 0.9979705214500427, "sender_entropy": 1.0818079710006714, "receiver_entropy": 0.0, "original_loss": 0.017363715916872025, "mean_length": 6.0}
{"mode": "train", "epoch": 129, "loss": 1.2267116159200668, "acc": 0.8698700591921806, "acc_or": 0.9535316228866577, "sender_entropy": 0.9717771932482719, "receiver_entropy": 0.0, "original_loss": 0.1360750962048769, "mean_length": 6.0}
{"mode": "test", "epoch": 129, "loss": 1.1296263933181763, "acc": 0.9893454909324646, "acc_or": 0.9964484572410583, "sender_entropy": 1.091382622718811, "receiver_entropy": 0.0, "original_loss": 0.02160554938018322, "mean_length": 6.0}
{"mode": "train", "epoch": 130, "loss": 1.1704304218292236, "acc": 0.8568259850144386, "acc_or": 0.9492487981915474, "sender_entropy": 0.9793358743190765, "receiver_entropy": 0.0, "original_loss": 0.145597692579031, "mean_length": 6.0}
{"mode": "test", "epoch": 130, "loss": 1.1507375240325928, "acc": 0.9908676147460938, "acc_or": 0.9969558119773865, "sender_entropy": 1.098240613937378, "receiver_entropy": 0.0, "original_loss": 0.020086253061890602, "mean_length": 6.0}
{"mode": "train", "epoch": 131, "loss": 1.169571653008461, "acc": 0.8595210760831833, "acc_or": 0.9502401798963547, "sender_entropy": 0.9819113090634346, "receiver_entropy": 0.0, "original_loss": 0.1435658372938633, "mean_length": 6.0}
{"mode": "test", "epoch": 131, "loss": 1.1485602855682373, "acc": 0.9984779357910156, "acc_or": 0.9994925856590271, "sender_entropy": 1.0891450643539429, "receiver_entropy": 0.0, "original_loss": 0.016136163845658302, "mean_length": 6.0}
{"mode": "train", "epoch": 132, "loss": 1.1717242449522018, "acc": 0.8638486489653587, "acc_or": 0.9517849013209343, "sender_entropy": 0.9741972908377647, "receiver_entropy": 0.0, "original_loss": 0.13916044309735298, "mean_length": 6.0}
{"mode": "test", "epoch": 132, "loss": 1.148593783378601, "acc": 1.0, "acc_or": 1.0, "sender_entropy": 1.0963295698165894, "receiver_entropy": 0.0, "original_loss": 0.015560033731162548, "mean_length": 6.0}
{"epoch": 132, "positional_disent": 0.04173240438103676, "bag_of_symbol_disent": 0.21483628451824188, "topographic_sim": 0.3143590162777513}
{"generalization hold out": {"acc": 0.9588477611541748, "acc_or": 0.9794238805770874}, "uniform holdout": {"acc": 0.9583333134651184, "acc_or": 0.9861111044883728}, "epoch": 132}
---End--
