nohup: ignoring input
{"mode": "train", "epoch": 1, "loss": -2.4616509526968002, "acc": 0.0013708700753340963, "acc_or": 0.1135533107444644, "sender_entropy": 2.2997123897075653, "receiver_entropy": 0.0, "original_loss": 2.254451870918274, "mean_length": 6.0}
{"mode": "test", "epoch": 1, "loss": 1.8092635869979858, "acc": 0.0030441400595009327, "acc_or": 0.12278030812740326, "sender_entropy": 2.297736644744873, "receiver_entropy": 0.0, "original_loss": 2.1947550773620605, "mean_length": 6.0}
{"mode": "train", "epoch": 2, "loss": 1.6040755361318588, "acc": 0.0015766847427585162, "acc_or": 0.11478501744568348, "sender_entropy": 2.299281746149063, "receiver_entropy": 0.0, "original_loss": 2.199198544025421, "mean_length": 6.0}
{"mode": "test", "epoch": 2, "loss": 1.6780418157577515, "acc": 0.0030441400595009327, "acc_or": 0.1867072433233261, "sender_entropy": 2.2998507022857666, "receiver_entropy": 0.0, "original_loss": 2.1771724224090576, "mean_length": 6.0}
{"mode": "train", "epoch": 3, "loss": 1.3890057504177094, "acc": 0.0017719972383929417, "acc_or": 0.1182679533958435, "sender_entropy": 2.300116926431656, "receiver_entropy": 0.0, "original_loss": 2.1970117688179016, "mean_length": 6.0}
{"mode": "test", "epoch": 3, "loss": 1.8248674869537354, "acc": 0.007610349915921688, "acc_or": 0.2095382958650589, "sender_entropy": 2.3002960681915283, "receiver_entropy": 0.0, "original_loss": 2.1546905040740967, "mean_length": 6.0}
{"mode": "train", "epoch": 4, "loss": 1.2976071685552597, "acc": 0.0019709922780748457, "acc_or": 0.11845853831619024, "sender_entropy": 2.3004647195339203, "receiver_entropy": 0.0, "original_loss": 2.19598850607872, "mean_length": 6.0}
{"mode": "test", "epoch": 4, "loss": 2.075387954711914, "acc": 0.013698630034923553, "acc_or": 0.2998477816581726, "sender_entropy": 2.300417423248291, "receiver_entropy": 0.0, "original_loss": 2.128596067428589, "mean_length": 6.0}
{"mode": "train", "epoch": 5, "loss": 1.2647608667612076, "acc": 0.0015905966429272667, "acc_or": 0.1263200007379055, "sender_entropy": 2.29985111951828, "receiver_entropy": 0.0, "original_loss": 2.1936735212802887, "mean_length": 6.0}
{"mode": "test", "epoch": 5, "loss": 2.420006513595581, "acc": 0.010654490441083908, "acc_or": 0.30695077776908875, "sender_entropy": 2.298656463623047, "receiver_entropy": 0.0, "original_loss": 2.094137191772461, "mean_length": 6.0}
{"mode": "train", "epoch": 6, "loss": 1.2837717980146408, "acc": 0.0026579958794172853, "acc_or": 0.1364518404006958, "sender_entropy": 2.295443147420883, "receiver_entropy": 0.0, "original_loss": 2.1881635189056396, "mean_length": 6.0}
{"mode": "test", "epoch": 6, "loss": 2.9482502937316895, "acc": 0.01217656023800373, "acc_or": 0.32572296261787415, "sender_entropy": 2.287156343460083, "receiver_entropy": 0.0, "original_loss": 2.0341246128082275, "mean_length": 6.0}
{"mode": "train", "epoch": 7, "loss": 1.661852315068245, "acc": 0.004806978860870004, "acc_or": 0.17514649033546448, "sender_entropy": 2.260143667459488, "receiver_entropy": 0.0, "original_loss": 2.1495427191257477, "mean_length": 6.0}
{"mode": "test", "epoch": 7, "loss": 3.068376302719116, "acc": 0.007610349915921688, "acc_or": 0.2876712381839752, "sender_entropy": 2.208439826965332, "receiver_entropy": 0.0, "original_loss": 1.9565342664718628, "mean_length": 6.0}
{"mode": "train", "epoch": 8, "loss": 2.763140171766281, "acc": 0.008528964244760573, "acc_or": 0.23867042921483517, "sender_entropy": 2.134838491678238, "receiver_entropy": 0.0, "original_loss": 2.025218665599823, "mean_length": 6.0}
{"mode": "test", "epoch": 8, "loss": 3.3441457748413086, "acc": 0.010654490441083908, "acc_or": 0.3140537738800049, "sender_entropy": 2.0640299320220947, "receiver_entropy": 0.0, "original_loss": 1.82716965675354, "mean_length": 6.0}
{"mode": "train", "epoch": 9, "loss": 3.7493886947631836, "acc": 0.0181812479859218, "acc_or": 0.29588867351412773, "sender_entropy": 2.0099361538887024, "receiver_entropy": 0.0, "original_loss": 1.8825753182172775, "mean_length": 6.0}
{"mode": "test", "epoch": 9, "loss": 3.6058602333068848, "acc": 0.019786911085247993, "acc_or": 0.3668188750743866, "sender_entropy": 1.9785441160202026, "receiver_entropy": 0.0, "original_loss": 1.726408839225769, "mean_length": 6.0}
{"mode": "train", "epoch": 10, "loss": 4.26376610994339, "acc": 0.024470392614603043, "acc_or": 0.3334963396191597, "sender_entropy": 1.9214592576026917, "receiver_entropy": 0.0, "original_loss": 1.7781976014375687, "mean_length": 6.0}
{"mode": "test", "epoch": 10, "loss": 4.230388641357422, "acc": 0.02891932986676693, "acc_or": 0.40334853529930115, "sender_entropy": 1.9550344944000244, "receiver_entropy": 0.0, "original_loss": 1.6075036525726318, "mean_length": 6.0}
{"mode": "train", "epoch": 11, "loss": 4.646917104721069, "acc": 0.031813297886401415, "acc_or": 0.3671002723276615, "sender_entropy": 1.8603527247905731, "receiver_entropy": 0.0, "original_loss": 1.6892885714769363, "mean_length": 6.0}
{"mode": "test", "epoch": 11, "loss": 4.717156887054443, "acc": 0.03957382217049599, "acc_or": 0.4530695080757141, "sender_entropy": 1.8966121673583984, "receiver_entropy": 0.0, "original_loss": 1.466617226600647, "mean_length": 6.0}
{"mode": "train", "epoch": 12, "loss": 5.102554082870483, "acc": 0.039228624664247036, "acc_or": 0.4002819396555424, "sender_entropy": 1.7974132895469666, "receiver_entropy": 0.0, "original_loss": 1.5888461023569107, "mean_length": 6.0}
{"mode": "test", "epoch": 12, "loss": 5.118984699249268, "acc": 0.060882799327373505, "acc_or": 0.4941653907299042, "sender_entropy": 1.8476901054382324, "receiver_entropy": 0.0, "original_loss": 1.3423659801483154, "mean_length": 6.0}
{"mode": "train", "epoch": 13, "loss": 5.409716069698334, "acc": 0.0482285488396883, "acc_or": 0.43200744315981865, "sender_entropy": 1.726148635149002, "receiver_entropy": 0.0, "original_loss": 1.492373764514923, "mean_length": 6.0}
{"mode": "test", "epoch": 13, "loss": 5.1363983154296875, "acc": 0.07305936515331268, "acc_or": 0.5190258622169495, "sender_entropy": 1.8041596412658691, "receiver_entropy": 0.0, "original_loss": 1.2636082172393799, "mean_length": 6.0}
{"mode": "train", "epoch": 14, "loss": 5.556494832038879, "acc": 0.05852950969710946, "acc_or": 0.46073856949806213, "sender_entropy": 1.6878074258565903, "receiver_entropy": 0.0, "original_loss": 1.419506698846817, "mean_length": 6.0}
{"mode": "test", "epoch": 14, "loss": 5.489820957183838, "acc": 0.10502283275127411, "acc_or": 0.5783866047859192, "sender_entropy": 1.775977611541748, "receiver_entropy": 0.0, "original_loss": 1.1465888023376465, "mean_length": 6.0}
{"mode": "train", "epoch": 15, "loss": 5.826739609241486, "acc": 0.0764802573248744, "acc_or": 0.5031518898904324, "sender_entropy": 1.6038036942481995, "receiver_entropy": 0.0, "original_loss": 1.3160625845193863, "mean_length": 6.0}
{"mode": "test", "epoch": 15, "loss": 5.427789688110352, "acc": 0.1278538852930069, "acc_or": 0.6098427176475525, "sender_entropy": 1.7176592350006104, "receiver_entropy": 0.0, "original_loss": 1.0699098110198975, "mean_length": 6.0}
{"mode": "train", "epoch": 16, "loss": 5.844701886177063, "acc": 0.0890761399641633, "acc_or": 0.5270953550934792, "sender_entropy": 1.5774541646242142, "receiver_entropy": 0.0, "original_loss": 1.2536169290542603, "mean_length": 6.0}
{"mode": "test", "epoch": 16, "loss": 5.420152187347412, "acc": 0.14764079451560974, "acc_or": 0.6397767663002014, "sender_entropy": 1.6695257425308228, "receiver_entropy": 0.0, "original_loss": 0.9872902035713196, "mean_length": 6.0}
{"mode": "train", "epoch": 17, "loss": 5.99236398935318, "acc": 0.10226587019860744, "acc_or": 0.5603311657905579, "sender_entropy": 1.522317349910736, "receiver_entropy": 0.0, "original_loss": 1.174446702003479, "mean_length": 6.0}
{"mode": "test", "epoch": 17, "loss": 5.456350326538086, "acc": 0.18569254875183105, "acc_or": 0.6813799738883972, "sender_entropy": 1.636301040649414, "receiver_entropy": 0.0, "original_loss": 0.914139449596405, "mean_length": 6.0}
{"mode": "train", "epoch": 18, "loss": 6.06032782793045, "acc": 0.11570942588150501, "acc_or": 0.5840210318565369, "sender_entropy": 1.4956263154745102, "receiver_entropy": 0.0, "original_loss": 1.1101711988449097, "mean_length": 6.0}
{"mode": "test", "epoch": 18, "loss": 5.481078624725342, "acc": 0.20395737886428833, "acc_or": 0.7092846035957336, "sender_entropy": 1.6215295791625977, "receiver_entropy": 0.0, "original_loss": 0.848046600818634, "mean_length": 6.0}
{"mode": "train", "epoch": 19, "loss": 5.933598756790161, "acc": 0.12807030603289604, "acc_or": 0.5988215580582619, "sender_entropy": 1.462325096130371, "receiver_entropy": 0.0, "original_loss": 1.0685005635023117, "mean_length": 6.0}
{"mode": "test", "epoch": 19, "loss": 5.318389415740967, "acc": 0.24048706889152527, "acc_or": 0.7295788526535034, "sender_entropy": 1.5842024087905884, "receiver_entropy": 0.0, "original_loss": 0.8051032423973083, "mean_length": 6.0}
{"mode": "train", "epoch": 20, "loss": 5.830041587352753, "acc": 0.1374941375106573, "acc_or": 0.614797905087471, "sender_entropy": 1.428879514336586, "receiver_entropy": 0.0, "original_loss": 1.0240269005298615, "mean_length": 6.0}
{"mode": "test", "epoch": 20, "loss": 5.2417402267456055, "acc": 0.23439878225326538, "acc_or": 0.7260273694992065, "sender_entropy": 1.5839951038360596, "receiver_entropy": 0.0, "original_loss": 0.7674848437309265, "mean_length": 6.0}
{"mode": "train", "epoch": 21, "loss": 5.694236159324646, "acc": 0.15156932175159454, "acc_or": 0.6258111521601677, "sender_entropy": 1.4097310453653336, "receiver_entropy": 0.0, "original_loss": 0.9935747757554054, "mean_length": 6.0}
{"mode": "test", "epoch": 21, "loss": 4.991438388824463, "acc": 0.25722983479499817, "acc_or": 0.7366818785667419, "sender_entropy": 1.551697015762329, "receiver_entropy": 0.0, "original_loss": 0.7459670305252075, "mean_length": 6.0}
{"mode": "train", "epoch": 22, "loss": 5.586781144142151, "acc": 0.1688123308122158, "acc_or": 0.6418590918183327, "sender_entropy": 1.3824548721313477, "receiver_entropy": 0.0, "original_loss": 0.9551599323749542, "mean_length": 6.0}
{"mode": "test", "epoch": 22, "loss": 4.915876388549805, "acc": 0.27549466490745544, "acc_or": 0.7468289732933044, "sender_entropy": 1.5288629531860352, "receiver_entropy": 0.0, "original_loss": 0.7012204527854919, "mean_length": 6.0}
{"mode": "train", "epoch": 23, "loss": 5.466001451015472, "acc": 0.1866165939718485, "acc_or": 0.6536976918578148, "sender_entropy": 1.3559639900922775, "receiver_entropy": 0.0, "original_loss": 0.9225301966071129, "mean_length": 6.0}
{"mode": "test", "epoch": 23, "loss": 4.781286239624023, "acc": 0.35159817337989807, "acc_or": 0.7721968293190002, "sender_entropy": 1.5036684274673462, "receiver_entropy": 0.0, "original_loss": 0.6679742932319641, "mean_length": 6.0}
{"mode": "train", "epoch": 24, "loss": 5.425050675868988, "acc": 0.20909580774605274, "acc_or": 0.6655878871679306, "sender_entropy": 1.3462934345006943, "receiver_entropy": 0.0, "original_loss": 0.888689287006855, "mean_length": 6.0}
{"mode": "test", "epoch": 24, "loss": 4.738872051239014, "acc": 0.37442922592163086, "acc_or": 0.7787924408912659, "sender_entropy": 1.483335018157959, "receiver_entropy": 0.0, "original_loss": 0.6259265542030334, "mean_length": 6.0}
{"mode": "train", "epoch": 25, "loss": 5.322103202342987, "acc": 0.23405789397656918, "acc_or": 0.6788841336965561, "sender_entropy": 1.3157300502061844, "receiver_entropy": 0.0, "original_loss": 0.8515146896243095, "mean_length": 6.0}
{"mode": "test", "epoch": 25, "loss": 4.649782180786133, "acc": 0.42009133100509644, "acc_or": 0.7960426211357117, "sender_entropy": 1.4532955884933472, "receiver_entropy": 0.0, "original_loss": 0.586351752281189, "mean_length": 6.0}
{"mode": "train", "epoch": 26, "loss": 5.308643460273743, "acc": 0.26017139106988907, "acc_or": 0.6918264925479889, "sender_entropy": 1.3079728186130524, "receiver_entropy": 0.0, "original_loss": 0.814428798854351, "mean_length": 6.0}
{"mode": "test", "epoch": 26, "loss": 4.573662281036377, "acc": 0.4216133952140808, "acc_or": 0.7985793948173523, "sender_entropy": 1.4458706378936768, "receiver_entropy": 0.0, "original_loss": 0.5554201006889343, "mean_length": 6.0}
{"mode": "train", "epoch": 27, "loss": 5.28625875711441, "acc": 0.28676361963152885, "acc_or": 0.7046257928013802, "sender_entropy": 1.2921448349952698, "receiver_entropy": 0.0, "original_loss": 0.775044173002243, "mean_length": 6.0}
{"mode": "test", "epoch": 27, "loss": 4.568783283233643, "acc": 0.5083714127540588, "acc_or": 0.8290207982063293, "sender_entropy": 1.4314608573913574, "receiver_entropy": 0.0, "original_loss": 0.5007651448249817, "mean_length": 6.0}
{"mode": "train", "epoch": 28, "loss": 5.224636077880859, "acc": 0.3188522979617119, "acc_or": 0.7183551862835884, "sender_entropy": 1.2671733349561691, "receiver_entropy": 0.0, "original_loss": 0.7372578382492065, "mean_length": 6.0}
{"mode": "test", "epoch": 28, "loss": 4.379734992980957, "acc": 0.5312024354934692, "acc_or": 0.8346017003059387, "sender_entropy": 1.3791172504425049, "receiver_entropy": 0.0, "original_loss": 0.4686613380908966, "mean_length": 6.0}
{"mode": "train", "epoch": 29, "loss": 5.159378111362457, "acc": 0.35113464295864105, "acc_or": 0.736158087849617, "sender_entropy": 1.2231108248233795, "receiver_entropy": 0.0, "original_loss": 0.6920990273356438, "mean_length": 6.0}
{"mode": "test", "epoch": 29, "loss": 4.219432830810547, "acc": 0.5753424763679504, "acc_or": 0.8493150472640991, "sender_entropy": 1.3415595293045044, "receiver_entropy": 0.0, "original_loss": 0.4374505877494812, "mean_length": 6.0}
{"mode": "train", "epoch": 30, "loss": 5.070353269577026, "acc": 0.3777676597237587, "acc_or": 0.7475938126444817, "sender_entropy": 1.2020360231399536, "receiver_entropy": 0.0, "original_loss": 0.6582155898213387, "mean_length": 6.0}
{"mode": "test", "epoch": 30, "loss": 4.150157451629639, "acc": 0.6255707740783691, "acc_or": 0.8696092963218689, "sender_entropy": 1.3149012327194214, "receiver_entropy": 0.0, "original_loss": 0.38700786232948303, "mean_length": 6.0}
{"mode": "train", "epoch": 31, "loss": 5.009364485740662, "acc": 0.41621721535921097, "acc_or": 0.7669916749000549, "sender_entropy": 1.1648467183113098, "receiver_entropy": 0.0, "original_loss": 0.6140117272734642, "mean_length": 6.0}
{"mode": "test", "epoch": 31, "loss": 3.951930046081543, "acc": 0.6788432598114014, "acc_or": 0.8893961906433105, "sender_entropy": 1.2667959928512573, "receiver_entropy": 0.0, "original_loss": 0.3594580888748169, "mean_length": 6.0}
{"mode": "train", "epoch": 32, "loss": 4.9314369559288025, "acc": 0.4510350748896599, "acc_or": 0.7813039049506187, "sender_entropy": 1.1347262561321259, "receiver_entropy": 0.0, "original_loss": 0.5818195715546608, "mean_length": 6.0}
{"mode": "test", "epoch": 32, "loss": 3.9451003074645996, "acc": 0.7168949842453003, "acc_or": 0.9030948281288147, "sender_entropy": 1.2526881694793701, "receiver_entropy": 0.0, "original_loss": 0.317476749420166, "mean_length": 6.0}
{"mode": "train", "epoch": 33, "loss": 4.825476944446564, "acc": 0.47066548839211464, "acc_or": 0.7888176590204239, "sender_entropy": 1.129673421382904, "receiver_entropy": 0.0, "original_loss": 0.5622849762439728, "mean_length": 6.0}
{"mode": "test", "epoch": 33, "loss": 3.7827954292297363, "acc": 0.7260274291038513, "acc_or": 0.904109537601471, "sender_entropy": 1.2301229238510132, "receiver_entropy": 0.0, "original_loss": 0.29926174879074097, "mean_length": 6.0}
{"mode": "train", "epoch": 34, "loss": 4.789934277534485, "acc": 0.5052769891917706, "acc_or": 0.8049196824431419, "sender_entropy": 1.110336259007454, "receiver_entropy": 0.0, "original_loss": 0.5236503109335899, "mean_length": 6.0}
{"mode": "test", "epoch": 34, "loss": 3.741673231124878, "acc": 0.7899543642997742, "acc_or": 0.9259259104728699, "sender_entropy": 1.2123804092407227, "receiver_entropy": 0.0, "original_loss": 0.26416802406311035, "mean_length": 6.0}
{"mode": "train", "epoch": 35, "loss": 4.7978761196136475, "acc": 0.5454041659832001, "acc_or": 0.8218822628259659, "sender_entropy": 1.0940958112478256, "receiver_entropy": 0.0, "original_loss": 0.4838145785033703, "mean_length": 6.0}
{"mode": "test", "epoch": 35, "loss": 3.6443676948547363, "acc": 0.8310502171516418, "acc_or": 0.9426686763763428, "sender_entropy": 1.185035228729248, "receiver_entropy": 0.0, "original_loss": 0.23086422681808472, "mean_length": 6.0}
{"mode": "train", "epoch": 36, "loss": 4.6913846135139465, "acc": 0.5783320590853691, "acc_or": 0.8370590284466743, "sender_entropy": 1.0554229766130447, "receiver_entropy": 0.0, "original_loss": 0.4457912780344486, "mean_length": 6.0}
{"mode": "test", "epoch": 36, "loss": 3.416367530822754, "acc": 0.8401826620101929, "acc_or": 0.943683385848999, "sender_entropy": 1.145054578781128, "receiver_entropy": 0.0, "original_loss": 0.21338675916194916, "mean_length": 6.0}
{"mode": "train", "epoch": 37, "loss": 4.593560993671417, "acc": 0.597180113196373, "acc_or": 0.8432639390230179, "sender_entropy": 1.0497379302978516, "receiver_entropy": 0.0, "original_loss": 0.43075115233659744, "mean_length": 6.0}
{"mode": "test", "epoch": 37, "loss": 3.5289838314056396, "acc": 0.8843227028846741, "acc_or": 0.9609335064888, "sender_entropy": 1.160971760749817, "receiver_entropy": 0.0, "original_loss": 0.18209484219551086, "mean_length": 6.0}
{"mode": "train", "epoch": 38, "loss": 4.516330718994141, "acc": 0.6157619431614876, "acc_or": 0.8516033664345741, "sender_entropy": 1.0440080761909485, "receiver_entropy": 0.0, "original_loss": 0.4110118933022022, "mean_length": 6.0}
{"mode": "test", "epoch": 38, "loss": 3.375309467315674, "acc": 0.8736681938171387, "acc_or": 0.9558599591255188, "sender_entropy": 1.1311293840408325, "receiver_entropy": 0.0, "original_loss": 0.17155127227306366, "mean_length": 6.0}
{"mode": "train", "epoch": 39, "loss": 4.443449795246124, "acc": 0.640432558953762, "acc_or": 0.8619031384587288, "sender_entropy": 1.0225253105163574, "receiver_entropy": 0.0, "original_loss": 0.3837990202009678, "mean_length": 6.0}
{"mode": "test", "epoch": 39, "loss": 3.256389617919922, "acc": 0.9056316614151001, "acc_or": 0.9680364727973938, "sender_entropy": 1.1055489778518677, "receiver_entropy": 0.0, "original_loss": 0.15545925498008728, "mean_length": 6.0}
{"mode": "train", "epoch": 40, "loss": 4.394066631793976, "acc": 0.6580282896757126, "acc_or": 0.8699219077825546, "sender_entropy": 1.0100863128900528, "receiver_entropy": 0.0, "original_loss": 0.3609607256948948, "mean_length": 6.0}
{"mode": "test", "epoch": 40, "loss": 3.2005786895751953, "acc": 0.9086757898330688, "acc_or": 0.969558596611023, "sender_entropy": 1.0952527523040771, "receiver_entropy": 0.0, "original_loss": 0.13435830175876617, "mean_length": 6.0}
{"mode": "train", "epoch": 41, "loss": 4.312483072280884, "acc": 0.6791348457336426, "acc_or": 0.8784351348876953, "sender_entropy": 0.9932904317975044, "receiver_entropy": 0.0, "original_loss": 0.3385922983288765, "mean_length": 6.0}
{"mode": "test", "epoch": 41, "loss": 3.0659983158111572, "acc": 0.9132420420646667, "acc_or": 0.9705733060836792, "sender_entropy": 1.0721912384033203, "receiver_entropy": 0.0, "original_loss": 0.13110388815402985, "mean_length": 6.0}
{"mode": "train", "epoch": 42, "loss": 4.20589143037796, "acc": 0.6944065913558006, "acc_or": 0.8841805458068848, "sender_entropy": 0.9773443266749382, "receiver_entropy": 0.0, "original_loss": 0.32377760112285614, "mean_length": 6.0}
{"mode": "test", "epoch": 42, "loss": 2.9492757320404053, "acc": 0.9147641062736511, "acc_or": 0.9710806608200073, "sender_entropy": 1.0563592910766602, "receiver_entropy": 0.0, "original_loss": 0.12532231211662292, "mean_length": 6.0}
{"mode": "train", "epoch": 43, "loss": 4.134221971035004, "acc": 0.7093309536576271, "acc_or": 0.8905539363622665, "sender_entropy": 0.9694209173321724, "receiver_entropy": 0.0, "original_loss": 0.31001490727066994, "mean_length": 6.0}
{"mode": "test", "epoch": 43, "loss": 2.973940849304199, "acc": 0.9391171932220459, "acc_or": 0.9797056913375854, "sender_entropy": 1.0610136985778809, "receiver_entropy": 0.0, "original_loss": 0.1034356951713562, "mean_length": 6.0}
{"mode": "train", "epoch": 44, "loss": 4.02333477139473, "acc": 0.7086678296327591, "acc_or": 0.8900260180234909, "sender_entropy": 0.9756775200366974, "receiver_entropy": 0.0, "original_loss": 0.3118133023381233, "mean_length": 6.0}
{"mode": "test", "epoch": 44, "loss": 2.8928699493408203, "acc": 0.9452055096626282, "acc_or": 0.981735110282898, "sender_entropy": 1.0520724058151245, "receiver_entropy": 0.0, "original_loss": 0.09677227586507797, "mean_length": 6.0}
{"mode": "train", "epoch": 45, "loss": 3.9881320893764496, "acc": 0.7396442145109177, "acc_or": 0.9024980068206787, "sender_entropy": 0.950871117413044, "receiver_entropy": 0.0, "original_loss": 0.27946779131889343, "mean_length": 6.0}
{"mode": "test", "epoch": 45, "loss": 2.8121800422668457, "acc": 0.9589041471481323, "acc_or": 0.9863013625144958, "sender_entropy": 1.0293253660202026, "receiver_entropy": 0.0, "original_loss": 0.07961931824684143, "mean_length": 6.0}
{"mode": "train", "epoch": 46, "loss": 3.9250526428222656, "acc": 0.7436544075608253, "acc_or": 0.9039775282144547, "sender_entropy": 0.9561342969536781, "receiver_entropy": 0.0, "original_loss": 0.2754613719880581, "mean_length": 6.0}
{"mode": "test", "epoch": 46, "loss": 2.8683838844299316, "acc": 0.9665144681930542, "acc_or": 0.9883307814598083, "sender_entropy": 1.0600858926773071, "receiver_entropy": 0.0, "original_loss": 0.07558728754520416, "mean_length": 6.0}
{"mode": "train", "epoch": 47, "loss": 3.8780752420425415, "acc": 0.7518818005919456, "acc_or": 0.9074700176715851, "sender_entropy": 0.9595184177160263, "receiver_entropy": 0.0, "original_loss": 0.2670205347239971, "mean_length": 6.0}
{"mode": "test", "epoch": 47, "loss": 2.734039068222046, "acc": 0.9619482755661011, "acc_or": 0.9873160719871521, "sender_entropy": 1.0257384777069092, "receiver_entropy": 0.0, "original_loss": 0.0673648864030838, "mean_length": 6.0}
{"mode": "train", "epoch": 48, "loss": 3.806539237499237, "acc": 0.7728485614061356, "acc_or": 0.9162426665425301, "sender_entropy": 0.930046908557415, "receiver_entropy": 0.0, "original_loss": 0.2434319704771042, "mean_length": 6.0}
{"mode": "test", "epoch": 48, "loss": 2.656644344329834, "acc": 0.969558596611023, "acc_or": 0.9898528456687927, "sender_entropy": 1.0240412950515747, "receiver_entropy": 0.0, "original_loss": 0.0656227096915245, "mean_length": 6.0}
{"mode": "train", "epoch": 49, "loss": 3.726239711046219, "acc": 0.7719069197773933, "acc_or": 0.9156695976853371, "sender_entropy": 0.9355213269591331, "receiver_entropy": 0.0, "original_loss": 0.24302608333528042, "mean_length": 6.0}
{"mode": "test", "epoch": 49, "loss": 2.574279308319092, "acc": 0.9619482755661011, "acc_or": 0.9873160719871521, "sender_entropy": 1.0110576152801514, "receiver_entropy": 0.0, "original_loss": 0.06638048589229584, "mean_length": 6.0}
{"mode": "train", "epoch": 50, "loss": 3.6559706330299377, "acc": 0.7885195389389992, "acc_or": 0.9221918433904648, "sender_entropy": 0.919016920030117, "receiver_entropy": 0.0, "original_loss": 0.2272092793136835, "mean_length": 6.0}
{"mode": "test", "epoch": 50, "loss": 2.4722883701324463, "acc": 0.9649924039840698, "acc_or": 0.9883307814598083, "sender_entropy": 0.9926437735557556, "receiver_entropy": 0.0, "original_loss": 0.06459146738052368, "mean_length": 6.0}
{"mode": "train", "epoch": 51, "loss": 3.5976423919200897, "acc": 0.7975872382521629, "acc_or": 0.9256667122244835, "sender_entropy": 0.9187483787536621, "receiver_entropy": 0.0, "original_loss": 0.21797757223248482, "mean_length": 6.0}
{"mode": "test", "epoch": 51, "loss": 2.481861114501953, "acc": 0.969558596611023, "acc_or": 0.9898528456687927, "sender_entropy": 1.0017656087875366, "receiver_entropy": 0.0, "original_loss": 0.058182258158922195, "mean_length": 6.0}
{"mode": "train", "epoch": 52, "loss": 3.5387215316295624, "acc": 0.7929125726222992, "acc_or": 0.9242934063076973, "sender_entropy": 0.9222842678427696, "receiver_entropy": 0.0, "original_loss": 0.2192127499729395, "mean_length": 6.0}
{"mode": "test", "epoch": 52, "loss": 2.434250593185425, "acc": 0.9649924039840698, "acc_or": 0.9883307814598083, "sender_entropy": 1.0024138689041138, "receiver_entropy": 0.0, "original_loss": 0.056839458644390106, "mean_length": 6.0}
{"mode": "train", "epoch": 53, "loss": 3.4844346046447754, "acc": 0.7957739233970642, "acc_or": 0.9250437319278717, "sender_entropy": 0.9244700893759727, "receiver_entropy": 0.0, "original_loss": 0.216641241684556, "mean_length": 6.0}
{"mode": "test", "epoch": 53, "loss": 2.4316349029541016, "acc": 0.9741247892379761, "acc_or": 0.9913749098777771, "sender_entropy": 1.005578875541687, "receiver_entropy": 0.0, "original_loss": 0.04703415557742119, "mean_length": 6.0}
{"mode": "train", "epoch": 54, "loss": 3.440375655889511, "acc": 0.8022744730114937, "acc_or": 0.9277336820960045, "sender_entropy": 0.9264817535877228, "receiver_entropy": 0.0, "original_loss": 0.21090261824429035, "mean_length": 6.0}
{"mode": "test", "epoch": 54, "loss": 2.392585039138794, "acc": 0.9741247892379761, "acc_or": 0.9913749098777771, "sender_entropy": 1.01073157787323, "receiver_entropy": 0.0, "original_loss": 0.05152337625622749, "mean_length": 6.0}
{"mode": "train", "epoch": 55, "loss": 3.391506552696228, "acc": 0.8087208718061447, "acc_or": 0.930039569735527, "sender_entropy": 0.9246107265353203, "receiver_entropy": 0.0, "original_loss": 0.20429916493594646, "mean_length": 6.0}
{"mode": "test", "epoch": 55, "loss": 2.366699695587158, "acc": 0.9802131056785583, "acc_or": 0.9934043288230896, "sender_entropy": 1.0112186670303345, "receiver_entropy": 0.0, "original_loss": 0.04631134867668152, "mean_length": 6.0}
{"mode": "train", "epoch": 56, "loss": 3.3019717633724213, "acc": 0.8045338019728661, "acc_or": 0.9286879673600197, "sender_entropy": 0.9260827973484993, "receiver_entropy": 0.0, "original_loss": 0.20712856762111187, "mean_length": 6.0}
{"mode": "test", "epoch": 56, "loss": 2.304755449295044, "acc": 0.9726027250289917, "acc_or": 0.990867555141449, "sender_entropy": 1.0021800994873047, "receiver_entropy": 0.0, "original_loss": 0.04660956561565399, "mean_length": 6.0}
{"mode": "train", "epoch": 57, "loss": 3.198902130126953, "acc": 0.816459447145462, "acc_or": 0.9325888156890869, "sender_entropy": 0.9120504930615425, "receiver_entropy": 0.0, "original_loss": 0.1989582721143961, "mean_length": 6.0}
{"mode": "test", "epoch": 57, "loss": 2.2382357120513916, "acc": 0.9832572340965271, "acc_or": 0.9944190382957458, "sender_entropy": 0.9878990650177002, "receiver_entropy": 0.0, "original_loss": 0.039092373102903366, "mean_length": 6.0}
{"mode": "train", "epoch": 58, "loss": 3.199583888053894, "acc": 0.8284716978669167, "acc_or": 0.9379777759313583, "sender_entropy": 0.9007297456264496, "receiver_entropy": 0.0, "original_loss": 0.1832353789359331, "mean_length": 6.0}
{"mode": "test", "epoch": 58, "loss": 2.205127477645874, "acc": 0.978691041469574, "acc_or": 0.9928969740867615, "sender_entropy": 0.9938455820083618, "receiver_entropy": 0.0, "original_loss": 0.04316816106438637, "mean_length": 6.0}
{"mode": "train", "epoch": 59, "loss": 3.151701033115387, "acc": 0.8149475529789925, "acc_or": 0.9328103587031364, "sender_entropy": 0.9230158403515816, "receiver_entropy": 0.0, "original_loss": 0.19660901464521885, "mean_length": 6.0}
{"mode": "test", "epoch": 59, "loss": 2.2441349029541016, "acc": 0.9863013625144958, "acc_or": 0.9954337477684021, "sender_entropy": 1.0145330429077148, "receiver_entropy": 0.0, "original_loss": 0.03530189022421837, "mean_length": 6.0}
{"mode": "train", "epoch": 60, "loss": 3.0963000655174255, "acc": 0.8120866119861603, "acc_or": 0.9312695488333702, "sender_entropy": 0.9292015358805656, "receiver_entropy": 0.0, "original_loss": 0.19688304513692856, "mean_length": 6.0}
{"mode": "test", "epoch": 60, "loss": 2.225785732269287, "acc": 0.9847792983055115, "acc_or": 0.994926393032074, "sender_entropy": 1.0109666585922241, "receiver_entropy": 0.0, "original_loss": 0.03505266457796097, "mean_length": 6.0}
{"mode": "train", "epoch": 61, "loss": 3.0572064220905304, "acc": 0.8220673203468323, "acc_or": 0.934997484087944, "sender_entropy": 0.9241830036044121, "receiver_entropy": 0.0, "original_loss": 0.1877838894724846, "mean_length": 6.0}
{"mode": "test", "epoch": 61, "loss": 2.1565675735473633, "acc": 0.9847792983055115, "acc_or": 0.994926393032074, "sender_entropy": 1.009047508239746, "receiver_entropy": 0.0, "original_loss": 0.03753533214330673, "mean_length": 6.0}
{"mode": "train", "epoch": 62, "loss": 2.9868468642234802, "acc": 0.825672410428524, "acc_or": 0.9363421723246574, "sender_entropy": 0.916945792734623, "receiver_entropy": 0.0, "original_loss": 0.18589394725859165, "mean_length": 6.0}
{"mode": "test", "epoch": 62, "loss": 2.1039609909057617, "acc": 0.9817351698875427, "acc_or": 0.9939116835594177, "sender_entropy": 1.0030657052993774, "receiver_entropy": 0.0, "original_loss": 0.03663664311170578, "mean_length": 6.0}
{"mode": "train", "epoch": 63, "loss": 2.9184655249118805, "acc": 0.8273254856467247, "acc_or": 0.936897911131382, "sender_entropy": 0.909663662314415, "receiver_entropy": 0.0, "original_loss": 0.18376735597848892, "mean_length": 6.0}
{"mode": "test", "epoch": 63, "loss": 2.0817086696624756, "acc": 0.9863013625144958, "acc_or": 0.9954337477684021, "sender_entropy": 0.9940505623817444, "receiver_entropy": 0.0, "original_loss": 0.029981834813952446, "mean_length": 6.0}
{"mode": "train", "epoch": 64, "loss": 2.940869450569153, "acc": 0.8354575410485268, "acc_or": 0.9403958097100258, "sender_entropy": 0.9156558141112328, "receiver_entropy": 0.0, "original_loss": 0.1734053362160921, "mean_length": 6.0}
{"mode": "test", "epoch": 64, "loss": 2.0956952571868896, "acc": 0.9893454909324646, "acc_or": 0.9964484572410583, "sender_entropy": 1.0122191905975342, "receiver_entropy": 0.0, "original_loss": 0.028693029657006264, "mean_length": 6.0}
{"mode": "train", "epoch": 65, "loss": 2.86581352353096, "acc": 0.8271638602018356, "acc_or": 0.9373766034841537, "sender_entropy": 0.9254571422934532, "receiver_entropy": 0.0, "original_loss": 0.1807691715657711, "mean_length": 6.0}
{"mode": "test", "epoch": 65, "loss": 2.0681796073913574, "acc": 0.9878234267234802, "acc_or": 0.9959411025047302, "sender_entropy": 1.0138137340545654, "receiver_entropy": 0.0, "original_loss": 0.0313107967376709, "mean_length": 6.0}
{"mode": "train", "epoch": 66, "loss": 2.8166995346546173, "acc": 0.8279536962509155, "acc_or": 0.9376061037182808, "sender_entropy": 0.9278933256864548, "receiver_entropy": 0.0, "original_loss": 0.18086466938257217, "mean_length": 6.0}
{"mode": "test", "epoch": 66, "loss": 2.023291826248169, "acc": 0.9893454909324646, "acc_or": 0.9964484572410583, "sender_entropy": 1.0124222040176392, "receiver_entropy": 0.0, "original_loss": 0.0293787382543087, "mean_length": 6.0}
{"mode": "train", "epoch": 67, "loss": 2.752660185098648, "acc": 0.8278477117419243, "acc_or": 0.9379745423793793, "sender_entropy": 0.926469586789608, "receiver_entropy": 0.0, "original_loss": 0.18160127848386765, "mean_length": 6.0}
{"mode": "test", "epoch": 67, "loss": 1.9654762744903564, "acc": 0.9878234267234802, "acc_or": 0.9959411025047302, "sender_entropy": 1.0014934539794922, "receiver_entropy": 0.0, "original_loss": 0.029789896681904793, "mean_length": 6.0}
{"mode": "train", "epoch": 68, "loss": 2.6999795734882355, "acc": 0.829786129295826, "acc_or": 0.9386785924434662, "sender_entropy": 0.9175755530595779, "receiver_entropy": 0.0, "original_loss": 0.17793934606015682, "mean_length": 6.0}
{"mode": "test", "epoch": 68, "loss": 1.963757872581482, "acc": 0.9893454909324646, "acc_or": 0.9964484572410583, "sender_entropy": 0.9947571754455566, "receiver_entropy": 0.0, "original_loss": 0.031913455575704575, "mean_length": 6.0}
{"mode": "train", "epoch": 69, "loss": 2.6647116243839264, "acc": 0.8335362002253532, "acc_or": 0.9400101825594902, "sender_entropy": 0.9171410277485847, "receiver_entropy": 0.0, "original_loss": 0.1747117694467306, "mean_length": 6.0}
{"mode": "test", "epoch": 69, "loss": 1.9304946660995483, "acc": 0.9954338073730469, "acc_or": 0.9984778761863708, "sender_entropy": 0.9944304823875427, "receiver_entropy": 0.0, "original_loss": 0.029829852283000946, "mean_length": 6.0}
{"mode": "train", "epoch": 70, "loss": 2.624234586954117, "acc": 0.8399030938744545, "acc_or": 0.9422125518321991, "sender_entropy": 0.91180419921875, "receiver_entropy": 0.0, "original_loss": 0.1708344705402851, "mean_length": 6.0}
{"mode": "test", "epoch": 70, "loss": 1.858510136604309, "acc": 0.9832572340965271, "acc_or": 0.9944190382957458, "sender_entropy": 0.9809725284576416, "receiver_entropy": 0.0, "original_loss": 0.02693157084286213, "mean_length": 6.0}
{"mode": "train", "epoch": 71, "loss": 2.5793653428554535, "acc": 0.8424859419465065, "acc_or": 0.9430967718362808, "sender_entropy": 0.9058374837040901, "receiver_entropy": 0.0, "original_loss": 0.16547859087586403, "mean_length": 6.0}
{"mode": "test", "epoch": 71, "loss": 1.8501393795013428, "acc": 0.9984779357910156, "acc_or": 0.9994925856590271, "sender_entropy": 0.9787131547927856, "receiver_entropy": 0.0, "original_loss": 0.022814616560935974, "mean_length": 6.0}
{"mode": "train", "epoch": 72, "loss": 2.563228964805603, "acc": 0.848148763179779, "acc_or": 0.945301853120327, "sender_entropy": 0.9074456468224525, "receiver_entropy": 0.0, "original_loss": 0.16128272004425526, "mean_length": 6.0}
{"mode": "test", "epoch": 72, "loss": 1.8294298648834229, "acc": 0.9954338073730469, "acc_or": 0.9984778761863708, "sender_entropy": 0.9890890717506409, "receiver_entropy": 0.0, "original_loss": 0.02431483007967472, "mean_length": 6.0}
{"mode": "train", "epoch": 73, "loss": 2.544591724872589, "acc": 0.8498078435659409, "acc_or": 0.9460896551609039, "sender_entropy": 0.9107366651296616, "receiver_entropy": 0.0, "original_loss": 0.15868422575294971, "mean_length": 6.0}
{"mode": "test", "epoch": 73, "loss": 1.832342505455017, "acc": 0.9954338073730469, "acc_or": 0.9984778761863708, "sender_entropy": 1.0002998113632202, "receiver_entropy": 0.0, "original_loss": 0.021982986479997635, "mean_length": 6.0}
{"mode": "train", "epoch": 74, "loss": 2.5070607662200928, "acc": 0.8464150950312614, "acc_or": 0.944657638669014, "sender_entropy": 0.917493648827076, "receiver_entropy": 0.0, "original_loss": 0.16193640232086182, "mean_length": 6.0}
{"mode": "test", "epoch": 74, "loss": 1.85113525390625, "acc": 0.9984779357910156, "acc_or": 0.9994925856590271, "sender_entropy": 1.0100302696228027, "receiver_entropy": 0.0, "original_loss": 0.01884531043469906, "mean_length": 6.0}
{"mode": "train", "epoch": 75, "loss": 2.4245172142982483, "acc": 0.8413883969187737, "acc_or": 0.9428460001945496, "sender_entropy": 0.9223655834794044, "receiver_entropy": 0.0, "original_loss": 0.1684568040072918, "mean_length": 6.0}
{"mode": "test", "epoch": 75, "loss": 1.7962725162506104, "acc": 0.9939117431640625, "acc_or": 0.9979705214500427, "sender_entropy": 1.004170298576355, "receiver_entropy": 0.0, "original_loss": 0.0248813945800066, "mean_length": 6.0}
{"mode": "train", "epoch": 76, "loss": 2.4375723898410797, "acc": 0.8522500544786453, "acc_or": 0.9469176381826401, "sender_entropy": 0.9047496989369392, "receiver_entropy": 0.0, "original_loss": 0.15573959052562714, "mean_length": 6.0}
{"mode": "test", "epoch": 76, "loss": 1.7512049674987793, "acc": 0.9969558715820312, "acc_or": 0.998985230922699, "sender_entropy": 0.9904083013534546, "receiver_entropy": 0.0, "original_loss": 0.022232234477996826, "mean_length": 6.0}
{"mode": "train", "epoch": 77, "loss": 2.404299259185791, "acc": 0.8575634509325027, "acc_or": 0.9487678781151772, "sender_entropy": 0.9045095220208168, "receiver_entropy": 0.0, "original_loss": 0.15108951553702354, "mean_length": 6.0}
{"mode": "test", "epoch": 77, "loss": 1.7249900102615356, "acc": 0.9878234267234802, "acc_or": 0.9959411025047302, "sender_entropy": 0.9908884167671204, "receiver_entropy": 0.0, "original_loss": 0.024356123059988022, "mean_length": 6.0}
{"mode": "train", "epoch": 78, "loss": 2.3532475531101227, "acc": 0.8541850447654724, "acc_or": 0.9473790600895882, "sender_entropy": 0.9147062674164772, "receiver_entropy": 0.0, "original_loss": 0.15695567056536674, "mean_length": 6.0}
{"mode": "test", "epoch": 78, "loss": 1.7228500843048096, "acc": 0.9954338073730469, "acc_or": 0.9984778761863708, "sender_entropy": 1.0008642673492432, "receiver_entropy": 0.0, "original_loss": 0.021629462018609047, "mean_length": 6.0}
{"mode": "train", "epoch": 79, "loss": 2.302159160375595, "acc": 0.843481183052063, "acc_or": 0.943773902952671, "sender_entropy": 0.9239999279379845, "receiver_entropy": 0.0, "original_loss": 0.1638674307614565, "mean_length": 6.0}
{"mode": "test", "epoch": 79, "loss": 1.7501450777053833, "acc": 0.9969558715820312, "acc_or": 0.998985230922699, "sender_entropy": 1.0191000699996948, "receiver_entropy": 0.0, "original_loss": 0.02117958292365074, "mean_length": 6.0}
{"mode": "train", "epoch": 80, "loss": 2.3052604496479034, "acc": 0.8499784544110298, "acc_or": 0.9459104388952255, "sender_entropy": 0.9286884441971779, "receiver_entropy": 0.0, "original_loss": 0.15787426196038723, "mean_length": 6.0}
{"mode": "test", "epoch": 80, "loss": 1.713911771774292, "acc": 0.9908676147460938, "acc_or": 0.9969558119773865, "sender_entropy": 1.0111180543899536, "receiver_entropy": 0.0, "original_loss": 0.023153046146035194, "mean_length": 6.0}
{"mode": "train", "epoch": 81, "loss": 2.2642594277858734, "acc": 0.8449465855956078, "acc_or": 0.944149486720562, "sender_entropy": 0.9273902624845505, "receiver_entropy": 0.0, "original_loss": 0.16041738353669643, "mean_length": 6.0}
{"mode": "test", "epoch": 81, "loss": 1.7041115760803223, "acc": 0.9908676147460938, "acc_or": 0.9969558119773865, "sender_entropy": 1.0139504671096802, "receiver_entropy": 0.0, "original_loss": 0.01923307217657566, "mean_length": 6.0}
{"mode": "train", "epoch": 82, "loss": 2.2673899233341217, "acc": 0.8494742140173912, "acc_or": 0.9459493979811668, "sender_entropy": 0.9358880072832108, "receiver_entropy": 0.0, "original_loss": 0.15637008100748062, "mean_length": 6.0}
{"mode": "test", "epoch": 82, "loss": 1.691144347190857, "acc": 0.9878234267234802, "acc_or": 0.9959411025047302, "sender_entropy": 1.0177884101867676, "receiver_entropy": 0.0, "original_loss": 0.02062303200364113, "mean_length": 6.0}
{"mode": "train", "epoch": 83, "loss": 2.2276590168476105, "acc": 0.8500866070389748, "acc_or": 0.946045272052288, "sender_entropy": 0.9322707802057266, "receiver_entropy": 0.0, "original_loss": 0.15663714334368706, "mean_length": 6.0}
{"mode": "test", "epoch": 83, "loss": 1.6688035726547241, "acc": 0.9923896789550781, "acc_or": 0.9974631667137146, "sender_entropy": 1.014123797416687, "receiver_entropy": 0.0, "original_loss": 0.01938948594033718, "mean_length": 6.0}
{"mode": "train", "epoch": 84, "loss": 2.205928385257721, "acc": 0.8573843687772751, "acc_or": 0.9488966763019562, "sender_entropy": 0.9259388372302055, "receiver_entropy": 0.0, "original_loss": 0.1507680919021368, "mean_length": 6.0}
{"mode": "test", "epoch": 84, "loss": 1.6351096630096436, "acc": 0.9939117431640625, "acc_or": 0.9979705214500427, "sender_entropy": 1.0052769184112549, "receiver_entropy": 0.0, "original_loss": 0.021650884300470352, "mean_length": 6.0}
{"mode": "train", "epoch": 85, "loss": 2.176914691925049, "acc": 0.854722149670124, "acc_or": 0.947606734931469, "sender_entropy": 0.9216633513569832, "receiver_entropy": 0.0, "original_loss": 0.15002813935279846, "mean_length": 6.0}
{"mode": "test", "epoch": 85, "loss": 1.629528284072876, "acc": 0.9969558715820312, "acc_or": 0.998985230922699, "sender_entropy": 1.011796236038208, "receiver_entropy": 0.0, "original_loss": 0.017230354249477386, "mean_length": 6.0}
{"mode": "train", "epoch": 86, "loss": 2.10131973028183, "acc": 0.849288322031498, "acc_or": 0.9457570537924767, "sender_entropy": 0.9291344732046127, "receiver_entropy": 0.0, "original_loss": 0.15638178028166294, "mean_length": 6.0}
{"mode": "test", "epoch": 86, "loss": 1.624851107597351, "acc": 0.9969558715820312, "acc_or": 0.998985230922699, "sender_entropy": 1.015559196472168, "receiver_entropy": 0.0, "original_loss": 0.017108839005231857, "mean_length": 6.0}
{"mode": "train", "epoch": 87, "loss": 2.0618304312229156, "acc": 0.8470705896615982, "acc_or": 0.9450143948197365, "sender_entropy": 0.9303996190428734, "receiver_entropy": 0.0, "original_loss": 0.15940393321216106, "mean_length": 6.0}
{"mode": "test", "epoch": 87, "loss": 1.5913254022598267, "acc": 0.9954338073730469, "acc_or": 0.9984778761863708, "sender_entropy": 1.010772705078125, "receiver_entropy": 0.0, "original_loss": 0.01833861693739891, "mean_length": 6.0}
{"mode": "train", "epoch": 88, "loss": 2.0685772597789764, "acc": 0.8534211069345474, "acc_or": 0.947455607354641, "sender_entropy": 0.9228152558207512, "receiver_entropy": 0.0, "original_loss": 0.15313774719834328, "mean_length": 6.0}
{"mode": "test", "epoch": 88, "loss": 1.55958092212677, "acc": 0.9969558715820312, "acc_or": 0.998985230922699, "sender_entropy": 1.0049833059310913, "receiver_entropy": 0.0, "original_loss": 0.016486039385199547, "mean_length": 6.0}
{"mode": "train", "epoch": 89, "loss": 2.038356065750122, "acc": 0.8550249487161636, "acc_or": 0.9479904174804688, "sender_entropy": 0.924477830529213, "receiver_entropy": 0.0, "original_loss": 0.15019660256803036, "mean_length": 6.0}
{"mode": "test", "epoch": 89, "loss": 1.5502402782440186, "acc": 0.9969558715820312, "acc_or": 0.998985230922699, "sender_entropy": 1.0030381679534912, "receiver_entropy": 0.0, "original_loss": 0.01765400730073452, "mean_length": 6.0}
{"mode": "train", "epoch": 90, "loss": 2.0440548062324524, "acc": 0.8607640117406845, "acc_or": 0.950159028172493, "sender_entropy": 0.9240318462252617, "receiver_entropy": 0.0, "original_loss": 0.14544954523444176, "mean_length": 6.0}
{"mode": "test", "epoch": 90, "loss": 1.5737764835357666, "acc": 0.9984779357910156, "acc_or": 0.9994925856590271, "sender_entropy": 1.0152448415756226, "receiver_entropy": 0.0, "original_loss": 0.014321289956569672, "mean_length": 6.0}
{"mode": "train", "epoch": 91, "loss": 2.016036808490753, "acc": 0.8604426756501198, "acc_or": 0.9499217197299004, "sender_entropy": 0.9311150759458542, "receiver_entropy": 0.0, "original_loss": 0.14797901548445225, "mean_length": 6.0}
{"mode": "test", "epoch": 91, "loss": 1.536219835281372, "acc": 0.9954338073730469, "acc_or": 0.9984778761863708, "sender_entropy": 1.0131328105926514, "receiver_entropy": 0.0, "original_loss": 0.015712758526206017, "mean_length": 6.0}
{"mode": "train", "epoch": 92, "loss": 1.9757683873176575, "acc": 0.8601842150092125, "acc_or": 0.9499253332614899, "sender_entropy": 0.9273917824029922, "receiver_entropy": 0.0, "original_loss": 0.14568759128451347, "mean_length": 6.0}
{"mode": "test", "epoch": 92, "loss": 1.5220341682434082, "acc": 0.9969558715820312, "acc_or": 0.998985230922699, "sender_entropy": 1.0057199001312256, "receiver_entropy": 0.0, "original_loss": 0.014708603732287884, "mean_length": 6.0}
{"mode": "train", "epoch": 93, "loss": 1.9946059584617615, "acc": 0.8650855794548988, "acc_or": 0.9515984207391739, "sender_entropy": 0.927201047539711, "receiver_entropy": 0.0, "original_loss": 0.14031556621193886, "mean_length": 6.0}
{"mode": "test", "epoch": 93, "loss": 1.5347877740859985, "acc": 1.0, "acc_or": 1.0, "sender_entropy": 1.0227841138839722, "receiver_entropy": 0.0, "original_loss": 0.015341066755354404, "mean_length": 6.0}
{"epoch": 93, "positional_disent": 0.15480941534042358, "bag_of_symbol_disent": 0.17876067757606506, "topographic_sim": 0.380919597293884}
{"generalization hold out": {"acc": 0.9876543879508972, "acc_or": 0.993827223777771}, "uniform holdout": {"acc": 0.944444477558136, "acc_or": 0.9814814925193787}, "epoch": 93}
---End--
