nohup: ignoring input
{"mode": "train", "epoch": 1, "loss": 0.8795014211109706, "acc": 0.00015625000315984446, "acc_or": 0.11821272862809044, "sender_entropy": 2.299835787500654, "receiver_entropy": 0.0, "original_loss": 2.2033180373055594, "mean_length": 6.000000006811959}
{"mode": "test", "epoch": 1, "loss": 2.5451581478118896, "acc": 0.0010160880628973246, "acc_or": 0.2504233717918396, "sender_entropy": 2.285463571548462, "receiver_entropy": 0.0, "original_loss": 2.0669007301330566, "mean_length": 6.0}
{"mode": "train", "epoch": 2, "loss": 3.286944465977805, "acc": 0.0038538931831551184, "acc_or": 0.2752970088805471, "sender_entropy": 1.9985409123556954, "receiver_entropy": 0.0, "original_loss": 1.9069497125489372, "mean_length": 6.000000006811959}
{"mode": "test", "epoch": 2, "loss": 4.877849578857422, "acc": 0.015071973204612732, "acc_or": 0.430525004863739, "sender_entropy": 1.889073133468628, "receiver_entropy": 0.0, "original_loss": 1.4607601165771484, "mean_length": 6.0}
{"mode": "train", "epoch": 3, "loss": 5.117413391385759, "acc": 0.02691707213276199, "acc_or": 0.45285676632608685, "sender_entropy": 1.5836201480456762, "receiver_entropy": 0.0, "original_loss": 1.4166135004588536, "mean_length": 6.000000006811959}
{"mode": "test", "epoch": 3, "loss": 5.017833709716797, "acc": 0.11126164346933365, "acc_or": 0.6604149341583252, "sender_entropy": 1.5682777166366577, "receiver_entropy": 0.0, "original_loss": 0.954971969127655, "mean_length": 6.0}
{"mode": "train", "epoch": 4, "loss": 5.124862337112427, "acc": 0.08367680007857936, "acc_or": 0.591562933581216, "sender_entropy": 1.3106436456952777, "receiver_entropy": 0.0, "original_loss": 1.0696190570081983, "mean_length": 6.000000006811959}
{"mode": "test", "epoch": 4, "loss": 4.206061840057373, "acc": 0.2548687756061554, "acc_or": 0.7606266140937805, "sender_entropy": 1.3305832147598267, "receiver_entropy": 0.0, "original_loss": 0.6840053796768188, "mean_length": 6.0}
{"mode": "train", "epoch": 5, "loss": 4.647364732197353, "acc": 0.1756372044129031, "acc_or": 0.6782910806792123, "sender_entropy": 1.123725141797747, "receiver_entropy": 0.0, "original_loss": 0.8301461662564958, "mean_length": 6.000000006811959}
{"mode": "test", "epoch": 5, "loss": 3.410534381866455, "acc": 0.42404744029045105, "acc_or": 0.8297629356384277, "sender_entropy": 1.1183135509490967, "receiver_entropy": 0.0, "original_loss": 0.48733797669410706, "mean_length": 6.0}
{"mode": "train", "epoch": 6, "loss": 4.070296423775809, "acc": 0.2818605627332415, "acc_or": 0.746825567313603, "sender_entropy": 0.9764635077544621, "receiver_entropy": 0.0, "original_loss": 0.6533701854092734, "mean_length": 6.000000006811959}
{"mode": "test", "epoch": 6, "loss": 2.8770995140075684, "acc": 0.5596951842308044, "acc_or": 0.8768840432167053, "sender_entropy": 1.0048274993896484, "receiver_entropy": 0.0, "original_loss": 0.3641701638698578, "mean_length": 6.0}
{"mode": "train", "epoch": 7, "loss": 3.5418570246015277, "acc": 0.38303172503198896, "acc_or": 0.794138092654092, "sender_entropy": 0.8864870190620422, "receiver_entropy": 0.0, "original_loss": 0.5387750608580453, "mean_length": 6.000000006811959}
{"mode": "test", "epoch": 7, "loss": 2.4168050289154053, "acc": 0.678408145904541, "acc_or": 0.9105419516563416, "sender_entropy": 0.9015622138977051, "receiver_entropy": 0.0, "original_loss": 0.28105226159095764, "mean_length": 6.0}
{"mode": "train", "epoch": 8, "loss": 3.158676862716675, "acc": 0.4699386784008571, "acc_or": 0.8307993718555995, "sender_entropy": 0.8249641793114798, "receiver_entropy": 0.0, "original_loss": 0.4487455491508756, "mean_length": 6.000000006811959}
{"mode": "test", "epoch": 8, "loss": 2.1517066955566406, "acc": 0.771888256072998, "acc_or": 0.939246416091919, "sender_entropy": 0.8477564454078674, "receiver_entropy": 0.0, "original_loss": 0.20690564811229706, "mean_length": 6.0}
{"mode": "train", "epoch": 9, "loss": 2.8176765305655342, "acc": 0.5482435673475266, "acc_or": 0.8615463043962206, "sender_entropy": 0.7672749953610557, "receiver_entropy": 0.0, "original_loss": 0.37286283714430674, "mean_length": 6.000000006811959}
{"mode": "test", "epoch": 9, "loss": 1.851975440979004, "acc": 0.8164267539978027, "acc_or": 0.9518204927444458, "sender_entropy": 0.7854841947555542, "receiver_entropy": 0.0, "original_loss": 0.16667383909225464, "mean_length": 6.0}
{"mode": "train", "epoch": 10, "loss": 2.5220674310411724, "acc": 0.6073543199471065, "acc_or": 0.8830578284604209, "sender_entropy": 0.7260339788028172, "receiver_entropy": 0.0, "original_loss": 0.3193591381822314, "mean_length": 6.000000006811959}
{"mode": "test", "epoch": 10, "loss": 1.649585485458374, "acc": 0.8569009304046631, "acc_or": 0.9629551768302917, "sender_entropy": 0.7512466907501221, "receiver_entropy": 0.0, "original_loss": 0.13562510907649994, "mean_length": 6.0}
{"mode": "train", "epoch": 11, "loss": 2.274098713057382, "acc": 0.6504847901208061, "acc_or": 0.8974891935076033, "sender_entropy": 0.6976900441305978, "receiver_entropy": 0.0, "original_loss": 0.28144216537475586, "mean_length": 6.000000006811959}
{"mode": "test", "epoch": 11, "loss": 1.5126328468322754, "acc": 0.8829805254936218, "acc_or": 0.9699831008911133, "sender_entropy": 0.7337614893913269, "receiver_entropy": 0.0, "original_loss": 0.10844265669584274, "mean_length": 6.0}
{"mode": "train", "epoch": 12, "loss": 2.0742289440972463, "acc": 0.6907801125730787, "acc_or": 0.9111975337777819, "sender_entropy": 0.6741464691502708, "receiver_entropy": 0.0, "original_loss": 0.24764141184943064, "mean_length": 6.000000006811959}
{"mode": "test", "epoch": 12, "loss": 1.350967288017273, "acc": 0.9044877290725708, "acc_or": 0.9754022359848022, "sender_entropy": 0.6970731019973755, "receiver_entropy": 0.0, "original_loss": 0.09204082936048508, "mean_length": 6.0}
{"mode": "train", "epoch": 13, "loss": 1.9193655610084535, "acc": 0.7231880937303815, "acc_or": 0.9214717950139727, "sender_entropy": 0.6587359479495457, "receiver_entropy": 0.0, "original_loss": 0.22055301410811287, "mean_length": 6.000000006811959}
{"mode": "test", "epoch": 13, "loss": 1.2511818408966064, "acc": 0.929889976978302, "acc_or": 0.9823455214500427, "sender_entropy": 0.6832844018936157, "receiver_entropy": 0.0, "original_loss": 0.0729236975312233, "mean_length": 6.0}
{"mode": "train", "epoch": 14, "loss": 1.7735958763531277, "acc": 0.7494232646056584, "acc_or": 0.9296992497784751, "sender_entropy": 0.6450899073055812, "receiver_entropy": 0.0, "original_loss": 0.19961822416101183, "mean_length": 6.000000006811959}
{"mode": "test", "epoch": 14, "loss": 1.1625635623931885, "acc": 0.944115161895752, "acc_or": 0.98577481508255, "sender_entropy": 0.6729907989501953, "receiver_entropy": 0.0, "original_loss": 0.06044663116335869, "mean_length": 6.0}
{"mode": "train", "epoch": 15, "loss": 1.6551617111478534, "acc": 0.7734043623719896, "acc_or": 0.9369647894586836, "sender_entropy": 0.6371935171740396, "receiver_entropy": 0.0, "original_loss": 0.18123414111988886, "mean_length": 6.000000006811959}
{"mode": "test", "epoch": 15, "loss": 1.1084128618240356, "acc": 0.9561389088630676, "acc_or": 0.9888230562210083, "sender_entropy": 0.6730737686157227, "receiver_entropy": 0.0, "original_loss": 0.04857185110449791, "mean_length": 6.0}
{"mode": "train", "epoch": 16, "loss": 1.5606558425085886, "acc": 0.7886988069329943, "acc_or": 0.9415599550519671, "sender_entropy": 0.6358110061713628, "receiver_entropy": 0.0, "original_loss": 0.16895451034818376, "mean_length": 6.000000006811959}
{"mode": "test", "epoch": 16, "loss": 1.0643467903137207, "acc": 0.9618967175483704, "acc_or": 0.9903895258903503, "sender_entropy": 0.6721131801605225, "receiver_entropy": 0.0, "original_loss": 0.04273240268230438, "mean_length": 6.0}
{"mode": "train", "epoch": 17, "loss": 1.4777220317295618, "acc": 0.8049633026123046, "acc_or": 0.9464826370988574, "sender_entropy": 0.632344936473029, "receiver_entropy": 0.0, "original_loss": 0.15547492312533515, "mean_length": 6.000000006811959}
{"mode": "test", "epoch": 17, "loss": 1.014223337173462, "acc": 0.9747671484947205, "acc_or": 0.9936494827270508, "sender_entropy": 0.6685714721679688, "receiver_entropy": 0.0, "original_loss": 0.036105599254369736, "mean_length": 6.0}
{"mode": "train", "epoch": 18, "loss": 1.4000258786337716, "acc": 0.813740108694349, "acc_or": 0.949073771068028, "sender_entropy": 0.6364299280302865, "receiver_entropy": 0.0, "original_loss": 0.14880085374627794, "mean_length": 6.000000006811959}
{"mode": "test", "epoch": 18, "loss": 0.9698652029037476, "acc": 0.9767993688583374, "acc_or": 0.9941998720169067, "sender_entropy": 0.6672091484069824, "receiver_entropy": 0.0, "original_loss": 0.0331716313958168, "mean_length": 6.0}
{"mode": "train", "epoch": 19, "loss": 1.329631975718907, "acc": 0.8290115773677826, "acc_or": 0.9534630196435111, "sender_entropy": 0.629677620955876, "receiver_entropy": 0.0, "original_loss": 0.13742196240595408, "mean_length": 6.000000006811959}
{"mode": "test", "epoch": 19, "loss": 0.9383998513221741, "acc": 0.9791702032089233, "acc_or": 0.9947502613067627, "sender_entropy": 0.6680946946144104, "receiver_entropy": 0.0, "original_loss": 0.02950865402817726, "mean_length": 6.0}
{"mode": "train", "epoch": 20, "loss": 1.2760299716676984, "acc": 0.8385563390595573, "acc_or": 0.9562417941434043, "sender_entropy": 0.634708719594138, "receiver_entropy": 0.0, "original_loss": 0.1300895597253527, "mean_length": 6.000000006811959}
{"mode": "test", "epoch": 20, "loss": 0.9315247535705566, "acc": 0.9818797707557678, "acc_or": 0.9954699873924255, "sender_entropy": 0.6809701919555664, "receiver_entropy": 0.0, "original_loss": 0.026476172730326653, "mean_length": 6.0}
{"mode": "train", "epoch": 21, "loss": 1.2373938952173507, "acc": 0.8476899070399148, "acc_or": 0.9588817519801004, "sender_entropy": 0.642249458176749, "receiver_entropy": 0.0, "original_loss": 0.12295650669506618, "mean_length": 6.000000006811959}
{"mode": "test", "epoch": 21, "loss": 0.9230815172195435, "acc": 0.988145649433136, "acc_or": 0.9969517588615417, "sender_entropy": 0.689092218875885, "receiver_entropy": 0.0, "original_loss": 0.022212550044059753, "mean_length": 6.0}
{"mode": "train", "epoch": 22, "loss": 1.1920441729681832, "acc": 0.8559497662952968, "acc_or": 0.9612375267914364, "sender_entropy": 0.6444503026349204, "receiver_entropy": 0.0, "original_loss": 0.11643827770437513, "mean_length": 6.000000006811959}
{"mode": "test", "epoch": 22, "loss": 0.9034586548805237, "acc": 0.9883150458335876, "acc_or": 0.9970364570617676, "sender_entropy": 0.6955476999282837, "receiver_entropy": 0.0, "original_loss": 0.02096710354089737, "mean_length": 6.0}
{"mode": "train", "epoch": 23, "loss": 1.1450636301721846, "acc": 0.8635085812636785, "acc_or": 0.963356785263334, "sender_entropy": 0.645751235314778, "receiver_entropy": 0.0, "original_loss": 0.11086970046162606, "mean_length": 6.000000006811959}
{"mode": "test", "epoch": 23, "loss": 0.8880870938301086, "acc": 0.9889923930168152, "acc_or": 0.997248113155365, "sender_entropy": 0.6971225738525391, "receiver_entropy": 0.0, "original_loss": 0.018997492268681526, "mean_length": 6.0}
{"mode": "train", "epoch": 24, "loss": 1.1070498994418554, "acc": 0.8710400368486132, "acc_or": 0.965456531729017, "sender_entropy": 0.6493292987346649, "receiver_entropy": 0.0, "original_loss": 0.10575224278228623, "mean_length": 6.000000006811959}
{"mode": "test", "epoch": 24, "loss": 0.8787997961044312, "acc": 0.9925487041473389, "acc_or": 0.9981371760368347, "sender_entropy": 0.6974342465400696, "receiver_entropy": 0.0, "original_loss": 0.016912240535020828, "mean_length": 6.0}
{"mode": "train", "epoch": 25, "loss": 1.076141001496996, "acc": 0.8800558158329554, "acc_or": 0.9679645206247057, "sender_entropy": 0.650180812392916, "receiver_entropy": 0.0, "original_loss": 0.09869506327169282, "mean_length": 6.000000006811959}
{"mode": "test", "epoch": 25, "loss": 0.8696790337562561, "acc": 0.9896697998046875, "acc_or": 0.9974174499511719, "sender_entropy": 0.7030436396598816, "receiver_entropy": 0.0, "original_loss": 0.017409134656190872, "mean_length": 6.0}
{"mode": "train", "epoch": 26, "loss": 1.0428648889064789, "acc": 0.8878432018416268, "acc_or": 0.9701373228005, "sender_entropy": 0.6521415523120335, "receiver_entropy": 0.0, "original_loss": 0.09300756709916251, "mean_length": 6.000000006811959}
{"mode": "test", "epoch": 26, "loss": 0.8502371907234192, "acc": 0.9939035177230835, "acc_or": 0.9984759092330933, "sender_entropy": 0.7052143216133118, "receiver_entropy": 0.0, "original_loss": 0.014373227022588253, "mean_length": 6.0}
{"mode": "train", "epoch": 27, "loss": 1.0152524633066995, "acc": 0.8925088209765298, "acc_or": 0.9714062222412654, "sender_entropy": 0.6540815072400229, "receiver_entropy": 0.0, "original_loss": 0.08875130521399634, "mean_length": 6.000000006811959}
{"mode": "test", "epoch": 27, "loss": 0.8389714360237122, "acc": 0.993564784526825, "acc_or": 0.9983912110328674, "sender_entropy": 0.7065443992614746, "receiver_entropy": 0.0, "original_loss": 0.013785170391201973, "mean_length": 6.0}
{"mode": "train", "epoch": 28, "loss": 0.9859273041997637, "acc": 0.900575064761298, "acc_or": 0.9735986198697771, "sender_entropy": 0.6539339516844068, "receiver_entropy": 0.0, "original_loss": 0.08304037526249886, "mean_length": 6.000000006811959}
{"mode": "test", "epoch": 28, "loss": 0.8063449263572693, "acc": 0.9971210956573486, "acc_or": 0.9992802739143372, "sender_entropy": 0.6963543891906738, "receiver_entropy": 0.0, "original_loss": 0.009796342812478542, "mean_length": 6.0}
{"mode": "train", "epoch": 29, "loss": 0.9615878105163574, "acc": 0.908957302570343, "acc_or": 0.9758735162871225, "sender_entropy": 0.6526742603097643, "receiver_entropy": 0.0, "original_loss": 0.07720277926751545, "mean_length": 6.000000006811959}
{"mode": "test", "epoch": 29, "loss": 0.7955967783927917, "acc": 0.9957663416862488, "acc_or": 0.9989416003227234, "sender_entropy": 0.7092353105545044, "receiver_entropy": 0.0, "original_loss": 0.011881425976753235, "mean_length": 6.0}
{"mode": "train", "epoch": 30, "loss": 0.93345895920481, "acc": 0.9140745469502041, "acc_or": 0.9771834748131888, "sender_entropy": 0.6566884696483613, "receiver_entropy": 0.0, "original_loss": 0.07378793678113392, "mean_length": 6.000000006811959}
{"mode": "test", "epoch": 30, "loss": 0.7676137089729309, "acc": 0.9925487041473389, "acc_or": 0.9981371760368347, "sender_entropy": 0.7044243812561035, "receiver_entropy": 0.0, "original_loss": 0.012677393853664398, "mean_length": 6.0}
{"mode": "train", "epoch": 31, "loss": 0.9080782200608934, "acc": 0.9183274899210249, "acc_or": 0.9783722026007516, "sender_entropy": 0.6550037503242493, "receiver_entropy": 0.0, "original_loss": 0.07024270578154496, "mean_length": 6.000000006811959}
{"mode": "test", "epoch": 31, "loss": 0.7579947113990784, "acc": 0.9967824220657349, "acc_or": 0.9991956353187561, "sender_entropy": 0.7030105590820312, "receiver_entropy": 0.0, "original_loss": 0.009740391746163368, "mean_length": 6.0}
{"mode": "train", "epoch": 32, "loss": 0.8901885798999242, "acc": 0.9239239871501923, "acc_or": 0.9799255669116974, "sender_entropy": 0.6571751415729523, "receiver_entropy": 0.0, "original_loss": 0.06559912945543017, "mean_length": 6.000000006811959}
{"mode": "test", "epoch": 32, "loss": 0.7662293314933777, "acc": 0.9984759092330933, "acc_or": 0.9996190071105957, "sender_entropy": 0.7093300819396973, "receiver_entropy": 0.0, "original_loss": 0.007393284235149622, "mean_length": 6.0}
{"mode": "train", "epoch": 33, "loss": 0.8670571446418762, "acc": 0.928511426278523, "acc_or": 0.9810612499713898, "sender_entropy": 0.6590790748596191, "receiver_entropy": 0.0, "original_loss": 0.062471488384263855, "mean_length": 6.000000006811959}
{"mode": "test", "epoch": 33, "loss": 0.747147262096405, "acc": 0.9971210956573486, "acc_or": 0.9992802739143372, "sender_entropy": 0.7080910801887512, "receiver_entropy": 0.0, "original_loss": 0.007913065142929554, "mean_length": 6.0}
{"mode": "train", "epoch": 34, "loss": 0.8485891716820854, "acc": 0.9328256956168584, "acc_or": 0.982234046288899, "sender_entropy": 0.6616343660014016, "receiver_entropy": 0.0, "original_loss": 0.05917594017727035, "mean_length": 6.000000006811959}
{"mode": "test", "epoch": 34, "loss": 0.7166099548339844, "acc": 0.9976291656494141, "acc_or": 0.9994072914123535, "sender_entropy": 0.7081164121627808, "receiver_entropy": 0.0, "original_loss": 0.008451941423118114, "mean_length": 6.0}
{"mode": "train", "epoch": 35, "loss": 0.8261502155235836, "acc": 0.9342397161892482, "acc_or": 0.9826858588627406, "sender_entropy": 0.6656756171158382, "receiver_entropy": 0.0, "original_loss": 0.05765236211674554, "mean_length": 6.000000006811959}
{"mode": "test", "epoch": 35, "loss": 0.720795750617981, "acc": 0.998814582824707, "acc_or": 0.9997036457061768, "sender_entropy": 0.7170311212539673, "receiver_entropy": 0.0, "original_loss": 0.006767882965505123, "mean_length": 6.0}
{"mode": "train", "epoch": 36, "loss": 0.803247150353023, "acc": 0.9391827072416034, "acc_or": 0.9839823263032096, "sender_entropy": 0.6645200788974762, "receiver_entropy": 0.0, "original_loss": 0.05442697565470423, "mean_length": 6.000000006811959}
{"mode": "test", "epoch": 36, "loss": 0.6965070366859436, "acc": 0.9989839196205139, "acc_or": 0.9997460246086121, "sender_entropy": 0.716842532157898, "receiver_entropy": 0.0, "original_loss": 0.007016854360699654, "mean_length": 6.0}
{"mode": "train", "epoch": 37, "loss": 0.7842416686671121, "acc": 0.9422398694923946, "acc_or": 0.9847939789295197, "sender_entropy": 0.6656105501311166, "receiver_entropy": 0.0, "original_loss": 0.05196734693433557, "mean_length": 6.000000006811959}
{"mode": "test", "epoch": 37, "loss": 0.6776919960975647, "acc": 0.998814582824707, "acc_or": 0.9997036457061768, "sender_entropy": 0.7059143781661987, "receiver_entropy": 0.0, "original_loss": 0.006526679266244173, "mean_length": 6.0}
{"mode": "train", "epoch": 38, "loss": 0.7698614427021572, "acc": 0.9455048705850329, "acc_or": 0.9856647176401956, "sender_entropy": 0.6681255306516375, "receiver_entropy": 0.0, "original_loss": 0.04928200234259878, "mean_length": 6.000000006811959}
{"mode": "test", "epoch": 38, "loss": 0.658031165599823, "acc": 0.997798502445221, "acc_or": 0.9994496703147888, "sender_entropy": 0.7129576206207275, "receiver_entropy": 0.0, "original_loss": 0.006626452319324017, "mean_length": 6.0}
{"mode": "train", "epoch": 39, "loss": 0.7486905779157366, "acc": 0.9476267201559884, "acc_or": 0.9861784279346466, "sender_entropy": 0.6705500194004603, "receiver_entropy": 0.0, "original_loss": 0.04791351327938693, "mean_length": 6.000000006811959}
{"mode": "test", "epoch": 39, "loss": 0.6488350033760071, "acc": 0.9983065724372864, "acc_or": 0.9995766878128052, "sender_entropy": 0.7155066728591919, "receiver_entropy": 0.0, "original_loss": 0.006743695121258497, "mean_length": 6.0}
{"mode": "train", "epoch": 40, "loss": 0.7352954013007028, "acc": 0.9504772969654628, "acc_or": 0.9869468850748879, "sender_entropy": 0.6711654509816851, "receiver_entropy": 0.0, "original_loss": 0.04498117438384465, "mean_length": 6.000000006811959}
{"mode": "test", "epoch": 40, "loss": 0.6514440178871155, "acc": 0.9998306632041931, "acc_or": 0.9999576807022095, "sender_entropy": 0.7161654233932495, "receiver_entropy": 0.0, "original_loss": 0.00490230368450284, "mean_length": 6.0}
{"mode": "train", "epoch": 41, "loss": 0.7202366071087973, "acc": 0.9524894552571433, "acc_or": 0.9875308249677931, "sender_entropy": 0.673684013741357, "receiver_entropy": 0.0, "original_loss": 0.0431426640599966, "mean_length": 6.000000006811959}
{"mode": "test", "epoch": 41, "loss": 0.6393521428108215, "acc": 0.9991533160209656, "acc_or": 0.9997883439064026, "sender_entropy": 0.728818416595459, "receiver_entropy": 0.0, "original_loss": 0.005529964808374643, "mean_length": 6.0}
{"mode": "train", "epoch": 42, "loss": 0.7083922011511666, "acc": 0.9545790229524885, "acc_or": 0.9880839254174913, "sender_entropy": 0.6756768601281302, "receiver_entropy": 0.0, "original_loss": 0.041274655291012353, "mean_length": 6.000000006811959}
{"mode": "test", "epoch": 42, "loss": 0.6172716617584229, "acc": 0.9996613264083862, "acc_or": 0.999915361404419, "sender_entropy": 0.7123958468437195, "receiver_entropy": 0.0, "original_loss": 0.004226828925311565, "mean_length": 6.0}
{"mode": "train", "epoch": 43, "loss": 0.6861230892794473, "acc": 0.9566076483045306, "acc_or": 0.9886147746018001, "sender_entropy": 0.6768143721989223, "receiver_entropy": 0.0, "original_loss": 0.04032275341451168, "mean_length": 6.000000006811959}
{"mode": "test", "epoch": 43, "loss": 0.5973623991012573, "acc": 0.9993226528167725, "acc_or": 0.9998306632041931, "sender_entropy": 0.7138093709945679, "receiver_entropy": 0.0, "original_loss": 0.004605531692504883, "mean_length": 6.0}
{"mode": "train", "epoch": 44, "loss": 0.673341816663742, "acc": 0.9583934715815953, "acc_or": 0.9890556744166783, "sender_entropy": 0.6780101861272539, "receiver_entropy": 0.0, "original_loss": 0.038607482239603995, "mean_length": 6.000000006811959}
{"mode": "test", "epoch": 44, "loss": 0.5976769328117371, "acc": 0.9989839196205139, "acc_or": 0.9997460246086121, "sender_entropy": 0.7280639410018921, "receiver_entropy": 0.0, "original_loss": 0.005229031667113304, "mean_length": 6.0}
{"mode": "train", "epoch": 45, "loss": 0.6587903457028526, "acc": 0.9602406765733447, "acc_or": 0.9895537061350687, "sender_entropy": 0.6784877870764051, "receiver_entropy": 0.0, "original_loss": 0.036877695790358954, "mean_length": 6.000000006811959}
{"mode": "test", "epoch": 45, "loss": 0.581600546836853, "acc": 0.9993226528167725, "acc_or": 0.9998306632041931, "sender_entropy": 0.7302864789962769, "receiver_entropy": 0.0, "original_loss": 0.004591453354805708, "mean_length": 6.0}
{"mode": "train", "epoch": 46, "loss": 0.6436970038073403, "acc": 0.9620819798537663, "acc_or": 0.9900922136647361, "sender_entropy": 0.6800150471074241, "receiver_entropy": 0.0, "original_loss": 0.03555228249835116, "mean_length": 6.000000006811959}
{"mode": "test", "epoch": 46, "loss": 0.5726295113563538, "acc": 0.9989839196205139, "acc_or": 0.9997460246086121, "sender_entropy": 0.7199487686157227, "receiver_entropy": 0.0, "original_loss": 0.004260474815964699, "mean_length": 6.0}
{"mode": "train", "epoch": 47, "loss": 0.6356609489236559, "acc": 0.9633104247706277, "acc_or": 0.9904111819607871, "sender_entropy": 0.6832665979862214, "receiver_entropy": 0.0, "original_loss": 0.03367585108748504, "mean_length": 6.000000006811959}
{"mode": "test", "epoch": 47, "loss": 0.557060956954956, "acc": 0.9993226528167725, "acc_or": 0.9998306632041931, "sender_entropy": 0.7219032049179077, "receiver_entropy": 0.0, "original_loss": 0.0034603469539433718, "mean_length": 6.0}
{"mode": "train", "epoch": 48, "loss": 0.6145072213241032, "acc": 0.9644960837704795, "acc_or": 0.9907020015375955, "sender_entropy": 0.6829732596874237, "receiver_entropy": 0.0, "original_loss": 0.033351460391921654, "mean_length": 6.000000006811959}
{"mode": "test", "epoch": 48, "loss": 0.5411267280578613, "acc": 0.998814582824707, "acc_or": 0.9997036457061768, "sender_entropy": 0.7268115878105164, "receiver_entropy": 0.0, "original_loss": 0.004484250210225582, "mean_length": 6.0}
{"mode": "train", "epoch": 49, "loss": 0.598679108279092, "acc": 0.9649061824594225, "acc_or": 0.9908191502094269, "sender_entropy": 0.6830907157489232, "receiver_entropy": 0.0, "original_loss": 0.032653874903917315, "mean_length": 6.000000006811959}
{"mode": "test", "epoch": 49, "loss": 0.5075076818466187, "acc": 0.9994919896125793, "acc_or": 0.9998730421066284, "sender_entropy": 0.7169039249420166, "receiver_entropy": 0.0, "original_loss": 0.004000439774245024, "mean_length": 6.0}
{"mode": "train", "epoch": 50, "loss": 0.5858624952180045, "acc": 0.9658295742103031, "acc_or": 0.9910681579794203, "sender_entropy": 0.6827411021505083, "receiver_entropy": 0.0, "original_loss": 0.03149959934609277, "mean_length": 6.000000006811959}
{"mode": "test", "epoch": 50, "loss": 0.5286563634872437, "acc": 0.9993226528167725, "acc_or": 0.9998306632041931, "sender_entropy": 0.7437587380409241, "receiver_entropy": 0.0, "original_loss": 0.0036899021361023188, "mean_length": 6.0}
{"mode": "train", "epoch": 51, "loss": 0.5703501445906503, "acc": 0.9666752670492444, "acc_or": 0.9912425986358098, "sender_entropy": 0.6850946443421501, "receiver_entropy": 0.0, "original_loss": 0.03105513533311231, "mean_length": 6.000000006811959}
{"mode": "test", "epoch": 51, "loss": 0.49975597858428955, "acc": 0.9993226528167725, "acc_or": 0.9998306632041931, "sender_entropy": 0.7153499126434326, "receiver_entropy": 0.0, "original_loss": 0.0034494127612560987, "mean_length": 6.0}
{"mode": "train", "epoch": 52, "loss": 0.5595234428133283, "acc": 0.9681650042533875, "acc_or": 0.9917008451053074, "sender_entropy": 0.6846699467727116, "receiver_entropy": 0.0, "original_loss": 0.029610356262751988, "mean_length": 6.000000006811959}
{"mode": "test", "epoch": 52, "loss": 0.49951058626174927, "acc": 0.9998306632041931, "acc_or": 0.9999576807022095, "sender_entropy": 0.7258501648902893, "receiver_entropy": 0.0, "original_loss": 0.0028739389963448048, "mean_length": 6.0}
{"mode": "train", "epoch": 53, "loss": 0.5449480878455298, "acc": 0.9690441293375832, "acc_or": 0.9918990024498531, "sender_entropy": 0.6870587944984436, "receiver_entropy": 0.0, "original_loss": 0.02887516537947314, "mean_length": 6.000000006811959}
{"mode": "test", "epoch": 53, "loss": 0.48084744811058044, "acc": 0.9993226528167725, "acc_or": 0.9998306632041931, "sender_entropy": 0.7220735549926758, "receiver_entropy": 0.0, "original_loss": 0.003220975399017334, "mean_length": 6.0}
{"mode": "train", "epoch": 54, "loss": 0.5358112037181855, "acc": 0.9709078644003187, "acc_or": 0.9923942182745252, "sender_entropy": 0.6869742223194667, "receiver_entropy": 0.0, "original_loss": 0.027695521818740028, "mean_length": 6.000000006811959}
{"mode": "test", "epoch": 54, "loss": 0.46830934286117554, "acc": 1.0, "acc_or": 1.0, "sender_entropy": 0.7157585024833679, "receiver_entropy": 0.0, "original_loss": 0.0026865776162594557, "mean_length": 6.0}
{"epoch": 54, "positional_disent": 0.1422450989484787, "bag_of_symbol_disent": 0.22780939936637878, "topographic_sim": 0.3057666253712474}
{"generalization hold out": {"acc": 0.9581618309020996, "acc_or": 0.9857109785079956}, "uniform holdout": {"acc": 0.9908536076545715, "acc_or": 0.9977133870124817}, "epoch": 54}
---End--
