nohup: ignoring input
{"mode": "train", "epoch": 1, "loss": 0.8888625638825552, "acc": 0.00019810268318646454, "acc_or": 0.11711483363594327, "sender_entropy": 2.300094621522086, "receiver_entropy": 0.0, "original_loss": 2.20402170249394, "mean_length": 6.000000006811959}
{"mode": "test", "epoch": 1, "loss": 2.4688878059387207, "acc": 0.0008467400912195444, "acc_or": 0.25965285301208496, "sender_entropy": 2.2902441024780273, "receiver_entropy": 0.0, "original_loss": 2.0790092945098877, "mean_length": 6.0}
{"mode": "train", "epoch": 2, "loss": 3.2337433048657007, "acc": 0.0037199646097308557, "acc_or": 0.26340419948101046, "sender_entropy": 2.021096120561872, "receiver_entropy": 0.0, "original_loss": 1.9230858274868556, "mean_length": 6.000000006811959}
{"mode": "test", "epoch": 2, "loss": 5.02747917175293, "acc": 0.018458934500813484, "acc_or": 0.4442845284938812, "sender_entropy": 1.8872116804122925, "receiver_entropy": 0.0, "original_loss": 1.4472041130065918, "mean_length": 6.0}
{"mode": "train", "epoch": 3, "loss": 5.365706287111554, "acc": 0.029487483030451195, "acc_or": 0.4466374980551856, "sender_entropy": 1.586060745375497, "receiver_entropy": 0.0, "original_loss": 1.3911364316940307, "mean_length": 6.000000006811959}
{"mode": "test", "epoch": 3, "loss": 5.108309745788574, "acc": 0.10093141347169876, "acc_or": 0.6130821704864502, "sender_entropy": 1.6296063661575317, "receiver_entropy": 0.0, "original_loss": 0.9665747880935669, "mean_length": 6.0}
{"mode": "train", "epoch": 4, "loss": 5.1196843487875805, "acc": 0.08062888602060932, "acc_or": 0.5575278035231999, "sender_entropy": 1.3491244435310363, "receiver_entropy": 0.0, "original_loss": 1.0892243913241795, "mean_length": 6.000000006811959}
{"mode": "test", "epoch": 4, "loss": 4.46284818649292, "acc": 0.23065198957920074, "acc_or": 0.7252328991889954, "sender_entropy": 1.440665364265442, "receiver_entropy": 0.0, "original_loss": 0.7284647226333618, "mean_length": 6.0}
{"mode": "train", "epoch": 5, "loss": 4.6348832402910505, "acc": 0.14926875638110296, "acc_or": 0.6398422811712537, "sender_entropy": 1.2012407268796648, "receiver_entropy": 0.0, "original_loss": 0.8932831798280988, "mean_length": 6.000000006811959}
{"mode": "test", "epoch": 5, "loss": 3.811713695526123, "acc": 0.3852667212486267, "acc_or": 0.8071549534797668, "sender_entropy": 1.2738983631134033, "receiver_entropy": 0.0, "original_loss": 0.5584536790847778, "mean_length": 6.0}
{"mode": "train", "epoch": 6, "loss": 4.186914508683341, "acc": 0.23925251024109975, "acc_or": 0.7120097356183188, "sender_entropy": 1.0692562035151891, "receiver_entropy": 0.0, "original_loss": 0.7258564821311406, "mean_length": 6.000000006811959}
{"mode": "test", "epoch": 6, "loss": 3.121061086654663, "acc": 0.4809483587741852, "acc_or": 0.847078800201416, "sender_entropy": 1.1071956157684326, "receiver_entropy": 0.0, "original_loss": 0.44110581278800964, "mean_length": 6.0}
{"mode": "train", "epoch": 7, "loss": 3.7469662836619784, "acc": 0.327539449930191, "acc_or": 0.7656140966074807, "sender_entropy": 0.9684486831937518, "receiver_entropy": 0.0, "original_loss": 0.5994396328926086, "mean_length": 6.000000006811959}
{"mode": "test", "epoch": 7, "loss": 2.721759080886841, "acc": 0.6104996204376221, "acc_or": 0.890728235244751, "sender_entropy": 1.0180608034133911, "receiver_entropy": 0.0, "original_loss": 0.3342727720737457, "mean_length": 6.0}
{"mode": "train", "epoch": 8, "loss": 3.3430394308907645, "acc": 0.4131141734974725, "acc_or": 0.8076145223208836, "sender_entropy": 0.8911383926868439, "receiver_entropy": 0.0, "original_loss": 0.5025789550372532, "mean_length": 6.000000006811959}
{"mode": "test", "epoch": 8, "loss": 2.3571488857269287, "acc": 0.7116003632545471, "acc_or": 0.9220152497291565, "sender_entropy": 0.9268240332603455, "receiver_entropy": 0.0, "original_loss": 0.2504088580608368, "mean_length": 6.0}
{"mode": "train", "epoch": 9, "loss": 3.0002217020307267, "acc": 0.48823005046163287, "acc_or": 0.8390462066446032, "sender_entropy": 0.8286937883922032, "receiver_entropy": 0.0, "original_loss": 0.42615265675953456, "mean_length": 6.000000006811959}
{"mode": "test", "epoch": 9, "loss": 2.0705296993255615, "acc": 0.7783234715461731, "acc_or": 0.9407282471656799, "sender_entropy": 0.8610298037528992, "receiver_entropy": 0.0, "original_loss": 0.19852273166179657, "mean_length": 6.0}
{"mode": "train", "epoch": 10, "loss": 2.74225207396916, "acc": 0.5579720990998405, "acc_or": 0.8654932873589652, "sender_entropy": 0.7827004722186497, "receiver_entropy": 0.0, "original_loss": 0.35911886138575416, "mean_length": 6.000000006811959}
{"mode": "test", "epoch": 10, "loss": 1.8527119159698486, "acc": 0.827942430973053, "acc_or": 0.955334484577179, "sender_entropy": 0.817742109298706, "receiver_entropy": 0.0, "original_loss": 0.1554647833108902, "mean_length": 6.0}
{"mode": "train", "epoch": 11, "loss": 2.483768037387303, "acc": 0.6013967445918492, "acc_or": 0.8816638657024929, "sender_entropy": 0.749301026548658, "receiver_entropy": 0.0, "original_loss": 0.31755569662366595, "mean_length": 6.000000006811959}
{"mode": "test", "epoch": 11, "loss": 1.66513192653656, "acc": 0.852497935295105, "acc_or": 0.9616426825523376, "sender_entropy": 0.7834075093269348, "receiver_entropy": 0.0, "original_loss": 0.13422775268554688, "mean_length": 6.0}
{"mode": "train", "epoch": 12, "loss": 2.2688346522194998, "acc": 0.6363012177603585, "acc_or": 0.8933714015143258, "sender_entropy": 0.7291008940764836, "receiver_entropy": 0.0, "original_loss": 0.28844860877309525, "mean_length": 6.000000006811959}
{"mode": "test", "epoch": 12, "loss": 1.5130280256271362, "acc": 0.8728196620941162, "acc_or": 0.9677815437316895, "sender_entropy": 0.7601484060287476, "receiver_entropy": 0.0, "original_loss": 0.11571245640516281, "mean_length": 6.0}
{"mode": "train", "epoch": 13, "loss": 2.0919383866446357, "acc": 0.6716109846319471, "acc_or": 0.9055012711456843, "sender_entropy": 0.7047035217285156, "receiver_entropy": 0.0, "original_loss": 0.25816654669387, "mean_length": 6.000000006811959}
{"mode": "test", "epoch": 13, "loss": 1.421560287475586, "acc": 0.9061812162399292, "acc_or": 0.9758256077766418, "sender_entropy": 0.7438462972640991, "receiver_entropy": 0.0, "original_loss": 0.09192994236946106, "mean_length": 6.0}
{"mode": "train", "epoch": 14, "loss": 1.961946759905134, "acc": 0.699117933852332, "acc_or": 0.9142717727593013, "sender_entropy": 0.6972434878349304, "receiver_entropy": 0.0, "original_loss": 0.23649994837386268, "mean_length": 6.000000006811959}
{"mode": "test", "epoch": 14, "loss": 1.350806474685669, "acc": 0.9324301481246948, "acc_or": 0.9826841950416565, "sender_entropy": 0.7412860989570618, "receiver_entropy": 0.0, "original_loss": 0.07679754495620728, "mean_length": 6.0}
{"mode": "train", "epoch": 15, "loss": 1.8426635657038009, "acc": 0.7258192871298109, "acc_or": 0.922841249193464, "sender_entropy": 0.6879669794014522, "receiver_entropy": 0.0, "original_loss": 0.21492956003972463, "mean_length": 6.000000006811959}
{"mode": "test", "epoch": 15, "loss": 1.2615411281585693, "acc": 0.9303979873657227, "acc_or": 0.9822608232498169, "sender_entropy": 0.7372704744338989, "receiver_entropy": 0.0, "original_loss": 0.07096308469772339, "mean_length": 6.0}
{"mode": "train", "epoch": 16, "loss": 1.7224507519177028, "acc": 0.7378184727260044, "acc_or": 0.9265747947352273, "sender_entropy": 0.6854572917733873, "receiver_entropy": 0.0, "original_loss": 0.2050446697643825, "mean_length": 6.000000006811959}
{"mode": "test", "epoch": 16, "loss": 1.197966456413269, "acc": 0.9432684183120728, "acc_or": 0.9854360818862915, "sender_entropy": 0.7351189851760864, "receiver_entropy": 0.0, "original_loss": 0.06503134220838547, "mean_length": 6.0}
{"mode": "train", "epoch": 17, "loss": 1.638672639642443, "acc": 0.7519431267465864, "acc_or": 0.9308195625032697, "sender_entropy": 0.6869269864899772, "receiver_entropy": 0.0, "original_loss": 0.19361687004566192, "mean_length": 6.000000006811959}
{"mode": "test", "epoch": 17, "loss": 1.1747279167175293, "acc": 0.9527519345283508, "acc_or": 0.9879763126373291, "sender_entropy": 0.751162588596344, "receiver_entropy": 0.0, "original_loss": 0.05672812834382057, "mean_length": 6.0}
{"mode": "train", "epoch": 18, "loss": 1.5368600351469857, "acc": 0.7595820895263127, "acc_or": 0.933202918938228, "sender_entropy": 0.6858338160174233, "receiver_entropy": 0.0, "original_loss": 0.18727928910936628, "mean_length": 6.000000006811959}
{"mode": "test", "epoch": 18, "loss": 1.0974881649017334, "acc": 0.9546147584915161, "acc_or": 0.9885690212249756, "sender_entropy": 0.7357285618782043, "receiver_entropy": 0.0, "original_loss": 0.05192255601286888, "mean_length": 6.0}
{"mode": "train", "epoch": 19, "loss": 1.459413993358612, "acc": 0.7672114755426135, "acc_or": 0.9356467851570675, "sender_entropy": 0.6887764666761671, "receiver_entropy": 0.0, "original_loss": 0.1805925924863134, "mean_length": 6.000000006811959}
{"mode": "test", "epoch": 19, "loss": 1.0559426546096802, "acc": 0.9527519345283508, "acc_or": 0.9881033301353455, "sender_entropy": 0.7432824373245239, "receiver_entropy": 0.0, "original_loss": 0.05070127174258232, "mean_length": 6.0}
{"mode": "train", "epoch": 20, "loss": 1.3874407393591746, "acc": 0.7752588987350464, "acc_or": 0.9380869933537075, "sender_entropy": 0.6893611277852739, "receiver_entropy": 0.0, "original_loss": 0.1743252892579351, "mean_length": 6.000000006811959}
{"mode": "test", "epoch": 20, "loss": 1.0175328254699707, "acc": 0.9635902047157288, "acc_or": 0.9908128976821899, "sender_entropy": 0.7431058883666992, "receiver_entropy": 0.0, "original_loss": 0.045607272535562515, "mean_length": 6.0}
{"mode": "train", "epoch": 21, "loss": 1.32214195728302, "acc": 0.7849222728184291, "acc_or": 0.9410846957138607, "sender_entropy": 0.6887838559491294, "receiver_entropy": 0.0, "original_loss": 0.16635919894490922, "mean_length": 6.000000006811959}
{"mode": "test", "epoch": 21, "loss": 0.9729717969894409, "acc": 0.96968674659729, "acc_or": 0.9922946691513062, "sender_entropy": 0.7389469742774963, "receiver_entropy": 0.0, "original_loss": 0.03932073339819908, "mean_length": 6.0}
{"mode": "train", "epoch": 22, "loss": 1.258726702417646, "acc": 0.7938641343797956, "acc_or": 0.9438020144190107, "sender_entropy": 0.6833566495350429, "receiver_entropy": 0.0, "original_loss": 0.15865300127438137, "mean_length": 6.000000006811959}
{"mode": "test", "epoch": 22, "loss": 0.9303175210952759, "acc": 0.9659610986709595, "acc_or": 0.9913632869720459, "sender_entropy": 0.7355852723121643, "receiver_entropy": 0.0, "original_loss": 0.03987504541873932, "mean_length": 6.0}
{"mode": "train", "epoch": 23, "loss": 1.188151032584054, "acc": 0.7935025078909738, "acc_or": 0.9437102786132268, "sender_entropy": 0.6889592732701982, "receiver_entropy": 0.0, "original_loss": 0.15912305797849383, "mean_length": 6.000000006811959}
{"mode": "test", "epoch": 23, "loss": 0.9023791551589966, "acc": 0.9690093398094177, "acc_or": 0.9920830130577087, "sender_entropy": 0.7355726957321167, "receiver_entropy": 0.0, "original_loss": 0.03707316517829895, "mean_length": 6.0}
{"mode": "train", "epoch": 24, "loss": 1.1411037411008562, "acc": 0.8015939669949668, "acc_or": 0.9460937219006674, "sender_entropy": 0.6873239772660392, "receiver_entropy": 0.0, "original_loss": 0.1526662270937647, "mean_length": 6.000000006811959}
{"mode": "test", "epoch": 24, "loss": 0.8680784106254578, "acc": 0.9688400030136108, "acc_or": 0.9921677112579346, "sender_entropy": 0.7364956736564636, "receiver_entropy": 0.0, "original_loss": 0.035838305950164795, "mean_length": 6.0}
{"mode": "train", "epoch": 25, "loss": 1.0875167369842529, "acc": 0.8053241636071886, "acc_or": 0.9472327300480434, "sender_entropy": 0.688723714011056, "receiver_entropy": 0.0, "original_loss": 0.14947791695594786, "mean_length": 6.000000006811959}
{"mode": "test", "epoch": 25, "loss": 0.8512090444564819, "acc": 0.9703641533851624, "acc_or": 0.9925910830497742, "sender_entropy": 0.7445741891860962, "receiver_entropy": 0.0, "original_loss": 0.03663697838783264, "mean_length": 6.0}
{"mode": "train", "epoch": 26, "loss": 1.040105643442699, "acc": 0.8117727611746107, "acc_or": 0.949040972334998, "sender_entropy": 0.6886092637266431, "receiver_entropy": 0.0, "original_loss": 0.14540472945996694, "mean_length": 6.000000006811959}
{"mode": "test", "epoch": 26, "loss": 0.8032053112983704, "acc": 0.9752752184867859, "acc_or": 0.9937341809272766, "sender_entropy": 0.725263774394989, "receiver_entropy": 0.0, "original_loss": 0.03179933875799179, "mean_length": 6.0}
{"mode": "train", "epoch": 27, "loss": 1.01299347111157, "acc": 0.8234927126339504, "acc_or": 0.9523637081895556, "sender_entropy": 0.687001827784947, "receiver_entropy": 0.0, "original_loss": 0.13705780399697168, "mean_length": 6.000000006811959}
{"mode": "test", "epoch": 27, "loss": 0.7981406450271606, "acc": 0.9791702032089233, "acc_or": 0.9947502613067627, "sender_entropy": 0.7329825162887573, "receiver_entropy": 0.0, "original_loss": 0.026498837396502495, "mean_length": 6.0}
{"mode": "train", "epoch": 28, "loss": 0.9876176510538374, "acc": 0.8320672580174038, "acc_or": 0.9547396642821175, "sender_entropy": 0.6878614510808673, "receiver_entropy": 0.0, "original_loss": 0.13077930265239307, "mean_length": 6.000000006811959}
{"mode": "test", "epoch": 28, "loss": 0.7948980331420898, "acc": 0.9886537194252014, "acc_or": 0.9971634745597839, "sender_entropy": 0.7364358901977539, "receiver_entropy": 0.0, "original_loss": 0.021920112892985344, "mean_length": 6.0}
{"mode": "train", "epoch": 29, "loss": 0.9551932556288583, "acc": 0.8373433249337333, "acc_or": 0.9561840202127184, "sender_entropy": 0.6898995671953474, "receiver_entropy": 0.0, "original_loss": 0.12683828462447438, "mean_length": 6.000000006811959}
{"mode": "test", "epoch": 29, "loss": 0.7719566822052002, "acc": 0.9861134886741638, "acc_or": 0.9965283870697021, "sender_entropy": 0.7399988770484924, "receiver_entropy": 0.0, "original_loss": 0.022358445450663567, "mean_length": 6.0}
{"mode": "train", "epoch": 30, "loss": 0.9362587835107531, "acc": 0.8484296407018389, "acc_or": 0.9592927251543317, "sender_entropy": 0.6886804223060607, "receiver_entropy": 0.0, "original_loss": 0.11942215455429894, "mean_length": 6.000000006811959}
{"mode": "test", "epoch": 30, "loss": 0.7544970512390137, "acc": 0.9876376390457153, "acc_or": 0.9967824220657349, "sender_entropy": 0.734348714351654, "receiver_entropy": 0.0, "original_loss": 0.020114872604608536, "mean_length": 6.0}
{"mode": "train", "epoch": 31, "loss": 0.9085169962474278, "acc": 0.8529918508870261, "acc_or": 0.9606061773640769, "sender_entropy": 0.689047418321882, "receiver_entropy": 0.0, "original_loss": 0.11551611966320446, "mean_length": 6.000000006811959}
{"mode": "test", "epoch": 31, "loss": 0.7464723587036133, "acc": 0.9888230562210083, "acc_or": 0.9971634745597839, "sender_entropy": 0.7309472560882568, "receiver_entropy": 0.0, "original_loss": 0.017781972885131836, "mean_length": 6.0}
{"mode": "train", "epoch": 32, "loss": 0.889259101663317, "acc": 0.8599838750702994, "acc_or": 0.9626311259610313, "sender_entropy": 0.6905792389597212, "receiver_entropy": 0.0, "original_loss": 0.1106211608009679, "mean_length": 6.000000006811959}
{"mode": "test", "epoch": 32, "loss": 0.7443558573722839, "acc": 0.9940728545188904, "acc_or": 0.9985182285308838, "sender_entropy": 0.733170211315155, "receiver_entropy": 0.0, "original_loss": 0.015286991372704506, "mean_length": 6.0}
{"mode": "train", "epoch": 33, "loss": 0.8749941144670759, "acc": 0.866532861334937, "acc_or": 0.9644148664815085, "sender_entropy": 0.6939755754811423, "receiver_entropy": 0.0, "original_loss": 0.10557824234877314, "mean_length": 6.000000006811959}
{"mode": "test", "epoch": 33, "loss": 0.7303076982498169, "acc": 0.994580864906311, "acc_or": 0.9986029267311096, "sender_entropy": 0.7374983429908752, "receiver_entropy": 0.0, "original_loss": 0.014028540812432766, "mean_length": 6.0}
{"mode": "train", "epoch": 34, "loss": 0.8512091602597918, "acc": 0.8707575193473271, "acc_or": 0.9655352515833718, "sender_entropy": 0.6961654773780278, "receiver_entropy": 0.0, "original_loss": 0.10269113683274814, "mean_length": 6.000000006811959}
{"mode": "test", "epoch": 34, "loss": 0.720650851726532, "acc": 0.9933954477310181, "acc_or": 0.9983488917350769, "sender_entropy": 0.7315525412559509, "receiver_entropy": 0.0, "original_loss": 0.013341165147721767, "mean_length": 6.0}
{"mode": "train", "epoch": 35, "loss": 0.8403868692261832, "acc": 0.8820605848516737, "acc_or": 0.9686770694596427, "sender_entropy": 0.6920370493616377, "receiver_entropy": 0.0, "original_loss": 0.09502716096384185, "mean_length": 6.000000006811959}
{"mode": "test", "epoch": 35, "loss": 0.7045162916183472, "acc": 0.9932261109352112, "acc_or": 0.9983065724372864, "sender_entropy": 0.7281432151794434, "receiver_entropy": 0.0, "original_loss": 0.012932166457176208, "mean_length": 6.0}
{"mode": "train", "epoch": 36, "loss": 0.830166118485587, "acc": 0.8873783384050642, "acc_or": 0.9701682559081486, "sender_entropy": 0.6948177601609912, "receiver_entropy": 0.0, "original_loss": 0.0904102623462677, "mean_length": 6.000000006811959}
{"mode": "test", "epoch": 36, "loss": 0.6905699372291565, "acc": 0.9933954477310181, "acc_or": 0.9983065724372864, "sender_entropy": 0.7310431003570557, "receiver_entropy": 0.0, "original_loss": 0.012325961142778397, "mean_length": 6.0}
{"mode": "train", "epoch": 37, "loss": 0.8116530086312975, "acc": 0.8925113354410444, "acc_or": 0.9715721811567034, "sender_entropy": 0.6955918380192347, "receiver_entropy": 0.0, "original_loss": 0.0870297970516341, "mean_length": 6.000000006811959}
{"mode": "test", "epoch": 37, "loss": 0.6912019848823547, "acc": 0.9971210956573486, "acc_or": 0.9992802739143372, "sender_entropy": 0.7364559173583984, "receiver_entropy": 0.0, "original_loss": 0.01094488799571991, "mean_length": 6.0}
{"mode": "train", "epoch": 38, "loss": 0.7990885393960135, "acc": 0.8970575247492109, "acc_or": 0.9727897141660963, "sender_entropy": 0.6968308780874525, "receiver_entropy": 0.0, "original_loss": 0.08363627642393112, "mean_length": 6.000000006811959}
{"mode": "test", "epoch": 38, "loss": 0.6891373991966248, "acc": 0.9976291656494141, "acc_or": 0.9994072914123535, "sender_entropy": 0.7296810746192932, "receiver_entropy": 0.0, "original_loss": 0.008633418008685112, "mean_length": 6.0}
{"mode": "train", "epoch": 39, "loss": 0.7850284312452589, "acc": 0.9021102096353258, "acc_or": 0.9741798230579921, "sender_entropy": 0.6974301133837019, "receiver_entropy": 0.0, "original_loss": 0.07963441365531512, "mean_length": 6.000000006811959}
{"mode": "test", "epoch": 39, "loss": 0.6864818334579468, "acc": 0.9983065724372864, "acc_or": 0.9995766878128052, "sender_entropy": 0.7389183640480042, "receiver_entropy": 0.0, "original_loss": 0.007659215945750475, "mean_length": 6.0}
{"mode": "train", "epoch": 40, "loss": 0.773966658115387, "acc": 0.9051236544336592, "acc_or": 0.9750273823738098, "sender_entropy": 0.698983063016619, "receiver_entropy": 0.0, "original_loss": 0.07705425598791667, "mean_length": 6.000000006811959}
{"mode": "test", "epoch": 40, "loss": 0.6849868893623352, "acc": 0.9969517588615417, "acc_or": 0.9991956353187561, "sender_entropy": 0.7474847435951233, "receiver_entropy": 0.0, "original_loss": 0.008634462021291256, "mean_length": 6.0}
{"mode": "train", "epoch": 41, "loss": 0.7598183751106262, "acc": 0.9103492728301457, "acc_or": 0.9763958939484187, "sender_entropy": 0.7012855895927974, "receiver_entropy": 0.0, "original_loss": 0.07370814883283207, "mean_length": 6.000000006811959}
{"mode": "test", "epoch": 41, "loss": 0.6741370558738708, "acc": 0.9976291656494141, "acc_or": 0.9994072914123535, "sender_entropy": 0.7416284680366516, "receiver_entropy": 0.0, "original_loss": 0.007352142129093409, "mean_length": 6.0}
{"mode": "train", "epoch": 42, "loss": 0.7480975925922394, "acc": 0.9142585388251714, "acc_or": 0.9774547278881073, "sender_entropy": 0.701493878023965, "receiver_entropy": 0.0, "original_loss": 0.0705616718424218, "mean_length": 6.000000006811959}
{"mode": "test", "epoch": 42, "loss": 0.6585551500320435, "acc": 0.9971210956573486, "acc_or": 0.9992802739143372, "sender_entropy": 0.7343250513076782, "receiver_entropy": 0.0, "original_loss": 0.007870502769947052, "mean_length": 6.0}
{"mode": "train", "epoch": 43, "loss": 0.7348236092499324, "acc": 0.9169653356075287, "acc_or": 0.9782751645360674, "sender_entropy": 0.7025093317031861, "receiver_entropy": 0.0, "original_loss": 0.06836789755948952, "mean_length": 6.000000006811959}
{"mode": "test", "epoch": 43, "loss": 0.6509259939193726, "acc": 0.9955970048904419, "acc_or": 0.9988992810249329, "sender_entropy": 0.7417589426040649, "receiver_entropy": 0.0, "original_loss": 0.00961786787956953, "mean_length": 6.0}
{"mode": "train", "epoch": 44, "loss": 0.7244131335190365, "acc": 0.9211979866027832, "acc_or": 0.9793375790119171, "sender_entropy": 0.7045243459088462, "receiver_entropy": 0.0, "original_loss": 0.06518116162291594, "mean_length": 6.000000006811959}
{"mode": "test", "epoch": 44, "loss": 0.622541069984436, "acc": 0.9976291656494141, "acc_or": 0.9994072914123535, "sender_entropy": 0.7376239895820618, "receiver_entropy": 0.0, "original_loss": 0.007328129839152098, "mean_length": 6.0}
{"mode": "train", "epoch": 45, "loss": 0.7079589077404567, "acc": 0.9231848086629595, "acc_or": 0.9798461130687168, "sender_entropy": 0.7053943915026528, "receiver_entropy": 0.0, "original_loss": 0.06383180267044476, "mean_length": 6.000000006811959}
{"mode": "test", "epoch": 45, "loss": 0.6322529315948486, "acc": 0.9986452460289001, "acc_or": 0.9996613264083862, "sender_entropy": 0.7386767268180847, "receiver_entropy": 0.0, "original_loss": 0.006125959567725658, "mean_length": 6.0}
{"mode": "train", "epoch": 46, "loss": 0.7009520028318678, "acc": 0.9274461243833815, "acc_or": 0.9810369908809662, "sender_entropy": 0.7067409702709743, "receiver_entropy": 0.0, "original_loss": 0.06060646309384278, "mean_length": 6.000000006811959}
{"mode": "test", "epoch": 46, "loss": 0.6107760667800903, "acc": 0.9979678392410278, "acc_or": 0.9994919896125793, "sender_entropy": 0.7442754507064819, "receiver_entropy": 0.0, "original_loss": 0.006797601003199816, "mean_length": 6.0}
{"mode": "train", "epoch": 47, "loss": 0.6817711336272103, "acc": 0.9286673503262656, "acc_or": 0.9813395057405744, "sender_entropy": 0.7095262518950871, "receiver_entropy": 0.0, "original_loss": 0.059990196621843746, "mean_length": 6.000000006811959}
{"mode": "test", "epoch": 47, "loss": 0.607440173625946, "acc": 0.9984759092330933, "acc_or": 0.9996190071105957, "sender_entropy": 0.7418832182884216, "receiver_entropy": 0.0, "original_loss": 0.005941920448094606, "mean_length": 6.0}
{"mode": "train", "epoch": 48, "loss": 0.6735642901488713, "acc": 0.931307235785893, "acc_or": 0.9820532287870135, "sender_entropy": 0.7099830218723842, "receiver_entropy": 0.0, "original_loss": 0.05757332524018628, "mean_length": 6.000000006811959}
{"mode": "test", "epoch": 48, "loss": 0.603504478931427, "acc": 0.9984759092330933, "acc_or": 0.9996190071105957, "sender_entropy": 0.7531598806381226, "receiver_entropy": 0.0, "original_loss": 0.005478106904774904, "mean_length": 6.0}
{"mode": "train", "epoch": 49, "loss": 0.659127071925572, "acc": 0.933229455777577, "acc_or": 0.9825525769165584, "sender_entropy": 0.7114216029644013, "receiver_entropy": 0.0, "original_loss": 0.056232372405273574, "mean_length": 6.000000006811959}
{"mode": "test", "epoch": 49, "loss": 0.5919543504714966, "acc": 0.9991533160209656, "acc_or": 0.9997883439064026, "sender_entropy": 0.7449563145637512, "receiver_entropy": 0.0, "original_loss": 0.005529613699764013, "mean_length": 6.0}
{"mode": "train", "epoch": 50, "loss": 0.6470757118293218, "acc": 0.9370913880211966, "acc_or": 0.9835271264825548, "sender_entropy": 0.7110132438795908, "receiver_entropy": 0.0, "original_loss": 0.05405157756592546, "mean_length": 6.000000006811959}
{"mode": "test", "epoch": 50, "loss": 0.5866998434066772, "acc": 0.998814582824707, "acc_or": 0.9997036457061768, "sender_entropy": 0.7515358924865723, "receiver_entropy": 0.0, "original_loss": 0.004718857351690531, "mean_length": 6.0}
{"mode": "train", "epoch": 51, "loss": 0.6387198260852269, "acc": 0.9380236344678061, "acc_or": 0.983783904995237, "sender_entropy": 0.7147845234189715, "receiver_entropy": 0.0, "original_loss": 0.05278423098581178, "mean_length": 6.000000006811959}
{"mode": "test", "epoch": 51, "loss": 0.5875772833824158, "acc": 0.998814582824707, "acc_or": 0.9997036457061768, "sender_entropy": 0.7547978758811951, "receiver_entropy": 0.0, "original_loss": 0.00573339406400919, "mean_length": 6.0}
{"mode": "train", "epoch": 52, "loss": 0.6279810982091086, "acc": 0.9413640294756208, "acc_or": 0.98470133798463, "sender_entropy": 0.7146313079765865, "receiver_entropy": 0.0, "original_loss": 0.0505874399627958, "mean_length": 6.000000006811959}
{"mode": "test", "epoch": 52, "loss": 0.5669752359390259, "acc": 0.998814582824707, "acc_or": 0.9997036457061768, "sender_entropy": 0.7488682866096497, "receiver_entropy": 0.0, "original_loss": 0.005094688851386309, "mean_length": 6.0}
{"mode": "train", "epoch": 53, "loss": 0.6223558740956443, "acc": 0.9445420401436943, "acc_or": 0.9855698117188045, "sender_entropy": 0.71392343044281, "receiver_entropy": 0.0, "original_loss": 0.04782498723694256, "mean_length": 6.000000006811959}
{"mode": "test", "epoch": 53, "loss": 0.5654904842376709, "acc": 0.9984759092330933, "acc_or": 0.9996190071105957, "sender_entropy": 0.7551131844520569, "receiver_entropy": 0.0, "original_loss": 0.005086992401629686, "mean_length": 6.0}
{"mode": "train", "epoch": 54, "loss": 0.6050663428647177, "acc": 0.9454096785613468, "acc_or": 0.9857887719358717, "sender_entropy": 0.7159040604318891, "receiver_entropy": 0.0, "original_loss": 0.047509220774684634, "mean_length": 6.000000006811959}
{"mode": "test", "epoch": 54, "loss": 0.5467912554740906, "acc": 0.9996613264083862, "acc_or": 0.999915361404419, "sender_entropy": 0.7459788918495178, "receiver_entropy": 0.0, "original_loss": 0.0044298795983195305, "mean_length": 6.0}
{"mode": "train", "epoch": 55, "loss": 0.5963825012956346, "acc": 0.9483538040093014, "acc_or": 0.9865290028708321, "sender_entropy": 0.7142910199505942, "receiver_entropy": 0.0, "original_loss": 0.04512837747378009, "mean_length": 6.000000006811959}
{"mode": "test", "epoch": 55, "loss": 0.5398516654968262, "acc": 0.9993226528167725, "acc_or": 0.9998306632041931, "sender_entropy": 0.7511948347091675, "receiver_entropy": 0.0, "original_loss": 0.004737382754683495, "mean_length": 6.0}
{"mode": "train", "epoch": 56, "loss": 0.5879126829760415, "acc": 0.9496880037443979, "acc_or": 0.9869343996047973, "sender_entropy": 0.7162443603788103, "receiver_entropy": 0.0, "original_loss": 0.043912065029144284, "mean_length": 6.000000006811959}
{"mode": "test", "epoch": 56, "loss": 0.5295242667198181, "acc": 0.9994919896125793, "acc_or": 0.9998730421066284, "sender_entropy": 0.749687671661377, "receiver_entropy": 0.0, "original_loss": 0.003958581481128931, "mean_length": 6.0}
{"mode": "train", "epoch": 57, "loss": 0.5783841354506356, "acc": 0.9513417048113687, "acc_or": 0.9873820202691215, "sender_entropy": 0.7172781424862998, "receiver_entropy": 0.0, "original_loss": 0.042626533870186126, "mean_length": 6.000000006811959}
{"mode": "test", "epoch": 57, "loss": 0.5203949809074402, "acc": 0.9998306632041931, "acc_or": 0.9999576807022095, "sender_entropy": 0.7449133992195129, "receiver_entropy": 0.0, "original_loss": 0.003860270604491234, "mean_length": 6.0}
{"mode": "train", "epoch": 58, "loss": 0.5685825143541609, "acc": 0.9543334867273058, "acc_or": 0.9881055065563746, "sender_entropy": 0.7160067592348371, "receiver_entropy": 0.0, "original_loss": 0.040627756076199666, "mean_length": 6.000000006811959}
{"mode": "test", "epoch": 58, "loss": 0.5054427981376648, "acc": 1.0, "acc_or": 1.0, "sender_entropy": 0.7392839789390564, "receiver_entropy": 0.0, "original_loss": 0.0036506024189293385, "mean_length": 6.0}
{"epoch": 58, "positional_disent": 0.0708949863910675, "bag_of_symbol_disent": 0.15969882905483246, "topographic_sim": 0.2616939058862761}
{"generalization hold out": {"acc": 0.9331275820732117, "acc_or": 0.976680338382721}, "uniform holdout": {"acc": 0.9954267740249634, "acc_or": 0.9988566637039185}, "epoch": 58}
---End--
