nohup: ignoring input
{"mode": "train", "epoch": 1, "loss": -6.695007681846619, "acc": 0.0028404839880143604, "acc_or": 0.21458953619003296, "sender_entropy": 2.299928665161133, "receiver_entropy": 0.0, "original_loss": 1.5920520623524983, "mean_length": 5.99999984105428}
{"mode": "test", "epoch": 1, "loss": 1.356520175933838, "acc": 0.0043290043249726295, "acc_or": 0.18831168115139008, "sender_entropy": 2.2957658767700195, "receiver_entropy": 0.0, "original_loss": 1.5152907371520996, "mean_length": 6.0}
{"mode": "train", "epoch": 2, "loss": 1.3871938387552898, "acc": 0.003774243174120784, "acc_or": 0.2519781192143758, "sender_entropy": 2.2951536178588867, "receiver_entropy": 0.0, "original_loss": 1.5027255217234294, "mean_length": 5.99999984105428}
{"mode": "test", "epoch": 2, "loss": 2.0872461795806885, "acc": 0.008658008649945259, "acc_or": 0.2705627679824829, "sender_entropy": 2.292668581008911, "receiver_entropy": 0.0, "original_loss": 1.4034730195999146, "mean_length": 6.0}
{"mode": "train", "epoch": 3, "loss": 1.933989405632019, "acc": 0.004549018573015928, "acc_or": 0.25761835773785907, "sender_entropy": 2.2936018308003745, "receiver_entropy": 0.0, "original_loss": 1.409528374671936, "mean_length": 5.99999984105428}
{"mode": "test", "epoch": 3, "loss": 1.6937679052352905, "acc": 0.0043290043249726295, "acc_or": 0.2792207896709442, "sender_entropy": 2.2941601276397705, "receiver_entropy": 0.0, "original_loss": 1.3878402709960938, "mean_length": 6.0}
{"mode": "train", "epoch": 4, "loss": 1.6334965229034424, "acc": 0.004441111193348964, "acc_or": 0.25384869674841565, "sender_entropy": 2.2956533432006836, "receiver_entropy": 0.0, "original_loss": 1.3899521827697754, "mean_length": 5.99999984105428}
{"mode": "test", "epoch": 4, "loss": 1.4675581455230713, "acc": 0.008658008649945259, "acc_or": 0.29004329442977905, "sender_entropy": 2.297692060470581, "receiver_entropy": 0.0, "original_loss": 1.378509759902954, "mean_length": 6.0}
{"mode": "train", "epoch": 5, "loss": 1.3340842723846436, "acc": 0.0033836182362089553, "acc_or": 0.26094091931978863, "sender_entropy": 2.298297723134359, "receiver_entropy": 0.0, "original_loss": 1.3878102699915569, "mean_length": 5.99999984105428}
{"mode": "test", "epoch": 5, "loss": 1.299884557723999, "acc": 0.017316017299890518, "acc_or": 0.338744580745697, "sender_entropy": 2.2991137504577637, "receiver_entropy": 0.0, "original_loss": 1.3743764162063599, "mean_length": 6.0}
{"mode": "train", "epoch": 6, "loss": 1.1415940920511882, "acc": 0.005081002600491047, "acc_or": 0.258137305577596, "sender_entropy": 2.299476941426595, "receiver_entropy": 0.0, "original_loss": 1.3866167863210042, "mean_length": 5.99999984105428}
{"mode": "test", "epoch": 6, "loss": 1.2305201292037964, "acc": 0.012987012974917889, "acc_or": 0.3235930800437927, "sender_entropy": 2.29970121383667, "receiver_entropy": 0.0, "original_loss": 1.3680907487869263, "mean_length": 6.0}
{"mode": "train", "epoch": 7, "loss": 1.0026694337526958, "acc": 0.004456937701130907, "acc_or": 0.25872854391733807, "sender_entropy": 2.2998692989349365, "receiver_entropy": 0.0, "original_loss": 1.386196494102478, "mean_length": 5.99999984105428}
{"mode": "test", "epoch": 7, "loss": 1.2475941181182861, "acc": 0.012987012974917889, "acc_or": 0.41558441519737244, "sender_entropy": 2.30011248588562, "receiver_entropy": 0.0, "original_loss": 1.3578120470046997, "mean_length": 6.0}
{"mode": "train", "epoch": 8, "loss": 0.906351367632548, "acc": 0.005107979445407788, "acc_or": 0.26510793964068097, "sender_entropy": 2.3001492023468018, "receiver_entropy": 0.0, "original_loss": 1.3854680856068928, "mean_length": 5.99999984105428}
{"mode": "test", "epoch": 8, "loss": 1.2954350709915161, "acc": 0.034632034599781036, "acc_or": 0.42965367436408997, "sender_entropy": 2.3005051612854004, "receiver_entropy": 0.0, "original_loss": 1.3471448421478271, "mean_length": 6.0}
{"mode": "train", "epoch": 9, "loss": 0.8282704949378967, "acc": 0.0038551737864812217, "acc_or": 0.26412715514500934, "sender_entropy": 2.3005282878875732, "receiver_entropy": 0.0, "original_loss": 1.3852372964223225, "mean_length": 5.99999984105428}
{"mode": "test", "epoch": 9, "loss": 1.252841830253601, "acc": 0.034632034599781036, "acc_or": 0.4761904776096344, "sender_entropy": 2.300865888595581, "receiver_entropy": 0.0, "original_loss": 1.345406413078308, "mean_length": 6.0}
{"mode": "train", "epoch": 10, "loss": 0.7674988508224487, "acc": 0.004706203937530518, "acc_or": 0.26817674438158673, "sender_entropy": 2.3008691469828286, "receiver_entropy": 0.0, "original_loss": 1.3849660952885945, "mean_length": 5.99999984105428}
{"mode": "test", "epoch": 10, "loss": 1.2654517889022827, "acc": 0.034632034599781036, "acc_or": 0.45670995116233826, "sender_entropy": 2.301072597503662, "receiver_entropy": 0.0, "original_loss": 1.3402152061462402, "mean_length": 6.0}
{"mode": "train", "epoch": 11, "loss": 0.7197111447652181, "acc": 0.005460476968437433, "acc_or": 0.2670562068621318, "sender_entropy": 2.3010408083597818, "receiver_entropy": 0.0, "original_loss": 1.384622573852539, "mean_length": 5.99999984105428}
{"mode": "test", "epoch": 11, "loss": 1.2690328359603882, "acc": 0.025974025949835777, "acc_or": 0.5043290257453918, "sender_entropy": 2.301117420196533, "receiver_entropy": 0.0, "original_loss": 1.336300015449524, "mean_length": 6.0}
{"mode": "train", "epoch": 12, "loss": 0.6799009044965109, "acc": 0.005238187809785207, "acc_or": 0.27045448621114093, "sender_entropy": 2.3010525703430176, "receiver_entropy": 0.0, "original_loss": 1.3843338092168171, "mean_length": 5.99999984105428}
{"mode": "test", "epoch": 12, "loss": 1.3033790588378906, "acc": 0.034632034599781036, "acc_or": 0.46536797285079956, "sender_entropy": 2.3009965419769287, "receiver_entropy": 0.0, "original_loss": 1.3304039239883423, "mean_length": 6.0}
{"mode": "train", "epoch": 13, "loss": 0.6501182317733765, "acc": 0.005828801076859236, "acc_or": 0.2714908520380656, "sender_entropy": 2.3008721669514975, "receiver_entropy": 0.0, "original_loss": 1.3837785323460896, "mean_length": 5.99999984105428}
{"mode": "test", "epoch": 13, "loss": 1.371575117111206, "acc": 0.0476190485060215, "acc_or": 0.5248917937278748, "sender_entropy": 2.300659418106079, "receiver_entropy": 0.0, "original_loss": 1.3218642473220825, "mean_length": 6.0}
{"mode": "train", "epoch": 14, "loss": 0.6243569652239481, "acc": 0.00687046783665816, "acc_or": 0.27215348680814105, "sender_entropy": 2.300450563430786, "receiver_entropy": 0.0, "original_loss": 1.3832818269729614, "mean_length": 5.99999984105428}
{"mode": "test", "epoch": 14, "loss": 1.4521712064743042, "acc": 0.025974025949835777, "acc_or": 0.48917749524116516, "sender_entropy": 2.300034284591675, "receiver_entropy": 0.0, "original_loss": 1.3123955726623535, "mean_length": 6.0}
{"mode": "train", "epoch": 15, "loss": 0.6070495247840881, "acc": 0.005130280274897814, "acc_or": 0.2758344809214274, "sender_entropy": 2.299678166707357, "receiver_entropy": 0.0, "original_loss": 1.3823811213175456, "mean_length": 5.99999984105428}
{"mode": "test", "epoch": 15, "loss": 1.5546478033065796, "acc": 0.034632034599781036, "acc_or": 0.5227272510528564, "sender_entropy": 2.298938035964966, "receiver_entropy": 0.0, "original_loss": 1.3008195161819458, "mean_length": 6.0}
{"mode": "train", "epoch": 16, "loss": 0.5934856335322062, "acc": 0.005851101906349261, "acc_or": 0.2794041534264882, "sender_entropy": 2.2983198165893555, "receiver_entropy": 0.0, "original_loss": 1.3813895384470622, "mean_length": 5.99999984105428}
{"mode": "test", "epoch": 16, "loss": 1.6538851261138916, "acc": 0.03030303120613098, "acc_or": 0.4945887327194214, "sender_entropy": 2.2970023155212402, "receiver_entropy": 0.0, "original_loss": 1.289024829864502, "mean_length": 6.0}
{"mode": "train", "epoch": 17, "loss": 0.6070682406425476, "acc": 0.007189514115452766, "acc_or": 0.28924261530240375, "sender_entropy": 2.2958502769470215, "receiver_entropy": 0.0, "original_loss": 1.3782541751861572, "mean_length": 5.99999984105428}
{"mode": "test", "epoch": 17, "loss": 1.7553633451461792, "acc": 0.025974025949835777, "acc_or": 0.49567100405693054, "sender_entropy": 2.293198823928833, "receiver_entropy": 0.0, "original_loss": 1.2755036354064941, "mean_length": 6.0}
{"mode": "train", "epoch": 18, "loss": 0.641173243522644, "acc": 0.00851677575459083, "acc_or": 0.30258365472157794, "sender_entropy": 2.2908223470052085, "receiver_entropy": 0.0, "original_loss": 1.3734240531921387, "mean_length": 5.99999984105428}
{"mode": "test", "epoch": 18, "loss": 1.847507357597351, "acc": 0.021645020693540573, "acc_or": 0.48701298236846924, "sender_entropy": 2.285464286804199, "receiver_entropy": 0.0, "original_loss": 1.260549783706665, "mean_length": 6.0}
{"mode": "train", "epoch": 19, "loss": 0.7251960436503092, "acc": 0.00788983361174663, "acc_or": 0.3154357075691223, "sender_entropy": 2.2807145913441977, "receiver_entropy": 0.0, "original_loss": 1.3639915784200032, "mean_length": 5.99999984105428}
{"mode": "test", "epoch": 19, "loss": 1.8144482374191284, "acc": 0.021645020693540573, "acc_or": 0.5, "sender_entropy": 2.2700822353363037, "receiver_entropy": 0.0, "original_loss": 1.2537310123443604, "mean_length": 6.0}
{"mode": "train", "epoch": 20, "loss": 0.9191476504007975, "acc": 0.009223569805423418, "acc_or": 0.3402678370475769, "sender_entropy": 2.2597131729125977, "receiver_entropy": 0.0, "original_loss": 1.3441510200500488, "mean_length": 5.99999984105428}
{"mode": "test", "epoch": 20, "loss": 1.6440738439559937, "acc": 0.008658008649945259, "acc_or": 0.40692639350891113, "sender_entropy": 2.2407419681549072, "receiver_entropy": 0.0, "original_loss": 1.2571330070495605, "mean_length": 6.0}
{"mode": "train", "epoch": 21, "loss": 1.201466679573059, "acc": 0.01148459097991387, "acc_or": 0.3650550643603007, "sender_entropy": 2.2269965012868247, "receiver_entropy": 0.0, "original_loss": 1.3143171072006226, "mean_length": 5.99999984105428}
{"mode": "test", "epoch": 21, "loss": 1.8034319877624512, "acc": 0.012987012974917889, "acc_or": 0.46536797285079956, "sender_entropy": 2.1992075443267822, "receiver_entropy": 0.0, "original_loss": 1.224717617034912, "mean_length": 6.0}
{"mode": "train", "epoch": 22, "loss": 1.5162404378255208, "acc": 0.015045896482964357, "acc_or": 0.3927185833454132, "sender_entropy": 2.179551839828491, "receiver_entropy": 0.0, "original_loss": 1.2774173021316528, "mean_length": 5.99999984105428}
{"mode": "test", "epoch": 22, "loss": 2.1247687339782715, "acc": 0.012987012974917889, "acc_or": 0.45346319675445557, "sender_entropy": 2.1614432334899902, "receiver_entropy": 0.0, "original_loss": 1.1647913455963135, "mean_length": 6.0}
{"mode": "train", "epoch": 23, "loss": 1.7438299655914307, "acc": 0.016505165336032707, "acc_or": 0.4106990297635396, "sender_entropy": 2.1472834746042886, "receiver_entropy": 0.0, "original_loss": 1.2478019793828328, "mean_length": 5.99999984105428}
{"mode": "test", "epoch": 23, "loss": 2.179445743560791, "acc": 0.021645020693540573, "acc_or": 0.47510823607444763, "sender_entropy": 2.147967576980591, "receiver_entropy": 0.0, "original_loss": 1.147467851638794, "mean_length": 6.0}
{"mode": "train", "epoch": 24, "loss": 1.8092828194300334, "acc": 0.016147991952796776, "acc_or": 0.416186660528183, "sender_entropy": 2.1355648040771484, "receiver_entropy": 0.0, "original_loss": 1.2338257630666096, "mean_length": 5.99999984105428}
{"mode": "test", "epoch": 24, "loss": 2.177384376525879, "acc": 0.03030303120613098, "acc_or": 0.4826839864253998, "sender_entropy": 2.1374399662017822, "receiver_entropy": 0.0, "original_loss": 1.1348271369934082, "mean_length": 6.0}
{"mode": "train", "epoch": 25, "loss": 1.8811705112457275, "acc": 0.021435456971327465, "acc_or": 0.42516230543454486, "sender_entropy": 2.1181201140085855, "receiver_entropy": 0.0, "original_loss": 1.220404068628947, "mean_length": 5.99999984105428}
{"mode": "test", "epoch": 25, "loss": 2.374535083770752, "acc": 0.034632034599781036, "acc_or": 0.49025973677635193, "sender_entropy": 2.1394002437591553, "receiver_entropy": 0.0, "original_loss": 1.108741044998169, "mean_length": 6.0}
{"mode": "train", "epoch": 26, "loss": 1.9180141687393188, "acc": 0.0185550469905138, "acc_or": 0.4255378246307373, "sender_entropy": 2.1213491757710776, "receiver_entropy": 0.0, "original_loss": 1.2108659346898396, "mean_length": 5.99999984105428}
{"mode": "test", "epoch": 26, "loss": 2.5016889572143555, "acc": 0.03030303120613098, "acc_or": 0.5021644830703735, "sender_entropy": 2.1434831619262695, "receiver_entropy": 0.0, "original_loss": 1.0912306308746338, "mean_length": 6.0}
{"mode": "train", "epoch": 27, "loss": 1.9684838851292927, "acc": 0.020555651436249416, "acc_or": 0.4332463840643565, "sender_entropy": 2.1080798308054605, "receiver_entropy": 0.0, "original_loss": 1.1990436712900798, "mean_length": 5.99999984105428}
{"mode": "test", "epoch": 27, "loss": 2.6511313915252686, "acc": 0.03896103799343109, "acc_or": 0.5043290257453918, "sender_entropy": 2.1334216594696045, "receiver_entropy": 0.0, "original_loss": 1.066884994506836, "mean_length": 6.0}
{"mode": "train", "epoch": 28, "loss": 2.133939822514852, "acc": 0.026465383047858875, "acc_or": 0.44352834423383075, "sender_entropy": 2.089289665222168, "receiver_entropy": 0.0, "original_loss": 1.1763020753860474, "mean_length": 5.99999984105428}
{"mode": "test", "epoch": 28, "loss": 2.8843939304351807, "acc": 0.03896103799343109, "acc_or": 0.5324675440788269, "sender_entropy": 2.1233816146850586, "receiver_entropy": 0.0, "original_loss": 1.0337765216827393, "mean_length": 6.0}
{"mode": "train", "epoch": 29, "loss": 2.3003362814585366, "acc": 0.02895516778031985, "acc_or": 0.45527055859565735, "sender_entropy": 2.0698025226593018, "receiver_entropy": 0.0, "original_loss": 1.153013825416565, "mean_length": 5.99999984105428}
{"mode": "test", "epoch": 29, "loss": 3.0878939628601074, "acc": 0.0476190485060215, "acc_or": 0.540043294429779, "sender_entropy": 2.118607521057129, "receiver_entropy": 0.0, "original_loss": 1.0015268325805664, "mean_length": 6.0}
{"mode": "train", "epoch": 30, "loss": 2.46345583597819, "acc": 0.03210354782640934, "acc_or": 0.4681924780209859, "sender_entropy": 2.0462353229522705, "receiver_entropy": 0.0, "original_loss": 1.1257736682891846, "mean_length": 5.99999984105428}
{"mode": "test", "epoch": 30, "loss": 3.2106122970581055, "acc": 0.0476190485060215, "acc_or": 0.5670995712280273, "sender_entropy": 2.0646119117736816, "receiver_entropy": 0.0, "original_loss": 0.9630632400512695, "mean_length": 6.0}
{"mode": "train", "epoch": 31, "loss": 2.819136699040731, "acc": 0.038812155524889626, "acc_or": 0.49204497536023456, "sender_entropy": 1.9971192677815754, "receiver_entropy": 0.0, "original_loss": 1.0819073915481567, "mean_length": 5.99999984105428}
{"mode": "test", "epoch": 31, "loss": 3.1332645416259766, "acc": 0.051948051899671555, "acc_or": 0.572510838508606, "sender_entropy": 2.0299837589263916, "receiver_entropy": 0.0, "original_loss": 0.9447568655014038, "mean_length": 6.0}
{"mode": "train", "epoch": 32, "loss": 2.9369329611460366, "acc": 0.040792256593704224, "acc_or": 0.5036713679631551, "sender_entropy": 1.972235918045044, "receiver_entropy": 0.0, "original_loss": 1.058409571647644, "mean_length": 5.99999984105428}
{"mode": "test", "epoch": 32, "loss": 3.41763973236084, "acc": 0.03896103799343109, "acc_or": 0.5790043473243713, "sender_entropy": 2.045935869216919, "receiver_entropy": 0.0, "original_loss": 0.9180193543434143, "mean_length": 6.0}
{"mode": "train", "epoch": 33, "loss": 3.0156559149424234, "acc": 0.041208059837420784, "acc_or": 0.5075010259946188, "sender_entropy": 1.974522868792216, "receiver_entropy": 0.0, "original_loss": 1.0443982283274333, "mean_length": 5.99999984105428}
{"mode": "test", "epoch": 33, "loss": 3.491024971008301, "acc": 0.0476190485060215, "acc_or": 0.5941558480262756, "sender_entropy": 2.047394037246704, "receiver_entropy": 0.0, "original_loss": 0.9026331901550293, "mean_length": 6.0}
{"mode": "train", "epoch": 34, "loss": 3.0362726052602134, "acc": 0.044674407690763474, "acc_or": 0.5174048542976379, "sender_entropy": 1.9563854932785034, "receiver_entropy": 0.0, "original_loss": 1.0278901259104412, "mean_length": 5.99999984105428}
{"mode": "test", "epoch": 34, "loss": 3.4748449325561523, "acc": 0.06926406919956207, "acc_or": 0.5974025726318359, "sender_entropy": 2.0202505588531494, "receiver_entropy": 0.0, "original_loss": 0.8833132386207581, "mean_length": 6.0}
{"mode": "train", "epoch": 35, "loss": 3.181691805521647, "acc": 0.053418148308992386, "acc_or": 0.5318117340405782, "sender_entropy": 1.9323684374491374, "receiver_entropy": 0.0, "original_loss": 1.0025010704994202, "mean_length": 5.99999984105428}
{"mode": "test", "epoch": 35, "loss": 3.5294435024261475, "acc": 0.05627705529332161, "acc_or": 0.5963203310966492, "sender_entropy": 2.007779359817505, "receiver_entropy": 0.0, "original_loss": 0.8625057339668274, "mean_length": 6.0}
{"mode": "train", "epoch": 36, "loss": 3.3266276518503823, "acc": 0.05837074046333631, "acc_or": 0.5434941649436951, "sender_entropy": 1.903249979019165, "receiver_entropy": 0.0, "original_loss": 0.9762435356775919, "mean_length": 5.99999984105428}
{"mode": "test", "epoch": 36, "loss": 3.51377272605896, "acc": 0.095238097012043, "acc_or": 0.6341991424560547, "sender_entropy": 1.9828146696090698, "receiver_entropy": 0.0, "original_loss": 0.8454813361167908, "mean_length": 6.0}
{"mode": "train", "epoch": 37, "loss": 3.3640751043955484, "acc": 0.06091160203019778, "acc_or": 0.5553258657455444, "sender_entropy": 1.8900584777196248, "receiver_entropy": 0.0, "original_loss": 0.9609015186627706, "mean_length": 5.99999984105428}
{"mode": "test", "epoch": 37, "loss": 3.6990795135498047, "acc": 0.095238097012043, "acc_or": 0.6341991424560547, "sender_entropy": 1.976340889930725, "receiver_entropy": 0.0, "original_loss": 0.8168669939041138, "mean_length": 6.0}
{"mode": "train", "epoch": 38, "loss": 3.3555708726247153, "acc": 0.06562607983748119, "acc_or": 0.5579516092936198, "sender_entropy": 1.8871875206629436, "receiver_entropy": 0.0, "original_loss": 0.9519716501235962, "mean_length": 5.99999984105428}
{"mode": "test", "epoch": 38, "loss": 3.7416014671325684, "acc": 0.12121212482452393, "acc_or": 0.6547619104385376, "sender_entropy": 1.9865745306015015, "receiver_entropy": 0.0, "original_loss": 0.8092476725578308, "mean_length": 6.0}
{"mode": "train", "epoch": 39, "loss": 3.326202074686686, "acc": 0.070914626121521, "acc_or": 0.565207044283549, "sender_entropy": 1.8887341817220051, "receiver_entropy": 0.0, "original_loss": 0.9431279102961222, "mean_length": 5.99999984105428}
{"mode": "test", "epoch": 39, "loss": 3.8871917724609375, "acc": 0.12987013161182404, "acc_or": 0.673160195350647, "sender_entropy": 1.9832475185394287, "receiver_entropy": 0.0, "original_loss": 0.7780839204788208, "mean_length": 6.0}
{"mode": "train", "epoch": 40, "loss": 3.4314774672190347, "acc": 0.07256740580002467, "acc_or": 0.5732695261637369, "sender_entropy": 1.8676005999247234, "receiver_entropy": 0.0, "original_loss": 0.9223436514536539, "mean_length": 5.99999984105428}
{"mode": "test", "epoch": 40, "loss": 3.854013442993164, "acc": 0.11688311398029327, "acc_or": 0.6666666865348816, "sender_entropy": 1.9599863290786743, "receiver_entropy": 0.0, "original_loss": 0.760084331035614, "mean_length": 6.0}
{"mode": "train", "epoch": 41, "loss": 3.5160783926645913, "acc": 0.08401566743850708, "acc_or": 0.5868838429450989, "sender_entropy": 1.8420719703038533, "receiver_entropy": 0.0, "original_loss": 0.8997754653294882, "mean_length": 5.99999984105428}
{"mode": "test", "epoch": 41, "loss": 3.842899799346924, "acc": 0.1428571492433548, "acc_or": 0.6709956526756287, "sender_entropy": 1.9385643005371094, "receiver_entropy": 0.0, "original_loss": 0.7431960701942444, "mean_length": 6.0}
{"mode": "train", "epoch": 42, "loss": 3.5899218718210855, "acc": 0.08989950269460678, "acc_or": 0.5965548753738403, "sender_entropy": 1.8332974116007488, "receiver_entropy": 0.0, "original_loss": 0.8809661070505778, "mean_length": 5.99999984105428}
{"mode": "test", "epoch": 42, "loss": 4.045211315155029, "acc": 0.15584415197372437, "acc_or": 0.701298713684082, "sender_entropy": 1.9311710596084595, "receiver_entropy": 0.0, "original_loss": 0.7060615420341492, "mean_length": 6.0}
{"mode": "train", "epoch": 43, "loss": 3.6408260663350425, "acc": 0.09817420691251755, "acc_or": 0.6070075233777364, "sender_entropy": 1.8165841102600098, "receiver_entropy": 0.0, "original_loss": 0.8616934021313986, "mean_length": 5.99999984105428}
{"mode": "test", "epoch": 43, "loss": 4.081645965576172, "acc": 0.1818181872367859, "acc_or": 0.7175324559211731, "sender_entropy": 1.9086140394210815, "receiver_entropy": 0.0, "original_loss": 0.6764209270477295, "mean_length": 6.0}
{"mode": "train", "epoch": 44, "loss": 3.700998385747274, "acc": 0.10761934518814087, "acc_or": 0.6167510151863098, "sender_entropy": 1.7875786225001018, "receiver_entropy": 0.0, "original_loss": 0.840848465760549, "mean_length": 5.99999984105428}
{"mode": "test", "epoch": 44, "loss": 4.068347930908203, "acc": 0.17316016554832458, "acc_or": 0.726190447807312, "sender_entropy": 1.8791916370391846, "receiver_entropy": 0.0, "original_loss": 0.6503916382789612, "mean_length": 6.0}
{"mode": "train", "epoch": 45, "loss": 3.779350678126017, "acc": 0.11914386351903279, "acc_or": 0.630951722462972, "sender_entropy": 1.7681787411371868, "receiver_entropy": 0.0, "original_loss": 0.8173737525939941, "mean_length": 5.99999984105428}
{"mode": "test", "epoch": 45, "loss": 3.794710159301758, "acc": 0.1515151560306549, "acc_or": 0.7045454382896423, "sender_entropy": 1.854695439338684, "receiver_entropy": 0.0, "original_loss": 0.6655162572860718, "mean_length": 6.0}
{"mode": "train", "epoch": 46, "loss": 3.826345682144165, "acc": 0.12439679851134618, "acc_or": 0.6402037143707275, "sender_entropy": 1.7424883842468262, "receiver_entropy": 0.0, "original_loss": 0.7979419032732645, "mean_length": 5.99999984105428}
{"mode": "test", "epoch": 46, "loss": 3.9719600677490234, "acc": 0.17316016554832458, "acc_or": 0.726190447807312, "sender_entropy": 1.8376638889312744, "receiver_entropy": 0.0, "original_loss": 0.6201819181442261, "mean_length": 6.0}
{"mode": "train", "epoch": 47, "loss": 3.897711674372355, "acc": 0.1345857779184977, "acc_or": 0.6510324080785116, "sender_entropy": 1.7258793115615845, "receiver_entropy": 0.0, "original_loss": 0.7750329772631327, "mean_length": 5.99999984105428}
{"mode": "test", "epoch": 47, "loss": 4.095952033996582, "acc": 0.22510822117328644, "acc_or": 0.7326839566230774, "sender_entropy": 1.8356366157531738, "receiver_entropy": 0.0, "original_loss": 0.5902020931243896, "mean_length": 6.0}
{"mode": "train", "epoch": 48, "loss": 3.8997771739959717, "acc": 0.14300579826037088, "acc_or": 0.6569027503331503, "sender_entropy": 1.7256928284962971, "receiver_entropy": 0.0, "original_loss": 0.7647677461306254, "mean_length": 5.99999984105428}
{"mode": "test", "epoch": 48, "loss": 3.9869484901428223, "acc": 0.22077922523021698, "acc_or": 0.738095223903656, "sender_entropy": 1.821018099784851, "receiver_entropy": 0.0, "original_loss": 0.5876049995422363, "mean_length": 6.0}
{"mode": "train", "epoch": 49, "loss": 3.990766763687134, "acc": 0.15725461641947427, "acc_or": 0.669059157371521, "sender_entropy": 1.6932262976964314, "receiver_entropy": 0.0, "original_loss": 0.7376033663749695, "mean_length": 5.99999984105428}
{"mode": "test", "epoch": 49, "loss": 3.975040912628174, "acc": 0.268398255109787, "acc_or": 0.7586579918861389, "sender_entropy": 1.7779464721679688, "receiver_entropy": 0.0, "original_loss": 0.5482159852981567, "mean_length": 6.0}
{"mode": "train", "epoch": 50, "loss": 4.149625142415364, "acc": 0.17289292315642038, "acc_or": 0.6867362062136332, "sender_entropy": 1.6532034476598103, "receiver_entropy": 0.0, "original_loss": 0.7002914547920227, "mean_length": 5.99999984105428}
{"mode": "test", "epoch": 50, "loss": 4.0700201988220215, "acc": 0.29870128631591797, "acc_or": 0.7705627679824829, "sender_entropy": 1.7717771530151367, "receiver_entropy": 0.0, "original_loss": 0.5212264657020569, "mean_length": 6.0}
{"mode": "train", "epoch": 51, "loss": 4.0919443766276045, "acc": 0.1804255892833074, "acc_or": 0.6903267304102579, "sender_entropy": 1.6616498629252117, "receiver_entropy": 0.0, "original_loss": 0.696104884147644, "mean_length": 5.99999984105428}
{"mode": "test", "epoch": 51, "loss": 4.221237659454346, "acc": 0.33766233921051025, "acc_or": 0.7911255359649658, "sender_entropy": 1.7796266078948975, "receiver_entropy": 0.0, "original_loss": 0.4944387376308441, "mean_length": 6.0}
{"mode": "train", "epoch": 52, "loss": 4.029623985290527, "acc": 0.19102389613787332, "acc_or": 0.6932537158330282, "sender_entropy": 1.6702460447947185, "receiver_entropy": 0.0, "original_loss": 0.6931352814038595, "mean_length": 5.99999984105428}
{"mode": "test", "epoch": 52, "loss": 4.146055698394775, "acc": 0.3549783527851105, "acc_or": 0.8041125535964966, "sender_entropy": 1.7660170793533325, "receiver_entropy": 0.0, "original_loss": 0.4801546335220337, "mean_length": 6.0}
{"mode": "train", "epoch": 53, "loss": 4.0664693514506025, "acc": 0.1984684318304062, "acc_or": 0.7038206259409586, "sender_entropy": 1.6448747316996257, "receiver_entropy": 0.0, "original_loss": 0.6715930700302124, "mean_length": 5.99999984105428}
{"mode": "test", "epoch": 53, "loss": 3.9101722240448, "acc": 0.350649356842041, "acc_or": 0.7976190447807312, "sender_entropy": 1.7220932245254517, "receiver_entropy": 0.0, "original_loss": 0.47168347239494324, "mean_length": 6.0}
{"mode": "train", "epoch": 54, "loss": 4.160088857014974, "acc": 0.22675277292728424, "acc_or": 0.7200138568878174, "sender_entropy": 1.6017427444458008, "receiver_entropy": 0.0, "original_loss": 0.6377520759900411, "mean_length": 5.99999984105428}
{"mode": "test", "epoch": 54, "loss": 3.8872182369232178, "acc": 0.33766233921051025, "acc_or": 0.8008658289909363, "sender_entropy": 1.696826696395874, "receiver_entropy": 0.0, "original_loss": 0.45390719175338745, "mean_length": 6.0}
{"mode": "train", "epoch": 55, "loss": 4.10090446472168, "acc": 0.23414695262908936, "acc_or": 0.7235375046730042, "sender_entropy": 1.583636999130249, "receiver_entropy": 0.0, "original_loss": 0.6311429937680563, "mean_length": 5.99999984105428}
{"mode": "test", "epoch": 55, "loss": 3.845236301422119, "acc": 0.34632033109664917, "acc_or": 0.7997835278511047, "sender_entropy": 1.6858769655227661, "receiver_entropy": 0.0, "original_loss": 0.4416556656360626, "mean_length": 6.0}
{"mode": "train", "epoch": 56, "loss": 4.141167799631755, "acc": 0.24567614495754242, "acc_or": 0.7328267097473145, "sender_entropy": 1.5749003489812214, "receiver_entropy": 0.0, "original_loss": 0.6153987248738607, "mean_length": 5.99999984105428}
{"mode": "test", "epoch": 56, "loss": 4.022707939147949, "acc": 0.4458874464035034, "acc_or": 0.8322510719299316, "sender_entropy": 1.6901648044586182, "receiver_entropy": 0.0, "original_loss": 0.41036516427993774, "mean_length": 6.0}
{"mode": "train", "epoch": 57, "loss": 4.175154368082683, "acc": 0.2586516539255778, "acc_or": 0.7367722590764364, "sender_entropy": 1.5745391448338826, "receiver_entropy": 0.0, "original_loss": 0.6018302838007609, "mean_length": 5.99999984105428}
{"mode": "test", "epoch": 57, "loss": 4.117799758911133, "acc": 0.4545454680919647, "acc_or": 0.8441558480262756, "sender_entropy": 1.6948264837265015, "receiver_entropy": 0.0, "original_loss": 0.38416770100593567, "mean_length": 6.0}
{"mode": "train", "epoch": 58, "loss": 4.104026635487874, "acc": 0.25996490319569904, "acc_or": 0.740180492401123, "sender_entropy": 1.5783849557240803, "receiver_entropy": 0.0, "original_loss": 0.5979210535685221, "mean_length": 5.99999984105428}
{"mode": "test", "epoch": 58, "loss": 3.9749040603637695, "acc": 0.47186148166656494, "acc_or": 0.8441558480262756, "sender_entropy": 1.6860603094100952, "receiver_entropy": 0.0, "original_loss": 0.38281238079071045, "mean_length": 6.0}
{"mode": "train", "epoch": 59, "loss": 4.103078524271647, "acc": 0.2829416294892629, "acc_or": 0.7512775262196859, "sender_entropy": 1.5561867554982503, "receiver_entropy": 0.0, "original_loss": 0.5770354270935059, "mean_length": 5.99999984105428}
{"mode": "test", "epoch": 59, "loss": 3.8722784519195557, "acc": 0.5281385183334351, "acc_or": 0.8647186160087585, "sender_entropy": 1.6353693008422852, "receiver_entropy": 0.0, "original_loss": 0.3596952557563782, "mean_length": 6.0}
{"mode": "train", "epoch": 60, "loss": 4.126036961873372, "acc": 0.2956175208091736, "acc_or": 0.7598625620206197, "sender_entropy": 1.5252271095911663, "receiver_entropy": 0.0, "original_loss": 0.559955378373464, "mean_length": 5.99999984105428}
{"mode": "test", "epoch": 60, "loss": 3.844749927520752, "acc": 0.5454545617103577, "acc_or": 0.8647186160087585, "sender_entropy": 1.6309309005737305, "receiver_entropy": 0.0, "original_loss": 0.3520468473434448, "mean_length": 6.0}
{"mode": "train", "epoch": 61, "loss": 4.22452974319458, "acc": 0.3173087139924367, "acc_or": 0.7684839169184366, "sender_entropy": 1.5166653792063396, "receiver_entropy": 0.0, "original_loss": 0.5361229578653971, "mean_length": 5.99999984105428}
{"mode": "test", "epoch": 61, "loss": 3.858531951904297, "acc": 0.5411255359649658, "acc_or": 0.8679653406143188, "sender_entropy": 1.6307339668273926, "receiver_entropy": 0.0, "original_loss": 0.34321480989456177, "mean_length": 6.0}
{"mode": "train", "epoch": 62, "loss": 4.160055637359619, "acc": 0.3394678731759389, "acc_or": 0.7778009176254272, "sender_entropy": 1.5102283159891765, "receiver_entropy": 0.0, "original_loss": 0.5286432504653931, "mean_length": 5.99999984105428}
{"mode": "test", "epoch": 62, "loss": 3.9091477394104004, "acc": 0.6017315983772278, "acc_or": 0.8885281085968018, "sender_entropy": 1.6058732271194458, "receiver_entropy": 0.0, "original_loss": 0.3086754083633423, "mean_length": 6.0}
{"mode": "train", "epoch": 63, "loss": 4.199020226796468, "acc": 0.35554249087969464, "acc_or": 0.7856849829355875, "sender_entropy": 1.4852484464645386, "receiver_entropy": 0.0, "original_loss": 0.508065938949585, "mean_length": 5.99999984105428}
{"mode": "test", "epoch": 63, "loss": 3.7533183097839355, "acc": 0.6277056336402893, "acc_or": 0.8928571343421936, "sender_entropy": 1.579584002494812, "receiver_entropy": 0.0, "original_loss": 0.30338039994239807, "mean_length": 6.0}
{"mode": "train", "epoch": 64, "loss": 4.175827662150065, "acc": 0.3658559223016103, "acc_or": 0.7931669354438782, "sender_entropy": 1.4707667032877605, "receiver_entropy": 0.0, "original_loss": 0.49311988552411395, "mean_length": 5.99999984105428}
{"mode": "test", "epoch": 64, "loss": 3.7722392082214355, "acc": 0.6320346593856812, "acc_or": 0.8939393758773804, "sender_entropy": 1.5648680925369263, "receiver_entropy": 0.0, "original_loss": 0.2852391302585602, "mean_length": 6.0}
{"mode": "train", "epoch": 65, "loss": 4.1890549659729, "acc": 0.38022955258687335, "acc_or": 0.7977870106697083, "sender_entropy": 1.463679552078247, "receiver_entropy": 0.0, "original_loss": 0.48338467876116437, "mean_length": 5.99999984105428}
{"mode": "test", "epoch": 65, "loss": 3.7644217014312744, "acc": 0.6450216174125671, "acc_or": 0.9015151262283325, "sender_entropy": 1.5504881143569946, "receiver_entropy": 0.0, "original_loss": 0.2755393385887146, "mean_length": 6.0}
{"mode": "train", "epoch": 66, "loss": 4.190530300140381, "acc": 0.40549859404563904, "acc_or": 0.8059741258621216, "sender_entropy": 1.4530712366104126, "receiver_entropy": 0.0, "original_loss": 0.46700936555862427, "mean_length": 5.99999984105428}
{"mode": "test", "epoch": 66, "loss": 3.757572889328003, "acc": 0.6839826703071594, "acc_or": 0.911255419254303, "sender_entropy": 1.5481584072113037, "receiver_entropy": 0.0, "original_loss": 0.26575079560279846, "mean_length": 6.0}
{"mode": "train", "epoch": 67, "loss": 4.17894967397054, "acc": 0.4242827792962392, "acc_or": 0.8147469957669576, "sender_entropy": 1.4427731434504192, "receiver_entropy": 0.0, "original_loss": 0.45327505469322205, "mean_length": 5.99999984105428}
{"mode": "test", "epoch": 67, "loss": 3.7833988666534424, "acc": 0.7272727489471436, "acc_or": 0.9296537041664124, "sender_entropy": 1.526499629020691, "receiver_entropy": 0.0, "original_loss": 0.23507119715213776, "mean_length": 6.0}
{"mode": "train", "epoch": 68, "loss": 4.177676677703857, "acc": 0.4421130418777466, "acc_or": 0.8228567043940226, "sender_entropy": 1.419564962387085, "receiver_entropy": 0.0, "original_loss": 0.43701154987017315, "mean_length": 5.99999984105428}
{"mode": "test", "epoch": 68, "loss": 3.621580123901367, "acc": 0.6969696879386902, "acc_or": 0.9188311696052551, "sender_entropy": 1.5091575384140015, "receiver_entropy": 0.0, "original_loss": 0.2408369928598404, "mean_length": 6.0}
{"mode": "train", "epoch": 69, "loss": 4.211152712504069, "acc": 0.4670364260673523, "acc_or": 0.8322751124699911, "sender_entropy": 1.4008784294128418, "receiver_entropy": 0.0, "original_loss": 0.41712866226832074, "mean_length": 5.99999984105428}
{"mode": "test", "epoch": 69, "loss": 3.65973162651062, "acc": 0.7575757503509521, "acc_or": 0.9372294545173645, "sender_entropy": 1.4878264665603638, "receiver_entropy": 0.0, "original_loss": 0.21564026176929474, "mean_length": 6.0}
{"mode": "train", "epoch": 70, "loss": 4.15325911839803, "acc": 0.4718494613965352, "acc_or": 0.8353648583094279, "sender_entropy": 1.3934812148412068, "receiver_entropy": 0.0, "original_loss": 0.41145529349644977, "mean_length": 5.99999984105428}
{"mode": "test", "epoch": 70, "loss": 3.626101016998291, "acc": 0.8008658289909363, "acc_or": 0.948051929473877, "sender_entropy": 1.4663538932800293, "receiver_entropy": 0.0, "original_loss": 0.1955815702676773, "mean_length": 6.0}
{"mode": "train", "epoch": 71, "loss": 4.258907477060954, "acc": 0.49810729424158734, "acc_or": 0.8454386591911316, "sender_entropy": 1.3763564030329387, "receiver_entropy": 0.0, "original_loss": 0.3841557006041209, "mean_length": 5.99999984105428}
{"mode": "test", "epoch": 71, "loss": 3.671971082687378, "acc": 0.8181818127632141, "acc_or": 0.9534631967544556, "sender_entropy": 1.4575070142745972, "receiver_entropy": 0.0, "original_loss": 0.17291563749313354, "mean_length": 6.0}
{"mode": "train", "epoch": 72, "loss": 4.222367286682129, "acc": 0.5103022654851278, "acc_or": 0.8497883280118307, "sender_entropy": 1.371879021326701, "receiver_entropy": 0.0, "original_loss": 0.3768047293027242, "mean_length": 5.99999984105428}
{"mode": "test", "epoch": 72, "loss": 3.722557306289673, "acc": 0.8744588494300842, "acc_or": 0.9686146974563599, "sender_entropy": 1.4617849588394165, "receiver_entropy": 0.0, "original_loss": 0.16738636791706085, "mean_length": 6.0}
{"mode": "train", "epoch": 73, "loss": 4.184580643971761, "acc": 0.516065259774526, "acc_or": 0.8527548710505167, "sender_entropy": 1.3722537755966187, "receiver_entropy": 0.0, "original_loss": 0.37251314520835876, "mean_length": 5.99999984105428}
{"mode": "test", "epoch": 73, "loss": 3.729800224304199, "acc": 0.8398268222808838, "acc_or": 0.959956705570221, "sender_entropy": 1.4608395099639893, "receiver_entropy": 0.0, "original_loss": 0.16007553040981293, "mean_length": 6.0}
{"mode": "train", "epoch": 74, "loss": 4.145669619242351, "acc": 0.519891639550527, "acc_or": 0.8533215721448263, "sender_entropy": 1.3701728979746501, "receiver_entropy": 0.0, "original_loss": 0.3658701380093892, "mean_length": 5.99999984105428}
{"mode": "test", "epoch": 74, "loss": 3.62774395942688, "acc": 0.8354978561401367, "acc_or": 0.9588744640350342, "sender_entropy": 1.4455022811889648, "receiver_entropy": 0.0, "original_loss": 0.15968729555606842, "mean_length": 6.0}
{"mode": "train", "epoch": 75, "loss": 4.128677209218343, "acc": 0.5388707915941874, "acc_or": 0.860135555267334, "sender_entropy": 1.3537684281667073, "receiver_entropy": 0.0, "original_loss": 0.3526550034681956, "mean_length": 5.99999984105428}
{"mode": "test", "epoch": 75, "loss": 3.5917904376983643, "acc": 0.8787878751754761, "acc_or": 0.9696969985961914, "sender_entropy": 1.4387195110321045, "receiver_entropy": 0.0, "original_loss": 0.14910680055618286, "mean_length": 6.0}
{"mode": "train", "epoch": 76, "loss": 4.128061771392822, "acc": 0.5630499521891276, "acc_or": 0.8684910933176676, "sender_entropy": 1.3413159847259521, "receiver_entropy": 0.0, "original_loss": 0.3389267921447754, "mean_length": 5.99999984105428}
{"mode": "test", "epoch": 76, "loss": 3.576624631881714, "acc": 0.8831169009208679, "acc_or": 0.9707792401313782, "sender_entropy": 1.4311885833740234, "receiver_entropy": 0.0, "original_loss": 0.13702557981014252, "mean_length": 6.0}
{"mode": "train", "epoch": 77, "loss": 4.1132354736328125, "acc": 0.5716940760612488, "acc_or": 0.8726734121640524, "sender_entropy": 1.3283391396204631, "receiver_entropy": 0.0, "original_loss": 0.3281761109828949, "mean_length": 5.99999984105428}
{"mode": "test", "epoch": 77, "loss": 3.5092670917510986, "acc": 0.8787878751754761, "acc_or": 0.9696969985961914, "sender_entropy": 1.4194742441177368, "receiver_entropy": 0.0, "original_loss": 0.1342615783214569, "mean_length": 6.0}
{"mode": "train", "epoch": 78, "loss": 4.034381707509358, "acc": 0.5787803729375204, "acc_or": 0.8754664262135824, "sender_entropy": 1.3184755245844524, "receiver_entropy": 0.0, "original_loss": 0.3226066827774048, "mean_length": 5.99999984105428}
{"mode": "test", "epoch": 78, "loss": 3.5021347999572754, "acc": 0.9090909361839294, "acc_or": 0.976190447807312, "sender_entropy": 1.4086885452270508, "receiver_entropy": 0.0, "original_loss": 0.11888778209686279, "mean_length": 6.0}
{"mode": "train", "epoch": 79, "loss": 4.059131940205892, "acc": 0.5917234818140665, "acc_or": 0.8793923656145731, "sender_entropy": 1.3084983428319295, "receiver_entropy": 0.0, "original_loss": 0.3108600576718648, "mean_length": 5.99999984105428}
{"mode": "test", "epoch": 79, "loss": 3.4044065475463867, "acc": 0.9047619104385376, "acc_or": 0.976190447807312, "sender_entropy": 1.3999747037887573, "receiver_entropy": 0.0, "original_loss": 0.12444251030683517, "mean_length": 6.0}
{"mode": "train", "epoch": 80, "loss": 3.9570273558298745, "acc": 0.5760560631752014, "acc_or": 0.8734186093012491, "sender_entropy": 1.319760839144389, "receiver_entropy": 0.0, "original_loss": 0.31924429535865784, "mean_length": 5.99999984105428}
{"mode": "test", "epoch": 80, "loss": 3.41192364692688, "acc": 0.9004328846931458, "acc_or": 0.9751082062721252, "sender_entropy": 1.415014624595642, "receiver_entropy": 0.0, "original_loss": 0.1268698126077652, "mean_length": 6.0}
{"mode": "train", "epoch": 81, "loss": 3.918882449467977, "acc": 0.5805252194404602, "acc_or": 0.8754624724388123, "sender_entropy": 1.3244586785634358, "receiver_entropy": 0.0, "original_loss": 0.3185169001420339, "mean_length": 5.99999984105428}
{"mode": "test", "epoch": 81, "loss": 3.495795965194702, "acc": 0.9220778942108154, "acc_or": 0.9805194735527039, "sender_entropy": 1.4162606000900269, "receiver_entropy": 0.0, "original_loss": 0.10906669497489929, "mean_length": 6.0}
{"mode": "train", "epoch": 82, "loss": 3.8715673287709556, "acc": 0.6037595073382059, "acc_or": 0.8815145492553711, "sender_entropy": 1.3195912440617878, "receiver_entropy": 0.0, "original_loss": 0.31009628375371295, "mean_length": 5.99999984105428}
{"mode": "test", "epoch": 82, "loss": 3.395878553390503, "acc": 0.939393937587738, "acc_or": 0.9848484992980957, "sender_entropy": 1.3962899446487427, "receiver_entropy": 0.0, "original_loss": 0.10549226403236389, "mean_length": 6.0}
{"mode": "train", "epoch": 83, "loss": 3.941640059153239, "acc": 0.6200154026349386, "acc_or": 0.8890316287676493, "sender_entropy": 1.2962706089019775, "receiver_entropy": 0.0, "original_loss": 0.2855728069941203, "mean_length": 5.99999984105428}
{"mode": "test", "epoch": 83, "loss": 3.3663218021392822, "acc": 0.9350649118423462, "acc_or": 0.9826839566230774, "sender_entropy": 1.3904364109039307, "receiver_entropy": 0.0, "original_loss": 0.09845928847789764, "mean_length": 6.0}
{"mode": "train", "epoch": 84, "loss": 3.9228402773539224, "acc": 0.6320244272549947, "acc_or": 0.8928786317507426, "sender_entropy": 1.2926366726557414, "receiver_entropy": 0.0, "original_loss": 0.27985267837842304, "mean_length": 5.99999984105428}
{"mode": "test", "epoch": 84, "loss": 3.3672258853912354, "acc": 0.948051929473877, "acc_or": 0.9870129823684692, "sender_entropy": 1.390897274017334, "receiver_entropy": 0.0, "original_loss": 0.09055617451667786, "mean_length": 6.0}
{"mode": "train", "epoch": 85, "loss": 3.8596128622690835, "acc": 0.6243957281112671, "acc_or": 0.8909488916397095, "sender_entropy": 1.3017057180404663, "receiver_entropy": 0.0, "original_loss": 0.28342700004577637, "mean_length": 5.99999984105428}
{"mode": "test", "epoch": 85, "loss": 3.3295111656188965, "acc": 0.9307359457015991, "acc_or": 0.9816017150878906, "sender_entropy": 1.3849701881408691, "receiver_entropy": 0.0, "original_loss": 0.09480451047420502, "mean_length": 6.0}
{"mode": "train", "epoch": 86, "loss": 3.8576881885528564, "acc": 0.6375460426012675, "acc_or": 0.8945771058400472, "sender_entropy": 1.2985590696334839, "receiver_entropy": 0.0, "original_loss": 0.2760746280352275, "mean_length": 5.99999984105428}
{"mode": "test", "epoch": 86, "loss": 3.3097002506256104, "acc": 0.9350649118423462, "acc_or": 0.9826839566230774, "sender_entropy": 1.3804935216903687, "receiver_entropy": 0.0, "original_loss": 0.08856803178787231, "mean_length": 6.0}
{"mode": "train", "epoch": 87, "loss": 3.862429618835449, "acc": 0.6451528072357178, "acc_or": 0.8975195487340292, "sender_entropy": 1.2893691460291545, "receiver_entropy": 0.0, "original_loss": 0.26683760682741803, "mean_length": 5.99999984105428}
{"mode": "test", "epoch": 87, "loss": 3.2189698219299316, "acc": 0.9307359457015991, "acc_or": 0.9826839566230774, "sender_entropy": 1.3750280141830444, "receiver_entropy": 0.0, "original_loss": 0.09452826529741287, "mean_length": 6.0}
{"mode": "train", "epoch": 88, "loss": 3.792609453201294, "acc": 0.6441096862157186, "acc_or": 0.898970365524292, "sender_entropy": 1.2843873103459675, "receiver_entropy": 0.0, "original_loss": 0.266264667113622, "mean_length": 5.99999984105428}
{"mode": "test", "epoch": 88, "loss": 3.238604784011841, "acc": 0.939393937587738, "acc_or": 0.9848484992980957, "sender_entropy": 1.3657276630401611, "receiver_entropy": 0.0, "original_loss": 0.08260753005743027, "mean_length": 6.0}
{"mode": "train", "epoch": 89, "loss": 3.7909530798594155, "acc": 0.6651584704717001, "acc_or": 0.9036498864491781, "sender_entropy": 1.2758092880249023, "receiver_entropy": 0.0, "original_loss": 0.2544691165288289, "mean_length": 5.99999984105428}
{"mode": "test", "epoch": 89, "loss": 3.237893581390381, "acc": 0.9264069199562073, "acc_or": 0.9816017150878906, "sender_entropy": 1.367129921913147, "receiver_entropy": 0.0, "original_loss": 0.07619576156139374, "mean_length": 6.0}
{"mode": "train", "epoch": 90, "loss": 3.7693022092183432, "acc": 0.6746025482813517, "acc_or": 0.9059327443440756, "sender_entropy": 1.275168736775716, "receiver_entropy": 0.0, "original_loss": 0.25077114005883533, "mean_length": 5.99999984105428}
{"mode": "test", "epoch": 90, "loss": 3.2441928386688232, "acc": 0.9567099809646606, "acc_or": 0.9891774654388428, "sender_entropy": 1.3718693256378174, "receiver_entropy": 0.0, "original_loss": 0.07072024047374725, "mean_length": 6.0}
{"mode": "train", "epoch": 91, "loss": 3.7785680294036865, "acc": 0.6776455243428549, "acc_or": 0.9082434773445129, "sender_entropy": 1.280312140782674, "receiver_entropy": 0.0, "original_loss": 0.24378728866577148, "mean_length": 5.99999984105428}
{"mode": "test", "epoch": 91, "loss": 3.185563087463379, "acc": 0.9437229633331299, "acc_or": 0.9859307408332825, "sender_entropy": 1.3768254518508911, "receiver_entropy": 0.0, "original_loss": 0.0719493106007576, "mean_length": 6.0}
{"mode": "train", "epoch": 92, "loss": 3.689779202143351, "acc": 0.6766754190127054, "acc_or": 0.9080907106399536, "sender_entropy": 1.2828254302342732, "receiver_entropy": 0.0, "original_loss": 0.24623200297355652, "mean_length": 5.99999984105428}
{"mode": "test", "epoch": 92, "loss": 3.171724319458008, "acc": 0.9610389471054077, "acc_or": 0.9902597665786743, "sender_entropy": 1.3712931871414185, "receiver_entropy": 0.0, "original_loss": 0.06600078195333481, "mean_length": 6.0}
{"mode": "train", "epoch": 93, "loss": 3.6733974615732827, "acc": 0.6847969094912211, "acc_or": 0.9103501240412394, "sender_entropy": 1.2718310753504436, "receiver_entropy": 0.0, "original_loss": 0.23983668784300485, "mean_length": 5.99999984105428}
{"mode": "test", "epoch": 93, "loss": 3.0810554027557373, "acc": 0.9350649118423462, "acc_or": 0.9837662577629089, "sender_entropy": 1.3553787469863892, "receiver_entropy": 0.0, "original_loss": 0.0712156891822815, "mean_length": 6.0}
{"mode": "train", "epoch": 94, "loss": 3.603816032409668, "acc": 0.6883553266525269, "acc_or": 0.9118828574816386, "sender_entropy": 1.2660670677820842, "receiver_entropy": 0.0, "original_loss": 0.23891282081604004, "mean_length": 5.99999984105428}
{"mode": "test", "epoch": 94, "loss": 3.1238317489624023, "acc": 0.9783549904823303, "acc_or": 0.9945887327194214, "sender_entropy": 1.3524874448776245, "receiver_entropy": 0.0, "original_loss": 0.05798621475696564, "mean_length": 6.0}
{"mode": "train", "epoch": 95, "loss": 3.6114673614501953, "acc": 0.7002420624097189, "acc_or": 0.9150791565577189, "sender_entropy": 1.259174148241679, "receiver_entropy": 0.0, "original_loss": 0.2297642876704534, "mean_length": 5.99999984105428}
{"mode": "test", "epoch": 95, "loss": 3.041564464569092, "acc": 0.9870129823684692, "acc_or": 0.9967532753944397, "sender_entropy": 1.3431718349456787, "receiver_entropy": 0.0, "original_loss": 0.06044042110443115, "mean_length": 6.0}
{"mode": "train", "epoch": 96, "loss": 3.5641860167185464, "acc": 0.7019027670224508, "acc_or": 0.9164434671401978, "sender_entropy": 1.2513832251230876, "receiver_entropy": 0.0, "original_loss": 0.2286676565806071, "mean_length": 5.99999984105428}
{"mode": "test", "epoch": 96, "loss": 3.078864097595215, "acc": 0.9913420081138611, "acc_or": 0.9978355169296265, "sender_entropy": 1.350844144821167, "receiver_entropy": 0.0, "original_loss": 0.05433807894587517, "mean_length": 6.0}
{"mode": "train", "epoch": 97, "loss": 3.560750881830851, "acc": 0.7109062075614929, "acc_or": 0.9192726214726766, "sender_entropy": 1.253129243850708, "receiver_entropy": 0.0, "original_loss": 0.22131682435671488, "mean_length": 5.99999984105428}
{"mode": "test", "epoch": 97, "loss": 3.071564197540283, "acc": 0.9783549904823303, "acc_or": 0.9945887327194214, "sender_entropy": 1.343184232711792, "receiver_entropy": 0.0, "original_loss": 0.05274181440472603, "mean_length": 6.0}
{"mode": "train", "epoch": 98, "loss": 3.523037592569987, "acc": 0.7053385376930237, "acc_or": 0.9182729522387186, "sender_entropy": 1.2499849796295166, "receiver_entropy": 0.0, "original_loss": 0.22227819760640463, "mean_length": 5.99999984105428}
{"mode": "test", "epoch": 98, "loss": 3.041368007659912, "acc": 0.9740259647369385, "acc_or": 0.9924242496490479, "sender_entropy": 1.3410841226577759, "receiver_entropy": 0.0, "original_loss": 0.048403549939394, "mean_length": 6.0}
{"mode": "train", "epoch": 99, "loss": 3.510584990183512, "acc": 0.7178734342257181, "acc_or": 0.9218210379282633, "sender_entropy": 1.2502007484436035, "receiver_entropy": 0.0, "original_loss": 0.2162251671155294, "mean_length": 5.99999984105428}
{"mode": "test", "epoch": 99, "loss": 2.98239803314209, "acc": 0.9653679728507996, "acc_or": 0.9913420081138611, "sender_entropy": 1.3415262699127197, "receiver_entropy": 0.0, "original_loss": 0.05276772752404213, "mean_length": 6.0}
{"mode": "train", "epoch": 100, "loss": 3.455157438913981, "acc": 0.7265556653340658, "acc_or": 0.9234907229741415, "sender_entropy": 1.2491413752237956, "receiver_entropy": 0.0, "original_loss": 0.21243067582448324, "mean_length": 5.99999984105428}
{"mode": "test", "epoch": 100, "loss": 2.9652626514434814, "acc": 0.9870129823684692, "acc_or": 0.9967532753944397, "sender_entropy": 1.3433682918548584, "receiver_entropy": 0.0, "original_loss": 0.045531004667282104, "mean_length": 6.0}
{"mode": "train", "epoch": 101, "loss": 3.3733795483907065, "acc": 0.7134833931922913, "acc_or": 0.9196104605992635, "sender_entropy": 1.2531030178070068, "receiver_entropy": 0.0, "original_loss": 0.2217728445927302, "mean_length": 5.99999984105428}
{"mode": "test", "epoch": 101, "loss": 2.9139552116394043, "acc": 0.9783549904823303, "acc_or": 0.9945887327194214, "sender_entropy": 1.3397895097732544, "receiver_entropy": 0.0, "original_loss": 0.04654114693403244, "mean_length": 6.0}
{"mode": "train", "epoch": 102, "loss": 3.4626646041870117, "acc": 0.7387358943621317, "acc_or": 0.9275272687276205, "sender_entropy": 1.2446012496948242, "receiver_entropy": 0.0, "original_loss": 0.20094614724318186, "mean_length": 5.99999984105428}
{"mode": "test", "epoch": 102, "loss": 2.8899927139282227, "acc": 1.0, "acc_or": 1.0, "sender_entropy": 1.3233424425125122, "receiver_entropy": 0.0, "original_loss": 0.03742238134145737, "mean_length": 6.0}
{"epoch": 102, "positional_disent": 0.10105768591165543, "bag_of_symbol_disent": 0.1654098927974701, "topographic_sim": 0.47228059884927076}
{"generalization hold out": {"acc": 0.92578125, "acc_or": 0.9752604365348816}, "uniform holdout": {"acc": 0.8799999952316284, "acc_or": 0.9699999690055847}, "epoch": 102}
---End--
