nohup: ignoring input
{"mode": "train", "epoch": 1, "loss": -6.625439167022705, "acc": 0.0025912177516147494, "acc_or": 0.24275428553422293, "sender_entropy": 2.2997907797495523, "receiver_entropy": 0.0, "original_loss": 1.5749247868855794, "mean_length": 5.99999984105428}
{"mode": "test", "epoch": 1, "loss": 1.4740450382232666, "acc": 0.0, "acc_or": 0.21320345997810364, "sender_entropy": 2.2958383560180664, "receiver_entropy": 0.0, "original_loss": 1.4847303628921509, "mean_length": 6.0}
{"mode": "train", "epoch": 2, "loss": 1.420584996541341, "acc": 0.0037361158368488154, "acc_or": 0.2514209548632304, "sender_entropy": 2.295189142227173, "receiver_entropy": 0.0, "original_loss": 1.4806556304295857, "mean_length": 5.99999984105428}
{"mode": "test", "epoch": 2, "loss": 1.9112199544906616, "acc": 0.0043290043249726295, "acc_or": 0.25108224153518677, "sender_entropy": 2.2943081855773926, "receiver_entropy": 0.0, "original_loss": 1.3953697681427002, "mean_length": 6.0}
{"mode": "train", "epoch": 3, "loss": 1.7922652959823608, "acc": 0.0045982964026431246, "acc_or": 0.2597533067067464, "sender_entropy": 2.2942557334899902, "receiver_entropy": 0.0, "original_loss": 1.4001363515853882, "mean_length": 5.99999984105428}
{"mode": "test", "epoch": 3, "loss": 1.510597586631775, "acc": 0.008658008649945259, "acc_or": 0.3030303120613098, "sender_entropy": 2.2951924800872803, "receiver_entropy": 0.0, "original_loss": 1.3849217891693115, "mean_length": 6.0}
{"mode": "train", "epoch": 4, "loss": 1.4559760491053264, "acc": 0.004690377662579219, "acc_or": 0.2566155294577281, "sender_entropy": 2.2963192462921143, "receiver_entropy": 0.0, "original_loss": 1.3878143628438313, "mean_length": 5.99999984105428}
{"mode": "test", "epoch": 4, "loss": 1.3011562824249268, "acc": 0.008658008649945259, "acc_or": 0.30844154953956604, "sender_entropy": 2.297276735305786, "receiver_entropy": 0.0, "original_loss": 1.3777567148208618, "mean_length": 6.0}
{"mode": "train", "epoch": 5, "loss": 1.1780800024668376, "acc": 0.004879215576996406, "acc_or": 0.2585851152737935, "sender_entropy": 2.298103173573812, "receiver_entropy": 0.0, "original_loss": 1.3872726758321126, "mean_length": 5.99999984105428}
{"mode": "test", "epoch": 5, "loss": 1.257035493850708, "acc": 0.008658008649945259, "acc_or": 0.3062770664691925, "sender_entropy": 2.298236131668091, "receiver_entropy": 0.0, "original_loss": 1.3661726713180542, "mean_length": 6.0}
{"mode": "train", "epoch": 6, "loss": 1.0109973748524983, "acc": 0.004809435456991196, "acc_or": 0.26117579142252606, "sender_entropy": 2.2986568609873452, "receiver_entropy": 0.0, "original_loss": 1.3863931099573772, "mean_length": 5.99999984105428}
{"mode": "test", "epoch": 6, "loss": 1.2355024814605713, "acc": 0.017316017299890518, "acc_or": 0.3603896200656891, "sender_entropy": 2.298773765563965, "receiver_entropy": 0.0, "original_loss": 1.3573960065841675, "mean_length": 6.0}
{"mode": "train", "epoch": 7, "loss": 0.9016228318214417, "acc": 0.0037584168215592704, "acc_or": 0.2609969476858775, "sender_entropy": 2.2990212440490723, "receiver_entropy": 0.0, "original_loss": 1.38521142800649, "mean_length": 5.99999984105428}
{"mode": "test", "epoch": 7, "loss": 1.3046685457229614, "acc": 0.012987012974917889, "acc_or": 0.4047619104385376, "sender_entropy": 2.299546003341675, "receiver_entropy": 0.0, "original_loss": 1.3442636728286743, "mean_length": 6.0}
{"mode": "train", "epoch": 8, "loss": 0.8119216163953146, "acc": 0.005238187809785207, "acc_or": 0.26538949211438495, "sender_entropy": 2.2996193567911782, "receiver_entropy": 0.0, "original_loss": 1.385053277015686, "mean_length": 5.99999984105428}
{"mode": "test", "epoch": 8, "loss": 1.29017174243927, "acc": 0.03896103799343109, "acc_or": 0.4523809552192688, "sender_entropy": 2.30007266998291, "receiver_entropy": 0.0, "original_loss": 1.3397272825241089, "mean_length": 6.0}
{"mode": "train", "epoch": 9, "loss": 0.7488839427630106, "acc": 0.005449326708912849, "acc_or": 0.26658789316813153, "sender_entropy": 2.3000990549723306, "receiver_entropy": 0.0, "original_loss": 1.3844775756200154, "mean_length": 5.99999984105428}
{"mode": "test", "epoch": 9, "loss": 1.2956682443618774, "acc": 0.03030303120613098, "acc_or": 0.4264069199562073, "sender_entropy": 2.300238609313965, "receiver_entropy": 0.0, "original_loss": 1.3346816301345825, "mean_length": 6.0}
{"mode": "train", "epoch": 10, "loss": 0.6952643195788065, "acc": 0.0054446506934861345, "acc_or": 0.2671324710051219, "sender_entropy": 2.3002305825551352, "receiver_entropy": 0.0, "original_loss": 1.3842970927556355, "mean_length": 5.99999984105428}
{"mode": "test", "epoch": 10, "loss": 1.291617751121521, "acc": 0.0476190485060215, "acc_or": 0.4967532455921173, "sender_entropy": 2.3001151084899902, "receiver_entropy": 0.0, "original_loss": 1.3312290906906128, "mean_length": 6.0}
{"mode": "train", "epoch": 11, "loss": 0.6589003801345825, "acc": 0.006502143573015928, "acc_or": 0.27293844024340314, "sender_entropy": 2.3000360329945884, "receiver_entropy": 0.0, "original_loss": 1.3835598627726238, "mean_length": 5.99999984105428}
{"mode": "test", "epoch": 11, "loss": 1.3463878631591797, "acc": 0.03896103799343109, "acc_or": 0.481601744890213, "sender_entropy": 2.2997941970825195, "receiver_entropy": 0.0, "original_loss": 1.3233857154846191, "mean_length": 6.0}
{"mode": "train", "epoch": 12, "loss": 0.6299844781557719, "acc": 0.006484518758952618, "acc_or": 0.2770550847053528, "sender_entropy": 2.2995797793070474, "receiver_entropy": 0.0, "original_loss": 1.3827996651331584, "mean_length": 5.99999984105428}
{"mode": "test", "epoch": 12, "loss": 1.3615789413452148, "acc": 0.034632034599781036, "acc_or": 0.48917749524116516, "sender_entropy": 2.2992491722106934, "receiver_entropy": 0.0, "original_loss": 1.3193013668060303, "mean_length": 6.0}
{"mode": "train", "epoch": 13, "loss": 0.6087988615036011, "acc": 0.005552558073153098, "acc_or": 0.279330054918925, "sender_entropy": 2.2987597783406577, "receiver_entropy": 0.0, "original_loss": 1.381799578666687, "mean_length": 5.99999984105428}
{"mode": "test", "epoch": 13, "loss": 1.364294409751892, "acc": 0.021645020693540573, "acc_or": 0.4783549904823303, "sender_entropy": 2.2981438636779785, "receiver_entropy": 0.0, "original_loss": 1.3161990642547607, "mean_length": 6.0}
{"mode": "train", "epoch": 14, "loss": 0.6031472285588583, "acc": 0.005714419297873974, "acc_or": 0.28905009229977924, "sender_entropy": 2.2972517808278403, "receiver_entropy": 0.0, "original_loss": 1.3797984917958577, "mean_length": 5.99999984105428}
{"mode": "test", "epoch": 14, "loss": 1.1812279224395752, "acc": 0.017316017299890518, "acc_or": 0.457792192697525, "sender_entropy": 2.2959465980529785, "receiver_entropy": 0.0, "original_loss": 1.329713225364685, "mean_length": 6.0}
{"mode": "train", "epoch": 15, "loss": 0.6117406487464905, "acc": 0.007173687685281038, "acc_or": 0.29364532232284546, "sender_entropy": 2.2943394978841147, "receiver_entropy": 0.0, "original_loss": 1.376766045888265, "mean_length": 5.99999984105428}
{"mode": "test", "epoch": 15, "loss": 0.29609036445617676, "acc": 0.021645020693540573, "acc_or": 0.3961038887500763, "sender_entropy": 2.291826009750366, "receiver_entropy": 0.0, "original_loss": 1.4109026193618774, "mean_length": 6.0}
{"mode": "train", "epoch": 16, "loss": 0.6397168040275574, "acc": 0.007043479320903619, "acc_or": 0.3028453489144643, "sender_entropy": 2.28914467493693, "receiver_entropy": 0.0, "original_loss": 1.372033675511678, "mean_length": 5.99999984105428}
{"mode": "test", "epoch": 16, "loss": 0.013246536254882812, "acc": 0.008658008649945259, "acc_or": 0.37012988328933716, "sender_entropy": 2.2844622135162354, "receiver_entropy": 0.0, "original_loss": 1.4392788410186768, "mean_length": 6.0}
{"mode": "train", "epoch": 17, "loss": 0.7178733348846436, "acc": 0.009457009534041086, "acc_or": 0.31555071473121643, "sender_entropy": 2.2794552644093833, "receiver_entropy": 0.0, "original_loss": 1.3628965218861897, "mean_length": 5.99999984105428}
{"mode": "test", "epoch": 17, "loss": 0.5855165719985962, "acc": 0.008658008649945259, "acc_or": 0.369047611951828, "sender_entropy": 2.2706241607666016, "receiver_entropy": 0.0, "original_loss": 1.383435845375061, "mean_length": 6.0}
{"mode": "train", "epoch": 18, "loss": 0.8965843518575033, "acc": 0.012834153138101101, "acc_or": 0.33953657746315, "sender_entropy": 2.2600114345550537, "receiver_entropy": 0.0, "original_loss": 1.3440265655517578, "mean_length": 5.99999984105428}
{"mode": "test", "epoch": 18, "loss": 1.8735177516937256, "acc": 0.012987012974917889, "acc_or": 0.43614718317985535, "sender_entropy": 2.242509603500366, "receiver_entropy": 0.0, "original_loss": 1.2315278053283691, "mean_length": 6.0}
{"mode": "train", "epoch": 19, "loss": 1.1789401372273762, "acc": 0.015079348348081112, "acc_or": 0.36670658985773724, "sender_entropy": 2.22802742322286, "receiver_entropy": 0.0, "original_loss": 1.3140418926874797, "mean_length": 5.99999984105428}
{"mode": "test", "epoch": 19, "loss": 2.276564359664917, "acc": 0.017316017299890518, "acc_or": 0.4545454680919647, "sender_entropy": 2.211385726928711, "receiver_entropy": 0.0, "original_loss": 1.1620476245880127, "mean_length": 6.0}
{"mode": "train", "epoch": 20, "loss": 1.506329615910848, "acc": 0.017784947529435158, "acc_or": 0.386616329352061, "sender_entropy": 2.186846892038981, "receiver_entropy": 0.0, "original_loss": 1.275951345761617, "mean_length": 5.99999984105428}
{"mode": "test", "epoch": 20, "loss": 2.161841869354248, "acc": 0.017316017299890518, "acc_or": 0.4675324559211731, "sender_entropy": 2.1692605018615723, "receiver_entropy": 0.0, "original_loss": 1.150598406791687, "mean_length": 6.0}
{"mode": "train", "epoch": 21, "loss": 1.7715880870819092, "acc": 0.020773264889915783, "acc_or": 0.4077073832352956, "sender_entropy": 2.14105486869812, "receiver_entropy": 0.0, "original_loss": 1.2407211860020955, "mean_length": 5.99999984105428}
{"mode": "test", "epoch": 21, "loss": 2.289717435836792, "acc": 0.025974025949835777, "acc_or": 0.46320345997810364, "sender_entropy": 2.160529851913452, "receiver_entropy": 0.0, "original_loss": 1.1363173723220825, "mean_length": 6.0}
{"mode": "train", "epoch": 22, "loss": 1.8761777877807617, "acc": 0.022199082498749096, "acc_or": 0.41349759697914124, "sender_entropy": 2.1284895737965903, "receiver_entropy": 0.0, "original_loss": 1.2223645448684692, "mean_length": 5.99999984105428}
{"mode": "test", "epoch": 22, "loss": 2.567397356033325, "acc": 0.021645020693540573, "acc_or": 0.4826839864253998, "sender_entropy": 2.1362922191619873, "receiver_entropy": 0.0, "original_loss": 1.0945616960525513, "mean_length": 6.0}
{"mode": "train", "epoch": 23, "loss": 2.0949809551239014, "acc": 0.025142797579367954, "acc_or": 0.42440686623255414, "sender_entropy": 2.091614325841268, "receiver_entropy": 0.0, "original_loss": 1.1932217677434285, "mean_length": 5.99999984105428}
{"mode": "test", "epoch": 23, "loss": 2.9345569610595703, "acc": 0.03030303120613098, "acc_or": 0.5054112672805786, "sender_entropy": 2.137847900390625, "receiver_entropy": 0.0, "original_loss": 1.055927038192749, "mean_length": 6.0}
{"mode": "train", "epoch": 24, "loss": 2.1598591009775796, "acc": 0.02552874634663264, "acc_or": 0.42847875754038495, "sender_entropy": 2.0969470342000327, "receiver_entropy": 0.0, "original_loss": 1.181632121404012, "mean_length": 5.99999984105428}
{"mode": "test", "epoch": 24, "loss": 3.2229979038238525, "acc": 0.0476190485060215, "acc_or": 0.5357142686843872, "sender_entropy": 2.145862579345703, "receiver_entropy": 0.0, "original_loss": 1.0241289138793945, "mean_length": 6.0}
{"mode": "train", "epoch": 25, "loss": 2.335487127304077, "acc": 0.02749769762158394, "acc_or": 0.4378154476483663, "sender_entropy": 2.077046791712443, "receiver_entropy": 0.0, "original_loss": 1.1575984557469685, "mean_length": 5.99999984105428}
{"mode": "test", "epoch": 25, "loss": 3.4149277210235596, "acc": 0.05627705529332161, "acc_or": 0.5508658289909363, "sender_entropy": 2.1374409198760986, "receiver_entropy": 0.0, "original_loss": 0.991426944732666, "mean_length": 6.0}
{"mode": "train", "epoch": 26, "loss": 2.4860939979553223, "acc": 0.03371244855225086, "acc_or": 0.44840261340141296, "sender_entropy": 2.0625457763671875, "receiver_entropy": 0.0, "original_loss": 1.1349951028823853, "mean_length": 5.99999984105428}
{"mode": "test", "epoch": 26, "loss": 3.580779552459717, "acc": 0.06060606241226196, "acc_or": 0.5573592782020569, "sender_entropy": 2.1310174465179443, "receiver_entropy": 0.0, "original_loss": 0.9631852507591248, "mean_length": 6.0}
{"mode": "train", "epoch": 27, "loss": 2.715367078781128, "acc": 0.04167673860987028, "acc_or": 0.4694901506106059, "sender_entropy": 2.040896018346151, "receiver_entropy": 0.0, "original_loss": 1.1040675242741902, "mean_length": 5.99999984105428}
{"mode": "test", "epoch": 27, "loss": 3.6092710494995117, "acc": 0.06060606241226196, "acc_or": 0.5660173296928406, "sender_entropy": 2.094548225402832, "receiver_entropy": 0.0, "original_loss": 0.9349275231361389, "mean_length": 6.0}
{"mode": "train", "epoch": 28, "loss": 2.9016565481821694, "acc": 0.04618115350604057, "acc_or": 0.4905633131663005, "sender_entropy": 2.0076102018356323, "receiver_entropy": 0.0, "original_loss": 1.0722866853078206, "mean_length": 5.99999984105428}
{"mode": "test", "epoch": 28, "loss": 3.683730125427246, "acc": 0.07359307259321213, "acc_or": 0.588744580745697, "sender_entropy": 2.054286479949951, "receiver_entropy": 0.0, "original_loss": 0.8918309807777405, "mean_length": 6.0}
{"mode": "train", "epoch": 29, "loss": 3.115375280380249, "acc": 0.051689110696315765, "acc_or": 0.5080127616723379, "sender_entropy": 1.9714364210764568, "receiver_entropy": 0.0, "original_loss": 1.036622683207194, "mean_length": 5.99999984105428}
{"mode": "test", "epoch": 29, "loss": 3.692718982696533, "acc": 0.06493506580591202, "acc_or": 0.5974025726318359, "sender_entropy": 2.0450286865234375, "receiver_entropy": 0.0, "original_loss": 0.8694623112678528, "mean_length": 6.0}
{"mode": "train", "epoch": 30, "loss": 3.208407402038574, "acc": 0.05775494873523712, "acc_or": 0.5211455424626669, "sender_entropy": 1.952205220858256, "receiver_entropy": 0.0, "original_loss": 1.0132718086242676, "mean_length": 5.99999984105428}
{"mode": "test", "epoch": 30, "loss": 3.88419771194458, "acc": 0.095238097012043, "acc_or": 0.6222943663597107, "sender_entropy": 2.0399460792541504, "receiver_entropy": 0.0, "original_loss": 0.8340373635292053, "mean_length": 6.0}
{"mode": "train", "epoch": 31, "loss": 3.336949110031128, "acc": 0.0655080998937289, "acc_or": 0.5391418933868408, "sender_entropy": 1.9360637664794922, "receiver_entropy": 0.0, "original_loss": 0.9863016406695048, "mean_length": 5.99999984105428}
{"mode": "test", "epoch": 31, "loss": 4.024173736572266, "acc": 0.10389610379934311, "acc_or": 0.6396104097366333, "sender_entropy": 2.0246634483337402, "receiver_entropy": 0.0, "original_loss": 0.7977811694145203, "mean_length": 6.0}
{"mode": "train", "epoch": 32, "loss": 3.3994800249735513, "acc": 0.07384071499109268, "acc_or": 0.5489576061566671, "sender_entropy": 1.9132325649261475, "receiver_entropy": 0.0, "original_loss": 0.9648141066233317, "mean_length": 5.99999984105428}
{"mode": "test", "epoch": 32, "loss": 4.047238826751709, "acc": 0.12121212482452393, "acc_or": 0.6461039185523987, "sender_entropy": 2.005272626876831, "receiver_entropy": 0.0, "original_loss": 0.7725396156311035, "mean_length": 6.0}
{"mode": "train", "epoch": 33, "loss": 3.501076857248942, "acc": 0.07915515700976054, "acc_or": 0.5650778214136759, "sender_entropy": 1.8985723654429119, "receiver_entropy": 0.0, "original_loss": 0.9412480592727661, "mean_length": 5.99999984105428}
{"mode": "test", "epoch": 33, "loss": 4.194832801818848, "acc": 0.1818181872367859, "acc_or": 0.6872294545173645, "sender_entropy": 1.9973729848861694, "receiver_entropy": 0.0, "original_loss": 0.7378740906715393, "mean_length": 6.0}
{"mode": "train", "epoch": 34, "loss": 3.613386551539103, "acc": 0.09189543128013611, "acc_or": 0.5832422375679016, "sender_entropy": 1.8759866952896118, "receiver_entropy": 0.0, "original_loss": 0.9146317442258199, "mean_length": 5.99999984105428}
{"mode": "test", "epoch": 34, "loss": 4.245340824127197, "acc": 0.1818181872367859, "acc_or": 0.7034631967544556, "sender_entropy": 1.971451759338379, "receiver_entropy": 0.0, "original_loss": 0.705070436000824, "mean_length": 6.0}
{"mode": "train", "epoch": 35, "loss": 3.7525365352630615, "acc": 0.1088124414285024, "acc_or": 0.6032390197118124, "sender_entropy": 1.8348381121953328, "receiver_entropy": 0.0, "original_loss": 0.8827730218569437, "mean_length": 5.99999984105428}
{"mode": "test", "epoch": 35, "loss": 4.323031902313232, "acc": 0.22510822117328644, "acc_or": 0.7196969985961914, "sender_entropy": 1.9592885971069336, "receiver_entropy": 0.0, "original_loss": 0.6700494885444641, "mean_length": 6.0}
{"mode": "train", "epoch": 36, "loss": 3.8399163087209067, "acc": 0.12053154905637105, "acc_or": 0.6159628431002299, "sender_entropy": 1.827347954114278, "receiver_entropy": 0.0, "original_loss": 0.857280413309733, "mean_length": 5.99999984105428}
{"mode": "test", "epoch": 36, "loss": 4.463822364807129, "acc": 0.27272728085517883, "acc_or": 0.7424242496490479, "sender_entropy": 1.9424937963485718, "receiver_entropy": 0.0, "original_loss": 0.6296160221099854, "mean_length": 6.0}
{"mode": "train", "epoch": 37, "loss": 3.9228498140970864, "acc": 0.13682090242703757, "acc_or": 0.6303600271542867, "sender_entropy": 1.801270882288615, "receiver_entropy": 0.0, "original_loss": 0.8304017782211304, "mean_length": 5.99999984105428}
{"mode": "test", "epoch": 37, "loss": 4.414452075958252, "acc": 0.28138527274131775, "acc_or": 0.7554112672805786, "sender_entropy": 1.9081047773361206, "receiver_entropy": 0.0, "original_loss": 0.6021373867988586, "mean_length": 6.0}
{"mode": "train", "epoch": 38, "loss": 4.060352484385173, "acc": 0.1566028594970703, "acc_or": 0.6466878652572632, "sender_entropy": 1.7643862167994182, "receiver_entropy": 0.0, "original_loss": 0.7938259641329447, "mean_length": 5.99999984105428}
{"mode": "test", "epoch": 38, "loss": 4.184971809387207, "acc": 0.32034632563591003, "acc_or": 0.7629870176315308, "sender_entropy": 1.8616958856582642, "receiver_entropy": 0.0, "original_loss": 0.5924296379089355, "mean_length": 6.0}
{"mode": "train", "epoch": 39, "loss": 4.14094352722168, "acc": 0.1723785698413849, "acc_or": 0.6610323588053385, "sender_entropy": 1.733175794283549, "receiver_entropy": 0.0, "original_loss": 0.7649455467859904, "mean_length": 5.99999984105428}
{"mode": "test", "epoch": 39, "loss": 4.241939544677734, "acc": 0.3549783527851105, "acc_or": 0.7727272510528564, "sender_entropy": 1.8364629745483398, "receiver_entropy": 0.0, "original_loss": 0.5557726621627808, "mean_length": 6.0}
{"mode": "train", "epoch": 40, "loss": 4.203418731689453, "acc": 0.18878337740898132, "acc_or": 0.6755079825719198, "sender_entropy": 1.7064368327458699, "receiver_entropy": 0.0, "original_loss": 0.738186260064443, "mean_length": 5.99999984105428}
{"mode": "test", "epoch": 40, "loss": 4.245199203491211, "acc": 0.350649356842041, "acc_or": 0.7835497856140137, "sender_entropy": 1.8257725238800049, "receiver_entropy": 0.0, "original_loss": 0.5347995758056641, "mean_length": 6.0}
{"mode": "train", "epoch": 41, "loss": 4.198130130767822, "acc": 0.19362914562225342, "acc_or": 0.6808395981788635, "sender_entropy": 1.6982183456420898, "receiver_entropy": 0.0, "original_loss": 0.7229186296463013, "mean_length": 5.99999984105428}
{"mode": "test", "epoch": 41, "loss": 4.450178146362305, "acc": 0.4285714328289032, "acc_or": 0.8170995712280273, "sender_entropy": 1.815180778503418, "receiver_entropy": 0.0, "original_loss": 0.4816289246082306, "mean_length": 6.0}
{"mode": "train", "epoch": 42, "loss": 4.216455936431885, "acc": 0.2100792775551478, "acc_or": 0.6900449196497599, "sender_entropy": 1.6834914286931355, "receiver_entropy": 0.0, "original_loss": 0.7049891948699951, "mean_length": 5.99999984105428}
{"mode": "test", "epoch": 42, "loss": 4.237278461456299, "acc": 0.411255419254303, "acc_or": 0.8051947951316833, "sender_entropy": 1.7956733703613281, "receiver_entropy": 0.0, "original_loss": 0.4904140532016754, "mean_length": 6.0}
{"mode": "train", "epoch": 43, "loss": 4.294735749562581, "acc": 0.23365309337774912, "acc_or": 0.705664336681366, "sender_entropy": 1.6704006592432659, "receiver_entropy": 0.0, "original_loss": 0.676482081413269, "mean_length": 5.99999984105428}
{"mode": "test", "epoch": 43, "loss": 4.422177791595459, "acc": 0.4372294247150421, "acc_or": 0.8409090638160706, "sender_entropy": 1.7764015197753906, "receiver_entropy": 0.0, "original_loss": 0.4388355612754822, "mean_length": 6.0}
{"mode": "train", "epoch": 44, "loss": 4.3113094965616865, "acc": 0.24779868125915527, "acc_or": 0.7192315260569254, "sender_entropy": 1.6362820863723755, "receiver_entropy": 0.0, "original_loss": 0.6526036262512207, "mean_length": 5.99999984105428}
{"mode": "test", "epoch": 44, "loss": 4.182427883148193, "acc": 0.44155845046043396, "acc_or": 0.8300865888595581, "sender_entropy": 1.7429355382919312, "receiver_entropy": 0.0, "original_loss": 0.44461187720298767, "mean_length": 6.0}
{"mode": "train", "epoch": 45, "loss": 4.355790774027507, "acc": 0.2643132011095683, "acc_or": 0.7290540734926859, "sender_entropy": 1.6105529467264812, "receiver_entropy": 0.0, "original_loss": 0.6286232471466064, "mean_length": 5.99999984105428}
{"mode": "test", "epoch": 45, "loss": 4.150082588195801, "acc": 0.4761904776096344, "acc_or": 0.8430736064910889, "sender_entropy": 1.72950279712677, "receiver_entropy": 0.0, "original_loss": 0.4242125451564789, "mean_length": 6.0}
{"mode": "train", "epoch": 46, "loss": 4.308831691741943, "acc": 0.27026646335919696, "acc_or": 0.7347061038017273, "sender_entropy": 1.6053002675374348, "receiver_entropy": 0.0, "original_loss": 0.6176561713218689, "mean_length": 5.99999984105428}
{"mode": "test", "epoch": 46, "loss": 4.19302225112915, "acc": 0.5324675440788269, "acc_or": 0.8603895902633667, "sender_entropy": 1.7251642942428589, "receiver_entropy": 0.0, "original_loss": 0.3967131972312927, "mean_length": 6.0}
{"mode": "train", "epoch": 47, "loss": 4.33476988474528, "acc": 0.297715961933136, "acc_or": 0.7452683448791504, "sender_entropy": 1.6012473901112874, "receiver_entropy": 0.0, "original_loss": 0.5992451508839926, "mean_length": 5.99999984105428}
{"mode": "test", "epoch": 47, "loss": 4.246472358703613, "acc": 0.5670995712280273, "acc_or": 0.8798701167106628, "sender_entropy": 1.7152948379516602, "receiver_entropy": 0.0, "original_loss": 0.3706437945365906, "mean_length": 6.0}
{"mode": "train", "epoch": 48, "loss": 4.336684703826904, "acc": 0.3060363431771596, "acc_or": 0.7541237672170004, "sender_entropy": 1.5771252314249675, "receiver_entropy": 0.0, "original_loss": 0.5821959773699442, "mean_length": 5.99999984105428}
{"mode": "test", "epoch": 48, "loss": 4.025172233581543, "acc": 0.5108225345611572, "acc_or": 0.8593073487281799, "sender_entropy": 1.6927076578140259, "receiver_entropy": 0.0, "original_loss": 0.3813442885875702, "mean_length": 6.0}
{"mode": "train", "epoch": 49, "loss": 4.3533172607421875, "acc": 0.31559011340141296, "acc_or": 0.7623496452967325, "sender_entropy": 1.5560954411824544, "receiver_entropy": 0.0, "original_loss": 0.5610806743303934, "mean_length": 5.99999984105428}
{"mode": "test", "epoch": 49, "loss": 4.0751872062683105, "acc": 0.5411255359649658, "acc_or": 0.8701298832893372, "sender_entropy": 1.678861379623413, "receiver_entropy": 0.0, "original_loss": 0.3507557511329651, "mean_length": 6.0}
{"mode": "train", "epoch": 50, "loss": 4.321450074513753, "acc": 0.32795629898707074, "acc_or": 0.7661868333816528, "sender_entropy": 1.5470577478408813, "receiver_entropy": 0.0, "original_loss": 0.5485956072807312, "mean_length": 5.99999984105428}
{"mode": "test", "epoch": 50, "loss": 4.024520397186279, "acc": 0.588744580745697, "acc_or": 0.8852813839912415, "sender_entropy": 1.670859694480896, "receiver_entropy": 0.0, "original_loss": 0.33924323320388794, "mean_length": 6.0}
{"mode": "train", "epoch": 51, "loss": 4.265152772267659, "acc": 0.34817421436309814, "acc_or": 0.7748037775357565, "sender_entropy": 1.546760082244873, "receiver_entropy": 0.0, "original_loss": 0.5400706926981608, "mean_length": 5.99999984105428}
{"mode": "test", "epoch": 51, "loss": 4.132366180419922, "acc": 0.6147186160087585, "acc_or": 0.8928571343421936, "sender_entropy": 1.6832759380340576, "receiver_entropy": 0.0, "original_loss": 0.3174159526824951, "mean_length": 6.0}
{"mode": "train", "epoch": 52, "loss": 4.169213612874349, "acc": 0.35261927048365277, "acc_or": 0.7761136094729105, "sender_entropy": 1.5409671465555828, "receiver_entropy": 0.0, "original_loss": 0.5392158031463623, "mean_length": 5.99999984105428}
{"mode": "test", "epoch": 52, "loss": 4.08091402053833, "acc": 0.6190476417541504, "acc_or": 0.887445867061615, "sender_entropy": 1.6699284315109253, "receiver_entropy": 0.0, "original_loss": 0.30112022161483765, "mean_length": 6.0}
{"mode": "train", "epoch": 53, "loss": 4.193583170572917, "acc": 0.36366109053293866, "acc_or": 0.7844317555427551, "sender_entropy": 1.5234589576721191, "receiver_entropy": 0.0, "original_loss": 0.520166277885437, "mean_length": 5.99999984105428}
{"mode": "test", "epoch": 53, "loss": 3.9438560009002686, "acc": 0.6103895902633667, "acc_or": 0.8939393758773804, "sender_entropy": 1.6487650871276855, "receiver_entropy": 0.0, "original_loss": 0.29568904638290405, "mean_length": 6.0}
{"mode": "train", "epoch": 54, "loss": 4.137897650400798, "acc": 0.37819621960322064, "acc_or": 0.7905085484186808, "sender_entropy": 1.510831356048584, "receiver_entropy": 0.0, "original_loss": 0.5089426835378011, "mean_length": 5.99999984105428}
{"mode": "test", "epoch": 54, "loss": 3.886519432067871, "acc": 0.6233766078948975, "acc_or": 0.8961039185523987, "sender_entropy": 1.6399143934249878, "receiver_entropy": 0.0, "original_loss": 0.2887859046459198, "mean_length": 6.0}
{"mode": "train", "epoch": 55, "loss": 4.0606075922648115, "acc": 0.37700024247169495, "acc_or": 0.7897505760192871, "sender_entropy": 1.5080369710922241, "receiver_entropy": 0.0, "original_loss": 0.5072107116381327, "mean_length": 5.99999984105428}
{"mode": "test", "epoch": 55, "loss": 3.8865950107574463, "acc": 0.6450216174125671, "acc_or": 0.9069263935089111, "sender_entropy": 1.6382194757461548, "receiver_entropy": 0.0, "original_loss": 0.2755747139453888, "mean_length": 6.0}
{"mode": "train", "epoch": 56, "loss": 4.0790456136067705, "acc": 0.39426902929941815, "acc_or": 0.7979581157366434, "sender_entropy": 1.4989248116811116, "receiver_entropy": 0.0, "original_loss": 0.49319591124852497, "mean_length": 5.99999984105428}
{"mode": "test", "epoch": 56, "loss": 3.9892945289611816, "acc": 0.7186146974563599, "acc_or": 0.9253246784210205, "sender_entropy": 1.6317644119262695, "receiver_entropy": 0.0, "original_loss": 0.24936112761497498, "mean_length": 6.0}
{"mode": "train", "epoch": 57, "loss": 4.067621231079102, "acc": 0.41351864735285443, "acc_or": 0.8067918618520101, "sender_entropy": 1.4904240369796753, "receiver_entropy": 0.0, "original_loss": 0.4770434300104777, "mean_length": 5.99999984105428}
{"mode": "test", "epoch": 57, "loss": 3.8892862796783447, "acc": 0.7445887327194214, "acc_or": 0.9307359457015991, "sender_entropy": 1.620233416557312, "receiver_entropy": 0.0, "original_loss": 0.2463076412677765, "mean_length": 6.0}
{"mode": "train", "epoch": 58, "loss": 4.094066778818767, "acc": 0.43252475063006085, "acc_or": 0.8154589732487997, "sender_entropy": 1.4770445426305134, "receiver_entropy": 0.0, "original_loss": 0.46112648646036786, "mean_length": 5.99999984105428}
{"mode": "test", "epoch": 58, "loss": 3.9313175678253174, "acc": 0.7922077775001526, "acc_or": 0.9415584206581116, "sender_entropy": 1.6179395914077759, "receiver_entropy": 0.0, "original_loss": 0.22670131921768188, "mean_length": 6.0}
{"mode": "train", "epoch": 59, "loss": 4.037561019261678, "acc": 0.44198570648829144, "acc_or": 0.8198278943697611, "sender_entropy": 1.4677117268244426, "receiver_entropy": 0.0, "original_loss": 0.45166681210199994, "mean_length": 5.99999984105428}
{"mode": "test", "epoch": 59, "loss": 3.8214128017425537, "acc": 0.8051947951316833, "acc_or": 0.9437229633331299, "sender_entropy": 1.5980550050735474, "receiver_entropy": 0.0, "original_loss": 0.22309918701648712, "mean_length": 6.0}
{"mode": "train", "epoch": 60, "loss": 4.045589605967204, "acc": 0.4598217209180196, "acc_or": 0.82635631163915, "sender_entropy": 1.449175755182902, "receiver_entropy": 0.0, "original_loss": 0.4372895658016205, "mean_length": 5.99999984105428}
{"mode": "test", "epoch": 60, "loss": 3.786067247390747, "acc": 0.7792207598686218, "acc_or": 0.9415584206581116, "sender_entropy": 1.584404706954956, "receiver_entropy": 0.0, "original_loss": 0.2078721672296524, "mean_length": 6.0}
{"mode": "train", "epoch": 61, "loss": 4.0366818110148115, "acc": 0.4703161021073659, "acc_or": 0.8304701844851176, "sender_entropy": 1.445200522740682, "receiver_entropy": 0.0, "original_loss": 0.4251289367675781, "mean_length": 5.99999984105428}
{"mode": "test", "epoch": 61, "loss": 3.7602005004882812, "acc": 0.8138527870178223, "acc_or": 0.9523809552192688, "sender_entropy": 1.584507703781128, "receiver_entropy": 0.0, "original_loss": 0.1986856609582901, "mean_length": 6.0}
{"mode": "train", "epoch": 62, "loss": 3.96264910697937, "acc": 0.471354881922404, "acc_or": 0.831238845984141, "sender_entropy": 1.447128454844157, "receiver_entropy": 0.0, "original_loss": 0.4258563419183095, "mean_length": 5.99999984105428}
{"mode": "test", "epoch": 62, "loss": 3.718629837036133, "acc": 0.8181818127632141, "acc_or": 0.9545454382896423, "sender_entropy": 1.5810846090316772, "receiver_entropy": 0.0, "original_loss": 0.1919684112071991, "mean_length": 6.0}
{"mode": "train", "epoch": 63, "loss": 3.9598746299743652, "acc": 0.4946337540944417, "acc_or": 0.8386794328689575, "sender_entropy": 1.439081350962321, "receiver_entropy": 0.0, "original_loss": 0.41165172060330707, "mean_length": 5.99999984105428}
{"mode": "test", "epoch": 63, "loss": 3.6146841049194336, "acc": 0.8008658289909363, "acc_or": 0.948051929473877, "sender_entropy": 1.5624347925186157, "receiver_entropy": 0.0, "original_loss": 0.1944235861301422, "mean_length": 6.0}
{"mode": "train", "epoch": 64, "loss": 3.9383819103240967, "acc": 0.498728483915329, "acc_or": 0.8407185077667236, "sender_entropy": 1.4195830821990967, "receiver_entropy": 0.0, "original_loss": 0.4011819163958232, "mean_length": 5.99999984105428}
{"mode": "test", "epoch": 64, "loss": 3.6192517280578613, "acc": 0.8441558480262756, "acc_or": 0.9577922224998474, "sender_entropy": 1.5620452165603638, "receiver_entropy": 0.0, "original_loss": 0.1755470335483551, "mean_length": 6.0}
{"mode": "train", "epoch": 65, "loss": 3.929309050242106, "acc": 0.5095836321512858, "acc_or": 0.846673846244812, "sender_entropy": 1.4178984959920247, "receiver_entropy": 0.0, "original_loss": 0.3915336827437083, "mean_length": 5.99999984105428}
{"mode": "test", "epoch": 65, "loss": 3.5894429683685303, "acc": 0.8354978561401367, "acc_or": 0.9545454382896423, "sender_entropy": 1.5559827089309692, "receiver_entropy": 0.0, "original_loss": 0.1723659634590149, "mean_length": 6.0}
{"mode": "train", "epoch": 66, "loss": 3.8138508796691895, "acc": 0.5101256767908732, "acc_or": 0.8463691671689352, "sender_entropy": 1.4185477495193481, "receiver_entropy": 0.0, "original_loss": 0.39525654911994934, "mean_length": 5.99999984105428}
{"mode": "test", "epoch": 66, "loss": 3.556251049041748, "acc": 0.8354978561401367, "acc_or": 0.9588744640350342, "sender_entropy": 1.5537687540054321, "receiver_entropy": 0.0, "original_loss": 0.16157643496990204, "mean_length": 6.0}
{"mode": "train", "epoch": 67, "loss": 3.8282522360483804, "acc": 0.5200916330019633, "acc_or": 0.8501946727434794, "sender_entropy": 1.4161155621210735, "receiver_entropy": 0.0, "original_loss": 0.3839835425217946, "mean_length": 5.99999984105428}
{"mode": "test", "epoch": 67, "loss": 3.5799813270568848, "acc": 0.9047619104385376, "acc_or": 0.9751082062721252, "sender_entropy": 1.5538208484649658, "receiver_entropy": 0.0, "original_loss": 0.1435035765171051, "mean_length": 6.0}
{"mode": "train", "epoch": 68, "loss": 3.7990145683288574, "acc": 0.5395588874816895, "acc_or": 0.8565819064776102, "sender_entropy": 1.403020938237508, "receiver_entropy": 0.0, "original_loss": 0.3715066115061442, "mean_length": 5.99999984105428}
{"mode": "test", "epoch": 68, "loss": 3.4318933486938477, "acc": 0.8787878751754761, "acc_or": 0.9664502143859863, "sender_entropy": 1.5302847623825073, "receiver_entropy": 0.0, "original_loss": 0.1502099633216858, "mean_length": 6.0}
{"mode": "train", "epoch": 69, "loss": 3.818169275919596, "acc": 0.5544846256573995, "acc_or": 0.8628796537717184, "sender_entropy": 1.3862406810124714, "receiver_entropy": 0.0, "original_loss": 0.35648635029792786, "mean_length": 5.99999984105428}
{"mode": "test", "epoch": 69, "loss": 3.4507253170013428, "acc": 0.9004328846931458, "acc_or": 0.9729437232017517, "sender_entropy": 1.5290062427520752, "receiver_entropy": 0.0, "original_loss": 0.13565760850906372, "mean_length": 6.0}
{"mode": "train", "epoch": 70, "loss": 3.8065187136332193, "acc": 0.569872240225474, "acc_or": 0.8683341940244039, "sender_entropy": 1.3746122121810913, "receiver_entropy": 0.0, "original_loss": 0.34376107652982074, "mean_length": 5.99999984105428}
{"mode": "test", "epoch": 70, "loss": 3.257774591445923, "acc": 0.8528138399124146, "acc_or": 0.959956705570221, "sender_entropy": 1.4937471151351929, "receiver_entropy": 0.0, "original_loss": 0.14493869245052338, "mean_length": 6.0}
{"mode": "train", "epoch": 71, "loss": 3.7891523838043213, "acc": 0.5888466835021973, "acc_or": 0.8755478858947754, "sender_entropy": 1.3525219360987346, "receiver_entropy": 0.0, "original_loss": 0.32992416620254517, "mean_length": 5.99999984105428}
{"mode": "test", "epoch": 71, "loss": 3.2989461421966553, "acc": 0.9264069199562073, "acc_or": 0.9816017150878906, "sender_entropy": 1.4805259704589844, "receiver_entropy": 0.0, "original_loss": 0.11844869703054428, "mean_length": 6.0}
{"mode": "train", "epoch": 72, "loss": 3.7435030142466226, "acc": 0.5838203628857931, "acc_or": 0.8743958870569865, "sender_entropy": 1.3538662989934285, "receiver_entropy": 0.0, "original_loss": 0.3275343179702759, "mean_length": 5.99999984105428}
{"mode": "test", "epoch": 72, "loss": 3.3046681880950928, "acc": 0.939393937587738, "acc_or": 0.9848484992980957, "sender_entropy": 1.4905768632888794, "receiver_entropy": 0.0, "original_loss": 0.11535698920488358, "mean_length": 6.0}
{"mode": "train", "epoch": 73, "loss": 3.6661629676818848, "acc": 0.5923418203989664, "acc_or": 0.8746823867162069, "sender_entropy": 1.3615487019220989, "receiver_entropy": 0.0, "original_loss": 0.3281449278195699, "mean_length": 5.99999984105428}
{"mode": "test", "epoch": 73, "loss": 3.3014330863952637, "acc": 0.9047619104385376, "acc_or": 0.976190447807312, "sender_entropy": 1.5069429874420166, "receiver_entropy": 0.0, "original_loss": 0.11386819928884506, "mean_length": 6.0}
{"mode": "train", "epoch": 74, "loss": 3.593195597330729, "acc": 0.5844818353652954, "acc_or": 0.8732603589693705, "sender_entropy": 1.3697392145792644, "receiver_entropy": 0.0, "original_loss": 0.33323033650716144, "mean_length": 5.99999984105428}
{"mode": "test", "epoch": 74, "loss": 3.2135722637176514, "acc": 0.8658008575439453, "acc_or": 0.9653679728507996, "sender_entropy": 1.5023033618927002, "receiver_entropy": 0.0, "original_loss": 0.12363214045763016, "mean_length": 6.0}
{"mode": "train", "epoch": 75, "loss": 3.6148270765940347, "acc": 0.5944139957427979, "acc_or": 0.8771712978680929, "sender_entropy": 1.3566492795944214, "receiver_entropy": 0.0, "original_loss": 0.32026201486587524, "mean_length": 5.99999984105428}
{"mode": "test", "epoch": 75, "loss": 3.175283432006836, "acc": 0.9264069199562073, "acc_or": 0.9816017150878906, "sender_entropy": 1.486214280128479, "receiver_entropy": 0.0, "original_loss": 0.1160803809762001, "mean_length": 6.0}
{"mode": "train", "epoch": 76, "loss": 3.608557383219401, "acc": 0.6024897893269857, "acc_or": 0.8808964093526205, "sender_entropy": 1.3447208007176716, "receiver_entropy": 0.0, "original_loss": 0.3122093677520752, "mean_length": 5.99999984105428}
{"mode": "test", "epoch": 76, "loss": 3.1774392127990723, "acc": 0.9220778942108154, "acc_or": 0.9794372320175171, "sender_entropy": 1.4818742275238037, "receiver_entropy": 0.0, "original_loss": 0.10471827536821365, "mean_length": 6.0}
{"mode": "train", "epoch": 77, "loss": 3.522157669067383, "acc": 0.606173038482666, "acc_or": 0.8813773194948832, "sender_entropy": 1.350826660792033, "receiver_entropy": 0.0, "original_loss": 0.3137004574139913, "mean_length": 5.99999984105428}
{"mode": "test", "epoch": 77, "loss": 3.0962886810302734, "acc": 0.8787878751754761, "acc_or": 0.9686146974563599, "sender_entropy": 1.485288143157959, "receiver_entropy": 0.0, "original_loss": 0.11754565685987473, "mean_length": 6.0}
{"mode": "train", "epoch": 78, "loss": 3.5114974975585938, "acc": 0.6064233779907227, "acc_or": 0.8830657203992208, "sender_entropy": 1.3396940231323242, "receiver_entropy": 0.0, "original_loss": 0.3067700266838074, "mean_length": 5.99999984105428}
{"mode": "test", "epoch": 78, "loss": 3.048173666000366, "acc": 0.9134199023246765, "acc_or": 0.9783549904823303, "sender_entropy": 1.4638093709945679, "receiver_entropy": 0.0, "original_loss": 0.10350517183542252, "mean_length": 6.0}
{"mode": "train", "epoch": 79, "loss": 3.453500191370646, "acc": 0.6161983410517374, "acc_or": 0.886339545249939, "sender_entropy": 1.3251270453135173, "receiver_entropy": 0.0, "original_loss": 0.29966381192207336, "mean_length": 5.99999984105428}
{"mode": "test", "epoch": 79, "loss": 2.9582412242889404, "acc": 0.9004328846931458, "acc_or": 0.9740259647369385, "sender_entropy": 1.4516233205795288, "receiver_entropy": 0.0, "original_loss": 0.10206130146980286, "mean_length": 6.0}
{"mode": "train", "epoch": 80, "loss": 3.4644621213277182, "acc": 0.6408508817354838, "acc_or": 0.8937238256136576, "sender_entropy": 1.3211885690689087, "receiver_entropy": 0.0, "original_loss": 0.28617559870084125, "mean_length": 5.99999984105428}
{"mode": "test", "epoch": 80, "loss": 3.0143396854400635, "acc": 0.948051929473877, "acc_or": 0.9859307408332825, "sender_entropy": 1.4526935815811157, "receiver_entropy": 0.0, "original_loss": 0.08829513192176819, "mean_length": 6.0}
{"mode": "train", "epoch": 81, "loss": 3.489523013432821, "acc": 0.6370345751444498, "acc_or": 0.8934738437334696, "sender_entropy": 1.3214891354242961, "receiver_entropy": 0.0, "original_loss": 0.2811446487903595, "mean_length": 5.99999984105428}
{"mode": "test", "epoch": 81, "loss": 2.9938740730285645, "acc": 0.9177489280700684, "acc_or": 0.9783549904823303, "sender_entropy": 1.4583511352539062, "receiver_entropy": 0.0, "original_loss": 0.08723187446594238, "mean_length": 6.0}
{"mode": "train", "epoch": 82, "loss": 3.324057102203369, "acc": 0.625211497147878, "acc_or": 0.8880419532457987, "sender_entropy": 1.337334434191386, "receiver_entropy": 0.0, "original_loss": 0.29649972915649414, "mean_length": 5.99999984105428}
{"mode": "test", "epoch": 82, "loss": 3.0340371131896973, "acc": 0.939393937587738, "acc_or": 0.9848484992980957, "sender_entropy": 1.4731290340423584, "receiver_entropy": 0.0, "original_loss": 0.08237612247467041, "mean_length": 6.0}
{"mode": "train", "epoch": 83, "loss": 3.316173235575358, "acc": 0.6302201946576437, "acc_or": 0.889312744140625, "sender_entropy": 1.3384184837341309, "receiver_entropy": 0.0, "original_loss": 0.2919280727704366, "mean_length": 5.99999984105428}
{"mode": "test", "epoch": 83, "loss": 2.9643948078155518, "acc": 0.9523809552192688, "acc_or": 0.988095223903656, "sender_entropy": 1.464442253112793, "receiver_entropy": 0.0, "original_loss": 0.0787268579006195, "mean_length": 6.0}
{"mode": "train", "epoch": 84, "loss": 3.289385954538981, "acc": 0.6401031017303467, "acc_or": 0.8924579819043478, "sender_entropy": 1.3242775599161785, "receiver_entropy": 0.0, "original_loss": 0.2854500412940979, "mean_length": 5.99999984105428}
{"mode": "test", "epoch": 84, "loss": 2.8291707038879395, "acc": 0.9350649118423462, "acc_or": 0.9837662577629089, "sender_entropy": 1.4348679780960083, "receiver_entropy": 0.0, "original_loss": 0.08564602583646774, "mean_length": 6.0}
{"mode": "train", "epoch": 85, "loss": 3.3147335052490234, "acc": 0.653907318909963, "acc_or": 0.898215651512146, "sender_entropy": 1.3061600526173909, "receiver_entropy": 0.0, "original_loss": 0.27250908811887103, "mean_length": 5.99999984105428}
{"mode": "test", "epoch": 85, "loss": 2.8360986709594727, "acc": 0.939393937587738, "acc_or": 0.9848484992980957, "sender_entropy": 1.435858964920044, "receiver_entropy": 0.0, "original_loss": 0.07788706570863724, "mean_length": 6.0}
{"mode": "train", "epoch": 86, "loss": 3.276697317759196, "acc": 0.6560118794441223, "acc_or": 0.9005082448323568, "sender_entropy": 1.3041088581085205, "receiver_entropy": 0.0, "original_loss": 0.2686389585336049, "mean_length": 5.99999984105428}
{"mode": "test", "epoch": 86, "loss": 2.760270595550537, "acc": 0.9523809552192688, "acc_or": 0.988095223903656, "sender_entropy": 1.4248523712158203, "receiver_entropy": 0.0, "original_loss": 0.07977158576250076, "mean_length": 6.0}
{"mode": "train", "epoch": 87, "loss": 3.2673470973968506, "acc": 0.6606281598409017, "acc_or": 0.9010763764381409, "sender_entropy": 1.3064210017522175, "receiver_entropy": 0.0, "original_loss": 0.26389943559964496, "mean_length": 5.99999984105428}
{"mode": "test", "epoch": 87, "loss": 2.801795482635498, "acc": 0.9567099809646606, "acc_or": 0.9891774654388428, "sender_entropy": 1.4360454082489014, "receiver_entropy": 0.0, "original_loss": 0.07452478259801865, "mean_length": 6.0}
{"mode": "train", "epoch": 88, "loss": 3.1422282059987388, "acc": 0.6518725355466207, "acc_or": 0.8979113698005676, "sender_entropy": 1.3162359396616619, "receiver_entropy": 0.0, "original_loss": 0.2736479341983795, "mean_length": 5.99999984105428}
{"mode": "test", "epoch": 88, "loss": 2.855741262435913, "acc": 0.9826839566230774, "acc_or": 0.9956709742546082, "sender_entropy": 1.4504717588424683, "receiver_entropy": 0.0, "original_loss": 0.06685515493154526, "mean_length": 6.0}
{"mode": "train", "epoch": 89, "loss": 3.1582093238830566, "acc": 0.662902851899465, "acc_or": 0.9008570512135824, "sender_entropy": 1.320464809735616, "receiver_entropy": 0.0, "original_loss": 0.2682296633720398, "mean_length": 5.99999984105428}
{"mode": "test", "epoch": 89, "loss": 2.842799186706543, "acc": 0.9740259647369385, "acc_or": 0.9935064911842346, "sender_entropy": 1.4474133253097534, "receiver_entropy": 0.0, "original_loss": 0.06350244581699371, "mean_length": 6.0}
{"mode": "train", "epoch": 90, "loss": 3.1700353622436523, "acc": 0.6711556116739908, "acc_or": 0.9037947456041971, "sender_entropy": 1.3118213812510173, "receiver_entropy": 0.0, "original_loss": 0.26052772005399066, "mean_length": 5.99999984105428}
{"mode": "test", "epoch": 90, "loss": 2.7805685997009277, "acc": 0.9740259647369385, "acc_or": 0.9935064911842346, "sender_entropy": 1.446120262145996, "receiver_entropy": 0.0, "original_loss": 0.06912753731012344, "mean_length": 6.0}
{"mode": "train", "epoch": 91, "loss": 3.1341590881347656, "acc": 0.6687820156415304, "acc_or": 0.9028330047925314, "sender_entropy": 1.3100674947102864, "receiver_entropy": 0.0, "original_loss": 0.25867143273353577, "mean_length": 5.99999984105428}
{"mode": "test", "epoch": 91, "loss": 2.6820390224456787, "acc": 0.9437229633331299, "acc_or": 0.9859307408332825, "sender_entropy": 1.430179476737976, "receiver_entropy": 0.0, "original_loss": 0.07530809193849564, "mean_length": 6.0}
{"mode": "train", "epoch": 92, "loss": 3.100670417149862, "acc": 0.6776149471600851, "acc_or": 0.9065765937169393, "sender_entropy": 1.2963695128758748, "receiver_entropy": 0.0, "original_loss": 0.253619725505511, "mean_length": 5.99999984105428}
{"mode": "test", "epoch": 92, "loss": 2.5785694122314453, "acc": 0.9523809552192688, "acc_or": 0.988095223903656, "sender_entropy": 1.4044086933135986, "receiver_entropy": 0.0, "original_loss": 0.07477442175149918, "mean_length": 6.0}
{"mode": "train", "epoch": 93, "loss": 3.071579376856486, "acc": 0.685428520043691, "acc_or": 0.9091480175654093, "sender_entropy": 1.2883594830830891, "receiver_entropy": 0.0, "original_loss": 0.24774882197380066, "mean_length": 5.99999984105428}
{"mode": "test", "epoch": 93, "loss": 2.6221976280212402, "acc": 0.9523809552192688, "acc_or": 0.988095223903656, "sender_entropy": 1.418282389640808, "receiver_entropy": 0.0, "original_loss": 0.0678059458732605, "mean_length": 6.0}
{"mode": "train", "epoch": 94, "loss": 2.997868617375692, "acc": 0.6766027808189392, "acc_or": 0.9056738615036011, "sender_entropy": 1.2980457544326782, "receiver_entropy": 0.0, "original_loss": 0.2529981384674708, "mean_length": 5.99999984105428}
{"mode": "test", "epoch": 94, "loss": 2.6535143852233887, "acc": 0.9740259647369385, "acc_or": 0.9935064911842346, "sender_entropy": 1.4232029914855957, "receiver_entropy": 0.0, "original_loss": 0.059099551290273666, "mean_length": 6.0}
{"mode": "train", "epoch": 95, "loss": 3.0250396728515625, "acc": 0.6829304695129395, "acc_or": 0.9077443281809489, "sender_entropy": 1.2998406887054443, "receiver_entropy": 0.0, "original_loss": 0.24609861274560293, "mean_length": 5.99999984105428}
{"mode": "test", "epoch": 95, "loss": 2.632949113845825, "acc": 0.9653679728507996, "acc_or": 0.9913420081138611, "sender_entropy": 1.426784634590149, "receiver_entropy": 0.0, "original_loss": 0.06190390884876251, "mean_length": 6.0}
{"mode": "train", "epoch": 96, "loss": 2.9569338957468667, "acc": 0.6782001654307047, "acc_or": 0.9060981074968973, "sender_entropy": 1.3014334837595622, "receiver_entropy": 0.0, "original_loss": 0.2490930954615275, "mean_length": 5.99999984105428}
{"mode": "test", "epoch": 96, "loss": 2.624964952468872, "acc": 0.9696969985961914, "acc_or": 0.9924242496490479, "sender_entropy": 1.4278532266616821, "receiver_entropy": 0.0, "original_loss": 0.059559691697359085, "mean_length": 6.0}
{"mode": "train", "epoch": 97, "loss": 2.899275779724121, "acc": 0.6744899352391561, "acc_or": 0.9058655699094137, "sender_entropy": 1.2967892090479534, "receiver_entropy": 0.0, "original_loss": 0.25209211309750873, "mean_length": 5.99999984105428}
{"mode": "test", "epoch": 97, "loss": 2.5854573249816895, "acc": 0.9653679728507996, "acc_or": 0.9913420081138611, "sender_entropy": 1.4131063222885132, "receiver_entropy": 0.0, "original_loss": 0.05665361136198044, "mean_length": 6.0}
{"mode": "train", "epoch": 98, "loss": 2.9478652477264404, "acc": 0.6905933419863383, "acc_or": 0.911270022392273, "sender_entropy": 1.2882852951685588, "receiver_entropy": 0.0, "original_loss": 0.2388148456811905, "mean_length": 5.99999984105428}
{"mode": "test", "epoch": 98, "loss": 2.539259195327759, "acc": 0.9567099809646606, "acc_or": 0.988095223903656, "sender_entropy": 1.4152849912643433, "receiver_entropy": 0.0, "original_loss": 0.06101081892848015, "mean_length": 6.0}
{"mode": "train", "epoch": 99, "loss": 2.848133166631063, "acc": 0.681060791015625, "acc_or": 0.907571037610372, "sender_entropy": 1.2931053241093953, "receiver_entropy": 0.0, "original_loss": 0.2465647260348002, "mean_length": 5.99999984105428}
{"mode": "test", "epoch": 99, "loss": 2.5650265216827393, "acc": 0.9783549904823303, "acc_or": 0.9945887327194214, "sender_entropy": 1.421122670173645, "receiver_entropy": 0.0, "original_loss": 0.057699672877788544, "mean_length": 6.0}
{"mode": "train", "epoch": 100, "loss": 2.8667870362599692, "acc": 0.6910339792569479, "acc_or": 0.9103812177975973, "sender_entropy": 1.30031685034434, "receiver_entropy": 0.0, "original_loss": 0.24104446172714233, "mean_length": 5.99999984105428}
{"mode": "test", "epoch": 100, "loss": 2.5614473819732666, "acc": 0.9696969985961914, "acc_or": 0.9924242496490479, "sender_entropy": 1.4270899295806885, "receiver_entropy": 0.0, "original_loss": 0.05408798158168793, "mean_length": 6.0}
{"mode": "train", "epoch": 101, "loss": 2.812119404474894, "acc": 0.6875622272491455, "acc_or": 0.9097811778386434, "sender_entropy": 1.3047936757405598, "receiver_entropy": 0.0, "original_loss": 0.24419207374254862, "mean_length": 5.99999984105428}
{"mode": "test", "epoch": 101, "loss": 2.501645565032959, "acc": 0.9740259647369385, "acc_or": 0.9935064911842346, "sender_entropy": 1.422035813331604, "receiver_entropy": 0.0, "original_loss": 0.05714182183146477, "mean_length": 6.0}
{"mode": "train", "epoch": 102, "loss": 2.815392017364502, "acc": 0.6938316424687704, "acc_or": 0.912105143070221, "sender_entropy": 1.2967172861099243, "receiver_entropy": 0.0, "original_loss": 0.23766938845316568, "mean_length": 5.99999984105428}
{"mode": "test", "epoch": 102, "loss": 2.52423095703125, "acc": 0.9783549904823303, "acc_or": 0.9945887327194214, "sender_entropy": 1.4351366758346558, "receiver_entropy": 0.0, "original_loss": 0.05530507490038872, "mean_length": 6.0}
{"mode": "train", "epoch": 103, "loss": 2.7648128668467202, "acc": 0.6872726877530416, "acc_or": 0.9091705083847046, "sender_entropy": 1.3082098960876465, "receiver_entropy": 0.0, "original_loss": 0.242576132218043, "mean_length": 5.99999984105428}
{"mode": "test", "epoch": 103, "loss": 2.5094449520111084, "acc": 0.9740259647369385, "acc_or": 0.9935064911842346, "sender_entropy": 1.4311920404434204, "receiver_entropy": 0.0, "original_loss": 0.05317670479416847, "mean_length": 6.0}
{"mode": "train", "epoch": 104, "loss": 2.771898031234741, "acc": 0.6921306649843851, "acc_or": 0.9113888144493103, "sender_entropy": 1.3031766812006633, "receiver_entropy": 0.0, "original_loss": 0.23571811616420746, "mean_length": 5.99999984105428}
{"mode": "test", "epoch": 104, "loss": 2.4290881156921387, "acc": 0.9610389471054077, "acc_or": 0.9902597665786743, "sender_entropy": 1.4110088348388672, "receiver_entropy": 0.0, "original_loss": 0.056009214371442795, "mean_length": 6.0}
{"mode": "train", "epoch": 105, "loss": 2.755502621332804, "acc": 0.7044839064280192, "acc_or": 0.9145826896031698, "sender_entropy": 1.291020115216573, "receiver_entropy": 0.0, "original_loss": 0.22841858367125192, "mean_length": 5.99999984105428}
{"mode": "test", "epoch": 105, "loss": 2.4363818168640137, "acc": 0.9696969985961914, "acc_or": 0.9924242496490479, "sender_entropy": 1.417176365852356, "receiver_entropy": 0.0, "original_loss": 0.05308510735630989, "mean_length": 6.0}
{"mode": "train", "epoch": 106, "loss": 2.7184746265411377, "acc": 0.7099871834119161, "acc_or": 0.9166000286738077, "sender_entropy": 1.2920567989349365, "receiver_entropy": 0.0, "original_loss": 0.22893178462982178, "mean_length": 5.99999984105428}
{"mode": "test", "epoch": 106, "loss": 2.434730052947998, "acc": 0.9696969985961914, "acc_or": 0.9924242496490479, "sender_entropy": 1.4216235876083374, "receiver_entropy": 0.0, "original_loss": 0.05181609094142914, "mean_length": 6.0}
{"mode": "train", "epoch": 107, "loss": 2.656481981277466, "acc": 0.6946175694465637, "acc_or": 0.9120586713155111, "sender_entropy": 1.2908906936645508, "receiver_entropy": 0.0, "original_loss": 0.23353676994641623, "mean_length": 5.99999984105428}
{"mode": "test", "epoch": 107, "loss": 2.3941500186920166, "acc": 0.9567099809646606, "acc_or": 0.9891774654388428, "sender_entropy": 1.4175269603729248, "receiver_entropy": 0.0, "original_loss": 0.0570494718849659, "mean_length": 6.0}
{"mode": "train", "epoch": 108, "loss": 2.6935036182403564, "acc": 0.7061525185902914, "acc_or": 0.9158708453178406, "sender_entropy": 1.282260537147522, "receiver_entropy": 0.0, "original_loss": 0.22466295460859934, "mean_length": 5.99999984105428}
{"mode": "test", "epoch": 108, "loss": 2.361572265625, "acc": 0.9740259647369385, "acc_or": 0.9935064911842346, "sender_entropy": 1.4013383388519287, "receiver_entropy": 0.0, "original_loss": 0.05011329799890518, "mean_length": 6.0}
{"mode": "train", "epoch": 109, "loss": 2.598485787709554, "acc": 0.7039332191149393, "acc_or": 0.9149368007977804, "sender_entropy": 1.2808501323064168, "receiver_entropy": 0.0, "original_loss": 0.22949714958667755, "mean_length": 5.99999984105428}
{"mode": "test", "epoch": 109, "loss": 2.290346145629883, "acc": 0.9523809552192688, "acc_or": 0.988095223903656, "sender_entropy": 1.3986883163452148, "receiver_entropy": 0.0, "original_loss": 0.058636654168367386, "mean_length": 6.0}
{"mode": "train", "epoch": 110, "loss": 2.5917346477508545, "acc": 0.7051741480827332, "acc_or": 0.9155416289965311, "sender_entropy": 1.2785247564315796, "receiver_entropy": 0.0, "original_loss": 0.22742339968681335, "mean_length": 5.99999984105428}
{"mode": "test", "epoch": 110, "loss": 2.324955701828003, "acc": 0.9783549904823303, "acc_or": 0.9945887327194214, "sender_entropy": 1.4009722471237183, "receiver_entropy": 0.0, "original_loss": 0.04624009132385254, "mean_length": 6.0}
{"mode": "train", "epoch": 111, "loss": 2.526341358820597, "acc": 0.6962638894716898, "acc_or": 0.9124821027119955, "sender_entropy": 1.289427121480306, "receiver_entropy": 0.0, "original_loss": 0.23460261027018228, "mean_length": 5.99999984105428}
{"mode": "test", "epoch": 111, "loss": 2.377026319503784, "acc": 0.9826839566230774, "acc_or": 0.9956709742546082, "sender_entropy": 1.4200615882873535, "receiver_entropy": 0.0, "original_loss": 0.04490111023187637, "mean_length": 6.0}
{"mode": "train", "epoch": 112, "loss": 2.4857447942097983, "acc": 0.692470928033193, "acc_or": 0.9109460314114889, "sender_entropy": 1.3031269709269206, "receiver_entropy": 0.0, "original_loss": 0.2388548105955124, "mean_length": 5.99999984105428}
{"mode": "test", "epoch": 112, "loss": 2.387538433074951, "acc": 0.9696969985961914, "acc_or": 0.9924242496490479, "sender_entropy": 1.4370965957641602, "receiver_entropy": 0.0, "original_loss": 0.04904041066765785, "mean_length": 6.0}
{"mode": "train", "epoch": 113, "loss": 2.4405176639556885, "acc": 0.688439150651296, "acc_or": 0.9103484948476156, "sender_entropy": 1.3080918391545613, "receiver_entropy": 0.0, "original_loss": 0.24025912086168924, "mean_length": 5.99999984105428}
{"mode": "test", "epoch": 113, "loss": 2.3143258094787598, "acc": 0.9567099809646606, "acc_or": 0.9891774654388428, "sender_entropy": 1.4301539659500122, "receiver_entropy": 0.0, "original_loss": 0.056651290506124496, "mean_length": 6.0}
{"mode": "train", "epoch": 114, "loss": 2.4424091974894204, "acc": 0.6984177231788635, "acc_or": 0.9129570722579956, "sender_entropy": 1.3004097541173298, "receiver_entropy": 0.0, "original_loss": 0.23415255546569824, "mean_length": 5.99999984105428}
{"mode": "test", "epoch": 114, "loss": 2.3351755142211914, "acc": 0.9696969985961914, "acc_or": 0.9924242496490479, "sender_entropy": 1.4296640157699585, "receiver_entropy": 0.0, "original_loss": 0.05017302930355072, "mean_length": 6.0}
{"mode": "train", "epoch": 115, "loss": 2.4349971612294516, "acc": 0.6921957731246948, "acc_or": 0.9117104013760885, "sender_entropy": 1.2957127094268799, "receiver_entropy": 0.0, "original_loss": 0.23392852147420248, "mean_length": 5.99999984105428}
{"mode": "test", "epoch": 115, "loss": 2.297036647796631, "acc": 0.9740259647369385, "acc_or": 0.9935064911842346, "sender_entropy": 1.4183233976364136, "receiver_entropy": 0.0, "original_loss": 0.04637656360864639, "mean_length": 6.0}
{"mode": "train", "epoch": 116, "loss": 2.464180072148641, "acc": 0.709549089272817, "acc_or": 0.9172610441843668, "sender_entropy": 1.2896734873453777, "receiver_entropy": 0.0, "original_loss": 0.2220401962598165, "mean_length": 5.99999984105428}
{"mode": "test", "epoch": 116, "loss": 2.2785441875457764, "acc": 0.9826839566230774, "acc_or": 0.9956709742546082, "sender_entropy": 1.4125285148620605, "receiver_entropy": 0.0, "original_loss": 0.04405631870031357, "mean_length": 6.0}
{"mode": "train", "epoch": 117, "loss": 2.4250330130259194, "acc": 0.7142675320307413, "acc_or": 0.9174117644627889, "sender_entropy": 1.2859526872634888, "receiver_entropy": 0.0, "original_loss": 0.22146016856034598, "mean_length": 5.99999984105428}
{"mode": "test", "epoch": 117, "loss": 2.256798028945923, "acc": 0.9826839566230774, "acc_or": 0.9956709742546082, "sender_entropy": 1.4081261157989502, "receiver_entropy": 0.0, "original_loss": 0.045985400676727295, "mean_length": 6.0}
{"mode": "train", "epoch": 118, "loss": 2.448514540990194, "acc": 0.7127913236618042, "acc_or": 0.9185975790023804, "sender_entropy": 1.279803951581319, "receiver_entropy": 0.0, "original_loss": 0.21711958448092142, "mean_length": 5.99999984105428}
{"mode": "test", "epoch": 118, "loss": 2.2006123065948486, "acc": 0.9523809552192688, "acc_or": 0.988095223903656, "sender_entropy": 1.4045995473861694, "receiver_entropy": 0.0, "original_loss": 0.05305389314889908, "mean_length": 6.0}
{"mode": "train", "epoch": 119, "loss": 2.4494247436523438, "acc": 0.7179410457611084, "acc_or": 0.920129140218099, "sender_entropy": 1.2825052738189697, "receiver_entropy": 0.0, "original_loss": 0.21438003579775491, "mean_length": 5.99999984105428}
{"mode": "test", "epoch": 119, "loss": 2.2387726306915283, "acc": 0.9783549904823303, "acc_or": 0.9945887327194214, "sender_entropy": 1.4189043045043945, "receiver_entropy": 0.0, "original_loss": 0.048442501574754715, "mean_length": 6.0}
{"mode": "train", "epoch": 120, "loss": 2.363693634668986, "acc": 0.711723784605662, "acc_or": 0.9177061716715494, "sender_entropy": 1.2961188157399495, "receiver_entropy": 0.0, "original_loss": 0.22188250223795572, "mean_length": 5.99999984105428}
{"mode": "test", "epoch": 120, "loss": 2.245499849319458, "acc": 0.9826839566230774, "acc_or": 0.9956709742546082, "sender_entropy": 1.4157482385635376, "receiver_entropy": 0.0, "original_loss": 0.042864084243774414, "mean_length": 6.0}
{"mode": "train", "epoch": 121, "loss": 2.311333338419596, "acc": 0.7129402558008829, "acc_or": 0.918001651763916, "sender_entropy": 1.2912473678588867, "receiver_entropy": 0.0, "original_loss": 0.22366550068060556, "mean_length": 5.99999984105428}
{"mode": "test", "epoch": 121, "loss": 2.226490020751953, "acc": 0.9740259647369385, "acc_or": 0.9935064911842346, "sender_entropy": 1.4222990274429321, "receiver_entropy": 0.0, "original_loss": 0.047609370201826096, "mean_length": 6.0}
{"mode": "train", "epoch": 122, "loss": 2.274506409962972, "acc": 0.7044252951939901, "acc_or": 0.915000299612681, "sender_entropy": 1.2999767859776814, "receiver_entropy": 0.0, "original_loss": 0.22743466993172964, "mean_length": 5.99999984105428}
{"mode": "test", "epoch": 122, "loss": 2.2212047576904297, "acc": 0.9653679728507996, "acc_or": 0.9913420081138611, "sender_entropy": 1.4262598752975464, "receiver_entropy": 0.0, "original_loss": 0.04616871476173401, "mean_length": 6.0}
{"mode": "train", "epoch": 123, "loss": 2.2494800090789795, "acc": 0.7092052300771078, "acc_or": 0.9160692095756531, "sender_entropy": 1.2961465915044148, "receiver_entropy": 0.0, "original_loss": 0.22570150097211203, "mean_length": 5.99999984105428}
{"mode": "test", "epoch": 123, "loss": 2.1816048622131348, "acc": 0.9783549904823303, "acc_or": 0.9945887327194214, "sender_entropy": 1.4157723188400269, "receiver_entropy": 0.0, "original_loss": 0.04459273815155029, "mean_length": 6.0}
{"mode": "train", "epoch": 124, "loss": 2.2605133851369223, "acc": 0.7189168930053711, "acc_or": 0.9189607699712118, "sender_entropy": 1.2857273817062378, "receiver_entropy": 0.0, "original_loss": 0.21937456727027893, "mean_length": 5.99999984105428}
{"mode": "test", "epoch": 124, "loss": 2.180631399154663, "acc": 0.9826839566230774, "acc_or": 0.9956709742546082, "sender_entropy": 1.4182990789413452, "receiver_entropy": 0.0, "original_loss": 0.043730247765779495, "mean_length": 6.0}
{"mode": "train", "epoch": 125, "loss": 2.2529842853546143, "acc": 0.7176324327786764, "acc_or": 0.9197701811790466, "sender_entropy": 1.2834980885187786, "receiver_entropy": 0.0, "original_loss": 0.21715645988782248, "mean_length": 5.99999984105428}
{"mode": "test", "epoch": 125, "loss": 2.1270179748535156, "acc": 0.9653679728507996, "acc_or": 0.9913420081138611, "sender_entropy": 1.4059674739837646, "receiver_entropy": 0.0, "original_loss": 0.0469263531267643, "mean_length": 6.0}
{"mode": "train", "epoch": 126, "loss": 2.2596418857574463, "acc": 0.7186582684516907, "acc_or": 0.9200717608133951, "sender_entropy": 1.275905728340149, "receiver_entropy": 0.0, "original_loss": 0.213521346449852, "mean_length": 5.99999984105428}
{"mode": "test", "epoch": 126, "loss": 2.1393609046936035, "acc": 0.9870129823684692, "acc_or": 0.9967532753944397, "sender_entropy": 1.3995434045791626, "receiver_entropy": 0.0, "original_loss": 0.03750186413526535, "mean_length": 6.0}
{"mode": "train", "epoch": 127, "loss": 2.2310596307118735, "acc": 0.7277674674987793, "acc_or": 0.9225543538729349, "sender_entropy": 1.2775206565856934, "receiver_entropy": 0.0, "original_loss": 0.21115672091643015, "mean_length": 5.99999984105428}
{"mode": "test", "epoch": 127, "loss": 2.1402082443237305, "acc": 0.9696969985961914, "acc_or": 0.9924242496490479, "sender_entropy": 1.410223126411438, "receiver_entropy": 0.0, "original_loss": 0.0416700653731823, "mean_length": 6.0}
{"mode": "train", "epoch": 128, "loss": 2.1984744866689048, "acc": 0.721260646979014, "acc_or": 0.9209574262301127, "sender_entropy": 1.2812130053838093, "receiver_entropy": 0.0, "original_loss": 0.2140269329150518, "mean_length": 5.99999984105428}
{"mode": "test", "epoch": 128, "loss": 2.1346144676208496, "acc": 0.9783549904823303, "acc_or": 0.9945887327194214, "sender_entropy": 1.4137210845947266, "receiver_entropy": 0.0, "original_loss": 0.03904503583908081, "mean_length": 6.0}
{"mode": "train", "epoch": 129, "loss": 2.1720480918884277, "acc": 0.7185532450675964, "acc_or": 0.9195144375165304, "sender_entropy": 1.2829267978668213, "receiver_entropy": 0.0, "original_loss": 0.21513027449448904, "mean_length": 5.99999984105428}
{"mode": "test", "epoch": 129, "loss": 2.0984301567077637, "acc": 0.9740259647369385, "acc_or": 0.9935064911842346, "sender_entropy": 1.413434386253357, "receiver_entropy": 0.0, "original_loss": 0.045825373381376266, "mean_length": 6.0}
{"mode": "train", "epoch": 130, "loss": 2.1535232067108154, "acc": 0.7146401604016622, "acc_or": 0.9185207883516947, "sender_entropy": 1.2874236504236858, "receiver_entropy": 0.0, "original_loss": 0.21716183423995972, "mean_length": 5.99999984105428}
{"mode": "test", "epoch": 130, "loss": 2.101344347000122, "acc": 0.9653679728507996, "acc_or": 0.9913420081138611, "sender_entropy": 1.4152621030807495, "receiver_entropy": 0.0, "original_loss": 0.04475206136703491, "mean_length": 6.0}
{"mode": "train", "epoch": 131, "loss": 2.1420226097106934, "acc": 0.7146739761034647, "acc_or": 0.9182897607485453, "sender_entropy": 1.2932242155075073, "receiver_entropy": 0.0, "original_loss": 0.21555285155773163, "mean_length": 5.99999984105428}
{"mode": "test", "epoch": 131, "loss": 2.0975308418273926, "acc": 0.9870129823684692, "acc_or": 0.9967532753944397, "sender_entropy": 1.4056198596954346, "receiver_entropy": 0.0, "original_loss": 0.038027241826057434, "mean_length": 6.0}
{"mode": "train", "epoch": 132, "loss": 2.1632614135742188, "acc": 0.7188582420349121, "acc_or": 0.9201205770174662, "sender_entropy": 1.2851684888203938, "receiver_entropy": 0.0, "original_loss": 0.21037714183330536, "mean_length": 5.99999984105428}
{"mode": "test", "epoch": 132, "loss": 2.125746250152588, "acc": 0.9870129823684692, "acc_or": 0.9967532753944397, "sender_entropy": 1.416553258895874, "receiver_entropy": 0.0, "original_loss": 0.03770649433135986, "mean_length": 6.0}
{"mode": "train", "epoch": 133, "loss": 2.0713372230529785, "acc": 0.7117712696393331, "acc_or": 0.9179272850354513, "sender_entropy": 1.2986419995625813, "receiver_entropy": 0.0, "original_loss": 0.21948673824469248, "mean_length": 5.99999984105428}
{"mode": "test", "epoch": 133, "loss": 2.112658739089966, "acc": 0.9826839566230774, "acc_or": 0.9956709742546082, "sender_entropy": 1.4157065153121948, "receiver_entropy": 0.0, "original_loss": 0.03969071805477142, "mean_length": 6.0}
{"mode": "train", "epoch": 134, "loss": 2.1075261433919272, "acc": 0.719883402188619, "acc_or": 0.921089788277944, "sender_entropy": 1.2851052284240723, "receiver_entropy": 0.0, "original_loss": 0.21066948274771372, "mean_length": 5.99999984105428}
{"mode": "test", "epoch": 134, "loss": 2.067729949951172, "acc": 0.9696969985961914, "acc_or": 0.9924242496490479, "sender_entropy": 1.411727786064148, "receiver_entropy": 0.0, "original_loss": 0.04243721067905426, "mean_length": 6.0}
{"mode": "train", "epoch": 135, "loss": 2.0790905157725015, "acc": 0.7301475405693054, "acc_or": 0.9236070116360983, "sender_entropy": 1.284149130185445, "receiver_entropy": 0.0, "original_loss": 0.20785087843736014, "mean_length": 5.99999984105428}
{"mode": "test", "epoch": 135, "loss": 2.0253829956054688, "acc": 0.9740259647369385, "acc_or": 0.9935064911842346, "sender_entropy": 1.4000886678695679, "receiver_entropy": 0.0, "original_loss": 0.04097764566540718, "mean_length": 6.0}
{"mode": "train", "epoch": 136, "loss": 2.099853833516439, "acc": 0.7309136986732483, "acc_or": 0.92400195201238, "sender_entropy": 1.2815940380096436, "receiver_entropy": 0.0, "original_loss": 0.20515480637550354, "mean_length": 5.99999984105428}
{"mode": "test", "epoch": 136, "loss": 2.039076805114746, "acc": 0.9826839566230774, "acc_or": 0.9956709742546082, "sender_entropy": 1.4113203287124634, "receiver_entropy": 0.0, "original_loss": 0.03891850635409355, "mean_length": 6.0}
{"mode": "train", "epoch": 137, "loss": 2.025996287663778, "acc": 0.722359836101532, "acc_or": 0.9214945435523987, "sender_entropy": 1.28770915667216, "receiver_entropy": 0.0, "original_loss": 0.21061782042185465, "mean_length": 5.99999984105428}
{"mode": "test", "epoch": 137, "loss": 2.0377402305603027, "acc": 0.9740259647369385, "acc_or": 0.9935064911842346, "sender_entropy": 1.4068208932876587, "receiver_entropy": 0.0, "original_loss": 0.03855084255337715, "mean_length": 6.0}
{"mode": "train", "epoch": 138, "loss": 2.0701204935709634, "acc": 0.729649027188619, "acc_or": 0.9241143465042114, "sender_entropy": 1.2832454045613606, "receiver_entropy": 0.0, "original_loss": 0.20337853332360586, "mean_length": 5.99999984105428}
{"mode": "test", "epoch": 138, "loss": 1.9865999221801758, "acc": 0.9783549904823303, "acc_or": 0.9945887327194214, "sender_entropy": 1.3927286863327026, "receiver_entropy": 0.0, "original_loss": 0.03716731444001198, "mean_length": 6.0}
{"mode": "train", "epoch": 139, "loss": 2.0313060681025186, "acc": 0.7272613843282064, "acc_or": 0.9230530659357706, "sender_entropy": 1.2822067737579346, "receiver_entropy": 0.0, "original_loss": 0.2063039094209671, "mean_length": 5.99999984105428}
{"mode": "test", "epoch": 139, "loss": 2.0162365436553955, "acc": 0.9783549904823303, "acc_or": 0.9945887327194214, "sender_entropy": 1.4075993299484253, "receiver_entropy": 0.0, "original_loss": 0.03598883002996445, "mean_length": 6.0}
{"mode": "train", "epoch": 140, "loss": 1.9785953760147095, "acc": 0.7235493659973145, "acc_or": 0.9217518965403239, "sender_entropy": 1.293905258178711, "receiver_entropy": 0.0, "original_loss": 0.21060800552368164, "mean_length": 5.99999984105428}
{"mode": "test", "epoch": 140, "loss": 1.9716485738754272, "acc": 0.9653679728507996, "acc_or": 0.9913420081138611, "sender_entropy": 1.402430772781372, "receiver_entropy": 0.0, "original_loss": 0.039728548377752304, "mean_length": 6.0}
{"mode": "train", "epoch": 141, "loss": 1.9370489915211995, "acc": 0.7229253053665161, "acc_or": 0.920769472916921, "sender_entropy": 1.2926050027211506, "receiver_entropy": 0.0, "original_loss": 0.21297659476598105, "mean_length": 5.99999984105428}
{"mode": "test", "epoch": 141, "loss": 1.9872337579727173, "acc": 0.9913420081138611, "acc_or": 0.9978355169296265, "sender_entropy": 1.4084174633026123, "receiver_entropy": 0.0, "original_loss": 0.03644872456789017, "mean_length": 6.0}
{"mode": "train", "epoch": 142, "loss": 1.929926911989848, "acc": 0.7282983660697937, "acc_or": 0.9228486816088358, "sender_entropy": 1.2883319457372029, "receiver_entropy": 0.0, "original_loss": 0.20938138663768768, "mean_length": 5.99999984105428}
{"mode": "test", "epoch": 142, "loss": 1.9790723323822021, "acc": 0.9913420081138611, "acc_or": 0.9978355169296265, "sender_entropy": 1.3970913887023926, "receiver_entropy": 0.0, "original_loss": 0.034516990184783936, "mean_length": 6.0}
{"mode": "train", "epoch": 143, "loss": 1.9494082530339558, "acc": 0.7265322804450989, "acc_or": 0.92291126648585, "sender_entropy": 1.2799491882324219, "receiver_entropy": 0.0, "original_loss": 0.2045454035202662, "mean_length": 5.99999984105428}
{"mode": "test", "epoch": 143, "loss": 1.9404109716415405, "acc": 0.9696969985961914, "acc_or": 0.9924242496490479, "sender_entropy": 1.396599531173706, "receiver_entropy": 0.0, "original_loss": 0.04017093405127525, "mean_length": 6.0}
{"mode": "train", "epoch": 144, "loss": 1.9694153467814128, "acc": 0.740612785021464, "acc_or": 0.9266806443532308, "sender_entropy": 1.2758861382802327, "receiver_entropy": 0.0, "original_loss": 0.19872008760770163, "mean_length": 5.99999984105428}
{"mode": "test", "epoch": 144, "loss": 1.9376949071884155, "acc": 0.9826839566230774, "acc_or": 0.9956709742546082, "sender_entropy": 1.393093228340149, "receiver_entropy": 0.0, "original_loss": 0.04048503562808037, "mean_length": 6.0}
{"mode": "train", "epoch": 145, "loss": 1.9771920839945476, "acc": 0.7501248121261597, "acc_or": 0.9292079210281372, "sender_entropy": 1.272286852200826, "receiver_entropy": 0.0, "original_loss": 0.19375396768252054, "mean_length": 5.99999984105428}
{"mode": "test", "epoch": 145, "loss": 1.887123942375183, "acc": 0.9740259647369385, "acc_or": 0.9935064911842346, "sender_entropy": 1.384204626083374, "receiver_entropy": 0.0, "original_loss": 0.04187992587685585, "mean_length": 6.0}
{"mode": "train", "epoch": 146, "loss": 1.9444924592971802, "acc": 0.747148354848226, "acc_or": 0.9289174874623617, "sender_entropy": 1.269353191057841, "receiver_entropy": 0.0, "original_loss": 0.19575519363085428, "mean_length": 5.99999984105428}
{"mode": "test", "epoch": 146, "loss": 1.9068912267684937, "acc": 0.9870129823684692, "acc_or": 0.9967532753944397, "sender_entropy": 1.3827732801437378, "receiver_entropy": 0.0, "original_loss": 0.034561507403850555, "mean_length": 6.0}
{"mode": "train", "epoch": 147, "loss": 1.9472256104151409, "acc": 0.7458685835202535, "acc_or": 0.9288842082023621, "sender_entropy": 1.2694891293843586, "receiver_entropy": 0.0, "original_loss": 0.19424524903297424, "mean_length": 5.99999984105428}
{"mode": "test", "epoch": 147, "loss": 1.912185549736023, "acc": 0.9740259647369385, "acc_or": 0.9935064911842346, "sender_entropy": 1.393327236175537, "receiver_entropy": 0.0, "original_loss": 0.03774724528193474, "mean_length": 6.0}
{"mode": "train", "epoch": 148, "loss": 1.8902029196421306, "acc": 0.7412397066752116, "acc_or": 0.9262895981470743, "sender_entropy": 1.2836799224217732, "receiver_entropy": 0.0, "original_loss": 0.1999764641125997, "mean_length": 5.99999984105428}
{"mode": "test", "epoch": 148, "loss": 1.9156743288040161, "acc": 0.9740259647369385, "acc_or": 0.9935064911842346, "sender_entropy": 1.398423671722412, "receiver_entropy": 0.0, "original_loss": 0.03639445826411247, "mean_length": 6.0}
{"mode": "train", "epoch": 149, "loss": 1.8156595627466838, "acc": 0.7293662826220194, "acc_or": 0.9238336881001791, "sender_entropy": 1.2827205657958984, "receiver_entropy": 0.0, "original_loss": 0.20655864477157593, "mean_length": 5.99999984105428}
{"mode": "test", "epoch": 149, "loss": 1.9113337993621826, "acc": 0.9913420081138611, "acc_or": 0.9978355169296265, "sender_entropy": 1.3914498090744019, "receiver_entropy": 0.0, "original_loss": 0.03157930448651314, "mean_length": 6.0}
{"mode": "train", "epoch": 150, "loss": 1.8345857461293538, "acc": 0.7312748034795126, "acc_or": 0.9241222540537516, "sender_entropy": 1.2851674556732178, "receiver_entropy": 0.0, "original_loss": 0.20267759760220846, "mean_length": 5.99999984105428}
{"mode": "test", "epoch": 150, "loss": 1.92682945728302, "acc": 0.9956709742546082, "acc_or": 0.9989177584648132, "sender_entropy": 1.3981186151504517, "receiver_entropy": 0.0, "original_loss": 0.03039224073290825, "mean_length": 6.0}
{"mode": "train", "epoch": 151, "loss": 1.8671680688858032, "acc": 0.7441312869389852, "acc_or": 0.9279627799987793, "sender_entropy": 1.280268947283427, "receiver_entropy": 0.0, "original_loss": 0.19341844817002615, "mean_length": 5.99999984105428}
{"mode": "test", "epoch": 151, "loss": 1.8825041055679321, "acc": 0.9826839566230774, "acc_or": 0.9956709742546082, "sender_entropy": 1.3980575799942017, "receiver_entropy": 0.0, "original_loss": 0.035797227174043655, "mean_length": 6.0}
{"mode": "train", "epoch": 152, "loss": 1.8260281483332317, "acc": 0.7418180902798971, "acc_or": 0.9278144041697184, "sender_entropy": 1.27744460105896, "receiver_entropy": 0.0, "original_loss": 0.19657489160696665, "mean_length": 5.99999984105428}
{"mode": "test", "epoch": 152, "loss": 1.8751479387283325, "acc": 0.9956709742546082, "acc_or": 0.9989177584648132, "sender_entropy": 1.394760012626648, "receiver_entropy": 0.0, "original_loss": 0.030181242153048515, "mean_length": 6.0}
{"mode": "train", "epoch": 153, "loss": 1.8333784739176433, "acc": 0.7462099393208822, "acc_or": 0.9287630915641785, "sender_entropy": 1.2757896184921265, "receiver_entropy": 0.0, "original_loss": 0.19448421398798624, "mean_length": 5.99999984105428}
{"mode": "test", "epoch": 153, "loss": 1.8243231773376465, "acc": 0.9740259647369385, "acc_or": 0.9935064911842346, "sender_entropy": 1.3904300928115845, "receiver_entropy": 0.0, "original_loss": 0.03643921762704849, "mean_length": 6.0}
{"mode": "train", "epoch": 154, "loss": 1.7528475920359294, "acc": 0.7360561887423197, "acc_or": 0.9259602824846903, "sender_entropy": 1.2801073392232258, "receiver_entropy": 0.0, "original_loss": 0.20316132406393686, "mean_length": 5.99999984105428}
{"mode": "test", "epoch": 154, "loss": 1.8647639751434326, "acc": 0.9870129823684692, "acc_or": 0.9967532753944397, "sender_entropy": 1.3984763622283936, "receiver_entropy": 0.0, "original_loss": 0.030687447637319565, "mean_length": 6.0}
{"mode": "train", "epoch": 155, "loss": 1.7576629320780437, "acc": 0.7366162339846293, "acc_or": 0.9254048268000284, "sender_entropy": 1.28340744972229, "receiver_entropy": 0.0, "original_loss": 0.200421541929245, "mean_length": 5.99999984105428}
{"mode": "test", "epoch": 155, "loss": 1.846025824546814, "acc": 0.9826839566230774, "acc_or": 0.9956709742546082, "sender_entropy": 1.3956528902053833, "receiver_entropy": 0.0, "original_loss": 0.03553641214966774, "mean_length": 6.0}
{"mode": "train", "epoch": 156, "loss": 1.728624979654948, "acc": 0.7295716802279154, "acc_or": 0.9236480991045634, "sender_entropy": 1.284333348274231, "receiver_entropy": 0.0, "original_loss": 0.20571172734101614, "mean_length": 5.99999984105428}
{"mode": "test", "epoch": 156, "loss": 1.90450918674469, "acc": 0.9956709742546082, "acc_or": 0.9989177584648132, "sender_entropy": 1.4087337255477905, "receiver_entropy": 0.0, "original_loss": 0.029325095936655998, "mean_length": 6.0}
{"mode": "train", "epoch": 157, "loss": 1.7495736281077068, "acc": 0.740198036034902, "acc_or": 0.9275363683700562, "sender_entropy": 1.2847211758295696, "receiver_entropy": 0.0, "original_loss": 0.19884011149406433, "mean_length": 5.99999984105428}
{"mode": "test", "epoch": 157, "loss": 1.8547147512435913, "acc": 0.9870129823684692, "acc_or": 0.9967532753944397, "sender_entropy": 1.3848254680633545, "receiver_entropy": 0.0, "original_loss": 0.02847735770046711, "mean_length": 6.0}
{"mode": "train", "epoch": 158, "loss": 1.7480134963989258, "acc": 0.7445618311564127, "acc_or": 0.9280248085657755, "sender_entropy": 1.2787841161092122, "receiver_entropy": 0.0, "original_loss": 0.19523840149243674, "mean_length": 5.99999984105428}
{"mode": "test", "epoch": 158, "loss": 1.8375061750411987, "acc": 0.9740259647369385, "acc_or": 0.9935064911842346, "sender_entropy": 1.4034923315048218, "receiver_entropy": 0.0, "original_loss": 0.03668659180402756, "mean_length": 6.0}
{"mode": "train", "epoch": 159, "loss": 1.7281986474990845, "acc": 0.741497258345286, "acc_or": 0.927584191163381, "sender_entropy": 1.2785812616348267, "receiver_entropy": 0.0, "original_loss": 0.1956581324338913, "mean_length": 5.99999984105428}
{"mode": "test", "epoch": 159, "loss": 1.8098835945129395, "acc": 0.9870129823684692, "acc_or": 0.9967532753944397, "sender_entropy": 1.382952332496643, "receiver_entropy": 0.0, "original_loss": 0.030864372849464417, "mean_length": 6.0}
{"mode": "train", "epoch": 160, "loss": 1.78057595094045, "acc": 0.7503812710444132, "acc_or": 0.9307927489280701, "sender_entropy": 1.2721773783365886, "receiver_entropy": 0.0, "original_loss": 0.18689671158790588, "mean_length": 5.99999984105428}
{"mode": "test", "epoch": 160, "loss": 1.8226934671401978, "acc": 0.9870129823684692, "acc_or": 0.9967532753944397, "sender_entropy": 1.3913322687149048, "receiver_entropy": 0.0, "original_loss": 0.027644068002700806, "mean_length": 6.0}
{"mode": "train", "epoch": 161, "loss": 1.7026858727137248, "acc": 0.7431723276774088, "acc_or": 0.9278846383094788, "sender_entropy": 1.2814743518829346, "receiver_entropy": 0.0, "original_loss": 0.19566666583220163, "mean_length": 5.99999984105428}
{"mode": "test", "epoch": 161, "loss": 1.7875010967254639, "acc": 0.9783549904823303, "acc_or": 0.9945887327194214, "sender_entropy": 1.3953102827072144, "receiver_entropy": 0.0, "original_loss": 0.03348183259367943, "mean_length": 6.0}
{"mode": "train", "epoch": 162, "loss": 1.7333900531133015, "acc": 0.749885618686676, "acc_or": 0.9302607576052347, "sender_entropy": 1.285936951637268, "receiver_entropy": 0.0, "original_loss": 0.19092662632465363, "mean_length": 5.99999984105428}
{"mode": "test", "epoch": 162, "loss": 1.8470813035964966, "acc": 0.9956709742546082, "acc_or": 0.9989177584648132, "sender_entropy": 1.4073350429534912, "receiver_entropy": 0.0, "original_loss": 0.028043312951922417, "mean_length": 6.0}
{"mode": "train", "epoch": 163, "loss": 1.661715308825175, "acc": 0.7402056058247884, "acc_or": 0.926914632320404, "sender_entropy": 1.2910978396733601, "receiver_entropy": 0.0, "original_loss": 0.19771777093410492, "mean_length": 5.99999984105428}
{"mode": "test", "epoch": 163, "loss": 1.8130455017089844, "acc": 0.9870129823684692, "acc_or": 0.9967532753944397, "sender_entropy": 1.399731159210205, "receiver_entropy": 0.0, "original_loss": 0.030365483835339546, "mean_length": 6.0}
{"mode": "train", "epoch": 164, "loss": 1.6877185901006062, "acc": 0.751990536848704, "acc_or": 0.9304412206013998, "sender_entropy": 1.2789739767710369, "receiver_entropy": 0.0, "original_loss": 0.19048071404298147, "mean_length": 5.99999984105428}
{"mode": "test", "epoch": 164, "loss": 1.789791226387024, "acc": 0.9826839566230774, "acc_or": 0.9956709742546082, "sender_entropy": 1.3914095163345337, "receiver_entropy": 0.0, "original_loss": 0.030588889494538307, "mean_length": 6.0}
{"mode": "train", "epoch": 165, "loss": 1.6965593496958415, "acc": 0.7553496956825256, "acc_or": 0.9314954082171122, "sender_entropy": 1.2796422640482585, "receiver_entropy": 0.0, "original_loss": 0.18770462274551392, "mean_length": 5.99999984105428}
{"mode": "test", "epoch": 165, "loss": 1.7938318252563477, "acc": 0.9956709742546082, "acc_or": 0.9989177584648132, "sender_entropy": 1.4003643989562988, "receiver_entropy": 0.0, "original_loss": 0.03049282915890217, "mean_length": 6.0}
{"mode": "train", "epoch": 166, "loss": 1.6635990540186565, "acc": 0.7526405056317648, "acc_or": 0.9307983120282491, "sender_entropy": 1.2806930144627888, "receiver_entropy": 0.0, "original_loss": 0.19138793150583902, "mean_length": 5.99999984105428}
{"mode": "test", "epoch": 166, "loss": 1.7606555223464966, "acc": 0.9826839566230774, "acc_or": 0.9956709742546082, "sender_entropy": 1.3837976455688477, "receiver_entropy": 0.0, "original_loss": 0.0314391553401947, "mean_length": 6.0}
{"mode": "train", "epoch": 167, "loss": 1.7084039052327473, "acc": 0.7611936132113138, "acc_or": 0.933728814125061, "sender_entropy": 1.2675861517588298, "receiver_entropy": 0.0, "original_loss": 0.18204674124717712, "mean_length": 5.99999984105428}
{"mode": "test", "epoch": 167, "loss": 1.7254925966262817, "acc": 0.9610389471054077, "acc_or": 0.9902597665786743, "sender_entropy": 1.3918918371200562, "receiver_entropy": 0.0, "original_loss": 0.03773673623800278, "mean_length": 6.0}
{"mode": "train", "epoch": 168, "loss": 1.6038117408752441, "acc": 0.7531706690788269, "acc_or": 0.9302305380503336, "sender_entropy": 1.2798171043395996, "receiver_entropy": 0.0, "original_loss": 0.19141159454981485, "mean_length": 5.99999984105428}
{"mode": "test", "epoch": 168, "loss": 1.7520030736923218, "acc": 0.9783549904823303, "acc_or": 0.9945887327194214, "sender_entropy": 1.389037013053894, "receiver_entropy": 0.0, "original_loss": 0.03120815008878708, "mean_length": 6.0}
{"mode": "train", "epoch": 169, "loss": 1.5896947383880615, "acc": 0.7494608163833618, "acc_or": 0.9294214248657227, "sender_entropy": 1.2757311662038167, "receiver_entropy": 0.0, "original_loss": 0.19364526371161142, "mean_length": 5.99999984105428}
{"mode": "test", "epoch": 169, "loss": 1.7384055852890015, "acc": 0.9740259647369385, "acc_or": 0.9935064911842346, "sender_entropy": 1.3896030187606812, "receiver_entropy": 0.0, "original_loss": 0.03305157646536827, "mean_length": 6.0}
{"mode": "train", "epoch": 170, "loss": 1.6323951880137126, "acc": 0.7559496363004049, "acc_or": 0.9317327936490377, "sender_entropy": 1.2753707965215046, "receiver_entropy": 0.0, "original_loss": 0.18659904599189758, "mean_length": 5.99999984105428}
{"mode": "test", "epoch": 170, "loss": 1.7734699249267578, "acc": 0.9826839566230774, "acc_or": 0.9956709742546082, "sender_entropy": 1.3893784284591675, "receiver_entropy": 0.0, "original_loss": 0.027070019394159317, "mean_length": 6.0}
{"mode": "train", "epoch": 171, "loss": 1.6158275206883748, "acc": 0.7529836495717367, "acc_or": 0.9311984777450562, "sender_entropy": 1.2805214722951253, "receiver_entropy": 0.0, "original_loss": 0.18829979995886484, "mean_length": 5.99999984105428}
{"mode": "test", "epoch": 171, "loss": 1.7931967973709106, "acc": 0.9956709742546082, "acc_or": 0.9989177584648132, "sender_entropy": 1.3971068859100342, "receiver_entropy": 0.0, "original_loss": 0.02522466517984867, "mean_length": 6.0}
{"mode": "train", "epoch": 172, "loss": 1.6277731657028198, "acc": 0.7566593289375305, "acc_or": 0.9323555032412211, "sender_entropy": 1.2788686752319336, "receiver_entropy": 0.0, "original_loss": 0.18429407477378845, "mean_length": 5.99999984105428}
{"mode": "test", "epoch": 172, "loss": 1.775335431098938, "acc": 0.9956709742546082, "acc_or": 0.9989177584648132, "sender_entropy": 1.3867968320846558, "receiver_entropy": 0.0, "original_loss": 0.023570198565721512, "mean_length": 6.0}
{"mode": "train", "epoch": 173, "loss": 1.6636523405710857, "acc": 0.7665321429570516, "acc_or": 0.9347506960233053, "sender_entropy": 1.2739917437235515, "receiver_entropy": 0.0, "original_loss": 0.17813216149806976, "mean_length": 5.99999984105428}
{"mode": "test", "epoch": 173, "loss": 1.7605323791503906, "acc": 0.9826839566230774, "acc_or": 0.9956709742546082, "sender_entropy": 1.385667324066162, "receiver_entropy": 0.0, "original_loss": 0.02417423017323017, "mean_length": 6.0}
{"mode": "train", "epoch": 174, "loss": 1.6209125518798828, "acc": 0.7605303327242533, "acc_or": 0.9335634311040243, "sender_entropy": 1.2768055597941081, "receiver_entropy": 0.0, "original_loss": 0.18152792751789093, "mean_length": 5.99999984105428}
{"mode": "test", "epoch": 174, "loss": 1.7807176113128662, "acc": 0.9913420081138611, "acc_or": 0.9978355169296265, "sender_entropy": 1.3921098709106445, "receiver_entropy": 0.0, "original_loss": 0.023880507797002792, "mean_length": 6.0}
{"mode": "train", "epoch": 175, "loss": 1.5839377641677856, "acc": 0.7627532283465067, "acc_or": 0.9340282678604126, "sender_entropy": 1.2826261520385742, "receiver_entropy": 0.0, "original_loss": 0.18208959698677063, "mean_length": 5.99999984105428}
{"mode": "test", "epoch": 175, "loss": 1.757954478263855, "acc": 0.9956709742546082, "acc_or": 0.9989177584648132, "sender_entropy": 1.3864476680755615, "receiver_entropy": 0.0, "original_loss": 0.023682348430156708, "mean_length": 6.0}
{"mode": "train", "epoch": 176, "loss": 1.6161189874013264, "acc": 0.7673000892003378, "acc_or": 0.9356639583905538, "sender_entropy": 1.2790268659591675, "receiver_entropy": 0.0, "original_loss": 0.1772967278957367, "mean_length": 5.99999984105428}
{"mode": "test", "epoch": 176, "loss": 1.7216367721557617, "acc": 0.9870129823684692, "acc_or": 0.9967532753944397, "sender_entropy": 1.3872586488723755, "receiver_entropy": 0.0, "original_loss": 0.026528403162956238, "mean_length": 6.0}
{"mode": "train", "epoch": 177, "loss": 1.6000746885935466, "acc": 0.7711304227511088, "acc_or": 0.9361141920089722, "sender_entropy": 1.2738141218821208, "receiver_entropy": 0.0, "original_loss": 0.1758476843436559, "mean_length": 5.99999984105428}
{"mode": "test", "epoch": 177, "loss": 1.6742913722991943, "acc": 0.9913420081138611, "acc_or": 0.9978355169296265, "sender_entropy": 1.3630588054656982, "receiver_entropy": 0.0, "original_loss": 0.026739751920104027, "mean_length": 6.0}
{"mode": "train", "epoch": 178, "loss": 1.587997833887736, "acc": 0.7703071236610413, "acc_or": 0.9360608657201132, "sender_entropy": 1.2679909070332844, "receiver_entropy": 0.0, "original_loss": 0.1749189794063568, "mean_length": 5.99999984105428}
{"mode": "test", "epoch": 178, "loss": 1.7173229455947876, "acc": 0.9913420081138611, "acc_or": 0.9978355169296265, "sender_entropy": 1.3856827020645142, "receiver_entropy": 0.0, "original_loss": 0.025105873122811317, "mean_length": 6.0}
{"mode": "train", "epoch": 179, "loss": 1.540687362353007, "acc": 0.7568240761756897, "acc_or": 0.9327750205993652, "sender_entropy": 1.2797718048095703, "receiver_entropy": 0.0, "original_loss": 0.18270371854305267, "mean_length": 5.99999984105428}
{"mode": "test", "epoch": 179, "loss": 1.6582533121109009, "acc": 0.9870129823684692, "acc_or": 0.9967532753944397, "sender_entropy": 1.3633450269699097, "receiver_entropy": 0.0, "original_loss": 0.029915962368249893, "mean_length": 6.0}
{"mode": "train", "epoch": 180, "loss": 1.6126972436904907, "acc": 0.7737550934155782, "acc_or": 0.9376134872436523, "sender_entropy": 1.2602853377660115, "receiver_entropy": 0.0, "original_loss": 0.17060571412245432, "mean_length": 5.99999984105428}
{"mode": "test", "epoch": 180, "loss": 1.7483419179916382, "acc": 0.9870129823684692, "acc_or": 0.9967532753944397, "sender_entropy": 1.3932523727416992, "receiver_entropy": 0.0, "original_loss": 0.023397594690322876, "mean_length": 6.0}
{"mode": "train", "epoch": 181, "loss": 1.4744364420572917, "acc": 0.7542199095090231, "acc_or": 0.930929938952128, "sender_entropy": 1.2843755880991619, "receiver_entropy": 0.0, "original_loss": 0.18722413976987204, "mean_length": 5.99999984105428}
{"mode": "test", "epoch": 181, "loss": 1.7034857273101807, "acc": 0.9956709742546082, "acc_or": 0.9989177584648132, "sender_entropy": 1.3769475221633911, "receiver_entropy": 0.0, "original_loss": 0.02294081449508667, "mean_length": 6.0}
{"mode": "train", "epoch": 182, "loss": 1.6061809062957764, "acc": 0.7829135656356812, "acc_or": 0.9397761225700378, "sender_entropy": 1.2615222533543904, "receiver_entropy": 0.0, "original_loss": 0.16741473972797394, "mean_length": 5.99999984105428}
{"mode": "test", "epoch": 182, "loss": 1.6985218524932861, "acc": 1.0, "acc_or": 1.0, "sender_entropy": 1.3780763149261475, "receiver_entropy": 0.0, "original_loss": 0.023054279386997223, "mean_length": 6.0}
{"epoch": 182, "positional_disent": 0.08469933271408081, "bag_of_symbol_disent": 0.1739204078912735, "topographic_sim": 0.4702339085311341}
{"generalization hold out": {"acc": 0.8671875, "acc_or": 0.9557291865348816}, "uniform holdout": {"acc": 0.9199999570846558, "acc_or": 0.9799999594688416}, "epoch": 182}
---End--
