nohup: ignoring input
{"mode": "train", "epoch": 1, "loss": -6.642658193906148, "acc": 0.0038551736312607923, "acc_or": 0.22870932022730509, "sender_entropy": 2.2995222409566245, "receiver_entropy": 0.0, "original_loss": 1.5828910668690999, "mean_length": 5.99999984105428}
{"mode": "test", "epoch": 1, "loss": 1.3600419759750366, "acc": 0.0043290043249726295, "acc_or": 0.23376622796058655, "sender_entropy": 2.295928478240967, "receiver_entropy": 0.0, "original_loss": 1.5053315162658691, "mean_length": 6.0}
{"mode": "train", "epoch": 2, "loss": 1.465884764989217, "acc": 0.004771308042109013, "acc_or": 0.2545950611432393, "sender_entropy": 2.2964808146158853, "receiver_entropy": 0.0, "original_loss": 1.4850858449935913, "mean_length": 5.99999984105428}
{"mode": "test", "epoch": 2, "loss": 1.9422998428344727, "acc": 0.0043290043249726295, "acc_or": 0.2564935088157654, "sender_entropy": 2.2962183952331543, "receiver_entropy": 0.0, "original_loss": 1.4033018350601196, "mean_length": 6.0}
{"mode": "train", "epoch": 3, "loss": 1.856247862180074, "acc": 0.004072787162537376, "acc_or": 0.2611926198005676, "sender_entropy": 2.2965102195739746, "receiver_entropy": 0.0, "original_loss": 1.4013818105061848, "mean_length": 5.99999984105428}
{"mode": "test", "epoch": 3, "loss": 1.6335386037826538, "acc": 0.0043290043249726295, "acc_or": 0.29653680324554443, "sender_entropy": 2.2974815368652344, "receiver_entropy": 0.0, "original_loss": 1.3821494579315186, "mean_length": 6.0}
{"mode": "train", "epoch": 4, "loss": 1.49985404809316, "acc": 0.0038012200966477394, "acc_or": 0.25412575403849286, "sender_entropy": 2.297698179880778, "receiver_entropy": 0.0, "original_loss": 1.3889666398366292, "mean_length": 5.99999984105428}
{"mode": "test", "epoch": 4, "loss": 1.38887357711792, "acc": 0.008658008649945259, "acc_or": 0.2997835576534271, "sender_entropy": 2.2985904216766357, "receiver_entropy": 0.0, "original_loss": 1.3756496906280518, "mean_length": 6.0}
{"mode": "train", "epoch": 5, "loss": 1.2174123128255208, "acc": 0.0037361158368488154, "acc_or": 0.25727880994478863, "sender_entropy": 2.2986485163370767, "receiver_entropy": 0.0, "original_loss": 1.3880408604939778, "mean_length": 5.99999984105428}
{"mode": "test", "epoch": 5, "loss": 1.2046537399291992, "acc": 0.008658008649945259, "acc_or": 0.2716450095176697, "sender_entropy": 2.299081802368164, "receiver_entropy": 0.0, "original_loss": 1.3743782043457031, "mean_length": 6.0}
{"mode": "train", "epoch": 6, "loss": 1.0497413873672485, "acc": 0.00516193313524127, "acc_or": 0.25986939668655396, "sender_entropy": 2.29919441541036, "receiver_entropy": 0.0, "original_loss": 1.3865686655044556, "mean_length": 5.99999984105428}
{"mode": "test", "epoch": 6, "loss": 1.1698662042617798, "acc": 0.025974025949835777, "acc_or": 0.36688312888145447, "sender_entropy": 2.2996370792388916, "receiver_entropy": 0.0, "original_loss": 1.3662959337234497, "mean_length": 6.0}
{"mode": "train", "epoch": 7, "loss": 0.9236393968264262, "acc": 0.004250474817429979, "acc_or": 0.25925729672114056, "sender_entropy": 2.2997802098592124, "receiver_entropy": 0.0, "original_loss": 1.3863081137339275, "mean_length": 5.99999984105428}
{"mode": "test", "epoch": 7, "loss": 1.1659395694732666, "acc": 0.008658008649945259, "acc_or": 0.39177489280700684, "sender_entropy": 2.300264358520508, "receiver_entropy": 0.0, "original_loss": 1.3588591814041138, "mean_length": 6.0}
{"mode": "train", "epoch": 8, "loss": 0.8346122105916342, "acc": 0.004863389302045107, "acc_or": 0.2618791659673055, "sender_entropy": 2.3004139264424643, "receiver_entropy": 0.0, "original_loss": 1.3858304421106975, "mean_length": 5.99999984105428}
{"mode": "test", "epoch": 8, "loss": 1.1644551753997803, "acc": 0.03896103799343109, "acc_or": 0.45129871368408203, "sender_entropy": 2.3006980419158936, "receiver_entropy": 0.0, "original_loss": 1.3532181978225708, "mean_length": 6.0}
{"mode": "train", "epoch": 9, "loss": 0.7709167798360189, "acc": 0.004088613515098889, "acc_or": 0.26491262515385944, "sender_entropy": 2.300769488016764, "receiver_entropy": 0.0, "original_loss": 1.385101079940796, "mean_length": 5.99999984105428}
{"mode": "test", "epoch": 9, "loss": 1.1410133838653564, "acc": 0.03030303120613098, "acc_or": 0.37662336230278015, "sender_entropy": 2.3008651733398438, "receiver_entropy": 0.0, "original_loss": 1.3503475189208984, "mean_length": 6.0}
{"mode": "train", "epoch": 10, "loss": 0.7160786787668864, "acc": 0.005465152983864148, "acc_or": 0.26811235149701435, "sender_entropy": 2.3009031613667807, "receiver_entropy": 0.0, "original_loss": 1.3848604758580525, "mean_length": 5.99999984105428}
{"mode": "test", "epoch": 10, "loss": 1.1334593296051025, "acc": 0.025974025949835777, "acc_or": 0.43073591589927673, "sender_entropy": 2.300975799560547, "receiver_entropy": 0.0, "original_loss": 1.3470873832702637, "mean_length": 6.0}
{"mode": "train", "epoch": 11, "loss": 0.6761684417724609, "acc": 0.004955470096319914, "acc_or": 0.26977574825286865, "sender_entropy": 2.300938606262207, "receiver_entropy": 0.0, "original_loss": 1.3842873970667522, "mean_length": 5.99999984105428}
{"mode": "test", "epoch": 11, "loss": 1.182806134223938, "acc": 0.03030303120613098, "acc_or": 0.457792192697525, "sender_entropy": 2.3009376525878906, "receiver_entropy": 0.0, "original_loss": 1.339789867401123, "mean_length": 6.0}
{"mode": "train", "epoch": 12, "loss": 0.6366024414698283, "acc": 0.004993597511202097, "acc_or": 0.2688905398050944, "sender_entropy": 2.3008139928181968, "receiver_entropy": 0.0, "original_loss": 1.3842989206314087, "mean_length": 5.99999984105428}
{"mode": "test", "epoch": 12, "loss": 1.2550609111785889, "acc": 0.021645020693540573, "acc_or": 0.47727271914482117, "sender_entropy": 2.300715446472168, "receiver_entropy": 0.0, "original_loss": 1.330997347831726, "mean_length": 6.0}
{"mode": "train", "epoch": 13, "loss": 0.6118981242179871, "acc": 0.0047238288292040425, "acc_or": 0.2732090950012207, "sender_entropy": 2.300501267115275, "receiver_entropy": 0.0, "original_loss": 1.3835923671722412, "mean_length": 5.99999984105428}
{"mode": "test", "epoch": 13, "loss": 1.3280020952224731, "acc": 0.021645020693540573, "acc_or": 0.4826839864253998, "sender_entropy": 2.300267457962036, "receiver_entropy": 0.0, "original_loss": 1.3222846984863281, "mean_length": 6.0}
{"mode": "train", "epoch": 14, "loss": 0.5895923376083374, "acc": 0.005487453968574603, "acc_or": 0.2766048510869344, "sender_entropy": 2.2999497254689536, "receiver_entropy": 0.0, "original_loss": 1.3830375671386719, "mean_length": 5.99999984105428}
{"mode": "test", "epoch": 14, "loss": 1.4013805389404297, "acc": 0.025974025949835777, "acc_or": 0.481601744890213, "sender_entropy": 2.299516439437866, "receiver_entropy": 0.0, "original_loss": 1.3134655952453613, "mean_length": 6.0}
{"mode": "train", "epoch": 15, "loss": 0.5792985359827677, "acc": 0.006344958518942197, "acc_or": 0.27980268001556396, "sender_entropy": 2.299029270807902, "receiver_entropy": 0.0, "original_loss": 1.3817872206370037, "mean_length": 5.99999984105428}
{"mode": "test", "epoch": 15, "loss": 1.5026336908340454, "acc": 0.021645020693540573, "acc_or": 0.4913419783115387, "sender_entropy": 2.298271656036377, "receiver_entropy": 0.0, "original_loss": 1.301825761795044, "mean_length": 6.0}
{"mode": "train", "epoch": 16, "loss": 0.5758589108784994, "acc": 0.006419414654374123, "acc_or": 0.28639862934748334, "sender_entropy": 2.2975308895111084, "receiver_entropy": 0.0, "original_loss": 1.380102316538493, "mean_length": 5.99999984105428}
{"mode": "test", "epoch": 16, "loss": 1.631777048110962, "acc": 0.021645020693540573, "acc_or": 0.4783549904823303, "sender_entropy": 2.2961971759796143, "receiver_entropy": 0.0, "original_loss": 1.2871147394180298, "mean_length": 6.0}
{"mode": "train", "epoch": 17, "loss": 0.5882426699002584, "acc": 0.007438780429462592, "acc_or": 0.2939709424972534, "sender_entropy": 2.2947768370310464, "receiver_entropy": 0.0, "original_loss": 1.3771700064341228, "mean_length": 5.99999984105428}
{"mode": "test", "epoch": 17, "loss": 1.7816317081451416, "acc": 0.017316017299890518, "acc_or": 0.46645021438598633, "sender_entropy": 2.29213809967041, "receiver_entropy": 0.0, "original_loss": 1.2685538530349731, "mean_length": 6.0}
{"mode": "train", "epoch": 18, "loss": 0.6244248350461324, "acc": 0.007808903076996406, "acc_or": 0.3060765365759532, "sender_entropy": 2.2894139289855957, "receiver_entropy": 0.0, "original_loss": 1.3721702893575032, "mean_length": 5.99999984105428}
{"mode": "test", "epoch": 18, "loss": 1.9786471128463745, "acc": 0.017316017299890518, "acc_or": 0.45129871368408203, "sender_entropy": 2.284024238586426, "receiver_entropy": 0.0, "original_loss": 1.2421945333480835, "mean_length": 6.0}
{"mode": "train", "epoch": 19, "loss": 0.739094614982605, "acc": 0.010654063274463018, "acc_or": 0.3242194652557373, "sender_entropy": 2.277852217356364, "receiver_entropy": 0.0, "original_loss": 1.3600413799285889, "mean_length": 5.99999984105428}
{"mode": "test", "epoch": 19, "loss": 2.0517330169677734, "acc": 0.017316017299890518, "acc_or": 0.44155845046043396, "sender_entropy": 2.264826774597168, "receiver_entropy": 0.0, "original_loss": 1.217598557472229, "mean_length": 6.0}
{"mode": "train", "epoch": 20, "loss": 0.9728443225224813, "acc": 0.013056442451973757, "acc_or": 0.3470306595166524, "sender_entropy": 2.2512152989705405, "receiver_entropy": 0.0, "original_loss": 1.3360223372777302, "mean_length": 5.99999984105428}
{"mode": "test", "epoch": 20, "loss": 1.9755935668945312, "acc": 0.021645020693540573, "acc_or": 0.44155845046043396, "sender_entropy": 2.229229211807251, "receiver_entropy": 0.0, "original_loss": 1.1998015642166138, "mean_length": 6.0}
{"mode": "train", "epoch": 21, "loss": 1.2796473900477092, "acc": 0.014282271265983582, "acc_or": 0.3736056586106618, "sender_entropy": 2.2152721087137857, "receiver_entropy": 0.0, "original_loss": 1.3031363487243652, "mean_length": 5.99999984105428}
{"mode": "test", "epoch": 21, "loss": 2.014039993286133, "acc": 0.012987012974917889, "acc_or": 0.4458874464035034, "sender_entropy": 2.206519365310669, "receiver_entropy": 0.0, "original_loss": 1.1853359937667847, "mean_length": 6.0}
{"mode": "train", "epoch": 22, "loss": 1.4602689743041992, "acc": 0.015191931587954363, "acc_or": 0.38597481449445087, "sender_entropy": 2.1827496687571206, "receiver_entropy": 0.0, "original_loss": 1.2783362070719402, "mean_length": 5.99999984105428}
{"mode": "test", "epoch": 22, "loss": 2.146108627319336, "acc": 0.012987012974917889, "acc_or": 0.4707792103290558, "sender_entropy": 2.164959192276001, "receiver_entropy": 0.0, "original_loss": 1.1551016569137573, "mean_length": 6.0}
{"mode": "train", "epoch": 23, "loss": 1.760470191637675, "acc": 0.018528069679935772, "acc_or": 0.40608588854471844, "sender_entropy": 2.142343759536743, "receiver_entropy": 0.0, "original_loss": 1.2439312140146892, "mean_length": 5.99999984105428}
{"mode": "test", "epoch": 23, "loss": 2.398421049118042, "acc": 0.017316017299890518, "acc_or": 0.4794372320175171, "sender_entropy": 2.168121337890625, "receiver_entropy": 0.0, "original_loss": 1.1287165880203247, "mean_length": 6.0}
{"mode": "train", "epoch": 24, "loss": 1.7809247175852458, "acc": 0.01729756531616052, "acc_or": 0.4116690258185069, "sender_entropy": 2.1437673568725586, "receiver_entropy": 0.0, "original_loss": 1.235628366470337, "mean_length": 5.99999984105428}
{"mode": "test", "epoch": 24, "loss": 2.5089268684387207, "acc": 0.025974025949835777, "acc_or": 0.4761904776096344, "sender_entropy": 2.155067205429077, "receiver_entropy": 0.0, "original_loss": 1.1080424785614014, "mean_length": 6.0}
{"mode": "train", "epoch": 25, "loss": 1.9819518725077312, "acc": 0.023061261822779972, "acc_or": 0.42188048362731934, "sender_entropy": 2.1126908461252847, "receiver_entropy": 0.0, "original_loss": 1.2094950675964355, "mean_length": 5.99999984105428}
{"mode": "test", "epoch": 25, "loss": 2.579987049102783, "acc": 0.025974025949835777, "acc_or": 0.488095223903656, "sender_entropy": 2.1354472637176514, "receiver_entropy": 0.0, "original_loss": 1.0895742177963257, "mean_length": 6.0}
{"mode": "train", "epoch": 26, "loss": 2.100833018620809, "acc": 0.0235263438274463, "acc_or": 0.4271063506603241, "sender_entropy": 2.09847084681193, "receiver_entropy": 0.0, "original_loss": 1.1917140483856201, "mean_length": 5.99999984105428}
{"mode": "test", "epoch": 26, "loss": 2.962779998779297, "acc": 0.03030303120613098, "acc_or": 0.5173160433769226, "sender_entropy": 2.144789218902588, "receiver_entropy": 0.0, "original_loss": 1.0517712831497192, "mean_length": 6.0}
{"mode": "train", "epoch": 27, "loss": 2.1032411257425943, "acc": 0.02442197563747565, "acc_or": 0.4282444218794505, "sender_entropy": 2.105199654897054, "receiver_entropy": 0.0, "original_loss": 1.1849913199742634, "mean_length": 5.99999984105428}
{"mode": "test", "epoch": 27, "loss": 3.06198787689209, "acc": 0.03896103799343109, "acc_or": 0.5129870176315308, "sender_entropy": 2.130075454711914, "receiver_entropy": 0.0, "original_loss": 1.0302799940109253, "mean_length": 6.0}
{"mode": "train", "epoch": 28, "loss": 2.3019541104634604, "acc": 0.025028415645162266, "acc_or": 0.4402528901894887, "sender_entropy": 2.073208967844645, "receiver_entropy": 0.0, "original_loss": 1.1588891347249348, "mean_length": 5.99999984105428}
{"mode": "test", "epoch": 28, "loss": 3.0684797763824463, "acc": 0.034632034599781036, "acc_or": 0.511904776096344, "sender_entropy": 2.12967848777771, "receiver_entropy": 0.0, "original_loss": 1.0173146724700928, "mean_length": 6.0}
{"mode": "train", "epoch": 29, "loss": 2.340761184692383, "acc": 0.029110554605722427, "acc_or": 0.4495760997136434, "sender_entropy": 2.0672671794891357, "receiver_entropy": 0.0, "original_loss": 1.1459970871607463, "mean_length": 5.99999984105428}
{"mode": "test", "epoch": 29, "loss": 3.1450257301330566, "acc": 0.034632034599781036, "acc_or": 0.5151515007019043, "sender_entropy": 2.1266000270843506, "receiver_entropy": 0.0, "original_loss": 1.0008190870285034, "mean_length": 6.0}
{"mode": "train", "epoch": 30, "loss": 2.448447306950887, "acc": 0.032868972048163414, "acc_or": 0.4594915409882863, "sender_entropy": 2.049673318862915, "receiver_entropy": 0.0, "original_loss": 1.1279563903808594, "mean_length": 5.99999984105428}
{"mode": "test", "epoch": 30, "loss": 3.4258360862731934, "acc": 0.07359307259321213, "acc_or": 0.5616883039474487, "sender_entropy": 2.1104323863983154, "receiver_entropy": 0.0, "original_loss": 0.9560174345970154, "mean_length": 6.0}
{"mode": "train", "epoch": 31, "loss": 2.6034294764200845, "acc": 0.03964735815922419, "acc_or": 0.4793434540430705, "sender_entropy": 2.0345749855041504, "receiver_entropy": 0.0, "original_loss": 1.1034586032231648, "mean_length": 5.99999984105428}
{"mode": "test", "epoch": 31, "loss": 3.5795154571533203, "acc": 0.08225107938051224, "acc_or": 0.5963203310966492, "sender_entropy": 2.089618444442749, "receiver_entropy": 0.0, "original_loss": 0.9209314584732056, "mean_length": 6.0}
{"mode": "train", "epoch": 32, "loss": 2.7470506032307944, "acc": 0.04815478250384331, "acc_or": 0.49829649925231934, "sender_entropy": 2.015269676844279, "receiver_entropy": 0.0, "original_loss": 1.0791945060094197, "mean_length": 5.99999984105428}
{"mode": "test", "epoch": 32, "loss": 3.7198314666748047, "acc": 0.08658008277416229, "acc_or": 0.6093073487281799, "sender_entropy": 2.070448398590088, "receiver_entropy": 0.0, "original_loss": 0.88851398229599, "mean_length": 6.0}
{"mode": "train", "epoch": 33, "loss": 2.967397689819336, "acc": 0.05356310432155927, "acc_or": 0.5157104929288229, "sender_entropy": 1.9880064725875854, "receiver_entropy": 0.0, "original_loss": 1.0473565657933552, "mean_length": 5.99999984105428}
{"mode": "test", "epoch": 33, "loss": 3.705883264541626, "acc": 0.07359307259321213, "acc_or": 0.6114718317985535, "sender_entropy": 2.049887180328369, "receiver_entropy": 0.0, "original_loss": 0.8660649657249451, "mean_length": 6.0}
{"mode": "train", "epoch": 34, "loss": 3.172473430633545, "acc": 0.06479950621724129, "acc_or": 0.5404254794120789, "sender_entropy": 1.9435617923736572, "receiver_entropy": 0.0, "original_loss": 1.0106645822525024, "mean_length": 5.99999984105428}
{"mode": "test", "epoch": 34, "loss": 3.634932041168213, "acc": 0.10822510719299316, "acc_or": 0.6417748928070068, "sender_entropy": 2.0103237628936768, "receiver_entropy": 0.0, "original_loss": 0.8384462594985962, "mean_length": 6.0}
{"mode": "train", "epoch": 35, "loss": 3.293731609980265, "acc": 0.07100958377122879, "acc_or": 0.5547071894009908, "sender_entropy": 1.9090267022450764, "receiver_entropy": 0.0, "original_loss": 0.9840704401334127, "mean_length": 5.99999984105428}
{"mode": "test", "epoch": 35, "loss": 3.8180465698242188, "acc": 0.10389610379934311, "acc_or": 0.6601731777191162, "sender_entropy": 1.9860562086105347, "receiver_entropy": 0.0, "original_loss": 0.7941012978553772, "mean_length": 6.0}
{"mode": "train", "epoch": 36, "loss": 3.4025398890177407, "acc": 0.07760380705197652, "acc_or": 0.570649266242981, "sender_entropy": 1.8786701361338298, "receiver_entropy": 0.0, "original_loss": 0.957046906153361, "mean_length": 5.99999984105428}
{"mode": "test", "epoch": 36, "loss": 3.6808366775512695, "acc": 0.11255411058664322, "acc_or": 0.6634199023246765, "sender_entropy": 1.9527212381362915, "receiver_entropy": 0.0, "original_loss": 0.7826923131942749, "mean_length": 6.0}
{"mode": "train", "epoch": 37, "loss": 3.505994955698649, "acc": 0.08958872656027476, "acc_or": 0.5889012614885966, "sender_entropy": 1.8589835961659749, "receiver_entropy": 0.0, "original_loss": 0.9303638736406962, "mean_length": 5.99999984105428}
{"mode": "test", "epoch": 37, "loss": 3.9351248741149902, "acc": 0.14718614518642426, "acc_or": 0.6948052048683167, "sender_entropy": 1.9447357654571533, "receiver_entropy": 0.0, "original_loss": 0.7272400856018066, "mean_length": 6.0}
{"mode": "train", "epoch": 38, "loss": 3.6243008772532144, "acc": 0.09992194672425588, "acc_or": 0.599234382311503, "sender_entropy": 1.8337432543436687, "receiver_entropy": 0.0, "original_loss": 0.9027969439824423, "mean_length": 5.99999984105428}
{"mode": "test", "epoch": 38, "loss": 3.8848376274108887, "acc": 0.15584415197372437, "acc_or": 0.6958874464035034, "sender_entropy": 1.9170103073120117, "receiver_entropy": 0.0, "original_loss": 0.7079582810401917, "mean_length": 6.0}
{"mode": "train", "epoch": 39, "loss": 3.745786666870117, "acc": 0.11014905571937561, "acc_or": 0.613417406876882, "sender_entropy": 1.809269666671753, "receiver_entropy": 0.0, "original_loss": 0.872537891070048, "mean_length": 5.99999984105428}
{"mode": "test", "epoch": 39, "loss": 3.953110694885254, "acc": 0.18614718317985535, "acc_or": 0.7153679728507996, "sender_entropy": 1.8921537399291992, "receiver_entropy": 0.0, "original_loss": 0.6780222654342651, "mean_length": 6.0}
{"mode": "train", "epoch": 40, "loss": 3.7874476114908853, "acc": 0.11890106896559398, "acc_or": 0.6227141618728638, "sender_entropy": 1.7872085571289062, "receiver_entropy": 0.0, "original_loss": 0.8533715009689331, "mean_length": 5.99999984105428}
{"mode": "test", "epoch": 40, "loss": 4.0687994956970215, "acc": 0.2467532455921173, "acc_or": 0.7348484992980957, "sender_entropy": 1.8844867944717407, "receiver_entropy": 0.0, "original_loss": 0.644624650478363, "mean_length": 6.0}
{"mode": "train", "epoch": 41, "loss": 3.8712693055470786, "acc": 0.13346893588701883, "acc_or": 0.6369679172833761, "sender_entropy": 1.7753748496373494, "receiver_entropy": 0.0, "original_loss": 0.8314805825551351, "mean_length": 5.99999984105428}
{"mode": "test", "epoch": 41, "loss": 4.066091060638428, "acc": 0.2467532455921173, "acc_or": 0.738095223903656, "sender_entropy": 1.8824695348739624, "receiver_entropy": 0.0, "original_loss": 0.6327205300331116, "mean_length": 6.0}
{"mode": "train", "epoch": 42, "loss": 3.8973188400268555, "acc": 0.13760503133138022, "acc_or": 0.6436174313227335, "sender_entropy": 1.7546257972717285, "receiver_entropy": 0.0, "original_loss": 0.8122737407684326, "mean_length": 5.99999984105428}
{"mode": "test", "epoch": 42, "loss": 4.050931930541992, "acc": 0.27272728085517883, "acc_or": 0.7445887327194214, "sender_entropy": 1.862836241722107, "receiver_entropy": 0.0, "original_loss": 0.6114354729652405, "mean_length": 6.0}
{"mode": "train", "epoch": 43, "loss": 3.922006130218506, "acc": 0.15278365214665732, "acc_or": 0.6533703804016113, "sender_entropy": 1.747172514597575, "receiver_entropy": 0.0, "original_loss": 0.795540452003479, "mean_length": 5.99999984105428}
{"mode": "test", "epoch": 43, "loss": 4.128267765045166, "acc": 0.29004329442977905, "acc_or": 0.7532467246055603, "sender_entropy": 1.8588405847549438, "receiver_entropy": 0.0, "original_loss": 0.5896655321121216, "mean_length": 6.0}
{"mode": "train", "epoch": 44, "loss": 3.874463160832723, "acc": 0.1616464505592982, "acc_or": 0.6564317146937052, "sender_entropy": 1.741911252339681, "receiver_entropy": 0.0, "original_loss": 0.7851649125417074, "mean_length": 5.99999984105428}
{"mode": "test", "epoch": 44, "loss": 4.246506690979004, "acc": 0.29870128631591797, "acc_or": 0.7673160433769226, "sender_entropy": 1.841274380683899, "receiver_entropy": 0.0, "original_loss": 0.5566762685775757, "mean_length": 6.0}
{"mode": "train", "epoch": 45, "loss": 3.9966891606648765, "acc": 0.16794681052366892, "acc_or": 0.6689862211545309, "sender_entropy": 1.7076502243677776, "receiver_entropy": 0.0, "original_loss": 0.7549394369125366, "mean_length": 5.99999984105428}
{"mode": "test", "epoch": 45, "loss": 4.013898849487305, "acc": 0.3160173296928406, "acc_or": 0.7673160433769226, "sender_entropy": 1.8040664196014404, "receiver_entropy": 0.0, "original_loss": 0.5572123527526855, "mean_length": 6.0}
{"mode": "train", "epoch": 46, "loss": 3.967000722885132, "acc": 0.18298514684041342, "acc_or": 0.6764481067657471, "sender_entropy": 1.680750807126363, "receiver_entropy": 0.0, "original_loss": 0.7418070038159689, "mean_length": 5.99999984105428}
{"mode": "test", "epoch": 46, "loss": 4.065829277038574, "acc": 0.3160173296928406, "acc_or": 0.7705627679824829, "sender_entropy": 1.8043429851531982, "receiver_entropy": 0.0, "original_loss": 0.5429700016975403, "mean_length": 6.0}
{"mode": "train", "epoch": 47, "loss": 3.976294676462809, "acc": 0.18975058694680533, "acc_or": 0.6821235219637553, "sender_entropy": 1.6845779021581013, "receiver_entropy": 0.0, "original_loss": 0.729711671670278, "mean_length": 5.99999984105428}
{"mode": "test", "epoch": 47, "loss": 4.197339057922363, "acc": 0.350649356842041, "acc_or": 0.7857142686843872, "sender_entropy": 1.7995212078094482, "receiver_entropy": 0.0, "original_loss": 0.509835422039032, "mean_length": 6.0}
{"mode": "train", "epoch": 48, "loss": 3.9834375381469727, "acc": 0.19920112192630768, "acc_or": 0.6875211993853251, "sender_entropy": 1.6823604504267375, "receiver_entropy": 0.0, "original_loss": 0.7184998989105225, "mean_length": 5.99999984105428}
{"mode": "test", "epoch": 48, "loss": 4.226557731628418, "acc": 0.41558441519737244, "acc_or": 0.8116883039474487, "sender_entropy": 1.7946110963821411, "receiver_entropy": 0.0, "original_loss": 0.49178868532180786, "mean_length": 6.0}
{"mode": "train", "epoch": 49, "loss": 4.02777640024821, "acc": 0.20690212150414786, "acc_or": 0.6969128648440043, "sender_entropy": 1.665898084640503, "receiver_entropy": 0.0, "original_loss": 0.7006979783376058, "mean_length": 5.99999984105428}
{"mode": "test", "epoch": 49, "loss": 4.302998065948486, "acc": 0.41558441519737244, "acc_or": 0.8192640542984009, "sender_entropy": 1.7815897464752197, "receiver_entropy": 0.0, "original_loss": 0.4690970480442047, "mean_length": 6.0}
{"mode": "train", "epoch": 50, "loss": 4.033685763676961, "acc": 0.2232195238272349, "acc_or": 0.7057178417841593, "sender_entropy": 1.6439509789148967, "receiver_entropy": 0.0, "original_loss": 0.6836557586987814, "mean_length": 5.99999984105428}
{"mode": "test", "epoch": 50, "loss": 4.103459358215332, "acc": 0.42424243688583374, "acc_or": 0.8290043473243713, "sender_entropy": 1.749882698059082, "receiver_entropy": 0.0, "original_loss": 0.46722298860549927, "mean_length": 6.0}
{"mode": "train", "epoch": 51, "loss": 4.177965958913167, "acc": 0.244467223683993, "acc_or": 0.7211688359578451, "sender_entropy": 1.6131247282028198, "receiver_entropy": 0.0, "original_loss": 0.6503952145576477, "mean_length": 5.99999984105428}
{"mode": "test", "epoch": 51, "loss": 4.192047119140625, "acc": 0.48917749524116516, "acc_or": 0.8409090638160706, "sender_entropy": 1.721290946006775, "receiver_entropy": 0.0, "original_loss": 0.4255780577659607, "mean_length": 6.0}
{"mode": "train", "epoch": 52, "loss": 4.098274230957031, "acc": 0.2539447396993637, "acc_or": 0.7258821328481039, "sender_entropy": 1.5909247795740764, "receiver_entropy": 0.0, "original_loss": 0.6382057269414266, "mean_length": 5.99999984105428}
{"mode": "test", "epoch": 52, "loss": 3.984607219696045, "acc": 0.4458874464035034, "acc_or": 0.8365800976753235, "sender_entropy": 1.6797752380371094, "receiver_entropy": 0.0, "original_loss": 0.4253411293029785, "mean_length": 6.0}
{"mode": "train", "epoch": 53, "loss": 4.1261773109436035, "acc": 0.265096257130305, "acc_or": 0.7336037158966064, "sender_entropy": 1.5680081844329834, "receiver_entropy": 0.0, "original_loss": 0.6215092738469442, "mean_length": 5.99999984105428}
{"mode": "test", "epoch": 53, "loss": 4.100789546966553, "acc": 0.4978354871273041, "acc_or": 0.8593073487281799, "sender_entropy": 1.6886284351348877, "receiver_entropy": 0.0, "original_loss": 0.39825108647346497, "mean_length": 6.0}
{"mode": "train", "epoch": 54, "loss": 4.103157838185628, "acc": 0.2748658359050751, "acc_or": 0.7361235419909159, "sender_entropy": 1.5756230751673381, "receiver_entropy": 0.0, "original_loss": 0.6141029198964437, "mean_length": 5.99999984105428}
{"mode": "test", "epoch": 54, "loss": 4.127928256988525, "acc": 0.5151515007019043, "acc_or": 0.8614718317985535, "sender_entropy": 1.6988245248794556, "receiver_entropy": 0.0, "original_loss": 0.3849213719367981, "mean_length": 6.0}
{"mode": "train", "epoch": 55, "loss": 4.098753929138184, "acc": 0.2827844520409902, "acc_or": 0.7438201308250427, "sender_entropy": 1.5746270418167114, "receiver_entropy": 0.0, "original_loss": 0.603503962357839, "mean_length": 5.99999984105428}
{"mode": "test", "epoch": 55, "loss": 4.053911209106445, "acc": 0.5584415793418884, "acc_or": 0.8701298832893372, "sender_entropy": 1.6858237981796265, "receiver_entropy": 0.0, "original_loss": 0.3792918026447296, "mean_length": 6.0}
{"mode": "train", "epoch": 56, "loss": 4.057923158009847, "acc": 0.30058881640434265, "acc_or": 0.7496775388717651, "sender_entropy": 1.5604501565297444, "receiver_entropy": 0.0, "original_loss": 0.5920344789822897, "mean_length": 5.99999984105428}
{"mode": "test", "epoch": 56, "loss": 3.8991544246673584, "acc": 0.5627705454826355, "acc_or": 0.8712121248245239, "sender_entropy": 1.6573799848556519, "receiver_entropy": 0.0, "original_loss": 0.37376198172569275, "mean_length": 6.0}
{"mode": "train", "epoch": 57, "loss": 4.155611991882324, "acc": 0.3208189407984416, "acc_or": 0.7624571919441223, "sender_entropy": 1.5281916856765747, "receiver_entropy": 0.0, "original_loss": 0.5615249077479044, "mean_length": 5.99999984105428}
{"mode": "test", "epoch": 57, "loss": 4.036590576171875, "acc": 0.6623376607894897, "acc_or": 0.9069263935089111, "sender_entropy": 1.638890266418457, "receiver_entropy": 0.0, "original_loss": 0.3268599808216095, "mean_length": 6.0}
{"mode": "train", "epoch": 58, "loss": 4.170606295267741, "acc": 0.3350648880004883, "acc_or": 0.7714304327964783, "sender_entropy": 1.503247817357381, "receiver_entropy": 0.0, "original_loss": 0.5437199274698893, "mean_length": 5.99999984105428}
{"mode": "test", "epoch": 58, "loss": 3.833223819732666, "acc": 0.6103895902633667, "acc_or": 0.8928571343421936, "sender_entropy": 1.6075403690338135, "receiver_entropy": 0.0, "original_loss": 0.33283525705337524, "mean_length": 6.0}
{"mode": "train", "epoch": 59, "loss": 4.140363693237305, "acc": 0.34928493698438007, "acc_or": 0.7780504624048868, "sender_entropy": 1.4861119985580444, "receiver_entropy": 0.0, "original_loss": 0.5309099952379862, "mean_length": 5.99999984105428}
{"mode": "test", "epoch": 59, "loss": 3.8693902492523193, "acc": 0.6709956526756287, "acc_or": 0.911255419254303, "sender_entropy": 1.598514437675476, "receiver_entropy": 0.0, "original_loss": 0.308306485414505, "mean_length": 6.0}
{"mode": "train", "epoch": 60, "loss": 4.125351270039876, "acc": 0.35748913884162903, "acc_or": 0.7832742730776469, "sender_entropy": 1.4818811416625977, "receiver_entropy": 0.0, "original_loss": 0.5211651921272278, "mean_length": 5.99999984105428}
{"mode": "test", "epoch": 60, "loss": 3.9643282890319824, "acc": 0.6839826703071594, "acc_or": 0.9166666865348816, "sender_entropy": 1.606877088546753, "receiver_entropy": 0.0, "original_loss": 0.287835955619812, "mean_length": 6.0}
{"mode": "train", "epoch": 61, "loss": 4.11464262008667, "acc": 0.36743425329526264, "acc_or": 0.7861667275428772, "sender_entropy": 1.4842211802800496, "receiver_entropy": 0.0, "original_loss": 0.5116293827692667, "mean_length": 5.99999984105428}
{"mode": "test", "epoch": 61, "loss": 3.8600962162017822, "acc": 0.6709956526756287, "acc_or": 0.9080086350440979, "sender_entropy": 1.6019210815429688, "receiver_entropy": 0.0, "original_loss": 0.2950259745121002, "mean_length": 6.0}
{"mode": "train", "epoch": 62, "loss": 4.07698122660319, "acc": 0.3707556426525116, "acc_or": 0.7878926992416382, "sender_entropy": 1.4794868230819702, "receiver_entropy": 0.0, "original_loss": 0.5044978757699331, "mean_length": 5.99999984105428}
{"mode": "test", "epoch": 62, "loss": 3.9608559608459473, "acc": 0.6883116960525513, "acc_or": 0.9145021438598633, "sender_entropy": 1.5947951078414917, "receiver_entropy": 0.0, "original_loss": 0.27108249068260193, "mean_length": 6.0}
{"mode": "train", "epoch": 63, "loss": 4.069392045338948, "acc": 0.3947945435841878, "acc_or": 0.7986695965131124, "sender_entropy": 1.4629835685094197, "receiver_entropy": 0.0, "original_loss": 0.48921112219492596, "mean_length": 5.99999984105428}
{"mode": "test", "epoch": 63, "loss": 3.8189637660980225, "acc": 0.701298713684082, "acc_or": 0.9199134111404419, "sender_entropy": 1.5750364065170288, "receiver_entropy": 0.0, "original_loss": 0.26961275935173035, "mean_length": 6.0}
{"mode": "train", "epoch": 64, "loss": 4.040034770965576, "acc": 0.39983562628428143, "acc_or": 0.7999914685885111, "sender_entropy": 1.4520389238993328, "receiver_entropy": 0.0, "original_loss": 0.48057689269383747, "mean_length": 5.99999984105428}
{"mode": "test", "epoch": 64, "loss": 3.766235113143921, "acc": 0.701298713684082, "acc_or": 0.9209956526756287, "sender_entropy": 1.565040946006775, "receiver_entropy": 0.0, "original_loss": 0.2615968883037567, "mean_length": 6.0}
{"mode": "train", "epoch": 65, "loss": 4.06214698155721, "acc": 0.41537896792093915, "acc_or": 0.8098112146059672, "sender_entropy": 1.4365377028783162, "receiver_entropy": 0.0, "original_loss": 0.463065226872762, "mean_length": 5.99999984105428}
{"mode": "test", "epoch": 65, "loss": 3.7058298587799072, "acc": 0.6926406621932983, "acc_or": 0.9188311696052551, "sender_entropy": 1.5543049573898315, "receiver_entropy": 0.0, "original_loss": 0.2590768337249756, "mean_length": 6.0}
{"mode": "train", "epoch": 66, "loss": 3.9977575143178306, "acc": 0.4216458698113759, "acc_or": 0.810883363087972, "sender_entropy": 1.4379815260569255, "receiver_entropy": 0.0, "original_loss": 0.46000545223553974, "mean_length": 5.99999984105428}
{"mode": "test", "epoch": 66, "loss": 3.7238292694091797, "acc": 0.7186146974563599, "acc_or": 0.9253246784210205, "sender_entropy": 1.5512452125549316, "receiver_entropy": 0.0, "original_loss": 0.2409612089395523, "mean_length": 6.0}
{"mode": "train", "epoch": 67, "loss": 3.9936047395070395, "acc": 0.4298472007115682, "acc_or": 0.814077615737915, "sender_entropy": 1.4347847700119019, "receiver_entropy": 0.0, "original_loss": 0.45433279871940613, "mean_length": 5.99999984105428}
{"mode": "test", "epoch": 67, "loss": 3.7940897941589355, "acc": 0.7489177584648132, "acc_or": 0.9350649118423462, "sender_entropy": 1.557169795036316, "receiver_entropy": 0.0, "original_loss": 0.22433613240718842, "mean_length": 6.0}
{"mode": "train", "epoch": 68, "loss": 3.9287699858347573, "acc": 0.4434327483177185, "acc_or": 0.817858874797821, "sender_entropy": 1.4346516132354736, "receiver_entropy": 0.0, "original_loss": 0.44801931579907733, "mean_length": 5.99999984105428}
{"mode": "test", "epoch": 68, "loss": 3.7809813022613525, "acc": 0.7705627679824829, "acc_or": 0.9383116960525513, "sender_entropy": 1.549160361289978, "receiver_entropy": 0.0, "original_loss": 0.21504871547222137, "mean_length": 6.0}
{"mode": "train", "epoch": 69, "loss": 3.9461135864257812, "acc": 0.4518257975578308, "acc_or": 0.8232821822166443, "sender_entropy": 1.4206026395161946, "receiver_entropy": 0.0, "original_loss": 0.43565993507703143, "mean_length": 5.99999984105428}
{"mode": "test", "epoch": 69, "loss": 3.6513078212738037, "acc": 0.6839826703071594, "acc_or": 0.9166666865348816, "sender_entropy": 1.538546085357666, "receiver_entropy": 0.0, "original_loss": 0.22872580587863922, "mean_length": 6.0}
{"mode": "train", "epoch": 70, "loss": 3.9343583583831787, "acc": 0.45318830013275146, "acc_or": 0.8254573345184326, "sender_entropy": 1.416232705116272, "receiver_entropy": 0.0, "original_loss": 0.4274035493532817, "mean_length": 5.99999984105428}
{"mode": "test", "epoch": 70, "loss": 3.7976975440979004, "acc": 0.822510838508606, "acc_or": 0.9534631967544556, "sender_entropy": 1.5503190755844116, "receiver_entropy": 0.0, "original_loss": 0.19254209101200104, "mean_length": 6.0}
{"mode": "train", "epoch": 71, "loss": 3.8304731845855713, "acc": 0.44940218329429626, "acc_or": 0.8232892155647278, "sender_entropy": 1.4215083916982014, "receiver_entropy": 0.0, "original_loss": 0.43249348799387616, "mean_length": 5.99999984105428}
{"mode": "test", "epoch": 71, "loss": 3.6214325428009033, "acc": 0.7359307408332825, "acc_or": 0.9296537041664124, "sender_entropy": 1.5377843379974365, "receiver_entropy": 0.0, "original_loss": 0.20934134721755981, "mean_length": 6.0}
{"mode": "train", "epoch": 72, "loss": 3.919930934906006, "acc": 0.47356735666592914, "acc_or": 0.8353018363316854, "sender_entropy": 1.4049078226089478, "receiver_entropy": 0.0, "original_loss": 0.4088992178440094, "mean_length": 5.99999984105428}
{"mode": "test", "epoch": 72, "loss": 3.6533260345458984, "acc": 0.8311688303947449, "acc_or": 0.9545454382896423, "sender_entropy": 1.5260010957717896, "receiver_entropy": 0.0, "original_loss": 0.19046491384506226, "mean_length": 6.0}
{"mode": "train", "epoch": 73, "loss": 3.8784735997517905, "acc": 0.4878467321395874, "acc_or": 0.8398923873901367, "sender_entropy": 1.3902873595555623, "receiver_entropy": 0.0, "original_loss": 0.3993861774603526, "mean_length": 5.99999984105428}
{"mode": "test", "epoch": 73, "loss": 3.619403839111328, "acc": 0.8051947951316833, "acc_or": 0.9491341710090637, "sender_entropy": 1.514742136001587, "receiver_entropy": 0.0, "original_loss": 0.17855504155158997, "mean_length": 6.0}
{"mode": "train", "epoch": 74, "loss": 3.8775600592295327, "acc": 0.5067571600278219, "acc_or": 0.8454452157020569, "sender_entropy": 1.3790837526321411, "receiver_entropy": 0.0, "original_loss": 0.38593459129333496, "mean_length": 5.99999984105428}
{"mode": "test", "epoch": 74, "loss": 3.5424458980560303, "acc": 0.7922077775001526, "acc_or": 0.9469696879386902, "sender_entropy": 1.494168996810913, "receiver_entropy": 0.0, "original_loss": 0.17985238134860992, "mean_length": 6.0}
{"mode": "train", "epoch": 75, "loss": 3.782844622929891, "acc": 0.5115356842676798, "acc_or": 0.8489652673403422, "sender_entropy": 1.367020885149638, "receiver_entropy": 0.0, "original_loss": 0.38587135076522827, "mean_length": 5.99999984105428}
{"mode": "test", "epoch": 75, "loss": 3.379032611846924, "acc": 0.8008658289909363, "acc_or": 0.948051929473877, "sender_entropy": 1.4669041633605957, "receiver_entropy": 0.0, "original_loss": 0.19068829715251923, "mean_length": 6.0}
{"mode": "train", "epoch": 76, "loss": 3.758081833521525, "acc": 0.5177701910336813, "acc_or": 0.85063503185908, "sender_entropy": 1.3459618488947551, "receiver_entropy": 0.0, "original_loss": 0.3776523470878601, "mean_length": 5.99999984105428}
{"mode": "test", "epoch": 76, "loss": 3.4011919498443604, "acc": 0.8571428656578064, "acc_or": 0.9610389471054077, "sender_entropy": 1.4639307260513306, "receiver_entropy": 0.0, "original_loss": 0.18108728528022766, "mean_length": 6.0}
{"mode": "train", "epoch": 77, "loss": 3.6328731377919516, "acc": 0.5144851406415304, "acc_or": 0.8491345842679342, "sender_entropy": 1.3393882910410564, "receiver_entropy": 0.0, "original_loss": 0.38096773624420166, "mean_length": 5.99999984105428}
{"mode": "test", "epoch": 77, "loss": 3.3728926181793213, "acc": 0.822510838508606, "acc_or": 0.9556276798248291, "sender_entropy": 1.4455746412277222, "receiver_entropy": 0.0, "original_loss": 0.1621229648590088, "mean_length": 6.0}
{"mode": "train", "epoch": 78, "loss": 3.73380978902181, "acc": 0.5416778127352396, "acc_or": 0.8599255879720052, "sender_entropy": 1.3280385732650757, "receiver_entropy": 0.0, "original_loss": 0.35589300592740375, "mean_length": 5.99999984105428}
{"mode": "test", "epoch": 78, "loss": 3.1706840991973877, "acc": 0.8311688303947449, "acc_or": 0.9545454382896423, "sender_entropy": 1.420088291168213, "receiver_entropy": 0.0, "original_loss": 0.1718168407678604, "mean_length": 6.0}
{"mode": "train", "epoch": 79, "loss": 3.709914286931356, "acc": 0.5567898948987325, "acc_or": 0.8651198943456014, "sender_entropy": 1.3099758625030518, "receiver_entropy": 0.0, "original_loss": 0.34426475564638775, "mean_length": 5.99999984105428}
{"mode": "test", "epoch": 79, "loss": 3.2193171977996826, "acc": 0.8614718317985535, "acc_or": 0.9653679728507996, "sender_entropy": 1.4131146669387817, "receiver_entropy": 0.0, "original_loss": 0.15273073315620422, "mean_length": 6.0}
{"mode": "train", "epoch": 80, "loss": 3.772876580556234, "acc": 0.582016130288442, "acc_or": 0.8744131724039713, "sender_entropy": 1.3028565247853596, "receiver_entropy": 0.0, "original_loss": 0.3277992904186249, "mean_length": 5.99999984105428}
{"mode": "test", "epoch": 80, "loss": 3.1975512504577637, "acc": 0.8528138399124146, "acc_or": 0.9621211886405945, "sender_entropy": 1.4162424802780151, "receiver_entropy": 0.0, "original_loss": 0.1506565660238266, "mean_length": 6.0}
{"mode": "train", "epoch": 81, "loss": 3.7118004163106284, "acc": 0.5758582154909769, "acc_or": 0.8734652002652487, "sender_entropy": 1.3152494430541992, "receiver_entropy": 0.0, "original_loss": 0.3286943833033244, "mean_length": 5.99999984105428}
{"mode": "test", "epoch": 81, "loss": 3.3155369758605957, "acc": 0.9047619104385376, "acc_or": 0.9751082062721252, "sender_entropy": 1.4320828914642334, "receiver_entropy": 0.0, "original_loss": 0.13384194672107697, "mean_length": 6.0}
{"mode": "train", "epoch": 82, "loss": 3.6514529387156167, "acc": 0.5746442476908366, "acc_or": 0.8708804647127787, "sender_entropy": 1.3213594754536946, "receiver_entropy": 0.0, "original_loss": 0.33033589522043866, "mean_length": 5.99999984105428}
{"mode": "test", "epoch": 82, "loss": 3.320340394973755, "acc": 0.8658008575439453, "acc_or": 0.9653679728507996, "sender_entropy": 1.4400712251663208, "receiver_entropy": 0.0, "original_loss": 0.13239222764968872, "mean_length": 6.0}
{"mode": "train", "epoch": 83, "loss": 3.596559683481852, "acc": 0.5703150033950806, "acc_or": 0.8703792293866476, "sender_entropy": 1.3237787087758381, "receiver_entropy": 0.0, "original_loss": 0.3312990466753642, "mean_length": 5.99999984105428}
{"mode": "test", "epoch": 83, "loss": 3.30718731880188, "acc": 0.9134199023246765, "acc_or": 0.9783549904823303, "sender_entropy": 1.4229798316955566, "receiver_entropy": 0.0, "original_loss": 0.11747857183218002, "mean_length": 6.0}
{"mode": "train", "epoch": 84, "loss": 3.6118462085723877, "acc": 0.5769639213879904, "acc_or": 0.8729270895322164, "sender_entropy": 1.3196377356847127, "receiver_entropy": 0.0, "original_loss": 0.32358572880427044, "mean_length": 5.99999984105428}
{"mode": "test", "epoch": 84, "loss": 3.2241134643554688, "acc": 0.9004328846931458, "acc_or": 0.9751082062721252, "sender_entropy": 1.4220393896102905, "receiver_entropy": 0.0, "original_loss": 0.12528763711452484, "mean_length": 6.0}
{"mode": "train", "epoch": 85, "loss": 3.552428881327311, "acc": 0.5880327224731445, "acc_or": 0.8769057194391886, "sender_entropy": 1.3123586575190227, "receiver_entropy": 0.0, "original_loss": 0.3187402586142222, "mean_length": 5.99999984105428}
{"mode": "test", "epoch": 85, "loss": 3.2179148197174072, "acc": 0.8831169009208679, "acc_or": 0.9696969985961914, "sender_entropy": 1.4204596281051636, "receiver_entropy": 0.0, "original_loss": 0.11871754378080368, "mean_length": 6.0}
{"mode": "train", "epoch": 86, "loss": 3.559300978978475, "acc": 0.6028321981430054, "acc_or": 0.8818191289901733, "sender_entropy": 1.3069183031717937, "receiver_entropy": 0.0, "original_loss": 0.3065686325232188, "mean_length": 5.99999984105428}
{"mode": "test", "epoch": 86, "loss": 3.1611499786376953, "acc": 0.9307359457015991, "acc_or": 0.9816017150878906, "sender_entropy": 1.4076697826385498, "receiver_entropy": 0.0, "original_loss": 0.10858545452356339, "mean_length": 6.0}
{"mode": "train", "epoch": 87, "loss": 3.4778079191843667, "acc": 0.600656787554423, "acc_or": 0.8815733591715494, "sender_entropy": 1.2966339985529582, "receiver_entropy": 0.0, "original_loss": 0.3079461057980855, "mean_length": 5.99999984105428}
{"mode": "test", "epoch": 87, "loss": 3.1746091842651367, "acc": 0.9437229633331299, "acc_or": 0.9859307408332825, "sender_entropy": 1.4102485179901123, "receiver_entropy": 0.0, "original_loss": 0.10588982701301575, "mean_length": 6.0}
{"mode": "train", "epoch": 88, "loss": 3.456416130065918, "acc": 0.6107713381449381, "acc_or": 0.8852734168370565, "sender_entropy": 1.2896069288253784, "receiver_entropy": 0.0, "original_loss": 0.30189235011736554, "mean_length": 5.99999984105428}
{"mode": "test", "epoch": 88, "loss": 3.106794595718384, "acc": 0.9134199023246765, "acc_or": 0.9772727489471436, "sender_entropy": 1.3969192504882812, "receiver_entropy": 0.0, "original_loss": 0.10759437829256058, "mean_length": 6.0}
{"mode": "train", "epoch": 89, "loss": 3.394174814224243, "acc": 0.6065690318743387, "acc_or": 0.8822936415672302, "sender_entropy": 1.2975569168726604, "receiver_entropy": 0.0, "original_loss": 0.30556513865788776, "mean_length": 5.99999984105428}
{"mode": "test", "epoch": 89, "loss": 3.079430103302002, "acc": 0.887445867061615, "acc_or": 0.9718614816665649, "sender_entropy": 1.4018300771713257, "receiver_entropy": 0.0, "original_loss": 0.11007523536682129, "mean_length": 6.0}
{"mode": "train", "epoch": 90, "loss": 3.426915089289347, "acc": 0.6190834244092306, "acc_or": 0.8873672684033712, "sender_entropy": 1.287367622057597, "receiver_entropy": 0.0, "original_loss": 0.2935273349285126, "mean_length": 5.99999984105428}
{"mode": "test", "epoch": 90, "loss": 3.010892868041992, "acc": 0.9134199023246765, "acc_or": 0.9783549904823303, "sender_entropy": 1.3865058422088623, "receiver_entropy": 0.0, "original_loss": 0.1084323599934578, "mean_length": 6.0}
{"mode": "train", "epoch": 91, "loss": 3.4660964806874595, "acc": 0.6445218920707703, "acc_or": 0.8964313268661499, "sender_entropy": 1.2810442845026653, "receiver_entropy": 0.0, "original_loss": 0.276192973057429, "mean_length": 5.99999984105428}
{"mode": "test", "epoch": 91, "loss": 2.997307777404785, "acc": 0.9220778942108154, "acc_or": 0.9805194735527039, "sender_entropy": 1.3772979974746704, "receiver_entropy": 0.0, "original_loss": 0.09980040043592453, "mean_length": 6.0}
{"mode": "train", "epoch": 92, "loss": 3.402977546056112, "acc": 0.6403746604919434, "acc_or": 0.8960309028625488, "sender_entropy": 1.266916275024414, "receiver_entropy": 0.0, "original_loss": 0.2750074565410614, "mean_length": 5.99999984105428}
{"mode": "test", "epoch": 92, "loss": 2.9704184532165527, "acc": 0.9047619104385376, "acc_or": 0.976190447807312, "sender_entropy": 1.371666669845581, "receiver_entropy": 0.0, "original_loss": 0.09350793808698654, "mean_length": 6.0}
{"mode": "train", "epoch": 93, "loss": 3.3617051442464194, "acc": 0.6470145583152771, "acc_or": 0.8976931969324747, "sender_entropy": 1.2684271335601807, "receiver_entropy": 0.0, "original_loss": 0.2752227981885274, "mean_length": 5.99999984105428}
{"mode": "test", "epoch": 93, "loss": 2.939647912979126, "acc": 0.9220778942108154, "acc_or": 0.9805194735527039, "sender_entropy": 1.367754340171814, "receiver_entropy": 0.0, "original_loss": 0.09115473926067352, "mean_length": 6.0}
{"mode": "train", "epoch": 94, "loss": 3.3529239495595298, "acc": 0.6596710284550985, "acc_or": 0.9016487995783488, "sender_entropy": 1.2573209603627522, "receiver_entropy": 0.0, "original_loss": 0.26469757159550983, "mean_length": 5.99999984105428}
{"mode": "test", "epoch": 94, "loss": 2.9312894344329834, "acc": 0.9350649118423462, "acc_or": 0.9837662577629089, "sender_entropy": 1.3675167560577393, "receiver_entropy": 0.0, "original_loss": 0.085502490401268, "mean_length": 6.0}
{"mode": "train", "epoch": 95, "loss": 3.3604001998901367, "acc": 0.6651940941810608, "acc_or": 0.9040989677111307, "sender_entropy": 1.2533061901728313, "receiver_entropy": 0.0, "original_loss": 0.25746725499629974, "mean_length": 5.99999984105428}
{"mode": "test", "epoch": 95, "loss": 2.842841148376465, "acc": 0.9264069199562073, "acc_or": 0.9816017150878906, "sender_entropy": 1.3471148014068604, "receiver_entropy": 0.0, "original_loss": 0.09274208545684814, "mean_length": 6.0}
{"mode": "train", "epoch": 96, "loss": 3.2819925944010415, "acc": 0.6711185574531555, "acc_or": 0.905443549156189, "sender_entropy": 1.2423540353775024, "receiver_entropy": 0.0, "original_loss": 0.2554485897223155, "mean_length": 5.99999984105428}
{"mode": "test", "epoch": 96, "loss": 2.891932249069214, "acc": 0.9523809552192688, "acc_or": 0.988095223903656, "sender_entropy": 1.3434945344924927, "receiver_entropy": 0.0, "original_loss": 0.0760682076215744, "mean_length": 6.0}
{"mode": "train", "epoch": 97, "loss": 3.3192529678344727, "acc": 0.6774858236312866, "acc_or": 0.9067645271619161, "sender_entropy": 1.2405108610788982, "receiver_entropy": 0.0, "original_loss": 0.2497215767701467, "mean_length": 5.99999984105428}
{"mode": "test", "epoch": 97, "loss": 2.820535898208618, "acc": 0.948051929473877, "acc_or": 0.9870129823684692, "sender_entropy": 1.3410857915878296, "receiver_entropy": 0.0, "original_loss": 0.07849671691656113, "mean_length": 6.0}
{"mode": "train", "epoch": 98, "loss": 3.284337123235067, "acc": 0.6825107137362162, "acc_or": 0.9087624351183573, "sender_entropy": 1.2361045281092327, "receiver_entropy": 0.0, "original_loss": 0.2455682506163915, "mean_length": 5.99999984105428}
{"mode": "test", "epoch": 98, "loss": 2.7981231212615967, "acc": 0.948051929473877, "acc_or": 0.9870129823684692, "sender_entropy": 1.3451546430587769, "receiver_entropy": 0.0, "original_loss": 0.07920054346323013, "mean_length": 6.0}
{"mode": "train", "epoch": 99, "loss": 3.223472277323405, "acc": 0.686659038066864, "acc_or": 0.9099741379419962, "sender_entropy": 1.2420568863550823, "receiver_entropy": 0.0, "original_loss": 0.24851752320925394, "mean_length": 5.99999984105428}
{"mode": "test", "epoch": 99, "loss": 2.7425215244293213, "acc": 0.9437229633331299, "acc_or": 0.9859307408332825, "sender_entropy": 1.333650827407837, "receiver_entropy": 0.0, "original_loss": 0.07798317819833755, "mean_length": 6.0}
{"mode": "train", "epoch": 100, "loss": 3.2418577671051025, "acc": 0.6932539741198221, "acc_or": 0.9127680460611979, "sender_entropy": 1.2397464911142986, "receiver_entropy": 0.0, "original_loss": 0.23852774500846863, "mean_length": 5.99999984105428}
{"mode": "test", "epoch": 100, "loss": 2.8324263095855713, "acc": 0.9220778942108154, "acc_or": 0.9805194735527039, "sender_entropy": 1.367836594581604, "receiver_entropy": 0.0, "original_loss": 0.0798211395740509, "mean_length": 6.0}
{"mode": "train", "epoch": 101, "loss": 3.101613203684489, "acc": 0.665479322274526, "acc_or": 0.9037749568621317, "sender_entropy": 1.2565426031748455, "receiver_entropy": 0.0, "original_loss": 0.2569408416748047, "mean_length": 5.99999984105428}
{"mode": "test", "epoch": 101, "loss": 2.770928144454956, "acc": 0.9090909361839294, "acc_or": 0.9772727489471436, "sender_entropy": 1.3660823106765747, "receiver_entropy": 0.0, "original_loss": 0.08770865947008133, "mean_length": 6.0}
{"mode": "train", "epoch": 102, "loss": 3.112809499104818, "acc": 0.6729504863421122, "acc_or": 0.9059821963310242, "sender_entropy": 1.2571779489517212, "receiver_entropy": 0.0, "original_loss": 0.25218382477760315, "mean_length": 5.99999984105428}
{"mode": "test", "epoch": 102, "loss": 2.7998578548431396, "acc": 0.9437229633331299, "acc_or": 0.9859307408332825, "sender_entropy": 1.3622335195541382, "receiver_entropy": 0.0, "original_loss": 0.07386870682239532, "mean_length": 6.0}
{"mode": "train", "epoch": 103, "loss": 3.028952121734619, "acc": 0.6740694840749105, "acc_or": 0.9053786595662435, "sender_entropy": 1.2545875708262126, "receiver_entropy": 0.0, "original_loss": 0.2549341320991516, "mean_length": 5.99999984105428}
{"mode": "test", "epoch": 103, "loss": 2.777008533477783, "acc": 0.9350649118423462, "acc_or": 0.9837662577629089, "sender_entropy": 1.3634220361709595, "receiver_entropy": 0.0, "original_loss": 0.07894433289766312, "mean_length": 6.0}
{"mode": "train", "epoch": 104, "loss": 3.104017655054728, "acc": 0.6860777537027994, "acc_or": 0.9100867311159769, "sender_entropy": 1.2571436166763306, "receiver_entropy": 0.0, "original_loss": 0.2409517914056778, "mean_length": 5.99999984105428}
{"mode": "test", "epoch": 104, "loss": 2.822516441345215, "acc": 0.9523809552192688, "acc_or": 0.988095223903656, "sender_entropy": 1.3684667348861694, "receiver_entropy": 0.0, "original_loss": 0.06722638010978699, "mean_length": 6.0}
{"mode": "train", "epoch": 105, "loss": 3.0755454699198403, "acc": 0.6913012067476908, "acc_or": 0.9117701649665833, "sender_entropy": 1.2548918724060059, "receiver_entropy": 0.0, "original_loss": 0.23910646637280783, "mean_length": 5.99999984105428}
{"mode": "test", "epoch": 105, "loss": 2.7669386863708496, "acc": 0.9696969985961914, "acc_or": 0.9924242496490479, "sender_entropy": 1.3506582975387573, "receiver_entropy": 0.0, "original_loss": 0.06226981803774834, "mean_length": 6.0}
{"mode": "train", "epoch": 106, "loss": 3.066197077433268, "acc": 0.7028469443321228, "acc_or": 0.9158022205034891, "sender_entropy": 1.2416805028915405, "receiver_entropy": 0.0, "original_loss": 0.23025866349538168, "mean_length": 5.99999984105428}
{"mode": "test", "epoch": 106, "loss": 2.7040350437164307, "acc": 0.9567099809646606, "acc_or": 0.9891774654388428, "sender_entropy": 1.34414541721344, "receiver_entropy": 0.0, "original_loss": 0.06630224734544754, "mean_length": 6.0}
{"mode": "train", "epoch": 107, "loss": 3.099790096282959, "acc": 0.7169303099314371, "acc_or": 0.9203031460444132, "sender_entropy": 1.234894831975301, "receiver_entropy": 0.0, "original_loss": 0.22018293539683023, "mean_length": 5.99999984105428}
{"mode": "test", "epoch": 107, "loss": 2.706285238265991, "acc": 0.9696969985961914, "acc_or": 0.9924242496490479, "sender_entropy": 1.3442614078521729, "receiver_entropy": 0.0, "original_loss": 0.06114703789353371, "mean_length": 6.0}
{"mode": "train", "epoch": 108, "loss": 3.0579703648885093, "acc": 0.7243985931078593, "acc_or": 0.921447773774465, "sender_entropy": 1.2356003522872925, "receiver_entropy": 0.0, "original_loss": 0.22023928662141165, "mean_length": 5.99999984105428}
{"mode": "test", "epoch": 108, "loss": 2.727041244506836, "acc": 0.9826839566230774, "acc_or": 0.9956709742546082, "sender_entropy": 1.3497531414031982, "receiver_entropy": 0.0, "original_loss": 0.05688644200563431, "mean_length": 6.0}
{"mode": "train", "epoch": 109, "loss": 3.054948091506958, "acc": 0.7259139617284139, "acc_or": 0.9224625627199808, "sender_entropy": 1.240559458732605, "receiver_entropy": 0.0, "original_loss": 0.21544680992762247, "mean_length": 5.99999984105428}
{"mode": "test", "epoch": 109, "loss": 2.709851026535034, "acc": 0.9523809552192688, "acc_or": 0.988095223903656, "sender_entropy": 1.3433879613876343, "receiver_entropy": 0.0, "original_loss": 0.06072467193007469, "mean_length": 6.0}
{"mode": "train", "epoch": 110, "loss": 2.973668018976847, "acc": 0.7120928366978964, "acc_or": 0.9180093010266622, "sender_entropy": 1.2374582688013713, "receiver_entropy": 0.0, "original_loss": 0.22422710557778677, "mean_length": 5.99999984105428}
{"mode": "test", "epoch": 110, "loss": 2.7111263275146484, "acc": 0.9696969985961914, "acc_or": 0.9924242496490479, "sender_entropy": 1.3483296632766724, "receiver_entropy": 0.0, "original_loss": 0.059196460992097855, "mean_length": 6.0}
{"mode": "train", "epoch": 111, "loss": 2.9494882424672446, "acc": 0.7181709011395773, "acc_or": 0.9203600883483887, "sender_entropy": 1.2375067869822185, "receiver_entropy": 0.0, "original_loss": 0.22145179410775503, "mean_length": 5.99999984105428}
{"mode": "test", "epoch": 111, "loss": 2.7217671871185303, "acc": 0.9696969985961914, "acc_or": 0.9924242496490479, "sender_entropy": 1.3471485376358032, "receiver_entropy": 0.0, "original_loss": 0.05893738567829132, "mean_length": 6.0}
{"mode": "train", "epoch": 112, "loss": 2.9313124815622964, "acc": 0.7213473320007324, "acc_or": 0.9210914174715678, "sender_entropy": 1.238160490989685, "receiver_entropy": 0.0, "original_loss": 0.2168829639752706, "mean_length": 5.99999984105428}
{"mode": "test", "epoch": 112, "loss": 2.681490421295166, "acc": 0.9783549904823303, "acc_or": 0.9945887327194214, "sender_entropy": 1.3443175554275513, "receiver_entropy": 0.0, "original_loss": 0.05802593007683754, "mean_length": 6.0}
{"mode": "train", "epoch": 113, "loss": 2.8613669077555337, "acc": 0.7190359632174174, "acc_or": 0.9201896588007609, "sender_entropy": 1.2351935307184856, "receiver_entropy": 0.0, "original_loss": 0.22268464167912802, "mean_length": 5.99999984105428}
{"mode": "test", "epoch": 113, "loss": 2.697500467300415, "acc": 0.9783549904823303, "acc_or": 0.9945887327194214, "sender_entropy": 1.338204026222229, "receiver_entropy": 0.0, "original_loss": 0.050237514078617096, "mean_length": 6.0}
{"mode": "train", "epoch": 114, "loss": 2.9222801526387534, "acc": 0.7257269223531088, "acc_or": 0.9222311774889628, "sender_entropy": 1.2293465932210286, "receiver_entropy": 0.0, "original_loss": 0.21081041793028513, "mean_length": 5.99999984105428}
{"mode": "test", "epoch": 114, "loss": 2.6380105018615723, "acc": 0.9783549904823303, "acc_or": 0.9945887327194214, "sender_entropy": 1.3272461891174316, "receiver_entropy": 0.0, "original_loss": 0.0486508309841156, "mean_length": 6.0}
{"mode": "train", "epoch": 115, "loss": 2.8830286661783853, "acc": 0.7352562348047892, "acc_or": 0.9254093964894613, "sender_entropy": 1.2164716323216755, "receiver_entropy": 0.0, "original_loss": 0.20654732982317606, "mean_length": 5.99999984105428}
{"mode": "test", "epoch": 115, "loss": 2.5802338123321533, "acc": 0.9826839566230774, "acc_or": 0.9956709742546082, "sender_entropy": 1.323740839958191, "receiver_entropy": 0.0, "original_loss": 0.052423544228076935, "mean_length": 6.0}
{"mode": "train", "epoch": 116, "loss": 2.8243699073791504, "acc": 0.731896718343099, "acc_or": 0.9242095748583475, "sender_entropy": 1.2225414911905925, "receiver_entropy": 0.0, "original_loss": 0.21127368013064066, "mean_length": 5.99999984105428}
{"mode": "test", "epoch": 116, "loss": 2.6334421634674072, "acc": 0.9740259647369385, "acc_or": 0.9935064911842346, "sender_entropy": 1.324853777885437, "receiver_entropy": 0.0, "original_loss": 0.04675852507352829, "mean_length": 6.0}
{"mode": "train", "epoch": 117, "loss": 2.858045816421509, "acc": 0.7437571883201599, "acc_or": 0.9284396370251974, "sender_entropy": 1.221254825592041, "receiver_entropy": 0.0, "original_loss": 0.2012933442989985, "mean_length": 5.99999984105428}
{"mode": "test", "epoch": 117, "loss": 2.5410237312316895, "acc": 0.9696969985961914, "acc_or": 0.9924242496490479, "sender_entropy": 1.3151004314422607, "receiver_entropy": 0.0, "original_loss": 0.05109256133437157, "mean_length": 6.0}
{"mode": "train", "epoch": 118, "loss": 2.884332815806071, "acc": 0.7549090584119161, "acc_or": 0.9313133756319681, "sender_entropy": 1.219374140103658, "receiver_entropy": 0.0, "original_loss": 0.19413326680660248, "mean_length": 5.99999984105428}
{"mode": "test", "epoch": 118, "loss": 2.5555260181427, "acc": 0.9740259647369385, "acc_or": 0.9935064911842346, "sender_entropy": 1.319693922996521, "receiver_entropy": 0.0, "original_loss": 0.04623004421591759, "mean_length": 6.0}
{"mode": "train", "epoch": 119, "loss": 2.840625286102295, "acc": 0.7540972431500753, "acc_or": 0.9310020804405212, "sender_entropy": 1.2145903905232747, "receiver_entropy": 0.0, "original_loss": 0.19416222969690958, "mean_length": 5.99999984105428}
{"mode": "test", "epoch": 119, "loss": 2.5010995864868164, "acc": 0.9783549904823303, "acc_or": 0.9945887327194214, "sender_entropy": 1.3183242082595825, "receiver_entropy": 0.0, "original_loss": 0.05071403086185455, "mean_length": 6.0}
{"mode": "train", "epoch": 120, "loss": 2.8611059188842773, "acc": 0.7616072495778402, "acc_or": 0.9337568680445353, "sender_entropy": 1.2134693066279094, "receiver_entropy": 0.0, "original_loss": 0.1864634950955709, "mean_length": 5.99999984105428}
{"mode": "test", "epoch": 120, "loss": 2.5446150302886963, "acc": 0.9523809552192688, "acc_or": 0.988095223903656, "sender_entropy": 1.32610023021698, "receiver_entropy": 0.0, "original_loss": 0.04473693668842316, "mean_length": 6.0}
{"mode": "train", "epoch": 121, "loss": 2.7761851946512857, "acc": 0.7533472776412964, "acc_or": 0.9310436248779297, "sender_entropy": 1.2162177562713623, "receiver_entropy": 0.0, "original_loss": 0.19383696218331656, "mean_length": 5.99999984105428}
{"mode": "test", "epoch": 121, "loss": 2.523637056350708, "acc": 0.9740259647369385, "acc_or": 0.9935064911842346, "sender_entropy": 1.3251979351043701, "receiver_entropy": 0.0, "original_loss": 0.04626544564962387, "mean_length": 6.0}
{"mode": "train", "epoch": 122, "loss": 2.830345630645752, "acc": 0.7634283502896627, "acc_or": 0.9348631898562113, "sender_entropy": 1.2133740186691284, "receiver_entropy": 0.0, "original_loss": 0.18185226122538248, "mean_length": 5.99999984105428}
{"mode": "test", "epoch": 122, "loss": 2.5006914138793945, "acc": 0.9653679728507996, "acc_or": 0.9913420081138611, "sender_entropy": 1.3147056102752686, "receiver_entropy": 0.0, "original_loss": 0.04536880552768707, "mean_length": 6.0}
{"mode": "train", "epoch": 123, "loss": 2.7902366320292153, "acc": 0.7652354637781779, "acc_or": 0.9346659779548645, "sender_entropy": 1.2142493327458699, "receiver_entropy": 0.0, "original_loss": 0.18425648907820383, "mean_length": 5.99999984105428}
{"mode": "test", "epoch": 123, "loss": 2.47232985496521, "acc": 0.9696969985961914, "acc_or": 0.9924242496490479, "sender_entropy": 1.309262990951538, "receiver_entropy": 0.0, "original_loss": 0.04451029747724533, "mean_length": 6.0}
{"mode": "train", "epoch": 124, "loss": 2.7448995113372803, "acc": 0.7543044288953146, "acc_or": 0.9317195614178976, "sender_entropy": 1.213812232017517, "receiver_entropy": 0.0, "original_loss": 0.18848577638467154, "mean_length": 5.99999984105428}
{"mode": "test", "epoch": 124, "loss": 2.458592414855957, "acc": 0.9567099809646606, "acc_or": 0.9891774654388428, "sender_entropy": 1.31478750705719, "receiver_entropy": 0.0, "original_loss": 0.04856640473008156, "mean_length": 6.0}
{"mode": "train", "epoch": 125, "loss": 2.7270307540893555, "acc": 0.752387265364329, "acc_or": 0.9323179920514425, "sender_entropy": 1.2185150384902954, "receiver_entropy": 0.0, "original_loss": 0.18587870399157205, "mean_length": 5.99999984105428}
{"mode": "test", "epoch": 125, "loss": 2.512693166732788, "acc": 0.9826839566230774, "acc_or": 0.9956709742546082, "sender_entropy": 1.3172050714492798, "receiver_entropy": 0.0, "original_loss": 0.042379509657621384, "mean_length": 6.0}
{"mode": "train", "epoch": 126, "loss": 2.6905184586842856, "acc": 0.7536569635073344, "acc_or": 0.9319899678230286, "sender_entropy": 1.2223551273345947, "receiver_entropy": 0.0, "original_loss": 0.1885130653778712, "mean_length": 5.99999984105428}
{"mode": "test", "epoch": 126, "loss": 2.4777352809906006, "acc": 0.9870129823684692, "acc_or": 0.9967532753944397, "sender_entropy": 1.3107558488845825, "receiver_entropy": 0.0, "original_loss": 0.03982928395271301, "mean_length": 6.0}
{"mode": "train", "epoch": 127, "loss": 2.6375346183776855, "acc": 0.7618780732154846, "acc_or": 0.9336883425712585, "sender_entropy": 1.2218010425567627, "receiver_entropy": 0.0, "original_loss": 0.1885425200064977, "mean_length": 5.99999984105428}
{"mode": "test", "epoch": 127, "loss": 2.4462335109710693, "acc": 0.9696969985961914, "acc_or": 0.9924242496490479, "sender_entropy": 1.3151034116744995, "receiver_entropy": 0.0, "original_loss": 0.045399777591228485, "mean_length": 6.0}
{"mode": "train", "epoch": 128, "loss": 2.664853811264038, "acc": 0.7648002107938131, "acc_or": 0.9345197677612305, "sender_entropy": 1.2211764653523762, "receiver_entropy": 0.0, "original_loss": 0.18389479319254556, "mean_length": 5.99999984105428}
{"mode": "test", "epoch": 128, "loss": 2.4590213298797607, "acc": 0.9913420081138611, "acc_or": 0.9978355169296265, "sender_entropy": 1.3035792112350464, "receiver_entropy": 0.0, "original_loss": 0.03668529912829399, "mean_length": 6.0}
{"mode": "train", "epoch": 129, "loss": 2.65307609240214, "acc": 0.7731040517489115, "acc_or": 0.9376634756724039, "sender_entropy": 1.2126377026240032, "receiver_entropy": 0.0, "original_loss": 0.17850719392299652, "mean_length": 5.99999984105428}
{"mode": "test", "epoch": 129, "loss": 2.3577919006347656, "acc": 0.9826839566230774, "acc_or": 0.9956709742546082, "sender_entropy": 1.2874579429626465, "receiver_entropy": 0.0, "original_loss": 0.04235609620809555, "mean_length": 6.0}
{"mode": "train", "epoch": 130, "loss": 2.6771344343821206, "acc": 0.7803651491800944, "acc_or": 0.9396061499913534, "sender_entropy": 1.198635498682658, "receiver_entropy": 0.0, "original_loss": 0.16945087909698486, "mean_length": 5.99999984105428}
{"mode": "test", "epoch": 130, "loss": 2.3541810512542725, "acc": 0.9783549904823303, "acc_or": 0.9945887327194214, "sender_entropy": 1.283309817314148, "receiver_entropy": 0.0, "original_loss": 0.04136304557323456, "mean_length": 6.0}
{"mode": "train", "epoch": 131, "loss": 2.6080311139424643, "acc": 0.7783505121866862, "acc_or": 0.9393105904261271, "sender_entropy": 1.2043706973393757, "receiver_entropy": 0.0, "original_loss": 0.17438300947348276, "mean_length": 5.99999984105428}
{"mode": "test", "epoch": 131, "loss": 2.4059665203094482, "acc": 0.9696969985961914, "acc_or": 0.9924242496490479, "sender_entropy": 1.2979211807250977, "receiver_entropy": 0.0, "original_loss": 0.03643210604786873, "mean_length": 6.0}
{"mode": "train", "epoch": 132, "loss": 2.643532673517863, "acc": 0.7897477149963379, "acc_or": 0.9425933162371317, "sender_entropy": 1.2049111525217693, "receiver_entropy": 0.0, "original_loss": 0.16544765730698904, "mean_length": 5.99999984105428}
{"mode": "test", "epoch": 132, "loss": 2.3693175315856934, "acc": 0.9567099809646606, "acc_or": 0.9891774654388428, "sender_entropy": 1.3008664846420288, "receiver_entropy": 0.0, "original_loss": 0.04383254796266556, "mean_length": 6.0}
{"mode": "train", "epoch": 133, "loss": 2.585641860961914, "acc": 0.781201442082723, "acc_or": 0.939508060614268, "sender_entropy": 1.2085970242818196, "receiver_entropy": 0.0, "original_loss": 0.17120527227719626, "mean_length": 5.99999984105428}
{"mode": "test", "epoch": 133, "loss": 2.40531849861145, "acc": 0.9783549904823303, "acc_or": 0.9945887327194214, "sender_entropy": 1.3083240985870361, "receiver_entropy": 0.0, "original_loss": 0.036931149661540985, "mean_length": 6.0}
{"mode": "train", "epoch": 134, "loss": 2.5928122997283936, "acc": 0.7851102153460184, "acc_or": 0.9410354097684225, "sender_entropy": 1.2084544499715169, "receiver_entropy": 0.0, "original_loss": 0.16776075462500253, "mean_length": 5.99999984105428}
{"mode": "test", "epoch": 134, "loss": 2.397861957550049, "acc": 0.9870129823684692, "acc_or": 0.9967532753944397, "sender_entropy": 1.2983736991882324, "receiver_entropy": 0.0, "original_loss": 0.032722171396017075, "mean_length": 6.0}
{"mode": "train", "epoch": 135, "loss": 2.5661123593648276, "acc": 0.7821218768755595, "acc_or": 0.940337618192037, "sender_entropy": 1.2058569987614949, "receiver_entropy": 0.0, "original_loss": 0.17004974683125815, "mean_length": 5.99999984105428}
{"mode": "test", "epoch": 135, "loss": 2.387356996536255, "acc": 0.9870129823684692, "acc_or": 0.9967532753944397, "sender_entropy": 1.2944825887680054, "receiver_entropy": 0.0, "original_loss": 0.033214446157217026, "mean_length": 6.0}
{"mode": "train", "epoch": 136, "loss": 2.4983089764912925, "acc": 0.7756114800771078, "acc_or": 0.9379017551740011, "sender_entropy": 1.210395057996114, "receiver_entropy": 0.0, "original_loss": 0.17606811225414276, "mean_length": 5.99999984105428}
{"mode": "test", "epoch": 136, "loss": 2.3957996368408203, "acc": 0.9956709742546082, "acc_or": 0.9989177584648132, "sender_entropy": 1.2987624406814575, "receiver_entropy": 0.0, "original_loss": 0.03195086121559143, "mean_length": 6.0}
{"mode": "train", "epoch": 137, "loss": 2.5221849282582602, "acc": 0.7830718358357748, "acc_or": 0.940238873163859, "sender_entropy": 1.210088054339091, "receiver_entropy": 0.0, "original_loss": 0.16854595144589743, "mean_length": 5.99999984105428}
{"mode": "test", "epoch": 137, "loss": 2.3711249828338623, "acc": 0.9956709742546082, "acc_or": 0.9989177584648132, "sender_entropy": 1.301121473312378, "receiver_entropy": 0.0, "original_loss": 0.029073480516672134, "mean_length": 6.0}
{"mode": "train", "epoch": 138, "loss": 2.508718649546305, "acc": 0.7951067487398783, "acc_or": 0.9433964093526205, "sender_entropy": 1.2037057479222615, "receiver_entropy": 0.0, "original_loss": 0.16363580524921417, "mean_length": 5.99999984105428}
{"mode": "test", "epoch": 138, "loss": 2.346242666244507, "acc": 0.9956709742546082, "acc_or": 0.9989177584648132, "sender_entropy": 1.2938954830169678, "receiver_entropy": 0.0, "original_loss": 0.028546884655952454, "mean_length": 6.0}
{"mode": "train", "epoch": 139, "loss": 2.528930902481079, "acc": 0.7972109516461691, "acc_or": 0.9444551666577657, "sender_entropy": 1.1958909034729004, "receiver_entropy": 0.0, "original_loss": 0.15896676977475485, "mean_length": 5.99999984105428}
{"mode": "test", "epoch": 139, "loss": 2.306610345840454, "acc": 0.9956709742546082, "acc_or": 0.9989177584648132, "sender_entropy": 1.2867131233215332, "receiver_entropy": 0.0, "original_loss": 0.029227029532194138, "mean_length": 6.0}
{"mode": "train", "epoch": 140, "loss": 2.5835798581441245, "acc": 0.810786783695221, "acc_or": 0.9480988383293152, "sender_entropy": 1.1945433219273884, "receiver_entropy": 0.0, "original_loss": 0.14661805331707, "mean_length": 5.99999984105428}
{"mode": "test", "epoch": 140, "loss": 2.334951400756836, "acc": 1.0, "acc_or": 1.0, "sender_entropy": 1.2935513257980347, "receiver_entropy": 0.0, "original_loss": 0.027339650318026543, "mean_length": 6.0}
{"epoch": 140, "positional_disent": 0.10482528060674667, "bag_of_symbol_disent": 0.2589544653892517, "topographic_sim": 0.46299051491418824}
{"generalization hold out": {"acc": 0.87109375, "acc_or": 0.9557291865348816}, "uniform holdout": {"acc": 0.8399999737739563, "acc_or": 0.9599999785423279}, "epoch": 140}
---End--
