nohup: ignoring input
{"mode": "train", "epoch": 1, "loss": -6.650507628917694, "acc": 0.0032915371702983975, "acc_or": 0.23125134408473969, "sender_entropy": 2.3003528118133545, "receiver_entropy": 0.0, "original_loss": 1.5826799074808757, "mean_length": 5.99999984105428}
{"mode": "test", "epoch": 1, "loss": 1.3897829055786133, "acc": 0.008658008649945259, "acc_or": 0.2586580216884613, "sender_entropy": 2.297379970550537, "receiver_entropy": 0.0, "original_loss": 1.5021134614944458, "mean_length": 6.0}
{"mode": "train", "epoch": 2, "loss": 1.4286587635676067, "acc": 0.0037900695266822972, "acc_or": 0.2516886542240779, "sender_entropy": 2.297109285990397, "receiver_entropy": 0.0, "original_loss": 1.488549033800761, "mean_length": 5.99999984105428}
{"mode": "test", "epoch": 2, "loss": 1.906567096710205, "acc": 0.008658008649945259, "acc_or": 0.24567098915576935, "sender_entropy": 2.2961981296539307, "receiver_entropy": 0.0, "original_loss": 1.40700364112854, "mean_length": 6.0}
{"mode": "train", "epoch": 3, "loss": 1.8605135281880696, "acc": 0.004750805751730998, "acc_or": 0.25705580910046893, "sender_entropy": 2.2963403860727944, "receiver_entropy": 0.0, "original_loss": 1.4029128154118855, "mean_length": 5.99999984105428}
{"mode": "test", "epoch": 3, "loss": 1.5615837574005127, "acc": 0.0043290043249726295, "acc_or": 0.24783550202846527, "sender_entropy": 2.296581268310547, "receiver_entropy": 0.0, "original_loss": 1.3883414268493652, "mean_length": 6.0}
{"mode": "train", "epoch": 4, "loss": 1.5135163863499959, "acc": 0.004012358918165167, "acc_or": 0.25350969036420185, "sender_entropy": 2.296888589859009, "receiver_entropy": 0.0, "original_loss": 1.3894119262695312, "mean_length": 5.99999984105428}
{"mode": "test", "epoch": 4, "loss": 1.3154364824295044, "acc": 0.0043290043249726295, "acc_or": 0.2716450095176697, "sender_entropy": 2.297811508178711, "receiver_entropy": 0.0, "original_loss": 1.3821651935577393, "mean_length": 6.0}
{"mode": "train", "epoch": 5, "loss": 1.2355105082194011, "acc": 0.004115590360015631, "acc_or": 0.2578902840614319, "sender_entropy": 2.2980709075927734, "receiver_entropy": 0.0, "original_loss": 1.387857993443807, "mean_length": 5.99999984105428}
{"mode": "test", "epoch": 5, "loss": 1.220735788345337, "acc": 0.0043290043249726295, "acc_or": 0.2997835576534271, "sender_entropy": 2.2987208366394043, "receiver_entropy": 0.0, "original_loss": 1.373845100402832, "mean_length": 6.0}
{"mode": "train", "epoch": 6, "loss": 1.060243844985962, "acc": 0.004391833518942197, "acc_or": 0.26118675867716473, "sender_entropy": 2.2989371617635093, "receiver_entropy": 0.0, "original_loss": 1.3867250680923462, "mean_length": 5.99999984105428}
{"mode": "test", "epoch": 6, "loss": 1.1591832637786865, "acc": 0.012987012974917889, "acc_or": 0.3160173296928406, "sender_entropy": 2.2995715141296387, "receiver_entropy": 0.0, "original_loss": 1.3680996894836426, "mean_length": 6.0}
{"mode": "train", "epoch": 7, "loss": 0.9320985078811646, "acc": 0.004272775569309791, "acc_or": 0.2602645258108775, "sender_entropy": 2.299804131189982, "receiver_entropy": 0.0, "original_loss": 1.3865089019139607, "mean_length": 5.99999984105428}
{"mode": "test", "epoch": 7, "loss": 1.1078755855560303, "acc": 0.021645020693540573, "acc_or": 0.34956708550453186, "sender_entropy": 2.300398588180542, "receiver_entropy": 0.0, "original_loss": 1.3646950721740723, "mean_length": 6.0}
{"mode": "train", "epoch": 8, "loss": 0.8484845161437988, "acc": 0.004739655336985986, "acc_or": 0.2624807556470235, "sender_entropy": 2.3005804220835366, "receiver_entropy": 0.0, "original_loss": 1.3855308294296265, "mean_length": 5.99999984105428}
{"mode": "test", "epoch": 8, "loss": 1.0650619268417358, "acc": 0.008658008649945259, "acc_or": 0.33225107192993164, "sender_entropy": 2.300941228866577, "receiver_entropy": 0.0, "original_loss": 1.3621234893798828, "mean_length": 6.0}
{"mode": "train", "epoch": 9, "loss": 0.7766035199165344, "acc": 0.003996532565603654, "acc_or": 0.26058374842007953, "sender_entropy": 2.300990184148153, "receiver_entropy": 0.0, "original_loss": 1.385356863339742, "mean_length": 5.99999984105428}
{"mode": "test", "epoch": 9, "loss": 1.0414822101593018, "acc": 0.0476190485060215, "acc_or": 0.457792192697525, "sender_entropy": 2.3011691570281982, "receiver_entropy": 0.0, "original_loss": 1.3593131303787231, "mean_length": 6.0}
{"mode": "train", "epoch": 10, "loss": 0.7238031427065531, "acc": 0.004625273480390509, "acc_or": 0.2652255594730377, "sender_entropy": 2.3011581897735596, "receiver_entropy": 0.0, "original_loss": 1.3848873774210613, "mean_length": 5.99999984105428}
{"mode": "test", "epoch": 10, "loss": 1.0494396686553955, "acc": 0.012987012974917889, "acc_or": 0.33766233921051025, "sender_entropy": 2.3012633323669434, "receiver_entropy": 0.0, "original_loss": 1.3547215461730957, "mean_length": 6.0}
{"mode": "train", "epoch": 11, "loss": 0.6769806345303854, "acc": 0.004522041883319616, "acc_or": 0.26315255959828693, "sender_entropy": 2.301222324371338, "receiver_entropy": 0.0, "original_loss": 1.3848265806833904, "mean_length": 5.99999984105428}
{"mode": "test", "epoch": 11, "loss": 1.1171908378601074, "acc": 0.034632034599781036, "acc_or": 0.5043290257453918, "sender_entropy": 2.301218032836914, "receiver_entropy": 0.0, "original_loss": 1.345882773399353, "mean_length": 6.0}
{"mode": "train", "epoch": 12, "loss": 0.6407899657885233, "acc": 0.005027048755437136, "acc_or": 0.2650404969851176, "sender_entropy": 2.301155964533488, "receiver_entropy": 0.0, "original_loss": 1.3845584392547607, "mean_length": 5.99999984105428}
{"mode": "test", "epoch": 12, "loss": 1.1750013828277588, "acc": 0.03030303120613098, "acc_or": 0.43614718317985535, "sender_entropy": 2.3010363578796387, "receiver_entropy": 0.0, "original_loss": 1.3381630182266235, "mean_length": 6.0}
{"mode": "train", "epoch": 13, "loss": 0.613690197467804, "acc": 0.005303291914363702, "acc_or": 0.2709491550922394, "sender_entropy": 2.300914446512858, "receiver_entropy": 0.0, "original_loss": 1.384040355682373, "mean_length": 5.99999984105428}
{"mode": "test", "epoch": 13, "loss": 1.2248660326004028, "acc": 0.03896103799343109, "acc_or": 0.5205627679824829, "sender_entropy": 2.3006365299224854, "receiver_entropy": 0.0, "original_loss": 1.3311649560928345, "mean_length": 6.0}
{"mode": "train", "epoch": 14, "loss": 0.5913921395937601, "acc": 0.004441111193348964, "acc_or": 0.27388622363408405, "sender_entropy": 2.3004325230916343, "receiver_entropy": 0.0, "original_loss": 1.38348388671875, "mean_length": 5.99999984105428}
{"mode": "test", "epoch": 14, "loss": 1.2847591638565063, "acc": 0.021645020693540573, "acc_or": 0.47510823607444763, "sender_entropy": 2.299942970275879, "receiver_entropy": 0.0, "original_loss": 1.32329261302948, "mean_length": 6.0}
{"mode": "train", "epoch": 15, "loss": 0.5721728603045145, "acc": 0.005168407456949353, "acc_or": 0.27256758014361065, "sender_entropy": 2.299606720606486, "receiver_entropy": 0.0, "original_loss": 1.3829381068547566, "mean_length": 5.99999984105428}
{"mode": "test", "epoch": 15, "loss": 1.3576644659042358, "acc": 0.03030303120613098, "acc_or": 0.4729437232017517, "sender_entropy": 2.2987728118896484, "receiver_entropy": 0.0, "original_loss": 1.3140958547592163, "mean_length": 6.0}
{"mode": "train", "epoch": 16, "loss": 0.5707036654154459, "acc": 0.0065337967438002425, "acc_or": 0.28103022774060565, "sender_entropy": 2.2982006867726645, "receiver_entropy": 0.0, "original_loss": 1.381157120068868, "mean_length": 5.99999984105428}
{"mode": "test", "epoch": 16, "loss": 1.4632731676101685, "acc": 0.021645020693540573, "acc_or": 0.47510823607444763, "sender_entropy": 2.2967429161071777, "receiver_entropy": 0.0, "original_loss": 1.3015897274017334, "mean_length": 6.0}
{"mode": "train", "epoch": 17, "loss": 0.581409752368927, "acc": 0.007515035104006529, "acc_or": 0.28948360681533813, "sender_entropy": 2.295693556467692, "receiver_entropy": 0.0, "original_loss": 1.3784386316935222, "mean_length": 5.99999984105428}
{"mode": "test", "epoch": 17, "loss": 1.5878547430038452, "acc": 0.017316017299890518, "acc_or": 0.4761904776096344, "sender_entropy": 2.2930548191070557, "receiver_entropy": 0.0, "original_loss": 1.2857433557510376, "mean_length": 6.0}
{"mode": "train", "epoch": 18, "loss": 0.6118093331654867, "acc": 0.006946722511202097, "acc_or": 0.2988697588443756, "sender_entropy": 2.290983517964681, "receiver_entropy": 0.0, "original_loss": 1.3739744424819946, "mean_length": 5.99999984105428}
{"mode": "test", "epoch": 18, "loss": 1.6906875371932983, "acc": 0.012987012974917889, "acc_or": 0.4675324559211731, "sender_entropy": 2.2856698036193848, "receiver_entropy": 0.0, "original_loss": 1.268093228340149, "mean_length": 6.0}
{"mode": "train", "epoch": 19, "loss": 0.7072649598121643, "acc": 0.007548486193021138, "acc_or": 0.3170386751492818, "sender_entropy": 2.2808403174082437, "receiver_entropy": 0.0, "original_loss": 1.3635214567184448, "mean_length": 5.99999984105428}
{"mode": "test", "epoch": 19, "loss": 1.655907392501831, "acc": 0.017316017299890518, "acc_or": 0.45670995116233826, "sender_entropy": 2.267664670944214, "receiver_entropy": 0.0, "original_loss": 1.2549958229064941, "mean_length": 6.0}
{"mode": "train", "epoch": 20, "loss": 0.9195007880528768, "acc": 0.008794817452629408, "acc_or": 0.3359961311022441, "sender_entropy": 2.2554909388224282, "receiver_entropy": 0.0, "original_loss": 1.3416653474171956, "mean_length": 5.99999984105428}
{"mode": "test", "epoch": 20, "loss": 1.3538538217544556, "acc": 0.012987012974917889, "acc_or": 0.4458874464035034, "sender_entropy": 2.237464427947998, "receiver_entropy": 0.0, "original_loss": 1.2638452053070068, "mean_length": 6.0}
{"mode": "train", "epoch": 21, "loss": 1.0910691420237224, "acc": 0.010204808165629705, "acc_or": 0.3511975010236104, "sender_entropy": 2.2295281092325845, "receiver_entropy": 0.0, "original_loss": 1.3206273317337036, "mean_length": 5.99999984105428}
{"mode": "test", "epoch": 21, "loss": 1.3663445711135864, "acc": 0.017316017299890518, "acc_or": 0.45129871368408203, "sender_entropy": 2.22951340675354, "receiver_entropy": 0.0, "original_loss": 1.259889006614685, "mean_length": 6.0}
{"mode": "train", "epoch": 22, "loss": 1.082011620203654, "acc": 0.011549695084492365, "acc_or": 0.3620431919892629, "sender_entropy": 2.2176972230275473, "receiver_entropy": 0.0, "original_loss": 1.3152057727177937, "mean_length": 5.99999984105428}
{"mode": "test", "epoch": 22, "loss": 1.5204904079437256, "acc": 0.017316017299890518, "acc_or": 0.45129871368408203, "sender_entropy": 2.209563970565796, "receiver_entropy": 0.0, "original_loss": 1.2378795146942139, "mean_length": 6.0}
{"mode": "train", "epoch": 23, "loss": 1.1825460990269978, "acc": 0.011684579153855642, "acc_or": 0.3698953489462535, "sender_entropy": 2.2061826388041177, "receiver_entropy": 0.0, "original_loss": 1.303000768025716, "mean_length": 5.99999984105428}
{"mode": "test", "epoch": 23, "loss": 2.059028148651123, "acc": 0.017316017299890518, "acc_or": 0.4848484992980957, "sender_entropy": 2.2084147930145264, "receiver_entropy": 0.0, "original_loss": 1.1849719285964966, "mean_length": 6.0}
{"mode": "train", "epoch": 24, "loss": 1.2454386949539185, "acc": 0.015447671835621199, "acc_or": 0.38118534286816913, "sender_entropy": 2.2016106446584067, "receiver_entropy": 0.0, "original_loss": 1.294349988301595, "mean_length": 5.99999984105428}
{"mode": "test", "epoch": 24, "loss": 2.2316975593566895, "acc": 0.025974025949835777, "acc_or": 0.5043290257453918, "sender_entropy": 2.197065591812134, "receiver_entropy": 0.0, "original_loss": 1.1563125848770142, "mean_length": 6.0}
{"mode": "train", "epoch": 25, "loss": 1.4028681914011638, "acc": 0.019042428582906723, "acc_or": 0.40301358699798584, "sender_entropy": 2.1820743083953857, "receiver_entropy": 0.0, "original_loss": 1.2745161056518555, "mean_length": 5.99999984105428}
{"mode": "test", "epoch": 25, "loss": 2.151641607284546, "acc": 0.034632034599781036, "acc_or": 0.4935064911842346, "sender_entropy": 2.1675875186920166, "receiver_entropy": 0.0, "original_loss": 1.1422783136367798, "mean_length": 6.0}
{"mode": "train", "epoch": 26, "loss": 1.5727146466573079, "acc": 0.021948016559084255, "acc_or": 0.4151924749215444, "sender_entropy": 2.149717092514038, "receiver_entropy": 0.0, "original_loss": 1.2511721054712932, "mean_length": 5.99999984105428}
{"mode": "test", "epoch": 26, "loss": 2.05551815032959, "acc": 0.03896103799343109, "acc_or": 0.4978354871273041, "sender_entropy": 2.1584312915802, "receiver_entropy": 0.0, "original_loss": 1.1450353860855103, "mean_length": 6.0}
{"mode": "train", "epoch": 27, "loss": 1.5981838305791218, "acc": 0.02267711174984773, "acc_or": 0.4276489516099294, "sender_entropy": 2.143678585688273, "receiver_entropy": 0.0, "original_loss": 1.2413445313771565, "mean_length": 5.99999984105428}
{"mode": "test", "epoch": 27, "loss": 2.201371669769287, "acc": 0.051948051899671555, "acc_or": 0.5173160433769226, "sender_entropy": 2.1390721797943115, "receiver_entropy": 0.0, "original_loss": 1.121141791343689, "mean_length": 6.0}
{"mode": "train", "epoch": 28, "loss": 1.7292423248291016, "acc": 0.026936938365300495, "acc_or": 0.4413050015767415, "sender_entropy": 2.117603143056234, "receiver_entropy": 0.0, "original_loss": 1.2214219570159912, "mean_length": 5.99999984105428}
{"mode": "test", "epoch": 28, "loss": 2.3459315299987793, "acc": 0.034632034599781036, "acc_or": 0.5281385183334351, "sender_entropy": 2.1136314868927, "receiver_entropy": 0.0, "original_loss": 1.0902183055877686, "mean_length": 6.0}
{"mode": "train", "epoch": 29, "loss": 1.9168440103530884, "acc": 0.033304198334614434, "acc_or": 0.4556102951367696, "sender_entropy": 2.0866949558258057, "receiver_entropy": 0.0, "original_loss": 1.1970555782318115, "mean_length": 5.99999984105428}
{"mode": "test", "epoch": 29, "loss": 2.686642646789551, "acc": 0.05627705529332161, "acc_or": 0.5530303120613098, "sender_entropy": 2.1108295917510986, "receiver_entropy": 0.0, "original_loss": 1.0468993186950684, "mean_length": 6.0}
{"mode": "train", "epoch": 30, "loss": 1.9843883514404297, "acc": 0.03857583676775297, "acc_or": 0.4648359219233195, "sender_entropy": 2.085990826288859, "receiver_entropy": 0.0, "original_loss": 1.1845765908559163, "mean_length": 5.99999984105428}
{"mode": "test", "epoch": 30, "loss": 2.888131856918335, "acc": 0.051948051899671555, "acc_or": 0.5562770366668701, "sender_entropy": 2.103959798812866, "receiver_entropy": 0.0, "original_loss": 1.0151981115341187, "mean_length": 6.0}
{"mode": "train", "epoch": 31, "loss": 2.1522701581319175, "acc": 0.042411586890618004, "acc_or": 0.480842649936676, "sender_entropy": 2.068074385325114, "receiver_entropy": 0.0, "original_loss": 1.161394715309143, "mean_length": 5.99999984105428}
{"mode": "test", "epoch": 31, "loss": 2.9475393295288086, "acc": 0.07359307259321213, "acc_or": 0.5800865888595581, "sender_entropy": 2.089353084564209, "receiver_entropy": 0.0, "original_loss": 0.9936481714248657, "mean_length": 6.0}
{"mode": "train", "epoch": 32, "loss": 2.246368646621704, "acc": 0.04433773582180341, "acc_or": 0.48533528049786884, "sender_entropy": 2.0453052520751953, "receiver_entropy": 0.0, "original_loss": 1.141358733177185, "mean_length": 5.99999984105428}
{"mode": "test", "epoch": 32, "loss": 3.0012340545654297, "acc": 0.08225107938051224, "acc_or": 0.5714285969734192, "sender_entropy": 2.0745749473571777, "receiver_entropy": 0.0, "original_loss": 0.9699889421463013, "mean_length": 6.0}
{"mode": "train", "epoch": 33, "loss": 2.415171225865682, "acc": 0.05249446133772532, "acc_or": 0.5004759629567465, "sender_entropy": 2.02244234085083, "receiver_entropy": 0.0, "original_loss": 1.1159964799880981, "mean_length": 5.99999984105428}
{"mode": "test", "epoch": 33, "loss": 3.2651853561401367, "acc": 0.08658008277416229, "acc_or": 0.5963203310966492, "sender_entropy": 2.066321611404419, "receiver_entropy": 0.0, "original_loss": 0.9312286972999573, "mean_length": 6.0}
{"mode": "train", "epoch": 34, "loss": 2.5718809763590493, "acc": 0.05370734011133512, "acc_or": 0.5098891655604044, "sender_entropy": 2.005001346270243, "receiver_entropy": 0.0, "original_loss": 1.0930416186650593, "mean_length": 5.99999984105428}
{"mode": "test", "epoch": 34, "loss": 3.5306286811828613, "acc": 0.09956710040569305, "acc_or": 0.6212121248245239, "sender_entropy": 2.0552480220794678, "receiver_entropy": 0.0, "original_loss": 0.8912062644958496, "mean_length": 6.0}
{"mode": "train", "epoch": 35, "loss": 2.678597609202067, "acc": 0.05961239586273829, "acc_or": 0.5198076764742533, "sender_entropy": 1.9879679679870605, "receiver_entropy": 0.0, "original_loss": 1.0736452738444011, "mean_length": 5.99999984105428}
{"mode": "test", "epoch": 35, "loss": 3.621976613998413, "acc": 0.12121212482452393, "acc_or": 0.6363636255264282, "sender_entropy": 2.029893636703491, "receiver_entropy": 0.0, "original_loss": 0.8626902103424072, "mean_length": 6.0}
{"mode": "train", "epoch": 36, "loss": 2.893483877182007, "acc": 0.06506064410010974, "acc_or": 0.5331682364145914, "sender_entropy": 1.955598513285319, "receiver_entropy": 0.0, "original_loss": 1.0427578290303547, "mean_length": 5.99999984105428}
{"mode": "test", "epoch": 36, "loss": 3.7163054943084717, "acc": 0.10389610379934311, "acc_or": 0.6450216174125671, "sender_entropy": 2.016693353652954, "receiver_entropy": 0.0, "original_loss": 0.8361098766326904, "mean_length": 6.0}
{"mode": "train", "epoch": 37, "loss": 3.013946771621704, "acc": 0.06794680655002594, "acc_or": 0.5436768929163615, "sender_entropy": 1.9370664755503337, "receiver_entropy": 0.0, "original_loss": 1.0206288894017537, "mean_length": 5.99999984105428}
{"mode": "test", "epoch": 37, "loss": 3.836242914199829, "acc": 0.11688311398029327, "acc_or": 0.6439393758773804, "sender_entropy": 2.0190165042877197, "receiver_entropy": 0.0, "original_loss": 0.819263219833374, "mean_length": 6.0}
{"mode": "train", "epoch": 38, "loss": 3.054225444793701, "acc": 0.07080203791459401, "acc_or": 0.547575056552887, "sender_entropy": 1.9420709212621052, "receiver_entropy": 0.0, "original_loss": 1.0084182421366374, "mean_length": 5.99999984105428}
{"mode": "test", "epoch": 38, "loss": 3.990832805633545, "acc": 0.13852813839912415, "acc_or": 0.6699134111404419, "sender_entropy": 2.0116004943847656, "receiver_entropy": 0.0, "original_loss": 0.7917985320091248, "mean_length": 6.0}
{"mode": "train", "epoch": 39, "loss": 3.2040361563364663, "acc": 0.07411695768435796, "acc_or": 0.5572953621546427, "sender_entropy": 1.920674999554952, "receiver_entropy": 0.0, "original_loss": 0.9840212464332581, "mean_length": 5.99999984105428}
{"mode": "test", "epoch": 39, "loss": 4.105607986450195, "acc": 0.15584415197372437, "acc_or": 0.6861472129821777, "sender_entropy": 1.9871383905410767, "receiver_entropy": 0.0, "original_loss": 0.7515616416931152, "mean_length": 6.0}
{"mode": "train", "epoch": 40, "loss": 3.368236780166626, "acc": 0.0850796326994896, "acc_or": 0.5743457277615865, "sender_entropy": 1.8865966796875, "receiver_entropy": 0.0, "original_loss": 0.952213188012441, "mean_length": 5.99999984105428}
{"mode": "test", "epoch": 40, "loss": 4.113988876342773, "acc": 0.20346319675445557, "acc_or": 0.713203489780426, "sender_entropy": 1.956377387046814, "receiver_entropy": 0.0, "original_loss": 0.7220292687416077, "mean_length": 6.0}
{"mode": "train", "epoch": 41, "loss": 3.5843961238861084, "acc": 0.09228317936261494, "acc_or": 0.5899834036827087, "sender_entropy": 1.848034183184306, "receiver_entropy": 0.0, "original_loss": 0.9148164788881937, "mean_length": 5.99999984105428}
{"mode": "test", "epoch": 41, "loss": 4.155741214752197, "acc": 0.20779220759868622, "acc_or": 0.7153679728507996, "sender_entropy": 1.9341739416122437, "receiver_entropy": 0.0, "original_loss": 0.692236602306366, "mean_length": 6.0}
{"mode": "train", "epoch": 42, "loss": 3.728996753692627, "acc": 0.10175781200329463, "acc_or": 0.6020599603652954, "sender_entropy": 1.8348842859268188, "receiver_entropy": 0.0, "original_loss": 0.8902987440427145, "mean_length": 5.99999984105428}
{"mode": "test", "epoch": 42, "loss": 4.303852081298828, "acc": 0.20779220759868622, "acc_or": 0.726190447807312, "sender_entropy": 1.9310458898544312, "receiver_entropy": 0.0, "original_loss": 0.6667496562004089, "mean_length": 6.0}
{"mode": "train", "epoch": 43, "loss": 3.789811611175537, "acc": 0.10464109977086385, "acc_or": 0.607503076394399, "sender_entropy": 1.8279447158177693, "receiver_entropy": 0.0, "original_loss": 0.8715401093165079, "mean_length": 5.99999984105428}
{"mode": "test", "epoch": 43, "loss": 4.334075450897217, "acc": 0.26406925916671753, "acc_or": 0.7456709742546082, "sender_entropy": 1.909022569656372, "receiver_entropy": 0.0, "original_loss": 0.6382689476013184, "mean_length": 6.0}
{"mode": "train", "epoch": 44, "loss": 3.9236648877461753, "acc": 0.11949168145656586, "acc_or": 0.6236677765846252, "sender_entropy": 1.8017874956130981, "receiver_entropy": 0.0, "original_loss": 0.841954251130422, "mean_length": 5.99999984105428}
{"mode": "test", "epoch": 44, "loss": 4.3431501388549805, "acc": 0.2554112672805786, "acc_or": 0.7413420081138611, "sender_entropy": 1.8934226036071777, "receiver_entropy": 0.0, "original_loss": 0.6138954162597656, "mean_length": 6.0}
{"mode": "train", "epoch": 45, "loss": 3.923469622929891, "acc": 0.12647005915641785, "acc_or": 0.63205885887146, "sender_entropy": 1.7617473999659221, "receiver_entropy": 0.0, "original_loss": 0.8218011260032654, "mean_length": 5.99999984105428}
{"mode": "test", "epoch": 45, "loss": 4.193657875061035, "acc": 0.2770562767982483, "acc_or": 0.7532467246055603, "sender_entropy": 1.8429981470108032, "receiver_entropy": 0.0, "original_loss": 0.5974683165550232, "mean_length": 6.0}
{"mode": "train", "epoch": 46, "loss": 4.117025057474772, "acc": 0.14436470965544382, "acc_or": 0.6519290208816528, "sender_entropy": 1.725996772448222, "receiver_entropy": 0.0, "original_loss": 0.7847009301185608, "mean_length": 5.99999984105428}
{"mode": "test", "epoch": 46, "loss": 4.405063629150391, "acc": 0.2943722903728485, "acc_or": 0.7727272510528564, "sender_entropy": 1.8548802137374878, "receiver_entropy": 0.0, "original_loss": 0.5613798499107361, "mean_length": 6.0}
{"mode": "train", "epoch": 47, "loss": 3.9788631598154702, "acc": 0.14325434466203055, "acc_or": 0.6479627092679342, "sender_entropy": 1.745721737543742, "receiver_entropy": 0.0, "original_loss": 0.7904138366381327, "mean_length": 5.99999984105428}
{"mode": "test", "epoch": 47, "loss": 4.374930381774902, "acc": 0.3549783527851105, "acc_or": 0.7911255359649658, "sender_entropy": 1.8355841636657715, "receiver_entropy": 0.0, "original_loss": 0.5392938852310181, "mean_length": 6.0}
{"mode": "train", "epoch": 48, "loss": 4.091156959533691, "acc": 0.16489626467227936, "acc_or": 0.6648464600245158, "sender_entropy": 1.7179269393285115, "receiver_entropy": 0.0, "original_loss": 0.7588056524594625, "mean_length": 5.99999984105428}
{"mode": "test", "epoch": 48, "loss": 4.257986068725586, "acc": 0.3419913351535797, "acc_or": 0.7976190447807312, "sender_entropy": 1.7872978448867798, "receiver_entropy": 0.0, "original_loss": 0.5187227725982666, "mean_length": 6.0}
{"mode": "train", "epoch": 49, "loss": 4.1963497797648115, "acc": 0.17853756745656332, "acc_or": 0.6799078981081644, "sender_entropy": 1.6751073996225994, "receiver_entropy": 0.0, "original_loss": 0.7275748054186503, "mean_length": 5.99999984105428}
{"mode": "test", "epoch": 49, "loss": 4.079790115356445, "acc": 0.350649356842041, "acc_or": 0.790043294429779, "sender_entropy": 1.758540153503418, "receiver_entropy": 0.0, "original_loss": 0.5172226428985596, "mean_length": 6.0}
{"mode": "train", "epoch": 50, "loss": 4.291432857513428, "acc": 0.20192254583040872, "acc_or": 0.6946244835853577, "sender_entropy": 1.6415845155715942, "receiver_entropy": 0.0, "original_loss": 0.6983034014701843, "mean_length": 5.99999984105428}
{"mode": "test", "epoch": 50, "loss": 4.399141788482666, "acc": 0.4502164423465729, "acc_or": 0.8344155550003052, "sender_entropy": 1.7543455362319946, "receiver_entropy": 0.0, "original_loss": 0.4542132019996643, "mean_length": 6.0}
{"mode": "train", "epoch": 51, "loss": 4.306197325388591, "acc": 0.20455728967984518, "acc_or": 0.6994824012120565, "sender_entropy": 1.6342804829279582, "receiver_entropy": 0.0, "original_loss": 0.6823783119519552, "mean_length": 5.99999984105428}
{"mode": "test", "epoch": 51, "loss": 4.327696800231934, "acc": 0.3982684016227722, "acc_or": 0.8203462958335876, "sender_entropy": 1.7522474527359009, "receiver_entropy": 0.0, "original_loss": 0.45450103282928467, "mean_length": 6.0}
{"mode": "train", "epoch": 52, "loss": 4.334947903951009, "acc": 0.22405365109443665, "acc_or": 0.7080807288487753, "sender_entropy": 1.6285139719645183, "receiver_entropy": 0.0, "original_loss": 0.6676107247670492, "mean_length": 5.99999984105428}
{"mode": "test", "epoch": 52, "loss": 4.4276628494262695, "acc": 0.4372294247150421, "acc_or": 0.8300865888595581, "sender_entropy": 1.7481173276901245, "receiver_entropy": 0.0, "original_loss": 0.42582637071609497, "mean_length": 6.0}
{"mode": "train", "epoch": 53, "loss": 4.318474451700847, "acc": 0.23496920863787332, "acc_or": 0.7144842346509298, "sender_entropy": 1.6206563711166382, "receiver_entropy": 0.0, "original_loss": 0.654332180817922, "mean_length": 5.99999984105428}
{"mode": "test", "epoch": 53, "loss": 4.225303649902344, "acc": 0.4588744640350342, "acc_or": 0.8300865888595581, "sender_entropy": 1.7225021123886108, "receiver_entropy": 0.0, "original_loss": 0.4245891571044922, "mean_length": 6.0}
{"mode": "train", "epoch": 54, "loss": 4.416709264119466, "acc": 0.2577707767486572, "acc_or": 0.7299515008926392, "sender_entropy": 1.5939650535583496, "receiver_entropy": 0.0, "original_loss": 0.6239134470621744, "mean_length": 5.99999984105428}
{"mode": "test", "epoch": 54, "loss": 4.342360496520996, "acc": 0.5108225345611572, "acc_or": 0.850649356842041, "sender_entropy": 1.7136266231536865, "receiver_entropy": 0.0, "original_loss": 0.3898797631263733, "mean_length": 6.0}
{"mode": "train", "epoch": 55, "loss": 4.371903260548909, "acc": 0.2664717137813568, "acc_or": 0.733328660329183, "sender_entropy": 1.5855046113332112, "receiver_entropy": 0.0, "original_loss": 0.6130075057347616, "mean_length": 5.99999984105428}
{"mode": "test", "epoch": 55, "loss": 4.11585807800293, "acc": 0.4848484992980957, "acc_or": 0.8549783825874329, "sender_entropy": 1.6738141775131226, "receiver_entropy": 0.0, "original_loss": 0.3884994089603424, "mean_length": 6.0}
{"mode": "train", "epoch": 56, "loss": 4.3576553662618, "acc": 0.2798759837945302, "acc_or": 0.7442435820897421, "sender_entropy": 1.5471484661102295, "receiver_entropy": 0.0, "original_loss": 0.5937356154123942, "mean_length": 5.99999984105428}
{"mode": "test", "epoch": 56, "loss": 4.0578532218933105, "acc": 0.5627705454826355, "acc_or": 0.8755411505699158, "sender_entropy": 1.653656005859375, "receiver_entropy": 0.0, "original_loss": 0.36638185381889343, "mean_length": 6.0}
{"mode": "train", "epoch": 57, "loss": 4.474310080210368, "acc": 0.30993252992630005, "acc_or": 0.7603290875752767, "sender_entropy": 1.526384433110555, "receiver_entropy": 0.0, "original_loss": 0.5656261642773946, "mean_length": 5.99999984105428}
{"mode": "test", "epoch": 57, "loss": 4.121074199676514, "acc": 0.5497835278511047, "acc_or": 0.8690476417541504, "sender_entropy": 1.6650675535202026, "receiver_entropy": 0.0, "original_loss": 0.350559264421463, "mean_length": 6.0}
{"mode": "train", "epoch": 58, "loss": 4.372728188832601, "acc": 0.31813204288482666, "acc_or": 0.7629660566647848, "sender_entropy": 1.5400091807047527, "receiver_entropy": 0.0, "original_loss": 0.5641998847325643, "mean_length": 5.99999984105428}
{"mode": "test", "epoch": 58, "loss": 4.160191059112549, "acc": 0.5714285969734192, "acc_or": 0.8787878751754761, "sender_entropy": 1.6681572198867798, "receiver_entropy": 0.0, "original_loss": 0.3340838551521301, "mean_length": 6.0}
{"mode": "train", "epoch": 59, "loss": 4.386001269022624, "acc": 0.3310255507628123, "acc_or": 0.7709264953931173, "sender_entropy": 1.5266814231872559, "receiver_entropy": 0.0, "original_loss": 0.5488510330518087, "mean_length": 5.99999984105428}
{"mode": "test", "epoch": 59, "loss": 4.0783562660217285, "acc": 0.5670995712280273, "acc_or": 0.8787878751754761, "sender_entropy": 1.6537543535232544, "receiver_entropy": 0.0, "original_loss": 0.3313276171684265, "mean_length": 6.0}
{"mode": "train", "epoch": 60, "loss": 4.370424906412761, "acc": 0.33727086583773297, "acc_or": 0.7733518878618876, "sender_entropy": 1.5269254048665364, "receiver_entropy": 0.0, "original_loss": 0.5410428444544474, "mean_length": 5.99999984105428}
{"mode": "test", "epoch": 60, "loss": 4.197775840759277, "acc": 0.5930736064910889, "acc_or": 0.8896104097366333, "sender_entropy": 1.6584582328796387, "receiver_entropy": 0.0, "original_loss": 0.3075711131095886, "mean_length": 6.0}
{"mode": "train", "epoch": 61, "loss": 4.268826007843018, "acc": 0.3344929814338684, "acc_or": 0.7703698674837748, "sender_entropy": 1.5267334779103596, "receiver_entropy": 0.0, "original_loss": 0.5423957109451294, "mean_length": 5.99999984105428}
{"mode": "test", "epoch": 61, "loss": 4.087339878082275, "acc": 0.6017315983772278, "acc_or": 0.8961039185523987, "sender_entropy": 1.6567604541778564, "receiver_entropy": 0.0, "original_loss": 0.31367361545562744, "mean_length": 6.0}
{"mode": "train", "epoch": 62, "loss": 4.283310572306315, "acc": 0.34758827090263367, "acc_or": 0.7775296171506246, "sender_entropy": 1.5214847723642986, "receiver_entropy": 0.0, "original_loss": 0.5284206668535868, "mean_length": 5.99999984105428}
{"mode": "test", "epoch": 62, "loss": 4.07452392578125, "acc": 0.6753246784210205, "acc_or": 0.9123376607894897, "sender_entropy": 1.6393649578094482, "receiver_entropy": 0.0, "original_loss": 0.287933349609375, "mean_length": 6.0}
{"mode": "train", "epoch": 63, "loss": 4.285732269287109, "acc": 0.3604990343252818, "acc_or": 0.7867072224617004, "sender_entropy": 1.5022555192311604, "receiver_entropy": 0.0, "original_loss": 0.5108422537644705, "mean_length": 5.99999984105428}
{"mode": "test", "epoch": 63, "loss": 3.9955592155456543, "acc": 0.6839826703071594, "acc_or": 0.9134199023246765, "sender_entropy": 1.6014972925186157, "receiver_entropy": 0.0, "original_loss": 0.26719602942466736, "mean_length": 6.0}
{"mode": "train", "epoch": 64, "loss": 4.337887128194173, "acc": 0.3968174457550049, "acc_or": 0.7999716798464457, "sender_entropy": 1.466852863629659, "receiver_entropy": 0.0, "original_loss": 0.48559053738911945, "mean_length": 5.99999984105428}
{"mode": "test", "epoch": 64, "loss": 3.897717237472534, "acc": 0.701298713684082, "acc_or": 0.923160195350647, "sender_entropy": 1.5739513635635376, "receiver_entropy": 0.0, "original_loss": 0.24958983063697815, "mean_length": 6.0}
{"mode": "train", "epoch": 65, "loss": 4.341229756673177, "acc": 0.4100886285305023, "acc_or": 0.8078116774559021, "sender_entropy": 1.4491304159164429, "receiver_entropy": 0.0, "original_loss": 0.46662308772404987, "mean_length": 5.99999984105428}
{"mode": "test", "epoch": 65, "loss": 3.9311606884002686, "acc": 0.7402597665786743, "acc_or": 0.9296537041664124, "sender_entropy": 1.5792107582092285, "receiver_entropy": 0.0, "original_loss": 0.23556917905807495, "mean_length": 6.0}
{"mode": "train", "epoch": 66, "loss": 4.370574474334717, "acc": 0.42393459876378375, "acc_or": 0.813636064529419, "sender_entropy": 1.4543850819269817, "receiver_entropy": 0.0, "original_loss": 0.4553931752840678, "mean_length": 5.99999984105428}
{"mode": "test", "epoch": 66, "loss": 4.001177787780762, "acc": 0.7532467246055603, "acc_or": 0.9361472129821777, "sender_entropy": 1.5913981199264526, "receiver_entropy": 0.0, "original_loss": 0.2236786186695099, "mean_length": 6.0}
{"mode": "train", "epoch": 67, "loss": 4.294263044993083, "acc": 0.4335879981517792, "acc_or": 0.8167611757914225, "sender_entropy": 1.46345853805542, "receiver_entropy": 0.0, "original_loss": 0.4555256962776184, "mean_length": 5.99999984105428}
{"mode": "test", "epoch": 67, "loss": 4.0160627365112305, "acc": 0.8095238208770752, "acc_or": 0.948051929473877, "sender_entropy": 1.5863052606582642, "receiver_entropy": 0.0, "original_loss": 0.20863008499145508, "mean_length": 6.0}
{"mode": "train", "epoch": 68, "loss": 4.320727825164795, "acc": 0.44904213150342304, "acc_or": 0.8223742445309957, "sender_entropy": 1.451481302579244, "receiver_entropy": 0.0, "original_loss": 0.4393901526927948, "mean_length": 5.99999984105428}
{"mode": "test", "epoch": 68, "loss": 3.9511337280273438, "acc": 0.8051947951316833, "acc_or": 0.951298713684082, "sender_entropy": 1.5704072713851929, "receiver_entropy": 0.0, "original_loss": 0.19996213912963867, "mean_length": 6.0}
{"mode": "train", "epoch": 69, "loss": 4.330416361490886, "acc": 0.47309579451878864, "acc_or": 0.8337704340616862, "sender_entropy": 1.4389264980951946, "receiver_entropy": 0.0, "original_loss": 0.4213992754618327, "mean_length": 5.99999984105428}
{"mode": "test", "epoch": 69, "loss": 3.9035046100616455, "acc": 0.8658008575439453, "acc_or": 0.9642857313156128, "sender_entropy": 1.5466722249984741, "receiver_entropy": 0.0, "original_loss": 0.18114802241325378, "mean_length": 6.0}
{"mode": "train", "epoch": 70, "loss": 4.372991720835368, "acc": 0.49492546916007996, "acc_or": 0.8428646922111511, "sender_entropy": 1.416523814201355, "receiver_entropy": 0.0, "original_loss": 0.4022986988226573, "mean_length": 5.99999984105428}
{"mode": "test", "epoch": 70, "loss": 3.8147809505462646, "acc": 0.826839804649353, "acc_or": 0.9556276798248291, "sender_entropy": 1.5290799140930176, "receiver_entropy": 0.0, "original_loss": 0.17973700165748596, "mean_length": 6.0}
{"mode": "train", "epoch": 71, "loss": 4.326645056406657, "acc": 0.5075067579746246, "acc_or": 0.8475157817204794, "sender_entropy": 1.4042582909266155, "receiver_entropy": 0.0, "original_loss": 0.38938071330388385, "mean_length": 5.99999984105428}
{"mode": "test", "epoch": 71, "loss": 3.7767646312713623, "acc": 0.8831169009208679, "acc_or": 0.9707792401313782, "sender_entropy": 1.507056474685669, "receiver_entropy": 0.0, "original_loss": 0.15817271173000336, "mean_length": 6.0}
{"mode": "train", "epoch": 72, "loss": 4.286172231038411, "acc": 0.5226429303487142, "acc_or": 0.8526724179585775, "sender_entropy": 1.383426348368327, "receiver_entropy": 0.0, "original_loss": 0.37963305910428363, "mean_length": 5.99999984105428}
{"mode": "test", "epoch": 72, "loss": 3.7045836448669434, "acc": 0.8571428656578064, "acc_or": 0.963203489780426, "sender_entropy": 1.4977190494537354, "receiver_entropy": 0.0, "original_loss": 0.15677683055400848, "mean_length": 6.0}
{"mode": "train", "epoch": 73, "loss": 4.229119618733724, "acc": 0.5370813210805258, "acc_or": 0.8570572336514791, "sender_entropy": 1.372374176979065, "receiver_entropy": 0.0, "original_loss": 0.3709949453671773, "mean_length": 5.99999984105428}
{"mode": "test", "epoch": 73, "loss": 3.7731800079345703, "acc": 0.9264069199562073, "acc_or": 0.9805194735527039, "sender_entropy": 1.4963113069534302, "receiver_entropy": 0.0, "original_loss": 0.12943598628044128, "mean_length": 6.0}
{"mode": "train", "epoch": 74, "loss": 4.254045009613037, "acc": 0.5541231433550516, "acc_or": 0.8641948501269022, "sender_entropy": 1.369329611460368, "receiver_entropy": 0.0, "original_loss": 0.35420534014701843, "mean_length": 5.99999984105428}
{"mode": "test", "epoch": 74, "loss": 3.6029927730560303, "acc": 0.8658008575439453, "acc_or": 0.9642857313156128, "sender_entropy": 1.475954294204712, "receiver_entropy": 0.0, "original_loss": 0.14280018210411072, "mean_length": 6.0}
{"mode": "train", "epoch": 75, "loss": 4.227799892425537, "acc": 0.5530645648638407, "acc_or": 0.8651230335235596, "sender_entropy": 1.354891578356425, "receiver_entropy": 0.0, "original_loss": 0.34766238927841187, "mean_length": 5.99999984105428}
{"mode": "test", "epoch": 75, "loss": 3.6591796875, "acc": 0.9220778942108154, "acc_or": 0.9805194735527039, "sender_entropy": 1.473962426185608, "receiver_entropy": 0.0, "original_loss": 0.11555498093366623, "mean_length": 6.0}
{"mode": "train", "epoch": 76, "loss": 4.180828094482422, "acc": 0.5571197271347046, "acc_or": 0.8653846383094788, "sender_entropy": 1.3605194091796875, "receiver_entropy": 0.0, "original_loss": 0.34799684087435406, "mean_length": 5.99999984105428}
{"mode": "test", "epoch": 76, "loss": 3.6194443702697754, "acc": 0.9134199023246765, "acc_or": 0.9772727489471436, "sender_entropy": 1.47002375125885, "receiver_entropy": 0.0, "original_loss": 0.11761785298585892, "mean_length": 6.0}
{"mode": "train", "epoch": 77, "loss": 4.1934231122334795, "acc": 0.5744500160217285, "acc_or": 0.8718338012695312, "sender_entropy": 1.367280085881551, "receiver_entropy": 0.0, "original_loss": 0.3358054955800374, "mean_length": 5.99999984105428}
{"mode": "test", "epoch": 77, "loss": 3.6565051078796387, "acc": 0.887445867061615, "acc_or": 0.9707792401313782, "sender_entropy": 1.487310528755188, "receiver_entropy": 0.0, "original_loss": 0.11504512280225754, "mean_length": 6.0}
{"mode": "train", "epoch": 78, "loss": 4.03189484278361, "acc": 0.5681960781415304, "acc_or": 0.869216779867808, "sender_entropy": 1.3650811910629272, "receiver_entropy": 0.0, "original_loss": 0.34421834349632263, "mean_length": 5.99999984105428}
{"mode": "test", "epoch": 78, "loss": 3.5658318996429443, "acc": 0.887445867061615, "acc_or": 0.9718614816665649, "sender_entropy": 1.4561938047409058, "receiver_entropy": 0.0, "original_loss": 0.10978378355503082, "mean_length": 6.0}
{"mode": "train", "epoch": 79, "loss": 4.095036347707112, "acc": 0.5851058959960938, "acc_or": 0.8757166862487793, "sender_entropy": 1.3426416714986165, "receiver_entropy": 0.0, "original_loss": 0.3234179417292277, "mean_length": 5.99999984105428}
{"mode": "test", "epoch": 79, "loss": 3.5255088806152344, "acc": 0.9523809552192688, "acc_or": 0.988095223903656, "sender_entropy": 1.4345886707305908, "receiver_entropy": 0.0, "original_loss": 0.08885613828897476, "mean_length": 6.0}
{"mode": "train", "epoch": 80, "loss": 4.104034900665283, "acc": 0.6078880230585734, "acc_or": 0.8845807313919067, "sender_entropy": 1.3273029724756877, "receiver_entropy": 0.0, "original_loss": 0.3052099545796712, "mean_length": 5.99999984105428}
{"mode": "test", "epoch": 80, "loss": 3.4053869247436523, "acc": 0.9610389471054077, "acc_or": 0.9902597665786743, "sender_entropy": 1.4058908224105835, "receiver_entropy": 0.0, "original_loss": 0.08665831387042999, "mean_length": 6.0}
{"mode": "train", "epoch": 81, "loss": 4.066187222798665, "acc": 0.6109320918718973, "acc_or": 0.8850317796071371, "sender_entropy": 1.3097832202911377, "receiver_entropy": 0.0, "original_loss": 0.30036461353302, "mean_length": 5.99999984105428}
{"mode": "test", "epoch": 81, "loss": 3.418248176574707, "acc": 0.9523809552192688, "acc_or": 0.988095223903656, "sender_entropy": 1.4183663129806519, "receiver_entropy": 0.0, "original_loss": 0.08144567161798477, "mean_length": 6.0}
{"mode": "train", "epoch": 82, "loss": 3.939907709757487, "acc": 0.6029829184214274, "acc_or": 0.8807739416758219, "sender_entropy": 1.328921874364217, "receiver_entropy": 0.0, "original_loss": 0.3105526566505432, "mean_length": 5.99999984105428}
{"mode": "test", "epoch": 82, "loss": 3.4192042350769043, "acc": 0.9437229633331299, "acc_or": 0.9859307408332825, "sender_entropy": 1.4385610818862915, "receiver_entropy": 0.0, "original_loss": 0.08780396729707718, "mean_length": 6.0}
{"mode": "train", "epoch": 83, "loss": 4.008250872294108, "acc": 0.6102911233901978, "acc_or": 0.8843150933583578, "sender_entropy": 1.3392312129338582, "receiver_entropy": 0.0, "original_loss": 0.30157023668289185, "mean_length": 5.99999984105428}
{"mode": "test", "epoch": 83, "loss": 3.4310977458953857, "acc": 0.939393937587738, "acc_or": 0.9848484992980957, "sender_entropy": 1.4496008157730103, "receiver_entropy": 0.0, "original_loss": 0.0853939950466156, "mean_length": 6.0}
{"mode": "train", "epoch": 84, "loss": 3.947124719619751, "acc": 0.6096580823262533, "acc_or": 0.8843705852826437, "sender_entropy": 1.3409926096598308, "receiver_entropy": 0.0, "original_loss": 0.29920217394828796, "mean_length": 5.99999984105428}
{"mode": "test", "epoch": 84, "loss": 3.316664457321167, "acc": 0.9220778942108154, "acc_or": 0.9805194735527039, "sender_entropy": 1.4323385953903198, "receiver_entropy": 0.0, "original_loss": 0.08328017592430115, "mean_length": 6.0}
{"mode": "train", "epoch": 85, "loss": 3.9008496602376304, "acc": 0.6207315524419149, "acc_or": 0.8893734415372213, "sender_entropy": 1.328026016553243, "receiver_entropy": 0.0, "original_loss": 0.2918233374754588, "mean_length": 5.99999984105428}
{"mode": "test", "epoch": 85, "loss": 3.230464220046997, "acc": 0.9567099809646606, "acc_or": 0.9891774654388428, "sender_entropy": 1.4036287069320679, "receiver_entropy": 0.0, "original_loss": 0.07636584341526031, "mean_length": 6.0}
{"mode": "train", "epoch": 86, "loss": 3.9085961182912192, "acc": 0.6407904426256815, "acc_or": 0.8957937558492025, "sender_entropy": 1.3032609224319458, "receiver_entropy": 0.0, "original_loss": 0.2765995264053345, "mean_length": 5.99999984105428}
{"mode": "test", "epoch": 86, "loss": 3.204491376876831, "acc": 0.9567099809646606, "acc_or": 0.9891774654388428, "sender_entropy": 1.4003256559371948, "receiver_entropy": 0.0, "original_loss": 0.06945239007472992, "mean_length": 6.0}
{"mode": "train", "epoch": 87, "loss": 3.9163101514180503, "acc": 0.6468908190727234, "acc_or": 0.8977559606234232, "sender_entropy": 1.3057205279668171, "receiver_entropy": 0.0, "original_loss": 0.27044159173965454, "mean_length": 5.99999984105428}
{"mode": "test", "epoch": 87, "loss": 3.177396535873413, "acc": 0.9567099809646606, "acc_or": 0.9891774654388428, "sender_entropy": 1.398058295249939, "receiver_entropy": 0.0, "original_loss": 0.06629840284585953, "mean_length": 6.0}
{"mode": "train", "epoch": 88, "loss": 3.8412304719289145, "acc": 0.6485126813252767, "acc_or": 0.897700568040212, "sender_entropy": 1.3062795400619507, "receiver_entropy": 0.0, "original_loss": 0.2715541521708171, "mean_length": 5.99999984105428}
{"mode": "test", "epoch": 88, "loss": 3.1909995079040527, "acc": 0.9826839566230774, "acc_or": 0.9956709742546082, "sender_entropy": 1.4067919254302979, "receiver_entropy": 0.0, "original_loss": 0.0638565644621849, "mean_length": 6.0}
{"mode": "train", "epoch": 89, "loss": 3.734178304672241, "acc": 0.6406321922938029, "acc_or": 0.8955065409342448, "sender_entropy": 1.3142422040303547, "receiver_entropy": 0.0, "original_loss": 0.2791894773642222, "mean_length": 5.99999984105428}
{"mode": "test", "epoch": 89, "loss": 3.1430137157440186, "acc": 0.9523809552192688, "acc_or": 0.988095223903656, "sender_entropy": 1.4094724655151367, "receiver_entropy": 0.0, "original_loss": 0.07411692291498184, "mean_length": 6.0}
{"mode": "train", "epoch": 90, "loss": 3.64506196975708, "acc": 0.6370813051859537, "acc_or": 0.8936185240745544, "sender_entropy": 1.312349557876587, "receiver_entropy": 0.0, "original_loss": 0.2830102741718292, "mean_length": 5.99999984105428}
{"mode": "test", "epoch": 90, "loss": 3.0526111125946045, "acc": 0.9523809552192688, "acc_or": 0.988095223903656, "sender_entropy": 1.3892290592193604, "receiver_entropy": 0.0, "original_loss": 0.07679532468318939, "mean_length": 6.0}
{"mode": "train", "epoch": 91, "loss": 3.7416392962137857, "acc": 0.661780595779419, "acc_or": 0.9029256502787272, "sender_entropy": 1.291041413942973, "receiver_entropy": 0.0, "original_loss": 0.2610571086406708, "mean_length": 5.99999984105428}
{"mode": "test", "epoch": 91, "loss": 3.0853917598724365, "acc": 0.9740259647369385, "acc_or": 0.9935064911842346, "sender_entropy": 1.383012294769287, "receiver_entropy": 0.0, "original_loss": 0.061566852033138275, "mean_length": 6.0}
{"mode": "train", "epoch": 92, "loss": 3.687762180964152, "acc": 0.6667591134707133, "acc_or": 0.9039023717244467, "sender_entropy": 1.2811827659606934, "receiver_entropy": 0.0, "original_loss": 0.25544731815656024, "mean_length": 5.99999984105428}
{"mode": "test", "epoch": 92, "loss": 3.05464243888855, "acc": 0.9826839566230774, "acc_or": 0.9956709742546082, "sender_entropy": 1.3802196979522705, "receiver_entropy": 0.0, "original_loss": 0.05543545261025429, "mean_length": 6.0}
{"mode": "train", "epoch": 93, "loss": 3.6509554386138916, "acc": 0.6732101837793986, "acc_or": 0.9049645662307739, "sender_entropy": 1.2850065628687541, "receiver_entropy": 0.0, "original_loss": 0.253253032763799, "mean_length": 5.99999984105428}
{"mode": "test", "epoch": 93, "loss": 3.070551633834839, "acc": 0.9783549904823303, "acc_or": 0.9945887327194214, "sender_entropy": 1.3960316181182861, "receiver_entropy": 0.0, "original_loss": 0.05657150223851204, "mean_length": 6.0}
{"mode": "train", "epoch": 94, "loss": 3.618842124938965, "acc": 0.6669972141583761, "acc_or": 0.9037968118985494, "sender_entropy": 1.2940176328023274, "receiver_entropy": 0.0, "original_loss": 0.254216805100441, "mean_length": 5.99999984105428}
{"mode": "test", "epoch": 94, "loss": 3.066495180130005, "acc": 0.9523809552192688, "acc_or": 0.988095223903656, "sender_entropy": 1.3939510583877563, "receiver_entropy": 0.0, "original_loss": 0.0622505322098732, "mean_length": 6.0}
{"mode": "train", "epoch": 95, "loss": 3.5325830777486167, "acc": 0.659386157989502, "acc_or": 0.901866614818573, "sender_entropy": 1.2933789889017742, "receiver_entropy": 0.0, "original_loss": 0.26062793533007306, "mean_length": 5.99999984105428}
{"mode": "test", "epoch": 95, "loss": 2.991781711578369, "acc": 0.9523809552192688, "acc_or": 0.988095223903656, "sender_entropy": 1.3792647123336792, "receiver_entropy": 0.0, "original_loss": 0.05972270667552948, "mean_length": 6.0}
{"mode": "train", "epoch": 96, "loss": 3.5591458479563394, "acc": 0.674154003461202, "acc_or": 0.9058117866516113, "sender_entropy": 1.2887482643127441, "receiver_entropy": 0.0, "original_loss": 0.25059852997461957, "mean_length": 5.99999984105428}
{"mode": "test", "epoch": 96, "loss": 2.9790964126586914, "acc": 0.9610389471054077, "acc_or": 0.9902597665786743, "sender_entropy": 1.3805164098739624, "receiver_entropy": 0.0, "original_loss": 0.058636050671339035, "mean_length": 6.0}
{"mode": "train", "epoch": 97, "loss": 3.4848602612813315, "acc": 0.669315775235494, "acc_or": 0.9049786527951559, "sender_entropy": 1.2896684408187866, "receiver_entropy": 0.0, "original_loss": 0.25270528594652814, "mean_length": 5.99999984105428}
{"mode": "test", "epoch": 97, "loss": 2.946777105331421, "acc": 0.9610389471054077, "acc_or": 0.9902597665786743, "sender_entropy": 1.3751647472381592, "receiver_entropy": 0.0, "original_loss": 0.05862624943256378, "mean_length": 6.0}
{"mode": "train", "epoch": 98, "loss": 3.504450003306071, "acc": 0.6860490043958029, "acc_or": 0.9102927446365356, "sender_entropy": 1.279863993326823, "receiver_entropy": 0.0, "original_loss": 0.24017185966173807, "mean_length": 5.99999984105428}
{"mode": "test", "epoch": 98, "loss": 2.9170546531677246, "acc": 0.9653679728507996, "acc_or": 0.9913420081138611, "sender_entropy": 1.361495852470398, "receiver_entropy": 0.0, "original_loss": 0.056540124118328094, "mean_length": 6.0}
{"mode": "train", "epoch": 99, "loss": 3.4842613538106284, "acc": 0.6840286254882812, "acc_or": 0.9097806413968405, "sender_entropy": 1.269669731458028, "receiver_entropy": 0.0, "original_loss": 0.23795796930789948, "mean_length": 5.99999984105428}
{"mode": "test", "epoch": 99, "loss": 2.871241807937622, "acc": 0.9653679728507996, "acc_or": 0.9913420081138611, "sender_entropy": 1.360597848892212, "receiver_entropy": 0.0, "original_loss": 0.054188065230846405, "mean_length": 6.0}
{"mode": "train", "epoch": 100, "loss": 3.432198683420817, "acc": 0.6963196396827698, "acc_or": 0.9135523438453674, "sender_entropy": 1.262170672416687, "receiver_entropy": 0.0, "original_loss": 0.2314499964316686, "mean_length": 5.99999984105428}
{"mode": "test", "epoch": 100, "loss": 2.8275864124298096, "acc": 0.9740259647369385, "acc_or": 0.9935064911842346, "sender_entropy": 1.3492271900177002, "receiver_entropy": 0.0, "original_loss": 0.052437398582696915, "mean_length": 6.0}
{"mode": "train", "epoch": 101, "loss": 3.4343406359354653, "acc": 0.7030951380729675, "acc_or": 0.9156205852826437, "sender_entropy": 1.2636011838912964, "receiver_entropy": 0.0, "original_loss": 0.22803266843159994, "mean_length": 5.99999984105428}
{"mode": "test", "epoch": 101, "loss": 2.8693673610687256, "acc": 0.9610389471054077, "acc_or": 0.9902597665786743, "sender_entropy": 1.3697987794876099, "receiver_entropy": 0.0, "original_loss": 0.0509590320289135, "mean_length": 6.0}
{"mode": "train", "epoch": 102, "loss": 3.331712484359741, "acc": 0.6936057806015015, "acc_or": 0.9128150741259257, "sender_entropy": 1.2715301513671875, "receiver_entropy": 0.0, "original_loss": 0.23514955242474875, "mean_length": 5.99999984105428}
{"mode": "test", "epoch": 102, "loss": 2.8025147914886475, "acc": 0.9870129823684692, "acc_or": 0.9967532753944397, "sender_entropy": 1.3542611598968506, "receiver_entropy": 0.0, "original_loss": 0.045129138976335526, "mean_length": 6.0}
{"mode": "train", "epoch": 103, "loss": 3.3800578912099204, "acc": 0.7119180162747701, "acc_or": 0.9182311296463013, "sender_entropy": 1.26400887966156, "receiver_entropy": 0.0, "original_loss": 0.2209009031454722, "mean_length": 5.99999984105428}
{"mode": "test", "epoch": 103, "loss": 2.759228229522705, "acc": 0.9783549904823303, "acc_or": 0.9945887327194214, "sender_entropy": 1.3502496480941772, "receiver_entropy": 0.0, "original_loss": 0.04488709568977356, "mean_length": 6.0}
{"mode": "train", "epoch": 104, "loss": 3.320589303970337, "acc": 0.7096095283826193, "acc_or": 0.9179918567339579, "sender_entropy": 1.2625325918197632, "receiver_entropy": 0.0, "original_loss": 0.22488801181316376, "mean_length": 5.99999984105428}
{"mode": "test", "epoch": 104, "loss": 2.7739205360412598, "acc": 0.9956709742546082, "acc_or": 0.9989177584648132, "sender_entropy": 1.3553329706192017, "receiver_entropy": 0.0, "original_loss": 0.04047854617238045, "mean_length": 6.0}
{"mode": "train", "epoch": 105, "loss": 3.2959144115448, "acc": 0.7058899402618408, "acc_or": 0.9159072637557983, "sender_entropy": 1.2662361860275269, "receiver_entropy": 0.0, "original_loss": 0.22483839591344199, "mean_length": 5.99999984105428}
{"mode": "test", "epoch": 105, "loss": 2.7717037200927734, "acc": 0.9740259647369385, "acc_or": 0.9935064911842346, "sender_entropy": 1.3688883781433105, "receiver_entropy": 0.0, "original_loss": 0.046217236667871475, "mean_length": 6.0}
{"mode": "train", "epoch": 106, "loss": 3.2072916825612388, "acc": 0.7009981274604797, "acc_or": 0.9144639174143473, "sender_entropy": 1.2783596515655518, "receiver_entropy": 0.0, "original_loss": 0.2304417590300242, "mean_length": 5.99999984105428}
{"mode": "test", "epoch": 106, "loss": 2.7351913452148438, "acc": 0.9610389471054077, "acc_or": 0.9891774654388428, "sender_entropy": 1.3696489334106445, "receiver_entropy": 0.0, "original_loss": 0.048768866807222366, "mean_length": 6.0}
{"mode": "train", "epoch": 107, "loss": 3.1784016291300454, "acc": 0.7052140831947327, "acc_or": 0.9151714245478312, "sender_entropy": 1.2766634623209636, "receiver_entropy": 0.0, "original_loss": 0.22910171250502268, "mean_length": 5.99999984105428}
{"mode": "test", "epoch": 107, "loss": 2.7102484703063965, "acc": 0.9826839566230774, "acc_or": 0.9956709742546082, "sender_entropy": 1.3616037368774414, "receiver_entropy": 0.0, "original_loss": 0.04065864905714989, "mean_length": 6.0}
{"mode": "train", "epoch": 108, "loss": 3.201648235321045, "acc": 0.7160774866739908, "acc_or": 0.9185501933097839, "sender_entropy": 1.262251615524292, "receiver_entropy": 0.0, "original_loss": 0.21903585890928903, "mean_length": 5.99999984105428}
{"mode": "test", "epoch": 108, "loss": 2.635053873062134, "acc": 0.9826839566230774, "acc_or": 0.9956709742546082, "sender_entropy": 1.347951054573059, "receiver_entropy": 0.0, "original_loss": 0.03999798372387886, "mean_length": 6.0}
{"mode": "train", "epoch": 109, "loss": 3.194607655207316, "acc": 0.7335041960080465, "acc_or": 0.924962600072225, "sender_entropy": 1.251455545425415, "receiver_entropy": 0.0, "original_loss": 0.20966781179110208, "mean_length": 5.99999984105428}
{"mode": "test", "epoch": 109, "loss": 2.592567205429077, "acc": 0.9870129823684692, "acc_or": 0.9967532753944397, "sender_entropy": 1.330739974975586, "receiver_entropy": 0.0, "original_loss": 0.03823195397853851, "mean_length": 6.0}
{"mode": "train", "epoch": 110, "loss": 3.1444963614145913, "acc": 0.7239094177881876, "acc_or": 0.9226131836573283, "sender_entropy": 1.2474377950032551, "receiver_entropy": 0.0, "original_loss": 0.21072207391262054, "mean_length": 5.99999984105428}
{"mode": "test", "epoch": 110, "loss": 2.5951995849609375, "acc": 0.9870129823684692, "acc_or": 0.9967532753944397, "sender_entropy": 1.3349570035934448, "receiver_entropy": 0.0, "original_loss": 0.034916140139102936, "mean_length": 6.0}
{"mode": "train", "epoch": 111, "loss": 3.166623592376709, "acc": 0.7273869117101034, "acc_or": 0.9233432610829672, "sender_entropy": 1.2545679807662964, "receiver_entropy": 0.0, "original_loss": 0.2077315996090571, "mean_length": 5.99999984105428}
{"mode": "test", "epoch": 111, "loss": 2.5969901084899902, "acc": 0.9913420081138611, "acc_or": 0.9978355169296265, "sender_entropy": 1.339606523513794, "receiver_entropy": 0.0, "original_loss": 0.032548755407333374, "mean_length": 6.0}
{"mode": "train", "epoch": 112, "loss": 3.074105421702067, "acc": 0.7228530049324036, "acc_or": 0.9216679930686951, "sender_entropy": 1.2580190896987915, "receiver_entropy": 0.0, "original_loss": 0.2125295748313268, "mean_length": 5.99999984105428}
{"mode": "test", "epoch": 112, "loss": 2.5598301887512207, "acc": 0.9870129823684692, "acc_or": 0.9967532753944397, "sender_entropy": 1.3359425067901611, "receiver_entropy": 0.0, "original_loss": 0.034422293305397034, "mean_length": 6.0}
{"mode": "train", "epoch": 113, "loss": 3.063279867172241, "acc": 0.7265276312828064, "acc_or": 0.9239131808280945, "sender_entropy": 1.2539733250935872, "receiver_entropy": 0.0, "original_loss": 0.21101214488347372, "mean_length": 5.99999984105428}
{"mode": "test", "epoch": 113, "loss": 2.567927360534668, "acc": 0.9956709742546082, "acc_or": 0.9989177584648132, "sender_entropy": 1.3423352241516113, "receiver_entropy": 0.0, "original_loss": 0.03373052552342415, "mean_length": 6.0}
{"mode": "train", "epoch": 114, "loss": 2.9988485177357993, "acc": 0.7178025643030802, "acc_or": 0.9195618232091268, "sender_entropy": 1.2635453939437866, "receiver_entropy": 0.0, "original_loss": 0.2165296127398809, "mean_length": 5.99999984105428}
{"mode": "test", "epoch": 114, "loss": 2.5595717430114746, "acc": 0.9826839566230774, "acc_or": 0.9956709742546082, "sender_entropy": 1.3444732427597046, "receiver_entropy": 0.0, "original_loss": 0.03172728791832924, "mean_length": 6.0}
{"mode": "train", "epoch": 115, "loss": 3.035322666168213, "acc": 0.7265287041664124, "acc_or": 0.9227111140886942, "sender_entropy": 1.262475808461507, "receiver_entropy": 0.0, "original_loss": 0.208049938082695, "mean_length": 5.99999984105428}
{"mode": "test", "epoch": 115, "loss": 2.4935131072998047, "acc": 0.9740259647369385, "acc_or": 0.9935064911842346, "sender_entropy": 1.3341915607452393, "receiver_entropy": 0.0, "original_loss": 0.03839065879583359, "mean_length": 6.0}
{"mode": "train", "epoch": 116, "loss": 3.003045638402303, "acc": 0.7293475667635599, "acc_or": 0.9238345821698507, "sender_entropy": 1.258493979771932, "receiver_entropy": 0.0, "original_loss": 0.20625677208105722, "mean_length": 5.99999984105428}
{"mode": "test", "epoch": 116, "loss": 2.5590217113494873, "acc": 0.9870129823684692, "acc_or": 0.9967532753944397, "sender_entropy": 1.353054165840149, "receiver_entropy": 0.0, "original_loss": 0.028780218213796616, "mean_length": 6.0}
{"mode": "train", "epoch": 117, "loss": 2.924802541732788, "acc": 0.7205621202786764, "acc_or": 0.920785129070282, "sender_entropy": 1.2702360947926838, "receiver_entropy": 0.0, "original_loss": 0.21373249093691507, "mean_length": 5.99999984105428}
{"mode": "test", "epoch": 117, "loss": 2.486762762069702, "acc": 0.9956709742546082, "acc_or": 0.9989177584648132, "sender_entropy": 1.3400473594665527, "receiver_entropy": 0.0, "original_loss": 0.03155936300754547, "mean_length": 6.0}
{"mode": "train", "epoch": 118, "loss": 2.9760608673095703, "acc": 0.7402174671490988, "acc_or": 0.9271403352419535, "sender_entropy": 1.2579019864400227, "receiver_entropy": 0.0, "original_loss": 0.20146637161572775, "mean_length": 5.99999984105428}
{"mode": "test", "epoch": 118, "loss": 2.4940223693847656, "acc": 0.9956709742546082, "acc_or": 0.9989177584648132, "sender_entropy": 1.3451038599014282, "receiver_entropy": 0.0, "original_loss": 0.02880973368883133, "mean_length": 6.0}
{"mode": "train", "epoch": 119, "loss": 2.896895170211792, "acc": 0.729764481385549, "acc_or": 0.9235247174898783, "sender_entropy": 1.2648517688115437, "receiver_entropy": 0.0, "original_loss": 0.20961493253707886, "mean_length": 5.99999984105428}
{"mode": "test", "epoch": 119, "loss": 2.477299928665161, "acc": 0.9870129823684692, "acc_or": 0.9967532753944397, "sender_entropy": 1.3483127355575562, "receiver_entropy": 0.0, "original_loss": 0.031513478606939316, "mean_length": 6.0}
{"mode": "train", "epoch": 120, "loss": 2.902207295099894, "acc": 0.7360461354255676, "acc_or": 0.925525943438212, "sender_entropy": 1.254491925239563, "receiver_entropy": 0.0, "original_loss": 0.20042466123898825, "mean_length": 5.99999984105428}
{"mode": "test", "epoch": 120, "loss": 2.41294264793396, "acc": 0.9826839566230774, "acc_or": 0.9956709742546082, "sender_entropy": 1.321495532989502, "receiver_entropy": 0.0, "original_loss": 0.03103610686957836, "mean_length": 6.0}
{"mode": "train", "epoch": 121, "loss": 2.8812933762868247, "acc": 0.7360691428184509, "acc_or": 0.9260553320248922, "sender_entropy": 1.255163590113322, "receiver_entropy": 0.0, "original_loss": 0.20208755632241568, "mean_length": 5.99999984105428}
{"mode": "test", "epoch": 121, "loss": 2.4840164184570312, "acc": 0.9956709742546082, "acc_or": 0.9989177584648132, "sender_entropy": 1.3409018516540527, "receiver_entropy": 0.0, "original_loss": 0.02551594004034996, "mean_length": 6.0}
{"mode": "train", "epoch": 122, "loss": 2.860011339187622, "acc": 0.7260729670524597, "acc_or": 0.9225899775822958, "sender_entropy": 1.267378807067871, "receiver_entropy": 0.0, "original_loss": 0.20434064169724783, "mean_length": 5.99999984105428}
{"mode": "test", "epoch": 122, "loss": 2.4565722942352295, "acc": 0.9956709742546082, "acc_or": 0.9989177584648132, "sender_entropy": 1.3449381589889526, "receiver_entropy": 0.0, "original_loss": 0.028345581144094467, "mean_length": 6.0}
{"mode": "train", "epoch": 123, "loss": 2.833451827367147, "acc": 0.744955321153005, "acc_or": 0.9288193782170614, "sender_entropy": 1.2593459288279216, "receiver_entropy": 0.0, "original_loss": 0.19777643183867136, "mean_length": 5.99999984105428}
{"mode": "test", "epoch": 123, "loss": 2.4348387718200684, "acc": 0.9913420081138611, "acc_or": 0.9978355169296265, "sender_entropy": 1.3416813611984253, "receiver_entropy": 0.0, "original_loss": 0.030015185475349426, "mean_length": 6.0}
{"mode": "train", "epoch": 124, "loss": 2.830906788508097, "acc": 0.7421259681383768, "acc_or": 0.92794136206309, "sender_entropy": 1.2581486701965332, "receiver_entropy": 0.0, "original_loss": 0.1965846965710322, "mean_length": 5.99999984105428}
{"mode": "test", "epoch": 124, "loss": 2.4145700931549072, "acc": 0.9913420081138611, "acc_or": 0.9978355169296265, "sender_entropy": 1.3393045663833618, "receiver_entropy": 0.0, "original_loss": 0.030032100155949593, "mean_length": 6.0}
{"mode": "train", "epoch": 125, "loss": 2.788180192311605, "acc": 0.7430597543716431, "acc_or": 0.9276437362035116, "sender_entropy": 1.256984790166219, "receiver_entropy": 0.0, "original_loss": 0.19553855061531067, "mean_length": 5.99999984105428}
{"mode": "test", "epoch": 125, "loss": 2.4292023181915283, "acc": 0.9826839566230774, "acc_or": 0.9956709742546082, "sender_entropy": 1.3462178707122803, "receiver_entropy": 0.0, "original_loss": 0.029241809621453285, "mean_length": 6.0}
{"mode": "train", "epoch": 126, "loss": 2.7330509026845298, "acc": 0.7426961064338684, "acc_or": 0.9275444547335306, "sender_entropy": 1.2603033383687336, "receiver_entropy": 0.0, "original_loss": 0.19916768868764242, "mean_length": 5.99999984105428}
{"mode": "test", "epoch": 126, "loss": 2.3879780769348145, "acc": 0.9870129823684692, "acc_or": 0.9967532753944397, "sender_entropy": 1.3386565446853638, "receiver_entropy": 0.0, "original_loss": 0.028155144304037094, "mean_length": 6.0}
{"mode": "train", "epoch": 127, "loss": 2.7531967163085938, "acc": 0.7466116944948832, "acc_or": 0.9293911258379618, "sender_entropy": 1.2555933396021526, "receiver_entropy": 0.0, "original_loss": 0.19336393972237906, "mean_length": 5.99999984105428}
{"mode": "test", "epoch": 127, "loss": 2.3479321002960205, "acc": 0.9870129823684692, "acc_or": 0.9967532753944397, "sender_entropy": 1.3306427001953125, "receiver_entropy": 0.0, "original_loss": 0.028536474332213402, "mean_length": 6.0}
{"mode": "train", "epoch": 128, "loss": 2.7475330034891763, "acc": 0.7504334251085917, "acc_or": 0.9305004874865214, "sender_entropy": 1.2498866717020671, "receiver_entropy": 0.0, "original_loss": 0.18852082888285318, "mean_length": 5.99999984105428}
{"mode": "test", "epoch": 128, "loss": 2.36620831489563, "acc": 1.0, "acc_or": 1.0, "sender_entropy": 1.3354681730270386, "receiver_entropy": 0.0, "original_loss": 0.024969952180981636, "mean_length": 6.0}
{"epoch": 128, "positional_disent": 0.07183199375867844, "bag_of_symbol_disent": 0.08935662358999252, "topographic_sim": 0.4529548387316113}
{"generalization hold out": {"acc": 0.9765625, "acc_or": 0.9921875}, "uniform holdout": {"acc": 0.8799999952316284, "acc_or": 0.9699999690055847}, "epoch": 128}
---End--
