nohup: ignoring input
{"mode": "train", "epoch": 1, "loss": -6.648422360420227, "acc": 0.004012358918165167, "acc_or": 0.24091733992099762, "sender_entropy": 2.3001482486724854, "receiver_entropy": 0.0, "original_loss": 1.5819608370463054, "mean_length": 5.99999984105428}
{"mode": "test", "epoch": 1, "loss": 1.3468000888824463, "acc": 0.0043290043249726295, "acc_or": 0.26082250475883484, "sender_entropy": 2.298104763031006, "receiver_entropy": 0.0, "original_loss": 1.5055285692214966, "mean_length": 6.0}
{"mode": "train", "epoch": 2, "loss": 1.4293168783187866, "acc": 0.004771308197329442, "acc_or": 0.2601960003376007, "sender_entropy": 2.297043800354004, "receiver_entropy": 0.0, "original_loss": 1.4876340230305989, "mean_length": 5.99999984105428}
{"mode": "test", "epoch": 2, "loss": 1.9675763845443726, "acc": 0.008658008649945259, "acc_or": 0.26948052644729614, "sender_entropy": 2.2958006858825684, "receiver_entropy": 0.0, "original_loss": 1.4009032249450684, "mean_length": 6.0}
{"mode": "train", "epoch": 3, "loss": 1.85719100634257, "acc": 0.004353706181670229, "acc_or": 0.2576451500256856, "sender_entropy": 2.2950028578440347, "receiver_entropy": 0.0, "original_loss": 1.4022865692774455, "mean_length": 5.99999984105428}
{"mode": "test", "epoch": 3, "loss": 1.5879065990447998, "acc": 0.0043290043249726295, "acc_or": 0.26406925916671753, "sender_entropy": 2.295164108276367, "receiver_entropy": 0.0, "original_loss": 1.3847193717956543, "mean_length": 6.0}
{"mode": "train", "epoch": 4, "loss": 1.5126663446426392, "acc": 0.004836412301907937, "acc_or": 0.25509773194789886, "sender_entropy": 2.2956771850585938, "receiver_entropy": 0.0, "original_loss": 1.388728380203247, "mean_length": 5.99999984105428}
{"mode": "test", "epoch": 4, "loss": 1.3182486295700073, "acc": 0.008658008649945259, "acc_or": 0.29329004883766174, "sender_entropy": 2.297572612762451, "receiver_entropy": 0.0, "original_loss": 1.3818061351776123, "mean_length": 6.0}
{"mode": "train", "epoch": 5, "loss": 1.2326040665308635, "acc": 0.005269840514908235, "acc_or": 0.25832443435986835, "sender_entropy": 2.2977912425994873, "receiver_entropy": 0.0, "original_loss": 1.3872907161712646, "mean_length": 5.99999984105428}
{"mode": "test", "epoch": 5, "loss": 1.2285218238830566, "acc": 0.0043290043249726295, "acc_or": 0.338744580745697, "sender_entropy": 2.298722982406616, "receiver_entropy": 0.0, "original_loss": 1.3728489875793457, "mean_length": 6.0}
{"mode": "train", "epoch": 6, "loss": 1.056545356909434, "acc": 0.004934967805941899, "acc_or": 0.26027072469393414, "sender_entropy": 2.2988887627919516, "receiver_entropy": 0.0, "original_loss": 1.386265714963277, "mean_length": 5.99999984105428}
{"mode": "test", "epoch": 6, "loss": 1.0759899616241455, "acc": 0.017316017299890518, "acc_or": 0.3658008575439453, "sender_entropy": 2.299492835998535, "receiver_entropy": 0.0, "original_loss": 1.3744882345199585, "mean_length": 6.0}
{"mode": "train", "epoch": 7, "loss": 0.9384307861328125, "acc": 0.004391833518942197, "acc_or": 0.2670438885688782, "sender_entropy": 2.299622376759847, "receiver_entropy": 0.0, "original_loss": 1.3852197726567586, "mean_length": 5.99999984105428}
{"mode": "test", "epoch": 7, "loss": 0.9616890549659729, "acc": 0.0043290043249726295, "acc_or": 0.38311687111854553, "sender_entropy": 2.300001382827759, "receiver_entropy": 0.0, "original_loss": 1.3757214546203613, "mean_length": 6.0}
{"mode": "train", "epoch": 8, "loss": 0.842950721581777, "acc": 0.004874539406349261, "acc_or": 0.266414076089859, "sender_entropy": 2.3001044591267905, "receiver_entropy": 0.0, "original_loss": 1.3851303656895955, "mean_length": 5.99999984105428}
{"mode": "test", "epoch": 8, "loss": 1.0321941375732422, "acc": 0.021645020693540573, "acc_or": 0.3928571343421936, "sender_entropy": 2.3002476692199707, "receiver_entropy": 0.0, "original_loss": 1.3634967803955078, "mean_length": 6.0}
{"mode": "train", "epoch": 9, "loss": 0.7767849365870158, "acc": 0.0055144308134913445, "acc_or": 0.26778800288836163, "sender_entropy": 2.300415515899658, "receiver_entropy": 0.0, "original_loss": 1.3845209280649822, "mean_length": 5.99999984105428}
{"mode": "test", "epoch": 9, "loss": 1.080650806427002, "acc": 0.017316017299890518, "acc_or": 0.40909090638160706, "sender_entropy": 2.3003876209259033, "receiver_entropy": 0.0, "original_loss": 1.3544503450393677, "mean_length": 6.0}
{"mode": "train", "epoch": 10, "loss": 0.7196711699167887, "acc": 0.006055766561379035, "acc_or": 0.26994624733924866, "sender_entropy": 2.300569931666056, "receiver_entropy": 0.0, "original_loss": 1.3844068050384521, "mean_length": 5.99999984105428}
{"mode": "test", "epoch": 10, "loss": 1.1620216369628906, "acc": 0.025974025949835777, "acc_or": 0.43939393758773804, "sender_entropy": 2.30045747756958, "receiver_entropy": 0.0, "original_loss": 1.3439240455627441, "mean_length": 6.0}
{"mode": "train", "epoch": 11, "loss": 0.676585853099823, "acc": 0.006062241115917762, "acc_or": 0.271994690100352, "sender_entropy": 2.3005900382995605, "receiver_entropy": 0.0, "original_loss": 1.384038011233012, "mean_length": 5.99999984105428}
{"mode": "test", "epoch": 11, "loss": 1.2001230716705322, "acc": 0.03896103799343109, "acc_or": 0.46645021438598633, "sender_entropy": 2.300325870513916, "receiver_entropy": 0.0, "original_loss": 1.3376095294952393, "mean_length": 6.0}
{"mode": "train", "epoch": 12, "loss": 0.644093930721283, "acc": 0.005368396018942197, "acc_or": 0.27137017250061035, "sender_entropy": 2.3003458976745605, "receiver_entropy": 0.0, "original_loss": 1.3834343751271565, "mean_length": 5.99999984105428}
{"mode": "test", "epoch": 12, "loss": 1.2550303936004639, "acc": 0.025974025949835777, "acc_or": 0.45995670557022095, "sender_entropy": 2.299872398376465, "receiver_entropy": 0.0, "original_loss": 1.3302676677703857, "mean_length": 6.0}
{"mode": "train", "epoch": 13, "loss": 0.6188616553942362, "acc": 0.005536731798201799, "acc_or": 0.2768862247467041, "sender_entropy": 2.2997973759969077, "receiver_entropy": 0.0, "original_loss": 1.3827032248179119, "mean_length": 5.99999984105428}
{"mode": "test", "epoch": 13, "loss": 1.1987687349319458, "acc": 0.03030303120613098, "acc_or": 0.4588744640350342, "sender_entropy": 2.2990260124206543, "receiver_entropy": 0.0, "original_loss": 1.3322887420654297, "mean_length": 6.0}
{"mode": "train", "epoch": 14, "loss": 0.5979513923327128, "acc": 0.006659328937530518, "acc_or": 0.27953768769900006, "sender_entropy": 2.2987941900889077, "receiver_entropy": 0.0, "original_loss": 1.3819526433944702, "mean_length": 5.99999984105428}
{"mode": "test", "epoch": 14, "loss": 0.9349327087402344, "acc": 0.017316017299890518, "acc_or": 0.42748919129371643, "sender_entropy": 2.2974541187286377, "receiver_entropy": 0.0, "original_loss": 1.3523210287094116, "mean_length": 6.0}
{"mode": "train", "epoch": 15, "loss": 0.6017700632413229, "acc": 0.005970160011202097, "acc_or": 0.28812504808108014, "sender_entropy": 2.296935717264811, "receiver_entropy": 0.0, "original_loss": 1.3793721596399944, "mean_length": 5.99999984105428}
{"mode": "test", "epoch": 15, "loss": 0.39625120162963867, "acc": 0.025974025949835777, "acc_or": 0.38311687111854553, "sender_entropy": 2.294471025466919, "receiver_entropy": 0.0, "original_loss": 1.3971314430236816, "mean_length": 6.0}
{"mode": "train", "epoch": 16, "loss": 0.6065860390663147, "acc": 0.006717958642790715, "acc_or": 0.2953500946362813, "sender_entropy": 2.293179750442505, "receiver_entropy": 0.0, "original_loss": 1.376686930656433, "mean_length": 5.99999984105428}
{"mode": "test", "epoch": 16, "loss": -0.0803748369216919, "acc": 0.021645020693540573, "acc_or": 0.3365800976753235, "sender_entropy": 2.288604974746704, "receiver_entropy": 0.0, "original_loss": 1.440804123878479, "mean_length": 6.0}
{"mode": "train", "epoch": 17, "loss": 0.6656630237897238, "acc": 0.0083009609952569, "acc_or": 0.3119988640149434, "sender_entropy": 2.285794973373413, "receiver_entropy": 0.0, "original_loss": 1.3693247238794963, "mean_length": 5.99999984105428}
{"mode": "test", "epoch": 17, "loss": 0.2047863006591797, "acc": 0.008658008649945259, "acc_or": 0.32900431752204895, "sender_entropy": 2.2771661281585693, "receiver_entropy": 0.0, "original_loss": 1.4152394533157349, "mean_length": 6.0}
{"mode": "train", "epoch": 18, "loss": 0.8024706443150839, "acc": 0.010166680750747522, "acc_or": 0.32811520497004193, "sender_entropy": 2.2705318133036294, "receiver_entropy": 0.0, "original_loss": 1.3544811010360718, "mean_length": 5.99999984105428}
{"mode": "test", "epoch": 18, "loss": 1.1904003620147705, "acc": 0.012987012974917889, "acc_or": 0.4491342008113861, "sender_entropy": 2.256824254989624, "receiver_entropy": 0.0, "original_loss": 1.3100258111953735, "mean_length": 6.0}
{"mode": "train", "epoch": 19, "loss": 0.9931825995445251, "acc": 0.010090426541864872, "acc_or": 0.34828372796376544, "sender_entropy": 2.2469166119893393, "receiver_entropy": 0.0, "original_loss": 1.3322854439417522, "mean_length": 5.99999984105428}
{"mode": "test", "epoch": 19, "loss": 1.4079804420471191, "acc": 0.017316017299890518, "acc_or": 0.43073591589927673, "sender_entropy": 2.229692220687866, "receiver_entropy": 0.0, "original_loss": 1.2677403688430786, "mean_length": 6.0}
{"mode": "train", "epoch": 20, "loss": 1.1054052511850994, "acc": 0.011224174251159033, "acc_or": 0.361856867869695, "sender_entropy": 2.221198558807373, "receiver_entropy": 0.0, "original_loss": 1.315646767616272, "mean_length": 5.99999984105428}
{"mode": "test", "epoch": 20, "loss": 2.003746509552002, "acc": 0.017316017299890518, "acc_or": 0.4437229335308075, "sender_entropy": 2.231353282928467, "receiver_entropy": 0.0, "original_loss": 1.2116323709487915, "mean_length": 6.0}
{"mode": "train", "epoch": 21, "loss": 1.155595064163208, "acc": 0.010871676417688528, "acc_or": 0.3673236469427745, "sender_entropy": 2.217028856277466, "receiver_entropy": 0.0, "original_loss": 1.3077888091405232, "mean_length": 5.99999984105428}
{"mode": "test", "epoch": 21, "loss": 2.2794899940490723, "acc": 0.017316017299890518, "acc_or": 0.45346319675445557, "sender_entropy": 2.2047080993652344, "receiver_entropy": 0.0, "original_loss": 1.1730074882507324, "mean_length": 6.0}
{"mode": "train", "epoch": 22, "loss": 1.3332003355026245, "acc": 0.012823003033796946, "acc_or": 0.3836336632569631, "sender_entropy": 2.1881462732950845, "receiver_entropy": 0.0, "original_loss": 1.287911057472229, "mean_length": 5.99999984105428}
{"mode": "test", "epoch": 22, "loss": 2.4210987091064453, "acc": 0.017316017299890518, "acc_or": 0.4707792103290558, "sender_entropy": 2.205284833908081, "receiver_entropy": 0.0, "original_loss": 1.1491987705230713, "mean_length": 6.0}
{"mode": "train", "epoch": 23, "loss": 1.309711178143819, "acc": 0.016162019222974777, "acc_or": 0.3872971336046855, "sender_entropy": 2.199966033299764, "receiver_entropy": 0.0, "original_loss": 1.28574534257253, "mean_length": 5.99999984105428}
{"mode": "test", "epoch": 23, "loss": 2.562333583831787, "acc": 0.017316017299890518, "acc_or": 0.4761904776096344, "sender_entropy": 2.1953465938568115, "receiver_entropy": 0.0, "original_loss": 1.1214858293533325, "mean_length": 6.0}
{"mode": "train", "epoch": 24, "loss": 1.6187013387680054, "acc": 0.019264717896779377, "acc_or": 0.4057443638642629, "sender_entropy": 2.162428617477417, "receiver_entropy": 0.0, "original_loss": 1.2513480186462402, "mean_length": 5.99999984105428}
{"mode": "test", "epoch": 24, "loss": 2.7115988731384277, "acc": 0.043290041387081146, "acc_or": 0.5064935088157654, "sender_entropy": 2.146472692489624, "receiver_entropy": 0.0, "original_loss": 1.0811307430267334, "mean_length": 6.0}
{"mode": "train", "epoch": 25, "loss": 1.9986884991327922, "acc": 0.02494280847410361, "acc_or": 0.4352421263853709, "sender_entropy": 2.123947858810425, "receiver_entropy": 0.0, "original_loss": 1.2081616322199504, "mean_length": 5.99999984105428}
{"mode": "test", "epoch": 25, "loss": 3.1083619594573975, "acc": 0.0476190485060215, "acc_or": 0.5248917937278748, "sender_entropy": 2.1430857181549072, "receiver_entropy": 0.0, "original_loss": 1.029784917831421, "mean_length": 6.0}
{"mode": "train", "epoch": 26, "loss": 2.235470771789551, "acc": 0.03423435986042023, "acc_or": 0.45430155595143634, "sender_entropy": 2.0928558508555093, "receiver_entropy": 0.0, "original_loss": 1.1749797264734905, "mean_length": 5.99999984105428}
{"mode": "test", "epoch": 26, "loss": 2.961636543273926, "acc": 0.05627705529332161, "acc_or": 0.540043294429779, "sender_entropy": 2.0776278972625732, "receiver_entropy": 0.0, "original_loss": 1.0059634447097778, "mean_length": 6.0}
{"mode": "train", "epoch": 27, "loss": 2.5937205950419107, "acc": 0.03867259373267492, "acc_or": 0.4793854554494222, "sender_entropy": 2.017820437749227, "receiver_entropy": 0.0, "original_loss": 1.1261953910191853, "mean_length": 5.99999984105428}
{"mode": "test", "epoch": 27, "loss": 3.1401546001434326, "acc": 0.0476190485060215, "acc_or": 0.5670995712280273, "sender_entropy": 2.067455291748047, "receiver_entropy": 0.0, "original_loss": 0.9774481654167175, "mean_length": 6.0}
{"mode": "train", "epoch": 28, "loss": 2.648545424143473, "acc": 0.0417875237762928, "acc_or": 0.49194398522377014, "sender_entropy": 2.0259695847829184, "receiver_entropy": 0.0, "original_loss": 1.1109846433003743, "mean_length": 5.99999984105428}
{"mode": "test", "epoch": 28, "loss": 3.3296384811401367, "acc": 0.05627705529332161, "acc_or": 0.5844155550003052, "sender_entropy": 2.08363676071167, "receiver_entropy": 0.0, "original_loss": 0.9557761549949646, "mean_length": 6.0}
{"mode": "train", "epoch": 29, "loss": 2.6447455088297525, "acc": 0.04590491205453873, "acc_or": 0.4956586956977844, "sender_entropy": 2.024932384490967, "receiver_entropy": 0.0, "original_loss": 1.1031303405761719, "mean_length": 5.99999984105428}
{"mode": "test", "epoch": 29, "loss": 3.400653839111328, "acc": 0.09090909361839294, "acc_or": 0.5930736064910889, "sender_entropy": 2.0647075176239014, "receiver_entropy": 0.0, "original_loss": 0.9285793304443359, "mean_length": 6.0}
{"mode": "train", "epoch": 30, "loss": 2.7882258097330728, "acc": 0.05082225427031517, "acc_or": 0.5124116142590841, "sender_entropy": 1.9874951442082722, "receiver_entropy": 0.0, "original_loss": 1.076248009999593, "mean_length": 5.99999984105428}
{"mode": "test", "epoch": 30, "loss": 3.3858773708343506, "acc": 0.08225107938051224, "acc_or": 0.6082251071929932, "sender_entropy": 2.0287582874298096, "receiver_entropy": 0.0, "original_loss": 0.9041182398796082, "mean_length": 6.0}
{"mode": "train", "epoch": 31, "loss": 3.029367764790853, "acc": 0.06427687654892604, "acc_or": 0.5305819710095724, "sender_entropy": 1.9510035117467244, "receiver_entropy": 0.0, "original_loss": 1.0409706433614094, "mean_length": 5.99999984105428}
{"mode": "test", "epoch": 31, "loss": 3.556171178817749, "acc": 0.10389610379934311, "acc_or": 0.637445867061615, "sender_entropy": 2.020055055618286, "receiver_entropy": 0.0, "original_loss": 0.8722438812255859, "mean_length": 6.0}
{"mode": "train", "epoch": 32, "loss": 2.948120673497518, "acc": 0.06375964110096295, "acc_or": 0.5366323391596476, "sender_entropy": 1.948533018430074, "receiver_entropy": 0.0, "original_loss": 1.0365620851516724, "mean_length": 5.99999984105428}
{"mode": "test", "epoch": 32, "loss": 3.5528435707092285, "acc": 0.12987013161182404, "acc_or": 0.649350643157959, "sender_entropy": 2.013413429260254, "receiver_entropy": 0.0, "original_loss": 0.8568670153617859, "mean_length": 6.0}
{"mode": "train", "epoch": 33, "loss": 2.9863011837005615, "acc": 0.07054630170265834, "acc_or": 0.5479813019434611, "sender_entropy": 1.9400770266850789, "receiver_entropy": 0.0, "original_loss": 1.0214995543162029, "mean_length": 5.99999984105428}
{"mode": "test", "epoch": 33, "loss": 3.6759591102600098, "acc": 0.14718614518642426, "acc_or": 0.6569263935089111, "sender_entropy": 2.002392292022705, "receiver_entropy": 0.0, "original_loss": 0.8251123428344727, "mean_length": 6.0}
{"mode": "train", "epoch": 34, "loss": 3.2088584105173745, "acc": 0.08165429284175237, "acc_or": 0.5614716410636902, "sender_entropy": 1.911591609319051, "receiver_entropy": 0.0, "original_loss": 0.9852361480394999, "mean_length": 5.99999984105428}
{"mode": "test", "epoch": 34, "loss": 3.6316795349121094, "acc": 0.1428571492433548, "acc_or": 0.6590909361839294, "sender_entropy": 1.966973066329956, "receiver_entropy": 0.0, "original_loss": 0.8010881543159485, "mean_length": 6.0}
{"mode": "train", "epoch": 35, "loss": 3.325441916783651, "acc": 0.0887359008193016, "acc_or": 0.5779274503389994, "sender_entropy": 1.8737129370371501, "receiver_entropy": 0.0, "original_loss": 0.957275927066803, "mean_length": 5.99999984105428}
{"mode": "test", "epoch": 35, "loss": 3.7460596561431885, "acc": 0.16883116960525513, "acc_or": 0.6850649118423462, "sender_entropy": 1.955004334449768, "receiver_entropy": 0.0, "original_loss": 0.769650399684906, "mean_length": 6.0}
{"mode": "train", "epoch": 36, "loss": 3.371688445409139, "acc": 0.09113827844460805, "acc_or": 0.5822987755139669, "sender_entropy": 1.8712562719980876, "receiver_entropy": 0.0, "original_loss": 0.9402506152788798, "mean_length": 5.99999984105428}
{"mode": "test", "epoch": 36, "loss": 3.7429909706115723, "acc": 0.16017316281795502, "acc_or": 0.689393937587738, "sender_entropy": 1.9466568231582642, "receiver_entropy": 0.0, "original_loss": 0.7541986107826233, "mean_length": 6.0}
{"mode": "train", "epoch": 37, "loss": 3.3603299458821616, "acc": 0.09393955767154694, "acc_or": 0.5869231422742208, "sender_entropy": 1.8558598756790161, "receiver_entropy": 0.0, "original_loss": 0.9291279911994934, "mean_length": 5.99999984105428}
{"mode": "test", "epoch": 37, "loss": 3.761124610900879, "acc": 0.18614718317985535, "acc_or": 0.6915584206581116, "sender_entropy": 1.9434391260147095, "receiver_entropy": 0.0, "original_loss": 0.7377489805221558, "mean_length": 6.0}
{"mode": "train", "epoch": 38, "loss": 3.4652041594187417, "acc": 0.09608619411786397, "acc_or": 0.5929679473241171, "sender_entropy": 1.8386380275090535, "receiver_entropy": 0.0, "original_loss": 0.9062193234761556, "mean_length": 5.99999984105428}
{"mode": "test", "epoch": 38, "loss": 3.796147346496582, "acc": 0.18614718317985535, "acc_or": 0.6883116960525513, "sender_entropy": 1.9295507669448853, "receiver_entropy": 0.0, "original_loss": 0.7196771502494812, "mean_length": 6.0}
{"mode": "train", "epoch": 39, "loss": 3.5027102629343667, "acc": 0.10379474610090256, "acc_or": 0.5994329452514648, "sender_entropy": 1.8207818269729614, "receiver_entropy": 0.0, "original_loss": 0.8894836703936259, "mean_length": 5.99999984105428}
{"mode": "test", "epoch": 39, "loss": 3.8061416149139404, "acc": 0.1991342008113861, "acc_or": 0.6958874464035034, "sender_entropy": 1.9213355779647827, "receiver_entropy": 0.0, "original_loss": 0.7087600231170654, "mean_length": 6.0}
{"mode": "train", "epoch": 40, "loss": 3.474695920944214, "acc": 0.11326002826293309, "acc_or": 0.6049002408981323, "sender_entropy": 1.8234833081563313, "receiver_entropy": 0.0, "original_loss": 0.8805568615595499, "mean_length": 5.99999984105428}
{"mode": "test", "epoch": 40, "loss": 3.97910737991333, "acc": 0.2380952388048172, "acc_or": 0.7294372320175171, "sender_entropy": 1.9117602109909058, "receiver_entropy": 0.0, "original_loss": 0.6708201766014099, "mean_length": 6.0}
{"mode": "train", "epoch": 41, "loss": 3.478951930999756, "acc": 0.11893092592557271, "acc_or": 0.6126498182614645, "sender_entropy": 1.8096605936686199, "receiver_entropy": 0.0, "original_loss": 0.8667117754618326, "mean_length": 5.99999984105428}
{"mode": "test", "epoch": 41, "loss": 3.9418411254882812, "acc": 0.24242424964904785, "acc_or": 0.7251082062721252, "sender_entropy": 1.8914803266525269, "receiver_entropy": 0.0, "original_loss": 0.6532854437828064, "mean_length": 6.0}
{"mode": "train", "epoch": 42, "loss": 3.5717947483062744, "acc": 0.13212405145168304, "acc_or": 0.627733846505483, "sender_entropy": 1.7755536238352458, "receiver_entropy": 0.0, "original_loss": 0.8393949270248413, "mean_length": 5.99999984105428}
{"mode": "test", "epoch": 42, "loss": 3.9177322387695312, "acc": 0.25974026322364807, "acc_or": 0.7489177584648132, "sender_entropy": 1.8566545248031616, "receiver_entropy": 0.0, "original_loss": 0.6308771371841431, "mean_length": 6.0}
{"mode": "train", "epoch": 43, "loss": 3.750760634740194, "acc": 0.1517635633548101, "acc_or": 0.644779364267985, "sender_entropy": 1.7332884073257446, "receiver_entropy": 0.0, "original_loss": 0.8045640985171, "mean_length": 5.99999984105428}
{"mode": "test", "epoch": 43, "loss": 3.797244071960449, "acc": 0.2857142984867096, "acc_or": 0.7532467246055603, "sender_entropy": 1.8198611736297607, "receiver_entropy": 0.0, "original_loss": 0.6208986639976501, "mean_length": 6.0}
{"mode": "train", "epoch": 44, "loss": 3.8626378377278647, "acc": 0.16256725788116455, "acc_or": 0.6544336477915446, "sender_entropy": 1.7086378733317058, "receiver_entropy": 0.0, "original_loss": 0.7787585457166036, "mean_length": 5.99999984105428}
{"mode": "test", "epoch": 44, "loss": 4.009303569793701, "acc": 0.3419913351535797, "acc_or": 0.7759740352630615, "sender_entropy": 1.8369526863098145, "receiver_entropy": 0.0, "original_loss": 0.5879914164543152, "mean_length": 6.0}
{"mode": "train", "epoch": 45, "loss": 3.768227736155192, "acc": 0.16270394126574197, "acc_or": 0.6540851990381876, "sender_entropy": 1.7297077178955078, "receiver_entropy": 0.0, "original_loss": 0.7805049618085226, "mean_length": 5.99999984105428}
{"mode": "test", "epoch": 45, "loss": 4.304098129272461, "acc": 0.33766233921051025, "acc_or": 0.7889610528945923, "sender_entropy": 1.8633344173431396, "receiver_entropy": 0.0, "original_loss": 0.5450074076652527, "mean_length": 6.0}
{"mode": "train", "epoch": 46, "loss": 3.704053004582723, "acc": 0.16985820730527243, "acc_or": 0.6541284322738647, "sender_entropy": 1.7421911160151164, "receiver_entropy": 0.0, "original_loss": 0.7769704858462015, "mean_length": 5.99999984105428}
{"mode": "test", "epoch": 46, "loss": 4.303852081298828, "acc": 0.36796537041664124, "acc_or": 0.7932900190353394, "sender_entropy": 1.8664462566375732, "receiver_entropy": 0.0, "original_loss": 0.5350809097290039, "mean_length": 6.0}
{"mode": "train", "epoch": 47, "loss": 3.7411433855692544, "acc": 0.18209527432918549, "acc_or": 0.6632378101348877, "sender_entropy": 1.7200811703999836, "receiver_entropy": 0.0, "original_loss": 0.75862189133962, "mean_length": 5.99999984105428}
{"mode": "test", "epoch": 47, "loss": 4.294564247131348, "acc": 0.4199134111404419, "acc_or": 0.8127705454826355, "sender_entropy": 1.8218971490859985, "receiver_entropy": 0.0, "original_loss": 0.5032270550727844, "mean_length": 6.0}
{"mode": "train", "epoch": 48, "loss": 3.928316593170166, "acc": 0.20141933858394623, "acc_or": 0.6802475452423096, "sender_entropy": 1.6868083874384563, "receiver_entropy": 0.0, "original_loss": 0.7233180205027262, "mean_length": 5.99999984105428}
{"mode": "test", "epoch": 48, "loss": 4.12326717376709, "acc": 0.3982684016227722, "acc_or": 0.8041125535964966, "sender_entropy": 1.8022645711898804, "receiver_entropy": 0.0, "original_loss": 0.5080920457839966, "mean_length": 6.0}
{"mode": "train", "epoch": 49, "loss": 4.014246384302775, "acc": 0.22052975495656332, "acc_or": 0.6938304901123047, "sender_entropy": 1.6601886351903279, "receiver_entropy": 0.0, "original_loss": 0.6968704660733541, "mean_length": 5.99999984105428}
{"mode": "test", "epoch": 49, "loss": 4.27236795425415, "acc": 0.4372294247150421, "acc_or": 0.8311688303947449, "sender_entropy": 1.7981218099594116, "receiver_entropy": 0.0, "original_loss": 0.4682046175003052, "mean_length": 6.0}
{"mode": "train", "epoch": 50, "loss": 4.021325349807739, "acc": 0.22712865471839905, "acc_or": 0.7020355860392252, "sender_entropy": 1.6496328115463257, "receiver_entropy": 0.0, "original_loss": 0.6824794014294943, "mean_length": 5.99999984105428}
{"mode": "test", "epoch": 50, "loss": 4.278753757476807, "acc": 0.46320345997810364, "acc_or": 0.8344155550003052, "sender_entropy": 1.7974474430084229, "receiver_entropy": 0.0, "original_loss": 0.4553064703941345, "mean_length": 6.0}
{"mode": "train", "epoch": 51, "loss": 3.9754885037740073, "acc": 0.23662091294924417, "acc_or": 0.7026949127515157, "sender_entropy": 1.6463864247004192, "receiver_entropy": 0.0, "original_loss": 0.6764262318611145, "mean_length": 5.99999984105428}
{"mode": "test", "epoch": 51, "loss": 4.21769905090332, "acc": 0.4588744640350342, "acc_or": 0.8322510719299316, "sender_entropy": 1.7900878190994263, "receiver_entropy": 0.0, "original_loss": 0.4454728364944458, "mean_length": 6.0}
{"mode": "train", "epoch": 52, "loss": 4.073307196299235, "acc": 0.25344620645046234, "acc_or": 0.7164143323898315, "sender_entropy": 1.630989710489909, "receiver_entropy": 0.0, "original_loss": 0.650480051835378, "mean_length": 5.99999984105428}
{"mode": "test", "epoch": 52, "loss": 4.163234233856201, "acc": 0.5281385183334351, "acc_or": 0.8571428656578064, "sender_entropy": 1.760443091392517, "receiver_entropy": 0.0, "original_loss": 0.42456570267677307, "mean_length": 6.0}
{"mode": "train", "epoch": 53, "loss": 4.152685165405273, "acc": 0.2688629428545634, "acc_or": 0.7282916307449341, "sender_entropy": 1.6047008832295735, "receiver_entropy": 0.0, "original_loss": 0.6233252088228861, "mean_length": 5.99999984105428}
{"mode": "test", "epoch": 53, "loss": 4.093807220458984, "acc": 0.5411255359649658, "acc_or": 0.8603895902633667, "sender_entropy": 1.7288066148757935, "receiver_entropy": 0.0, "original_loss": 0.40510326623916626, "mean_length": 6.0}
{"mode": "train", "epoch": 54, "loss": 4.2175882657368975, "acc": 0.2967570225397746, "acc_or": 0.7425902485847473, "sender_entropy": 1.5810908873875935, "receiver_entropy": 0.0, "original_loss": 0.59917813539505, "mean_length": 5.99999984105428}
{"mode": "test", "epoch": 54, "loss": 4.12244176864624, "acc": 0.5411255359649658, "acc_or": 0.8603895902633667, "sender_entropy": 1.721493124961853, "receiver_entropy": 0.0, "original_loss": 0.38244953751564026, "mean_length": 6.0}
{"mode": "train", "epoch": 55, "loss": 4.218613942464192, "acc": 0.3127244512240092, "acc_or": 0.7512492140134176, "sender_entropy": 1.568076491355896, "receiver_entropy": 0.0, "original_loss": 0.5852921009063721, "mean_length": 5.99999984105428}
{"mode": "test", "epoch": 55, "loss": 4.1805243492126465, "acc": 0.588744580745697, "acc_or": 0.8787878751754761, "sender_entropy": 1.7198238372802734, "receiver_entropy": 0.0, "original_loss": 0.35930880904197693, "mean_length": 6.0}
{"mode": "train", "epoch": 56, "loss": 4.196244398752849, "acc": 0.3191949427127838, "acc_or": 0.7557518283526102, "sender_entropy": 1.565149148305257, "receiver_entropy": 0.0, "original_loss": 0.5744935274124146, "mean_length": 5.99999984105428}
{"mode": "test", "epoch": 56, "loss": 4.252313613891602, "acc": 0.6580086350440979, "acc_or": 0.9004328846931458, "sender_entropy": 1.7205181121826172, "receiver_entropy": 0.0, "original_loss": 0.3340389132499695, "mean_length": 6.0}
{"mode": "train", "epoch": 57, "loss": 4.150748570760091, "acc": 0.3234490056832631, "acc_or": 0.7588513096173605, "sender_entropy": 1.5682984590530396, "receiver_entropy": 0.0, "original_loss": 0.5690862337748209, "mean_length": 5.99999984105428}
{"mode": "test", "epoch": 57, "loss": 4.230545520782471, "acc": 0.6580086350440979, "acc_or": 0.9015151262283325, "sender_entropy": 1.7133482694625854, "receiver_entropy": 0.0, "original_loss": 0.32207897305488586, "mean_length": 6.0}
{"mode": "train", "epoch": 58, "loss": 4.221123854319255, "acc": 0.35366273919741315, "acc_or": 0.774513860543569, "sender_entropy": 1.5459197759628296, "receiver_entropy": 0.0, "original_loss": 0.5419425169626871, "mean_length": 5.99999984105428}
{"mode": "test", "epoch": 58, "loss": 4.051578998565674, "acc": 0.6580086350440979, "acc_or": 0.8982684016227722, "sender_entropy": 1.681631088256836, "receiver_entropy": 0.0, "original_loss": 0.319078654050827, "mean_length": 6.0}
{"mode": "train", "epoch": 59, "loss": 4.240590254465739, "acc": 0.36808817585309345, "acc_or": 0.7838324904441833, "sender_entropy": 1.5213545560836792, "receiver_entropy": 0.0, "original_loss": 0.5211628874142965, "mean_length": 5.99999984105428}
{"mode": "test", "epoch": 59, "loss": 4.104470252990723, "acc": 0.7142857313156128, "acc_or": 0.9220778942108154, "sender_entropy": 1.6578755378723145, "receiver_entropy": 0.0, "original_loss": 0.28610432147979736, "mean_length": 6.0}
{"mode": "train", "epoch": 60, "loss": 4.28835391998291, "acc": 0.3893247147401174, "acc_or": 0.7956622044245402, "sender_entropy": 1.4948712189992268, "receiver_entropy": 0.0, "original_loss": 0.4993734856446584, "mean_length": 5.99999984105428}
{"mode": "test", "epoch": 60, "loss": 4.064741611480713, "acc": 0.7142857313156128, "acc_or": 0.9177489280700684, "sender_entropy": 1.6378812789916992, "receiver_entropy": 0.0, "original_loss": 0.2666526436805725, "mean_length": 6.0}
{"mode": "train", "epoch": 61, "loss": 4.245238622029622, "acc": 0.3978152275085449, "acc_or": 0.7983416318893433, "sender_entropy": 1.4906329313913982, "receiver_entropy": 0.0, "original_loss": 0.4910049835840861, "mean_length": 5.99999984105428}
{"mode": "test", "epoch": 61, "loss": 4.054333209991455, "acc": 0.7402597665786743, "acc_or": 0.9307359457015991, "sender_entropy": 1.6434706449508667, "receiver_entropy": 0.0, "original_loss": 0.25813066959381104, "mean_length": 6.0}
{"mode": "train", "epoch": 62, "loss": 4.236317316691081, "acc": 0.4139520724614461, "acc_or": 0.8038325905799866, "sender_entropy": 1.4891181389490764, "receiver_entropy": 0.0, "original_loss": 0.47737903396288556, "mean_length": 5.99999984105428}
{"mode": "test", "epoch": 62, "loss": 4.094040393829346, "acc": 0.7878788113594055, "acc_or": 0.9437229633331299, "sender_entropy": 1.6336216926574707, "receiver_entropy": 0.0, "original_loss": 0.23691648244857788, "mean_length": 6.0}
{"mode": "train", "epoch": 63, "loss": 4.204121430714925, "acc": 0.4242079555988312, "acc_or": 0.810031791528066, "sender_entropy": 1.4655727942784627, "receiver_entropy": 0.0, "original_loss": 0.46567482749621075, "mean_length": 5.99999984105428}
{"mode": "test", "epoch": 63, "loss": 4.013396739959717, "acc": 0.7748917937278748, "acc_or": 0.9437229633331299, "sender_entropy": 1.6004605293273926, "receiver_entropy": 0.0, "original_loss": 0.22443607449531555, "mean_length": 6.0}
{"mode": "train", "epoch": 64, "loss": 4.295610268910726, "acc": 0.4554586708545685, "acc_or": 0.8230159282684326, "sender_entropy": 1.4426992336908977, "receiver_entropy": 0.0, "original_loss": 0.4343828360239665, "mean_length": 5.99999984105428}
{"mode": "test", "epoch": 64, "loss": 3.911691665649414, "acc": 0.8138527870178223, "acc_or": 0.9502164721488953, "sender_entropy": 1.5874030590057373, "receiver_entropy": 0.0, "original_loss": 0.22360427677631378, "mean_length": 6.0}
{"mode": "train", "epoch": 65, "loss": 4.266254742940267, "acc": 0.4579531451066335, "acc_or": 0.8258652289708456, "sender_entropy": 1.4288370211919148, "receiver_entropy": 0.0, "original_loss": 0.4262583355108897, "mean_length": 5.99999984105428}
{"mode": "test", "epoch": 65, "loss": 3.955296277999878, "acc": 0.8095238208770752, "acc_or": 0.951298713684082, "sender_entropy": 1.5809909105300903, "receiver_entropy": 0.0, "original_loss": 0.1963828057050705, "mean_length": 6.0}
{"mode": "train", "epoch": 66, "loss": 4.261173566182454, "acc": 0.47571757435798645, "acc_or": 0.8335846662521362, "sender_entropy": 1.4259023666381836, "receiver_entropy": 0.0, "original_loss": 0.415248175462087, "mean_length": 5.99999984105428}
{"mode": "test", "epoch": 66, "loss": 3.8434770107269287, "acc": 0.8051947951316833, "acc_or": 0.9491341710090637, "sender_entropy": 1.5758816003799438, "receiver_entropy": 0.0, "original_loss": 0.1989615261554718, "mean_length": 6.0}
{"mode": "train", "epoch": 67, "loss": 4.229154268900554, "acc": 0.4835861921310425, "acc_or": 0.8342749873797098, "sender_entropy": 1.4258307218551636, "receiver_entropy": 0.0, "original_loss": 0.40846237540245056, "mean_length": 5.99999984105428}
{"mode": "test", "epoch": 67, "loss": 3.7904205322265625, "acc": 0.8051947951316833, "acc_or": 0.9502164721488953, "sender_entropy": 1.5724717378616333, "receiver_entropy": 0.0, "original_loss": 0.19867567718029022, "mean_length": 6.0}
{"mode": "train", "epoch": 68, "loss": 4.140359242757161, "acc": 0.4886596401532491, "acc_or": 0.8374007145563761, "sender_entropy": 1.424799640973409, "receiver_entropy": 0.0, "original_loss": 0.4064587155977885, "mean_length": 5.99999984105428}
{"mode": "test", "epoch": 68, "loss": 3.806281566619873, "acc": 0.8398268222808838, "acc_or": 0.959956705570221, "sender_entropy": 1.5581220388412476, "receiver_entropy": 0.0, "original_loss": 0.1789615899324417, "mean_length": 6.0}
{"mode": "train", "epoch": 69, "loss": 4.146660963694255, "acc": 0.5093120435873667, "acc_or": 0.8454559048016866, "sender_entropy": 1.4032828013102214, "receiver_entropy": 0.0, "original_loss": 0.39144285519917804, "mean_length": 5.99999984105428}
{"mode": "test", "epoch": 69, "loss": 3.7975077629089355, "acc": 0.8831169009208679, "acc_or": 0.9707792401313782, "sender_entropy": 1.550179362297058, "receiver_entropy": 0.0, "original_loss": 0.15808048844337463, "mean_length": 6.0}
{"mode": "train", "epoch": 70, "loss": 4.072867711385091, "acc": 0.5161778330802917, "acc_or": 0.8467826644579569, "sender_entropy": 1.4021325906117756, "receiver_entropy": 0.0, "original_loss": 0.38821764787038165, "mean_length": 5.99999984105428}
{"mode": "test", "epoch": 70, "loss": 3.7797327041625977, "acc": 0.8614718317985535, "acc_or": 0.9642857313156128, "sender_entropy": 1.5555983781814575, "receiver_entropy": 0.0, "original_loss": 0.15786594152450562, "mean_length": 6.0}
{"mode": "train", "epoch": 71, "loss": 4.058661937713623, "acc": 0.5217145681381226, "acc_or": 0.8486493627230326, "sender_entropy": 1.4034394025802612, "receiver_entropy": 0.0, "original_loss": 0.3823265532652537, "mean_length": 5.99999984105428}
{"mode": "test", "epoch": 71, "loss": 3.6682872772216797, "acc": 0.8138527870178223, "acc_or": 0.9502164721488953, "sender_entropy": 1.548891544342041, "receiver_entropy": 0.0, "original_loss": 0.16270337998867035, "mean_length": 6.0}
{"mode": "train", "epoch": 72, "loss": 4.075368881225586, "acc": 0.5289004842440287, "acc_or": 0.8526203433672587, "sender_entropy": 1.391690770785014, "receiver_entropy": 0.0, "original_loss": 0.3663289248943329, "mean_length": 5.99999984105428}
{"mode": "test", "epoch": 72, "loss": 3.619006633758545, "acc": 0.8571428656578064, "acc_or": 0.963203489780426, "sender_entropy": 1.5321871042251587, "receiver_entropy": 0.0, "original_loss": 0.15209048986434937, "mean_length": 6.0}
{"mode": "train", "epoch": 73, "loss": 4.086116790771484, "acc": 0.5462566812833151, "acc_or": 0.8603232304255167, "sender_entropy": 1.3745277325312297, "receiver_entropy": 0.0, "original_loss": 0.3517958919207255, "mean_length": 5.99999984105428}
{"mode": "test", "epoch": 73, "loss": 3.6147124767303467, "acc": 0.887445867061615, "acc_or": 0.9718614816665649, "sender_entropy": 1.5245524644851685, "receiver_entropy": 0.0, "original_loss": 0.14479762315750122, "mean_length": 6.0}
{"mode": "train", "epoch": 74, "loss": 4.033373673756917, "acc": 0.5474069714546204, "acc_or": 0.86105348666509, "sender_entropy": 1.3727690776189168, "receiver_entropy": 0.0, "original_loss": 0.35020445783933, "mean_length": 5.99999984105428}
{"mode": "test", "epoch": 74, "loss": 3.573349714279175, "acc": 0.8744588494300842, "acc_or": 0.9675324559211731, "sender_entropy": 1.5204429626464844, "receiver_entropy": 0.0, "original_loss": 0.1432182341814041, "mean_length": 6.0}
{"mode": "train", "epoch": 75, "loss": 3.955994447072347, "acc": 0.5538429419199625, "acc_or": 0.862652063369751, "sender_entropy": 1.3710513909657795, "receiver_entropy": 0.0, "original_loss": 0.34775375326474506, "mean_length": 5.99999984105428}
{"mode": "test", "epoch": 75, "loss": 3.5543034076690674, "acc": 0.887445867061615, "acc_or": 0.9707792401313782, "sender_entropy": 1.5168559551239014, "receiver_entropy": 0.0, "original_loss": 0.13500505685806274, "mean_length": 6.0}
{"mode": "train", "epoch": 76, "loss": 3.907222350438436, "acc": 0.5479400356610616, "acc_or": 0.8613256017367045, "sender_entropy": 1.371395428975423, "receiver_entropy": 0.0, "original_loss": 0.3486931324005127, "mean_length": 5.99999984105428}
{"mode": "test", "epoch": 76, "loss": 3.5769381523132324, "acc": 0.9177489280700684, "acc_or": 0.9783549904823303, "sender_entropy": 1.5252680778503418, "receiver_entropy": 0.0, "original_loss": 0.12817251682281494, "mean_length": 6.0}
{"mode": "train", "epoch": 77, "loss": 3.819594462712606, "acc": 0.5511693557103475, "acc_or": 0.8611968358357748, "sender_entropy": 1.3728920618693035, "receiver_entropy": 0.0, "original_loss": 0.35022493203481037, "mean_length": 5.99999984105428}
{"mode": "test", "epoch": 77, "loss": 3.467052459716797, "acc": 0.8528138399124146, "acc_or": 0.9610389471054077, "sender_entropy": 1.5156022310256958, "receiver_entropy": 0.0, "original_loss": 0.13360176980495453, "mean_length": 6.0}
{"mode": "train", "epoch": 78, "loss": 3.8346544901529946, "acc": 0.56397545337677, "acc_or": 0.8660240769386292, "sender_entropy": 1.357661247253418, "receiver_entropy": 0.0, "original_loss": 0.3360483944416046, "mean_length": 5.99999984105428}
{"mode": "test", "epoch": 78, "loss": 3.3966681957244873, "acc": 0.8744588494300842, "acc_or": 0.9686146974563599, "sender_entropy": 1.5041778087615967, "receiver_entropy": 0.0, "original_loss": 0.12426628917455673, "mean_length": 6.0}
{"mode": "train", "epoch": 79, "loss": 3.857616345087687, "acc": 0.571857750415802, "acc_or": 0.8710379004478455, "sender_entropy": 1.3590312401453655, "receiver_entropy": 0.0, "original_loss": 0.3258045017719269, "mean_length": 5.99999984105428}
{"mode": "test", "epoch": 79, "loss": 3.4073326587677, "acc": 0.8961039185523987, "acc_or": 0.9740259647369385, "sender_entropy": 1.5066499710083008, "receiver_entropy": 0.0, "original_loss": 0.12137159705162048, "mean_length": 6.0}
{"mode": "train", "epoch": 80, "loss": 3.8152103424072266, "acc": 0.5713545282681783, "acc_or": 0.869575301806132, "sender_entropy": 1.3646462361017864, "receiver_entropy": 0.0, "original_loss": 0.32760972778002423, "mean_length": 5.99999984105428}
{"mode": "test", "epoch": 80, "loss": 3.37982439994812, "acc": 0.8831169009208679, "acc_or": 0.9696969985961914, "sender_entropy": 1.513540267944336, "receiver_entropy": 0.0, "original_loss": 0.12161175906658173, "mean_length": 6.0}
{"mode": "train", "epoch": 81, "loss": 3.7610562642415366, "acc": 0.5762959718704224, "acc_or": 0.8703223864237467, "sender_entropy": 1.3751705090204875, "receiver_entropy": 0.0, "original_loss": 0.32783243060112, "mean_length": 5.99999984105428}
{"mode": "test", "epoch": 81, "loss": 3.4268107414245605, "acc": 0.9004328846931458, "acc_or": 0.9751082062721252, "sender_entropy": 1.51631760597229, "receiver_entropy": 0.0, "original_loss": 0.11126231402158737, "mean_length": 6.0}
{"mode": "train", "epoch": 82, "loss": 3.6937069098154702, "acc": 0.5837358236312866, "acc_or": 0.8733056584993998, "sender_entropy": 1.3700833320617676, "receiver_entropy": 0.0, "original_loss": 0.3246143360932668, "mean_length": 5.99999984105428}
{"mode": "test", "epoch": 82, "loss": 3.3477084636688232, "acc": 0.9047619104385376, "acc_or": 0.9740259647369385, "sender_entropy": 1.5024584531784058, "receiver_entropy": 0.0, "original_loss": 0.10731150954961777, "mean_length": 6.0}
{"mode": "train", "epoch": 83, "loss": 3.706411282221476, "acc": 0.5939395626386007, "acc_or": 0.8766890168190002, "sender_entropy": 1.3570539951324463, "receiver_entropy": 0.0, "original_loss": 0.3134451111157735, "mean_length": 5.99999984105428}
{"mode": "test", "epoch": 83, "loss": 3.2929415702819824, "acc": 0.8961039185523987, "acc_or": 0.9729437232017517, "sender_entropy": 1.4998022317886353, "receiver_entropy": 0.0, "original_loss": 0.10926440358161926, "mean_length": 6.0}
{"mode": "train", "epoch": 84, "loss": 3.5815061728159585, "acc": 0.5841839909553528, "acc_or": 0.8741549849510193, "sender_entropy": 1.3540188868840535, "receiver_entropy": 0.0, "original_loss": 0.32024163007736206, "mean_length": 5.99999984105428}
{"mode": "test", "epoch": 84, "loss": 3.240762948989868, "acc": 0.9090909361839294, "acc_or": 0.976190447807312, "sender_entropy": 1.4927308559417725, "receiver_entropy": 0.0, "original_loss": 0.10603928565979004, "mean_length": 6.0}
{"mode": "train", "epoch": 85, "loss": 3.651324510574341, "acc": 0.5999518036842346, "acc_or": 0.8807488679885864, "sender_entropy": 1.3458861509958904, "receiver_entropy": 0.0, "original_loss": 0.3051348030567169, "mean_length": 5.99999984105428}
{"mode": "test", "epoch": 85, "loss": 3.1684207916259766, "acc": 0.9004328846931458, "acc_or": 0.9751082062721252, "sender_entropy": 1.4911763668060303, "receiver_entropy": 0.0, "original_loss": 0.11291610449552536, "mean_length": 6.0}
{"mode": "train", "epoch": 86, "loss": 3.603832403818766, "acc": 0.6026063164075216, "acc_or": 0.880759576956431, "sender_entropy": 1.3453665574391682, "receiver_entropy": 0.0, "original_loss": 0.30378951629002887, "mean_length": 5.99999984105428}
{"mode": "test", "epoch": 86, "loss": 3.169226884841919, "acc": 0.9004328846931458, "acc_or": 0.9751082062721252, "sender_entropy": 1.4829233884811401, "receiver_entropy": 0.0, "original_loss": 0.10452824831008911, "mean_length": 6.0}
{"mode": "train", "epoch": 87, "loss": 3.5784717400868735, "acc": 0.615685780843099, "acc_or": 0.8860248923301697, "sender_entropy": 1.3342423836390178, "receiver_entropy": 0.0, "original_loss": 0.2959786256154378, "mean_length": 5.99999984105428}
{"mode": "test", "epoch": 87, "loss": 3.153305768966675, "acc": 0.8961039185523987, "acc_or": 0.9740259647369385, "sender_entropy": 1.4819270372390747, "receiver_entropy": 0.0, "original_loss": 0.10139664262533188, "mean_length": 6.0}
{"mode": "train", "epoch": 88, "loss": 3.4910666147867837, "acc": 0.6075502832730612, "acc_or": 0.8832539319992065, "sender_entropy": 1.3335866928100586, "receiver_entropy": 0.0, "original_loss": 0.29920491576194763, "mean_length": 5.99999984105428}
{"mode": "test", "epoch": 88, "loss": 3.0783169269561768, "acc": 0.8831169009208679, "acc_or": 0.9707792401313782, "sender_entropy": 1.4788932800292969, "receiver_entropy": 0.0, "original_loss": 0.10877928137779236, "mean_length": 6.0}
{"mode": "train", "epoch": 89, "loss": 3.455590009689331, "acc": 0.604274570941925, "acc_or": 0.8831502397855123, "sender_entropy": 1.3336034218470256, "receiver_entropy": 0.0, "original_loss": 0.29797592759132385, "mean_length": 5.99999984105428}
{"mode": "test", "epoch": 89, "loss": 3.071397066116333, "acc": 0.8787878751754761, "acc_or": 0.9696969985961914, "sender_entropy": 1.4876874685287476, "receiver_entropy": 0.0, "original_loss": 0.11038947850465775, "mean_length": 6.0}
{"mode": "train", "epoch": 90, "loss": 3.350944916407267, "acc": 0.5918227831522623, "acc_or": 0.8775075078010559, "sender_entropy": 1.3393033742904663, "receiver_entropy": 0.0, "original_loss": 0.30834325154622394, "mean_length": 5.99999984105428}
{"mode": "test", "epoch": 90, "loss": 3.0528063774108887, "acc": 0.887445867061615, "acc_or": 0.9718614816665649, "sender_entropy": 1.4870996475219727, "receiver_entropy": 0.0, "original_loss": 0.10624418407678604, "mean_length": 6.0}
{"mode": "train", "epoch": 91, "loss": 3.320410172144572, "acc": 0.6045853495597839, "acc_or": 0.8812094330787659, "sender_entropy": 1.3355371952056885, "receiver_entropy": 0.0, "original_loss": 0.30260441700617474, "mean_length": 5.99999984105428}
{"mode": "test", "epoch": 91, "loss": 3.0299553871154785, "acc": 0.9134199023246765, "acc_or": 0.9783549904823303, "sender_entropy": 1.4712817668914795, "receiver_entropy": 0.0, "original_loss": 0.09840621799230576, "mean_length": 6.0}
{"mode": "train", "epoch": 92, "loss": 3.369980494181315, "acc": 0.6239335139592489, "acc_or": 0.8882551590601603, "sender_entropy": 1.3357279698053997, "receiver_entropy": 0.0, "original_loss": 0.29047595461209613, "mean_length": 5.99999984105428}
{"mode": "test", "epoch": 92, "loss": 3.0453097820281982, "acc": 0.9264069199562073, "acc_or": 0.9805194735527039, "sender_entropy": 1.4805572032928467, "receiver_entropy": 0.0, "original_loss": 0.09742996841669083, "mean_length": 6.0}
{"mode": "train", "epoch": 93, "loss": 3.32976762453715, "acc": 0.6250525116920471, "acc_or": 0.8890767097473145, "sender_entropy": 1.3256434202194214, "receiver_entropy": 0.0, "original_loss": 0.2877906362215678, "mean_length": 5.99999984105428}
{"mode": "test", "epoch": 93, "loss": 3.009244918823242, "acc": 0.9090909361839294, "acc_or": 0.9772727489471436, "sender_entropy": 1.4665369987487793, "receiver_entropy": 0.0, "original_loss": 0.09266436100006104, "mean_length": 6.0}
{"mode": "train", "epoch": 94, "loss": 3.3408769766489663, "acc": 0.6325006484985352, "acc_or": 0.8921943306922913, "sender_entropy": 1.3151836792627971, "receiver_entropy": 0.0, "original_loss": 0.276645690202713, "mean_length": 5.99999984105428}
{"mode": "test", "epoch": 94, "loss": 2.965745449066162, "acc": 0.9264069199562073, "acc_or": 0.9816017150878906, "sender_entropy": 1.4620863199234009, "receiver_entropy": 0.0, "original_loss": 0.08920136094093323, "mean_length": 6.0}
{"mode": "train", "epoch": 95, "loss": 3.3433837890625, "acc": 0.6440104246139526, "acc_or": 0.8961434563000997, "sender_entropy": 1.310707728068034, "receiver_entropy": 0.0, "original_loss": 0.27027039726575214, "mean_length": 5.99999984105428}
{"mode": "test", "epoch": 95, "loss": 2.97369122505188, "acc": 0.9437229633331299, "acc_or": 0.9859307408332825, "sender_entropy": 1.4634863138198853, "receiver_entropy": 0.0, "original_loss": 0.08038554340600967, "mean_length": 6.0}
{"mode": "train", "epoch": 96, "loss": 3.230832656224569, "acc": 0.6338383356730143, "acc_or": 0.8911004066467285, "sender_entropy": 1.3200184901555378, "receiver_entropy": 0.0, "original_loss": 0.27975613872210187, "mean_length": 5.99999984105428}
{"mode": "test", "epoch": 96, "loss": 2.86653733253479, "acc": 0.9134199023246765, "acc_or": 0.9783549904823303, "sender_entropy": 1.4634984731674194, "receiver_entropy": 0.0, "original_loss": 0.0944814458489418, "mean_length": 6.0}
{"mode": "train", "epoch": 97, "loss": 3.1779496669769287, "acc": 0.6371946136156718, "acc_or": 0.8920071125030518, "sender_entropy": 1.3182023763656616, "receiver_entropy": 0.0, "original_loss": 0.2794318199157715, "mean_length": 5.99999984105428}
{"mode": "test", "epoch": 97, "loss": 2.9555504322052, "acc": 0.9653679728507996, "acc_or": 0.9913420081138611, "sender_entropy": 1.481626272201538, "receiver_entropy": 0.0, "original_loss": 0.07721488922834396, "mean_length": 6.0}
{"mode": "train", "epoch": 98, "loss": 3.0716498692830405, "acc": 0.6285656293233236, "acc_or": 0.8904551267623901, "sender_entropy": 1.3361544211705525, "receiver_entropy": 0.0, "original_loss": 0.2898604969183604, "mean_length": 5.99999984105428}
{"mode": "test", "epoch": 98, "loss": 2.869887113571167, "acc": 0.939393937587738, "acc_or": 0.9848484992980957, "sender_entropy": 1.4694522619247437, "receiver_entropy": 0.0, "original_loss": 0.08202726393938065, "mean_length": 6.0}
{"mode": "train", "epoch": 99, "loss": 3.145498355229696, "acc": 0.6393516858418783, "acc_or": 0.8942782084147135, "sender_entropy": 1.325809160868327, "receiver_entropy": 0.0, "original_loss": 0.27432072162628174, "mean_length": 5.99999984105428}
{"mode": "test", "epoch": 99, "loss": 2.819740056991577, "acc": 0.939393937587738, "acc_or": 0.9848484992980957, "sender_entropy": 1.461538553237915, "receiver_entropy": 0.0, "original_loss": 0.08297773450613022, "mean_length": 6.0}
{"mode": "train", "epoch": 100, "loss": 3.111013650894165, "acc": 0.6434233983357748, "acc_or": 0.8947066863377889, "sender_entropy": 1.3212216297785442, "receiver_entropy": 0.0, "original_loss": 0.2741013864676158, "mean_length": 5.99999984105428}
{"mode": "test", "epoch": 100, "loss": 2.8633999824523926, "acc": 0.9610389471054077, "acc_or": 0.9902597665786743, "sender_entropy": 1.4559401273727417, "receiver_entropy": 0.0, "original_loss": 0.06916391104459763, "mean_length": 6.0}
{"mode": "train", "epoch": 101, "loss": 3.123106320699056, "acc": 0.6508456269900004, "acc_or": 0.897164007027944, "sender_entropy": 1.3122231165568035, "receiver_entropy": 0.0, "original_loss": 0.2669668694337209, "mean_length": 5.99999984105428}
{"mode": "test", "epoch": 101, "loss": 2.7893612384796143, "acc": 0.9437229633331299, "acc_or": 0.9859307408332825, "sender_entropy": 1.4466016292572021, "receiver_entropy": 0.0, "original_loss": 0.07641328126192093, "mean_length": 6.0}
{"mode": "train", "epoch": 102, "loss": 3.119690259297689, "acc": 0.6623719533284506, "acc_or": 0.9010137915611267, "sender_entropy": 1.3110961119333904, "receiver_entropy": 0.0, "original_loss": 0.2598062853018443, "mean_length": 5.99999984105428}
{"mode": "test", "epoch": 102, "loss": 2.805095911026001, "acc": 0.9437229633331299, "acc_or": 0.9859307408332825, "sender_entropy": 1.4529372453689575, "receiver_entropy": 0.0, "original_loss": 0.07602673768997192, "mean_length": 6.0}
{"mode": "train", "epoch": 103, "loss": 3.0731163819630942, "acc": 0.6570593118667603, "acc_or": 0.8993387023607889, "sender_entropy": 1.3158187468846638, "receiver_entropy": 0.0, "original_loss": 0.2631388306617737, "mean_length": 5.99999984105428}
{"mode": "test", "epoch": 103, "loss": 2.782499074935913, "acc": 0.9220778942108154, "acc_or": 0.9805194735527039, "sender_entropy": 1.4593524932861328, "receiver_entropy": 0.0, "original_loss": 0.07730523496866226, "mean_length": 6.0}
{"mode": "train", "epoch": 104, "loss": 3.045557737350464, "acc": 0.6604418555895487, "acc_or": 0.9008165796597799, "sender_entropy": 1.3173360427220662, "receiver_entropy": 0.0, "original_loss": 0.2592177391052246, "mean_length": 5.99999984105428}
{"mode": "test", "epoch": 104, "loss": 2.788191795349121, "acc": 0.9523809552192688, "acc_or": 0.988095223903656, "sender_entropy": 1.4573352336883545, "receiver_entropy": 0.0, "original_loss": 0.06662993878126144, "mean_length": 6.0}
{"mode": "train", "epoch": 105, "loss": 3.0049094359079995, "acc": 0.6568880875905355, "acc_or": 0.8993796110153198, "sender_entropy": 1.316093643506368, "receiver_entropy": 0.0, "original_loss": 0.2604287465413411, "mean_length": 5.99999984105428}
{"mode": "test", "epoch": 105, "loss": 2.7480413913726807, "acc": 0.9437229633331299, "acc_or": 0.9859307408332825, "sender_entropy": 1.4596574306488037, "receiver_entropy": 0.0, "original_loss": 0.07337763160467148, "mean_length": 6.0}
{"mode": "train", "epoch": 106, "loss": 2.95658810933431, "acc": 0.6563560962677002, "acc_or": 0.899490753809611, "sender_entropy": 1.3128385146458943, "receiver_entropy": 0.0, "original_loss": 0.2616001069545746, "mean_length": 5.99999984105428}
{"mode": "test", "epoch": 106, "loss": 2.661449909210205, "acc": 0.9220778942108154, "acc_or": 0.9805194735527039, "sender_entropy": 1.455209732055664, "receiver_entropy": 0.0, "original_loss": 0.08050978928804398, "mean_length": 6.0}
{"mode": "train", "epoch": 107, "loss": 2.923518101374308, "acc": 0.6630611419677734, "acc_or": 0.9018341501553854, "sender_entropy": 1.3098678986231487, "receiver_entropy": 0.0, "original_loss": 0.2585173050562541, "mean_length": 5.99999984105428}
{"mode": "test", "epoch": 107, "loss": 2.70575213432312, "acc": 0.9610389471054077, "acc_or": 0.9902597665786743, "sender_entropy": 1.4555476903915405, "receiver_entropy": 0.0, "original_loss": 0.06665435433387756, "mean_length": 6.0}
{"mode": "train", "epoch": 108, "loss": 2.926229238510132, "acc": 0.6694747805595398, "acc_or": 0.9032007853190104, "sender_entropy": 1.3055572112401326, "receiver_entropy": 0.0, "original_loss": 0.25284435351689655, "mean_length": 5.99999984105428}
{"mode": "test", "epoch": 108, "loss": 2.67492413520813, "acc": 0.9610389471054077, "acc_or": 0.9902597665786743, "sender_entropy": 1.4609252214431763, "receiver_entropy": 0.0, "original_loss": 0.0675024688243866, "mean_length": 6.0}
{"mode": "train", "epoch": 109, "loss": 2.8793558279673257, "acc": 0.6676565408706665, "acc_or": 0.9035407900810242, "sender_entropy": 1.3059465090433757, "receiver_entropy": 0.0, "original_loss": 0.2520512094100316, "mean_length": 5.99999984105428}
{"mode": "test", "epoch": 109, "loss": 2.7231829166412354, "acc": 0.9740259647369385, "acc_or": 0.9935064911842346, "sender_entropy": 1.472353219985962, "receiver_entropy": 0.0, "original_loss": 0.059034157544374466, "mean_length": 6.0}
{"mode": "train", "epoch": 110, "loss": 2.8537824948628745, "acc": 0.6579092542330424, "acc_or": 0.8997909228006998, "sender_entropy": 1.3162916898727417, "receiver_entropy": 0.0, "original_loss": 0.2591620087623596, "mean_length": 5.99999984105428}
{"mode": "test", "epoch": 110, "loss": 2.7144412994384766, "acc": 0.9653679728507996, "acc_or": 0.9902597665786743, "sender_entropy": 1.4756489992141724, "receiver_entropy": 0.0, "original_loss": 0.061052557080984116, "mean_length": 6.0}
{"mode": "train", "epoch": 111, "loss": 2.838560104370117, "acc": 0.6644024054209391, "acc_or": 0.9024433692296346, "sender_entropy": 1.3226985931396484, "receiver_entropy": 0.0, "original_loss": 0.25577427943547565, "mean_length": 5.99999984105428}
{"mode": "test", "epoch": 111, "loss": 2.682353973388672, "acc": 0.948051929473877, "acc_or": 0.9870129823684692, "sender_entropy": 1.4827131032943726, "receiver_entropy": 0.0, "original_loss": 0.06885732710361481, "mean_length": 6.0}
{"mode": "train", "epoch": 112, "loss": 2.785124937693278, "acc": 0.6628546714782715, "acc_or": 0.9010668396949768, "sender_entropy": 1.3202805519104004, "receiver_entropy": 0.0, "original_loss": 0.25766274333000183, "mean_length": 5.99999984105428}
{"mode": "test", "epoch": 112, "loss": 2.6699910163879395, "acc": 0.9653679728507996, "acc_or": 0.9913420081138611, "sender_entropy": 1.4747008085250854, "receiver_entropy": 0.0, "original_loss": 0.06339385360479355, "mean_length": 6.0}
{"mode": "train", "epoch": 113, "loss": 2.7739842732747397, "acc": 0.6616827845573425, "acc_or": 0.9006771246592203, "sender_entropy": 1.3219643036524455, "receiver_entropy": 0.0, "original_loss": 0.25668973724047345, "mean_length": 5.99999984105428}
{"mode": "test", "epoch": 113, "loss": 2.62581729888916, "acc": 0.9610389471054077, "acc_or": 0.9902597665786743, "sender_entropy": 1.4582476615905762, "receiver_entropy": 0.0, "original_loss": 0.05894749239087105, "mean_length": 6.0}
{"mode": "train", "epoch": 114, "loss": 2.7825713952382407, "acc": 0.6705632011095682, "acc_or": 0.9042214155197144, "sender_entropy": 1.3120514551798503, "receiver_entropy": 0.0, "original_loss": 0.24896563589572906, "mean_length": 5.99999984105428}
{"mode": "test", "epoch": 114, "loss": 2.5900096893310547, "acc": 0.948051929473877, "acc_or": 0.9870129823684692, "sender_entropy": 1.4570667743682861, "receiver_entropy": 0.0, "original_loss": 0.062103573232889175, "mean_length": 6.0}
{"mode": "train", "epoch": 115, "loss": 2.7792442639668784, "acc": 0.6738730669021606, "acc_or": 0.9052132765452067, "sender_entropy": 1.3131235043207805, "receiver_entropy": 0.0, "original_loss": 0.24588430921236673, "mean_length": 5.99999984105428}
{"mode": "test", "epoch": 115, "loss": 2.61177396774292, "acc": 0.9653679728507996, "acc_or": 0.9913420081138611, "sender_entropy": 1.4654254913330078, "receiver_entropy": 0.0, "original_loss": 0.05703355371952057, "mean_length": 6.0}
{"mode": "train", "epoch": 116, "loss": 2.71433687210083, "acc": 0.6780455311139425, "acc_or": 0.9063694079717001, "sender_entropy": 1.3188453912734985, "receiver_entropy": 0.0, "original_loss": 0.24857164422671, "mean_length": 5.99999984105428}
{"mode": "test", "epoch": 116, "loss": 2.585712432861328, "acc": 0.9523809552192688, "acc_or": 0.988095223903656, "sender_entropy": 1.4677064418792725, "receiver_entropy": 0.0, "original_loss": 0.06344232708215714, "mean_length": 6.0}
{"mode": "train", "epoch": 117, "loss": 2.7215508619944253, "acc": 0.6842361688613892, "acc_or": 0.9094409743944804, "sender_entropy": 1.3128022352854412, "receiver_entropy": 0.0, "original_loss": 0.24063262343406677, "mean_length": 5.99999984105428}
{"mode": "test", "epoch": 117, "loss": 2.5403964519500732, "acc": 0.9437229633331299, "acc_or": 0.9859307408332825, "sender_entropy": 1.4590331315994263, "receiver_entropy": 0.0, "original_loss": 0.061743058264255524, "mean_length": 6.0}
{"mode": "train", "epoch": 118, "loss": 2.7170609633127847, "acc": 0.6937730312347412, "acc_or": 0.9113001624743143, "sender_entropy": 1.301334063212077, "receiver_entropy": 0.0, "original_loss": 0.23553215463956198, "mean_length": 5.99999984105428}
{"mode": "test", "epoch": 118, "loss": 2.4957034587860107, "acc": 0.948051929473877, "acc_or": 0.9870129823684692, "sender_entropy": 1.4494889974594116, "receiver_entropy": 0.0, "original_loss": 0.059599217027425766, "mean_length": 6.0}
{"mode": "train", "epoch": 119, "loss": 2.669947783152262, "acc": 0.6864478985468546, "acc_or": 0.9090266426404318, "sender_entropy": 1.3017810583114624, "receiver_entropy": 0.0, "original_loss": 0.2396452675263087, "mean_length": 5.99999984105428}
{"mode": "test", "epoch": 119, "loss": 2.501762628555298, "acc": 0.948051929473877, "acc_or": 0.9870129823684692, "sender_entropy": 1.444848895072937, "receiver_entropy": 0.0, "original_loss": 0.05829090252518654, "mean_length": 6.0}
{"mode": "train", "epoch": 120, "loss": 2.6494723161061606, "acc": 0.6907512545585632, "acc_or": 0.9102763732274374, "sender_entropy": 1.306474765141805, "receiver_entropy": 0.0, "original_loss": 0.23848900198936462, "mean_length": 5.99999984105428}
{"mode": "test", "epoch": 120, "loss": 2.5190675258636475, "acc": 0.9567099809646606, "acc_or": 0.9891774654388428, "sender_entropy": 1.449223518371582, "receiver_entropy": 0.0, "original_loss": 0.05354457348585129, "mean_length": 6.0}
{"mode": "train", "epoch": 121, "loss": 2.628968079884847, "acc": 0.6880086064338684, "acc_or": 0.9098173975944519, "sender_entropy": 1.3099958499272664, "receiver_entropy": 0.0, "original_loss": 0.23834479848543802, "mean_length": 5.99999984105428}
{"mode": "test", "epoch": 121, "loss": 2.461932420730591, "acc": 0.9437229633331299, "acc_or": 0.9848484992980957, "sender_entropy": 1.4529026746749878, "receiver_entropy": 0.0, "original_loss": 0.05782947316765785, "mean_length": 6.0}
{"mode": "train", "epoch": 122, "loss": 2.636469523111979, "acc": 0.7026469707489014, "acc_or": 0.9138123194376627, "sender_entropy": 1.2996241251627605, "receiver_entropy": 0.0, "original_loss": 0.23042056957880655, "mean_length": 5.99999984105428}
{"mode": "test", "epoch": 122, "loss": 2.4464476108551025, "acc": 0.948051929473877, "acc_or": 0.9870129823684692, "sender_entropy": 1.451717734336853, "receiver_entropy": 0.0, "original_loss": 0.05610864236950874, "mean_length": 6.0}
{"mode": "train", "epoch": 123, "loss": 2.6679623126983643, "acc": 0.708952009677887, "acc_or": 0.9167648553848267, "sender_entropy": 1.2936439116795857, "receiver_entropy": 0.0, "original_loss": 0.22192137936751047, "mean_length": 5.99999984105428}
{"mode": "test", "epoch": 123, "loss": 2.4688239097595215, "acc": 0.9653679728507996, "acc_or": 0.9913420081138611, "sender_entropy": 1.4548965692520142, "receiver_entropy": 0.0, "original_loss": 0.048924803733825684, "mean_length": 6.0}
{"mode": "train", "epoch": 124, "loss": 2.5646000703175864, "acc": 0.6900527278582255, "acc_or": 0.9108709692955017, "sender_entropy": 1.3035286664962769, "receiver_entropy": 0.0, "original_loss": 0.23479517300923666, "mean_length": 5.99999984105428}
{"mode": "test", "epoch": 124, "loss": 2.3947830200195312, "acc": 0.9307359457015991, "acc_or": 0.9826839566230774, "sender_entropy": 1.450860619544983, "receiver_entropy": 0.0, "original_loss": 0.061311010271310806, "mean_length": 6.0}
{"mode": "train", "epoch": 125, "loss": 2.5705429712931314, "acc": 0.6969138582547506, "acc_or": 0.9127824505170187, "sender_entropy": 1.307666818300883, "receiver_entropy": 0.0, "original_loss": 0.23036253452301025, "mean_length": 5.99999984105428}
{"mode": "test", "epoch": 125, "loss": 2.4064090251922607, "acc": 0.9740259647369385, "acc_or": 0.9935064911842346, "sender_entropy": 1.4530962705612183, "receiver_entropy": 0.0, "original_loss": 0.054418034851551056, "mean_length": 6.0}
{"mode": "train", "epoch": 126, "loss": 2.518198013305664, "acc": 0.6918774445851644, "acc_or": 0.9105805158615112, "sender_entropy": 1.311238129933675, "receiver_entropy": 0.0, "original_loss": 0.23444889982541403, "mean_length": 5.99999984105428}
{"mode": "test", "epoch": 126, "loss": 2.4283595085144043, "acc": 0.9653679728507996, "acc_or": 0.9913420081138611, "sender_entropy": 1.4571959972381592, "receiver_entropy": 0.0, "original_loss": 0.05129634961485863, "mean_length": 6.0}
{"mode": "train", "epoch": 127, "loss": 2.5570868651072183, "acc": 0.7079347968101501, "acc_or": 0.9165779948234558, "sender_entropy": 1.3058975537618, "receiver_entropy": 0.0, "original_loss": 0.22312472263971964, "mean_length": 5.99999984105428}
{"mode": "test", "epoch": 127, "loss": 2.378516912460327, "acc": 0.9610389471054077, "acc_or": 0.9902597665786743, "sender_entropy": 1.4478791952133179, "receiver_entropy": 0.0, "original_loss": 0.050997357815504074, "mean_length": 6.0}
{"mode": "train", "epoch": 128, "loss": 2.5349435806274414, "acc": 0.7083707253138224, "acc_or": 0.9160789251327515, "sender_entropy": 1.298445502916972, "receiver_entropy": 0.0, "original_loss": 0.22274141013622284, "mean_length": 5.99999984105428}
{"mode": "test", "epoch": 128, "loss": 2.3895044326782227, "acc": 0.9870129823684692, "acc_or": 0.9967532753944397, "sender_entropy": 1.4502025842666626, "receiver_entropy": 0.0, "original_loss": 0.04619438946247101, "mean_length": 6.0}
{"mode": "train", "epoch": 129, "loss": 2.533005634943644, "acc": 0.701562503973643, "acc_or": 0.9151600003242493, "sender_entropy": 1.296740214029948, "receiver_entropy": 0.0, "original_loss": 0.22116846839586893, "mean_length": 5.99999984105428}
{"mode": "test", "epoch": 129, "loss": 2.3986470699310303, "acc": 0.9783549904823303, "acc_or": 0.9945887327194214, "sender_entropy": 1.4486931562423706, "receiver_entropy": 0.0, "original_loss": 0.04148702323436737, "mean_length": 6.0}
{"mode": "train", "epoch": 130, "loss": 2.456915537516276, "acc": 0.7000640233357748, "acc_or": 0.9143324295679728, "sender_entropy": 1.3051091432571411, "receiver_entropy": 0.0, "original_loss": 0.22830261290073395, "mean_length": 5.99999984105428}
{"mode": "test", "epoch": 130, "loss": 2.4049112796783447, "acc": 0.9696969985961914, "acc_or": 0.9924242496490479, "sender_entropy": 1.4645369052886963, "receiver_entropy": 0.0, "original_loss": 0.04423277825117111, "mean_length": 6.0}
{"mode": "train", "epoch": 131, "loss": 2.4331555366516113, "acc": 0.70085209608078, "acc_or": 0.9136768182118734, "sender_entropy": 1.3141276041666667, "receiver_entropy": 0.0, "original_loss": 0.22910398741563162, "mean_length": 5.99999984105428}
{"mode": "test", "epoch": 131, "loss": 2.407618284225464, "acc": 0.9610389471054077, "acc_or": 0.9902597665786743, "sender_entropy": 1.4752991199493408, "receiver_entropy": 0.0, "original_loss": 0.050582703202962875, "mean_length": 6.0}
{"mode": "train", "epoch": 132, "loss": 2.4362704753875732, "acc": 0.7042386134465536, "acc_or": 0.9157983660697937, "sender_entropy": 1.3131779034932454, "receiver_entropy": 0.0, "original_loss": 0.2239226202170054, "mean_length": 5.99999984105428}
{"mode": "test", "epoch": 132, "loss": 2.349743366241455, "acc": 0.9610389471054077, "acc_or": 0.9902597665786743, "sender_entropy": 1.4633533954620361, "receiver_entropy": 0.0, "original_loss": 0.05074843019247055, "mean_length": 6.0}
{"mode": "train", "epoch": 133, "loss": 2.4332520961761475, "acc": 0.7094188729921976, "acc_or": 0.9169443647066752, "sender_entropy": 1.30268132686615, "receiver_entropy": 0.0, "original_loss": 0.22141842544078827, "mean_length": 5.99999984105428}
{"mode": "test", "epoch": 133, "loss": 2.362725257873535, "acc": 0.9913420081138611, "acc_or": 0.9978355169296265, "sender_entropy": 1.4525855779647827, "receiver_entropy": 0.0, "original_loss": 0.043099772185087204, "mean_length": 6.0}
{"mode": "train", "epoch": 134, "loss": 2.439861536026001, "acc": 0.7216102679570516, "acc_or": 0.9205577174822489, "sender_entropy": 1.2955678701400757, "receiver_entropy": 0.0, "original_loss": 0.21425297359625498, "mean_length": 5.99999984105428}
{"mode": "test", "epoch": 134, "loss": 2.3279597759246826, "acc": 0.9653679728507996, "acc_or": 0.9913420081138611, "sender_entropy": 1.4469828605651855, "receiver_entropy": 0.0, "original_loss": 0.04366401582956314, "mean_length": 6.0}
{"mode": "train", "epoch": 135, "loss": 2.4065943559010825, "acc": 0.7152764598528544, "acc_or": 0.9192946553230286, "sender_entropy": 1.2958063284556072, "receiver_entropy": 0.0, "original_loss": 0.21610790491104126, "mean_length": 5.99999984105428}
{"mode": "test", "epoch": 135, "loss": 2.369812250137329, "acc": 0.9653679728507996, "acc_or": 0.9913420081138611, "sender_entropy": 1.468709111213684, "receiver_entropy": 0.0, "original_loss": 0.04526923596858978, "mean_length": 6.0}
{"mode": "train", "epoch": 136, "loss": 2.363356033960978, "acc": 0.7175626556078593, "acc_or": 0.9194878935813904, "sender_entropy": 1.3042202393213909, "receiver_entropy": 0.0, "original_loss": 0.2193110634883245, "mean_length": 5.99999984105428}
{"mode": "test", "epoch": 136, "loss": 2.3356728553771973, "acc": 0.9696969985961914, "acc_or": 0.9913420081138611, "sender_entropy": 1.4757962226867676, "receiver_entropy": 0.0, "original_loss": 0.04731627553701401, "mean_length": 6.0}
{"mode": "train", "epoch": 137, "loss": 2.3578954537709556, "acc": 0.7042997678120931, "acc_or": 0.916016141573588, "sender_entropy": 1.3130103747049968, "receiver_entropy": 0.0, "original_loss": 0.22250383595625559, "mean_length": 5.99999984105428}
{"mode": "test", "epoch": 137, "loss": 2.367211103439331, "acc": 0.9826839566230774, "acc_or": 0.9956709742546082, "sender_entropy": 1.4807811975479126, "receiver_entropy": 0.0, "original_loss": 0.04180889204144478, "mean_length": 6.0}
{"mode": "train", "epoch": 138, "loss": 2.2802790800730386, "acc": 0.7014405528704325, "acc_or": 0.9144626458485922, "sender_entropy": 1.310787598292033, "receiver_entropy": 0.0, "original_loss": 0.22669784724712372, "mean_length": 5.99999984105428}
{"mode": "test", "epoch": 138, "loss": 2.3039591312408447, "acc": 0.9740259647369385, "acc_or": 0.9935064911842346, "sender_entropy": 1.4637172222137451, "receiver_entropy": 0.0, "original_loss": 0.043999142944812775, "mean_length": 6.0}
{"mode": "train", "epoch": 139, "loss": 2.3386552333831787, "acc": 0.7202999194463094, "acc_or": 0.9200515548388163, "sender_entropy": 1.3028697967529297, "receiver_entropy": 0.0, "original_loss": 0.2136178364356359, "mean_length": 5.99999984105428}
{"mode": "test", "epoch": 139, "loss": 2.2879934310913086, "acc": 0.9783549904823303, "acc_or": 0.9945887327194214, "sender_entropy": 1.4534915685653687, "receiver_entropy": 0.0, "original_loss": 0.04217536747455597, "mean_length": 6.0}
{"mode": "train", "epoch": 140, "loss": 2.3667442003885903, "acc": 0.7308953404426575, "acc_or": 0.9235760569572449, "sender_entropy": 1.2940216461817424, "receiver_entropy": 0.0, "original_loss": 0.20570756494998932, "mean_length": 5.99999984105428}
{"mode": "test", "epoch": 140, "loss": 2.305542469024658, "acc": 0.9740259647369385, "acc_or": 0.9935064911842346, "sender_entropy": 1.4512187242507935, "receiver_entropy": 0.0, "original_loss": 0.03851659223437309, "mean_length": 6.0}
{"mode": "train", "epoch": 141, "loss": 2.298245986302694, "acc": 0.7246507406234741, "acc_or": 0.9220002492268881, "sender_entropy": 1.2973321676254272, "receiver_entropy": 0.0, "original_loss": 0.21198143064975739, "mean_length": 5.99999984105428}
{"mode": "test", "epoch": 141, "loss": 2.2654078006744385, "acc": 0.9696969985961914, "acc_or": 0.9924242496490479, "sender_entropy": 1.4477901458740234, "receiver_entropy": 0.0, "original_loss": 0.04080262780189514, "mean_length": 6.0}
{"mode": "train", "epoch": 142, "loss": 2.3355398178100586, "acc": 0.7295087178548177, "acc_or": 0.9239272077878317, "sender_entropy": 1.290552059809367, "receiver_entropy": 0.0, "original_loss": 0.20623966554800668, "mean_length": 5.99999984105428}
{"mode": "test", "epoch": 142, "loss": 2.2209877967834473, "acc": 0.9567099809646606, "acc_or": 0.9891774654388428, "sender_entropy": 1.4497088193893433, "receiver_entropy": 0.0, "original_loss": 0.04468962550163269, "mean_length": 6.0}
{"mode": "train", "epoch": 143, "loss": 2.2696186701456704, "acc": 0.7192564407984415, "acc_or": 0.9206512570381165, "sender_entropy": 1.3001413345336914, "receiver_entropy": 0.0, "original_loss": 0.21202736596266428, "mean_length": 5.99999984105428}
{"mode": "test", "epoch": 143, "loss": 2.2113795280456543, "acc": 0.9610389471054077, "acc_or": 0.9902597665786743, "sender_entropy": 1.4520235061645508, "receiver_entropy": 0.0, "original_loss": 0.04283008724451065, "mean_length": 6.0}
{"mode": "train", "epoch": 144, "loss": 2.258553981781006, "acc": 0.7168745597203573, "acc_or": 0.9199041525522867, "sender_entropy": 1.3004724582036336, "receiver_entropy": 0.0, "original_loss": 0.21168760458628336, "mean_length": 5.99999984105428}
{"mode": "test", "epoch": 144, "loss": 2.269937038421631, "acc": 0.9826839566230774, "acc_or": 0.9956709742546082, "sender_entropy": 1.4634684324264526, "receiver_entropy": 0.0, "original_loss": 0.03407019004225731, "mean_length": 6.0}
{"mode": "train", "epoch": 145, "loss": 2.1880921522776284, "acc": 0.7148523926734924, "acc_or": 0.918765922387441, "sender_entropy": 1.3123969634373982, "receiver_entropy": 0.0, "original_loss": 0.21628119548161825, "mean_length": 5.99999984105428}
{"mode": "test", "epoch": 145, "loss": 2.2863550186157227, "acc": 0.9826839566230774, "acc_or": 0.9956709742546082, "sender_entropy": 1.4688594341278076, "receiver_entropy": 0.0, "original_loss": 0.031200924888253212, "mean_length": 6.0}
{"mode": "train", "epoch": 146, "loss": 2.151566664377848, "acc": 0.7154411872227987, "acc_or": 0.9183427294095358, "sender_entropy": 1.3106911579767864, "receiver_entropy": 0.0, "original_loss": 0.21847646435101828, "mean_length": 5.99999984105428}
{"mode": "test", "epoch": 146, "loss": 2.2193515300750732, "acc": 0.9783549904823303, "acc_or": 0.9945887327194214, "sender_entropy": 1.454804539680481, "receiver_entropy": 0.0, "original_loss": 0.039400700479745865, "mean_length": 6.0}
{"mode": "train", "epoch": 147, "loss": 2.22881547609965, "acc": 0.7306536237398783, "acc_or": 0.9240204691886902, "sender_entropy": 1.2999366521835327, "receiver_entropy": 0.0, "original_loss": 0.2061416208744049, "mean_length": 5.99999984105428}
{"mode": "test", "epoch": 147, "loss": 2.2132740020751953, "acc": 0.9956709742546082, "acc_or": 0.9989177584648132, "sender_entropy": 1.4470678567886353, "receiver_entropy": 0.0, "original_loss": 0.03368208929896355, "mean_length": 6.0}
{"mode": "train", "epoch": 148, "loss": 2.2053470611572266, "acc": 0.7267333666483561, "acc_or": 0.9226478934288025, "sender_entropy": 1.2912586132685344, "receiver_entropy": 0.0, "original_loss": 0.20506117244561514, "mean_length": 5.99999984105428}
{"mode": "test", "epoch": 148, "loss": 2.17124342918396, "acc": 0.9956709742546082, "acc_or": 0.9989177584648132, "sender_entropy": 1.4410513639450073, "receiver_entropy": 0.0, "original_loss": 0.03259224072098732, "mean_length": 6.0}
{"mode": "train", "epoch": 149, "loss": 2.210996627807617, "acc": 0.737152894337972, "acc_or": 0.9261284470558167, "sender_entropy": 1.2828052043914795, "receiver_entropy": 0.0, "original_loss": 0.19870363672574362, "mean_length": 5.99999984105428}
{"mode": "test", "epoch": 149, "loss": 2.1663708686828613, "acc": 0.9956709742546082, "acc_or": 0.9989177584648132, "sender_entropy": 1.4360339641571045, "receiver_entropy": 0.0, "original_loss": 0.030866894870996475, "mean_length": 6.0}
{"mode": "train", "epoch": 150, "loss": 2.2061450481414795, "acc": 0.738155722618103, "acc_or": 0.9258785446484884, "sender_entropy": 1.290717323621114, "receiver_entropy": 0.0, "original_loss": 0.2000760535399119, "mean_length": 5.99999984105428}
{"mode": "test", "epoch": 150, "loss": 2.1544852256774902, "acc": 0.9783549904823303, "acc_or": 0.9945887327194214, "sender_entropy": 1.4389201402664185, "receiver_entropy": 0.0, "original_loss": 0.03673337399959564, "mean_length": 6.0}
{"mode": "train", "epoch": 151, "loss": 2.160484790802002, "acc": 0.7275775472323099, "acc_or": 0.9238263964653015, "sender_entropy": 1.294769247372945, "receiver_entropy": 0.0, "original_loss": 0.20342948536078134, "mean_length": 5.99999984105428}
{"mode": "test", "epoch": 151, "loss": 2.187199592590332, "acc": 0.9740259647369385, "acc_or": 0.9935064911842346, "sender_entropy": 1.4513059854507446, "receiver_entropy": 0.0, "original_loss": 0.03399811312556267, "mean_length": 6.0}
{"mode": "train", "epoch": 152, "loss": 2.0993696053822837, "acc": 0.7188302278518677, "acc_or": 0.92083207766215, "sender_entropy": 1.304561734199524, "receiver_entropy": 0.0, "original_loss": 0.21232131123542786, "mean_length": 5.99999984105428}
{"mode": "test", "epoch": 152, "loss": 2.107440710067749, "acc": 0.9696969985961914, "acc_or": 0.9924242496490479, "sender_entropy": 1.4283864498138428, "receiver_entropy": 0.0, "original_loss": 0.04028524085879326, "mean_length": 6.0}
{"mode": "train", "epoch": 153, "loss": 2.1588385105133057, "acc": 0.7342379490534464, "acc_or": 0.925163189570109, "sender_entropy": 1.3001497189203899, "receiver_entropy": 0.0, "original_loss": 0.2009375790754954, "mean_length": 5.99999984105428}
{"mode": "test", "epoch": 153, "loss": 2.184708595275879, "acc": 0.9783549904823303, "acc_or": 0.9945887327194214, "sender_entropy": 1.4521945714950562, "receiver_entropy": 0.0, "original_loss": 0.03172539919614792, "mean_length": 6.0}
{"mode": "train", "epoch": 154, "loss": 2.104501247406006, "acc": 0.7379632790883383, "acc_or": 0.9260912934939066, "sender_entropy": 1.3014764785766602, "receiver_entropy": 0.0, "original_loss": 0.20158789058526358, "mean_length": 5.99999984105428}
{"mode": "test", "epoch": 154, "loss": 2.1274266242980957, "acc": 0.9783549904823303, "acc_or": 0.9945887327194214, "sender_entropy": 1.4405086040496826, "receiver_entropy": 0.0, "original_loss": 0.03620395436882973, "mean_length": 6.0}
{"mode": "train", "epoch": 155, "loss": 2.157606601715088, "acc": 0.7453096111615499, "acc_or": 0.928863525390625, "sender_entropy": 1.2876457770665486, "receiver_entropy": 0.0, "original_loss": 0.19313467045625052, "mean_length": 5.99999984105428}
{"mode": "test", "epoch": 155, "loss": 2.166405439376831, "acc": 0.9783549904823303, "acc_or": 0.9945887327194214, "sender_entropy": 1.4582581520080566, "receiver_entropy": 0.0, "original_loss": 0.030742047354578972, "mean_length": 6.0}
{"mode": "train", "epoch": 156, "loss": 2.067330837249756, "acc": 0.7304144303003947, "acc_or": 0.924235463142395, "sender_entropy": 1.294966737429301, "receiver_entropy": 0.0, "original_loss": 0.20242716372013092, "mean_length": 5.99999984105428}
{"mode": "test", "epoch": 156, "loss": 2.13425612449646, "acc": 0.9740259647369385, "acc_or": 0.9935064911842346, "sender_entropy": 1.4471384286880493, "receiver_entropy": 0.0, "original_loss": 0.034086499363183975, "mean_length": 6.0}
{"mode": "train", "epoch": 157, "loss": 2.1057662963867188, "acc": 0.7415911157925924, "acc_or": 0.9270407954851786, "sender_entropy": 1.290645718574524, "receiver_entropy": 0.0, "original_loss": 0.1945005257924398, "mean_length": 5.99999984105428}
{"mode": "test", "epoch": 157, "loss": 2.1495299339294434, "acc": 0.9783549904823303, "acc_or": 0.9945887327194214, "sender_entropy": 1.4529449939727783, "receiver_entropy": 0.0, "original_loss": 0.03378639370203018, "mean_length": 6.0}
{"mode": "train", "epoch": 158, "loss": 2.027957479159037, "acc": 0.7291170358657837, "acc_or": 0.9232454101244608, "sender_entropy": 1.2965114116668701, "receiver_entropy": 0.0, "original_loss": 0.2033708393573761, "mean_length": 5.99999984105428}
{"mode": "test", "epoch": 158, "loss": 2.1433537006378174, "acc": 0.9913420081138611, "acc_or": 0.9978355169296265, "sender_entropy": 1.4402434825897217, "receiver_entropy": 0.0, "original_loss": 0.030130436643958092, "mean_length": 6.0}
{"mode": "train", "epoch": 159, "loss": 2.0627310276031494, "acc": 0.7406836350758871, "acc_or": 0.9268467426300049, "sender_entropy": 1.2921596765518188, "receiver_entropy": 0.0, "original_loss": 0.1962471604347229, "mean_length": 5.99999984105428}
{"mode": "test", "epoch": 159, "loss": 2.099597692489624, "acc": 0.9870129823684692, "acc_or": 0.9967532753944397, "sender_entropy": 1.4324039220809937, "receiver_entropy": 0.0, "original_loss": 0.03172459453344345, "mean_length": 6.0}
{"mode": "train", "epoch": 160, "loss": 2.0590227444966636, "acc": 0.7429788112640381, "acc_or": 0.9278295040130615, "sender_entropy": 1.2864979108174641, "receiver_entropy": 0.0, "original_loss": 0.1944675495227178, "mean_length": 5.99999984105428}
{"mode": "test", "epoch": 160, "loss": 2.116136312484741, "acc": 1.0, "acc_or": 1.0, "sender_entropy": 1.4315494298934937, "receiver_entropy": 0.0, "original_loss": 0.02657814510166645, "mean_length": 6.0}
{"epoch": 160, "positional_disent": 0.04092910513281822, "bag_of_symbol_disent": 0.11008814722299576, "topographic_sim": 0.4596946503259865}
{"generalization hold out": {"acc": 0.890625, "acc_or": 0.9635417461395264}, "uniform holdout": {"acc": 0.8799999952316284, "acc_or": 0.9699999690055847}, "epoch": 160}
---End--
