nohup: ignoring input
{"mode": "train", "epoch": 1, "loss": -6.6250050862630205, "acc": 0.0037900695266822972, "acc_or": 0.24018635352452597, "sender_entropy": 2.2989425659179688, "receiver_entropy": 0.0, "original_loss": 1.5758609374364216, "mean_length": 5.99999984105428}
{"mode": "test", "epoch": 1, "loss": 1.2777810096740723, "acc": 0.0, "acc_or": 0.23376622796058655, "sender_entropy": 2.295825242996216, "receiver_entropy": 0.0, "original_loss": 1.5045216083526611, "mean_length": 6.0}
{"mode": "train", "epoch": 2, "loss": 1.445644497871399, "acc": 0.004234648464868466, "acc_or": 0.2571353813012441, "sender_entropy": 2.296067476272583, "receiver_entropy": 0.0, "original_loss": 1.4794525702794392, "mean_length": 5.99999984105428}
{"mode": "test", "epoch": 2, "loss": 1.8667484521865845, "acc": 0.0, "acc_or": 0.24350649118423462, "sender_entropy": 2.2962162494659424, "receiver_entropy": 0.0, "original_loss": 1.4026830196380615, "mean_length": 6.0}
{"mode": "train", "epoch": 3, "loss": 1.8116199970245361, "acc": 0.004571319557726383, "acc_or": 0.2579549252986908, "sender_entropy": 2.296877145767212, "receiver_entropy": 0.0, "original_loss": 1.3984082539876301, "mean_length": 5.99999984105428}
{"mode": "test", "epoch": 3, "loss": 1.540302038192749, "acc": 0.0043290043249726295, "acc_or": 0.24891774356365204, "sender_entropy": 2.2976760864257812, "receiver_entropy": 0.0, "original_loss": 1.3842136859893799, "mean_length": 6.0}
{"mode": "train", "epoch": 4, "loss": 1.4411487976710002, "acc": 0.004391833674162626, "acc_or": 0.2554450184106827, "sender_entropy": 2.2981772422790527, "receiver_entropy": 0.0, "original_loss": 1.3883597453435261, "mean_length": 5.99999984105428}
{"mode": "test", "epoch": 4, "loss": 1.294008731842041, "acc": 0.0043290043249726295, "acc_or": 0.261904776096344, "sender_entropy": 2.2989299297332764, "receiver_entropy": 0.0, "original_loss": 1.3795223236083984, "mean_length": 6.0}
{"mode": "train", "epoch": 5, "loss": 1.1740223169326782, "acc": 0.004479238608231147, "acc_or": 0.25651922821998596, "sender_entropy": 2.2990432580312095, "receiver_entropy": 0.0, "original_loss": 1.387279709180196, "mean_length": 5.99999984105428}
{"mode": "test", "epoch": 5, "loss": 1.1864287853240967, "acc": 0.0043290043249726295, "acc_or": 0.29004329442977905, "sender_entropy": 2.299525022506714, "receiver_entropy": 0.0, "original_loss": 1.372635841369629, "mean_length": 6.0}
{"mode": "train", "epoch": 6, "loss": 1.0048904418945312, "acc": 0.004234648387258251, "acc_or": 0.2604644199212392, "sender_entropy": 2.2994658946990967, "receiver_entropy": 0.0, "original_loss": 1.386612335840861, "mean_length": 5.99999984105428}
{"mode": "test", "epoch": 6, "loss": 1.094773292541504, "acc": 0.008658008649945259, "acc_or": 0.2911255359649658, "sender_entropy": 2.3000011444091797, "receiver_entropy": 0.0, "original_loss": 1.369744896888733, "mean_length": 6.0}
{"mode": "train", "epoch": 7, "loss": 0.8914164106051127, "acc": 0.0044680881934861345, "acc_or": 0.2610175311565399, "sender_entropy": 2.3000739415486655, "receiver_entropy": 0.0, "original_loss": 1.3858894109725952, "mean_length": 5.99999984105428}
{"mode": "test", "epoch": 7, "loss": 1.0394690036773682, "acc": 0.012987012974917889, "acc_or": 0.31385281682014465, "sender_entropy": 2.300701379776001, "receiver_entropy": 0.0, "original_loss": 1.3667576313018799, "mean_length": 6.0}
{"mode": "train", "epoch": 8, "loss": 0.806939442952474, "acc": 0.005042875185608864, "acc_or": 0.2614556352297465, "sender_entropy": 2.300800402959188, "receiver_entropy": 0.0, "original_loss": 1.385423223177592, "mean_length": 5.99999984105428}
{"mode": "test", "epoch": 8, "loss": 1.0172547101974487, "acc": 0.017316017299890518, "acc_or": 0.36147186160087585, "sender_entropy": 2.301252603530884, "receiver_entropy": 0.0, "original_loss": 1.3631545305252075, "mean_length": 6.0}
{"mode": "train", "epoch": 9, "loss": 0.7372275789578756, "acc": 0.004847562716652949, "acc_or": 0.26296273867289227, "sender_entropy": 2.3012986977895102, "receiver_entropy": 0.0, "original_loss": 1.3854844172795613, "mean_length": 5.99999984105428}
{"mode": "test", "epoch": 9, "loss": 1.0008900165557861, "acc": 0.03030303120613098, "acc_or": 0.38852813839912415, "sender_entropy": 2.3015174865722656, "receiver_entropy": 0.0, "original_loss": 1.360094428062439, "mean_length": 6.0}
{"mode": "train", "epoch": 10, "loss": 0.6887556115786234, "acc": 0.004912666821231444, "acc_or": 0.26347772280375165, "sender_entropy": 2.301530043284098, "receiver_entropy": 0.0, "original_loss": 1.3850322564442952, "mean_length": 5.99999984105428}
{"mode": "test", "epoch": 10, "loss": 1.006273865699768, "acc": 0.025974025949835777, "acc_or": 0.4469696879386902, "sender_entropy": 2.30161190032959, "receiver_entropy": 0.0, "original_loss": 1.3559998273849487, "mean_length": 6.0}
{"mode": "train", "epoch": 11, "loss": 0.6462508042653402, "acc": 0.004647574309880535, "acc_or": 0.2635652224222819, "sender_entropy": 2.301602760950724, "receiver_entropy": 0.0, "original_loss": 1.384898026784261, "mean_length": 5.99999984105428}
{"mode": "test", "epoch": 11, "loss": 1.0447700023651123, "acc": 0.025974025949835777, "acc_or": 0.43614718317985535, "sender_entropy": 2.3015754222869873, "receiver_entropy": 0.0, "original_loss": 1.3497191667556763, "mean_length": 6.0}
{"mode": "train", "epoch": 12, "loss": 0.6114885210990906, "acc": 0.005233511716748278, "acc_or": 0.2645604908466339, "sender_entropy": 2.301563024520874, "receiver_entropy": 0.0, "original_loss": 1.3847279946009319, "mean_length": 5.99999984105428}
{"mode": "test", "epoch": 12, "loss": 1.09781813621521, "acc": 0.043290041387081146, "acc_or": 0.46320345997810364, "sender_entropy": 2.3014376163482666, "receiver_entropy": 0.0, "original_loss": 1.3427120447158813, "mean_length": 6.0}
{"mode": "train", "epoch": 13, "loss": 0.5844951272010803, "acc": 0.003915602030853431, "acc_or": 0.2657327353954315, "sender_entropy": 2.301434596379598, "receiver_entropy": 0.0, "original_loss": 1.3844220638275146, "mean_length": 5.99999984105428}
{"mode": "test", "epoch": 13, "loss": 1.1629681587219238, "acc": 0.03030303120613098, "acc_or": 0.48701298236846924, "sender_entropy": 2.3012442588806152, "receiver_entropy": 0.0, "original_loss": 1.3350034952163696, "mean_length": 6.0}
{"mode": "train", "epoch": 14, "loss": 0.5591221650441488, "acc": 0.004549018728236358, "acc_or": 0.26731176177660626, "sender_entropy": 2.3012068271636963, "receiver_entropy": 0.0, "original_loss": 1.3843060731887817, "mean_length": 5.99999984105428}
{"mode": "test", "epoch": 14, "loss": 1.2365810871124268, "acc": 0.043290041387081146, "acc_or": 0.49891775846481323, "sender_entropy": 2.3009228706359863, "receiver_entropy": 0.0, "original_loss": 1.3268152475357056, "mean_length": 6.0}
{"mode": "train", "epoch": 15, "loss": 0.5450464487075806, "acc": 0.005536731798201799, "acc_or": 0.2720458507537842, "sender_entropy": 2.300790468851725, "receiver_entropy": 0.0, "original_loss": 1.3835646311442058, "mean_length": 5.99999984105428}
{"mode": "test", "epoch": 15, "loss": 1.2898964881896973, "acc": 0.025974025949835777, "acc_or": 0.5162337422370911, "sender_entropy": 2.300358772277832, "receiver_entropy": 0.0, "original_loss": 1.3200339078903198, "mean_length": 6.0}
{"mode": "train", "epoch": 16, "loss": 0.5304953853289286, "acc": 0.005741395987570286, "acc_or": 0.2739781141281128, "sender_entropy": 2.3001073201497397, "receiver_entropy": 0.0, "original_loss": 1.3830273548762004, "mean_length": 5.99999984105428}
{"mode": "test", "epoch": 16, "loss": 1.3677159547805786, "acc": 0.021645020693540573, "acc_or": 0.5010822415351868, "sender_entropy": 2.2994751930236816, "receiver_entropy": 0.0, "original_loss": 1.3112776279449463, "mean_length": 6.0}
{"mode": "train", "epoch": 17, "loss": 0.5266983509063721, "acc": 0.005878078906486432, "acc_or": 0.2817721863587697, "sender_entropy": 2.2990094820658364, "receiver_entropy": 0.0, "original_loss": 1.3817862272262573, "mean_length": 5.99999984105428}
{"mode": "test", "epoch": 17, "loss": 1.4648362398147583, "acc": 0.021645020693540573, "acc_or": 0.49567100405693054, "sender_entropy": 2.2979745864868164, "receiver_entropy": 0.0, "original_loss": 1.3002707958221436, "mean_length": 6.0}
{"mode": "train", "epoch": 18, "loss": 0.5300019184748331, "acc": 0.00782940536737442, "acc_or": 0.2835710048675537, "sender_entropy": 2.2972234884897866, "receiver_entropy": 0.0, "original_loss": 1.380030870437622, "mean_length": 5.99999984105428}
{"mode": "test", "epoch": 18, "loss": 1.5910710096359253, "acc": 0.025974025949835777, "acc_or": 0.49242424964904785, "sender_entropy": 2.2954752445220947, "receiver_entropy": 0.0, "original_loss": 1.2859766483306885, "mean_length": 6.0}
{"mode": "train", "epoch": 19, "loss": 0.5472733378410339, "acc": 0.007238791945079963, "acc_or": 0.29652034242947894, "sender_entropy": 2.293962240219116, "receiver_entropy": 0.0, "original_loss": 1.3770415782928467, "mean_length": 5.99999984105428}
{"mode": "test", "epoch": 19, "loss": 1.705939531326294, "acc": 0.017316017299890518, "acc_or": 0.48051947355270386, "sender_entropy": 2.2903664112091064, "receiver_entropy": 0.0, "original_loss": 1.2699496746063232, "mean_length": 6.0}
{"mode": "train", "epoch": 20, "loss": 0.6043381690979004, "acc": 0.009044083766639233, "acc_or": 0.3077393074830373, "sender_entropy": 2.2872190475463867, "receiver_entropy": 0.0, "original_loss": 1.3705987135569255, "mean_length": 5.99999984105428}
{"mode": "test", "epoch": 20, "loss": 1.7491202354431152, "acc": 0.021645020693540573, "acc_or": 0.46861472725868225, "sender_entropy": 2.27984356880188, "receiver_entropy": 0.0, "original_loss": 1.2556041479110718, "mean_length": 6.0}
{"mode": "train", "epoch": 21, "loss": 0.727316657702128, "acc": 0.010541479724148909, "acc_or": 0.32899661858876544, "sender_entropy": 2.2748462359110513, "receiver_entropy": 0.0, "original_loss": 1.3580424388249714, "mean_length": 5.99999984105428}
{"mode": "test", "epoch": 21, "loss": 1.8750629425048828, "acc": 0.017316017299890518, "acc_or": 0.4783549904823303, "sender_entropy": 2.267723798751831, "receiver_entropy": 0.0, "original_loss": 1.2353142499923706, "mean_length": 6.0}
{"mode": "train", "epoch": 22, "loss": 0.8885364333788554, "acc": 0.012313319991032282, "acc_or": 0.34563810626665753, "sender_entropy": 2.255995432535807, "receiver_entropy": 0.0, "original_loss": 1.340157190958659, "mean_length": 5.99999984105428}
{"mode": "test", "epoch": 22, "loss": 1.7124347686767578, "acc": 0.008658008649945259, "acc_or": 0.46320345997810364, "sender_entropy": 2.2344346046447754, "receiver_entropy": 0.0, "original_loss": 1.2326502799987793, "mean_length": 6.0}
{"mode": "train", "epoch": 23, "loss": 1.1069573958714802, "acc": 0.011989597541590532, "acc_or": 0.3664099375406901, "sender_entropy": 2.2196973959604898, "receiver_entropy": 0.0, "original_loss": 1.3155349095662434, "mean_length": 5.99999984105428}
{"mode": "test", "epoch": 23, "loss": 2.129972457885742, "acc": 0.012987012974917889, "acc_or": 0.4729437232017517, "sender_entropy": 2.2279655933380127, "receiver_entropy": 0.0, "original_loss": 1.1935765743255615, "mean_length": 6.0}
{"mode": "train", "epoch": 24, "loss": 1.186274488766988, "acc": 0.014021854537228743, "acc_or": 0.3800676067670186, "sender_entropy": 2.2133097648620605, "receiver_entropy": 0.0, "original_loss": 1.3042563199996948, "mean_length": 5.99999984105428}
{"mode": "test", "epoch": 24, "loss": 2.273087978363037, "acc": 0.021645020693540573, "acc_or": 0.4967532455921173, "sender_entropy": 2.21307635307312, "receiver_entropy": 0.0, "original_loss": 1.1701269149780273, "mean_length": 6.0}
{"mode": "train", "epoch": 25, "loss": 1.3437364896138508, "acc": 0.017068801758189995, "acc_or": 0.3946838478247325, "sender_entropy": 2.189784367879232, "receiver_entropy": 0.0, "original_loss": 1.2859200239181519, "mean_length": 5.99999984105428}
{"mode": "test", "epoch": 25, "loss": 2.746671676635742, "acc": 0.025974025949835777, "acc_or": 0.5151515007019043, "sender_entropy": 2.2020962238311768, "receiver_entropy": 0.0, "original_loss": 1.1170817613601685, "mean_length": 6.0}
{"mode": "train", "epoch": 26, "loss": 1.46613343556722, "acc": 0.01990928625067075, "acc_or": 0.4120734930038452, "sender_entropy": 2.181022564570109, "receiver_entropy": 0.0, "original_loss": 1.2712132930755615, "mean_length": 5.99999984105428}
{"mode": "test", "epoch": 26, "loss": 2.9998440742492676, "acc": 0.034632034599781036, "acc_or": 0.5497835278511047, "sender_entropy": 2.1752007007598877, "receiver_entropy": 0.0, "original_loss": 1.0716981887817383, "mean_length": 6.0}
{"mode": "train", "epoch": 27, "loss": 1.8502042690912883, "acc": 0.027322887753446896, "acc_or": 0.4455757935841878, "sender_entropy": 2.128579060236613, "receiver_entropy": 0.0, "original_loss": 1.2270519733428955, "mean_length": 5.99999984105428}
{"mode": "test", "epoch": 27, "loss": 2.952995777130127, "acc": 0.03896103799343109, "acc_or": 0.5422077775001526, "sender_entropy": 2.1291534900665283, "receiver_entropy": 0.0, "original_loss": 1.045250415802002, "mean_length": 6.0}
{"mode": "train", "epoch": 28, "loss": 2.0880095958709717, "acc": 0.0303986103584369, "acc_or": 0.46195029218991596, "sender_entropy": 2.1011842091878257, "receiver_entropy": 0.0, "original_loss": 1.1958906650543213, "mean_length": 5.99999984105428}
{"mode": "test", "epoch": 28, "loss": 3.281876802444458, "acc": 0.051948051899671555, "acc_or": 0.5714285969734192, "sender_entropy": 2.1136600971221924, "receiver_entropy": 0.0, "original_loss": 0.9948461651802063, "mean_length": 6.0}
{"mode": "train", "epoch": 29, "loss": 2.311798016230265, "acc": 0.0359874963760376, "acc_or": 0.47767484188079834, "sender_entropy": 2.0680503845214844, "receiver_entropy": 0.0, "original_loss": 1.1637659072875977, "mean_length": 5.99999984105428}
{"mode": "test", "epoch": 29, "loss": 3.210019588470459, "acc": 0.051948051899671555, "acc_or": 0.5703462958335876, "sender_entropy": 2.065220832824707, "receiver_entropy": 0.0, "original_loss": 0.9694895148277283, "mean_length": 6.0}
{"mode": "train", "epoch": 30, "loss": 2.6732845306396484, "acc": 0.044055018573999405, "acc_or": 0.5056412220001221, "sender_entropy": 2.009383201599121, "receiver_entropy": 0.0, "original_loss": 1.1157365242640178, "mean_length": 5.99999984105428}
{"mode": "test", "epoch": 30, "loss": 3.323871612548828, "acc": 0.08225107938051224, "acc_or": 0.5714285969734192, "sender_entropy": 2.0298728942871094, "receiver_entropy": 0.0, "original_loss": 0.9309228658676147, "mean_length": 6.0}
{"mode": "train", "epoch": 31, "loss": 2.8686909675598145, "acc": 0.05631438394387563, "acc_or": 0.5171976685523987, "sender_entropy": 1.990279197692871, "receiver_entropy": 0.0, "original_loss": 1.08552082379659, "mean_length": 5.99999984105428}
{"mode": "test", "epoch": 31, "loss": 3.340285062789917, "acc": 0.09090909361839294, "acc_or": 0.6071428656578064, "sender_entropy": 2.0067760944366455, "receiver_entropy": 0.0, "original_loss": 0.9116394519805908, "mean_length": 6.0}
{"mode": "train", "epoch": 32, "loss": 3.033824364344279, "acc": 0.06495561202367146, "acc_or": 0.5317513942718506, "sender_entropy": 1.9654233853022258, "receiver_entropy": 0.0, "original_loss": 1.0566516717274983, "mean_length": 5.99999984105428}
{"mode": "test", "epoch": 32, "loss": 3.5729026794433594, "acc": 0.10822510719299316, "acc_or": 0.6287878751754761, "sender_entropy": 1.9927141666412354, "receiver_entropy": 0.0, "original_loss": 0.8727306127548218, "mean_length": 6.0}
{"mode": "train", "epoch": 33, "loss": 3.192469358444214, "acc": 0.07267531504233678, "acc_or": 0.5411148269971212, "sender_entropy": 1.9382447799046834, "receiver_entropy": 0.0, "original_loss": 1.0281457503636677, "mean_length": 5.99999984105428}
{"mode": "test", "epoch": 33, "loss": 3.7243199348449707, "acc": 0.14718614518642426, "acc_or": 0.6428571343421936, "sender_entropy": 1.974429726600647, "receiver_entropy": 0.0, "original_loss": 0.8374778032302856, "mean_length": 6.0}
{"mode": "train", "epoch": 34, "loss": 3.330963691075643, "acc": 0.08180212726195653, "acc_or": 0.5559773445129395, "sender_entropy": 1.915543794631958, "receiver_entropy": 0.0, "original_loss": 1.0001445412635803, "mean_length": 5.99999984105428}
{"mode": "test", "epoch": 34, "loss": 3.731302261352539, "acc": 0.14718614518642426, "acc_or": 0.6634199023246765, "sender_entropy": 1.9540635347366333, "receiver_entropy": 0.0, "original_loss": 0.8128888607025146, "mean_length": 6.0}
{"mode": "train", "epoch": 35, "loss": 3.528062105178833, "acc": 0.09279573708772659, "acc_or": 0.5745039979616801, "sender_entropy": 1.8765244881312053, "receiver_entropy": 0.0, "original_loss": 0.9636921286582947, "mean_length": 5.99999984105428}
{"mode": "test", "epoch": 35, "loss": 3.853081464767456, "acc": 0.190476194024086, "acc_or": 0.677489161491394, "sender_entropy": 1.9276859760284424, "receiver_entropy": 0.0, "original_loss": 0.7786462903022766, "mean_length": 6.0}
{"mode": "train", "epoch": 36, "loss": 3.666513442993164, "acc": 0.09901516636212666, "acc_or": 0.586182177066803, "sender_entropy": 1.856903115908305, "receiver_entropy": 0.0, "original_loss": 0.9369734525680542, "mean_length": 5.99999984105428}
{"mode": "test", "epoch": 36, "loss": 4.055793285369873, "acc": 0.17748917639255524, "acc_or": 0.6807359457015991, "sender_entropy": 1.9289900064468384, "receiver_entropy": 0.0, "original_loss": 0.7440937161445618, "mean_length": 6.0}
{"mode": "train", "epoch": 37, "loss": 3.6906346480051675, "acc": 0.10773085057735443, "acc_or": 0.5967101653416952, "sender_entropy": 1.8472564617792766, "receiver_entropy": 0.0, "original_loss": 0.9194392164548238, "mean_length": 5.99999984105428}
{"mode": "test", "epoch": 37, "loss": 4.208956718444824, "acc": 0.21645021438598633, "acc_or": 0.7142857313156128, "sender_entropy": 1.9177433252334595, "receiver_entropy": 0.0, "original_loss": 0.7017070651054382, "mean_length": 6.0}
{"mode": "train", "epoch": 38, "loss": 3.8609389464060464, "acc": 0.12234331667423248, "acc_or": 0.6120643218358358, "sender_entropy": 1.8164222637812297, "receiver_entropy": 0.0, "original_loss": 0.8875928322474161, "mean_length": 5.99999984105428}
{"mode": "test", "epoch": 38, "loss": 4.301061630249023, "acc": 0.2467532455921173, "acc_or": 0.7359307408332825, "sender_entropy": 1.8865948915481567, "receiver_entropy": 0.0, "original_loss": 0.6602694392204285, "mean_length": 6.0}
{"mode": "train", "epoch": 39, "loss": 3.9908553759256997, "acc": 0.13529652853806814, "acc_or": 0.6218796769777933, "sender_entropy": 1.788506269454956, "receiver_entropy": 0.0, "original_loss": 0.8554165959358215, "mean_length": 5.99999984105428}
{"mode": "test", "epoch": 39, "loss": 4.223150253295898, "acc": 0.28138527274131775, "acc_or": 0.7424242496490479, "sender_entropy": 1.869556188583374, "receiver_entropy": 0.0, "original_loss": 0.6527970433235168, "mean_length": 6.0}
{"mode": "train", "epoch": 40, "loss": 4.066866397857666, "acc": 0.15374546746412912, "acc_or": 0.6391460498174032, "sender_entropy": 1.7678186496098836, "receiver_entropy": 0.0, "original_loss": 0.828043798605601, "mean_length": 5.99999984105428}
{"mode": "test", "epoch": 40, "loss": 4.36182975769043, "acc": 0.3073593080043793, "acc_or": 0.7694805264472961, "sender_entropy": 1.8469562530517578, "receiver_entropy": 0.0, "original_loss": 0.6058753728866577, "mean_length": 6.0}
{"mode": "train", "epoch": 41, "loss": 4.2030253410339355, "acc": 0.1720969279607137, "acc_or": 0.6574412186940511, "sender_entropy": 1.7386207977930705, "receiver_entropy": 0.0, "original_loss": 0.7928963104883829, "mean_length": 5.99999984105428}
{"mode": "test", "epoch": 41, "loss": 4.426243782043457, "acc": 0.3419913351535797, "acc_or": 0.7835497856140137, "sender_entropy": 1.8239272832870483, "receiver_entropy": 0.0, "original_loss": 0.5651209354400635, "mean_length": 6.0}
{"mode": "train", "epoch": 42, "loss": 4.296548366546631, "acc": 0.18953009943167368, "acc_or": 0.6711004972457886, "sender_entropy": 1.7161147197087605, "receiver_entropy": 0.0, "original_loss": 0.766336977481842, "mean_length": 5.99999984105428}
{"mode": "test", "epoch": 42, "loss": 4.577230453491211, "acc": 0.42424243688583374, "acc_or": 0.8160173296928406, "sender_entropy": 1.810817837715149, "receiver_entropy": 0.0, "original_loss": 0.523573637008667, "mean_length": 6.0}
{"mode": "train", "epoch": 43, "loss": 4.364215850830078, "acc": 0.20682226618131003, "acc_or": 0.6826894680658976, "sender_entropy": 1.6994285583496094, "receiver_entropy": 0.0, "original_loss": 0.7409672141075134, "mean_length": 5.99999984105428}
{"mode": "test", "epoch": 43, "loss": 4.620907306671143, "acc": 0.4502164423465729, "acc_or": 0.8300865888595581, "sender_entropy": 1.8037824630737305, "receiver_entropy": 0.0, "original_loss": 0.4951363205909729, "mean_length": 6.0}
{"mode": "train", "epoch": 44, "loss": 4.4582626024882, "acc": 0.22253970801830292, "acc_or": 0.6969625155131022, "sender_entropy": 1.674252947171529, "receiver_entropy": 0.0, "original_loss": 0.7101665933926901, "mean_length": 5.99999984105428}
{"mode": "test", "epoch": 44, "loss": 4.469709873199463, "acc": 0.41558441519737244, "acc_or": 0.8192640542984009, "sender_entropy": 1.7734836339950562, "receiver_entropy": 0.0, "original_loss": 0.48128756880760193, "mean_length": 6.0}
{"mode": "train", "epoch": 45, "loss": 4.554019927978516, "acc": 0.2454585333665212, "acc_or": 0.7120245496431986, "sender_entropy": 1.6433659394582112, "receiver_entropy": 0.0, "original_loss": 0.6781285007794698, "mean_length": 5.99999984105428}
{"mode": "test", "epoch": 45, "loss": 4.5329718589782715, "acc": 0.5411255359649658, "acc_or": 0.862554132938385, "sender_entropy": 1.7567530870437622, "receiver_entropy": 0.0, "original_loss": 0.4396772086620331, "mean_length": 6.0}
{"mode": "train", "epoch": 46, "loss": 4.574659824371338, "acc": 0.25720353921254474, "acc_or": 0.7246536016464233, "sender_entropy": 1.6269650061925252, "receiver_entropy": 0.0, "original_loss": 0.6566254496574402, "mean_length": 5.99999984105428}
{"mode": "test", "epoch": 46, "loss": 4.572086811065674, "acc": 0.6103895902633667, "acc_or": 0.8885281085968018, "sender_entropy": 1.7389315366744995, "receiver_entropy": 0.0, "original_loss": 0.4064454436302185, "mean_length": 6.0}
{"mode": "train", "epoch": 47, "loss": 4.6117784182230634, "acc": 0.2762682835261027, "acc_or": 0.735293467839559, "sender_entropy": 1.6128985087076824, "receiver_entropy": 0.0, "original_loss": 0.634864886601766, "mean_length": 5.99999984105428}
{"mode": "test", "epoch": 47, "loss": 4.534543037414551, "acc": 0.5930736064910889, "acc_or": 0.8885281085968018, "sender_entropy": 1.7201237678527832, "receiver_entropy": 0.0, "original_loss": 0.3814007639884949, "mean_length": 6.0}
{"mode": "train", "epoch": 48, "loss": 4.701710065205892, "acc": 0.2973623772462209, "acc_or": 0.7485711971918741, "sender_entropy": 1.5868631998697917, "receiver_entropy": 0.0, "original_loss": 0.6045483549435934, "mean_length": 5.99999984105428}
{"mode": "test", "epoch": 48, "loss": 4.450608253479004, "acc": 0.6233766078948975, "acc_or": 0.8863636255264282, "sender_entropy": 1.700695514678955, "receiver_entropy": 0.0, "original_loss": 0.3654614984989166, "mean_length": 6.0}
{"mode": "train", "epoch": 49, "loss": 4.66957426071167, "acc": 0.30756431818008423, "acc_or": 0.7573599020640055, "sender_entropy": 1.5713335275650024, "receiver_entropy": 0.0, "original_loss": 0.5905965169270834, "mean_length": 5.99999984105428}
{"mode": "test", "epoch": 49, "loss": 4.500735282897949, "acc": 0.6406926512718201, "acc_or": 0.8982684016227722, "sender_entropy": 1.700679063796997, "receiver_entropy": 0.0, "original_loss": 0.34608617424964905, "mean_length": 6.0}
{"mode": "train", "epoch": 50, "loss": 4.607420762379964, "acc": 0.31952333450317383, "acc_or": 0.7595194180806478, "sender_entropy": 1.5716230074564617, "receiver_entropy": 0.0, "original_loss": 0.5817968249320984, "mean_length": 5.99999984105428}
{"mode": "test", "epoch": 50, "loss": 4.534283638000488, "acc": 0.649350643157959, "acc_or": 0.9090909361839294, "sender_entropy": 1.692271113395691, "receiver_entropy": 0.0, "original_loss": 0.32470986247062683, "mean_length": 6.0}
{"mode": "train", "epoch": 51, "loss": 4.640059947967529, "acc": 0.3378794689973195, "acc_or": 0.7711253762245178, "sender_entropy": 1.5529547929763794, "receiver_entropy": 0.0, "original_loss": 0.5607497890790304, "mean_length": 5.99999984105428}
{"mode": "test", "epoch": 51, "loss": 4.393307209014893, "acc": 0.6450216174125671, "acc_or": 0.9015151262283325, "sender_entropy": 1.6704474687576294, "receiver_entropy": 0.0, "original_loss": 0.3224946856498718, "mean_length": 6.0}
{"mode": "train", "epoch": 52, "loss": 4.665516058603923, "acc": 0.3576229413350423, "acc_or": 0.7806226015090942, "sender_entropy": 1.5379156271616619, "receiver_entropy": 0.0, "original_loss": 0.5388069351514181, "mean_length": 5.99999984105428}
{"mode": "test", "epoch": 52, "loss": 4.392688274383545, "acc": 0.6969696879386902, "acc_or": 0.9199134111404419, "sender_entropy": 1.6496120691299438, "receiver_entropy": 0.0, "original_loss": 0.2867981195449829, "mean_length": 6.0}
{"mode": "train", "epoch": 53, "loss": 4.735359827677409, "acc": 0.3804137210051219, "acc_or": 0.7932281494140625, "sender_entropy": 1.5148179531097412, "receiver_entropy": 0.0, "original_loss": 0.5105461378892263, "mean_length": 5.99999984105428}
{"mode": "test", "epoch": 53, "loss": 4.33102560043335, "acc": 0.7316017150878906, "acc_or": 0.9285714030265808, "sender_entropy": 1.6269152164459229, "receiver_entropy": 0.0, "original_loss": 0.26478883624076843, "mean_length": 6.0}
{"mode": "train", "epoch": 54, "loss": 4.678461233774821, "acc": 0.40126216411590576, "acc_or": 0.8024807969729105, "sender_entropy": 1.4923577308654785, "receiver_entropy": 0.0, "original_loss": 0.495550016562144, "mean_length": 5.99999984105428}
{"mode": "test", "epoch": 54, "loss": 4.245831489562988, "acc": 0.7142857313156128, "acc_or": 0.9242424368858337, "sender_entropy": 1.613163709640503, "receiver_entropy": 0.0, "original_loss": 0.26032736897468567, "mean_length": 6.0}
{"mode": "train", "epoch": 55, "loss": 4.674618085225423, "acc": 0.4096587896347046, "acc_or": 0.8087606430053711, "sender_entropy": 1.4773250818252563, "receiver_entropy": 0.0, "original_loss": 0.4769008954366048, "mean_length": 5.99999984105428}
{"mode": "test", "epoch": 55, "loss": 4.1372222900390625, "acc": 0.6883116960525513, "acc_or": 0.91558438539505, "sender_entropy": 1.5919181108474731, "receiver_entropy": 0.0, "original_loss": 0.2539975941181183, "mean_length": 6.0}
{"mode": "train", "epoch": 56, "loss": 4.709275722503662, "acc": 0.44134185711542767, "acc_or": 0.8216603597005209, "sender_entropy": 1.4624576965967815, "receiver_entropy": 0.0, "original_loss": 0.45358364780743915, "mean_length": 5.99999984105428}
{"mode": "test", "epoch": 56, "loss": 4.232619285583496, "acc": 0.8008658289909363, "acc_or": 0.9502164721488953, "sender_entropy": 1.5798074007034302, "receiver_entropy": 0.0, "original_loss": 0.20913782715797424, "mean_length": 6.0}
{"mode": "train", "epoch": 57, "loss": 4.640258153279622, "acc": 0.4605163037776947, "acc_or": 0.8262874285380045, "sender_entropy": 1.4496196508407593, "receiver_entropy": 0.0, "original_loss": 0.44382479786872864, "mean_length": 5.99999984105428}
{"mode": "test", "epoch": 57, "loss": 4.156461715698242, "acc": 0.8658008575439453, "acc_or": 0.9653679728507996, "sender_entropy": 1.5624672174453735, "receiver_entropy": 0.0, "original_loss": 0.19397297501564026, "mean_length": 6.0}
{"mode": "train", "epoch": 58, "loss": 4.654351552327474, "acc": 0.473173846801122, "acc_or": 0.8338936368624369, "sender_entropy": 1.4347025553385417, "receiver_entropy": 0.0, "original_loss": 0.42640482385953266, "mean_length": 5.99999984105428}
{"mode": "test", "epoch": 58, "loss": 4.052293300628662, "acc": 0.8311688303947449, "acc_or": 0.9577922224998474, "sender_entropy": 1.5539100170135498, "receiver_entropy": 0.0, "original_loss": 0.1964557021856308, "mean_length": 6.0}
{"mode": "train", "epoch": 59, "loss": 4.569177786509196, "acc": 0.47589994470278424, "acc_or": 0.8331512212753296, "sender_entropy": 1.4279214143753052, "receiver_entropy": 0.0, "original_loss": 0.4192087650299072, "mean_length": 5.99999984105428}
{"mode": "test", "epoch": 59, "loss": 4.071102142333984, "acc": 0.8701298832893372, "acc_or": 0.9675324559211731, "sender_entropy": 1.5467145442962646, "receiver_entropy": 0.0, "original_loss": 0.17256227135658264, "mean_length": 6.0}
{"mode": "train", "epoch": 60, "loss": 4.582847595214844, "acc": 0.49684908986091614, "acc_or": 0.8420106967290243, "sender_entropy": 1.4143468936284382, "receiver_entropy": 0.0, "original_loss": 0.4028325577576955, "mean_length": 5.99999984105428}
{"mode": "test", "epoch": 60, "loss": 4.026742935180664, "acc": 0.8744588494300842, "acc_or": 0.9686146974563599, "sender_entropy": 1.5425723791122437, "receiver_entropy": 0.0, "original_loss": 0.16354487836360931, "mean_length": 6.0}
{"mode": "train", "epoch": 61, "loss": 4.506292184193929, "acc": 0.5157081087430319, "acc_or": 0.8471446832021078, "sender_entropy": 1.4082516034444172, "receiver_entropy": 0.0, "original_loss": 0.39522598187128705, "mean_length": 5.99999984105428}
{"mode": "test", "epoch": 61, "loss": 3.963137149810791, "acc": 0.8744588494300842, "acc_or": 0.9686146974563599, "sender_entropy": 1.5313321352005005, "receiver_entropy": 0.0, "original_loss": 0.15939319133758545, "mean_length": 6.0}
{"mode": "train", "epoch": 62, "loss": 4.497816244761149, "acc": 0.5188201268513998, "acc_or": 0.8497172594070435, "sender_entropy": 1.4043293396631877, "receiver_entropy": 0.0, "original_loss": 0.3841230273246765, "mean_length": 5.99999984105428}
{"mode": "test", "epoch": 62, "loss": 3.9173834323883057, "acc": 0.8614718317985535, "acc_or": 0.9642857313156128, "sender_entropy": 1.5334925651550293, "receiver_entropy": 0.0, "original_loss": 0.15692844986915588, "mean_length": 6.0}
{"mode": "train", "epoch": 63, "loss": 4.479465484619141, "acc": 0.5226641694704691, "acc_or": 0.8523259361584982, "sender_entropy": 1.4018545548121135, "receiver_entropy": 0.0, "original_loss": 0.3778174916903178, "mean_length": 5.99999984105428}
{"mode": "test", "epoch": 63, "loss": 3.9127485752105713, "acc": 0.9047619104385376, "acc_or": 0.976190447807312, "sender_entropy": 1.528318166732788, "receiver_entropy": 0.0, "original_loss": 0.1429569572210312, "mean_length": 6.0}
{"mode": "train", "epoch": 64, "loss": 4.425638993581136, "acc": 0.52768474817276, "acc_or": 0.8551865816116333, "sender_entropy": 1.392720063527425, "receiver_entropy": 0.0, "original_loss": 0.3699144820372264, "mean_length": 5.99999984105428}
{"mode": "test", "epoch": 64, "loss": 3.8416507244110107, "acc": 0.8528138399124146, "acc_or": 0.9610389471054077, "sender_entropy": 1.5227103233337402, "receiver_entropy": 0.0, "original_loss": 0.14494751393795013, "mean_length": 6.0}
{"mode": "train", "epoch": 65, "loss": 4.3668718338012695, "acc": 0.5466257333755493, "acc_or": 0.8605068325996399, "sender_entropy": 1.3862698078155518, "receiver_entropy": 0.0, "original_loss": 0.3608133892218272, "mean_length": 5.99999984105428}
{"mode": "test", "epoch": 65, "loss": 3.8008553981781006, "acc": 0.887445867061615, "acc_or": 0.9696969985961914, "sender_entropy": 1.5192322731018066, "receiver_entropy": 0.0, "original_loss": 0.1420392543077469, "mean_length": 6.0}
{"mode": "train", "epoch": 66, "loss": 4.356263478597005, "acc": 0.556840976079305, "acc_or": 0.8662031888961792, "sender_entropy": 1.3779589732487996, "receiver_entropy": 0.0, "original_loss": 0.35061366359392804, "mean_length": 5.99999984105428}
{"mode": "test", "epoch": 66, "loss": 3.7741639614105225, "acc": 0.9090909361839294, "acc_or": 0.9751082062721252, "sender_entropy": 1.5053383111953735, "receiver_entropy": 0.0, "original_loss": 0.12392417341470718, "mean_length": 6.0}
{"mode": "train", "epoch": 67, "loss": 4.29434601465861, "acc": 0.566041886806488, "acc_or": 0.8671733736991882, "sender_entropy": 1.3708588282267253, "receiver_entropy": 0.0, "original_loss": 0.34391337633132935, "mean_length": 5.99999984105428}
{"mode": "test", "epoch": 67, "loss": 3.6949236392974854, "acc": 0.8917748928070068, "acc_or": 0.9729437232017517, "sender_entropy": 1.494361162185669, "receiver_entropy": 0.0, "original_loss": 0.12312378734350204, "mean_length": 6.0}
{"mode": "train", "epoch": 68, "loss": 4.222349166870117, "acc": 0.5652775367101034, "acc_or": 0.8677638173103333, "sender_entropy": 1.3637540737787883, "receiver_entropy": 0.0, "original_loss": 0.34061742822329205, "mean_length": 5.99999984105428}
{"mode": "test", "epoch": 68, "loss": 3.6466102600097656, "acc": 0.9090909361839294, "acc_or": 0.976190447807312, "sender_entropy": 1.4940119981765747, "receiver_entropy": 0.0, "original_loss": 0.12437831610441208, "mean_length": 6.0}
{"mode": "train", "epoch": 69, "loss": 4.178798357645671, "acc": 0.5587027470270792, "acc_or": 0.8665305177370707, "sender_entropy": 1.3689868847529094, "receiver_entropy": 0.0, "original_loss": 0.33941174546877545, "mean_length": 5.99999984105428}
{"mode": "test", "epoch": 69, "loss": 3.5838804244995117, "acc": 0.9047619104385376, "acc_or": 0.976190447807312, "sender_entropy": 1.4888288974761963, "receiver_entropy": 0.0, "original_loss": 0.12263000011444092, "mean_length": 6.0}
{"mode": "train", "epoch": 70, "loss": 4.106349945068359, "acc": 0.5693848530451456, "acc_or": 0.8700255552927653, "sender_entropy": 1.363269329071045, "receiver_entropy": 0.0, "original_loss": 0.3340335587660472, "mean_length": 5.99999984105428}
{"mode": "test", "epoch": 70, "loss": 3.57678484916687, "acc": 0.9437229633331299, "acc_or": 0.9859307408332825, "sender_entropy": 1.4786803722381592, "receiver_entropy": 0.0, "original_loss": 0.10607058554887772, "mean_length": 6.0}
{"mode": "train", "epoch": 71, "loss": 4.118437608083089, "acc": 0.5838642319043478, "acc_or": 0.8750963012377421, "sender_entropy": 1.3471396764119465, "receiver_entropy": 0.0, "original_loss": 0.32178982098897296, "mean_length": 5.99999984105428}
{"mode": "test", "epoch": 71, "loss": 3.5349159240722656, "acc": 0.9437229633331299, "acc_or": 0.9859307408332825, "sender_entropy": 1.4750374555587769, "receiver_entropy": 0.0, "original_loss": 0.10077821463346481, "mean_length": 6.0}
{"mode": "train", "epoch": 72, "loss": 4.098962148030599, "acc": 0.6002165277798971, "acc_or": 0.8810687065124512, "sender_entropy": 1.3398860692977905, "receiver_entropy": 0.0, "original_loss": 0.31241701046625775, "mean_length": 5.99999984105428}
{"mode": "test", "epoch": 72, "loss": 3.5006604194641113, "acc": 0.9523809552192688, "acc_or": 0.988095223903656, "sender_entropy": 1.4742306470870972, "receiver_entropy": 0.0, "original_loss": 0.09878967702388763, "mean_length": 6.0}
{"mode": "train", "epoch": 73, "loss": 4.0622711181640625, "acc": 0.6003758708635966, "acc_or": 0.879851778348287, "sender_entropy": 1.3438365459442139, "receiver_entropy": 0.0, "original_loss": 0.3106059730052948, "mean_length": 5.99999984105428}
{"mode": "test", "epoch": 73, "loss": 3.4941372871398926, "acc": 0.9437229633331299, "acc_or": 0.9859307408332825, "sender_entropy": 1.4809842109680176, "receiver_entropy": 0.0, "original_loss": 0.09518609195947647, "mean_length": 6.0}
{"mode": "train", "epoch": 74, "loss": 3.9354755878448486, "acc": 0.5926727056503296, "acc_or": 0.8780741095542908, "sender_entropy": 1.353591759999593, "receiver_entropy": 0.0, "original_loss": 0.31600478291511536, "mean_length": 5.99999984105428}
{"mode": "test", "epoch": 74, "loss": 3.488159418106079, "acc": 0.939393937587738, "acc_or": 0.9848484992980957, "sender_entropy": 1.488643765449524, "receiver_entropy": 0.0, "original_loss": 0.08909304440021515, "mean_length": 6.0}
{"mode": "train", "epoch": 75, "loss": 3.873032569885254, "acc": 0.5899840394655863, "acc_or": 0.877145012219747, "sender_entropy": 1.3531816005706787, "receiver_entropy": 0.0, "original_loss": 0.3151579797267914, "mean_length": 5.99999984105428}
{"mode": "test", "epoch": 75, "loss": 3.3765032291412354, "acc": 0.9264069199562073, "acc_or": 0.9816017150878906, "sender_entropy": 1.4716320037841797, "receiver_entropy": 0.0, "original_loss": 0.09803276509046555, "mean_length": 6.0}
{"mode": "train", "epoch": 76, "loss": 3.9045046170552573, "acc": 0.6143732666969299, "acc_or": 0.8856895764668783, "sender_entropy": 1.340853174527486, "receiver_entropy": 0.0, "original_loss": 0.2988237241903941, "mean_length": 5.99999984105428}
{"mode": "test", "epoch": 76, "loss": 3.3292782306671143, "acc": 0.9437229633331299, "acc_or": 0.9859307408332825, "sender_entropy": 1.4612451791763306, "receiver_entropy": 0.0, "original_loss": 0.0928613618016243, "mean_length": 6.0}
{"mode": "train", "epoch": 77, "loss": 3.9132495721181235, "acc": 0.6253604094187418, "acc_or": 0.8901904821395874, "sender_entropy": 1.3302627404530842, "receiver_entropy": 0.0, "original_loss": 0.2887281874815623, "mean_length": 5.99999984105428}
{"mode": "test", "epoch": 77, "loss": 3.3701558113098145, "acc": 0.9567099809646606, "acc_or": 0.9891774654388428, "sender_entropy": 1.4663448333740234, "receiver_entropy": 0.0, "original_loss": 0.0777525007724762, "mean_length": 6.0}
{"mode": "train", "epoch": 78, "loss": 3.816591183344523, "acc": 0.6196988821029663, "acc_or": 0.887571116288503, "sender_entropy": 1.34088929494222, "receiver_entropy": 0.0, "original_loss": 0.29341942071914673, "mean_length": 5.99999984105428}
{"mode": "test", "epoch": 78, "loss": 3.3285651206970215, "acc": 0.9653679728507996, "acc_or": 0.9913420081138611, "sender_entropy": 1.4698548316955566, "receiver_entropy": 0.0, "original_loss": 0.0802379921078682, "mean_length": 6.0}
{"mode": "train", "epoch": 79, "loss": 3.7686891555786133, "acc": 0.621832549571991, "acc_or": 0.8878720204035441, "sender_entropy": 1.3351348241170247, "receiver_entropy": 0.0, "original_loss": 0.29143301645914715, "mean_length": 5.99999984105428}
{"mode": "test", "epoch": 79, "loss": 3.293055534362793, "acc": 0.9696969985961914, "acc_or": 0.9924242496490479, "sender_entropy": 1.468230128288269, "receiver_entropy": 0.0, "original_loss": 0.07832003384828568, "mean_length": 6.0}
{"mode": "train", "epoch": 80, "loss": 3.7387759685516357, "acc": 0.6321305235226949, "acc_or": 0.8907108704249064, "sender_entropy": 1.3350411256154378, "receiver_entropy": 0.0, "original_loss": 0.28723501165707904, "mean_length": 5.99999984105428}
{"mode": "test", "epoch": 80, "loss": 3.2468655109405518, "acc": 0.9523809552192688, "acc_or": 0.988095223903656, "sender_entropy": 1.4607170820236206, "receiver_entropy": 0.0, "original_loss": 0.08114008605480194, "mean_length": 6.0}
{"mode": "train", "epoch": 81, "loss": 3.696395476659139, "acc": 0.6349087754885355, "acc_or": 0.8929877281188965, "sender_entropy": 1.3280586798985798, "receiver_entropy": 0.0, "original_loss": 0.2832704881827037, "mean_length": 5.99999984105428}
{"mode": "test", "epoch": 81, "loss": 3.189972162246704, "acc": 0.9567099809646606, "acc_or": 0.9891774654388428, "sender_entropy": 1.4521507024765015, "receiver_entropy": 0.0, "original_loss": 0.08001170307397842, "mean_length": 6.0}
{"mode": "train", "epoch": 82, "loss": 3.697429339090983, "acc": 0.644461472829183, "acc_or": 0.8965738415718079, "sender_entropy": 1.3216448624928792, "receiver_entropy": 0.0, "original_loss": 0.2725898226102193, "mean_length": 5.99999984105428}
{"mode": "test", "epoch": 82, "loss": 3.1744682788848877, "acc": 0.9437229633331299, "acc_or": 0.9859307408332825, "sender_entropy": 1.4477689266204834, "receiver_entropy": 0.0, "original_loss": 0.07089253515005112, "mean_length": 6.0}
{"mode": "train", "epoch": 83, "loss": 3.6115649541219077, "acc": 0.6448539098103842, "acc_or": 0.8954163591066996, "sender_entropy": 1.3171728452046711, "receiver_entropy": 0.0, "original_loss": 0.27468324700991315, "mean_length": 5.99999984105428}
{"mode": "test", "epoch": 83, "loss": 3.133835554122925, "acc": 0.9610389471054077, "acc_or": 0.9902597665786743, "sender_entropy": 1.4408515691757202, "receiver_entropy": 0.0, "original_loss": 0.0735975131392479, "mean_length": 6.0}
{"mode": "train", "epoch": 84, "loss": 3.572723309199015, "acc": 0.653113842010498, "acc_or": 0.8980498313903809, "sender_entropy": 1.3131946325302124, "receiver_entropy": 0.0, "original_loss": 0.26998897393544513, "mean_length": 5.99999984105428}
{"mode": "test", "epoch": 84, "loss": 3.087219715118408, "acc": 0.9523809552192688, "acc_or": 0.988095223903656, "sender_entropy": 1.4413158893585205, "receiver_entropy": 0.0, "original_loss": 0.07135671377182007, "mean_length": 6.0}
{"mode": "train", "epoch": 85, "loss": 3.516850312550863, "acc": 0.642533520857493, "acc_or": 0.8953034083048502, "sender_entropy": 1.3124770720799763, "receiver_entropy": 0.0, "original_loss": 0.2744034032026927, "mean_length": 5.99999984105428}
{"mode": "test", "epoch": 85, "loss": 3.102386951446533, "acc": 0.9653679728507996, "acc_or": 0.9913420081138611, "sender_entropy": 1.4458235502243042, "receiver_entropy": 0.0, "original_loss": 0.07200349867343903, "mean_length": 6.0}
{"mode": "train", "epoch": 86, "loss": 3.489872614542643, "acc": 0.643599271774292, "acc_or": 0.8962269226710001, "sender_entropy": 1.3139747778574626, "receiver_entropy": 0.0, "original_loss": 0.27175169189771015, "mean_length": 5.99999984105428}
{"mode": "test", "epoch": 86, "loss": 3.0684609413146973, "acc": 0.9567099809646606, "acc_or": 0.9891774654388428, "sender_entropy": 1.4476310014724731, "receiver_entropy": 0.0, "original_loss": 0.06815696507692337, "mean_length": 6.0}
{"mode": "train", "epoch": 87, "loss": 3.439125378926595, "acc": 0.6484421690305074, "acc_or": 0.8974388241767883, "sender_entropy": 1.317328691482544, "receiver_entropy": 0.0, "original_loss": 0.2692066232363383, "mean_length": 5.99999984105428}
{"mode": "test", "epoch": 87, "loss": 3.052196979522705, "acc": 0.9307359457015991, "acc_or": 0.9826839566230774, "sender_entropy": 1.4562602043151855, "receiver_entropy": 0.0, "original_loss": 0.06942510604858398, "mean_length": 6.0}
{"mode": "train", "epoch": 88, "loss": 3.362966299057007, "acc": 0.6451970537503561, "acc_or": 0.8961650530497233, "sender_entropy": 1.3191449642181396, "receiver_entropy": 0.0, "original_loss": 0.2731834451357524, "mean_length": 5.99999984105428}
{"mode": "test", "epoch": 88, "loss": 2.9999663829803467, "acc": 0.9523809552192688, "acc_or": 0.988095223903656, "sender_entropy": 1.444267988204956, "receiver_entropy": 0.0, "original_loss": 0.06461412459611893, "mean_length": 6.0}
{"mode": "train", "epoch": 89, "loss": 3.418265422185262, "acc": 0.6673655311266581, "acc_or": 0.9033685127894083, "sender_entropy": 1.3107714653015137, "receiver_entropy": 0.0, "original_loss": 0.2540541688601176, "mean_length": 5.99999984105428}
{"mode": "test", "epoch": 89, "loss": 2.9417612552642822, "acc": 0.9653679728507996, "acc_or": 0.9913420081138611, "sender_entropy": 1.4358069896697998, "receiver_entropy": 0.0, "original_loss": 0.06518997251987457, "mean_length": 6.0}
{"mode": "train", "epoch": 90, "loss": 3.3631745179494223, "acc": 0.6584775845209757, "acc_or": 0.9014850656191508, "sender_entropy": 1.2990785042444866, "receiver_entropy": 0.0, "original_loss": 0.2563970883687337, "mean_length": 5.99999984105428}
{"mode": "test", "epoch": 90, "loss": 2.8907406330108643, "acc": 0.9610389471054077, "acc_or": 0.9902597665786743, "sender_entropy": 1.4327260255813599, "receiver_entropy": 0.0, "original_loss": 0.0608186349272728, "mean_length": 6.0}
{"mode": "train", "epoch": 91, "loss": 3.4109702110290527, "acc": 0.6893581549326578, "acc_or": 0.9100522796312968, "sender_entropy": 1.289988398551941, "receiver_entropy": 0.0, "original_loss": 0.24084769189357758, "mean_length": 5.99999984105428}
{"mode": "test", "epoch": 91, "loss": 2.88784122467041, "acc": 0.9826839566230774, "acc_or": 0.9956709742546082, "sender_entropy": 1.4205130338668823, "receiver_entropy": 0.0, "original_loss": 0.05296112969517708, "mean_length": 6.0}
{"mode": "train", "epoch": 92, "loss": 3.3327701886494956, "acc": 0.6904127995173136, "acc_or": 0.9106981952985128, "sender_entropy": 1.2828962405522664, "receiver_entropy": 0.0, "original_loss": 0.23917973538239798, "mean_length": 5.99999984105428}
{"mode": "test", "epoch": 92, "loss": 2.8626534938812256, "acc": 0.9740259647369385, "acc_or": 0.9935064911842346, "sender_entropy": 1.4148966073989868, "receiver_entropy": 0.0, "original_loss": 0.053808048367500305, "mean_length": 6.0}
{"mode": "train", "epoch": 93, "loss": 3.2787819703420005, "acc": 0.6913511951764425, "acc_or": 0.9110725522041321, "sender_entropy": 1.279262940088908, "receiver_entropy": 0.0, "original_loss": 0.23878420889377594, "mean_length": 5.99999984105428}
{"mode": "test", "epoch": 93, "loss": 2.8139543533325195, "acc": 0.9567099809646606, "acc_or": 0.9891774654388428, "sender_entropy": 1.4094610214233398, "receiver_entropy": 0.0, "original_loss": 0.05930808186531067, "mean_length": 6.0}
{"mode": "train", "epoch": 94, "loss": 3.24176557858785, "acc": 0.6869119008382162, "acc_or": 0.9101128975550333, "sender_entropy": 1.2794309854507446, "receiver_entropy": 0.0, "original_loss": 0.24032125373681387, "mean_length": 5.99999984105428}
{"mode": "test", "epoch": 94, "loss": 2.7758822441101074, "acc": 0.9523809552192688, "acc_or": 0.988095223903656, "sender_entropy": 1.413975715637207, "receiver_entropy": 0.0, "original_loss": 0.06120966747403145, "mean_length": 6.0}
{"mode": "train", "epoch": 95, "loss": 3.2040834426879883, "acc": 0.6882643500963846, "acc_or": 0.909793496131897, "sender_entropy": 1.285979986190796, "receiver_entropy": 0.0, "original_loss": 0.2399460474650065, "mean_length": 5.99999984105428}
{"mode": "test", "epoch": 95, "loss": 2.7893545627593994, "acc": 0.9653679728507996, "acc_or": 0.9913420081138611, "sender_entropy": 1.4173485040664673, "receiver_entropy": 0.0, "original_loss": 0.05547253042459488, "mean_length": 6.0}
{"mode": "train", "epoch": 96, "loss": 3.1483837763468423, "acc": 0.6757388114929199, "acc_or": 0.9061742822329203, "sender_entropy": 1.2935049931208293, "receiver_entropy": 0.0, "original_loss": 0.24481666584809622, "mean_length": 5.99999984105428}
{"mode": "test", "epoch": 96, "loss": 2.8211870193481445, "acc": 0.9783549904823303, "acc_or": 0.9945887327194214, "sender_entropy": 1.4313167333602905, "receiver_entropy": 0.0, "original_loss": 0.04953540116548538, "mean_length": 6.0}
{"mode": "train", "epoch": 97, "loss": 3.0702733198801675, "acc": 0.666640043258667, "acc_or": 0.9029536843299866, "sender_entropy": 1.299639066060384, "receiver_entropy": 0.0, "original_loss": 0.25229323903719586, "mean_length": 5.99999984105428}
{"mode": "test", "epoch": 97, "loss": 2.7664754390716553, "acc": 0.9653679728507996, "acc_or": 0.9913420081138611, "sender_entropy": 1.4354479312896729, "receiver_entropy": 0.0, "original_loss": 0.053660452365875244, "mean_length": 6.0}
{"mode": "train", "epoch": 98, "loss": 3.046288808186849, "acc": 0.670183002948761, "acc_or": 0.9045681754748026, "sender_entropy": 1.3010988235473633, "receiver_entropy": 0.0, "original_loss": 0.24830650786558786, "mean_length": 5.99999984105428}
{"mode": "test", "epoch": 98, "loss": 2.7423510551452637, "acc": 0.9740259647369385, "acc_or": 0.9935064911842346, "sender_entropy": 1.4267663955688477, "receiver_entropy": 0.0, "original_loss": 0.05029858276247978, "mean_length": 6.0}
{"mode": "train", "epoch": 99, "loss": 3.1072682539621987, "acc": 0.6960397958755493, "acc_or": 0.9129531979560852, "sender_entropy": 1.286527117093404, "receiver_entropy": 0.0, "original_loss": 0.2317005842924118, "mean_length": 5.99999984105428}
{"mode": "test", "epoch": 99, "loss": 2.7342641353607178, "acc": 0.9783549904823303, "acc_or": 0.9945887327194214, "sender_entropy": 1.4177639484405518, "receiver_entropy": 0.0, "original_loss": 0.04808255285024643, "mean_length": 6.0}
{"mode": "train", "epoch": 100, "loss": 3.1155341466267905, "acc": 0.704172412554423, "acc_or": 0.9161510268847147, "sender_entropy": 1.282465656598409, "receiver_entropy": 0.0, "original_loss": 0.22602022190888724, "mean_length": 5.99999984105428}
{"mode": "test", "epoch": 100, "loss": 2.703207492828369, "acc": 0.9610389471054077, "acc_or": 0.9902597665786743, "sender_entropy": 1.4306001663208008, "receiver_entropy": 0.0, "original_loss": 0.05056493356823921, "mean_length": 6.0}
{"mode": "train", "epoch": 101, "loss": 3.0119849840799966, "acc": 0.6910505294799805, "acc_or": 0.9115209976832072, "sender_entropy": 1.296154260635376, "receiver_entropy": 0.0, "original_loss": 0.236085444688797, "mean_length": 5.99999984105428}
{"mode": "test", "epoch": 101, "loss": 2.7251510620117188, "acc": 0.9783549904823303, "acc_or": 0.9945887327194214, "sender_entropy": 1.4454677104949951, "receiver_entropy": 0.0, "original_loss": 0.04510131850838661, "mean_length": 6.0}
{"mode": "train", "epoch": 102, "loss": 2.949016729990641, "acc": 0.6792601744333903, "acc_or": 0.9072027405103048, "sender_entropy": 1.309183160463969, "receiver_entropy": 0.0, "original_loss": 0.24409225583076477, "mean_length": 5.99999984105428}
{"mode": "test", "epoch": 102, "loss": 2.7159171104431152, "acc": 0.9696969985961914, "acc_or": 0.9924242496490479, "sender_entropy": 1.4562371969223022, "receiver_entropy": 0.0, "original_loss": 0.052941154688596725, "mean_length": 6.0}
{"mode": "train", "epoch": 103, "loss": 2.8687540690104165, "acc": 0.6761808594067892, "acc_or": 0.9060204227765402, "sender_entropy": 1.3143089612325032, "receiver_entropy": 0.0, "original_loss": 0.2499951869249344, "mean_length": 5.99999984105428}
{"mode": "test", "epoch": 103, "loss": 2.697052001953125, "acc": 0.9653679728507996, "acc_or": 0.9913420081138611, "sender_entropy": 1.443413496017456, "receiver_entropy": 0.0, "original_loss": 0.04705006256699562, "mean_length": 6.0}
{"mode": "train", "epoch": 104, "loss": 2.8500946362813315, "acc": 0.6796817580858866, "acc_or": 0.9068737824757894, "sender_entropy": 1.3087273438771565, "receiver_entropy": 0.0, "original_loss": 0.24695012470086417, "mean_length": 5.99999984105428}
{"mode": "test", "epoch": 104, "loss": 2.665379762649536, "acc": 0.9956709742546082, "acc_or": 0.9989177584648132, "sender_entropy": 1.4336694478988647, "receiver_entropy": 0.0, "original_loss": 0.043679047375917435, "mean_length": 6.0}
{"mode": "train", "epoch": 105, "loss": 2.8826000690460205, "acc": 0.7015412648518881, "acc_or": 0.9142174124717712, "sender_entropy": 1.295858343442281, "receiver_entropy": 0.0, "original_loss": 0.2323888639609019, "mean_length": 5.99999984105428}
{"mode": "test", "epoch": 105, "loss": 2.608654499053955, "acc": 0.9826839566230774, "acc_or": 0.9956709742546082, "sender_entropy": 1.4280409812927246, "receiver_entropy": 0.0, "original_loss": 0.044531743973493576, "mean_length": 6.0}
{"mode": "train", "epoch": 106, "loss": 2.870537757873535, "acc": 0.6951301296552023, "acc_or": 0.9131552775700887, "sender_entropy": 1.2871264219284058, "receiver_entropy": 0.0, "original_loss": 0.22939548889795938, "mean_length": 5.99999984105428}
{"mode": "test", "epoch": 106, "loss": 2.5636353492736816, "acc": 0.9740259647369385, "acc_or": 0.9935064911842346, "sender_entropy": 1.4225856065750122, "receiver_entropy": 0.0, "original_loss": 0.04792175441980362, "mean_length": 6.0}
{"mode": "train", "epoch": 107, "loss": 2.8312976360321045, "acc": 0.6935564875602722, "acc_or": 0.9122677246729533, "sender_entropy": 1.2883768876393635, "receiver_entropy": 0.0, "original_loss": 0.2309959133466085, "mean_length": 5.99999984105428}
{"mode": "test", "epoch": 107, "loss": 2.550701379776001, "acc": 0.9740259647369385, "acc_or": 0.9935064911842346, "sender_entropy": 1.4276933670043945, "receiver_entropy": 0.0, "original_loss": 0.049362439662218094, "mean_length": 6.0}
{"mode": "train", "epoch": 108, "loss": 2.7577536900838218, "acc": 0.6868906815846761, "acc_or": 0.9095623890558878, "sender_entropy": 1.2919076681137085, "receiver_entropy": 0.0, "original_loss": 0.23766584694385529, "mean_length": 5.99999984105428}
{"mode": "test", "epoch": 108, "loss": 2.5253705978393555, "acc": 0.9523809552192688, "acc_or": 0.988095223903656, "sender_entropy": 1.4255189895629883, "receiver_entropy": 0.0, "original_loss": 0.05042070895433426, "mean_length": 6.0}
{"mode": "train", "epoch": 109, "loss": 2.6766937573750815, "acc": 0.6871975064277649, "acc_or": 0.9098169604937235, "sender_entropy": 1.2915164232254028, "receiver_entropy": 0.0, "original_loss": 0.2418739249308904, "mean_length": 5.99999984105428}
{"mode": "test", "epoch": 109, "loss": 2.5382232666015625, "acc": 0.9956709742546082, "acc_or": 0.9989177584648132, "sender_entropy": 1.4201856851577759, "receiver_entropy": 0.0, "original_loss": 0.039578426629304886, "mean_length": 6.0}
{"mode": "train", "epoch": 110, "loss": 2.7349358399709067, "acc": 0.698116660118103, "acc_or": 0.9134296178817749, "sender_entropy": 1.2841978470484416, "receiver_entropy": 0.0, "original_loss": 0.22869698206583658, "mean_length": 5.99999984105428}
{"mode": "test", "epoch": 110, "loss": 2.512972116470337, "acc": 0.9783549904823303, "acc_or": 0.9945887327194214, "sender_entropy": 1.4242737293243408, "receiver_entropy": 0.0, "original_loss": 0.0445917472243309, "mean_length": 6.0}
{"mode": "train", "epoch": 111, "loss": 2.7606259981791177, "acc": 0.7052334944407145, "acc_or": 0.9159126480420431, "sender_entropy": 1.285940170288086, "receiver_entropy": 0.0, "original_loss": 0.22398791710535684, "mean_length": 5.99999984105428}
{"mode": "test", "epoch": 111, "loss": 2.4863712787628174, "acc": 0.9870129823684692, "acc_or": 0.9967532753944397, "sender_entropy": 1.4271897077560425, "receiver_entropy": 0.0, "original_loss": 0.043360475450754166, "mean_length": 6.0}
{"mode": "train", "epoch": 112, "loss": 2.7020888328552246, "acc": 0.709537943204244, "acc_or": 0.9163714448610941, "sender_entropy": 1.2887043952941895, "receiver_entropy": 0.0, "original_loss": 0.2244226336479187, "mean_length": 5.99999984105428}
{"mode": "test", "epoch": 112, "loss": 2.473233461380005, "acc": 0.9783549904823303, "acc_or": 0.9945887327194214, "sender_entropy": 1.427911400794983, "receiver_entropy": 0.0, "original_loss": 0.04331877827644348, "mean_length": 6.0}
{"mode": "train", "epoch": 113, "loss": 2.6717568238576255, "acc": 0.709571381409963, "acc_or": 0.9169339140256246, "sender_entropy": 1.285499890645345, "receiver_entropy": 0.0, "original_loss": 0.22304454942544302, "mean_length": 5.99999984105428}
{"mode": "test", "epoch": 113, "loss": 2.463510751724243, "acc": 0.9783549904823303, "acc_or": 0.9945887327194214, "sender_entropy": 1.4239071607589722, "receiver_entropy": 0.0, "original_loss": 0.04055291414260864, "mean_length": 6.0}
{"mode": "train", "epoch": 114, "loss": 2.7097445329030356, "acc": 0.7197157740592957, "acc_or": 0.9203628500302633, "sender_entropy": 1.2797356446584065, "receiver_entropy": 0.0, "original_loss": 0.21504121025403342, "mean_length": 5.99999984105428}
{"mode": "test", "epoch": 114, "loss": 2.4663710594177246, "acc": 0.9956709742546082, "acc_or": 0.9989177584648132, "sender_entropy": 1.4225462675094604, "receiver_entropy": 0.0, "original_loss": 0.03891413286328316, "mean_length": 6.0}
{"mode": "train", "epoch": 115, "loss": 2.6779616673787436, "acc": 0.724269449710846, "acc_or": 0.921803335348765, "sender_entropy": 1.2775952021280925, "receiver_entropy": 0.0, "original_loss": 0.21382354199886322, "mean_length": 5.99999984105428}
{"mode": "test", "epoch": 115, "loss": 2.433175563812256, "acc": 0.9783549904823303, "acc_or": 0.9945887327194214, "sender_entropy": 1.4261530637741089, "receiver_entropy": 0.0, "original_loss": 0.042438119649887085, "mean_length": 6.0}
{"mode": "train", "epoch": 116, "loss": 2.6155577500661216, "acc": 0.7118453582127889, "acc_or": 0.9177358349164327, "sender_entropy": 1.2831873099009197, "receiver_entropy": 0.0, "original_loss": 0.21992171804110208, "mean_length": 5.99999984105428}
{"mode": "test", "epoch": 116, "loss": 2.406782388687134, "acc": 0.9826839566230774, "acc_or": 0.9956709742546082, "sender_entropy": 1.4235429763793945, "receiver_entropy": 0.0, "original_loss": 0.043069638311862946, "mean_length": 6.0}
{"mode": "train", "epoch": 117, "loss": 2.626619736353556, "acc": 0.7188248038291931, "acc_or": 0.9203294118245443, "sender_entropy": 1.2843101421991985, "receiver_entropy": 0.0, "original_loss": 0.213603546222051, "mean_length": 5.99999984105428}
{"mode": "test", "epoch": 117, "loss": 2.3954923152923584, "acc": 0.9870129823684692, "acc_or": 0.9967532753944397, "sender_entropy": 1.422959327697754, "receiver_entropy": 0.0, "original_loss": 0.040496956557035446, "mean_length": 6.0}
{"mode": "train", "epoch": 118, "loss": 2.5824777285257974, "acc": 0.7115637262662252, "acc_or": 0.9176619251569113, "sender_entropy": 1.2817200819651287, "receiver_entropy": 0.0, "original_loss": 0.21719028055667877, "mean_length": 5.99999984105428}
{"mode": "test", "epoch": 118, "loss": 2.3958988189697266, "acc": 0.9783549904823303, "acc_or": 0.9945887327194214, "sender_entropy": 1.4281352758407593, "receiver_entropy": 0.0, "original_loss": 0.03943198546767235, "mean_length": 6.0}
{"mode": "train", "epoch": 119, "loss": 2.5518778959910073, "acc": 0.7170670032501221, "acc_or": 0.9193965395291647, "sender_entropy": 1.2904609044392903, "receiver_entropy": 0.0, "original_loss": 0.217575674255689, "mean_length": 5.99999984105428}
{"mode": "test", "epoch": 119, "loss": 2.3731884956359863, "acc": 0.9696969985961914, "acc_or": 0.9924242496490479, "sender_entropy": 1.434234619140625, "receiver_entropy": 0.0, "original_loss": 0.042792998254299164, "mean_length": 6.0}
{"mode": "train", "epoch": 120, "loss": 2.454211473464966, "acc": 0.7045684258143107, "acc_or": 0.9152771631876627, "sender_entropy": 1.2944923241933186, "receiver_entropy": 0.0, "original_loss": 0.22541642685731253, "mean_length": 5.99999984105428}
{"mode": "test", "epoch": 120, "loss": 2.3352103233337402, "acc": 0.9740259647369385, "acc_or": 0.9935064911842346, "sender_entropy": 1.4314422607421875, "receiver_entropy": 0.0, "original_loss": 0.04469439387321472, "mean_length": 6.0}
{"mode": "train", "epoch": 121, "loss": 2.4675698280334473, "acc": 0.7135186394055685, "acc_or": 0.9173575242360433, "sender_entropy": 1.2903055747350056, "receiver_entropy": 0.0, "original_loss": 0.22077442208925882, "mean_length": 5.99999984105428}
{"mode": "test", "epoch": 121, "loss": 2.349465847015381, "acc": 0.9696969985961914, "acc_or": 0.9924242496490479, "sender_entropy": 1.43471360206604, "receiver_entropy": 0.0, "original_loss": 0.042856257408857346, "mean_length": 6.0}
{"mode": "train", "epoch": 122, "loss": 2.463731288909912, "acc": 0.7168288628260294, "acc_or": 0.9195485909779867, "sender_entropy": 1.293155590693156, "receiver_entropy": 0.0, "original_loss": 0.21777822077274323, "mean_length": 5.99999984105428}
{"mode": "test", "epoch": 122, "loss": 2.3518362045288086, "acc": 0.9826839566230774, "acc_or": 0.9956709742546082, "sender_entropy": 1.4329637289047241, "receiver_entropy": 0.0, "original_loss": 0.03983030095696449, "mean_length": 6.0}
{"mode": "train", "epoch": 123, "loss": 2.452712059020996, "acc": 0.716362714767456, "acc_or": 0.9190279444058737, "sender_entropy": 1.2929788033167522, "receiver_entropy": 0.0, "original_loss": 0.21614662806193033, "mean_length": 5.99999984105428}
{"mode": "test", "epoch": 123, "loss": 2.3305163383483887, "acc": 0.9696969985961914, "acc_or": 0.9924242496490479, "sender_entropy": 1.435718297958374, "receiver_entropy": 0.0, "original_loss": 0.041963934898376465, "mean_length": 6.0}
{"mode": "train", "epoch": 124, "loss": 2.4163249333699546, "acc": 0.7102253238360087, "acc_or": 0.9173633853594462, "sender_entropy": 1.2938590049743652, "receiver_entropy": 0.0, "original_loss": 0.218094473083814, "mean_length": 5.99999984105428}
{"mode": "test", "epoch": 124, "loss": 2.3141815662384033, "acc": 0.9696969985961914, "acc_or": 0.9924242496490479, "sender_entropy": 1.4360038042068481, "receiver_entropy": 0.0, "original_loss": 0.04434874653816223, "mean_length": 6.0}
{"mode": "train", "epoch": 125, "loss": 2.337873617808024, "acc": 0.70806751648585, "acc_or": 0.9161789019902548, "sender_entropy": 1.293710748354594, "receiver_entropy": 0.0, "original_loss": 0.2242874801158905, "mean_length": 5.99999984105428}
{"mode": "test", "epoch": 125, "loss": 2.2969396114349365, "acc": 0.9913420081138611, "acc_or": 0.9978355169296265, "sender_entropy": 1.4272346496582031, "receiver_entropy": 0.0, "original_loss": 0.03714558109641075, "mean_length": 6.0}
{"mode": "train", "epoch": 126, "loss": 2.338913838068644, "acc": 0.7139092683792114, "acc_or": 0.917377769947052, "sender_entropy": 1.2879139979680378, "receiver_entropy": 0.0, "original_loss": 0.22005034983158112, "mean_length": 5.99999984105428}
{"mode": "test", "epoch": 126, "loss": 2.284550666809082, "acc": 0.9740259647369385, "acc_or": 0.9935064911842346, "sender_entropy": 1.4334502220153809, "receiver_entropy": 0.0, "original_loss": 0.04164895415306091, "mean_length": 6.0}
{"mode": "train", "epoch": 127, "loss": 2.3289827505747476, "acc": 0.7124107877413431, "acc_or": 0.9179657896359762, "sender_entropy": 1.2985158363978069, "receiver_entropy": 0.0, "original_loss": 0.2201677660147349, "mean_length": 5.99999984105428}
{"mode": "test", "epoch": 127, "loss": 2.284735679626465, "acc": 0.9653679728507996, "acc_or": 0.9913420081138611, "sender_entropy": 1.4383776187896729, "receiver_entropy": 0.0, "original_loss": 0.04130939021706581, "mean_length": 6.0}
{"mode": "train", "epoch": 128, "loss": 2.26639461517334, "acc": 0.7027904788653055, "acc_or": 0.9144225319226583, "sender_entropy": 1.3044698635737102, "receiver_entropy": 0.0, "original_loss": 0.22628061473369598, "mean_length": 5.99999984105428}
{"mode": "test", "epoch": 128, "loss": 2.271278142929077, "acc": 0.9783549904823303, "acc_or": 0.9945887327194214, "sender_entropy": 1.43476140499115, "receiver_entropy": 0.0, "original_loss": 0.038358863443136215, "mean_length": 6.0}
{"mode": "train", "epoch": 129, "loss": 2.2862497170766196, "acc": 0.7109846075375875, "acc_or": 0.9174702167510986, "sender_entropy": 1.2918017705281575, "receiver_entropy": 0.0, "original_loss": 0.2179004947344462, "mean_length": 5.99999984105428}
{"mode": "test", "epoch": 129, "loss": 2.2362451553344727, "acc": 0.9913420081138611, "acc_or": 0.9978355169296265, "sender_entropy": 1.4261091947555542, "receiver_entropy": 0.0, "original_loss": 0.034683581441640854, "mean_length": 6.0}
{"mode": "train", "epoch": 130, "loss": 2.319291035334269, "acc": 0.7196916739145914, "acc_or": 0.9201066692670187, "sender_entropy": 1.2862719297409058, "receiver_entropy": 0.0, "original_loss": 0.21317877868811289, "mean_length": 5.99999984105428}
{"mode": "test", "epoch": 130, "loss": 2.2298903465270996, "acc": 0.9870129823684692, "acc_or": 0.9967532753944397, "sender_entropy": 1.4274251461029053, "receiver_entropy": 0.0, "original_loss": 0.03580961003899574, "mean_length": 6.0}
{"mode": "train", "epoch": 131, "loss": 2.3298529783884683, "acc": 0.7274437546730042, "acc_or": 0.9229905605316162, "sender_entropy": 1.2880738178888957, "receiver_entropy": 0.0, "original_loss": 0.20593856771787009, "mean_length": 5.99999984105428}
{"mode": "test", "epoch": 131, "loss": 2.224679470062256, "acc": 0.9740259647369385, "acc_or": 0.9935064911842346, "sender_entropy": 1.4385792016983032, "receiver_entropy": 0.0, "original_loss": 0.03861555829644203, "mean_length": 6.0}
{"mode": "train", "epoch": 132, "loss": 2.2004615465799966, "acc": 0.7164641618728638, "acc_or": 0.9183789690335592, "sender_entropy": 1.2992380062739055, "receiver_entropy": 0.0, "original_loss": 0.218989888827006, "mean_length": 5.99999984105428}
{"mode": "test", "epoch": 132, "loss": 2.228055477142334, "acc": 0.9783549904823303, "acc_or": 0.9945887327194214, "sender_entropy": 1.4432954788208008, "receiver_entropy": 0.0, "original_loss": 0.037446554750204086, "mean_length": 6.0}
{"mode": "train", "epoch": 133, "loss": 2.2108667691548667, "acc": 0.7119896014531454, "acc_or": 0.9179437359174093, "sender_entropy": 1.3056925535202026, "receiver_entropy": 0.0, "original_loss": 0.2189294844865799, "mean_length": 5.99999984105428}
{"mode": "test", "epoch": 133, "loss": 2.215397596359253, "acc": 0.9913420081138611, "acc_or": 0.9978355169296265, "sender_entropy": 1.4359588623046875, "receiver_entropy": 0.0, "original_loss": 0.034547965973615646, "mean_length": 6.0}
{"mode": "train", "epoch": 134, "loss": 2.1971285343170166, "acc": 0.7166483203570048, "acc_or": 0.919672966003418, "sender_entropy": 1.2982513904571533, "receiver_entropy": 0.0, "original_loss": 0.21548386911551157, "mean_length": 5.99999984105428}
{"mode": "test", "epoch": 134, "loss": 2.1887497901916504, "acc": 0.9826839566230774, "acc_or": 0.9956709742546082, "sender_entropy": 1.4316846132278442, "receiver_entropy": 0.0, "original_loss": 0.03606518730521202, "mean_length": 6.0}
{"mode": "train", "epoch": 135, "loss": 2.1706249713897705, "acc": 0.7169961531956991, "acc_or": 0.9191772143046061, "sender_entropy": 1.3007295926411946, "receiver_entropy": 0.0, "original_loss": 0.21693797409534454, "mean_length": 5.99999984105428}
{"mode": "test", "epoch": 135, "loss": 2.143563747406006, "acc": 0.9783549904823303, "acc_or": 0.9945887327194214, "sender_entropy": 1.4241291284561157, "receiver_entropy": 0.0, "original_loss": 0.03807967156171799, "mean_length": 6.0}
{"mode": "train", "epoch": 136, "loss": 2.201460679372152, "acc": 0.7274541854858398, "acc_or": 0.9227085908253988, "sender_entropy": 1.2908664147059123, "receiver_entropy": 0.0, "original_loss": 0.2079554150501887, "mean_length": 5.99999984105428}
{"mode": "test", "epoch": 136, "loss": 2.1527087688446045, "acc": 0.9826839566230774, "acc_or": 0.9956709742546082, "sender_entropy": 1.4228764772415161, "receiver_entropy": 0.0, "original_loss": 0.03587959706783295, "mean_length": 6.0}
{"mode": "train", "epoch": 137, "loss": 2.1635653972625732, "acc": 0.7319470643997192, "acc_or": 0.9234508872032166, "sender_entropy": 1.2921593189239502, "receiver_entropy": 0.0, "original_loss": 0.20828918615976968, "mean_length": 5.99999984105428}
{"mode": "test", "epoch": 137, "loss": 2.1166317462921143, "acc": 0.9783549904823303, "acc_or": 0.9945887327194214, "sender_entropy": 1.4240553379058838, "receiver_entropy": 0.0, "original_loss": 0.03888337314128876, "mean_length": 6.0}
{"mode": "train", "epoch": 138, "loss": 2.125293731689453, "acc": 0.7176770170529684, "acc_or": 0.9199619889259338, "sender_entropy": 1.2907079855600994, "receiver_entropy": 0.0, "original_loss": 0.2130677898724874, "mean_length": 5.99999984105428}
{"mode": "test", "epoch": 138, "loss": 2.128931999206543, "acc": 0.9870129823684692, "acc_or": 0.9967532753944397, "sender_entropy": 1.4295419454574585, "receiver_entropy": 0.0, "original_loss": 0.03459623083472252, "mean_length": 6.0}
{"mode": "train", "epoch": 139, "loss": 2.10483980178833, "acc": 0.7180953621864319, "acc_or": 0.9201077421506246, "sender_entropy": 1.2978926102320354, "receiver_entropy": 0.0, "original_loss": 0.21354316174983978, "mean_length": 5.99999984105428}
{"mode": "test", "epoch": 139, "loss": 2.0816125869750977, "acc": 0.9783549904823303, "acc_or": 0.9945887327194214, "sender_entropy": 1.4292142391204834, "receiver_entropy": 0.0, "original_loss": 0.03880888223648071, "mean_length": 6.0}
{"mode": "train", "epoch": 140, "loss": 2.0661120414733887, "acc": 0.7163386344909668, "acc_or": 0.9192795356114706, "sender_entropy": 1.2948621114095051, "receiver_entropy": 0.0, "original_loss": 0.21538964410622916, "mean_length": 5.99999984105428}
{"mode": "test", "epoch": 140, "loss": 2.0957677364349365, "acc": 0.9740259647369385, "acc_or": 0.9935064911842346, "sender_entropy": 1.4335449934005737, "receiver_entropy": 0.0, "original_loss": 0.03814620524644852, "mean_length": 6.0}
{"mode": "train", "epoch": 141, "loss": 2.0646866957346597, "acc": 0.7266959349314371, "acc_or": 0.9221141735712687, "sender_entropy": 1.293766458829244, "receiver_entropy": 0.0, "original_loss": 0.2109358807404836, "mean_length": 5.99999984105428}
{"mode": "test", "epoch": 141, "loss": 2.1242003440856934, "acc": 1.0, "acc_or": 1.0, "sender_entropy": 1.4302529096603394, "receiver_entropy": 0.0, "original_loss": 0.03022426925599575, "mean_length": 6.0}
{"epoch": 141, "positional_disent": 0.04499097540974617, "bag_of_symbol_disent": 0.19046753644943237, "topographic_sim": 0.45075133152316577}
{"generalization hold out": {"acc": 0.9765625, "acc_or": 0.9921875}, "uniform holdout": {"acc": 0.7999999523162842, "acc_or": 0.949999988079071}, "epoch": 141}
---End--
