nohup: ignoring input
{"mode": "train", "epoch": 1, "loss": -6.6368398269017534, "acc": 0.002851634349402351, "acc_or": 0.2280417283376058, "sender_entropy": 2.300640026728312, "receiver_entropy": 0.0, "original_loss": 1.580493450164795, "mean_length": 5.99999984105428}
{"mode": "test", "epoch": 1, "loss": 1.0888030529022217, "acc": 0.0043290043249726295, "acc_or": 0.23917749524116516, "sender_entropy": 2.298421621322632, "receiver_entropy": 0.0, "original_loss": 1.5258101224899292, "mean_length": 6.0}
{"mode": "train", "epoch": 2, "loss": 1.4258288939793904, "acc": 0.0035789307051648698, "acc_or": 0.2511637856562932, "sender_entropy": 2.298056125640869, "receiver_entropy": 0.0, "original_loss": 1.4862292607625325, "mean_length": 5.99999984105428}
{"mode": "test", "epoch": 2, "loss": 1.863815188407898, "acc": 0.008658008649945259, "acc_or": 0.32034632563591003, "sender_entropy": 2.297314167022705, "receiver_entropy": 0.0, "original_loss": 1.4094449281692505, "mean_length": 6.0}
{"mode": "train", "epoch": 3, "loss": 1.8455966313680012, "acc": 0.0049777710034201545, "acc_or": 0.2578682502110799, "sender_entropy": 2.2975098292032876, "receiver_entropy": 0.0, "original_loss": 1.4019606908162434, "mean_length": 5.99999984105428}
{"mode": "test", "epoch": 3, "loss": 1.5847313404083252, "acc": 0.0043290043249726295, "acc_or": 0.2651515007019043, "sender_entropy": 2.2977147102355957, "receiver_entropy": 0.0, "original_loss": 1.3857641220092773, "mean_length": 6.0}
{"mode": "train", "epoch": 4, "loss": 1.487788438796997, "acc": 0.0044616135613371926, "acc_or": 0.25783687829971313, "sender_entropy": 2.298127810160319, "receiver_entropy": 0.0, "original_loss": 1.389742334683736, "mean_length": 5.99999984105428}
{"mode": "test", "epoch": 4, "loss": 1.3787702322006226, "acc": 0.008658008649945259, "acc_or": 0.30519479513168335, "sender_entropy": 2.298973321914673, "receiver_entropy": 0.0, "original_loss": 1.3765819072723389, "mean_length": 6.0}
{"mode": "train", "epoch": 5, "loss": 1.2157251834869385, "acc": 0.004272775646920006, "acc_or": 0.258345107237498, "sender_entropy": 2.299020210901896, "receiver_entropy": 0.0, "original_loss": 1.388120214144389, "mean_length": 5.99999984105428}
{"mode": "test", "epoch": 5, "loss": 1.2438123226165771, "acc": 0.017316017299890518, "acc_or": 0.3127705752849579, "sender_entropy": 2.299591541290283, "receiver_entropy": 0.0, "original_loss": 1.3715592622756958, "mean_length": 6.0}
{"mode": "train", "epoch": 6, "loss": 1.045740048090617, "acc": 0.004560169298201799, "acc_or": 0.26021874944369, "sender_entropy": 2.299563487370809, "receiver_entropy": 0.0, "original_loss": 1.386890451113383, "mean_length": 5.99999984105428}
{"mode": "test", "epoch": 6, "loss": 1.1389213800430298, "acc": 0.0043290043249726295, "acc_or": 0.29870128631591797, "sender_entropy": 2.3001692295074463, "receiver_entropy": 0.0, "original_loss": 1.3691599369049072, "mean_length": 6.0}
{"mode": "train", "epoch": 7, "loss": 0.9265205264091492, "acc": 0.004809435379380981, "acc_or": 0.25860534111658734, "sender_entropy": 2.300257126490275, "receiver_entropy": 0.0, "original_loss": 1.3861326773961384, "mean_length": 5.99999984105428}
{"mode": "test", "epoch": 7, "loss": 1.0870708227157593, "acc": 0.0043290043249726295, "acc_or": 0.3160173296928406, "sender_entropy": 2.3008735179901123, "receiver_entropy": 0.0, "original_loss": 1.365935206413269, "mean_length": 6.0}
{"mode": "train", "epoch": 8, "loss": 0.8341137568155924, "acc": 0.0039044516161084175, "acc_or": 0.26175912221272785, "sender_entropy": 2.30096173286438, "receiver_entropy": 0.0, "original_loss": 1.3859668175379436, "mean_length": 5.99999984105428}
{"mode": "test", "epoch": 8, "loss": 1.050575852394104, "acc": 0.021645020693540573, "acc_or": 0.38311687111854553, "sender_entropy": 2.3013556003570557, "receiver_entropy": 0.0, "original_loss": 1.3630564212799072, "mean_length": 6.0}
{"mode": "train", "epoch": 9, "loss": 0.7658617695172628, "acc": 0.004528516360248129, "acc_or": 0.2609879473845164, "sender_entropy": 2.301377852757772, "receiver_entropy": 0.0, "original_loss": 1.3856173356374104, "mean_length": 5.99999984105428}
{"mode": "test", "epoch": 9, "loss": 1.0396592617034912, "acc": 0.025974025949835777, "acc_or": 0.4188311696052551, "sender_entropy": 2.3014581203460693, "receiver_entropy": 0.0, "original_loss": 1.3591879606246948, "mean_length": 6.0}
{"mode": "train", "epoch": 10, "loss": 0.7150047818819681, "acc": 0.005081002600491047, "acc_or": 0.26639456550280255, "sender_entropy": 2.301491101582845, "receiver_entropy": 0.0, "original_loss": 1.3851038217544556, "mean_length": 5.99999984105428}
{"mode": "test", "epoch": 10, "loss": 1.0447056293487549, "acc": 0.034632034599781036, "acc_or": 0.4491342008113861, "sender_entropy": 2.301424503326416, "receiver_entropy": 0.0, "original_loss": 1.3548139333724976, "mean_length": 6.0}
{"mode": "train", "epoch": 11, "loss": 0.6685789823532104, "acc": 0.004093289530525605, "acc_or": 0.26572508613268536, "sender_entropy": 2.301462093989054, "receiver_entropy": 0.0, "original_loss": 1.3850646018981934, "mean_length": 5.99999984105428}
{"mode": "test", "epoch": 11, "loss": 1.0883703231811523, "acc": 0.021645020693540573, "acc_or": 0.4761904776096344, "sender_entropy": 2.3013453483581543, "receiver_entropy": 0.0, "original_loss": 1.3479936122894287, "mean_length": 6.0}
{"mode": "train", "epoch": 12, "loss": 0.6340608596801758, "acc": 0.005639963162442048, "acc_or": 0.26631165544192, "sender_entropy": 2.301349322001139, "receiver_entropy": 0.0, "original_loss": 1.3847308158874512, "mean_length": 5.99999984105428}
{"mode": "test", "epoch": 12, "loss": 1.1441963911056519, "acc": 0.051948051899671555, "acc_or": 0.48701298236846924, "sender_entropy": 2.3011868000030518, "receiver_entropy": 0.0, "original_loss": 1.3405983448028564, "mean_length": 6.0}
{"mode": "train", "epoch": 13, "loss": 0.6086163520812988, "acc": 0.004690377584969004, "acc_or": 0.2724072535832723, "sender_entropy": 2.301121234893799, "receiver_entropy": 0.0, "original_loss": 1.3841269413630168, "mean_length": 5.99999984105428}
{"mode": "test", "epoch": 13, "loss": 1.220490574836731, "acc": 0.025974025949835777, "acc_or": 0.48917749524116516, "sender_entropy": 2.3008363246917725, "receiver_entropy": 0.0, "original_loss": 1.3316036462783813, "mean_length": 6.0}
{"mode": "train", "epoch": 14, "loss": 0.5834799806276957, "acc": 0.005015898495912552, "acc_or": 0.27164677778879803, "sender_entropy": 2.3006810347239175, "receiver_entropy": 0.0, "original_loss": 1.3838347593943279, "mean_length": 5.99999984105428}
{"mode": "test", "epoch": 14, "loss": 1.2844620943069458, "acc": 0.03030303120613098, "acc_or": 0.4935064911842346, "sender_entropy": 2.3001928329467773, "receiver_entropy": 0.0, "original_loss": 1.3235820531845093, "mean_length": 6.0}
{"mode": "train", "epoch": 15, "loss": 0.570564866065979, "acc": 0.005058701771001021, "acc_or": 0.27643904089927673, "sender_entropy": 2.2999271551767984, "receiver_entropy": 0.0, "original_loss": 1.3828498522440593, "mean_length": 5.99999984105428}
{"mode": "test", "epoch": 15, "loss": 1.3561798334121704, "acc": 0.034632034599781036, "acc_or": 0.49242424964904785, "sender_entropy": 2.29915452003479, "receiver_entropy": 0.0, "original_loss": 1.3146889209747314, "mean_length": 6.0}
{"mode": "train", "epoch": 16, "loss": 0.562859833240509, "acc": 0.006062240960697333, "acc_or": 0.28019941846529645, "sender_entropy": 2.2986931800842285, "receiver_entropy": 0.0, "original_loss": 1.381593386332194, "mean_length": 5.99999984105428}
{"mode": "test", "epoch": 16, "loss": 1.4555590152740479, "acc": 0.025974025949835777, "acc_or": 0.4826839864253998, "sender_entropy": 2.297532320022583, "receiver_entropy": 0.0, "original_loss": 1.3030990362167358, "mean_length": 6.0}
{"mode": "train", "epoch": 17, "loss": 0.5695286393165588, "acc": 0.0065114957590897875, "acc_or": 0.2900196413199107, "sender_entropy": 2.2966183026631675, "receiver_entropy": 0.0, "original_loss": 1.3792635202407837, "mean_length": 5.99999984105428}
{"mode": "test", "epoch": 17, "loss": 1.5967214107513428, "acc": 0.017316017299890518, "acc_or": 0.46645021438598633, "sender_entropy": 2.29465913772583, "receiver_entropy": 0.0, "original_loss": 1.286969542503357, "mean_length": 6.0}
{"mode": "train", "epoch": 18, "loss": 0.5889850457509359, "acc": 0.007743798972417911, "acc_or": 0.2972295681635539, "sender_entropy": 2.292720397313436, "receiver_entropy": 0.0, "original_loss": 1.3757814168930054, "mean_length": 5.99999984105428}
{"mode": "test", "epoch": 18, "loss": 1.75175142288208, "acc": 0.017316017299890518, "acc_or": 0.46212121844291687, "sender_entropy": 2.2886574268341064, "receiver_entropy": 0.0, "original_loss": 1.266915202140808, "mean_length": 6.0}
{"mode": "train", "epoch": 19, "loss": 0.6593374013900757, "acc": 0.00807399582117796, "acc_or": 0.3121411204338074, "sender_entropy": 2.2844906648000083, "receiver_entropy": 0.0, "original_loss": 1.36785089969635, "mean_length": 5.99999984105428}
{"mode": "test", "epoch": 19, "loss": 1.8819141387939453, "acc": 0.017316017299890518, "acc_or": 0.4588744640350342, "sender_entropy": 2.2765398025512695, "receiver_entropy": 0.0, "original_loss": 1.2446978092193604, "mean_length": 6.0}
{"mode": "train", "epoch": 20, "loss": 0.8270023663838705, "acc": 0.01045407447963953, "acc_or": 0.3319103916486104, "sender_entropy": 2.2667566935221353, "receiver_entropy": 0.0, "original_loss": 1.3507198095321655, "mean_length": 5.99999984105428}
{"mode": "test", "epoch": 20, "loss": 1.8532609939575195, "acc": 0.017316017299890518, "acc_or": 0.4437229335308075, "sender_entropy": 2.2543694972991943, "receiver_entropy": 0.0, "original_loss": 1.2316629886627197, "mean_length": 6.0}
{"mode": "train", "epoch": 21, "loss": 1.0723857283592224, "acc": 0.010020646266639233, "acc_or": 0.352409303188324, "sender_entropy": 2.2369906902313232, "receiver_entropy": 0.0, "original_loss": 1.323917826016744, "mean_length": 5.99999984105428}
{"mode": "test", "epoch": 21, "loss": 1.5215990543365479, "acc": 0.017316017299890518, "acc_or": 0.4491342008113861, "sender_entropy": 2.2156851291656494, "receiver_entropy": 0.0, "original_loss": 1.2442091703414917, "mean_length": 6.0}
{"mode": "train", "epoch": 22, "loss": 1.2331854899724324, "acc": 0.011452937809129557, "acc_or": 0.36695648233095807, "sender_entropy": 2.2087257703145347, "receiver_entropy": 0.0, "original_loss": 1.3035722970962524, "mean_length": 5.99999984105428}
{"mode": "test", "epoch": 22, "loss": 1.715809941291809, "acc": 0.012987012974917889, "acc_or": 0.46212121844291687, "sender_entropy": 2.216892957687378, "receiver_entropy": 0.0, "original_loss": 1.226807713508606, "mean_length": 6.0}
{"mode": "train", "epoch": 23, "loss": 1.193973978360494, "acc": 0.012503956444561481, "acc_or": 0.3738519549369812, "sender_entropy": 2.2015055815378823, "receiver_entropy": 0.0, "original_loss": 1.3012619018554688, "mean_length": 5.99999984105428}
{"mode": "test", "epoch": 23, "loss": 1.9799920320510864, "acc": 0.021645020693540573, "acc_or": 0.4848484992980957, "sender_entropy": 2.1960818767547607, "receiver_entropy": 0.0, "original_loss": 1.19194757938385, "mean_length": 6.0}
{"mode": "train", "epoch": 24, "loss": 1.3411965370178223, "acc": 0.01586059822390477, "acc_or": 0.38536126414934796, "sender_entropy": 2.192271629969279, "receiver_entropy": 0.0, "original_loss": 1.2847280899683635, "mean_length": 5.99999984105428}
{"mode": "test", "epoch": 24, "loss": 2.29913330078125, "acc": 0.017316017299890518, "acc_or": 0.48376622796058655, "sender_entropy": 2.2040956020355225, "receiver_entropy": 0.0, "original_loss": 1.154985785484314, "mean_length": 6.0}
{"mode": "train", "epoch": 25, "loss": 1.3922550678253174, "acc": 0.017704016839464504, "acc_or": 0.39552058776219684, "sender_entropy": 2.1908125082651773, "receiver_entropy": 0.0, "original_loss": 1.2758976221084595, "mean_length": 5.99999984105428}
{"mode": "test", "epoch": 25, "loss": 2.376476287841797, "acc": 0.021645020693540573, "acc_or": 0.4913419783115387, "sender_entropy": 2.179612398147583, "receiver_entropy": 0.0, "original_loss": 1.1240308284759521, "mean_length": 6.0}
{"mode": "train", "epoch": 26, "loss": 1.6186379194259644, "acc": 0.021321075037121773, "acc_or": 0.41338223218917847, "sender_entropy": 2.1596221129099527, "receiver_entropy": 0.0, "original_loss": 1.2485382159550984, "mean_length": 5.99999984105428}
{"mode": "test", "epoch": 26, "loss": 2.3849680423736572, "acc": 0.025974025949835777, "acc_or": 0.5032467246055603, "sender_entropy": 2.145321846008301, "receiver_entropy": 0.0, "original_loss": 1.1020580530166626, "mean_length": 6.0}
{"mode": "train", "epoch": 27, "loss": 1.9170260826746623, "acc": 0.024994964400927227, "acc_or": 0.43222862482070923, "sender_entropy": 2.1207938194274902, "receiver_entropy": 0.0, "original_loss": 1.2117915948232014, "mean_length": 5.99999984105428}
{"mode": "test", "epoch": 27, "loss": 2.5372891426086426, "acc": 0.034632034599781036, "acc_or": 0.5075757503509521, "sender_entropy": 2.118238925933838, "receiver_entropy": 0.0, "original_loss": 1.0692472457885742, "mean_length": 6.0}
{"mode": "train", "epoch": 28, "loss": 2.1229817867279053, "acc": 0.02816276748975118, "acc_or": 0.44660558303197223, "sender_entropy": 2.095188776652018, "receiver_entropy": 0.0, "original_loss": 1.1840301752090454, "mean_length": 5.99999984105428}
{"mode": "test", "epoch": 28, "loss": 2.73179292678833, "acc": 0.034632034599781036, "acc_or": 0.5194805264472961, "sender_entropy": 2.0945496559143066, "receiver_entropy": 0.0, "original_loss": 1.0343416929244995, "mean_length": 6.0}
{"mode": "train", "epoch": 29, "loss": 2.395460923512777, "acc": 0.033443758264184, "acc_or": 0.46384118994077045, "sender_entropy": 2.0560192267100015, "receiver_entropy": 0.0, "original_loss": 1.1484694878260295, "mean_length": 5.99999984105428}
{"mode": "test", "epoch": 29, "loss": 2.9640145301818848, "acc": 0.0476190485060215, "acc_or": 0.540043294429779, "sender_entropy": 2.0648539066314697, "receiver_entropy": 0.0, "original_loss": 0.9949230551719666, "mean_length": 6.0}
{"mode": "train", "epoch": 30, "loss": 2.6457517941792807, "acc": 0.036710117012262344, "acc_or": 0.47706623872121173, "sender_entropy": 2.022719065348307, "receiver_entropy": 0.0, "original_loss": 1.1140538056691487, "mean_length": 5.99999984105428}
{"mode": "test", "epoch": 30, "loss": 3.1747725009918213, "acc": 0.05627705529332161, "acc_or": 0.5649350881576538, "sender_entropy": 2.070939540863037, "receiver_entropy": 0.0, "original_loss": 0.9590871334075928, "mean_length": 6.0}
{"mode": "train", "epoch": 31, "loss": 2.677433490753174, "acc": 0.03801687558492025, "acc_or": 0.48135843873023987, "sender_entropy": 2.023585319519043, "receiver_entropy": 0.0, "original_loss": 1.1015621026357014, "mean_length": 5.99999984105428}
{"mode": "test", "epoch": 31, "loss": 3.318916082382202, "acc": 0.0476190485060215, "acc_or": 0.5649350881576538, "sender_entropy": 2.062699317932129, "receiver_entropy": 0.0, "original_loss": 0.9321532249450684, "mean_length": 6.0}
{"mode": "train", "epoch": 32, "loss": 2.906879504521688, "acc": 0.04434528946876526, "acc_or": 0.49308133125305176, "sender_entropy": 1.9857066869735718, "receiver_entropy": 0.0, "original_loss": 1.0669160683949788, "mean_length": 5.99999984105428}
{"mode": "test", "epoch": 32, "loss": 3.2761569023132324, "acc": 0.06060606241226196, "acc_or": 0.5692640542984009, "sender_entropy": 2.0158510208129883, "receiver_entropy": 0.0, "original_loss": 0.9115657806396484, "mean_length": 6.0}
{"mode": "train", "epoch": 33, "loss": 3.0555361111958823, "acc": 0.05131611103812853, "acc_or": 0.5057659447193146, "sender_entropy": 1.9563428958257039, "receiver_entropy": 0.0, "original_loss": 1.0405970414479573, "mean_length": 5.99999984105428}
{"mode": "test", "epoch": 33, "loss": 3.6804919242858887, "acc": 0.08225107938051224, "acc_or": 0.5844155550003052, "sender_entropy": 2.047633647918701, "receiver_entropy": 0.0, "original_loss": 0.8708394169807434, "mean_length": 6.0}
{"mode": "train", "epoch": 34, "loss": 3.0854594707489014, "acc": 0.054005883634090424, "acc_or": 0.5120244026184082, "sender_entropy": 1.9687384366989136, "receiver_entropy": 0.0, "original_loss": 1.0305393536885579, "mean_length": 5.99999984105428}
{"mode": "test", "epoch": 34, "loss": 3.891667127609253, "acc": 0.095238097012043, "acc_or": 0.6136363744735718, "sender_entropy": 2.0461437702178955, "receiver_entropy": 0.0, "original_loss": 0.8392584323883057, "mean_length": 6.0}
{"mode": "train", "epoch": 35, "loss": 3.210476875305176, "acc": 0.06137956057985624, "acc_or": 0.5263678232828776, "sender_entropy": 1.9514235258102417, "receiver_entropy": 0.0, "original_loss": 1.0074776411056519, "mean_length": 5.99999984105428}
{"mode": "test", "epoch": 35, "loss": 3.8783607482910156, "acc": 0.10389610379934311, "acc_or": 0.6244588494300842, "sender_entropy": 2.0089271068573, "receiver_entropy": 0.0, "original_loss": 0.8125301003456116, "mean_length": 6.0}
{"mode": "train", "epoch": 36, "loss": 3.507573127746582, "acc": 0.0674324482679367, "acc_or": 0.5445774594942728, "sender_entropy": 1.9063827196757, "receiver_entropy": 0.0, "original_loss": 0.9628002246220907, "mean_length": 5.99999984105428}
{"mode": "test", "epoch": 36, "loss": 4.034554481506348, "acc": 0.12554112076759338, "acc_or": 0.6515151262283325, "sender_entropy": 1.9890165328979492, "receiver_entropy": 0.0, "original_loss": 0.7725252509117126, "mean_length": 6.0}
{"mode": "train", "epoch": 37, "loss": 3.6671359539031982, "acc": 0.08122374365727107, "acc_or": 0.5655568242073059, "sender_entropy": 1.8849951823552449, "receiver_entropy": 0.0, "original_loss": 0.9312801361083984, "mean_length": 5.99999984105428}
{"mode": "test", "epoch": 37, "loss": 4.091156959533691, "acc": 0.1428571492433548, "acc_or": 0.6547619104385376, "sender_entropy": 1.9649646282196045, "receiver_entropy": 0.0, "original_loss": 0.747850239276886, "mean_length": 6.0}
{"mode": "train", "epoch": 38, "loss": 3.76180108388265, "acc": 0.0861493597428004, "acc_or": 0.5787059863408407, "sender_entropy": 1.851872722307841, "receiver_entropy": 0.0, "original_loss": 0.9053413073221842, "mean_length": 5.99999984105428}
{"mode": "test", "epoch": 38, "loss": 4.320442199707031, "acc": 0.17316016554832458, "acc_or": 0.6904761791229248, "sender_entropy": 1.9552500247955322, "receiver_entropy": 0.0, "original_loss": 0.6998274326324463, "mean_length": 6.0}
{"mode": "train", "epoch": 39, "loss": 3.8329151471455893, "acc": 0.09511898706356685, "acc_or": 0.588041345278422, "sender_entropy": 1.8337550560633342, "receiver_entropy": 0.0, "original_loss": 0.8850085934003195, "mean_length": 5.99999984105428}
{"mode": "test", "epoch": 39, "loss": 4.296493053436279, "acc": 0.1428571492433548, "acc_or": 0.6872294545173645, "sender_entropy": 1.9384765625, "receiver_entropy": 0.0, "original_loss": 0.6893025636672974, "mean_length": 6.0}
{"mode": "train", "epoch": 40, "loss": 3.9327832063039145, "acc": 0.10545867681503296, "acc_or": 0.6022197405497233, "sender_entropy": 1.8174899021784465, "receiver_entropy": 0.0, "original_loss": 0.8581762909889221, "mean_length": 5.99999984105428}
{"mode": "test", "epoch": 40, "loss": 4.478525161743164, "acc": 0.20346319675445557, "acc_or": 0.7164502143859863, "sender_entropy": 1.9238542318344116, "receiver_entropy": 0.0, "original_loss": 0.6460707187652588, "mean_length": 6.0}
{"mode": "train", "epoch": 41, "loss": 3.9438541730244956, "acc": 0.10794666409492493, "acc_or": 0.6088835795720419, "sender_entropy": 1.8035078048706055, "receiver_entropy": 0.0, "original_loss": 0.8432732025782267, "mean_length": 5.99999984105428}
{"mode": "test", "epoch": 41, "loss": 4.428094863891602, "acc": 0.23376622796058655, "acc_or": 0.7186146974563599, "sender_entropy": 1.9095028638839722, "receiver_entropy": 0.0, "original_loss": 0.6281235218048096, "mean_length": 6.0}
{"mode": "train", "epoch": 42, "loss": 4.084237257639567, "acc": 0.11874748269716899, "acc_or": 0.6224697430928549, "sender_entropy": 1.7700608968734741, "receiver_entropy": 0.0, "original_loss": 0.8119064172108968, "mean_length": 5.99999984105428}
{"mode": "test", "epoch": 42, "loss": 4.393391132354736, "acc": 0.25108224153518677, "acc_or": 0.7348484992980957, "sender_entropy": 1.906435251235962, "receiver_entropy": 0.0, "original_loss": 0.6219426989555359, "mean_length": 6.0}
{"mode": "train", "epoch": 43, "loss": 3.976081053415934, "acc": 0.12233216812213261, "acc_or": 0.6250637571016947, "sender_entropy": 1.770087997118632, "receiver_entropy": 0.0, "original_loss": 0.8105841279029846, "mean_length": 5.99999984105428}
{"mode": "test", "epoch": 43, "loss": 4.438672065734863, "acc": 0.2554112672805786, "acc_or": 0.7413420081138611, "sender_entropy": 1.8988392353057861, "receiver_entropy": 0.0, "original_loss": 0.5987263321876526, "mean_length": 6.0}
{"mode": "train", "epoch": 44, "loss": 3.966493765513102, "acc": 0.13046838839848837, "acc_or": 0.6321201721827189, "sender_entropy": 1.7672077814737956, "receiver_entropy": 0.0, "original_loss": 0.7982431451479594, "mean_length": 5.99999984105428}
{"mode": "test", "epoch": 44, "loss": 4.384926795959473, "acc": 0.2770562767982483, "acc_or": 0.7521644830703735, "sender_entropy": 1.8914920091629028, "receiver_entropy": 0.0, "original_loss": 0.591181218624115, "mean_length": 6.0}
{"mode": "train", "epoch": 45, "loss": 3.9920565287272134, "acc": 0.13348368306954703, "acc_or": 0.6407282948493958, "sender_entropy": 1.7494862874348958, "receiver_entropy": 0.0, "original_loss": 0.7827488581339518, "mean_length": 5.99999984105428}
{"mode": "test", "epoch": 45, "loss": 4.384603977203369, "acc": 0.32900431752204895, "acc_or": 0.7770562767982483, "sender_entropy": 1.8678237199783325, "receiver_entropy": 0.0, "original_loss": 0.5627397894859314, "mean_length": 6.0}
{"mode": "train", "epoch": 46, "loss": 4.071412086486816, "acc": 0.15245453516642252, "acc_or": 0.6524121761322021, "sender_entropy": 1.7324057817459106, "receiver_entropy": 0.0, "original_loss": 0.759372611840566, "mean_length": 5.99999984105428}
{"mode": "test", "epoch": 46, "loss": 4.399774551391602, "acc": 0.3160173296928406, "acc_or": 0.7694805264472961, "sender_entropy": 1.8617438077926636, "receiver_entropy": 0.0, "original_loss": 0.5444619059562683, "mean_length": 6.0}
{"mode": "train", "epoch": 47, "loss": 4.033437252044678, "acc": 0.15625467896461487, "acc_or": 0.6568934718767802, "sender_entropy": 1.7205971082051594, "receiver_entropy": 0.0, "original_loss": 0.7505656679471334, "mean_length": 5.99999984105428}
{"mode": "test", "epoch": 47, "loss": 4.297609329223633, "acc": 0.350649356842041, "acc_or": 0.7727272510528564, "sender_entropy": 1.8337829113006592, "receiver_entropy": 0.0, "original_loss": 0.5317626595497131, "mean_length": 6.0}
{"mode": "train", "epoch": 48, "loss": 4.062252998352051, "acc": 0.16577787200609842, "acc_or": 0.6662692030270895, "sender_entropy": 1.7052622238794963, "receiver_entropy": 0.0, "original_loss": 0.7320834398269653, "mean_length": 5.99999984105428}
{"mode": "test", "epoch": 48, "loss": 4.29585075378418, "acc": 0.3549783527851105, "acc_or": 0.7857142686843872, "sender_entropy": 1.8255687952041626, "receiver_entropy": 0.0, "original_loss": 0.5062347054481506, "mean_length": 6.0}
{"mode": "train", "epoch": 49, "loss": 4.07741101582845, "acc": 0.184129332502683, "acc_or": 0.6766454180081686, "sender_entropy": 1.6896036465962727, "receiver_entropy": 0.0, "original_loss": 0.7134840488433838, "mean_length": 5.99999984105428}
{"mode": "test", "epoch": 49, "loss": 4.3153157234191895, "acc": 0.3982684016227722, "acc_or": 0.7997835278511047, "sender_entropy": 1.8284322023391724, "receiver_entropy": 0.0, "original_loss": 0.48844555020332336, "mean_length": 6.0}
{"mode": "train", "epoch": 50, "loss": 4.032545884450276, "acc": 0.19555996358394623, "acc_or": 0.6828401883443197, "sender_entropy": 1.6823992331822712, "receiver_entropy": 0.0, "original_loss": 0.703627328077952, "mean_length": 5.99999984105428}
{"mode": "test", "epoch": 50, "loss": 4.057615756988525, "acc": 0.36796537041664124, "acc_or": 0.7954545617103577, "sender_entropy": 1.7963007688522339, "receiver_entropy": 0.0, "original_loss": 0.49776336550712585, "mean_length": 6.0}
{"mode": "train", "epoch": 51, "loss": 4.137976169586182, "acc": 0.2195585866769155, "acc_or": 0.7012982169787089, "sender_entropy": 1.6485275030136108, "receiver_entropy": 0.0, "original_loss": 0.6733542680740356, "mean_length": 5.99999984105428}
{"mode": "test", "epoch": 51, "loss": 4.212281703948975, "acc": 0.40692639350891113, "acc_or": 0.8279221057891846, "sender_entropy": 1.7726640701293945, "receiver_entropy": 0.0, "original_loss": 0.4428633749485016, "mean_length": 6.0}
{"mode": "train", "epoch": 52, "loss": 4.149734179178874, "acc": 0.2299745281537374, "acc_or": 0.7098490794499716, "sender_entropy": 1.6183815399805705, "receiver_entropy": 0.0, "original_loss": 0.653116246064504, "mean_length": 5.99999984105428}
{"mode": "test", "epoch": 52, "loss": 4.133502960205078, "acc": 0.3722943663597107, "acc_or": 0.8030303120613098, "sender_entropy": 1.7533760070800781, "receiver_entropy": 0.0, "original_loss": 0.43670567870140076, "mean_length": 6.0}
{"mode": "train", "epoch": 53, "loss": 4.187428792317708, "acc": 0.246247336268425, "acc_or": 0.7208619316418966, "sender_entropy": 1.6096646785736084, "receiver_entropy": 0.0, "original_loss": 0.6343775987625122, "mean_length": 5.99999984105428}
{"mode": "test", "epoch": 53, "loss": 4.213573455810547, "acc": 0.40692639350891113, "acc_or": 0.8149350881576538, "sender_entropy": 1.7418792247772217, "receiver_entropy": 0.0, "original_loss": 0.41175326704978943, "mean_length": 6.0}
{"mode": "train", "epoch": 54, "loss": 4.104677200317383, "acc": 0.24878459672133127, "acc_or": 0.7221433321634928, "sender_entropy": 1.6108067830403645, "receiver_entropy": 0.0, "original_loss": 0.6323171059290568, "mean_length": 5.99999984105428}
{"mode": "test", "epoch": 54, "loss": 4.239574909210205, "acc": 0.4502164423465729, "acc_or": 0.8322510719299316, "sender_entropy": 1.7323369979858398, "receiver_entropy": 0.0, "original_loss": 0.39107707142829895, "mean_length": 6.0}
{"mode": "train", "epoch": 55, "loss": 4.145904064178467, "acc": 0.2742072443167369, "acc_or": 0.7313466469446818, "sender_entropy": 1.6017160018285115, "receiver_entropy": 0.0, "original_loss": 0.6154559850692749, "mean_length": 5.99999984105428}
{"mode": "test", "epoch": 55, "loss": 4.285195350646973, "acc": 0.4588744640350342, "acc_or": 0.8398268222808838, "sender_entropy": 1.7322200536727905, "receiver_entropy": 0.0, "original_loss": 0.37316054105758667, "mean_length": 6.0}
{"mode": "train", "epoch": 56, "loss": 4.088064352671306, "acc": 0.2769556442896525, "acc_or": 0.7348751425743103, "sender_entropy": 1.584635814030965, "receiver_entropy": 0.0, "original_loss": 0.6058064699172974, "mean_length": 5.99999984105428}
{"mode": "test", "epoch": 56, "loss": 4.126274108886719, "acc": 0.523809552192688, "acc_or": 0.8593073487281799, "sender_entropy": 1.6965118646621704, "receiver_entropy": 0.0, "original_loss": 0.3667697310447693, "mean_length": 6.0}
{"mode": "train", "epoch": 57, "loss": 4.168650468190511, "acc": 0.29696419835090637, "acc_or": 0.749760091304779, "sender_entropy": 1.5384633143742878, "receiver_entropy": 0.0, "original_loss": 0.5736841758092245, "mean_length": 5.99999984105428}
{"mode": "test", "epoch": 57, "loss": 4.106740474700928, "acc": 0.5454545617103577, "acc_or": 0.8647186160087585, "sender_entropy": 1.6732020378112793, "receiver_entropy": 0.0, "original_loss": 0.35159996151924133, "mean_length": 6.0}
{"mode": "train", "epoch": 58, "loss": 4.15618912378947, "acc": 0.3094627658526103, "acc_or": 0.7565727233886719, "sender_entropy": 1.5374157826105754, "receiver_entropy": 0.0, "original_loss": 0.5649355053901672, "mean_length": 5.99999984105428}
{"mode": "test", "epoch": 58, "loss": 4.0869855880737305, "acc": 0.5627705454826355, "acc_or": 0.8744588494300842, "sender_entropy": 1.6768128871917725, "receiver_entropy": 0.0, "original_loss": 0.33959585428237915, "mean_length": 6.0}
{"mode": "train", "epoch": 59, "loss": 4.193423748016357, "acc": 0.3279973069826762, "acc_or": 0.767242968082428, "sender_entropy": 1.5316133101781209, "receiver_entropy": 0.0, "original_loss": 0.5500630935033163, "mean_length": 5.99999984105428}
{"mode": "test", "epoch": 59, "loss": 4.0975165367126465, "acc": 0.5670995712280273, "acc_or": 0.8787878751754761, "sender_entropy": 1.6653821468353271, "receiver_entropy": 0.0, "original_loss": 0.32699868083000183, "mean_length": 6.0}
{"mode": "train", "epoch": 60, "loss": 4.083830674489339, "acc": 0.32866310079892475, "acc_or": 0.7663991252581278, "sender_entropy": 1.5334400335947673, "receiver_entropy": 0.0, "original_loss": 0.5490279793739319, "mean_length": 5.99999984105428}
{"mode": "test", "epoch": 60, "loss": 4.0761308670043945, "acc": 0.6103895902633667, "acc_or": 0.887445867061615, "sender_entropy": 1.658555030822754, "receiver_entropy": 0.0, "original_loss": 0.312332421541214, "mean_length": 6.0}
{"mode": "train", "epoch": 61, "loss": 4.13943338394165, "acc": 0.3491928478082021, "acc_or": 0.7790752053260803, "sender_entropy": 1.519350488980611, "receiver_entropy": 0.0, "original_loss": 0.5276423295338949, "mean_length": 5.99999984105428}
{"mode": "test", "epoch": 61, "loss": 3.941451072692871, "acc": 0.6190476417541504, "acc_or": 0.8971861600875854, "sender_entropy": 1.6390416622161865, "receiver_entropy": 0.0, "original_loss": 0.3004162311553955, "mean_length": 6.0}
{"mode": "train", "epoch": 62, "loss": 4.181320667266846, "acc": 0.3791533609231313, "acc_or": 0.7887435356775919, "sender_entropy": 1.4910126527150471, "receiver_entropy": 0.0, "original_loss": 0.5064429640769958, "mean_length": 5.99999984105428}
{"mode": "test", "epoch": 62, "loss": 3.8818538188934326, "acc": 0.6233766078948975, "acc_or": 0.8950216174125671, "sender_entropy": 1.6146316528320312, "receiver_entropy": 0.0, "original_loss": 0.2918837368488312, "mean_length": 6.0}
{"mode": "train", "epoch": 63, "loss": 4.119914213816325, "acc": 0.380563348531723, "acc_or": 0.7920320232709249, "sender_entropy": 1.4865916172663372, "receiver_entropy": 0.0, "original_loss": 0.5008934338887533, "mean_length": 5.99999984105428}
{"mode": "test", "epoch": 63, "loss": 3.839442253112793, "acc": 0.6017315983772278, "acc_or": 0.8885281085968018, "sender_entropy": 1.6004284620285034, "receiver_entropy": 0.0, "original_loss": 0.2844277620315552, "mean_length": 6.0}
{"mode": "train", "epoch": 64, "loss": 4.165069421132405, "acc": 0.40133840839068097, "acc_or": 0.802029013633728, "sender_entropy": 1.47628120581309, "receiver_entropy": 0.0, "original_loss": 0.4816851317882538, "mean_length": 5.99999984105428}
{"mode": "test", "epoch": 64, "loss": 4.06107759475708, "acc": 0.6709956526756287, "acc_or": 0.9080086350440979, "sender_entropy": 1.6252857446670532, "receiver_entropy": 0.0, "original_loss": 0.26016199588775635, "mean_length": 6.0}
{"mode": "train", "epoch": 65, "loss": 4.046994527180989, "acc": 0.39132315913836163, "acc_or": 0.7987827062606812, "sender_entropy": 1.4918577671051025, "receiver_entropy": 0.0, "original_loss": 0.4919099708398183, "mean_length": 5.99999984105428}
{"mode": "test", "epoch": 65, "loss": 3.8737916946411133, "acc": 0.6623376607894897, "acc_or": 0.9036796689033508, "sender_entropy": 1.61601984500885, "receiver_entropy": 0.0, "original_loss": 0.2727701663970947, "mean_length": 6.0}
{"mode": "train", "epoch": 66, "loss": 4.035463809967041, "acc": 0.3988291919231415, "acc_or": 0.8016597827275594, "sender_entropy": 1.4819478193918865, "receiver_entropy": 0.0, "original_loss": 0.4806811412175496, "mean_length": 5.99999984105428}
{"mode": "test", "epoch": 66, "loss": 4.022384166717529, "acc": 0.6969696879386902, "acc_or": 0.9188311696052551, "sender_entropy": 1.625077724456787, "receiver_entropy": 0.0, "original_loss": 0.244093656539917, "mean_length": 6.0}
{"mode": "train", "epoch": 67, "loss": 3.9367643197377524, "acc": 0.39927197496096295, "acc_or": 0.8020329674084982, "sender_entropy": 1.482077916463216, "receiver_entropy": 0.0, "original_loss": 0.48132167259852093, "mean_length": 5.99999984105428}
{"mode": "test", "epoch": 67, "loss": 3.8847267627716064, "acc": 0.6883116960525513, "acc_or": 0.9134199023246765, "sender_entropy": 1.6012309789657593, "receiver_entropy": 0.0, "original_loss": 0.24370084702968597, "mean_length": 6.0}
{"mode": "train", "epoch": 68, "loss": 4.043364524841309, "acc": 0.4218282401561737, "acc_or": 0.8108380436897278, "sender_entropy": 1.461467186609904, "receiver_entropy": 0.0, "original_loss": 0.4568924109141032, "mean_length": 5.99999984105428}
{"mode": "test", "epoch": 68, "loss": 3.871119499206543, "acc": 0.6753246784210205, "acc_or": 0.9134199023246765, "sender_entropy": 1.5841244459152222, "receiver_entropy": 0.0, "original_loss": 0.22372233867645264, "mean_length": 6.0}
{"mode": "train", "epoch": 69, "loss": 4.020839293797811, "acc": 0.4357292354106903, "acc_or": 0.8198498487472534, "sender_entropy": 1.4394430716832478, "receiver_entropy": 0.0, "original_loss": 0.4415777822335561, "mean_length": 5.99999984105428}
{"mode": "test", "epoch": 69, "loss": 3.74581241607666, "acc": 0.7056276798248291, "acc_or": 0.9199134111404419, "sender_entropy": 1.558677077293396, "receiver_entropy": 0.0, "original_loss": 0.21864444017410278, "mean_length": 6.0}
{"mode": "train", "epoch": 70, "loss": 4.080159982045491, "acc": 0.4721990724404653, "acc_or": 0.8333816130956014, "sender_entropy": 1.4067795674006145, "receiver_entropy": 0.0, "original_loss": 0.4119626482327779, "mean_length": 5.99999984105428}
{"mode": "test", "epoch": 70, "loss": 3.7993760108947754, "acc": 0.7662337422370911, "acc_or": 0.9383116960525513, "sender_entropy": 1.5549837350845337, "receiver_entropy": 0.0, "original_loss": 0.19828714430332184, "mean_length": 6.0}
{"mode": "train", "epoch": 71, "loss": 3.9481917222340903, "acc": 0.4693949321905772, "acc_or": 0.8306651512781779, "sender_entropy": 1.4175601800282795, "receiver_entropy": 0.0, "original_loss": 0.4220407009124756, "mean_length": 5.99999984105428}
{"mode": "test", "epoch": 71, "loss": 3.734262704849243, "acc": 0.7878788113594055, "acc_or": 0.9469696879386902, "sender_entropy": 1.5371023416519165, "receiver_entropy": 0.0, "original_loss": 0.1902123987674713, "mean_length": 6.0}
{"mode": "train", "epoch": 72, "loss": 4.018407821655273, "acc": 0.4848555425802867, "acc_or": 0.8388062914212545, "sender_entropy": 1.3955864906311035, "receiver_entropy": 0.0, "original_loss": 0.3989618420600891, "mean_length": 5.99999984105428}
{"mode": "test", "epoch": 72, "loss": 3.7227840423583984, "acc": 0.8138527870178223, "acc_or": 0.9534631967544556, "sender_entropy": 1.5326225757598877, "receiver_entropy": 0.0, "original_loss": 0.18364179134368896, "mean_length": 6.0}
{"mode": "train", "epoch": 73, "loss": 3.985718568166097, "acc": 0.4925331672032674, "acc_or": 0.8422461152076721, "sender_entropy": 1.4027706782023113, "receiver_entropy": 0.0, "original_loss": 0.3984273672103882, "mean_length": 5.99999984105428}
{"mode": "test", "epoch": 73, "loss": 3.686131477355957, "acc": 0.8095238208770752, "acc_or": 0.9458874464035034, "sender_entropy": 1.5325607061386108, "receiver_entropy": 0.0, "original_loss": 0.17759546637535095, "mean_length": 6.0}
{"mode": "train", "epoch": 74, "loss": 3.9451860586802163, "acc": 0.50193190574646, "acc_or": 0.8461460868517557, "sender_entropy": 1.3965490261713664, "receiver_entropy": 0.0, "original_loss": 0.3910505672295888, "mean_length": 5.99999984105428}
{"mode": "test", "epoch": 74, "loss": 3.573803186416626, "acc": 0.7705627679824829, "acc_or": 0.9383116960525513, "sender_entropy": 1.521331787109375, "receiver_entropy": 0.0, "original_loss": 0.19027362763881683, "mean_length": 6.0}
{"mode": "train", "epoch": 75, "loss": 3.8569337526957193, "acc": 0.5099544723828634, "acc_or": 0.8465805053710938, "sender_entropy": 1.3920091390609741, "receiver_entropy": 0.0, "original_loss": 0.3920927345752716, "mean_length": 5.99999984105428}
{"mode": "test", "epoch": 75, "loss": 3.6505494117736816, "acc": 0.8051947951316833, "acc_or": 0.9469696879386902, "sender_entropy": 1.51315176486969, "receiver_entropy": 0.0, "original_loss": 0.1681196242570877, "mean_length": 6.0}
{"mode": "train", "epoch": 76, "loss": 3.8791820208231607, "acc": 0.5271139144897461, "acc_or": 0.8543063004811605, "sender_entropy": 1.376439372698466, "receiver_entropy": 0.0, "original_loss": 0.3761925896008809, "mean_length": 5.99999984105428}
{"mode": "test", "epoch": 76, "loss": 3.5247271060943604, "acc": 0.8311688303947449, "acc_or": 0.9556276798248291, "sender_entropy": 1.4980546236038208, "receiver_entropy": 0.0, "original_loss": 0.16515938937664032, "mean_length": 6.0}
{"mode": "train", "epoch": 77, "loss": 3.864965279897054, "acc": 0.5379704833030701, "acc_or": 0.858649492263794, "sender_entropy": 1.3651235103607178, "receiver_entropy": 0.0, "original_loss": 0.3641109863917033, "mean_length": 5.99999984105428}
{"mode": "test", "epoch": 77, "loss": 3.53583025932312, "acc": 0.8441558480262756, "acc_or": 0.9610389471054077, "sender_entropy": 1.492250919342041, "receiver_entropy": 0.0, "original_loss": 0.14828535914421082, "mean_length": 6.0}
{"mode": "train", "epoch": 78, "loss": 3.960962454477946, "acc": 0.5575056672096252, "acc_or": 0.866325855255127, "sender_entropy": 1.365313728650411, "receiver_entropy": 0.0, "original_loss": 0.346088707447052, "mean_length": 5.99999984105428}
{"mode": "test", "epoch": 78, "loss": 3.510611057281494, "acc": 0.8484848737716675, "acc_or": 0.959956705570221, "sender_entropy": 1.4923094511032104, "receiver_entropy": 0.0, "original_loss": 0.15048415958881378, "mean_length": 6.0}
{"mode": "train", "epoch": 79, "loss": 3.8734195232391357, "acc": 0.5516275962193807, "acc_or": 0.864062507947286, "sender_entropy": 1.3708241780598958, "receiver_entropy": 0.0, "original_loss": 0.3498869041601817, "mean_length": 5.99999984105428}
{"mode": "test", "epoch": 79, "loss": 3.542856216430664, "acc": 0.8658008575439453, "acc_or": 0.9664502143859863, "sender_entropy": 1.4934779405593872, "receiver_entropy": 0.0, "original_loss": 0.13900621235370636, "mean_length": 6.0}
{"mode": "train", "epoch": 80, "loss": 3.806652625401815, "acc": 0.550531268119812, "acc_or": 0.8629327813784281, "sender_entropy": 1.3775879542032878, "receiver_entropy": 0.0, "original_loss": 0.35193225741386414, "mean_length": 5.99999984105428}
{"mode": "test", "epoch": 80, "loss": 3.3755812644958496, "acc": 0.8311688303947449, "acc_or": 0.9567099809646606, "sender_entropy": 1.4764924049377441, "receiver_entropy": 0.0, "original_loss": 0.15260635316371918, "mean_length": 6.0}
{"mode": "train", "epoch": 81, "loss": 3.815832535425822, "acc": 0.5737731059392294, "acc_or": 0.8703676263491312, "sender_entropy": 1.354172706604004, "receiver_entropy": 0.0, "original_loss": 0.33651502927144367, "mean_length": 5.99999984105428}
{"mode": "test", "epoch": 81, "loss": 3.381650686264038, "acc": 0.887445867061615, "acc_or": 0.9707792401313782, "sender_entropy": 1.4664045572280884, "receiver_entropy": 0.0, "original_loss": 0.13527733087539673, "mean_length": 6.0}
{"mode": "train", "epoch": 82, "loss": 3.774935166041056, "acc": 0.5798220237096151, "acc_or": 0.8729663888613383, "sender_entropy": 1.3449267148971558, "receiver_entropy": 0.0, "original_loss": 0.33111001054445904, "mean_length": 5.99999984105428}
{"mode": "test", "epoch": 82, "loss": 3.3207285404205322, "acc": 0.9047619104385376, "acc_or": 0.9751082062721252, "sender_entropy": 1.4481475353240967, "receiver_entropy": 0.0, "original_loss": 0.12485238164663315, "mean_length": 6.0}
{"mode": "train", "epoch": 83, "loss": 3.82743509610494, "acc": 0.6038012107213339, "acc_or": 0.8822459777196249, "sender_entropy": 1.3247343301773071, "receiver_entropy": 0.0, "original_loss": 0.31033329168955487, "mean_length": 5.99999984105428}
{"mode": "test", "epoch": 83, "loss": 3.2652554512023926, "acc": 0.9264069199562073, "acc_or": 0.9805194735527039, "sender_entropy": 1.4382774829864502, "receiver_entropy": 0.0, "original_loss": 0.12645436823368073, "mean_length": 6.0}
{"mode": "train", "epoch": 84, "loss": 3.8122328917185464, "acc": 0.6130776604016622, "acc_or": 0.8854272762934366, "sender_entropy": 1.3262937466303508, "receiver_entropy": 0.0, "original_loss": 0.30346429347991943, "mean_length": 5.99999984105428}
{"mode": "test", "epoch": 84, "loss": 3.41180682182312, "acc": 0.948051929473877, "acc_or": 0.9848484992980957, "sender_entropy": 1.4677685499191284, "receiver_entropy": 0.0, "original_loss": 0.10868057608604431, "mean_length": 6.0}
{"mode": "train", "epoch": 85, "loss": 3.6906827290852866, "acc": 0.6020005941390991, "acc_or": 0.8817560871442159, "sender_entropy": 1.3295296827952068, "receiver_entropy": 0.0, "original_loss": 0.3121951421101888, "mean_length": 5.99999984105428}
{"mode": "test", "epoch": 85, "loss": 3.21037220954895, "acc": 0.887445867061615, "acc_or": 0.9718614816665649, "sender_entropy": 1.438111424446106, "receiver_entropy": 0.0, "original_loss": 0.12349753081798553, "mean_length": 6.0}
{"mode": "train", "epoch": 86, "loss": 3.711029529571533, "acc": 0.6155080795288086, "acc_or": 0.8867275714874268, "sender_entropy": 1.3172450462977092, "receiver_entropy": 0.0, "original_loss": 0.30095993479092914, "mean_length": 5.99999984105428}
{"mode": "test", "epoch": 86, "loss": 3.306612491607666, "acc": 0.9264069199562073, "acc_or": 0.9816017150878906, "sender_entropy": 1.4473869800567627, "receiver_entropy": 0.0, "original_loss": 0.10604323446750641, "mean_length": 6.0}
{"mode": "train", "epoch": 87, "loss": 3.6868484020233154, "acc": 0.61822376648585, "acc_or": 0.8873913486798605, "sender_entropy": 1.3304498195648193, "receiver_entropy": 0.0, "original_loss": 0.3014686504999797, "mean_length": 5.99999984105428}
{"mode": "test", "epoch": 87, "loss": 3.319028377532959, "acc": 0.9264069199562073, "acc_or": 0.9805194735527039, "sender_entropy": 1.4570308923721313, "receiver_entropy": 0.0, "original_loss": 0.10664093494415283, "mean_length": 6.0}
{"mode": "train", "epoch": 88, "loss": 3.680561621983846, "acc": 0.6287746032079061, "acc_or": 0.8911647200584412, "sender_entropy": 1.329628825187683, "receiver_entropy": 0.0, "original_loss": 0.2920422355333964, "mean_length": 5.99999984105428}
{"mode": "test", "epoch": 88, "loss": 3.314380645751953, "acc": 0.9134199023246765, "acc_or": 0.9783549904823303, "sender_entropy": 1.457711100578308, "receiver_entropy": 0.0, "original_loss": 0.09642256796360016, "mean_length": 6.0}
{"mode": "train", "epoch": 89, "loss": 3.594896078109741, "acc": 0.6279534300168356, "acc_or": 0.8895547191301981, "sender_entropy": 1.3368393977483113, "receiver_entropy": 0.0, "original_loss": 0.295830637216568, "mean_length": 5.99999984105428}
{"mode": "test", "epoch": 89, "loss": 3.368382692337036, "acc": 0.9696969985961914, "acc_or": 0.9924242496490479, "sender_entropy": 1.450232744216919, "receiver_entropy": 0.0, "original_loss": 0.0783839151263237, "mean_length": 6.0}
{"mode": "train", "epoch": 90, "loss": 3.641450881958008, "acc": 0.6439722776412964, "acc_or": 0.895714004834493, "sender_entropy": 1.3260126113891602, "receiver_entropy": 0.0, "original_loss": 0.2814411123593648, "mean_length": 5.99999984105428}
{"mode": "test", "epoch": 90, "loss": 3.2925171852111816, "acc": 0.9523809552192688, "acc_or": 0.988095223903656, "sender_entropy": 1.4421606063842773, "receiver_entropy": 0.0, "original_loss": 0.07861001789569855, "mean_length": 6.0}
{"mode": "train", "epoch": 91, "loss": 3.5735295613606772, "acc": 0.6444204648335775, "acc_or": 0.8953651785850525, "sender_entropy": 1.331766963005066, "receiver_entropy": 0.0, "original_loss": 0.28312881787618, "mean_length": 5.99999984105428}
{"mode": "test", "epoch": 91, "loss": 3.2424023151397705, "acc": 0.9567099809646606, "acc_or": 0.9891774654388428, "sender_entropy": 1.4418994188308716, "receiver_entropy": 0.0, "original_loss": 0.08168112486600876, "mean_length": 6.0}
{"mode": "train", "epoch": 92, "loss": 3.5565872192382812, "acc": 0.6442985335985819, "acc_or": 0.8958597580591837, "sender_entropy": 1.3234439690907795, "receiver_entropy": 0.0, "original_loss": 0.2782750725746155, "mean_length": 5.99999984105428}
{"mode": "test", "epoch": 92, "loss": 3.188831329345703, "acc": 0.939393937587738, "acc_or": 0.9848484992980957, "sender_entropy": 1.4303297996520996, "receiver_entropy": 0.0, "original_loss": 0.08016904443502426, "mean_length": 6.0}
{"mode": "train", "epoch": 93, "loss": 3.5775749683380127, "acc": 0.6692154407501221, "acc_or": 0.9032524824142456, "sender_entropy": 1.3062621355056763, "receiver_entropy": 0.0, "original_loss": 0.2629374961058299, "mean_length": 5.99999984105428}
{"mode": "test", "epoch": 93, "loss": 3.094639778137207, "acc": 0.9523809552192688, "acc_or": 0.988095223903656, "sender_entropy": 1.4089410305023193, "receiver_entropy": 0.0, "original_loss": 0.07385574281215668, "mean_length": 6.0}
{"mode": "train", "epoch": 94, "loss": 3.579401731491089, "acc": 0.682649552822113, "acc_or": 0.9084906975428263, "sender_entropy": 1.2854738632837932, "receiver_entropy": 0.0, "original_loss": 0.251899982492129, "mean_length": 5.99999984105428}
{"mode": "test", "epoch": 94, "loss": 3.0821971893310547, "acc": 0.9740259647369385, "acc_or": 0.9935064911842346, "sender_entropy": 1.4006980657577515, "receiver_entropy": 0.0, "original_loss": 0.06946423649787903, "mean_length": 6.0}
{"mode": "train", "epoch": 95, "loss": 3.6092756589253745, "acc": 0.6902174552281698, "acc_or": 0.910726805528005, "sender_entropy": 1.2860278685887654, "receiver_entropy": 0.0, "original_loss": 0.24409575760364532, "mean_length": 5.99999984105428}
{"mode": "test", "epoch": 95, "loss": 3.1190106868743896, "acc": 0.9610389471054077, "acc_or": 0.9902597665786743, "sender_entropy": 1.4150660037994385, "receiver_entropy": 0.0, "original_loss": 0.06736677139997482, "mean_length": 6.0}
{"mode": "train", "epoch": 96, "loss": 3.504294236501058, "acc": 0.6764549612998962, "acc_or": 0.9071440895398458, "sender_entropy": 1.3007532358169556, "receiver_entropy": 0.0, "original_loss": 0.25225162009398144, "mean_length": 5.99999984105428}
{"mode": "test", "epoch": 96, "loss": 3.1749820709228516, "acc": 0.9870129823684692, "acc_or": 0.9967532753944397, "sender_entropy": 1.4313846826553345, "receiver_entropy": 0.0, "original_loss": 0.05762099847197533, "mean_length": 6.0}
{"mode": "train", "epoch": 97, "loss": 3.4620394706726074, "acc": 0.6777944366137186, "acc_or": 0.9071799715360006, "sender_entropy": 1.311893622080485, "receiver_entropy": 0.0, "original_loss": 0.2544059952100118, "mean_length": 5.99999984105428}
{"mode": "test", "epoch": 97, "loss": 3.118400812149048, "acc": 0.9437229633331299, "acc_or": 0.9859307408332825, "sender_entropy": 1.4334158897399902, "receiver_entropy": 0.0, "original_loss": 0.06797502189874649, "mean_length": 6.0}
{"mode": "train", "epoch": 98, "loss": 3.4982504844665527, "acc": 0.680832028388977, "acc_or": 0.908908744653066, "sender_entropy": 1.3028892278671265, "receiver_entropy": 0.0, "original_loss": 0.24634379148483276, "mean_length": 5.99999984105428}
{"mode": "test", "epoch": 98, "loss": 3.1043941974639893, "acc": 0.9567099809646606, "acc_or": 0.9891774654388428, "sender_entropy": 1.4243526458740234, "receiver_entropy": 0.0, "original_loss": 0.06344879418611526, "mean_length": 6.0}
{"mode": "train", "epoch": 99, "loss": 3.4387241204579673, "acc": 0.6881312727928162, "acc_or": 0.9106795986493429, "sender_entropy": 1.2976524035135906, "receiver_entropy": 0.0, "original_loss": 0.24428858359654745, "mean_length": 5.99999984105428}
{"mode": "test", "epoch": 99, "loss": 3.0631721019744873, "acc": 0.9567099809646606, "acc_or": 0.9891774654388428, "sender_entropy": 1.410518765449524, "receiver_entropy": 0.0, "original_loss": 0.059275753796100616, "mean_length": 6.0}
{"mode": "train", "epoch": 100, "loss": 3.395249605178833, "acc": 0.6904656489690145, "acc_or": 0.9120563069979349, "sender_entropy": 1.2945583661397297, "receiver_entropy": 0.0, "original_loss": 0.23909478386243185, "mean_length": 5.99999984105428}
{"mode": "test", "epoch": 100, "loss": 3.0197057723999023, "acc": 0.9567099809646606, "acc_or": 0.9891774654388428, "sender_entropy": 1.410965085029602, "receiver_entropy": 0.0, "original_loss": 0.06062024459242821, "mean_length": 6.0}
{"mode": "train", "epoch": 101, "loss": 3.399028698603312, "acc": 0.6978227893511454, "acc_or": 0.9143032431602478, "sender_entropy": 1.294936974843343, "receiver_entropy": 0.0, "original_loss": 0.2348508983850479, "mean_length": 5.99999984105428}
{"mode": "test", "epoch": 101, "loss": 3.024326801300049, "acc": 0.9523809552192688, "acc_or": 0.988095223903656, "sender_entropy": 1.4173212051391602, "receiver_entropy": 0.0, "original_loss": 0.059696562588214874, "mean_length": 6.0}
{"mode": "train", "epoch": 102, "loss": 3.3741726875305176, "acc": 0.7050586938858032, "acc_or": 0.9159907897313436, "sender_entropy": 1.2920246124267578, "receiver_entropy": 0.0, "original_loss": 0.23207252224286398, "mean_length": 5.99999984105428}
{"mode": "test", "epoch": 102, "loss": 2.939354181289673, "acc": 0.9610389471054077, "acc_or": 0.9891774654388428, "sender_entropy": 1.4031963348388672, "receiver_entropy": 0.0, "original_loss": 0.06100013107061386, "mean_length": 6.0}
{"mode": "train", "epoch": 103, "loss": 3.334919293721517, "acc": 0.7136200865109762, "acc_or": 0.9184078375498453, "sender_entropy": 1.2821816603342693, "receiver_entropy": 0.0, "original_loss": 0.2280438095331192, "mean_length": 5.99999984105428}
{"mode": "test", "epoch": 103, "loss": 2.881826400756836, "acc": 0.9567099809646606, "acc_or": 0.988095223903656, "sender_entropy": 1.3857007026672363, "receiver_entropy": 0.0, "original_loss": 0.058404117822647095, "mean_length": 6.0}
{"mode": "train", "epoch": 104, "loss": 3.35744579633077, "acc": 0.7153027057647705, "acc_or": 0.9195600350697836, "sender_entropy": 1.270731806755066, "receiver_entropy": 0.0, "original_loss": 0.21977925300598145, "mean_length": 5.99999984105428}
{"mode": "test", "epoch": 104, "loss": 2.9134559631347656, "acc": 0.9826839566230774, "acc_or": 0.9956709742546082, "sender_entropy": 1.3822715282440186, "receiver_entropy": 0.0, "original_loss": 0.04875292256474495, "mean_length": 6.0}
{"mode": "train", "epoch": 105, "loss": 3.2861834367116294, "acc": 0.7116586764653524, "acc_or": 0.9179328680038452, "sender_entropy": 1.2806752522786458, "receiver_entropy": 0.0, "original_loss": 0.22440306345621744, "mean_length": 5.99999984105428}
{"mode": "test", "epoch": 105, "loss": 2.8938660621643066, "acc": 0.9783549904823303, "acc_or": 0.9945887327194214, "sender_entropy": 1.3933196067810059, "receiver_entropy": 0.0, "original_loss": 0.049731817096471786, "mean_length": 6.0}
{"mode": "train", "epoch": 106, "loss": 3.2684202194213867, "acc": 0.7103965083758036, "acc_or": 0.9182930191357931, "sender_entropy": 1.2760649124781291, "receiver_entropy": 0.0, "original_loss": 0.22271817922592163, "mean_length": 5.99999984105428}
{"mode": "test", "epoch": 106, "loss": 2.9072515964508057, "acc": 1.0, "acc_or": 1.0, "sender_entropy": 1.3902074098587036, "receiver_entropy": 0.0, "original_loss": 0.041266296058893204, "mean_length": 6.0}
{"epoch": 106, "positional_disent": 0.10121798515319824, "bag_of_symbol_disent": 0.22256436944007874, "topographic_sim": 0.4983058231560394}
{"generalization hold out": {"acc": 0.9453125, "acc_or": 0.9817708730697632}, "uniform holdout": {"acc": 0.8399999737739563, "acc_or": 0.9599999785423279}, "epoch": 106}
---End--
