nohup: ignoring input
{"mode": "train", "epoch": 1, "loss": -6.648289640744527, "acc": 0.0029167385461429753, "acc_or": 0.2358371466398239, "sender_entropy": 2.2997490564982095, "receiver_entropy": 0.0, "original_loss": 1.5827529033025105, "mean_length": 5.99999984105428}
{"mode": "test", "epoch": 1, "loss": 1.2782732248306274, "acc": 0.0043290043249726295, "acc_or": 0.261904776096344, "sender_entropy": 2.2976231575012207, "receiver_entropy": 0.0, "original_loss": 1.512342095375061, "mean_length": 6.0}
{"mode": "train", "epoch": 2, "loss": 1.4266324838002522, "acc": 0.004479238685841362, "acc_or": 0.25691768527030945, "sender_entropy": 2.297351598739624, "receiver_entropy": 0.0, "original_loss": 1.4886810779571533, "mean_length": 5.99999984105428}
{"mode": "test", "epoch": 2, "loss": 1.9620097875595093, "acc": 0.008658008649945259, "acc_or": 0.2792207896709442, "sender_entropy": 2.297645092010498, "receiver_entropy": 0.0, "original_loss": 1.403996467590332, "mean_length": 6.0}
{"mode": "train", "epoch": 3, "loss": 1.8582396507263184, "acc": 0.004598296480253339, "acc_or": 0.25938381751378375, "sender_entropy": 2.2973647117614746, "receiver_entropy": 0.0, "original_loss": 1.4034172296524048, "mean_length": 5.99999984105428}
{"mode": "test", "epoch": 3, "loss": 1.6614294052124023, "acc": 0.0, "acc_or": 0.26406925916671753, "sender_entropy": 2.2980751991271973, "receiver_entropy": 0.0, "original_loss": 1.3818007707595825, "mean_length": 6.0}
{"mode": "train", "epoch": 4, "loss": 1.5270274877548218, "acc": 0.0021243381003538766, "acc_or": 0.24947754542032877, "sender_entropy": 2.2982346216837564, "receiver_entropy": 0.0, "original_loss": 1.3885704278945923, "mean_length": 5.99999984105428}
{"mode": "test", "epoch": 4, "loss": 1.409605860710144, "acc": 0.008658008649945259, "acc_or": 0.28787878155708313, "sender_entropy": 2.2981491088867188, "receiver_entropy": 0.0, "original_loss": 1.3745925426483154, "mean_length": 6.0}
{"mode": "train", "epoch": 5, "loss": 1.2430539925893147, "acc": 0.003747266329204043, "acc_or": 0.2578598956267039, "sender_entropy": 2.2986838817596436, "receiver_entropy": 0.0, "original_loss": 1.3872297207514446, "mean_length": 5.99999984105428}
{"mode": "test", "epoch": 5, "loss": 1.2445244789123535, "acc": 0.0043290043249726295, "acc_or": 0.30194804072380066, "sender_entropy": 2.2983238697052, "receiver_entropy": 0.0, "original_loss": 1.3714089393615723, "mean_length": 6.0}
{"mode": "train", "epoch": 6, "loss": 1.06179145971934, "acc": 0.005269840514908235, "acc_or": 0.2619449992974599, "sender_entropy": 2.2992130120595298, "receiver_entropy": 0.0, "original_loss": 1.3865151007970173, "mean_length": 5.99999984105428}
{"mode": "test", "epoch": 6, "loss": 1.190627932548523, "acc": 0.021645020693540573, "acc_or": 0.34090909361839294, "sender_entropy": 2.299226999282837, "receiver_entropy": 0.0, "original_loss": 1.364875078201294, "mean_length": 6.0}
{"mode": "train", "epoch": 7, "loss": 0.9389867186546326, "acc": 0.004337879751498501, "acc_or": 0.2606996496518453, "sender_entropy": 2.300068457921346, "receiver_entropy": 0.0, "original_loss": 1.3858033021291096, "mean_length": 5.99999984105428}
{"mode": "test", "epoch": 7, "loss": 1.1703925132751465, "acc": 0.021645020693540573, "acc_or": 0.37337663769721985, "sender_entropy": 2.3002471923828125, "receiver_entropy": 0.0, "original_loss": 1.3589918613433838, "mean_length": 6.0}
{"mode": "train", "epoch": 8, "loss": 0.8410559495290121, "acc": 0.0035677802904198566, "acc_or": 0.2606959640979767, "sender_entropy": 2.30073610941569, "receiver_entropy": 0.0, "original_loss": 1.385902206103007, "mean_length": 5.99999984105428}
{"mode": "test", "epoch": 8, "loss": 1.155484914779663, "acc": 0.017316017299890518, "acc_or": 0.4220779240131378, "sender_entropy": 2.3008549213409424, "receiver_entropy": 0.0, "original_loss": 1.354363203048706, "mean_length": 6.0}
{"mode": "train", "epoch": 9, "loss": 0.7777221004168192, "acc": 0.005303291914363702, "acc_or": 0.26589755217234295, "sender_entropy": 2.301064650217692, "receiver_entropy": 0.0, "original_loss": 1.3850794235865276, "mean_length": 5.99999984105428}
{"mode": "test", "epoch": 9, "loss": 1.1546612977981567, "acc": 0.008658008649945259, "acc_or": 0.350649356842041, "sender_entropy": 2.3011040687561035, "receiver_entropy": 0.0, "original_loss": 1.3496419191360474, "mean_length": 6.0}
{"mode": "train", "epoch": 10, "loss": 0.7216147383054098, "acc": 0.005058701771001021, "acc_or": 0.26880647738774616, "sender_entropy": 2.3012044429779053, "receiver_entropy": 0.0, "original_loss": 1.3848754564921062, "mean_length": 5.99999984105428}
{"mode": "test", "epoch": 10, "loss": 1.1610658168792725, "acc": 0.03030303120613098, "acc_or": 0.49567100405693054, "sender_entropy": 2.3011255264282227, "receiver_entropy": 0.0, "original_loss": 1.3450818061828613, "mean_length": 6.0}
{"mode": "train", "epoch": 11, "loss": 0.6799569725990295, "acc": 0.005031724770863851, "acc_or": 0.2676519453525543, "sender_entropy": 2.3011736075083413, "receiver_entropy": 0.0, "original_loss": 1.3844040632247925, "mean_length": 5.99999984105428}
{"mode": "test", "epoch": 11, "loss": 1.2031677961349487, "acc": 0.03030303120613098, "acc_or": 0.49025973677635193, "sender_entropy": 2.3010220527648926, "receiver_entropy": 0.0, "original_loss": 1.3381364345550537, "mean_length": 6.0}
{"mode": "train", "epoch": 12, "loss": 0.6420101722081503, "acc": 0.005438176138947408, "acc_or": 0.267301340897878, "sender_entropy": 2.3010522524515786, "receiver_entropy": 0.0, "original_loss": 1.3842521508534749, "mean_length": 5.99999984105428}
{"mode": "test", "epoch": 12, "loss": 1.2620965242385864, "acc": 0.025974025949835777, "acc_or": 0.45670995116233826, "sender_entropy": 2.3007636070251465, "receiver_entropy": 0.0, "original_loss": 1.330225944519043, "mean_length": 6.0}
{"mode": "train", "epoch": 13, "loss": 0.6123568614323934, "acc": 0.005107979445407788, "acc_or": 0.27140578627586365, "sender_entropy": 2.3007614612579346, "receiver_entropy": 0.0, "original_loss": 1.3839146693547566, "mean_length": 5.99999984105428}
{"mode": "test", "epoch": 13, "loss": 1.3469066619873047, "acc": 0.017316017299890518, "acc_or": 0.5075757503509521, "sender_entropy": 2.3002514839172363, "receiver_entropy": 0.0, "original_loss": 1.3203450441360474, "mean_length": 6.0}
{"mode": "train", "epoch": 14, "loss": 0.5942563017209371, "acc": 0.005617662177731593, "acc_or": 0.27593429883321124, "sender_entropy": 2.3001577854156494, "receiver_entropy": 0.0, "original_loss": 1.3830275932947795, "mean_length": 5.99999984105428}
{"mode": "test", "epoch": 14, "loss": 1.4264627695083618, "acc": 0.021645020693540573, "acc_or": 0.4826839864253998, "sender_entropy": 2.2993836402893066, "receiver_entropy": 0.0, "original_loss": 1.3105698823928833, "mean_length": 6.0}
{"mode": "train", "epoch": 15, "loss": 0.5763139327367147, "acc": 0.006039940131207307, "acc_or": 0.2754394511381785, "sender_entropy": 2.299128532409668, "receiver_entropy": 0.0, "original_loss": 1.3823486963907878, "mean_length": 5.99999984105428}
{"mode": "test", "epoch": 15, "loss": 1.5183457136154175, "acc": 0.012987012974917889, "acc_or": 0.4913419783115387, "sender_entropy": 2.2979960441589355, "receiver_entropy": 0.0, "original_loss": 1.2994972467422485, "mean_length": 6.0}
{"mode": "train", "epoch": 16, "loss": 0.5758048494656881, "acc": 0.006637028108040492, "acc_or": 0.2863909800847371, "sender_entropy": 2.29742693901062, "receiver_entropy": 0.0, "original_loss": 1.380412181218465, "mean_length": 5.99999984105428}
{"mode": "test", "epoch": 16, "loss": 1.6287122964859009, "acc": 0.012987012974917889, "acc_or": 0.4707792103290558, "sender_entropy": 2.295541763305664, "receiver_entropy": 0.0, "original_loss": 1.2856733798980713, "mean_length": 6.0}
{"mode": "train", "epoch": 17, "loss": 0.5938302079836527, "acc": 0.007542011793702841, "acc_or": 0.29425761103630066, "sender_entropy": 2.294147253036499, "receiver_entropy": 0.0, "original_loss": 1.3770046631495159, "mean_length": 5.99999984105428}
{"mode": "test", "epoch": 17, "loss": 1.7611453533172607, "acc": 0.012987012974917889, "acc_or": 0.4729437232017517, "sender_entropy": 2.290616750717163, "receiver_entropy": 0.0, "original_loss": 1.2676339149475098, "mean_length": 6.0}
{"mode": "train", "epoch": 18, "loss": 0.6452456911404928, "acc": 0.007476907533903916, "acc_or": 0.3097984492778778, "sender_entropy": 2.287397543589274, "receiver_entropy": 0.0, "original_loss": 1.3705742359161377, "mean_length": 5.99999984105428}
{"mode": "test", "epoch": 18, "loss": 1.8542603254318237, "acc": 0.008658008649945259, "acc_or": 0.43939393758773804, "sender_entropy": 2.280118942260742, "receiver_entropy": 0.0, "original_loss": 1.248184323310852, "mean_length": 6.0}
{"mode": "train", "epoch": 19, "loss": 0.7619592348734537, "acc": 0.010162005200982094, "acc_or": 0.32684701681137085, "sender_entropy": 2.2728636264801025, "receiver_entropy": 0.0, "original_loss": 1.3579551378885906, "mean_length": 5.99999984105428}
{"mode": "test", "epoch": 19, "loss": 1.8790780305862427, "acc": 0.008658008649945259, "acc_or": 0.43831169605255127, "sender_entropy": 2.261883020401001, "receiver_entropy": 0.0, "original_loss": 1.2306169271469116, "mean_length": 6.0}
{"mode": "train", "epoch": 20, "loss": 0.9617467522621155, "acc": 0.0102540859952569, "acc_or": 0.3483290473620097, "sender_entropy": 2.2528324127197266, "receiver_entropy": 0.0, "original_loss": 1.3366802136103313, "mean_length": 5.99999984105428}
{"mode": "test", "epoch": 20, "loss": 1.7808313369750977, "acc": 0.012987012974917889, "acc_or": 0.4350649416446686, "sender_entropy": 2.2415833473205566, "receiver_entropy": 0.0, "original_loss": 1.2264577150344849, "mean_length": 6.0}
{"mode": "train", "epoch": 21, "loss": 1.1873477300008137, "acc": 0.011192521390815576, "acc_or": 0.36785823106765747, "sender_entropy": 2.2194267908732095, "receiver_entropy": 0.0, "original_loss": 1.309525688489278, "mean_length": 5.99999984105428}
{"mode": "test", "epoch": 21, "loss": 1.597916841506958, "acc": 0.012987012974917889, "acc_or": 0.43614718317985535, "sender_entropy": 2.206756353378296, "receiver_entropy": 0.0, "original_loss": 1.2275887727737427, "mean_length": 6.0}
{"mode": "train", "epoch": 22, "loss": 1.251733938852946, "acc": 0.012970836212237677, "acc_or": 0.38029708464940387, "sender_entropy": 2.195366859436035, "receiver_entropy": 0.0, "original_loss": 1.2979921102523804, "mean_length": 5.99999984105428}
{"mode": "test", "epoch": 22, "loss": 2.226249933242798, "acc": 0.025974025949835777, "acc_or": 0.4588744640350342, "sender_entropy": 2.2075743675231934, "receiver_entropy": 0.0, "original_loss": 1.167529821395874, "mean_length": 6.0}
{"mode": "train", "epoch": 23, "loss": 1.4068055550257366, "acc": 0.016527465544641018, "acc_or": 0.39603601892789203, "sender_entropy": 2.1836326122283936, "receiver_entropy": 0.0, "original_loss": 1.2799372673034668, "mean_length": 5.99999984105428}
{"mode": "test", "epoch": 23, "loss": 2.40510892868042, "acc": 0.034632034599781036, "acc_or": 0.48917749524116516, "sender_entropy": 2.17734694480896, "receiver_entropy": 0.0, "original_loss": 1.1308900117874146, "mean_length": 6.0}
{"mode": "train", "epoch": 24, "loss": 1.661704142888387, "acc": 0.02430111914873123, "acc_or": 0.4208000600337982, "sender_entropy": 2.153618892033895, "receiver_entropy": 0.0, "original_loss": 1.250920335451762, "mean_length": 5.99999984105428}
{"mode": "test", "epoch": 24, "loss": 2.7265546321868896, "acc": 0.03896103799343109, "acc_or": 0.523809552192688, "sender_entropy": 2.177229642868042, "receiver_entropy": 0.0, "original_loss": 1.0876814126968384, "mean_length": 6.0}
{"mode": "train", "epoch": 25, "loss": 1.802756428718567, "acc": 0.027410292997956276, "acc_or": 0.43315672874450684, "sender_entropy": 2.142212470372518, "receiver_entropy": 0.0, "original_loss": 1.2290831804275513, "mean_length": 5.99999984105428}
{"mode": "test", "epoch": 25, "loss": 2.6724863052368164, "acc": 0.0476190485060215, "acc_or": 0.5411255359649658, "sender_entropy": 2.1371493339538574, "receiver_entropy": 0.0, "original_loss": 1.0634671449661255, "mean_length": 6.0}
{"mode": "train", "epoch": 26, "loss": 2.190115213394165, "acc": 0.036937082807223, "acc_or": 0.4636270006497701, "sender_entropy": 2.0842573642730713, "receiver_entropy": 0.0, "original_loss": 1.180547555287679, "mean_length": 5.99999984105428}
{"mode": "test", "epoch": 26, "loss": 2.543726921081543, "acc": 0.0476190485060215, "acc_or": 0.5443723201751709, "sender_entropy": 2.078648090362549, "receiver_entropy": 0.0, "original_loss": 1.0509388446807861, "mean_length": 6.0}
{"mode": "train", "epoch": 27, "loss": 2.3713467121124268, "acc": 0.037042113641897835, "acc_or": 0.47789838910102844, "sender_entropy": 2.036282936731974, "receiver_entropy": 0.0, "original_loss": 1.1495211919148762, "mean_length": 5.99999984105428}
{"mode": "test", "epoch": 27, "loss": 2.93015718460083, "acc": 0.05627705529332161, "acc_or": 0.5746753215789795, "sender_entropy": 2.0726935863494873, "receiver_entropy": 0.0, "original_loss": 0.9993789196014404, "mean_length": 6.0}
{"mode": "train", "epoch": 28, "loss": 2.4473624229431152, "acc": 0.04325506463646889, "acc_or": 0.48723886410395306, "sender_entropy": 2.031482537587484, "receiver_entropy": 0.0, "original_loss": 1.1344263156255086, "mean_length": 5.99999984105428}
{"mode": "test", "epoch": 28, "loss": 3.1457362174987793, "acc": 0.07792207598686218, "acc_or": 0.5984848737716675, "sender_entropy": 2.0899136066436768, "receiver_entropy": 0.0, "original_loss": 0.9737781882286072, "mean_length": 6.0}
{"mode": "train", "epoch": 29, "loss": 2.4212292035420737, "acc": 0.043239238361517586, "acc_or": 0.48765214284261066, "sender_entropy": 2.040820042292277, "receiver_entropy": 0.0, "original_loss": 1.1290434996287029, "mean_length": 5.99999984105428}
{"mode": "test", "epoch": 29, "loss": 3.1532793045043945, "acc": 0.06926406919956207, "acc_or": 0.5854978561401367, "sender_entropy": 2.0750341415405273, "receiver_entropy": 0.0, "original_loss": 0.9585534334182739, "mean_length": 6.0}
{"mode": "train", "epoch": 30, "loss": 2.6932599544525146, "acc": 0.044853893419106804, "acc_or": 0.5020040373007456, "sender_entropy": 2.00395135084788, "receiver_entropy": 0.0, "original_loss": 1.0937127669652302, "mean_length": 5.99999984105428}
{"mode": "test", "epoch": 30, "loss": 3.247330904006958, "acc": 0.06926406919956207, "acc_or": 0.600649356842041, "sender_entropy": 2.0460996627807617, "receiver_entropy": 0.0, "original_loss": 0.9217917323112488, "mean_length": 6.0}
{"mode": "train", "epoch": 31, "loss": 2.8207921187082925, "acc": 0.053285062313079834, "acc_or": 0.5158176024754842, "sender_entropy": 1.977562705675761, "receiver_entropy": 0.0, "original_loss": 1.0705164273579915, "mean_length": 5.99999984105428}
{"mode": "test", "epoch": 31, "loss": 3.159595489501953, "acc": 0.06926406919956207, "acc_or": 0.6038960814476013, "sender_entropy": 2.0457310676574707, "receiver_entropy": 0.0, "original_loss": 0.9233660101890564, "mean_length": 6.0}
{"mode": "train", "epoch": 32, "loss": 2.892599026362101, "acc": 0.05637481311957041, "acc_or": 0.5214799642562866, "sender_entropy": 1.9776965777079265, "receiver_entropy": 0.0, "original_loss": 1.0534828106562297, "mean_length": 5.99999984105428}
{"mode": "test", "epoch": 32, "loss": 3.387136459350586, "acc": 0.07792207598686218, "acc_or": 0.6158008575439453, "sender_entropy": 2.0389018058776855, "receiver_entropy": 0.0, "original_loss": 0.8874534368515015, "mean_length": 6.0}
{"mode": "train", "epoch": 33, "loss": 3.001217842102051, "acc": 0.06124647458394369, "acc_or": 0.5305244127909342, "sender_entropy": 1.9636098146438599, "receiver_entropy": 0.0, "original_loss": 1.0315100749333699, "mean_length": 5.99999984105428}
{"mode": "test", "epoch": 33, "loss": 3.4430694580078125, "acc": 0.11255411058664322, "acc_or": 0.6190476417541504, "sender_entropy": 2.0103116035461426, "receiver_entropy": 0.0, "original_loss": 0.8632712364196777, "mean_length": 6.0}
{"mode": "train", "epoch": 34, "loss": 3.200406233469645, "acc": 0.0679737851023674, "acc_or": 0.5464972257614136, "sender_entropy": 1.923770825068156, "receiver_entropy": 0.0, "original_loss": 0.997460663318634, "mean_length": 5.99999984105428}
{"mode": "test", "epoch": 34, "loss": 3.6122822761535645, "acc": 0.1341991275548935, "acc_or": 0.6461039185523987, "sender_entropy": 1.9876728057861328, "receiver_entropy": 0.0, "original_loss": 0.820894181728363, "mean_length": 6.0}
{"mode": "train", "epoch": 35, "loss": 3.242470105489095, "acc": 0.07209117462237676, "acc_or": 0.5570079684257507, "sender_entropy": 1.903222680091858, "receiver_entropy": 0.0, "original_loss": 0.9801782369613647, "mean_length": 5.99999984105428}
{"mode": "test", "epoch": 35, "loss": 3.60823392868042, "acc": 0.12554112076759338, "acc_or": 0.6569263935089111, "sender_entropy": 1.9768913984298706, "receiver_entropy": 0.0, "original_loss": 0.8142460584640503, "mean_length": 6.0}
{"mode": "train", "epoch": 36, "loss": 3.2416585286458335, "acc": 0.08090649545192719, "acc_or": 0.5638314882914225, "sender_entropy": 1.8945142428080242, "receiver_entropy": 0.0, "original_loss": 0.9674646854400635, "mean_length": 5.99999984105428}
{"mode": "test", "epoch": 36, "loss": 3.6978673934936523, "acc": 0.1515151560306549, "acc_or": 0.6699134111404419, "sender_entropy": 1.953791856765747, "receiver_entropy": 0.0, "original_loss": 0.7798166275024414, "mean_length": 6.0}
{"mode": "train", "epoch": 37, "loss": 3.4169816970825195, "acc": 0.08632416774829228, "acc_or": 0.5806965231895447, "sender_entropy": 1.8573217789332073, "receiver_entropy": 0.0, "original_loss": 0.9365947047869364, "mean_length": 5.99999984105428}
{"mode": "test", "epoch": 37, "loss": 3.6355628967285156, "acc": 0.1341991275548935, "acc_or": 0.6645021438598633, "sender_entropy": 1.9308500289916992, "receiver_entropy": 0.0, "original_loss": 0.7683405876159668, "mean_length": 6.0}
{"mode": "train", "epoch": 38, "loss": 3.460904677708944, "acc": 0.09483914573987325, "acc_or": 0.5898817777633667, "sender_entropy": 1.8471462329228718, "receiver_entropy": 0.0, "original_loss": 0.9190366665522257, "mean_length": 5.99999984105428}
{"mode": "test", "epoch": 38, "loss": 3.745006799697876, "acc": 0.16017316281795502, "acc_or": 0.6742424368858337, "sender_entropy": 1.9320175647735596, "receiver_entropy": 0.0, "original_loss": 0.7405070662498474, "mean_length": 6.0}
{"mode": "train", "epoch": 39, "loss": 3.540123621622721, "acc": 0.09741346041361491, "acc_or": 0.5987158219019572, "sender_entropy": 1.825675129890442, "receiver_entropy": 0.0, "original_loss": 0.8989202181498209, "mean_length": 5.99999984105428}
{"mode": "test", "epoch": 39, "loss": 3.9591922760009766, "acc": 0.19480518996715546, "acc_or": 0.7153679728507996, "sender_entropy": 1.9153635501861572, "receiver_entropy": 0.0, "original_loss": 0.6970561146736145, "mean_length": 6.0}
{"mode": "train", "epoch": 40, "loss": 3.5207509994506836, "acc": 0.109259898463885, "acc_or": 0.6057481368382772, "sender_entropy": 1.824676513671875, "receiver_entropy": 0.0, "original_loss": 0.8876736164093018, "mean_length": 5.99999984105428}
{"mode": "test", "epoch": 40, "loss": 3.95194673538208, "acc": 0.1818181872367859, "acc_or": 0.7110389471054077, "sender_entropy": 1.900388479232788, "receiver_entropy": 0.0, "original_loss": 0.6765735149383545, "mean_length": 6.0}
{"mode": "train", "epoch": 41, "loss": 3.567483425140381, "acc": 0.11294673383235931, "acc_or": 0.6123568614323934, "sender_entropy": 1.8056799173355103, "receiver_entropy": 0.0, "original_loss": 0.8688796758651733, "mean_length": 5.99999984105428}
{"mode": "test", "epoch": 41, "loss": 3.9943313598632812, "acc": 0.20779220759868622, "acc_or": 0.7272727489471436, "sender_entropy": 1.8792363405227661, "receiver_entropy": 0.0, "original_loss": 0.6543666124343872, "mean_length": 6.0}
{"mode": "train", "epoch": 42, "loss": 3.7900990645090737, "acc": 0.12918393313884735, "acc_or": 0.6294884085655212, "sender_entropy": 1.7711587349573772, "receiver_entropy": 0.0, "original_loss": 0.8297865986824036, "mean_length": 5.99999984105428}
{"mode": "test", "epoch": 42, "loss": 4.184560298919678, "acc": 0.2770562767982483, "acc_or": 0.7716450095176697, "sender_entropy": 1.8500617742538452, "receiver_entropy": 0.0, "original_loss": 0.603529691696167, "mean_length": 6.0}
{"mode": "train", "epoch": 43, "loss": 3.8398759365081787, "acc": 0.13127481689055762, "acc_or": 0.636550227801005, "sender_entropy": 1.740314205487569, "receiver_entropy": 0.0, "original_loss": 0.8093516627947489, "mean_length": 5.99999984105428}
{"mode": "test", "epoch": 43, "loss": 4.1569342613220215, "acc": 0.29004329442977905, "acc_or": 0.7716450095176697, "sender_entropy": 1.8317397832870483, "receiver_entropy": 0.0, "original_loss": 0.581295371055603, "mean_length": 6.0}
{"mode": "train", "epoch": 44, "loss": 3.873204072316488, "acc": 0.1405253658692042, "acc_or": 0.6453787684440613, "sender_entropy": 1.737583875656128, "receiver_entropy": 0.0, "original_loss": 0.7931018273035685, "mean_length": 5.99999984105428}
{"mode": "test", "epoch": 44, "loss": 4.060378074645996, "acc": 0.25974026322364807, "acc_or": 0.7510822415351868, "sender_entropy": 1.8112261295318604, "receiver_entropy": 0.0, "original_loss": 0.57539963722229, "mean_length": 6.0}
{"mode": "train", "epoch": 45, "loss": 3.9516714413960776, "acc": 0.15536659955978394, "acc_or": 0.6601824363072714, "sender_entropy": 1.7054296731948853, "receiver_entropy": 0.0, "original_loss": 0.7646231253941854, "mean_length": 5.99999984105428}
{"mode": "test", "epoch": 45, "loss": 4.08674955368042, "acc": 0.32900431752204895, "acc_or": 0.7813853025436401, "sender_entropy": 1.7877336740493774, "receiver_entropy": 0.0, "original_loss": 0.5431711077690125, "mean_length": 6.0}
{"mode": "train", "epoch": 46, "loss": 3.99250062306722, "acc": 0.16901437441507974, "acc_or": 0.6721278627713522, "sender_entropy": 1.6782195965449016, "receiver_entropy": 0.0, "original_loss": 0.744819184144338, "mean_length": 5.99999984105428}
{"mode": "test", "epoch": 46, "loss": 4.040050506591797, "acc": 0.32900431752204895, "acc_or": 0.7911255359649658, "sender_entropy": 1.771439790725708, "receiver_entropy": 0.0, "original_loss": 0.5277903079986572, "mean_length": 6.0}
{"mode": "train", "epoch": 47, "loss": 3.9654643535614014, "acc": 0.17595282196998596, "acc_or": 0.6753327051798502, "sender_entropy": 1.6658973693847656, "receiver_entropy": 0.0, "original_loss": 0.7344934542973837, "mean_length": 5.99999984105428}
{"mode": "test", "epoch": 47, "loss": 4.098564147949219, "acc": 0.3549783527851105, "acc_or": 0.7911255359649658, "sender_entropy": 1.777366280555725, "receiver_entropy": 0.0, "original_loss": 0.515550971031189, "mean_length": 6.0}
{"mode": "train", "epoch": 48, "loss": 4.008838653564453, "acc": 0.18886790176232657, "acc_or": 0.6836297313372294, "sender_entropy": 1.6685391664505005, "receiver_entropy": 0.0, "original_loss": 0.7187934120496114, "mean_length": 5.99999984105428}
{"mode": "test", "epoch": 48, "loss": 4.186255931854248, "acc": 0.32034632563591003, "acc_or": 0.7943723201751709, "sender_entropy": 1.7787024974822998, "receiver_entropy": 0.0, "original_loss": 0.4889170527458191, "mean_length": 6.0}
{"mode": "train", "epoch": 49, "loss": 3.924508968989054, "acc": 0.18548896412054697, "acc_or": 0.6854545871416727, "sender_entropy": 1.6693198283513386, "receiver_entropy": 0.0, "original_loss": 0.7160535653432211, "mean_length": 5.99999984105428}
{"mode": "test", "epoch": 49, "loss": 4.027481555938721, "acc": 0.40692639350891113, "acc_or": 0.8127705454826355, "sender_entropy": 1.766149878501892, "receiver_entropy": 0.0, "original_loss": 0.4933570623397827, "mean_length": 6.0}
{"mode": "train", "epoch": 50, "loss": 4.043737729390462, "acc": 0.2049583444992701, "acc_or": 0.7019060055414835, "sender_entropy": 1.63839590549469, "receiver_entropy": 0.0, "original_loss": 0.6859495441118876, "mean_length": 5.99999984105428}
{"mode": "test", "epoch": 50, "loss": 4.178623199462891, "acc": 0.42424243688583374, "acc_or": 0.8246753215789795, "sender_entropy": 1.7517651319503784, "receiver_entropy": 0.0, "original_loss": 0.4526377320289612, "mean_length": 6.0}
{"mode": "train", "epoch": 51, "loss": 4.07619571685791, "acc": 0.21206224958101907, "acc_or": 0.7065603137016296, "sender_entropy": 1.6283211310704548, "receiver_entropy": 0.0, "original_loss": 0.6702752312024435, "mean_length": 5.99999984105428}
{"mode": "test", "epoch": 51, "loss": 4.157299995422363, "acc": 0.39393940567970276, "acc_or": 0.8203462958335876, "sender_entropy": 1.750555157661438, "receiver_entropy": 0.0, "original_loss": 0.44159337878227234, "mean_length": 6.0}
{"mode": "train", "epoch": 52, "loss": 3.929518699645996, "acc": 0.21214210987091064, "acc_or": 0.7043172121047974, "sender_entropy": 1.6419165134429932, "receiver_entropy": 0.0, "original_loss": 0.6785603165626526, "mean_length": 5.99999984105428}
{"mode": "test", "epoch": 52, "loss": 4.2418718338012695, "acc": 0.4761904776096344, "acc_or": 0.8517315983772278, "sender_entropy": 1.7569023370742798, "receiver_entropy": 0.0, "original_loss": 0.4210658073425293, "mean_length": 6.0}
{"mode": "train", "epoch": 53, "loss": 3.9955318768819175, "acc": 0.2278635005156199, "acc_or": 0.7113952040672302, "sender_entropy": 1.636006196339925, "receiver_entropy": 0.0, "original_loss": 0.6595189571380615, "mean_length": 5.99999984105428}
{"mode": "test", "epoch": 53, "loss": 4.221010684967041, "acc": 0.47186148166656494, "acc_or": 0.8452380895614624, "sender_entropy": 1.7411330938339233, "receiver_entropy": 0.0, "original_loss": 0.4086288809776306, "mean_length": 6.0}
{"mode": "train", "epoch": 54, "loss": 4.026848951975505, "acc": 0.2429957240819931, "acc_or": 0.7226583957672119, "sender_entropy": 1.6081719398498535, "receiver_entropy": 0.0, "original_loss": 0.6379281083742777, "mean_length": 5.99999984105428}
{"mode": "test", "epoch": 54, "loss": 4.105249404907227, "acc": 0.4502164423465729, "acc_or": 0.8430736064910889, "sender_entropy": 1.7126408815383911, "receiver_entropy": 0.0, "original_loss": 0.399017870426178, "mean_length": 6.0}
{"mode": "train", "epoch": 55, "loss": 4.095827579498291, "acc": 0.25258005658785504, "acc_or": 0.7322434782981873, "sender_entropy": 1.5845201412836711, "receiver_entropy": 0.0, "original_loss": 0.616071085135142, "mean_length": 5.99999984105428}
{"mode": "test", "epoch": 55, "loss": 4.070537090301514, "acc": 0.48917749524116516, "acc_or": 0.8528138399124146, "sender_entropy": 1.695340633392334, "receiver_entropy": 0.0, "original_loss": 0.3855508863925934, "mean_length": 6.0}
{"mode": "train", "epoch": 56, "loss": 4.059446334838867, "acc": 0.2668501039346059, "acc_or": 0.7367451786994934, "sender_entropy": 1.5728929837544758, "receiver_entropy": 0.0, "original_loss": 0.6048480073610941, "mean_length": 5.99999984105428}
{"mode": "test", "epoch": 56, "loss": 3.9326083660125732, "acc": 0.4588744640350342, "acc_or": 0.8430736064910889, "sender_entropy": 1.6785696744918823, "receiver_entropy": 0.0, "original_loss": 0.3916108012199402, "mean_length": 6.0}
{"mode": "train", "epoch": 57, "loss": 4.0608038902282715, "acc": 0.2833106716473897, "acc_or": 0.7458309928576151, "sender_entropy": 1.557611385981242, "receiver_entropy": 0.0, "original_loss": 0.5901415149370829, "mean_length": 5.99999984105428}
{"mode": "test", "epoch": 57, "loss": 4.018477439880371, "acc": 0.5454545617103577, "acc_or": 0.8733766078948975, "sender_entropy": 1.6769739389419556, "receiver_entropy": 0.0, "original_loss": 0.35830575227737427, "mean_length": 6.0}
{"mode": "train", "epoch": 58, "loss": 4.082793394724528, "acc": 0.2970936993757884, "acc_or": 0.7540626327196757, "sender_entropy": 1.556407372156779, "receiver_entropy": 0.0, "original_loss": 0.5778843363126119, "mean_length": 5.99999984105428}
{"mode": "test", "epoch": 58, "loss": 4.052473068237305, "acc": 0.5714285969734192, "acc_or": 0.8820346593856812, "sender_entropy": 1.6831339597702026, "receiver_entropy": 0.0, "original_loss": 0.3423888683319092, "mean_length": 6.0}
{"mode": "train", "epoch": 59, "loss": 4.01020622253418, "acc": 0.29697643717130023, "acc_or": 0.7558121681213379, "sender_entropy": 1.5484728813171387, "receiver_entropy": 0.0, "original_loss": 0.5729338526725769, "mean_length": 5.99999984105428}
{"mode": "test", "epoch": 59, "loss": 3.8952035903930664, "acc": 0.523809552192688, "acc_or": 0.8668830990791321, "sender_entropy": 1.6627211570739746, "receiver_entropy": 0.0, "original_loss": 0.3531425893306732, "mean_length": 6.0}
{"mode": "train", "epoch": 60, "loss": 4.092974662780762, "acc": 0.3094116846720378, "acc_or": 0.7599214712778727, "sender_entropy": 1.5415249665578206, "receiver_entropy": 0.0, "original_loss": 0.5533708532651266, "mean_length": 5.99999984105428}
{"mode": "test", "epoch": 60, "loss": 3.9413976669311523, "acc": 0.6147186160087585, "acc_or": 0.887445867061615, "sender_entropy": 1.646195888519287, "receiver_entropy": 0.0, "original_loss": 0.32411277294158936, "mean_length": 6.0}
{"mode": "train", "epoch": 61, "loss": 4.024359703063965, "acc": 0.32058191299438477, "acc_or": 0.7649552424748739, "sender_entropy": 1.5257803599039714, "receiver_entropy": 0.0, "original_loss": 0.5470945040384928, "mean_length": 5.99999984105428}
{"mode": "test", "epoch": 61, "loss": 3.920466423034668, "acc": 0.6017315983772278, "acc_or": 0.8917748928070068, "sender_entropy": 1.640635371208191, "receiver_entropy": 0.0, "original_loss": 0.3159638047218323, "mean_length": 6.0}
{"mode": "train", "epoch": 62, "loss": 4.032981793085734, "acc": 0.3348127404848735, "acc_or": 0.7716812094052633, "sender_entropy": 1.520731806755066, "receiver_entropy": 0.0, "original_loss": 0.5329011877377828, "mean_length": 5.99999984105428}
{"mode": "test", "epoch": 62, "loss": 3.870508909225464, "acc": 0.5974025726318359, "acc_or": 0.8896104097366333, "sender_entropy": 1.6283037662506104, "receiver_entropy": 0.0, "original_loss": 0.3061921298503876, "mean_length": 6.0}
{"mode": "train", "epoch": 63, "loss": 3.9946276346842446, "acc": 0.3452901939551036, "acc_or": 0.7782653570175171, "sender_entropy": 1.494831879933675, "receiver_entropy": 0.0, "original_loss": 0.5215706626574198, "mean_length": 5.99999984105428}
{"mode": "test", "epoch": 63, "loss": 3.816824197769165, "acc": 0.6060606241226196, "acc_or": 0.8928571343421936, "sender_entropy": 1.6137423515319824, "receiver_entropy": 0.0, "original_loss": 0.2980715334415436, "mean_length": 6.0}
{"mode": "train", "epoch": 64, "loss": 4.0531840324401855, "acc": 0.36621129512786865, "acc_or": 0.7885310451189677, "sender_entropy": 1.484622319539388, "receiver_entropy": 0.0, "original_loss": 0.5006119012832642, "mean_length": 5.99999984105428}
{"mode": "test", "epoch": 64, "loss": 3.778960704803467, "acc": 0.6709956526756287, "acc_or": 0.9058441519737244, "sender_entropy": 1.5982539653778076, "receiver_entropy": 0.0, "original_loss": 0.28543612360954285, "mean_length": 6.0}
{"mode": "train", "epoch": 65, "loss": 4.11493714650472, "acc": 0.38819384574890137, "acc_or": 0.7980788151423136, "sender_entropy": 1.4669022957483928, "receiver_entropy": 0.0, "original_loss": 0.4797042707602183, "mean_length": 5.99999984105428}
{"mode": "test", "epoch": 65, "loss": 3.7662270069122314, "acc": 0.6709956526756287, "acc_or": 0.9123376607894897, "sender_entropy": 1.5847995281219482, "receiver_entropy": 0.0, "original_loss": 0.27193331718444824, "mean_length": 6.0}
{"mode": "train", "epoch": 66, "loss": 4.039043188095093, "acc": 0.3930655022462209, "acc_or": 0.800227959950765, "sender_entropy": 1.4636740684509277, "receiver_entropy": 0.0, "original_loss": 0.4757763644059499, "mean_length": 5.99999984105428}
{"mode": "test", "epoch": 66, "loss": 3.7335283756256104, "acc": 0.6666666865348816, "acc_or": 0.9101731777191162, "sender_entropy": 1.5843214988708496, "receiver_entropy": 0.0, "original_loss": 0.26552334427833557, "mean_length": 6.0}
{"mode": "train", "epoch": 67, "loss": 4.0857516924540205, "acc": 0.40185636281967163, "acc_or": 0.8067451119422913, "sender_entropy": 1.4531585772832234, "receiver_entropy": 0.0, "original_loss": 0.4597268005212148, "mean_length": 5.99999984105428}
{"mode": "test", "epoch": 67, "loss": 3.6883769035339355, "acc": 0.6580086350440979, "acc_or": 0.9036796689033508, "sender_entropy": 1.5850335359573364, "receiver_entropy": 0.0, "original_loss": 0.26619571447372437, "mean_length": 6.0}
{"mode": "train", "epoch": 68, "loss": 3.9371895790100098, "acc": 0.4150944451491038, "acc_or": 0.8078036904335022, "sender_entropy": 1.4541279077529907, "receiver_entropy": 0.0, "original_loss": 0.46423907081286114, "mean_length": 5.99999984105428}
{"mode": "test", "epoch": 68, "loss": 3.641979932785034, "acc": 0.7402597665786743, "acc_or": 0.9296537041664124, "sender_entropy": 1.5671637058258057, "receiver_entropy": 0.0, "original_loss": 0.25098085403442383, "mean_length": 6.0}
{"mode": "train", "epoch": 69, "loss": 3.990351835886637, "acc": 0.43667954206466675, "acc_or": 0.8176712791124979, "sender_entropy": 1.4443283478418987, "receiver_entropy": 0.0, "original_loss": 0.4482811490694682, "mean_length": 5.99999984105428}
{"mode": "test", "epoch": 69, "loss": 3.674229383468628, "acc": 0.7359307408332825, "acc_or": 0.9329004287719727, "sender_entropy": 1.5583467483520508, "receiver_entropy": 0.0, "original_loss": 0.23313584923744202, "mean_length": 6.0}
{"mode": "train", "epoch": 70, "loss": 3.997826019922892, "acc": 0.45726972818374634, "acc_or": 0.8274949987729391, "sender_entropy": 1.4281315803527832, "receiver_entropy": 0.0, "original_loss": 0.4309827486673991, "mean_length": 5.99999984105428}
{"mode": "test", "epoch": 70, "loss": 3.6597819328308105, "acc": 0.7922077775001526, "acc_or": 0.9469696879386902, "sender_entropy": 1.5386168956756592, "receiver_entropy": 0.0, "original_loss": 0.20959365367889404, "mean_length": 6.0}
{"mode": "train", "epoch": 71, "loss": 3.9751245975494385, "acc": 0.467247207959493, "acc_or": 0.8310726483662924, "sender_entropy": 1.4114718039830525, "receiver_entropy": 0.0, "original_loss": 0.4200676778952281, "mean_length": 5.99999984105428}
{"mode": "test", "epoch": 71, "loss": 3.706242799758911, "acc": 0.7575757503509521, "acc_or": 0.9383116960525513, "sender_entropy": 1.5359771251678467, "receiver_entropy": 0.0, "original_loss": 0.19603607058525085, "mean_length": 6.0}
{"mode": "train", "epoch": 72, "loss": 3.9574126402537027, "acc": 0.4757949113845825, "acc_or": 0.8345540364583334, "sender_entropy": 1.411053737004598, "receiver_entropy": 0.0, "original_loss": 0.4126368463039398, "mean_length": 5.99999984105428}
{"mode": "test", "epoch": 72, "loss": 3.64040207862854, "acc": 0.8138527870178223, "acc_or": 0.9523809552192688, "sender_entropy": 1.5239511728286743, "receiver_entropy": 0.0, "original_loss": 0.1930377185344696, "mean_length": 6.0}
{"mode": "train", "epoch": 73, "loss": 3.97562313079834, "acc": 0.48791184027989704, "acc_or": 0.842333177725474, "sender_entropy": 1.3959160645802815, "receiver_entropy": 0.0, "original_loss": 0.3975902199745178, "mean_length": 5.99999984105428}
{"mode": "test", "epoch": 73, "loss": 3.5665762424468994, "acc": 0.8095238208770752, "acc_or": 0.9491341710090637, "sender_entropy": 1.5165282487869263, "receiver_entropy": 0.0, "original_loss": 0.1917731612920761, "mean_length": 6.0}
{"mode": "train", "epoch": 74, "loss": 3.865779161453247, "acc": 0.4975893497467041, "acc_or": 0.8435248136520386, "sender_entropy": 1.3905187050501506, "receiver_entropy": 0.0, "original_loss": 0.3974788685639699, "mean_length": 5.99999984105428}
{"mode": "test", "epoch": 74, "loss": 3.549354076385498, "acc": 0.8571428656578064, "acc_or": 0.9621211886405945, "sender_entropy": 1.5037842988967896, "receiver_entropy": 0.0, "original_loss": 0.17400656640529633, "mean_length": 6.0}
{"mode": "train", "epoch": 75, "loss": 3.930478096008301, "acc": 0.5157303810119629, "acc_or": 0.8502455751101176, "sender_entropy": 1.3722390333811443, "receiver_entropy": 0.0, "original_loss": 0.37751943866411847, "mean_length": 5.99999984105428}
{"mode": "test", "epoch": 75, "loss": 3.5094845294952393, "acc": 0.8095238208770752, "acc_or": 0.951298713684082, "sender_entropy": 1.4903286695480347, "receiver_entropy": 0.0, "original_loss": 0.168864443898201, "mean_length": 6.0}
{"mode": "train", "epoch": 76, "loss": 3.8241994380950928, "acc": 0.5072499314943949, "acc_or": 0.8476763963699341, "sender_entropy": 1.3702582915623982, "receiver_entropy": 0.0, "original_loss": 0.3829096853733063, "mean_length": 5.99999984105428}
{"mode": "test", "epoch": 76, "loss": 3.4050700664520264, "acc": 0.8008658289909363, "acc_or": 0.9469696879386902, "sender_entropy": 1.4829816818237305, "receiver_entropy": 0.0, "original_loss": 0.17523179948329926, "mean_length": 6.0}
{"mode": "train", "epoch": 77, "loss": 3.8482251167297363, "acc": 0.5264009833335876, "acc_or": 0.8541515469551086, "sender_entropy": 1.3525901635487874, "receiver_entropy": 0.0, "original_loss": 0.36687267820040387, "mean_length": 5.99999984105428}
{"mode": "test", "epoch": 77, "loss": 3.4074037075042725, "acc": 0.8311688303947449, "acc_or": 0.9567099809646606, "sender_entropy": 1.4742484092712402, "receiver_entropy": 0.0, "original_loss": 0.16528885066509247, "mean_length": 6.0}
{"mode": "train", "epoch": 78, "loss": 3.831477959950765, "acc": 0.5408573547999064, "acc_or": 0.8593795895576477, "sender_entropy": 1.3518677949905396, "receiver_entropy": 0.0, "original_loss": 0.3593589166800181, "mean_length": 5.99999984105428}
{"mode": "test", "epoch": 78, "loss": 3.4834656715393066, "acc": 0.8658008575439453, "acc_or": 0.9653679728507996, "sender_entropy": 1.4821776151657104, "receiver_entropy": 0.0, "original_loss": 0.151521235704422, "mean_length": 6.0}
{"mode": "train", "epoch": 79, "loss": 3.7528230349222818, "acc": 0.5448866287867228, "acc_or": 0.8590999444325765, "sender_entropy": 1.3484883705774944, "receiver_entropy": 0.0, "original_loss": 0.35600030422210693, "mean_length": 5.99999984105428}
{"mode": "test", "epoch": 79, "loss": 3.3848772048950195, "acc": 0.8138527870178223, "acc_or": 0.9502164721488953, "sender_entropy": 1.4830242395401, "receiver_entropy": 0.0, "original_loss": 0.1608419269323349, "mean_length": 6.0}
{"mode": "train", "epoch": 80, "loss": 3.762570937474569, "acc": 0.5567136605580648, "acc_or": 0.863633374373118, "sender_entropy": 1.3475966850916545, "receiver_entropy": 0.0, "original_loss": 0.34826817115147907, "mean_length": 5.99999984105428}
{"mode": "test", "epoch": 80, "loss": 3.42148756980896, "acc": 0.9004328846931458, "acc_or": 0.9740259647369385, "sender_entropy": 1.4748823642730713, "receiver_entropy": 0.0, "original_loss": 0.13693119585514069, "mean_length": 6.0}
{"mode": "train", "epoch": 81, "loss": 3.7861622969309487, "acc": 0.5659555792808533, "acc_or": 0.8677261273066202, "sender_entropy": 1.3393630584081013, "receiver_entropy": 0.0, "original_loss": 0.33585017919540405, "mean_length": 5.99999984105428}
{"mode": "test", "epoch": 81, "loss": 3.2629036903381348, "acc": 0.826839804649353, "acc_or": 0.9567099809646606, "sender_entropy": 1.4543663263320923, "receiver_entropy": 0.0, "original_loss": 0.14795619249343872, "mean_length": 6.0}
{"mode": "train", "epoch": 82, "loss": 3.7715354760487876, "acc": 0.5770635406176249, "acc_or": 0.872911810874939, "sender_entropy": 1.3337583939234416, "receiver_entropy": 0.0, "original_loss": 0.3281344970067342, "mean_length": 5.99999984105428}
{"mode": "test", "epoch": 82, "loss": 3.337446451187134, "acc": 0.8961039185523987, "acc_or": 0.9740259647369385, "sender_entropy": 1.4607601165771484, "receiver_entropy": 0.0, "original_loss": 0.12864819169044495, "mean_length": 6.0}
{"mode": "train", "epoch": 83, "loss": 3.727535088857015, "acc": 0.5827603538831075, "acc_or": 0.8741069634755453, "sender_entropy": 1.340647538503011, "receiver_entropy": 0.0, "original_loss": 0.32642536362012226, "mean_length": 5.99999984105428}
{"mode": "test", "epoch": 83, "loss": 3.3366429805755615, "acc": 0.9004328846931458, "acc_or": 0.9740259647369385, "sender_entropy": 1.4694814682006836, "receiver_entropy": 0.0, "original_loss": 0.12330050021409988, "mean_length": 6.0}
{"mode": "train", "epoch": 84, "loss": 3.6942179997762046, "acc": 0.5901581048965454, "acc_or": 0.8777947028477987, "sender_entropy": 1.3369524876276653, "receiver_entropy": 0.0, "original_loss": 0.32097095251083374, "mean_length": 5.99999984105428}
{"mode": "test", "epoch": 84, "loss": 3.2795016765594482, "acc": 0.887445867061615, "acc_or": 0.9718614816665649, "sender_entropy": 1.4602398872375488, "receiver_entropy": 0.0, "original_loss": 0.1167759895324707, "mean_length": 6.0}
{"mode": "train", "epoch": 85, "loss": 3.7223063309987388, "acc": 0.5985044042269388, "acc_or": 0.8803723454475403, "sender_entropy": 1.3262510299682617, "receiver_entropy": 0.0, "original_loss": 0.309397687514623, "mean_length": 5.99999984105428}
{"mode": "test", "epoch": 85, "loss": 3.30013370513916, "acc": 0.939393937587738, "acc_or": 0.9848484992980957, "sender_entropy": 1.4541826248168945, "receiver_entropy": 0.0, "original_loss": 0.10679781436920166, "mean_length": 6.0}
{"mode": "train", "epoch": 86, "loss": 3.6244030793507895, "acc": 0.6124575535456339, "acc_or": 0.884104311466217, "sender_entropy": 1.3195474942525227, "receiver_entropy": 0.0, "original_loss": 0.3101565142472585, "mean_length": 5.99999984105428}
{"mode": "test", "epoch": 86, "loss": 3.2058165073394775, "acc": 0.887445867061615, "acc_or": 0.9718614816665649, "sender_entropy": 1.4430961608886719, "receiver_entropy": 0.0, "original_loss": 0.11501885205507278, "mean_length": 6.0}
{"mode": "train", "epoch": 87, "loss": 3.646554390589396, "acc": 0.6118334929148356, "acc_or": 0.8851181070009867, "sender_entropy": 1.3060858647028606, "receiver_entropy": 0.0, "original_loss": 0.2990801731745402, "mean_length": 5.99999984105428}
{"mode": "test", "epoch": 87, "loss": 3.2263355255126953, "acc": 0.9220778942108154, "acc_or": 0.9805194735527039, "sender_entropy": 1.4382047653198242, "receiver_entropy": 0.0, "original_loss": 0.10102194547653198, "mean_length": 6.0}
{"mode": "train", "epoch": 88, "loss": 3.632057030995687, "acc": 0.6167486707369486, "acc_or": 0.8870698014895121, "sender_entropy": 1.310820738474528, "receiver_entropy": 0.0, "original_loss": 0.296490619579951, "mean_length": 5.99999984105428}
{"mode": "test", "epoch": 88, "loss": 3.275641441345215, "acc": 0.948051929473877, "acc_or": 0.9870129823684692, "sender_entropy": 1.4564964771270752, "receiver_entropy": 0.0, "original_loss": 0.09627630561590195, "mean_length": 6.0}
{"mode": "train", "epoch": 89, "loss": 3.613601287206014, "acc": 0.6261204282442728, "acc_or": 0.8897829651832581, "sender_entropy": 1.3206205368041992, "receiver_entropy": 0.0, "original_loss": 0.29057009021441144, "mean_length": 5.99999984105428}
{"mode": "test", "epoch": 89, "loss": 3.187196969985962, "acc": 0.9567099809646606, "acc_or": 0.9891774654388428, "sender_entropy": 1.4449235200881958, "receiver_entropy": 0.0, "original_loss": 0.09575755149126053, "mean_length": 6.0}
{"mode": "train", "epoch": 90, "loss": 3.6036247412363687, "acc": 0.6456344127655029, "acc_or": 0.896061638991038, "sender_entropy": 1.303489089012146, "receiver_entropy": 0.0, "original_loss": 0.27869372566541034, "mean_length": 5.99999984105428}
{"mode": "test", "epoch": 90, "loss": 3.217200994491577, "acc": 0.9696969985961914, "acc_or": 0.9924242496490479, "sender_entropy": 1.4416009187698364, "receiver_entropy": 0.0, "original_loss": 0.08205344527959824, "mean_length": 6.0}
{"mode": "train", "epoch": 91, "loss": 3.550140142440796, "acc": 0.6427295605341593, "acc_or": 0.8944471677144369, "sender_entropy": 1.298613429069519, "receiver_entropy": 0.0, "original_loss": 0.27974825104077655, "mean_length": 5.99999984105428}
{"mode": "test", "epoch": 91, "loss": 3.0813302993774414, "acc": 0.9350649118423462, "acc_or": 0.9837662577629089, "sender_entropy": 1.4189863204956055, "receiver_entropy": 0.0, "original_loss": 0.092341847717762, "mean_length": 6.0}
{"mode": "train", "epoch": 92, "loss": 3.5413595040639243, "acc": 0.6542932788530985, "acc_or": 0.8988230029741923, "sender_entropy": 1.2860212326049805, "receiver_entropy": 0.0, "original_loss": 0.2697005768616994, "mean_length": 5.99999984105428}
{"mode": "test", "epoch": 92, "loss": 3.0820131301879883, "acc": 0.9264069199562073, "acc_or": 0.9816017150878906, "sender_entropy": 1.4157321453094482, "receiver_entropy": 0.0, "original_loss": 0.08675110340118408, "mean_length": 6.0}
{"mode": "train", "epoch": 93, "loss": 3.5171531041463218, "acc": 0.6547306776046753, "acc_or": 0.900162398815155, "sender_entropy": 1.2861024141311646, "receiver_entropy": 0.0, "original_loss": 0.2662982940673828, "mean_length": 5.99999984105428}
{"mode": "test", "epoch": 93, "loss": 3.048278331756592, "acc": 0.9350649118423462, "acc_or": 0.9837662577629089, "sender_entropy": 1.4092135429382324, "receiver_entropy": 0.0, "original_loss": 0.08151106536388397, "mean_length": 6.0}
{"mode": "train", "epoch": 94, "loss": 3.5009830792744956, "acc": 0.6601134538650513, "acc_or": 0.9020516673723856, "sender_entropy": 1.2806634505589802, "receiver_entropy": 0.0, "original_loss": 0.2600985864798228, "mean_length": 5.99999984105428}
{"mode": "test", "epoch": 94, "loss": 3.08384108543396, "acc": 0.9783549904823303, "acc_or": 0.9945887327194214, "sender_entropy": 1.410677433013916, "receiver_entropy": 0.0, "original_loss": 0.06595966964960098, "mean_length": 6.0}
{"mode": "train", "epoch": 95, "loss": 3.395983934402466, "acc": 0.6607936223347982, "acc_or": 0.9007343053817749, "sender_entropy": 1.290802041689555, "receiver_entropy": 0.0, "original_loss": 0.2673250635464986, "mean_length": 5.99999984105428}
{"mode": "test", "epoch": 95, "loss": 2.9461796283721924, "acc": 0.939393937587738, "acc_or": 0.9848484992980957, "sender_entropy": 1.407250165939331, "receiver_entropy": 0.0, "original_loss": 0.08267280459403992, "mean_length": 6.0}
{"mode": "train", "epoch": 96, "loss": 3.41368039449056, "acc": 0.658388356367747, "acc_or": 0.9007140795389811, "sender_entropy": 1.2803832292556763, "receiver_entropy": 0.0, "original_loss": 0.26111192504564923, "mean_length": 5.99999984105428}
{"mode": "test", "epoch": 96, "loss": 2.9699487686157227, "acc": 0.9350649118423462, "acc_or": 0.9837662577629089, "sender_entropy": 1.413462519645691, "receiver_entropy": 0.0, "original_loss": 0.07972799241542816, "mean_length": 6.0}
{"mode": "train", "epoch": 97, "loss": 3.3984241485595703, "acc": 0.6663350264231364, "acc_or": 0.903272012869517, "sender_entropy": 1.2908287445704143, "receiver_entropy": 0.0, "original_loss": 0.25977883736292523, "mean_length": 5.99999984105428}
{"mode": "test", "epoch": 97, "loss": 3.0477869510650635, "acc": 0.9696969985961914, "acc_or": 0.9924242496490479, "sender_entropy": 1.424991250038147, "receiver_entropy": 0.0, "original_loss": 0.06759835034608841, "mean_length": 6.0}
{"mode": "train", "epoch": 98, "loss": 3.3851338227589927, "acc": 0.6688118577003479, "acc_or": 0.9036205609639486, "sender_entropy": 1.2856731414794922, "receiver_entropy": 0.0, "original_loss": 0.2537602037191391, "mean_length": 5.99999984105428}
{"mode": "test", "epoch": 98, "loss": 2.9615895748138428, "acc": 0.9740259647369385, "acc_or": 0.9935064911842346, "sender_entropy": 1.412146806716919, "receiver_entropy": 0.0, "original_loss": 0.0677134171128273, "mean_length": 6.0}
{"mode": "train", "epoch": 99, "loss": 3.369054635365804, "acc": 0.6744115352630615, "acc_or": 0.9053034782409668, "sender_entropy": 1.2826778491338093, "receiver_entropy": 0.0, "original_loss": 0.24983865022659302, "mean_length": 5.99999984105428}
{"mode": "test", "epoch": 99, "loss": 3.008399248123169, "acc": 0.9610389471054077, "acc_or": 0.9891774654388428, "sender_entropy": 1.4267349243164062, "receiver_entropy": 0.0, "original_loss": 0.06758613884449005, "mean_length": 6.0}
{"mode": "train", "epoch": 100, "loss": 3.35854705174764, "acc": 0.6818395455678304, "acc_or": 0.9076466759045919, "sender_entropy": 1.2890022993087769, "receiver_entropy": 0.0, "original_loss": 0.2467228223880132, "mean_length": 5.99999984105428}
{"mode": "test", "epoch": 100, "loss": 2.9660425186157227, "acc": 0.9696969985961914, "acc_or": 0.9924242496490479, "sender_entropy": 1.4216116666793823, "receiver_entropy": 0.0, "original_loss": 0.064132459461689, "mean_length": 6.0}
{"mode": "train", "epoch": 101, "loss": 3.2517553170522056, "acc": 0.6765333612759908, "acc_or": 0.9055572152137756, "sender_entropy": 1.2867370049158733, "receiver_entropy": 0.0, "original_loss": 0.2515011529127757, "mean_length": 5.99999984105428}
{"mode": "test", "epoch": 101, "loss": 2.937987804412842, "acc": 0.9740259647369385, "acc_or": 0.9935064911842346, "sender_entropy": 1.4177342653274536, "receiver_entropy": 0.0, "original_loss": 0.06346850842237473, "mean_length": 6.0}
{"mode": "train", "epoch": 102, "loss": 3.264576514561971, "acc": 0.6883182922999064, "acc_or": 0.9097816149393717, "sender_entropy": 1.2771226167678833, "receiver_entropy": 0.0, "original_loss": 0.2425634761651357, "mean_length": 5.99999984105428}
{"mode": "test", "epoch": 102, "loss": 2.873826503753662, "acc": 0.9523809552192688, "acc_or": 0.988095223903656, "sender_entropy": 1.4094599485397339, "receiver_entropy": 0.0, "original_loss": 0.06805379688739777, "mean_length": 6.0}
{"mode": "train", "epoch": 103, "loss": 3.275339047114054, "acc": 0.6980832020441691, "acc_or": 0.9131878217061361, "sender_entropy": 1.2697077592213948, "receiver_entropy": 0.0, "original_loss": 0.23324828346570334, "mean_length": 5.99999984105428}
{"mode": "test", "epoch": 103, "loss": 2.8980295658111572, "acc": 0.9783549904823303, "acc_or": 0.9945887327194214, "sender_entropy": 1.4059290885925293, "receiver_entropy": 0.0, "original_loss": 0.053674399852752686, "mean_length": 6.0}
{"mode": "train", "epoch": 104, "loss": 3.221921920776367, "acc": 0.6985036929448446, "acc_or": 0.9133508404095968, "sender_entropy": 1.2668752272923787, "receiver_entropy": 0.0, "original_loss": 0.2320311963558197, "mean_length": 5.99999984105428}
{"mode": "test", "epoch": 104, "loss": 2.880772829055786, "acc": 0.9870129823684692, "acc_or": 0.9967532753944397, "sender_entropy": 1.4124442338943481, "receiver_entropy": 0.0, "original_loss": 0.05324816703796387, "mean_length": 6.0}
{"mode": "train", "epoch": 105, "loss": 3.1886321703592935, "acc": 0.6967167258262634, "acc_or": 0.9118982354799906, "sender_entropy": 1.2703351974487305, "receiver_entropy": 0.0, "original_loss": 0.23455422619978586, "mean_length": 5.99999984105428}
{"mode": "test", "epoch": 105, "loss": 2.8142690658569336, "acc": 0.9740259647369385, "acc_or": 0.9935064911842346, "sender_entropy": 1.4059805870056152, "receiver_entropy": 0.0, "original_loss": 0.05474968999624252, "mean_length": 6.0}
{"mode": "train", "epoch": 106, "loss": 3.1377013524373374, "acc": 0.6943459908167521, "acc_or": 0.9112202326456705, "sender_entropy": 1.2709389527638753, "receiver_entropy": 0.0, "original_loss": 0.23639392852783203, "mean_length": 5.99999984105428}
{"mode": "test", "epoch": 106, "loss": 2.818026304244995, "acc": 0.9826839566230774, "acc_or": 0.9956709742546082, "sender_entropy": 1.4127157926559448, "receiver_entropy": 0.0, "original_loss": 0.05428629368543625, "mean_length": 6.0}
{"mode": "train", "epoch": 107, "loss": 3.0200483798980713, "acc": 0.6866673231124878, "acc_or": 0.9091124137242635, "sender_entropy": 1.2741326093673706, "receiver_entropy": 0.0, "original_loss": 0.24527088304360709, "mean_length": 5.99999984105428}
{"mode": "test", "epoch": 107, "loss": 2.8106377124786377, "acc": 0.9826839566230774, "acc_or": 0.9956709742546082, "sender_entropy": 1.4114998579025269, "receiver_entropy": 0.0, "original_loss": 0.049917228519916534, "mean_length": 6.0}
{"mode": "train", "epoch": 108, "loss": 3.0534170468648276, "acc": 0.690268894036611, "acc_or": 0.9111675222714742, "sender_entropy": 1.279665191968282, "receiver_entropy": 0.0, "original_loss": 0.23873167236646017, "mean_length": 5.99999984105428}
{"mode": "test", "epoch": 108, "loss": 2.7804558277130127, "acc": 0.9826839566230774, "acc_or": 0.9956709742546082, "sender_entropy": 1.4027817249298096, "receiver_entropy": 0.0, "original_loss": 0.047236450016498566, "mean_length": 6.0}
{"mode": "train", "epoch": 109, "loss": 3.014092206954956, "acc": 0.6978375514348348, "acc_or": 0.9121142228444418, "sender_entropy": 1.2696181535720825, "receiver_entropy": 0.0, "original_loss": 0.23574261864026388, "mean_length": 5.99999984105428}
{"mode": "test", "epoch": 109, "loss": 2.727893590927124, "acc": 0.9740259647369385, "acc_or": 0.9935064911842346, "sender_entropy": 1.3907105922698975, "receiver_entropy": 0.0, "original_loss": 0.04854998737573624, "mean_length": 6.0}
{"mode": "train", "epoch": 110, "loss": 3.019288698832194, "acc": 0.712537407875061, "acc_or": 0.9176893631617228, "sender_entropy": 1.2612050374348958, "receiver_entropy": 0.0, "original_loss": 0.22519902884960175, "mean_length": 5.99999984105428}
{"mode": "test", "epoch": 110, "loss": 2.727057456970215, "acc": 0.9870129823684692, "acc_or": 0.9967532753944397, "sender_entropy": 1.39456045627594, "receiver_entropy": 0.0, "original_loss": 0.045974284410476685, "mean_length": 6.0}
{"mode": "train", "epoch": 111, "loss": 3.0458736419677734, "acc": 0.7196053465207418, "acc_or": 0.920599897702535, "sender_entropy": 1.2542931238810222, "receiver_entropy": 0.0, "original_loss": 0.21719585359096527, "mean_length": 5.99999984105428}
{"mode": "test", "epoch": 111, "loss": 2.6625990867614746, "acc": 0.9826839566230774, "acc_or": 0.9956709742546082, "sender_entropy": 1.382043719291687, "receiver_entropy": 0.0, "original_loss": 0.04744712635874748, "mean_length": 6.0}
{"mode": "train", "epoch": 112, "loss": 3.0401723384857178, "acc": 0.7256765762964884, "acc_or": 0.922157883644104, "sender_entropy": 1.2463105916976929, "receiver_entropy": 0.0, "original_loss": 0.2119221289952596, "mean_length": 5.99999984105428}
{"mode": "test", "epoch": 112, "loss": 2.6677091121673584, "acc": 0.9740259647369385, "acc_or": 0.9935064911842346, "sender_entropy": 1.3895500898361206, "receiver_entropy": 0.0, "original_loss": 0.04553530737757683, "mean_length": 6.0}
{"mode": "train", "epoch": 113, "loss": 2.9925967852274575, "acc": 0.721419632434845, "acc_or": 0.920756995677948, "sender_entropy": 1.2615665992101033, "receiver_entropy": 0.0, "original_loss": 0.21654889980951944, "mean_length": 5.99999984105428}
{"mode": "test", "epoch": 113, "loss": 2.6635758876800537, "acc": 0.9740259647369385, "acc_or": 0.9935064911842346, "sender_entropy": 1.4018306732177734, "receiver_entropy": 0.0, "original_loss": 0.049639709293842316, "mean_length": 6.0}
{"mode": "train", "epoch": 114, "loss": 2.9430832068125405, "acc": 0.7216066519419352, "acc_or": 0.9208418726921082, "sender_entropy": 1.2673698663711548, "receiver_entropy": 0.0, "original_loss": 0.21973333756128946, "mean_length": 5.99999984105428}
{"mode": "test", "epoch": 114, "loss": 2.6320838928222656, "acc": 0.9696969985961914, "acc_or": 0.9924242496490479, "sender_entropy": 1.4035658836364746, "receiver_entropy": 0.0, "original_loss": 0.049573201686143875, "mean_length": 6.0}
{"mode": "train", "epoch": 115, "loss": 2.971880038579305, "acc": 0.720535159111023, "acc_or": 0.9207058151563009, "sender_entropy": 1.2635095516840618, "receiver_entropy": 0.0, "original_loss": 0.21323137978712717, "mean_length": 5.99999984105428}
{"mode": "test", "epoch": 115, "loss": 2.6499600410461426, "acc": 0.9870129823684692, "acc_or": 0.9967532753944397, "sender_entropy": 1.3991994857788086, "receiver_entropy": 0.0, "original_loss": 0.04421374574303627, "mean_length": 6.0}
{"mode": "train", "epoch": 116, "loss": 2.9557344913482666, "acc": 0.7281339963277181, "acc_or": 0.9225555459658304, "sender_entropy": 1.2603413263956706, "receiver_entropy": 0.0, "original_loss": 0.20924829443295798, "mean_length": 5.99999984105428}
{"mode": "test", "epoch": 116, "loss": 2.6308255195617676, "acc": 0.9913420081138611, "acc_or": 0.9978355169296265, "sender_entropy": 1.391945719718933, "receiver_entropy": 0.0, "original_loss": 0.041848234832286835, "mean_length": 6.0}
{"mode": "train", "epoch": 117, "loss": 2.861268917719523, "acc": 0.7312953273455302, "acc_or": 0.922732949256897, "sender_entropy": 1.2467511892318726, "receiver_entropy": 0.0, "original_loss": 0.21100670099258423, "mean_length": 5.99999984105428}
{"mode": "test", "epoch": 117, "loss": 2.5678699016571045, "acc": 0.9913420081138611, "acc_or": 0.9978355169296265, "sender_entropy": 1.3778119087219238, "receiver_entropy": 0.0, "original_loss": 0.03899403288960457, "mean_length": 6.0}
{"mode": "train", "epoch": 118, "loss": 2.8588755130767822, "acc": 0.733507772286733, "acc_or": 0.9237541158994039, "sender_entropy": 1.2447222073872883, "receiver_entropy": 0.0, "original_loss": 0.20841262737909952, "mean_length": 5.99999984105428}
{"mode": "test", "epoch": 118, "loss": 2.576096773147583, "acc": 0.9740259647369385, "acc_or": 0.9935064911842346, "sender_entropy": 1.3894654512405396, "receiver_entropy": 0.0, "original_loss": 0.04043125733733177, "mean_length": 6.0}
{"mode": "train", "epoch": 119, "loss": 2.8349874019622803, "acc": 0.7312665383021036, "acc_or": 0.9232731262842814, "sender_entropy": 1.2487854957580566, "receiver_entropy": 0.0, "original_loss": 0.20678114891052246, "mean_length": 5.99999984105428}
{"mode": "test", "epoch": 119, "loss": 2.488715410232544, "acc": 0.9610389471054077, "acc_or": 0.9902597665786743, "sender_entropy": 1.3775838613510132, "receiver_entropy": 0.0, "original_loss": 0.0485650859773159, "mean_length": 6.0}
{"mode": "train", "epoch": 120, "loss": 2.838877042134603, "acc": 0.7316586176554362, "acc_or": 0.9236212968826294, "sender_entropy": 1.243775725364685, "receiver_entropy": 0.0, "original_loss": 0.2060961772998174, "mean_length": 5.99999984105428}
{"mode": "test", "epoch": 120, "loss": 2.5384645462036133, "acc": 0.9783549904823303, "acc_or": 0.9945887327194214, "sender_entropy": 1.3872932195663452, "receiver_entropy": 0.0, "original_loss": 0.041732244193553925, "mean_length": 6.0}
{"mode": "train", "epoch": 121, "loss": 2.785023291905721, "acc": 0.7274056077003479, "acc_or": 0.9224794507026672, "sender_entropy": 1.25358247756958, "receiver_entropy": 0.0, "original_loss": 0.20771904289722443, "mean_length": 5.99999984105428}
{"mode": "test", "epoch": 121, "loss": 2.513516902923584, "acc": 0.9826839566230774, "acc_or": 0.9956709742546082, "sender_entropy": 1.3842498064041138, "receiver_entropy": 0.0, "original_loss": 0.03805440664291382, "mean_length": 6.0}
{"mode": "train", "epoch": 122, "loss": 2.776146570841471, "acc": 0.7315078973770142, "acc_or": 0.9244913856188456, "sender_entropy": 1.2481410503387451, "receiver_entropy": 0.0, "original_loss": 0.20370225608348846, "mean_length": 5.99999984105428}
{"mode": "test", "epoch": 122, "loss": 2.441730499267578, "acc": 0.9783549904823303, "acc_or": 0.9945887327194214, "sender_entropy": 1.3774898052215576, "receiver_entropy": 0.0, "original_loss": 0.04645692557096481, "mean_length": 6.0}
{"mode": "train", "epoch": 123, "loss": 2.760437329610189, "acc": 0.7365817030270895, "acc_or": 0.9252152641614279, "sender_entropy": 1.2439947128295898, "receiver_entropy": 0.0, "original_loss": 0.20149147510528564, "mean_length": 5.99999984105428}
{"mode": "test", "epoch": 123, "loss": 2.4408764839172363, "acc": 0.9913420081138611, "acc_or": 0.9978355169296265, "sender_entropy": 1.3746522665023804, "receiver_entropy": 0.0, "original_loss": 0.0376267209649086, "mean_length": 6.0}
{"mode": "train", "epoch": 124, "loss": 2.689854303995768, "acc": 0.7295170029004415, "acc_or": 0.9238618413607279, "sender_entropy": 1.241077224413554, "receiver_entropy": 0.0, "original_loss": 0.20664538443088531, "mean_length": 5.99999984105428}
{"mode": "test", "epoch": 124, "loss": 2.4203600883483887, "acc": 0.9783549904823303, "acc_or": 0.9945887327194214, "sender_entropy": 1.3721259832382202, "receiver_entropy": 0.0, "original_loss": 0.039956096559762955, "mean_length": 6.0}
{"mode": "train", "epoch": 125, "loss": 2.6932846705118814, "acc": 0.7378902633984884, "acc_or": 0.9260039925575256, "sender_entropy": 1.2381649017333984, "receiver_entropy": 0.0, "original_loss": 0.20193988581498465, "mean_length": 5.99999984105428}
{"mode": "test", "epoch": 125, "loss": 2.4625234603881836, "acc": 0.9913420081138611, "acc_or": 0.9978355169296265, "sender_entropy": 1.3829493522644043, "receiver_entropy": 0.0, "original_loss": 0.0386650487780571, "mean_length": 6.0}
{"mode": "train", "epoch": 126, "loss": 2.6654306252797446, "acc": 0.7363166014353434, "acc_or": 0.9249425133069357, "sender_entropy": 1.2464398940404255, "receiver_entropy": 0.0, "original_loss": 0.2046173612276713, "mean_length": 5.99999984105428}
{"mode": "test", "epoch": 126, "loss": 2.4351532459259033, "acc": 0.9826839566230774, "acc_or": 0.9956709742546082, "sender_entropy": 1.378978967666626, "receiver_entropy": 0.0, "original_loss": 0.03859868273139, "mean_length": 6.0}
{"mode": "train", "epoch": 127, "loss": 2.6885598500569663, "acc": 0.7448092699050903, "acc_or": 0.9278904795646667, "sender_entropy": 1.2478206952412922, "receiver_entropy": 0.0, "original_loss": 0.19550938407580057, "mean_length": 5.99999984105428}
{"mode": "test", "epoch": 127, "loss": 2.43172025680542, "acc": 0.9870129823684692, "acc_or": 0.9967532753944397, "sender_entropy": 1.3781737089157104, "receiver_entropy": 0.0, "original_loss": 0.03546278551220894, "mean_length": 6.0}
{"mode": "train", "epoch": 128, "loss": 2.66247820854187, "acc": 0.7497453093528748, "acc_or": 0.9294588168462118, "sender_entropy": 1.249024470647176, "receiver_entropy": 0.0, "original_loss": 0.1945860336224238, "mean_length": 5.99999984105428}
{"mode": "test", "epoch": 128, "loss": 2.384742498397827, "acc": 0.9870129823684692, "acc_or": 0.9967532753944397, "sender_entropy": 1.3712091445922852, "receiver_entropy": 0.0, "original_loss": 0.035640254616737366, "mean_length": 6.0}
{"mode": "train", "epoch": 129, "loss": 2.6354469458262124, "acc": 0.7557694514592489, "acc_or": 0.9314327041308085, "sender_entropy": 1.2348847389221191, "receiver_entropy": 0.0, "original_loss": 0.19028832018375397, "mean_length": 5.99999984105428}
{"mode": "test", "epoch": 129, "loss": 2.321420192718506, "acc": 0.9826839566230774, "acc_or": 0.9956709742546082, "sender_entropy": 1.3573646545410156, "receiver_entropy": 0.0, "original_loss": 0.03529305011034012, "mean_length": 6.0}
{"mode": "train", "epoch": 130, "loss": 2.669804334640503, "acc": 0.7642189462979635, "acc_or": 0.9337484836578369, "sender_entropy": 1.2306962807973225, "receiver_entropy": 0.0, "original_loss": 0.18262739976247153, "mean_length": 5.99999984105428}
{"mode": "test", "epoch": 130, "loss": 2.362809181213379, "acc": 0.9826839566230774, "acc_or": 0.9956709742546082, "sender_entropy": 1.3642182350158691, "receiver_entropy": 0.0, "original_loss": 0.03242553398013115, "mean_length": 6.0}
{"mode": "train", "epoch": 131, "loss": 2.614297072092692, "acc": 0.7626751661300659, "acc_or": 0.9332218964894613, "sender_entropy": 1.235494335492452, "receiver_entropy": 0.0, "original_loss": 0.18740088244279227, "mean_length": 5.99999984105428}
{"mode": "test", "epoch": 131, "loss": 2.3396036624908447, "acc": 0.9913420081138611, "acc_or": 0.9978355169296265, "sender_entropy": 1.3660739660263062, "receiver_entropy": 0.0, "original_loss": 0.036258943378925323, "mean_length": 6.0}
{"mode": "train", "epoch": 132, "loss": 2.6292908986409507, "acc": 0.7587761282920837, "acc_or": 0.932155966758728, "sender_entropy": 1.2337979873021443, "receiver_entropy": 0.0, "original_loss": 0.18422130743662515, "mean_length": 5.99999984105428}
{"mode": "test", "epoch": 132, "loss": 2.3550503253936768, "acc": 0.9826839566230774, "acc_or": 0.9956709742546082, "sender_entropy": 1.3738408088684082, "receiver_entropy": 0.0, "original_loss": 0.0351279117166996, "mean_length": 6.0}
{"mode": "train", "epoch": 133, "loss": 2.5637906392415366, "acc": 0.7595034241676331, "acc_or": 0.9321301579475403, "sender_entropy": 1.2380750974019368, "receiver_entropy": 0.0, "original_loss": 0.18774705131848654, "mean_length": 5.99999984105428}
{"mode": "test", "epoch": 133, "loss": 2.353315830230713, "acc": 0.9870129823684692, "acc_or": 0.9967532753944397, "sender_entropy": 1.3720452785491943, "receiver_entropy": 0.0, "original_loss": 0.03329920768737793, "mean_length": 6.0}
{"mode": "train", "epoch": 134, "loss": 2.4990107218424478, "acc": 0.7539091110229492, "acc_or": 0.9306918581326803, "sender_entropy": 1.2347337007522583, "receiver_entropy": 0.0, "original_loss": 0.1940638522307078, "mean_length": 5.99999984105428}
{"mode": "test", "epoch": 134, "loss": 2.309641122817993, "acc": 0.9913420081138611, "acc_or": 0.9978355169296265, "sender_entropy": 1.3693532943725586, "receiver_entropy": 0.0, "original_loss": 0.03329731523990631, "mean_length": 6.0}
{"mode": "train", "epoch": 135, "loss": 2.507890224456787, "acc": 0.7583074371019999, "acc_or": 0.9319041967391968, "sender_entropy": 1.234880010286967, "receiver_entropy": 0.0, "original_loss": 0.187252605954806, "mean_length": 5.99999984105428}
{"mode": "test", "epoch": 135, "loss": 2.263345718383789, "acc": 0.9826839566230774, "acc_or": 0.9956709742546082, "sender_entropy": 1.3598949909210205, "receiver_entropy": 0.0, "original_loss": 0.0317201130092144, "mean_length": 6.0}
{"mode": "train", "epoch": 136, "loss": 2.5002216498057046, "acc": 0.7578545808792114, "acc_or": 0.9322069684664408, "sender_entropy": 1.2312978903452556, "receiver_entropy": 0.0, "original_loss": 0.18630626300970712, "mean_length": 5.99999984105428}
{"mode": "test", "epoch": 136, "loss": 2.2723898887634277, "acc": 0.9870129823684692, "acc_or": 0.9967532753944397, "sender_entropy": 1.3642932176589966, "receiver_entropy": 0.0, "original_loss": 0.0323275625705719, "mean_length": 6.0}
{"mode": "train", "epoch": 137, "loss": 2.476800282796224, "acc": 0.7529555956522623, "acc_or": 0.9313486417134603, "sender_entropy": 1.2323880592981975, "receiver_entropy": 0.0, "original_loss": 0.18874134620030722, "mean_length": 5.99999984105428}
{"mode": "test", "epoch": 137, "loss": 2.317871332168579, "acc": 0.9956709742546082, "acc_or": 0.9989177584648132, "sender_entropy": 1.3734546899795532, "receiver_entropy": 0.0, "original_loss": 0.026140056550502777, "mean_length": 6.0}
{"mode": "train", "epoch": 138, "loss": 2.354472557703654, "acc": 0.7389887372652689, "acc_or": 0.9259514609972636, "sender_entropy": 1.2461894353230794, "receiver_entropy": 0.0, "original_loss": 0.20347708960374197, "mean_length": 5.99999984105428}
{"mode": "test", "epoch": 138, "loss": 2.2791452407836914, "acc": 0.9783549904823303, "acc_or": 0.9945887327194214, "sender_entropy": 1.373914361000061, "receiver_entropy": 0.0, "original_loss": 0.03744069114327431, "mean_length": 6.0}
{"mode": "train", "epoch": 139, "loss": 2.3705628712972007, "acc": 0.7508499423662821, "acc_or": 0.9293201565742493, "sender_entropy": 1.249140779177348, "receiver_entropy": 0.0, "original_loss": 0.19663909574349722, "mean_length": 5.99999984105428}
{"mode": "test", "epoch": 139, "loss": 2.263862133026123, "acc": 0.9826839566230774, "acc_or": 0.9956709742546082, "sender_entropy": 1.3770861625671387, "receiver_entropy": 0.0, "original_loss": 0.03594100475311279, "mean_length": 6.0}
{"mode": "train", "epoch": 140, "loss": 2.386388619740804, "acc": 0.760504424571991, "acc_or": 0.9326487382253011, "sender_entropy": 1.244019865989685, "receiver_entropy": 0.0, "original_loss": 0.1893738110860189, "mean_length": 5.99999984105428}
{"mode": "test", "epoch": 140, "loss": 2.2624244689941406, "acc": 0.9956709742546082, "acc_or": 0.9989177584648132, "sender_entropy": 1.3759011030197144, "receiver_entropy": 0.0, "original_loss": 0.0297137089073658, "mean_length": 6.0}
{"mode": "train", "epoch": 141, "loss": 2.4172240098317466, "acc": 0.7599555452664694, "acc_or": 0.932524561882019, "sender_entropy": 1.2403531869252522, "receiver_entropy": 0.0, "original_loss": 0.18408373494942984, "mean_length": 5.99999984105428}
{"mode": "test", "epoch": 141, "loss": 2.24800181388855, "acc": 0.9913420081138611, "acc_or": 0.9978355169296265, "sender_entropy": 1.3621947765350342, "receiver_entropy": 0.0, "original_loss": 0.027821829542517662, "mean_length": 6.0}
{"mode": "train", "epoch": 142, "loss": 2.3925694624582925, "acc": 0.7695837616920471, "acc_or": 0.935184121131897, "sender_entropy": 1.2282252311706543, "receiver_entropy": 0.0, "original_loss": 0.18111703296502432, "mean_length": 5.99999984105428}
{"mode": "test", "epoch": 142, "loss": 2.226835250854492, "acc": 1.0, "acc_or": 1.0, "sender_entropy": 1.3563932180404663, "receiver_entropy": 0.0, "original_loss": 0.025763189420104027, "mean_length": 6.0}
{"epoch": 142, "positional_disent": 0.06639145314693451, "bag_of_symbol_disent": 0.19327910244464874, "topographic_sim": 0.44770788082298535}
{"generalization hold out": {"acc": 0.92578125, "acc_or": 0.9739583730697632}, "uniform holdout": {"acc": 0.8399999737739563, "acc_or": 0.9599999785423279}, "epoch": 142}
---End--
