nohup: ignoring input
{"mode": "train", "epoch": 1, "loss": -6.6794406572977705, "acc": 0.002651645957181851, "acc_or": 0.2448513706525167, "sender_entropy": 2.300238768259684, "receiver_entropy": 0.0, "original_loss": 1.5836046934127808, "mean_length": 5.99999984105428}
{"mode": "test", "epoch": 1, "loss": 1.1984883546829224, "acc": 0.0043290043249726295, "acc_or": 0.2738095223903656, "sender_entropy": 2.298280954360962, "receiver_entropy": 0.0, "original_loss": 1.519837737083435, "mean_length": 6.0}
{"mode": "train", "epoch": 2, "loss": 1.3694181442260742, "acc": 0.0034487223407874503, "acc_or": 0.2533915340900421, "sender_entropy": 2.2975188891092935, "receiver_entropy": 0.0, "original_loss": 1.4954810937245686, "mean_length": 5.99999984105428}
{"mode": "test", "epoch": 2, "loss": 1.9269647598266602, "acc": 0.0043290043249726295, "acc_or": 0.2651515007019043, "sender_entropy": 2.296938419342041, "receiver_entropy": 0.0, "original_loss": 1.4100778102874756, "mean_length": 6.0}
{"mode": "train", "epoch": 3, "loss": 1.8880058526992798, "acc": 0.004023509410520394, "acc_or": 0.2598009606202443, "sender_entropy": 2.2960930665334067, "receiver_entropy": 0.0, "original_loss": 1.405018409093221, "mean_length": 5.99999984105428}
{"mode": "test", "epoch": 3, "loss": 1.6692203283309937, "acc": 0.0043290043249726295, "acc_or": 0.25974026322364807, "sender_entropy": 2.295896291732788, "receiver_entropy": 0.0, "original_loss": 1.3829200267791748, "mean_length": 6.0}
{"mode": "train", "epoch": 4, "loss": 1.5692200660705566, "acc": 0.0044680881934861345, "acc_or": 0.2565796573956807, "sender_entropy": 2.2963597774505615, "receiver_entropy": 0.0, "original_loss": 1.388238509496053, "mean_length": 5.99999984105428}
{"mode": "test", "epoch": 4, "loss": 1.414068579673767, "acc": 0.008658008649945259, "acc_or": 0.2889610528945923, "sender_entropy": 2.297114849090576, "receiver_entropy": 0.0, "original_loss": 1.3757743835449219, "mean_length": 6.0}
{"mode": "train", "epoch": 5, "loss": 1.2726633946100872, "acc": 0.0051349561351041, "acc_or": 0.2634797195593516, "sender_entropy": 2.2978080908457437, "receiver_entropy": 0.0, "original_loss": 1.3870277007420857, "mean_length": 5.99999984105428}
{"mode": "test", "epoch": 5, "loss": 1.261149525642395, "acc": 0.008658008649945259, "acc_or": 0.3787878751754761, "sender_entropy": 2.29799222946167, "receiver_entropy": 0.0, "original_loss": 1.3714790344238281, "mean_length": 6.0}
{"mode": "train", "epoch": 6, "loss": 1.087058464686076, "acc": 0.004072787162537376, "acc_or": 0.26012927293777466, "sender_entropy": 2.2987443606058755, "receiver_entropy": 0.0, "original_loss": 1.3862040837605794, "mean_length": 5.99999984105428}
{"mode": "test", "epoch": 6, "loss": 1.1686077117919922, "acc": 0.0043290043249726295, "acc_or": 0.3279220759868622, "sender_entropy": 2.2990057468414307, "receiver_entropy": 0.0, "original_loss": 1.3678364753723145, "mean_length": 6.0}
{"mode": "train", "epoch": 7, "loss": 0.9577981432278951, "acc": 0.004739655181765556, "acc_or": 0.2614148060480754, "sender_entropy": 2.2996235688527427, "receiver_entropy": 0.0, "original_loss": 1.3857193787892659, "mean_length": 5.99999984105428}
{"mode": "test", "epoch": 7, "loss": 1.1309773921966553, "acc": 0.034632034599781036, "acc_or": 0.4166666567325592, "sender_entropy": 2.3000030517578125, "receiver_entropy": 0.0, "original_loss": 1.3632868528366089, "mean_length": 6.0}
{"mode": "train", "epoch": 8, "loss": 0.8641739288965861, "acc": 0.00469505344517529, "acc_or": 0.2610196073849996, "sender_entropy": 2.3003243605295816, "receiver_entropy": 0.0, "original_loss": 1.3852708737055461, "mean_length": 5.99999984105428}
{"mode": "test", "epoch": 8, "loss": 1.091217041015625, "acc": 0.017316017299890518, "acc_or": 0.4220779240131378, "sender_entropy": 2.3006553649902344, "receiver_entropy": 0.0, "original_loss": 1.360641598701477, "mean_length": 6.0}
{"mode": "train", "epoch": 9, "loss": 0.7892412145932516, "acc": 0.004787134472280741, "acc_or": 0.2641508976618449, "sender_entropy": 2.3007678985595703, "receiver_entropy": 0.0, "original_loss": 1.3851972421010335, "mean_length": 5.99999984105428}
{"mode": "test", "epoch": 9, "loss": 1.0589425563812256, "acc": 0.034632034599781036, "acc_or": 0.46536797285079956, "sender_entropy": 2.300933599472046, "receiver_entropy": 0.0, "original_loss": 1.3585225343704224, "mean_length": 6.0}
{"mode": "train", "epoch": 10, "loss": 0.7335166533788046, "acc": 0.0037091390695422888, "acc_or": 0.26476219296455383, "sender_entropy": 2.300963878631592, "receiver_entropy": 0.0, "original_loss": 1.3848636945088704, "mean_length": 5.99999984105428}
{"mode": "test", "epoch": 10, "loss": 1.0684152841567993, "acc": 0.008658008649945259, "acc_or": 0.399350643157959, "sender_entropy": 2.3010425567626953, "receiver_entropy": 0.0, "original_loss": 1.3537027835845947, "mean_length": 6.0}
{"mode": "train", "epoch": 11, "loss": 0.6869640747706095, "acc": 0.005768372987707456, "acc_or": 0.269326130549113, "sender_entropy": 2.3010806242624917, "receiver_entropy": 0.0, "original_loss": 1.3846917152404785, "mean_length": 5.99999984105428}
{"mode": "test", "epoch": 11, "loss": 1.1146091222763062, "acc": 0.03030303120613098, "acc_or": 0.4502164423465729, "sender_entropy": 2.301112651824951, "receiver_entropy": 0.0, "original_loss": 1.346622347831726, "mean_length": 6.0}
{"mode": "train", "epoch": 12, "loss": 0.6502026716868082, "acc": 0.004499740976219376, "acc_or": 0.272558053334554, "sender_entropy": 2.301121950149536, "receiver_entropy": 0.0, "original_loss": 1.3843894402186077, "mean_length": 5.99999984105428}
{"mode": "test", "epoch": 12, "loss": 1.1856980323791504, "acc": 0.021645020693540573, "acc_or": 0.4545454680919647, "sender_entropy": 2.301023244857788, "receiver_entropy": 0.0, "original_loss": 1.3378931283950806, "mean_length": 6.0}
{"mode": "train", "epoch": 13, "loss": 0.6188239057858785, "acc": 0.005254014239956935, "acc_or": 0.27060097455978394, "sender_entropy": 2.300994952519735, "receiver_entropy": 0.0, "original_loss": 1.3841735521952312, "mean_length": 5.99999984105428}
{"mode": "test", "epoch": 13, "loss": 1.2354238033294678, "acc": 0.025974025949835777, "acc_or": 0.4642857015132904, "sender_entropy": 2.3007702827453613, "receiver_entropy": 0.0, "original_loss": 1.3311104774475098, "mean_length": 6.0}
{"mode": "train", "epoch": 14, "loss": 0.5934273997942606, "acc": 0.005150782720496257, "acc_or": 0.27187374234199524, "sender_entropy": 2.300717035929362, "receiver_entropy": 0.0, "original_loss": 1.3838517665863037, "mean_length": 5.99999984105428}
{"mode": "test", "epoch": 14, "loss": 1.292617917060852, "acc": 0.017316017299890518, "acc_or": 0.4761904776096344, "sender_entropy": 2.3004140853881836, "receiver_entropy": 0.0, "original_loss": 1.3239418268203735, "mean_length": 6.0}
{"mode": "train", "epoch": 15, "loss": 0.5740418434143066, "acc": 0.005254014084736506, "acc_or": 0.2731354435284932, "sender_entropy": 2.3002819220225015, "receiver_entropy": 0.0, "original_loss": 1.3833345174789429, "mean_length": 5.99999984105428}
{"mode": "test", "epoch": 15, "loss": 1.3474913835525513, "acc": 0.03030303120613098, "acc_or": 0.4945887327194214, "sender_entropy": 2.2998857498168945, "receiver_entropy": 0.0, "original_loss": 1.3172096014022827, "mean_length": 6.0}
{"mode": "train", "epoch": 16, "loss": 0.561662475268046, "acc": 0.0056223383483787375, "acc_or": 0.27821951111157733, "sender_entropy": 2.2996343771616616, "receiver_entropy": 0.0, "original_loss": 1.3824706077575684, "mean_length": 5.99999984105428}
{"mode": "test", "epoch": 16, "loss": 1.426543951034546, "acc": 0.012987012974917889, "acc_or": 0.48051947355270386, "sender_entropy": 2.2990918159484863, "receiver_entropy": 0.0, "original_loss": 1.3083362579345703, "mean_length": 6.0}
{"mode": "train", "epoch": 17, "loss": 0.5540817975997925, "acc": 0.007016502475986878, "acc_or": 0.2834107577800751, "sender_entropy": 2.2986701329549155, "receiver_entropy": 0.0, "original_loss": 1.381357749303182, "mean_length": 5.99999984105428}
{"mode": "test", "epoch": 17, "loss": 1.5303888320922852, "acc": 0.034632034599781036, "acc_or": 0.4848484992980957, "sender_entropy": 2.2977797985076904, "receiver_entropy": 0.0, "original_loss": 1.2970613241195679, "mean_length": 6.0}
{"mode": "train", "epoch": 18, "loss": 0.5519388516743978, "acc": 0.007737324262658755, "acc_or": 0.28711405396461487, "sender_entropy": 2.2970407803853354, "receiver_entropy": 0.0, "original_loss": 1.3798887332280476, "mean_length": 5.99999984105428}
{"mode": "test", "epoch": 18, "loss": 1.6544240713119507, "acc": 0.025974025949835777, "acc_or": 0.4978354871273041, "sender_entropy": 2.2954623699188232, "receiver_entropy": 0.0, "original_loss": 1.2830932140350342, "mean_length": 6.0}
{"mode": "train", "epoch": 19, "loss": 0.57546333471934, "acc": 0.006881618406623602, "acc_or": 0.2981782555580139, "sender_entropy": 2.294131358464559, "receiver_entropy": 0.0, "original_loss": 1.3763585488001506, "mean_length": 5.99999984105428}
{"mode": "test", "epoch": 19, "loss": 1.7985070943832397, "acc": 0.017316017299890518, "acc_or": 0.48701298236846924, "sender_entropy": 2.2910826206207275, "receiver_entropy": 0.0, "original_loss": 1.265567421913147, "mean_length": 6.0}
{"mode": "train", "epoch": 20, "loss": 0.6246552069981893, "acc": 0.00865993338326613, "acc_or": 0.311119685570399, "sender_entropy": 2.2883898417154946, "receiver_entropy": 0.0, "original_loss": 1.3704700867335002, "mean_length": 5.99999984105428}
{"mode": "test", "epoch": 20, "loss": 1.9152565002441406, "acc": 0.017316017299890518, "acc_or": 0.4761904776096344, "sender_entropy": 2.2818665504455566, "receiver_entropy": 0.0, "original_loss": 1.246001124382019, "mean_length": 6.0}
{"mode": "train", "epoch": 21, "loss": 0.7217663725217184, "acc": 0.009483986534178257, "acc_or": 0.32660314440727234, "sender_entropy": 2.2763185501098633, "receiver_entropy": 0.0, "original_loss": 1.3601779540379841, "mean_length": 5.99999984105428}
{"mode": "test", "epoch": 21, "loss": 2.000539779663086, "acc": 0.012987012974917889, "acc_or": 0.4707792103290558, "sender_entropy": 2.266247034072876, "receiver_entropy": 0.0, "original_loss": 1.2253183126449585, "mean_length": 6.0}
{"mode": "train", "epoch": 22, "loss": 0.9152071078618368, "acc": 0.012861130138238272, "acc_or": 0.3503399093945821, "sender_entropy": 2.257749398549398, "receiver_entropy": 0.0, "original_loss": 1.340184171994527, "mean_length": 5.99999984105428}
{"mode": "test", "epoch": 22, "loss": 1.93997323513031, "acc": 0.008658008649945259, "acc_or": 0.44155845046043396, "sender_entropy": 2.2376246452331543, "receiver_entropy": 0.0, "original_loss": 1.2122750282287598, "mean_length": 6.0}
{"mode": "train", "epoch": 23, "loss": 1.1821378072102864, "acc": 0.012883430967728296, "acc_or": 0.3724256952603658, "sender_entropy": 2.2214372158050537, "receiver_entropy": 0.0, "original_loss": 1.3114159504572551, "mean_length": 5.99999984105428}
{"mode": "test", "epoch": 23, "loss": 1.9368778467178345, "acc": 0.012987012974917889, "acc_or": 0.4783549904823303, "sender_entropy": 2.2055532932281494, "receiver_entropy": 0.0, "original_loss": 1.1947729587554932, "mean_length": 6.0}
{"mode": "train", "epoch": 24, "loss": 1.3922044436136882, "acc": 0.016255898401141167, "acc_or": 0.3957020441691081, "sender_entropy": 2.1877774397532144, "receiver_entropy": 0.0, "original_loss": 1.285497506459554, "mean_length": 5.99999984105428}
{"mode": "test", "epoch": 24, "loss": 2.05279541015625, "acc": 0.017316017299890518, "acc_or": 0.48376622796058655, "sender_entropy": 2.176758050918579, "receiver_entropy": 0.0, "original_loss": 1.1689497232437134, "mean_length": 6.0}
{"mode": "train", "epoch": 25, "loss": 1.6195886135101318, "acc": 0.02060960481564204, "acc_or": 0.41663986444473267, "sender_entropy": 2.1609157721201577, "receiver_entropy": 0.0, "original_loss": 1.2581393321355183, "mean_length": 5.99999984105428}
{"mode": "test", "epoch": 25, "loss": 2.042860507965088, "acc": 0.017316017299890518, "acc_or": 0.4794372320175171, "sender_entropy": 2.1508846282958984, "receiver_entropy": 0.0, "original_loss": 1.1561650037765503, "mean_length": 6.0}
{"mode": "train", "epoch": 26, "loss": 1.7228262424468994, "acc": 0.022133977462848026, "acc_or": 0.4262253741423289, "sender_entropy": 2.1379764080047607, "receiver_entropy": 0.0, "original_loss": 1.241169810295105, "mean_length": 5.99999984105428}
{"mode": "test", "epoch": 26, "loss": 2.196401596069336, "acc": 0.025974025949835777, "acc_or": 0.5151515007019043, "sender_entropy": 2.159860372543335, "receiver_entropy": 0.0, "original_loss": 1.1397277116775513, "mean_length": 6.0}
{"mode": "train", "epoch": 27, "loss": 1.6524042288462322, "acc": 0.02246885063747565, "acc_or": 0.42663947741190594, "sender_entropy": 2.140014410018921, "receiver_entropy": 0.0, "original_loss": 1.239958922068278, "mean_length": 5.99999984105428}
{"mode": "test", "epoch": 27, "loss": 2.3651204109191895, "acc": 0.034632034599781036, "acc_or": 0.5378788113594055, "sender_entropy": 2.145082950592041, "receiver_entropy": 0.0, "original_loss": 1.1100178956985474, "mean_length": 6.0}
{"mode": "train", "epoch": 28, "loss": 1.7977843681971233, "acc": 0.025046040614446003, "acc_or": 0.4381501376628876, "sender_entropy": 2.111905654271444, "receiver_entropy": 0.0, "original_loss": 1.2203094959259033, "mean_length": 5.99999984105428}
{"mode": "test", "epoch": 28, "loss": 2.420151710510254, "acc": 0.034632034599781036, "acc_or": 0.5476190447807312, "sender_entropy": 2.1346356868743896, "receiver_entropy": 0.0, "original_loss": 1.0952893495559692, "mean_length": 6.0}
{"mode": "train", "epoch": 29, "loss": 1.7681671380996704, "acc": 0.02814226473371188, "acc_or": 0.43938612937927246, "sender_entropy": 2.119576613108317, "receiver_entropy": 0.0, "original_loss": 1.2174462874730427, "mean_length": 5.99999984105428}
{"mode": "test", "epoch": 29, "loss": 2.5975189208984375, "acc": 0.034632034599781036, "acc_or": 0.551948070526123, "sender_entropy": 2.1516406536102295, "receiver_entropy": 0.0, "original_loss": 1.0803883075714111, "mean_length": 6.0}
{"mode": "train", "epoch": 30, "loss": 1.7192821105321248, "acc": 0.028167443349957466, "acc_or": 0.4419723153114319, "sender_entropy": 2.1273335615793862, "receiver_entropy": 0.0, "original_loss": 1.2175827821095784, "mean_length": 5.99999984105428}
{"mode": "test", "epoch": 30, "loss": 2.84649658203125, "acc": 0.021645020693540573, "acc_or": 0.5616883039474487, "sender_entropy": 2.1507248878479004, "receiver_entropy": 0.0, "original_loss": 1.0445671081542969, "mean_length": 6.0}
{"mode": "train", "epoch": 31, "loss": 1.889594554901123, "acc": 0.032815017427007355, "acc_or": 0.4584457377592723, "sender_entropy": 2.1030782063802085, "receiver_entropy": 0.0, "original_loss": 1.1939839919408162, "mean_length": 5.99999984105428}
{"mode": "test", "epoch": 31, "loss": 2.971834182739258, "acc": 0.051948051899671555, "acc_or": 0.5573592782020569, "sender_entropy": 2.1229021549224854, "receiver_entropy": 0.0, "original_loss": 1.0119609832763672, "mean_length": 6.0}
{"mode": "train", "epoch": 32, "loss": 2.043235937754313, "acc": 0.038801003247499466, "acc_or": 0.47234906752904254, "sender_entropy": 2.080209652582804, "receiver_entropy": 0.0, "original_loss": 1.1720001697540283, "mean_length": 5.99999984105428}
{"mode": "test", "epoch": 32, "loss": 2.8979530334472656, "acc": 0.043290041387081146, "acc_or": 0.5746753215789795, "sender_entropy": 2.0921835899353027, "receiver_entropy": 0.0, "original_loss": 0.9989733099937439, "mean_length": 6.0}
{"mode": "train", "epoch": 33, "loss": 2.254560629526774, "acc": 0.04380107671022415, "acc_or": 0.48832693696022034, "sender_entropy": 2.043010711669922, "receiver_entropy": 0.0, "original_loss": 1.1422166029612224, "mean_length": 5.99999984105428}
{"mode": "test", "epoch": 33, "loss": 2.8985276222229004, "acc": 0.051948051899671555, "acc_or": 0.5735930800437927, "sender_entropy": 2.076244831085205, "receiver_entropy": 0.0, "original_loss": 0.9800267815589905, "mean_length": 6.0}
{"mode": "train", "epoch": 34, "loss": 2.400418440500895, "acc": 0.045260343700647354, "acc_or": 0.4965556760629018, "sender_entropy": 2.0248844623565674, "receiver_entropy": 0.0, "original_loss": 1.1192634105682373, "mean_length": 5.99999984105428}
{"mode": "test", "epoch": 34, "loss": 3.1867620944976807, "acc": 0.07792207598686218, "acc_or": 0.5963203310966492, "sender_entropy": 2.0755186080932617, "receiver_entropy": 0.0, "original_loss": 0.9414140582084656, "mean_length": 6.0}
{"mode": "train", "epoch": 35, "loss": 2.484070380528768, "acc": 0.04978706190983454, "acc_or": 0.5059832731882731, "sender_entropy": 2.015779654184977, "receiver_entropy": 0.0, "original_loss": 1.1042503515879314, "mean_length": 5.99999984105428}
{"mode": "test", "epoch": 35, "loss": 3.479320526123047, "acc": 0.07792207598686218, "acc_or": 0.6028138399124146, "sender_entropy": 2.057283401489258, "receiver_entropy": 0.0, "original_loss": 0.8985649943351746, "mean_length": 6.0}
{"mode": "train", "epoch": 36, "loss": 2.715611775716146, "acc": 0.05604821319381396, "acc_or": 0.5216874281565348, "sender_entropy": 1.9812122980753581, "receiver_entropy": 0.0, "original_loss": 1.0697823762893677, "mean_length": 5.99999984105428}
{"mode": "test", "epoch": 36, "loss": 3.473392963409424, "acc": 0.06060606241226196, "acc_or": 0.6028138399124146, "sender_entropy": 2.004101037979126, "receiver_entropy": 0.0, "original_loss": 0.869293749332428, "mean_length": 6.0}
{"mode": "train", "epoch": 37, "loss": 2.9207379817962646, "acc": 0.06409810855984688, "acc_or": 0.5349518458048502, "sender_entropy": 1.939008116722107, "receiver_entropy": 0.0, "original_loss": 1.0373209714889526, "mean_length": 5.99999984105428}
{"mode": "test", "epoch": 37, "loss": 3.480937957763672, "acc": 0.095238097012043, "acc_or": 0.6244588494300842, "sender_entropy": 2.004228353500366, "receiver_entropy": 0.0, "original_loss": 0.8594421148300171, "mean_length": 6.0}
{"mode": "train", "epoch": 38, "loss": 3.0151193936665854, "acc": 0.07104771087567012, "acc_or": 0.5407669146855673, "sender_entropy": 1.9385348558425903, "receiver_entropy": 0.0, "original_loss": 1.021775245666504, "mean_length": 5.99999984105428}
{"mode": "test", "epoch": 38, "loss": 3.8035097122192383, "acc": 0.09956710040569305, "acc_or": 0.6266233921051025, "sender_entropy": 2.000854015350342, "receiver_entropy": 0.0, "original_loss": 0.8196224570274353, "mean_length": 6.0}
{"mode": "train", "epoch": 39, "loss": 3.2079315980275473, "acc": 0.07780091712872188, "acc_or": 0.5540237625439962, "sender_entropy": 1.913537820180257, "receiver_entropy": 0.0, "original_loss": 0.9910921255747477, "mean_length": 5.99999984105428}
{"mode": "test", "epoch": 39, "loss": 3.9174985885620117, "acc": 0.1515151560306549, "acc_or": 0.6634199023246765, "sender_entropy": 1.9707425832748413, "receiver_entropy": 0.0, "original_loss": 0.7755471467971802, "mean_length": 6.0}
{"mode": "train", "epoch": 40, "loss": 3.4505706628163657, "acc": 0.08877870192130406, "acc_or": 0.5755265951156616, "sender_entropy": 1.8687581618626912, "receiver_entropy": 0.0, "original_loss": 0.9498575727144877, "mean_length": 5.99999984105428}
{"mode": "test", "epoch": 40, "loss": 3.8251898288726807, "acc": 0.1341991275548935, "acc_or": 0.6688311696052551, "sender_entropy": 1.9349358081817627, "receiver_entropy": 0.0, "original_loss": 0.7564069628715515, "mean_length": 6.0}
{"mode": "train", "epoch": 41, "loss": 3.566595474878947, "acc": 0.09393128256003062, "acc_or": 0.5868423183759054, "sender_entropy": 1.8309172789255779, "receiver_entropy": 0.0, "original_loss": 0.9234859347343445, "mean_length": 5.99999984105428}
{"mode": "test", "epoch": 41, "loss": 3.89727783203125, "acc": 0.14718614518642426, "acc_or": 0.6839826703071594, "sender_entropy": 1.9158990383148193, "receiver_entropy": 0.0, "original_loss": 0.7304894924163818, "mean_length": 6.0}
{"mode": "train", "epoch": 42, "loss": 3.6355912685394287, "acc": 0.10667982945839564, "acc_or": 0.5950108965237936, "sender_entropy": 1.8242101271947224, "receiver_entropy": 0.0, "original_loss": 0.9036466876665751, "mean_length": 5.99999984105428}
{"mode": "test", "epoch": 42, "loss": 3.868410587310791, "acc": 0.17748917639255524, "acc_or": 0.6991341710090637, "sender_entropy": 1.905303716659546, "receiver_entropy": 0.0, "original_loss": 0.7150158882141113, "mean_length": 6.0}
{"mode": "train", "epoch": 43, "loss": 3.671452045440674, "acc": 0.10720246285200119, "acc_or": 0.6014658411343893, "sender_entropy": 1.8116167783737183, "receiver_entropy": 0.0, "original_loss": 0.8892671664555868, "mean_length": 5.99999984105428}
{"mode": "test", "epoch": 43, "loss": 4.038637161254883, "acc": 0.22510822117328644, "acc_or": 0.7337662577629089, "sender_entropy": 1.8982185125350952, "receiver_entropy": 0.0, "original_loss": 0.6757938265800476, "mean_length": 6.0}
{"mode": "train", "epoch": 44, "loss": 3.7524587313334146, "acc": 0.11615734299023946, "acc_or": 0.6116124590237936, "sender_entropy": 1.8008910020192463, "receiver_entropy": 0.0, "original_loss": 0.8692149122556051, "mean_length": 5.99999984105428}
{"mode": "test", "epoch": 44, "loss": 4.204922199249268, "acc": 0.2380952388048172, "acc_or": 0.7391774654388428, "sender_entropy": 1.890438437461853, "receiver_entropy": 0.0, "original_loss": 0.6434380412101746, "mean_length": 6.0}
{"mode": "train", "epoch": 45, "loss": 3.7908694744110107, "acc": 0.13434874018033346, "acc_or": 0.6263499061266581, "sender_entropy": 1.783652663230896, "receiver_entropy": 0.0, "original_loss": 0.8506354093551636, "mean_length": 5.99999984105428}
{"mode": "test", "epoch": 45, "loss": 4.150086879730225, "acc": 0.2467532455921173, "acc_or": 0.7445887327194214, "sender_entropy": 1.8550364971160889, "receiver_entropy": 0.0, "original_loss": 0.6288581490516663, "mean_length": 6.0}
{"mode": "train", "epoch": 46, "loss": 3.9241466522216797, "acc": 0.14384387930234274, "acc_or": 0.6388977368672689, "sender_entropy": 1.7449447711308796, "receiver_entropy": 0.0, "original_loss": 0.8182694315910339, "mean_length": 5.99999984105428}
{"mode": "test", "epoch": 46, "loss": 4.074779987335205, "acc": 0.24242424964904785, "acc_or": 0.7608225345611572, "sender_entropy": 1.8247267007827759, "receiver_entropy": 0.0, "original_loss": 0.6093729138374329, "mean_length": 6.0}
{"mode": "train", "epoch": 47, "loss": 4.023714542388916, "acc": 0.15325161317984262, "acc_or": 0.6517351468404134, "sender_entropy": 1.7200509309768677, "receiver_entropy": 0.0, "original_loss": 0.7912692030270895, "mean_length": 5.99999984105428}
{"mode": "test", "epoch": 47, "loss": 4.052613258361816, "acc": 0.29004329442977905, "acc_or": 0.7673160433769226, "sender_entropy": 1.8189759254455566, "receiver_entropy": 0.0, "original_loss": 0.5883558392524719, "mean_length": 6.0}
{"mode": "train", "epoch": 48, "loss": 3.991753339767456, "acc": 0.16003107527891794, "acc_or": 0.6583701173464457, "sender_entropy": 1.7045295238494873, "receiver_entropy": 0.0, "original_loss": 0.7813525597254435, "mean_length": 5.99999984105428}
{"mode": "test", "epoch": 48, "loss": 4.327544212341309, "acc": 0.3419913351535797, "acc_or": 0.7965368032455444, "sender_entropy": 1.8211803436279297, "receiver_entropy": 0.0, "original_loss": 0.5360190868377686, "mean_length": 6.0}
{"mode": "train", "epoch": 49, "loss": 3.992929538091024, "acc": 0.17462664345900217, "acc_or": 0.6663440068562826, "sender_entropy": 1.707050879796346, "receiver_entropy": 0.0, "original_loss": 0.7687922914822897, "mean_length": 5.99999984105428}
{"mode": "test", "epoch": 49, "loss": 4.269701957702637, "acc": 0.3419913351535797, "acc_or": 0.7976190447807312, "sender_entropy": 1.8103382587432861, "receiver_entropy": 0.0, "original_loss": 0.5367392897605896, "mean_length": 6.0}
{"mode": "train", "epoch": 50, "loss": 4.060462951660156, "acc": 0.18412177761395773, "acc_or": 0.6744092106819153, "sender_entropy": 1.6876248121261597, "receiver_entropy": 0.0, "original_loss": 0.7478370070457458, "mean_length": 5.99999984105428}
{"mode": "test", "epoch": 50, "loss": 4.396054744720459, "acc": 0.41558441519737244, "acc_or": 0.8235930800437927, "sender_entropy": 1.798752784729004, "receiver_entropy": 0.0, "original_loss": 0.5007162690162659, "mean_length": 6.0}
{"mode": "train", "epoch": 51, "loss": 4.165143171946208, "acc": 0.20106216768423715, "acc_or": 0.6898349324862162, "sender_entropy": 1.6717838843663533, "receiver_entropy": 0.0, "original_loss": 0.7215876579284668, "mean_length": 5.99999984105428}
{"mode": "test", "epoch": 51, "loss": 4.544334888458252, "acc": 0.4502164423465729, "acc_or": 0.8474025726318359, "sender_entropy": 1.7959681749343872, "receiver_entropy": 0.0, "original_loss": 0.4641316831111908, "mean_length": 6.0}
{"mode": "train", "epoch": 52, "loss": 4.194764773050944, "acc": 0.21763172248999277, "acc_or": 0.7010778188705444, "sender_entropy": 1.670494516690572, "receiver_entropy": 0.0, "original_loss": 0.7054208119710287, "mean_length": 5.99999984105428}
{"mode": "test", "epoch": 52, "loss": 4.3011345863342285, "acc": 0.380952388048172, "acc_or": 0.8181818127632141, "sender_entropy": 1.7774871587753296, "receiver_entropy": 0.0, "original_loss": 0.47442418336868286, "mean_length": 6.0}
{"mode": "train", "epoch": 53, "loss": 4.32347043355306, "acc": 0.24268315732479095, "acc_or": 0.7166772683461508, "sender_entropy": 1.6411067644755046, "receiver_entropy": 0.0, "original_loss": 0.6706307927767435, "mean_length": 5.99999984105428}
{"mode": "test", "epoch": 53, "loss": 4.384342670440674, "acc": 0.4545454680919647, "acc_or": 0.8452380895614624, "sender_entropy": 1.7425707578659058, "receiver_entropy": 0.0, "original_loss": 0.4311450719833374, "mean_length": 6.0}
{"mode": "train", "epoch": 54, "loss": 4.352269172668457, "acc": 0.24876229465007782, "acc_or": 0.7251012325286865, "sender_entropy": 1.5988333622614543, "receiver_entropy": 0.0, "original_loss": 0.6477724512418112, "mean_length": 5.99999984105428}
{"mode": "test", "epoch": 54, "loss": 4.233683109283447, "acc": 0.47186148166656494, "acc_or": 0.8528138399124146, "sender_entropy": 1.7087616920471191, "receiver_entropy": 0.0, "original_loss": 0.4165439009666443, "mean_length": 6.0}
{"mode": "train", "epoch": 55, "loss": 4.356135209401448, "acc": 0.2651890516281128, "acc_or": 0.7313905556996664, "sender_entropy": 1.5817647377649944, "receiver_entropy": 0.0, "original_loss": 0.6311342318852743, "mean_length": 5.99999984105428}
{"mode": "test", "epoch": 55, "loss": 4.2158613204956055, "acc": 0.523809552192688, "acc_or": 0.8517315983772278, "sender_entropy": 1.715447187423706, "receiver_entropy": 0.0, "original_loss": 0.4057423770427704, "mean_length": 6.0}
{"mode": "train", "epoch": 56, "loss": 4.374882698059082, "acc": 0.2725433011849721, "acc_or": 0.7374596198399862, "sender_entropy": 1.5899105469385784, "receiver_entropy": 0.0, "original_loss": 0.6188746094703674, "mean_length": 5.99999984105428}
{"mode": "test", "epoch": 56, "loss": 4.292215824127197, "acc": 0.5151515007019043, "acc_or": 0.8593073487281799, "sender_entropy": 1.7004235982894897, "receiver_entropy": 0.0, "original_loss": 0.3771389424800873, "mean_length": 6.0}
{"mode": "train", "epoch": 57, "loss": 4.413549582163493, "acc": 0.2893182337284088, "acc_or": 0.7454464038213094, "sender_entropy": 1.5724735260009766, "receiver_entropy": 0.0, "original_loss": 0.6008043885231018, "mean_length": 5.99999984105428}
{"mode": "test", "epoch": 57, "loss": 4.240311622619629, "acc": 0.5064935088157654, "acc_or": 0.8582251071929932, "sender_entropy": 1.6899081468582153, "receiver_entropy": 0.0, "original_loss": 0.3696347177028656, "mean_length": 6.0}
{"mode": "train", "epoch": 58, "loss": 4.406575997670491, "acc": 0.2977148691813151, "acc_or": 0.7509403030077616, "sender_entropy": 1.5672837495803833, "receiver_entropy": 0.0, "original_loss": 0.5883783499399821, "mean_length": 5.99999984105428}
{"mode": "test", "epoch": 58, "loss": 4.332066059112549, "acc": 0.5670995712280273, "acc_or": 0.8809523582458496, "sender_entropy": 1.6857426166534424, "receiver_entropy": 0.0, "original_loss": 0.3450336456298828, "mean_length": 6.0}
{"mode": "train", "epoch": 59, "loss": 4.419779300689697, "acc": 0.30464505155881244, "acc_or": 0.7541744907697042, "sender_entropy": 1.5572671095530193, "receiver_entropy": 0.0, "original_loss": 0.5745165944099426, "mean_length": 5.99999984105428}
{"mode": "test", "epoch": 59, "loss": 4.168593883514404, "acc": 0.5497835278511047, "acc_or": 0.8733766078948975, "sender_entropy": 1.6688958406448364, "receiver_entropy": 0.0, "original_loss": 0.34588828682899475, "mean_length": 6.0}
{"mode": "train", "epoch": 60, "loss": 4.466595808664958, "acc": 0.3257762094338735, "acc_or": 0.7651707132657369, "sender_entropy": 1.531390905380249, "receiver_entropy": 0.0, "original_loss": 0.5511609514554342, "mean_length": 5.99999984105428}
{"mode": "test", "epoch": 60, "loss": 4.190145492553711, "acc": 0.5974025726318359, "acc_or": 0.8896104097366333, "sender_entropy": 1.6438298225402832, "receiver_entropy": 0.0, "original_loss": 0.31538867950439453, "mean_length": 6.0}
{"mode": "train", "epoch": 61, "loss": 4.404499530792236, "acc": 0.33633532126744586, "acc_or": 0.7714987794558207, "sender_entropy": 1.5176180601119995, "receiver_entropy": 0.0, "original_loss": 0.5406815012296041, "mean_length": 5.99999984105428}
{"mode": "test", "epoch": 61, "loss": 4.084963798522949, "acc": 0.5757575631141663, "acc_or": 0.8841991424560547, "sender_entropy": 1.6258888244628906, "receiver_entropy": 0.0, "original_loss": 0.3162256181240082, "mean_length": 6.0}
{"mode": "train", "epoch": 62, "loss": 4.441670735677083, "acc": 0.3496633271376292, "acc_or": 0.7777635057767233, "sender_entropy": 1.4985110759735107, "receiver_entropy": 0.0, "original_loss": 0.5209712982177734, "mean_length": 5.99999984105428}
{"mode": "test", "epoch": 62, "loss": 4.07952880859375, "acc": 0.5714285969734192, "acc_or": 0.8852813839912415, "sender_entropy": 1.6131978034973145, "receiver_entropy": 0.0, "original_loss": 0.2987514138221741, "mean_length": 6.0}
{"mode": "train", "epoch": 63, "loss": 4.47920020421346, "acc": 0.3646459182103475, "acc_or": 0.7861939469973246, "sender_entropy": 1.4843368927637737, "receiver_entropy": 0.0, "original_loss": 0.5033548275629679, "mean_length": 5.99999984105428}
{"mode": "test", "epoch": 63, "loss": 4.072564601898193, "acc": 0.6406926512718201, "acc_or": 0.899350643157959, "sender_entropy": 1.6145210266113281, "receiver_entropy": 0.0, "original_loss": 0.2896782159805298, "mean_length": 6.0}
{"mode": "train", "epoch": 64, "loss": 4.440686543782552, "acc": 0.36943234006563824, "acc_or": 0.7895813584327698, "sender_entropy": 1.4920326471328735, "receiver_entropy": 0.0, "original_loss": 0.4984714388847351, "mean_length": 5.99999984105428}
{"mode": "test", "epoch": 64, "loss": 4.094517707824707, "acc": 0.6536796689033508, "acc_or": 0.9058441519737244, "sender_entropy": 1.627121925354004, "receiver_entropy": 0.0, "original_loss": 0.28048184514045715, "mean_length": 6.0}
{"mode": "train", "epoch": 65, "loss": 4.3535542488098145, "acc": 0.37217570344607037, "acc_or": 0.7901411255200704, "sender_entropy": 1.5014352401097615, "receiver_entropy": 0.0, "original_loss": 0.4986488918463389, "mean_length": 5.99999984105428}
{"mode": "test", "epoch": 65, "loss": 4.141071319580078, "acc": 0.6450216174125671, "acc_or": 0.9047619104385376, "sender_entropy": 1.6284725666046143, "receiver_entropy": 0.0, "original_loss": 0.2619647979736328, "mean_length": 6.0}
{"mode": "train", "epoch": 66, "loss": 4.350142955780029, "acc": 0.38628604014714557, "acc_or": 0.79433540503184, "sender_entropy": 1.4922406673431396, "receiver_entropy": 0.0, "original_loss": 0.48694706956545514, "mean_length": 5.99999984105428}
{"mode": "test", "epoch": 66, "loss": 4.062252998352051, "acc": 0.6839826703071594, "acc_or": 0.9145021438598633, "sender_entropy": 1.6139872074127197, "receiver_entropy": 0.0, "original_loss": 0.25290003418922424, "mean_length": 6.0}
{"mode": "train", "epoch": 67, "loss": 4.350218296051025, "acc": 0.39769257108370465, "acc_or": 0.8013295729955038, "sender_entropy": 1.4754586617151897, "receiver_entropy": 0.0, "original_loss": 0.47105734546979267, "mean_length": 5.99999984105428}
{"mode": "test", "epoch": 67, "loss": 4.044719219207764, "acc": 0.709956705570221, "acc_or": 0.9242424368858337, "sender_entropy": 1.6056815385818481, "receiver_entropy": 0.0, "original_loss": 0.2438061535358429, "mean_length": 6.0}
{"mode": "train", "epoch": 68, "loss": 4.296794096628825, "acc": 0.409475713968277, "acc_or": 0.806390106678009, "sender_entropy": 1.4608360528945923, "receiver_entropy": 0.0, "original_loss": 0.4638470609982808, "mean_length": 5.99999984105428}
{"mode": "test", "epoch": 68, "loss": 3.98136568069458, "acc": 0.7186146974563599, "acc_or": 0.9253246784210205, "sender_entropy": 1.5923595428466797, "receiver_entropy": 0.0, "original_loss": 0.23545923829078674, "mean_length": 6.0}
{"mode": "train", "epoch": 69, "loss": 4.230844815572103, "acc": 0.4170709550380707, "acc_or": 0.8076667189598083, "sender_entropy": 1.4535266160964966, "receiver_entropy": 0.0, "original_loss": 0.4577014148235321, "mean_length": 5.99999984105428}
{"mode": "test", "epoch": 69, "loss": 3.9331912994384766, "acc": 0.7445887327194214, "acc_or": 0.9339826703071594, "sender_entropy": 1.5732089281082153, "receiver_entropy": 0.0, "original_loss": 0.22033081948757172, "mean_length": 6.0}
{"mode": "train", "epoch": 70, "loss": 4.256751696268718, "acc": 0.4347897171974182, "acc_or": 0.8164724111557007, "sender_entropy": 1.4388207991917927, "receiver_entropy": 0.0, "original_loss": 0.4414092202981313, "mean_length": 5.99999984105428}
{"mode": "test", "epoch": 70, "loss": 3.8489513397216797, "acc": 0.7186146974563599, "acc_or": 0.9285714030265808, "sender_entropy": 1.5554696321487427, "receiver_entropy": 0.0, "original_loss": 0.22411765158176422, "mean_length": 6.0}
{"mode": "train", "epoch": 71, "loss": 4.238590558369954, "acc": 0.45593849817911786, "acc_or": 0.8246323863665262, "sender_entropy": 1.4170345067977905, "receiver_entropy": 0.0, "original_loss": 0.42950504024823505, "mean_length": 5.99999984105428}
{"mode": "test", "epoch": 71, "loss": 3.7526912689208984, "acc": 0.761904776096344, "acc_or": 0.939393937587738, "sender_entropy": 1.5334476232528687, "receiver_entropy": 0.0, "original_loss": 0.21645031869411469, "mean_length": 6.0}
{"mode": "train", "epoch": 72, "loss": 4.205845673878987, "acc": 0.46320319175720215, "acc_or": 0.8279518087704977, "sender_entropy": 1.4117989540100098, "receiver_entropy": 0.0, "original_loss": 0.421028991540273, "mean_length": 5.99999984105428}
{"mode": "test", "epoch": 72, "loss": 3.836927890777588, "acc": 0.7965368032455444, "acc_or": 0.9469696879386902, "sender_entropy": 1.532475471496582, "receiver_entropy": 0.0, "original_loss": 0.1971135139465332, "mean_length": 6.0}
{"mode": "train", "epoch": 73, "loss": 4.165379365285237, "acc": 0.4671468436717987, "acc_or": 0.8309427301088969, "sender_entropy": 1.413072943687439, "receiver_entropy": 0.0, "original_loss": 0.4180686374505361, "mean_length": 5.99999984105428}
{"mode": "test", "epoch": 73, "loss": 3.7496917247772217, "acc": 0.7748917937278748, "acc_or": 0.9426406621932983, "sender_entropy": 1.5321589708328247, "receiver_entropy": 0.0, "original_loss": 0.19750499725341797, "mean_length": 6.0}
{"mode": "train", "epoch": 74, "loss": 4.14570411046346, "acc": 0.4862331648667653, "acc_or": 0.8363362948099772, "sender_entropy": 1.4008575280507405, "receiver_entropy": 0.0, "original_loss": 0.40569600462913513, "mean_length": 5.99999984105428}
{"mode": "test", "epoch": 74, "loss": 3.7732253074645996, "acc": 0.8311688303947449, "acc_or": 0.9556276798248291, "sender_entropy": 1.5179353952407837, "receiver_entropy": 0.0, "original_loss": 0.1751806139945984, "mean_length": 6.0}
{"mode": "train", "epoch": 75, "loss": 4.189099629720052, "acc": 0.5020380218823751, "acc_or": 0.8428724408149719, "sender_entropy": 1.3883806069691975, "receiver_entropy": 0.0, "original_loss": 0.38760852813720703, "mean_length": 5.99999984105428}
{"mode": "test", "epoch": 75, "loss": 3.6671135425567627, "acc": 0.8658008575439453, "acc_or": 0.9642857313156128, "sender_entropy": 1.504151463508606, "receiver_entropy": 0.0, "original_loss": 0.17327246069908142, "mean_length": 6.0}
{"mode": "train", "epoch": 76, "loss": 4.142619291941325, "acc": 0.5129578908284506, "acc_or": 0.8493699232737223, "sender_entropy": 1.3754520018895466, "receiver_entropy": 0.0, "original_loss": 0.37886983156204224, "mean_length": 5.99999984105428}
{"mode": "test", "epoch": 76, "loss": 3.6343674659729004, "acc": 0.8354978561401367, "acc_or": 0.9577922224998474, "sender_entropy": 1.4958219528198242, "receiver_entropy": 0.0, "original_loss": 0.16569559276103973, "mean_length": 6.0}
{"mode": "train", "epoch": 77, "loss": 4.121610959370931, "acc": 0.5251996318499247, "acc_or": 0.8529507319132487, "sender_entropy": 1.3659398555755615, "receiver_entropy": 0.0, "original_loss": 0.3701988160610199, "mean_length": 5.99999984105428}
{"mode": "test", "epoch": 77, "loss": 3.62526273727417, "acc": 0.8484848737716675, "acc_or": 0.9621211886405945, "sender_entropy": 1.4948995113372803, "receiver_entropy": 0.0, "original_loss": 0.1609916090965271, "mean_length": 6.0}
{"mode": "train", "epoch": 78, "loss": 4.078575452168782, "acc": 0.5308320124944051, "acc_or": 0.8556655844052633, "sender_entropy": 1.3663911819458008, "receiver_entropy": 0.0, "original_loss": 0.36583074927330017, "mean_length": 5.99999984105428}
{"mode": "test", "epoch": 78, "loss": 3.674001693725586, "acc": 0.9047619104385376, "acc_or": 0.9751082062721252, "sender_entropy": 1.49577796459198, "receiver_entropy": 0.0, "original_loss": 0.13978920876979828, "mean_length": 6.0}
{"mode": "train", "epoch": 79, "loss": 4.080995559692383, "acc": 0.5261441866556803, "acc_or": 0.8551955620447794, "sender_entropy": 1.3688565889994304, "receiver_entropy": 0.0, "original_loss": 0.36142659187316895, "mean_length": 5.99999984105428}
{"mode": "test", "epoch": 79, "loss": 3.6278202533721924, "acc": 0.8961039185523987, "acc_or": 0.9729437232017517, "sender_entropy": 1.4965771436691284, "receiver_entropy": 0.0, "original_loss": 0.14064623415470123, "mean_length": 6.0}
{"mode": "train", "epoch": 80, "loss": 4.01012659072876, "acc": 0.5357490181922913, "acc_or": 0.8563341697057089, "sender_entropy": 1.371196985244751, "receiver_entropy": 0.0, "original_loss": 0.36020007729530334, "mean_length": 5.99999984105428}
{"mode": "test", "epoch": 80, "loss": 3.616485595703125, "acc": 0.9177489280700684, "acc_or": 0.9794372320175171, "sender_entropy": 1.4990417957305908, "receiver_entropy": 0.0, "original_loss": 0.137539342045784, "mean_length": 6.0}
{"mode": "train", "epoch": 81, "loss": 3.9325449466705322, "acc": 0.5329434275627136, "acc_or": 0.855708122253418, "sender_entropy": 1.37168288230896, "receiver_entropy": 0.0, "original_loss": 0.3607904016971588, "mean_length": 5.99999984105428}
{"mode": "test", "epoch": 81, "loss": 3.5982766151428223, "acc": 0.9177489280700684, "acc_or": 0.9783549904823303, "sender_entropy": 1.488823413848877, "receiver_entropy": 0.0, "original_loss": 0.1289951652288437, "mean_length": 6.0}
{"mode": "train", "epoch": 82, "loss": 3.994546969731649, "acc": 0.5584322412808737, "acc_or": 0.8650054136912028, "sender_entropy": 1.3598905801773071, "receiver_entropy": 0.0, "original_loss": 0.34183351198832196, "mean_length": 5.99999984105428}
{"mode": "test", "epoch": 82, "loss": 3.5200037956237793, "acc": 0.9090909361839294, "acc_or": 0.976190447807312, "sender_entropy": 1.4735151529312134, "receiver_entropy": 0.0, "original_loss": 0.1268017441034317, "mean_length": 6.0}
{"mode": "train", "epoch": 83, "loss": 3.959778308868408, "acc": 0.5674827893575033, "acc_or": 0.8684604366620382, "sender_entropy": 1.3504653771718342, "receiver_entropy": 0.0, "original_loss": 0.3346703549226125, "mean_length": 5.99999984105428}
{"mode": "test", "epoch": 83, "loss": 3.483452796936035, "acc": 0.8961039185523987, "acc_or": 0.9740259647369385, "sender_entropy": 1.4708036184310913, "receiver_entropy": 0.0, "original_loss": 0.12547437846660614, "mean_length": 6.0}
{"mode": "train", "epoch": 84, "loss": 3.910001198450724, "acc": 0.5726324915885925, "acc_or": 0.8700984915097555, "sender_entropy": 1.3493126233418782, "receiver_entropy": 0.0, "original_loss": 0.3299010694026947, "mean_length": 5.99999984105428}
{"mode": "test", "epoch": 84, "loss": 3.4065699577331543, "acc": 0.8961039185523987, "acc_or": 0.9740259647369385, "sender_entropy": 1.4632108211517334, "receiver_entropy": 0.0, "original_loss": 0.12527546286582947, "mean_length": 6.0}
{"mode": "train", "epoch": 85, "loss": 3.9294108549753823, "acc": 0.5859335462252299, "acc_or": 0.8752730091412863, "sender_entropy": 1.340351661046346, "receiver_entropy": 0.0, "original_loss": 0.32011369864145917, "mean_length": 5.99999984105428}
{"mode": "test", "epoch": 85, "loss": 3.454629421234131, "acc": 0.8917748928070068, "acc_or": 0.9729437232017517, "sender_entropy": 1.4642635583877563, "receiver_entropy": 0.0, "original_loss": 0.11141043156385422, "mean_length": 6.0}
{"mode": "train", "epoch": 86, "loss": 3.8587237199147544, "acc": 0.5789404114087423, "acc_or": 0.8719310164451599, "sender_entropy": 1.347128431002299, "receiver_entropy": 0.0, "original_loss": 0.32468263308207196, "mean_length": 5.99999984105428}
{"mode": "test", "epoch": 86, "loss": 3.410507917404175, "acc": 0.9047619104385376, "acc_or": 0.976190447807312, "sender_entropy": 1.4636001586914062, "receiver_entropy": 0.0, "original_loss": 0.11293963342905045, "mean_length": 6.0}
{"mode": "train", "epoch": 87, "loss": 3.7776804765065513, "acc": 0.5847113331158956, "acc_or": 0.8734353184700012, "sender_entropy": 1.3518439928690593, "receiver_entropy": 0.0, "original_loss": 0.3262261152267456, "mean_length": 5.99999984105428}
{"mode": "test", "epoch": 87, "loss": 3.4335038661956787, "acc": 0.9220778942108154, "acc_or": 0.9805194735527039, "sender_entropy": 1.4711558818817139, "receiver_entropy": 0.0, "original_loss": 0.1045169085264206, "mean_length": 6.0}
{"mode": "train", "epoch": 88, "loss": 3.8146377404530845, "acc": 0.585520605246226, "acc_or": 0.8759124279022217, "sender_entropy": 1.3471310933430989, "receiver_entropy": 0.0, "original_loss": 0.3154059549172719, "mean_length": 5.99999984105428}
{"mode": "test", "epoch": 88, "loss": 3.3333117961883545, "acc": 0.9004328846931458, "acc_or": 0.9751082062721252, "sender_entropy": 1.4438413381576538, "receiver_entropy": 0.0, "original_loss": 0.10358359664678574, "mean_length": 6.0}
{"mode": "train", "epoch": 89, "loss": 3.781860589981079, "acc": 0.6099825104077657, "acc_or": 0.8827889362970988, "sender_entropy": 1.328249414761861, "receiver_entropy": 0.0, "original_loss": 0.30347535014152527, "mean_length": 5.99999984105428}
{"mode": "test", "epoch": 89, "loss": 3.3428099155426025, "acc": 0.948051929473877, "acc_or": 0.9870129823684692, "sender_entropy": 1.43511164188385, "receiver_entropy": 0.0, "original_loss": 0.0887771025300026, "mean_length": 6.0}
{"mode": "train", "epoch": 90, "loss": 3.7818034489949546, "acc": 0.6144329905509949, "acc_or": 0.8858763376871744, "sender_entropy": 1.3175464868545532, "receiver_entropy": 0.0, "original_loss": 0.2955951988697052, "mean_length": 5.99999984105428}
{"mode": "test", "epoch": 90, "loss": 3.247342824935913, "acc": 0.9437229633331299, "acc_or": 0.9859307408332825, "sender_entropy": 1.4164636135101318, "receiver_entropy": 0.0, "original_loss": 0.09215616434812546, "mean_length": 6.0}
{"mode": "train", "epoch": 91, "loss": 3.798767884572347, "acc": 0.6366144418716431, "acc_or": 0.8925233483314514, "sender_entropy": 1.2997863292694092, "receiver_entropy": 0.0, "original_loss": 0.2805667320887248, "mean_length": 5.99999984105428}
{"mode": "test", "epoch": 91, "loss": 3.2869808673858643, "acc": 0.9567099809646606, "acc_or": 0.9891774654388428, "sender_entropy": 1.4242666959762573, "receiver_entropy": 0.0, "original_loss": 0.08215124160051346, "mean_length": 6.0}
{"mode": "train", "epoch": 92, "loss": 3.7318355242411294, "acc": 0.6263927221298218, "acc_or": 0.8886579275131226, "sender_entropy": 1.3098023335138957, "receiver_entropy": 0.0, "original_loss": 0.28787751992543537, "mean_length": 5.99999984105428}
{"mode": "test", "epoch": 92, "loss": 3.313971996307373, "acc": 0.9610389471054077, "acc_or": 0.9902597665786743, "sender_entropy": 1.4438015222549438, "receiver_entropy": 0.0, "original_loss": 0.08345748484134674, "mean_length": 6.0}
{"mode": "train", "epoch": 93, "loss": 3.6600653330485025, "acc": 0.6217016379038492, "acc_or": 0.8865825136502584, "sender_entropy": 1.3250046571095784, "receiver_entropy": 0.0, "original_loss": 0.29214399059613544, "mean_length": 5.99999984105428}
{"mode": "test", "epoch": 93, "loss": 3.2481369972229004, "acc": 0.9134199023246765, "acc_or": 0.9783549904823303, "sender_entropy": 1.441353440284729, "receiver_entropy": 0.0, "original_loss": 0.08751356601715088, "mean_length": 6.0}
{"mode": "train", "epoch": 94, "loss": 3.609565337498983, "acc": 0.620786209901174, "acc_or": 0.8877890110015869, "sender_entropy": 1.3258508443832397, "receiver_entropy": 0.0, "original_loss": 0.29053665200869244, "mean_length": 5.99999984105428}
{"mode": "test", "epoch": 94, "loss": 3.273149013519287, "acc": 0.9653679728507996, "acc_or": 0.9913420081138611, "sender_entropy": 1.438047170639038, "receiver_entropy": 0.0, "original_loss": 0.07162949442863464, "mean_length": 6.0}
{"mode": "train", "epoch": 95, "loss": 3.5384555657704673, "acc": 0.6205193003018697, "acc_or": 0.8870256344477335, "sender_entropy": 1.3281701803207397, "receiver_entropy": 0.0, "original_loss": 0.29416464765866596, "mean_length": 5.99999984105428}
{"mode": "test", "epoch": 95, "loss": 3.2363932132720947, "acc": 0.9826839566230774, "acc_or": 0.9956709742546082, "sender_entropy": 1.4308830499649048, "receiver_entropy": 0.0, "original_loss": 0.06843873858451843, "mean_length": 6.0}
{"mode": "train", "epoch": 96, "loss": 3.5754698117574057, "acc": 0.6445833841959635, "acc_or": 0.8944862683614095, "sender_entropy": 1.3141078154246013, "receiver_entropy": 0.0, "original_loss": 0.27864499886830646, "mean_length": 5.99999984105428}
{"mode": "test", "epoch": 96, "loss": 3.1554534435272217, "acc": 0.9523809552192688, "acc_or": 0.988095223903656, "sender_entropy": 1.411568284034729, "receiver_entropy": 0.0, "original_loss": 0.07350845634937286, "mean_length": 6.0}
{"mode": "train", "epoch": 97, "loss": 3.5759124755859375, "acc": 0.6537612875302633, "acc_or": 0.8982375065485636, "sender_entropy": 1.2952498594919841, "receiver_entropy": 0.0, "original_loss": 0.2677372594674428, "mean_length": 5.99999984105428}
{"mode": "test", "epoch": 97, "loss": 3.0625646114349365, "acc": 0.948051929473877, "acc_or": 0.9870129823684692, "sender_entropy": 1.3995792865753174, "receiver_entropy": 0.0, "original_loss": 0.07141803205013275, "mean_length": 6.0}
{"mode": "train", "epoch": 98, "loss": 3.591492255528768, "acc": 0.6615151564280192, "acc_or": 0.9014350573221842, "sender_entropy": 1.2892273267110188, "receiver_entropy": 0.0, "original_loss": 0.25912444790204364, "mean_length": 5.99999984105428}
{"mode": "test", "epoch": 98, "loss": 3.0688424110412598, "acc": 0.9610389471054077, "acc_or": 0.9902597665786743, "sender_entropy": 1.4082201719284058, "receiver_entropy": 0.0, "original_loss": 0.06674681603908539, "mean_length": 6.0}
{"mode": "train", "epoch": 99, "loss": 3.535421848297119, "acc": 0.6545407374699911, "acc_or": 0.8988606929779053, "sender_entropy": 1.2970366477966309, "receiver_entropy": 0.0, "original_loss": 0.26184381047884625, "mean_length": 5.99999984105428}
{"mode": "test", "epoch": 99, "loss": 3.088486433029175, "acc": 0.9696969985961914, "acc_or": 0.9924242496490479, "sender_entropy": 1.42316734790802, "receiver_entropy": 0.0, "original_loss": 0.06688369810581207, "mean_length": 6.0}
{"mode": "train", "epoch": 100, "loss": 3.5066911379496255, "acc": 0.6543501019477844, "acc_or": 0.8998291293780009, "sender_entropy": 1.3046903212865193, "receiver_entropy": 0.0, "original_loss": 0.2631424566109975, "mean_length": 5.99999984105428}
{"mode": "test", "epoch": 100, "loss": 3.044384002685547, "acc": 0.9783549904823303, "acc_or": 0.9945887327194214, "sender_entropy": 1.4165509939193726, "receiver_entropy": 0.0, "original_loss": 0.06313519924879074, "mean_length": 6.0}
{"mode": "train", "epoch": 101, "loss": 3.4819613297780356, "acc": 0.6647509336471558, "acc_or": 0.902486264705658, "sender_entropy": 1.304397980372111, "receiver_entropy": 0.0, "original_loss": 0.25792592763900757, "mean_length": 5.99999984105428}
{"mode": "test", "epoch": 101, "loss": 3.045079231262207, "acc": 0.9567099809646606, "acc_or": 0.9891774654388428, "sender_entropy": 1.4239431619644165, "receiver_entropy": 0.0, "original_loss": 0.06438076496124268, "mean_length": 6.0}
{"mode": "train", "epoch": 102, "loss": 3.3563263416290283, "acc": 0.643462598323822, "acc_or": 0.8940540154774984, "sender_entropy": 1.3094878196716309, "receiver_entropy": 0.0, "original_loss": 0.2732110023498535, "mean_length": 5.99999984105428}
{"mode": "test", "epoch": 102, "loss": 2.997066020965576, "acc": 0.948051929473877, "acc_or": 0.9870129823684692, "sender_entropy": 1.4198154211044312, "receiver_entropy": 0.0, "original_loss": 0.06670226901769638, "mean_length": 6.0}
{"mode": "train", "epoch": 103, "loss": 3.364016532897949, "acc": 0.6604767243067423, "acc_or": 0.9006990790367126, "sender_entropy": 1.3023678461710613, "receiver_entropy": 0.0, "original_loss": 0.26114994287490845, "mean_length": 5.99999984105428}
{"mode": "test", "epoch": 103, "loss": 3.0004639625549316, "acc": 0.9783549904823303, "acc_or": 0.9945887327194214, "sender_entropy": 1.4116970300674438, "receiver_entropy": 0.0, "original_loss": 0.05825911462306976, "mean_length": 6.0}
{"mode": "train", "epoch": 104, "loss": 3.3315261205037436, "acc": 0.6682007511456808, "acc_or": 0.9027448892593384, "sender_entropy": 1.3003273010253906, "receiver_entropy": 0.0, "original_loss": 0.25833384195963544, "mean_length": 5.99999984105428}
{"mode": "test", "epoch": 104, "loss": 2.9488518238067627, "acc": 0.9913420081138611, "acc_or": 0.9978355169296265, "sender_entropy": 1.3982994556427002, "receiver_entropy": 0.0, "original_loss": 0.05263204872608185, "mean_length": 6.0}
{"mode": "train", "epoch": 105, "loss": 3.4155990282694497, "acc": 0.6825880606969198, "acc_or": 0.9094560941060384, "sender_entropy": 1.2904841899871826, "receiver_entropy": 0.0, "original_loss": 0.2411071608463923, "mean_length": 5.99999984105428}
{"mode": "test", "epoch": 105, "loss": 2.958298444747925, "acc": 1.0, "acc_or": 1.0, "sender_entropy": 1.3991349935531616, "receiver_entropy": 0.0, "original_loss": 0.04520503431558609, "mean_length": 6.0}
{"epoch": 105, "positional_disent": 0.014809618704020977, "bag_of_symbol_disent": 0.09523939341306686, "topographic_sim": 0.42153170515479305}
{"generalization hold out": {"acc": 0.9609375, "acc_or": 0.9869791865348816}, "uniform holdout": {"acc": 0.7599999904632568, "acc_or": 0.9399999976158142}, "epoch": 105}
---End--
