nohup: ignoring input
{"mode": "train", "epoch": 1, "loss": -21.584726333618164, "acc": 0.014080459251999855, "acc_or": 0.23438698053359985, "sender_entropy": 2.3015809059143066, "receiver_entropy": 0.0, "original_loss": 1.5952709913253784, "mean_length": 6.0}
{"mode": "test", "epoch": 1, "loss": 0.8056879043579102, "acc": 0.0, "acc_or": 0.2298850566148758, "sender_entropy": 2.300143241882324, "receiver_entropy": 0.0, "original_loss": 1.5656583309173584, "mean_length": 6.0}
{"mode": "train", "epoch": 2, "loss": 0.9141128063201904, "acc": 0.016091953963041306, "acc_or": 0.25172415375709534, "sender_entropy": 2.300283432006836, "receiver_entropy": 0.0, "original_loss": 1.5586447715759277, "mean_length": 6.0}
{"mode": "test", "epoch": 2, "loss": 1.1147422790527344, "acc": 0.017241379246115685, "acc_or": 0.28735631704330444, "sender_entropy": 2.298605442047119, "receiver_entropy": 0.0, "original_loss": 1.5198149681091309, "mean_length": 6.0}
{"mode": "train", "epoch": 3, "loss": 1.0991543531417847, "acc": 0.016091953963041306, "acc_or": 0.25852492451667786, "sender_entropy": 2.298640251159668, "receiver_entropy": 0.0, "original_loss": 1.524463415145874, "mean_length": 6.0}
{"mode": "test", "epoch": 3, "loss": 1.3331389427185059, "acc": 0.017241379246115685, "acc_or": 0.24712643027305603, "sender_entropy": 2.2974259853363037, "receiver_entropy": 0.0, "original_loss": 1.482026219367981, "mean_length": 6.0}
{"mode": "train", "epoch": 4, "loss": 1.3185017108917236, "acc": 0.018103448674082756, "acc_or": 0.2687739431858063, "sender_entropy": 2.2974421977996826, "receiver_entropy": 0.0, "original_loss": 1.4884270429611206, "mean_length": 6.0}
{"mode": "test", "epoch": 4, "loss": 1.5419617891311646, "acc": 0.0, "acc_or": 0.2183908075094223, "sender_entropy": 2.2966387271881104, "receiver_entropy": 0.0, "original_loss": 1.4445393085479736, "mean_length": 6.0}
{"mode": "train", "epoch": 5, "loss": 1.5151008367538452, "acc": 0.016091953963041306, "acc_or": 0.27126437425613403, "sender_entropy": 2.296618938446045, "receiver_entropy": 0.0, "original_loss": 1.4538687467575073, "mean_length": 6.0}
{"mode": "test", "epoch": 5, "loss": 1.6279466152191162, "acc": 0.0, "acc_or": 0.21264368295669556, "sender_entropy": 2.2962207794189453, "receiver_entropy": 0.0, "original_loss": 1.4178582429885864, "mean_length": 6.0}
{"mode": "train", "epoch": 6, "loss": 1.6622604131698608, "acc": 0.017241379246115685, "acc_or": 0.27145594358444214, "sender_entropy": 2.296180009841919, "receiver_entropy": 0.0, "original_loss": 1.423437476158142, "mean_length": 6.0}
{"mode": "test", "epoch": 6, "loss": 1.6460174322128296, "acc": 0.017241379246115685, "acc_or": 0.25287356972694397, "sender_entropy": 2.2961678504943848, "receiver_entropy": 0.0, "original_loss": 1.3979705572128296, "mean_length": 6.0}
{"mode": "train", "epoch": 7, "loss": 1.7039964199066162, "acc": 0.018390804529190063, "acc_or": 0.27308428287506104, "sender_entropy": 2.2960293292999268, "receiver_entropy": 0.0, "original_loss": 1.402051568031311, "mean_length": 6.0}
{"mode": "test", "epoch": 7, "loss": 1.6540558338165283, "acc": 0.03448275849223137, "acc_or": 0.35057470202445984, "sender_entropy": 2.296369791030884, "receiver_entropy": 0.0, "original_loss": 1.381319284439087, "mean_length": 6.0}
{"mode": "train", "epoch": 8, "loss": 1.6554312705993652, "acc": 0.020402299240231514, "acc_or": 0.266475111246109, "sender_entropy": 2.2961947917938232, "receiver_entropy": 0.0, "original_loss": 1.389616847038269, "mean_length": 6.0}
{"mode": "test", "epoch": 8, "loss": 1.505700945854187, "acc": 0.017241379246115685, "acc_or": 0.26436781883239746, "sender_entropy": 2.2967824935913086, "receiver_entropy": 0.0, "original_loss": 1.380653738975525, "mean_length": 6.0}
{"mode": "train", "epoch": 9, "loss": 1.4869780540466309, "acc": 0.01896551623940468, "acc_or": 0.25469347834587097, "sender_entropy": 2.2965917587280273, "receiver_entropy": 0.0, "original_loss": 1.3889822959899902, "mean_length": 6.0}
{"mode": "test", "epoch": 9, "loss": 1.4291356801986694, "acc": 0.0, "acc_or": 0.24712643027305603, "sender_entropy": 2.297271251678467, "receiver_entropy": 0.0, "original_loss": 1.3765971660614014, "mean_length": 6.0}
{"mode": "train", "epoch": 10, "loss": 1.375718355178833, "acc": 0.015804598107933998, "acc_or": 0.25938698649406433, "sender_entropy": 2.2970495223999023, "receiver_entropy": 0.0, "original_loss": 1.3868995904922485, "mean_length": 6.0}
{"mode": "test", "epoch": 10, "loss": 1.367165207862854, "acc": 0.017241379246115685, "acc_or": 0.28735631704330444, "sender_entropy": 2.2976889610290527, "receiver_entropy": 0.0, "original_loss": 1.3729352951049805, "mean_length": 6.0}
{"mode": "train", "epoch": 11, "loss": 1.2729647159576416, "acc": 0.01781609281897545, "acc_or": 0.2709770202636719, "sender_entropy": 2.2974374294281006, "receiver_entropy": 0.0, "original_loss": 1.3859909772872925, "mean_length": 6.0}
{"mode": "test", "epoch": 11, "loss": 1.3126190900802612, "acc": 0.03448275849223137, "acc_or": 0.32758620381355286, "sender_entropy": 2.2980613708496094, "receiver_entropy": 0.0, "original_loss": 1.370054006576538, "mean_length": 6.0}
{"mode": "train", "epoch": 12, "loss": 1.163754940032959, "acc": 0.01896551623940468, "acc_or": 0.2686781585216522, "sender_entropy": 2.297759532928467, "receiver_entropy": 0.0, "original_loss": 1.3870368003845215, "mean_length": 6.0}
{"mode": "test", "epoch": 12, "loss": 1.2963882684707642, "acc": 0.017241379246115685, "acc_or": 0.29885056614875793, "sender_entropy": 2.2983391284942627, "receiver_entropy": 0.0, "original_loss": 1.3656134605407715, "mean_length": 6.0}
{"mode": "train", "epoch": 13, "loss": 1.0939178466796875, "acc": 0.018103448674082756, "acc_or": 0.2590996325016022, "sender_entropy": 2.2979073524475098, "receiver_entropy": 0.0, "original_loss": 1.386470079421997, "mean_length": 6.0}
{"mode": "test", "epoch": 13, "loss": 1.2940869331359863, "acc": 0.03448275849223137, "acc_or": 0.37931033968925476, "sender_entropy": 2.2984471321105957, "receiver_entropy": 0.0, "original_loss": 1.3607854843139648, "mean_length": 6.0}
{"mode": "train", "epoch": 14, "loss": 1.0673060417175293, "acc": 0.01781609281897545, "acc_or": 0.27327588200569153, "sender_entropy": 2.297931671142578, "receiver_entropy": 0.0, "original_loss": 1.3834443092346191, "mean_length": 6.0}
{"mode": "test", "epoch": 14, "loss": 1.2154171466827393, "acc": 0.03448275849223137, "acc_or": 0.39080458879470825, "sender_entropy": 2.2985332012176514, "receiver_entropy": 0.0, "original_loss": 1.3628214597702026, "mean_length": 6.0}
{"mode": "train", "epoch": 15, "loss": 0.97221839427948, "acc": 0.02068965509533882, "acc_or": 0.26657089591026306, "sender_entropy": 2.297995090484619, "receiver_entropy": 0.0, "original_loss": 1.3861472606658936, "mean_length": 6.0}
{"mode": "test", "epoch": 15, "loss": 1.2269153594970703, "acc": 0.017241379246115685, "acc_or": 0.3218390941619873, "sender_entropy": 2.298626661300659, "receiver_entropy": 0.0, "original_loss": 1.3579622507095337, "mean_length": 6.0}
{"mode": "train", "epoch": 16, "loss": 0.9466598033905029, "acc": 0.016379309818148613, "acc_or": 0.27365902066230774, "sender_entropy": 2.2980740070343018, "receiver_entropy": 0.0, "original_loss": 1.3842939138412476, "mean_length": 6.0}
{"mode": "test", "epoch": 16, "loss": 1.262921690940857, "acc": 0.06896551698446274, "acc_or": 0.37931033968925476, "sender_entropy": 2.2987475395202637, "receiver_entropy": 0.0, "original_loss": 1.351377248764038, "mean_length": 6.0}
{"mode": "train", "epoch": 17, "loss": 0.9271124601364136, "acc": 0.020402299240231514, "acc_or": 0.27844828367233276, "sender_entropy": 2.2982044219970703, "receiver_entropy": 0.0, "original_loss": 1.382350206375122, "mean_length": 6.0}
{"mode": "test", "epoch": 17, "loss": 1.2829439640045166, "acc": 0.08620689809322357, "acc_or": 0.4195402264595032, "sender_entropy": 2.298943519592285, "receiver_entropy": 0.0, "original_loss": 1.3466962575912476, "mean_length": 6.0}
{"mode": "train", "epoch": 18, "loss": 0.8559457659721375, "acc": 0.01896551623940468, "acc_or": 0.27404215931892395, "sender_entropy": 2.298415184020996, "receiver_entropy": 0.0, "original_loss": 1.3847273588180542, "mean_length": 6.0}
{"mode": "test", "epoch": 18, "loss": 1.298855185508728, "acc": 0.03448275849223137, "acc_or": 0.4080459773540497, "sender_entropy": 2.2991793155670166, "receiver_entropy": 0.0, "original_loss": 1.343023419380188, "mean_length": 6.0}
{"mode": "train", "epoch": 19, "loss": 0.8335714340209961, "acc": 0.016954023391008377, "acc_or": 0.2772030830383301, "sender_entropy": 2.2986676692962646, "receiver_entropy": 0.0, "original_loss": 1.3837357759475708, "mean_length": 6.0}
{"mode": "test", "epoch": 19, "loss": 1.3152053356170654, "acc": 0.06896551698446274, "acc_or": 0.43103447556495667, "sender_entropy": 2.2993736267089844, "receiver_entropy": 0.0, "original_loss": 1.3392847776412964, "mean_length": 6.0}
{"mode": "train", "epoch": 20, "loss": 0.8241730332374573, "acc": 0.01867816038429737, "acc_or": 0.27950191497802734, "sender_entropy": 2.2989025115966797, "receiver_entropy": 0.0, "original_loss": 1.3819892406463623, "mean_length": 6.0}
{"mode": "test", "epoch": 20, "loss": 1.2998098134994507, "acc": 0.06896551698446274, "acc_or": 0.4597701132297516, "sender_entropy": 2.2995502948760986, "receiver_entropy": 0.0, "original_loss": 1.3381630182266235, "mean_length": 6.0}
{"mode": "train", "epoch": 21, "loss": 0.7820077538490295, "acc": 0.0218390803784132, "acc_or": 0.27969348430633545, "sender_entropy": 2.2991180419921875, "receiver_entropy": 0.0, "original_loss": 1.3829244375228882, "mean_length": 6.0}
{"mode": "test", "epoch": 21, "loss": 1.3190853595733643, "acc": 0.08620689809322357, "acc_or": 0.4482758641242981, "sender_entropy": 2.2996737957000732, "receiver_entropy": 0.0, "original_loss": 1.3345898389816284, "mean_length": 6.0}
{"mode": "train", "epoch": 22, "loss": 0.7555783987045288, "acc": 0.021264366805553436, "acc_or": 0.2812260687351227, "sender_entropy": 2.2993035316467285, "receiver_entropy": 0.0, "original_loss": 1.3829233646392822, "mean_length": 6.0}
{"mode": "test", "epoch": 22, "loss": 1.3898038864135742, "acc": 0.10344827175140381, "acc_or": 0.4712643623352051, "sender_entropy": 2.299717426300049, "receiver_entropy": 0.0, "original_loss": 1.327103853225708, "mean_length": 6.0}
{"mode": "train", "epoch": 23, "loss": 0.7563549876213074, "acc": 0.01867816038429737, "acc_or": 0.28649425506591797, "sender_entropy": 2.2994272708892822, "receiver_entropy": 0.0, "original_loss": 1.380986213684082, "mean_length": 6.0}
{"mode": "test", "epoch": 23, "loss": 1.4326835870742798, "acc": 0.08620689809322357, "acc_or": 0.5, "sender_entropy": 2.299686908721924, "receiver_entropy": 0.0, "original_loss": 1.3216936588287354, "mean_length": 6.0}
{"mode": "train", "epoch": 24, "loss": 0.7238019704818726, "acc": 0.01896551623940468, "acc_or": 0.2750000059604645, "sender_entropy": 2.2994532585144043, "receiver_entropy": 0.0, "original_loss": 1.3817484378814697, "mean_length": 6.0}
{"mode": "test", "epoch": 24, "loss": 1.431307077407837, "acc": 0.06896551698446274, "acc_or": 0.48275861144065857, "sender_entropy": 2.299596071243286, "receiver_entropy": 0.0, "original_loss": 1.3199430704116821, "mean_length": 6.0}
{"mode": "train", "epoch": 25, "loss": 0.7079439163208008, "acc": 0.025862067937850952, "acc_or": 0.2920498251914978, "sender_entropy": 2.2994518280029297, "receiver_entropy": 0.0, "original_loss": 1.381278395652771, "mean_length": 6.0}
{"mode": "test", "epoch": 25, "loss": 1.4509329795837402, "acc": 0.06896551698446274, "acc_or": 0.45402297377586365, "sender_entropy": 2.2994093894958496, "receiver_entropy": 0.0, "original_loss": 1.3164910078048706, "mean_length": 6.0}
{"mode": "train", "epoch": 26, "loss": 0.6886100769042969, "acc": 0.022701149806380272, "acc_or": 0.2904214560985565, "sender_entropy": 2.299313545227051, "receiver_entropy": 0.0, "original_loss": 1.381308913230896, "mean_length": 6.0}
{"mode": "test", "epoch": 26, "loss": 1.4917874336242676, "acc": 0.06896551698446274, "acc_or": 0.4655172526836395, "sender_entropy": 2.2991628646850586, "receiver_entropy": 0.0, "original_loss": 1.311413288116455, "mean_length": 6.0}
{"mode": "train", "epoch": 27, "loss": 0.6849896907806396, "acc": 0.015804598107933998, "acc_or": 0.28515326976776123, "sender_entropy": 2.299121618270874, "receiver_entropy": 0.0, "original_loss": 1.3801655769348145, "mean_length": 6.0}
{"mode": "test", "epoch": 27, "loss": 1.5167367458343506, "acc": 0.06896551698446274, "acc_or": 0.49425286054611206, "sender_entropy": 2.298875093460083, "receiver_entropy": 0.0, "original_loss": 1.3078434467315674, "mean_length": 6.0}
{"mode": "train", "epoch": 28, "loss": 0.6681619882583618, "acc": 0.01982758566737175, "acc_or": 0.29013410210609436, "sender_entropy": 2.298837661743164, "receiver_entropy": 0.0, "original_loss": 1.3801219463348389, "mean_length": 6.0}
{"mode": "test", "epoch": 28, "loss": 1.574698805809021, "acc": 0.08620689809322357, "acc_or": 0.5114942789077759, "sender_entropy": 2.2985212802886963, "receiver_entropy": 0.0, "original_loss": 1.3014885187149048, "mean_length": 6.0}
{"mode": "train", "epoch": 29, "loss": 0.6432532668113708, "acc": 0.01896551623940468, "acc_or": 0.28045976161956787, "sender_entropy": 2.2985153198242188, "receiver_entropy": 0.0, "original_loss": 1.38079833984375, "mean_length": 6.0}
{"mode": "test", "epoch": 29, "loss": 1.648451328277588, "acc": 0.051724135875701904, "acc_or": 0.4597701132297516, "sender_entropy": 2.2980880737304688, "receiver_entropy": 0.0, "original_loss": 1.2938127517700195, "mean_length": 6.0}
{"mode": "train", "epoch": 30, "loss": 0.6462194919586182, "acc": 0.023563217371702194, "acc_or": 0.29377394914627075, "sender_entropy": 2.298084259033203, "receiver_entropy": 0.0, "original_loss": 1.3793683052062988, "mean_length": 6.0}
{"mode": "test", "epoch": 30, "loss": 1.703979730606079, "acc": 0.06896551698446274, "acc_or": 0.4655172526836395, "sender_entropy": 2.2975285053253174, "receiver_entropy": 0.0, "original_loss": 1.287299394607544, "mean_length": 6.0}
{"mode": "train", "epoch": 31, "loss": 0.656360387802124, "acc": 0.0218390803784132, "acc_or": 0.3017241358757019, "sender_entropy": 2.297536849975586, "receiver_entropy": 0.0, "original_loss": 1.3774000406265259, "mean_length": 6.0}
{"mode": "test", "epoch": 31, "loss": 1.772004246711731, "acc": 0.06896551698446274, "acc_or": 0.5114942789077759, "sender_entropy": 2.296736717224121, "receiver_entropy": 0.0, "original_loss": 1.2794283628463745, "mean_length": 6.0}
{"mode": "train", "epoch": 32, "loss": 0.6406989097595215, "acc": 0.02816091850399971, "acc_or": 0.29722222685813904, "sender_entropy": 2.296807050704956, "receiver_entropy": 0.0, "original_loss": 1.3773672580718994, "mean_length": 6.0}
{"mode": "test", "epoch": 32, "loss": 1.8583241701126099, "acc": 0.06896551698446274, "acc_or": 0.49425286054611206, "sender_entropy": 2.2956202030181885, "receiver_entropy": 0.0, "original_loss": 1.2698063850402832, "mean_length": 6.0}
{"mode": "train", "epoch": 33, "loss": 0.645755410194397, "acc": 0.022413793951272964, "acc_or": 0.3041187822818756, "sender_entropy": 2.295738458633423, "receiver_entropy": 0.0, "original_loss": 1.375889539718628, "mean_length": 6.0}
{"mode": "test", "epoch": 33, "loss": 1.9533603191375732, "acc": 0.06896551698446274, "acc_or": 0.4885057508945465, "sender_entropy": 2.2940309047698975, "receiver_entropy": 0.0, "original_loss": 1.2588260173797607, "mean_length": 6.0}
{"mode": "train", "epoch": 34, "loss": 0.6541582942008972, "acc": 0.02816091850399971, "acc_or": 0.30440613627433777, "sender_entropy": 2.294271469116211, "receiver_entropy": 0.0, "original_loss": 1.3740426301956177, "mean_length": 6.0}
{"mode": "test", "epoch": 34, "loss": 2.0369458198547363, "acc": 0.06896551698446274, "acc_or": 0.4885057508945465, "sender_entropy": 2.291910171508789, "receiver_entropy": 0.0, "original_loss": 1.2481999397277832, "mean_length": 6.0}
{"mode": "train", "epoch": 35, "loss": 0.6865217685699463, "acc": 0.027586206793785095, "acc_or": 0.31829503178596497, "sender_entropy": 2.2922403812408447, "receiver_entropy": 0.0, "original_loss": 1.3703548908233643, "mean_length": 6.0}
{"mode": "test", "epoch": 35, "loss": 2.11252760887146, "acc": 0.051724135875701904, "acc_or": 0.4712643623352051, "sender_entropy": 2.2890803813934326, "receiver_entropy": 0.0, "original_loss": 1.237242341041565, "mean_length": 6.0}
{"mode": "train", "epoch": 36, "loss": 0.695637583732605, "acc": 0.027298850938677788, "acc_or": 0.32193487882614136, "sender_entropy": 2.289499282836914, "receiver_entropy": 0.0, "original_loss": 1.3682409524917603, "mean_length": 6.0}
{"mode": "test", "epoch": 36, "loss": 2.1835784912109375, "acc": 0.051724135875701904, "acc_or": 0.4885057508945465, "sender_entropy": 2.285144805908203, "receiver_entropy": 0.0, "original_loss": 1.225354552268982, "mean_length": 6.0}
{"mode": "train", "epoch": 37, "loss": 0.7431321740150452, "acc": 0.031896550208330154, "acc_or": 0.32758620381355286, "sender_entropy": 2.2856602668762207, "receiver_entropy": 0.0, "original_loss": 1.3630421161651611, "mean_length": 6.0}
{"mode": "test", "epoch": 37, "loss": 2.2197916507720947, "acc": 0.06896551698446274, "acc_or": 0.4885057508945465, "sender_entropy": 2.279787540435791, "receiver_entropy": 0.0, "original_loss": 1.2149624824523926, "mean_length": 6.0}
{"mode": "train", "epoch": 38, "loss": 0.8051642179489136, "acc": 0.03850574791431427, "acc_or": 0.34147509932518005, "sender_entropy": 2.2803213596343994, "receiver_entropy": 0.0, "original_loss": 1.3564015626907349, "mean_length": 6.0}
{"mode": "test", "epoch": 38, "loss": 2.2131597995758057, "acc": 0.051724135875701904, "acc_or": 0.4597701132297516, "sender_entropy": 2.2717268466949463, "receiver_entropy": 0.0, "original_loss": 1.2060569524765015, "mean_length": 6.0}
{"mode": "train", "epoch": 39, "loss": 0.8470744490623474, "acc": 0.03649425134062767, "acc_or": 0.3474138081073761, "sender_entropy": 2.2722713947296143, "receiver_entropy": 0.0, "original_loss": 1.35090172290802, "mean_length": 6.0}
{"mode": "test", "epoch": 39, "loss": 2.188026189804077, "acc": 0.06896551698446274, "acc_or": 0.4712643623352051, "sender_entropy": 2.260704278945923, "receiver_entropy": 0.0, "original_loss": 1.1971644163131714, "mean_length": 6.0}
{"mode": "train", "epoch": 40, "loss": 0.9671122431755066, "acc": 0.0396551713347435, "acc_or": 0.36360153555870056, "sender_entropy": 2.2610955238342285, "receiver_entropy": 0.0, "original_loss": 1.3385177850723267, "mean_length": 6.0}
{"mode": "test", "epoch": 40, "loss": 2.1454837322235107, "acc": 0.06896551698446274, "acc_or": 0.4885057508945465, "sender_entropy": 2.2471492290496826, "receiver_entropy": 0.0, "original_loss": 1.189508080482483, "mean_length": 6.0}
{"mode": "train", "epoch": 41, "loss": 1.0762569904327393, "acc": 0.043103449046611786, "acc_or": 0.37049809098243713, "sender_entropy": 2.2466769218444824, "receiver_entropy": 0.0, "original_loss": 1.3261082172393799, "mean_length": 6.0}
{"mode": "test", "epoch": 41, "loss": 2.1103649139404297, "acc": 0.08620689809322357, "acc_or": 0.477011501789093, "sender_entropy": 2.2329137325286865, "receiver_entropy": 0.0, "original_loss": 1.181810975074768, "mean_length": 6.0}
{"mode": "train", "epoch": 42, "loss": 1.2492458820343018, "acc": 0.044252872467041016, "acc_or": 0.38659003376960754, "sender_entropy": 2.230664014816284, "receiver_entropy": 0.0, "original_loss": 1.3085365295410156, "mean_length": 6.0}
{"mode": "test", "epoch": 42, "loss": 2.005375623703003, "acc": 0.06896551698446274, "acc_or": 0.4597701132297516, "sender_entropy": 2.223870277404785, "receiver_entropy": 0.0, "original_loss": 1.1831361055374146, "mean_length": 6.0}
{"mode": "train", "epoch": 43, "loss": 1.3494148254394531, "acc": 0.03936781734228134, "acc_or": 0.38860154151916504, "sender_entropy": 2.2189266681671143, "receiver_entropy": 0.0, "original_loss": 1.2946445941925049, "mean_length": 6.0}
{"mode": "test", "epoch": 43, "loss": 1.8938889503479004, "acc": 0.051724135875701904, "acc_or": 0.44252872467041016, "sender_entropy": 2.2113559246063232, "receiver_entropy": 0.0, "original_loss": 1.1841063499450684, "mean_length": 6.0}
{"mode": "train", "epoch": 44, "loss": 1.478395938873291, "acc": 0.04137931019067764, "acc_or": 0.39683908224105835, "sender_entropy": 2.2029836177825928, "receiver_entropy": 0.0, "original_loss": 1.2785451412200928, "mean_length": 6.0}
{"mode": "test", "epoch": 44, "loss": 1.7502609491348267, "acc": 0.051724135875701904, "acc_or": 0.45402297377586365, "sender_entropy": 2.1986024379730225, "receiver_entropy": 0.0, "original_loss": 1.190742015838623, "mean_length": 6.0}
{"mode": "train", "epoch": 45, "loss": 1.6201484203338623, "acc": 0.0436781607568264, "acc_or": 0.40431034564971924, "sender_entropy": 2.186094045639038, "receiver_entropy": 0.0, "original_loss": 1.2612770795822144, "mean_length": 6.0}
{"mode": "test", "epoch": 45, "loss": 2.0168657302856445, "acc": 0.051724135875701904, "acc_or": 0.4655172526836395, "sender_entropy": 2.193579912185669, "receiver_entropy": 0.0, "original_loss": 1.1622204780578613, "mean_length": 6.0}
{"mode": "train", "epoch": 46, "loss": 1.674149513244629, "acc": 0.049425289034843445, "acc_or": 0.40651342272758484, "sender_entropy": 2.178370952606201, "receiver_entropy": 0.0, "original_loss": 1.2529582977294922, "mean_length": 6.0}
{"mode": "test", "epoch": 46, "loss": 2.279305934906006, "acc": 0.051724135875701904, "acc_or": 0.4885057508945465, "sender_entropy": 2.1925048828125, "receiver_entropy": 0.0, "original_loss": 1.1361483335494995, "mean_length": 6.0}
{"mode": "train", "epoch": 47, "loss": 1.6355911493301392, "acc": 0.04856321960687637, "acc_or": 0.420306533575058, "sender_entropy": 2.1775870323181152, "receiver_entropy": 0.0, "original_loss": 1.2519311904907227, "mean_length": 6.0}
{"mode": "test", "epoch": 47, "loss": 2.6284172534942627, "acc": 0.051724135875701904, "acc_or": 0.5, "sender_entropy": 2.184006452560425, "receiver_entropy": 0.0, "original_loss": 1.0981212854385376, "mean_length": 6.0}
{"mode": "train", "epoch": 48, "loss": 1.7700119018554688, "acc": 0.04856321960687637, "acc_or": 0.4201149642467499, "sender_entropy": 2.1700539588928223, "receiver_entropy": 0.0, "original_loss": 1.2383979558944702, "mean_length": 6.0}
{"mode": "test", "epoch": 48, "loss": 2.876648426055908, "acc": 0.06896551698446274, "acc_or": 0.4885057508945465, "sender_entropy": 2.169755220413208, "receiver_entropy": 0.0, "original_loss": 1.0639081001281738, "mean_length": 6.0}
{"mode": "train", "epoch": 49, "loss": 1.852379322052002, "acc": 0.05545977130532265, "acc_or": 0.4318007826805115, "sender_entropy": 2.154944658279419, "receiver_entropy": 0.0, "original_loss": 1.2261455059051514, "mean_length": 6.0}
{"mode": "test", "epoch": 49, "loss": 2.8387722969055176, "acc": 0.06896551698446274, "acc_or": 0.48275861144065857, "sender_entropy": 2.1442246437072754, "receiver_entropy": 0.0, "original_loss": 1.0512572526931763, "mean_length": 6.0}
{"mode": "train", "epoch": 50, "loss": 2.126089096069336, "acc": 0.06034482643008232, "acc_or": 0.44214561581611633, "sender_entropy": 2.1275877952575684, "receiver_entropy": 0.0, "original_loss": 1.1977808475494385, "mean_length": 6.0}
{"mode": "test", "epoch": 50, "loss": 2.9261250495910645, "acc": 0.10344827175140381, "acc_or": 0.540229856967926, "sender_entropy": 2.1204423904418945, "receiver_entropy": 0.0, "original_loss": 1.0302711725234985, "mean_length": 6.0}
{"mode": "train", "epoch": 51, "loss": 2.2759666442871094, "acc": 0.07068965584039688, "acc_or": 0.46005746722221375, "sender_entropy": 2.108435869216919, "receiver_entropy": 0.0, "original_loss": 1.179489254951477, "mean_length": 6.0}
{"mode": "test", "epoch": 51, "loss": 2.8640975952148438, "acc": 0.10344827175140381, "acc_or": 0.540229856967926, "sender_entropy": 2.0996649265289307, "receiver_entropy": 0.0, "original_loss": 1.0257792472839355, "mean_length": 6.0}
{"mode": "train", "epoch": 52, "loss": 2.4175047874450684, "acc": 0.08074712753295898, "acc_or": 0.4746168553829193, "sender_entropy": 2.088977336883545, "receiver_entropy": 0.0, "original_loss": 1.1591815948486328, "mean_length": 6.0}
{"mode": "test", "epoch": 52, "loss": 2.804943084716797, "acc": 0.10344827175140381, "acc_or": 0.5574712753295898, "sender_entropy": 2.072660207748413, "receiver_entropy": 0.0, "original_loss": 1.0151375532150269, "mean_length": 6.0}
{"mode": "train", "epoch": 53, "loss": 2.5687832832336426, "acc": 0.09224137663841248, "acc_or": 0.48840996623039246, "sender_entropy": 2.0601983070373535, "receiver_entropy": 0.0, "original_loss": 1.1374318599700928, "mean_length": 6.0}
{"mode": "test", "epoch": 53, "loss": 2.997241735458374, "acc": 0.12068965286016464, "acc_or": 0.5517241358757019, "sender_entropy": 2.0708842277526855, "receiver_entropy": 0.0, "original_loss": 0.9827465415000916, "mean_length": 6.0}
{"mode": "train", "epoch": 54, "loss": 2.7343344688415527, "acc": 0.09482758492231369, "acc_or": 0.4961685836315155, "sender_entropy": 2.0533719062805176, "receiver_entropy": 0.0, "original_loss": 1.11593496799469, "mean_length": 6.0}
{"mode": "test", "epoch": 54, "loss": 3.2552714347839355, "acc": 0.1551724076271057, "acc_or": 0.5977011322975159, "sender_entropy": 2.0741095542907715, "receiver_entropy": 0.0, "original_loss": 0.9451003670692444, "mean_length": 6.0}
{"mode": "train", "epoch": 55, "loss": 2.813295364379883, "acc": 0.10977011173963547, "acc_or": 0.5020114779472351, "sender_entropy": 2.0505714416503906, "receiver_entropy": 0.0, "original_loss": 1.102442979812622, "mean_length": 6.0}
{"mode": "test", "epoch": 55, "loss": 3.411151647567749, "acc": 0.22413793206214905, "acc_or": 0.6264367699623108, "sender_entropy": 2.066509962081909, "receiver_entropy": 0.0, "original_loss": 0.9213590621948242, "mean_length": 6.0}
{"mode": "train", "epoch": 56, "loss": 2.919137954711914, "acc": 0.11551724374294281, "acc_or": 0.5205938816070557, "sender_entropy": 2.0432000160217285, "receiver_entropy": 0.0, "original_loss": 1.0867172479629517, "mean_length": 6.0}
{"mode": "test", "epoch": 56, "loss": 3.5857722759246826, "acc": 0.2586206793785095, "acc_or": 0.6609195470809937, "sender_entropy": 2.053769111633301, "receiver_entropy": 0.0, "original_loss": 0.8921720385551453, "mean_length": 6.0}
{"mode": "train", "epoch": 57, "loss": 2.9562885761260986, "acc": 0.12557470798492432, "acc_or": 0.5216475129127502, "sender_entropy": 2.0255162715911865, "receiver_entropy": 0.0, "original_loss": 1.0753673315048218, "mean_length": 6.0}
{"mode": "test", "epoch": 57, "loss": 3.613786220550537, "acc": 0.24137930572032928, "acc_or": 0.6494252681732178, "sender_entropy": 2.037795305252075, "receiver_entropy": 0.0, "original_loss": 0.8751763105392456, "mean_length": 6.0}
{"mode": "train", "epoch": 58, "loss": 3.0709519386291504, "acc": 0.1425287425518036, "acc_or": 0.5386973023414612, "sender_entropy": 2.0051181316375732, "receiver_entropy": 0.0, "original_loss": 1.0544058084487915, "mean_length": 6.0}
{"mode": "test", "epoch": 58, "loss": 3.588402032852173, "acc": 0.24137930572032928, "acc_or": 0.6666666865348816, "sender_entropy": 2.0161561965942383, "receiver_entropy": 0.0, "original_loss": 0.8640589118003845, "mean_length": 6.0}
{"mode": "train", "epoch": 59, "loss": 3.2131905555725098, "acc": 0.15201149880886078, "acc_or": 0.5517241358757019, "sender_entropy": 1.9840848445892334, "receiver_entropy": 0.0, "original_loss": 1.0330475568771362, "mean_length": 6.0}
{"mode": "test", "epoch": 59, "loss": 3.8491504192352295, "acc": 0.3103448152542114, "acc_or": 0.6896551847457886, "sender_entropy": 2.007443904876709, "receiver_entropy": 0.0, "original_loss": 0.8210379481315613, "mean_length": 6.0}
{"mode": "train", "epoch": 60, "loss": 3.3954639434814453, "acc": 0.16206896305084229, "acc_or": 0.5586206912994385, "sender_entropy": 1.9766837358474731, "receiver_entropy": 0.0, "original_loss": 1.0094002485275269, "mean_length": 6.0}
{"mode": "test", "epoch": 60, "loss": 3.8556289672851562, "acc": 0.3448275923728943, "acc_or": 0.7011494040489197, "sender_entropy": 1.9915659427642822, "receiver_entropy": 0.0, "original_loss": 0.8077731728553772, "mean_length": 6.0}
{"mode": "train", "epoch": 61, "loss": 3.5593435764312744, "acc": 0.16695402562618256, "acc_or": 0.5686782002449036, "sender_entropy": 1.9548946619033813, "receiver_entropy": 0.0, "original_loss": 0.9830191135406494, "mean_length": 6.0}
{"mode": "test", "epoch": 61, "loss": 3.988162040710449, "acc": 0.36206895112991333, "acc_or": 0.6896551847457886, "sender_entropy": 1.9742140769958496, "receiver_entropy": 0.0, "original_loss": 0.7737138867378235, "mean_length": 6.0}
{"mode": "train", "epoch": 62, "loss": 3.7419748306274414, "acc": 0.18045976758003235, "acc_or": 0.5869731903076172, "sender_entropy": 1.930693507194519, "receiver_entropy": 0.0, "original_loss": 0.9555748701095581, "mean_length": 6.0}
{"mode": "test", "epoch": 62, "loss": 3.9660863876342773, "acc": 0.37931033968925476, "acc_or": 0.6954023241996765, "sender_entropy": 1.9580297470092773, "receiver_entropy": 0.0, "original_loss": 0.7598472833633423, "mean_length": 6.0}
{"mode": "train", "epoch": 63, "loss": 3.8138346672058105, "acc": 0.18965516984462738, "acc_or": 0.5927203297615051, "sender_entropy": 1.9113141298294067, "receiver_entropy": 0.0, "original_loss": 0.9387921690940857, "mean_length": 6.0}
{"mode": "test", "epoch": 63, "loss": 3.7984211444854736, "acc": 0.2931034564971924, "acc_or": 0.6781609058380127, "sender_entropy": 1.9454822540283203, "receiver_entropy": 0.0, "original_loss": 0.7676141858100891, "mean_length": 6.0}
{"mode": "train", "epoch": 64, "loss": 3.9145398139953613, "acc": 0.1982758641242981, "acc_or": 0.601915717124939, "sender_entropy": 1.8962371349334717, "receiver_entropy": 0.0, "original_loss": 0.919619083404541, "mean_length": 6.0}
{"mode": "test", "epoch": 64, "loss": 3.752567768096924, "acc": 0.3103448152542114, "acc_or": 0.6896551847457886, "sender_entropy": 1.9329774379730225, "receiver_entropy": 0.0, "original_loss": 0.7599480748176575, "mean_length": 6.0}
{"mode": "train", "epoch": 65, "loss": 4.0579705238342285, "acc": 0.20459769666194916, "acc_or": 0.6085249185562134, "sender_entropy": 1.8767526149749756, "receiver_entropy": 0.0, "original_loss": 0.8934532403945923, "mean_length": 6.0}
{"mode": "test", "epoch": 65, "loss": 3.7771687507629395, "acc": 0.24137930572032928, "acc_or": 0.6724137663841248, "sender_entropy": 1.9256244897842407, "receiver_entropy": 0.0, "original_loss": 0.7486681342124939, "mean_length": 6.0}
{"mode": "train", "epoch": 66, "loss": 3.9962639808654785, "acc": 0.21264368295669556, "acc_or": 0.6071839332580566, "sender_entropy": 1.865622639656067, "receiver_entropy": 0.0, "original_loss": 0.8901387453079224, "mean_length": 6.0}
{"mode": "test", "epoch": 66, "loss": 3.701396942138672, "acc": 0.2586206793785095, "acc_or": 0.6839080452919006, "sender_entropy": 1.9185287952423096, "receiver_entropy": 0.0, "original_loss": 0.7521801590919495, "mean_length": 6.0}
{"mode": "train", "epoch": 67, "loss": 4.21382474899292, "acc": 0.21264368295669556, "acc_or": 0.6130268573760986, "sender_entropy": 1.8583831787109375, "receiver_entropy": 0.0, "original_loss": 0.8652949929237366, "mean_length": 6.0}
{"mode": "test", "epoch": 67, "loss": 4.047176361083984, "acc": 0.27586206793785095, "acc_or": 0.7011494040489197, "sender_entropy": 1.9316909313201904, "receiver_entropy": 0.0, "original_loss": 0.7048874497413635, "mean_length": 6.0}
{"mode": "train", "epoch": 68, "loss": 4.128877639770508, "acc": 0.21695402264595032, "acc_or": 0.6207854747772217, "sender_entropy": 1.8628872632980347, "receiver_entropy": 0.0, "original_loss": 0.8631444573402405, "mean_length": 6.0}
{"mode": "test", "epoch": 68, "loss": 4.123738765716553, "acc": 0.2931034564971924, "acc_or": 0.7068965435028076, "sender_entropy": 1.9365185499191284, "receiver_entropy": 0.0, "original_loss": 0.6962184309959412, "mean_length": 6.0}
{"mode": "train", "epoch": 69, "loss": 4.259312152862549, "acc": 0.2238505780696869, "acc_or": 0.6238505840301514, "sender_entropy": 1.863476037979126, "receiver_entropy": 0.0, "original_loss": 0.8436707854270935, "mean_length": 6.0}
{"mode": "test", "epoch": 69, "loss": 4.375326156616211, "acc": 0.32758620381355286, "acc_or": 0.7126436829566956, "sender_entropy": 1.935951828956604, "receiver_entropy": 0.0, "original_loss": 0.6626010537147522, "mean_length": 6.0}
{"mode": "train", "epoch": 70, "loss": 4.180844306945801, "acc": 0.21896551549434662, "acc_or": 0.6184865832328796, "sender_entropy": 1.8642221689224243, "receiver_entropy": 0.0, "original_loss": 0.8444597125053406, "mean_length": 6.0}
{"mode": "test", "epoch": 70, "loss": 4.354762077331543, "acc": 0.3448275923728943, "acc_or": 0.7356321811676025, "sender_entropy": 1.934378743171692, "receiver_entropy": 0.0, "original_loss": 0.6632315516471863, "mean_length": 6.0}
{"mode": "train", "epoch": 71, "loss": 4.296615123748779, "acc": 0.21063219010829926, "acc_or": 0.6215517520904541, "sender_entropy": 1.8610464334487915, "receiver_entropy": 0.0, "original_loss": 0.8291581273078918, "mean_length": 6.0}
{"mode": "test", "epoch": 71, "loss": 4.480288505554199, "acc": 0.36206895112991333, "acc_or": 0.7298850417137146, "sender_entropy": 1.9328821897506714, "receiver_entropy": 0.0, "original_loss": 0.6381735801696777, "mean_length": 6.0}
{"mode": "train", "epoch": 72, "loss": 4.3695526123046875, "acc": 0.22356322407722473, "acc_or": 0.6330459713935852, "sender_entropy": 1.8547266721725464, "receiver_entropy": 0.0, "original_loss": 0.8144910335540771, "mean_length": 6.0}
{"mode": "test", "epoch": 72, "loss": 4.479649066925049, "acc": 0.3965517282485962, "acc_or": 0.7528735399246216, "sender_entropy": 1.9254032373428345, "receiver_entropy": 0.0, "original_loss": 0.6346663236618042, "mean_length": 6.0}
{"mode": "train", "epoch": 73, "loss": 4.348406791687012, "acc": 0.22155171632766724, "acc_or": 0.6279693841934204, "sender_entropy": 1.8433077335357666, "receiver_entropy": 0.0, "original_loss": 0.8083615303039551, "mean_length": 6.0}
{"mode": "test", "epoch": 73, "loss": 4.579953193664551, "acc": 0.3965517282485962, "acc_or": 0.7471264600753784, "sender_entropy": 1.915129542350769, "receiver_entropy": 0.0, "original_loss": 0.6106909513473511, "mean_length": 6.0}
{"mode": "train", "epoch": 74, "loss": 4.4378485679626465, "acc": 0.23017241060733795, "acc_or": 0.636685848236084, "sender_entropy": 1.8355412483215332, "receiver_entropy": 0.0, "original_loss": 0.7916953563690186, "mean_length": 6.0}
{"mode": "test", "epoch": 74, "loss": 4.659829139709473, "acc": 0.43103447556495667, "acc_or": 0.7528735399246216, "sender_entropy": 1.9072344303131104, "receiver_entropy": 0.0, "original_loss": 0.590656042098999, "mean_length": 6.0}
{"mode": "train", "epoch": 75, "loss": 4.440512657165527, "acc": 0.24913792312145233, "acc_or": 0.6409961581230164, "sender_entropy": 1.8246623277664185, "receiver_entropy": 0.0, "original_loss": 0.7819186449050903, "mean_length": 6.0}
{"mode": "test", "epoch": 75, "loss": 4.650087833404541, "acc": 0.3965517282485962, "acc_or": 0.7356321811676025, "sender_entropy": 1.9014322757720947, "receiver_entropy": 0.0, "original_loss": 0.5843361020088196, "mean_length": 6.0}
{"mode": "train", "epoch": 76, "loss": 4.483426570892334, "acc": 0.24885056912899017, "acc_or": 0.6468390822410583, "sender_entropy": 1.8116379976272583, "receiver_entropy": 0.0, "original_loss": 0.7692151069641113, "mean_length": 6.0}
{"mode": "test", "epoch": 76, "loss": 4.525478839874268, "acc": 0.37931033968925476, "acc_or": 0.7241379022598267, "sender_entropy": 1.8967790603637695, "receiver_entropy": 0.0, "original_loss": 0.5877919793128967, "mean_length": 6.0}
{"mode": "train", "epoch": 77, "loss": 4.53079891204834, "acc": 0.2609195411205292, "acc_or": 0.6548850536346436, "sender_entropy": 1.7987297773361206, "receiver_entropy": 0.0, "original_loss": 0.7512911558151245, "mean_length": 6.0}
{"mode": "test", "epoch": 77, "loss": 4.502230644226074, "acc": 0.43103447556495667, "acc_or": 0.7471264600753784, "sender_entropy": 1.8895175457000732, "receiver_entropy": 0.0, "original_loss": 0.5779449343681335, "mean_length": 6.0}
{"mode": "train", "epoch": 78, "loss": 4.636715888977051, "acc": 0.27787357568740845, "acc_or": 0.6629310250282288, "sender_entropy": 1.7848851680755615, "receiver_entropy": 0.0, "original_loss": 0.7285032868385315, "mean_length": 6.0}
{"mode": "test", "epoch": 78, "loss": 4.552501678466797, "acc": 0.43103447556495667, "acc_or": 0.7413793206214905, "sender_entropy": 1.8785635232925415, "receiver_entropy": 0.0, "original_loss": 0.5538325309753418, "mean_length": 6.0}
{"mode": "train", "epoch": 79, "loss": 4.631616592407227, "acc": 0.26839080452919006, "acc_or": 0.6608237624168396, "sender_entropy": 1.7641327381134033, "receiver_entropy": 0.0, "original_loss": 0.7176043391227722, "mean_length": 6.0}
{"mode": "test", "epoch": 79, "loss": 4.634044647216797, "acc": 0.43103447556495667, "acc_or": 0.7528735399246216, "sender_entropy": 1.8709999322891235, "receiver_entropy": 0.0, "original_loss": 0.5298837423324585, "mean_length": 6.0}
{"mode": "train", "epoch": 80, "loss": 4.818120002746582, "acc": 0.29655173420906067, "acc_or": 0.6802682280540466, "sender_entropy": 1.7530068159103394, "receiver_entropy": 0.0, "original_loss": 0.6915037631988525, "mean_length": 6.0}
{"mode": "test", "epoch": 80, "loss": 4.7531633377075195, "acc": 0.48275861144065857, "acc_or": 0.7873563170433044, "sender_entropy": 1.8719449043273926, "receiver_entropy": 0.0, "original_loss": 0.5103943943977356, "mean_length": 6.0}
{"mode": "train", "epoch": 81, "loss": 4.839810848236084, "acc": 0.2910919487476349, "acc_or": 0.6762452125549316, "sender_entropy": 1.7518547773361206, "receiver_entropy": 0.0, "original_loss": 0.6813497543334961, "mean_length": 6.0}
{"mode": "test", "epoch": 81, "loss": 4.740250587463379, "acc": 0.5, "acc_or": 0.7931034564971924, "sender_entropy": 1.8707197904586792, "receiver_entropy": 0.0, "original_loss": 0.5014298558235168, "mean_length": 6.0}
{"mode": "train", "epoch": 82, "loss": 4.795876979827881, "acc": 0.30545976758003235, "acc_or": 0.6815134286880493, "sender_entropy": 1.7519254684448242, "receiver_entropy": 0.0, "original_loss": 0.6761630177497864, "mean_length": 6.0}
{"mode": "test", "epoch": 82, "loss": 4.6893310546875, "acc": 0.41379308700561523, "acc_or": 0.7528735399246216, "sender_entropy": 1.8573321104049683, "receiver_entropy": 0.0, "original_loss": 0.4954984784126282, "mean_length": 6.0}
{"mode": "train", "epoch": 83, "loss": 4.862795352935791, "acc": 0.30488505959510803, "acc_or": 0.6858237981796265, "sender_entropy": 1.7362409830093384, "receiver_entropy": 0.0, "original_loss": 0.6635720133781433, "mean_length": 6.0}
{"mode": "test", "epoch": 83, "loss": 4.75670862197876, "acc": 0.4655172526836395, "acc_or": 0.7816091775894165, "sender_entropy": 1.8568992614746094, "receiver_entropy": 0.0, "original_loss": 0.48578187823295593, "mean_length": 6.0}
{"mode": "train", "epoch": 84, "loss": 4.921698570251465, "acc": 0.3192528784275055, "acc_or": 0.6934866309165955, "sender_entropy": 1.735321283340454, "receiver_entropy": 0.0, "original_loss": 0.6505354642868042, "mean_length": 6.0}
{"mode": "test", "epoch": 84, "loss": 4.721662521362305, "acc": 0.41379308700561523, "acc_or": 0.7643678188323975, "sender_entropy": 1.8654565811157227, "receiver_entropy": 0.0, "original_loss": 0.4882517457008362, "mean_length": 6.0}
{"mode": "train", "epoch": 85, "loss": 4.853978633880615, "acc": 0.3204022943973541, "acc_or": 0.6952107548713684, "sender_entropy": 1.7462202310562134, "receiver_entropy": 0.0, "original_loss": 0.6482030153274536, "mean_length": 6.0}
{"mode": "test", "epoch": 85, "loss": 4.882418155670166, "acc": 0.5517241358757019, "acc_or": 0.8333333134651184, "sender_entropy": 1.871509075164795, "receiver_entropy": 0.0, "original_loss": 0.4592711627483368, "mean_length": 6.0}
{"mode": "train", "epoch": 86, "loss": 4.776780605316162, "acc": 0.32499998807907104, "acc_or": 0.6949234008789062, "sender_entropy": 1.7529078722000122, "receiver_entropy": 0.0, "original_loss": 0.6515812873840332, "mean_length": 6.0}
{"mode": "test", "epoch": 86, "loss": 4.938753128051758, "acc": 0.568965494632721, "acc_or": 0.8275861740112305, "sender_entropy": 1.8664366006851196, "receiver_entropy": 0.0, "original_loss": 0.44748780131340027, "mean_length": 6.0}
{"mode": "train", "epoch": 87, "loss": 4.776371955871582, "acc": 0.32557472586631775, "acc_or": 0.6968390941619873, "sender_entropy": 1.7504209280014038, "receiver_entropy": 0.0, "original_loss": 0.6482111811637878, "mean_length": 6.0}
{"mode": "test", "epoch": 87, "loss": 4.904581069946289, "acc": 0.5862069129943848, "acc_or": 0.8390804529190063, "sender_entropy": 1.8729472160339355, "receiver_entropy": 0.0, "original_loss": 0.448501318693161, "mean_length": 6.0}
{"mode": "train", "epoch": 88, "loss": 4.666733264923096, "acc": 0.33160918951034546, "acc_or": 0.699999988079071, "sender_entropy": 1.7595157623291016, "receiver_entropy": 0.0, "original_loss": 0.6514617800712585, "mean_length": 6.0}
{"mode": "test", "epoch": 88, "loss": 4.974660396575928, "acc": 0.5862069129943848, "acc_or": 0.8275861740112305, "sender_entropy": 1.8765649795532227, "receiver_entropy": 0.0, "original_loss": 0.43568360805511475, "mean_length": 6.0}
{"mode": "train", "epoch": 89, "loss": 4.665741920471191, "acc": 0.32701149582862854, "acc_or": 0.6990421414375305, "sender_entropy": 1.7563931941986084, "receiver_entropy": 0.0, "original_loss": 0.6475173234939575, "mean_length": 6.0}
{"mode": "test", "epoch": 89, "loss": 4.936860084533691, "acc": 0.5, "acc_or": 0.7988505959510803, "sender_entropy": 1.8772783279418945, "receiver_entropy": 0.0, "original_loss": 0.4344624876976013, "mean_length": 6.0}
{"mode": "train", "epoch": 90, "loss": 4.773345470428467, "acc": 0.3419540226459503, "acc_or": 0.7104406356811523, "sender_entropy": 1.7493873834609985, "receiver_entropy": 0.0, "original_loss": 0.6271595358848572, "mean_length": 6.0}
{"mode": "test", "epoch": 90, "loss": 4.953776836395264, "acc": 0.6034482717514038, "acc_or": 0.8448275923728943, "sender_entropy": 1.8682268857955933, "receiver_entropy": 0.0, "original_loss": 0.41760385036468506, "mean_length": 6.0}
{"mode": "train", "epoch": 91, "loss": 4.785872459411621, "acc": 0.35114941000938416, "acc_or": 0.7131226062774658, "sender_entropy": 1.731384038925171, "receiver_entropy": 0.0, "original_loss": 0.6148890852928162, "mean_length": 6.0}
{"mode": "test", "epoch": 91, "loss": 4.916985988616943, "acc": 0.517241358757019, "acc_or": 0.8103448152542114, "sender_entropy": 1.8594048023223877, "receiver_entropy": 0.0, "original_loss": 0.4144687354564667, "mean_length": 6.0}
{"mode": "train", "epoch": 92, "loss": 4.8078765869140625, "acc": 0.37327584624290466, "acc_or": 0.7279693484306335, "sender_entropy": 1.708814024925232, "receiver_entropy": 0.0, "original_loss": 0.6002498865127563, "mean_length": 6.0}
{"mode": "test", "epoch": 92, "loss": 4.865281581878662, "acc": 0.5517241358757019, "acc_or": 0.8333333134651184, "sender_entropy": 1.8524301052093506, "receiver_entropy": 0.0, "original_loss": 0.40567687153816223, "mean_length": 6.0}
{"mode": "train", "epoch": 93, "loss": 4.899075984954834, "acc": 0.38735631108283997, "acc_or": 0.7377395033836365, "sender_entropy": 1.692233920097351, "receiver_entropy": 0.0, "original_loss": 0.5780864953994751, "mean_length": 6.0}
{"mode": "test", "epoch": 93, "loss": 4.674692153930664, "acc": 0.568965494632721, "acc_or": 0.8390804529190063, "sender_entropy": 1.8472095727920532, "receiver_entropy": 0.0, "original_loss": 0.4210359752178192, "mean_length": 6.0}
{"mode": "train", "epoch": 94, "loss": 4.993680953979492, "acc": 0.39885056018829346, "acc_or": 0.7442528605461121, "sender_entropy": 1.6916625499725342, "receiver_entropy": 0.0, "original_loss": 0.5578657984733582, "mean_length": 6.0}
{"mode": "test", "epoch": 94, "loss": 4.7297563552856445, "acc": 0.5344827771186829, "acc_or": 0.8275861740112305, "sender_entropy": 1.8441375494003296, "receiver_entropy": 0.0, "original_loss": 0.4051477611064911, "mean_length": 6.0}
{"mode": "train", "epoch": 95, "loss": 4.930433750152588, "acc": 0.3959770202636719, "acc_or": 0.7436781525611877, "sender_entropy": 1.6817989349365234, "receiver_entropy": 0.0, "original_loss": 0.557435154914856, "mean_length": 6.0}
{"mode": "test", "epoch": 95, "loss": 4.898820400238037, "acc": 0.6551724076271057, "acc_or": 0.8620689511299133, "sender_entropy": 1.8285378217697144, "receiver_entropy": 0.0, "original_loss": 0.36950698494911194, "mean_length": 6.0}
{"mode": "train", "epoch": 96, "loss": 4.960733890533447, "acc": 0.4146551787853241, "acc_or": 0.7506704926490784, "sender_entropy": 1.6676294803619385, "receiver_entropy": 0.0, "original_loss": 0.5456047058105469, "mean_length": 6.0}
{"mode": "test", "epoch": 96, "loss": 4.900025367736816, "acc": 0.7068965435028076, "acc_or": 0.8850574493408203, "sender_entropy": 1.814579963684082, "receiver_entropy": 0.0, "original_loss": 0.35952746868133545, "mean_length": 6.0}
{"mode": "train", "epoch": 97, "loss": 4.93828821182251, "acc": 0.4120689630508423, "acc_or": 0.7501915693283081, "sender_entropy": 1.6579421758651733, "receiver_entropy": 0.0, "original_loss": 0.5395578145980835, "mean_length": 6.0}
{"mode": "test", "epoch": 97, "loss": 4.834837436676025, "acc": 0.6379310488700867, "acc_or": 0.8563218116760254, "sender_entropy": 1.8019822835922241, "receiver_entropy": 0.0, "original_loss": 0.35629674792289734, "mean_length": 6.0}
{"mode": "train", "epoch": 98, "loss": 4.883619785308838, "acc": 0.4307471215724945, "acc_or": 0.7562260627746582, "sender_entropy": 1.657931923866272, "receiver_entropy": 0.0, "original_loss": 0.5347618460655212, "mean_length": 6.0}
{"mode": "test", "epoch": 98, "loss": 4.767702579498291, "acc": 0.6206896305084229, "acc_or": 0.8735632300376892, "sender_entropy": 1.7983171939849854, "receiver_entropy": 0.0, "original_loss": 0.35124918818473816, "mean_length": 6.0}
{"mode": "train", "epoch": 99, "loss": 4.926392078399658, "acc": 0.43994253873825073, "acc_or": 0.7593870162963867, "sender_entropy": 1.653257131576538, "receiver_entropy": 0.0, "original_loss": 0.5250407457351685, "mean_length": 6.0}
{"mode": "test", "epoch": 99, "loss": 4.604396343231201, "acc": 0.5862069129943848, "acc_or": 0.8390804529190063, "sender_entropy": 1.7946871519088745, "receiver_entropy": 0.0, "original_loss": 0.36615613102912903, "mean_length": 6.0}
{"mode": "train", "epoch": 100, "loss": 4.887241363525391, "acc": 0.4373563230037689, "acc_or": 0.761685848236084, "sender_entropy": 1.646640419960022, "receiver_entropy": 0.0, "original_loss": 0.5262582898139954, "mean_length": 6.0}
{"mode": "test", "epoch": 100, "loss": 4.763136386871338, "acc": 0.6379310488700867, "acc_or": 0.8678160905838013, "sender_entropy": 1.7963260412216187, "receiver_entropy": 0.0, "original_loss": 0.3423735499382019, "mean_length": 6.0}
{"mode": "train", "epoch": 101, "loss": 4.8764519691467285, "acc": 0.43649426102638245, "acc_or": 0.7646551728248596, "sender_entropy": 1.6538054943084717, "receiver_entropy": 0.0, "original_loss": 0.5210037231445312, "mean_length": 6.0}
{"mode": "test", "epoch": 101, "loss": 4.737215518951416, "acc": 0.7241379022598267, "acc_or": 0.8965517282485962, "sender_entropy": 1.8014593124389648, "receiver_entropy": 0.0, "original_loss": 0.3336447477340698, "mean_length": 6.0}
{"mode": "train", "epoch": 102, "loss": 4.840821743011475, "acc": 0.443390816450119, "acc_or": 0.7665709257125854, "sender_entropy": 1.6533589363098145, "receiver_entropy": 0.0, "original_loss": 0.5168534517288208, "mean_length": 6.0}
{"mode": "test", "epoch": 102, "loss": 4.840142726898193, "acc": 0.7068965435028076, "acc_or": 0.8850574493408203, "sender_entropy": 1.8176839351654053, "receiver_entropy": 0.0, "original_loss": 0.32439714670181274, "mean_length": 6.0}
{"mode": "train", "epoch": 103, "loss": 4.846424102783203, "acc": 0.44913792610168457, "acc_or": 0.7710728049278259, "sender_entropy": 1.6608890295028687, "receiver_entropy": 0.0, "original_loss": 0.5095586776733398, "mean_length": 6.0}
{"mode": "test", "epoch": 103, "loss": 4.827203750610352, "acc": 0.6379310488700867, "acc_or": 0.8735632300376892, "sender_entropy": 1.8092219829559326, "receiver_entropy": 0.0, "original_loss": 0.3160388469696045, "mean_length": 6.0}
{"mode": "train", "epoch": 104, "loss": 4.7741312980651855, "acc": 0.4514367878437042, "acc_or": 0.7748084664344788, "sender_entropy": 1.6602247953414917, "receiver_entropy": 0.0, "original_loss": 0.5103312134742737, "mean_length": 6.0}
{"mode": "test", "epoch": 104, "loss": 4.695674896240234, "acc": 0.6724137663841248, "acc_or": 0.8850574493408203, "sender_entropy": 1.8061504364013672, "receiver_entropy": 0.0, "original_loss": 0.32808756828308105, "mean_length": 6.0}
{"mode": "train", "epoch": 105, "loss": 4.776402950286865, "acc": 0.4617816209793091, "acc_or": 0.7772988677024841, "sender_entropy": 1.6403943300247192, "receiver_entropy": 0.0, "original_loss": 0.49703285098075867, "mean_length": 6.0}
{"mode": "test", "epoch": 105, "loss": 4.67999267578125, "acc": 0.6896551847457886, "acc_or": 0.8850574493408203, "sender_entropy": 1.7801752090454102, "receiver_entropy": 0.0, "original_loss": 0.308941513299942, "mean_length": 6.0}
{"mode": "train", "epoch": 106, "loss": 4.743189334869385, "acc": 0.46752873063087463, "acc_or": 0.7787356376647949, "sender_entropy": 1.624303936958313, "receiver_entropy": 0.0, "original_loss": 0.49371039867401123, "mean_length": 6.0}
{"mode": "test", "epoch": 106, "loss": 4.658341407775879, "acc": 0.6551724076271057, "acc_or": 0.8735632300376892, "sender_entropy": 1.7717180252075195, "receiver_entropy": 0.0, "original_loss": 0.30054765939712524, "mean_length": 6.0}
{"mode": "train", "epoch": 107, "loss": 4.737002849578857, "acc": 0.48620688915252686, "acc_or": 0.7907088398933411, "sender_entropy": 1.620039939880371, "receiver_entropy": 0.0, "original_loss": 0.4848327338695526, "mean_length": 6.0}
{"mode": "test", "epoch": 107, "loss": 4.696934700012207, "acc": 0.7586206793785095, "acc_or": 0.9195402264595032, "sender_entropy": 1.7685617208480835, "receiver_entropy": 0.0, "original_loss": 0.28489863872528076, "mean_length": 6.0}
{"mode": "train", "epoch": 108, "loss": 4.773106098175049, "acc": 0.5, "acc_or": 0.7950191497802734, "sender_entropy": 1.6176687479019165, "receiver_entropy": 0.0, "original_loss": 0.47357437014579773, "mean_length": 6.0}
{"mode": "test", "epoch": 108, "loss": 4.613022804260254, "acc": 0.6896551847457886, "acc_or": 0.8850574493408203, "sender_entropy": 1.7647252082824707, "receiver_entropy": 0.0, "original_loss": 0.2810840904712677, "mean_length": 6.0}
{"mode": "train", "epoch": 109, "loss": 4.777062892913818, "acc": 0.4954023063182831, "acc_or": 0.7977969646453857, "sender_entropy": 1.5994281768798828, "receiver_entropy": 0.0, "original_loss": 0.46286725997924805, "mean_length": 6.0}
{"mode": "test", "epoch": 109, "loss": 4.557379245758057, "acc": 0.7068965435028076, "acc_or": 0.9022988677024841, "sender_entropy": 1.7633154392242432, "receiver_entropy": 0.0, "original_loss": 0.2842978835105896, "mean_length": 6.0}
{"mode": "train", "epoch": 110, "loss": 4.8025641441345215, "acc": 0.5091953873634338, "acc_or": 0.8035441040992737, "sender_entropy": 1.5886720418930054, "receiver_entropy": 0.0, "original_loss": 0.4561247229576111, "mean_length": 6.0}
{"mode": "test", "epoch": 110, "loss": 4.506476402282715, "acc": 0.7068965435028076, "acc_or": 0.9022988677024841, "sender_entropy": 1.7662315368652344, "receiver_entropy": 0.0, "original_loss": 0.2839386463165283, "mean_length": 6.0}
{"mode": "train", "epoch": 111, "loss": 4.637980937957764, "acc": 0.49683907628059387, "acc_or": 0.7947317957878113, "sender_entropy": 1.593508005142212, "receiver_entropy": 0.0, "original_loss": 0.4665629267692566, "mean_length": 6.0}
{"mode": "test", "epoch": 111, "loss": 4.664539337158203, "acc": 0.7586206793785095, "acc_or": 0.9137930870056152, "sender_entropy": 1.7828313112258911, "receiver_entropy": 0.0, "original_loss": 0.2670109272003174, "mean_length": 6.0}
{"mode": "train", "epoch": 112, "loss": 4.742710113525391, "acc": 0.5152298808097839, "acc_or": 0.8043103814125061, "sender_entropy": 1.5991237163543701, "receiver_entropy": 0.0, "original_loss": 0.45155882835388184, "mean_length": 6.0}
{"mode": "test", "epoch": 112, "loss": 4.66901159286499, "acc": 0.6896551847457886, "acc_or": 0.8908045887947083, "sender_entropy": 1.7876867055892944, "receiver_entropy": 0.0, "original_loss": 0.2742614150047302, "mean_length": 6.0}
{"mode": "train", "epoch": 113, "loss": 4.663518905639648, "acc": 0.5249999761581421, "acc_or": 0.8049808740615845, "sender_entropy": 1.596393346786499, "receiver_entropy": 0.0, "original_loss": 0.45338138937950134, "mean_length": 6.0}
{"mode": "test", "epoch": 113, "loss": 4.656089782714844, "acc": 0.6724137663841248, "acc_or": 0.8908045887947083, "sender_entropy": 1.7890164852142334, "receiver_entropy": 0.0, "original_loss": 0.27038249373435974, "mean_length": 6.0}
{"mode": "train", "epoch": 114, "loss": 4.7369585037231445, "acc": 0.513505756855011, "acc_or": 0.8049808740615845, "sender_entropy": 1.6098402738571167, "receiver_entropy": 0.0, "original_loss": 0.4458434283733368, "mean_length": 6.0}
{"mode": "test", "epoch": 114, "loss": 4.403685092926025, "acc": 0.6379310488700867, "acc_or": 0.8678160905838013, "sender_entropy": 1.781964898109436, "receiver_entropy": 0.0, "original_loss": 0.29954391717910767, "mean_length": 6.0}
{"mode": "train", "epoch": 115, "loss": 4.576451778411865, "acc": 0.5037356019020081, "acc_or": 0.7994253039360046, "sender_entropy": 1.6130175590515137, "receiver_entropy": 0.0, "original_loss": 0.4585607647895813, "mean_length": 6.0}
{"mode": "test", "epoch": 115, "loss": 4.558444499969482, "acc": 0.7241379022598267, "acc_or": 0.9022988677024841, "sender_entropy": 1.779528021812439, "receiver_entropy": 0.0, "original_loss": 0.2688566744327545, "mean_length": 6.0}
{"mode": "train", "epoch": 116, "loss": 4.689492225646973, "acc": 0.5267241597175598, "acc_or": 0.8092911839485168, "sender_entropy": 1.6072710752487183, "receiver_entropy": 0.0, "original_loss": 0.44141948223114014, "mean_length": 6.0}
{"mode": "test", "epoch": 116, "loss": 4.730041027069092, "acc": 0.7931034564971924, "acc_or": 0.931034505367279, "sender_entropy": 1.7772916555404663, "receiver_entropy": 0.0, "original_loss": 0.2341354787349701, "mean_length": 6.0}
{"mode": "train", "epoch": 117, "loss": 4.603696823120117, "acc": 0.5350574851036072, "acc_or": 0.8133141994476318, "sender_entropy": 1.6165595054626465, "receiver_entropy": 0.0, "original_loss": 0.4436185956001282, "mean_length": 6.0}
{"mode": "test", "epoch": 117, "loss": 4.758844375610352, "acc": 0.7931034564971924, "acc_or": 0.9252873659133911, "sender_entropy": 1.7871320247650146, "receiver_entropy": 0.0, "original_loss": 0.23556487262248993, "mean_length": 6.0}
{"mode": "train", "epoch": 118, "loss": 4.4831695556640625, "acc": 0.517241358757019, "acc_or": 0.8061302900314331, "sender_entropy": 1.618851661682129, "receiver_entropy": 0.0, "original_loss": 0.4572146236896515, "mean_length": 6.0}
{"mode": "test", "epoch": 118, "loss": 4.856488227844238, "acc": 0.8448275923728943, "acc_or": 0.9425287246704102, "sender_entropy": 1.8007656335830688, "receiver_entropy": 0.0, "original_loss": 0.22684718668460846, "mean_length": 6.0}
{"mode": "train", "epoch": 119, "loss": 4.683773994445801, "acc": 0.5298850536346436, "acc_or": 0.8128352761268616, "sender_entropy": 1.6217193603515625, "receiver_entropy": 0.0, "original_loss": 0.4303398132324219, "mean_length": 6.0}
{"mode": "test", "epoch": 119, "loss": 4.783595561981201, "acc": 0.8275861740112305, "acc_or": 0.9425287246704102, "sender_entropy": 1.7928589582443237, "receiver_entropy": 0.0, "original_loss": 0.22570732235908508, "mean_length": 6.0}
{"mode": "train", "epoch": 120, "loss": 4.611042499542236, "acc": 0.5425287485122681, "acc_or": 0.8191571235656738, "sender_entropy": 1.6060999631881714, "receiver_entropy": 0.0, "original_loss": 0.428255170583725, "mean_length": 6.0}
{"mode": "test", "epoch": 120, "loss": 4.590231418609619, "acc": 0.8103448152542114, "acc_or": 0.9367815852165222, "sender_entropy": 1.7775176763534546, "receiver_entropy": 0.0, "original_loss": 0.24110345542430878, "mean_length": 6.0}
{"mode": "train", "epoch": 121, "loss": 4.735876083374023, "acc": 0.5658046007156372, "acc_or": 0.8296934962272644, "sender_entropy": 1.5930408239364624, "receiver_entropy": 0.0, "original_loss": 0.4092996418476105, "mean_length": 6.0}
{"mode": "test", "epoch": 121, "loss": 4.521223068237305, "acc": 0.7931034564971924, "acc_or": 0.9252873659133911, "sender_entropy": 1.7651407718658447, "receiver_entropy": 0.0, "original_loss": 0.24537740647792816, "mean_length": 6.0}
{"mode": "train", "epoch": 122, "loss": 4.557004928588867, "acc": 0.5770114660263062, "acc_or": 0.8318965435028076, "sender_entropy": 1.5852090120315552, "receiver_entropy": 0.0, "original_loss": 0.410737544298172, "mean_length": 6.0}
{"mode": "test", "epoch": 122, "loss": 4.712856292724609, "acc": 0.8103448152542114, "acc_or": 0.9367815852165222, "sender_entropy": 1.7559267282485962, "receiver_entropy": 0.0, "original_loss": 0.20075415074825287, "mean_length": 6.0}
{"mode": "train", "epoch": 123, "loss": 4.678909778594971, "acc": 0.5931034684181213, "acc_or": 0.8402299284934998, "sender_entropy": 1.5794498920440674, "receiver_entropy": 0.0, "original_loss": 0.3963342308998108, "mean_length": 6.0}
{"mode": "test", "epoch": 123, "loss": 4.756627559661865, "acc": 0.8793103694915771, "acc_or": 0.9597700834274292, "sender_entropy": 1.7549184560775757, "receiver_entropy": 0.0, "original_loss": 0.18202067911624908, "mean_length": 6.0}
{"mode": "train", "epoch": 124, "loss": 4.706264495849609, "acc": 0.6045976877212524, "acc_or": 0.8457854390144348, "sender_entropy": 1.5641566514968872, "receiver_entropy": 0.0, "original_loss": 0.3841792047023773, "mean_length": 6.0}
{"mode": "test", "epoch": 124, "loss": 4.648924827575684, "acc": 0.8965517282485962, "acc_or": 0.9655172228813171, "sender_entropy": 1.7505823373794556, "receiver_entropy": 0.0, "original_loss": 0.18809874355793, "mean_length": 6.0}
{"mode": "train", "epoch": 125, "loss": 4.775346755981445, "acc": 0.6198275685310364, "acc_or": 0.8522988557815552, "sender_entropy": 1.564778447151184, "receiver_entropy": 0.0, "original_loss": 0.367565780878067, "mean_length": 6.0}
{"mode": "test", "epoch": 125, "loss": 4.456830978393555, "acc": 0.8793103694915771, "acc_or": 0.9597700834274292, "sender_entropy": 1.7312076091766357, "receiver_entropy": 0.0, "original_loss": 0.202494278550148, "mean_length": 6.0}
{"mode": "train", "epoch": 126, "loss": 4.602206707000732, "acc": 0.6057471036911011, "acc_or": 0.8467432856559753, "sender_entropy": 1.5504908561706543, "receiver_entropy": 0.0, "original_loss": 0.37939518690109253, "mean_length": 6.0}
{"mode": "test", "epoch": 126, "loss": 4.433952808380127, "acc": 0.8275861740112305, "acc_or": 0.9367815852165222, "sender_entropy": 1.7193210124969482, "receiver_entropy": 0.0, "original_loss": 0.18985551595687866, "mean_length": 6.0}
{"mode": "train", "epoch": 127, "loss": 4.802089214324951, "acc": 0.6336206793785095, "acc_or": 0.8603448271751404, "sender_entropy": 1.5377992391586304, "receiver_entropy": 0.0, "original_loss": 0.3474985361099243, "mean_length": 6.0}
{"mode": "test", "epoch": 127, "loss": 4.316640377044678, "acc": 0.8103448152542114, "acc_or": 0.9367815852165222, "sender_entropy": 1.7209607362747192, "receiver_entropy": 0.0, "original_loss": 0.2066062092781067, "mean_length": 6.0}
{"mode": "train", "epoch": 128, "loss": 4.6726460456848145, "acc": 0.6382184028625488, "acc_or": 0.8621647953987122, "sender_entropy": 1.5295530557632446, "receiver_entropy": 0.0, "original_loss": 0.34886324405670166, "mean_length": 6.0}
{"mode": "test", "epoch": 128, "loss": 4.47227668762207, "acc": 0.8103448152542114, "acc_or": 0.9367815852165222, "sender_entropy": 1.722996711730957, "receiver_entropy": 0.0, "original_loss": 0.1885630339384079, "mean_length": 6.0}
{"mode": "train", "epoch": 129, "loss": 4.690653324127197, "acc": 0.6494252681732178, "acc_or": 0.8667624592781067, "sender_entropy": 1.532749056816101, "receiver_entropy": 0.0, "original_loss": 0.34315061569213867, "mean_length": 6.0}
{"mode": "test", "epoch": 129, "loss": 4.420534610748291, "acc": 0.7931034564971924, "acc_or": 0.931034505367279, "sender_entropy": 1.7280769348144531, "receiver_entropy": 0.0, "original_loss": 0.19270336627960205, "mean_length": 6.0}
{"mode": "train", "epoch": 130, "loss": 4.662658214569092, "acc": 0.6436781883239746, "acc_or": 0.865517258644104, "sender_entropy": 1.5354307889938354, "receiver_entropy": 0.0, "original_loss": 0.34875357151031494, "mean_length": 6.0}
{"mode": "test", "epoch": 130, "loss": 4.454581260681152, "acc": 0.8620689511299133, "acc_or": 0.954023003578186, "sender_entropy": 1.7328330278396606, "receiver_entropy": 0.0, "original_loss": 0.18217329680919647, "mean_length": 6.0}
{"mode": "train", "epoch": 131, "loss": 4.502866744995117, "acc": 0.6298850774765015, "acc_or": 0.8581417798995972, "sender_entropy": 1.5347471237182617, "receiver_entropy": 0.0, "original_loss": 0.3586108088493347, "mean_length": 6.0}
{"mode": "test", "epoch": 131, "loss": 4.405169486999512, "acc": 0.8103448152542114, "acc_or": 0.9367815852165222, "sender_entropy": 1.724112629890442, "receiver_entropy": 0.0, "original_loss": 0.17699836194515228, "mean_length": 6.0}
{"mode": "train", "epoch": 132, "loss": 4.602450847625732, "acc": 0.6580459475517273, "acc_or": 0.8700191974639893, "sender_entropy": 1.5300666093826294, "receiver_entropy": 0.0, "original_loss": 0.339304119348526, "mean_length": 6.0}
{"mode": "test", "epoch": 132, "loss": 4.559112548828125, "acc": 0.9137930870056152, "acc_or": 0.9712643623352051, "sender_entropy": 1.7157500982284546, "receiver_entropy": 0.0, "original_loss": 0.141262948513031, "mean_length": 6.0}
{"mode": "train", "epoch": 133, "loss": 4.4920573234558105, "acc": 0.6502873301506042, "acc_or": 0.8665708899497986, "sender_entropy": 1.5224179029464722, "receiver_entropy": 0.0, "original_loss": 0.3427940011024475, "mean_length": 6.0}
{"mode": "test", "epoch": 133, "loss": 4.434483051300049, "acc": 0.8793103694915771, "acc_or": 0.9597700834274292, "sender_entropy": 1.719578504562378, "receiver_entropy": 0.0, "original_loss": 0.15683430433273315, "mean_length": 6.0}
{"mode": "train", "epoch": 134, "loss": 4.405385494232178, "acc": 0.642241358757019, "acc_or": 0.8642720580101013, "sender_entropy": 1.5338503122329712, "receiver_entropy": 0.0, "original_loss": 0.352029412984848, "mean_length": 6.0}
{"mode": "test", "epoch": 134, "loss": 4.401708602905273, "acc": 0.9137930870056152, "acc_or": 0.9712643623352051, "sender_entropy": 1.713366150856018, "receiver_entropy": 0.0, "original_loss": 0.1575242280960083, "mean_length": 6.0}
{"mode": "train", "epoch": 135, "loss": 4.559725761413574, "acc": 0.6701149344444275, "acc_or": 0.8762452006340027, "sender_entropy": 1.5273007154464722, "receiver_entropy": 0.0, "original_loss": 0.32619571685791016, "mean_length": 6.0}
{"mode": "test", "epoch": 135, "loss": 4.310810089111328, "acc": 0.8965517282485962, "acc_or": 0.9655172228813171, "sender_entropy": 1.7013802528381348, "receiver_entropy": 0.0, "original_loss": 0.15422533452510834, "mean_length": 6.0}
{"mode": "train", "epoch": 136, "loss": 4.492586612701416, "acc": 0.6623563170433044, "acc_or": 0.871360182762146, "sender_entropy": 1.5090566873550415, "receiver_entropy": 0.0, "original_loss": 0.32906290888786316, "mean_length": 6.0}
{"mode": "test", "epoch": 136, "loss": 4.333087921142578, "acc": 0.8793103694915771, "acc_or": 0.9597700834274292, "sender_entropy": 1.7003825902938843, "receiver_entropy": 0.0, "original_loss": 0.1437031328678131, "mean_length": 6.0}
{"mode": "train", "epoch": 137, "loss": 4.590569496154785, "acc": 0.6767241358757019, "acc_or": 0.8795977234840393, "sender_entropy": 1.5091631412506104, "receiver_entropy": 0.0, "original_loss": 0.31133484840393066, "mean_length": 6.0}
{"mode": "test", "epoch": 137, "loss": 4.32430362701416, "acc": 0.8793103694915771, "acc_or": 0.9597700834274292, "sender_entropy": 1.703669548034668, "receiver_entropy": 0.0, "original_loss": 0.1403762847185135, "mean_length": 6.0}
{"mode": "train", "epoch": 138, "loss": 4.607734203338623, "acc": 0.684482753276825, "acc_or": 0.8818965554237366, "sender_entropy": 1.5039570331573486, "receiver_entropy": 0.0, "original_loss": 0.3018101453781128, "mean_length": 6.0}
{"mode": "test", "epoch": 138, "loss": 4.230795860290527, "acc": 0.8620689511299133, "acc_or": 0.954023003578186, "sender_entropy": 1.697308897972107, "receiver_entropy": 0.0, "original_loss": 0.139138862490654, "mean_length": 6.0}
{"mode": "train", "epoch": 139, "loss": 4.469441890716553, "acc": 0.6836206912994385, "acc_or": 0.8816092014312744, "sender_entropy": 1.5036920309066772, "receiver_entropy": 0.0, "original_loss": 0.31082871556282043, "mean_length": 6.0}
{"mode": "test", "epoch": 139, "loss": 4.261354446411133, "acc": 0.8793103694915771, "acc_or": 0.9597700834274292, "sender_entropy": 1.7002577781677246, "receiver_entropy": 0.0, "original_loss": 0.14459209144115448, "mean_length": 6.0}
{"mode": "train", "epoch": 140, "loss": 4.509828090667725, "acc": 0.6925287246704102, "acc_or": 0.8844828009605408, "sender_entropy": 1.4990441799163818, "receiver_entropy": 0.0, "original_loss": 0.3026265501976013, "mean_length": 6.0}
{"mode": "test", "epoch": 140, "loss": 4.192192077636719, "acc": 0.8448275923728943, "acc_or": 0.9425287246704102, "sender_entropy": 1.7039570808410645, "receiver_entropy": 0.0, "original_loss": 0.15450379252433777, "mean_length": 6.0}
{"mode": "train", "epoch": 141, "loss": 4.483720302581787, "acc": 0.6795976758003235, "acc_or": 0.8807471394538879, "sender_entropy": 1.5098400115966797, "receiver_entropy": 0.0, "original_loss": 0.3070901334285736, "mean_length": 6.0}
{"mode": "test", "epoch": 141, "loss": 4.217673301696777, "acc": 0.8448275923728943, "acc_or": 0.9482758641242981, "sender_entropy": 1.7154991626739502, "receiver_entropy": 0.0, "original_loss": 0.1516842246055603, "mean_length": 6.0}
{"mode": "train", "epoch": 142, "loss": 4.411824703216553, "acc": 0.6793103218078613, "acc_or": 0.8788314461708069, "sender_entropy": 1.5140113830566406, "receiver_entropy": 0.0, "original_loss": 0.3124408721923828, "mean_length": 6.0}
{"mode": "test", "epoch": 142, "loss": 4.388391971588135, "acc": 0.8965517282485962, "acc_or": 0.9655172228813171, "sender_entropy": 1.7293410301208496, "receiver_entropy": 0.0, "original_loss": 0.1306554079055786, "mean_length": 6.0}
{"mode": "train", "epoch": 143, "loss": 4.472272872924805, "acc": 0.6747126579284668, "acc_or": 0.8800766468048096, "sender_entropy": 1.5202866792678833, "receiver_entropy": 0.0, "original_loss": 0.3057268559932709, "mean_length": 6.0}
{"mode": "test", "epoch": 143, "loss": 4.374390602111816, "acc": 0.9137930870056152, "acc_or": 0.9712643623352051, "sender_entropy": 1.7383489608764648, "receiver_entropy": 0.0, "original_loss": 0.1337525099515915, "mean_length": 6.0}
{"mode": "train", "epoch": 144, "loss": 4.4820876121521, "acc": 0.6933907866477966, "acc_or": 0.8854406476020813, "sender_entropy": 1.531877875328064, "receiver_entropy": 0.0, "original_loss": 0.2977193295955658, "mean_length": 6.0}
{"mode": "test", "epoch": 144, "loss": 4.419493198394775, "acc": 0.9482758641242981, "acc_or": 0.982758641242981, "sender_entropy": 1.7315469980239868, "receiver_entropy": 0.0, "original_loss": 0.11763409525156021, "mean_length": 6.0}
{"mode": "train", "epoch": 145, "loss": 4.416126728057861, "acc": 0.6931034326553345, "acc_or": 0.8863984942436218, "sender_entropy": 1.5342533588409424, "receiver_entropy": 0.0, "original_loss": 0.30295783281326294, "mean_length": 6.0}
{"mode": "test", "epoch": 145, "loss": 4.4307379722595215, "acc": 0.9137930870056152, "acc_or": 0.9712643623352051, "sender_entropy": 1.7341502904891968, "receiver_entropy": 0.0, "original_loss": 0.11005409806966782, "mean_length": 6.0}
{"mode": "train", "epoch": 146, "loss": 4.390968322753906, "acc": 0.6818965673446655, "acc_or": 0.8805555701255798, "sender_entropy": 1.5390410423278809, "receiver_entropy": 0.0, "original_loss": 0.3025173544883728, "mean_length": 6.0}
{"mode": "test", "epoch": 146, "loss": 4.4466400146484375, "acc": 0.9137930870056152, "acc_or": 0.9655172228813171, "sender_entropy": 1.7456114292144775, "receiver_entropy": 0.0, "original_loss": 0.11421103030443192, "mean_length": 6.0}
{"mode": "train", "epoch": 147, "loss": 4.4124369621276855, "acc": 0.693965494632721, "acc_or": 0.8847701549530029, "sender_entropy": 1.5387173891067505, "receiver_entropy": 0.0, "original_loss": 0.2907527983188629, "mean_length": 6.0}
{"mode": "test", "epoch": 147, "loss": 4.417365550994873, "acc": 0.9655172228813171, "acc_or": 0.9885057210922241, "sender_entropy": 1.7407464981079102, "receiver_entropy": 0.0, "original_loss": 0.10998494923114777, "mean_length": 6.0}
{"mode": "train", "epoch": 148, "loss": 4.584969997406006, "acc": 0.7189655303955078, "acc_or": 0.8976053595542908, "sender_entropy": 1.5279879570007324, "receiver_entropy": 0.0, "original_loss": 0.27108556032180786, "mean_length": 6.0}
{"mode": "test", "epoch": 148, "loss": 4.364864826202393, "acc": 0.9482758641242981, "acc_or": 0.982758641242981, "sender_entropy": 1.724496603012085, "receiver_entropy": 0.0, "original_loss": 0.09800737351179123, "mean_length": 6.0}
{"mode": "train", "epoch": 149, "loss": 4.374902725219727, "acc": 0.7037356495857239, "acc_or": 0.8896551728248596, "sender_entropy": 1.5227084159851074, "receiver_entropy": 0.0, "original_loss": 0.2895641028881073, "mean_length": 6.0}
{"mode": "test", "epoch": 149, "loss": 4.413894176483154, "acc": 0.9655172228813171, "acc_or": 0.9885057210922241, "sender_entropy": 1.7175847291946411, "receiver_entropy": 0.0, "original_loss": 0.08449660986661911, "mean_length": 6.0}
{"mode": "train", "epoch": 150, "loss": 4.325893878936768, "acc": 0.7117816209793091, "acc_or": 0.8932950496673584, "sender_entropy": 1.5268614292144775, "receiver_entropy": 0.0, "original_loss": 0.2862021327018738, "mean_length": 6.0}
{"mode": "test", "epoch": 150, "loss": 4.354955673217773, "acc": 0.9482758641242981, "acc_or": 0.982758641242981, "sender_entropy": 1.7181715965270996, "receiver_entropy": 0.0, "original_loss": 0.08767905831336975, "mean_length": 6.0}
{"mode": "train", "epoch": 151, "loss": 4.3845720291137695, "acc": 0.7215517163276672, "acc_or": 0.8976053595542908, "sender_entropy": 1.5188881158828735, "receiver_entropy": 0.0, "original_loss": 0.2732483744621277, "mean_length": 6.0}
{"mode": "test", "epoch": 151, "loss": 4.295753479003906, "acc": 0.9655172228813171, "acc_or": 0.9885057210922241, "sender_entropy": 1.7085297107696533, "receiver_entropy": 0.0, "original_loss": 0.08611238747835159, "mean_length": 6.0}
{"mode": "train", "epoch": 152, "loss": 4.50110387802124, "acc": 0.7436781525611877, "acc_or": 0.9043103456497192, "sender_entropy": 1.5132083892822266, "receiver_entropy": 0.0, "original_loss": 0.25473105907440186, "mean_length": 6.0}
{"mode": "test", "epoch": 152, "loss": 4.25839900970459, "acc": 0.9655172228813171, "acc_or": 0.9885057210922241, "sender_entropy": 1.6942026615142822, "receiver_entropy": 0.0, "original_loss": 0.07861068099737167, "mean_length": 6.0}
{"mode": "train", "epoch": 153, "loss": 4.366072654724121, "acc": 0.7321839332580566, "acc_or": 0.9008620977401733, "sender_entropy": 1.4982928037643433, "receiver_entropy": 0.0, "original_loss": 0.26203587651252747, "mean_length": 6.0}
{"mode": "test", "epoch": 153, "loss": 4.1833624839782715, "acc": 0.9482758641242981, "acc_or": 0.982758641242981, "sender_entropy": 1.6896202564239502, "receiver_entropy": 0.0, "original_loss": 0.09130467474460602, "mean_length": 6.0}
{"mode": "train", "epoch": 154, "loss": 4.420707702636719, "acc": 0.7465516924858093, "acc_or": 0.9072797298431396, "sender_entropy": 1.4937872886657715, "receiver_entropy": 0.0, "original_loss": 0.2515448331832886, "mean_length": 6.0}
{"mode": "test", "epoch": 154, "loss": 4.26003885269165, "acc": 0.9655172228813171, "acc_or": 0.9885057210922241, "sender_entropy": 1.6895573139190674, "receiver_entropy": 0.0, "original_loss": 0.07973888516426086, "mean_length": 6.0}
{"mode": "train", "epoch": 155, "loss": 4.347266674041748, "acc": 0.7390804290771484, "acc_or": 0.9031609296798706, "sender_entropy": 1.4896492958068848, "receiver_entropy": 0.0, "original_loss": 0.25362256169319153, "mean_length": 6.0}
{"mode": "test", "epoch": 155, "loss": 4.182438373565674, "acc": 0.9482758641242981, "acc_or": 0.982758641242981, "sender_entropy": 1.6955101490020752, "receiver_entropy": 0.0, "original_loss": 0.09236355125904083, "mean_length": 6.0}
{"mode": "train", "epoch": 156, "loss": 4.242283821105957, "acc": 0.7129310369491577, "acc_or": 0.8949233889579773, "sender_entropy": 1.4839274883270264, "receiver_entropy": 0.0, "original_loss": 0.26586881279945374, "mean_length": 6.0}
{"mode": "test", "epoch": 156, "loss": 4.258292198181152, "acc": 0.982758641242981, "acc_or": 0.9942528605461121, "sender_entropy": 1.6790876388549805, "receiver_entropy": 0.0, "original_loss": 0.06443312019109726, "mean_length": 6.0}
{"mode": "train", "epoch": 157, "loss": 4.425910472869873, "acc": 0.7560344934463501, "acc_or": 0.9117816090583801, "sender_entropy": 1.4783685207366943, "receiver_entropy": 0.0, "original_loss": 0.2384095937013626, "mean_length": 6.0}
{"mode": "test", "epoch": 157, "loss": 4.179117202758789, "acc": 0.982758641242981, "acc_or": 0.9942528605461121, "sender_entropy": 1.6769367456436157, "receiver_entropy": 0.0, "original_loss": 0.07015866041183472, "mean_length": 6.0}
{"mode": "train", "epoch": 158, "loss": 4.2949700355529785, "acc": 0.7462643384933472, "acc_or": 0.9085249304771423, "sender_entropy": 1.4748873710632324, "receiver_entropy": 0.0, "original_loss": 0.2444874793291092, "mean_length": 6.0}
{"mode": "test", "epoch": 158, "loss": 4.0959014892578125, "acc": 0.9482758641242981, "acc_or": 0.982758641242981, "sender_entropy": 1.6689635515213013, "receiver_entropy": 0.0, "original_loss": 0.07320944219827652, "mean_length": 6.0}
{"mode": "train", "epoch": 159, "loss": 4.338479518890381, "acc": 0.7591953873634338, "acc_or": 0.9107279777526855, "sender_entropy": 1.4706478118896484, "receiver_entropy": 0.0, "original_loss": 0.2364177405834198, "mean_length": 6.0}
{"mode": "test", "epoch": 159, "loss": 4.018275260925293, "acc": 0.9655172228813171, "acc_or": 0.9885057210922241, "sender_entropy": 1.696351170539856, "receiver_entropy": 0.0, "original_loss": 0.0974276140332222, "mean_length": 6.0}
{"mode": "train", "epoch": 160, "loss": 4.19526481628418, "acc": 0.7433907985687256, "acc_or": 0.9051724076271057, "sender_entropy": 1.4820095300674438, "receiver_entropy": 0.0, "original_loss": 0.2502477467060089, "mean_length": 6.0}
{"mode": "test", "epoch": 160, "loss": 4.011631488800049, "acc": 0.9137930870056152, "acc_or": 0.9712643623352051, "sender_entropy": 1.6948045492172241, "receiver_entropy": 0.0, "original_loss": 0.09002450853586197, "mean_length": 6.0}
{"mode": "train", "epoch": 161, "loss": 4.205661296844482, "acc": 0.7431034445762634, "acc_or": 0.9045019149780273, "sender_entropy": 1.4917532205581665, "receiver_entropy": 0.0, "original_loss": 0.2473996877670288, "mean_length": 6.0}
{"mode": "test", "epoch": 161, "loss": 4.083854675292969, "acc": 1.0, "acc_or": 1.0, "sender_entropy": 1.6983087062835693, "receiver_entropy": 0.0, "original_loss": 0.07513286918401718, "mean_length": 6.0}
{"epoch": 161, "positional_disent": 0.08063200861215591, "bag_of_symbol_disent": 0.21121838688850403, "topographic_sim": 0.40726219267018104}
{"generalization hold out": {"acc": 0.9166666865348816, "acc_or": 0.9583333730697632}, "uniform holdout": {"acc": 0.3333333432674408, "acc_or": 0.7777777910232544}, "epoch": 161}
---End--
