nohup: ignoring input
{"mode": "train", "epoch": 1, "loss": -21.725236892700195, "acc": 0.011781608685851097, "acc_or": 0.21685823798179626, "sender_entropy": 2.301378011703491, "receiver_entropy": 0.0, "original_loss": 1.6060919761657715, "mean_length": 6.0}
{"mode": "test", "epoch": 1, "loss": 0.7899401783943176, "acc": 0.017241379246115685, "acc_or": 0.19540229439735413, "sender_entropy": 2.2987842559814453, "receiver_entropy": 0.0, "original_loss": 1.5783460140228271, "mean_length": 6.0}
{"mode": "train", "epoch": 2, "loss": 0.832071840763092, "acc": 0.015229884535074234, "acc_or": 0.252969354391098, "sender_entropy": 2.2989914417266846, "receiver_entropy": 0.0, "original_loss": 1.5767624378204346, "mean_length": 6.0}
{"mode": "test", "epoch": 2, "loss": 1.0044448375701904, "acc": 0.0, "acc_or": 0.13218390941619873, "sender_entropy": 2.296314001083374, "receiver_entropy": 0.0, "original_loss": 1.5439453125, "mean_length": 6.0}
{"mode": "train", "epoch": 3, "loss": 0.9853613972663879, "acc": 0.015517241321504116, "acc_or": 0.25555557012557983, "sender_entropy": 2.2962987422943115, "receiver_entropy": 0.0, "original_loss": 1.5490094423294067, "mean_length": 6.0}
{"mode": "test", "epoch": 3, "loss": 1.2678852081298828, "acc": 0.0, "acc_or": 0.21264368295669556, "sender_entropy": 2.294816732406616, "receiver_entropy": 0.0, "original_loss": 1.50563383102417, "mean_length": 6.0}
{"mode": "train", "epoch": 4, "loss": 1.1642875671386719, "acc": 0.01781609281897545, "acc_or": 0.2651340961456299, "sender_entropy": 2.2946434020996094, "receiver_entropy": 0.0, "original_loss": 1.5197921991348267, "mean_length": 6.0}
{"mode": "test", "epoch": 4, "loss": 1.5133826732635498, "acc": 0.017241379246115685, "acc_or": 0.2298850566148758, "sender_entropy": 2.2943599224090576, "receiver_entropy": 0.0, "original_loss": 1.4687073230743408, "mean_length": 6.0}
{"mode": "train", "epoch": 5, "loss": 1.3968424797058105, "acc": 0.01465517282485962, "acc_or": 0.2668582499027252, "sender_entropy": 2.2941477298736572, "receiver_entropy": 0.0, "original_loss": 1.4860730171203613, "mean_length": 6.0}
{"mode": "test", "epoch": 5, "loss": 1.7804901599884033, "acc": 0.0, "acc_or": 0.23563218116760254, "sender_entropy": 2.2944867610931396, "receiver_entropy": 0.0, "original_loss": 1.4289432764053345, "mean_length": 6.0}
{"mode": "train", "epoch": 6, "loss": 1.6269594430923462, "acc": 0.018103448674082756, "acc_or": 0.2655172348022461, "sender_entropy": 2.294175863265991, "receiver_entropy": 0.0, "original_loss": 1.45146906375885, "mean_length": 6.0}
{"mode": "test", "epoch": 6, "loss": 1.909772276878357, "acc": 0.017241379246115685, "acc_or": 0.26436781883239746, "sender_entropy": 2.294865846633911, "receiver_entropy": 0.0, "original_loss": 1.4005873203277588, "mean_length": 6.0}
{"mode": "train", "epoch": 7, "loss": 1.8071006536483765, "acc": 0.018103448674082756, "acc_or": 0.26561301946640015, "sender_entropy": 2.294541358947754, "receiver_entropy": 0.0, "original_loss": 1.4198973178863525, "mean_length": 6.0}
{"mode": "test", "epoch": 7, "loss": 1.8694238662719727, "acc": 0.017241379246115685, "acc_or": 0.270114928483963, "sender_entropy": 2.2952516078948975, "receiver_entropy": 0.0, "original_loss": 1.3869143724441528, "mean_length": 6.0}
{"mode": "train", "epoch": 8, "loss": 1.859560489654541, "acc": 0.020402299240231514, "acc_or": 0.275957852602005, "sender_entropy": 2.2948904037475586, "receiver_entropy": 0.0, "original_loss": 1.3986090421676636, "mean_length": 6.0}
{"mode": "test", "epoch": 8, "loss": 1.7643160820007324, "acc": 0.017241379246115685, "acc_or": 0.26436781883239746, "sender_entropy": 2.2955729961395264, "receiver_entropy": 0.0, "original_loss": 1.3805257081985474, "mean_length": 6.0}
{"mode": "train", "epoch": 9, "loss": 1.7919363975524902, "acc": 0.01867816038429737, "acc_or": 0.2706896662712097, "sender_entropy": 2.295124053955078, "receiver_entropy": 0.0, "original_loss": 1.3882150650024414, "mean_length": 6.0}
{"mode": "test", "epoch": 9, "loss": 1.6383315324783325, "acc": 0.03448275849223137, "acc_or": 0.3333333432674408, "sender_entropy": 2.295862913131714, "receiver_entropy": 0.0, "original_loss": 1.3784918785095215, "mean_length": 6.0}
{"mode": "train", "epoch": 10, "loss": 1.6432218551635742, "acc": 0.01465517282485962, "acc_or": 0.2552682161331177, "sender_entropy": 2.295414686203003, "receiver_entropy": 0.0, "original_loss": 1.3863673210144043, "mean_length": 6.0}
{"mode": "test", "epoch": 10, "loss": 1.5561208724975586, "acc": 0.017241379246115685, "acc_or": 0.27586206793785095, "sender_entropy": 2.2961573600769043, "receiver_entropy": 0.0, "original_loss": 1.3747427463531494, "mean_length": 6.0}
{"mode": "train", "epoch": 11, "loss": 1.5113195180892944, "acc": 0.017528735101222992, "acc_or": 0.27365902066230774, "sender_entropy": 2.295774459838867, "receiver_entropy": 0.0, "original_loss": 1.3856837749481201, "mean_length": 6.0}
{"mode": "test", "epoch": 11, "loss": 1.5384290218353271, "acc": 0.051724135875701904, "acc_or": 0.3333333432674408, "sender_entropy": 2.296459674835205, "receiver_entropy": 0.0, "original_loss": 1.3674497604370117, "mean_length": 6.0}
{"mode": "train", "epoch": 12, "loss": 1.4109922647476196, "acc": 0.019540229812264442, "acc_or": 0.278831422328949, "sender_entropy": 2.2962729930877686, "receiver_entropy": 0.0, "original_loss": 1.3844213485717773, "mean_length": 6.0}
{"mode": "test", "epoch": 12, "loss": 1.4651811122894287, "acc": 0.06896551698446274, "acc_or": 0.36781609058380127, "sender_entropy": 2.296834945678711, "receiver_entropy": 0.0, "original_loss": 1.3660238981246948, "mean_length": 6.0}
{"mode": "train", "epoch": 13, "loss": 1.2943233251571655, "acc": 0.017241379246115685, "acc_or": 0.26781609654426575, "sender_entropy": 2.296680212020874, "receiver_entropy": 0.0, "original_loss": 1.3858510255813599, "mean_length": 6.0}
{"mode": "test", "epoch": 13, "loss": 1.4676127433776855, "acc": 0.051724135875701904, "acc_or": 0.3850574791431427, "sender_entropy": 2.297119140625, "receiver_entropy": 0.0, "original_loss": 1.3596354722976685, "mean_length": 6.0}
{"mode": "train", "epoch": 14, "loss": 1.2514166831970215, "acc": 0.021264366805553436, "acc_or": 0.28113028407096863, "sender_entropy": 2.2970259189605713, "receiver_entropy": 0.0, "original_loss": 1.3827948570251465, "mean_length": 6.0}
{"mode": "test", "epoch": 14, "loss": 1.4353150129318237, "acc": 0.03448275849223137, "acc_or": 0.3448275923728943, "sender_entropy": 2.297300338745117, "receiver_entropy": 0.0, "original_loss": 1.356655478477478, "mean_length": 6.0}
{"mode": "train", "epoch": 15, "loss": 1.1807478666305542, "acc": 0.017241379246115685, "acc_or": 0.2761494219303131, "sender_entropy": 2.2972798347473145, "receiver_entropy": 0.0, "original_loss": 1.3826223611831665, "mean_length": 6.0}
{"mode": "test", "epoch": 15, "loss": 1.4537403583526611, "acc": 0.06896551698446274, "acc_or": 0.4367816150188446, "sender_entropy": 2.2974207401275635, "receiver_entropy": 0.0, "original_loss": 1.3503249883651733, "mean_length": 6.0}
{"mode": "train", "epoch": 16, "loss": 1.100487470626831, "acc": 0.023563217371702194, "acc_or": 0.284770131111145, "sender_entropy": 2.2974295616149902, "receiver_entropy": 0.0, "original_loss": 1.3839031457901, "mean_length": 6.0}
{"mode": "test", "epoch": 16, "loss": 1.5286892652511597, "acc": 0.17241379618644714, "acc_or": 0.477011501789093, "sender_entropy": 2.297440528869629, "receiver_entropy": 0.0, "original_loss": 1.3399531841278076, "mean_length": 6.0}
{"mode": "train", "epoch": 17, "loss": 1.089946985244751, "acc": 0.02068965509533882, "acc_or": 0.27863985300064087, "sender_entropy": 2.2974417209625244, "receiver_entropy": 0.0, "original_loss": 1.3804235458374023, "mean_length": 6.0}
{"mode": "test", "epoch": 17, "loss": 1.5791693925857544, "acc": 0.06896551698446274, "acc_or": 0.4597701132297516, "sender_entropy": 2.29740309715271, "receiver_entropy": 0.0, "original_loss": 1.3316596746444702, "mean_length": 6.0}
{"mode": "train", "epoch": 18, "loss": 1.0227458477020264, "acc": 0.0218390803784132, "acc_or": 0.28793105483055115, "sender_entropy": 2.2973806858062744, "receiver_entropy": 0.0, "original_loss": 1.3817218542099, "mean_length": 6.0}
{"mode": "test", "epoch": 18, "loss": 1.626253604888916, "acc": 0.08620689809322357, "acc_or": 0.4712643623352051, "sender_entropy": 2.2973437309265137, "receiver_entropy": 0.0, "original_loss": 1.3241682052612305, "mean_length": 6.0}
{"mode": "train", "epoch": 19, "loss": 0.9859366416931152, "acc": 0.019540229812264442, "acc_or": 0.28697317838668823, "sender_entropy": 2.2972726821899414, "receiver_entropy": 0.0, "original_loss": 1.381093978881836, "mean_length": 6.0}
{"mode": "test", "epoch": 19, "loss": 1.689042329788208, "acc": 0.10344827175140381, "acc_or": 0.5114942789077759, "sender_entropy": 2.297182559967041, "receiver_entropy": 0.0, "original_loss": 1.3155962228775024, "mean_length": 6.0}
{"mode": "train", "epoch": 20, "loss": 0.970876157283783, "acc": 0.020114943385124207, "acc_or": 0.2900383174419403, "sender_entropy": 2.297069787979126, "receiver_entropy": 0.0, "original_loss": 1.3790868520736694, "mean_length": 6.0}
{"mode": "test", "epoch": 20, "loss": 1.7377243041992188, "acc": 0.1551724076271057, "acc_or": 0.5344827771186829, "sender_entropy": 2.2969555854797363, "receiver_entropy": 0.0, "original_loss": 1.3083280324935913, "mean_length": 6.0}
{"mode": "train", "epoch": 21, "loss": 0.9228354692459106, "acc": 0.01867816038429737, "acc_or": 0.29099616408348083, "sender_entropy": 2.296773672103882, "receiver_entropy": 0.0, "original_loss": 1.3798996210098267, "mean_length": 6.0}
{"mode": "test", "epoch": 21, "loss": 1.8356276750564575, "acc": 0.08620689809322357, "acc_or": 0.49425286054611206, "sender_entropy": 2.2966771125793457, "receiver_entropy": 0.0, "original_loss": 1.2969958782196045, "mean_length": 6.0}
{"mode": "train", "epoch": 22, "loss": 0.8948941826820374, "acc": 0.020402299240231514, "acc_or": 0.28467434644699097, "sender_entropy": 2.296433687210083, "receiver_entropy": 0.0, "original_loss": 1.379442811012268, "mean_length": 6.0}
{"mode": "test", "epoch": 22, "loss": 1.9091492891311646, "acc": 0.08620689809322357, "acc_or": 0.4885057508945465, "sender_entropy": 2.296308755874634, "receiver_entropy": 0.0, "original_loss": 1.2878000736236572, "mean_length": 6.0}
{"mode": "train", "epoch": 23, "loss": 0.8872807621955872, "acc": 0.022413793951272964, "acc_or": 0.2916666865348816, "sender_entropy": 2.296046257019043, "receiver_entropy": 0.0, "original_loss": 1.3775625228881836, "mean_length": 6.0}
{"mode": "test", "epoch": 23, "loss": 2.000908851623535, "acc": 0.10344827175140381, "acc_or": 0.5057471394538879, "sender_entropy": 2.295863628387451, "receiver_entropy": 0.0, "original_loss": 1.2770687341690063, "mean_length": 6.0}
{"mode": "train", "epoch": 24, "loss": 0.8652212023735046, "acc": 0.02816091850399971, "acc_or": 0.2978927195072174, "sender_entropy": 2.295523166656494, "receiver_entropy": 0.0, "original_loss": 1.3769522905349731, "mean_length": 6.0}
{"mode": "test", "epoch": 24, "loss": 2.0685224533081055, "acc": 0.08620689809322357, "acc_or": 0.5114942789077759, "sender_entropy": 2.295271158218384, "receiver_entropy": 0.0, "original_loss": 1.2685110569000244, "mean_length": 6.0}
{"mode": "train", "epoch": 25, "loss": 0.8441242575645447, "acc": 0.021551724523305893, "acc_or": 0.2973180115222931, "sender_entropy": 2.2948880195617676, "receiver_entropy": 0.0, "original_loss": 1.376362919807434, "mean_length": 6.0}
{"mode": "test", "epoch": 25, "loss": 2.1652188301086426, "acc": 0.08620689809322357, "acc_or": 0.5, "sender_entropy": 2.294449806213379, "receiver_entropy": 0.0, "original_loss": 1.2571090459823608, "mean_length": 6.0}
{"mode": "train", "epoch": 26, "loss": 0.8401275873184204, "acc": 0.028448276221752167, "acc_or": 0.3006705045700073, "sender_entropy": 2.294013500213623, "receiver_entropy": 0.0, "original_loss": 1.374583125114441, "mean_length": 6.0}
{"mode": "test", "epoch": 26, "loss": 2.2393555641174316, "acc": 0.10344827175140381, "acc_or": 0.49425286054611206, "sender_entropy": 2.2932348251342773, "receiver_entropy": 0.0, "original_loss": 1.2469511032104492, "mean_length": 6.0}
{"mode": "train", "epoch": 27, "loss": 0.8316850662231445, "acc": 0.02500000037252903, "acc_or": 0.29214560985565186, "sender_entropy": 2.292750120162964, "receiver_entropy": 0.0, "original_loss": 1.3732651472091675, "mean_length": 6.0}
{"mode": "test", "epoch": 27, "loss": 2.243039131164551, "acc": 0.10344827175140381, "acc_or": 0.5114942789077759, "sender_entropy": 2.2916462421417236, "receiver_entropy": 0.0, "original_loss": 1.2421045303344727, "mean_length": 6.0}
{"mode": "train", "epoch": 28, "loss": 0.8530526757240295, "acc": 0.025862067937850952, "acc_or": 0.30909961462020874, "sender_entropy": 2.2910690307617188, "receiver_entropy": 0.0, "original_loss": 1.369411587715149, "mean_length": 6.0}
{"mode": "test", "epoch": 28, "loss": 2.296842098236084, "acc": 0.10344827175140381, "acc_or": 0.4885057508945465, "sender_entropy": 2.2892813682556152, "receiver_entropy": 0.0, "original_loss": 1.232000470161438, "mean_length": 6.0}
{"mode": "train", "epoch": 29, "loss": 0.8594851493835449, "acc": 0.028448276221752167, "acc_or": 0.3126436769962311, "sender_entropy": 2.2885477542877197, "receiver_entropy": 0.0, "original_loss": 1.3668681383132935, "mean_length": 6.0}
{"mode": "test", "epoch": 29, "loss": 2.319650173187256, "acc": 0.051724135875701904, "acc_or": 0.45402297377586365, "sender_entropy": 2.285914897918701, "receiver_entropy": 0.0, "original_loss": 1.2237995862960815, "mean_length": 6.0}
{"mode": "train", "epoch": 30, "loss": 0.8816809058189392, "acc": 0.03132183849811554, "acc_or": 0.32059386372566223, "sender_entropy": 2.285024642944336, "receiver_entropy": 0.0, "original_loss": 1.36278235912323, "mean_length": 6.0}
{"mode": "test", "epoch": 30, "loss": 2.2308342456817627, "acc": 0.051724135875701904, "acc_or": 0.45402297377586365, "sender_entropy": 2.2806785106658936, "receiver_entropy": 0.0, "original_loss": 1.2235604524612427, "mean_length": 6.0}
{"mode": "train", "epoch": 31, "loss": 0.9171598553657532, "acc": 0.032758619636297226, "acc_or": 0.32959771156311035, "sender_entropy": 2.2795937061309814, "receiver_entropy": 0.0, "original_loss": 1.3576396703720093, "mean_length": 6.0}
{"mode": "test", "epoch": 31, "loss": 2.125478744506836, "acc": 0.06896551698446274, "acc_or": 0.4712643623352051, "sender_entropy": 2.2727346420288086, "receiver_entropy": 0.0, "original_loss": 1.2227356433868408, "mean_length": 6.0}
{"mode": "train", "epoch": 32, "loss": 1.004664659500122, "acc": 0.0356321856379509, "acc_or": 0.336590051651001, "sender_entropy": 2.271407127380371, "receiver_entropy": 0.0, "original_loss": 1.347764253616333, "mean_length": 6.0}
{"mode": "test", "epoch": 32, "loss": 1.8900845050811768, "acc": 0.06896551698446274, "acc_or": 0.45402297377586365, "sender_entropy": 2.260603666305542, "receiver_entropy": 0.0, "original_loss": 1.2309963703155518, "mean_length": 6.0}
{"mode": "train", "epoch": 33, "loss": 1.0883758068084717, "acc": 0.03678160905838013, "acc_or": 0.34636014699935913, "sender_entropy": 2.259030342102051, "receiver_entropy": 0.0, "original_loss": 1.3373197317123413, "mean_length": 6.0}
{"mode": "test", "epoch": 33, "loss": 1.631832480430603, "acc": 0.051724135875701904, "acc_or": 0.45402297377586365, "sender_entropy": 2.2444889545440674, "receiver_entropy": 0.0, "original_loss": 1.2421025037765503, "mean_length": 6.0}
{"mode": "train", "epoch": 34, "loss": 1.226495623588562, "acc": 0.04454023018479347, "acc_or": 0.3629310429096222, "sender_entropy": 2.2426533699035645, "receiver_entropy": 0.0, "original_loss": 1.3207112550735474, "mean_length": 6.0}
{"mode": "test", "epoch": 34, "loss": 1.2720125913619995, "acc": 0.051724135875701904, "acc_or": 0.44252872467041016, "sender_entropy": 2.221564531326294, "receiver_entropy": 0.0, "original_loss": 1.262213110923767, "mean_length": 6.0}
{"mode": "train", "epoch": 35, "loss": 1.3403929471969604, "acc": 0.04051724076271057, "acc_or": 0.3711685836315155, "sender_entropy": 2.219186782836914, "receiver_entropy": 0.0, "original_loss": 1.305557370185852, "mean_length": 6.0}
{"mode": "test", "epoch": 35, "loss": 1.2668042182922363, "acc": 0.06896551698446274, "acc_or": 0.4655172526836395, "sender_entropy": 2.2095329761505127, "receiver_entropy": 0.0, "original_loss": 1.2556805610656738, "mean_length": 6.0}
{"mode": "train", "epoch": 36, "loss": 1.4285798072814941, "acc": 0.04080459848046303, "acc_or": 0.3763410151004791, "sender_entropy": 2.2066874504089355, "receiver_entropy": 0.0, "original_loss": 1.2916748523712158, "mean_length": 6.0}
{"mode": "test", "epoch": 36, "loss": 1.3014321327209473, "acc": 0.03448275849223137, "acc_or": 0.4367816150188446, "sender_entropy": 2.2004616260528564, "receiver_entropy": 0.0, "original_loss": 1.2507368326187134, "mean_length": 6.0}
{"mode": "train", "epoch": 37, "loss": 1.508017659187317, "acc": 0.0436781607568264, "acc_or": 0.38821840286254883, "sender_entropy": 2.196990728378296, "receiver_entropy": 0.0, "original_loss": 1.2809431552886963, "mean_length": 6.0}
{"mode": "test", "epoch": 37, "loss": 1.4353011846542358, "acc": 0.03448275849223137, "acc_or": 0.48275861144065857, "sender_entropy": 2.209118127822876, "receiver_entropy": 0.0, "original_loss": 1.2366684675216675, "mean_length": 6.0}
{"mode": "train", "epoch": 38, "loss": 1.4882210493087769, "acc": 0.042241379618644714, "acc_or": 0.38620689511299133, "sender_entropy": 2.2048914432525635, "receiver_entropy": 0.0, "original_loss": 1.277266025543213, "mean_length": 6.0}
{"mode": "test", "epoch": 38, "loss": 1.5386536121368408, "acc": 0.03448275849223137, "acc_or": 0.4597701132297516, "sender_entropy": 2.20491886138916, "receiver_entropy": 0.0, "original_loss": 1.2215242385864258, "mean_length": 6.0}
{"mode": "train", "epoch": 39, "loss": 1.4530532360076904, "acc": 0.043390803039073944, "acc_or": 0.38879311084747314, "sender_entropy": 2.199820041656494, "receiver_entropy": 0.0, "original_loss": 1.2773367166519165, "mean_length": 6.0}
{"mode": "test", "epoch": 39, "loss": 1.7888450622558594, "acc": 0.03448275849223137, "acc_or": 0.4195402264595032, "sender_entropy": 2.1974165439605713, "receiver_entropy": 0.0, "original_loss": 1.1921998262405396, "mean_length": 6.0}
{"mode": "train", "epoch": 40, "loss": 1.5579208135604858, "acc": 0.046551723033189774, "acc_or": 0.3960728049278259, "sender_entropy": 2.1909875869750977, "receiver_entropy": 0.0, "original_loss": 1.2657524347305298, "mean_length": 6.0}
{"mode": "test", "epoch": 40, "loss": 2.0132224559783936, "acc": 0.051724135875701904, "acc_or": 0.45402297377586365, "sender_entropy": 2.1870245933532715, "receiver_entropy": 0.0, "original_loss": 1.1632742881774902, "mean_length": 6.0}
{"mode": "train", "epoch": 41, "loss": 1.5931391716003418, "acc": 0.04827586188912392, "acc_or": 0.4029693603515625, "sender_entropy": 2.179056406021118, "receiver_entropy": 0.0, "original_loss": 1.258644938468933, "mean_length": 6.0}
{"mode": "test", "epoch": 41, "loss": 2.2907705307006836, "acc": 0.051724135875701904, "acc_or": 0.4482758641242981, "sender_entropy": 2.182244062423706, "receiver_entropy": 0.0, "original_loss": 1.132127285003662, "mean_length": 6.0}
{"mode": "train", "epoch": 42, "loss": 1.6848467588424683, "acc": 0.05028735473752022, "acc_or": 0.4071839153766632, "sender_entropy": 2.1737959384918213, "receiver_entropy": 0.0, "original_loss": 1.2467836141586304, "mean_length": 6.0}
{"mode": "test", "epoch": 42, "loss": 2.458109140396118, "acc": 0.051724135875701904, "acc_or": 0.4655172526836395, "sender_entropy": 2.1748576164245605, "receiver_entropy": 0.0, "original_loss": 1.1111633777618408, "mean_length": 6.0}
{"mode": "train", "epoch": 43, "loss": 1.7010552883148193, "acc": 0.05114942416548729, "acc_or": 0.4049808382987976, "sender_entropy": 2.1651360988616943, "receiver_entropy": 0.0, "original_loss": 1.2424267530441284, "mean_length": 6.0}
{"mode": "test", "epoch": 43, "loss": 2.624063014984131, "acc": 0.051724135875701904, "acc_or": 0.477011501789093, "sender_entropy": 2.165184259414673, "receiver_entropy": 0.0, "original_loss": 1.085304617881775, "mean_length": 6.0}
{"mode": "train", "epoch": 44, "loss": 1.8956841230392456, "acc": 0.059770114719867706, "acc_or": 0.42720308899879456, "sender_entropy": 2.1539499759674072, "receiver_entropy": 0.0, "original_loss": 1.220165491104126, "mean_length": 6.0}
{"mode": "test", "epoch": 44, "loss": 2.7340972423553467, "acc": 0.06896551698446274, "acc_or": 0.5, "sender_entropy": 2.1522860527038574, "receiver_entropy": 0.0, "original_loss": 1.0637071132659912, "mean_length": 6.0}
{"mode": "train", "epoch": 45, "loss": 1.9922610521316528, "acc": 0.06293103098869324, "acc_or": 0.4333333373069763, "sender_entropy": 2.139307975769043, "receiver_entropy": 0.0, "original_loss": 1.2069827318191528, "mean_length": 6.0}
{"mode": "test", "epoch": 45, "loss": 2.6964969635009766, "acc": 0.06896551698446274, "acc_or": 0.5, "sender_entropy": 2.1320114135742188, "receiver_entropy": 0.0, "original_loss": 1.057028889656067, "mean_length": 6.0}
{"mode": "train", "epoch": 46, "loss": 2.113652229309082, "acc": 0.07298850268125534, "acc_or": 0.4476053714752197, "sender_entropy": 2.1179492473602295, "receiver_entropy": 0.0, "original_loss": 1.1906129121780396, "mean_length": 6.0}
{"mode": "test", "epoch": 46, "loss": 2.724424123764038, "acc": 0.08620689809322357, "acc_or": 0.5344827771186829, "sender_entropy": 2.117260694503784, "receiver_entropy": 0.0, "original_loss": 1.0399471521377563, "mean_length": 6.0}
{"mode": "train", "epoch": 47, "loss": 2.2835335731506348, "acc": 0.08218390494585037, "acc_or": 0.46226054430007935, "sender_entropy": 2.1018099784851074, "receiver_entropy": 0.0, "original_loss": 1.1701107025146484, "mean_length": 6.0}
{"mode": "test", "epoch": 47, "loss": 2.912980079650879, "acc": 0.08620689809322357, "acc_or": 0.540229856967926, "sender_entropy": 2.1126766204833984, "receiver_entropy": 0.0, "original_loss": 1.0105217695236206, "mean_length": 6.0}
{"mode": "train", "epoch": 48, "loss": 2.2857675552368164, "acc": 0.08103448152542114, "acc_or": 0.46101534366607666, "sender_entropy": 2.0986595153808594, "receiver_entropy": 0.0, "original_loss": 1.1620968580245972, "mean_length": 6.0}
{"mode": "test", "epoch": 48, "loss": 2.9310500621795654, "acc": 0.10344827175140381, "acc_or": 0.5517241358757019, "sender_entropy": 2.0978240966796875, "receiver_entropy": 0.0, "original_loss": 0.9984215497970581, "mean_length": 6.0}
{"mode": "train", "epoch": 49, "loss": 2.3873422145843506, "acc": 0.08591953665018082, "acc_or": 0.47270116209983826, "sender_entropy": 2.084735155105591, "receiver_entropy": 0.0, "original_loss": 1.1467822790145874, "mean_length": 6.0}
{"mode": "test", "epoch": 49, "loss": 2.691938638687134, "acc": 0.10344827175140381, "acc_or": 0.5632184147834778, "sender_entropy": 2.0801196098327637, "receiver_entropy": 0.0, "original_loss": 1.012585997581482, "mean_length": 6.0}
{"mode": "train", "epoch": 50, "loss": 2.547661304473877, "acc": 0.09597700834274292, "acc_or": 0.4804597795009613, "sender_entropy": 2.066128730773926, "receiver_entropy": 0.0, "original_loss": 1.1239886283874512, "mean_length": 6.0}
{"mode": "test", "epoch": 50, "loss": 2.7924933433532715, "acc": 0.13793103396892548, "acc_or": 0.5804597735404968, "sender_entropy": 2.067460298538208, "receiver_entropy": 0.0, "original_loss": 0.9850353598594666, "mean_length": 6.0}
{"mode": "train", "epoch": 51, "loss": 2.6849918365478516, "acc": 0.1048850566148758, "acc_or": 0.4947318136692047, "sender_entropy": 2.049903154373169, "receiver_entropy": 0.0, "original_loss": 1.1030091047286987, "mean_length": 6.0}
{"mode": "test", "epoch": 51, "loss": 2.9596333503723145, "acc": 0.1551724076271057, "acc_or": 0.5804597735404968, "sender_entropy": 2.0529561042785645, "receiver_entropy": 0.0, "original_loss": 0.9528698325157166, "mean_length": 6.0}
{"mode": "train", "epoch": 52, "loss": 2.7296314239501953, "acc": 0.10833333432674408, "acc_or": 0.5011494159698486, "sender_entropy": 2.0277833938598633, "receiver_entropy": 0.0, "original_loss": 1.0892670154571533, "mean_length": 6.0}
{"mode": "test", "epoch": 52, "loss": 3.0724799633026123, "acc": 0.17241379618644714, "acc_or": 0.6091954112052917, "sender_entropy": 2.0384626388549805, "receiver_entropy": 0.0, "original_loss": 0.932331383228302, "mean_length": 6.0}
{"mode": "train", "epoch": 53, "loss": 2.8916096687316895, "acc": 0.12126436829566956, "acc_or": 0.5158045887947083, "sender_entropy": 2.013857841491699, "receiver_entropy": 0.0, "original_loss": 1.0700805187225342, "mean_length": 6.0}
{"mode": "test", "epoch": 53, "loss": 3.079568386077881, "acc": 0.1551724076271057, "acc_or": 0.5632184147834778, "sender_entropy": 2.0351998805999756, "receiver_entropy": 0.0, "original_loss": 0.9266220331192017, "mean_length": 6.0}
{"mode": "train", "epoch": 54, "loss": 2.9428746700286865, "acc": 0.125, "acc_or": 0.5226053595542908, "sender_entropy": 2.008937358856201, "receiver_entropy": 0.0, "original_loss": 1.0586013793945312, "mean_length": 6.0}
{"mode": "test", "epoch": 54, "loss": 3.178955554962158, "acc": 0.17241379618644714, "acc_or": 0.5862069129943848, "sender_entropy": 2.033647298812866, "receiver_entropy": 0.0, "original_loss": 0.911712110042572, "mean_length": 6.0}
{"mode": "train", "epoch": 55, "loss": 3.0449366569519043, "acc": 0.1270114928483963, "acc_or": 0.52116858959198, "sender_entropy": 2.006281852722168, "receiver_entropy": 0.0, "original_loss": 1.0448181629180908, "mean_length": 6.0}
{"mode": "test", "epoch": 55, "loss": 3.3405473232269287, "acc": 0.18965516984462738, "acc_or": 0.6034482717514038, "sender_entropy": 2.0336594581604004, "receiver_entropy": 0.0, "original_loss": 0.8902620673179626, "mean_length": 6.0}
{"mode": "train", "epoch": 56, "loss": 3.085982322692871, "acc": 0.14339080452919006, "acc_or": 0.5360153317451477, "sender_entropy": 2.0038695335388184, "receiver_entropy": 0.0, "original_loss": 1.0336089134216309, "mean_length": 6.0}
{"mode": "test", "epoch": 56, "loss": 3.3300135135650635, "acc": 0.22413793206214905, "acc_or": 0.6264367699623108, "sender_entropy": 2.025205373764038, "receiver_entropy": 0.0, "original_loss": 0.8821613788604736, "mean_length": 6.0}
{"mode": "train", "epoch": 57, "loss": 3.118009567260742, "acc": 0.13936781883239746, "acc_or": 0.5354406237602234, "sender_entropy": 1.9943623542785645, "receiver_entropy": 0.0, "original_loss": 1.0234366655349731, "mean_length": 6.0}
{"mode": "test", "epoch": 57, "loss": 3.276090383529663, "acc": 0.22413793206214905, "acc_or": 0.6264367699623108, "sender_entropy": 2.010295867919922, "receiver_entropy": 0.0, "original_loss": 0.8791548609733582, "mean_length": 6.0}
{"mode": "train", "epoch": 58, "loss": 3.183187961578369, "acc": 0.13994252681732178, "acc_or": 0.5398467779159546, "sender_entropy": 1.977662205696106, "receiver_entropy": 0.0, "original_loss": 1.0099283456802368, "mean_length": 6.0}
{"mode": "test", "epoch": 58, "loss": 3.155388593673706, "acc": 0.17241379618644714, "acc_or": 0.5919539928436279, "sender_entropy": 1.9963070154190063, "receiver_entropy": 0.0, "original_loss": 0.8886520266532898, "mean_length": 6.0}
{"mode": "train", "epoch": 59, "loss": 3.2928333282470703, "acc": 0.15287356078624725, "acc_or": 0.5544061660766602, "sender_entropy": 1.963733434677124, "receiver_entropy": 0.0, "original_loss": 0.9897581338882446, "mean_length": 6.0}
{"mode": "test", "epoch": 59, "loss": 3.309791088104248, "acc": 0.20689654350280762, "acc_or": 0.6321839094161987, "sender_entropy": 1.9728182554244995, "receiver_entropy": 0.0, "original_loss": 0.8518205881118774, "mean_length": 6.0}
{"mode": "train", "epoch": 60, "loss": 3.4111714363098145, "acc": 0.1626436710357666, "acc_or": 0.5626437067985535, "sender_entropy": 1.9422398805618286, "receiver_entropy": 0.0, "original_loss": 0.9733878374099731, "mean_length": 6.0}
{"mode": "test", "epoch": 60, "loss": 3.3899261951446533, "acc": 0.27586206793785095, "acc_or": 0.6839080452919006, "sender_entropy": 1.9507383108139038, "receiver_entropy": 0.0, "original_loss": 0.8223803043365479, "mean_length": 6.0}
{"mode": "train", "epoch": 61, "loss": 3.4568021297454834, "acc": 0.1727011501789093, "acc_or": 0.5743294954299927, "sender_entropy": 1.9210084676742554, "receiver_entropy": 0.0, "original_loss": 0.9562639594078064, "mean_length": 6.0}
{"mode": "test", "epoch": 61, "loss": 3.4842047691345215, "acc": 0.27586206793785095, "acc_or": 0.6781609058380127, "sender_entropy": 1.9306612014770508, "receiver_entropy": 0.0, "original_loss": 0.79957515001297, "mean_length": 6.0}
{"mode": "train", "epoch": 62, "loss": 3.636016368865967, "acc": 0.18045976758003235, "acc_or": 0.5923371911048889, "sender_entropy": 1.8987137079238892, "receiver_entropy": 0.0, "original_loss": 0.9284710884094238, "mean_length": 6.0}
{"mode": "test", "epoch": 62, "loss": 3.463801622390747, "acc": 0.3103448152542114, "acc_or": 0.7068965435028076, "sender_entropy": 1.911169409751892, "receiver_entropy": 0.0, "original_loss": 0.785367488861084, "mean_length": 6.0}
{"mode": "train", "epoch": 63, "loss": 3.7269930839538574, "acc": 0.17557470500469208, "acc_or": 0.5977011919021606, "sender_entropy": 1.8760764598846436, "receiver_entropy": 0.0, "original_loss": 0.9117084741592407, "mean_length": 6.0}
{"mode": "test", "epoch": 63, "loss": 3.6100618839263916, "acc": 0.2586206793785095, "acc_or": 0.7183908224105835, "sender_entropy": 1.9050724506378174, "receiver_entropy": 0.0, "original_loss": 0.7540509700775146, "mean_length": 6.0}
{"mode": "train", "epoch": 64, "loss": 3.749351978302002, "acc": 0.18936781585216522, "acc_or": 0.6104406118392944, "sender_entropy": 1.8676327466964722, "receiver_entropy": 0.0, "original_loss": 0.8980530500411987, "mean_length": 6.0}
{"mode": "test", "epoch": 64, "loss": 3.5972537994384766, "acc": 0.2931034564971924, "acc_or": 0.7068965435028076, "sender_entropy": 1.9015004634857178, "receiver_entropy": 0.0, "original_loss": 0.7441291809082031, "mean_length": 6.0}
{"mode": "train", "epoch": 65, "loss": 3.8162810802459717, "acc": 0.2022988498210907, "acc_or": 0.6184865832328796, "sender_entropy": 1.8621110916137695, "receiver_entropy": 0.0, "original_loss": 0.8837697505950928, "mean_length": 6.0}
{"mode": "test", "epoch": 65, "loss": 3.736877918243408, "acc": 0.2586206793785095, "acc_or": 0.7183908224105835, "sender_entropy": 1.8986709117889404, "receiver_entropy": 0.0, "original_loss": 0.7185579538345337, "mean_length": 6.0}
{"mode": "train", "epoch": 66, "loss": 3.9670073986053467, "acc": 0.20517241954803467, "acc_or": 0.6271073222160339, "sender_entropy": 1.8534586429595947, "receiver_entropy": 0.0, "original_loss": 0.8632857799530029, "mean_length": 6.0}
{"mode": "test", "epoch": 66, "loss": 3.8324506282806396, "acc": 0.2586206793785095, "acc_or": 0.7241379022598267, "sender_entropy": 1.8962960243225098, "receiver_entropy": 0.0, "original_loss": 0.6957588195800781, "mean_length": 6.0}
{"mode": "train", "epoch": 67, "loss": 3.894848346710205, "acc": 0.20804597437381744, "acc_or": 0.6254789233207703, "sender_entropy": 1.8457263708114624, "receiver_entropy": 0.0, "original_loss": 0.8586256504058838, "mean_length": 6.0}
{"mode": "test", "epoch": 67, "loss": 3.8833870887756348, "acc": 0.2931034564971924, "acc_or": 0.7241379022598267, "sender_entropy": 1.8880208730697632, "receiver_entropy": 0.0, "original_loss": 0.6771131753921509, "mean_length": 6.0}
{"mode": "train", "epoch": 68, "loss": 4.119235515594482, "acc": 0.21609196066856384, "acc_or": 0.6409961581230164, "sender_entropy": 1.8345520496368408, "receiver_entropy": 0.0, "original_loss": 0.8325844407081604, "mean_length": 6.0}
{"mode": "test", "epoch": 68, "loss": 3.9202182292938232, "acc": 0.32758620381355286, "acc_or": 0.7298850417137146, "sender_entropy": 1.8843580484390259, "receiver_entropy": 0.0, "original_loss": 0.6638520359992981, "mean_length": 6.0}
{"mode": "train", "epoch": 69, "loss": 4.08398962020874, "acc": 0.2244252860546112, "acc_or": 0.6454980969429016, "sender_entropy": 1.8266470432281494, "receiver_entropy": 0.0, "original_loss": 0.8275356888771057, "mean_length": 6.0}
{"mode": "test", "epoch": 69, "loss": 3.9054105281829834, "acc": 0.3103448152542114, "acc_or": 0.7183908224105835, "sender_entropy": 1.878569483757019, "receiver_entropy": 0.0, "original_loss": 0.6551730632781982, "mean_length": 6.0}
{"mode": "train", "epoch": 70, "loss": 4.161694526672363, "acc": 0.23505747318267822, "acc_or": 0.6530651450157166, "sender_entropy": 1.8175766468048096, "receiver_entropy": 0.0, "original_loss": 0.8149687647819519, "mean_length": 6.0}
{"mode": "test", "epoch": 70, "loss": 3.959498643875122, "acc": 0.2586206793785095, "acc_or": 0.7068965435028076, "sender_entropy": 1.8791534900665283, "receiver_entropy": 0.0, "original_loss": 0.6410096287727356, "mean_length": 6.0}
{"mode": "train", "epoch": 71, "loss": 4.080994606018066, "acc": 0.2258620709180832, "acc_or": 0.6445402503013611, "sender_entropy": 1.8170223236083984, "receiver_entropy": 0.0, "original_loss": 0.8131734728813171, "mean_length": 6.0}
{"mode": "test", "epoch": 71, "loss": 3.940107822418213, "acc": 0.3103448152542114, "acc_or": 0.7298850417137146, "sender_entropy": 1.8760948181152344, "receiver_entropy": 0.0, "original_loss": 0.6363235712051392, "mean_length": 6.0}
{"mode": "train", "epoch": 72, "loss": 4.199382305145264, "acc": 0.24080459773540497, "acc_or": 0.659674346446991, "sender_entropy": 1.8164403438568115, "receiver_entropy": 0.0, "original_loss": 0.7941399216651917, "mean_length": 6.0}
{"mode": "test", "epoch": 72, "loss": 4.140509605407715, "acc": 0.3103448152542114, "acc_or": 0.7298850417137146, "sender_entropy": 1.8736016750335693, "receiver_entropy": 0.0, "original_loss": 0.6048914194107056, "mean_length": 6.0}
{"mode": "train", "epoch": 73, "loss": 4.166404724121094, "acc": 0.2405172437429428, "acc_or": 0.6568965911865234, "sender_entropy": 1.8185985088348389, "receiver_entropy": 0.0, "original_loss": 0.7910085916519165, "mean_length": 6.0}
{"mode": "test", "epoch": 73, "loss": 4.200233459472656, "acc": 0.36206895112991333, "acc_or": 0.7298850417137146, "sender_entropy": 1.8677698373794556, "receiver_entropy": 0.0, "original_loss": 0.5859389305114746, "mean_length": 6.0}
{"mode": "train", "epoch": 74, "loss": 4.193162441253662, "acc": 0.24712643027305603, "acc_or": 0.6623563170433044, "sender_entropy": 1.8143951892852783, "receiver_entropy": 0.0, "original_loss": 0.7806609272956848, "mean_length": 6.0}
{"mode": "test", "epoch": 74, "loss": 4.180419921875, "acc": 0.43103447556495667, "acc_or": 0.7471264600753784, "sender_entropy": 1.8587018251419067, "receiver_entropy": 0.0, "original_loss": 0.5739226341247559, "mean_length": 6.0}
{"mode": "train", "epoch": 75, "loss": 4.133004188537598, "acc": 0.25373563170433044, "acc_or": 0.6662835478782654, "sender_entropy": 1.804378628730774, "receiver_entropy": 0.0, "original_loss": 0.773218035697937, "mean_length": 6.0}
{"mode": "test", "epoch": 75, "loss": 4.063731670379639, "acc": 0.3448275923728943, "acc_or": 0.7298850417137146, "sender_entropy": 1.8342407941818237, "receiver_entropy": 0.0, "original_loss": 0.5695923566818237, "mean_length": 6.0}
{"mode": "train", "epoch": 76, "loss": 4.255536079406738, "acc": 0.260632187128067, "acc_or": 0.6744253039360046, "sender_entropy": 1.779606580734253, "receiver_entropy": 0.0, "original_loss": 0.7555525302886963, "mean_length": 6.0}
{"mode": "test", "epoch": 76, "loss": 4.032340049743652, "acc": 0.3448275923728943, "acc_or": 0.7356321811676025, "sender_entropy": 1.8115123510360718, "receiver_entropy": 0.0, "original_loss": 0.5551138520240784, "mean_length": 6.0}
{"mode": "train", "epoch": 77, "loss": 4.245758533477783, "acc": 0.28390803933143616, "acc_or": 0.688697338104248, "sender_entropy": 1.751188039779663, "receiver_entropy": 0.0, "original_loss": 0.7372809648513794, "mean_length": 6.0}
{"mode": "test", "epoch": 77, "loss": 3.9311914443969727, "acc": 0.37931033968925476, "acc_or": 0.7528735399246216, "sender_entropy": 1.7975558042526245, "receiver_entropy": 0.0, "original_loss": 0.5561134815216064, "mean_length": 6.0}
{"mode": "train", "epoch": 78, "loss": 4.352761268615723, "acc": 0.2945402264595032, "acc_or": 0.6925287246704102, "sender_entropy": 1.7355660200119019, "receiver_entropy": 0.0, "original_loss": 0.7191612720489502, "mean_length": 6.0}
{"mode": "test", "epoch": 78, "loss": 3.8720157146453857, "acc": 0.43103447556495667, "acc_or": 0.7701149582862854, "sender_entropy": 1.7832235097885132, "receiver_entropy": 0.0, "original_loss": 0.5498623847961426, "mean_length": 6.0}
{"mode": "train", "epoch": 79, "loss": 4.384348392486572, "acc": 0.29942527413368225, "acc_or": 0.6992337107658386, "sender_entropy": 1.7202650308609009, "receiver_entropy": 0.0, "original_loss": 0.704928994178772, "mean_length": 6.0}
{"mode": "test", "epoch": 79, "loss": 3.9021871089935303, "acc": 0.41379308700561523, "acc_or": 0.7586206793785095, "sender_entropy": 1.776235818862915, "receiver_entropy": 0.0, "original_loss": 0.5365509390830994, "mean_length": 6.0}
{"mode": "train", "epoch": 80, "loss": 4.394190788269043, "acc": 0.3117816150188446, "acc_or": 0.7025862336158752, "sender_entropy": 1.705811858177185, "receiver_entropy": 0.0, "original_loss": 0.6959542036056519, "mean_length": 6.0}
{"mode": "test", "epoch": 80, "loss": 3.9311165809631348, "acc": 0.41379308700561523, "acc_or": 0.7701149582862854, "sender_entropy": 1.7743176221847534, "receiver_entropy": 0.0, "original_loss": 0.5355101227760315, "mean_length": 6.0}
{"mode": "train", "epoch": 81, "loss": 4.428443431854248, "acc": 0.3227011561393738, "acc_or": 0.7138888835906982, "sender_entropy": 1.7036069631576538, "receiver_entropy": 0.0, "original_loss": 0.6827548146247864, "mean_length": 6.0}
{"mode": "test", "epoch": 81, "loss": 4.089656352996826, "acc": 0.48275861144065857, "acc_or": 0.7931034564971924, "sender_entropy": 1.7742093801498413, "receiver_entropy": 0.0, "original_loss": 0.5056560635566711, "mean_length": 6.0}
{"mode": "train", "epoch": 82, "loss": 4.358403205871582, "acc": 0.3298850655555725, "acc_or": 0.7123563289642334, "sender_entropy": 1.6950345039367676, "receiver_entropy": 0.0, "original_loss": 0.6813881397247314, "mean_length": 6.0}
{"mode": "test", "epoch": 82, "loss": 4.147862434387207, "acc": 0.48275861144065857, "acc_or": 0.7931034564971924, "sender_entropy": 1.7753955125808716, "receiver_entropy": 0.0, "original_loss": 0.4938278794288635, "mean_length": 6.0}
{"mode": "train", "epoch": 83, "loss": 4.321034908294678, "acc": 0.32844826579093933, "acc_or": 0.7090996503829956, "sender_entropy": 1.6939409971237183, "receiver_entropy": 0.0, "original_loss": 0.6796635985374451, "mean_length": 6.0}
{"mode": "test", "epoch": 83, "loss": 4.163232803344727, "acc": 0.48275861144065857, "acc_or": 0.7931034564971924, "sender_entropy": 1.7733210325241089, "receiver_entropy": 0.0, "original_loss": 0.4822705388069153, "mean_length": 6.0}
{"mode": "train", "epoch": 84, "loss": 4.397916316986084, "acc": 0.3502873480319977, "acc_or": 0.7188697457313538, "sender_entropy": 1.6993682384490967, "receiver_entropy": 0.0, "original_loss": 0.6627216339111328, "mean_length": 6.0}
{"mode": "test", "epoch": 84, "loss": 4.1351094245910645, "acc": 0.4655172526836395, "acc_or": 0.7873563170433044, "sender_entropy": 1.7784302234649658, "receiver_entropy": 0.0, "original_loss": 0.4854561984539032, "mean_length": 6.0}
{"mode": "train", "epoch": 85, "loss": 4.316565036773682, "acc": 0.3405172526836395, "acc_or": 0.7176245450973511, "sender_entropy": 1.70621657371521, "receiver_entropy": 0.0, "original_loss": 0.6649689078330994, "mean_length": 6.0}
{"mode": "test", "epoch": 85, "loss": 4.115073204040527, "acc": 0.4655172526836395, "acc_or": 0.7873563170433044, "sender_entropy": 1.7809114456176758, "receiver_entropy": 0.0, "original_loss": 0.4801693558692932, "mean_length": 6.0}
{"mode": "train", "epoch": 86, "loss": 4.256498336791992, "acc": 0.34310343861579895, "acc_or": 0.7181034684181213, "sender_entropy": 1.70517098903656, "receiver_entropy": 0.0, "original_loss": 0.662194550037384, "mean_length": 6.0}
{"mode": "test", "epoch": 86, "loss": 4.291831016540527, "acc": 0.5862069129943848, "acc_or": 0.8333333134651184, "sender_entropy": 1.7792562246322632, "receiver_entropy": 0.0, "original_loss": 0.44775208830833435, "mean_length": 6.0}
{"mode": "train", "epoch": 87, "loss": 4.235422134399414, "acc": 0.37270113825798035, "acc_or": 0.734578549861908, "sender_entropy": 1.697367787361145, "receiver_entropy": 0.0, "original_loss": 0.651704728603363, "mean_length": 6.0}
{"mode": "test", "epoch": 87, "loss": 4.186680316925049, "acc": 0.5344827771186829, "acc_or": 0.7988505959510803, "sender_entropy": 1.7640478610992432, "receiver_entropy": 0.0, "original_loss": 0.4432651996612549, "mean_length": 6.0}
{"mode": "train", "epoch": 88, "loss": 4.307161331176758, "acc": 0.36867815256118774, "acc_or": 0.7314176559448242, "sender_entropy": 1.6857141256332397, "receiver_entropy": 0.0, "original_loss": 0.6390824317932129, "mean_length": 6.0}
{"mode": "test", "epoch": 88, "loss": 4.143784523010254, "acc": 0.568965494632721, "acc_or": 0.8218390941619873, "sender_entropy": 1.7517681121826172, "receiver_entropy": 0.0, "original_loss": 0.4342460632324219, "mean_length": 6.0}
{"mode": "train", "epoch": 89, "loss": 4.427020072937012, "acc": 0.39482757449150085, "acc_or": 0.744157075881958, "sender_entropy": 1.668848991394043, "receiver_entropy": 0.0, "original_loss": 0.6130192279815674, "mean_length": 6.0}
{"mode": "test", "epoch": 89, "loss": 4.082029819488525, "acc": 0.5344827771186829, "acc_or": 0.8275861740112305, "sender_entropy": 1.7294013500213623, "receiver_entropy": 0.0, "original_loss": 0.42561641335487366, "mean_length": 6.0}
{"mode": "train", "epoch": 90, "loss": 4.460351467132568, "acc": 0.3919540345668793, "acc_or": 0.7464559674263, "sender_entropy": 1.6509093046188354, "receiver_entropy": 0.0, "original_loss": 0.6060608625411987, "mean_length": 6.0}
{"mode": "test", "epoch": 90, "loss": 3.977046012878418, "acc": 0.5517241358757019, "acc_or": 0.8333333134651184, "sender_entropy": 1.7261236906051636, "receiver_entropy": 0.0, "original_loss": 0.43230950832366943, "mean_length": 6.0}
{"mode": "train", "epoch": 91, "loss": 4.472044467926025, "acc": 0.4100574553012848, "acc_or": 0.7583333253860474, "sender_entropy": 1.649172067642212, "receiver_entropy": 0.0, "original_loss": 0.5927518010139465, "mean_length": 6.0}
{"mode": "test", "epoch": 91, "loss": 3.9291114807128906, "acc": 0.6034482717514038, "acc_or": 0.8505747318267822, "sender_entropy": 1.7151750326156616, "receiver_entropy": 0.0, "original_loss": 0.4307154417037964, "mean_length": 6.0}
{"mode": "train", "epoch": 92, "loss": 4.485136985778809, "acc": 0.4135057330131531, "acc_or": 0.7595785856246948, "sender_entropy": 1.642120599746704, "receiver_entropy": 0.0, "original_loss": 0.5854139924049377, "mean_length": 6.0}
{"mode": "test", "epoch": 92, "loss": 3.9695191383361816, "acc": 0.6034482717514038, "acc_or": 0.8563218116760254, "sender_entropy": 1.7112351655960083, "receiver_entropy": 0.0, "original_loss": 0.4099617600440979, "mean_length": 6.0}
{"mode": "train", "epoch": 93, "loss": 4.454145908355713, "acc": 0.41379308700561523, "acc_or": 0.7583333253860474, "sender_entropy": 1.6389658451080322, "receiver_entropy": 0.0, "original_loss": 0.5808787941932678, "mean_length": 6.0}
{"mode": "test", "epoch": 93, "loss": 4.068355083465576, "acc": 0.6034482717514038, "acc_or": 0.8505747318267822, "sender_entropy": 1.708796739578247, "receiver_entropy": 0.0, "original_loss": 0.3861122131347656, "mean_length": 6.0}
{"mode": "train", "epoch": 94, "loss": 4.414872169494629, "acc": 0.4247126281261444, "acc_or": 0.7621647715568542, "sender_entropy": 1.633316159248352, "receiver_entropy": 0.0, "original_loss": 0.5775237083435059, "mean_length": 6.0}
{"mode": "test", "epoch": 94, "loss": 4.190842151641846, "acc": 0.6034482717514038, "acc_or": 0.8678160905838013, "sender_entropy": 1.7099740505218506, "receiver_entropy": 0.0, "original_loss": 0.36415502429008484, "mean_length": 6.0}
{"mode": "train", "epoch": 95, "loss": 4.366937160491943, "acc": 0.4218390882015228, "acc_or": 0.7611111402511597, "sender_entropy": 1.6318095922470093, "receiver_entropy": 0.0, "original_loss": 0.5758299231529236, "mean_length": 6.0}
{"mode": "test", "epoch": 95, "loss": 4.170224666595459, "acc": 0.6206896305084229, "acc_or": 0.8678160905838013, "sender_entropy": 1.7064087390899658, "receiver_entropy": 0.0, "original_loss": 0.3636610805988312, "mean_length": 6.0}
{"mode": "train", "epoch": 96, "loss": 4.533412933349609, "acc": 0.4548850655555725, "acc_or": 0.7772030830383301, "sender_entropy": 1.6250351667404175, "receiver_entropy": 0.0, "original_loss": 0.5494617819786072, "mean_length": 6.0}
{"mode": "test", "epoch": 96, "loss": 4.062219619750977, "acc": 0.5862069129943848, "acc_or": 0.8563218116760254, "sender_entropy": 1.7051031589508057, "receiver_entropy": 0.0, "original_loss": 0.37728309631347656, "mean_length": 6.0}
{"mode": "train", "epoch": 97, "loss": 4.562058448791504, "acc": 0.46005746722221375, "acc_or": 0.782950222492218, "sender_entropy": 1.6179025173187256, "receiver_entropy": 0.0, "original_loss": 0.5341464877128601, "mean_length": 6.0}
{"mode": "test", "epoch": 97, "loss": 4.087071895599365, "acc": 0.6034482717514038, "acc_or": 0.8505747318267822, "sender_entropy": 1.7073841094970703, "receiver_entropy": 0.0, "original_loss": 0.36807113885879517, "mean_length": 6.0}
{"mode": "train", "epoch": 98, "loss": 4.558065414428711, "acc": 0.4577586054801941, "acc_or": 0.782854437828064, "sender_entropy": 1.6086080074310303, "receiver_entropy": 0.0, "original_loss": 0.5330617427825928, "mean_length": 6.0}
{"mode": "test", "epoch": 98, "loss": 4.251783847808838, "acc": 0.6896551847457886, "acc_or": 0.8908045887947083, "sender_entropy": 1.7099006175994873, "receiver_entropy": 0.0, "original_loss": 0.33533015847206116, "mean_length": 6.0}
{"mode": "train", "epoch": 99, "loss": 4.462083339691162, "acc": 0.47356322407722473, "acc_or": 0.7855364084243774, "sender_entropy": 1.6143431663513184, "receiver_entropy": 0.0, "original_loss": 0.5279251933097839, "mean_length": 6.0}
{"mode": "test", "epoch": 99, "loss": 4.192018508911133, "acc": 0.6896551847457886, "acc_or": 0.8850574493408203, "sender_entropy": 1.7047680616378784, "receiver_entropy": 0.0, "original_loss": 0.33741042017936707, "mean_length": 6.0}
{"mode": "train", "epoch": 100, "loss": 4.476295471191406, "acc": 0.4833333194255829, "acc_or": 0.7901341319084167, "sender_entropy": 1.6098599433898926, "receiver_entropy": 0.0, "original_loss": 0.5193266868591309, "mean_length": 6.0}
{"mode": "test", "epoch": 100, "loss": 4.1091413497924805, "acc": 0.7068965435028076, "acc_or": 0.8965517282485962, "sender_entropy": 1.7002012729644775, "receiver_entropy": 0.0, "original_loss": 0.3332383632659912, "mean_length": 6.0}
{"mode": "train", "epoch": 101, "loss": 4.434948444366455, "acc": 0.4764367938041687, "acc_or": 0.786494255065918, "sender_entropy": 1.605996012687683, "receiver_entropy": 0.0, "original_loss": 0.5186949372291565, "mean_length": 6.0}
{"mode": "test", "epoch": 101, "loss": 4.070249557495117, "acc": 0.6896551847457886, "acc_or": 0.8908045887947083, "sender_entropy": 1.6908231973648071, "receiver_entropy": 0.0, "original_loss": 0.32728293538093567, "mean_length": 6.0}
{"mode": "train", "epoch": 102, "loss": 4.4171528816223145, "acc": 0.4951149523258209, "acc_or": 0.7944444417953491, "sender_entropy": 1.5983268022537231, "receiver_entropy": 0.0, "original_loss": 0.5087941288948059, "mean_length": 6.0}
{"mode": "test", "epoch": 102, "loss": 4.108090400695801, "acc": 0.7758620381355286, "acc_or": 0.9080459475517273, "sender_entropy": 1.6821322441101074, "receiver_entropy": 0.0, "original_loss": 0.30877718329429626, "mean_length": 6.0}
{"mode": "train", "epoch": 103, "loss": 4.61384916305542, "acc": 0.5235632061958313, "acc_or": 0.8102490305900574, "sender_entropy": 1.5892276763916016, "receiver_entropy": 0.0, "original_loss": 0.4790354073047638, "mean_length": 6.0}
{"mode": "test", "epoch": 103, "loss": 4.039595603942871, "acc": 0.6896551847457886, "acc_or": 0.8908045887947083, "sender_entropy": 1.6691824197769165, "receiver_entropy": 0.0, "original_loss": 0.3159796893596649, "mean_length": 6.0}
{"mode": "train", "epoch": 104, "loss": 4.601770877838135, "acc": 0.5284482836723328, "acc_or": 0.8123563528060913, "sender_entropy": 1.5707379579544067, "receiver_entropy": 0.0, "original_loss": 0.47300317883491516, "mean_length": 6.0}
{"mode": "test", "epoch": 104, "loss": 4.08034610748291, "acc": 0.7068965435028076, "acc_or": 0.8965517282485962, "sender_entropy": 1.6666680574417114, "receiver_entropy": 0.0, "original_loss": 0.3053833544254303, "mean_length": 6.0}
{"mode": "train", "epoch": 105, "loss": 4.576727867126465, "acc": 0.5390804409980774, "acc_or": 0.8207854628562927, "sender_entropy": 1.565057396888733, "receiver_entropy": 0.0, "original_loss": 0.4644221067428589, "mean_length": 6.0}
{"mode": "test", "epoch": 105, "loss": 4.177670001983643, "acc": 0.7068965435028076, "acc_or": 0.8965517282485962, "sender_entropy": 1.6661407947540283, "receiver_entropy": 0.0, "original_loss": 0.2866867780685425, "mean_length": 6.0}
{"mode": "train", "epoch": 106, "loss": 4.6474199295043945, "acc": 0.548275887966156, "acc_or": 0.8222222328186035, "sender_entropy": 1.5614501237869263, "receiver_entropy": 0.0, "original_loss": 0.4528387784957886, "mean_length": 6.0}
{"mode": "test", "epoch": 106, "loss": 4.234113693237305, "acc": 0.7586206793785095, "acc_or": 0.9137930870056152, "sender_entropy": 1.6663097143173218, "receiver_entropy": 0.0, "original_loss": 0.2669682502746582, "mean_length": 6.0}
{"mode": "train", "epoch": 107, "loss": 4.641045093536377, "acc": 0.5505747199058533, "acc_or": 0.8250958323478699, "sender_entropy": 1.5625780820846558, "receiver_entropy": 0.0, "original_loss": 0.4447718858718872, "mean_length": 6.0}
{"mode": "test", "epoch": 107, "loss": 4.236985206604004, "acc": 0.7758620381355286, "acc_or": 0.9195402264595032, "sender_entropy": 1.663840413093567, "receiver_entropy": 0.0, "original_loss": 0.25451889634132385, "mean_length": 6.0}
{"mode": "train", "epoch": 108, "loss": 4.603742599487305, "acc": 0.565517246723175, "acc_or": 0.8262452483177185, "sender_entropy": 1.556362271308899, "receiver_entropy": 0.0, "original_loss": 0.44055551290512085, "mean_length": 6.0}
{"mode": "test", "epoch": 108, "loss": 4.3345417976379395, "acc": 0.7758620381355286, "acc_or": 0.9195402264595032, "sender_entropy": 1.6625285148620605, "receiver_entropy": 0.0, "original_loss": 0.23250338435173035, "mean_length": 6.0}
{"mode": "train", "epoch": 109, "loss": 4.705264568328857, "acc": 0.5729885101318359, "acc_or": 0.8332375884056091, "sender_entropy": 1.551613211631775, "receiver_entropy": 0.0, "original_loss": 0.4248494505882263, "mean_length": 6.0}
{"mode": "test", "epoch": 109, "loss": 4.329406261444092, "acc": 0.7931034564971924, "acc_or": 0.931034505367279, "sender_entropy": 1.6681208610534668, "receiver_entropy": 0.0, "original_loss": 0.23217786848545074, "mean_length": 6.0}
{"mode": "train", "epoch": 110, "loss": 4.565537929534912, "acc": 0.5589080452919006, "acc_or": 0.827203094959259, "sender_entropy": 1.5560455322265625, "receiver_entropy": 0.0, "original_loss": 0.4353225529193878, "mean_length": 6.0}
{"mode": "test", "epoch": 110, "loss": 4.311273097991943, "acc": 0.7931034564971924, "acc_or": 0.931034505367279, "sender_entropy": 1.6657849550247192, "receiver_entropy": 0.0, "original_loss": 0.2315540760755539, "mean_length": 6.0}
{"mode": "train", "epoch": 111, "loss": 4.631298065185547, "acc": 0.5735632181167603, "acc_or": 0.8321838974952698, "sender_entropy": 1.5489426851272583, "receiver_entropy": 0.0, "original_loss": 0.4209250807762146, "mean_length": 6.0}
{"mode": "test", "epoch": 111, "loss": 4.228985786437988, "acc": 0.8103448152542114, "acc_or": 0.9367815852165222, "sender_entropy": 1.6545441150665283, "receiver_entropy": 0.0, "original_loss": 0.22763314843177795, "mean_length": 6.0}
{"mode": "train", "epoch": 112, "loss": 4.563584327697754, "acc": 0.5859195590019226, "acc_or": 0.8380268216133118, "sender_entropy": 1.5386825799942017, "receiver_entropy": 0.0, "original_loss": 0.41738295555114746, "mean_length": 6.0}
{"mode": "test", "epoch": 112, "loss": 4.282122611999512, "acc": 0.8103448152542114, "acc_or": 0.9367815852165222, "sender_entropy": 1.658908486366272, "receiver_entropy": 0.0, "original_loss": 0.21572279930114746, "mean_length": 6.0}
{"mode": "train", "epoch": 113, "loss": 4.640349864959717, "acc": 0.5873563289642334, "acc_or": 0.8417624831199646, "sender_entropy": 1.5393261909484863, "receiver_entropy": 0.0, "original_loss": 0.4021983742713928, "mean_length": 6.0}
{"mode": "test", "epoch": 113, "loss": 4.345645427703857, "acc": 0.8620689511299133, "acc_or": 0.954023003578186, "sender_entropy": 1.6539411544799805, "receiver_entropy": 0.0, "original_loss": 0.19668468832969666, "mean_length": 6.0}
{"mode": "train", "epoch": 114, "loss": 4.67294979095459, "acc": 0.6040229797363281, "acc_or": 0.8480843305587769, "sender_entropy": 1.5380637645721436, "receiver_entropy": 0.0, "original_loss": 0.3909379541873932, "mean_length": 6.0}
{"mode": "test", "epoch": 114, "loss": 4.1979899406433105, "acc": 0.8448275923728943, "acc_or": 0.9482758641242981, "sender_entropy": 1.641861081123352, "receiver_entropy": 0.0, "original_loss": 0.2008712738752365, "mean_length": 6.0}
{"mode": "train", "epoch": 115, "loss": 4.61185884475708, "acc": 0.5991379022598267, "acc_or": 0.8455938696861267, "sender_entropy": 1.5236568450927734, "receiver_entropy": 0.0, "original_loss": 0.39481642842292786, "mean_length": 6.0}
{"mode": "test", "epoch": 115, "loss": 4.221490859985352, "acc": 0.8793103694915771, "acc_or": 0.9597700834274292, "sender_entropy": 1.6311284303665161, "receiver_entropy": 0.0, "original_loss": 0.18067337572574615, "mean_length": 6.0}
{"mode": "train", "epoch": 116, "loss": 4.558684825897217, "acc": 0.611494243144989, "acc_or": 0.8494253158569336, "sender_entropy": 1.5185110569000244, "receiver_entropy": 0.0, "original_loss": 0.38647013902664185, "mean_length": 6.0}
{"mode": "test", "epoch": 116, "loss": 4.191600322723389, "acc": 0.8965517282485962, "acc_or": 0.9655172228813171, "sender_entropy": 1.6254549026489258, "receiver_entropy": 0.0, "original_loss": 0.1694445163011551, "mean_length": 6.0}
{"mode": "train", "epoch": 117, "loss": 4.679789066314697, "acc": 0.6341953873634338, "acc_or": 0.857854425907135, "sender_entropy": 1.5154993534088135, "receiver_entropy": 0.0, "original_loss": 0.36735379695892334, "mean_length": 6.0}
{"mode": "test", "epoch": 117, "loss": 4.1992034912109375, "acc": 0.8793103694915771, "acc_or": 0.9597700834274292, "sender_entropy": 1.6272847652435303, "receiver_entropy": 0.0, "original_loss": 0.1659782975912094, "mean_length": 6.0}
{"mode": "train", "epoch": 118, "loss": 4.528934001922607, "acc": 0.6258620619773865, "acc_or": 0.8547893166542053, "sender_entropy": 1.5122696161270142, "receiver_entropy": 0.0, "original_loss": 0.37019509077072144, "mean_length": 6.0}
{"mode": "test", "epoch": 118, "loss": 4.065057754516602, "acc": 0.8620689511299133, "acc_or": 0.954023003578186, "sender_entropy": 1.6154149770736694, "receiver_entropy": 0.0, "original_loss": 0.17263124883174896, "mean_length": 6.0}
{"mode": "train", "epoch": 119, "loss": 4.672523021697998, "acc": 0.6448276042938232, "acc_or": 0.8666666746139526, "sender_entropy": 1.4979671239852905, "receiver_entropy": 0.0, "original_loss": 0.35178735852241516, "mean_length": 6.0}
{"mode": "test", "epoch": 119, "loss": 3.9125936031341553, "acc": 0.7586206793785095, "acc_or": 0.9195402264595032, "sender_entropy": 1.6044073104858398, "receiver_entropy": 0.0, "original_loss": 0.19246217608451843, "mean_length": 6.0}
{"mode": "train", "epoch": 120, "loss": 4.5648193359375, "acc": 0.6433907747268677, "acc_or": 0.8631226420402527, "sender_entropy": 1.484965443611145, "receiver_entropy": 0.0, "original_loss": 0.3539853096008301, "mean_length": 6.0}
{"mode": "test", "epoch": 120, "loss": 4.055136680603027, "acc": 0.8965517282485962, "acc_or": 0.9655172228813171, "sender_entropy": 1.603232502937317, "receiver_entropy": 0.0, "original_loss": 0.16714297235012054, "mean_length": 6.0}
{"mode": "train", "epoch": 121, "loss": 4.566679000854492, "acc": 0.6609195470809937, "acc_or": 0.8697318434715271, "sender_entropy": 1.4819716215133667, "receiver_entropy": 0.0, "original_loss": 0.3432844579219818, "mean_length": 6.0}
{"mode": "test", "epoch": 121, "loss": 4.069154739379883, "acc": 0.9137930870056152, "acc_or": 0.9712643623352051, "sender_entropy": 1.5938527584075928, "receiver_entropy": 0.0, "original_loss": 0.1490844190120697, "mean_length": 6.0}
{"mode": "train", "epoch": 122, "loss": 4.55454158782959, "acc": 0.6511494517326355, "acc_or": 0.8690613508224487, "sender_entropy": 1.4761974811553955, "receiver_entropy": 0.0, "original_loss": 0.34043413400650024, "mean_length": 6.0}
{"mode": "test", "epoch": 122, "loss": 3.906050205230713, "acc": 0.8448275923728943, "acc_or": 0.9482758641242981, "sender_entropy": 1.5847276449203491, "receiver_entropy": 0.0, "original_loss": 0.1689073145389557, "mean_length": 6.0}
{"mode": "train", "epoch": 123, "loss": 4.601999759674072, "acc": 0.6675287485122681, "acc_or": 0.8747126460075378, "sender_entropy": 1.464267373085022, "receiver_entropy": 0.0, "original_loss": 0.32626062631607056, "mean_length": 6.0}
{"mode": "test", "epoch": 123, "loss": 3.879098415374756, "acc": 0.8620689511299133, "acc_or": 0.954023003578186, "sender_entropy": 1.5833908319473267, "receiver_entropy": 0.0, "original_loss": 0.16671526432037354, "mean_length": 6.0}
{"mode": "train", "epoch": 124, "loss": 4.610655307769775, "acc": 0.673275887966156, "acc_or": 0.877298891544342, "sender_entropy": 1.4601024389266968, "receiver_entropy": 0.0, "original_loss": 0.3212330639362335, "mean_length": 6.0}
{"mode": "test", "epoch": 124, "loss": 4.008457660675049, "acc": 0.9137930870056152, "acc_or": 0.9712643623352051, "sender_entropy": 1.5899221897125244, "receiver_entropy": 0.0, "original_loss": 0.1410144865512848, "mean_length": 6.0}
{"mode": "train", "epoch": 125, "loss": 4.668206214904785, "acc": 0.6841953992843628, "acc_or": 0.8814176321029663, "sender_entropy": 1.4669380187988281, "receiver_entropy": 0.0, "original_loss": 0.31181827187538147, "mean_length": 6.0}
{"mode": "test", "epoch": 125, "loss": 3.933614492416382, "acc": 0.931034505367279, "acc_or": 0.977011501789093, "sender_entropy": 1.5809673070907593, "receiver_entropy": 0.0, "original_loss": 0.14467191696166992, "mean_length": 6.0}
{"mode": "train", "epoch": 126, "loss": 4.508357048034668, "acc": 0.6896551847457886, "acc_or": 0.8792145848274231, "sender_entropy": 1.4730242490768433, "receiver_entropy": 0.0, "original_loss": 0.32198283076286316, "mean_length": 6.0}
{"mode": "test", "epoch": 126, "loss": 4.015230178833008, "acc": 0.9137930870056152, "acc_or": 0.9712643623352051, "sender_entropy": 1.586313009262085, "receiver_entropy": 0.0, "original_loss": 0.1318722516298294, "mean_length": 6.0}
{"mode": "train", "epoch": 127, "loss": 4.535807132720947, "acc": 0.6781609058380127, "acc_or": 0.8794061541557312, "sender_entropy": 1.4789148569107056, "receiver_entropy": 0.0, "original_loss": 0.31596341729164124, "mean_length": 6.0}
{"mode": "test", "epoch": 127, "loss": 3.79756498336792, "acc": 0.8620689511299133, "acc_or": 0.954023003578186, "sender_entropy": 1.590652585029602, "receiver_entropy": 0.0, "original_loss": 0.16691865026950836, "mean_length": 6.0}
{"mode": "train", "epoch": 128, "loss": 4.405310153961182, "acc": 0.6686781644821167, "acc_or": 0.8761494159698486, "sender_entropy": 1.4768809080123901, "receiver_entropy": 0.0, "original_loss": 0.325776070356369, "mean_length": 6.0}
{"mode": "test", "epoch": 128, "loss": 3.8177998065948486, "acc": 0.8793103694915771, "acc_or": 0.9597700834274292, "sender_entropy": 1.5893399715423584, "receiver_entropy": 0.0, "original_loss": 0.15375205874443054, "mean_length": 6.0}
{"mode": "train", "epoch": 129, "loss": 4.3505449295043945, "acc": 0.6594827771186829, "acc_or": 0.8715517520904541, "sender_entropy": 1.4826995134353638, "receiver_entropy": 0.0, "original_loss": 0.32616525888442993, "mean_length": 6.0}
{"mode": "test", "epoch": 129, "loss": 3.9125962257385254, "acc": 0.9137930870056152, "acc_or": 0.9712643623352051, "sender_entropy": 1.589894413948059, "receiver_entropy": 0.0, "original_loss": 0.13966992497444153, "mean_length": 6.0}
{"mode": "train", "epoch": 130, "loss": 4.302850723266602, "acc": 0.6683908104896545, "acc_or": 0.8735632300376892, "sender_entropy": 1.4836667776107788, "receiver_entropy": 0.0, "original_loss": 0.32922494411468506, "mean_length": 6.0}
{"mode": "test", "epoch": 130, "loss": 3.9836559295654297, "acc": 0.9137930870056152, "acc_or": 0.9712643623352051, "sender_entropy": 1.593532681465149, "receiver_entropy": 0.0, "original_loss": 0.12119819968938828, "mean_length": 6.0}
{"mode": "train", "epoch": 131, "loss": 4.293560981750488, "acc": 0.669252872467041, "acc_or": 0.8743295073509216, "sender_entropy": 1.4861536026000977, "receiver_entropy": 0.0, "original_loss": 0.32386958599090576, "mean_length": 6.0}
{"mode": "test", "epoch": 131, "loss": 3.9347195625305176, "acc": 0.8965517282485962, "acc_or": 0.9655172228813171, "sender_entropy": 1.5923151969909668, "receiver_entropy": 0.0, "original_loss": 0.11828312277793884, "mean_length": 6.0}
{"mode": "train", "epoch": 132, "loss": 4.384542942047119, "acc": 0.6853448152542114, "acc_or": 0.8821839094161987, "sender_entropy": 1.4822971820831299, "receiver_entropy": 0.0, "original_loss": 0.30832159519195557, "mean_length": 6.0}
{"mode": "test", "epoch": 132, "loss": 3.7871406078338623, "acc": 0.9137930870056152, "acc_or": 0.9655172228813171, "sender_entropy": 1.5859134197235107, "receiver_entropy": 0.0, "original_loss": 0.13566909730434418, "mean_length": 6.0}
{"mode": "train", "epoch": 133, "loss": 4.278183460235596, "acc": 0.678735613822937, "acc_or": 0.8796935081481934, "sender_entropy": 1.4728542566299438, "receiver_entropy": 0.0, "original_loss": 0.311985045671463, "mean_length": 6.0}
{"mode": "test", "epoch": 133, "loss": 3.9029297828674316, "acc": 0.931034505367279, "acc_or": 0.977011501789093, "sender_entropy": 1.5749483108520508, "receiver_entropy": 0.0, "original_loss": 0.10497607290744781, "mean_length": 6.0}
{"mode": "train", "epoch": 134, "loss": 4.341875076293945, "acc": 0.7068965435028076, "acc_or": 0.890325665473938, "sender_entropy": 1.4670377969741821, "receiver_entropy": 0.0, "original_loss": 0.2952193021774292, "mean_length": 6.0}
{"mode": "test", "epoch": 134, "loss": 3.8690545558929443, "acc": 0.982758641242981, "acc_or": 0.9942528605461121, "sender_entropy": 1.5660933256149292, "receiver_entropy": 0.0, "original_loss": 0.10093769431114197, "mean_length": 6.0}
{"mode": "train", "epoch": 135, "loss": 4.347337245941162, "acc": 0.7106322050094604, "acc_or": 0.89262455701828, "sender_entropy": 1.4574084281921387, "receiver_entropy": 0.0, "original_loss": 0.28932610154151917, "mean_length": 6.0}
{"mode": "test", "epoch": 135, "loss": 3.822774887084961, "acc": 0.9137930870056152, "acc_or": 0.9712643623352051, "sender_entropy": 1.5598586797714233, "receiver_entropy": 0.0, "original_loss": 0.10121758282184601, "mean_length": 6.0}
{"mode": "train", "epoch": 136, "loss": 4.311512470245361, "acc": 0.71925288438797, "acc_or": 0.8950191736221313, "sender_entropy": 1.440690517425537, "receiver_entropy": 0.0, "original_loss": 0.2827802002429962, "mean_length": 6.0}
{"mode": "test", "epoch": 136, "loss": 3.6560542583465576, "acc": 0.8793103694915771, "acc_or": 0.9597700834274292, "sender_entropy": 1.5525848865509033, "receiver_entropy": 0.0, "original_loss": 0.1237485334277153, "mean_length": 6.0}
{"mode": "train", "epoch": 137, "loss": 4.439334869384766, "acc": 0.7402299046516418, "acc_or": 0.9046934843063354, "sender_entropy": 1.423377513885498, "receiver_entropy": 0.0, "original_loss": 0.26170381903648376, "mean_length": 6.0}
{"mode": "test", "epoch": 137, "loss": 3.635317325592041, "acc": 0.8793103694915771, "acc_or": 0.9597700834274292, "sender_entropy": 1.5444763898849487, "receiver_entropy": 0.0, "original_loss": 0.11892972886562347, "mean_length": 6.0}
{"mode": "train", "epoch": 138, "loss": 4.433355808258057, "acc": 0.7465516924858093, "acc_or": 0.9070881605148315, "sender_entropy": 1.4187310934066772, "receiver_entropy": 0.0, "original_loss": 0.25502070784568787, "mean_length": 6.0}
{"mode": "test", "epoch": 138, "loss": 3.63297176361084, "acc": 0.8793103694915771, "acc_or": 0.9597700834274292, "sender_entropy": 1.5414446592330933, "receiver_entropy": 0.0, "original_loss": 0.11174833029508591, "mean_length": 6.0}
{"mode": "train", "epoch": 139, "loss": 4.384670257568359, "acc": 0.7333333492279053, "acc_or": 0.9009578824043274, "sender_entropy": 1.4204045534133911, "receiver_entropy": 0.0, "original_loss": 0.2607423663139343, "mean_length": 6.0}
{"mode": "test", "epoch": 139, "loss": 3.5864734649658203, "acc": 0.8965517282485962, "acc_or": 0.9655172228813171, "sender_entropy": 1.5506606101989746, "receiver_entropy": 0.0, "original_loss": 0.12115833908319473, "mean_length": 6.0}
{"mode": "train", "epoch": 140, "loss": 4.341735363006592, "acc": 0.7353448271751404, "acc_or": 0.9037356376647949, "sender_entropy": 1.4258596897125244, "receiver_entropy": 0.0, "original_loss": 0.26011335849761963, "mean_length": 6.0}
{"mode": "test", "epoch": 140, "loss": 3.674020767211914, "acc": 0.931034505367279, "acc_or": 0.977011501789093, "sender_entropy": 1.553849697113037, "receiver_entropy": 0.0, "original_loss": 0.09869463741779327, "mean_length": 6.0}
{"mode": "train", "epoch": 141, "loss": 4.40606689453125, "acc": 0.7566092014312744, "acc_or": 0.9117816090583801, "sender_entropy": 1.419958472251892, "receiver_entropy": 0.0, "original_loss": 0.24699226021766663, "mean_length": 6.0}
{"mode": "test", "epoch": 141, "loss": 3.752713680267334, "acc": 1.0, "acc_or": 1.0, "sender_entropy": 1.554747462272644, "receiver_entropy": 0.0, "original_loss": 0.07937615364789963, "mean_length": 6.0}
{"epoch": 141, "positional_disent": 0.0356726236641407, "bag_of_symbol_disent": 0.1331266462802887, "topographic_sim": 0.4607911776369688}
{"generalization hold out": {"acc": 0.9375, "acc_or": 0.96875}, "uniform holdout": {"acc": 0.1666666716337204, "acc_or": 0.6666666865348816}, "epoch": 141}
---End--
