nohup: ignoring input
{"mode": "train", "epoch": 1, "loss": -21.861404418945312, "acc": 0.0028735632076859474, "acc_or": 0.16839081048965454, "sender_entropy": 2.3018174171447754, "receiver_entropy": 0.0, "original_loss": 1.6162210702896118, "mean_length": 6.0}
{"mode": "test", "epoch": 1, "loss": 0.7854368686676025, "acc": 0.017241379246115685, "acc_or": 0.24712643027305603, "sender_entropy": 2.300248861312866, "receiver_entropy": 0.0, "original_loss": 1.5899442434310913, "mean_length": 6.0}
{"mode": "train", "epoch": 2, "loss": 0.892713189125061, "acc": 0.018103448674082756, "acc_or": 0.24645593762397766, "sender_entropy": 2.2999155521392822, "receiver_entropy": 0.0, "original_loss": 1.5828781127929688, "mean_length": 6.0}
{"mode": "test", "epoch": 2, "loss": 1.105898141860962, "acc": 0.0, "acc_or": 0.1781609207391739, "sender_entropy": 2.298489570617676, "receiver_entropy": 0.0, "original_loss": 1.5448647737503052, "mean_length": 6.0}
{"mode": "train", "epoch": 3, "loss": 1.0504987239837646, "acc": 0.015517241321504116, "acc_or": 0.2498084306716919, "sender_entropy": 2.297910451889038, "receiver_entropy": 0.0, "original_loss": 1.5525903701782227, "mean_length": 6.0}
{"mode": "test", "epoch": 3, "loss": 1.4175913333892822, "acc": 0.017241379246115685, "acc_or": 0.27586206793785095, "sender_entropy": 2.297203779220581, "receiver_entropy": 0.0, "original_loss": 1.5011296272277832, "mean_length": 6.0}
{"mode": "train", "epoch": 4, "loss": 1.2652517557144165, "acc": 0.018390804529190063, "acc_or": 0.2584291100502014, "sender_entropy": 2.29667592048645, "receiver_entropy": 0.0, "original_loss": 1.5188839435577393, "mean_length": 6.0}
{"mode": "test", "epoch": 4, "loss": 1.728003978729248, "acc": 0.017241379246115685, "acc_or": 0.2931034564971924, "sender_entropy": 2.2964401245117188, "receiver_entropy": 0.0, "original_loss": 1.4567666053771973, "mean_length": 6.0}
{"mode": "train", "epoch": 5, "loss": 1.474295973777771, "acc": 0.019252873957157135, "acc_or": 0.2592912018299103, "sender_entropy": 2.2960331439971924, "receiver_entropy": 0.0, "original_loss": 1.4850019216537476, "mean_length": 6.0}
{"mode": "test", "epoch": 5, "loss": 1.9666662216186523, "acc": 0.017241379246115685, "acc_or": 0.3045977056026459, "sender_entropy": 2.2959296703338623, "receiver_entropy": 0.0, "original_loss": 1.4180786609649658, "mean_length": 6.0}
{"mode": "train", "epoch": 6, "loss": 1.723736047744751, "acc": 0.01867816038429737, "acc_or": 0.26254791021347046, "sender_entropy": 2.2955901622772217, "receiver_entropy": 0.0, "original_loss": 1.4475841522216797, "mean_length": 6.0}
{"mode": "test", "epoch": 6, "loss": 2.0587501525878906, "acc": 0.017241379246115685, "acc_or": 0.3218390941619873, "sender_entropy": 2.295553207397461, "receiver_entropy": 0.0, "original_loss": 1.3908991813659668, "mean_length": 6.0}
{"mode": "train", "epoch": 7, "loss": 1.8894379138946533, "acc": 0.019540229812264442, "acc_or": 0.263505756855011, "sender_entropy": 2.2951180934906006, "receiver_entropy": 0.0, "original_loss": 1.4158602952957153, "mean_length": 6.0}
{"mode": "test", "epoch": 7, "loss": 1.9967727661132812, "acc": 0.03448275849223137, "acc_or": 0.29885056614875793, "sender_entropy": 2.2952170372009277, "receiver_entropy": 0.0, "original_loss": 1.3773939609527588, "mean_length": 6.0}
{"mode": "train", "epoch": 8, "loss": 1.884203553199768, "acc": 0.014367816038429737, "acc_or": 0.26925286650657654, "sender_entropy": 2.2947592735290527, "receiver_entropy": 0.0, "original_loss": 1.398222804069519, "mean_length": 6.0}
{"mode": "test", "epoch": 8, "loss": 1.831532597541809, "acc": 0.017241379246115685, "acc_or": 0.270114928483963, "sender_entropy": 2.2953147888183594, "receiver_entropy": 0.0, "original_loss": 1.3757367134094238, "mean_length": 6.0}
{"mode": "train", "epoch": 9, "loss": 1.784558892250061, "acc": 0.017528735101222992, "acc_or": 0.2713601589202881, "sender_entropy": 2.2949416637420654, "receiver_entropy": 0.0, "original_loss": 1.3899970054626465, "mean_length": 6.0}
{"mode": "test", "epoch": 9, "loss": 1.7185173034667969, "acc": 0.03448275849223137, "acc_or": 0.28735631704330444, "sender_entropy": 2.2954585552215576, "receiver_entropy": 0.0, "original_loss": 1.3722059726715088, "mean_length": 6.0}
{"mode": "train", "epoch": 10, "loss": 1.6772643327713013, "acc": 0.019252873957157135, "acc_or": 0.2620689570903778, "sender_entropy": 2.295304536819458, "receiver_entropy": 0.0, "original_loss": 1.385044813156128, "mean_length": 6.0}
{"mode": "test", "epoch": 10, "loss": 1.6070281267166138, "acc": 0.017241379246115685, "acc_or": 0.33908045291900635, "sender_entropy": 2.2956948280334473, "receiver_entropy": 0.0, "original_loss": 1.370557188987732, "mean_length": 6.0}
{"mode": "train", "epoch": 11, "loss": 1.4875341653823853, "acc": 0.00603448273614049, "acc_or": 0.24128353595733643, "sender_entropy": 2.2957358360290527, "receiver_entropy": 0.0, "original_loss": 1.3885498046875, "mean_length": 6.0}
{"mode": "test", "epoch": 11, "loss": 1.632051706314087, "acc": 0.03448275849223137, "acc_or": 0.2931034564971924, "sender_entropy": 2.295949935913086, "receiver_entropy": 0.0, "original_loss": 1.3594762086868286, "mean_length": 6.0}
{"mode": "train", "epoch": 12, "loss": 1.4435724020004272, "acc": 0.016379309818148613, "acc_or": 0.2737548053264618, "sender_entropy": 2.2960503101348877, "receiver_entropy": 0.0, "original_loss": 1.383104920387268, "mean_length": 6.0}
{"mode": "test", "epoch": 12, "loss": 1.6258141994476318, "acc": 0.03448275849223137, "acc_or": 0.3218390941619873, "sender_entropy": 2.2961859703063965, "receiver_entropy": 0.0, "original_loss": 1.352238655090332, "mean_length": 6.0}
{"mode": "train", "epoch": 13, "loss": 1.2927546501159668, "acc": 0.017241379246115685, "acc_or": 0.2703065276145935, "sender_entropy": 2.2963099479675293, "receiver_entropy": 0.0, "original_loss": 1.387024164199829, "mean_length": 6.0}
{"mode": "test", "epoch": 13, "loss": 1.6284737586975098, "acc": 0.03448275849223137, "acc_or": 0.37931033968925476, "sender_entropy": 2.296421527862549, "receiver_entropy": 0.0, "original_loss": 1.3461828231811523, "mean_length": 6.0}
{"mode": "train", "epoch": 14, "loss": 1.228395938873291, "acc": 0.019252873957157135, "acc_or": 0.26762452721595764, "sender_entropy": 2.296595811843872, "receiver_entropy": 0.0, "original_loss": 1.3856595754623413, "mean_length": 6.0}
{"mode": "test", "epoch": 14, "loss": 1.6219565868377686, "acc": 0.08620689809322357, "acc_or": 0.43103447556495667, "sender_entropy": 2.2966408729553223, "receiver_entropy": 0.0, "original_loss": 1.3414795398712158, "mean_length": 6.0}
{"mode": "train", "epoch": 15, "loss": 1.2092108726501465, "acc": 0.02298850566148758, "acc_or": 0.2769157290458679, "sender_entropy": 2.296818733215332, "receiver_entropy": 0.0, "original_loss": 1.381575345993042, "mean_length": 6.0}
{"mode": "test", "epoch": 15, "loss": 1.6102848052978516, "acc": 0.08620689809322357, "acc_or": 0.4252873659133911, "sender_entropy": 2.2968637943267822, "receiver_entropy": 0.0, "original_loss": 1.3372802734375, "mean_length": 6.0}
{"mode": "train", "epoch": 16, "loss": 1.10660982131958, "acc": 0.015229884535074234, "acc_or": 0.2794061303138733, "sender_entropy": 2.2970564365386963, "receiver_entropy": 0.0, "original_loss": 1.3844935894012451, "mean_length": 6.0}
{"mode": "test", "epoch": 16, "loss": 1.5827369689941406, "acc": 0.03448275849223137, "acc_or": 0.4080459773540497, "sender_entropy": 2.297096014022827, "receiver_entropy": 0.0, "original_loss": 1.3353384733200073, "mean_length": 6.0}
{"mode": "train", "epoch": 17, "loss": 1.0572631359100342, "acc": 0.019252873957157135, "acc_or": 0.2792145609855652, "sender_entropy": 2.2972888946533203, "receiver_entropy": 0.0, "original_loss": 1.3840646743774414, "mean_length": 6.0}
{"mode": "test", "epoch": 17, "loss": 1.6881656646728516, "acc": 0.08620689809322357, "acc_or": 0.4482758641242981, "sender_entropy": 2.297213077545166, "receiver_entropy": 0.0, "original_loss": 1.323104977607727, "mean_length": 6.0}
{"mode": "train", "epoch": 18, "loss": 1.053600549697876, "acc": 0.019252873957157135, "acc_or": 0.2772030830383301, "sender_entropy": 2.2975118160247803, "receiver_entropy": 0.0, "original_loss": 1.3805644512176514, "mean_length": 6.0}
{"mode": "test", "epoch": 18, "loss": 1.682318091392517, "acc": 0.1551724076271057, "acc_or": 0.5057471394538879, "sender_entropy": 2.297384023666382, "receiver_entropy": 0.0, "original_loss": 1.3204071521759033, "mean_length": 6.0}
{"mode": "train", "epoch": 19, "loss": 0.971626877784729, "acc": 0.019252873957157135, "acc_or": 0.2768199145793915, "sender_entropy": 2.297685146331787, "receiver_entropy": 0.0, "original_loss": 1.383370041847229, "mean_length": 6.0}
{"mode": "test", "epoch": 19, "loss": 1.685019850730896, "acc": 0.12068965286016464, "acc_or": 0.4597701132297516, "sender_entropy": 2.2974886894226074, "receiver_entropy": 0.0, "original_loss": 1.3172210454940796, "mean_length": 6.0}
{"mode": "train", "epoch": 20, "loss": 0.9360684156417847, "acc": 0.016954023391008377, "acc_or": 0.2781609296798706, "sender_entropy": 2.2977941036224365, "receiver_entropy": 0.0, "original_loss": 1.3830854892730713, "mean_length": 6.0}
{"mode": "test", "epoch": 20, "loss": 1.7137428522109985, "acc": 0.03448275849223137, "acc_or": 0.3850574791431427, "sender_entropy": 2.2975471019744873, "receiver_entropy": 0.0, "original_loss": 1.3118443489074707, "mean_length": 6.0}
{"mode": "train", "epoch": 21, "loss": 0.9340863823890686, "acc": 0.022701149806380272, "acc_or": 0.2848659157752991, "sender_entropy": 2.2978272438049316, "receiver_entropy": 0.0, "original_loss": 1.3804223537445068, "mean_length": 6.0}
{"mode": "test", "epoch": 21, "loss": 1.7097017765045166, "acc": 0.03448275849223137, "acc_or": 0.41379308700561523, "sender_entropy": 2.2974843978881836, "receiver_entropy": 0.0, "original_loss": 1.309041142463684, "mean_length": 6.0}
{"mode": "train", "epoch": 22, "loss": 0.9014333486557007, "acc": 0.01982758566737175, "acc_or": 0.28132185339927673, "sender_entropy": 2.297773838043213, "receiver_entropy": 0.0, "original_loss": 1.3802958726882935, "mean_length": 6.0}
{"mode": "test", "epoch": 22, "loss": 1.698118805885315, "acc": 0.06896551698446274, "acc_or": 0.477011501789093, "sender_entropy": 2.2974298000335693, "receiver_entropy": 0.0, "original_loss": 1.3071997165679932, "mean_length": 6.0}
{"mode": "train", "epoch": 23, "loss": 0.8661965727806091, "acc": 0.01982758566737175, "acc_or": 0.2945402264595032, "sender_entropy": 2.2976858615875244, "receiver_entropy": 0.0, "original_loss": 1.3805761337280273, "mean_length": 6.0}
{"mode": "test", "epoch": 23, "loss": 1.7552506923675537, "acc": 0.051724135875701904, "acc_or": 0.48275861144065857, "sender_entropy": 2.2972898483276367, "receiver_entropy": 0.0, "original_loss": 1.3000519275665283, "mean_length": 6.0}
{"mode": "train", "epoch": 24, "loss": 0.8443986177444458, "acc": 0.024712644517421722, "acc_or": 0.28812262415885925, "sender_entropy": 2.2975399494171143, "receiver_entropy": 0.0, "original_loss": 1.3801403045654297, "mean_length": 6.0}
{"mode": "test", "epoch": 24, "loss": 1.8074290752410889, "acc": 0.06896551698446274, "acc_or": 0.4482758641242981, "sender_entropy": 2.2970685958862305, "receiver_entropy": 0.0, "original_loss": 1.2934015989303589, "mean_length": 6.0}
{"mode": "train", "epoch": 25, "loss": 0.8401697278022766, "acc": 0.0218390803784132, "acc_or": 0.2898467481136322, "sender_entropy": 2.2973225116729736, "receiver_entropy": 0.0, "original_loss": 1.3783767223358154, "mean_length": 6.0}
{"mode": "test", "epoch": 25, "loss": 1.8547873497009277, "acc": 0.06896551698446274, "acc_or": 0.40229883790016174, "sender_entropy": 2.296736478805542, "receiver_entropy": 0.0, "original_loss": 1.2870875597000122, "mean_length": 6.0}
{"mode": "train", "epoch": 26, "loss": 0.8158520460128784, "acc": 0.02385057508945465, "acc_or": 0.291283518075943, "sender_entropy": 2.2969822883605957, "receiver_entropy": 0.0, "original_loss": 1.3782933950424194, "mean_length": 6.0}
{"mode": "test", "epoch": 26, "loss": 1.9088325500488281, "acc": 0.06896551698446274, "acc_or": 0.41379308700561523, "sender_entropy": 2.2962255477905273, "receiver_entropy": 0.0, "original_loss": 1.2799383401870728, "mean_length": 6.0}
{"mode": "train", "epoch": 27, "loss": 0.7955442070960999, "acc": 0.023275861516594887, "acc_or": 0.29080459475517273, "sender_entropy": 2.2964928150177, "receiver_entropy": 0.0, "original_loss": 1.3780306577682495, "mean_length": 6.0}
{"mode": "test", "epoch": 27, "loss": 1.9819859266281128, "acc": 0.051724135875701904, "acc_or": 0.4252873659133911, "sender_entropy": 2.2955291271209717, "receiver_entropy": 0.0, "original_loss": 1.271072506904602, "mean_length": 6.0}
{"mode": "train", "epoch": 28, "loss": 0.8105542659759521, "acc": 0.025574712082743645, "acc_or": 0.3045019209384918, "sender_entropy": 2.2958123683929443, "receiver_entropy": 0.0, "original_loss": 1.3750524520874023, "mean_length": 6.0}
{"mode": "test", "epoch": 28, "loss": 2.0103044509887695, "acc": 0.03448275849223137, "acc_or": 0.49425286054611206, "sender_entropy": 2.2945148944854736, "receiver_entropy": 0.0, "original_loss": 1.2655192613601685, "mean_length": 6.0}
{"mode": "train", "epoch": 29, "loss": 0.7992197871208191, "acc": 0.024712644517421722, "acc_or": 0.3037356436252594, "sender_entropy": 2.2948429584503174, "receiver_entropy": 0.0, "original_loss": 1.37417471408844, "mean_length": 6.0}
{"mode": "test", "epoch": 29, "loss": 2.0365445613861084, "acc": 0.03448275849223137, "acc_or": 0.45402297377586365, "sender_entropy": 2.2931697368621826, "receiver_entropy": 0.0, "original_loss": 1.2598237991333008, "mean_length": 6.0}
{"mode": "train", "epoch": 30, "loss": 0.7884209752082825, "acc": 0.02385057508945465, "acc_or": 0.30641764402389526, "sender_entropy": 2.293487071990967, "receiver_entropy": 0.0, "original_loss": 1.3732929229736328, "mean_length": 6.0}
{"mode": "test", "epoch": 30, "loss": 2.1244232654571533, "acc": 0.03448275849223137, "acc_or": 0.4885057508945465, "sender_entropy": 2.291290521621704, "receiver_entropy": 0.0, "original_loss": 1.2482476234436035, "mean_length": 6.0}
{"mode": "train", "epoch": 31, "loss": 0.7926878929138184, "acc": 0.026724137365818024, "acc_or": 0.30747127532958984, "sender_entropy": 2.2916533946990967, "receiver_entropy": 0.0, "original_loss": 1.3712133169174194, "mean_length": 6.0}
{"mode": "test", "epoch": 31, "loss": 2.205362319946289, "acc": 0.03448275849223137, "acc_or": 0.477011501789093, "sender_entropy": 2.2885587215423584, "receiver_entropy": 0.0, "original_loss": 1.2361541986465454, "mean_length": 6.0}
{"mode": "train", "epoch": 32, "loss": 0.7973846197128296, "acc": 0.02931034564971924, "acc_or": 0.3141762614250183, "sender_entropy": 2.2889907360076904, "receiver_entropy": 0.0, "original_loss": 1.369198203086853, "mean_length": 6.0}
{"mode": "test", "epoch": 32, "loss": 2.2702512741088867, "acc": 0.03448275849223137, "acc_or": 0.4712643623352051, "sender_entropy": 2.284825563430786, "receiver_entropy": 0.0, "original_loss": 1.2246789932250977, "mean_length": 6.0}
{"mode": "train", "epoch": 33, "loss": 0.85085129737854, "acc": 0.031034482643008232, "acc_or": 0.3252873718738556, "sender_entropy": 2.285353183746338, "receiver_entropy": 0.0, "original_loss": 1.3630508184432983, "mean_length": 6.0}
{"mode": "test", "epoch": 33, "loss": 2.31193470954895, "acc": 0.03448275849223137, "acc_or": 0.4712643623352051, "sender_entropy": 2.2793469429016113, "receiver_entropy": 0.0, "original_loss": 1.213531255722046, "mean_length": 6.0}
{"mode": "train", "epoch": 34, "loss": 0.8829298615455627, "acc": 0.03017241321504116, "acc_or": 0.3272988498210907, "sender_entropy": 2.2798848152160645, "receiver_entropy": 0.0, "original_loss": 1.358536958694458, "mean_length": 6.0}
{"mode": "test", "epoch": 34, "loss": 2.3108506202697754, "acc": 0.03448275849223137, "acc_or": 0.477011501789093, "sender_entropy": 2.2713115215301514, "receiver_entropy": 0.0, "original_loss": 1.203467845916748, "mean_length": 6.0}
{"mode": "train", "epoch": 35, "loss": 0.9551520347595215, "acc": 0.033908046782016754, "acc_or": 0.3404214680194855, "sender_entropy": 2.2719273567199707, "receiver_entropy": 0.0, "original_loss": 1.3503986597061157, "mean_length": 6.0}
{"mode": "test", "epoch": 35, "loss": 2.253998279571533, "acc": 0.03448275849223137, "acc_or": 0.4712643623352051, "sender_entropy": 2.2598249912261963, "receiver_entropy": 0.0, "original_loss": 1.1965200901031494, "mean_length": 6.0}
{"mode": "train", "epoch": 36, "loss": 1.0548484325408936, "acc": 0.04137931019067764, "acc_or": 0.35478928685188293, "sender_entropy": 2.260441780090332, "receiver_entropy": 0.0, "original_loss": 1.3389898538589478, "mean_length": 6.0}
{"mode": "test", "epoch": 36, "loss": 2.0923781394958496, "acc": 0.03448275849223137, "acc_or": 0.43103447556495667, "sender_entropy": 2.241482973098755, "receiver_entropy": 0.0, "original_loss": 1.1962186098098755, "mean_length": 6.0}
{"mode": "train", "epoch": 37, "loss": 1.1846659183502197, "acc": 0.047413792461156845, "acc_or": 0.3723180294036865, "sender_entropy": 2.242131233215332, "receiver_entropy": 0.0, "original_loss": 1.324471354484558, "mean_length": 6.0}
{"mode": "test", "epoch": 37, "loss": 1.9264708757400513, "acc": 0.03448275849223137, "acc_or": 0.43103447556495667, "sender_entropy": 2.2198727130889893, "receiver_entropy": 0.0, "original_loss": 1.1968830823898315, "mean_length": 6.0}
{"mode": "train", "epoch": 38, "loss": 1.3572992086410522, "acc": 0.051436781883239746, "acc_or": 0.3870689868927002, "sender_entropy": 2.220716953277588, "receiver_entropy": 0.0, "original_loss": 1.3050014972686768, "mean_length": 6.0}
{"mode": "test", "epoch": 38, "loss": 1.997494101524353, "acc": 0.03448275849223137, "acc_or": 0.4367816150188446, "sender_entropy": 2.200805902481079, "receiver_entropy": 0.0, "original_loss": 1.178084373474121, "mean_length": 6.0}
{"mode": "train", "epoch": 39, "loss": 1.5413517951965332, "acc": 0.04913793131709099, "acc_or": 0.39741379022598267, "sender_entropy": 2.2017719745635986, "receiver_entropy": 0.0, "original_loss": 1.2851996421813965, "mean_length": 6.0}
{"mode": "test", "epoch": 39, "loss": 2.259431838989258, "acc": 0.03448275849223137, "acc_or": 0.4482758641242981, "sender_entropy": 2.1984736919403076, "receiver_entropy": 0.0, "original_loss": 1.1500582695007324, "mean_length": 6.0}
{"mode": "train", "epoch": 40, "loss": 1.6703307628631592, "acc": 0.055747125297784805, "acc_or": 0.4110153317451477, "sender_entropy": 2.199206590652466, "receiver_entropy": 0.0, "original_loss": 1.2696847915649414, "mean_length": 6.0}
{"mode": "test", "epoch": 40, "loss": 2.26041316986084, "acc": 0.051724135875701904, "acc_or": 0.4655172526836395, "sender_entropy": 2.191021203994751, "receiver_entropy": 0.0, "original_loss": 1.142878532409668, "mean_length": 6.0}
{"mode": "train", "epoch": 41, "loss": 1.7507188320159912, "acc": 0.05718390643596649, "acc_or": 0.4170498251914978, "sender_entropy": 2.191254138946533, "receiver_entropy": 0.0, "original_loss": 1.2574129104614258, "mean_length": 6.0}
{"mode": "test", "epoch": 41, "loss": 2.085742950439453, "acc": 0.051724135875701904, "acc_or": 0.45402297377586365, "sender_entropy": 2.175912857055664, "receiver_entropy": 0.0, "original_loss": 1.1477347612380981, "mean_length": 6.0}
{"mode": "train", "epoch": 42, "loss": 1.8068045377731323, "acc": 0.06695402413606644, "acc_or": 0.42777779698371887, "sender_entropy": 2.175624370574951, "receiver_entropy": 0.0, "original_loss": 1.2458837032318115, "mean_length": 6.0}
{"mode": "test", "epoch": 42, "loss": 2.1866297721862793, "acc": 0.06896551698446274, "acc_or": 0.48275861144065857, "sender_entropy": 2.1573050022125244, "receiver_entropy": 0.0, "original_loss": 1.1264567375183105, "mean_length": 6.0}
{"mode": "train", "epoch": 43, "loss": 1.951798439025879, "acc": 0.06551723927259445, "acc_or": 0.4355364143848419, "sender_entropy": 2.1557376384735107, "receiver_entropy": 0.0, "original_loss": 1.227138638496399, "mean_length": 6.0}
{"mode": "test", "epoch": 43, "loss": 2.078770160675049, "acc": 0.06896551698446274, "acc_or": 0.5, "sender_entropy": 2.1363441944122314, "receiver_entropy": 0.0, "original_loss": 1.1229583024978638, "mean_length": 6.0}
{"mode": "train", "epoch": 44, "loss": 2.1056623458862305, "acc": 0.06637930870056152, "acc_or": 0.44636017084121704, "sender_entropy": 2.1334989070892334, "receiver_entropy": 0.0, "original_loss": 1.207940697669983, "mean_length": 6.0}
{"mode": "test", "epoch": 44, "loss": 2.2584986686706543, "acc": 0.06896551698446274, "acc_or": 0.517241358757019, "sender_entropy": 2.1174519062042236, "receiver_entropy": 0.0, "original_loss": 1.085994839668274, "mean_length": 6.0}
{"mode": "train", "epoch": 45, "loss": 2.2343873977661133, "acc": 0.07298850268125534, "acc_or": 0.45900383591651917, "sender_entropy": 2.111851692199707, "receiver_entropy": 0.0, "original_loss": 1.186153531074524, "mean_length": 6.0}
{"mode": "test", "epoch": 45, "loss": 2.303527355194092, "acc": 0.12068965286016464, "acc_or": 0.545976996421814, "sender_entropy": 2.11061954498291, "receiver_entropy": 0.0, "original_loss": 1.067748785018921, "mean_length": 6.0}
{"mode": "train", "epoch": 46, "loss": 2.268498659133911, "acc": 0.08304597437381744, "acc_or": 0.4669540226459503, "sender_entropy": 2.102566719055176, "receiver_entropy": 0.0, "original_loss": 1.1780842542648315, "mean_length": 6.0}
{"mode": "test", "epoch": 46, "loss": 2.4527902603149414, "acc": 0.12068965286016464, "acc_or": 0.568965494632721, "sender_entropy": 2.106473445892334, "receiver_entropy": 0.0, "original_loss": 1.0438045263290405, "mean_length": 6.0}
{"mode": "train", "epoch": 47, "loss": 2.387510299682617, "acc": 0.08908046036958694, "acc_or": 0.47471264004707336, "sender_entropy": 2.097914695739746, "receiver_entropy": 0.0, "original_loss": 1.1603240966796875, "mean_length": 6.0}
{"mode": "test", "epoch": 47, "loss": 2.3479976654052734, "acc": 0.12068965286016464, "acc_or": 0.5804597735404968, "sender_entropy": 2.0855205059051514, "receiver_entropy": 0.0, "original_loss": 1.0400017499923706, "mean_length": 6.0}
{"mode": "train", "epoch": 48, "loss": 2.4578535556793213, "acc": 0.09367816150188446, "acc_or": 0.48256707191467285, "sender_entropy": 2.075756072998047, "receiver_entropy": 0.0, "original_loss": 1.145634412765503, "mean_length": 6.0}
{"mode": "test", "epoch": 48, "loss": 2.346151351928711, "acc": 0.12068965286016464, "acc_or": 0.5862069129943848, "sender_entropy": 2.0655858516693115, "receiver_entropy": 0.0, "original_loss": 1.028850793838501, "mean_length": 6.0}
{"mode": "train", "epoch": 49, "loss": 2.5130252838134766, "acc": 0.09425286948680878, "acc_or": 0.4870689809322357, "sender_entropy": 2.0540404319763184, "receiver_entropy": 0.0, "original_loss": 1.130031943321228, "mean_length": 6.0}
{"mode": "test", "epoch": 49, "loss": 2.095055341720581, "acc": 0.10344827175140381, "acc_or": 0.5632184147834778, "sender_entropy": 2.036127805709839, "receiver_entropy": 0.0, "original_loss": 1.047696828842163, "mean_length": 6.0}
{"mode": "train", "epoch": 50, "loss": 2.6322598457336426, "acc": 0.09798850864171982, "acc_or": 0.5026820302009583, "sender_entropy": 2.02378511428833, "receiver_entropy": 0.0, "original_loss": 1.110113501548767, "mean_length": 6.0}
{"mode": "test", "epoch": 50, "loss": 2.209489345550537, "acc": 0.10344827175140381, "acc_or": 0.5574712753295898, "sender_entropy": 2.011514902114868, "receiver_entropy": 0.0, "original_loss": 1.021043300628662, "mean_length": 6.0}
{"mode": "train", "epoch": 51, "loss": 2.8109991550445557, "acc": 0.10402298718690872, "acc_or": 0.509865939617157, "sender_entropy": 1.9974744319915771, "receiver_entropy": 0.0, "original_loss": 1.090206265449524, "mean_length": 6.0}
{"mode": "test", "epoch": 51, "loss": 2.6182312965393066, "acc": 0.1551724076271057, "acc_or": 0.5862069129943848, "sender_entropy": 2.0273618698120117, "receiver_entropy": 0.0, "original_loss": 0.979902446269989, "mean_length": 6.0}
{"mode": "train", "epoch": 52, "loss": 2.7215213775634766, "acc": 0.10948275774717331, "acc_or": 0.5146551728248596, "sender_entropy": 2.009549617767334, "receiver_entropy": 0.0, "original_loss": 1.0941005945205688, "mean_length": 6.0}
{"mode": "test", "epoch": 52, "loss": 2.679337739944458, "acc": 0.1551724076271057, "acc_or": 0.5919539928436279, "sender_entropy": 2.0467441082000732, "receiver_entropy": 0.0, "original_loss": 0.9782736301422119, "mean_length": 6.0}
{"mode": "train", "epoch": 53, "loss": 2.6962132453918457, "acc": 0.10747126489877701, "acc_or": 0.5149425268173218, "sender_entropy": 2.026203155517578, "receiver_entropy": 0.0, "original_loss": 1.0927218198776245, "mean_length": 6.0}
{"mode": "test", "epoch": 53, "loss": 2.545079231262207, "acc": 0.13793103396892548, "acc_or": 0.5747126340866089, "sender_entropy": 2.0613884925842285, "receiver_entropy": 0.0, "original_loss": 0.9958294630050659, "mean_length": 6.0}
{"mode": "train", "epoch": 54, "loss": 2.637481927871704, "acc": 0.10747126489877701, "acc_or": 0.511781632900238, "sender_entropy": 2.040400266647339, "receiver_entropy": 0.0, "original_loss": 1.0970364809036255, "mean_length": 6.0}
{"mode": "test", "epoch": 54, "loss": 2.787051200866699, "acc": 0.13793103396892548, "acc_or": 0.5804597735404968, "sender_entropy": 2.0670347213745117, "receiver_entropy": 0.0, "original_loss": 0.9704127311706543, "mean_length": 6.0}
{"mode": "train", "epoch": 55, "loss": 2.6122384071350098, "acc": 0.11235632002353668, "acc_or": 0.5188697576522827, "sender_entropy": 2.051260232925415, "receiver_entropy": 0.0, "original_loss": 1.0951186418533325, "mean_length": 6.0}
{"mode": "test", "epoch": 55, "loss": 3.236715078353882, "acc": 0.18965516984462738, "acc_or": 0.6091954112052917, "sender_entropy": 2.0634381771087646, "receiver_entropy": 0.0, "original_loss": 0.9125778675079346, "mean_length": 6.0}
{"mode": "train", "epoch": 56, "loss": 2.5405051708221436, "acc": 0.11666666716337204, "acc_or": 0.5114942789077759, "sender_entropy": 2.0452380180358887, "receiver_entropy": 0.0, "original_loss": 1.0947656631469727, "mean_length": 6.0}
{"mode": "test", "epoch": 56, "loss": 3.284571409225464, "acc": 0.20689654350280762, "acc_or": 0.6149425506591797, "sender_entropy": 2.0453128814697266, "receiver_entropy": 0.0, "original_loss": 0.8932626843452454, "mean_length": 6.0}
{"mode": "train", "epoch": 57, "loss": 2.838648796081543, "acc": 0.11522988229990005, "acc_or": 0.527107298374176, "sender_entropy": 2.0283896923065186, "receiver_entropy": 0.0, "original_loss": 1.0625636577606201, "mean_length": 6.0}
{"mode": "test", "epoch": 57, "loss": 3.139220714569092, "acc": 0.17241379618644714, "acc_or": 0.6206896305084229, "sender_entropy": 2.022167921066284, "receiver_entropy": 0.0, "original_loss": 0.8932346701622009, "mean_length": 6.0}
{"mode": "train", "epoch": 58, "loss": 2.886791706085205, "acc": 0.12787356972694397, "acc_or": 0.5358237624168396, "sender_entropy": 2.00496768951416, "receiver_entropy": 0.0, "original_loss": 1.0470969676971436, "mean_length": 6.0}
{"mode": "test", "epoch": 58, "loss": 3.1505722999572754, "acc": 0.1551724076271057, "acc_or": 0.6149425506591797, "sender_entropy": 1.9923202991485596, "receiver_entropy": 0.0, "original_loss": 0.8693834543228149, "mean_length": 6.0}
{"mode": "train", "epoch": 59, "loss": 3.120232582092285, "acc": 0.13879309594631195, "acc_or": 0.5524904131889343, "sender_entropy": 1.9707731008529663, "receiver_entropy": 0.0, "original_loss": 1.0188544988632202, "mean_length": 6.0}
{"mode": "test", "epoch": 59, "loss": 3.1024293899536133, "acc": 0.17241379618644714, "acc_or": 0.6149425506591797, "sender_entropy": 1.9670547246932983, "receiver_entropy": 0.0, "original_loss": 0.8593630194664001, "mean_length": 6.0}
{"mode": "train", "epoch": 60, "loss": 3.249624252319336, "acc": 0.14827586710453033, "acc_or": 0.5645594000816345, "sender_entropy": 1.945468544960022, "receiver_entropy": 0.0, "original_loss": 0.9960982799530029, "mean_length": 6.0}
{"mode": "test", "epoch": 60, "loss": 3.0121123790740967, "acc": 0.17241379618644714, "acc_or": 0.6149425506591797, "sender_entropy": 1.942784309387207, "receiver_entropy": 0.0, "original_loss": 0.8499559760093689, "mean_length": 6.0}
{"mode": "train", "epoch": 61, "loss": 3.2863962650299072, "acc": 0.13994252681732178, "acc_or": 0.5656130313873291, "sender_entropy": 1.9233587980270386, "receiver_entropy": 0.0, "original_loss": 0.9821917414665222, "mean_length": 6.0}
{"mode": "test", "epoch": 61, "loss": 2.9803333282470703, "acc": 0.17241379618644714, "acc_or": 0.6264367699623108, "sender_entropy": 1.9296618700027466, "receiver_entropy": 0.0, "original_loss": 0.8396329283714294, "mean_length": 6.0}
{"mode": "train", "epoch": 62, "loss": 3.3142025470733643, "acc": 0.15373563766479492, "acc_or": 0.5753831267356873, "sender_entropy": 1.9100043773651123, "receiver_entropy": 0.0, "original_loss": 0.9694462418556213, "mean_length": 6.0}
{"mode": "test", "epoch": 62, "loss": 3.1499087810516357, "acc": 0.17241379618644714, "acc_or": 0.6321839094161987, "sender_entropy": 1.9336246252059937, "receiver_entropy": 0.0, "original_loss": 0.8102569580078125, "mean_length": 6.0}
{"mode": "train", "epoch": 63, "loss": 3.3630101680755615, "acc": 0.1485632210969925, "acc_or": 0.5794061422348022, "sender_entropy": 1.9077982902526855, "receiver_entropy": 0.0, "original_loss": 0.9553756713867188, "mean_length": 6.0}
{"mode": "test", "epoch": 63, "loss": 3.137289047241211, "acc": 0.17241379618644714, "acc_or": 0.6149425506591797, "sender_entropy": 1.935842752456665, "receiver_entropy": 0.0, "original_loss": 0.8049113750457764, "mean_length": 6.0}
{"mode": "train", "epoch": 64, "loss": 3.4193339347839355, "acc": 0.15402299165725708, "acc_or": 0.5741379261016846, "sender_entropy": 1.9072492122650146, "receiver_entropy": 0.0, "original_loss": 0.9444999098777771, "mean_length": 6.0}
{"mode": "test", "epoch": 64, "loss": 3.3320302963256836, "acc": 0.22413793206214905, "acc_or": 0.6551724076271057, "sender_entropy": 1.9372155666351318, "receiver_entropy": 0.0, "original_loss": 0.7805396318435669, "mean_length": 6.0}
{"mode": "train", "epoch": 65, "loss": 3.494950771331787, "acc": 0.15775862336158752, "acc_or": 0.5846743583679199, "sender_entropy": 1.9077496528625488, "receiver_entropy": 0.0, "original_loss": 0.9318405389785767, "mean_length": 6.0}
{"mode": "test", "epoch": 65, "loss": 3.4075927734375, "acc": 0.22413793206214905, "acc_or": 0.6494252681732178, "sender_entropy": 1.9405431747436523, "receiver_entropy": 0.0, "original_loss": 0.7693796753883362, "mean_length": 6.0}
{"mode": "train", "epoch": 66, "loss": 3.606538772583008, "acc": 0.1747126430273056, "acc_or": 0.594348669052124, "sender_entropy": 1.9039627313613892, "receiver_entropy": 0.0, "original_loss": 0.9175078272819519, "mean_length": 6.0}
{"mode": "test", "epoch": 66, "loss": 3.690887451171875, "acc": 0.24137930572032928, "acc_or": 0.6839080452919006, "sender_entropy": 1.9428088665008545, "receiver_entropy": 0.0, "original_loss": 0.7299118638038635, "mean_length": 6.0}
{"mode": "train", "epoch": 67, "loss": 3.6141297817230225, "acc": 0.1821839064359665, "acc_or": 0.6008620858192444, "sender_entropy": 1.9019851684570312, "receiver_entropy": 0.0, "original_loss": 0.9087719917297363, "mean_length": 6.0}
{"mode": "test", "epoch": 67, "loss": 3.6526975631713867, "acc": 0.27586206793785095, "acc_or": 0.7068965435028076, "sender_entropy": 1.9392898082733154, "receiver_entropy": 0.0, "original_loss": 0.727599561214447, "mean_length": 6.0}
{"mode": "train", "epoch": 68, "loss": 3.6343939304351807, "acc": 0.18850573897361755, "acc_or": 0.6043103337287903, "sender_entropy": 1.8887308835983276, "receiver_entropy": 0.0, "original_loss": 0.9000003933906555, "mean_length": 6.0}
{"mode": "test", "epoch": 68, "loss": 3.5981554985046387, "acc": 0.22413793206214905, "acc_or": 0.6781609058380127, "sender_entropy": 1.9277894496917725, "receiver_entropy": 0.0, "original_loss": 0.7233086824417114, "mean_length": 6.0}
{"mode": "train", "epoch": 69, "loss": 3.7756402492523193, "acc": 0.19310344755649567, "acc_or": 0.6091954112052917, "sender_entropy": 1.8814996480941772, "receiver_entropy": 0.0, "original_loss": 0.8801550269126892, "mean_length": 6.0}
{"mode": "test", "epoch": 69, "loss": 3.6032638549804688, "acc": 0.2931034564971924, "acc_or": 0.6954023241996765, "sender_entropy": 1.9135061502456665, "receiver_entropy": 0.0, "original_loss": 0.7108661532402039, "mean_length": 6.0}
{"mode": "train", "epoch": 70, "loss": 3.792142391204834, "acc": 0.19942528009414673, "acc_or": 0.6119731664657593, "sender_entropy": 1.877030611038208, "receiver_entropy": 0.0, "original_loss": 0.8711675405502319, "mean_length": 6.0}
{"mode": "test", "epoch": 70, "loss": 3.6538047790527344, "acc": 0.2586206793785095, "acc_or": 0.6781609058380127, "sender_entropy": 1.902291178703308, "receiver_entropy": 0.0, "original_loss": 0.6907871961593628, "mean_length": 6.0}
{"mode": "train", "epoch": 71, "loss": 3.7934935092926025, "acc": 0.216379314661026, "acc_or": 0.6265325546264648, "sender_entropy": 1.868403434753418, "receiver_entropy": 0.0, "original_loss": 0.8581117987632751, "mean_length": 6.0}
{"mode": "test", "epoch": 71, "loss": 3.6390879154205322, "acc": 0.24137930572032928, "acc_or": 0.6724137663841248, "sender_entropy": 1.8843398094177246, "receiver_entropy": 0.0, "original_loss": 0.6830905079841614, "mean_length": 6.0}
{"mode": "train", "epoch": 72, "loss": 3.858109951019287, "acc": 0.2224137932062149, "acc_or": 0.6328544020652771, "sender_entropy": 1.849198818206787, "receiver_entropy": 0.0, "original_loss": 0.843970000743866, "mean_length": 6.0}
{"mode": "test", "epoch": 72, "loss": 3.649111270904541, "acc": 0.2931034564971924, "acc_or": 0.7068965435028076, "sender_entropy": 1.8660569190979004, "receiver_entropy": 0.0, "original_loss": 0.6667298674583435, "mean_length": 6.0}
{"mode": "train", "epoch": 73, "loss": 3.88435435295105, "acc": 0.23879310488700867, "acc_or": 0.6379310488700867, "sender_entropy": 1.8295906782150269, "receiver_entropy": 0.0, "original_loss": 0.8308537602424622, "mean_length": 6.0}
{"mode": "test", "epoch": 73, "loss": 3.8134872913360596, "acc": 0.32758620381355286, "acc_or": 0.7471264600753784, "sender_entropy": 1.8489704132080078, "receiver_entropy": 0.0, "original_loss": 0.6248939633369446, "mean_length": 6.0}
{"mode": "train", "epoch": 74, "loss": 4.103572845458984, "acc": 0.25373563170433044, "acc_or": 0.6545019149780273, "sender_entropy": 1.8092957735061646, "receiver_entropy": 0.0, "original_loss": 0.8009979724884033, "mean_length": 6.0}
{"mode": "test", "epoch": 74, "loss": 3.850674629211426, "acc": 0.3965517282485962, "acc_or": 0.7413793206214905, "sender_entropy": 1.83781099319458, "receiver_entropy": 0.0, "original_loss": 0.6077821850776672, "mean_length": 6.0}
{"mode": "train", "epoch": 75, "loss": 4.195545196533203, "acc": 0.27528735995292664, "acc_or": 0.6688697338104248, "sender_entropy": 1.7955089807510376, "receiver_entropy": 0.0, "original_loss": 0.7821308970451355, "mean_length": 6.0}
{"mode": "test", "epoch": 75, "loss": 3.960886001586914, "acc": 0.41379308700561523, "acc_or": 0.7643678188323975, "sender_entropy": 1.8324429988861084, "receiver_entropy": 0.0, "original_loss": 0.5834435820579529, "mean_length": 6.0}
{"mode": "train", "epoch": 76, "loss": 4.222623348236084, "acc": 0.2686781585216522, "acc_or": 0.6682950258255005, "sender_entropy": 1.7865484952926636, "receiver_entropy": 0.0, "original_loss": 0.7678465843200684, "mean_length": 6.0}
{"mode": "test", "epoch": 76, "loss": 3.990187644958496, "acc": 0.4655172526836395, "acc_or": 0.7758620381355286, "sender_entropy": 1.825108289718628, "receiver_entropy": 0.0, "original_loss": 0.5688754320144653, "mean_length": 6.0}
{"mode": "train", "epoch": 77, "loss": 4.262442111968994, "acc": 0.2922413647174835, "acc_or": 0.679118812084198, "sender_entropy": 1.7760463953018188, "receiver_entropy": 0.0, "original_loss": 0.7537432312965393, "mean_length": 6.0}
{"mode": "test", "epoch": 77, "loss": 4.000265121459961, "acc": 0.48275861144065857, "acc_or": 0.7931034564971924, "sender_entropy": 1.8154321908950806, "receiver_entropy": 0.0, "original_loss": 0.5548884272575378, "mean_length": 6.0}
{"mode": "train", "epoch": 78, "loss": 4.153036117553711, "acc": 0.28994253277778625, "acc_or": 0.6755747199058533, "sender_entropy": 1.764504075050354, "receiver_entropy": 0.0, "original_loss": 0.7557159662246704, "mean_length": 6.0}
{"mode": "test", "epoch": 78, "loss": 4.010115146636963, "acc": 0.48275861144065857, "acc_or": 0.7816091775894165, "sender_entropy": 1.804952621459961, "receiver_entropy": 0.0, "original_loss": 0.5374516248703003, "mean_length": 6.0}
{"mode": "train", "epoch": 79, "loss": 4.368956565856934, "acc": 0.30086207389831543, "acc_or": 0.6862069368362427, "sender_entropy": 1.751517653465271, "receiver_entropy": 0.0, "original_loss": 0.7259952425956726, "mean_length": 6.0}
{"mode": "test", "epoch": 79, "loss": 4.067284107208252, "acc": 0.4655172526836395, "acc_or": 0.7816091775894165, "sender_entropy": 1.801406979560852, "receiver_entropy": 0.0, "original_loss": 0.5220507383346558, "mean_length": 6.0}
{"mode": "train", "epoch": 80, "loss": 4.355020523071289, "acc": 0.2956896424293518, "acc_or": 0.6820881366729736, "sender_entropy": 1.7478691339492798, "receiver_entropy": 0.0, "original_loss": 0.7196473479270935, "mean_length": 6.0}
{"mode": "test", "epoch": 80, "loss": 4.098724365234375, "acc": 0.517241358757019, "acc_or": 0.7988505959510803, "sender_entropy": 1.8056566715240479, "receiver_entropy": 0.0, "original_loss": 0.512477457523346, "mean_length": 6.0}
{"mode": "train", "epoch": 81, "loss": 4.498568534851074, "acc": 0.3204022943973541, "acc_or": 0.7000957727432251, "sender_entropy": 1.7492552995681763, "receiver_entropy": 0.0, "original_loss": 0.6970662474632263, "mean_length": 6.0}
{"mode": "test", "epoch": 81, "loss": 4.066488742828369, "acc": 0.4655172526836395, "acc_or": 0.7873563170433044, "sender_entropy": 1.808529019355774, "receiver_entropy": 0.0, "original_loss": 0.5084643363952637, "mean_length": 6.0}
{"mode": "train", "epoch": 82, "loss": 4.310009002685547, "acc": 0.3152298927307129, "acc_or": 0.6911877393722534, "sender_entropy": 1.7555310726165771, "receiver_entropy": 0.0, "original_loss": 0.7061231732368469, "mean_length": 6.0}
{"mode": "test", "epoch": 82, "loss": 4.143597602844238, "acc": 0.5517241358757019, "acc_or": 0.8275861740112305, "sender_entropy": 1.8061444759368896, "receiver_entropy": 0.0, "original_loss": 0.4867405295372009, "mean_length": 6.0}
{"mode": "train", "epoch": 83, "loss": 4.307109832763672, "acc": 0.31896552443504333, "acc_or": 0.6940613389015198, "sender_entropy": 1.7546659708023071, "receiver_entropy": 0.0, "original_loss": 0.7003161311149597, "mean_length": 6.0}
{"mode": "test", "epoch": 83, "loss": 4.0243635177612305, "acc": 0.517241358757019, "acc_or": 0.8160919547080994, "sender_entropy": 1.7958170175552368, "receiver_entropy": 0.0, "original_loss": 0.49022334814071655, "mean_length": 6.0}
{"mode": "train", "epoch": 84, "loss": 4.360444068908691, "acc": 0.3258620798587799, "acc_or": 0.7037356495857239, "sender_entropy": 1.7436785697937012, "receiver_entropy": 0.0, "original_loss": 0.6842535138130188, "mean_length": 6.0}
{"mode": "test", "epoch": 84, "loss": 4.057577610015869, "acc": 0.5517241358757019, "acc_or": 0.8275861740112305, "sender_entropy": 1.78428316116333, "receiver_entropy": 0.0, "original_loss": 0.47863999009132385, "mean_length": 6.0}
{"mode": "train", "epoch": 85, "loss": 4.49528694152832, "acc": 0.34770116209983826, "acc_or": 0.713505744934082, "sender_entropy": 1.731764316558838, "receiver_entropy": 0.0, "original_loss": 0.6641569137573242, "mean_length": 6.0}
{"mode": "test", "epoch": 85, "loss": 4.138698101043701, "acc": 0.5862069129943848, "acc_or": 0.8390804529190063, "sender_entropy": 1.771144151687622, "receiver_entropy": 0.0, "original_loss": 0.44755974411964417, "mean_length": 6.0}
{"mode": "train", "epoch": 86, "loss": 4.612912178039551, "acc": 0.36781609058380127, "acc_or": 0.7264367938041687, "sender_entropy": 1.7189116477966309, "receiver_entropy": 0.0, "original_loss": 0.6456226110458374, "mean_length": 6.0}
{"mode": "test", "epoch": 86, "loss": 4.1555256843566895, "acc": 0.5344827771186829, "acc_or": 0.8218390941619873, "sender_entropy": 1.772966980934143, "receiver_entropy": 0.0, "original_loss": 0.44923654198646545, "mean_length": 6.0}
{"mode": "train", "epoch": 87, "loss": 4.599435329437256, "acc": 0.37126436829566956, "acc_or": 0.7306513786315918, "sender_entropy": 1.7072384357452393, "receiver_entropy": 0.0, "original_loss": 0.6337097883224487, "mean_length": 6.0}
{"mode": "test", "epoch": 87, "loss": 4.1724324226379395, "acc": 0.5344827771186829, "acc_or": 0.8275861740112305, "sender_entropy": 1.7700717449188232, "receiver_entropy": 0.0, "original_loss": 0.4401276707649231, "mean_length": 6.0}
{"mode": "train", "epoch": 88, "loss": 4.497890949249268, "acc": 0.36867815256118774, "acc_or": 0.732758641242981, "sender_entropy": 1.689520001411438, "receiver_entropy": 0.0, "original_loss": 0.6358670592308044, "mean_length": 6.0}
{"mode": "test", "epoch": 88, "loss": 4.16706657409668, "acc": 0.517241358757019, "acc_or": 0.8218390941619873, "sender_entropy": 1.7650511264801025, "receiver_entropy": 0.0, "original_loss": 0.43411943316459656, "mean_length": 6.0}
{"mode": "train", "epoch": 89, "loss": 4.535315990447998, "acc": 0.3784482777118683, "acc_or": 0.738793134689331, "sender_entropy": 1.683836579322815, "receiver_entropy": 0.0, "original_loss": 0.6189371943473816, "mean_length": 6.0}
{"mode": "test", "epoch": 89, "loss": 4.161839485168457, "acc": 0.5344827771186829, "acc_or": 0.8160919547080994, "sender_entropy": 1.7560592889785767, "receiver_entropy": 0.0, "original_loss": 0.42226898670196533, "mean_length": 6.0}
{"mode": "train", "epoch": 90, "loss": 4.538236618041992, "acc": 0.39942529797554016, "acc_or": 0.7456896901130676, "sender_entropy": 1.6762524843215942, "receiver_entropy": 0.0, "original_loss": 0.6083160638809204, "mean_length": 6.0}
{"mode": "test", "epoch": 90, "loss": 4.095605850219727, "acc": 0.568965494632721, "acc_or": 0.8333333134651184, "sender_entropy": 1.7434929609298706, "receiver_entropy": 0.0, "original_loss": 0.4190990924835205, "mean_length": 6.0}
{"mode": "train", "epoch": 91, "loss": 4.486557483673096, "acc": 0.388505756855011, "acc_or": 0.7419540286064148, "sender_entropy": 1.6644209623336792, "receiver_entropy": 0.0, "original_loss": 0.607038140296936, "mean_length": 6.0}
{"mode": "test", "epoch": 91, "loss": 4.2171759605407715, "acc": 0.568965494632721, "acc_or": 0.8333333134651184, "sender_entropy": 1.7433542013168335, "receiver_entropy": 0.0, "original_loss": 0.3941977322101593, "mean_length": 6.0}
{"mode": "train", "epoch": 92, "loss": 4.663951873779297, "acc": 0.41982758045196533, "acc_or": 0.7564176321029663, "sender_entropy": 1.6591651439666748, "receiver_entropy": 0.0, "original_loss": 0.5828781723976135, "mean_length": 6.0}
{"mode": "test", "epoch": 92, "loss": 4.205093860626221, "acc": 0.5517241358757019, "acc_or": 0.8275861740112305, "sender_entropy": 1.7441346645355225, "receiver_entropy": 0.0, "original_loss": 0.3902890384197235, "mean_length": 6.0}
{"mode": "train", "epoch": 93, "loss": 4.6338958740234375, "acc": 0.42902299761772156, "acc_or": 0.7590038180351257, "sender_entropy": 1.6632543802261353, "receiver_entropy": 0.0, "original_loss": 0.5780676603317261, "mean_length": 6.0}
{"mode": "test", "epoch": 93, "loss": 4.32153844833374, "acc": 0.6206896305084229, "acc_or": 0.8678160905838013, "sender_entropy": 1.7453241348266602, "receiver_entropy": 0.0, "original_loss": 0.3754359781742096, "mean_length": 6.0}
{"mode": "train", "epoch": 94, "loss": 4.593087673187256, "acc": 0.4281609058380127, "acc_or": 0.7586206793785095, "sender_entropy": 1.656603217124939, "receiver_entropy": 0.0, "original_loss": 0.5729190111160278, "mean_length": 6.0}
{"mode": "test", "epoch": 94, "loss": 4.452635288238525, "acc": 0.6896551847457886, "acc_or": 0.8908045887947083, "sender_entropy": 1.737818956375122, "receiver_entropy": 0.0, "original_loss": 0.3418823182582855, "mean_length": 6.0}
{"mode": "train", "epoch": 95, "loss": 4.597014427185059, "acc": 0.4341953992843628, "acc_or": 0.7639846801757812, "sender_entropy": 1.648197889328003, "receiver_entropy": 0.0, "original_loss": 0.5681565999984741, "mean_length": 6.0}
{"mode": "test", "epoch": 95, "loss": 4.387242794036865, "acc": 0.6379310488700867, "acc_or": 0.8735632300376892, "sender_entropy": 1.7362709045410156, "receiver_entropy": 0.0, "original_loss": 0.35020485520362854, "mean_length": 6.0}
{"mode": "train", "epoch": 96, "loss": 4.717329025268555, "acc": 0.45919540524482727, "acc_or": 0.7786398530006409, "sender_entropy": 1.6474586725234985, "receiver_entropy": 0.0, "original_loss": 0.542486310005188, "mean_length": 6.0}
{"mode": "test", "epoch": 96, "loss": 4.345052242279053, "acc": 0.6379310488700867, "acc_or": 0.8735632300376892, "sender_entropy": 1.732262134552002, "receiver_entropy": 0.0, "original_loss": 0.34644535183906555, "mean_length": 6.0}
{"mode": "train", "epoch": 97, "loss": 4.718949317932129, "acc": 0.45862069725990295, "acc_or": 0.7802681922912598, "sender_entropy": 1.6437350511550903, "receiver_entropy": 0.0, "original_loss": 0.5381907224655151, "mean_length": 6.0}
{"mode": "test", "epoch": 97, "loss": 4.453433036804199, "acc": 0.6551724076271057, "acc_or": 0.8793103694915771, "sender_entropy": 1.7274868488311768, "receiver_entropy": 0.0, "original_loss": 0.32295599579811096, "mean_length": 6.0}
{"mode": "train", "epoch": 98, "loss": 4.6368207931518555, "acc": 0.4655172526836395, "acc_or": 0.7822797298431396, "sender_entropy": 1.6375129222869873, "receiver_entropy": 0.0, "original_loss": 0.5354997515678406, "mean_length": 6.0}
{"mode": "test", "epoch": 98, "loss": 4.416116714477539, "acc": 0.7068965435028076, "acc_or": 0.8965517282485962, "sender_entropy": 1.7184170484542847, "receiver_entropy": 0.0, "original_loss": 0.31927692890167236, "mean_length": 6.0}
{"mode": "train", "epoch": 99, "loss": 4.742042541503906, "acc": 0.477011501789093, "acc_or": 0.7878352403640747, "sender_entropy": 1.629263997077942, "receiver_entropy": 0.0, "original_loss": 0.5207265615463257, "mean_length": 6.0}
{"mode": "test", "epoch": 99, "loss": 4.351632118225098, "acc": 0.7068965435028076, "acc_or": 0.8965517282485962, "sender_entropy": 1.708448052406311, "receiver_entropy": 0.0, "original_loss": 0.3110800087451935, "mean_length": 6.0}
{"mode": "train", "epoch": 100, "loss": 4.628967761993408, "acc": 0.48965516686439514, "acc_or": 0.7935823798179626, "sender_entropy": 1.6263240575790405, "receiver_entropy": 0.0, "original_loss": 0.5187533497810364, "mean_length": 6.0}
{"mode": "test", "epoch": 100, "loss": 4.342120170593262, "acc": 0.7241379022598267, "acc_or": 0.9022988677024841, "sender_entropy": 1.7015771865844727, "receiver_entropy": 0.0, "original_loss": 0.2996995151042938, "mean_length": 6.0}
{"mode": "train", "epoch": 101, "loss": 4.602333068847656, "acc": 0.49827584624290466, "acc_or": 0.7961686253547668, "sender_entropy": 1.6131097078323364, "receiver_entropy": 0.0, "original_loss": 0.512616753578186, "mean_length": 6.0}
{"mode": "test", "epoch": 101, "loss": 4.308182239532471, "acc": 0.7758620381355286, "acc_or": 0.9195402264595032, "sender_entropy": 1.6952844858169556, "receiver_entropy": 0.0, "original_loss": 0.29053062200546265, "mean_length": 6.0}
{"mode": "train", "epoch": 102, "loss": 4.60782527923584, "acc": 0.5063218474388123, "acc_or": 0.7999042272567749, "sender_entropy": 1.605130910873413, "receiver_entropy": 0.0, "original_loss": 0.4995712339878082, "mean_length": 6.0}
{"mode": "test", "epoch": 102, "loss": 4.294332504272461, "acc": 0.8275861740112305, "acc_or": 0.9367815852165222, "sender_entropy": 1.6802963018417358, "receiver_entropy": 0.0, "original_loss": 0.27983739972114563, "mean_length": 6.0}
{"mode": "train", "epoch": 103, "loss": 4.6591691970825195, "acc": 0.5109195113182068, "acc_or": 0.8015325665473938, "sender_entropy": 1.5910013914108276, "receiver_entropy": 0.0, "original_loss": 0.48670339584350586, "mean_length": 6.0}
{"mode": "test", "epoch": 103, "loss": 4.297141075134277, "acc": 0.7931034564971924, "acc_or": 0.9195402264595032, "sender_entropy": 1.672415852546692, "receiver_entropy": 0.0, "original_loss": 0.26753902435302734, "mean_length": 6.0}
{"mode": "train", "epoch": 104, "loss": 4.611038684844971, "acc": 0.5178160667419434, "acc_or": 0.8066092133522034, "sender_entropy": 1.5806914567947388, "receiver_entropy": 0.0, "original_loss": 0.4834323525428772, "mean_length": 6.0}
{"mode": "test", "epoch": 104, "loss": 4.160319805145264, "acc": 0.8275861740112305, "acc_or": 0.9367815852165222, "sender_entropy": 1.6635879278182983, "receiver_entropy": 0.0, "original_loss": 0.26505452394485474, "mean_length": 6.0}
{"mode": "train", "epoch": 105, "loss": 4.653447151184082, "acc": 0.534770131111145, "acc_or": 0.8151341080665588, "sender_entropy": 1.5721137523651123, "receiver_entropy": 0.0, "original_loss": 0.47001466155052185, "mean_length": 6.0}
{"mode": "test", "epoch": 105, "loss": 4.233394145965576, "acc": 0.8275861740112305, "acc_or": 0.9425287246704102, "sender_entropy": 1.6599973440170288, "receiver_entropy": 0.0, "original_loss": 0.2532620131969452, "mean_length": 6.0}
{"mode": "train", "epoch": 106, "loss": 4.731775760650635, "acc": 0.5543103218078613, "acc_or": 0.8224138021469116, "sender_entropy": 1.5586647987365723, "receiver_entropy": 0.0, "original_loss": 0.44963306188583374, "mean_length": 6.0}
{"mode": "test", "epoch": 106, "loss": 4.144937992095947, "acc": 0.8275861740112305, "acc_or": 0.9425287246704102, "sender_entropy": 1.6466679573059082, "receiver_entropy": 0.0, "original_loss": 0.2541269361972809, "mean_length": 6.0}
{"mode": "train", "epoch": 107, "loss": 4.6832594871521, "acc": 0.5591953992843628, "acc_or": 0.8235632181167603, "sender_entropy": 1.5483667850494385, "receiver_entropy": 0.0, "original_loss": 0.4477965235710144, "mean_length": 6.0}
{"mode": "test", "epoch": 107, "loss": 4.171919822692871, "acc": 0.8275861740112305, "acc_or": 0.9425287246704102, "sender_entropy": 1.6500530242919922, "receiver_entropy": 0.0, "original_loss": 0.2503516674041748, "mean_length": 6.0}
{"mode": "train", "epoch": 108, "loss": 4.730644226074219, "acc": 0.5586206912994385, "acc_or": 0.8257663249969482, "sender_entropy": 1.5476102828979492, "receiver_entropy": 0.0, "original_loss": 0.4361911118030548, "mean_length": 6.0}
{"mode": "test", "epoch": 108, "loss": 4.301535129547119, "acc": 0.8448275923728943, "acc_or": 0.9482758641242981, "sender_entropy": 1.6516094207763672, "receiver_entropy": 0.0, "original_loss": 0.22984428703784943, "mean_length": 6.0}
{"mode": "train", "epoch": 109, "loss": 4.7539472579956055, "acc": 0.5709770321846008, "acc_or": 0.8319923281669617, "sender_entropy": 1.5432989597320557, "receiver_entropy": 0.0, "original_loss": 0.4273318350315094, "mean_length": 6.0}
{"mode": "test", "epoch": 109, "loss": 4.281970977783203, "acc": 0.8275861740112305, "acc_or": 0.9367815852165222, "sender_entropy": 1.6504912376403809, "receiver_entropy": 0.0, "original_loss": 0.22557711601257324, "mean_length": 6.0}
{"mode": "train", "epoch": 110, "loss": 4.628581523895264, "acc": 0.5603448152542114, "acc_or": 0.8270115256309509, "sender_entropy": 1.534286379814148, "receiver_entropy": 0.0, "original_loss": 0.4346264600753784, "mean_length": 6.0}
{"mode": "test", "epoch": 110, "loss": 4.185865879058838, "acc": 0.8965517282485962, "acc_or": 0.9655172228813171, "sender_entropy": 1.6344326734542847, "receiver_entropy": 0.0, "original_loss": 0.22775676846504211, "mean_length": 6.0}
{"mode": "train", "epoch": 111, "loss": 4.629326820373535, "acc": 0.5681034326553345, "acc_or": 0.8310344815254211, "sender_entropy": 1.5343173742294312, "receiver_entropy": 0.0, "original_loss": 0.4298189580440521, "mean_length": 6.0}
{"mode": "test", "epoch": 111, "loss": 4.193836212158203, "acc": 0.8965517282485962, "acc_or": 0.9655172228813171, "sender_entropy": 1.6316438913345337, "receiver_entropy": 0.0, "original_loss": 0.2176121026277542, "mean_length": 6.0}
{"mode": "train", "epoch": 112, "loss": 4.561257839202881, "acc": 0.5824712514877319, "acc_or": 0.8356322050094604, "sender_entropy": 1.537274718284607, "receiver_entropy": 0.0, "original_loss": 0.42101600766181946, "mean_length": 6.0}
{"mode": "test", "epoch": 112, "loss": 4.046705722808838, "acc": 0.8793103694915771, "acc_or": 0.9597700834274292, "sender_entropy": 1.62613844871521, "receiver_entropy": 0.0, "original_loss": 0.22747762501239777, "mean_length": 6.0}
{"mode": "train", "epoch": 113, "loss": 4.582888126373291, "acc": 0.5936781764030457, "acc_or": 0.8410919904708862, "sender_entropy": 1.5315505266189575, "receiver_entropy": 0.0, "original_loss": 0.41350385546684265, "mean_length": 6.0}
{"mode": "test", "epoch": 113, "loss": 4.057091236114502, "acc": 0.8965517282485962, "acc_or": 0.9655172228813171, "sender_entropy": 1.6208299398422241, "receiver_entropy": 0.0, "original_loss": 0.2165861278772354, "mean_length": 6.0}
{"mode": "train", "epoch": 114, "loss": 4.656277656555176, "acc": 0.6051723957061768, "acc_or": 0.8476054072380066, "sender_entropy": 1.5260915756225586, "receiver_entropy": 0.0, "original_loss": 0.40135931968688965, "mean_length": 6.0}
{"mode": "test", "epoch": 114, "loss": 4.111988067626953, "acc": 0.8275861740112305, "acc_or": 0.9367815852165222, "sender_entropy": 1.6182587146759033, "receiver_entropy": 0.0, "original_loss": 0.20697855949401855, "mean_length": 6.0}
{"mode": "train", "epoch": 115, "loss": 4.547933101654053, "acc": 0.6045976877212524, "acc_or": 0.8436781764030457, "sender_entropy": 1.5202735662460327, "receiver_entropy": 0.0, "original_loss": 0.40416014194488525, "mean_length": 6.0}
{"mode": "test", "epoch": 115, "loss": 4.042227268218994, "acc": 0.8620689511299133, "acc_or": 0.9482758641242981, "sender_entropy": 1.6131062507629395, "receiver_entropy": 0.0, "original_loss": 0.21818917989730835, "mean_length": 6.0}
{"mode": "train", "epoch": 116, "loss": 4.557084560394287, "acc": 0.6045976877212524, "acc_or": 0.8457854390144348, "sender_entropy": 1.5104690790176392, "receiver_entropy": 0.0, "original_loss": 0.39813947677612305, "mean_length": 6.0}
{"mode": "test", "epoch": 116, "loss": 4.295372486114502, "acc": 0.931034505367279, "acc_or": 0.977011501789093, "sender_entropy": 1.6184055805206299, "receiver_entropy": 0.0, "original_loss": 0.1669967919588089, "mean_length": 6.0}
{"mode": "train", "epoch": 117, "loss": 4.515322685241699, "acc": 0.6137930750846863, "acc_or": 0.8505747318267822, "sender_entropy": 1.5127930641174316, "receiver_entropy": 0.0, "original_loss": 0.39095157384872437, "mean_length": 6.0}
{"mode": "test", "epoch": 117, "loss": 4.32543420791626, "acc": 0.9137930870056152, "acc_or": 0.9712643623352051, "sender_entropy": 1.6224392652511597, "receiver_entropy": 0.0, "original_loss": 0.1565757542848587, "mean_length": 6.0}
{"mode": "train", "epoch": 118, "loss": 4.456770896911621, "acc": 0.6086207032203674, "acc_or": 0.8485632538795471, "sender_entropy": 1.5101170539855957, "receiver_entropy": 0.0, "original_loss": 0.3949337303638458, "mean_length": 6.0}
{"mode": "test", "epoch": 118, "loss": 3.946751594543457, "acc": 0.8620689511299133, "acc_or": 0.954023003578186, "sender_entropy": 1.6099995374679565, "receiver_entropy": 0.0, "original_loss": 0.20204108953475952, "mean_length": 6.0}
{"mode": "train", "epoch": 119, "loss": 4.497936725616455, "acc": 0.6235632300376892, "acc_or": 0.8545019626617432, "sender_entropy": 1.502943992614746, "receiver_entropy": 0.0, "original_loss": 0.3845997750759125, "mean_length": 6.0}
{"mode": "test", "epoch": 119, "loss": 3.9581191539764404, "acc": 0.8620689511299133, "acc_or": 0.954023003578186, "sender_entropy": 1.6125327348709106, "receiver_entropy": 0.0, "original_loss": 0.2054169774055481, "mean_length": 6.0}
{"mode": "train", "epoch": 120, "loss": 4.435728073120117, "acc": 0.613218367099762, "acc_or": 0.8480843305587769, "sender_entropy": 1.4977262020111084, "receiver_entropy": 0.0, "original_loss": 0.3892627954483032, "mean_length": 6.0}
{"mode": "test", "epoch": 120, "loss": 4.222457408905029, "acc": 0.8793103694915771, "acc_or": 0.9597700834274292, "sender_entropy": 1.6198979616165161, "receiver_entropy": 0.0, "original_loss": 0.16064979135990143, "mean_length": 6.0}
{"mode": "train", "epoch": 121, "loss": 4.518189907073975, "acc": 0.6183907985687256, "acc_or": 0.8547893166542053, "sender_entropy": 1.4997822046279907, "receiver_entropy": 0.0, "original_loss": 0.37257450819015503, "mean_length": 6.0}
{"mode": "test", "epoch": 121, "loss": 4.252780437469482, "acc": 0.931034505367279, "acc_or": 0.977011501789093, "sender_entropy": 1.6193523406982422, "receiver_entropy": 0.0, "original_loss": 0.15528899431228638, "mean_length": 6.0}
{"mode": "train", "epoch": 122, "loss": 4.426541328430176, "acc": 0.6339080333709717, "acc_or": 0.8590996265411377, "sender_entropy": 1.5069596767425537, "receiver_entropy": 0.0, "original_loss": 0.372088760137558, "mean_length": 6.0}
{"mode": "test", "epoch": 122, "loss": 4.273506164550781, "acc": 0.931034505367279, "acc_or": 0.977011501789093, "sender_entropy": 1.6155009269714355, "receiver_entropy": 0.0, "original_loss": 0.14544391632080078, "mean_length": 6.0}
{"mode": "train", "epoch": 123, "loss": 4.559902667999268, "acc": 0.6293103694915771, "acc_or": 0.8585249185562134, "sender_entropy": 1.5066595077514648, "receiver_entropy": 0.0, "original_loss": 0.35746967792510986, "mean_length": 6.0}
{"mode": "test", "epoch": 123, "loss": 4.070440769195557, "acc": 0.8793103694915771, "acc_or": 0.9597700834274292, "sender_entropy": 1.6069145202636719, "receiver_entropy": 0.0, "original_loss": 0.1681627631187439, "mean_length": 6.0}
{"mode": "train", "epoch": 124, "loss": 4.412145614624023, "acc": 0.6264367699623108, "acc_or": 0.8574712872505188, "sender_entropy": 1.4998899698257446, "receiver_entropy": 0.0, "original_loss": 0.36851000785827637, "mean_length": 6.0}
{"mode": "test", "epoch": 124, "loss": 4.1189985275268555, "acc": 0.8965517282485962, "acc_or": 0.9655172228813171, "sender_entropy": 1.6042813062667847, "receiver_entropy": 0.0, "original_loss": 0.14884620904922485, "mean_length": 6.0}
{"mode": "train", "epoch": 125, "loss": 4.492027282714844, "acc": 0.6531609296798706, "acc_or": 0.8690613508224487, "sender_entropy": 1.501242995262146, "receiver_entropy": 0.0, "original_loss": 0.35053619742393494, "mean_length": 6.0}
{"mode": "test", "epoch": 125, "loss": 4.155892848968506, "acc": 0.9482758641242981, "acc_or": 0.982758641242981, "sender_entropy": 1.6028897762298584, "receiver_entropy": 0.0, "original_loss": 0.13682565093040466, "mean_length": 6.0}
{"mode": "train", "epoch": 126, "loss": 4.40379524230957, "acc": 0.6442528963088989, "acc_or": 0.863697350025177, "sender_entropy": 1.4914970397949219, "receiver_entropy": 0.0, "original_loss": 0.35633042454719543, "mean_length": 6.0}
{"mode": "test", "epoch": 126, "loss": 4.154964923858643, "acc": 0.9655172228813171, "acc_or": 0.9885057210922241, "sender_entropy": 1.5958635807037354, "receiver_entropy": 0.0, "original_loss": 0.12661682069301605, "mean_length": 6.0}
{"mode": "train", "epoch": 127, "loss": 4.484834671020508, "acc": 0.6658046245574951, "acc_or": 0.8718391060829163, "sender_entropy": 1.4879847764968872, "receiver_entropy": 0.0, "original_loss": 0.3397587835788727, "mean_length": 6.0}
{"mode": "test", "epoch": 127, "loss": 4.159023284912109, "acc": 0.9655172228813171, "acc_or": 0.9885057210922241, "sender_entropy": 1.5940990447998047, "receiver_entropy": 0.0, "original_loss": 0.12013440579175949, "mean_length": 6.0}
{"mode": "train", "epoch": 128, "loss": 4.559626579284668, "acc": 0.665229856967926, "acc_or": 0.8751915693283081, "sender_entropy": 1.4872575998306274, "receiver_entropy": 0.0, "original_loss": 0.3280406594276428, "mean_length": 6.0}
{"mode": "test", "epoch": 128, "loss": 4.101070404052734, "acc": 0.931034505367279, "acc_or": 0.977011501789093, "sender_entropy": 1.5893949270248413, "receiver_entropy": 0.0, "original_loss": 0.12426457554101944, "mean_length": 6.0}
{"mode": "train", "epoch": 129, "loss": 4.320364952087402, "acc": 0.6594827771186829, "acc_or": 0.8688697218894958, "sender_entropy": 1.4822851419448853, "receiver_entropy": 0.0, "original_loss": 0.34607353806495667, "mean_length": 6.0}
{"mode": "test", "epoch": 129, "loss": 4.102214813232422, "acc": 0.9482758641242981, "acc_or": 0.982758641242981, "sender_entropy": 1.5806165933609009, "receiver_entropy": 0.0, "original_loss": 0.11244893819093704, "mean_length": 6.0}
{"mode": "train", "epoch": 130, "loss": 4.519970893859863, "acc": 0.6695402264595032, "acc_or": 0.8773946762084961, "sender_entropy": 1.4780614376068115, "receiver_entropy": 0.0, "original_loss": 0.31972336769104004, "mean_length": 6.0}
{"mode": "test", "epoch": 130, "loss": 4.0349202156066895, "acc": 0.931034505367279, "acc_or": 0.977011501789093, "sender_entropy": 1.5810625553131104, "receiver_entropy": 0.0, "original_loss": 0.11809271574020386, "mean_length": 6.0}
{"mode": "train", "epoch": 131, "loss": 4.507687568664551, "acc": 0.6867815852165222, "acc_or": 0.8838123083114624, "sender_entropy": 1.4758402109146118, "receiver_entropy": 0.0, "original_loss": 0.31327325105667114, "mean_length": 6.0}
{"mode": "test", "epoch": 131, "loss": 3.9581429958343506, "acc": 0.9137930870056152, "acc_or": 0.9712643623352051, "sender_entropy": 1.5796996355056763, "receiver_entropy": 0.0, "original_loss": 0.12433692812919617, "mean_length": 6.0}
{"mode": "train", "epoch": 132, "loss": 4.420153617858887, "acc": 0.6864942312240601, "acc_or": 0.882758617401123, "sender_entropy": 1.4745622873306274, "receiver_entropy": 0.0, "original_loss": 0.31803441047668457, "mean_length": 6.0}
{"mode": "test", "epoch": 132, "loss": 3.8992059230804443, "acc": 0.8965517282485962, "acc_or": 0.9655172228813171, "sender_entropy": 1.5701773166656494, "receiver_entropy": 0.0, "original_loss": 0.12333120405673981, "mean_length": 6.0}
{"mode": "train", "epoch": 133, "loss": 4.402658462524414, "acc": 0.6867815852165222, "acc_or": 0.8824712634086609, "sender_entropy": 1.4765255451202393, "receiver_entropy": 0.0, "original_loss": 0.3109159469604492, "mean_length": 6.0}
{"mode": "test", "epoch": 133, "loss": 3.9268670082092285, "acc": 0.9137930870056152, "acc_or": 0.9712643623352051, "sender_entropy": 1.572843313217163, "receiver_entropy": 0.0, "original_loss": 0.11239854246377945, "mean_length": 6.0}
{"mode": "train", "epoch": 134, "loss": 4.418036460876465, "acc": 0.6936781406402588, "acc_or": 0.8845785856246948, "sender_entropy": 1.4701871871948242, "receiver_entropy": 0.0, "original_loss": 0.3047296702861786, "mean_length": 6.0}
{"mode": "test", "epoch": 134, "loss": 3.9286482334136963, "acc": 0.9482758641242981, "acc_or": 0.982758641242981, "sender_entropy": 1.5642391443252563, "receiver_entropy": 0.0, "original_loss": 0.09984328597784042, "mean_length": 6.0}
{"mode": "train", "epoch": 135, "loss": 4.434814929962158, "acc": 0.6942528486251831, "acc_or": 0.8870689868927002, "sender_entropy": 1.457348346710205, "receiver_entropy": 0.0, "original_loss": 0.2958837151527405, "mean_length": 6.0}
{"mode": "test", "epoch": 135, "loss": 3.850822687149048, "acc": 0.931034505367279, "acc_or": 0.977011501789093, "sender_entropy": 1.5548372268676758, "receiver_entropy": 0.0, "original_loss": 0.10536935180425644, "mean_length": 6.0}
{"mode": "train", "epoch": 136, "loss": 4.4921979904174805, "acc": 0.7126436829566956, "acc_or": 0.8932950496673584, "sender_entropy": 1.4509538412094116, "receiver_entropy": 0.0, "original_loss": 0.282758891582489, "mean_length": 6.0}
{"mode": "test", "epoch": 136, "loss": 3.795663595199585, "acc": 0.9655172228813171, "acc_or": 0.9885057210922241, "sender_entropy": 1.540737271308899, "receiver_entropy": 0.0, "original_loss": 0.09696079045534134, "mean_length": 6.0}
{"mode": "train", "epoch": 137, "loss": 4.457034587860107, "acc": 0.7097700834274292, "acc_or": 0.8945402503013611, "sender_entropy": 1.442740559577942, "receiver_entropy": 0.0, "original_loss": 0.2750471532344818, "mean_length": 6.0}
{"mode": "test", "epoch": 137, "loss": 3.7875959873199463, "acc": 0.982758641242981, "acc_or": 0.9942528605461121, "sender_entropy": 1.5382217168807983, "receiver_entropy": 0.0, "original_loss": 0.09034419059753418, "mean_length": 6.0}
{"mode": "train", "epoch": 138, "loss": 4.280592441558838, "acc": 0.713505744934082, "acc_or": 0.8936781883239746, "sender_entropy": 1.4298902750015259, "receiver_entropy": 0.0, "original_loss": 0.2881934642791748, "mean_length": 6.0}
{"mode": "test", "epoch": 138, "loss": 3.6891820430755615, "acc": 0.9655172228813171, "acc_or": 0.9885057210922241, "sender_entropy": 1.5315145254135132, "receiver_entropy": 0.0, "original_loss": 0.09451071918010712, "mean_length": 6.0}
{"mode": "train", "epoch": 139, "loss": 4.312979698181152, "acc": 0.7310344576835632, "acc_or": 0.9003831744194031, "sender_entropy": 1.4309529066085815, "receiver_entropy": 0.0, "original_loss": 0.2761574387550354, "mean_length": 6.0}
{"mode": "test", "epoch": 139, "loss": 3.69596791267395, "acc": 0.9482758641242981, "acc_or": 0.982758641242981, "sender_entropy": 1.5301916599273682, "receiver_entropy": 0.0, "original_loss": 0.08573466539382935, "mean_length": 6.0}
{"mode": "train", "epoch": 140, "loss": 4.235921859741211, "acc": 0.7140804529190063, "acc_or": 0.8950191736221313, "sender_entropy": 1.4298293590545654, "receiver_entropy": 0.0, "original_loss": 0.28052517771720886, "mean_length": 6.0}
{"mode": "test", "epoch": 140, "loss": 3.6530182361602783, "acc": 0.9655172228813171, "acc_or": 0.9885057210922241, "sender_entropy": 1.5259023904800415, "receiver_entropy": 0.0, "original_loss": 0.08480364829301834, "mean_length": 6.0}
{"mode": "train", "epoch": 141, "loss": 4.243692398071289, "acc": 0.7158045768737793, "acc_or": 0.8954980969429016, "sender_entropy": 1.4272633790969849, "receiver_entropy": 0.0, "original_loss": 0.2792506814002991, "mean_length": 6.0}
{"mode": "test", "epoch": 141, "loss": 3.5863873958587646, "acc": 0.9482758641242981, "acc_or": 0.982758641242981, "sender_entropy": 1.528639554977417, "receiver_entropy": 0.0, "original_loss": 0.09337880462408066, "mean_length": 6.0}
{"mode": "train", "epoch": 142, "loss": 4.219506740570068, "acc": 0.7224137783050537, "acc_or": 0.8958812355995178, "sender_entropy": 1.4305909872055054, "receiver_entropy": 0.0, "original_loss": 0.2747989296913147, "mean_length": 6.0}
{"mode": "test", "epoch": 142, "loss": 3.603208541870117, "acc": 0.9655172228813171, "acc_or": 0.9885057210922241, "sender_entropy": 1.5251836776733398, "receiver_entropy": 0.0, "original_loss": 0.08316082507371902, "mean_length": 6.0}
{"mode": "train", "epoch": 143, "loss": 4.281756401062012, "acc": 0.7362068891525269, "acc_or": 0.9026820063591003, "sender_entropy": 1.4354790449142456, "receiver_entropy": 0.0, "original_loss": 0.2658887803554535, "mean_length": 6.0}
{"mode": "test", "epoch": 143, "loss": 3.671879291534424, "acc": 0.982758641242981, "acc_or": 0.9942528605461121, "sender_entropy": 1.5329985618591309, "receiver_entropy": 0.0, "original_loss": 0.07778961211442947, "mean_length": 6.0}
{"mode": "train", "epoch": 144, "loss": 4.1469597816467285, "acc": 0.7227011322975159, "acc_or": 0.8967432975769043, "sender_entropy": 1.4396088123321533, "receiver_entropy": 0.0, "original_loss": 0.27665168046951294, "mean_length": 6.0}
{"mode": "test", "epoch": 144, "loss": 3.663222551345825, "acc": 0.982758641242981, "acc_or": 0.9942528605461121, "sender_entropy": 1.5405586957931519, "receiver_entropy": 0.0, "original_loss": 0.07856812328100204, "mean_length": 6.0}
{"mode": "train", "epoch": 145, "loss": 4.20958137512207, "acc": 0.7359195351600647, "acc_or": 0.9016283750534058, "sender_entropy": 1.437644600868225, "receiver_entropy": 0.0, "original_loss": 0.2657838761806488, "mean_length": 6.0}
{"mode": "test", "epoch": 145, "loss": 3.6642816066741943, "acc": 0.9655172228813171, "acc_or": 0.9885057210922241, "sender_entropy": 1.5383732318878174, "receiver_entropy": 0.0, "original_loss": 0.06849189847707748, "mean_length": 6.0}
{"mode": "train", "epoch": 146, "loss": 4.270707130432129, "acc": 0.7344827651977539, "acc_or": 0.9047892689704895, "sender_entropy": 1.43302583694458, "receiver_entropy": 0.0, "original_loss": 0.2593248784542084, "mean_length": 6.0}
{"mode": "test", "epoch": 146, "loss": 3.631124496459961, "acc": 0.982758641242981, "acc_or": 0.9942528605461121, "sender_entropy": 1.5433233976364136, "receiver_entropy": 0.0, "original_loss": 0.07507222145795822, "mean_length": 6.0}
{"mode": "train", "epoch": 147, "loss": 4.177524566650391, "acc": 0.7330459952354431, "acc_or": 0.9023946523666382, "sender_entropy": 1.4342278242111206, "receiver_entropy": 0.0, "original_loss": 0.26563161611557007, "mean_length": 6.0}
{"mode": "test", "epoch": 147, "loss": 3.6312053203582764, "acc": 0.982758641242981, "acc_or": 0.9942528605461121, "sender_entropy": 1.5531433820724487, "receiver_entropy": 0.0, "original_loss": 0.07914900034666061, "mean_length": 6.0}
{"mode": "train", "epoch": 148, "loss": 4.094860076904297, "acc": 0.7241379022598267, "acc_or": 0.8986590504646301, "sender_entropy": 1.440509557723999, "receiver_entropy": 0.0, "original_loss": 0.2684289216995239, "mean_length": 6.0}
{"mode": "test", "epoch": 148, "loss": 3.6167898178100586, "acc": 0.9655172228813171, "acc_or": 0.9885057210922241, "sender_entropy": 1.5563273429870605, "receiver_entropy": 0.0, "original_loss": 0.07640532404184341, "mean_length": 6.0}
{"mode": "train", "epoch": 149, "loss": 4.176903247833252, "acc": 0.7362068891525269, "acc_or": 0.903831422328949, "sender_entropy": 1.4446734189987183, "receiver_entropy": 0.0, "original_loss": 0.2632785737514496, "mean_length": 6.0}
{"mode": "test", "epoch": 149, "loss": 3.6189088821411133, "acc": 0.9655172228813171, "acc_or": 0.9885057210922241, "sender_entropy": 1.5613582134246826, "receiver_entropy": 0.0, "original_loss": 0.07658613473176956, "mean_length": 6.0}
{"mode": "train", "epoch": 150, "loss": 4.0281147956848145, "acc": 0.7235631942749023, "acc_or": 0.898467481136322, "sender_entropy": 1.4500058889389038, "receiver_entropy": 0.0, "original_loss": 0.2724400758743286, "mean_length": 6.0}
{"mode": "test", "epoch": 150, "loss": 3.6314008235931396, "acc": 0.9655172228813171, "acc_or": 0.9885057210922241, "sender_entropy": 1.5648038387298584, "receiver_entropy": 0.0, "original_loss": 0.07969172298908234, "mean_length": 6.0}
{"mode": "train", "epoch": 151, "loss": 4.056450366973877, "acc": 0.7195402383804321, "acc_or": 0.8981800675392151, "sender_entropy": 1.4503487348556519, "receiver_entropy": 0.0, "original_loss": 0.2661777138710022, "mean_length": 6.0}
{"mode": "test", "epoch": 151, "loss": 3.61554217338562, "acc": 0.9655172228813171, "acc_or": 0.9885057210922241, "sender_entropy": 1.5632909536361694, "receiver_entropy": 0.0, "original_loss": 0.08232679218053818, "mean_length": 6.0}
{"mode": "train", "epoch": 152, "loss": 3.9300079345703125, "acc": 0.7215517163276672, "acc_or": 0.8977969288825989, "sender_entropy": 1.4437061548233032, "receiver_entropy": 0.0, "original_loss": 0.27686116099357605, "mean_length": 6.0}
{"mode": "test", "epoch": 152, "loss": 3.6680970191955566, "acc": 0.9655172228813171, "acc_or": 0.9885057210922241, "sender_entropy": 1.5569710731506348, "receiver_entropy": 0.0, "original_loss": 0.0698707327246666, "mean_length": 6.0}
{"mode": "train", "epoch": 153, "loss": 4.021656036376953, "acc": 0.7307471036911011, "acc_or": 0.9003831744194031, "sender_entropy": 1.440377950668335, "receiver_entropy": 0.0, "original_loss": 0.26176169514656067, "mean_length": 6.0}
{"mode": "test", "epoch": 153, "loss": 3.5923709869384766, "acc": 0.9655172228813171, "acc_or": 0.9885057210922241, "sender_entropy": 1.5404561758041382, "receiver_entropy": 0.0, "original_loss": 0.06260897219181061, "mean_length": 6.0}
{"mode": "train", "epoch": 154, "loss": 3.9626500606536865, "acc": 0.732758641242981, "acc_or": 0.9009578824043274, "sender_entropy": 1.4342145919799805, "receiver_entropy": 0.0, "original_loss": 0.26218298077583313, "mean_length": 6.0}
{"mode": "test", "epoch": 154, "loss": 3.4747025966644287, "acc": 0.9482758641242981, "acc_or": 0.982758641242981, "sender_entropy": 1.5377055406570435, "receiver_entropy": 0.0, "original_loss": 0.07983603328466415, "mean_length": 6.0}
{"mode": "train", "epoch": 155, "loss": 3.9904797077178955, "acc": 0.7454022765159607, "acc_or": 0.9058429598808289, "sender_entropy": 1.4308661222457886, "receiver_entropy": 0.0, "original_loss": 0.25148454308509827, "mean_length": 6.0}
{"mode": "test", "epoch": 155, "loss": 3.3678879737854004, "acc": 0.9482758641242981, "acc_or": 0.982758641242981, "sender_entropy": 1.5337018966674805, "receiver_entropy": 0.0, "original_loss": 0.08791245520114899, "mean_length": 6.0}
{"mode": "train", "epoch": 156, "loss": 3.9750936031341553, "acc": 0.7560344934463501, "acc_or": 0.9095785617828369, "sender_entropy": 1.4262332916259766, "receiver_entropy": 0.0, "original_loss": 0.2482174187898636, "mean_length": 6.0}
{"mode": "test", "epoch": 156, "loss": 3.4235336780548096, "acc": 0.931034505367279, "acc_or": 0.977011501789093, "sender_entropy": 1.5344610214233398, "receiver_entropy": 0.0, "original_loss": 0.08169108629226685, "mean_length": 6.0}
{"mode": "train", "epoch": 157, "loss": 4.062475681304932, "acc": 0.7704023122787476, "acc_or": 0.9167624711990356, "sender_entropy": 1.419225811958313, "receiver_entropy": 0.0, "original_loss": 0.23183831572532654, "mean_length": 6.0}
{"mode": "test", "epoch": 157, "loss": 3.4866890907287598, "acc": 0.9655172228813171, "acc_or": 0.9885057210922241, "sender_entropy": 1.5275790691375732, "receiver_entropy": 0.0, "original_loss": 0.06487037241458893, "mean_length": 6.0}
{"mode": "train", "epoch": 158, "loss": 3.9248011112213135, "acc": 0.7525861859321594, "acc_or": 0.9109195470809937, "sender_entropy": 1.4140557050704956, "receiver_entropy": 0.0, "original_loss": 0.2403710037469864, "mean_length": 6.0}
{"mode": "test", "epoch": 158, "loss": 3.46716570854187, "acc": 0.982758641242981, "acc_or": 0.9942528605461121, "sender_entropy": 1.53033447265625, "receiver_entropy": 0.0, "original_loss": 0.06420917063951492, "mean_length": 6.0}
{"mode": "train", "epoch": 159, "loss": 4.094430446624756, "acc": 0.761206865310669, "acc_or": 0.913697361946106, "sender_entropy": 1.4156298637390137, "receiver_entropy": 0.0, "original_loss": 0.22944767773151398, "mean_length": 6.0}
{"mode": "test", "epoch": 159, "loss": 3.505312442779541, "acc": 1.0, "acc_or": 1.0, "sender_entropy": 1.5415281057357788, "receiver_entropy": 0.0, "original_loss": 0.05026458576321602, "mean_length": 6.0}
{"epoch": 159, "positional_disent": 0.05369408428668976, "bag_of_symbol_disent": 0.09075675159692764, "topographic_sim": 0.4442374671910404}
{"generalization hold out": {"acc": 0.9583333730697632, "acc_or": 0.9791666865348816}, "uniform holdout": {"acc": 0.1666666716337204, "acc_or": 0.7222222089767456}, "epoch": 159}
---End--
