nohup: ignoring input
{"mode": "train", "epoch": 1, "loss": -21.78342056274414, "acc": 0.004885057453066111, "acc_or": 0.1867816150188446, "sender_entropy": 2.3008623123168945, "receiver_entropy": 0.0, "original_loss": 1.6110972166061401, "mean_length": 6.0}
{"mode": "test", "epoch": 1, "loss": 0.8776179552078247, "acc": 0.017241379246115685, "acc_or": 0.24137930572032928, "sender_entropy": 2.2984068393707275, "receiver_entropy": 0.0, "original_loss": 1.5765817165374756, "mean_length": 6.0}
{"mode": "train", "epoch": 2, "loss": 0.8876187801361084, "acc": 0.014080459251999855, "acc_or": 0.2568965554237366, "sender_entropy": 2.2985339164733887, "receiver_entropy": 0.0, "original_loss": 1.5778040885925293, "mean_length": 6.0}
{"mode": "test", "epoch": 2, "loss": 1.018891453742981, "acc": 0.017241379246115685, "acc_or": 0.29885056614875793, "sender_entropy": 2.2965495586395264, "receiver_entropy": 0.0, "original_loss": 1.5460712909698486, "mean_length": 6.0}
{"mode": "train", "epoch": 3, "loss": 1.0661678314208984, "acc": 0.016954023391008377, "acc_or": 0.26906129717826843, "sender_entropy": 2.29656720161438, "receiver_entropy": 0.0, "original_loss": 1.5459073781967163, "mean_length": 6.0}
{"mode": "test", "epoch": 3, "loss": 1.262162685394287, "acc": 0.017241379246115685, "acc_or": 0.27586206793785095, "sender_entropy": 2.2955288887023926, "receiver_entropy": 0.0, "original_loss": 1.507717490196228, "mean_length": 6.0}
{"mode": "train", "epoch": 4, "loss": 1.244995355606079, "acc": 0.01465517282485962, "acc_or": 0.2608237564563751, "sender_entropy": 2.295459508895874, "receiver_entropy": 0.0, "original_loss": 1.5144461393356323, "mean_length": 6.0}
{"mode": "test", "epoch": 4, "loss": 1.5388692617416382, "acc": 0.017241379246115685, "acc_or": 0.270114928483963, "sender_entropy": 2.2950804233551025, "receiver_entropy": 0.0, "original_loss": 1.4670437574386597, "mean_length": 6.0}
{"mode": "train", "epoch": 5, "loss": 1.47749662399292, "acc": 0.017241379246115685, "acc_or": 0.2689655125141144, "sender_entropy": 2.2949788570404053, "receiver_entropy": 0.0, "original_loss": 1.478853464126587, "mean_length": 6.0}
{"mode": "test", "epoch": 5, "loss": 1.8541324138641357, "acc": 0.03448275849223137, "acc_or": 0.270114928483963, "sender_entropy": 2.294501304626465, "receiver_entropy": 0.0, "original_loss": 1.422486424446106, "mean_length": 6.0}
{"mode": "train", "epoch": 6, "loss": 1.6771299839019775, "acc": 0.016379309818148613, "acc_or": 0.2686781585216522, "sender_entropy": 2.2943906784057617, "receiver_entropy": 0.0, "original_loss": 1.445194125175476, "mean_length": 6.0}
{"mode": "test", "epoch": 6, "loss": 2.050963878631592, "acc": 0.03448275849223137, "acc_or": 0.2931034564971924, "sender_entropy": 2.2936601638793945, "receiver_entropy": 0.0, "original_loss": 1.3869489431381226, "mean_length": 6.0}
{"mode": "train", "epoch": 7, "loss": 1.8299798965454102, "acc": 0.017528735101222992, "acc_or": 0.2699233889579773, "sender_entropy": 2.293553352355957, "receiver_entropy": 0.0, "original_loss": 1.4152576923370361, "mean_length": 6.0}
{"mode": "test", "epoch": 7, "loss": 1.9001528024673462, "acc": 0.03448275849223137, "acc_or": 0.3045977056026459, "sender_entropy": 2.2930378913879395, "receiver_entropy": 0.0, "original_loss": 1.3812774419784546, "mean_length": 6.0}
{"mode": "train", "epoch": 8, "loss": 1.8612730503082275, "acc": 0.016379309818148613, "acc_or": 0.2670498192310333, "sender_entropy": 2.292941093444824, "receiver_entropy": 0.0, "original_loss": 1.3952516317367554, "mean_length": 6.0}
{"mode": "test", "epoch": 8, "loss": 1.7442429065704346, "acc": 0.0, "acc_or": 0.26436781883239746, "sender_entropy": 2.2930545806884766, "receiver_entropy": 0.0, "original_loss": 1.3788397312164307, "mean_length": 6.0}
{"mode": "train", "epoch": 9, "loss": 1.7533233165740967, "acc": 0.019540229812264442, "acc_or": 0.2590996325016022, "sender_entropy": 2.292958974838257, "receiver_entropy": 0.0, "original_loss": 1.387905478477478, "mean_length": 6.0}
{"mode": "test", "epoch": 9, "loss": 1.6181960105895996, "acc": 0.017241379246115685, "acc_or": 0.31609195470809937, "sender_entropy": 2.2935469150543213, "receiver_entropy": 0.0, "original_loss": 1.376254677772522, "mean_length": 6.0}
{"mode": "train", "epoch": 10, "loss": 1.5995818376541138, "acc": 0.013793103396892548, "acc_or": 0.2590996325016022, "sender_entropy": 2.2934763431549072, "receiver_entropy": 0.0, "original_loss": 1.38690984249115, "mean_length": 6.0}
{"mode": "test", "epoch": 10, "loss": 1.5344828367233276, "acc": 0.017241379246115685, "acc_or": 0.3218390941619873, "sender_entropy": 2.294508934020996, "receiver_entropy": 0.0, "original_loss": 1.372467041015625, "mean_length": 6.0}
{"mode": "train", "epoch": 11, "loss": 1.486824631690979, "acc": 0.019540229812264442, "acc_or": 0.2709770202636719, "sender_entropy": 2.2945175170898438, "receiver_entropy": 0.0, "original_loss": 1.3849695920944214, "mean_length": 6.0}
{"mode": "test", "epoch": 11, "loss": 1.469819188117981, "acc": 0.03448275849223137, "acc_or": 0.3735632300376892, "sender_entropy": 2.2955312728881836, "receiver_entropy": 0.0, "original_loss": 1.370008111000061, "mean_length": 6.0}
{"mode": "train", "epoch": 12, "loss": 1.3601775169372559, "acc": 0.014367816038429737, "acc_or": 0.2715517282485962, "sender_entropy": 2.2955663204193115, "receiver_entropy": 0.0, "original_loss": 1.3860095739364624, "mean_length": 6.0}
{"mode": "test", "epoch": 12, "loss": 1.443947196006775, "acc": 0.03448275849223137, "acc_or": 0.3333333432674408, "sender_entropy": 2.2964091300964355, "receiver_entropy": 0.0, "original_loss": 1.365296483039856, "mean_length": 6.0}
{"mode": "train", "epoch": 13, "loss": 1.2791845798492432, "acc": 0.01896551623940468, "acc_or": 0.26963603496551514, "sender_entropy": 2.2964704036712646, "receiver_entropy": 0.0, "original_loss": 1.385069489479065, "mean_length": 6.0}
{"mode": "test", "epoch": 13, "loss": 1.4410516023635864, "acc": 0.017241379246115685, "acc_or": 0.39080458879470825, "sender_entropy": 2.297122001647949, "receiver_entropy": 0.0, "original_loss": 1.359619379043579, "mean_length": 6.0}
{"mode": "train", "epoch": 14, "loss": 1.215317964553833, "acc": 0.01867816038429737, "acc_or": 0.2761494219303131, "sender_entropy": 2.2971675395965576, "receiver_entropy": 0.0, "original_loss": 1.3837445974349976, "mean_length": 6.0}
{"mode": "test", "epoch": 14, "loss": 1.4172786474227905, "acc": 0.06896551698446274, "acc_or": 0.43103447556495667, "sender_entropy": 2.2975997924804688, "receiver_entropy": 0.0, "original_loss": 1.356441617012024, "mean_length": 6.0}
{"mode": "train", "epoch": 15, "loss": 1.1339950561523438, "acc": 0.01896551623940468, "acc_or": 0.2701149582862854, "sender_entropy": 2.2976012229919434, "receiver_entropy": 0.0, "original_loss": 1.3846211433410645, "mean_length": 6.0}
{"mode": "test", "epoch": 15, "loss": 1.4316569566726685, "acc": 0.06896551698446274, "acc_or": 0.40229883790016174, "sender_entropy": 2.2978909015655518, "receiver_entropy": 0.0, "original_loss": 1.3507603406906128, "mean_length": 6.0}
{"mode": "train", "epoch": 16, "loss": 1.094825267791748, "acc": 0.01867816038429737, "acc_or": 0.274137943983078, "sender_entropy": 2.2978591918945312, "receiver_entropy": 0.0, "original_loss": 1.3829543590545654, "mean_length": 6.0}
{"mode": "test", "epoch": 16, "loss": 1.4615905284881592, "acc": 0.051724135875701904, "acc_or": 0.43103447556495667, "sender_entropy": 2.2980690002441406, "receiver_entropy": 0.0, "original_loss": 1.344080924987793, "mean_length": 6.0}
{"mode": "train", "epoch": 17, "loss": 1.0395523309707642, "acc": 0.01781609281897545, "acc_or": 0.27729886770248413, "sender_entropy": 2.297983407974243, "receiver_entropy": 0.0, "original_loss": 1.3830660581588745, "mean_length": 6.0}
{"mode": "test", "epoch": 17, "loss": 1.5009764432907104, "acc": 0.06896551698446274, "acc_or": 0.4482758641242981, "sender_entropy": 2.298161745071411, "receiver_entropy": 0.0, "original_loss": 1.337058186531067, "mean_length": 6.0}
{"mode": "train", "epoch": 18, "loss": 0.9913594722747803, "acc": 0.021551724523305893, "acc_or": 0.27461686730384827, "sender_entropy": 2.2980852127075195, "receiver_entropy": 0.0, "original_loss": 1.3831419944763184, "mean_length": 6.0}
{"mode": "test", "epoch": 18, "loss": 1.5267677307128906, "acc": 0.13793103396892548, "acc_or": 0.517241358757019, "sender_entropy": 2.2982330322265625, "receiver_entropy": 0.0, "original_loss": 1.3315600156784058, "mean_length": 6.0}
{"mode": "train", "epoch": 19, "loss": 0.9689202904701233, "acc": 0.017528735101222992, "acc_or": 0.2814176380634308, "sender_entropy": 2.2981367111206055, "receiver_entropy": 0.0, "original_loss": 1.3815269470214844, "mean_length": 6.0}
{"mode": "test", "epoch": 19, "loss": 1.5354509353637695, "acc": 0.12068965286016464, "acc_or": 0.5287356376647949, "sender_entropy": 2.2982888221740723, "receiver_entropy": 0.0, "original_loss": 1.3276931047439575, "mean_length": 6.0}
{"mode": "train", "epoch": 20, "loss": 0.922523558139801, "acc": 0.020114943385124207, "acc_or": 0.2801724076271057, "sender_entropy": 2.298208475112915, "receiver_entropy": 0.0, "original_loss": 1.3821167945861816, "mean_length": 6.0}
{"mode": "test", "epoch": 20, "loss": 1.5904605388641357, "acc": 0.06896551698446274, "acc_or": 0.517241358757019, "sender_entropy": 2.298356533050537, "receiver_entropy": 0.0, "original_loss": 1.320381760597229, "mean_length": 6.0}
{"mode": "train", "epoch": 21, "loss": 0.8894226551055908, "acc": 0.021264366805553436, "acc_or": 0.2773946523666382, "sender_entropy": 2.298274517059326, "receiver_entropy": 0.0, "original_loss": 1.381953239440918, "mean_length": 6.0}
{"mode": "test", "epoch": 21, "loss": 1.67271888256073, "acc": 0.12068965286016464, "acc_or": 0.5574712753295898, "sender_entropy": 2.2984042167663574, "receiver_entropy": 0.0, "original_loss": 1.311059832572937, "mean_length": 6.0}
{"mode": "train", "epoch": 22, "loss": 0.8739119172096252, "acc": 0.022413793951272964, "acc_or": 0.2803639769554138, "sender_entropy": 2.298360586166382, "receiver_entropy": 0.0, "original_loss": 1.3807204961776733, "mean_length": 6.0}
{"mode": "test", "epoch": 22, "loss": 1.6957350969314575, "acc": 0.06896551698446274, "acc_or": 0.5114942789077759, "sender_entropy": 2.298499822616577, "receiver_entropy": 0.0, "original_loss": 1.3067891597747803, "mean_length": 6.0}
{"mode": "train", "epoch": 23, "loss": 0.8308563828468323, "acc": 0.021551724523305893, "acc_or": 0.2849617004394531, "sender_entropy": 2.2984745502471924, "receiver_entropy": 0.0, "original_loss": 1.3817561864852905, "mean_length": 6.0}
{"mode": "test", "epoch": 23, "loss": 1.7420345544815063, "acc": 0.10344827175140381, "acc_or": 0.5114942789077759, "sender_entropy": 2.2985875606536865, "receiver_entropy": 0.0, "original_loss": 1.3008781671524048, "mean_length": 6.0}
{"mode": "train", "epoch": 24, "loss": 0.8084824681282043, "acc": 0.015517241321504116, "acc_or": 0.2827586233615875, "sender_entropy": 2.298595905303955, "receiver_entropy": 0.0, "original_loss": 1.381433129310608, "mean_length": 6.0}
{"mode": "test", "epoch": 24, "loss": 1.7696260213851929, "acc": 0.10344827175140381, "acc_or": 0.517241358757019, "sender_entropy": 2.298658609390259, "receiver_entropy": 0.0, "original_loss": 1.2966705560684204, "mean_length": 6.0}
{"mode": "train", "epoch": 25, "loss": 0.7973350286483765, "acc": 0.018390804529190063, "acc_or": 0.2795976996421814, "sender_entropy": 2.2986831665039062, "receiver_entropy": 0.0, "original_loss": 1.3803876638412476, "mean_length": 6.0}
{"mode": "test", "epoch": 25, "loss": 1.784234881401062, "acc": 0.12068965286016464, "acc_or": 0.517241358757019, "sender_entropy": 2.298706293106079, "receiver_entropy": 0.0, "original_loss": 1.2936580181121826, "mean_length": 6.0}
{"mode": "train", "epoch": 26, "loss": 0.7747694253921509, "acc": 0.018103448674082756, "acc_or": 0.2852490544319153, "sender_entropy": 2.298760414123535, "receiver_entropy": 0.0, "original_loss": 1.3802968263626099, "mean_length": 6.0}
{"mode": "test", "epoch": 26, "loss": 1.8295522928237915, "acc": 0.08620689809322357, "acc_or": 0.5, "sender_entropy": 2.298658609390259, "receiver_entropy": 0.0, "original_loss": 1.2881791591644287, "mean_length": 6.0}
{"mode": "train", "epoch": 27, "loss": 0.7636138200759888, "acc": 0.020114943385124207, "acc_or": 0.2838122546672821, "sender_entropy": 2.298759937286377, "receiver_entropy": 0.0, "original_loss": 1.3794585466384888, "mean_length": 6.0}
{"mode": "test", "epoch": 27, "loss": 1.8661569356918335, "acc": 0.08620689809322357, "acc_or": 0.522988498210907, "sender_entropy": 2.2985358238220215, "receiver_entropy": 0.0, "original_loss": 1.283303141593933, "mean_length": 6.0}
{"mode": "train", "epoch": 28, "loss": 0.7419378757476807, "acc": 0.026724137365818024, "acc_or": 0.2892720401287079, "sender_entropy": 2.298656463623047, "receiver_entropy": 0.0, "original_loss": 1.3795839548110962, "mean_length": 6.0}
{"mode": "test", "epoch": 28, "loss": 1.887599229812622, "acc": 0.06896551698446274, "acc_or": 0.5057471394538879, "sender_entropy": 2.298319101333618, "receiver_entropy": 0.0, "original_loss": 1.2796952724456787, "mean_length": 6.0}
{"mode": "train", "epoch": 29, "loss": 0.7456361055374146, "acc": 0.027298850938677788, "acc_or": 0.29252874851226807, "sender_entropy": 2.2984588146209717, "receiver_entropy": 0.0, "original_loss": 1.377807378768921, "mean_length": 6.0}
{"mode": "test", "epoch": 29, "loss": 1.9619020223617554, "acc": 0.10344827175140381, "acc_or": 0.5574712753295898, "sender_entropy": 2.2979514598846436, "receiver_entropy": 0.0, "original_loss": 1.2716659307479858, "mean_length": 6.0}
{"mode": "train", "epoch": 30, "loss": 0.7210142016410828, "acc": 0.02413793094456196, "acc_or": 0.28994253277778625, "sender_entropy": 2.29813814163208, "receiver_entropy": 0.0, "original_loss": 1.3783226013183594, "mean_length": 6.0}
{"mode": "test", "epoch": 30, "loss": 2.046142578125, "acc": 0.06896551698446274, "acc_or": 0.5344827771186829, "sender_entropy": 2.2974777221679688, "receiver_entropy": 0.0, "original_loss": 1.2627840042114258, "mean_length": 6.0}
{"mode": "train", "epoch": 31, "loss": 0.7121833562850952, "acc": 0.019540229812264442, "acc_or": 0.2896551787853241, "sender_entropy": 2.2977027893066406, "receiver_entropy": 0.0, "original_loss": 1.377646565437317, "mean_length": 6.0}
{"mode": "test", "epoch": 31, "loss": 2.0873806476593018, "acc": 0.06896551698446274, "acc_or": 0.5057471394538879, "sender_entropy": 2.296880006790161, "receiver_entropy": 0.0, "original_loss": 1.2573421001434326, "mean_length": 6.0}
{"mode": "train", "epoch": 32, "loss": 0.7171968221664429, "acc": 0.02298850566148758, "acc_or": 0.2944444417953491, "sender_entropy": 2.2971277236938477, "receiver_entropy": 0.0, "original_loss": 1.3758927583694458, "mean_length": 6.0}
{"mode": "test", "epoch": 32, "loss": 2.1619796752929688, "acc": 0.08620689809322357, "acc_or": 0.5344827771186829, "sender_entropy": 2.296111583709717, "receiver_entropy": 0.0, "original_loss": 1.248931884765625, "mean_length": 6.0}
{"mode": "train", "epoch": 33, "loss": 0.706068217754364, "acc": 0.024425286799669266, "acc_or": 0.3004789352416992, "sender_entropy": 2.2963361740112305, "receiver_entropy": 0.0, "original_loss": 1.3753867149353027, "mean_length": 6.0}
{"mode": "test", "epoch": 33, "loss": 2.227816581726074, "acc": 0.06896551698446274, "acc_or": 0.522988498210907, "sender_entropy": 2.2949671745300293, "receiver_entropy": 0.0, "original_loss": 1.2408242225646973, "mean_length": 6.0}
{"mode": "train", "epoch": 34, "loss": 0.7256473302841187, "acc": 0.025862067937850952, "acc_or": 0.30181992053985596, "sender_entropy": 2.2952353954315186, "receiver_entropy": 0.0, "original_loss": 1.3726332187652588, "mean_length": 6.0}
{"mode": "test", "epoch": 34, "loss": 2.2945165634155273, "acc": 0.051724135875701904, "acc_or": 0.5517241358757019, "sender_entropy": 2.29345703125, "receiver_entropy": 0.0, "original_loss": 1.232118010520935, "mean_length": 6.0}
{"mode": "train", "epoch": 35, "loss": 0.7238979339599609, "acc": 0.02500000037252903, "acc_or": 0.30421456694602966, "sender_entropy": 2.2937376499176025, "receiver_entropy": 0.0, "original_loss": 1.3713562488555908, "mean_length": 6.0}
{"mode": "test", "epoch": 35, "loss": 2.368067741394043, "acc": 0.08620689809322357, "acc_or": 0.5344827771186829, "sender_entropy": 2.2913222312927246, "receiver_entropy": 0.0, "original_loss": 1.2222826480865479, "mean_length": 6.0}
{"mode": "train", "epoch": 36, "loss": 0.7472696900367737, "acc": 0.029885057359933853, "acc_or": 0.31848660111427307, "sender_entropy": 2.2916252613067627, "receiver_entropy": 0.0, "original_loss": 1.368123173713684, "mean_length": 6.0}
{"mode": "test", "epoch": 36, "loss": 2.4700937271118164, "acc": 0.10344827175140381, "acc_or": 0.545976996421814, "sender_entropy": 2.288281202316284, "receiver_entropy": 0.0, "original_loss": 1.209140419960022, "mean_length": 6.0}
{"mode": "train", "epoch": 37, "loss": 0.7685616612434387, "acc": 0.02816091850399971, "acc_or": 0.31714558601379395, "sender_entropy": 2.2885563373565674, "receiver_entropy": 0.0, "original_loss": 1.3649265766143799, "mean_length": 6.0}
{"mode": "test", "epoch": 37, "loss": 2.5721075534820557, "acc": 0.06896551698446274, "acc_or": 0.5287356376647949, "sender_entropy": 2.283890724182129, "receiver_entropy": 0.0, "original_loss": 1.1945539712905884, "mean_length": 6.0}
{"mode": "train", "epoch": 38, "loss": 0.7946231961250305, "acc": 0.0336206890642643, "acc_or": 0.32318007946014404, "sender_entropy": 2.2841501235961914, "receiver_entropy": 0.0, "original_loss": 1.361208200454712, "mean_length": 6.0}
{"mode": "test", "epoch": 38, "loss": 2.6112232208251953, "acc": 0.06896551698446274, "acc_or": 0.540229856967926, "sender_entropy": 2.277279853820801, "receiver_entropy": 0.0, "original_loss": 1.1836329698562622, "mean_length": 6.0}
{"mode": "train", "epoch": 39, "loss": 0.8747475743293762, "acc": 0.03649425134062767, "acc_or": 0.32940614223480225, "sender_entropy": 2.2775447368621826, "receiver_entropy": 0.0, "original_loss": 1.3530128002166748, "mean_length": 6.0}
{"mode": "test", "epoch": 39, "loss": 2.576289653778076, "acc": 0.051724135875701904, "acc_or": 0.5287356376647949, "sender_entropy": 2.267548084259033, "receiver_entropy": 0.0, "original_loss": 1.1770461797714233, "mean_length": 6.0}
{"mode": "train", "epoch": 40, "loss": 0.9743584990501404, "acc": 0.039942529052495956, "acc_or": 0.3503831624984741, "sender_entropy": 2.2677674293518066, "receiver_entropy": 0.0, "original_loss": 1.342663049697876, "mean_length": 6.0}
{"mode": "test", "epoch": 40, "loss": 2.5196824073791504, "acc": 0.08620689809322357, "acc_or": 0.517241358757019, "sender_entropy": 2.2542011737823486, "receiver_entropy": 0.0, "original_loss": 1.1705589294433594, "mean_length": 6.0}
{"mode": "train", "epoch": 41, "loss": 1.0863620042800903, "acc": 0.04080459848046303, "acc_or": 0.35498085618019104, "sender_entropy": 2.2542223930358887, "receiver_entropy": 0.0, "original_loss": 1.3307244777679443, "mean_length": 6.0}
{"mode": "test", "epoch": 41, "loss": 2.4749932289123535, "acc": 0.06896551698446274, "acc_or": 0.5057471394538879, "sender_entropy": 2.240863561630249, "receiver_entropy": 0.0, "original_loss": 1.163173794746399, "mean_length": 6.0}
{"mode": "train", "epoch": 42, "loss": 1.2496867179870605, "acc": 0.043390803039073944, "acc_or": 0.37270116806030273, "sender_entropy": 2.240399122238159, "receiver_entropy": 0.0, "original_loss": 1.3139535188674927, "mean_length": 6.0}
{"mode": "test", "epoch": 42, "loss": 2.4263792037963867, "acc": 0.051724135875701904, "acc_or": 0.517241358757019, "sender_entropy": 2.2284724712371826, "receiver_entropy": 0.0, "original_loss": 1.156822681427002, "mean_length": 6.0}
{"mode": "train", "epoch": 43, "loss": 1.3654414415359497, "acc": 0.04856321960687637, "acc_or": 0.3806513547897339, "sender_entropy": 2.2273590564727783, "receiver_entropy": 0.0, "original_loss": 1.2999382019042969, "mean_length": 6.0}
{"mode": "test", "epoch": 43, "loss": 2.1919288635253906, "acc": 0.051724135875701904, "acc_or": 0.5, "sender_entropy": 2.2141833305358887, "receiver_entropy": 0.0, "original_loss": 1.1675504446029663, "mean_length": 6.0}
{"mode": "train", "epoch": 44, "loss": 1.5564918518066406, "acc": 0.0497126430273056, "acc_or": 0.3951149582862854, "sender_entropy": 2.2124853134155273, "receiver_entropy": 0.0, "original_loss": 1.279293179512024, "mean_length": 6.0}
{"mode": "test", "epoch": 44, "loss": 2.0440433025360107, "acc": 0.03448275849223137, "acc_or": 0.4885057508945465, "sender_entropy": 2.2018351554870605, "receiver_entropy": 0.0, "original_loss": 1.1733838319778442, "mean_length": 6.0}
{"mode": "train", "epoch": 45, "loss": 1.6034479141235352, "acc": 0.05028735473752022, "acc_or": 0.3977011442184448, "sender_entropy": 2.1996805667877197, "receiver_entropy": 0.0, "original_loss": 1.2690435647964478, "mean_length": 6.0}
{"mode": "test", "epoch": 45, "loss": 1.8960191011428833, "acc": 0.03448275849223137, "acc_or": 0.49425286054611206, "sender_entropy": 2.188964605331421, "receiver_entropy": 0.0, "original_loss": 1.1816353797912598, "mean_length": 6.0}
{"mode": "train", "epoch": 46, "loss": 1.6448252201080322, "acc": 0.05632183700799942, "acc_or": 0.4031609296798706, "sender_entropy": 2.186525344848633, "receiver_entropy": 0.0, "original_loss": 1.2590713500976562, "mean_length": 6.0}
{"mode": "test", "epoch": 46, "loss": 1.8176240921020508, "acc": 0.03448275849223137, "acc_or": 0.517241358757019, "sender_entropy": 2.167179822921753, "receiver_entropy": 0.0, "original_loss": 1.180319905281067, "mean_length": 6.0}
{"mode": "train", "epoch": 47, "loss": 1.754793643951416, "acc": 0.05517241358757019, "acc_or": 0.41551724076271057, "sender_entropy": 2.1635046005249023, "receiver_entropy": 0.0, "original_loss": 1.2455941438674927, "mean_length": 6.0}
{"mode": "test", "epoch": 47, "loss": 2.0746331214904785, "acc": 0.03448275849223137, "acc_or": 0.5114942789077759, "sender_entropy": 2.16202712059021, "receiver_entropy": 0.0, "original_loss": 1.1511012315750122, "mean_length": 6.0}
{"mode": "train", "epoch": 48, "loss": 1.8185882568359375, "acc": 0.06350574642419815, "acc_or": 0.4293103516101837, "sender_entropy": 2.158405065536499, "receiver_entropy": 0.0, "original_loss": 1.2350263595581055, "mean_length": 6.0}
{"mode": "test", "epoch": 48, "loss": 2.2300586700439453, "acc": 0.051724135875701904, "acc_or": 0.5114942789077759, "sender_entropy": 2.1543025970458984, "receiver_entropy": 0.0, "original_loss": 1.130961537361145, "mean_length": 6.0}
{"mode": "train", "epoch": 49, "loss": 1.860857367515564, "acc": 0.07212643325328827, "acc_or": 0.4397509694099426, "sender_entropy": 2.1502678394317627, "receiver_entropy": 0.0, "original_loss": 1.226326823234558, "mean_length": 6.0}
{"mode": "test", "epoch": 49, "loss": 2.336576461791992, "acc": 0.06896551698446274, "acc_or": 0.522988498210907, "sender_entropy": 2.138842821121216, "receiver_entropy": 0.0, "original_loss": 1.1103565692901611, "mean_length": 6.0}
{"mode": "train", "epoch": 50, "loss": 1.9245654344558716, "acc": 0.0732758641242981, "acc_or": 0.44636017084121704, "sender_entropy": 2.1336636543273926, "receiver_entropy": 0.0, "original_loss": 1.2160060405731201, "mean_length": 6.0}
{"mode": "test", "epoch": 50, "loss": 2.452834367752075, "acc": 0.08620689809322357, "acc_or": 0.5344827771186829, "sender_entropy": 2.1210625171661377, "receiver_entropy": 0.0, "original_loss": 1.0875922441482544, "mean_length": 6.0}
{"mode": "train", "epoch": 51, "loss": 2.108769416809082, "acc": 0.07643678039312363, "acc_or": 0.45603448152542114, "sender_entropy": 2.1136958599090576, "receiver_entropy": 0.0, "original_loss": 1.1951639652252197, "mean_length": 6.0}
{"mode": "test", "epoch": 51, "loss": 2.751894474029541, "acc": 0.08620689809322357, "acc_or": 0.540229856967926, "sender_entropy": 2.1099839210510254, "receiver_entropy": 0.0, "original_loss": 1.047278642654419, "mean_length": 6.0}
{"mode": "train", "epoch": 52, "loss": 2.2347967624664307, "acc": 0.08620689809322357, "acc_or": 0.47011494636535645, "sender_entropy": 2.1010327339172363, "receiver_entropy": 0.0, "original_loss": 1.1798110008239746, "mean_length": 6.0}
{"mode": "test", "epoch": 52, "loss": 2.9526185989379883, "acc": 0.08620689809322357, "acc_or": 0.5344827771186829, "sender_entropy": 2.1042861938476562, "receiver_entropy": 0.0, "original_loss": 1.0173040628433228, "mean_length": 6.0}
{"mode": "train", "epoch": 53, "loss": 2.341613292694092, "acc": 0.09080459922552109, "acc_or": 0.48141762614250183, "sender_entropy": 2.0928635597229004, "receiver_entropy": 0.0, "original_loss": 1.1663955450057983, "mean_length": 6.0}
{"mode": "test", "epoch": 53, "loss": 2.9897375106811523, "acc": 0.10344827175140381, "acc_or": 0.545976996421814, "sender_entropy": 2.0999467372894287, "receiver_entropy": 0.0, "original_loss": 1.0057148933410645, "mean_length": 6.0}
{"mode": "train", "epoch": 54, "loss": 2.365574836730957, "acc": 0.10086207091808319, "acc_or": 0.4861111342906952, "sender_entropy": 2.0870540142059326, "receiver_entropy": 0.0, "original_loss": 1.1584128141403198, "mean_length": 6.0}
{"mode": "test", "epoch": 54, "loss": 3.102856159210205, "acc": 0.1551724076271057, "acc_or": 0.5517241358757019, "sender_entropy": 2.0880799293518066, "receiver_entropy": 0.0, "original_loss": 0.9816259145736694, "mean_length": 6.0}
{"mode": "train", "epoch": 55, "loss": 2.522477149963379, "acc": 0.10086207091808319, "acc_or": 0.4909003973007202, "sender_entropy": 2.0741350650787354, "receiver_entropy": 0.0, "original_loss": 1.140656590461731, "mean_length": 6.0}
{"mode": "test", "epoch": 55, "loss": 3.2468833923339844, "acc": 0.12068965286016464, "acc_or": 0.540229856967926, "sender_entropy": 2.0805318355560303, "receiver_entropy": 0.0, "original_loss": 0.9547667503356934, "mean_length": 6.0}
{"mode": "train", "epoch": 56, "loss": 2.601595163345337, "acc": 0.11580459773540497, "acc_or": 0.5086206793785095, "sender_entropy": 2.0641703605651855, "receiver_entropy": 0.0, "original_loss": 1.1264524459838867, "mean_length": 6.0}
{"mode": "test", "epoch": 56, "loss": 3.3217949867248535, "acc": 0.10344827175140381, "acc_or": 0.517241358757019, "sender_entropy": 2.073181390762329, "receiver_entropy": 0.0, "original_loss": 0.9383906722068787, "mean_length": 6.0}
{"mode": "train", "epoch": 57, "loss": 2.686565399169922, "acc": 0.10747126489877701, "acc_or": 0.5053640007972717, "sender_entropy": 2.0548524856567383, "receiver_entropy": 0.0, "original_loss": 1.1128922700881958, "mean_length": 6.0}
{"mode": "test", "epoch": 57, "loss": 3.245488166809082, "acc": 0.10344827175140381, "acc_or": 0.517241358757019, "sender_entropy": 2.063819169998169, "receiver_entropy": 0.0, "original_loss": 0.940929651260376, "mean_length": 6.0}
{"mode": "train", "epoch": 58, "loss": 2.820965528488159, "acc": 0.12385057657957077, "acc_or": 0.5208812355995178, "sender_entropy": 2.044264793395996, "receiver_entropy": 0.0, "original_loss": 1.092786192893982, "mean_length": 6.0}
{"mode": "test", "epoch": 58, "loss": 3.392988681793213, "acc": 0.12068965286016464, "acc_or": 0.5632184147834778, "sender_entropy": 2.046802043914795, "receiver_entropy": 0.0, "original_loss": 0.9145078659057617, "mean_length": 6.0}
{"mode": "train", "epoch": 59, "loss": 2.9634103775024414, "acc": 0.13678160309791565, "acc_or": 0.5332375764846802, "sender_entropy": 2.025878667831421, "receiver_entropy": 0.0, "original_loss": 1.0716115236282349, "mean_length": 6.0}
{"mode": "test", "epoch": 59, "loss": 3.5265145301818848, "acc": 0.13793103396892548, "acc_or": 0.5632184147834778, "sender_entropy": 2.027575969696045, "receiver_entropy": 0.0, "original_loss": 0.887053370475769, "mean_length": 6.0}
{"mode": "train", "epoch": 60, "loss": 3.0633091926574707, "acc": 0.12672413885593414, "acc_or": 0.538409948348999, "sender_entropy": 2.00529146194458, "receiver_entropy": 0.0, "original_loss": 1.0547441244125366, "mean_length": 6.0}
{"mode": "test", "epoch": 60, "loss": 3.638535976409912, "acc": 0.22413793206214905, "acc_or": 0.6149425506591797, "sender_entropy": 2.011505365371704, "receiver_entropy": 0.0, "original_loss": 0.8613721132278442, "mean_length": 6.0}
{"mode": "train", "epoch": 61, "loss": 3.1318788528442383, "acc": 0.13936781883239746, "acc_or": 0.544157087802887, "sender_entropy": 1.9870948791503906, "receiver_entropy": 0.0, "original_loss": 1.0377449989318848, "mean_length": 6.0}
{"mode": "test", "epoch": 61, "loss": 3.5383241176605225, "acc": 0.2586206793785095, "acc_or": 0.6379310488700867, "sender_entropy": 1.9972764253616333, "receiver_entropy": 0.0, "original_loss": 0.858372688293457, "mean_length": 6.0}
{"mode": "train", "epoch": 62, "loss": 3.2670345306396484, "acc": 0.14339080452919006, "acc_or": 0.5522030591964722, "sender_entropy": 1.9699889421463013, "receiver_entropy": 0.0, "original_loss": 1.0167447328567505, "mean_length": 6.0}
{"mode": "test", "epoch": 62, "loss": 3.5678277015686035, "acc": 0.24137930572032928, "acc_or": 0.6551724076271057, "sender_entropy": 1.9835180044174194, "receiver_entropy": 0.0, "original_loss": 0.8390861749649048, "mean_length": 6.0}
{"mode": "train", "epoch": 63, "loss": 3.392961263656616, "acc": 0.1632183939218521, "acc_or": 0.567241370677948, "sender_entropy": 1.9522281885147095, "receiver_entropy": 0.0, "original_loss": 0.9926374554634094, "mean_length": 6.0}
{"mode": "test", "epoch": 63, "loss": 3.4961464405059814, "acc": 0.24137930572032928, "acc_or": 0.6609195470809937, "sender_entropy": 1.9663386344909668, "receiver_entropy": 0.0, "original_loss": 0.8348410725593567, "mean_length": 6.0}
{"mode": "train", "epoch": 64, "loss": 3.3981189727783203, "acc": 0.16551724076271057, "acc_or": 0.5740421414375305, "sender_entropy": 1.933472990989685, "receiver_entropy": 0.0, "original_loss": 0.9812496900558472, "mean_length": 6.0}
{"mode": "test", "epoch": 64, "loss": 3.6204450130462646, "acc": 0.24137930572032928, "acc_or": 0.6494252681732178, "sender_entropy": 1.9489374160766602, "receiver_entropy": 0.0, "original_loss": 0.8077554106712341, "mean_length": 6.0}
{"mode": "train", "epoch": 65, "loss": 3.5176239013671875, "acc": 0.17787356674671173, "acc_or": 0.5818007588386536, "sender_entropy": 1.9185782670974731, "receiver_entropy": 0.0, "original_loss": 0.9633011221885681, "mean_length": 6.0}
{"mode": "test", "epoch": 65, "loss": 3.760256052017212, "acc": 0.3103448152542114, "acc_or": 0.6724137663841248, "sender_entropy": 1.9356064796447754, "receiver_entropy": 0.0, "original_loss": 0.7807105183601379, "mean_length": 6.0}
{"mode": "train", "epoch": 66, "loss": 3.5734148025512695, "acc": 0.17298850417137146, "acc_or": 0.5832375884056091, "sender_entropy": 1.9055802822113037, "receiver_entropy": 0.0, "original_loss": 0.9510859251022339, "mean_length": 6.0}
{"mode": "test", "epoch": 66, "loss": 3.731635332107544, "acc": 0.27586206793785095, "acc_or": 0.6724137663841248, "sender_entropy": 1.9228487014770508, "receiver_entropy": 0.0, "original_loss": 0.7777270674705505, "mean_length": 6.0}
{"mode": "train", "epoch": 67, "loss": 3.5787413120269775, "acc": 0.1821839064359665, "acc_or": 0.59425288438797, "sender_entropy": 1.8918335437774658, "receiver_entropy": 0.0, "original_loss": 0.9430367350578308, "mean_length": 6.0}
{"mode": "test", "epoch": 67, "loss": 3.70845365524292, "acc": 0.2931034564971924, "acc_or": 0.6839080452919006, "sender_entropy": 1.9125176668167114, "receiver_entropy": 0.0, "original_loss": 0.7707600593566895, "mean_length": 6.0}
{"mode": "train", "epoch": 68, "loss": 3.69161057472229, "acc": 0.18304598331451416, "acc_or": 0.5976053476333618, "sender_entropy": 1.8812075853347778, "receiver_entropy": 0.0, "original_loss": 0.924497127532959, "mean_length": 6.0}
{"mode": "test", "epoch": 68, "loss": 3.5443780422210693, "acc": 0.2586206793785095, "acc_or": 0.6609195470809937, "sender_entropy": 1.8995901346206665, "receiver_entropy": 0.0, "original_loss": 0.7823395133018494, "mean_length": 6.0}
{"mode": "train", "epoch": 69, "loss": 3.744840383529663, "acc": 0.1847701072692871, "acc_or": 0.6022030711174011, "sender_entropy": 1.8698519468307495, "receiver_entropy": 0.0, "original_loss": 0.9102190136909485, "mean_length": 6.0}
{"mode": "test", "epoch": 69, "loss": 3.5952882766723633, "acc": 0.2586206793785095, "acc_or": 0.6724137663841248, "sender_entropy": 1.8912914991378784, "receiver_entropy": 0.0, "original_loss": 0.7605800628662109, "mean_length": 6.0}
{"mode": "train", "epoch": 70, "loss": 3.709388256072998, "acc": 0.18793103098869324, "acc_or": 0.60383141040802, "sender_entropy": 1.8597267866134644, "receiver_entropy": 0.0, "original_loss": 0.9060920476913452, "mean_length": 6.0}
{"mode": "test", "epoch": 70, "loss": 3.6715660095214844, "acc": 0.2586206793785095, "acc_or": 0.6839080452919006, "sender_entropy": 1.8876365423202515, "receiver_entropy": 0.0, "original_loss": 0.744580090045929, "mean_length": 6.0}
{"mode": "train", "epoch": 71, "loss": 3.6990010738372803, "acc": 0.1922413855791092, "acc_or": 0.6050766706466675, "sender_entropy": 1.8520478010177612, "receiver_entropy": 0.0, "original_loss": 0.9011809825897217, "mean_length": 6.0}
{"mode": "test", "epoch": 71, "loss": 3.6606674194335938, "acc": 0.3103448152542114, "acc_or": 0.7011494040489197, "sender_entropy": 1.891361951828003, "receiver_entropy": 0.0, "original_loss": 0.741577684879303, "mean_length": 6.0}
{"mode": "train", "epoch": 72, "loss": 3.809900999069214, "acc": 0.20517241954803467, "acc_or": 0.6140804886817932, "sender_entropy": 1.856292724609375, "receiver_entropy": 0.0, "original_loss": 0.881896436214447, "mean_length": 6.0}
{"mode": "test", "epoch": 72, "loss": 3.7505381107330322, "acc": 0.3103448152542114, "acc_or": 0.6954023241996765, "sender_entropy": 1.8945200443267822, "receiver_entropy": 0.0, "original_loss": 0.725989580154419, "mean_length": 6.0}
{"mode": "train", "epoch": 73, "loss": 3.776665210723877, "acc": 0.19568964838981628, "acc_or": 0.6127395033836365, "sender_entropy": 1.8580299615859985, "receiver_entropy": 0.0, "original_loss": 0.8811286091804504, "mean_length": 6.0}
{"mode": "test", "epoch": 73, "loss": 3.8740339279174805, "acc": 0.2586206793785095, "acc_or": 0.6896551847457886, "sender_entropy": 1.8907800912857056, "receiver_entropy": 0.0, "original_loss": 0.7000219225883484, "mean_length": 6.0}
{"mode": "train", "epoch": 74, "loss": 3.8236336708068848, "acc": 0.2097701132297516, "acc_or": 0.6128352880477905, "sender_entropy": 1.8544024229049683, "receiver_entropy": 0.0, "original_loss": 0.8697372078895569, "mean_length": 6.0}
{"mode": "test", "epoch": 74, "loss": 3.862179756164551, "acc": 0.27586206793785095, "acc_or": 0.7068965435028076, "sender_entropy": 1.8842720985412598, "receiver_entropy": 0.0, "original_loss": 0.6920106410980225, "mean_length": 6.0}
{"mode": "train", "epoch": 75, "loss": 3.719330310821533, "acc": 0.19339080154895782, "acc_or": 0.6045019030570984, "sender_entropy": 1.8479148149490356, "receiver_entropy": 0.0, "original_loss": 0.8750697374343872, "mean_length": 6.0}
{"mode": "test", "epoch": 75, "loss": 3.8744866847991943, "acc": 0.3103448152542114, "acc_or": 0.7068965435028076, "sender_entropy": 1.8822556734085083, "receiver_entropy": 0.0, "original_loss": 0.6836631894111633, "mean_length": 6.0}
{"mode": "train", "epoch": 76, "loss": 3.8544135093688965, "acc": 0.20545977354049683, "acc_or": 0.6192528605461121, "sender_entropy": 1.8432916402816772, "receiver_entropy": 0.0, "original_loss": 0.8564783930778503, "mean_length": 6.0}
{"mode": "test", "epoch": 76, "loss": 3.7409112453460693, "acc": 0.27586206793785095, "acc_or": 0.7011494040489197, "sender_entropy": 1.8760056495666504, "receiver_entropy": 0.0, "original_loss": 0.6908555626869202, "mean_length": 6.0}
{"mode": "train", "epoch": 77, "loss": 3.9604103565216064, "acc": 0.21666666865348816, "acc_or": 0.6262452006340027, "sender_entropy": 1.8306962251663208, "receiver_entropy": 0.0, "original_loss": 0.8374059200286865, "mean_length": 6.0}
{"mode": "test", "epoch": 77, "loss": 3.8202576637268066, "acc": 0.27586206793785095, "acc_or": 0.7183908224105835, "sender_entropy": 1.874769926071167, "receiver_entropy": 0.0, "original_loss": 0.676362931728363, "mean_length": 6.0}
{"mode": "train", "epoch": 78, "loss": 3.8445048332214355, "acc": 0.20172414183616638, "acc_or": 0.6206896901130676, "sender_entropy": 1.8294967412948608, "receiver_entropy": 0.0, "original_loss": 0.8444907069206238, "mean_length": 6.0}
{"mode": "test", "epoch": 78, "loss": 3.8379411697387695, "acc": 0.32758620381355286, "acc_or": 0.7298850417137146, "sender_entropy": 1.8720163106918335, "receiver_entropy": 0.0, "original_loss": 0.6686339378356934, "mean_length": 6.0}
{"mode": "train", "epoch": 79, "loss": 3.900888442993164, "acc": 0.19770115613937378, "acc_or": 0.6273946762084961, "sender_entropy": 1.8310633897781372, "receiver_entropy": 0.0, "original_loss": 0.82981276512146, "mean_length": 6.0}
{"mode": "test", "epoch": 79, "loss": 3.728048324584961, "acc": 0.3103448152542114, "acc_or": 0.7068965435028076, "sender_entropy": 1.863642692565918, "receiver_entropy": 0.0, "original_loss": 0.6797056794166565, "mean_length": 6.0}
{"mode": "train", "epoch": 80, "loss": 3.958047866821289, "acc": 0.21149425208568573, "acc_or": 0.6316092014312744, "sender_entropy": 1.8254557847976685, "receiver_entropy": 0.0, "original_loss": 0.8210815191268921, "mean_length": 6.0}
{"mode": "test", "epoch": 80, "loss": 3.7114953994750977, "acc": 0.3103448152542114, "acc_or": 0.7183908224105835, "sender_entropy": 1.856626272201538, "receiver_entropy": 0.0, "original_loss": 0.6718383431434631, "mean_length": 6.0}
{"mode": "train", "epoch": 81, "loss": 3.9676036834716797, "acc": 0.21293103694915771, "acc_or": 0.6332375407218933, "sender_entropy": 1.8146682977676392, "receiver_entropy": 0.0, "original_loss": 0.8092815279960632, "mean_length": 6.0}
{"mode": "test", "epoch": 81, "loss": 3.632011651992798, "acc": 0.32758620381355286, "acc_or": 0.7241379022598267, "sender_entropy": 1.8405684232711792, "receiver_entropy": 0.0, "original_loss": 0.6656752228736877, "mean_length": 6.0}
{"mode": "train", "epoch": 82, "loss": 4.041949272155762, "acc": 0.23218390345573425, "acc_or": 0.6418582797050476, "sender_entropy": 1.7963426113128662, "receiver_entropy": 0.0, "original_loss": 0.7955055236816406, "mean_length": 6.0}
{"mode": "test", "epoch": 82, "loss": 3.6129465103149414, "acc": 0.32758620381355286, "acc_or": 0.7126436829566956, "sender_entropy": 1.8218684196472168, "receiver_entropy": 0.0, "original_loss": 0.6482304334640503, "mean_length": 6.0}
{"mode": "train", "epoch": 83, "loss": 4.078850269317627, "acc": 0.2359195351600647, "acc_or": 0.6511494517326355, "sender_entropy": 1.7736825942993164, "receiver_entropy": 0.0, "original_loss": 0.7809849381446838, "mean_length": 6.0}
{"mode": "test", "epoch": 83, "loss": 3.5326342582702637, "acc": 0.32758620381355286, "acc_or": 0.7183908224105835, "sender_entropy": 1.8119540214538574, "receiver_entropy": 0.0, "original_loss": 0.6452147364616394, "mean_length": 6.0}
{"mode": "train", "epoch": 84, "loss": 4.10615348815918, "acc": 0.24770115315914154, "acc_or": 0.6536398530006409, "sender_entropy": 1.7621842622756958, "receiver_entropy": 0.0, "original_loss": 0.7679274678230286, "mean_length": 6.0}
{"mode": "test", "epoch": 84, "loss": 3.7277235984802246, "acc": 0.3965517282485962, "acc_or": 0.7586206793785095, "sender_entropy": 1.8118609189987183, "receiver_entropy": 0.0, "original_loss": 0.6129025220870972, "mean_length": 6.0}
{"mode": "train", "epoch": 85, "loss": 4.159635066986084, "acc": 0.2640804648399353, "acc_or": 0.661590039730072, "sender_entropy": 1.7572295665740967, "receiver_entropy": 0.0, "original_loss": 0.7553310990333557, "mean_length": 6.0}
{"mode": "test", "epoch": 85, "loss": 3.7570364475250244, "acc": 0.41379308700561523, "acc_or": 0.7758620381355286, "sender_entropy": 1.815801978111267, "receiver_entropy": 0.0, "original_loss": 0.6036177277565002, "mean_length": 6.0}
{"mode": "train", "epoch": 86, "loss": 4.190030097961426, "acc": 0.26034483313560486, "acc_or": 0.6677203178405762, "sender_entropy": 1.7553870677947998, "receiver_entropy": 0.0, "original_loss": 0.7474339008331299, "mean_length": 6.0}
{"mode": "test", "epoch": 86, "loss": 3.942582130432129, "acc": 0.3965517282485962, "acc_or": 0.7643678188323975, "sender_entropy": 1.8245302438735962, "receiver_entropy": 0.0, "original_loss": 0.5832345485687256, "mean_length": 6.0}
{"mode": "train", "epoch": 87, "loss": 4.203458786010742, "acc": 0.2810344696044922, "acc_or": 0.679118812084198, "sender_entropy": 1.7634608745574951, "receiver_entropy": 0.0, "original_loss": 0.7414228320121765, "mean_length": 6.0}
{"mode": "test", "epoch": 87, "loss": 4.022954940795898, "acc": 0.41379308700561523, "acc_or": 0.7758620381355286, "sender_entropy": 1.8290547132492065, "receiver_entropy": 0.0, "original_loss": 0.5717342495918274, "mean_length": 6.0}
{"mode": "train", "epoch": 88, "loss": 4.220483779907227, "acc": 0.2689655125141144, "acc_or": 0.675000011920929, "sender_entropy": 1.7700769901275635, "receiver_entropy": 0.0, "original_loss": 0.734955370426178, "mean_length": 6.0}
{"mode": "test", "epoch": 88, "loss": 4.242833614349365, "acc": 0.43103447556495667, "acc_or": 0.7931034564971924, "sender_entropy": 1.8311065435409546, "receiver_entropy": 0.0, "original_loss": 0.5372321605682373, "mean_length": 6.0}
{"mode": "train", "epoch": 89, "loss": 4.283708572387695, "acc": 0.2850574851036072, "acc_or": 0.6838122606277466, "sender_entropy": 1.765791893005371, "receiver_entropy": 0.0, "original_loss": 0.722185492515564, "mean_length": 6.0}
{"mode": "test", "epoch": 89, "loss": 4.397829055786133, "acc": 0.5344827771186829, "acc_or": 0.8333333134651184, "sender_entropy": 1.8273252248764038, "receiver_entropy": 0.0, "original_loss": 0.5047410130500793, "mean_length": 6.0}
{"mode": "train", "epoch": 90, "loss": 4.231647968292236, "acc": 0.29655173420906067, "acc_or": 0.6926245093345642, "sender_entropy": 1.7605884075164795, "receiver_entropy": 0.0, "original_loss": 0.7153506875038147, "mean_length": 6.0}
{"mode": "test", "epoch": 90, "loss": 4.324008464813232, "acc": 0.5, "acc_or": 0.8103448152542114, "sender_entropy": 1.8176237344741821, "receiver_entropy": 0.0, "original_loss": 0.4998524487018585, "mean_length": 6.0}
{"mode": "train", "epoch": 91, "loss": 4.302748203277588, "acc": 0.2951149344444275, "acc_or": 0.6912835240364075, "sender_entropy": 1.7468425035476685, "receiver_entropy": 0.0, "original_loss": 0.704526960849762, "mean_length": 6.0}
{"mode": "test", "epoch": 91, "loss": 4.2435407638549805, "acc": 0.5, "acc_or": 0.8103448152542114, "sender_entropy": 1.8056608438491821, "receiver_entropy": 0.0, "original_loss": 0.4977136254310608, "mean_length": 6.0}
{"mode": "train", "epoch": 92, "loss": 4.3366007804870605, "acc": 0.3186781704425812, "acc_or": 0.7018199563026428, "sender_entropy": 1.7361164093017578, "receiver_entropy": 0.0, "original_loss": 0.6872726082801819, "mean_length": 6.0}
{"mode": "test", "epoch": 92, "loss": 4.260792255401611, "acc": 0.5517241358757019, "acc_or": 0.8390804529190063, "sender_entropy": 1.7935377359390259, "receiver_entropy": 0.0, "original_loss": 0.4781096577644348, "mean_length": 6.0}
{"mode": "train", "epoch": 93, "loss": 4.3967204093933105, "acc": 0.32701149582862854, "acc_or": 0.7107279896736145, "sender_entropy": 1.7204927206039429, "receiver_entropy": 0.0, "original_loss": 0.6748070120811462, "mean_length": 6.0}
{"mode": "test", "epoch": 93, "loss": 4.206942081451416, "acc": 0.517241358757019, "acc_or": 0.8275861740112305, "sender_entropy": 1.7844245433807373, "receiver_entropy": 0.0, "original_loss": 0.47133970260620117, "mean_length": 6.0}
{"mode": "train", "epoch": 94, "loss": 4.369814395904541, "acc": 0.3353448212146759, "acc_or": 0.7171456217765808, "sender_entropy": 1.7091928720474243, "receiver_entropy": 0.0, "original_loss": 0.6689347624778748, "mean_length": 6.0}
{"mode": "test", "epoch": 94, "loss": 4.292750835418701, "acc": 0.5, "acc_or": 0.8160919547080994, "sender_entropy": 1.780300259590149, "receiver_entropy": 0.0, "original_loss": 0.4511524736881256, "mean_length": 6.0}
{"mode": "train", "epoch": 95, "loss": 4.443228244781494, "acc": 0.3379310369491577, "acc_or": 0.7230843305587769, "sender_entropy": 1.6991921663284302, "receiver_entropy": 0.0, "original_loss": 0.6529377102851868, "mean_length": 6.0}
{"mode": "test", "epoch": 95, "loss": 4.245820045471191, "acc": 0.4655172526836395, "acc_or": 0.8103448152542114, "sender_entropy": 1.7778713703155518, "receiver_entropy": 0.0, "original_loss": 0.45391646027565, "mean_length": 6.0}
{"mode": "train", "epoch": 96, "loss": 4.490452766418457, "acc": 0.35574713349342346, "acc_or": 0.7291187644004822, "sender_entropy": 1.692129373550415, "receiver_entropy": 0.0, "original_loss": 0.6371093988418579, "mean_length": 6.0}
{"mode": "test", "epoch": 96, "loss": 4.317038059234619, "acc": 0.517241358757019, "acc_or": 0.8218390941619873, "sender_entropy": 1.7801778316497803, "receiver_entropy": 0.0, "original_loss": 0.4395952522754669, "mean_length": 6.0}
{"mode": "train", "epoch": 97, "loss": 4.454941749572754, "acc": 0.35574713349342346, "acc_or": 0.7315134406089783, "sender_entropy": 1.6938645839691162, "receiver_entropy": 0.0, "original_loss": 0.6356720328330994, "mean_length": 6.0}
{"mode": "test", "epoch": 97, "loss": 4.190139293670654, "acc": 0.5, "acc_or": 0.8160919547080994, "sender_entropy": 1.7776306867599487, "receiver_entropy": 0.0, "original_loss": 0.4516464173793793, "mean_length": 6.0}
{"mode": "train", "epoch": 98, "loss": 4.5721964836120605, "acc": 0.36379310488700867, "acc_or": 0.7383142113685608, "sender_entropy": 1.6929792165756226, "receiver_entropy": 0.0, "original_loss": 0.6189262270927429, "mean_length": 6.0}
{"mode": "test", "epoch": 98, "loss": 4.25227689743042, "acc": 0.5344827771186829, "acc_or": 0.8333333134651184, "sender_entropy": 1.773887038230896, "receiver_entropy": 0.0, "original_loss": 0.4289740324020386, "mean_length": 6.0}
{"mode": "train", "epoch": 99, "loss": 4.512814044952393, "acc": 0.3623563349246979, "acc_or": 0.7362068891525269, "sender_entropy": 1.6857489347457886, "receiver_entropy": 0.0, "original_loss": 0.6177152991294861, "mean_length": 6.0}
{"mode": "test", "epoch": 99, "loss": 4.1853251457214355, "acc": 0.5, "acc_or": 0.8275861740112305, "sender_entropy": 1.7699075937271118, "receiver_entropy": 0.0, "original_loss": 0.4280470609664917, "mean_length": 6.0}
{"mode": "train", "epoch": 100, "loss": 4.540982246398926, "acc": 0.36465516686439514, "acc_or": 0.738601565361023, "sender_entropy": 1.679600715637207, "receiver_entropy": 0.0, "original_loss": 0.6073573231697083, "mean_length": 6.0}
{"mode": "test", "epoch": 100, "loss": 4.337056636810303, "acc": 0.5517241358757019, "acc_or": 0.8448275923728943, "sender_entropy": 1.7656053304672241, "receiver_entropy": 0.0, "original_loss": 0.4004790782928467, "mean_length": 6.0}
{"mode": "train", "epoch": 101, "loss": 4.5743327140808105, "acc": 0.39080458879470825, "acc_or": 0.748180091381073, "sender_entropy": 1.6705782413482666, "receiver_entropy": 0.0, "original_loss": 0.5943794250488281, "mean_length": 6.0}
{"mode": "test", "epoch": 101, "loss": 4.293426990509033, "acc": 0.568965494632721, "acc_or": 0.8505747318267822, "sender_entropy": 1.7589677572250366, "receiver_entropy": 0.0, "original_loss": 0.39826443791389465, "mean_length": 6.0}
{"mode": "train", "epoch": 102, "loss": 4.476977348327637, "acc": 0.3864942491054535, "acc_or": 0.7491379380226135, "sender_entropy": 1.6667762994766235, "receiver_entropy": 0.0, "original_loss": 0.5984916687011719, "mean_length": 6.0}
{"mode": "test", "epoch": 102, "loss": 4.315495491027832, "acc": 0.5344827771186829, "acc_or": 0.8390804529190063, "sender_entropy": 1.7619829177856445, "receiver_entropy": 0.0, "original_loss": 0.39451953768730164, "mean_length": 6.0}
{"mode": "train", "epoch": 103, "loss": 4.48339319229126, "acc": 0.3804597556591034, "acc_or": 0.744636058807373, "sender_entropy": 1.6688467264175415, "receiver_entropy": 0.0, "original_loss": 0.5959025621414185, "mean_length": 6.0}
{"mode": "test", "epoch": 103, "loss": 4.364160537719727, "acc": 0.5517241358757019, "acc_or": 0.8448275923728943, "sender_entropy": 1.7654657363891602, "receiver_entropy": 0.0, "original_loss": 0.3842824101448059, "mean_length": 6.0}
{"mode": "train", "epoch": 104, "loss": 4.496944904327393, "acc": 0.4040229916572571, "acc_or": 0.7543103694915771, "sender_entropy": 1.6768693923950195, "receiver_entropy": 0.0, "original_loss": 0.5851225256919861, "mean_length": 6.0}
{"mode": "test", "epoch": 104, "loss": 4.381983280181885, "acc": 0.6034482717514038, "acc_or": 0.8620689511299133, "sender_entropy": 1.7626725435256958, "receiver_entropy": 0.0, "original_loss": 0.3698265254497528, "mean_length": 6.0}
{"mode": "train", "epoch": 105, "loss": 4.4445343017578125, "acc": 0.4094827473163605, "acc_or": 0.7570881247520447, "sender_entropy": 1.6692984104156494, "receiver_entropy": 0.0, "original_loss": 0.5793058276176453, "mean_length": 6.0}
{"mode": "test", "epoch": 105, "loss": 4.344104766845703, "acc": 0.6379310488700867, "acc_or": 0.8735632300376892, "sender_entropy": 1.751973271369934, "receiver_entropy": 0.0, "original_loss": 0.3624699115753174, "mean_length": 6.0}
{"mode": "train", "epoch": 106, "loss": 4.45784330368042, "acc": 0.42097699642181396, "acc_or": 0.7627394795417786, "sender_entropy": 1.6555821895599365, "receiver_entropy": 0.0, "original_loss": 0.5728594660758972, "mean_length": 6.0}
{"mode": "test", "epoch": 106, "loss": 4.147493362426758, "acc": 0.6896551847457886, "acc_or": 0.8908045887947083, "sender_entropy": 1.743124008178711, "receiver_entropy": 0.0, "original_loss": 0.37373074889183044, "mean_length": 6.0}
{"mode": "train", "epoch": 107, "loss": 4.600642204284668, "acc": 0.43649426102638245, "acc_or": 0.7733716368675232, "sender_entropy": 1.6472209692001343, "receiver_entropy": 0.0, "original_loss": 0.5484758019447327, "mean_length": 6.0}
{"mode": "test", "epoch": 107, "loss": 4.23972225189209, "acc": 0.6724137663841248, "acc_or": 0.8850574493408203, "sender_entropy": 1.732969045639038, "receiver_entropy": 0.0, "original_loss": 0.35069432854652405, "mean_length": 6.0}
{"mode": "train", "epoch": 108, "loss": 4.513389587402344, "acc": 0.44655171036720276, "acc_or": 0.7759578824043274, "sender_entropy": 1.6394788026809692, "receiver_entropy": 0.0, "original_loss": 0.5479554533958435, "mean_length": 6.0}
{"mode": "test", "epoch": 108, "loss": 4.247054100036621, "acc": 0.6551724076271057, "acc_or": 0.8793103694915771, "sender_entropy": 1.7173444032669067, "receiver_entropy": 0.0, "original_loss": 0.3374157249927521, "mean_length": 6.0}
{"mode": "train", "epoch": 109, "loss": 4.657352924346924, "acc": 0.47011494636535645, "acc_or": 0.7904214859008789, "sender_entropy": 1.6229242086410522, "receiver_entropy": 0.0, "original_loss": 0.5211283564567566, "mean_length": 6.0}
{"mode": "test", "epoch": 109, "loss": 4.17559289932251, "acc": 0.6551724076271057, "acc_or": 0.8793103694915771, "sender_entropy": 1.700223684310913, "receiver_entropy": 0.0, "original_loss": 0.33082035183906555, "mean_length": 6.0}
{"mode": "train", "epoch": 110, "loss": 4.595447540283203, "acc": 0.4537356197834015, "acc_or": 0.7839080691337585, "sender_entropy": 1.5988335609436035, "receiver_entropy": 0.0, "original_loss": 0.5211412310600281, "mean_length": 6.0}
{"mode": "test", "epoch": 110, "loss": 4.2036566734313965, "acc": 0.6724137663841248, "acc_or": 0.8908045887947083, "sender_entropy": 1.6882922649383545, "receiver_entropy": 0.0, "original_loss": 0.32035699486732483, "mean_length": 6.0}
{"mode": "train", "epoch": 111, "loss": 4.647853374481201, "acc": 0.48074713349342346, "acc_or": 0.7954980731010437, "sender_entropy": 1.5877597332000732, "receiver_entropy": 0.0, "original_loss": 0.49923959374427795, "mean_length": 6.0}
{"mode": "test", "epoch": 111, "loss": 4.26846981048584, "acc": 0.7586206793785095, "acc_or": 0.9195402264595032, "sender_entropy": 1.675057053565979, "receiver_entropy": 0.0, "original_loss": 0.30034732818603516, "mean_length": 6.0}
{"mode": "train", "epoch": 112, "loss": 4.593711853027344, "acc": 0.49827584624290466, "acc_or": 0.8034483194351196, "sender_entropy": 1.573131799697876, "receiver_entropy": 0.0, "original_loss": 0.4960383176803589, "mean_length": 6.0}
{"mode": "test", "epoch": 112, "loss": 4.20859956741333, "acc": 0.7758620381355286, "acc_or": 0.9252873659133911, "sender_entropy": 1.6654466390609741, "receiver_entropy": 0.0, "original_loss": 0.29436829686164856, "mean_length": 6.0}
{"mode": "train", "epoch": 113, "loss": 4.754810333251953, "acc": 0.49971264600753784, "acc_or": 0.8067049980163574, "sender_entropy": 1.5627987384796143, "receiver_entropy": 0.0, "original_loss": 0.47447746992111206, "mean_length": 6.0}
{"mode": "test", "epoch": 113, "loss": 4.108199596405029, "acc": 0.6724137663841248, "acc_or": 0.8908045887947083, "sender_entropy": 1.663129448890686, "receiver_entropy": 0.0, "original_loss": 0.3064696490764618, "mean_length": 6.0}
{"mode": "train", "epoch": 114, "loss": 4.669506072998047, "acc": 0.5020114779472351, "acc_or": 0.8062260746955872, "sender_entropy": 1.5542809963226318, "receiver_entropy": 0.0, "original_loss": 0.47602635622024536, "mean_length": 6.0}
{"mode": "test", "epoch": 114, "loss": 4.162883281707764, "acc": 0.6551724076271057, "acc_or": 0.8850574493408203, "sender_entropy": 1.6668388843536377, "receiver_entropy": 0.0, "original_loss": 0.29403626918792725, "mean_length": 6.0}
{"mode": "train", "epoch": 115, "loss": 4.674246788024902, "acc": 0.5158045887947083, "acc_or": 0.8110153675079346, "sender_entropy": 1.5638278722763062, "receiver_entropy": 0.0, "original_loss": 0.4665226936340332, "mean_length": 6.0}
{"mode": "test", "epoch": 115, "loss": 3.9022204875946045, "acc": 0.6724137663841248, "acc_or": 0.8850574493408203, "sender_entropy": 1.6715710163116455, "receiver_entropy": 0.0, "original_loss": 0.33313098549842834, "mean_length": 6.0}
{"mode": "train", "epoch": 116, "loss": 4.686242580413818, "acc": 0.5232758522033691, "acc_or": 0.8128352761268616, "sender_entropy": 1.5700874328613281, "receiver_entropy": 0.0, "original_loss": 0.46019119024276733, "mean_length": 6.0}
{"mode": "test", "epoch": 116, "loss": 4.227818489074707, "acc": 0.7413793206214905, "acc_or": 0.9080459475517273, "sender_entropy": 1.6807693243026733, "receiver_entropy": 0.0, "original_loss": 0.28069183230400085, "mean_length": 6.0}
{"mode": "train", "epoch": 117, "loss": 4.743319511413574, "acc": 0.5235632061958313, "acc_or": 0.8140804767608643, "sender_entropy": 1.5771690607070923, "receiver_entropy": 0.0, "original_loss": 0.45386767387390137, "mean_length": 6.0}
{"mode": "test", "epoch": 117, "loss": 4.377333641052246, "acc": 0.8103448152542114, "acc_or": 0.9367815852165222, "sender_entropy": 1.6805483102798462, "receiver_entropy": 0.0, "original_loss": 0.24979597330093384, "mean_length": 6.0}
{"mode": "train", "epoch": 118, "loss": 4.589901447296143, "acc": 0.5267241597175598, "acc_or": 0.8151341080665588, "sender_entropy": 1.5802429914474487, "receiver_entropy": 0.0, "original_loss": 0.4646943509578705, "mean_length": 6.0}
{"mode": "test", "epoch": 118, "loss": 4.341074466705322, "acc": 0.8275861740112305, "acc_or": 0.9425287246704102, "sender_entropy": 1.6769829988479614, "receiver_entropy": 0.0, "original_loss": 0.2435663491487503, "mean_length": 6.0}
{"mode": "train", "epoch": 119, "loss": 4.692266464233398, "acc": 0.5385057330131531, "acc_or": 0.8203065395355225, "sender_entropy": 1.5790305137634277, "receiver_entropy": 0.0, "original_loss": 0.4496002793312073, "mean_length": 6.0}
{"mode": "test", "epoch": 119, "loss": 4.374584197998047, "acc": 0.8965517282485962, "acc_or": 0.9655172228813171, "sender_entropy": 1.682205319404602, "receiver_entropy": 0.0, "original_loss": 0.2321610301733017, "mean_length": 6.0}
{"mode": "train", "epoch": 120, "loss": 4.6629180908203125, "acc": 0.5448275804519653, "acc_or": 0.8206896781921387, "sender_entropy": 1.5847666263580322, "receiver_entropy": 0.0, "original_loss": 0.44746121764183044, "mean_length": 6.0}
{"mode": "test", "epoch": 120, "loss": 4.503540992736816, "acc": 0.8793103694915771, "acc_or": 0.9597700834274292, "sender_entropy": 1.686684489250183, "receiver_entropy": 0.0, "original_loss": 0.20829129219055176, "mean_length": 6.0}
{"mode": "train", "epoch": 121, "loss": 4.613337993621826, "acc": 0.5433908104896545, "acc_or": 0.8222222328186035, "sender_entropy": 1.584702968597412, "receiver_entropy": 0.0, "original_loss": 0.4460116922855377, "mean_length": 6.0}
{"mode": "test", "epoch": 121, "loss": 4.604442119598389, "acc": 0.8965517282485962, "acc_or": 0.9655172228813171, "sender_entropy": 1.6890032291412354, "receiver_entropy": 0.0, "original_loss": 0.18950673937797546, "mean_length": 6.0}
{"mode": "train", "epoch": 122, "loss": 4.504912376403809, "acc": 0.5471264123916626, "acc_or": 0.8181034922599792, "sender_entropy": 1.5881153345108032, "receiver_entropy": 0.0, "original_loss": 0.45368823409080505, "mean_length": 6.0}
{"mode": "test", "epoch": 122, "loss": 4.591916084289551, "acc": 0.8965517282485962, "acc_or": 0.9655172228813171, "sender_entropy": 1.687559962272644, "receiver_entropy": 0.0, "original_loss": 0.19371090829372406, "mean_length": 6.0}
{"mode": "train", "epoch": 123, "loss": 4.6013946533203125, "acc": 0.5485632419586182, "acc_or": 0.8216475248336792, "sender_entropy": 1.5788865089416504, "receiver_entropy": 0.0, "original_loss": 0.4349951446056366, "mean_length": 6.0}
{"mode": "test", "epoch": 123, "loss": 4.475544452667236, "acc": 0.9482758641242981, "acc_or": 0.977011501789093, "sender_entropy": 1.6681675910949707, "receiver_entropy": 0.0, "original_loss": 0.19628460705280304, "mean_length": 6.0}
{"mode": "train", "epoch": 124, "loss": 4.708806991577148, "acc": 0.5821838974952698, "acc_or": 0.8379310369491577, "sender_entropy": 1.5719419717788696, "receiver_entropy": 0.0, "original_loss": 0.41750121116638184, "mean_length": 6.0}
{"mode": "test", "epoch": 124, "loss": 4.45889139175415, "acc": 0.9137930870056152, "acc_or": 0.9712643623352051, "sender_entropy": 1.656516194343567, "receiver_entropy": 0.0, "original_loss": 0.1822993904352188, "mean_length": 6.0}
{"mode": "train", "epoch": 125, "loss": 4.607133388519287, "acc": 0.584482729434967, "acc_or": 0.8360153436660767, "sender_entropy": 1.5607324838638306, "receiver_entropy": 0.0, "original_loss": 0.41441333293914795, "mean_length": 6.0}
{"mode": "test", "epoch": 125, "loss": 4.290933609008789, "acc": 0.8620689511299133, "acc_or": 0.954023003578186, "sender_entropy": 1.6529372930526733, "receiver_entropy": 0.0, "original_loss": 0.2040557861328125, "mean_length": 6.0}
{"mode": "train", "epoch": 126, "loss": 4.626656532287598, "acc": 0.5997126698493958, "acc_or": 0.8433908224105835, "sender_entropy": 1.559018850326538, "receiver_entropy": 0.0, "original_loss": 0.4049423635005951, "mean_length": 6.0}
{"mode": "test", "epoch": 126, "loss": 4.3221116065979, "acc": 0.8965517282485962, "acc_or": 0.9655172228813171, "sender_entropy": 1.63911771774292, "receiver_entropy": 0.0, "original_loss": 0.1863282322883606, "mean_length": 6.0}
{"mode": "train", "epoch": 127, "loss": 4.698993682861328, "acc": 0.6074712872505188, "acc_or": 0.8500000238418579, "sender_entropy": 1.5424226522445679, "receiver_entropy": 0.0, "original_loss": 0.3884715139865875, "mean_length": 6.0}
{"mode": "test", "epoch": 127, "loss": 4.384860038757324, "acc": 0.9482758641242981, "acc_or": 0.982758641242981, "sender_entropy": 1.6239323616027832, "receiver_entropy": 0.0, "original_loss": 0.1600085347890854, "mean_length": 6.0}
{"mode": "train", "epoch": 128, "loss": 4.784143924713135, "acc": 0.6350574493408203, "acc_or": 0.8590038418769836, "sender_entropy": 1.5254194736480713, "receiver_entropy": 0.0, "original_loss": 0.36920127272605896, "mean_length": 6.0}
{"mode": "test", "epoch": 128, "loss": 4.368274688720703, "acc": 0.931034505367279, "acc_or": 0.977011501789093, "sender_entropy": 1.6278016567230225, "receiver_entropy": 0.0, "original_loss": 0.15996360778808594, "mean_length": 6.0}
{"mode": "train", "epoch": 129, "loss": 4.782564163208008, "acc": 0.634482741355896, "acc_or": 0.861398458480835, "sender_entropy": 1.5118849277496338, "receiver_entropy": 0.0, "original_loss": 0.35972514748573303, "mean_length": 6.0}
{"mode": "test", "epoch": 129, "loss": 4.2897138595581055, "acc": 0.9137930870056152, "acc_or": 0.9712643623352051, "sender_entropy": 1.6115399599075317, "receiver_entropy": 0.0, "original_loss": 0.15212775766849518, "mean_length": 6.0}
{"mode": "train", "epoch": 130, "loss": 4.768944263458252, "acc": 0.6525862216949463, "acc_or": 0.8694444894790649, "sender_entropy": 1.49918794631958, "receiver_entropy": 0.0, "original_loss": 0.3510003089904785, "mean_length": 6.0}
{"mode": "test", "epoch": 130, "loss": 4.295615196228027, "acc": 0.9137930870056152, "acc_or": 0.9712643623352051, "sender_entropy": 1.6007283926010132, "receiver_entropy": 0.0, "original_loss": 0.1390288770198822, "mean_length": 6.0}
{"mode": "train", "epoch": 131, "loss": 4.839381217956543, "acc": 0.6715517044067383, "acc_or": 0.8792145848274231, "sender_entropy": 1.4873913526535034, "receiver_entropy": 0.0, "original_loss": 0.3317175507545471, "mean_length": 6.0}
{"mode": "test", "epoch": 131, "loss": 4.331886291503906, "acc": 0.9655172228813171, "acc_or": 0.9885057210922241, "sender_entropy": 1.5978000164031982, "receiver_entropy": 0.0, "original_loss": 0.13100096583366394, "mean_length": 6.0}
{"mode": "train", "epoch": 132, "loss": 4.838508605957031, "acc": 0.6715517044067383, "acc_or": 0.8781609535217285, "sender_entropy": 1.4795312881469727, "receiver_entropy": 0.0, "original_loss": 0.3274907171726227, "mean_length": 6.0}
{"mode": "test", "epoch": 132, "loss": 4.334233283996582, "acc": 0.9655172228813171, "acc_or": 0.9885057210922241, "sender_entropy": 1.5931129455566406, "receiver_entropy": 0.0, "original_loss": 0.12108681350946426, "mean_length": 6.0}
{"mode": "train", "epoch": 133, "loss": 4.8549933433532715, "acc": 0.6899425387382507, "acc_or": 0.8851532936096191, "sender_entropy": 1.4686877727508545, "receiver_entropy": 0.0, "original_loss": 0.31643733382225037, "mean_length": 6.0}
{"mode": "test", "epoch": 133, "loss": 4.197343826293945, "acc": 0.9482758641242981, "acc_or": 0.982758641242981, "sender_entropy": 1.5804989337921143, "receiver_entropy": 0.0, "original_loss": 0.12898212671279907, "mean_length": 6.0}
{"mode": "train", "epoch": 134, "loss": 4.845294952392578, "acc": 0.682758629322052, "acc_or": 0.8825670480728149, "sender_entropy": 1.4693125486373901, "receiver_entropy": 0.0, "original_loss": 0.31301695108413696, "mean_length": 6.0}
{"mode": "test", "epoch": 134, "loss": 4.222506523132324, "acc": 0.9137930870056152, "acc_or": 0.9712643623352051, "sender_entropy": 1.586702585220337, "receiver_entropy": 0.0, "original_loss": 0.12297442555427551, "mean_length": 6.0}
{"mode": "train", "epoch": 135, "loss": 4.897398948669434, "acc": 0.7008620500564575, "acc_or": 0.8898467421531677, "sender_entropy": 1.4714864492416382, "receiver_entropy": 0.0, "original_loss": 0.29895082116127014, "mean_length": 6.0}
{"mode": "test", "epoch": 135, "loss": 4.277740478515625, "acc": 0.9137930870056152, "acc_or": 0.9712643623352051, "sender_entropy": 1.5893503427505493, "receiver_entropy": 0.0, "original_loss": 0.1110086739063263, "mean_length": 6.0}
{"mode": "train", "epoch": 136, "loss": 4.773569583892822, "acc": 0.7054597735404968, "acc_or": 0.8900383114814758, "sender_entropy": 1.4744813442230225, "receiver_entropy": 0.0, "original_loss": 0.30490952730178833, "mean_length": 6.0}
{"mode": "test", "epoch": 136, "loss": 4.246287822723389, "acc": 0.9655172228813171, "acc_or": 0.9885057210922241, "sender_entropy": 1.5836304426193237, "receiver_entropy": 0.0, "original_loss": 0.10665546357631683, "mean_length": 6.0}
{"mode": "train", "epoch": 137, "loss": 4.796010971069336, "acc": 0.7002873420715332, "acc_or": 0.8884099721908569, "sender_entropy": 1.4771710634231567, "receiver_entropy": 0.0, "original_loss": 0.30177542567253113, "mean_length": 6.0}
{"mode": "test", "epoch": 137, "loss": 4.224668025970459, "acc": 0.9655172228813171, "acc_or": 0.9885057210922241, "sender_entropy": 1.5771074295043945, "receiver_entropy": 0.0, "original_loss": 0.10132192075252533, "mean_length": 6.0}
{"mode": "train", "epoch": 138, "loss": 4.702158451080322, "acc": 0.6994252800941467, "acc_or": 0.8869732022285461, "sender_entropy": 1.4762951135635376, "receiver_entropy": 0.0, "original_loss": 0.3065034747123718, "mean_length": 6.0}
{"mode": "test", "epoch": 138, "loss": 4.21069860458374, "acc": 0.982758641242981, "acc_or": 0.9942528605461121, "sender_entropy": 1.5719667673110962, "receiver_entropy": 0.0, "original_loss": 0.09661117941141129, "mean_length": 6.0}
{"mode": "train", "epoch": 139, "loss": 4.732841968536377, "acc": 0.7089080214500427, "acc_or": 0.8905172348022461, "sender_entropy": 1.471259593963623, "receiver_entropy": 0.0, "original_loss": 0.2983688414096832, "mean_length": 6.0}
{"mode": "test", "epoch": 139, "loss": 4.171935081481934, "acc": 0.982758641242981, "acc_or": 0.9942528605461121, "sender_entropy": 1.5659675598144531, "receiver_entropy": 0.0, "original_loss": 0.0918426662683487, "mean_length": 6.0}
{"mode": "train", "epoch": 140, "loss": 4.700117111206055, "acc": 0.7103448510169983, "acc_or": 0.8928161263465881, "sender_entropy": 1.4686082601547241, "receiver_entropy": 0.0, "original_loss": 0.2921634018421173, "mean_length": 6.0}
{"mode": "test", "epoch": 140, "loss": 4.222780227661133, "acc": 1.0, "acc_or": 1.0, "sender_entropy": 1.5714432001113892, "receiver_entropy": 0.0, "original_loss": 0.08177907019853592, "mean_length": 6.0}
{"epoch": 140, "positional_disent": 0.06552588939666748, "bag_of_symbol_disent": 0.13301989436149597, "topographic_sim": 0.46708381765120544}
{"generalization hold out": {"acc": 0.9375, "acc_or": 0.96875}, "uniform holdout": {"acc": 0.0, "acc_or": 0.6111111044883728}, "epoch": 140}
---End--
