nohup: ignoring input
{"mode": "train", "epoch": 1, "loss": -21.8200626373291, "acc": 0.0025862068869173527, "acc_or": 0.1626436859369278, "sender_entropy": 2.30153226852417, "receiver_entropy": 0.0, "original_loss": 1.613535761833191, "mean_length": 6.0}
{"mode": "test", "epoch": 1, "loss": 0.6670137643814087, "acc": 0.0, "acc_or": 0.19540229439735413, "sender_entropy": 2.2995851039886475, "receiver_entropy": 0.0, "original_loss": 1.59670889377594, "mean_length": 6.0}
{"mode": "train", "epoch": 2, "loss": 0.8290233612060547, "acc": 0.016379309818148613, "acc_or": 0.25938698649406433, "sender_entropy": 2.299801826477051, "receiver_entropy": 0.0, "original_loss": 1.585014820098877, "mean_length": 6.0}
{"mode": "test", "epoch": 2, "loss": 0.7896741628646851, "acc": 0.03448275849223137, "acc_or": 0.3333333432674408, "sender_entropy": 2.2979671955108643, "receiver_entropy": 0.0, "original_loss": 1.5706852674484253, "mean_length": 6.0}
{"mode": "train", "epoch": 3, "loss": 0.9913853406906128, "acc": 0.01982758566737175, "acc_or": 0.2636973261833191, "sender_entropy": 2.2981936931610107, "receiver_entropy": 0.0, "original_loss": 1.5569616556167603, "mean_length": 6.0}
{"mode": "test", "epoch": 3, "loss": 1.0204213857650757, "acc": 0.03448275849223137, "acc_or": 0.2931034564971924, "sender_entropy": 2.296877861022949, "receiver_entropy": 0.0, "original_loss": 1.535448670387268, "mean_length": 6.0}
{"mode": "train", "epoch": 4, "loss": 1.1598880290985107, "acc": 0.015229884535074234, "acc_or": 0.2513410151004791, "sender_entropy": 2.2971653938293457, "receiver_entropy": 0.0, "original_loss": 1.528525710105896, "mean_length": 6.0}
{"mode": "test", "epoch": 4, "loss": 1.5657939910888672, "acc": 0.017241379246115685, "acc_or": 0.24137930572032928, "sender_entropy": 2.29573392868042, "receiver_entropy": 0.0, "original_loss": 1.4727767705917358, "mean_length": 6.0}
{"mode": "train", "epoch": 5, "loss": 1.3887823820114136, "acc": 0.016954023391008377, "acc_or": 0.25718390941619873, "sender_entropy": 2.2963144779205322, "receiver_entropy": 0.0, "original_loss": 1.495296597480774, "mean_length": 6.0}
{"mode": "test", "epoch": 5, "loss": 1.8812520503997803, "acc": 0.017241379246115685, "acc_or": 0.25287356972694397, "sender_entropy": 2.2943811416625977, "receiver_entropy": 0.0, "original_loss": 1.4279375076293945, "mean_length": 6.0}
{"mode": "train", "epoch": 6, "loss": 1.635871410369873, "acc": 0.012643678113818169, "acc_or": 0.26015326380729675, "sender_entropy": 2.295339822769165, "receiver_entropy": 0.0, "original_loss": 1.4594844579696655, "mean_length": 6.0}
{"mode": "test", "epoch": 6, "loss": 1.9417614936828613, "acc": 0.051724135875701904, "acc_or": 0.27586206793785095, "sender_entropy": 2.2922356128692627, "receiver_entropy": 0.0, "original_loss": 1.4029515981674194, "mean_length": 6.0}
{"mode": "train", "epoch": 7, "loss": 1.8292009830474854, "acc": 0.019252873957157135, "acc_or": 0.2668582499027252, "sender_entropy": 2.293853998184204, "receiver_entropy": 0.0, "original_loss": 1.4270350933074951, "mean_length": 6.0}
{"mode": "test", "epoch": 7, "loss": 1.8355610370635986, "acc": 0.017241379246115685, "acc_or": 0.28735631704330444, "sender_entropy": 2.290137529373169, "receiver_entropy": 0.0, "original_loss": 1.392966389656067, "mean_length": 6.0}
{"mode": "train", "epoch": 8, "loss": 1.9010761976242065, "acc": 0.017241379246115685, "acc_or": 0.27385058999061584, "sender_entropy": 2.292372465133667, "receiver_entropy": 0.0, "original_loss": 1.4040077924728394, "mean_length": 6.0}
{"mode": "test", "epoch": 8, "loss": 1.756186842918396, "acc": 0.017241379246115685, "acc_or": 0.26436781883239746, "sender_entropy": 2.2899458408355713, "receiver_entropy": 0.0, "original_loss": 1.384574055671692, "mean_length": 6.0}
{"mode": "train", "epoch": 9, "loss": 1.8585566282272339, "acc": 0.017241379246115685, "acc_or": 0.2670498192310333, "sender_entropy": 2.2920660972595215, "receiver_entropy": 0.0, "original_loss": 1.3914028406143188, "mean_length": 6.0}
{"mode": "test", "epoch": 9, "loss": 1.5698816776275635, "acc": 0.0, "acc_or": 0.24137930572032928, "sender_entropy": 2.291193723678589, "receiver_entropy": 0.0, "original_loss": 1.3882925510406494, "mean_length": 6.0}
{"mode": "train", "epoch": 10, "loss": 1.6662253141403198, "acc": 0.0028735632076859474, "acc_or": 0.24339081346988678, "sender_entropy": 2.293004274368286, "receiver_entropy": 0.0, "original_loss": 1.3925355672836304, "mean_length": 6.0}
{"mode": "test", "epoch": 10, "loss": 1.6552540063858032, "acc": 0.017241379246115685, "acc_or": 0.29885056614875793, "sender_entropy": 2.2932887077331543, "receiver_entropy": 0.0, "original_loss": 1.3702161312103271, "mean_length": 6.0}
{"mode": "train", "epoch": 11, "loss": 1.61266028881073, "acc": 0.020114943385124207, "acc_or": 0.2640804648399353, "sender_entropy": 2.2944343090057373, "receiver_entropy": 0.0, "original_loss": 1.3853445053100586, "mean_length": 6.0}
{"mode": "test", "epoch": 11, "loss": 1.542761206626892, "acc": 0.017241379246115685, "acc_or": 0.3448275923728943, "sender_entropy": 2.2949459552764893, "receiver_entropy": 0.0, "original_loss": 1.3705202341079712, "mean_length": 6.0}
{"mode": "train", "epoch": 12, "loss": 1.4441760778427124, "acc": 0.018390804529190063, "acc_or": 0.2761494219303131, "sender_entropy": 2.29565691947937, "receiver_entropy": 0.0, "original_loss": 1.3887327909469604, "mean_length": 6.0}
{"mode": "test", "epoch": 12, "loss": 1.5280696153640747, "acc": 0.03448275849223137, "acc_or": 0.3218390941619873, "sender_entropy": 2.2960808277130127, "receiver_entropy": 0.0, "original_loss": 1.365270733833313, "mean_length": 6.0}
{"mode": "train", "epoch": 13, "loss": 1.3631646633148193, "acc": 0.02097701095044613, "acc_or": 0.27241379022598267, "sender_entropy": 2.2965292930603027, "receiver_entropy": 0.0, "original_loss": 1.387099027633667, "mean_length": 6.0}
{"mode": "test", "epoch": 13, "loss": 1.5924986600875854, "acc": 0.08620689809322357, "acc_or": 0.4080459773540497, "sender_entropy": 2.296767234802246, "receiver_entropy": 0.0, "original_loss": 1.3542215824127197, "mean_length": 6.0}
{"mode": "train", "epoch": 14, "loss": 1.3197864294052124, "acc": 0.01982758566737175, "acc_or": 0.26657089591026306, "sender_entropy": 2.2969884872436523, "receiver_entropy": 0.0, "original_loss": 1.3838506937026978, "mean_length": 6.0}
{"mode": "test", "epoch": 14, "loss": 1.567322850227356, "acc": 0.0, "acc_or": 0.3333333432674408, "sender_entropy": 2.2972114086151123, "receiver_entropy": 0.0, "original_loss": 1.3511415719985962, "mean_length": 6.0}
{"mode": "train", "epoch": 15, "loss": 1.2075109481811523, "acc": 0.01034482754766941, "acc_or": 0.2586207091808319, "sender_entropy": 2.2973031997680664, "receiver_entropy": 0.0, "original_loss": 1.3865283727645874, "mean_length": 6.0}
{"mode": "test", "epoch": 15, "loss": 1.6144535541534424, "acc": 0.051724135875701904, "acc_or": 0.4252873659133911, "sender_entropy": 2.29746150970459, "receiver_entropy": 0.0, "original_loss": 1.3423314094543457, "mean_length": 6.0}
{"mode": "train", "epoch": 16, "loss": 1.1722484827041626, "acc": 0.017528735101222992, "acc_or": 0.2725095748901367, "sender_entropy": 2.2974841594696045, "receiver_entropy": 0.0, "original_loss": 1.3842051029205322, "mean_length": 6.0}
{"mode": "test", "epoch": 16, "loss": 1.5758271217346191, "acc": 0.051724135875701904, "acc_or": 0.37931033968925476, "sender_entropy": 2.2977020740509033, "receiver_entropy": 0.0, "original_loss": 1.3409401178359985, "mean_length": 6.0}
{"mode": "train", "epoch": 17, "loss": 1.129960536956787, "acc": 0.01896551623940468, "acc_or": 0.2755747139453888, "sender_entropy": 2.2977049350738525, "receiver_entropy": 0.0, "original_loss": 1.3829118013381958, "mean_length": 6.0}
{"mode": "test", "epoch": 17, "loss": 1.5658354759216309, "acc": 0.03448275849223137, "acc_or": 0.40229883790016174, "sender_entropy": 2.2979066371917725, "receiver_entropy": 0.0, "original_loss": 1.3378669023513794, "mean_length": 6.0}
{"mode": "train", "epoch": 18, "loss": 1.0545164346694946, "acc": 0.0218390803784132, "acc_or": 0.2772030830383301, "sender_entropy": 2.2978875637054443, "receiver_entropy": 0.0, "original_loss": 1.3845824003219604, "mean_length": 6.0}
{"mode": "test", "epoch": 18, "loss": 1.6109975576400757, "acc": 0.03448275849223137, "acc_or": 0.4482758641242981, "sender_entropy": 2.2979633808135986, "receiver_entropy": 0.0, "original_loss": 1.3308382034301758, "mean_length": 6.0}
{"mode": "train", "epoch": 19, "loss": 1.0247318744659424, "acc": 0.02097701095044613, "acc_or": 0.27404215931892395, "sender_entropy": 2.2980308532714844, "receiver_entropy": 0.0, "original_loss": 1.3833857774734497, "mean_length": 6.0}
{"mode": "test", "epoch": 19, "loss": 1.5960187911987305, "acc": 0.08620689809322357, "acc_or": 0.48275861144065857, "sender_entropy": 2.2980051040649414, "receiver_entropy": 0.0, "original_loss": 1.328951120376587, "mean_length": 6.0}
{"mode": "train", "epoch": 20, "loss": 1.020154356956482, "acc": 0.02068965509533882, "acc_or": 0.278927206993103, "sender_entropy": 2.2981300354003906, "receiver_entropy": 0.0, "original_loss": 1.380452275276184, "mean_length": 6.0}
{"mode": "test", "epoch": 20, "loss": 1.5504111051559448, "acc": 0.10344827175140381, "acc_or": 0.43103447556495667, "sender_entropy": 2.298016309738159, "receiver_entropy": 0.0, "original_loss": 1.3295985460281372, "mean_length": 6.0}
{"mode": "train", "epoch": 21, "loss": 0.9465888738632202, "acc": 0.01867816038429737, "acc_or": 0.27308428287506104, "sender_entropy": 2.298182725906372, "receiver_entropy": 0.0, "original_loss": 1.3830995559692383, "mean_length": 6.0}
{"mode": "test", "epoch": 21, "loss": 1.5914028882980347, "acc": 0.08620689809322357, "acc_or": 0.477011501789093, "sender_entropy": 2.2980265617370605, "receiver_entropy": 0.0, "original_loss": 1.3234550952911377, "mean_length": 6.0}
{"mode": "train", "epoch": 22, "loss": 0.9172449707984924, "acc": 0.01896551623940468, "acc_or": 0.2739463746547699, "sender_entropy": 2.298243999481201, "receiver_entropy": 0.0, "original_loss": 1.382704734802246, "mean_length": 6.0}
{"mode": "test", "epoch": 22, "loss": 1.6958186626434326, "acc": 0.10344827175140381, "acc_or": 0.5057471394538879, "sender_entropy": 2.29803204536438, "receiver_entropy": 0.0, "original_loss": 1.312224268913269, "mean_length": 6.0}
{"mode": "train", "epoch": 23, "loss": 0.9145767092704773, "acc": 0.021264366805553436, "acc_or": 0.2850574851036072, "sender_entropy": 2.2982678413391113, "receiver_entropy": 0.0, "original_loss": 1.3804422616958618, "mean_length": 6.0}
{"mode": "test", "epoch": 23, "loss": 1.773394227027893, "acc": 0.08620689809322357, "acc_or": 0.48275861144065857, "sender_entropy": 2.2980189323425293, "receiver_entropy": 0.0, "original_loss": 1.3032292127609253, "mean_length": 6.0}
{"mode": "train", "epoch": 24, "loss": 0.8787492513656616, "acc": 0.019252873957157135, "acc_or": 0.28113028407096863, "sender_entropy": 2.298229455947876, "receiver_entropy": 0.0, "original_loss": 1.38083815574646, "mean_length": 6.0}
{"mode": "test", "epoch": 24, "loss": 1.8348495960235596, "acc": 0.08620689809322357, "acc_or": 0.4885057508945465, "sender_entropy": 2.297899007797241, "receiver_entropy": 0.0, "original_loss": 1.2956637144088745, "mean_length": 6.0}
{"mode": "train", "epoch": 25, "loss": 0.838459849357605, "acc": 0.01896551623940468, "acc_or": 0.2810344994068146, "sender_entropy": 2.298084020614624, "receiver_entropy": 0.0, "original_loss": 1.3818262815475464, "mean_length": 6.0}
{"mode": "test", "epoch": 25, "loss": 1.8217241764068604, "acc": 0.06896551698446274, "acc_or": 0.5, "sender_entropy": 2.2976698875427246, "receiver_entropy": 0.0, "original_loss": 1.2943978309631348, "mean_length": 6.0}
{"mode": "train", "epoch": 26, "loss": 0.8411900997161865, "acc": 0.02298850566148758, "acc_or": 0.2886015474796295, "sender_entropy": 2.2978227138519287, "receiver_entropy": 0.0, "original_loss": 1.3796420097351074, "mean_length": 6.0}
{"mode": "test", "epoch": 26, "loss": 1.8429070711135864, "acc": 0.051724135875701904, "acc_or": 0.4655172526836395, "sender_entropy": 2.2973382472991943, "receiver_entropy": 0.0, "original_loss": 1.2902861833572388, "mean_length": 6.0}
{"mode": "train", "epoch": 27, "loss": 0.8308609127998352, "acc": 0.02413793094456196, "acc_or": 0.28850576281547546, "sender_entropy": 2.297443389892578, "receiver_entropy": 0.0, "original_loss": 1.3785176277160645, "mean_length": 6.0}
{"mode": "test", "epoch": 27, "loss": 1.8574724197387695, "acc": 0.051724135875701904, "acc_or": 0.5, "sender_entropy": 2.296854019165039, "receiver_entropy": 0.0, "original_loss": 1.2867034673690796, "mean_length": 6.0}
{"mode": "train", "epoch": 28, "loss": 0.8164380192756653, "acc": 0.0218390803784132, "acc_or": 0.29540231823921204, "sender_entropy": 2.296921730041504, "receiver_entropy": 0.0, "original_loss": 1.3778045177459717, "mean_length": 6.0}
{"mode": "test", "epoch": 28, "loss": 1.910228967666626, "acc": 0.06896551698446274, "acc_or": 0.5344827771186829, "sender_entropy": 2.296154260635376, "receiver_entropy": 0.0, "original_loss": 1.2798606157302856, "mean_length": 6.0}
{"mode": "train", "epoch": 29, "loss": 0.802326500415802, "acc": 0.026436781510710716, "acc_or": 0.29272031784057617, "sender_entropy": 2.2961883544921875, "receiver_entropy": 0.0, "original_loss": 1.377156376838684, "mean_length": 6.0}
{"mode": "test", "epoch": 29, "loss": 1.9638512134552002, "acc": 0.08620689809322357, "acc_or": 0.5114942789077759, "sender_entropy": 2.2952065467834473, "receiver_entropy": 0.0, "original_loss": 1.272493600845337, "mean_length": 6.0}
{"mode": "train", "epoch": 30, "loss": 0.8083919882774353, "acc": 0.022701149806380272, "acc_or": 0.2980842888355255, "sender_entropy": 2.2952075004577637, "receiver_entropy": 0.0, "original_loss": 1.3750100135803223, "mean_length": 6.0}
{"mode": "test", "epoch": 30, "loss": 1.9701974391937256, "acc": 0.08620689809322357, "acc_or": 0.4885057508945465, "sender_entropy": 2.2939488887786865, "receiver_entropy": 0.0, "original_loss": 1.2686728239059448, "mean_length": 6.0}
{"mode": "train", "epoch": 31, "loss": 0.8027665019035339, "acc": 0.026436781510710716, "acc_or": 0.30162835121154785, "sender_entropy": 2.293924570083618, "receiver_entropy": 0.0, "original_loss": 1.373729944229126, "mean_length": 6.0}
{"mode": "test", "epoch": 31, "loss": 1.997761607170105, "acc": 0.06896551698446274, "acc_or": 0.477011501789093, "sender_entropy": 2.292320489883423, "receiver_entropy": 0.0, "original_loss": 1.263114094734192, "mean_length": 6.0}
{"mode": "train", "epoch": 32, "loss": 0.8186131119728088, "acc": 0.028735632076859474, "acc_or": 0.30842912197113037, "sender_entropy": 2.2922658920288086, "receiver_entropy": 0.0, "original_loss": 1.370782494544983, "mean_length": 6.0}
{"mode": "test", "epoch": 32, "loss": 2.05908203125, "acc": 0.06896551698446274, "acc_or": 0.48275861144065857, "sender_entropy": 2.29016375541687, "receiver_entropy": 0.0, "original_loss": 1.254733681678772, "mean_length": 6.0}
{"mode": "train", "epoch": 33, "loss": 0.7972923517227173, "acc": 0.028735632076859474, "acc_or": 0.31005749106407166, "sender_entropy": 2.290067434310913, "receiver_entropy": 0.0, "original_loss": 1.3708229064941406, "mean_length": 6.0}
{"mode": "test", "epoch": 33, "loss": 2.122556447982788, "acc": 0.08620689809322357, "acc_or": 0.517241358757019, "sender_entropy": 2.2874643802642822, "receiver_entropy": 0.0, "original_loss": 1.245880126953125, "mean_length": 6.0}
{"mode": "train", "epoch": 34, "loss": 0.8425559997558594, "acc": 0.030459769070148468, "acc_or": 0.32662835717201233, "sender_entropy": 2.287357807159424, "receiver_entropy": 0.0, "original_loss": 1.365469217300415, "mean_length": 6.0}
{"mode": "test", "epoch": 34, "loss": 2.1674537658691406, "acc": 0.08620689809322357, "acc_or": 0.522988498210907, "sender_entropy": 2.2838523387908936, "receiver_entropy": 0.0, "original_loss": 1.237647533416748, "mean_length": 6.0}
{"mode": "train", "epoch": 35, "loss": 0.8629572987556458, "acc": 0.03304597735404968, "acc_or": 0.327873557806015, "sender_entropy": 2.283673048019409, "receiver_entropy": 0.0, "original_loss": 1.3619308471679688, "mean_length": 6.0}
{"mode": "test", "epoch": 35, "loss": 2.2307987213134766, "acc": 0.06896551698446274, "acc_or": 0.522988498210907, "sender_entropy": 2.2786529064178467, "receiver_entropy": 0.0, "original_loss": 1.2265565395355225, "mean_length": 6.0}
{"mode": "train", "epoch": 36, "loss": 0.9170171618461609, "acc": 0.03304597735404968, "acc_or": 0.3343869745731354, "sender_entropy": 2.278419256210327, "receiver_entropy": 0.0, "original_loss": 1.3556944131851196, "mean_length": 6.0}
{"mode": "test", "epoch": 36, "loss": 2.2716522216796875, "acc": 0.051724135875701904, "acc_or": 0.49425286054611206, "sender_entropy": 2.271813154220581, "receiver_entropy": 0.0, "original_loss": 1.2161469459533691, "mean_length": 6.0}
{"mode": "train", "epoch": 37, "loss": 0.9825906157493591, "acc": 0.03735632076859474, "acc_or": 0.3448275923728943, "sender_entropy": 2.271507740020752, "receiver_entropy": 0.0, "original_loss": 1.3478114604949951, "mean_length": 6.0}
{"mode": "test", "epoch": 37, "loss": 2.255390167236328, "acc": 0.03448275849223137, "acc_or": 0.48275861144065857, "sender_entropy": 2.2619106769561768, "receiver_entropy": 0.0, "original_loss": 1.2090814113616943, "mean_length": 6.0}
{"mode": "train", "epoch": 38, "loss": 1.0608229637145996, "acc": 0.03678160905838013, "acc_or": 0.35411879420280457, "sender_entropy": 2.261423110961914, "receiver_entropy": 0.0, "original_loss": 1.3386739492416382, "mean_length": 6.0}
{"mode": "test", "epoch": 38, "loss": 2.2602245807647705, "acc": 0.03448275849223137, "acc_or": 0.4885057508945465, "sender_entropy": 2.2497305870056152, "receiver_entropy": 0.0, "original_loss": 1.1998546123504639, "mean_length": 6.0}
{"mode": "train", "epoch": 39, "loss": 1.1471285820007324, "acc": 0.0376436784863472, "acc_or": 0.36178162693977356, "sender_entropy": 2.2488625049591064, "receiver_entropy": 0.0, "original_loss": 1.3280038833618164, "mean_length": 6.0}
{"mode": "test", "epoch": 39, "loss": 2.252164840698242, "acc": 0.03448275849223137, "acc_or": 0.49425286054611206, "sender_entropy": 2.2336015701293945, "receiver_entropy": 0.0, "original_loss": 1.189728856086731, "mean_length": 6.0}
{"mode": "train", "epoch": 40, "loss": 1.3091464042663574, "acc": 0.039080459624528885, "acc_or": 0.3814176321029663, "sender_entropy": 2.2319886684417725, "receiver_entropy": 0.0, "original_loss": 1.3108768463134766, "mean_length": 6.0}
{"mode": "test", "epoch": 40, "loss": 2.221714973449707, "acc": 0.03448275849223137, "acc_or": 0.49425286054611206, "sender_entropy": 2.222822904586792, "receiver_entropy": 0.0, "original_loss": 1.1848055124282837, "mean_length": 6.0}
{"mode": "train", "epoch": 41, "loss": 1.3998897075653076, "acc": 0.039942529052495956, "acc_or": 0.3899425268173218, "sender_entropy": 2.22019362449646, "receiver_entropy": 0.0, "original_loss": 1.2989643812179565, "mean_length": 6.0}
{"mode": "test", "epoch": 41, "loss": 2.360682487487793, "acc": 0.051724135875701904, "acc_or": 0.5057471394538879, "sender_entropy": 2.219367265701294, "receiver_entropy": 0.0, "original_loss": 1.1677777767181396, "mean_length": 6.0}
{"mode": "train", "epoch": 42, "loss": 1.4597476720809937, "acc": 0.0456896536052227, "acc_or": 0.3890804648399353, "sender_entropy": 2.2158098220825195, "receiver_entropy": 0.0, "original_loss": 1.2897056341171265, "mean_length": 6.0}
{"mode": "test", "epoch": 42, "loss": 2.3516886234283447, "acc": 0.06896551698446274, "acc_or": 0.5057471394538879, "sender_entropy": 2.2096359729766846, "receiver_entropy": 0.0, "original_loss": 1.1611391305923462, "mean_length": 6.0}
{"mode": "train", "epoch": 43, "loss": 1.5611889362335205, "acc": 0.044252872467041016, "acc_or": 0.3958812355995178, "sender_entropy": 2.205265760421753, "receiver_entropy": 0.0, "original_loss": 1.2763431072235107, "mean_length": 6.0}
{"mode": "test", "epoch": 43, "loss": 2.4462811946868896, "acc": 0.08620689809322357, "acc_or": 0.540229856967926, "sender_entropy": 2.2018728256225586, "receiver_entropy": 0.0, "original_loss": 1.1463701725006104, "mean_length": 6.0}
{"mode": "train", "epoch": 44, "loss": 1.612874984741211, "acc": 0.04396551847457886, "acc_or": 0.3989463746547699, "sender_entropy": 2.195924758911133, "receiver_entropy": 0.0, "original_loss": 1.266675591468811, "mean_length": 6.0}
{"mode": "test", "epoch": 44, "loss": 2.450275421142578, "acc": 0.10344827175140381, "acc_or": 0.5574712753295898, "sender_entropy": 2.190582275390625, "receiver_entropy": 0.0, "original_loss": 1.1397351026535034, "mean_length": 6.0}
{"mode": "train", "epoch": 45, "loss": 1.6499615907669067, "acc": 0.04798850417137146, "acc_or": 0.40890806913375854, "sender_entropy": 2.1835830211639404, "receiver_entropy": 0.0, "original_loss": 1.2580516338348389, "mean_length": 6.0}
{"mode": "test", "epoch": 45, "loss": 2.4854583740234375, "acc": 0.08620689809322357, "acc_or": 0.568965494632721, "sender_entropy": 2.1770145893096924, "receiver_entropy": 0.0, "original_loss": 1.129669189453125, "mean_length": 6.0}
{"mode": "train", "epoch": 46, "loss": 1.7354074716567993, "acc": 0.050574712455272675, "acc_or": 0.42040231823921204, "sender_entropy": 2.1681690216064453, "receiver_entropy": 0.0, "original_loss": 1.2456046342849731, "mean_length": 6.0}
{"mode": "test", "epoch": 46, "loss": 2.5204482078552246, "acc": 0.08620689809322357, "acc_or": 0.5747126340866089, "sender_entropy": 2.163020372390747, "receiver_entropy": 0.0, "original_loss": 1.1172096729278564, "mean_length": 6.0}
{"mode": "train", "epoch": 47, "loss": 1.8163576126098633, "acc": 0.05028735473752022, "acc_or": 0.4329501986503601, "sender_entropy": 2.1530942916870117, "receiver_entropy": 0.0, "original_loss": 1.233933448791504, "mean_length": 6.0}
{"mode": "test", "epoch": 47, "loss": 2.804349660873413, "acc": 0.08620689809322357, "acc_or": 0.568965494632721, "sender_entropy": 2.1558806896209717, "receiver_entropy": 0.0, "original_loss": 1.0816410779953003, "mean_length": 6.0}
{"mode": "train", "epoch": 48, "loss": 1.9140087366104126, "acc": 0.06005747243762016, "acc_or": 0.4502873718738556, "sender_entropy": 2.1451528072357178, "receiver_entropy": 0.0, "original_loss": 1.2231675386428833, "mean_length": 6.0}
{"mode": "test", "epoch": 48, "loss": 2.889084815979004, "acc": 0.10344827175140381, "acc_or": 0.5862069129943848, "sender_entropy": 2.154526948928833, "receiver_entropy": 0.0, "original_loss": 1.06842041015625, "mean_length": 6.0}
{"mode": "train", "epoch": 49, "loss": 2.0222320556640625, "acc": 0.0672413781285286, "acc_or": 0.4522988498210907, "sender_entropy": 2.1437013149261475, "receiver_entropy": 0.0, "original_loss": 1.2127025127410889, "mean_length": 6.0}
{"mode": "test", "epoch": 49, "loss": 3.305140972137451, "acc": 0.13793103396892548, "acc_or": 0.5919539928436279, "sender_entropy": 2.148824453353882, "receiver_entropy": 0.0, "original_loss": 1.0183151960372925, "mean_length": 6.0}
{"mode": "train", "epoch": 50, "loss": 2.1148016452789307, "acc": 0.07844827324151993, "acc_or": 0.4698275923728943, "sender_entropy": 2.138869524002075, "receiver_entropy": 0.0, "original_loss": 1.2002711296081543, "mean_length": 6.0}
{"mode": "test", "epoch": 50, "loss": 3.3645901679992676, "acc": 0.1551724076271057, "acc_or": 0.5977011322975159, "sender_entropy": 2.133423089981079, "receiver_entropy": 0.0, "original_loss": 1.0014249086380005, "mean_length": 6.0}
{"mode": "train", "epoch": 51, "loss": 2.2247211933135986, "acc": 0.079310342669487, "acc_or": 0.4837164878845215, "sender_entropy": 2.1213796138763428, "receiver_entropy": 0.0, "original_loss": 1.1858996152877808, "mean_length": 6.0}
{"mode": "test", "epoch": 51, "loss": 3.472856044769287, "acc": 0.1551724076271057, "acc_or": 0.6206896305084229, "sender_entropy": 2.1123764514923096, "receiver_entropy": 0.0, "original_loss": 0.9743004441261292, "mean_length": 6.0}
{"mode": "train", "epoch": 52, "loss": 2.3853650093078613, "acc": 0.09051723778247833, "acc_or": 0.5023946762084961, "sender_entropy": 2.098771572113037, "receiver_entropy": 0.0, "original_loss": 1.1664514541625977, "mean_length": 6.0}
{"mode": "test", "epoch": 52, "loss": 3.5569255352020264, "acc": 0.13793103396892548, "acc_or": 0.6206896305084229, "sender_entropy": 2.0922322273254395, "receiver_entropy": 0.0, "original_loss": 0.9477149844169617, "mean_length": 6.0}
{"mode": "train", "epoch": 53, "loss": 2.5632214546203613, "acc": 0.10603448003530502, "acc_or": 0.5150383114814758, "sender_entropy": 2.080230236053467, "receiver_entropy": 0.0, "original_loss": 1.1426656246185303, "mean_length": 6.0}
{"mode": "test", "epoch": 53, "loss": 3.6781210899353027, "acc": 0.13793103396892548, "acc_or": 0.6379310488700867, "sender_entropy": 2.0667994022369385, "receiver_entropy": 0.0, "original_loss": 0.9104995727539062, "mean_length": 6.0}
{"mode": "train", "epoch": 54, "loss": 2.8097424507141113, "acc": 0.12241379171609879, "acc_or": 0.5314176082611084, "sender_entropy": 2.052820920944214, "receiver_entropy": 0.0, "original_loss": 1.1123583316802979, "mean_length": 6.0}
{"mode": "test", "epoch": 54, "loss": 3.5795390605926514, "acc": 0.18965516984462738, "acc_or": 0.6609195470809937, "sender_entropy": 2.0420217514038086, "receiver_entropy": 0.0, "original_loss": 0.8980621695518494, "mean_length": 6.0}
{"mode": "train", "epoch": 55, "loss": 3.0082311630249023, "acc": 0.12672413885593414, "acc_or": 0.5427203178405762, "sender_entropy": 2.025409698486328, "receiver_entropy": 0.0, "original_loss": 1.083988904953003, "mean_length": 6.0}
{"mode": "test", "epoch": 55, "loss": 3.5247154235839844, "acc": 0.1551724076271057, "acc_or": 0.6379310488700867, "sender_entropy": 2.0282914638519287, "receiver_entropy": 0.0, "original_loss": 0.8851586580276489, "mean_length": 6.0}
{"mode": "train", "epoch": 56, "loss": 3.2501578330993652, "acc": 0.13477011024951935, "acc_or": 0.5548850893974304, "sender_entropy": 2.00408673286438, "receiver_entropy": 0.0, "original_loss": 1.050989031791687, "mean_length": 6.0}
{"mode": "test", "epoch": 56, "loss": 3.6179158687591553, "acc": 0.20689654350280762, "acc_or": 0.6551724076271057, "sender_entropy": 2.014960527420044, "receiver_entropy": 0.0, "original_loss": 0.8572055697441101, "mean_length": 6.0}
{"mode": "train", "epoch": 57, "loss": 3.392390727996826, "acc": 0.14741379022598267, "acc_or": 0.5649425387382507, "sender_entropy": 1.990697979927063, "receiver_entropy": 0.0, "original_loss": 1.026706576347351, "mean_length": 6.0}
{"mode": "test", "epoch": 57, "loss": 3.6170496940612793, "acc": 0.17241379618644714, "acc_or": 0.6666666865348816, "sender_entropy": 1.990653157234192, "receiver_entropy": 0.0, "original_loss": 0.8354935646057129, "mean_length": 6.0}
{"mode": "train", "epoch": 58, "loss": 3.5059337615966797, "acc": 0.14224137365818024, "acc_or": 0.5707854628562927, "sender_entropy": 1.965973973274231, "receiver_entropy": 0.0, "original_loss": 1.00424325466156, "mean_length": 6.0}
{"mode": "test", "epoch": 58, "loss": 3.547858238220215, "acc": 0.18965516984462738, "acc_or": 0.6896551847457886, "sender_entropy": 1.9689695835113525, "receiver_entropy": 0.0, "original_loss": 0.8251305818557739, "mean_length": 6.0}
{"mode": "train", "epoch": 59, "loss": 3.6273372173309326, "acc": 0.16925287246704102, "acc_or": 0.5900382995605469, "sender_entropy": 1.9382086992263794, "receiver_entropy": 0.0, "original_loss": 0.97794109582901, "mean_length": 6.0}
{"mode": "test", "epoch": 59, "loss": 3.5440618991851807, "acc": 0.22413793206214905, "acc_or": 0.6896551847457886, "sender_entropy": 1.9463508129119873, "receiver_entropy": 0.0, "original_loss": 0.803317129611969, "mean_length": 6.0}
{"mode": "train", "epoch": 60, "loss": 3.7989284992218018, "acc": 0.18132184445858002, "acc_or": 0.6045976877212524, "sender_entropy": 1.9111788272857666, "receiver_entropy": 0.0, "original_loss": 0.9499523639678955, "mean_length": 6.0}
{"mode": "test", "epoch": 60, "loss": 3.5539705753326416, "acc": 0.20689654350280762, "acc_or": 0.6666666865348816, "sender_entropy": 1.9249011278152466, "receiver_entropy": 0.0, "original_loss": 0.7819685935974121, "mean_length": 6.0}
{"mode": "train", "epoch": 61, "loss": 3.875636339187622, "acc": 0.17844827473163605, "acc_or": 0.607758641242981, "sender_entropy": 1.8876324892044067, "receiver_entropy": 0.0, "original_loss": 0.92999267578125, "mean_length": 6.0}
{"mode": "test", "epoch": 61, "loss": 3.478095293045044, "acc": 0.20689654350280762, "acc_or": 0.6839080452919006, "sender_entropy": 1.8995386362075806, "receiver_entropy": 0.0, "original_loss": 0.7660987377166748, "mean_length": 6.0}
{"mode": "train", "epoch": 62, "loss": 4.0365376472473145, "acc": 0.18505747616291046, "acc_or": 0.6166666746139526, "sender_entropy": 1.8615202903747559, "receiver_entropy": 0.0, "original_loss": 0.9039492011070251, "mean_length": 6.0}
{"mode": "test", "epoch": 62, "loss": 3.5672075748443604, "acc": 0.22413793206214905, "acc_or": 0.6954023241996765, "sender_entropy": 1.8918577432632446, "receiver_entropy": 0.0, "original_loss": 0.7470612525939941, "mean_length": 6.0}
{"mode": "train", "epoch": 63, "loss": 4.036695957183838, "acc": 0.20172414183616638, "acc_or": 0.6187739372253418, "sender_entropy": 1.851865291595459, "receiver_entropy": 0.0, "original_loss": 0.8955320715904236, "mean_length": 6.0}
{"mode": "test", "epoch": 63, "loss": 3.697443723678589, "acc": 0.24137930572032928, "acc_or": 0.6954023241996765, "sender_entropy": 1.8931725025177002, "receiver_entropy": 0.0, "original_loss": 0.7287085056304932, "mean_length": 6.0}
{"mode": "train", "epoch": 64, "loss": 4.033128261566162, "acc": 0.20919540524482727, "acc_or": 0.6235632300376892, "sender_entropy": 1.8507550954818726, "receiver_entropy": 0.0, "original_loss": 0.886768639087677, "mean_length": 6.0}
{"mode": "test", "epoch": 64, "loss": 3.7751142978668213, "acc": 0.20689654350280762, "acc_or": 0.6896551847457886, "sender_entropy": 1.9021941423416138, "receiver_entropy": 0.0, "original_loss": 0.7236502766609192, "mean_length": 6.0}
{"mode": "train", "epoch": 65, "loss": 3.994720220565796, "acc": 0.20373563468456268, "acc_or": 0.6241379380226135, "sender_entropy": 1.8618495464324951, "receiver_entropy": 0.0, "original_loss": 0.8834937214851379, "mean_length": 6.0}
{"mode": "test", "epoch": 65, "loss": 3.816983699798584, "acc": 0.24137930572032928, "acc_or": 0.6666666865348816, "sender_entropy": 1.9038279056549072, "receiver_entropy": 0.0, "original_loss": 0.7176284790039062, "mean_length": 6.0}
{"mode": "train", "epoch": 66, "loss": 4.135410308837891, "acc": 0.216379314661026, "acc_or": 0.6339080333709717, "sender_entropy": 1.8597251176834106, "receiver_entropy": 0.0, "original_loss": 0.8618425726890564, "mean_length": 6.0}
{"mode": "test", "epoch": 66, "loss": 3.8478264808654785, "acc": 0.20689654350280762, "acc_or": 0.6724137663841248, "sender_entropy": 1.8958420753479004, "receiver_entropy": 0.0, "original_loss": 0.7010766267776489, "mean_length": 6.0}
{"mode": "train", "epoch": 67, "loss": 4.083738327026367, "acc": 0.21609196066856384, "acc_or": 0.6302682161331177, "sender_entropy": 1.849754810333252, "receiver_entropy": 0.0, "original_loss": 0.8581426739692688, "mean_length": 6.0}
{"mode": "test", "epoch": 67, "loss": 3.8342840671539307, "acc": 0.27586206793785095, "acc_or": 0.6896551847457886, "sender_entropy": 1.8800551891326904, "receiver_entropy": 0.0, "original_loss": 0.6837596297264099, "mean_length": 6.0}
{"mode": "train", "epoch": 68, "loss": 4.16016149520874, "acc": 0.2158045917749405, "acc_or": 0.644348680973053, "sender_entropy": 1.8313031196594238, "receiver_entropy": 0.0, "original_loss": 0.841495931148529, "mean_length": 6.0}
{"mode": "test", "epoch": 68, "loss": 3.8695626258850098, "acc": 0.3448275923728943, "acc_or": 0.7298850417137146, "sender_entropy": 1.8635313510894775, "receiver_entropy": 0.0, "original_loss": 0.665149450302124, "mean_length": 6.0}
{"mode": "train", "epoch": 69, "loss": 4.230010509490967, "acc": 0.23333333432674408, "acc_or": 0.6494253277778625, "sender_entropy": 1.8107036352157593, "receiver_entropy": 0.0, "original_loss": 0.8232147097587585, "mean_length": 6.0}
{"mode": "test", "epoch": 69, "loss": 3.7799768447875977, "acc": 0.3448275923728943, "acc_or": 0.7298850417137146, "sender_entropy": 1.856484293937683, "receiver_entropy": 0.0, "original_loss": 0.6691756844520569, "mean_length": 6.0}
{"mode": "train", "epoch": 70, "loss": 4.355567455291748, "acc": 0.2560344934463501, "acc_or": 0.665517270565033, "sender_entropy": 1.7981518507003784, "receiver_entropy": 0.0, "original_loss": 0.8036302328109741, "mean_length": 6.0}
{"mode": "test", "epoch": 70, "loss": 3.7796130180358887, "acc": 0.2586206793785095, "acc_or": 0.7126436829566956, "sender_entropy": 1.8521664142608643, "receiver_entropy": 0.0, "original_loss": 0.6629161238670349, "mean_length": 6.0}
{"mode": "train", "epoch": 71, "loss": 4.33150577545166, "acc": 0.25775861740112305, "acc_or": 0.659770131111145, "sender_entropy": 1.7964181900024414, "receiver_entropy": 0.0, "original_loss": 0.7990648150444031, "mean_length": 6.0}
{"mode": "test", "epoch": 71, "loss": 3.8560845851898193, "acc": 0.32758620381355286, "acc_or": 0.7356321811676025, "sender_entropy": 1.8525959253311157, "receiver_entropy": 0.0, "original_loss": 0.6466088891029358, "mean_length": 6.0}
{"mode": "train", "epoch": 72, "loss": 4.242247104644775, "acc": 0.25919538736343384, "acc_or": 0.6647509932518005, "sender_entropy": 1.797132968902588, "receiver_entropy": 0.0, "original_loss": 0.7994990944862366, "mean_length": 6.0}
{"mode": "test", "epoch": 72, "loss": 3.8065786361694336, "acc": 0.3448275923728943, "acc_or": 0.7298850417137146, "sender_entropy": 1.8528428077697754, "receiver_entropy": 0.0, "original_loss": 0.6515094637870789, "mean_length": 6.0}
{"mode": "train", "epoch": 73, "loss": 4.167314529418945, "acc": 0.25028735399246216, "acc_or": 0.6595785617828369, "sender_entropy": 1.7984285354614258, "receiver_entropy": 0.0, "original_loss": 0.7972145080566406, "mean_length": 6.0}
{"mode": "test", "epoch": 73, "loss": 3.8200929164886475, "acc": 0.3103448152542114, "acc_or": 0.7183908224105835, "sender_entropy": 1.8515682220458984, "receiver_entropy": 0.0, "original_loss": 0.6466185450553894, "mean_length": 6.0}
{"mode": "train", "epoch": 74, "loss": 4.16162109375, "acc": 0.24683907628059387, "acc_or": 0.6606321930885315, "sender_entropy": 1.801315188407898, "receiver_entropy": 0.0, "original_loss": 0.7950195074081421, "mean_length": 6.0}
{"mode": "test", "epoch": 74, "loss": 3.9256629943847656, "acc": 0.36206895112991333, "acc_or": 0.7413793206214905, "sender_entropy": 1.8544232845306396, "receiver_entropy": 0.0, "original_loss": 0.6278215646743774, "mean_length": 6.0}
{"mode": "train", "epoch": 75, "loss": 4.166209697723389, "acc": 0.2640804648399353, "acc_or": 0.6679118871688843, "sender_entropy": 1.8011797666549683, "receiver_entropy": 0.0, "original_loss": 0.7869870066642761, "mean_length": 6.0}
{"mode": "test", "epoch": 75, "loss": 4.000666618347168, "acc": 0.32758620381355286, "acc_or": 0.7241379022598267, "sender_entropy": 1.8567895889282227, "receiver_entropy": 0.0, "original_loss": 0.6080409288406372, "mean_length": 6.0}
{"mode": "train", "epoch": 76, "loss": 4.310622215270996, "acc": 0.2781609296798706, "acc_or": 0.6699233651161194, "sender_entropy": 1.7960360050201416, "receiver_entropy": 0.0, "original_loss": 0.7639971971511841, "mean_length": 6.0}
{"mode": "test", "epoch": 76, "loss": 3.8917930126190186, "acc": 0.3965517282485962, "acc_or": 0.7413793206214905, "sender_entropy": 1.849717378616333, "receiver_entropy": 0.0, "original_loss": 0.6012881398200989, "mean_length": 6.0}
{"mode": "train", "epoch": 77, "loss": 4.413393020629883, "acc": 0.2801724076271057, "acc_or": 0.67691570520401, "sender_entropy": 1.7815128564834595, "receiver_entropy": 0.0, "original_loss": 0.7475883364677429, "mean_length": 6.0}
{"mode": "test", "epoch": 77, "loss": 3.888643741607666, "acc": 0.3965517282485962, "acc_or": 0.7471264600753784, "sender_entropy": 1.8472849130630493, "receiver_entropy": 0.0, "original_loss": 0.5899904370307922, "mean_length": 6.0}
{"mode": "train", "epoch": 78, "loss": 4.271145343780518, "acc": 0.29741379618644714, "acc_or": 0.6834291219711304, "sender_entropy": 1.7703602313995361, "receiver_entropy": 0.0, "original_loss": 0.7477359175682068, "mean_length": 6.0}
{"mode": "test", "epoch": 78, "loss": 4.093563079833984, "acc": 0.3965517282485962, "acc_or": 0.7643678188323975, "sender_entropy": 1.8367120027542114, "receiver_entropy": 0.0, "original_loss": 0.5528565645217896, "mean_length": 6.0}
{"mode": "train", "epoch": 79, "loss": 4.38381814956665, "acc": 0.3031609058380127, "acc_or": 0.6938697695732117, "sender_entropy": 1.7615736722946167, "receiver_entropy": 0.0, "original_loss": 0.7297683358192444, "mean_length": 6.0}
{"mode": "test", "epoch": 79, "loss": 3.9964823722839355, "acc": 0.4482758641242981, "acc_or": 0.7873563170433044, "sender_entropy": 1.8288685083389282, "receiver_entropy": 0.0, "original_loss": 0.5616086721420288, "mean_length": 6.0}
{"mode": "train", "epoch": 80, "loss": 4.323725700378418, "acc": 0.3247126340866089, "acc_or": 0.7004789710044861, "sender_entropy": 1.7533847093582153, "receiver_entropy": 0.0, "original_loss": 0.7209438681602478, "mean_length": 6.0}
{"mode": "test", "epoch": 80, "loss": 3.9049205780029297, "acc": 0.43103447556495667, "acc_or": 0.7643678188323975, "sender_entropy": 1.82328462600708, "receiver_entropy": 0.0, "original_loss": 0.5643514394760132, "mean_length": 6.0}
{"mode": "train", "epoch": 81, "loss": 4.343295574188232, "acc": 0.32212644815444946, "acc_or": 0.700383186340332, "sender_entropy": 1.7455157041549683, "receiver_entropy": 0.0, "original_loss": 0.7152635455131531, "mean_length": 6.0}
{"mode": "test", "epoch": 81, "loss": 4.050822734832764, "acc": 0.48275861144065857, "acc_or": 0.7931034564971924, "sender_entropy": 1.8243260383605957, "receiver_entropy": 0.0, "original_loss": 0.5395805835723877, "mean_length": 6.0}
{"mode": "train", "epoch": 82, "loss": 4.432746887207031, "acc": 0.33362069725990295, "acc_or": 0.7063218355178833, "sender_entropy": 1.739342451095581, "receiver_entropy": 0.0, "original_loss": 0.7014897465705872, "mean_length": 6.0}
{"mode": "test", "epoch": 82, "loss": 4.063057899475098, "acc": 0.5, "acc_or": 0.8045976758003235, "sender_entropy": 1.8269600868225098, "receiver_entropy": 0.0, "original_loss": 0.526369571685791, "mean_length": 6.0}
{"mode": "train", "epoch": 83, "loss": 4.478480815887451, "acc": 0.3514367938041687, "acc_or": 0.7181992530822754, "sender_entropy": 1.7439345121383667, "receiver_entropy": 0.0, "original_loss": 0.6812928915023804, "mean_length": 6.0}
{"mode": "test", "epoch": 83, "loss": 4.1053361892700195, "acc": 0.4655172526836395, "acc_or": 0.7931034564971924, "sender_entropy": 1.821828007698059, "receiver_entropy": 0.0, "original_loss": 0.5132720470428467, "mean_length": 6.0}
{"mode": "train", "epoch": 84, "loss": 4.408755302429199, "acc": 0.36120688915252686, "acc_or": 0.7179118990898132, "sender_entropy": 1.729684591293335, "receiver_entropy": 0.0, "original_loss": 0.6826574802398682, "mean_length": 6.0}
{"mode": "test", "epoch": 84, "loss": 4.179622650146484, "acc": 0.5344827771186829, "acc_or": 0.8275861740112305, "sender_entropy": 1.8161884546279907, "receiver_entropy": 0.0, "original_loss": 0.4948701560497284, "mean_length": 6.0}
{"mode": "train", "epoch": 85, "loss": 4.415572166442871, "acc": 0.3681034445762634, "acc_or": 0.7227011919021606, "sender_entropy": 1.725314736366272, "receiver_entropy": 0.0, "original_loss": 0.6722092628479004, "mean_length": 6.0}
{"mode": "test", "epoch": 85, "loss": 4.124797821044922, "acc": 0.5862069129943848, "acc_or": 0.8045976758003235, "sender_entropy": 1.804434061050415, "receiver_entropy": 0.0, "original_loss": 0.4930484890937805, "mean_length": 6.0}
{"mode": "train", "epoch": 86, "loss": 4.400521278381348, "acc": 0.361494243144989, "acc_or": 0.7195402383804321, "sender_entropy": 1.7144397497177124, "receiver_entropy": 0.0, "original_loss": 0.6694210767745972, "mean_length": 6.0}
{"mode": "test", "epoch": 86, "loss": 4.1424031257629395, "acc": 0.568965494632721, "acc_or": 0.8103448152542114, "sender_entropy": 1.799443006515503, "receiver_entropy": 0.0, "original_loss": 0.4792076349258423, "mean_length": 6.0}
{"mode": "train", "epoch": 87, "loss": 4.3932061195373535, "acc": 0.3810344934463501, "acc_or": 0.7293103337287903, "sender_entropy": 1.7092914581298828, "receiver_entropy": 0.0, "original_loss": 0.6577650904655457, "mean_length": 6.0}
{"mode": "test", "epoch": 87, "loss": 4.29836368560791, "acc": 0.6379310488700867, "acc_or": 0.8448275923728943, "sender_entropy": 1.7986387014389038, "receiver_entropy": 0.0, "original_loss": 0.4553711414337158, "mean_length": 6.0}
{"mode": "train", "epoch": 88, "loss": 4.371884346008301, "acc": 0.38477012515068054, "acc_or": 0.7319923639297485, "sender_entropy": 1.7078237533569336, "receiver_entropy": 0.0, "original_loss": 0.6545918583869934, "mean_length": 6.0}
{"mode": "test", "epoch": 88, "loss": 4.236076354980469, "acc": 0.5862069129943848, "acc_or": 0.8333333134651184, "sender_entropy": 1.7939203977584839, "receiver_entropy": 0.0, "original_loss": 0.45885172486305237, "mean_length": 6.0}
{"mode": "train", "epoch": 89, "loss": 4.4976701736450195, "acc": 0.3896551728248596, "acc_or": 0.7369731664657593, "sender_entropy": 1.704962968826294, "receiver_entropy": 0.0, "original_loss": 0.6376378536224365, "mean_length": 6.0}
{"mode": "test", "epoch": 89, "loss": 4.235238552093506, "acc": 0.568965494632721, "acc_or": 0.8333333134651184, "sender_entropy": 1.789642333984375, "receiver_entropy": 0.0, "original_loss": 0.4503825604915619, "mean_length": 6.0}
{"mode": "train", "epoch": 90, "loss": 4.436289310455322, "acc": 0.38678160309791565, "acc_or": 0.7371647953987122, "sender_entropy": 1.701375126838684, "receiver_entropy": 0.0, "original_loss": 0.6365122199058533, "mean_length": 6.0}
{"mode": "test", "epoch": 90, "loss": 4.186178684234619, "acc": 0.6379310488700867, "acc_or": 0.8563218116760254, "sender_entropy": 1.789493203163147, "receiver_entropy": 0.0, "original_loss": 0.44938382506370544, "mean_length": 6.0}
{"mode": "train", "epoch": 91, "loss": 4.475192546844482, "acc": 0.3859195411205292, "acc_or": 0.7398467659950256, "sender_entropy": 1.6948328018188477, "receiver_entropy": 0.0, "original_loss": 0.6285613775253296, "mean_length": 6.0}
{"mode": "test", "epoch": 91, "loss": 4.257055282592773, "acc": 0.6551724076271057, "acc_or": 0.8620689511299133, "sender_entropy": 1.7998251914978027, "receiver_entropy": 0.0, "original_loss": 0.44041845202445984, "mean_length": 6.0}
{"mode": "train", "epoch": 92, "loss": 4.452019691467285, "acc": 0.39425286650657654, "acc_or": 0.7449234127998352, "sender_entropy": 1.699767827987671, "receiver_entropy": 0.0, "original_loss": 0.6210581064224243, "mean_length": 6.0}
{"mode": "test", "epoch": 92, "loss": 4.218552112579346, "acc": 0.6379310488700867, "acc_or": 0.8505747318267822, "sender_entropy": 1.8044222593307495, "receiver_entropy": 0.0, "original_loss": 0.44283613562583923, "mean_length": 6.0}
{"mode": "train", "epoch": 93, "loss": 4.387178421020508, "acc": 0.4017241299152374, "acc_or": 0.7428160905838013, "sender_entropy": 1.705910325050354, "receiver_entropy": 0.0, "original_loss": 0.624241828918457, "mean_length": 6.0}
{"mode": "test", "epoch": 93, "loss": 4.31294059753418, "acc": 0.6724137663841248, "acc_or": 0.8678160905838013, "sender_entropy": 1.8075908422470093, "receiver_entropy": 0.0, "original_loss": 0.4233669340610504, "mean_length": 6.0}
{"mode": "train", "epoch": 94, "loss": 4.370393753051758, "acc": 0.39885056018829346, "acc_or": 0.7466475367546082, "sender_entropy": 1.7084851264953613, "receiver_entropy": 0.0, "original_loss": 0.6167540550231934, "mean_length": 6.0}
{"mode": "test", "epoch": 94, "loss": 4.549339771270752, "acc": 0.6724137663841248, "acc_or": 0.8735632300376892, "sender_entropy": 1.8151252269744873, "receiver_entropy": 0.0, "original_loss": 0.38845857977867126, "mean_length": 6.0}
{"mode": "train", "epoch": 95, "loss": 4.411866664886475, "acc": 0.4011494219303131, "acc_or": 0.7437739372253418, "sender_entropy": 1.7096017599105835, "receiver_entropy": 0.0, "original_loss": 0.6094338297843933, "mean_length": 6.0}
{"mode": "test", "epoch": 95, "loss": 4.656650066375732, "acc": 0.6896551847457886, "acc_or": 0.8793103694915771, "sender_entropy": 1.8154407739639282, "receiver_entropy": 0.0, "original_loss": 0.36931270360946655, "mean_length": 6.0}
{"mode": "train", "epoch": 96, "loss": 4.482992649078369, "acc": 0.4227011501789093, "acc_or": 0.7590996623039246, "sender_entropy": 1.705712914466858, "receiver_entropy": 0.0, "original_loss": 0.5973400473594666, "mean_length": 6.0}
{"mode": "test", "epoch": 96, "loss": 4.566707134246826, "acc": 0.7241379022598267, "acc_or": 0.8965517282485962, "sender_entropy": 1.8112740516662598, "receiver_entropy": 0.0, "original_loss": 0.37376561760902405, "mean_length": 6.0}
{"mode": "train", "epoch": 97, "loss": 4.4158806800842285, "acc": 0.4252873659133911, "acc_or": 0.7554597854614258, "sender_entropy": 1.7027733325958252, "receiver_entropy": 0.0, "original_loss": 0.5927724242210388, "mean_length": 6.0}
{"mode": "test", "epoch": 97, "loss": 4.443980693817139, "acc": 0.7241379022598267, "acc_or": 0.8908045887947083, "sender_entropy": 1.8042073249816895, "receiver_entropy": 0.0, "original_loss": 0.3851322829723358, "mean_length": 6.0}
{"mode": "train", "epoch": 98, "loss": 4.4129791259765625, "acc": 0.4252873659133911, "acc_or": 0.7595785856246948, "sender_entropy": 1.6911265850067139, "receiver_entropy": 0.0, "original_loss": 0.5861070156097412, "mean_length": 6.0}
{"mode": "test", "epoch": 98, "loss": 4.289604663848877, "acc": 0.6896551847457886, "acc_or": 0.8735632300376892, "sender_entropy": 1.7891790866851807, "receiver_entropy": 0.0, "original_loss": 0.3932362496852875, "mean_length": 6.0}
{"mode": "train", "epoch": 99, "loss": 4.405729293823242, "acc": 0.43936780095100403, "acc_or": 0.763601541519165, "sender_entropy": 1.6762051582336426, "receiver_entropy": 0.0, "original_loss": 0.5789769887924194, "mean_length": 6.0}
{"mode": "test", "epoch": 99, "loss": 4.191925048828125, "acc": 0.6551724076271057, "acc_or": 0.8620689511299133, "sender_entropy": 1.7736061811447144, "receiver_entropy": 0.0, "original_loss": 0.3935810625553131, "mean_length": 6.0}
{"mode": "train", "epoch": 100, "loss": 4.389313220977783, "acc": 0.4408046007156372, "acc_or": 0.7667624950408936, "sender_entropy": 1.6627014875411987, "receiver_entropy": 0.0, "original_loss": 0.5695309042930603, "mean_length": 6.0}
{"mode": "test", "epoch": 100, "loss": 4.02311897277832, "acc": 0.6206896305084229, "acc_or": 0.8505747318267822, "sender_entropy": 1.7575557231903076, "receiver_entropy": 0.0, "original_loss": 0.4030163586139679, "mean_length": 6.0}
{"mode": "train", "epoch": 101, "loss": 4.502893447875977, "acc": 0.4597701132297516, "acc_or": 0.7782567143440247, "sender_entropy": 1.648018479347229, "receiver_entropy": 0.0, "original_loss": 0.5455563068389893, "mean_length": 6.0}
{"mode": "test", "epoch": 101, "loss": 4.105005741119385, "acc": 0.6206896305084229, "acc_or": 0.8563218116760254, "sender_entropy": 1.7445780038833618, "receiver_entropy": 0.0, "original_loss": 0.3750946521759033, "mean_length": 6.0}
{"mode": "train", "epoch": 102, "loss": 4.447987079620361, "acc": 0.4629310369491577, "acc_or": 0.7781609296798706, "sender_entropy": 1.6345280408859253, "receiver_entropy": 0.0, "original_loss": 0.5448168516159058, "mean_length": 6.0}
{"mode": "test", "epoch": 102, "loss": 4.169881343841553, "acc": 0.6724137663841248, "acc_or": 0.8735632300376892, "sender_entropy": 1.7325600385665894, "receiver_entropy": 0.0, "original_loss": 0.3507198989391327, "mean_length": 6.0}
{"mode": "train", "epoch": 103, "loss": 4.529520034790039, "acc": 0.48160919547080994, "acc_or": 0.7884100079536438, "sender_entropy": 1.6232688426971436, "receiver_entropy": 0.0, "original_loss": 0.528346598148346, "mean_length": 6.0}
{"mode": "test", "epoch": 103, "loss": 4.211847305297852, "acc": 0.7241379022598267, "acc_or": 0.8965517282485962, "sender_entropy": 1.7265353202819824, "receiver_entropy": 0.0, "original_loss": 0.34341534972190857, "mean_length": 6.0}
{"mode": "train", "epoch": 104, "loss": 4.592406749725342, "acc": 0.48620688915252686, "acc_or": 0.7920498251914978, "sender_entropy": 1.6173911094665527, "receiver_entropy": 0.0, "original_loss": 0.5155289769172668, "mean_length": 6.0}
{"mode": "test", "epoch": 104, "loss": 4.233424186706543, "acc": 0.7413793206214905, "acc_or": 0.9080459475517273, "sender_entropy": 1.7270663976669312, "receiver_entropy": 0.0, "original_loss": 0.331685334444046, "mean_length": 6.0}
{"mode": "train", "epoch": 105, "loss": 4.616744041442871, "acc": 0.5034482479095459, "acc_or": 0.7990421652793884, "sender_entropy": 1.6139367818832397, "receiver_entropy": 0.0, "original_loss": 0.5050933957099915, "mean_length": 6.0}
{"mode": "test", "epoch": 105, "loss": 4.377254486083984, "acc": 0.7758620381355286, "acc_or": 0.9137930870056152, "sender_entropy": 1.73207426071167, "receiver_entropy": 0.0, "original_loss": 0.3120517134666443, "mean_length": 6.0}
{"mode": "train", "epoch": 106, "loss": 4.561020851135254, "acc": 0.5043103694915771, "acc_or": 0.8024904131889343, "sender_entropy": 1.6140271425247192, "receiver_entropy": 0.0, "original_loss": 0.5035884380340576, "mean_length": 6.0}
{"mode": "test", "epoch": 106, "loss": 4.391587734222412, "acc": 0.6896551847457886, "acc_or": 0.8850574493408203, "sender_entropy": 1.7348750829696655, "receiver_entropy": 0.0, "original_loss": 0.30747243762016296, "mean_length": 6.0}
{"mode": "train", "epoch": 107, "loss": 4.506490707397461, "acc": 0.5031608939170837, "acc_or": 0.7975096106529236, "sender_entropy": 1.614461064338684, "receiver_entropy": 0.0, "original_loss": 0.5051282644271851, "mean_length": 6.0}
{"mode": "test", "epoch": 107, "loss": 4.388525485992432, "acc": 0.7068965435028076, "acc_or": 0.8908045887947083, "sender_entropy": 1.7331769466400146, "receiver_entropy": 0.0, "original_loss": 0.2989816963672638, "mean_length": 6.0}
{"mode": "train", "epoch": 108, "loss": 4.461459159851074, "acc": 0.49367815256118774, "acc_or": 0.7962644100189209, "sender_entropy": 1.6055458784103394, "receiver_entropy": 0.0, "original_loss": 0.5026561617851257, "mean_length": 6.0}
{"mode": "test", "epoch": 108, "loss": 4.443447589874268, "acc": 0.7241379022598267, "acc_or": 0.9022988677024841, "sender_entropy": 1.738558053970337, "receiver_entropy": 0.0, "original_loss": 0.2905227243900299, "mean_length": 6.0}
{"mode": "train", "epoch": 109, "loss": 4.61776065826416, "acc": 0.5330459475517273, "acc_or": 0.813601553440094, "sender_entropy": 1.6019459962844849, "receiver_entropy": 0.0, "original_loss": 0.47686946392059326, "mean_length": 6.0}
{"mode": "test", "epoch": 109, "loss": 4.399952411651611, "acc": 0.7586206793785095, "acc_or": 0.9195402264595032, "sender_entropy": 1.7326709032058716, "receiver_entropy": 0.0, "original_loss": 0.2869800627231598, "mean_length": 6.0}
{"mode": "train", "epoch": 110, "loss": 4.6745147705078125, "acc": 0.5321838855743408, "acc_or": 0.817720353603363, "sender_entropy": 1.600380778312683, "receiver_entropy": 0.0, "original_loss": 0.46625933051109314, "mean_length": 6.0}
{"mode": "test", "epoch": 110, "loss": 4.3971452713012695, "acc": 0.7413793206214905, "acc_or": 0.9137930870056152, "sender_entropy": 1.7255241870880127, "receiver_entropy": 0.0, "original_loss": 0.28080636262893677, "mean_length": 6.0}
{"mode": "train", "epoch": 111, "loss": 4.585010528564453, "acc": 0.5339080691337585, "acc_or": 0.8163793087005615, "sender_entropy": 1.5970357656478882, "receiver_entropy": 0.0, "original_loss": 0.47058382630348206, "mean_length": 6.0}
{"mode": "test", "epoch": 111, "loss": 4.443385601043701, "acc": 0.7241379022598267, "acc_or": 0.9080459475517273, "sender_entropy": 1.7200243473052979, "receiver_entropy": 0.0, "original_loss": 0.2607148289680481, "mean_length": 6.0}
{"mode": "train", "epoch": 112, "loss": 4.6397624015808105, "acc": 0.553735613822937, "acc_or": 0.823180079460144, "sender_entropy": 1.6006559133529663, "receiver_entropy": 0.0, "original_loss": 0.4591608941555023, "mean_length": 6.0}
{"mode": "test", "epoch": 112, "loss": 4.401533126831055, "acc": 0.7586206793785095, "acc_or": 0.9195402264595032, "sender_entropy": 1.7195876836776733, "receiver_entropy": 0.0, "original_loss": 0.26425716280937195, "mean_length": 6.0}
{"mode": "train", "epoch": 113, "loss": 4.4637131690979, "acc": 0.534770131111145, "acc_or": 0.8127394914627075, "sender_entropy": 1.5969429016113281, "receiver_entropy": 0.0, "original_loss": 0.47015875577926636, "mean_length": 6.0}
{"mode": "test", "epoch": 113, "loss": 4.286961555480957, "acc": 0.7586206793785095, "acc_or": 0.9137930870056152, "sender_entropy": 1.7172390222549438, "receiver_entropy": 0.0, "original_loss": 0.27695077657699585, "mean_length": 6.0}
{"mode": "train", "epoch": 114, "loss": 4.510491847991943, "acc": 0.553735613822937, "acc_or": 0.8229885101318359, "sender_entropy": 1.595484972000122, "receiver_entropy": 0.0, "original_loss": 0.45650041103363037, "mean_length": 6.0}
{"mode": "test", "epoch": 114, "loss": 4.153076171875, "acc": 0.6724137663841248, "acc_or": 0.8908045887947083, "sender_entropy": 1.70676851272583, "receiver_entropy": 0.0, "original_loss": 0.28394845128059387, "mean_length": 6.0}
{"mode": "train", "epoch": 115, "loss": 4.465891361236572, "acc": 0.5514367818832397, "acc_or": 0.8222222328186035, "sender_entropy": 1.587529182434082, "receiver_entropy": 0.0, "original_loss": 0.4524621069431305, "mean_length": 6.0}
{"mode": "test", "epoch": 115, "loss": 4.379523754119873, "acc": 0.7586206793785095, "acc_or": 0.9195402264595032, "sender_entropy": 1.7136168479919434, "receiver_entropy": 0.0, "original_loss": 0.24324825406074524, "mean_length": 6.0}
{"mode": "train", "epoch": 116, "loss": 4.536200046539307, "acc": 0.5522988438606262, "acc_or": 0.8270115256309509, "sender_entropy": 1.5841150283813477, "receiver_entropy": 0.0, "original_loss": 0.4427490830421448, "mean_length": 6.0}
{"mode": "test", "epoch": 116, "loss": 4.435629844665527, "acc": 0.7758620381355286, "acc_or": 0.9252873659133911, "sender_entropy": 1.7168434858322144, "receiver_entropy": 0.0, "original_loss": 0.22936297953128815, "mean_length": 6.0}
{"mode": "train", "epoch": 117, "loss": 4.554052352905273, "acc": 0.5727011561393738, "acc_or": 0.833046019077301, "sender_entropy": 1.5877559185028076, "receiver_entropy": 0.0, "original_loss": 0.43287572264671326, "mean_length": 6.0}
{"mode": "test", "epoch": 117, "loss": 4.437208652496338, "acc": 0.8275861740112305, "acc_or": 0.9425287246704102, "sender_entropy": 1.7084068059921265, "receiver_entropy": 0.0, "original_loss": 0.21423345804214478, "mean_length": 6.0}
{"mode": "train", "epoch": 118, "loss": 4.53810453414917, "acc": 0.5704023241996765, "acc_or": 0.8343870043754578, "sender_entropy": 1.573243498802185, "receiver_entropy": 0.0, "original_loss": 0.42416197061538696, "mean_length": 6.0}
{"mode": "test", "epoch": 118, "loss": 4.431910514831543, "acc": 0.8275861740112305, "acc_or": 0.9425287246704102, "sender_entropy": 1.7039391994476318, "receiver_entropy": 0.0, "original_loss": 0.20617727935314178, "mean_length": 6.0}
{"mode": "train", "epoch": 119, "loss": 4.607080936431885, "acc": 0.5968390703201294, "acc_or": 0.8420498371124268, "sender_entropy": 1.56747567653656, "receiver_entropy": 0.0, "original_loss": 0.4095825254917145, "mean_length": 6.0}
{"mode": "test", "epoch": 119, "loss": 4.453927040100098, "acc": 0.8620689511299133, "acc_or": 0.954023003578186, "sender_entropy": 1.7055470943450928, "receiver_entropy": 0.0, "original_loss": 0.20777004957199097, "mean_length": 6.0}
{"mode": "train", "epoch": 120, "loss": 4.629402160644531, "acc": 0.59425288438797, "acc_or": 0.842528760433197, "sender_entropy": 1.5664485692977905, "receiver_entropy": 0.0, "original_loss": 0.39943039417266846, "mean_length": 6.0}
{"mode": "test", "epoch": 120, "loss": 4.449294567108154, "acc": 0.8793103694915771, "acc_or": 0.9597700834274292, "sender_entropy": 1.6985975503921509, "receiver_entropy": 0.0, "original_loss": 0.198036327958107, "mean_length": 6.0}
{"mode": "train", "epoch": 121, "loss": 4.619985580444336, "acc": 0.5896551609039307, "acc_or": 0.8451149463653564, "sender_entropy": 1.5492891073226929, "receiver_entropy": 0.0, "original_loss": 0.3966805934906006, "mean_length": 6.0}
{"mode": "test", "epoch": 121, "loss": 4.487855434417725, "acc": 0.9137930870056152, "acc_or": 0.9712643623352051, "sender_entropy": 1.688514232635498, "receiver_entropy": 0.0, "original_loss": 0.18010379374027252, "mean_length": 6.0}
{"mode": "train", "epoch": 122, "loss": 4.655831336975098, "acc": 0.6152299046516418, "acc_or": 0.8542145490646362, "sender_entropy": 1.5417715311050415, "receiver_entropy": 0.0, "original_loss": 0.3858044743537903, "mean_length": 6.0}
{"mode": "test", "epoch": 122, "loss": 4.295726299285889, "acc": 0.8448275923728943, "acc_or": 0.9482758641242981, "sender_entropy": 1.674668550491333, "receiver_entropy": 0.0, "original_loss": 0.18905018270015717, "mean_length": 6.0}
{"mode": "train", "epoch": 123, "loss": 4.578592300415039, "acc": 0.6091954112052917, "acc_or": 0.8508620858192444, "sender_entropy": 1.5380077362060547, "receiver_entropy": 0.0, "original_loss": 0.3858603239059448, "mean_length": 6.0}
{"mode": "test", "epoch": 123, "loss": 4.315690994262695, "acc": 0.8448275923728943, "acc_or": 0.9482758641242981, "sender_entropy": 1.6701992750167847, "receiver_entropy": 0.0, "original_loss": 0.18151086568832397, "mean_length": 6.0}
{"mode": "train", "epoch": 124, "loss": 4.58181095123291, "acc": 0.6103448271751404, "acc_or": 0.8508620858192444, "sender_entropy": 1.5384401082992554, "receiver_entropy": 0.0, "original_loss": 0.38119664788246155, "mean_length": 6.0}
{"mode": "test", "epoch": 124, "loss": 4.314692974090576, "acc": 0.8620689511299133, "acc_or": 0.954023003578186, "sender_entropy": 1.6683628559112549, "receiver_entropy": 0.0, "original_loss": 0.17655447125434875, "mean_length": 6.0}
{"mode": "train", "epoch": 125, "loss": 4.672612190246582, "acc": 0.6307471394538879, "acc_or": 0.8611111044883728, "sender_entropy": 1.5276668071746826, "receiver_entropy": 0.0, "original_loss": 0.36743858456611633, "mean_length": 6.0}
{"mode": "test", "epoch": 125, "loss": 4.264450550079346, "acc": 0.8793103694915771, "acc_or": 0.9597700834274292, "sender_entropy": 1.6615872383117676, "receiver_entropy": 0.0, "original_loss": 0.1726648062467575, "mean_length": 6.0}
{"mode": "train", "epoch": 126, "loss": 4.6004533767700195, "acc": 0.6468390822410583, "acc_or": 0.8651341199874878, "sender_entropy": 1.5238862037658691, "receiver_entropy": 0.0, "original_loss": 0.359421968460083, "mean_length": 6.0}
{"mode": "test", "epoch": 126, "loss": 4.201270580291748, "acc": 0.8965517282485962, "acc_or": 0.9655172228813171, "sender_entropy": 1.6541253328323364, "receiver_entropy": 0.0, "original_loss": 0.16925817728042603, "mean_length": 6.0}
{"mode": "train", "epoch": 127, "loss": 4.567218780517578, "acc": 0.6324712634086609, "acc_or": 0.8615900278091431, "sender_entropy": 1.5156962871551514, "receiver_entropy": 0.0, "original_loss": 0.36067068576812744, "mean_length": 6.0}
{"mode": "test", "epoch": 127, "loss": 4.205913543701172, "acc": 0.8965517282485962, "acc_or": 0.9655172228813171, "sender_entropy": 1.6531157493591309, "receiver_entropy": 0.0, "original_loss": 0.16730572283267975, "mean_length": 6.0}
{"mode": "train", "epoch": 128, "loss": 4.514767646789551, "acc": 0.6350574493408203, "acc_or": 0.8621647953987122, "sender_entropy": 1.514492154121399, "receiver_entropy": 0.0, "original_loss": 0.36211806535720825, "mean_length": 6.0}
{"mode": "test", "epoch": 128, "loss": 4.371255874633789, "acc": 0.931034505367279, "acc_or": 0.977011501789093, "sender_entropy": 1.6596362590789795, "receiver_entropy": 0.0, "original_loss": 0.13760261237621307, "mean_length": 6.0}
{"mode": "train", "epoch": 129, "loss": 4.5453081130981445, "acc": 0.6471264362335205, "acc_or": 0.8675287365913391, "sender_entropy": 1.5214027166366577, "receiver_entropy": 0.0, "original_loss": 0.3512585163116455, "mean_length": 6.0}
{"mode": "test", "epoch": 129, "loss": 4.3770527839660645, "acc": 0.9482758641242981, "acc_or": 0.982758641242981, "sender_entropy": 1.6546601057052612, "receiver_entropy": 0.0, "original_loss": 0.13186170160770416, "mean_length": 6.0}
{"mode": "train", "epoch": 130, "loss": 4.449250221252441, "acc": 0.6390804648399353, "acc_or": 0.8630268573760986, "sender_entropy": 1.5215541124343872, "receiver_entropy": 0.0, "original_loss": 0.3585410714149475, "mean_length": 6.0}
{"mode": "test", "epoch": 130, "loss": 4.337846755981445, "acc": 0.931034505367279, "acc_or": 0.977011501789093, "sender_entropy": 1.6538889408111572, "receiver_entropy": 0.0, "original_loss": 0.13225239515304565, "mean_length": 6.0}
{"mode": "train", "epoch": 131, "loss": 4.490077495574951, "acc": 0.6540229916572571, "acc_or": 0.8714559674263, "sender_entropy": 1.5213191509246826, "receiver_entropy": 0.0, "original_loss": 0.3438141942024231, "mean_length": 6.0}
{"mode": "test", "epoch": 131, "loss": 4.266702651977539, "acc": 0.9137930870056152, "acc_or": 0.9712643623352051, "sender_entropy": 1.6491546630859375, "receiver_entropy": 0.0, "original_loss": 0.1360502392053604, "mean_length": 6.0}
{"mode": "train", "epoch": 132, "loss": 4.572254657745361, "acc": 0.6744253039360046, "acc_or": 0.8779693841934204, "sender_entropy": 1.5158838033676147, "receiver_entropy": 0.0, "original_loss": 0.33092841506004333, "mean_length": 6.0}
{"mode": "test", "epoch": 132, "loss": 4.183592796325684, "acc": 0.931034505367279, "acc_or": 0.977011501789093, "sender_entropy": 1.6423245668411255, "receiver_entropy": 0.0, "original_loss": 0.13712631165981293, "mean_length": 6.0}
{"mode": "train", "epoch": 133, "loss": 4.5463128089904785, "acc": 0.6525862216949463, "acc_or": 0.8697318434715271, "sender_entropy": 1.5078985691070557, "receiver_entropy": 0.0, "original_loss": 0.331004798412323, "mean_length": 6.0}
{"mode": "test", "epoch": 133, "loss": 4.2030816078186035, "acc": 0.9482758641242981, "acc_or": 0.982758641242981, "sender_entropy": 1.6418267488479614, "receiver_entropy": 0.0, "original_loss": 0.12084785103797913, "mean_length": 6.0}
{"mode": "train", "epoch": 134, "loss": 4.49892520904541, "acc": 0.6646551489830017, "acc_or": 0.874904215335846, "sender_entropy": 1.5122705698013306, "receiver_entropy": 0.0, "original_loss": 0.3294701874256134, "mean_length": 6.0}
{"mode": "test", "epoch": 134, "loss": 4.1700639724731445, "acc": 0.9655172228813171, "acc_or": 0.9885057210922241, "sender_entropy": 1.6440366506576538, "receiver_entropy": 0.0, "original_loss": 0.11765840649604797, "mean_length": 6.0}
{"mode": "train", "epoch": 135, "loss": 4.406997203826904, "acc": 0.6603448390960693, "acc_or": 0.8740421533584595, "sender_entropy": 1.5036156177520752, "receiver_entropy": 0.0, "original_loss": 0.3348070979118347, "mean_length": 6.0}
{"mode": "test", "epoch": 135, "loss": 4.121211051940918, "acc": 0.9655172228813171, "acc_or": 0.9885057210922241, "sender_entropy": 1.6407853364944458, "receiver_entropy": 0.0, "original_loss": 0.12237848341464996, "mean_length": 6.0}
{"mode": "train", "epoch": 136, "loss": 4.468388080596924, "acc": 0.675000011920929, "acc_or": 0.8786398768424988, "sender_entropy": 1.502616286277771, "receiver_entropy": 0.0, "original_loss": 0.31888386607170105, "mean_length": 6.0}
{"mode": "test", "epoch": 136, "loss": 4.039826393127441, "acc": 0.931034505367279, "acc_or": 0.977011501789093, "sender_entropy": 1.6304194927215576, "receiver_entropy": 0.0, "original_loss": 0.12847267091274261, "mean_length": 6.0}
{"mode": "train", "epoch": 137, "loss": 4.391242504119873, "acc": 0.6620689630508423, "acc_or": 0.8738505840301514, "sender_entropy": 1.4904142618179321, "receiver_entropy": 0.0, "original_loss": 0.3273778557777405, "mean_length": 6.0}
{"mode": "test", "epoch": 137, "loss": 4.119654655456543, "acc": 0.9655172228813171, "acc_or": 0.9885057210922241, "sender_entropy": 1.631622314453125, "receiver_entropy": 0.0, "original_loss": 0.10555484890937805, "mean_length": 6.0}
{"mode": "train", "epoch": 138, "loss": 4.471479892730713, "acc": 0.6887931227684021, "acc_or": 0.8854406476020813, "sender_entropy": 1.4925094842910767, "receiver_entropy": 0.0, "original_loss": 0.3100992739200592, "mean_length": 6.0}
{"mode": "test", "epoch": 138, "loss": 4.192567348480225, "acc": 0.982758641242981, "acc_or": 0.9942528605461121, "sender_entropy": 1.6468067169189453, "receiver_entropy": 0.0, "original_loss": 0.10103458166122437, "mean_length": 6.0}
{"mode": "train", "epoch": 139, "loss": 4.392608165740967, "acc": 0.6658046245574951, "acc_or": 0.8753831386566162, "sender_entropy": 1.4891413450241089, "receiver_entropy": 0.0, "original_loss": 0.31625306606292725, "mean_length": 6.0}
{"mode": "test", "epoch": 139, "loss": 4.168938636779785, "acc": 0.9655172228813171, "acc_or": 0.9885057210922241, "sender_entropy": 1.6467021703720093, "receiver_entropy": 0.0, "original_loss": 0.10810048133134842, "mean_length": 6.0}
{"mode": "train", "epoch": 140, "loss": 4.498591423034668, "acc": 0.7037356495857239, "acc_or": 0.8902298808097839, "sender_entropy": 1.4963394403457642, "receiver_entropy": 0.0, "original_loss": 0.29508286714553833, "mean_length": 6.0}
{"mode": "test", "epoch": 140, "loss": 4.152690410614014, "acc": 0.9655172228813171, "acc_or": 0.9885057210922241, "sender_entropy": 1.6415412425994873, "receiver_entropy": 0.0, "original_loss": 0.09936497360467911, "mean_length": 6.0}
{"mode": "train", "epoch": 141, "loss": 4.42186975479126, "acc": 0.6974138021469116, "acc_or": 0.886685848236084, "sender_entropy": 1.4939180612564087, "receiver_entropy": 0.0, "original_loss": 0.299350380897522, "mean_length": 6.0}
{"mode": "test", "epoch": 141, "loss": 4.200464725494385, "acc": 0.982758641242981, "acc_or": 0.9942528605461121, "sender_entropy": 1.6490846872329712, "receiver_entropy": 0.0, "original_loss": 0.09386803209781647, "mean_length": 6.0}
{"mode": "train", "epoch": 142, "loss": 4.472858905792236, "acc": 0.7169539928436279, "acc_or": 0.8949233889579773, "sender_entropy": 1.4918572902679443, "receiver_entropy": 0.0, "original_loss": 0.2882489562034607, "mean_length": 6.0}
{"mode": "test", "epoch": 142, "loss": 4.159054756164551, "acc": 1.0, "acc_or": 1.0, "sender_entropy": 1.6483254432678223, "receiver_entropy": 0.0, "original_loss": 0.0964478924870491, "mean_length": 6.0}
{"epoch": 142, "positional_disent": 0.07228109985589981, "bag_of_symbol_disent": 0.06868760287761688, "topographic_sim": 0.41950283759989937}
{"generalization hold out": {"acc": 0.8958333730697632, "acc_or": 0.9479166865348816}, "uniform holdout": {"acc": 0.1666666716337204, "acc_or": 0.5555555820465088}, "epoch": 142}
---End--
