nohup: ignoring input
{"mode": "train", "epoch": 1, "loss": -11.041253248850504, "acc": 0.004374731642504533, "acc_or": 0.0712048312028249, "sender_entropy": 2.300649086634318, "receiver_entropy": 0.0, "original_loss": 2.762903928756714, "mean_length": 6.0}
{"mode": "test", "epoch": 1, "loss": 1.821315050125122, "acc": 0.004926108289510012, "acc_or": 0.08128079026937485, "sender_entropy": 2.2988786697387695, "receiver_entropy": 0.0, "original_loss": 2.7457187175750732, "mean_length": 6.0}
{"mode": "train", "epoch": 2, "loss": 1.88506281375885, "acc": 0.00512712091828386, "acc_or": 0.07502450048923492, "sender_entropy": 2.2984731992085776, "receiver_entropy": 0.0, "original_loss": 2.7369425296783447, "mean_length": 6.0}
{"mode": "test", "epoch": 2, "loss": 1.8831548690795898, "acc": 0.0, "acc_or": 0.06896551698446274, "sender_entropy": 2.2984015941619873, "receiver_entropy": 0.0, "original_loss": 2.7264938354492188, "mean_length": 6.0}
{"mode": "train", "epoch": 3, "loss": 1.9646446307500203, "acc": 0.005009664998700221, "acc_or": 0.07382175077994664, "sender_entropy": 2.2986295223236084, "receiver_entropy": 0.0, "original_loss": 2.717506726582845, "mean_length": 6.0}
{"mode": "test", "epoch": 3, "loss": 2.059443712234497, "acc": 0.004926108289510012, "acc_or": 0.08128079026937485, "sender_entropy": 2.2991724014282227, "receiver_entropy": 0.0, "original_loss": 2.700308322906494, "mean_length": 6.0}
{"mode": "train", "epoch": 4, "loss": 1.9329523245493572, "acc": 0.004541183511416118, "acc_or": 0.07173573474089305, "sender_entropy": 2.299581448237101, "receiver_entropy": 0.0, "original_loss": 2.709224303563436, "mean_length": 6.0}
{"mode": "test", "epoch": 4, "loss": 2.061652183532715, "acc": 0.009852216579020023, "acc_or": 0.0911330059170723, "sender_entropy": 2.2998692989349365, "receiver_entropy": 0.0, "original_loss": 2.6922402381896973, "mean_length": 6.0}
{"mode": "train", "epoch": 5, "loss": 1.8675594727198284, "acc": 0.004718374228104949, "acc_or": 0.07222300519545873, "sender_entropy": 2.300268014272054, "receiver_entropy": 0.0, "original_loss": 2.7073353926340737, "mean_length": 6.0}
{"mode": "test", "epoch": 5, "loss": 2.0778307914733887, "acc": 0.004926108289510012, "acc_or": 0.09359605610370636, "sender_entropy": 2.300267219543457, "receiver_entropy": 0.0, "original_loss": 2.68564510345459, "mean_length": 6.0}
{"mode": "train", "epoch": 6, "loss": 1.815382679303487, "acc": 0.006460078526288271, "acc_or": 0.07639538000027339, "sender_entropy": 2.3006057739257812, "receiver_entropy": 0.0, "original_loss": 2.7067530949910483, "mean_length": 6.0}
{"mode": "test", "epoch": 6, "loss": 2.1496684551239014, "acc": 0.014778325334191322, "acc_or": 0.14039409160614014, "sender_entropy": 2.3004448413848877, "receiver_entropy": 0.0, "original_loss": 2.67630672454834, "mean_length": 6.0}
{"mode": "train", "epoch": 7, "loss": 1.7780025005340576, "acc": 0.005647954375793536, "acc_or": 0.0736227457722028, "sender_entropy": 2.3006818294525146, "receiver_entropy": 0.0, "original_loss": 2.706398328145345, "mean_length": 6.0}
{"mode": "test", "epoch": 7, "loss": 2.2030065059661865, "acc": 0.009852216579020023, "acc_or": 0.15024630725383759, "sender_entropy": 2.3004372119903564, "receiver_entropy": 0.0, "original_loss": 2.669187068939209, "mean_length": 6.0}
{"mode": "train", "epoch": 8, "loss": 1.7606772979100545, "acc": 0.005358677202214797, "acc_or": 0.07340662678082784, "sender_entropy": 2.300605535507202, "receiver_entropy": 0.0, "original_loss": 2.7053213914235434, "mean_length": 6.0}
{"mode": "test", "epoch": 8, "loss": 2.3278956413269043, "acc": 0.04433497413992882, "acc_or": 0.19950738549232483, "sender_entropy": 2.300363540649414, "receiver_entropy": 0.0, "original_loss": 2.656831979751587, "mean_length": 6.0}
{"mode": "train", "epoch": 9, "loss": 1.7487882773081462, "acc": 0.006423834866533677, "acc_or": 0.07665646572907765, "sender_entropy": 2.300498882929484, "receiver_entropy": 0.0, "original_loss": 2.7041842937469482, "mean_length": 6.0}
{"mode": "test", "epoch": 9, "loss": 2.5146541595458984, "acc": 0.029556650668382645, "acc_or": 0.22660097479820251, "sender_entropy": 2.3002283573150635, "receiver_entropy": 0.0, "original_loss": 2.6393020153045654, "mean_length": 6.0}
{"mode": "train", "epoch": 10, "loss": 1.7323259909947712, "acc": 0.0067023734251658125, "acc_or": 0.07697225610415141, "sender_entropy": 2.3002914587656655, "receiver_entropy": 0.0, "original_loss": 2.7037017345428467, "mean_length": 6.0}
{"mode": "test", "epoch": 10, "loss": 2.783381223678589, "acc": 0.029556650668382645, "acc_or": 0.24876846373081207, "sender_entropy": 2.2998316287994385, "receiver_entropy": 0.0, "original_loss": 2.61494779586792, "mean_length": 6.0}
{"mode": "train", "epoch": 11, "loss": 1.7326175769170125, "acc": 0.006252013612538576, "acc_or": 0.08155303945144017, "sender_entropy": 2.2997233072916665, "receiver_entropy": 0.0, "original_loss": 2.702124039332072, "mean_length": 6.0}
{"mode": "test", "epoch": 11, "loss": 3.0685834884643555, "acc": 0.019704433158040047, "acc_or": 0.2142857164144516, "sender_entropy": 2.298790454864502, "receiver_entropy": 0.0, "original_loss": 2.5878562927246094, "mean_length": 6.0}
{"mode": "train", "epoch": 12, "loss": 1.7505216201146443, "acc": 0.006512430341293414, "acc_or": 0.08445050815741222, "sender_entropy": 2.298304557800293, "receiver_entropy": 0.0, "original_loss": 2.699193557103475, "mean_length": 6.0}
{"mode": "test", "epoch": 12, "loss": 3.426976203918457, "acc": 0.019704433158040047, "acc_or": 0.21921181678771973, "sender_entropy": 2.296302318572998, "receiver_entropy": 0.0, "original_loss": 2.551548719406128, "mean_length": 6.0}
{"mode": "train", "epoch": 13, "loss": 1.807844837506612, "acc": 0.007460132396469514, "acc_or": 0.09614006181557973, "sender_entropy": 2.294388691584269, "receiver_entropy": 0.0, "original_loss": 2.6926921208699546, "mean_length": 6.0}
{"mode": "test", "epoch": 13, "loss": 3.8354299068450928, "acc": 0.019704433158040047, "acc_or": 0.20689654350280762, "sender_entropy": 2.288172960281372, "receiver_entropy": 0.0, "original_loss": 2.502156972885132, "mean_length": 6.0}
{"mode": "train", "epoch": 14, "loss": 2.0077819426854453, "acc": 0.011610690504312515, "acc_or": 0.11172680805126826, "sender_entropy": 2.278580586115519, "receiver_entropy": 0.0, "original_loss": 2.673017660776774, "mean_length": 6.0}
{"mode": "test", "epoch": 14, "loss": 4.085544109344482, "acc": 0.014778325334191322, "acc_or": 0.18719211220741272, "sender_entropy": 2.2502281665802, "receiver_entropy": 0.0, "original_loss": 2.435231924057007, "mean_length": 6.0}
{"mode": "train", "epoch": 15, "loss": 2.6941802501678467, "acc": 0.015092085426052412, "acc_or": 0.137074813246727, "sender_entropy": 2.218773682912191, "receiver_entropy": 0.0, "original_loss": 2.602837085723877, "mean_length": 6.0}
{"mode": "test", "epoch": 15, "loss": 3.761585235595703, "acc": 0.019704433158040047, "acc_or": 0.19211822748184204, "sender_entropy": 2.174806594848633, "receiver_entropy": 0.0, "original_loss": 2.3943238258361816, "mean_length": 6.0}
{"mode": "train", "epoch": 16, "loss": 3.6570164362589517, "acc": 0.019029210632046063, "acc_or": 0.16367087761561075, "sender_entropy": 2.130748748779297, "receiver_entropy": 0.0, "original_loss": 2.488196611404419, "mean_length": 6.0}
{"mode": "test", "epoch": 16, "loss": 3.9103803634643555, "acc": 0.014778325334191322, "acc_or": 0.22660097479820251, "sender_entropy": 2.1028716564178467, "receiver_entropy": 0.0, "original_loss": 2.3274877071380615, "mean_length": 6.0}
{"mode": "train", "epoch": 17, "loss": 4.402559916178386, "acc": 0.023789197206497192, "acc_or": 0.18989946444829306, "sender_entropy": 2.0689923763275146, "receiver_entropy": 0.0, "original_loss": 2.3872834046681723, "mean_length": 6.0}
{"mode": "test", "epoch": 17, "loss": 4.364389419555664, "acc": 0.019704433158040047, "acc_or": 0.24137930572032928, "sender_entropy": 2.093041181564331, "receiver_entropy": 0.0, "original_loss": 2.2593023777008057, "mean_length": 6.0}
{"mode": "train", "epoch": 18, "loss": 4.701858202616374, "acc": 0.027749812230467796, "acc_or": 0.2017715722322464, "sender_entropy": 2.015848080317179, "receiver_entropy": 0.0, "original_loss": 2.327353000640869, "mean_length": 6.0}
{"mode": "test", "epoch": 18, "loss": 4.460252285003662, "acc": 0.03448275849223137, "acc_or": 0.23645320534706116, "sender_entropy": 2.0544636249542236, "receiver_entropy": 0.0, "original_loss": 2.1992437839508057, "mean_length": 6.0}
{"mode": "train", "epoch": 19, "loss": 4.971851348876953, "acc": 0.03553009654084841, "acc_or": 0.22423520187536874, "sender_entropy": 1.9701200723648071, "receiver_entropy": 0.0, "original_loss": 2.270761410395304, "mean_length": 6.0}
{"mode": "test", "epoch": 19, "loss": 4.614455699920654, "acc": 0.03940886631608009, "acc_or": 0.25123152136802673, "sender_entropy": 2.0050930976867676, "receiver_entropy": 0.0, "original_loss": 2.129521369934082, "mean_length": 6.0}
{"mode": "train", "epoch": 20, "loss": 5.269930521647136, "acc": 0.03685567031304041, "acc_or": 0.23036841054757437, "sender_entropy": 1.9560964902242024, "receiver_entropy": 0.0, "original_loss": 2.2279343605041504, "mean_length": 6.0}
{"mode": "test", "epoch": 20, "loss": 5.445394515991211, "acc": 0.03940886631608009, "acc_or": 0.2610837519168854, "sender_entropy": 2.0632922649383545, "receiver_entropy": 0.0, "original_loss": 2.0600037574768066, "mean_length": 6.0}
{"mode": "train", "epoch": 21, "loss": 5.249220530192058, "acc": 0.04223783935109774, "acc_or": 0.24479267994562784, "sender_entropy": 1.98858638604482, "receiver_entropy": 0.0, "original_loss": 2.2078805764516196, "mean_length": 6.0}
{"mode": "test", "epoch": 21, "loss": 5.20937442779541, "acc": 0.03940886631608009, "acc_or": 0.2931034564971924, "sender_entropy": 2.0215065479278564, "receiver_entropy": 0.0, "original_loss": 2.032362937927246, "mean_length": 6.0}
{"mode": "train", "epoch": 22, "loss": 5.8110911051432295, "acc": 0.050942334036032356, "acc_or": 0.27196359634399414, "sender_entropy": 1.9137579997380574, "receiver_entropy": 0.0, "original_loss": 2.1156438191731772, "mean_length": 6.0}
{"mode": "test", "epoch": 22, "loss": 5.974514007568359, "acc": 0.04926108196377754, "acc_or": 0.30295565724372864, "sender_entropy": 1.9884986877441406, "receiver_entropy": 0.0, "original_loss": 1.9027659893035889, "mean_length": 6.0}
{"mode": "train", "epoch": 23, "loss": 6.3387101491292315, "acc": 0.07175284624099731, "acc_or": 0.3100827634334564, "sender_entropy": 1.8799952665964763, "receiver_entropy": 0.0, "original_loss": 2.0310299396514893, "mean_length": 6.0}
{"mode": "test", "epoch": 23, "loss": 5.848465919494629, "acc": 0.06896551698446274, "acc_or": 0.32266008853912354, "sender_entropy": 1.9276762008666992, "receiver_entropy": 0.0, "original_loss": 1.8473126888275146, "mean_length": 6.0}
{"mode": "train", "epoch": 24, "loss": 6.88582976659139, "acc": 0.08449581513802211, "acc_or": 0.34304124116897583, "sender_entropy": 1.8049871524175007, "receiver_entropy": 0.0, "original_loss": 1.9190141359965007, "mean_length": 6.0}
{"mode": "test", "epoch": 24, "loss": 6.244361877441406, "acc": 0.07881773263216019, "acc_or": 0.3522167503833771, "sender_entropy": 1.879978060722351, "receiver_entropy": 0.0, "original_loss": 1.712884783744812, "mean_length": 6.0}
{"mode": "train", "epoch": 25, "loss": 7.35800568262736, "acc": 0.09766900539398193, "acc_or": 0.37129007776578266, "sender_entropy": 1.721340537071228, "receiver_entropy": 0.0, "original_loss": 1.8043742577234905, "mean_length": 6.0}
{"mode": "test", "epoch": 25, "loss": 6.128170490264893, "acc": 0.08866994827985764, "acc_or": 0.39162561297416687, "sender_entropy": 1.8028422594070435, "receiver_entropy": 0.0, "original_loss": 1.6399191617965698, "mean_length": 6.0}
{"mode": "train", "epoch": 26, "loss": 7.651090304056804, "acc": 0.11839092274506886, "acc_or": 0.3968535264333089, "sender_entropy": 1.6486128171284993, "receiver_entropy": 0.0, "original_loss": 1.7084879875183105, "mean_length": 6.0}
{"mode": "test", "epoch": 26, "loss": 6.226025581359863, "acc": 0.13793103396892548, "acc_or": 0.43349751830101013, "sender_entropy": 1.7527564764022827, "receiver_entropy": 0.0, "original_loss": 1.544861912727356, "mean_length": 6.0}
{"mode": "train", "epoch": 27, "loss": 7.729046026865642, "acc": 0.13051707794268927, "acc_or": 0.415463258822759, "sender_entropy": 1.6266679763793945, "receiver_entropy": 0.0, "original_loss": 1.656110366185506, "mean_length": 6.0}
{"mode": "test", "epoch": 27, "loss": 6.581396102905273, "acc": 0.13793103396892548, "acc_or": 0.4753694534301758, "sender_entropy": 1.7538353204727173, "receiver_entropy": 0.0, "original_loss": 1.4637246131896973, "mean_length": 6.0}
{"mode": "train", "epoch": 28, "loss": 7.945097287495931, "acc": 0.14100824296474457, "acc_or": 0.42948079109191895, "sender_entropy": 1.6283911069234211, "receiver_entropy": 0.0, "original_loss": 1.6044347286224365, "mean_length": 6.0}
{"mode": "test", "epoch": 28, "loss": 6.5852952003479, "acc": 0.15763546526432037, "acc_or": 0.46305418014526367, "sender_entropy": 1.7446112632751465, "receiver_entropy": 0.0, "original_loss": 1.4169669151306152, "mean_length": 6.0}
{"mode": "train", "epoch": 29, "loss": 8.042211691538492, "acc": 0.16227448980013529, "acc_or": 0.4509795904159546, "sender_entropy": 1.6071794033050537, "receiver_entropy": 0.0, "original_loss": 1.5447001457214355, "mean_length": 6.0}
{"mode": "test", "epoch": 29, "loss": 6.622958183288574, "acc": 0.19211822748184204, "acc_or": 0.5073891282081604, "sender_entropy": 1.7258706092834473, "receiver_entropy": 0.0, "original_loss": 1.3409106731414795, "mean_length": 6.0}
{"mode": "train", "epoch": 30, "loss": 8.049997965494791, "acc": 0.1847454955180486, "acc_or": 0.46979235609372455, "sender_entropy": 1.5827970107396443, "receiver_entropy": 0.0, "original_loss": 1.4959605534871419, "mean_length": 6.0}
{"mode": "test", "epoch": 30, "loss": 6.7184224128723145, "acc": 0.22660097479820251, "acc_or": 0.5394088625907898, "sender_entropy": 1.7167212963104248, "receiver_entropy": 0.0, "original_loss": 1.286653995513916, "mean_length": 6.0}
{"mode": "train", "epoch": 31, "loss": 8.27962334950765, "acc": 0.18933903177579245, "acc_or": 0.48775237798690796, "sender_entropy": 1.579986294110616, "receiver_entropy": 0.0, "original_loss": 1.4387888113657634, "mean_length": 6.0}
{"mode": "test", "epoch": 31, "loss": 6.788476467132568, "acc": 0.2463054209947586, "acc_or": 0.5344827771186829, "sender_entropy": 1.698307752609253, "receiver_entropy": 0.0, "original_loss": 1.2165724039077759, "mean_length": 6.0}
{"mode": "train", "epoch": 32, "loss": 8.233651479085287, "acc": 0.20754537483056387, "acc_or": 0.5034971932570139, "sender_entropy": 1.550599495569865, "receiver_entropy": 0.0, "original_loss": 1.3896585702896118, "mean_length": 6.0}
{"mode": "test", "epoch": 32, "loss": 6.770477294921875, "acc": 0.25615763664245605, "acc_or": 0.5763546824455261, "sender_entropy": 1.6662168502807617, "receiver_entropy": 0.0, "original_loss": 1.155043125152588, "mean_length": 6.0}
{"mode": "train", "epoch": 33, "loss": 8.343833287556967, "acc": 0.2236120104789734, "acc_or": 0.5235026081403097, "sender_entropy": 1.5138761599858601, "receiver_entropy": 0.0, "original_loss": 1.326300024986267, "mean_length": 6.0}
{"mode": "test", "epoch": 33, "loss": 6.577854156494141, "acc": 0.3054186999797821, "acc_or": 0.5911329984664917, "sender_entropy": 1.6296213865280151, "receiver_entropy": 0.0, "original_loss": 1.1262770891189575, "mean_length": 6.0}
{"mode": "train", "epoch": 34, "loss": 8.393881479899088, "acc": 0.24389296770095825, "acc_or": 0.5424606601397196, "sender_entropy": 1.4766765435536702, "receiver_entropy": 0.0, "original_loss": 1.2697604497273762, "mean_length": 6.0}
{"mode": "test", "epoch": 34, "loss": 6.83597469329834, "acc": 0.3054186999797821, "acc_or": 0.6182265877723694, "sender_entropy": 1.5985170602798462, "receiver_entropy": 0.0, "original_loss": 1.0241124629974365, "mean_length": 6.0}
{"mode": "train", "epoch": 35, "loss": 8.460874557495117, "acc": 0.27148035168647766, "acc_or": 0.5677674015363058, "sender_entropy": 1.4486318429311116, "receiver_entropy": 0.0, "original_loss": 1.2080283959706624, "mean_length": 6.0}
{"mode": "test", "epoch": 35, "loss": 6.711291313171387, "acc": 0.37438422441482544, "acc_or": 0.6551724076271057, "sender_entropy": 1.5852766036987305, "receiver_entropy": 0.0, "original_loss": 0.985791027545929, "mean_length": 6.0}
{"mode": "train", "epoch": 36, "loss": 8.436764081319174, "acc": 0.28223663568496704, "acc_or": 0.5744123856226603, "sender_entropy": 1.4237274328867595, "receiver_entropy": 0.0, "original_loss": 1.1632031202316284, "mean_length": 6.0}
{"mode": "test", "epoch": 36, "loss": 6.6864166259765625, "acc": 0.35960590839385986, "acc_or": 0.6502463221549988, "sender_entropy": 1.5456657409667969, "receiver_entropy": 0.0, "original_loss": 0.920796811580658, "mean_length": 6.0}
{"mode": "train", "epoch": 37, "loss": 8.50890827178955, "acc": 0.3062976598739624, "acc_or": 0.5931731462478638, "sender_entropy": 1.3960622946421306, "receiver_entropy": 0.0, "original_loss": 1.1043927272160847, "mean_length": 6.0}
{"mode": "test", "epoch": 37, "loss": 6.6859235763549805, "acc": 0.39408865571022034, "acc_or": 0.6674876809120178, "sender_entropy": 1.5328607559204102, "receiver_entropy": 0.0, "original_loss": 0.8794861435890198, "mean_length": 6.0}
{"mode": "train", "epoch": 38, "loss": 8.510225296020508, "acc": 0.32083602746327716, "acc_or": 0.605858047803243, "sender_entropy": 1.4016838868459065, "receiver_entropy": 0.0, "original_loss": 1.068634072939555, "mean_length": 6.0}
{"mode": "test", "epoch": 38, "loss": 6.850784778594971, "acc": 0.403940886259079, "acc_or": 0.6674876809120178, "sender_entropy": 1.5629287958145142, "receiver_entropy": 0.0, "original_loss": 0.8475486040115356, "mean_length": 6.0}
{"mode": "train", "epoch": 39, "loss": 8.544954617818197, "acc": 0.3364979426066081, "acc_or": 0.6117482980092367, "sender_entropy": 1.4176615873972576, "receiver_entropy": 0.0, "original_loss": 1.0463107824325562, "mean_length": 6.0}
{"mode": "test", "epoch": 39, "loss": 7.073004722595215, "acc": 0.5123152732849121, "acc_or": 0.7266009449958801, "sender_entropy": 1.5621678829193115, "receiver_entropy": 0.0, "original_loss": 0.7611987590789795, "mean_length": 6.0}
{"mode": "train", "epoch": 40, "loss": 8.475517908732096, "acc": 0.35391363501548767, "acc_or": 0.6251067121823629, "sender_entropy": 1.40449055035909, "receiver_entropy": 0.0, "original_loss": 1.0108980536460876, "mean_length": 6.0}
{"mode": "test", "epoch": 40, "loss": 6.747352600097656, "acc": 0.4876847267150879, "acc_or": 0.7192118167877197, "sender_entropy": 1.5434277057647705, "receiver_entropy": 0.0, "original_loss": 0.7669187784194946, "mean_length": 6.0}
{"mode": "train", "epoch": 41, "loss": 8.285817464192709, "acc": 0.3669405182202657, "acc_or": 0.6338149309158325, "sender_entropy": 1.3723794221878052, "receiver_entropy": 0.0, "original_loss": 0.9772189060846964, "mean_length": 6.0}
{"mode": "test", "epoch": 41, "loss": 6.470395565032959, "acc": 0.5024630427360535, "acc_or": 0.7389162182807922, "sender_entropy": 1.4973934888839722, "receiver_entropy": 0.0, "original_loss": 0.7310439944267273, "mean_length": 6.0}
{"mode": "train", "epoch": 42, "loss": 8.310516993204752, "acc": 0.3968099057674408, "acc_or": 0.6531270146369934, "sender_entropy": 1.3465479612350464, "receiver_entropy": 0.0, "original_loss": 0.9257587393124899, "mean_length": 6.0}
{"mode": "test", "epoch": 42, "loss": 6.384617805480957, "acc": 0.5418719053268433, "acc_or": 0.743842363357544, "sender_entropy": 1.4813553094863892, "receiver_entropy": 0.0, "original_loss": 0.7063429951667786, "mean_length": 6.0}
{"mode": "train", "epoch": 43, "loss": 8.113270123799643, "acc": 0.40378745396931964, "acc_or": 0.6597481767336527, "sender_entropy": 1.3207972447077434, "receiver_entropy": 0.0, "original_loss": 0.90384574731191, "mean_length": 6.0}
{"mode": "test", "epoch": 43, "loss": 6.320945739746094, "acc": 0.5320196747779846, "acc_or": 0.7512314915657043, "sender_entropy": 1.4531500339508057, "receiver_entropy": 0.0, "original_loss": 0.6643847227096558, "mean_length": 6.0}
{"mode": "train", "epoch": 44, "loss": 8.076889673868815, "acc": 0.42940696080525714, "acc_or": 0.6749053796132406, "sender_entropy": 1.3013192415237427, "receiver_entropy": 0.0, "original_loss": 0.86426709095637, "mean_length": 6.0}
{"mode": "test", "epoch": 44, "loss": 6.122873306274414, "acc": 0.5270935893058777, "acc_or": 0.7463054060935974, "sender_entropy": 1.4500207901000977, "receiver_entropy": 0.0, "original_loss": 0.6793017983436584, "mean_length": 6.0}
{"mode": "train", "epoch": 45, "loss": 8.028622468312582, "acc": 0.45407740275065106, "acc_or": 0.6903729836146036, "sender_entropy": 1.3043346007664998, "receiver_entropy": 0.0, "original_loss": 0.8370601733525594, "mean_length": 6.0}
{"mode": "test", "epoch": 45, "loss": 6.156927108764648, "acc": 0.6009852290153503, "acc_or": 0.7955664992332458, "sender_entropy": 1.430930256843567, "receiver_entropy": 0.0, "original_loss": 0.623408317565918, "mean_length": 6.0}
{"mode": "train", "epoch": 46, "loss": 7.932140350341797, "acc": 0.45628825823465985, "acc_or": 0.692243238290151, "sender_entropy": 1.2927658160527546, "receiver_entropy": 0.0, "original_loss": 0.8262502153714498, "mean_length": 6.0}
{"mode": "test", "epoch": 46, "loss": 6.133563995361328, "acc": 0.6256157755851746, "acc_or": 0.8004925847053528, "sender_entropy": 1.4098762273788452, "receiver_entropy": 0.0, "original_loss": 0.5777943134307861, "mean_length": 6.0}
{"mode": "train", "epoch": 47, "loss": 7.76246960957845, "acc": 0.466922402381897, "acc_or": 0.6971119443575541, "sender_entropy": 1.2683824300765991, "receiver_entropy": 0.0, "original_loss": 0.8020578821500143, "mean_length": 6.0}
{"mode": "test", "epoch": 47, "loss": 5.90905237197876, "acc": 0.6305418610572815, "acc_or": 0.8054187297821045, "sender_entropy": 1.3900854587554932, "receiver_entropy": 0.0, "original_loss": 0.5750341415405273, "mean_length": 6.0}
{"mode": "train", "epoch": 48, "loss": 7.73715877532959, "acc": 0.4848683377106984, "acc_or": 0.7119879126548767, "sender_entropy": 1.2448320786158245, "receiver_entropy": 0.0, "original_loss": 0.7655947407086691, "mean_length": 6.0}
{"mode": "test", "epoch": 48, "loss": 5.62061071395874, "acc": 0.5763546824455261, "acc_or": 0.7660098671913147, "sender_entropy": 1.393057942390442, "receiver_entropy": 0.0, "original_loss": 0.6087905168533325, "mean_length": 6.0}
{"mode": "train", "epoch": 49, "loss": 7.509135564168294, "acc": 0.48802218834559125, "acc_or": 0.714458187421163, "sender_entropy": 1.2460707028706868, "receiver_entropy": 0.0, "original_loss": 0.7684343854586283, "mean_length": 6.0}
{"mode": "test", "epoch": 49, "loss": 5.80704927444458, "acc": 0.6305418610572815, "acc_or": 0.7980295419692993, "sender_entropy": 1.3920249938964844, "receiver_entropy": 0.0, "original_loss": 0.5482951998710632, "mean_length": 6.0}
{"mode": "train", "epoch": 50, "loss": 7.549552758534749, "acc": 0.5103609760602316, "acc_or": 0.7259024182955424, "sender_entropy": 1.2449620564778645, "receiver_entropy": 0.0, "original_loss": 0.7317920724550883, "mean_length": 6.0}
{"mode": "test", "epoch": 50, "loss": 5.795547962188721, "acc": 0.6847290396690369, "acc_or": 0.8349753618240356, "sender_entropy": 1.373349905014038, "receiver_entropy": 0.0, "original_loss": 0.5058614611625671, "mean_length": 6.0}
{"mode": "train", "epoch": 51, "loss": 7.401495456695557, "acc": 0.5159968336423238, "acc_or": 0.7281535466512045, "sender_entropy": 1.2264225880304973, "receiver_entropy": 0.0, "original_loss": 0.7234919865926107, "mean_length": 6.0}
{"mode": "test", "epoch": 51, "loss": 5.727868556976318, "acc": 0.7044335007667542, "acc_or": 0.842364490032196, "sender_entropy": 1.352805256843567, "receiver_entropy": 0.0, "original_loss": 0.4687955677509308, "mean_length": 6.0}
{"mode": "train", "epoch": 52, "loss": 7.493180910746257, "acc": 0.5525504946708679, "acc_or": 0.7526498238245646, "sender_entropy": 1.2204728523890178, "receiver_entropy": 0.0, "original_loss": 0.6727054516474406, "mean_length": 6.0}
{"mode": "test", "epoch": 52, "loss": 5.734473705291748, "acc": 0.743842363357544, "acc_or": 0.8645319938659668, "sender_entropy": 1.3455355167388916, "receiver_entropy": 0.0, "original_loss": 0.4365098178386688, "mean_length": 6.0}
{"mode": "train", "epoch": 53, "loss": 7.355147361755371, "acc": 0.553561290105184, "acc_or": 0.7538505593935648, "sender_entropy": 1.2103140751520793, "receiver_entropy": 0.0, "original_loss": 0.6640891432762146, "mean_length": 6.0}
{"mode": "test", "epoch": 53, "loss": 5.608847618103027, "acc": 0.7142857313156128, "acc_or": 0.842364490032196, "sender_entropy": 1.3327319622039795, "receiver_entropy": 0.0, "original_loss": 0.4373914897441864, "mean_length": 6.0}
{"mode": "train", "epoch": 54, "loss": 7.359992027282715, "acc": 0.5734509428342184, "acc_or": 0.7630862792332967, "sender_entropy": 1.1956968704859416, "receiver_entropy": 0.0, "original_loss": 0.6349462668100992, "mean_length": 6.0}
{"mode": "test", "epoch": 54, "loss": 5.589336395263672, "acc": 0.7586206793785095, "acc_or": 0.871921181678772, "sender_entropy": 1.3287841081619263, "receiver_entropy": 0.0, "original_loss": 0.413485586643219, "mean_length": 6.0}
{"mode": "train", "epoch": 55, "loss": 7.212180137634277, "acc": 0.5825876593589783, "acc_or": 0.7685473163922628, "sender_entropy": 1.2013827959696453, "receiver_entropy": 0.0, "original_loss": 0.6271125276883444, "mean_length": 6.0}
{"mode": "test", "epoch": 55, "loss": 5.466454029083252, "acc": 0.7241379022598267, "acc_or": 0.8596059083938599, "sender_entropy": 1.326484203338623, "receiver_entropy": 0.0, "original_loss": 0.41640040278434753, "mean_length": 6.0}
{"mode": "train", "epoch": 56, "loss": 7.092372099558513, "acc": 0.5781062046686808, "acc_or": 0.7693936824798584, "sender_entropy": 1.194483478864034, "receiver_entropy": 0.0, "original_loss": 0.6223666071891785, "mean_length": 6.0}
{"mode": "test", "epoch": 56, "loss": 5.42444372177124, "acc": 0.7832512259483337, "acc_or": 0.8842364549636841, "sender_entropy": 1.305604100227356, "receiver_entropy": 0.0, "original_loss": 0.38249942660331726, "mean_length": 6.0}
{"mode": "train", "epoch": 57, "loss": 7.038494269053142, "acc": 0.6043680508931478, "acc_or": 0.7838132580121359, "sender_entropy": 1.1692790587743123, "receiver_entropy": 0.0, "original_loss": 0.5892232457796732, "mean_length": 6.0}
{"mode": "test", "epoch": 57, "loss": 5.358336925506592, "acc": 0.7832512259483337, "acc_or": 0.889162540435791, "sender_entropy": 1.2928693294525146, "receiver_entropy": 0.0, "original_loss": 0.367014616727829, "mean_length": 6.0}
{"mode": "train", "epoch": 58, "loss": 6.87360938390096, "acc": 0.6210387349128723, "acc_or": 0.7915200392405192, "sender_entropy": 1.1500698328018188, "receiver_entropy": 0.0, "original_loss": 0.5742692351341248, "mean_length": 6.0}
{"mode": "test", "epoch": 58, "loss": 4.981212139129639, "acc": 0.7881773114204407, "acc_or": 0.8916255831718445, "sender_entropy": 1.262155532836914, "receiver_entropy": 0.0, "original_loss": 0.3795638084411621, "mean_length": 6.0}
{"mode": "train", "epoch": 59, "loss": 6.822740077972412, "acc": 0.6382309397061666, "acc_or": 0.8016823132832845, "sender_entropy": 1.1298316319783528, "receiver_entropy": 0.0, "original_loss": 0.5428906679153442, "mean_length": 6.0}
{"mode": "test", "epoch": 59, "loss": 5.195744514465332, "acc": 0.7881773114204407, "acc_or": 0.8916255831718445, "sender_entropy": 1.2689199447631836, "receiver_entropy": 0.0, "original_loss": 0.34989380836486816, "mean_length": 6.0}
{"mode": "train", "epoch": 60, "loss": 6.8775655428568525, "acc": 0.6395612160364786, "acc_or": 0.8034424781799316, "sender_entropy": 1.1504297653834026, "receiver_entropy": 0.0, "original_loss": 0.5390546917915344, "mean_length": 6.0}
{"mode": "test", "epoch": 60, "loss": 5.261448860168457, "acc": 0.8128078579902649, "acc_or": 0.9014778137207031, "sender_entropy": 1.2736960649490356, "receiver_entropy": 0.0, "original_loss": 0.30922889709472656, "mean_length": 6.0}
{"mode": "train", "epoch": 61, "loss": 6.8305900891621905, "acc": 0.6578668753306071, "acc_or": 0.8127245306968689, "sender_entropy": 1.1461515426635742, "receiver_entropy": 0.0, "original_loss": 0.5177386601765951, "mean_length": 6.0}
{"mode": "test", "epoch": 61, "loss": 5.055998802185059, "acc": 0.8029556274414062, "acc_or": 0.9014778137207031, "sender_entropy": 1.268990159034729, "receiver_entropy": 0.0, "original_loss": 0.31796643137931824, "mean_length": 6.0}
{"mode": "train", "epoch": 62, "loss": 6.717128912607829, "acc": 0.6527941226959229, "acc_or": 0.8109858433405558, "sender_entropy": 1.1516985893249512, "receiver_entropy": 0.0, "original_loss": 0.5231058597564697, "mean_length": 6.0}
{"mode": "test", "epoch": 62, "loss": 5.220405101776123, "acc": 0.8472906351089478, "acc_or": 0.9236453175544739, "sender_entropy": 1.2911746501922607, "receiver_entropy": 0.0, "original_loss": 0.29002901911735535, "mean_length": 6.0}
{"mode": "train", "epoch": 63, "loss": 6.680819988250732, "acc": 0.6628497044245402, "acc_or": 0.817168394724528, "sender_entropy": 1.1597042083740234, "receiver_entropy": 0.0, "original_loss": 0.5054219365119934, "mean_length": 6.0}
{"mode": "test", "epoch": 63, "loss": 5.287484169006348, "acc": 0.8916255831718445, "acc_or": 0.9458128213882446, "sender_entropy": 1.2896829843521118, "receiver_entropy": 0.0, "original_loss": 0.25612786412239075, "mean_length": 6.0}
{"mode": "train", "epoch": 64, "loss": 6.666767597198486, "acc": 0.6733838319778442, "acc_or": 0.8221478660901388, "sender_entropy": 1.1594218015670776, "receiver_entropy": 0.0, "original_loss": 0.4945821166038513, "mean_length": 6.0}
{"mode": "test", "epoch": 64, "loss": 4.988224983215332, "acc": 0.842364490032196, "acc_or": 0.9211822748184204, "sender_entropy": 1.2610262632369995, "receiver_entropy": 0.0, "original_loss": 0.281266987323761, "mean_length": 6.0}
{"mode": "train", "epoch": 65, "loss": 6.5494411786397295, "acc": 0.6823004086812338, "acc_or": 0.8294103145599365, "sender_entropy": 1.136787970860799, "receiver_entropy": 0.0, "original_loss": 0.4740244448184967, "mean_length": 6.0}
{"mode": "test", "epoch": 65, "loss": 4.903557300567627, "acc": 0.8817734122276306, "acc_or": 0.9408866763114929, "sender_entropy": 1.2308738231658936, "receiver_entropy": 0.0, "original_loss": 0.24587202072143555, "mean_length": 6.0}
{"mode": "train", "epoch": 66, "loss": 6.482296784718831, "acc": 0.7111140489578247, "acc_or": 0.8441208402315775, "sender_entropy": 1.104430874188741, "receiver_entropy": 0.0, "original_loss": 0.4400600294272105, "mean_length": 6.0}
{"mode": "test", "epoch": 66, "loss": 4.7588019371032715, "acc": 0.8916255831718445, "acc_or": 0.9458128213882446, "sender_entropy": 1.2168612480163574, "receiver_entropy": 0.0, "original_loss": 0.2424224615097046, "mean_length": 6.0}
{"mode": "train", "epoch": 67, "loss": 6.403660297393799, "acc": 0.7189043760299683, "acc_or": 0.8480720520019531, "sender_entropy": 1.0958290497461955, "receiver_entropy": 0.0, "original_loss": 0.4369619091351827, "mean_length": 6.0}
{"mode": "test", "epoch": 67, "loss": 4.74487829208374, "acc": 0.9162561297416687, "acc_or": 0.9556649923324585, "sender_entropy": 1.2083102464675903, "receiver_entropy": 0.0, "original_loss": 0.22465811669826508, "mean_length": 6.0}
{"mode": "train", "epoch": 68, "loss": 6.327162106831868, "acc": 0.7327829996744791, "acc_or": 0.8563859264055887, "sender_entropy": 1.0946571429570515, "receiver_entropy": 0.0, "original_loss": 0.4171237647533417, "mean_length": 6.0}
{"mode": "test", "epoch": 68, "loss": 4.656611442565918, "acc": 0.8768472671508789, "acc_or": 0.935960590839386, "sender_entropy": 1.2183314561843872, "receiver_entropy": 0.0, "original_loss": 0.2320702075958252, "mean_length": 6.0}
{"mode": "train", "epoch": 69, "loss": 6.296150843302409, "acc": 0.7391490936279297, "acc_or": 0.8592605789502462, "sender_entropy": 1.1043004989624023, "receiver_entropy": 0.0, "original_loss": 0.41220099727312726, "mean_length": 6.0}
{"mode": "test", "epoch": 69, "loss": 4.74945068359375, "acc": 0.9113300442695618, "acc_or": 0.953201949596405, "sender_entropy": 1.2137138843536377, "receiver_entropy": 0.0, "original_loss": 0.19470000267028809, "mean_length": 6.0}
{"mode": "train", "epoch": 70, "loss": 6.264556725819905, "acc": 0.7507973710695902, "acc_or": 0.8644843498865763, "sender_entropy": 1.0994538068771362, "receiver_entropy": 0.0, "original_loss": 0.39564429720242816, "mean_length": 6.0}
{"mode": "test", "epoch": 70, "loss": 4.6476593017578125, "acc": 0.9014778137207031, "acc_or": 0.9458128213882446, "sender_entropy": 1.2093864679336548, "receiver_entropy": 0.0, "original_loss": 0.19945484399795532, "mean_length": 6.0}
{"mode": "train", "epoch": 71, "loss": 6.218040784200032, "acc": 0.7459582090377808, "acc_or": 0.8634057641029358, "sender_entropy": 1.0944393873214722, "receiver_entropy": 0.0, "original_loss": 0.3901033004124959, "mean_length": 6.0}
{"mode": "test", "epoch": 71, "loss": 4.668379306793213, "acc": 0.9162561297416687, "acc_or": 0.958128035068512, "sender_entropy": 1.2056658267974854, "receiver_entropy": 0.0, "original_loss": 0.17550624907016754, "mean_length": 6.0}
{"mode": "train", "epoch": 72, "loss": 6.186976432800293, "acc": 0.7496510148048401, "acc_or": 0.8652837077776591, "sender_entropy": 1.1022237141927083, "receiver_entropy": 0.0, "original_loss": 0.38514067729314166, "mean_length": 6.0}
{"mode": "test", "epoch": 72, "loss": 4.614013671875, "acc": 0.9064038991928101, "acc_or": 0.953201949596405, "sender_entropy": 1.216557264328003, "receiver_entropy": 0.0, "original_loss": 0.18224628269672394, "mean_length": 6.0}
{"mode": "train", "epoch": 73, "loss": 6.108007907867432, "acc": 0.7474596301714579, "acc_or": 0.8650508324305216, "sender_entropy": 1.1056498686472576, "receiver_entropy": 0.0, "original_loss": 0.3890652060508728, "mean_length": 6.0}
{"mode": "test", "epoch": 73, "loss": 4.555445671081543, "acc": 0.9014778137207031, "acc_or": 0.9482758641242981, "sender_entropy": 1.2329438924789429, "receiver_entropy": 0.0, "original_loss": 0.19062021374702454, "mean_length": 6.0}
{"mode": "train", "epoch": 74, "loss": 6.0323112805684405, "acc": 0.7401236295700073, "acc_or": 0.8617852131525675, "sender_entropy": 1.1083820660909016, "receiver_entropy": 0.0, "original_loss": 0.3880642851193746, "mean_length": 6.0}
{"mode": "test", "epoch": 74, "loss": 4.480057239532471, "acc": 0.9261083602905273, "acc_or": 0.9630541801452637, "sender_entropy": 1.2060368061065674, "receiver_entropy": 0.0, "original_loss": 0.16811777651309967, "mean_length": 6.0}
{"mode": "train", "epoch": 75, "loss": 6.077656904856364, "acc": 0.7703407009442648, "acc_or": 0.877325971921285, "sender_entropy": 1.1053657134373982, "receiver_entropy": 0.0, "original_loss": 0.3590683043003082, "mean_length": 6.0}
{"mode": "test", "epoch": 75, "loss": 4.447150707244873, "acc": 0.9014778137207031, "acc_or": 0.9507389068603516, "sender_entropy": 1.1998335123062134, "receiver_entropy": 0.0, "original_loss": 0.15852521359920502, "mean_length": 6.0}
{"mode": "train", "epoch": 76, "loss": 5.871672789255778, "acc": 0.7644578218460083, "acc_or": 0.8737623691558838, "sender_entropy": 1.0892762740453084, "receiver_entropy": 0.0, "original_loss": 0.36178358395894367, "mean_length": 6.0}
{"mode": "test", "epoch": 76, "loss": 4.366359233856201, "acc": 0.9211822748184204, "acc_or": 0.9605911374092102, "sender_entropy": 1.187229037284851, "receiver_entropy": 0.0, "original_loss": 0.14595820009708405, "mean_length": 6.0}
{"mode": "train", "epoch": 77, "loss": 5.823677221934001, "acc": 0.7884128093719482, "acc_or": 0.886906365553538, "sender_entropy": 1.0671592156092327, "receiver_entropy": 0.0, "original_loss": 0.33640312155087787, "mean_length": 6.0}
{"mode": "test", "epoch": 77, "loss": 4.318105697631836, "acc": 0.935960590839386, "acc_or": 0.9679802656173706, "sender_entropy": 1.1784695386886597, "receiver_entropy": 0.0, "original_loss": 0.13812968134880066, "mean_length": 6.0}
{"mode": "train", "epoch": 78, "loss": 5.745551427205403, "acc": 0.7944426735242208, "acc_or": 0.8897142211596171, "sender_entropy": 1.0585470994313557, "receiver_entropy": 0.0, "original_loss": 0.3292182882626851, "mean_length": 6.0}
{"mode": "test", "epoch": 78, "loss": 4.283353805541992, "acc": 0.9507389068603516, "acc_or": 0.9753694534301758, "sender_entropy": 1.1784940958023071, "receiver_entropy": 0.0, "original_loss": 0.1277095079421997, "mean_length": 6.0}
{"mode": "train", "epoch": 79, "loss": 5.857340335845947, "acc": 0.812014083067576, "acc_or": 0.9002668062845866, "sender_entropy": 1.0727405150731404, "receiver_entropy": 0.0, "original_loss": 0.30835158626238507, "mean_length": 6.0}
{"mode": "test", "epoch": 79, "loss": 4.270751476287842, "acc": 0.9507389068603516, "acc_or": 0.9753694534301758, "sender_entropy": 1.197696328163147, "receiver_entropy": 0.0, "original_loss": 0.13671429455280304, "mean_length": 6.0}
{"mode": "train", "epoch": 80, "loss": 5.793483734130859, "acc": 0.8100428581237793, "acc_or": 0.8992278377215067, "sender_entropy": 1.069698413213094, "receiver_entropy": 0.0, "original_loss": 0.3020930389563243, "mean_length": 6.0}
{"mode": "test", "epoch": 80, "loss": 4.207375526428223, "acc": 0.9556649923324585, "acc_or": 0.9778324961662292, "sender_entropy": 1.1830499172210693, "receiver_entropy": 0.0, "original_loss": 0.13215169310569763, "mean_length": 6.0}
{"mode": "train", "epoch": 81, "loss": 5.562443097432454, "acc": 0.7996255159378052, "acc_or": 0.8927080233891805, "sender_entropy": 1.0630061229070027, "receiver_entropy": 0.0, "original_loss": 0.32068223754564923, "mean_length": 6.0}
{"mode": "test", "epoch": 81, "loss": 4.157700061798096, "acc": 0.9408866763114929, "acc_or": 0.9704433083534241, "sender_entropy": 1.1782394647598267, "receiver_entropy": 0.0, "original_loss": 0.13055972754955292, "mean_length": 6.0}
{"mode": "train", "epoch": 82, "loss": 5.62026580174764, "acc": 0.8189372817675272, "acc_or": 0.9028468330701193, "sender_entropy": 1.0616376002629597, "receiver_entropy": 0.0, "original_loss": 0.2964617411295573, "mean_length": 6.0}
{"mode": "test", "epoch": 82, "loss": 4.130964279174805, "acc": 0.9507389068603516, "acc_or": 0.9753694534301758, "sender_entropy": 1.170518398284912, "receiver_entropy": 0.0, "original_loss": 0.11911292374134064, "mean_length": 6.0}
{"mode": "train", "epoch": 83, "loss": 5.584245363871257, "acc": 0.8213313619295756, "acc_or": 0.9038502176602682, "sender_entropy": 1.0576135714848836, "receiver_entropy": 0.0, "original_loss": 0.2878084083398183, "mean_length": 6.0}
{"mode": "test", "epoch": 83, "loss": 4.086745738983154, "acc": 0.9556649923324585, "acc_or": 0.9778324961662292, "sender_entropy": 1.1622754335403442, "receiver_entropy": 0.0, "original_loss": 0.10546348989009857, "mean_length": 6.0}
{"mode": "train", "epoch": 84, "loss": 5.49755859375, "acc": 0.8256121476491293, "acc_or": 0.9069292545318604, "sender_entropy": 1.0546000798543294, "receiver_entropy": 0.0, "original_loss": 0.2805771430333455, "mean_length": 6.0}
{"mode": "test", "epoch": 84, "loss": 4.023911952972412, "acc": 0.9556649923324585, "acc_or": 0.9778324961662292, "sender_entropy": 1.1514097452163696, "receiver_entropy": 0.0, "original_loss": 0.11119282245635986, "mean_length": 6.0}
{"mode": "train", "epoch": 85, "loss": 5.4465287526448565, "acc": 0.8197131554285685, "acc_or": 0.9046408732732137, "sender_entropy": 1.0493366718292236, "receiver_entropy": 0.0, "original_loss": 0.2824678222338359, "mean_length": 6.0}
{"mode": "test", "epoch": 85, "loss": 3.9421234130859375, "acc": 0.9458128213882446, "acc_or": 0.9729064106941223, "sender_entropy": 1.153602123260498, "receiver_entropy": 0.0, "original_loss": 0.1288572996854782, "mean_length": 6.0}
{"mode": "train", "epoch": 86, "loss": 5.3172556559244795, "acc": 0.8216676314671835, "acc_or": 0.9056271513303121, "sender_entropy": 1.044782002766927, "receiver_entropy": 0.0, "original_loss": 0.28385527928670246, "mean_length": 6.0}
{"mode": "test", "epoch": 86, "loss": 3.9254982471466064, "acc": 0.9507389068603516, "acc_or": 0.9753694534301758, "sender_entropy": 1.1476448774337769, "receiver_entropy": 0.0, "original_loss": 0.11663893610239029, "mean_length": 6.0}
{"mode": "train", "epoch": 87, "loss": 5.286791165669759, "acc": 0.8344038724899292, "acc_or": 0.9116986393928528, "sender_entropy": 1.0421124299367268, "receiver_entropy": 0.0, "original_loss": 0.27063209811846417, "mean_length": 6.0}
{"mode": "test", "epoch": 87, "loss": 3.9540131092071533, "acc": 0.9802955389022827, "acc_or": 0.9901477694511414, "sender_entropy": 1.1460239887237549, "receiver_entropy": 0.0, "original_loss": 0.0860908180475235, "mean_length": 6.0}
{"mode": "train", "epoch": 88, "loss": 5.236797014872233, "acc": 0.8302889068921407, "acc_or": 0.9088471333185831, "sender_entropy": 1.0458207527796428, "receiver_entropy": 0.0, "original_loss": 0.27030398448308307, "mean_length": 6.0}
{"mode": "test", "epoch": 88, "loss": 3.889021635055542, "acc": 0.9655172228813171, "acc_or": 0.9827585816383362, "sender_entropy": 1.1435484886169434, "receiver_entropy": 0.0, "original_loss": 0.09031534940004349, "mean_length": 6.0}
{"mode": "train", "epoch": 89, "loss": 5.223349571228027, "acc": 0.8342951337496439, "acc_or": 0.9117546876271566, "sender_entropy": 1.0437091986338298, "receiver_entropy": 0.0, "original_loss": 0.26334186395009357, "mean_length": 6.0}
{"mode": "test", "epoch": 89, "loss": 3.8531692028045654, "acc": 0.9753694534301758, "acc_or": 0.9852216839790344, "sender_entropy": 1.141810417175293, "receiver_entropy": 0.0, "original_loss": 0.07889111340045929, "mean_length": 6.0}
{"mode": "train", "epoch": 90, "loss": 5.269853115081787, "acc": 0.8415015737215678, "acc_or": 0.915812611579895, "sender_entropy": 1.0486347277959187, "receiver_entropy": 0.0, "original_loss": 0.2526008188724518, "mean_length": 6.0}
{"mode": "test", "epoch": 90, "loss": 3.881160259246826, "acc": 0.9753694534301758, "acc_or": 0.9876847267150879, "sender_entropy": 1.1564232110977173, "receiver_entropy": 0.0, "original_loss": 0.08107901364564896, "mean_length": 6.0}
{"mode": "train", "epoch": 91, "loss": 5.263800938924153, "acc": 0.8359999457995096, "acc_or": 0.9133520921071371, "sender_entropy": 1.0585308472315471, "receiver_entropy": 0.0, "original_loss": 0.25478386878967285, "mean_length": 6.0}
{"mode": "test", "epoch": 91, "loss": 3.924623727798462, "acc": 0.9704433083534241, "acc_or": 0.9852216839790344, "sender_entropy": 1.1732544898986816, "receiver_entropy": 0.0, "original_loss": 0.07470615953207016, "mean_length": 6.0}
{"mode": "train", "epoch": 92, "loss": 5.098826885223389, "acc": 0.8248651027679443, "acc_or": 0.9070567687352499, "sender_entropy": 1.0717293818791707, "receiver_entropy": 0.0, "original_loss": 0.27723969022432965, "mean_length": 6.0}
{"mode": "test", "epoch": 92, "loss": 3.908803701400757, "acc": 0.9753694534301758, "acc_or": 0.9876847267150879, "sender_entropy": 1.1778234243392944, "receiver_entropy": 0.0, "original_loss": 0.08291275054216385, "mean_length": 6.0}
{"mode": "train", "epoch": 93, "loss": 5.169110616048177, "acc": 0.8404350678126017, "acc_or": 0.9145712653795878, "sender_entropy": 1.0759040117263794, "receiver_entropy": 0.0, "original_loss": 0.2526337256034215, "mean_length": 6.0}
{"mode": "test", "epoch": 93, "loss": 3.859898567199707, "acc": 0.9605911374092102, "acc_or": 0.9802955389022827, "sender_entropy": 1.1645625829696655, "receiver_entropy": 0.0, "original_loss": 0.08244111388921738, "mean_length": 6.0}
{"mode": "train", "epoch": 94, "loss": 5.0286455154418945, "acc": 0.836302657922109, "acc_or": 0.9131752252578735, "sender_entropy": 1.0612794955571492, "receiver_entropy": 0.0, "original_loss": 0.25595125059286755, "mean_length": 6.0}
{"mode": "test", "epoch": 94, "loss": 3.8142812252044678, "acc": 0.9753694534301758, "acc_or": 0.9876847267150879, "sender_entropy": 1.1581097841262817, "receiver_entropy": 0.0, "original_loss": 0.07602626085281372, "mean_length": 6.0}
{"mode": "train", "epoch": 95, "loss": 4.981192747751872, "acc": 0.8429808616638184, "acc_or": 0.91684889793396, "sender_entropy": 1.0580895741780598, "receiver_entropy": 0.0, "original_loss": 0.251937801639239, "mean_length": 6.0}
{"mode": "test", "epoch": 95, "loss": 3.7833375930786133, "acc": 0.9852216839790344, "acc_or": 0.9926108121871948, "sender_entropy": 1.141294002532959, "receiver_entropy": 0.0, "original_loss": 0.05949718877673149, "mean_length": 6.0}
{"mode": "train", "epoch": 96, "loss": 5.000835259755452, "acc": 0.860234797000885, "acc_or": 0.9258131583531698, "sender_entropy": 1.0494694709777832, "receiver_entropy": 0.0, "original_loss": 0.2307217170794805, "mean_length": 6.0}
{"mode": "test", "epoch": 96, "loss": 3.703369379043579, "acc": 0.9655172228813171, "acc_or": 0.9802955389022827, "sender_entropy": 1.141387939453125, "receiver_entropy": 0.0, "original_loss": 0.07293907552957535, "mean_length": 6.0}
{"mode": "train", "epoch": 97, "loss": 4.921764055887858, "acc": 0.8593320647875468, "acc_or": 0.925048033396403, "sender_entropy": 1.0419507026672363, "receiver_entropy": 0.0, "original_loss": 0.23019203543663025, "mean_length": 6.0}
{"mode": "test", "epoch": 97, "loss": 3.637816905975342, "acc": 0.9655172228813171, "acc_or": 0.9827585816383362, "sender_entropy": 1.1410777568817139, "receiver_entropy": 0.0, "original_loss": 0.07492204755544662, "mean_length": 6.0}
{"mode": "train", "epoch": 98, "loss": 4.937554836273193, "acc": 0.8664941986401876, "acc_or": 0.9299999475479126, "sender_entropy": 1.0403786102930705, "receiver_entropy": 0.0, "original_loss": 0.21515404681364694, "mean_length": 6.0}
{"mode": "test", "epoch": 98, "loss": 3.5145747661590576, "acc": 0.9753694534301758, "acc_or": 0.9876847267150879, "sender_entropy": 1.123294711112976, "receiver_entropy": 0.0, "original_loss": 0.06783422082662582, "mean_length": 6.0}
{"mode": "train", "epoch": 99, "loss": 4.838095029195149, "acc": 0.8624261816342672, "acc_or": 0.9279686212539673, "sender_entropy": 1.0248376528422039, "receiver_entropy": 0.0, "original_loss": 0.21516843140125275, "mean_length": 6.0}
{"mode": "test", "epoch": 99, "loss": 3.478590965270996, "acc": 0.9802955389022827, "acc_or": 0.9901477694511414, "sender_entropy": 1.1178486347198486, "receiver_entropy": 0.0, "original_loss": 0.060742296278476715, "mean_length": 6.0}
{"mode": "train", "epoch": 100, "loss": 4.753708044687907, "acc": 0.8714273373285929, "acc_or": 0.932350754737854, "sender_entropy": 1.0253701607386272, "receiver_entropy": 0.0, "original_loss": 0.20996285478274027, "mean_length": 6.0}
{"mode": "test", "epoch": 100, "loss": 3.469256639480591, "acc": 0.9802955389022827, "acc_or": 0.9901477694511414, "sender_entropy": 1.1157605648040771, "receiver_entropy": 0.0, "original_loss": 0.0558675192296505, "mean_length": 6.0}
{"mode": "train", "epoch": 101, "loss": 4.798482100168864, "acc": 0.8739321827888489, "acc_or": 0.9336058497428894, "sender_entropy": 1.0312618017196655, "receiver_entropy": 0.0, "original_loss": 0.20270994305610657, "mean_length": 6.0}
{"mode": "test", "epoch": 101, "loss": 3.451878070831299, "acc": 0.9852216839790344, "acc_or": 0.9926108121871948, "sender_entropy": 1.1329221725463867, "receiver_entropy": 0.0, "original_loss": 0.06440585106611252, "mean_length": 6.0}
{"mode": "train", "epoch": 102, "loss": 4.784857114156087, "acc": 0.8700098196665446, "acc_or": 0.930454671382904, "sender_entropy": 1.0419572989145915, "receiver_entropy": 0.0, "original_loss": 0.2062937617301941, "mean_length": 6.0}
{"mode": "test", "epoch": 102, "loss": 3.5308265686035156, "acc": 0.9852216839790344, "acc_or": 0.9926108121871948, "sender_entropy": 1.1488277912139893, "receiver_entropy": 0.0, "original_loss": 0.0562666691839695, "mean_length": 6.0}
{"mode": "train", "epoch": 103, "loss": 4.781845410664876, "acc": 0.874457041422526, "acc_or": 0.9332471092542013, "sender_entropy": 1.0505151748657227, "receiver_entropy": 0.0, "original_loss": 0.2031611204147339, "mean_length": 6.0}
{"mode": "test", "epoch": 103, "loss": 3.5065701007843018, "acc": 0.9852216839790344, "acc_or": 0.9926108121871948, "sender_entropy": 1.1465399265289307, "receiver_entropy": 0.0, "original_loss": 0.04402369260787964, "mean_length": 6.0}
{"mode": "train", "epoch": 104, "loss": 4.736318747202556, "acc": 0.8773122231165568, "acc_or": 0.9353529214859009, "sender_entropy": 1.0448798735936482, "receiver_entropy": 0.0, "original_loss": 0.1973735292752584, "mean_length": 6.0}
{"mode": "test", "epoch": 104, "loss": 3.4860260486602783, "acc": 0.9852216839790344, "acc_or": 0.9926108121871948, "sender_entropy": 1.141577959060669, "receiver_entropy": 0.0, "original_loss": 0.04696434736251831, "mean_length": 6.0}
{"mode": "train", "epoch": 105, "loss": 4.721354961395264, "acc": 0.8805801868438721, "acc_or": 0.9371614257494608, "sender_entropy": 1.0399381319681804, "receiver_entropy": 0.0, "original_loss": 0.19156249860922495, "mean_length": 6.0}
{"mode": "test", "epoch": 105, "loss": 3.4472670555114746, "acc": 0.9950738549232483, "acc_or": 0.9975369572639465, "sender_entropy": 1.1337369680404663, "receiver_entropy": 0.0, "original_loss": 0.04145633056759834, "mean_length": 6.0}
{"mode": "train", "epoch": 106, "loss": 4.629064877827962, "acc": 0.8796559770901998, "acc_or": 0.9361838301022848, "sender_entropy": 1.0357860724131267, "receiver_entropy": 0.0, "original_loss": 0.18978139758110046, "mean_length": 6.0}
{"mode": "test", "epoch": 106, "loss": 3.4115757942199707, "acc": 0.9704433083534241, "acc_or": 0.9852216839790344, "sender_entropy": 1.14594304561615, "receiver_entropy": 0.0, "original_loss": 0.054778750985860825, "mean_length": 6.0}
{"mode": "train", "epoch": 107, "loss": 4.500594139099121, "acc": 0.8652867476145426, "acc_or": 0.9284186760584513, "sender_entropy": 1.0435563723246257, "receiver_entropy": 0.0, "original_loss": 0.20884678264458975, "mean_length": 6.0}
{"mode": "test", "epoch": 107, "loss": 3.452822685241699, "acc": 0.9950738549232483, "acc_or": 0.9975369572639465, "sender_entropy": 1.1422630548477173, "receiver_entropy": 0.0, "original_loss": 0.0317176915705204, "mean_length": 6.0}
{"mode": "train", "epoch": 108, "loss": 4.4906134605407715, "acc": 0.8739174207051595, "acc_or": 0.9323017597198486, "sender_entropy": 1.0449914932250977, "receiver_entropy": 0.0, "original_loss": 0.20240372916062674, "mean_length": 6.0}
{"mode": "test", "epoch": 108, "loss": 3.382073163986206, "acc": 0.9901477694511414, "acc_or": 0.9950738549232483, "sender_entropy": 1.1332577466964722, "receiver_entropy": 0.0, "original_loss": 0.040651921182870865, "mean_length": 6.0}
{"mode": "train", "epoch": 109, "loss": 4.513823509216309, "acc": 0.879723072052002, "acc_or": 0.9370701511700948, "sender_entropy": 1.037888805071513, "receiver_entropy": 0.0, "original_loss": 0.18924837311108908, "mean_length": 6.0}
{"mode": "test", "epoch": 109, "loss": 3.405789852142334, "acc": 0.9950738549232483, "acc_or": 0.9975369572639465, "sender_entropy": 1.1381845474243164, "receiver_entropy": 0.0, "original_loss": 0.03766665235161781, "mean_length": 6.0}
{"mode": "train", "epoch": 110, "loss": 4.503260453542073, "acc": 0.8832440773646036, "acc_or": 0.9379896521568298, "sender_entropy": 1.036727746327718, "receiver_entropy": 0.0, "original_loss": 0.18737001717090607, "mean_length": 6.0}
{"mode": "test", "epoch": 110, "loss": 3.3073015213012695, "acc": 0.9901477694511414, "acc_or": 0.9950738549232483, "sender_entropy": 1.1267715692520142, "receiver_entropy": 0.0, "original_loss": 0.04074501618742943, "mean_length": 6.0}
{"mode": "train", "epoch": 111, "loss": 4.374005317687988, "acc": 0.881247341632843, "acc_or": 0.9376161297162374, "sender_entropy": 1.0337860981623332, "receiver_entropy": 0.0, "original_loss": 0.19086411595344543, "mean_length": 6.0}
{"mode": "test", "epoch": 111, "loss": 3.3155317306518555, "acc": 0.9950738549232483, "acc_or": 0.9975369572639465, "sender_entropy": 1.1348237991333008, "receiver_entropy": 0.0, "original_loss": 0.03555413335561752, "mean_length": 6.0}
{"mode": "train", "epoch": 112, "loss": 4.425095081329346, "acc": 0.8873691360155741, "acc_or": 0.9398477872212728, "sender_entropy": 1.036839763323466, "receiver_entropy": 0.0, "original_loss": 0.1832639475663503, "mean_length": 6.0}
{"mode": "test", "epoch": 112, "loss": 3.331164598464966, "acc": 0.9950738549232483, "acc_or": 0.9975369572639465, "sender_entropy": 1.139326572418213, "receiver_entropy": 0.0, "original_loss": 0.03800926357507706, "mean_length": 6.0}
{"mode": "train", "epoch": 113, "loss": 4.330098628997803, "acc": 0.8874147733052572, "acc_or": 0.9398353695869446, "sender_entropy": 1.043978214263916, "receiver_entropy": 0.0, "original_loss": 0.18516363700230917, "mean_length": 6.0}
{"mode": "test", "epoch": 113, "loss": 3.262120485305786, "acc": 0.9852216839790344, "acc_or": 0.9926108121871948, "sender_entropy": 1.1391254663467407, "receiver_entropy": 0.0, "original_loss": 0.040701333433389664, "mean_length": 6.0}
{"mode": "train", "epoch": 114, "loss": 4.311182181040446, "acc": 0.8954044580459595, "acc_or": 0.9444812734921774, "sender_entropy": 1.0352108875910442, "receiver_entropy": 0.0, "original_loss": 0.1723013073205948, "mean_length": 6.0}
{"mode": "test", "epoch": 114, "loss": 3.1863300800323486, "acc": 0.9901477694511414, "acc_or": 0.9950738549232483, "sender_entropy": 1.12648606300354, "receiver_entropy": 0.0, "original_loss": 0.039866749197244644, "mean_length": 6.0}
{"mode": "train", "epoch": 115, "loss": 4.311855792999268, "acc": 0.8929197986920675, "acc_or": 0.9428301652272543, "sender_entropy": 1.0344924132029216, "receiver_entropy": 0.0, "original_loss": 0.17140105863412222, "mean_length": 6.0}
{"mode": "test", "epoch": 115, "loss": 3.180270195007324, "acc": 0.9950738549232483, "acc_or": 0.9975369572639465, "sender_entropy": 1.1246988773345947, "receiver_entropy": 0.0, "original_loss": 0.030920254066586494, "mean_length": 6.0}
{"mode": "train", "epoch": 116, "loss": 4.268416404724121, "acc": 0.894726574420929, "acc_or": 0.9445953766504923, "sender_entropy": 1.0268632173538208, "receiver_entropy": 0.0, "original_loss": 0.16876832147439322, "mean_length": 6.0}
{"mode": "test", "epoch": 116, "loss": 3.177764415740967, "acc": 0.9950738549232483, "acc_or": 0.9975369572639465, "sender_entropy": 1.1272773742675781, "receiver_entropy": 0.0, "original_loss": 0.02611907199025154, "mean_length": 6.0}
{"mode": "train", "epoch": 117, "loss": 4.346526463826497, "acc": 0.9064493576685587, "acc_or": 0.9502496918042501, "sender_entropy": 1.027904748916626, "receiver_entropy": 0.0, "original_loss": 0.15253596504529318, "mean_length": 6.0}
{"mode": "test", "epoch": 117, "loss": 3.1614084243774414, "acc": 0.9950738549232483, "acc_or": 0.9975369572639465, "sender_entropy": 1.1291589736938477, "receiver_entropy": 0.0, "original_loss": 0.02578883245587349, "mean_length": 6.0}
{"mode": "train", "epoch": 118, "loss": 4.280956904093425, "acc": 0.9023780028025309, "acc_or": 0.9490694204966227, "sender_entropy": 1.025545875231425, "receiver_entropy": 0.0, "original_loss": 0.1576691766579946, "mean_length": 6.0}
{"mode": "test", "epoch": 118, "loss": 3.1128339767456055, "acc": 0.9901477694511414, "acc_or": 0.9950738549232483, "sender_entropy": 1.123624563217163, "receiver_entropy": 0.0, "original_loss": 0.02845757082104683, "mean_length": 6.0}
{"mode": "train", "epoch": 119, "loss": 4.246135234832764, "acc": 0.9089233080546061, "acc_or": 0.9518954157829285, "sender_entropy": 1.0257612069447835, "receiver_entropy": 0.0, "original_loss": 0.1487883428732554, "mean_length": 6.0}
{"mode": "test", "epoch": 119, "loss": 3.146019458770752, "acc": 1.0, "acc_or": 1.0, "sender_entropy": 1.1271557807922363, "receiver_entropy": 0.0, "original_loss": 0.02452806383371353, "mean_length": 6.0}
{"epoch": 119, "positional_disent": 0.08728457242250443, "bag_of_symbol_disent": 0.2317100316286087, "topographic_sim": 0.2875669372258346}
{"generalization hold out": {"acc": 1.0, "acc_or": 1.0}, "uniform holdout": {"acc": 0.22727273404598236, "acc_or": 0.5454545617103577}, "epoch": 119}
---End--
