nohup: ignoring input
{"mode": "train", "epoch": 1, "loss": -11.05238433678945, "acc": 0.004423727514222264, "acc_or": 0.06676231200496356, "sender_entropy": 2.30157470703125, "receiver_entropy": 0.0, "original_loss": 2.76674485206604, "mean_length": 6.0}
{"mode": "test", "epoch": 1, "loss": 1.804579496383667, "acc": 0.004926108289510012, "acc_or": 0.054187189787626266, "sender_entropy": 2.2996814250946045, "receiver_entropy": 0.0, "original_loss": 2.751467704772949, "mean_length": 6.0}
{"mode": "train", "epoch": 2, "loss": 1.9036030371983845, "acc": 0.004025719594210386, "acc_or": 0.07268880307674408, "sender_entropy": 2.299848477045695, "receiver_entropy": 0.0, "original_loss": 2.7393184502919516, "mean_length": 6.0}
{"mode": "test", "epoch": 2, "loss": 1.8544538021087646, "acc": 0.0, "acc_or": 0.051724135875701904, "sender_entropy": 2.297999858856201, "receiver_entropy": 0.0, "original_loss": 2.7322583198547363, "mean_length": 6.0}
{"mode": "train", "epoch": 3, "loss": 1.997961401939392, "acc": 0.004416344532122214, "acc_or": 0.07333615173896153, "sender_entropy": 2.299224535624186, "receiver_entropy": 0.0, "original_loss": 2.717733065287272, "mean_length": 6.0}
{"mode": "test", "epoch": 3, "loss": 2.0296382904052734, "acc": 0.004926108289510012, "acc_or": 0.06403940916061401, "sender_entropy": 2.2981934547424316, "receiver_entropy": 0.0, "original_loss": 2.7045047283172607, "mean_length": 6.0}
{"mode": "train", "epoch": 4, "loss": 1.9656682411829631, "acc": 0.005233838222920895, "acc_or": 0.07289586216211319, "sender_entropy": 2.299542506535848, "receiver_entropy": 0.0, "original_loss": 2.7087528705596924, "mean_length": 6.0}
{"mode": "test", "epoch": 4, "loss": 2.1058168411254883, "acc": 0.004926108289510012, "acc_or": 0.0714285671710968, "sender_entropy": 2.2988691329956055, "receiver_entropy": 0.0, "original_loss": 2.6896536350250244, "mean_length": 6.0}
{"mode": "train", "epoch": 5, "loss": 1.8866379261016846, "acc": 0.0042807667050510645, "acc_or": 0.06986281275749207, "sender_entropy": 2.3000675042470298, "receiver_entropy": 0.0, "original_loss": 2.7073901494344077, "mean_length": 6.0}
{"mode": "test", "epoch": 5, "loss": 2.161165475845337, "acc": 0.02463054098188877, "acc_or": 0.13546797633171082, "sender_entropy": 2.2996487617492676, "receiver_entropy": 0.0, "original_loss": 2.679685592651367, "mean_length": 6.0}
{"mode": "train", "epoch": 6, "loss": 1.8342968225479126, "acc": 0.004825091455131769, "acc_or": 0.07281532138586044, "sender_entropy": 2.3003649711608887, "receiver_entropy": 0.0, "original_loss": 2.706484397252401, "mean_length": 6.0}
{"mode": "test", "epoch": 6, "loss": 2.1469039916992188, "acc": 0.014778325334191322, "acc_or": 0.12807881832122803, "sender_entropy": 2.3000383377075195, "receiver_entropy": 0.0, "original_loss": 2.677229881286621, "mean_length": 6.0}
{"mode": "train", "epoch": 7, "loss": 1.7944499651590984, "acc": 0.004872073729832967, "acc_or": 0.07377644628286362, "sender_entropy": 2.3004277547200522, "receiver_entropy": 0.0, "original_loss": 2.706126610438029, "mean_length": 6.0}
{"mode": "test", "epoch": 7, "loss": 2.142118453979492, "acc": 0.019704433158040047, "acc_or": 0.18719211220741272, "sender_entropy": 2.3001322746276855, "receiver_entropy": 0.0, "original_loss": 2.674583911895752, "mean_length": 6.0}
{"mode": "train", "epoch": 8, "loss": 1.774652322133382, "acc": 0.005512376471112172, "acc_or": 0.07507685323556264, "sender_entropy": 2.300411860148112, "receiver_entropy": 0.0, "original_loss": 2.7049978574117026, "mean_length": 6.0}
{"mode": "test", "epoch": 8, "loss": 2.1994338035583496, "acc": 0.019704433158040047, "acc_or": 0.1428571343421936, "sender_entropy": 2.3001532554626465, "receiver_entropy": 0.0, "original_loss": 2.667581081390381, "mean_length": 6.0}
{"mode": "train", "epoch": 9, "loss": 1.756447156270345, "acc": 0.005345924757421017, "acc_or": 0.07584098478158315, "sender_entropy": 2.3004003365834556, "receiver_entropy": 0.0, "original_loss": 2.7042731444040933, "mean_length": 6.0}
{"mode": "test", "epoch": 9, "loss": 2.353909730911255, "acc": 0.029556650668382645, "acc_or": 0.20935960114002228, "sender_entropy": 2.300199270248413, "receiver_entropy": 0.0, "original_loss": 2.652949333190918, "mean_length": 6.0}
{"mode": "train", "epoch": 10, "loss": 1.7471898794174194, "acc": 0.006436587311327457, "acc_or": 0.08012443780899048, "sender_entropy": 2.300321181615194, "receiver_entropy": 0.0, "original_loss": 2.703147570292155, "mean_length": 6.0}
{"mode": "test", "epoch": 10, "loss": 2.6013894081115723, "acc": 0.04926108196377754, "acc_or": 0.2610837519168854, "sender_entropy": 2.300088882446289, "receiver_entropy": 0.0, "original_loss": 2.631058931350708, "mean_length": 6.0}
{"mode": "train", "epoch": 11, "loss": 1.732995867729187, "acc": 0.0062050313378373785, "acc_or": 0.07582655797402064, "sender_entropy": 2.3000375429789224, "receiver_entropy": 0.0, "original_loss": 2.702681620915731, "mean_length": 6.0}
{"mode": "test", "epoch": 11, "loss": 2.86865234375, "acc": 0.05911330133676529, "acc_or": 0.2660098373889923, "sender_entropy": 2.299665927886963, "receiver_entropy": 0.0, "original_loss": 2.607052803039551, "mean_length": 6.0}
{"mode": "train", "epoch": 12, "loss": 1.7442388931910198, "acc": 0.00798096585397919, "acc_or": 0.08569386353095372, "sender_entropy": 2.299342393875122, "receiver_entropy": 0.0, "original_loss": 2.700315554936727, "mean_length": 6.0}
{"mode": "test", "epoch": 12, "loss": 3.166640520095825, "acc": 0.04926108196377754, "acc_or": 0.2783251106739044, "sender_entropy": 2.2985079288482666, "receiver_entropy": 0.0, "original_loss": 2.579343557357788, "mean_length": 6.0}
{"mode": "train", "epoch": 13, "loss": 1.7681022087732952, "acc": 0.007098367903381586, "acc_or": 0.08832789957523346, "sender_entropy": 2.2976415157318115, "receiver_entropy": 0.0, "original_loss": 2.6968375047047934, "mean_length": 6.0}
{"mode": "test", "epoch": 13, "loss": 3.502955913543701, "acc": 0.06403940916061401, "acc_or": 0.2980295419692993, "sender_entropy": 2.295417308807373, "receiver_entropy": 0.0, "original_loss": 2.545008659362793, "mean_length": 6.0}
{"mode": "train", "epoch": 14, "loss": 1.8261017799377441, "acc": 0.00808231346309185, "acc_or": 0.09678372244040172, "sender_entropy": 2.293120543162028, "receiver_entropy": 0.0, "original_loss": 2.6902578671773276, "mean_length": 6.0}
{"mode": "test", "epoch": 14, "loss": 3.9392566680908203, "acc": 0.04433497413992882, "acc_or": 0.26354679465293884, "sender_entropy": 2.286405086517334, "receiver_entropy": 0.0, "original_loss": 2.494234800338745, "mean_length": 6.0}
{"mode": "train", "epoch": 15, "loss": 2.0407471656799316, "acc": 0.011665056459605694, "acc_or": 0.11383463690678279, "sender_entropy": 2.278765916824341, "receiver_entropy": 0.0, "original_loss": 2.66963521639506, "mean_length": 6.0}
{"mode": "test", "epoch": 15, "loss": 4.421388626098633, "acc": 0.03940886631608009, "acc_or": 0.25615763664245605, "sender_entropy": 2.2542169094085693, "receiver_entropy": 0.0, "original_loss": 2.414576530456543, "mean_length": 6.0}
{"mode": "train", "epoch": 16, "loss": 2.6931378841400146, "acc": 0.02023195909957091, "acc_or": 0.14776531855265299, "sender_entropy": 2.2241593996683755, "receiver_entropy": 0.0, "original_loss": 2.6051295598347983, "mean_length": 6.0}
{"mode": "test", "epoch": 16, "loss": 4.64612340927124, "acc": 0.03448275849223137, "acc_or": 0.23152709007263184, "sender_entropy": 2.1486473083496094, "receiver_entropy": 0.0, "original_loss": 2.310340166091919, "mean_length": 6.0}
{"mode": "train", "epoch": 17, "loss": 3.9505847295125327, "acc": 0.02781156140069167, "acc_or": 0.1896920700867971, "sender_entropy": 2.1061089038848877, "receiver_entropy": 0.0, "original_loss": 2.4647085666656494, "mean_length": 6.0}
{"mode": "test", "epoch": 17, "loss": 4.692132949829102, "acc": 0.029556650668382645, "acc_or": 0.2610837519168854, "sender_entropy": 2.0641517639160156, "receiver_entropy": 0.0, "original_loss": 2.2283668518066406, "mean_length": 6.0}
{"mode": "train", "epoch": 18, "loss": 4.93640677134196, "acc": 0.03281921210388342, "acc_or": 0.21673546731472015, "sender_entropy": 2.0325379371643066, "receiver_entropy": 0.0, "original_loss": 2.3383281230926514, "mean_length": 6.0}
{"mode": "test", "epoch": 18, "loss": 4.623991012573242, "acc": 0.04926108196377754, "acc_or": 0.27586206793785095, "sender_entropy": 2.0074245929718018, "receiver_entropy": 0.0, "original_loss": 2.1641252040863037, "mean_length": 6.0}
{"mode": "train", "epoch": 19, "loss": 5.648566563924153, "acc": 0.04112569863597552, "acc_or": 0.2541290819644928, "sender_entropy": 1.9455893437067668, "receiver_entropy": 0.0, "original_loss": 2.221949656804403, "mean_length": 6.0}
{"mode": "test", "epoch": 19, "loss": 5.052494049072266, "acc": 0.04926108196377754, "acc_or": 0.2980295419692993, "sender_entropy": 1.9386814832687378, "receiver_entropy": 0.0, "original_loss": 2.041459321975708, "mean_length": 6.0}
{"mode": "train", "epoch": 20, "loss": 6.07928991317749, "acc": 0.046104490756988525, "acc_or": 0.2716400921344757, "sender_entropy": 1.867433230082194, "receiver_entropy": 0.0, "original_loss": 2.1277900536855063, "mean_length": 6.0}
{"mode": "test", "epoch": 20, "loss": 5.365850448608398, "acc": 0.054187189787626266, "acc_or": 0.3251231610774994, "sender_entropy": 1.9058996438980103, "receiver_entropy": 0.0, "original_loss": 1.9550552368164062, "mean_length": 6.0}
{"mode": "train", "epoch": 21, "loss": 6.306759198506673, "acc": 0.05680036544799805, "acc_or": 0.29360100626945496, "sender_entropy": 1.8351611693700154, "receiver_entropy": 0.0, "original_loss": 2.067516326904297, "mean_length": 6.0}
{"mode": "test", "epoch": 21, "loss": 5.386306285858154, "acc": 0.07881773263216019, "acc_or": 0.34729063510894775, "sender_entropy": 1.8809467554092407, "receiver_entropy": 0.0, "original_loss": 1.8980658054351807, "mean_length": 6.0}
{"mode": "train", "epoch": 22, "loss": 6.6793257395426435, "acc": 0.06538136303424835, "acc_or": 0.3127835889657338, "sender_entropy": 1.796744743982951, "receiver_entropy": 0.0, "original_loss": 1.9883115688959758, "mean_length": 6.0}
{"mode": "test", "epoch": 22, "loss": 5.451814651489258, "acc": 0.07881773263216019, "acc_or": 0.35467979311943054, "sender_entropy": 1.8759146928787231, "receiver_entropy": 0.0, "original_loss": 1.8624982833862305, "mean_length": 6.0}
{"mode": "train", "epoch": 23, "loss": 6.933754762013753, "acc": 0.07525437573591869, "acc_or": 0.3340394198894501, "sender_entropy": 1.789780577023824, "receiver_entropy": 0.0, "original_loss": 1.9315526088078816, "mean_length": 6.0}
{"mode": "test", "epoch": 23, "loss": 5.729769229888916, "acc": 0.07881773263216019, "acc_or": 0.39162561297416687, "sender_entropy": 1.8736469745635986, "receiver_entropy": 0.0, "original_loss": 1.803998351097107, "mean_length": 6.0}
{"mode": "train", "epoch": 24, "loss": 7.061631679534912, "acc": 0.0703366647164027, "acc_or": 0.344363808631897, "sender_entropy": 1.7779967784881592, "receiver_entropy": 0.0, "original_loss": 1.8870751857757568, "mean_length": 6.0}
{"mode": "test", "epoch": 24, "loss": 5.938104629516602, "acc": 0.07881773263216019, "acc_or": 0.37931033968925476, "sender_entropy": 1.857108235359192, "receiver_entropy": 0.0, "original_loss": 1.745044231414795, "mean_length": 6.0}
{"mode": "train", "epoch": 25, "loss": 7.164417107899983, "acc": 0.08187688142061234, "acc_or": 0.36527130007743835, "sender_entropy": 1.7507242759068806, "receiver_entropy": 0.0, "original_loss": 1.8356006542841594, "mean_length": 6.0}
{"mode": "test", "epoch": 25, "loss": 6.335189342498779, "acc": 0.09852216392755508, "acc_or": 0.41133004426956177, "sender_entropy": 1.8625147342681885, "receiver_entropy": 0.0, "original_loss": 1.6718263626098633, "mean_length": 6.0}
{"mode": "train", "epoch": 26, "loss": 7.528209368387858, "acc": 0.08384812623262405, "acc_or": 0.38665902614593506, "sender_entropy": 1.7274279991785686, "receiver_entropy": 0.0, "original_loss": 1.7603702545166016, "mean_length": 6.0}
{"mode": "test", "epoch": 26, "loss": 6.375685691833496, "acc": 0.09852216392755508, "acc_or": 0.43349751830101013, "sender_entropy": 1.8335720300674438, "receiver_entropy": 0.0, "original_loss": 1.6087095737457275, "mean_length": 6.0}
{"mode": "train", "epoch": 27, "loss": 7.7943806648254395, "acc": 0.09904558956623077, "acc_or": 0.4135742286841075, "sender_entropy": 1.697549859682719, "receiver_entropy": 0.0, "original_loss": 1.6967928806940715, "mean_length": 6.0}
{"mode": "test", "epoch": 27, "loss": 6.958945274353027, "acc": 0.11822660267353058, "acc_or": 0.47044333815574646, "sender_entropy": 1.8388710021972656, "receiver_entropy": 0.0, "original_loss": 1.5095900297164917, "mean_length": 6.0}
{"mode": "train", "epoch": 28, "loss": 7.9206169446309405, "acc": 0.1070064182082812, "acc_or": 0.4242751399676005, "sender_entropy": 1.6901368300120037, "receiver_entropy": 0.0, "original_loss": 1.6507051785786946, "mean_length": 6.0}
{"mode": "test", "epoch": 28, "loss": 7.150296211242676, "acc": 0.13300491869449615, "acc_or": 0.4926108419895172, "sender_entropy": 1.8419243097305298, "receiver_entropy": 0.0, "original_loss": 1.453411340713501, "mean_length": 6.0}
{"mode": "train", "epoch": 29, "loss": 7.9880170822143555, "acc": 0.11617738008499146, "acc_or": 0.4379564126332601, "sender_entropy": 1.6716214418411255, "receiver_entropy": 0.0, "original_loss": 1.6054719686508179, "mean_length": 6.0}
{"mode": "test", "epoch": 29, "loss": 7.143326282501221, "acc": 0.15270934998989105, "acc_or": 0.5024630427360535, "sender_entropy": 1.8372267484664917, "receiver_entropy": 0.0, "original_loss": 1.4204179048538208, "mean_length": 6.0}
{"mode": "train", "epoch": 30, "loss": 8.002214272816977, "acc": 0.12331534922122955, "acc_or": 0.457403431336085, "sender_entropy": 1.6439859867095947, "receiver_entropy": 0.0, "original_loss": 1.5618803103764851, "mean_length": 6.0}
{"mode": "test", "epoch": 30, "loss": 7.05715274810791, "acc": 0.15763546526432037, "acc_or": 0.5246305465698242, "sender_entropy": 1.8110063076019287, "receiver_entropy": 0.0, "original_loss": 1.37419855594635, "mean_length": 6.0}
{"mode": "train", "epoch": 31, "loss": 8.011389573415121, "acc": 0.13148625691731772, "acc_or": 0.4696604609489441, "sender_entropy": 1.6245782772699993, "receiver_entropy": 0.0, "original_loss": 1.5195111433664958, "mean_length": 6.0}
{"mode": "test", "epoch": 31, "loss": 7.5801310539245605, "acc": 0.19704432785511017, "acc_or": 0.564039409160614, "sender_entropy": 1.8192485570907593, "receiver_entropy": 0.0, "original_loss": 1.2839947938919067, "mean_length": 6.0}
{"mode": "train", "epoch": 32, "loss": 8.074588457743326, "acc": 0.14246201515197754, "acc_or": 0.48452267050743103, "sender_entropy": 1.6218737363815308, "receiver_entropy": 0.0, "original_loss": 1.4824037154515584, "mean_length": 6.0}
{"mode": "test", "epoch": 32, "loss": 7.101208686828613, "acc": 0.1822660118341446, "acc_or": 0.5517241358757019, "sender_entropy": 1.8019602298736572, "receiver_entropy": 0.0, "original_loss": 1.2795202732086182, "mean_length": 6.0}
{"mode": "train", "epoch": 33, "loss": 7.95101277033488, "acc": 0.15182828903198242, "acc_or": 0.4915921787420909, "sender_entropy": 1.5970319112141926, "receiver_entropy": 0.0, "original_loss": 1.451024055480957, "mean_length": 6.0}
{"mode": "test", "epoch": 33, "loss": 7.714517593383789, "acc": 0.23152709007263184, "acc_or": 0.5788177251815796, "sender_entropy": 1.8107845783233643, "receiver_entropy": 0.0, "original_loss": 1.190009355545044, "mean_length": 6.0}
{"mode": "train", "epoch": 34, "loss": 8.113860766092936, "acc": 0.16651901106039682, "acc_or": 0.5072386463483175, "sender_entropy": 1.5920860370000203, "receiver_entropy": 0.0, "original_loss": 1.4039037624994914, "mean_length": 6.0}
{"mode": "test", "epoch": 34, "loss": 7.385698318481445, "acc": 0.21182265877723694, "acc_or": 0.5788177251815796, "sender_entropy": 1.7929863929748535, "receiver_entropy": 0.0, "original_loss": 1.1829842329025269, "mean_length": 6.0}
{"mode": "train", "epoch": 35, "loss": 8.109536170959473, "acc": 0.186671773592631, "acc_or": 0.5254517197608948, "sender_entropy": 1.5804334084192913, "receiver_entropy": 0.0, "original_loss": 1.3663034836451213, "mean_length": 6.0}
{"mode": "test", "epoch": 35, "loss": 7.526286602020264, "acc": 0.27093595266342163, "acc_or": 0.6206896305084229, "sender_entropy": 1.7800554037094116, "receiver_entropy": 0.0, "original_loss": 1.1214903593063354, "mean_length": 6.0}
{"mode": "train", "epoch": 36, "loss": 8.003872871398926, "acc": 0.20544391870498657, "acc_or": 0.5382296045621237, "sender_entropy": 1.5627916256586711, "receiver_entropy": 0.0, "original_loss": 1.3374526103337605, "mean_length": 6.0}
{"mode": "test", "epoch": 36, "loss": 7.120883941650391, "acc": 0.29064038395881653, "acc_or": 0.6231526732444763, "sender_entropy": 1.7550461292266846, "receiver_entropy": 0.0, "original_loss": 1.1164584159851074, "mean_length": 6.0}
{"mode": "train", "epoch": 37, "loss": 7.9897565841674805, "acc": 0.2051882048447927, "acc_or": 0.545671264330546, "sender_entropy": 1.5459150473276775, "receiver_entropy": 0.0, "original_loss": 1.3040570815404255, "mean_length": 6.0}
{"mode": "test", "epoch": 37, "loss": 7.381418228149414, "acc": 0.29556649923324585, "acc_or": 0.6305418610572815, "sender_entropy": 1.744804859161377, "receiver_entropy": 0.0, "original_loss": 1.0227530002593994, "mean_length": 6.0}
{"mode": "train", "epoch": 38, "loss": 8.050594329833984, "acc": 0.22940494120121002, "acc_or": 0.5571410059928894, "sender_entropy": 1.526876966158549, "receiver_entropy": 0.0, "original_loss": 1.254429539044698, "mean_length": 6.0}
{"mode": "test", "epoch": 38, "loss": 7.105400562286377, "acc": 0.3251231610774994, "acc_or": 0.6379310488700867, "sender_entropy": 1.7092220783233643, "receiver_entropy": 0.0, "original_loss": 0.996599018573761, "mean_length": 6.0}
{"mode": "train", "epoch": 39, "loss": 7.975316683451335, "acc": 0.25793935855229694, "acc_or": 0.5757983724276224, "sender_entropy": 1.4998152653376262, "receiver_entropy": 0.0, "original_loss": 1.2109575271606445, "mean_length": 6.0}
{"mode": "test", "epoch": 39, "loss": 6.998342990875244, "acc": 0.4088670015335083, "acc_or": 0.6847290396690369, "sender_entropy": 1.665934443473816, "receiver_entropy": 0.0, "original_loss": 0.9474047422409058, "mean_length": 6.0}
{"mode": "train", "epoch": 40, "loss": 8.040018399556478, "acc": 0.28296955426534015, "acc_or": 0.5937446355819702, "sender_entropy": 1.4511098861694336, "receiver_entropy": 0.0, "original_loss": 1.153428037961324, "mean_length": 6.0}
{"mode": "test", "epoch": 40, "loss": 6.738664627075195, "acc": 0.3842364549636841, "acc_or": 0.6724137663841248, "sender_entropy": 1.6147290468215942, "receiver_entropy": 0.0, "original_loss": 0.9221640229225159, "mean_length": 6.0}
{"mode": "train", "epoch": 41, "loss": 7.920632839202881, "acc": 0.2964736521244049, "acc_or": 0.6002235015233358, "sender_entropy": 1.4275508721669514, "receiver_entropy": 0.0, "original_loss": 1.1213926076889038, "mean_length": 6.0}
{"mode": "test", "epoch": 41, "loss": 6.642003059387207, "acc": 0.43349751830101013, "acc_or": 0.7019704580307007, "sender_entropy": 1.5807311534881592, "receiver_entropy": 0.0, "original_loss": 0.8458880186080933, "mean_length": 6.0}
{"mode": "train", "epoch": 42, "loss": 8.072498003641764, "acc": 0.32833240429560345, "acc_or": 0.6214699546496073, "sender_entropy": 1.40644375483195, "receiver_entropy": 0.0, "original_loss": 1.0592796802520752, "mean_length": 6.0}
{"mode": "test", "epoch": 42, "loss": 6.708539962768555, "acc": 0.47783249616622925, "acc_or": 0.7241379022598267, "sender_entropy": 1.5589245557785034, "receiver_entropy": 0.0, "original_loss": 0.7941219210624695, "mean_length": 6.0}
{"mode": "train", "epoch": 43, "loss": 8.035212198893229, "acc": 0.3612838387489319, "acc_or": 0.639484703540802, "sender_entropy": 1.3962948322296143, "receiver_entropy": 0.0, "original_loss": 1.0216189622879028, "mean_length": 6.0}
{"mode": "test", "epoch": 43, "loss": 6.613881587982178, "acc": 0.5024630427360535, "acc_or": 0.7389162182807922, "sender_entropy": 1.5443826913833618, "receiver_entropy": 0.0, "original_loss": 0.7559787034988403, "mean_length": 6.0}
{"mode": "train", "epoch": 44, "loss": 8.075607935587565, "acc": 0.37882840633392334, "acc_or": 0.6509490609169006, "sender_entropy": 1.3822238842646282, "receiver_entropy": 0.0, "original_loss": 0.9819058378537496, "mean_length": 6.0}
{"mode": "test", "epoch": 44, "loss": 6.542119026184082, "acc": 0.5467979907989502, "acc_or": 0.7586206793785095, "sender_entropy": 1.5262970924377441, "receiver_entropy": 0.0, "original_loss": 0.7157032489776611, "mean_length": 6.0}
{"mode": "train", "epoch": 45, "loss": 8.119380633036295, "acc": 0.4063573976357778, "acc_or": 0.6661159793535868, "sender_entropy": 1.3561414082845051, "receiver_entropy": 0.0, "original_loss": 0.9339339733123779, "mean_length": 6.0}
{"mode": "test", "epoch": 45, "loss": 6.541431903839111, "acc": 0.5862069129943848, "acc_or": 0.778325080871582, "sender_entropy": 1.505393147468567, "receiver_entropy": 0.0, "original_loss": 0.6472027897834778, "mean_length": 6.0}
{"mode": "train", "epoch": 46, "loss": 8.011103947957357, "acc": 0.4289633135000865, "acc_or": 0.6826943755149841, "sender_entropy": 1.3234443267186482, "receiver_entropy": 0.0, "original_loss": 0.89657594760259, "mean_length": 6.0}
{"mode": "test", "epoch": 46, "loss": 6.313431739807129, "acc": 0.6059113144874573, "acc_or": 0.7881773114204407, "sender_entropy": 1.4650551080703735, "receiver_entropy": 0.0, "original_loss": 0.6247380375862122, "mean_length": 6.0}
{"mode": "train", "epoch": 47, "loss": 7.944924036661784, "acc": 0.452022264401118, "acc_or": 0.6950819889704386, "sender_entropy": 1.2973584334055583, "receiver_entropy": 0.0, "original_loss": 0.8529795606931051, "mean_length": 6.0}
{"mode": "test", "epoch": 47, "loss": 6.447581768035889, "acc": 0.6600984930992126, "acc_or": 0.825123131275177, "sender_entropy": 1.4465800523757935, "receiver_entropy": 0.0, "original_loss": 0.5634339451789856, "mean_length": 6.0}
{"mode": "train", "epoch": 48, "loss": 7.969156742095947, "acc": 0.4716535210609436, "acc_or": 0.7082977692286173, "sender_entropy": 1.2778268655141194, "receiver_entropy": 0.0, "original_loss": 0.8054464260737101, "mean_length": 6.0}
{"mode": "test", "epoch": 48, "loss": 6.42194938659668, "acc": 0.6945812702178955, "acc_or": 0.8399014472961426, "sender_entropy": 1.4166797399520874, "receiver_entropy": 0.0, "original_loss": 0.511650800704956, "mean_length": 6.0}
{"mode": "train", "epoch": 49, "loss": 7.959216594696045, "acc": 0.5020860334237417, "acc_or": 0.7232361833254496, "sender_entropy": 1.2654724915822346, "receiver_entropy": 0.0, "original_loss": 0.7718146244684855, "mean_length": 6.0}
{"mode": "test", "epoch": 49, "loss": 6.206661224365234, "acc": 0.743842363357544, "acc_or": 0.8669950366020203, "sender_entropy": 1.400320291519165, "receiver_entropy": 0.0, "original_loss": 0.5000667572021484, "mean_length": 6.0}
{"mode": "train", "epoch": 50, "loss": 7.890986919403076, "acc": 0.5187379320462545, "acc_or": 0.7322665055592855, "sender_entropy": 1.2371636231740315, "receiver_entropy": 0.0, "original_loss": 0.7346590161323547, "mean_length": 6.0}
{"mode": "test", "epoch": 50, "loss": 6.20876932144165, "acc": 0.6945812702178955, "acc_or": 0.842364490032196, "sender_entropy": 1.3827022314071655, "receiver_entropy": 0.0, "original_loss": 0.45931193232536316, "mean_length": 6.0}
{"mode": "train", "epoch": 51, "loss": 7.85437027613322, "acc": 0.5445205171902975, "acc_or": 0.749544620513916, "sender_entropy": 1.225728432337443, "receiver_entropy": 0.0, "original_loss": 0.6980317433675131, "mean_length": 6.0}
{"mode": "test", "epoch": 51, "loss": 6.007213592529297, "acc": 0.7487684488296509, "acc_or": 0.8694581389427185, "sender_entropy": 1.3629652261734009, "receiver_entropy": 0.0, "original_loss": 0.43178823590278625, "mean_length": 6.0}
{"mode": "train", "epoch": 52, "loss": 7.751783053080241, "acc": 0.5692735115687052, "acc_or": 0.7640541195869446, "sender_entropy": 1.200585921605428, "receiver_entropy": 0.0, "original_loss": 0.6617444952329, "mean_length": 6.0}
{"mode": "test", "epoch": 52, "loss": 5.7451653480529785, "acc": 0.7586206793785095, "acc_or": 0.8743842244148254, "sender_entropy": 1.3277575969696045, "receiver_entropy": 0.0, "original_loss": 0.4395754039287567, "mean_length": 6.0}
{"mode": "train", "epoch": 53, "loss": 7.619762738545735, "acc": 0.5857670505841573, "acc_or": 0.7722203532854716, "sender_entropy": 1.1802289088567097, "receiver_entropy": 0.0, "original_loss": 0.6415369709332784, "mean_length": 6.0}
{"mode": "test", "epoch": 53, "loss": 5.772978782653809, "acc": 0.7931034564971924, "acc_or": 0.8916255831718445, "sender_entropy": 1.3148316144943237, "receiver_entropy": 0.0, "original_loss": 0.38676926493644714, "mean_length": 6.0}
{"mode": "train", "epoch": 54, "loss": 7.572174549102783, "acc": 0.6129705111185709, "acc_or": 0.7891198992729187, "sender_entropy": 1.159036676088969, "receiver_entropy": 0.0, "original_loss": 0.6002955635388693, "mean_length": 6.0}
{"mode": "test", "epoch": 54, "loss": 5.633527755737305, "acc": 0.7980295419692993, "acc_or": 0.8990147709846497, "sender_entropy": 1.2961864471435547, "receiver_entropy": 0.0, "original_loss": 0.36876192688941956, "mean_length": 6.0}
{"mode": "train", "epoch": 55, "loss": 7.424186070760091, "acc": 0.6238818367322286, "acc_or": 0.7954752643903097, "sender_entropy": 1.1426995197931926, "receiver_entropy": 0.0, "original_loss": 0.5827527642250061, "mean_length": 6.0}
{"mode": "test", "epoch": 55, "loss": 5.340031147003174, "acc": 0.7487684488296509, "acc_or": 0.8743842244148254, "sender_entropy": 1.2699509859085083, "receiver_entropy": 0.0, "original_loss": 0.384708046913147, "mean_length": 6.0}
{"mode": "train", "epoch": 56, "loss": 7.329769611358643, "acc": 0.6312822302182516, "acc_or": 0.7984140117963155, "sender_entropy": 1.1284194389979045, "receiver_entropy": 0.0, "original_loss": 0.5613046089808146, "mean_length": 6.0}
{"mode": "test", "epoch": 56, "loss": 5.451414585113525, "acc": 0.842364490032196, "acc_or": 0.9211822748184204, "sender_entropy": 1.2646358013153076, "receiver_entropy": 0.0, "original_loss": 0.3095960021018982, "mean_length": 6.0}
{"mode": "train", "epoch": 57, "loss": 7.322875022888184, "acc": 0.6496402621269226, "acc_or": 0.8097904523213705, "sender_entropy": 1.1314459244410198, "receiver_entropy": 0.0, "original_loss": 0.5437023639678955, "mean_length": 6.0}
{"mode": "test", "epoch": 57, "loss": 5.527465343475342, "acc": 0.8522167205810547, "acc_or": 0.9261083602905273, "sender_entropy": 1.2773410081863403, "receiver_entropy": 0.0, "original_loss": 0.2882557809352875, "mean_length": 6.0}
{"mode": "train", "epoch": 58, "loss": 7.186736106872559, "acc": 0.6566862861315409, "acc_or": 0.8108945488929749, "sender_entropy": 1.1329036951065063, "receiver_entropy": 0.0, "original_loss": 0.5360157688458761, "mean_length": 6.0}
{"mode": "test", "epoch": 58, "loss": 5.40771484375, "acc": 0.8472906351089478, "acc_or": 0.9236453175544739, "sender_entropy": 1.2715022563934326, "receiver_entropy": 0.0, "original_loss": 0.2927975654602051, "mean_length": 6.0}
{"mode": "train", "epoch": 59, "loss": 7.2237043380737305, "acc": 0.6695104638735453, "acc_or": 0.8198947310447693, "sender_entropy": 1.1341704527537029, "receiver_entropy": 0.0, "original_loss": 0.5096891323725382, "mean_length": 6.0}
{"mode": "test", "epoch": 59, "loss": 5.442479133605957, "acc": 0.9310344457626343, "acc_or": 0.9655172228813171, "sender_entropy": 1.256115198135376, "receiver_entropy": 0.0, "original_loss": 0.23705370724201202, "mean_length": 6.0}
{"mode": "train", "epoch": 60, "loss": 7.203828652699788, "acc": 0.6896048188209534, "acc_or": 0.8327568173408508, "sender_entropy": 1.118503212928772, "receiver_entropy": 0.0, "original_loss": 0.4829459587732951, "mean_length": 6.0}
{"mode": "test", "epoch": 60, "loss": 5.294076442718506, "acc": 0.8916255831718445, "acc_or": 0.9408866763114929, "sender_entropy": 1.2560651302337646, "receiver_entropy": 0.0, "original_loss": 0.25938189029693604, "mean_length": 6.0}
{"mode": "train", "epoch": 61, "loss": 7.017881711324056, "acc": 0.6956306497255961, "acc_or": 0.8330252766609192, "sender_entropy": 1.1125882466634114, "receiver_entropy": 0.0, "original_loss": 0.47882651289304096, "mean_length": 6.0}
{"mode": "test", "epoch": 61, "loss": 5.18828010559082, "acc": 0.8916255831718445, "acc_or": 0.9458128213882446, "sender_entropy": 1.2537962198257446, "receiver_entropy": 0.0, "original_loss": 0.2425878345966339, "mean_length": 6.0}
{"mode": "train", "epoch": 62, "loss": 7.001597722371419, "acc": 0.696760912736257, "acc_or": 0.8367056846618652, "sender_entropy": 1.1086341937383015, "receiver_entropy": 0.0, "original_loss": 0.46348922451337177, "mean_length": 6.0}
{"mode": "test", "epoch": 62, "loss": 5.207343101501465, "acc": 0.8768472671508789, "acc_or": 0.935960590839386, "sender_entropy": 1.2540576457977295, "receiver_entropy": 0.0, "original_loss": 0.23131488263607025, "mean_length": 6.0}
{"mode": "train", "epoch": 63, "loss": 6.874634901682536, "acc": 0.7148028214772543, "acc_or": 0.8457085291544596, "sender_entropy": 1.104859471321106, "receiver_entropy": 0.0, "original_loss": 0.4450569252173106, "mean_length": 6.0}
{"mode": "test", "epoch": 63, "loss": 4.99780797958374, "acc": 0.9113300442695618, "acc_or": 0.9507389068603516, "sender_entropy": 1.2252447605133057, "receiver_entropy": 0.0, "original_loss": 0.2219388633966446, "mean_length": 6.0}
{"mode": "train", "epoch": 64, "loss": 6.786760648091634, "acc": 0.7222918073336283, "acc_or": 0.850791335105896, "sender_entropy": 1.0873207648595173, "receiver_entropy": 0.0, "original_loss": 0.4304039180278778, "mean_length": 6.0}
{"mode": "test", "epoch": 64, "loss": 4.962591648101807, "acc": 0.9162561297416687, "acc_or": 0.958128035068512, "sender_entropy": 1.2130167484283447, "receiver_entropy": 0.0, "original_loss": 0.20555409789085388, "mean_length": 6.0}
{"mode": "train", "epoch": 65, "loss": 6.778111298878987, "acc": 0.736121416091919, "acc_or": 0.8569265802701315, "sender_entropy": 1.0822769403457642, "receiver_entropy": 0.0, "original_loss": 0.40949879089991253, "mean_length": 6.0}
{"mode": "test", "epoch": 65, "loss": 4.941976070404053, "acc": 0.8916255831718445, "acc_or": 0.9458128213882446, "sender_entropy": 1.2236480712890625, "receiver_entropy": 0.0, "original_loss": 0.2059701532125473, "mean_length": 6.0}
{"mode": "train", "epoch": 66, "loss": 6.7234846750895185, "acc": 0.7437426249186198, "acc_or": 0.8628775477409363, "sender_entropy": 1.085179607073466, "receiver_entropy": 0.0, "original_loss": 0.40010957916577655, "mean_length": 6.0}
{"mode": "test", "epoch": 66, "loss": 4.7860822677612305, "acc": 0.9113300442695618, "acc_or": 0.953201949596405, "sender_entropy": 1.213090419769287, "receiver_entropy": 0.0, "original_loss": 0.1980718970298767, "mean_length": 6.0}
{"mode": "train", "epoch": 67, "loss": 6.59185266494751, "acc": 0.7535505493481954, "acc_or": 0.8662948409716288, "sender_entropy": 1.078653891881307, "receiver_entropy": 0.0, "original_loss": 0.39411619305610657, "mean_length": 6.0}
{"mode": "test", "epoch": 67, "loss": 4.855896949768066, "acc": 0.9162561297416687, "acc_or": 0.958128035068512, "sender_entropy": 1.2230315208435059, "receiver_entropy": 0.0, "original_loss": 0.18469662964344025, "mean_length": 6.0}
{"mode": "train", "epoch": 68, "loss": 6.514392693837483, "acc": 0.747873067855835, "acc_or": 0.864360511302948, "sender_entropy": 1.074401577313741, "receiver_entropy": 0.0, "original_loss": 0.38554564118385315, "mean_length": 6.0}
{"mode": "test", "epoch": 68, "loss": 4.676199913024902, "acc": 0.8669950366020203, "acc_or": 0.9310344457626343, "sender_entropy": 1.20790433883667, "receiver_entropy": 0.0, "original_loss": 0.20432749390602112, "mean_length": 6.0}
{"mode": "train", "epoch": 69, "loss": 6.378102779388428, "acc": 0.7578024665514628, "acc_or": 0.8692121307055155, "sender_entropy": 1.069204330444336, "receiver_entropy": 0.0, "original_loss": 0.38569003343582153, "mean_length": 6.0}
{"mode": "test", "epoch": 69, "loss": 4.777102947235107, "acc": 0.9211822748184204, "acc_or": 0.9605911374092102, "sender_entropy": 1.2113966941833496, "receiver_entropy": 0.0, "original_loss": 0.15895886719226837, "mean_length": 6.0}
{"mode": "train", "epoch": 70, "loss": 6.353916962941487, "acc": 0.7575614849726359, "acc_or": 0.8699950377146403, "sender_entropy": 1.0717480977376301, "receiver_entropy": 0.0, "original_loss": 0.3768744270006816, "mean_length": 6.0}
{"mode": "test", "epoch": 70, "loss": 4.610966205596924, "acc": 0.9507389068603516, "acc_or": 0.9753694534301758, "sender_entropy": 1.1861600875854492, "receiver_entropy": 0.0, "original_loss": 0.15162250399589539, "mean_length": 6.0}
{"mode": "train", "epoch": 71, "loss": 6.398743311564128, "acc": 0.7811278700828552, "acc_or": 0.8824789524078369, "sender_entropy": 1.0525730848312378, "receiver_entropy": 0.0, "original_loss": 0.3418661455313365, "mean_length": 6.0}
{"mode": "test", "epoch": 71, "loss": 4.58892297744751, "acc": 0.9605911374092102, "acc_or": 0.9802955389022827, "sender_entropy": 1.1989046335220337, "receiver_entropy": 0.0, "original_loss": 0.14308324456214905, "mean_length": 6.0}
{"mode": "train", "epoch": 72, "loss": 6.343269983927409, "acc": 0.7828225692113241, "acc_or": 0.8844367464383444, "sender_entropy": 1.063549240430196, "receiver_entropy": 0.0, "original_loss": 0.3385680814584096, "mean_length": 6.0}
{"mode": "test", "epoch": 72, "loss": 4.635715484619141, "acc": 0.9605911374092102, "acc_or": 0.9802955389022827, "sender_entropy": 1.201901912689209, "receiver_entropy": 0.0, "original_loss": 0.12519541382789612, "mean_length": 6.0}
{"mode": "train", "epoch": 73, "loss": 6.2163920402526855, "acc": 0.782801111539205, "acc_or": 0.8839115897814432, "sender_entropy": 1.0565063953399658, "receiver_entropy": 0.0, "original_loss": 0.3353201448917389, "mean_length": 6.0}
{"mode": "test", "epoch": 73, "loss": 4.485477924346924, "acc": 0.9113300442695618, "acc_or": 0.9556649923324585, "sender_entropy": 1.1805922985076904, "receiver_entropy": 0.0, "original_loss": 0.14617948234081268, "mean_length": 6.0}
{"mode": "train", "epoch": 74, "loss": 5.9835794766743975, "acc": 0.7764296134312948, "acc_or": 0.8798784812291464, "sender_entropy": 1.0450804630915325, "receiver_entropy": 0.0, "original_loss": 0.34769198298454285, "mean_length": 6.0}
{"mode": "test", "epoch": 74, "loss": 4.488603591918945, "acc": 0.9310344457626343, "acc_or": 0.9655172228813171, "sender_entropy": 1.1820495128631592, "receiver_entropy": 0.0, "original_loss": 0.13127894699573517, "mean_length": 6.0}
{"mode": "train", "epoch": 75, "loss": 6.143356959025065, "acc": 0.8041962186495463, "acc_or": 0.8961363832155863, "sender_entropy": 1.0522851943969727, "receiver_entropy": 0.0, "original_loss": 0.3117021123568217, "mean_length": 6.0}
{"mode": "test", "epoch": 75, "loss": 4.49436092376709, "acc": 0.9655172228813171, "acc_or": 0.9827585816383362, "sender_entropy": 1.1875940561294556, "receiver_entropy": 0.0, "original_loss": 0.11084363609552383, "mean_length": 6.0}
{"mode": "train", "epoch": 76, "loss": 6.003597259521484, "acc": 0.7947030862172445, "acc_or": 0.8914757569630941, "sender_entropy": 1.0504751205444336, "receiver_entropy": 0.0, "original_loss": 0.3170779049396515, "mean_length": 6.0}
{"mode": "test", "epoch": 76, "loss": 4.4119768142700195, "acc": 0.9605911374092102, "acc_or": 0.9802955389022827, "sender_entropy": 1.1989402770996094, "receiver_entropy": 0.0, "original_loss": 0.10860253870487213, "mean_length": 6.0}
{"mode": "train", "epoch": 77, "loss": 5.851333300272624, "acc": 0.7961803476015726, "acc_or": 0.8911364475886027, "sender_entropy": 1.047510067621867, "receiver_entropy": 0.0, "original_loss": 0.3176540732383728, "mean_length": 6.0}
{"mode": "test", "epoch": 77, "loss": 4.137058258056641, "acc": 0.9064038991928101, "acc_or": 0.953201949596405, "sender_entropy": 1.1736472845077515, "receiver_entropy": 0.0, "original_loss": 0.14719396829605103, "mean_length": 6.0}
{"mode": "train", "epoch": 78, "loss": 5.768342971801758, "acc": 0.7948963840802511, "acc_or": 0.8910921613375345, "sender_entropy": 1.0299469629923503, "receiver_entropy": 0.0, "original_loss": 0.31267813841501874, "mean_length": 6.0}
{"mode": "test", "epoch": 78, "loss": 4.2138566970825195, "acc": 0.9408866763114929, "acc_or": 0.9704433083534241, "sender_entropy": 1.1761679649353027, "receiver_entropy": 0.0, "original_loss": 0.11718227714300156, "mean_length": 6.0}
{"mode": "train", "epoch": 79, "loss": 5.898736476898193, "acc": 0.8205252687136332, "acc_or": 0.9043714006741842, "sender_entropy": 1.0395137866338093, "receiver_entropy": 0.0, "original_loss": 0.284905344247818, "mean_length": 6.0}
{"mode": "test", "epoch": 79, "loss": 4.313844203948975, "acc": 0.9605911374092102, "acc_or": 0.9802955389022827, "sender_entropy": 1.1911349296569824, "receiver_entropy": 0.0, "original_loss": 0.09501004964113235, "mean_length": 6.0}
{"mode": "train", "epoch": 80, "loss": 5.826501528422038, "acc": 0.8164774179458618, "acc_or": 0.902353823184967, "sender_entropy": 1.057157079378764, "receiver_entropy": 0.0, "original_loss": 0.2940582533677419, "mean_length": 6.0}
{"mode": "test", "epoch": 80, "loss": 4.318638324737549, "acc": 0.9704433083534241, "acc_or": 0.9852216839790344, "sender_entropy": 1.2058591842651367, "receiver_entropy": 0.0, "original_loss": 0.10052327811717987, "mean_length": 6.0}
{"mode": "train", "epoch": 81, "loss": 5.724275906880696, "acc": 0.805319090684255, "acc_or": 0.8963008324305216, "sender_entropy": 1.0665537118911743, "receiver_entropy": 0.0, "original_loss": 0.3041994571685791, "mean_length": 6.0}
{"mode": "test", "epoch": 81, "loss": 4.272274494171143, "acc": 0.9655172228813171, "acc_or": 0.9827585816383362, "sender_entropy": 1.2074148654937744, "receiver_entropy": 0.0, "original_loss": 0.09554309397935867, "mean_length": 6.0}
{"mode": "train", "epoch": 82, "loss": 5.664182821909587, "acc": 0.809051513671875, "acc_or": 0.8977465629577637, "sender_entropy": 1.0730767250061035, "receiver_entropy": 0.0, "original_loss": 0.29918835560480755, "mean_length": 6.0}
{"mode": "test", "epoch": 82, "loss": 4.1893792152404785, "acc": 0.9507389068603516, "acc_or": 0.9729064106941223, "sender_entropy": 1.2166475057601929, "receiver_entropy": 0.0, "original_loss": 0.11316592991352081, "mean_length": 6.0}
{"mode": "train", "epoch": 83, "loss": 5.609307924906413, "acc": 0.8059775233268738, "acc_or": 0.8974267244338989, "sender_entropy": 1.0677069425582886, "receiver_entropy": 0.0, "original_loss": 0.29678815603256226, "mean_length": 6.0}
{"mode": "test", "epoch": 83, "loss": 4.187892436981201, "acc": 0.9458128213882446, "acc_or": 0.9729064106941223, "sender_entropy": 1.2118855714797974, "receiver_entropy": 0.0, "original_loss": 0.09380330890417099, "mean_length": 6.0}
{"mode": "train", "epoch": 84, "loss": 5.574421564737956, "acc": 0.8208521405855814, "acc_or": 0.9054707884788513, "sender_entropy": 1.0624395211537678, "receiver_entropy": 0.0, "original_loss": 0.2818341950575511, "mean_length": 6.0}
{"mode": "test", "epoch": 84, "loss": 3.9793291091918945, "acc": 0.9556649923324585, "acc_or": 0.9778324961662292, "sender_entropy": 1.1770073175430298, "receiver_entropy": 0.0, "original_loss": 0.10166952759027481, "mean_length": 6.0}
{"mode": "train", "epoch": 85, "loss": 5.492373625437419, "acc": 0.8234294652938843, "acc_or": 0.906125525633494, "sender_entropy": 1.0442622502644856, "receiver_entropy": 0.0, "original_loss": 0.2764432330926259, "mean_length": 6.0}
{"mode": "test", "epoch": 85, "loss": 3.8923795223236084, "acc": 0.9704433083534241, "acc_or": 0.9852216839790344, "sender_entropy": 1.1695210933685303, "receiver_entropy": 0.0, "original_loss": 0.08973616361618042, "mean_length": 6.0}
{"mode": "train", "epoch": 86, "loss": 5.334184805552165, "acc": 0.8278780182202657, "acc_or": 0.9085450967152914, "sender_entropy": 1.0341130097707112, "receiver_entropy": 0.0, "original_loss": 0.27007657289505005, "mean_length": 6.0}
{"mode": "test", "epoch": 86, "loss": 3.891566276550293, "acc": 0.9802955389022827, "acc_or": 0.9901477694511414, "sender_entropy": 1.1543209552764893, "receiver_entropy": 0.0, "original_loss": 0.06888628751039505, "mean_length": 6.0}
{"mode": "train", "epoch": 87, "loss": 5.426603317260742, "acc": 0.8532626231511434, "acc_or": 0.9229129950205485, "sender_entropy": 1.0119116306304932, "receiver_entropy": 0.0, "original_loss": 0.23426075279712677, "mean_length": 6.0}
{"mode": "test", "epoch": 87, "loss": 3.8912956714630127, "acc": 0.9950738549232483, "acc_or": 0.9975369572639465, "sender_entropy": 1.1484922170639038, "receiver_entropy": 0.0, "original_loss": 0.05288352444767952, "mean_length": 6.0}
{"mode": "train", "epoch": 88, "loss": 5.279714584350586, "acc": 0.8437715172767639, "acc_or": 0.917936901251475, "sender_entropy": 1.011132836341858, "receiver_entropy": 0.0, "original_loss": 0.24804635842641196, "mean_length": 6.0}
{"mode": "test", "epoch": 88, "loss": 3.841355800628662, "acc": 0.9852216839790344, "acc_or": 0.9926108121871948, "sender_entropy": 1.1529934406280518, "receiver_entropy": 0.0, "original_loss": 0.06111866608262062, "mean_length": 6.0}
{"mode": "train", "epoch": 89, "loss": 5.282632509867351, "acc": 0.8557204604148865, "acc_or": 0.9233371615409851, "sender_entropy": 1.0124939282735188, "receiver_entropy": 0.0, "original_loss": 0.23410155872503915, "mean_length": 6.0}
{"mode": "test", "epoch": 89, "loss": 3.788067579269409, "acc": 0.9852216839790344, "acc_or": 0.9926108121871948, "sender_entropy": 1.156862497329712, "receiver_entropy": 0.0, "original_loss": 0.0611511655151844, "mean_length": 6.0}
{"mode": "train", "epoch": 90, "loss": 5.271289507548015, "acc": 0.8537908395131429, "acc_or": 0.9228606422742208, "sender_entropy": 1.0193001826604207, "receiver_entropy": 0.0, "original_loss": 0.22964563965797424, "mean_length": 6.0}
{"mode": "test", "epoch": 90, "loss": 3.7683258056640625, "acc": 0.9802955389022827, "acc_or": 0.9901477694511414, "sender_entropy": 1.1606413125991821, "receiver_entropy": 0.0, "original_loss": 0.07125650346279144, "mean_length": 6.0}
{"mode": "train", "epoch": 91, "loss": 5.206494331359863, "acc": 0.8548647165298462, "acc_or": 0.9231398502985636, "sender_entropy": 1.0274770259857178, "receiver_entropy": 0.0, "original_loss": 0.2315447380145391, "mean_length": 6.0}
{"mode": "test", "epoch": 91, "loss": 3.7688493728637695, "acc": 0.9753694534301758, "acc_or": 0.9876847267150879, "sender_entropy": 1.177860975265503, "receiver_entropy": 0.0, "original_loss": 0.07880597561597824, "mean_length": 6.0}
{"mode": "train", "epoch": 92, "loss": 5.1688714027404785, "acc": 0.842968761920929, "acc_or": 0.9161646564801534, "sender_entropy": 1.0470997095108032, "receiver_entropy": 0.0, "original_loss": 0.2494435360034307, "mean_length": 6.0}
{"mode": "test", "epoch": 92, "loss": 3.7883307933807373, "acc": 0.9901477694511414, "acc_or": 0.9950738549232483, "sender_entropy": 1.1870540380477905, "receiver_entropy": 0.0, "original_loss": 0.056782469153404236, "mean_length": 6.0}
{"mode": "train", "epoch": 93, "loss": 5.061438083648682, "acc": 0.841670036315918, "acc_or": 0.9160216848055521, "sender_entropy": 1.0547247330347698, "receiver_entropy": 0.0, "original_loss": 0.2534085214138031, "mean_length": 6.0}
{"mode": "test", "epoch": 93, "loss": 3.8312652111053467, "acc": 0.9852216839790344, "acc_or": 0.9926108121871948, "sender_entropy": 1.1976372003555298, "receiver_entropy": 0.0, "original_loss": 0.05656139925122261, "mean_length": 6.0}
{"mode": "train", "epoch": 94, "loss": 4.930817286173503, "acc": 0.8257477084795634, "acc_or": 0.9072547554969788, "sender_entropy": 1.060822606086731, "receiver_entropy": 0.0, "original_loss": 0.2710740665594737, "mean_length": 6.0}
{"mode": "test", "epoch": 94, "loss": 3.6085519790649414, "acc": 0.9556649923324585, "acc_or": 0.9778324961662292, "sender_entropy": 1.1706684827804565, "receiver_entropy": 0.0, "original_loss": 0.07975661754608154, "mean_length": 6.0}
{"mode": "train", "epoch": 95, "loss": 4.960110028584798, "acc": 0.8434876004854838, "acc_or": 0.9165452122688293, "sender_entropy": 1.0393259922663372, "receiver_entropy": 0.0, "original_loss": 0.2473783145348231, "mean_length": 6.0}
{"mode": "test", "epoch": 95, "loss": 3.626326322555542, "acc": 0.9753694534301758, "acc_or": 0.9876847267150879, "sender_entropy": 1.1605616807937622, "receiver_entropy": 0.0, "original_loss": 0.0656849667429924, "mean_length": 6.0}
{"mode": "train", "epoch": 96, "loss": 4.93939224878947, "acc": 0.856935977935791, "acc_or": 0.9241845409075419, "sender_entropy": 1.022603154182434, "receiver_entropy": 0.0, "original_loss": 0.2257693956295649, "mean_length": 6.0}
{"mode": "test", "epoch": 96, "loss": 3.5657474994659424, "acc": 1.0, "acc_or": 1.0, "sender_entropy": 1.1519043445587158, "receiver_entropy": 0.0, "original_loss": 0.051978349685668945, "mean_length": 6.0}
{"epoch": 96, "positional_disent": 0.10402201861143112, "bag_of_symbol_disent": 0.14962536096572876, "topographic_sim": 0.2797116292425603}
{"generalization hold out": {"acc": 1.0, "acc_or": 1.0}, "uniform holdout": {"acc": 0.6363636255264282, "acc_or": 0.8181818723678589}, "epoch": 96}
---End--
