nohup: ignoring input
{"mode": "train", "epoch": 1, "loss": -11.042450110117594, "acc": 0.0053405553723375005, "acc_or": 0.06488670408725739, "sender_entropy": 2.301262458165487, "receiver_entropy": 0.0, "original_loss": 2.7653163274129233, "mean_length": 6.0}
{"mode": "test", "epoch": 1, "loss": 1.933563470840454, "acc": 0.0, "acc_or": 0.041871920228004456, "sender_entropy": 2.30022931098938, "receiver_entropy": 0.0, "original_loss": 2.739266872406006, "mean_length": 6.0}
{"mode": "train", "epoch": 2, "loss": 1.9058385690053303, "acc": 0.0038955112298329673, "acc_or": 0.07302070160706838, "sender_entropy": 2.299861192703247, "receiver_entropy": 0.0, "original_loss": 2.7374044259389243, "mean_length": 6.0}
{"mode": "test", "epoch": 2, "loss": 1.920974850654602, "acc": 0.0, "acc_or": 0.06403940916061401, "sender_entropy": 2.2996888160705566, "receiver_entropy": 0.0, "original_loss": 2.724984884262085, "mean_length": 6.0}
{"mode": "train", "epoch": 3, "loss": 2.0004884401957193, "acc": 0.005470763581494491, "acc_or": 0.07543593148390453, "sender_entropy": 2.2998441060384116, "receiver_entropy": 0.0, "original_loss": 2.7156982421875, "mean_length": 6.0}
{"mode": "test", "epoch": 3, "loss": 1.942311406135559, "acc": 0.009852216579020023, "acc_or": 0.04926108196377754, "sender_entropy": 2.3000175952911377, "receiver_entropy": 0.0, "original_loss": 2.710299253463745, "mean_length": 6.0}
{"mode": "train", "epoch": 4, "loss": 1.948603669802348, "acc": 0.005163364578038454, "acc_or": 0.07193003594875336, "sender_entropy": 2.3003419240315757, "receiver_entropy": 0.0, "original_loss": 2.7082956631978354, "mean_length": 6.0}
{"mode": "test", "epoch": 4, "loss": 1.9411976337432861, "acc": 0.009852216579020023, "acc_or": 0.09359605610370636, "sender_entropy": 2.3002495765686035, "receiver_entropy": 0.0, "original_loss": 2.7018074989318848, "mean_length": 6.0}
{"mode": "train", "epoch": 5, "loss": 1.8612257242202759, "acc": 0.0047781091804305715, "acc_or": 0.07297271241744359, "sender_entropy": 2.3006369272867837, "receiver_entropy": 0.0, "original_loss": 2.7079564730326333, "mean_length": 6.0}
{"mode": "test", "epoch": 5, "loss": 1.9814404249191284, "acc": 0.009852216579020023, "acc_or": 0.1231527104973793, "sender_entropy": 2.3005549907684326, "receiver_entropy": 0.0, "original_loss": 2.6937267780303955, "mean_length": 6.0}
{"mode": "train", "epoch": 6, "loss": 1.8208633263905842, "acc": 0.005908370949327946, "acc_or": 0.07457414269447327, "sender_entropy": 2.3007256189982095, "receiver_entropy": 0.0, "original_loss": 2.7064855098724365, "mean_length": 6.0}
{"mode": "test", "epoch": 6, "loss": 2.0991272926330566, "acc": 0.004926108289510012, "acc_or": 0.1305418759584427, "sender_entropy": 2.3005881309509277, "receiver_entropy": 0.0, "original_loss": 2.6805171966552734, "mean_length": 6.0}
{"mode": "train", "epoch": 7, "loss": 1.7871421972910564, "acc": 0.005150612288465102, "acc_or": 0.07577957461277644, "sender_entropy": 2.3006693522135415, "receiver_entropy": 0.0, "original_loss": 2.705765724182129, "mean_length": 6.0}
{"mode": "test", "epoch": 7, "loss": 2.188300371170044, "acc": 0.009852216579020023, "acc_or": 0.14778324961662292, "sender_entropy": 2.3004634380340576, "receiver_entropy": 0.0, "original_loss": 2.6703996658325195, "mean_length": 6.0}
{"mode": "train", "epoch": 8, "loss": 1.7554766337076824, "acc": 0.005796284414827824, "acc_or": 0.07447816183169682, "sender_entropy": 2.3005279699961343, "receiver_entropy": 0.0, "original_loss": 2.7056547005971274, "mean_length": 6.0}
{"mode": "test", "epoch": 8, "loss": 2.3556277751922607, "acc": 0.019704433158040047, "acc_or": 0.18965516984462738, "sender_entropy": 2.300313711166382, "receiver_entropy": 0.0, "original_loss": 2.6544270515441895, "mean_length": 6.0}
{"mode": "train", "epoch": 9, "loss": 1.7423015038172405, "acc": 0.006033209928621848, "acc_or": 0.0766104906797409, "sender_entropy": 2.3003811041514077, "receiver_entropy": 0.0, "original_loss": 2.704720656077067, "mean_length": 6.0}
{"mode": "test", "epoch": 9, "loss": 2.518716812133789, "acc": 0.014778325334191322, "acc_or": 0.19211822748184204, "sender_entropy": 2.3001596927642822, "receiver_entropy": 0.0, "original_loss": 2.639106035232544, "mean_length": 6.0}
{"mode": "train", "epoch": 10, "loss": 1.7440495491027832, "acc": 0.006785599359621604, "acc_or": 0.08315916359424591, "sender_entropy": 2.300166050593058, "receiver_entropy": 0.0, "original_loss": 2.702859799067179, "mean_length": 6.0}
{"mode": "test", "epoch": 10, "loss": 2.648315668106079, "acc": 0.029556650668382645, "acc_or": 0.21182265877723694, "sender_entropy": 2.299797773361206, "receiver_entropy": 0.0, "original_loss": 2.6264548301696777, "mean_length": 6.0}
{"mode": "train", "epoch": 11, "loss": 1.7323626677195232, "acc": 0.005760040832683444, "acc_or": 0.08079897115627925, "sender_entropy": 2.2996857166290283, "receiver_entropy": 0.0, "original_loss": 2.7021710872650146, "mean_length": 6.0}
{"mode": "test", "epoch": 11, "loss": 2.8836264610290527, "acc": 0.029556650668382645, "acc_or": 0.2339901477098465, "sender_entropy": 2.2989439964294434, "receiver_entropy": 0.0, "original_loss": 2.604611873626709, "mean_length": 6.0}
{"mode": "train", "epoch": 12, "loss": 1.7453622023264568, "acc": 0.006642638550450404, "acc_or": 0.08438708384831746, "sender_entropy": 2.2986155351003013, "receiver_entropy": 0.0, "original_loss": 2.699651082356771, "mean_length": 6.0}
{"mode": "test", "epoch": 12, "loss": 3.233757495880127, "acc": 0.03448275849223137, "acc_or": 0.23891624808311462, "sender_entropy": 2.2971160411834717, "receiver_entropy": 0.0, "original_loss": 2.571589708328247, "mean_length": 6.0}
{"mode": "train", "epoch": 13, "loss": 1.7886254787445068, "acc": 0.007217837342371543, "acc_or": 0.08997362355391185, "sender_entropy": 2.2960050106048584, "receiver_entropy": 0.0, "original_loss": 2.6944117546081543, "mean_length": 6.0}
{"mode": "test", "epoch": 13, "loss": 3.6509640216827393, "acc": 0.02463054098188877, "acc_or": 0.2463054209947586, "sender_entropy": 2.2914986610412598, "receiver_entropy": 0.0, "original_loss": 2.526827812194824, "mean_length": 6.0}
{"mode": "train", "epoch": 14, "loss": 1.8915385405222576, "acc": 0.009881739194194475, "acc_or": 0.10166217386722565, "sender_entropy": 2.2872942288716636, "receiver_entropy": 0.0, "original_loss": 2.6836396058400473, "mean_length": 6.0}
{"mode": "test", "epoch": 14, "loss": 4.0918684005737305, "acc": 0.019704433158040047, "acc_or": 0.2019704431295395, "sender_entropy": 2.2726478576660156, "receiver_entropy": 0.0, "original_loss": 2.465017557144165, "mean_length": 6.0}
{"mode": "train", "epoch": 15, "loss": 2.2460604508717856, "acc": 0.012149645946919918, "acc_or": 0.12111758192380269, "sender_entropy": 2.257693370183309, "receiver_entropy": 0.0, "original_loss": 2.6484129428863525, "mean_length": 6.0}
{"mode": "test", "epoch": 15, "loss": 4.113184928894043, "acc": 0.014778325334191322, "acc_or": 0.18719211220741272, "sender_entropy": 2.2133371829986572, "receiver_entropy": 0.0, "original_loss": 2.411458969116211, "mean_length": 6.0}
{"mode": "train", "epoch": 16, "loss": 3.0794909795125327, "acc": 0.016862650401890278, "acc_or": 0.1506252040465673, "sender_entropy": 2.182704130808512, "receiver_entropy": 0.0, "original_loss": 2.558942715326945, "mean_length": 6.0}
{"mode": "test", "epoch": 16, "loss": 3.901165246963501, "acc": 0.009852216579020023, "acc_or": 0.19211822748184204, "sender_entropy": 2.161865234375, "receiver_entropy": 0.0, "original_loss": 2.3832077980041504, "mean_length": 6.0}
{"mode": "train", "epoch": 17, "loss": 3.7995713551839194, "acc": 0.02156290349860986, "acc_or": 0.17680413027604422, "sender_entropy": 2.1303842067718506, "receiver_entropy": 0.0, "original_loss": 2.4730987548828125, "mean_length": 6.0}
{"mode": "test", "epoch": 17, "loss": 4.718430995941162, "acc": 0.02463054098188877, "acc_or": 0.21182265877723694, "sender_entropy": 2.1397669315338135, "receiver_entropy": 0.0, "original_loss": 2.2729151248931885, "mean_length": 6.0}
{"mode": "train", "epoch": 18, "loss": 4.415740489959717, "acc": 0.030694266160329182, "acc_or": 0.20502443611621857, "sender_entropy": 2.0644689400990806, "receiver_entropy": 0.0, "original_loss": 2.3879145781199136, "mean_length": 6.0}
{"mode": "test", "epoch": 18, "loss": 4.419299602508545, "acc": 0.02463054098188877, "acc_or": 0.21674875915050507, "sender_entropy": 2.0066535472869873, "receiver_entropy": 0.0, "original_loss": 2.221017837524414, "mean_length": 6.0}
{"mode": "train", "epoch": 19, "loss": 5.051972230275472, "acc": 0.03684493278463682, "acc_or": 0.22469025353590646, "sender_entropy": 1.9672352472941081, "receiver_entropy": 0.0, "original_loss": 2.283646821975708, "mean_length": 6.0}
{"mode": "test", "epoch": 19, "loss": 4.695427894592285, "acc": 0.04433497413992882, "acc_or": 0.27586206793785095, "sender_entropy": 1.9561461210250854, "receiver_entropy": 0.0, "original_loss": 2.133136510848999, "mean_length": 6.0}
{"mode": "train", "epoch": 20, "loss": 5.5216037432352705, "acc": 0.044221838315327965, "acc_or": 0.24615080654621124, "sender_entropy": 1.8970428705215454, "receiver_entropy": 0.0, "original_loss": 2.190316836039225, "mean_length": 6.0}
{"mode": "test", "epoch": 20, "loss": 5.03004264831543, "acc": 0.054187189787626266, "acc_or": 0.2783251106739044, "sender_entropy": 1.9235445261001587, "receiver_entropy": 0.0, "original_loss": 2.037227153778076, "mean_length": 6.0}
{"mode": "train", "epoch": 21, "loss": 5.790258566538493, "acc": 0.05416868130366007, "acc_or": 0.25667083263397217, "sender_entropy": 1.8672819932301838, "receiver_entropy": 0.0, "original_loss": 2.1243884563446045, "mean_length": 6.0}
{"mode": "test", "epoch": 21, "loss": 4.881068706512451, "acc": 0.054187189787626266, "acc_or": 0.2980295419692993, "sender_entropy": 1.8941558599472046, "receiver_entropy": 0.0, "original_loss": 1.9940608739852905, "mean_length": 6.0}
{"mode": "train", "epoch": 22, "loss": 6.125831604003906, "acc": 0.060342839608589806, "acc_or": 0.27608631054560345, "sender_entropy": 1.8123280207316081, "receiver_entropy": 0.0, "original_loss": 2.0524043242136636, "mean_length": 6.0}
{"mode": "test", "epoch": 22, "loss": 5.527109146118164, "acc": 0.08866994827985764, "acc_or": 0.3251231610774994, "sender_entropy": 1.8833683729171753, "receiver_entropy": 0.0, "original_loss": 1.867163896560669, "mean_length": 6.0}
{"mode": "train", "epoch": 23, "loss": 6.498458385467529, "acc": 0.07308781643708546, "acc_or": 0.2939590811729431, "sender_entropy": 1.7913723389307659, "receiver_entropy": 0.0, "original_loss": 1.9814715385437012, "mean_length": 6.0}
{"mode": "test", "epoch": 23, "loss": 5.836605072021484, "acc": 0.07389162480831146, "acc_or": 0.3251231610774994, "sender_entropy": 1.8968271017074585, "receiver_entropy": 0.0, "original_loss": 1.8088939189910889, "mean_length": 6.0}
{"mode": "train", "epoch": 24, "loss": 6.799421469370524, "acc": 0.0833655521273613, "acc_or": 0.3072332839171092, "sender_entropy": 1.792500376701355, "receiver_entropy": 0.0, "original_loss": 1.924994428952535, "mean_length": 6.0}
{"mode": "test", "epoch": 24, "loss": 6.117579460144043, "acc": 0.08866994827985764, "acc_or": 0.3645320236682892, "sender_entropy": 1.8873170614242554, "receiver_entropy": 0.0, "original_loss": 1.745977520942688, "mean_length": 6.0}
{"mode": "train", "epoch": 25, "loss": 7.12738577524821, "acc": 0.08989409108956654, "acc_or": 0.327480673789978, "sender_entropy": 1.765771706899007, "receiver_entropy": 0.0, "original_loss": 1.8558121522267659, "mean_length": 6.0}
{"mode": "test", "epoch": 25, "loss": 6.231085300445557, "acc": 0.09852216392755508, "acc_or": 0.371921181678772, "sender_entropy": 1.8699482679367065, "receiver_entropy": 0.0, "original_loss": 1.6888586282730103, "mean_length": 6.0}
{"mode": "train", "epoch": 26, "loss": 7.371436754862468, "acc": 0.0945399800936381, "acc_or": 0.34002161026000977, "sender_entropy": 1.7432399193445842, "receiver_entropy": 0.0, "original_loss": 1.8001534938812256, "mean_length": 6.0}
{"mode": "test", "epoch": 26, "loss": 6.483651161193848, "acc": 0.11330048739910126, "acc_or": 0.37438422441482544, "sender_entropy": 1.8647234439849854, "receiver_entropy": 0.0, "original_loss": 1.6240113973617554, "mean_length": 6.0}
{"mode": "train", "epoch": 27, "loss": 7.4701948165893555, "acc": 0.10384852935870488, "acc_or": 0.3533005118370056, "sender_entropy": 1.7284023761749268, "receiver_entropy": 0.0, "original_loss": 1.7526464462280273, "mean_length": 6.0}
{"mode": "test", "epoch": 27, "loss": 6.4403533935546875, "acc": 0.1231527104973793, "acc_or": 0.3965517282485962, "sender_entropy": 1.861553430557251, "receiver_entropy": 0.0, "original_loss": 1.5964559316635132, "mean_length": 6.0}
{"mode": "train", "epoch": 28, "loss": 7.679910977681478, "acc": 0.11624248325824738, "acc_or": 0.37444964051246643, "sender_entropy": 1.7075740496317546, "receiver_entropy": 0.0, "original_loss": 1.685186465581258, "mean_length": 6.0}
{"mode": "test", "epoch": 28, "loss": 6.8629631996154785, "acc": 0.15270934998989105, "acc_or": 0.45320194959640503, "sender_entropy": 1.8185746669769287, "receiver_entropy": 0.0, "original_loss": 1.457924246788025, "mean_length": 6.0}
{"mode": "train", "epoch": 29, "loss": 7.959002335866292, "acc": 0.12880423665046692, "acc_or": 0.39731261134147644, "sender_entropy": 1.6439109643300374, "receiver_entropy": 0.0, "original_loss": 1.5965640147527058, "mean_length": 6.0}
{"mode": "test", "epoch": 29, "loss": 6.799921989440918, "acc": 0.15763546526432037, "acc_or": 0.46305418014526367, "sender_entropy": 1.7727562189102173, "receiver_entropy": 0.0, "original_loss": 1.3991971015930176, "mean_length": 6.0}
{"mode": "train", "epoch": 30, "loss": 8.094116051991781, "acc": 0.15198064843813577, "acc_or": 0.4268675645192464, "sender_entropy": 1.596782644589742, "receiver_entropy": 0.0, "original_loss": 1.523436188697815, "mean_length": 6.0}
{"mode": "test", "epoch": 30, "loss": 7.163203239440918, "acc": 0.18719211220741272, "acc_or": 0.4926108419895172, "sender_entropy": 1.7547842264175415, "receiver_entropy": 0.0, "original_loss": 1.311323881149292, "mean_length": 6.0}
{"mode": "train", "epoch": 31, "loss": 8.181035359700521, "acc": 0.17043465872605643, "acc_or": 0.44361912210782367, "sender_entropy": 1.5803647836049397, "receiver_entropy": 0.0, "original_loss": 1.4701019922892253, "mean_length": 6.0}
{"mode": "test", "epoch": 31, "loss": 6.94401216506958, "acc": 0.17733989655971527, "acc_or": 0.4802955687046051, "sender_entropy": 1.7374409437179565, "receiver_entropy": 0.0, "original_loss": 1.3016657829284668, "mean_length": 6.0}
{"mode": "train", "epoch": 32, "loss": 8.166053771972656, "acc": 0.17936869462331137, "acc_or": 0.4553852081298828, "sender_entropy": 1.5502792199452717, "receiver_entropy": 0.0, "original_loss": 1.4271972179412842, "mean_length": 6.0}
{"mode": "test", "epoch": 32, "loss": 7.453495979309082, "acc": 0.2660098373889923, "acc_or": 0.5591132640838623, "sender_entropy": 1.7247538566589355, "receiver_entropy": 0.0, "original_loss": 1.166619062423706, "mean_length": 6.0}
{"mode": "train", "epoch": 33, "loss": 8.353126843770346, "acc": 0.20298607150713602, "acc_or": 0.4809211293856303, "sender_entropy": 1.5356531937917073, "receiver_entropy": 0.0, "original_loss": 1.372133692105611, "mean_length": 6.0}
{"mode": "test", "epoch": 33, "loss": 7.212506294250488, "acc": 0.23645320534706116, "acc_or": 0.5517241358757019, "sender_entropy": 1.7105238437652588, "receiver_entropy": 0.0, "original_loss": 1.1575109958648682, "mean_length": 6.0}
{"mode": "train", "epoch": 34, "loss": 8.468918482462565, "acc": 0.2247697909673055, "acc_or": 0.5019095142682394, "sender_entropy": 1.5304101308186848, "receiver_entropy": 0.0, "original_loss": 1.3157997528711955, "mean_length": 6.0}
{"mode": "test", "epoch": 34, "loss": 7.396032333374023, "acc": 0.2857142686843872, "acc_or": 0.5960590839385986, "sender_entropy": 1.7101091146469116, "receiver_entropy": 0.0, "original_loss": 1.086601972579956, "mean_length": 6.0}
{"mode": "train", "epoch": 35, "loss": 8.485992749532064, "acc": 0.24132168789704642, "acc_or": 0.5208934346834818, "sender_entropy": 1.520215590794881, "receiver_entropy": 0.0, "original_loss": 1.2731115023295085, "mean_length": 6.0}
{"mode": "test", "epoch": 35, "loss": 7.410195350646973, "acc": 0.35960590839385986, "acc_or": 0.6354679465293884, "sender_entropy": 1.694689154624939, "receiver_entropy": 0.0, "original_loss": 1.0251840353012085, "mean_length": 6.0}
{"mode": "train", "epoch": 36, "loss": 8.595613797505697, "acc": 0.26181339224179584, "acc_or": 0.5385796030362447, "sender_entropy": 1.4947478373845418, "receiver_entropy": 0.0, "original_loss": 1.2142644723256428, "mean_length": 6.0}
{"mode": "test", "epoch": 36, "loss": 7.47173547744751, "acc": 0.3694581091403961, "acc_or": 0.6403940916061401, "sender_entropy": 1.663512945175171, "receiver_entropy": 0.0, "original_loss": 0.9623805284500122, "mean_length": 6.0}
{"mode": "train", "epoch": 37, "loss": 8.472874323527018, "acc": 0.2799996038277944, "acc_or": 0.5578000942866007, "sender_entropy": 1.4588242769241333, "receiver_entropy": 0.0, "original_loss": 1.1722375949223836, "mean_length": 6.0}
{"mode": "test", "epoch": 37, "loss": 6.955876350402832, "acc": 0.3645320236682892, "acc_or": 0.6305418610572815, "sender_entropy": 1.6182266473770142, "receiver_entropy": 0.0, "original_loss": 0.9493160247802734, "mean_length": 6.0}
{"mode": "train", "epoch": 38, "loss": 8.4326810836792, "acc": 0.2988281349341075, "acc_or": 0.5712971289952596, "sender_entropy": 1.4250309467315674, "receiver_entropy": 0.0, "original_loss": 1.1262183984120686, "mean_length": 6.0}
{"mode": "test", "epoch": 38, "loss": 6.948199272155762, "acc": 0.389162540435791, "acc_or": 0.6502463221549988, "sender_entropy": 1.604653000831604, "receiver_entropy": 0.0, "original_loss": 0.8964911699295044, "mean_length": 6.0}
{"mode": "train", "epoch": 39, "loss": 8.514875411987305, "acc": 0.3219159444173177, "acc_or": 0.5878704984982809, "sender_entropy": 1.4160165786743164, "receiver_entropy": 0.0, "original_loss": 1.0718905528386433, "mean_length": 6.0}
{"mode": "test", "epoch": 39, "loss": 7.1342034339904785, "acc": 0.45320194959640503, "acc_or": 0.692118227481842, "sender_entropy": 1.603621006011963, "receiver_entropy": 0.0, "original_loss": 0.8375135660171509, "mean_length": 6.0}
{"mode": "train", "epoch": 40, "loss": 8.44310728708903, "acc": 0.3423915406068166, "acc_or": 0.601124902566274, "sender_entropy": 1.4181491136550903, "receiver_entropy": 0.0, "original_loss": 1.054064949353536, "mean_length": 6.0}
{"mode": "test", "epoch": 40, "loss": 7.009379863739014, "acc": 0.47783249616622925, "acc_or": 0.7019704580307007, "sender_entropy": 1.6085071563720703, "receiver_entropy": 0.0, "original_loss": 0.8264868855476379, "mean_length": 6.0}
{"mode": "train", "epoch": 41, "loss": 8.489757219950357, "acc": 0.35475999116897583, "acc_or": 0.6115274826685587, "sender_entropy": 1.4319566090901692, "receiver_entropy": 0.0, "original_loss": 1.0289251804351807, "mean_length": 6.0}
{"mode": "test", "epoch": 41, "loss": 7.415737152099609, "acc": 0.4876847267150879, "acc_or": 0.7216748595237732, "sender_entropy": 1.6257126331329346, "receiver_entropy": 0.0, "original_loss": 0.7406173348426819, "mean_length": 6.0}
{"mode": "train", "epoch": 42, "loss": 8.492909749348959, "acc": 0.3720172941684723, "acc_or": 0.6243103742599487, "sender_entropy": 1.4274783531824748, "receiver_entropy": 0.0, "original_loss": 0.9963476459185282, "mean_length": 6.0}
{"mode": "test", "epoch": 42, "loss": 6.851597785949707, "acc": 0.4729064106941223, "acc_or": 0.7093595862388611, "sender_entropy": 1.5988683700561523, "receiver_entropy": 0.0, "original_loss": 0.7808114886283875, "mean_length": 6.0}
{"mode": "train", "epoch": 43, "loss": 8.375070571899414, "acc": 0.3936070501804352, "acc_or": 0.6394185821215311, "sender_entropy": 1.4035631815592449, "receiver_entropy": 0.0, "original_loss": 0.9631377657254537, "mean_length": 6.0}
{"mode": "test", "epoch": 43, "loss": 7.559182643890381, "acc": 0.6354679465293884, "acc_or": 0.807881772518158, "sender_entropy": 1.5868414640426636, "receiver_entropy": 0.0, "original_loss": 0.6231263875961304, "mean_length": 6.0}
{"mode": "train", "epoch": 44, "loss": 8.498941739400228, "acc": 0.4180801709493001, "acc_or": 0.6595485210418701, "sender_entropy": 1.383540153503418, "receiver_entropy": 0.0, "original_loss": 0.905522346496582, "mean_length": 6.0}
{"mode": "test", "epoch": 44, "loss": 7.281796455383301, "acc": 0.6108373999595642, "acc_or": 0.7906403541564941, "sender_entropy": 1.5526639223098755, "receiver_entropy": 0.0, "original_loss": 0.6171514987945557, "mean_length": 6.0}
{"mode": "train", "epoch": 45, "loss": 8.456135749816895, "acc": 0.45425190528233844, "acc_or": 0.6800955931345621, "sender_entropy": 1.3571021556854248, "receiver_entropy": 0.0, "original_loss": 0.867213507493337, "mean_length": 6.0}
{"mode": "test", "epoch": 45, "loss": 7.00622034072876, "acc": 0.6009852290153503, "acc_or": 0.7931034564971924, "sender_entropy": 1.5182889699935913, "receiver_entropy": 0.0, "original_loss": 0.6005654335021973, "mean_length": 6.0}
{"mode": "train", "epoch": 46, "loss": 8.411342938741049, "acc": 0.47800352176030475, "acc_or": 0.7000211675961813, "sender_entropy": 1.3282670974731445, "receiver_entropy": 0.0, "original_loss": 0.8192874391873678, "mean_length": 6.0}
{"mode": "test", "epoch": 46, "loss": 6.788136005401611, "acc": 0.6995073556900024, "acc_or": 0.8374384045600891, "sender_entropy": 1.4845621585845947, "receiver_entropy": 0.0, "original_loss": 0.5515454411506653, "mean_length": 6.0}
{"mode": "train", "epoch": 47, "loss": 8.333837827046713, "acc": 0.50798299908638, "acc_or": 0.7191775639851888, "sender_entropy": 1.2929524978001912, "receiver_entropy": 0.0, "original_loss": 0.7714022397994995, "mean_length": 6.0}
{"mode": "test", "epoch": 47, "loss": 6.532777786254883, "acc": 0.6995073556900024, "acc_or": 0.8399014472961426, "sender_entropy": 1.4558409452438354, "receiver_entropy": 0.0, "original_loss": 0.5397584438323975, "mean_length": 6.0}
{"mode": "train", "epoch": 48, "loss": 8.295220692952475, "acc": 0.5370241403579712, "acc_or": 0.7346928119659424, "sender_entropy": 1.2885326544443767, "receiver_entropy": 0.0, "original_loss": 0.7375834981600443, "mean_length": 6.0}
{"mode": "test", "epoch": 48, "loss": 6.577622413635254, "acc": 0.6945812702178955, "acc_or": 0.8325123190879822, "sender_entropy": 1.463484764099121, "receiver_entropy": 0.0, "original_loss": 0.5116413235664368, "mean_length": 6.0}
{"mode": "train", "epoch": 49, "loss": 8.307389895121256, "acc": 0.5414767464001974, "acc_or": 0.7395044763882955, "sender_entropy": 1.2962541580200195, "receiver_entropy": 0.0, "original_loss": 0.7269207437833151, "mean_length": 6.0}
{"mode": "test", "epoch": 49, "loss": 6.711556434631348, "acc": 0.7536945939064026, "acc_or": 0.871921181678772, "sender_entropy": 1.4791077375411987, "receiver_entropy": 0.0, "original_loss": 0.46889999508857727, "mean_length": 6.0}
{"mode": "train", "epoch": 50, "loss": 8.274722417195639, "acc": 0.5510604580243429, "acc_or": 0.7429959575335184, "sender_entropy": 1.3084457715352376, "receiver_entropy": 0.0, "original_loss": 0.7105971574783325, "mean_length": 6.0}
{"mode": "test", "epoch": 50, "loss": 6.8175811767578125, "acc": 0.807881772518158, "acc_or": 0.9014778137207031, "sender_entropy": 1.4776710271835327, "receiver_entropy": 0.0, "original_loss": 0.41446807980537415, "mean_length": 6.0}
{"mode": "train", "epoch": 51, "loss": 8.209636688232422, "acc": 0.5678070187568665, "acc_or": 0.7540260752042135, "sender_entropy": 1.305067777633667, "receiver_entropy": 0.0, "original_loss": 0.6826982696851095, "mean_length": 6.0}
{"mode": "test", "epoch": 51, "loss": 6.588530540466309, "acc": 0.7684729099273682, "acc_or": 0.871921181678772, "sender_entropy": 1.4792208671569824, "receiver_entropy": 0.0, "original_loss": 0.4386610984802246, "mean_length": 6.0}
{"mode": "train", "epoch": 52, "loss": 8.13430372873942, "acc": 0.5740153988202413, "acc_or": 0.7580289642016093, "sender_entropy": 1.2929739554723103, "receiver_entropy": 0.0, "original_loss": 0.6654036442438761, "mean_length": 6.0}
{"mode": "test", "epoch": 52, "loss": 6.512121677398682, "acc": 0.7881773114204407, "acc_or": 0.8866994976997375, "sender_entropy": 1.4545646905899048, "receiver_entropy": 0.0, "original_loss": 0.4070277512073517, "mean_length": 6.0}
{"mode": "train", "epoch": 53, "loss": 7.862778822580974, "acc": 0.5732274254163107, "acc_or": 0.756450355052948, "sender_entropy": 1.2700380484263103, "receiver_entropy": 0.0, "original_loss": 0.6638648509979248, "mean_length": 6.0}
{"mode": "test", "epoch": 53, "loss": 6.463000297546387, "acc": 0.8325123190879822, "acc_or": 0.9113300442695618, "sender_entropy": 1.4222930669784546, "receiver_entropy": 0.0, "original_loss": 0.35993900895118713, "mean_length": 6.0}
{"mode": "train", "epoch": 54, "loss": 7.877806981404622, "acc": 0.6095676422119141, "acc_or": 0.7778605818748474, "sender_entropy": 1.2446220715840657, "receiver_entropy": 0.0, "original_loss": 0.6184086799621582, "mean_length": 6.0}
{"mode": "test", "epoch": 54, "loss": 6.301129341125488, "acc": 0.8128078579902649, "acc_or": 0.9064038991928101, "sender_entropy": 1.4144079685211182, "receiver_entropy": 0.0, "original_loss": 0.3618393540382385, "mean_length": 6.0}
{"mode": "train", "epoch": 55, "loss": 7.741301854451497, "acc": 0.605894943078359, "acc_or": 0.7771769960721334, "sender_entropy": 1.2422791322072346, "receiver_entropy": 0.0, "original_loss": 0.6137416760126749, "mean_length": 6.0}
{"mode": "test", "epoch": 55, "loss": 6.21193790435791, "acc": 0.8571428656578064, "acc_or": 0.9285714030265808, "sender_entropy": 1.4075772762298584, "receiver_entropy": 0.0, "original_loss": 0.3401947319507599, "mean_length": 6.0}
{"mode": "train", "epoch": 56, "loss": 7.825809160868327, "acc": 0.6294445594151815, "acc_or": 0.7921348412831625, "sender_entropy": 1.2453993558883667, "receiver_entropy": 0.0, "original_loss": 0.5774017175038656, "mean_length": 6.0}
{"mode": "test", "epoch": 56, "loss": 6.13405179977417, "acc": 0.8374384045600891, "acc_or": 0.9162561297416687, "sender_entropy": 1.4056739807128906, "receiver_entropy": 0.0, "original_loss": 0.3358561396598816, "mean_length": 6.0}
{"mode": "train", "epoch": 57, "loss": 7.642778396606445, "acc": 0.6212977965672811, "acc_or": 0.7882594664891561, "sender_entropy": 1.2388077974319458, "receiver_entropy": 0.0, "original_loss": 0.5787348945935568, "mean_length": 6.0}
{"mode": "test", "epoch": 57, "loss": 6.104428768157959, "acc": 0.8522167205810547, "acc_or": 0.9261083602905273, "sender_entropy": 1.398224115371704, "receiver_entropy": 0.0, "original_loss": 0.31767722964286804, "mean_length": 6.0}
{"mode": "train", "epoch": 58, "loss": 7.673788865407308, "acc": 0.6540331244468689, "acc_or": 0.8074584801991781, "sender_entropy": 1.2270416418711345, "receiver_entropy": 0.0, "original_loss": 0.5394458572069804, "mean_length": 6.0}
{"mode": "test", "epoch": 58, "loss": 5.904881477355957, "acc": 0.8669950366020203, "acc_or": 0.9334975481033325, "sender_entropy": 1.3655110597610474, "receiver_entropy": 0.0, "original_loss": 0.2940284311771393, "mean_length": 6.0}
{"mode": "train", "epoch": 59, "loss": 7.490585168202718, "acc": 0.6602904995282491, "acc_or": 0.8121912876764933, "sender_entropy": 1.2083042860031128, "receiver_entropy": 0.0, "original_loss": 0.532893439133962, "mean_length": 6.0}
{"mode": "test", "epoch": 59, "loss": 5.76403284072876, "acc": 0.8620689511299133, "acc_or": 0.9285714030265808, "sender_entropy": 1.3600889444351196, "receiver_entropy": 0.0, "original_loss": 0.28587833046913147, "mean_length": 6.0}
{"mode": "train", "epoch": 60, "loss": 7.428820768992106, "acc": 0.6755369504292806, "acc_or": 0.8201645414034525, "sender_entropy": 1.2002530892690022, "receiver_entropy": 0.0, "original_loss": 0.5097833077112833, "mean_length": 6.0}
{"mode": "test", "epoch": 60, "loss": 5.70859956741333, "acc": 0.8669950366020203, "acc_or": 0.9334975481033325, "sender_entropy": 1.361453652381897, "receiver_entropy": 0.0, "original_loss": 0.28051456809043884, "mean_length": 6.0}
{"mode": "train", "epoch": 61, "loss": 7.377624988555908, "acc": 0.6811896165211996, "acc_or": 0.823229451974233, "sender_entropy": 1.2069374720255535, "receiver_entropy": 0.0, "original_loss": 0.49630512793858844, "mean_length": 6.0}
{"mode": "test", "epoch": 61, "loss": 5.79271936416626, "acc": 0.8965517282485962, "acc_or": 0.9384236335754395, "sender_entropy": 1.3585708141326904, "receiver_entropy": 0.0, "original_loss": 0.23890775442123413, "mean_length": 6.0}
{"mode": "train", "epoch": 62, "loss": 7.224323431650798, "acc": 0.6706836819648743, "acc_or": 0.8153612414995829, "sender_entropy": 1.203194220860799, "receiver_entropy": 0.0, "original_loss": 0.5027478039264679, "mean_length": 6.0}
{"mode": "test", "epoch": 62, "loss": 5.643567085266113, "acc": 0.9211822748184204, "acc_or": 0.958128035068512, "sender_entropy": 1.340057373046875, "receiver_entropy": 0.0, "original_loss": 0.23137472569942474, "mean_length": 6.0}
{"mode": "train", "epoch": 63, "loss": 7.277829170227051, "acc": 0.7037022312482198, "acc_or": 0.8374969959259033, "sender_entropy": 1.1880645354588826, "receiver_entropy": 0.0, "original_loss": 0.46402392784754437, "mean_length": 6.0}
{"mode": "test", "epoch": 63, "loss": 5.506687641143799, "acc": 0.8965517282485962, "acc_or": 0.9482758641242981, "sender_entropy": 1.3320297002792358, "receiver_entropy": 0.0, "original_loss": 0.23003055155277252, "mean_length": 6.0}
{"mode": "train", "epoch": 64, "loss": 7.192378203074138, "acc": 0.7252745032310486, "acc_or": 0.8492714564005533, "sender_entropy": 1.1792265176773071, "receiver_entropy": 0.0, "original_loss": 0.4431230028470357, "mean_length": 6.0}
{"mode": "test", "epoch": 64, "loss": 5.399996757507324, "acc": 0.9162561297416687, "acc_or": 0.958128035068512, "sender_entropy": 1.3222298622131348, "receiver_entropy": 0.0, "original_loss": 0.20837296545505524, "mean_length": 6.0}
{"mode": "train", "epoch": 65, "loss": 7.155369122823079, "acc": 0.7178767919540405, "acc_or": 0.8471152782440186, "sender_entropy": 1.1763960123062134, "receiver_entropy": 0.0, "original_loss": 0.43088095386823017, "mean_length": 6.0}
{"mode": "test", "epoch": 65, "loss": 5.250269412994385, "acc": 0.9064038991928101, "acc_or": 0.953201949596405, "sender_entropy": 1.3178519010543823, "receiver_entropy": 0.0, "original_loss": 0.21908453106880188, "mean_length": 6.0}
{"mode": "train", "epoch": 66, "loss": 7.036184787750244, "acc": 0.732694407304128, "acc_or": 0.8553704420725504, "sender_entropy": 1.168559193611145, "receiver_entropy": 0.0, "original_loss": 0.41880565881729126, "mean_length": 6.0}
{"mode": "test", "epoch": 66, "loss": 5.311269283294678, "acc": 0.9556649923324585, "acc_or": 0.9778324961662292, "sender_entropy": 1.3150792121887207, "receiver_entropy": 0.0, "original_loss": 0.18214638531208038, "mean_length": 6.0}
{"mode": "train", "epoch": 67, "loss": 6.997762362162272, "acc": 0.7420915365219116, "acc_or": 0.859817643960317, "sender_entropy": 1.1643616755803425, "receiver_entropy": 0.0, "original_loss": 0.40907154480616253, "mean_length": 6.0}
{"mode": "test", "epoch": 67, "loss": 5.0684733390808105, "acc": 0.9113300442695618, "acc_or": 0.9556649923324585, "sender_entropy": 1.307064175605774, "receiver_entropy": 0.0, "original_loss": 0.2139560729265213, "mean_length": 6.0}
{"mode": "train", "epoch": 68, "loss": 6.828982353210449, "acc": 0.7313493490219116, "acc_or": 0.8532330592473348, "sender_entropy": 1.1519498030344646, "receiver_entropy": 0.0, "original_loss": 0.4116952121257782, "mean_length": 6.0}
{"mode": "test", "epoch": 68, "loss": 4.916926860809326, "acc": 0.8916255831718445, "acc_or": 0.9458128213882446, "sender_entropy": 1.2895493507385254, "receiver_entropy": 0.0, "original_loss": 0.23014897108078003, "mean_length": 6.0}
{"mode": "train", "epoch": 69, "loss": 6.716721852620442, "acc": 0.7300848563512167, "acc_or": 0.8526948094367981, "sender_entropy": 1.148940086364746, "receiver_entropy": 0.0, "original_loss": 0.41323097546895343, "mean_length": 6.0}
{"mode": "test", "epoch": 69, "loss": 5.074104309082031, "acc": 0.9458128213882446, "acc_or": 0.9729064106941223, "sender_entropy": 1.2948459386825562, "receiver_entropy": 0.0, "original_loss": 0.17014722526073456, "mean_length": 6.0}
{"mode": "train", "epoch": 70, "loss": 6.7527618408203125, "acc": 0.7517001231511434, "acc_or": 0.8660632967948914, "sender_entropy": 1.1536188125610352, "receiver_entropy": 0.0, "original_loss": 0.3879132767518361, "mean_length": 6.0}
{"mode": "test", "epoch": 70, "loss": 4.996644496917725, "acc": 0.8866994976997375, "acc_or": 0.9433497190475464, "sender_entropy": 1.3079506158828735, "receiver_entropy": 0.0, "original_loss": 0.20295041799545288, "mean_length": 6.0}
{"mode": "train", "epoch": 71, "loss": 6.680596669514974, "acc": 0.7473025520642599, "acc_or": 0.8625587423642477, "sender_entropy": 1.1703672806421916, "receiver_entropy": 0.0, "original_loss": 0.39064205686251324, "mean_length": 6.0}
{"mode": "test", "epoch": 71, "loss": 5.137109279632568, "acc": 0.9113300442695618, "acc_or": 0.9556649923324585, "sender_entropy": 1.3225408792495728, "receiver_entropy": 0.0, "original_loss": 0.16775554418563843, "mean_length": 6.0}
{"mode": "train", "epoch": 72, "loss": 6.7247293790181475, "acc": 0.7637564738591512, "acc_or": 0.8727787733078003, "sender_entropy": 1.1680643955866497, "receiver_entropy": 0.0, "original_loss": 0.3695643941561381, "mean_length": 6.0}
{"mode": "test", "epoch": 72, "loss": 5.072819232940674, "acc": 0.9556649923324585, "acc_or": 0.9778324961662292, "sender_entropy": 1.3003840446472168, "receiver_entropy": 0.0, "original_loss": 0.1417672336101532, "mean_length": 6.0}
{"mode": "train", "epoch": 73, "loss": 6.6929395993550616, "acc": 0.7874563932418823, "acc_or": 0.8852941989898682, "sender_entropy": 1.1528775691986084, "receiver_entropy": 0.0, "original_loss": 0.34146764874458313, "mean_length": 6.0}
{"mode": "test", "epoch": 73, "loss": 5.10529899597168, "acc": 0.9753694534301758, "acc_or": 0.9876847267150879, "sender_entropy": 1.294146180152893, "receiver_entropy": 0.0, "original_loss": 0.12446774542331696, "mean_length": 6.0}
{"mode": "train", "epoch": 74, "loss": 6.649801890055339, "acc": 0.7891437212626139, "acc_or": 0.887861450513204, "sender_entropy": 1.142432689666748, "receiver_entropy": 0.0, "original_loss": 0.3324797451496124, "mean_length": 6.0}
{"mode": "test", "epoch": 74, "loss": 4.979839324951172, "acc": 0.9556649923324585, "acc_or": 0.9778324961662292, "sender_entropy": 1.2985886335372925, "receiver_entropy": 0.0, "original_loss": 0.13109782338142395, "mean_length": 6.0}
{"mode": "train", "epoch": 75, "loss": 6.45433251063029, "acc": 0.7760007381439209, "acc_or": 0.8808540304501852, "sender_entropy": 1.148935039838155, "receiver_entropy": 0.0, "original_loss": 0.34650100270907086, "mean_length": 6.0}
{"mode": "test", "epoch": 75, "loss": 4.926682949066162, "acc": 0.9162561297416687, "acc_or": 0.958128035068512, "sender_entropy": 1.3090050220489502, "receiver_entropy": 0.0, "original_loss": 0.14351026713848114, "mean_length": 6.0}
{"mode": "train", "epoch": 76, "loss": 6.3637949625651045, "acc": 0.7799278100331625, "acc_or": 0.8801915844281515, "sender_entropy": 1.1564530928929646, "receiver_entropy": 0.0, "original_loss": 0.34694931904474896, "mean_length": 6.0}
{"mode": "test", "epoch": 76, "loss": 5.0099663734436035, "acc": 0.9704433083534241, "acc_or": 0.9852216839790344, "sender_entropy": 1.310426950454712, "receiver_entropy": 0.0, "original_loss": 0.12343838065862656, "mean_length": 6.0}
{"mode": "train", "epoch": 77, "loss": 6.259683767954509, "acc": 0.7743335564931234, "acc_or": 0.8772994875907898, "sender_entropy": 1.1540700594584148, "receiver_entropy": 0.0, "original_loss": 0.3498377998669942, "mean_length": 6.0}
{"mode": "test", "epoch": 77, "loss": 4.872021198272705, "acc": 0.9655172228813171, "acc_or": 0.9827585816383362, "sender_entropy": 1.2971162796020508, "receiver_entropy": 0.0, "original_loss": 0.12508291006088257, "mean_length": 6.0}
{"mode": "train", "epoch": 78, "loss": 6.349960962931315, "acc": 0.7919808030128479, "acc_or": 0.8894753058751425, "sender_entropy": 1.158636252085368, "receiver_entropy": 0.0, "original_loss": 0.32154988249142963, "mean_length": 6.0}
{"mode": "test", "epoch": 78, "loss": 4.902575492858887, "acc": 0.9655172228813171, "acc_or": 0.9827585816383362, "sender_entropy": 1.306195855140686, "receiver_entropy": 0.0, "original_loss": 0.10880210995674133, "mean_length": 6.0}
{"mode": "train", "epoch": 79, "loss": 6.357850392659505, "acc": 0.8030458291371664, "acc_or": 0.8949363231658936, "sender_entropy": 1.1542003949483235, "receiver_entropy": 0.0, "original_loss": 0.3115707337856293, "mean_length": 6.0}
{"mode": "test", "epoch": 79, "loss": 4.72794771194458, "acc": 0.9605911374092102, "acc_or": 0.9802955389022827, "sender_entropy": 1.282492995262146, "receiver_entropy": 0.0, "original_loss": 0.10508142411708832, "mean_length": 6.0}
{"mode": "train", "epoch": 80, "loss": 6.362705707550049, "acc": 0.8212340474128723, "acc_or": 0.904960016409556, "sender_entropy": 1.136516849199931, "receiver_entropy": 0.0, "original_loss": 0.2864067753156026, "mean_length": 6.0}
{"mode": "test", "epoch": 80, "loss": 4.646014213562012, "acc": 0.9704433083534241, "acc_or": 0.9852216839790344, "sender_entropy": 1.2718712091445923, "receiver_entropy": 0.0, "original_loss": 0.10144869983196259, "mean_length": 6.0}
{"mode": "train", "epoch": 81, "loss": 6.2872622807820635, "acc": 0.8277223308881124, "acc_or": 0.908055822054545, "sender_entropy": 1.132114847501119, "receiver_entropy": 0.0, "original_loss": 0.27612602710723877, "mean_length": 6.0}
{"mode": "test", "epoch": 81, "loss": 4.636019229888916, "acc": 0.9704433083534241, "acc_or": 0.9852216839790344, "sender_entropy": 1.284531831741333, "receiver_entropy": 0.0, "original_loss": 0.09841124713420868, "mean_length": 6.0}
{"mode": "train", "epoch": 82, "loss": 6.175448894500732, "acc": 0.8281330466270447, "acc_or": 0.9093834161758423, "sender_entropy": 1.132810910542806, "receiver_entropy": 0.0, "original_loss": 0.275949627161026, "mean_length": 6.0}
{"mode": "test", "epoch": 82, "loss": 4.579094409942627, "acc": 0.9852216839790344, "acc_or": 0.9926108121871948, "sender_entropy": 1.2710299491882324, "receiver_entropy": 0.0, "original_loss": 0.09058838337659836, "mean_length": 6.0}
{"mode": "train", "epoch": 83, "loss": 6.176874319712321, "acc": 0.831629236539205, "acc_or": 0.9108945727348328, "sender_entropy": 1.1307726701100667, "receiver_entropy": 0.0, "original_loss": 0.27024134000142414, "mean_length": 6.0}
{"mode": "test", "epoch": 83, "loss": 4.511296272277832, "acc": 0.9704433083534241, "acc_or": 0.9852216839790344, "sender_entropy": 1.2708475589752197, "receiver_entropy": 0.0, "original_loss": 0.09252922236919403, "mean_length": 6.0}
{"mode": "train", "epoch": 84, "loss": 5.981724898020427, "acc": 0.8237623572349548, "acc_or": 0.9068282246589661, "sender_entropy": 1.1184018055597942, "receiver_entropy": 0.0, "original_loss": 0.27219198147455853, "mean_length": 6.0}
{"mode": "test", "epoch": 84, "loss": 4.32371187210083, "acc": 0.9605911374092102, "acc_or": 0.9802955389022827, "sender_entropy": 1.2509901523590088, "receiver_entropy": 0.0, "original_loss": 0.09725278615951538, "mean_length": 6.0}
{"mode": "train", "epoch": 85, "loss": 5.987006505330403, "acc": 0.8368597229321798, "acc_or": 0.9141202370325724, "sender_entropy": 1.1149927377700806, "receiver_entropy": 0.0, "original_loss": 0.26079055666923523, "mean_length": 6.0}
{"mode": "test", "epoch": 85, "loss": 4.444397926330566, "acc": 0.9605911374092102, "acc_or": 0.9802955389022827, "sender_entropy": 1.278040885925293, "receiver_entropy": 0.0, "original_loss": 0.1017698422074318, "mean_length": 6.0}
{"mode": "train", "epoch": 86, "loss": 5.90532922744751, "acc": 0.8253913124402364, "acc_or": 0.9070178469022115, "sender_entropy": 1.1340514421463013, "receiver_entropy": 0.0, "original_loss": 0.27843034267425537, "mean_length": 6.0}
{"mode": "test", "epoch": 86, "loss": 4.49684476852417, "acc": 0.9802955389022827, "acc_or": 0.9901477694511414, "sender_entropy": 1.2870255708694458, "receiver_entropy": 0.0, "original_loss": 0.07988172024488449, "mean_length": 6.0}
{"mode": "train", "epoch": 87, "loss": 5.921116352081299, "acc": 0.8301499684651693, "acc_or": 0.9108331402142843, "sender_entropy": 1.1445151567459106, "receiver_entropy": 0.0, "original_loss": 0.2661080062389374, "mean_length": 6.0}
{"mode": "test", "epoch": 87, "loss": 4.5848388671875, "acc": 0.9901477694511414, "acc_or": 0.9950738549232483, "sender_entropy": 1.3061596155166626, "receiver_entropy": 0.0, "original_loss": 0.07237540185451508, "mean_length": 6.0}
{"mode": "train", "epoch": 88, "loss": 5.861253261566162, "acc": 0.8199212153752645, "acc_or": 0.9048724174499512, "sender_entropy": 1.160406510035197, "receiver_entropy": 0.0, "original_loss": 0.27959567308425903, "mean_length": 6.0}
{"mode": "test", "epoch": 88, "loss": 4.512303829193115, "acc": 0.9704433083534241, "acc_or": 0.9852216839790344, "sender_entropy": 1.3093338012695312, "receiver_entropy": 0.0, "original_loss": 0.08266057819128036, "mean_length": 6.0}
{"mode": "train", "epoch": 89, "loss": 5.83421262105306, "acc": 0.8292479117711385, "acc_or": 0.9096062382062277, "sender_entropy": 1.1572902997334797, "receiver_entropy": 0.0, "original_loss": 0.2660956084728241, "mean_length": 6.0}
{"mode": "test", "epoch": 89, "loss": 4.479435443878174, "acc": 0.9852216839790344, "acc_or": 0.9926108121871948, "sender_entropy": 1.3011959791183472, "receiver_entropy": 0.0, "original_loss": 0.07399874180555344, "mean_length": 6.0}
{"mode": "train", "epoch": 90, "loss": 5.833688735961914, "acc": 0.8416431943575541, "acc_or": 0.9170381824175516, "sender_entropy": 1.1478288968404133, "receiver_entropy": 0.0, "original_loss": 0.24893702566623688, "mean_length": 6.0}
{"mode": "test", "epoch": 90, "loss": 4.3664045333862305, "acc": 0.9852216839790344, "acc_or": 0.9926108121871948, "sender_entropy": 1.2849515676498413, "receiver_entropy": 0.0, "original_loss": 0.07282599061727524, "mean_length": 6.0}
{"mode": "train", "epoch": 91, "loss": 5.725610256195068, "acc": 0.8351589639981588, "acc_or": 0.9126530687014262, "sender_entropy": 1.140970508257548, "receiver_entropy": 0.0, "original_loss": 0.2527650445699692, "mean_length": 6.0}
{"mode": "test", "epoch": 91, "loss": 4.365100860595703, "acc": 0.9852216839790344, "acc_or": 0.9926108121871948, "sender_entropy": 1.2812079191207886, "receiver_entropy": 0.0, "original_loss": 0.06176874041557312, "mean_length": 6.0}
{"mode": "train", "epoch": 92, "loss": 5.599476973215739, "acc": 0.8294915358225504, "acc_or": 0.9091954827308655, "sender_entropy": 1.1402055025100708, "receiver_entropy": 0.0, "original_loss": 0.25875656803448993, "mean_length": 6.0}
{"mode": "test", "epoch": 92, "loss": 4.2783002853393555, "acc": 0.9704433083534241, "acc_or": 0.9852216839790344, "sender_entropy": 1.2761777639389038, "receiver_entropy": 0.0, "original_loss": 0.07110939174890518, "mean_length": 6.0}
{"mode": "train", "epoch": 93, "loss": 5.555466810862224, "acc": 0.833157499631246, "acc_or": 0.9123956362406412, "sender_entropy": 1.1388425827026367, "receiver_entropy": 0.0, "original_loss": 0.2497143397728602, "mean_length": 6.0}
{"mode": "test", "epoch": 93, "loss": 4.184744358062744, "acc": 0.9655172228813171, "acc_or": 0.9827585816383362, "sender_entropy": 1.2719335556030273, "receiver_entropy": 0.0, "original_loss": 0.0735178217291832, "mean_length": 6.0}
{"mode": "train", "epoch": 94, "loss": 5.586117267608643, "acc": 0.8515645464261373, "acc_or": 0.9220468401908875, "sender_entropy": 1.1293025811513264, "receiver_entropy": 0.0, "original_loss": 0.23373058438301086, "mean_length": 6.0}
{"mode": "test", "epoch": 94, "loss": 4.192957878112793, "acc": 0.9802955389022827, "acc_or": 0.9901477694511414, "sender_entropy": 1.2661559581756592, "receiver_entropy": 0.0, "original_loss": 0.059086304157972336, "mean_length": 6.0}
{"mode": "train", "epoch": 95, "loss": 5.528514544169108, "acc": 0.8594260215759277, "acc_or": 0.9256040652592977, "sender_entropy": 1.1205737988154094, "receiver_entropy": 0.0, "original_loss": 0.22396612664063772, "mean_length": 6.0}
{"mode": "test", "epoch": 95, "loss": 4.164285659790039, "acc": 0.9901477694511414, "acc_or": 0.9950738549232483, "sender_entropy": 1.2639878988265991, "receiver_entropy": 0.0, "original_loss": 0.05862458422780037, "mean_length": 6.0}
{"mode": "train", "epoch": 96, "loss": 5.477373441060384, "acc": 0.8605274359385172, "acc_or": 0.9267263015111288, "sender_entropy": 1.1175768772761028, "receiver_entropy": 0.0, "original_loss": 0.22068040072917938, "mean_length": 6.0}
{"mode": "test", "epoch": 96, "loss": 4.143697738647461, "acc": 0.9950738549232483, "acc_or": 0.9975369572639465, "sender_entropy": 1.266357183456421, "receiver_entropy": 0.0, "original_loss": 0.054993655532598495, "mean_length": 6.0}
{"mode": "train", "epoch": 97, "loss": 5.374560674031575, "acc": 0.8501624464988708, "acc_or": 0.9208212693532308, "sender_entropy": 1.1174079179763794, "receiver_entropy": 0.0, "original_loss": 0.22875664134820303, "mean_length": 6.0}
{"mode": "test", "epoch": 97, "loss": 4.138894081115723, "acc": 0.9852216839790344, "acc_or": 0.9926108121871948, "sender_entropy": 1.2773913145065308, "receiver_entropy": 0.0, "original_loss": 0.05812755599617958, "mean_length": 6.0}
{"mode": "train", "epoch": 98, "loss": 5.3232723871866865, "acc": 0.8531887729962667, "acc_or": 0.9229774276415507, "sender_entropy": 1.1258934338887532, "receiver_entropy": 0.0, "original_loss": 0.22964106996854147, "mean_length": 6.0}
{"mode": "test", "epoch": 98, "loss": 4.13996696472168, "acc": 0.9950738549232483, "acc_or": 0.9975369572639465, "sender_entropy": 1.2772495746612549, "receiver_entropy": 0.0, "original_loss": 0.05497199296951294, "mean_length": 6.0}
{"mode": "train", "epoch": 99, "loss": 5.192540168762207, "acc": 0.8501886129379272, "acc_or": 0.9202809929847717, "sender_entropy": 1.1276859442392986, "receiver_entropy": 0.0, "original_loss": 0.23522941768169403, "mean_length": 6.0}
{"mode": "test", "epoch": 99, "loss": 4.0383758544921875, "acc": 0.9655172228813171, "acc_or": 0.9827585816383362, "sender_entropy": 1.275822401046753, "receiver_entropy": 0.0, "original_loss": 0.063090018928051, "mean_length": 6.0}
{"mode": "train", "epoch": 100, "loss": 5.228705724080403, "acc": 0.8598710099856058, "acc_or": 0.9259685476620992, "sender_entropy": 1.1202929019927979, "receiver_entropy": 0.0, "original_loss": 0.2179410308599472, "mean_length": 6.0}
{"mode": "test", "epoch": 100, "loss": 3.9799206256866455, "acc": 0.9950738549232483, "acc_or": 0.9975369572639465, "sender_entropy": 1.257002592086792, "receiver_entropy": 0.0, "original_loss": 0.04843410477042198, "mean_length": 6.0}
{"mode": "train", "epoch": 101, "loss": 5.1343003908793134, "acc": 0.8589340647061666, "acc_or": 0.9251238505045573, "sender_entropy": 1.1197922229766846, "receiver_entropy": 0.0, "original_loss": 0.22449267407258353, "mean_length": 6.0}
{"mode": "test", "epoch": 101, "loss": 3.9237520694732666, "acc": 0.9950738549232483, "acc_or": 0.9975369572639465, "sender_entropy": 1.2605071067810059, "receiver_entropy": 0.0, "original_loss": 0.054069940000772476, "mean_length": 6.0}
{"mode": "train", "epoch": 102, "loss": 5.2124738693237305, "acc": 0.8696373105049133, "acc_or": 0.9319413503011068, "sender_entropy": 1.1192837953567505, "receiver_entropy": 0.0, "original_loss": 0.20881071190039316, "mean_length": 6.0}
{"mode": "test", "epoch": 102, "loss": 3.8410227298736572, "acc": 1.0, "acc_or": 1.0, "sender_entropy": 1.2461105585098267, "receiver_entropy": 0.0, "original_loss": 0.0419568195939064, "mean_length": 6.0}
{"epoch": 102, "positional_disent": 0.05669843778014183, "bag_of_symbol_disent": 0.18400909006595612, "topographic_sim": 0.27139868405353584}
{"generalization hold out": {"acc": 1.0, "acc_or": 1.0}, "uniform holdout": {"acc": 0.5909091234207153, "acc_or": 0.7954545617103577}, "epoch": 102}
---End--
