nohup: ignoring input
{"mode": "train", "epoch": 1, "loss": -11.043146212895712, "acc": 0.003244469524361193, "acc_or": 0.06717206661899884, "sender_entropy": 2.3010146617889404, "receiver_entropy": 0.0, "original_loss": 2.7638030846913657, "mean_length": 6.0}
{"mode": "test", "epoch": 1, "loss": 1.8039896488189697, "acc": 0.004926108289510012, "acc_or": 0.06403940916061401, "sender_entropy": 2.299147129058838, "receiver_entropy": 0.0, "original_loss": 2.748213291168213, "mean_length": 6.0}
{"mode": "train", "epoch": 2, "loss": 1.8928076426188152, "acc": 0.005062016813705365, "acc_or": 0.0727341075738271, "sender_entropy": 2.2989516258239746, "receiver_entropy": 0.0, "original_loss": 2.737073024113973, "mean_length": 6.0}
{"mode": "test", "epoch": 2, "loss": 1.9112881422042847, "acc": 0.004926108289510012, "acc_or": 0.07881773263216019, "sender_entropy": 2.298851490020752, "receiver_entropy": 0.0, "original_loss": 2.724837303161621, "mean_length": 6.0}
{"mode": "train", "epoch": 3, "loss": 1.9774039189020793, "acc": 0.004926439141854644, "acc_or": 0.07526880751053493, "sender_entropy": 2.299025535583496, "receiver_entropy": 0.0, "original_loss": 2.716701030731201, "mean_length": 6.0}
{"mode": "test", "epoch": 3, "loss": 1.9367270469665527, "acc": 0.004926108289510012, "acc_or": 0.08128079026937485, "sender_entropy": 2.2994863986968994, "receiver_entropy": 0.0, "original_loss": 2.710698127746582, "mean_length": 6.0}
{"mode": "train", "epoch": 4, "loss": 1.9280622402826946, "acc": 0.005405659476915996, "acc_or": 0.06930137674013774, "sender_entropy": 2.2997307777404785, "receiver_entropy": 0.0, "original_loss": 2.709726572036743, "mean_length": 6.0}
{"mode": "test", "epoch": 4, "loss": 2.0240612030029297, "acc": 0.014778325334191322, "acc_or": 0.10344827175140381, "sender_entropy": 2.300116539001465, "receiver_entropy": 0.0, "original_loss": 2.695617914199829, "mean_length": 6.0}
{"mode": "train", "epoch": 5, "loss": 1.8654820919036865, "acc": 0.0045230617591490345, "acc_or": 0.07383718589941661, "sender_entropy": 2.3003714084625244, "receiver_entropy": 0.0, "original_loss": 2.7076778411865234, "mean_length": 6.0}
{"mode": "test", "epoch": 5, "loss": 1.9778871536254883, "acc": 0.009852216579020023, "acc_or": 0.11330048739910126, "sender_entropy": 2.3004682064056396, "receiver_entropy": 0.0, "original_loss": 2.694061040878296, "mean_length": 6.0}
{"mode": "train", "epoch": 6, "loss": 1.817964792251587, "acc": 0.005689567265411218, "acc_or": 0.07449997464815776, "sender_entropy": 2.300695260365804, "receiver_entropy": 0.0, "original_loss": 2.7068326473236084, "mean_length": 6.0}
{"mode": "test", "epoch": 6, "loss": 2.1205084323883057, "acc": 0.019704433158040047, "acc_or": 0.13300491869449615, "sender_entropy": 2.300532817840576, "receiver_entropy": 0.0, "original_loss": 2.6786983013153076, "mean_length": 6.0}
{"mode": "train", "epoch": 7, "loss": 1.7862685918807983, "acc": 0.005233838222920895, "acc_or": 0.07532820850610733, "sender_entropy": 2.3007117907206216, "receiver_entropy": 0.0, "original_loss": 2.705942948659261, "mean_length": 6.0}
{"mode": "test", "epoch": 7, "loss": 2.211575984954834, "acc": 0.019704433158040047, "acc_or": 0.16995073854923248, "sender_entropy": 2.30047607421875, "receiver_entropy": 0.0, "original_loss": 2.6682958602905273, "mean_length": 6.0}
{"mode": "train", "epoch": 8, "loss": 1.7629926602045696, "acc": 0.005559359056254228, "acc_or": 0.07569634914398193, "sender_entropy": 2.3005728721618652, "receiver_entropy": 0.0, "original_loss": 2.7052461306254068, "mean_length": 6.0}
{"mode": "test", "epoch": 8, "loss": 2.314774513244629, "acc": 0.029556650668382645, "acc_or": 0.16502462327480316, "sender_entropy": 2.3003334999084473, "receiver_entropy": 0.0, "original_loss": 2.6575214862823486, "mean_length": 6.0}
{"mode": "train", "epoch": 9, "loss": 1.749719778696696, "acc": 0.004736495980372031, "acc_or": 0.08004053930441539, "sender_entropy": 2.300410509109497, "receiver_entropy": 0.0, "original_loss": 2.704192797342936, "mean_length": 6.0}
{"mode": "test", "epoch": 9, "loss": 2.489365577697754, "acc": 0.03448275849223137, "acc_or": 0.18965516984462738, "sender_entropy": 2.3001794815063477, "receiver_entropy": 0.0, "original_loss": 2.6412997245788574, "mean_length": 6.0}
{"mode": "train", "epoch": 10, "loss": 1.7383726437886555, "acc": 0.005796284570048253, "acc_or": 0.07947608083486557, "sender_entropy": 2.300255616505941, "receiver_entropy": 0.0, "original_loss": 2.703324317932129, "mean_length": 6.0}
{"mode": "test", "epoch": 10, "loss": 2.708174467086792, "acc": 0.029556650668382645, "acc_or": 0.1822660118341446, "sender_entropy": 2.299970865249634, "receiver_entropy": 0.0, "original_loss": 2.6214027404785156, "mean_length": 6.0}
{"mode": "train", "epoch": 11, "loss": 1.7298736969629924, "acc": 0.004819721914827824, "acc_or": 0.08120335638523102, "sender_entropy": 2.2999748388926187, "receiver_entropy": 0.0, "original_loss": 2.7024593353271484, "mean_length": 6.0}
{"mode": "test", "epoch": 11, "loss": 2.9511022567749023, "acc": 0.029556650668382645, "acc_or": 0.22660097479820251, "sender_entropy": 2.299513101577759, "receiver_entropy": 0.0, "original_loss": 2.5995078086853027, "mean_length": 6.0}
{"mode": "train", "epoch": 12, "loss": 1.733418583869934, "acc": 0.008579655550420284, "acc_or": 0.08658720056215923, "sender_entropy": 2.2993266582489014, "receiver_entropy": 0.0, "original_loss": 2.700714190800985, "mean_length": 6.0}
{"mode": "test", "epoch": 12, "loss": 3.1755828857421875, "acc": 0.019704433158040047, "acc_or": 0.22906403243541718, "sender_entropy": 2.2983758449554443, "receiver_entropy": 0.0, "original_loss": 2.5777220726013184, "mean_length": 6.0}
{"mode": "train", "epoch": 13, "loss": 1.755028525988261, "acc": 0.007329923876871665, "acc_or": 0.0874815434217453, "sender_entropy": 2.2977829774220786, "receiver_entropy": 0.0, "original_loss": 2.697563648223877, "mean_length": 6.0}
{"mode": "test", "epoch": 13, "loss": 3.4662423133850098, "acc": 0.03448275849223137, "acc_or": 0.26847290992736816, "sender_entropy": 2.2954506874084473, "receiver_entropy": 0.0, "original_loss": 2.547166585922241, "mean_length": 6.0}
{"mode": "train", "epoch": 14, "loss": 1.7871344486872356, "acc": 0.006358730761955182, "acc_or": 0.09543096522490184, "sender_entropy": 2.2937134901682534, "receiver_entropy": 0.0, "original_loss": 2.6931803226470947, "mean_length": 6.0}
{"mode": "test", "epoch": 14, "loss": 3.710824966430664, "acc": 0.019704433158040047, "acc_or": 0.22906403243541718, "sender_entropy": 2.287341833114624, "receiver_entropy": 0.0, "original_loss": 2.514097213745117, "mean_length": 6.0}
{"mode": "train", "epoch": 15, "loss": 1.9587282339731853, "acc": 0.011131470402081808, "acc_or": 0.11015960822502772, "sender_entropy": 2.281620661417643, "receiver_entropy": 0.0, "original_loss": 2.676386515299479, "mean_length": 6.0}
{"mode": "test", "epoch": 15, "loss": 4.046554088592529, "acc": 0.029556650668382645, "acc_or": 0.21921181678771973, "sender_entropy": 2.258635997772217, "receiver_entropy": 0.0, "original_loss": 2.455847978591919, "mean_length": 6.0}
{"mode": "train", "epoch": 16, "loss": 2.512542168299357, "acc": 0.015347133080164591, "acc_or": 0.13954709470272064, "sender_entropy": 2.232810894648234, "receiver_entropy": 0.0, "original_loss": 2.6223791440327964, "mean_length": 6.0}
{"mode": "test", "epoch": 16, "loss": 4.362182140350342, "acc": 0.014778325334191322, "acc_or": 0.20935960114002228, "sender_entropy": 2.1772379875183105, "receiver_entropy": 0.0, "original_loss": 2.3633010387420654, "mean_length": 6.0}
{"mode": "train", "epoch": 17, "loss": 3.607994238535563, "acc": 0.020456132168571155, "acc_or": 0.17530069251855215, "sender_entropy": 2.1382083098093667, "receiver_entropy": 0.0, "original_loss": 2.5011327266693115, "mean_length": 6.0}
{"mode": "test", "epoch": 17, "loss": 4.06491231918335, "acc": 0.019704433158040047, "acc_or": 0.2142857164144516, "sender_entropy": 2.062819480895996, "receiver_entropy": 0.0, "original_loss": 2.2974746227264404, "mean_length": 6.0}
{"mode": "train", "epoch": 18, "loss": 4.670755386352539, "acc": 0.029006927584608395, "acc_or": 0.21106939017772675, "sender_entropy": 2.022235115369161, "receiver_entropy": 0.0, "original_loss": 2.3577195008595786, "mean_length": 6.0}
{"mode": "test", "epoch": 18, "loss": 4.047144889831543, "acc": 0.03448275849223137, "acc_or": 0.2610837519168854, "sender_entropy": 1.9697000980377197, "receiver_entropy": 0.0, "original_loss": 2.242243528366089, "mean_length": 6.0}
{"mode": "train", "epoch": 19, "loss": 5.205323378245036, "acc": 0.03577776129047076, "acc_or": 0.2270225981871287, "sender_entropy": 1.9572644233703613, "receiver_entropy": 0.0, "original_loss": 2.2672897974650064, "mean_length": 6.0}
{"mode": "test", "epoch": 19, "loss": 4.388216018676758, "acc": 0.03448275849223137, "acc_or": 0.28817734122276306, "sender_entropy": 1.9985764026641846, "receiver_entropy": 0.0, "original_loss": 2.172743320465088, "mean_length": 6.0}
{"mode": "train", "epoch": 20, "loss": 5.444525082906087, "acc": 0.041925071428219475, "acc_or": 0.24530276656150818, "sender_entropy": 1.9521675109863281, "receiver_entropy": 0.0, "original_loss": 2.2133572101593018, "mean_length": 6.0}
{"mode": "test", "epoch": 20, "loss": 4.623880386352539, "acc": 0.04433497413992882, "acc_or": 0.32758620381355286, "sender_entropy": 1.9429785013198853, "receiver_entropy": 0.0, "original_loss": 2.0892043113708496, "mean_length": 6.0}
{"mode": "train", "epoch": 21, "loss": 5.899293581644694, "acc": 0.047395834078391395, "acc_or": 0.269231915473938, "sender_entropy": 1.876622160275777, "receiver_entropy": 0.0, "original_loss": 2.131386677424113, "mean_length": 6.0}
{"mode": "test", "epoch": 21, "loss": 5.282991886138916, "acc": 0.05911330133676529, "acc_or": 0.32758620381355286, "sender_entropy": 1.8949488401412964, "receiver_entropy": 0.0, "original_loss": 1.9419580698013306, "mean_length": 6.0}
{"mode": "train", "epoch": 22, "loss": 6.4804487228393555, "acc": 0.058042713751395546, "acc_or": 0.29475844899813336, "sender_entropy": 1.8285159667332966, "receiver_entropy": 0.0, "original_loss": 2.036436359087626, "mean_length": 6.0}
{"mode": "test", "epoch": 22, "loss": 5.264772415161133, "acc": 0.04433497413992882, "acc_or": 0.3300492465496063, "sender_entropy": 1.832185983657837, "receiver_entropy": 0.0, "original_loss": 1.8711893558502197, "mean_length": 6.0}
{"mode": "train", "epoch": 23, "loss": 6.8854695955912275, "acc": 0.07151055335998535, "acc_or": 0.3214753270149231, "sender_entropy": 1.7559565305709839, "receiver_entropy": 0.0, "original_loss": 1.931633472442627, "mean_length": 6.0}
{"mode": "test", "epoch": 23, "loss": 5.369604110717773, "acc": 0.04433497413992882, "acc_or": 0.3374384045600891, "sender_entropy": 1.7708930969238281, "receiver_entropy": 0.0, "original_loss": 1.7779898643493652, "mean_length": 6.0}
{"mode": "train", "epoch": 24, "loss": 7.2368958791097, "acc": 0.08810003350178401, "acc_or": 0.3418066104253133, "sender_entropy": 1.6903396447499592, "receiver_entropy": 0.0, "original_loss": 1.8402916590372722, "mean_length": 6.0}
{"mode": "test", "epoch": 24, "loss": 5.678693771362305, "acc": 0.08866994827985764, "acc_or": 0.39162561297416687, "sender_entropy": 1.7462929487228394, "receiver_entropy": 0.0, "original_loss": 1.677984356880188, "mean_length": 6.0}
{"mode": "train", "epoch": 25, "loss": 7.433298110961914, "acc": 0.09901605794827144, "acc_or": 0.3555412491162618, "sender_entropy": 1.6668451229731243, "receiver_entropy": 0.0, "original_loss": 1.7761444648106892, "mean_length": 6.0}
{"mode": "test", "epoch": 25, "loss": 5.8597025871276855, "acc": 0.11330048739910126, "acc_or": 0.39408865571022034, "sender_entropy": 1.7478729486465454, "receiver_entropy": 0.0, "original_loss": 1.6300562620162964, "mean_length": 6.0}
{"mode": "train", "epoch": 26, "loss": 7.511007626851399, "acc": 0.11142813414335251, "acc_or": 0.36307721336682636, "sender_entropy": 1.657765507698059, "receiver_entropy": 0.0, "original_loss": 1.7262343962987263, "mean_length": 6.0}
{"mode": "test", "epoch": 26, "loss": 5.932799339294434, "acc": 0.12807881832122803, "acc_or": 0.40640392899513245, "sender_entropy": 1.7371076345443726, "receiver_entropy": 0.0, "original_loss": 1.575703740119934, "mean_length": 6.0}
{"mode": "train", "epoch": 27, "loss": 7.67431656519572, "acc": 0.12009638299544652, "acc_or": 0.38700804114341736, "sender_entropy": 1.6431053479512532, "receiver_entropy": 0.0, "original_loss": 1.6716079711914062, "mean_length": 6.0}
{"mode": "test", "epoch": 27, "loss": 6.224288463592529, "acc": 0.13300491869449615, "acc_or": 0.4408867061138153, "sender_entropy": 1.722046136856079, "receiver_entropy": 0.0, "original_loss": 1.498742938041687, "mean_length": 6.0}
{"mode": "train", "epoch": 28, "loss": 7.649499734242757, "acc": 0.13077749560276666, "acc_or": 0.40034834543863934, "sender_entropy": 1.6166480382283528, "receiver_entropy": 0.0, "original_loss": 1.6253740390141804, "mean_length": 6.0}
{"mode": "test", "epoch": 28, "loss": 6.026267051696777, "acc": 0.13300491869449615, "acc_or": 0.43349751830101013, "sender_entropy": 1.674309492111206, "receiver_entropy": 0.0, "original_loss": 1.4608205556869507, "mean_length": 6.0}
{"mode": "train", "epoch": 29, "loss": 7.773057619730632, "acc": 0.14376611014207205, "acc_or": 0.4196433424949646, "sender_entropy": 1.5481849908828735, "receiver_entropy": 0.0, "original_loss": 1.5485291878382366, "mean_length": 6.0}
{"mode": "test", "epoch": 29, "loss": 6.119309425354004, "acc": 0.1625615805387497, "acc_or": 0.44581279158592224, "sender_entropy": 1.6067745685577393, "receiver_entropy": 0.0, "original_loss": 1.3669313192367554, "mean_length": 6.0}
{"mode": "train", "epoch": 30, "loss": 7.810152530670166, "acc": 0.16626396278540292, "acc_or": 0.4452158610026042, "sender_entropy": 1.4715592463811238, "receiver_entropy": 0.0, "original_loss": 1.4721967379252117, "mean_length": 6.0}
{"mode": "test", "epoch": 30, "loss": 5.87294864654541, "acc": 0.16748768091201782, "acc_or": 0.47044333815574646, "sender_entropy": 1.557303547859192, "receiver_entropy": 0.0, "original_loss": 1.3248499631881714, "mean_length": 6.0}
{"mode": "train", "epoch": 31, "loss": 7.773239930470784, "acc": 0.18230912586053213, "acc_or": 0.46527935067812604, "sender_entropy": 1.4299659729003906, "receiver_entropy": 0.0, "original_loss": 1.4158734877904255, "mean_length": 6.0}
{"mode": "test", "epoch": 31, "loss": 6.093850135803223, "acc": 0.23152709007263184, "acc_or": 0.5270935893058777, "sender_entropy": 1.545711636543274, "receiver_entropy": 0.0, "original_loss": 1.238215446472168, "mean_length": 6.0}
{"mode": "train", "epoch": 32, "loss": 7.834115346272786, "acc": 0.20593052605787912, "acc_or": 0.48750437299410504, "sender_entropy": 1.4340647061665852, "receiver_entropy": 0.0, "original_loss": 1.3750298817952473, "mean_length": 6.0}
{"mode": "test", "epoch": 32, "loss": 6.224911689758301, "acc": 0.23645320534706116, "acc_or": 0.5221675038337708, "sender_entropy": 1.5634876489639282, "receiver_entropy": 0.0, "original_loss": 1.1913241147994995, "mean_length": 6.0}
{"mode": "train", "epoch": 33, "loss": 7.78139861424764, "acc": 0.21571964025497437, "acc_or": 0.4956930677096049, "sender_entropy": 1.4530564149220784, "receiver_entropy": 0.0, "original_loss": 1.3534890015920003, "mean_length": 6.0}
{"mode": "test", "epoch": 33, "loss": 6.388734817504883, "acc": 0.29064038395881653, "acc_or": 0.5714285373687744, "sender_entropy": 1.5575647354125977, "receiver_entropy": 0.0, "original_loss": 1.1186673641204834, "mean_length": 6.0}
{"mode": "train", "epoch": 34, "loss": 7.790589650472005, "acc": 0.22544364631175995, "acc_or": 0.5033038854598999, "sender_entropy": 1.438535451889038, "receiver_entropy": 0.0, "original_loss": 1.3140486081441243, "mean_length": 6.0}
{"mode": "test", "epoch": 34, "loss": 6.184464454650879, "acc": 0.25123152136802673, "acc_or": 0.5566502213478088, "sender_entropy": 1.5259101390838623, "receiver_entropy": 0.0, "original_loss": 1.0841249227523804, "mean_length": 6.0}
{"mode": "train", "epoch": 35, "loss": 7.704203923543294, "acc": 0.2439238429069519, "acc_or": 0.5225468675295512, "sender_entropy": 1.4004089832305908, "receiver_entropy": 0.0, "original_loss": 1.264209270477295, "mean_length": 6.0}
{"mode": "test", "epoch": 35, "loss": 5.876447677612305, "acc": 0.3103448152542114, "acc_or": 0.5985221862792969, "sender_entropy": 1.4764118194580078, "receiver_entropy": 0.0, "original_loss": 1.0530890226364136, "mean_length": 6.0}
{"mode": "train", "epoch": 36, "loss": 7.734915256500244, "acc": 0.27667391300201416, "acc_or": 0.5487858653068542, "sender_entropy": 1.3582865397135417, "receiver_entropy": 0.0, "original_loss": 1.208284576733907, "mean_length": 6.0}
{"mode": "test", "epoch": 36, "loss": 5.933828830718994, "acc": 0.33497536182403564, "acc_or": 0.6133005023002625, "sender_entropy": 1.4655946493148804, "receiver_entropy": 0.0, "original_loss": 0.9997095465660095, "mean_length": 6.0}
{"mode": "train", "epoch": 37, "loss": 7.751850128173828, "acc": 0.28935715556144714, "acc_or": 0.562562088171641, "sender_entropy": 1.348544994990031, "receiver_entropy": 0.0, "original_loss": 1.1634960174560547, "mean_length": 6.0}
{"mode": "test", "epoch": 37, "loss": 6.108854293823242, "acc": 0.3694581091403961, "acc_or": 0.628078818321228, "sender_entropy": 1.4670863151550293, "receiver_entropy": 0.0, "original_loss": 0.9438014030456543, "mean_length": 6.0}
{"mode": "train", "epoch": 38, "loss": 7.663835207621257, "acc": 0.2983180383841197, "acc_or": 0.5676583449045817, "sender_entropy": 1.3456886609395344, "receiver_entropy": 0.0, "original_loss": 1.1355961561203003, "mean_length": 6.0}
{"mode": "test", "epoch": 38, "loss": 6.107132911682129, "acc": 0.39408865571022034, "acc_or": 0.6551724076271057, "sender_entropy": 1.4558417797088623, "receiver_entropy": 0.0, "original_loss": 0.8973625898361206, "mean_length": 6.0}
{"mode": "train", "epoch": 39, "loss": 7.6190236409505205, "acc": 0.3209736148516337, "acc_or": 0.585205594698588, "sender_entropy": 1.3084206581115723, "receiver_entropy": 0.0, "original_loss": 1.0932584206263225, "mean_length": 6.0}
{"mode": "test", "epoch": 39, "loss": 5.972684383392334, "acc": 0.43842363357543945, "acc_or": 0.6871920824050903, "sender_entropy": 1.417784333229065, "receiver_entropy": 0.0, "original_loss": 0.8528178930282593, "mean_length": 6.0}
{"mode": "train", "epoch": 40, "loss": 7.636741002400716, "acc": 0.3445822795232137, "acc_or": 0.6000574032465616, "sender_entropy": 1.2909172375996907, "receiver_entropy": 0.0, "original_loss": 1.0481992959976196, "mean_length": 6.0}
{"mode": "test", "epoch": 40, "loss": 5.787168025970459, "acc": 0.43842363357543945, "acc_or": 0.6822659969329834, "sender_entropy": 1.4061483144760132, "receiver_entropy": 0.0, "original_loss": 0.8592049479484558, "mean_length": 6.0}
{"mode": "train", "epoch": 41, "loss": 7.613785107930501, "acc": 0.3544183572133382, "acc_or": 0.6133416891098022, "sender_entropy": 1.276612361272176, "receiver_entropy": 0.0, "original_loss": 1.0160611073176067, "mean_length": 6.0}
{"mode": "test", "epoch": 41, "loss": 5.663903713226318, "acc": 0.4729064106941223, "acc_or": 0.7044335007667542, "sender_entropy": 1.386316180229187, "receiver_entropy": 0.0, "original_loss": 0.8114309906959534, "mean_length": 6.0}
{"mode": "train", "epoch": 42, "loss": 7.452107588450114, "acc": 0.37511881192525226, "acc_or": 0.6250399549802145, "sender_entropy": 1.2605218489964802, "receiver_entropy": 0.0, "original_loss": 0.9939969182014465, "mean_length": 6.0}
{"mode": "test", "epoch": 42, "loss": 5.783712863922119, "acc": 0.5024630427360535, "acc_or": 0.7192118167877197, "sender_entropy": 1.39083993434906, "receiver_entropy": 0.0, "original_loss": 0.7530512809753418, "mean_length": 6.0}
{"mode": "train", "epoch": 43, "loss": 7.439487139383952, "acc": 0.39217140277226764, "acc_or": 0.6394420464833578, "sender_entropy": 1.2571738163630168, "receiver_entropy": 0.0, "original_loss": 0.9570549329121908, "mean_length": 6.0}
{"mode": "test", "epoch": 43, "loss": 5.707516193389893, "acc": 0.4876847267150879, "acc_or": 0.7142857313156128, "sender_entropy": 1.3749220371246338, "receiver_entropy": 0.0, "original_loss": 0.7486448884010315, "mean_length": 6.0}
{"mode": "train", "epoch": 44, "loss": 7.328546206156413, "acc": 0.39834825197855633, "acc_or": 0.6464713215827942, "sender_entropy": 1.2315808137257893, "receiver_entropy": 0.0, "original_loss": 0.9340886473655701, "mean_length": 6.0}
{"mode": "test", "epoch": 44, "loss": 5.611185073852539, "acc": 0.5615763664245605, "acc_or": 0.7463054060935974, "sender_entropy": 1.3555018901824951, "receiver_entropy": 0.0, "original_loss": 0.7155206799507141, "mean_length": 6.0}
{"mode": "train", "epoch": 45, "loss": 7.350525379180908, "acc": 0.4233589867750804, "acc_or": 0.6626325647036234, "sender_entropy": 1.2259666919708252, "receiver_entropy": 0.0, "original_loss": 0.8961947957674662, "mean_length": 6.0}
{"mode": "test", "epoch": 45, "loss": 5.690781116485596, "acc": 0.5467979907989502, "acc_or": 0.7512314915657043, "sender_entropy": 1.349156379699707, "receiver_entropy": 0.0, "original_loss": 0.6621995568275452, "mean_length": 6.0}
{"mode": "train", "epoch": 46, "loss": 7.291277090708415, "acc": 0.4409162998199463, "acc_or": 0.6737324992815653, "sender_entropy": 1.2119332551956177, "receiver_entropy": 0.0, "original_loss": 0.8619405825932821, "mean_length": 6.0}
{"mode": "test", "epoch": 46, "loss": 5.592156410217285, "acc": 0.5763546824455261, "acc_or": 0.7758620381355286, "sender_entropy": 1.3354634046554565, "receiver_entropy": 0.0, "original_loss": 0.6377512216567993, "mean_length": 6.0}
{"mode": "train", "epoch": 47, "loss": 7.229432106018066, "acc": 0.45781854788462323, "acc_or": 0.6859516104062399, "sender_entropy": 1.1979182958602905, "receiver_entropy": 0.0, "original_loss": 0.8359894156455994, "mean_length": 6.0}
{"mode": "test", "epoch": 47, "loss": 5.441161155700684, "acc": 0.5911329984664917, "acc_or": 0.7733989953994751, "sender_entropy": 1.319838523864746, "receiver_entropy": 0.0, "original_loss": 0.6264101266860962, "mean_length": 6.0}
{"mode": "train", "epoch": 48, "loss": 7.219045797983806, "acc": 0.4760517477989197, "acc_or": 0.6965719858805338, "sender_entropy": 1.194452961285909, "receiver_entropy": 0.0, "original_loss": 0.8182748754819235, "mean_length": 6.0}
{"mode": "test", "epoch": 48, "loss": 5.522256374359131, "acc": 0.6502463221549988, "acc_or": 0.8103448152542114, "sender_entropy": 1.3247073888778687, "receiver_entropy": 0.0, "original_loss": 0.5812021493911743, "mean_length": 6.0}
{"mode": "train", "epoch": 49, "loss": 7.168069044748942, "acc": 0.49143511056900024, "acc_or": 0.7072450319925944, "sender_entropy": 1.1878543694814045, "receiver_entropy": 0.0, "original_loss": 0.7882272402445475, "mean_length": 6.0}
{"mode": "test", "epoch": 49, "loss": 5.517623424530029, "acc": 0.6502463221549988, "acc_or": 0.8128078579902649, "sender_entropy": 1.3226807117462158, "receiver_entropy": 0.0, "original_loss": 0.5495692491531372, "mean_length": 6.0}
{"mode": "train", "epoch": 50, "loss": 7.158112525939941, "acc": 0.5115328431129456, "acc_or": 0.72225288550059, "sender_entropy": 1.1802093187967937, "receiver_entropy": 0.0, "original_loss": 0.7519405881563822, "mean_length": 6.0}
{"mode": "test", "epoch": 50, "loss": 5.4367570877075195, "acc": 0.6699507236480713, "acc_or": 0.8201970458030701, "sender_entropy": 1.3011503219604492, "receiver_entropy": 0.0, "original_loss": 0.5242947936058044, "mean_length": 6.0}
{"mode": "train", "epoch": 51, "loss": 7.131936073303223, "acc": 0.521461566289266, "acc_or": 0.7274296681086222, "sender_entropy": 1.1688518524169922, "receiver_entropy": 0.0, "original_loss": 0.7321199774742126, "mean_length": 6.0}
{"mode": "test", "epoch": 51, "loss": 5.458135604858398, "acc": 0.6896551847457886, "acc_or": 0.8349753618240356, "sender_entropy": 1.2894892692565918, "receiver_entropy": 0.0, "original_loss": 0.47750401496887207, "mean_length": 6.0}
{"mode": "train", "epoch": 52, "loss": 6.956881205240886, "acc": 0.530754029750824, "acc_or": 0.7313063939412435, "sender_entropy": 1.171021858851115, "receiver_entropy": 0.0, "original_loss": 0.7246754964192709, "mean_length": 6.0}
{"mode": "test", "epoch": 52, "loss": 5.398826599121094, "acc": 0.7832512259483337, "acc_or": 0.8842364549636841, "sender_entropy": 1.2665647268295288, "receiver_entropy": 0.0, "original_loss": 0.4430012106895447, "mean_length": 6.0}
{"mode": "train", "epoch": 53, "loss": 6.900455951690674, "acc": 0.5584064920743307, "acc_or": 0.7486620346705118, "sender_entropy": 1.142937421798706, "receiver_entropy": 0.0, "original_loss": 0.6874303023020426, "mean_length": 6.0}
{"mode": "test", "epoch": 53, "loss": 4.908176898956299, "acc": 0.6995073556900024, "acc_or": 0.8349753618240356, "sender_entropy": 1.2344074249267578, "receiver_entropy": 0.0, "original_loss": 0.5007671117782593, "mean_length": 6.0}
{"mode": "train", "epoch": 54, "loss": 6.8436814943949384, "acc": 0.5759302576382955, "acc_or": 0.7601049145062765, "sender_entropy": 1.1193127234776814, "receiver_entropy": 0.0, "original_loss": 0.6555623809496561, "mean_length": 6.0}
{"mode": "test", "epoch": 54, "loss": 5.142300605773926, "acc": 0.7536945939064026, "acc_or": 0.8694581389427185, "sender_entropy": 1.2239232063293457, "receiver_entropy": 0.0, "original_loss": 0.40520966053009033, "mean_length": 6.0}
{"mode": "train", "epoch": 55, "loss": 6.838674863179524, "acc": 0.5924298167228699, "acc_or": 0.7729059457778931, "sender_entropy": 1.108911355336507, "receiver_entropy": 0.0, "original_loss": 0.6189781824747721, "mean_length": 6.0}
{"mode": "test", "epoch": 55, "loss": 5.116283416748047, "acc": 0.743842363357544, "acc_or": 0.8694581389427185, "sender_entropy": 1.2178674936294556, "receiver_entropy": 0.0, "original_loss": 0.3862997591495514, "mean_length": 6.0}
{"mode": "train", "epoch": 56, "loss": 6.782337347666423, "acc": 0.6048647165298462, "acc_or": 0.7789153456687927, "sender_entropy": 1.104313890139262, "receiver_entropy": 0.0, "original_loss": 0.6001933415730795, "mean_length": 6.0}
{"mode": "test", "epoch": 56, "loss": 5.062852382659912, "acc": 0.7832512259483337, "acc_or": 0.8866994976997375, "sender_entropy": 1.2187788486480713, "receiver_entropy": 0.0, "original_loss": 0.3717074692249298, "mean_length": 6.0}
{"mode": "train", "epoch": 57, "loss": 6.653682867685954, "acc": 0.6097374558448792, "acc_or": 0.7833202679951986, "sender_entropy": 1.099288026491801, "receiver_entropy": 0.0, "original_loss": 0.5939262509346008, "mean_length": 6.0}
{"mode": "test", "epoch": 57, "loss": 4.942399024963379, "acc": 0.807881772518158, "acc_or": 0.8965517282485962, "sender_entropy": 1.1970733404159546, "receiver_entropy": 0.0, "original_loss": 0.34327149391174316, "mean_length": 6.0}
{"mode": "train", "epoch": 58, "loss": 6.598851998647054, "acc": 0.6320963700612386, "acc_or": 0.7958870331446329, "sender_entropy": 1.0796678860982258, "receiver_entropy": 0.0, "original_loss": 0.5637742280960083, "mean_length": 6.0}
{"mode": "test", "epoch": 58, "loss": 4.780422210693359, "acc": 0.7980295419692993, "acc_or": 0.8990147709846497, "sender_entropy": 1.184268832206726, "receiver_entropy": 0.0, "original_loss": 0.33932414650917053, "mean_length": 6.0}
{"mode": "train", "epoch": 59, "loss": 6.518877347310384, "acc": 0.6364885369936625, "acc_or": 0.7990613579750061, "sender_entropy": 1.0810502767562866, "receiver_entropy": 0.0, "original_loss": 0.5562994281450907, "mean_length": 6.0}
{"mode": "test", "epoch": 59, "loss": 4.786472320556641, "acc": 0.807881772518158, "acc_or": 0.9039408564567566, "sender_entropy": 1.1907365322113037, "receiver_entropy": 0.0, "original_loss": 0.3221564292907715, "mean_length": 6.0}
{"mode": "train", "epoch": 60, "loss": 6.469833691914876, "acc": 0.6543499032656351, "acc_or": 0.8115593592325846, "sender_entropy": 1.0752333799997966, "receiver_entropy": 0.0, "original_loss": 0.53375643491745, "mean_length": 6.0}
{"mode": "test", "epoch": 60, "loss": 4.666537761688232, "acc": 0.8275861740112305, "acc_or": 0.9113300442695618, "sender_entropy": 1.1743885278701782, "receiver_entropy": 0.0, "original_loss": 0.30774176120758057, "mean_length": 6.0}
{"mode": "train", "epoch": 61, "loss": 6.430282910664876, "acc": 0.6720126072565714, "acc_or": 0.8210444251696268, "sender_entropy": 1.0590176979700725, "receiver_entropy": 0.0, "original_loss": 0.5101486047108968, "mean_length": 6.0}
{"mode": "test", "epoch": 61, "loss": 4.67387056350708, "acc": 0.8620689511299133, "acc_or": 0.9310344457626343, "sender_entropy": 1.1623514890670776, "receiver_entropy": 0.0, "original_loss": 0.2772255539894104, "mean_length": 6.0}
{"mode": "train", "epoch": 62, "loss": 6.4446695645650225, "acc": 0.682303766409556, "acc_or": 0.8260688781738281, "sender_entropy": 1.0602740844090779, "receiver_entropy": 0.0, "original_loss": 0.4898214439551036, "mean_length": 6.0}
{"mode": "test", "epoch": 62, "loss": 4.686241149902344, "acc": 0.871921181678772, "acc_or": 0.935960590839386, "sender_entropy": 1.1640682220458984, "receiver_entropy": 0.0, "original_loss": 0.2518981695175171, "mean_length": 6.0}
{"mode": "train", "epoch": 63, "loss": 6.383053461710612, "acc": 0.700620194276174, "acc_or": 0.8349666595458984, "sender_entropy": 1.062655250231425, "receiver_entropy": 0.0, "original_loss": 0.47528130809466046, "mean_length": 6.0}
{"mode": "test", "epoch": 63, "loss": 4.676695823669434, "acc": 0.8768472671508789, "acc_or": 0.935960590839386, "sender_entropy": 1.1750935316085815, "receiver_entropy": 0.0, "original_loss": 0.24139390885829926, "mean_length": 6.0}
{"mode": "train", "epoch": 64, "loss": 6.364616235097249, "acc": 0.7078561385472616, "acc_or": 0.8386967380841573, "sender_entropy": 1.0639076630274455, "receiver_entropy": 0.0, "original_loss": 0.4622835616270701, "mean_length": 6.0}
{"mode": "test", "epoch": 64, "loss": 4.656072616577148, "acc": 0.9211822748184204, "acc_or": 0.9605911374092102, "sender_entropy": 1.1666676998138428, "receiver_entropy": 0.0, "original_loss": 0.21961982548236847, "mean_length": 6.0}
{"mode": "train", "epoch": 65, "loss": 6.363271713256836, "acc": 0.7171284556388855, "acc_or": 0.8464454611142477, "sender_entropy": 1.0519006649653118, "receiver_entropy": 0.0, "original_loss": 0.43888625502586365, "mean_length": 6.0}
{"mode": "test", "epoch": 65, "loss": 4.533670425415039, "acc": 0.8817734122276306, "acc_or": 0.9408866763114929, "sender_entropy": 1.1560548543930054, "receiver_entropy": 0.0, "original_loss": 0.20985423028469086, "mean_length": 6.0}
{"mode": "train", "epoch": 66, "loss": 6.2177958488464355, "acc": 0.7325172026952108, "acc_or": 0.854115347067515, "sender_entropy": 1.0428983370463054, "receiver_entropy": 0.0, "original_loss": 0.4232440988222758, "mean_length": 6.0}
{"mode": "test", "epoch": 66, "loss": 4.471031188964844, "acc": 0.8965517282485962, "acc_or": 0.9482758641242981, "sender_entropy": 1.1458555459976196, "receiver_entropy": 0.0, "original_loss": 0.20751984417438507, "mean_length": 6.0}
{"mode": "train", "epoch": 67, "loss": 6.134180068969727, "acc": 0.7426815032958984, "acc_or": 0.8602455258369446, "sender_entropy": 1.0229190985361736, "receiver_entropy": 0.0, "original_loss": 0.4096699059009552, "mean_length": 6.0}
{"mode": "test", "epoch": 67, "loss": 4.319095134735107, "acc": 0.9162561297416687, "acc_or": 0.958128035068512, "sender_entropy": 1.115293264389038, "receiver_entropy": 0.0, "original_loss": 0.1962641030550003, "mean_length": 6.0}
{"mode": "train", "epoch": 68, "loss": 6.070058345794678, "acc": 0.7449111739794413, "acc_or": 0.8631453514099121, "sender_entropy": 1.0146482785542805, "receiver_entropy": 0.0, "original_loss": 0.39658722281455994, "mean_length": 6.0}
{"mode": "test", "epoch": 68, "loss": 4.3191022872924805, "acc": 0.9162561297416687, "acc_or": 0.958128035068512, "sender_entropy": 1.1275229454040527, "receiver_entropy": 0.0, "original_loss": 0.1733892410993576, "mean_length": 6.0}
{"mode": "train", "epoch": 69, "loss": 6.0913777351379395, "acc": 0.7556479771931967, "acc_or": 0.8685725132624308, "sender_entropy": 1.0254505475362141, "receiver_entropy": 0.0, "original_loss": 0.38097668687502545, "mean_length": 6.0}
{"mode": "test", "epoch": 69, "loss": 4.353142738342285, "acc": 0.9310344457626343, "acc_or": 0.9655172228813171, "sender_entropy": 1.1298751831054688, "receiver_entropy": 0.0, "original_loss": 0.16226735711097717, "mean_length": 6.0}
{"mode": "train", "epoch": 70, "loss": 5.939928372701009, "acc": 0.7523498137791952, "acc_or": 0.8670066396395365, "sender_entropy": 1.0265068610509236, "receiver_entropy": 0.0, "original_loss": 0.38670772314071655, "mean_length": 6.0}
{"mode": "test", "epoch": 70, "loss": 4.142889976501465, "acc": 0.9211822748184204, "acc_or": 0.958128035068512, "sender_entropy": 1.1099114418029785, "receiver_entropy": 0.0, "original_loss": 0.18194960057735443, "mean_length": 6.0}
{"mode": "train", "epoch": 71, "loss": 5.8858232498168945, "acc": 0.7655297120412191, "acc_or": 0.8728569547335306, "sender_entropy": 1.0130455493927002, "receiver_entropy": 0.0, "original_loss": 0.37124741077423096, "mean_length": 6.0}
{"mode": "test", "epoch": 71, "loss": 4.222799301147461, "acc": 0.9655172228813171, "acc_or": 0.9827585816383362, "sender_entropy": 1.1039224863052368, "receiver_entropy": 0.0, "original_loss": 0.14476880431175232, "mean_length": 6.0}
{"mode": "train", "epoch": 72, "loss": 5.796883424123128, "acc": 0.7712662617365519, "acc_or": 0.8772018353144327, "sender_entropy": 1.0071239868799846, "receiver_entropy": 0.0, "original_loss": 0.3637901246547699, "mean_length": 6.0}
{"mode": "test", "epoch": 72, "loss": 4.1737518310546875, "acc": 0.9655172228813171, "acc_or": 0.9827585816383362, "sender_entropy": 1.111258625984192, "receiver_entropy": 0.0, "original_loss": 0.1374855786561966, "mean_length": 6.0}
{"mode": "train", "epoch": 73, "loss": 5.81933069229126, "acc": 0.7773699561754862, "acc_or": 0.8803694446881613, "sender_entropy": 1.0110836029052734, "receiver_entropy": 0.0, "original_loss": 0.3519350190957387, "mean_length": 6.0}
{"mode": "test", "epoch": 73, "loss": 4.163052082061768, "acc": 0.9408866763114929, "acc_or": 0.9704433083534241, "sender_entropy": 1.1263339519500732, "receiver_entropy": 0.0, "original_loss": 0.14356842637062073, "mean_length": 6.0}
{"mode": "train", "epoch": 74, "loss": 5.777309417724609, "acc": 0.7743610541025797, "acc_or": 0.8789716958999634, "sender_entropy": 1.0288331508636475, "receiver_entropy": 0.0, "original_loss": 0.35552002986272174, "mean_length": 6.0}
{"mode": "test", "epoch": 74, "loss": 4.13182258605957, "acc": 0.9408866763114929, "acc_or": 0.9679802656173706, "sender_entropy": 1.122909426689148, "receiver_entropy": 0.0, "original_loss": 0.1406249850988388, "mean_length": 6.0}
{"mode": "train", "epoch": 75, "loss": 5.678946177164714, "acc": 0.7727274099985758, "acc_or": 0.8773581782976786, "sender_entropy": 1.0264424482981365, "receiver_entropy": 0.0, "original_loss": 0.3571320176124573, "mean_length": 6.0}
{"mode": "test", "epoch": 75, "loss": 4.11923360824585, "acc": 0.9605911374092102, "acc_or": 0.9802955389022827, "sender_entropy": 1.125114917755127, "receiver_entropy": 0.0, "original_loss": 0.12495502829551697, "mean_length": 6.0}
{"mode": "train", "epoch": 76, "loss": 5.672310034434001, "acc": 0.7939473390579224, "acc_or": 0.8888155420621237, "sender_entropy": 1.0238760709762573, "receiver_entropy": 0.0, "original_loss": 0.33132295807202655, "mean_length": 6.0}
{"mode": "test", "epoch": 76, "loss": 4.062190055847168, "acc": 0.9655172228813171, "acc_or": 0.9827585816383362, "sender_entropy": 1.1124235391616821, "receiver_entropy": 0.0, "original_loss": 0.11066865921020508, "mean_length": 6.0}
{"mode": "train", "epoch": 77, "loss": 5.583004951477051, "acc": 0.7932754755020142, "acc_or": 0.889293392499288, "sender_entropy": 1.0176262458165486, "receiver_entropy": 0.0, "original_loss": 0.33075567086537677, "mean_length": 6.0}
{"mode": "test", "epoch": 77, "loss": 4.020368576049805, "acc": 0.9655172228813171, "acc_or": 0.9827585816383362, "sender_entropy": 1.1054426431655884, "receiver_entropy": 0.0, "original_loss": 0.10286695510149002, "mean_length": 6.0}
{"mode": "train", "epoch": 78, "loss": 5.486946264902751, "acc": 0.793631891409556, "acc_or": 0.8893648783365885, "sender_entropy": 1.0098588069279988, "receiver_entropy": 0.0, "original_loss": 0.32793207963307697, "mean_length": 6.0}
{"mode": "test", "epoch": 78, "loss": 3.932255983352661, "acc": 0.9802955389022827, "acc_or": 0.9901477694511414, "sender_entropy": 1.0986213684082031, "receiver_entropy": 0.0, "original_loss": 0.09880994260311127, "mean_length": 6.0}
{"mode": "train", "epoch": 79, "loss": 5.418356577555339, "acc": 0.8074782689412435, "acc_or": 0.895832359790802, "sender_entropy": 1.0013774434725444, "receiver_entropy": 0.0, "original_loss": 0.31095947821935016, "mean_length": 6.0}
{"mode": "test", "epoch": 79, "loss": 3.860081672668457, "acc": 0.9802955389022827, "acc_or": 0.9901477694511414, "sender_entropy": 1.0871251821517944, "receiver_entropy": 0.0, "original_loss": 0.09712846577167511, "mean_length": 6.0}
{"mode": "train", "epoch": 80, "loss": 5.382750670115153, "acc": 0.8121697902679443, "acc_or": 0.9003302256266276, "sender_entropy": 0.9855465690294901, "receiver_entropy": 0.0, "original_loss": 0.30031882723172504, "mean_length": 6.0}
{"mode": "test", "epoch": 80, "loss": 3.7386505603790283, "acc": 0.9704433083534241, "acc_or": 0.9852216839790344, "sender_entropy": 1.0778759717941284, "receiver_entropy": 0.0, "original_loss": 0.10673171281814575, "mean_length": 6.0}
{"mode": "train", "epoch": 81, "loss": 5.380882740020752, "acc": 0.8261255820592245, "acc_or": 0.9072809418042501, "sender_entropy": 0.979992151260376, "receiver_entropy": 0.0, "original_loss": 0.2783629794915517, "mean_length": 6.0}
{"mode": "test", "epoch": 81, "loss": 3.654580593109131, "acc": 0.9605911374092102, "acc_or": 0.9802955389022827, "sender_entropy": 1.0647066831588745, "receiver_entropy": 0.0, "original_loss": 0.10416185110807419, "mean_length": 6.0}
{"mode": "train", "epoch": 82, "loss": 5.286534786224365, "acc": 0.8231925368309021, "acc_or": 0.9071292678515116, "sender_entropy": 0.9727635780970255, "receiver_entropy": 0.0, "original_loss": 0.27783218026161194, "mean_length": 6.0}
{"mode": "test", "epoch": 82, "loss": 3.682659149169922, "acc": 0.9802955389022827, "acc_or": 0.9901477694511414, "sender_entropy": 1.0663995742797852, "receiver_entropy": 0.0, "original_loss": 0.08800995349884033, "mean_length": 6.0}
{"mode": "train", "epoch": 83, "loss": 5.166414896647136, "acc": 0.8189513882001241, "acc_or": 0.9040727217992147, "sender_entropy": 0.9770604769388834, "receiver_entropy": 0.0, "original_loss": 0.2874550720055898, "mean_length": 6.0}
{"mode": "test", "epoch": 83, "loss": 3.64066481590271, "acc": 0.9802955389022827, "acc_or": 0.9901477694511414, "sender_entropy": 1.0592288970947266, "receiver_entropy": 0.0, "original_loss": 0.07772953063249588, "mean_length": 6.0}
{"mode": "train", "epoch": 84, "loss": 5.173810958862305, "acc": 0.8285693526268005, "acc_or": 0.909225344657898, "sender_entropy": 0.9725980758666992, "receiver_entropy": 0.0, "original_loss": 0.2724781632423401, "mean_length": 6.0}
{"mode": "test", "epoch": 84, "loss": 3.6640617847442627, "acc": 0.9802955389022827, "acc_or": 0.9901477694511414, "sender_entropy": 1.0698851346969604, "receiver_entropy": 0.0, "original_loss": 0.081990547478199, "mean_length": 6.0}
{"mode": "train", "epoch": 85, "loss": 5.133435249328613, "acc": 0.8183600703875223, "acc_or": 0.9035908182462057, "sender_entropy": 0.9849217335383097, "receiver_entropy": 0.0, "original_loss": 0.2849590480327606, "mean_length": 6.0}
{"mode": "test", "epoch": 85, "loss": 3.5995583534240723, "acc": 0.9655172228813171, "acc_or": 0.9827585816383362, "sender_entropy": 1.080402135848999, "receiver_entropy": 0.0, "original_loss": 0.08689579367637634, "mean_length": 6.0}
{"mode": "train", "epoch": 86, "loss": 5.046483993530273, "acc": 0.8200111587842306, "acc_or": 0.9034985105196635, "sender_entropy": 0.9970804254213969, "receiver_entropy": 0.0, "original_loss": 0.28169357776641846, "mean_length": 6.0}
{"mode": "test", "epoch": 86, "loss": 3.666908025741577, "acc": 0.9753694534301758, "acc_or": 0.9876847267150879, "sender_entropy": 1.097156047821045, "receiver_entropy": 0.0, "original_loss": 0.0778588354587555, "mean_length": 6.0}
{"mode": "train", "epoch": 87, "loss": 5.020641167958577, "acc": 0.8226589560508728, "acc_or": 0.9059329032897949, "sender_entropy": 0.9951053857803345, "receiver_entropy": 0.0, "original_loss": 0.2778988480567932, "mean_length": 6.0}
{"mode": "test", "epoch": 87, "loss": 3.5479307174682617, "acc": 0.9655172228813171, "acc_or": 0.9827585816383362, "sender_entropy": 1.085289716720581, "receiver_entropy": 0.0, "original_loss": 0.09469688683748245, "mean_length": 6.0}
{"mode": "train", "epoch": 88, "loss": 5.076904296875, "acc": 0.837856392065684, "acc_or": 0.914251446723938, "sender_entropy": 0.988711416721344, "receiver_entropy": 0.0, "original_loss": 0.2533724457025528, "mean_length": 6.0}
{"mode": "test", "epoch": 88, "loss": 3.5719685554504395, "acc": 0.9852216839790344, "acc_or": 0.9926108121871948, "sender_entropy": 1.0824452638626099, "receiver_entropy": 0.0, "original_loss": 0.07222851365804672, "mean_length": 6.0}
{"mode": "train", "epoch": 89, "loss": 5.012945969899495, "acc": 0.8379517197608948, "acc_or": 0.9141769409179688, "sender_entropy": 0.9813480575879415, "receiver_entropy": 0.0, "original_loss": 0.25226906935373944, "mean_length": 6.0}
{"mode": "test", "epoch": 89, "loss": 3.5029146671295166, "acc": 0.9901477694511414, "acc_or": 0.9950738549232483, "sender_entropy": 1.0716419219970703, "receiver_entropy": 0.0, "original_loss": 0.07195892930030823, "mean_length": 6.0}
{"mode": "train", "epoch": 90, "loss": 4.979816277821858, "acc": 0.8403156201044718, "acc_or": 0.9161166548728943, "sender_entropy": 0.9792078336079916, "receiver_entropy": 0.0, "original_loss": 0.24702661236127219, "mean_length": 6.0}
{"mode": "test", "epoch": 90, "loss": 3.4993138313293457, "acc": 0.9950738549232483, "acc_or": 0.9975369572639465, "sender_entropy": 1.0719660520553589, "receiver_entropy": 0.0, "original_loss": 0.059949036687612534, "mean_length": 6.0}
{"mode": "train", "epoch": 91, "loss": 4.866137663523356, "acc": 0.8441023627916971, "acc_or": 0.9180634021759033, "sender_entropy": 0.9841418862342834, "receiver_entropy": 0.0, "original_loss": 0.242902139822642, "mean_length": 6.0}
{"mode": "test", "epoch": 91, "loss": 3.4613053798675537, "acc": 0.9852216839790344, "acc_or": 0.9926108121871948, "sender_entropy": 1.0852620601654053, "receiver_entropy": 0.0, "original_loss": 0.0714360773563385, "mean_length": 6.0}
{"mode": "train", "epoch": 92, "loss": 4.8514407475789385, "acc": 0.8507148027420044, "acc_or": 0.9207719365755717, "sender_entropy": 0.98725825548172, "receiver_entropy": 0.0, "original_loss": 0.24118882914384207, "mean_length": 6.0}
{"mode": "test", "epoch": 92, "loss": 3.453773260116577, "acc": 0.9950738549232483, "acc_or": 0.9975369572639465, "sender_entropy": 1.0798957347869873, "receiver_entropy": 0.0, "original_loss": 0.06063016876578331, "mean_length": 6.0}
{"mode": "train", "epoch": 93, "loss": 4.853474140167236, "acc": 0.8501718441645304, "acc_or": 0.9205031394958496, "sender_entropy": 0.990290105342865, "receiver_entropy": 0.0, "original_loss": 0.23481732606887817, "mean_length": 6.0}
{"mode": "test", "epoch": 93, "loss": 3.422403335571289, "acc": 0.9901477694511414, "acc_or": 0.9950738549232483, "sender_entropy": 1.0791510343551636, "receiver_entropy": 0.0, "original_loss": 0.058077819645404816, "mean_length": 6.0}
{"mode": "train", "epoch": 94, "loss": 4.7610422770182295, "acc": 0.8550277948379517, "acc_or": 0.9230730533599854, "sender_entropy": 0.9822159012158712, "receiver_entropy": 0.0, "original_loss": 0.23273853957653046, "mean_length": 6.0}
{"mode": "test", "epoch": 94, "loss": 3.3475098609924316, "acc": 0.9901477694511414, "acc_or": 0.9950738549232483, "sender_entropy": 1.0652199983596802, "receiver_entropy": 0.0, "original_loss": 0.053801704198122025, "mean_length": 6.0}
{"mode": "train", "epoch": 95, "loss": 4.746272722880046, "acc": 0.8614523013432821, "acc_or": 0.9262980818748474, "sender_entropy": 0.9763295451800028, "receiver_entropy": 0.0, "original_loss": 0.2214000125726064, "mean_length": 6.0}
{"mode": "test", "epoch": 95, "loss": 3.265923261642456, "acc": 0.9901477694511414, "acc_or": 0.9950738549232483, "sender_entropy": 1.0606770515441895, "receiver_entropy": 0.0, "original_loss": 0.054831936955451965, "mean_length": 6.0}
{"mode": "train", "epoch": 96, "loss": 4.616502602895101, "acc": 0.8571077982584635, "acc_or": 0.9239892363548279, "sender_entropy": 0.9710067510604858, "receiver_entropy": 0.0, "original_loss": 0.2281490514675776, "mean_length": 6.0}
{"mode": "test", "epoch": 96, "loss": 3.2844364643096924, "acc": 0.9852216839790344, "acc_or": 0.9926108121871948, "sender_entropy": 1.0699577331542969, "receiver_entropy": 0.0, "original_loss": 0.051120586693286896, "mean_length": 6.0}
{"mode": "train", "epoch": 97, "loss": 4.706958770751953, "acc": 0.8572681943575541, "acc_or": 0.9254846175511678, "sender_entropy": 0.975632111231486, "receiver_entropy": 0.0, "original_loss": 0.21723813315232596, "mean_length": 6.0}
{"mode": "test", "epoch": 97, "loss": 3.2165536880493164, "acc": 0.9852216839790344, "acc_or": 0.9926108121871948, "sender_entropy": 1.0626444816589355, "receiver_entropy": 0.0, "original_loss": 0.05301997810602188, "mean_length": 6.0}
{"mode": "train", "epoch": 98, "loss": 4.584513346354167, "acc": 0.8655028541882833, "acc_or": 0.927801509698232, "sender_entropy": 0.9760074019432068, "receiver_entropy": 0.0, "original_loss": 0.22023574014504751, "mean_length": 6.0}
{"mode": "test", "epoch": 98, "loss": 3.2296531200408936, "acc": 0.9802955389022827, "acc_or": 0.9901477694511414, "sender_entropy": 1.0694844722747803, "receiver_entropy": 0.0, "original_loss": 0.056270722299814224, "mean_length": 6.0}
{"mode": "train", "epoch": 99, "loss": 4.595767656962077, "acc": 0.8625114361445109, "acc_or": 0.927892804145813, "sender_entropy": 0.9812824924786886, "receiver_entropy": 0.0, "original_loss": 0.2160310298204422, "mean_length": 6.0}
{"mode": "test", "epoch": 99, "loss": 3.1799561977386475, "acc": 0.9704433083534241, "acc_or": 0.9852216839790344, "sender_entropy": 1.0710262060165405, "receiver_entropy": 0.0, "original_loss": 0.05641903355717659, "mean_length": 6.0}
{"mode": "train", "epoch": 100, "loss": 4.535581747690837, "acc": 0.8681996464729309, "acc_or": 0.9293126463890076, "sender_entropy": 0.9775492747624716, "receiver_entropy": 0.0, "original_loss": 0.20848976075649261, "mean_length": 6.0}
{"mode": "test", "epoch": 100, "loss": 3.1723415851593018, "acc": 0.9950738549232483, "acc_or": 0.9975369572639465, "sender_entropy": 1.0631247758865356, "receiver_entropy": 0.0, "original_loss": 0.03991182520985603, "mean_length": 6.0}
{"mode": "train", "epoch": 101, "loss": 4.506515661875407, "acc": 0.8756282329559326, "acc_or": 0.9343146085739136, "sender_entropy": 0.9754815896352133, "receiver_entropy": 0.0, "original_loss": 0.20233074824015299, "mean_length": 6.0}
{"mode": "test", "epoch": 101, "loss": 3.188791036605835, "acc": 0.9802955389022827, "acc_or": 0.9901477694511414, "sender_entropy": 1.0665563344955444, "receiver_entropy": 0.0, "original_loss": 0.046511512249708176, "mean_length": 6.0}
{"mode": "train", "epoch": 102, "loss": 4.511102676391602, "acc": 0.880835235118866, "acc_or": 0.9371107618014017, "sender_entropy": 0.972557008266449, "receiver_entropy": 0.0, "original_loss": 0.1932401011387507, "mean_length": 6.0}
{"mode": "test", "epoch": 102, "loss": 3.128269672393799, "acc": 0.9753694534301758, "acc_or": 0.9876847267150879, "sender_entropy": 1.0710949897766113, "receiver_entropy": 0.0, "original_loss": 0.05847020447254181, "mean_length": 6.0}
{"mode": "train", "epoch": 103, "loss": 4.452914555867513, "acc": 0.8787968754768372, "acc_or": 0.9361358483632406, "sender_entropy": 0.9730415344238281, "receiver_entropy": 0.0, "original_loss": 0.19617400566736856, "mean_length": 6.0}
{"mode": "test", "epoch": 103, "loss": 3.098015546798706, "acc": 0.9852216839790344, "acc_or": 0.9926108121871948, "sender_entropy": 1.068036437034607, "receiver_entropy": 0.0, "original_loss": 0.044903744012117386, "mean_length": 6.0}
{"mode": "train", "epoch": 104, "loss": 4.471364498138428, "acc": 0.8825843334197998, "acc_or": 0.9380685091018677, "sender_entropy": 0.980328361193339, "receiver_entropy": 0.0, "original_loss": 0.19156792759895325, "mean_length": 6.0}
{"mode": "test", "epoch": 104, "loss": 3.1039321422576904, "acc": 0.9950738549232483, "acc_or": 0.9975369572639465, "sender_entropy": 1.0695570707321167, "receiver_entropy": 0.0, "original_loss": 0.03895583748817444, "mean_length": 6.0}
{"mode": "train", "epoch": 105, "loss": 4.391059875488281, "acc": 0.8741509715716044, "acc_or": 0.9337803522745768, "sender_entropy": 0.980223556359609, "receiver_entropy": 0.0, "original_loss": 0.19581898053487143, "mean_length": 6.0}
{"mode": "test", "epoch": 105, "loss": 3.078749179840088, "acc": 0.9901477694511414, "acc_or": 0.9950738549232483, "sender_entropy": 1.0714306831359863, "receiver_entropy": 0.0, "original_loss": 0.0383281446993351, "mean_length": 6.0}
{"mode": "train", "epoch": 106, "loss": 4.39185365041097, "acc": 0.8823380072911581, "acc_or": 0.9380638003349304, "sender_entropy": 0.9846167961756388, "receiver_entropy": 0.0, "original_loss": 0.1888610670963923, "mean_length": 6.0}
{"mode": "test", "epoch": 106, "loss": 3.0119669437408447, "acc": 1.0, "acc_or": 1.0, "sender_entropy": 1.0673495531082153, "receiver_entropy": 0.0, "original_loss": 0.04022339731454849, "mean_length": 6.0}
{"epoch": 106, "positional_disent": 0.10733907669782639, "bag_of_symbol_disent": 0.2719877362251282, "topographic_sim": 0.33483070721566455}
{"generalization hold out": {"acc": 1.0, "acc_or": 1.0}, "uniform holdout": {"acc": 0.5909091234207153, "acc_or": 0.7727273106575012}, "epoch": 106}
---End--
