nohup: ignoring input
{"mode": "train", "epoch": 1, "loss": -18.999286651611328, "acc": 0.0020547944586724043, "acc_or": 0.2138698548078537, "sender_entropy": 2.3005776405334473, "receiver_entropy": 0.0, "original_loss": 1.3936851024627686, "mean_length": 6.0}
{"mode": "test", "epoch": 1, "loss": 0.7935885190963745, "acc": 0.013698630034923553, "acc_or": 0.3390410840511322, "sender_entropy": 2.298042058944702, "receiver_entropy": 0.0, "original_loss": 1.3479559421539307, "mean_length": 6.0}
{"mode": "train", "epoch": 2, "loss": 0.7084704637527466, "acc": 0.0141552509739995, "acc_or": 0.3430365324020386, "sender_entropy": 2.2982277870178223, "receiver_entropy": 0.0, "original_loss": 1.3574162721633911, "mean_length": 6.0}
{"mode": "test", "epoch": 2, "loss": 1.043060302734375, "acc": 0.013698630034923553, "acc_or": 0.3493150770664215, "sender_entropy": 2.296323299407959, "receiver_entropy": 0.0, "original_loss": 1.3071727752685547, "mean_length": 6.0}
{"mode": "train", "epoch": 3, "loss": 0.8951042890548706, "acc": 0.01552511379122734, "acc_or": 0.34469178318977356, "sender_entropy": 2.2965731620788574, "receiver_entropy": 0.0, "original_loss": 1.323306679725647, "mean_length": 6.0}
{"mode": "test", "epoch": 3, "loss": 1.3125957250595093, "acc": 0.013698630034923553, "acc_or": 0.3664383590221405, "sender_entropy": 2.29563307762146, "receiver_entropy": 0.0, "original_loss": 1.2654632329940796, "mean_length": 6.0}
{"mode": "train", "epoch": 4, "loss": 1.1247400045394897, "acc": 0.013013698160648346, "acc_or": 0.3518264889717102, "sender_entropy": 2.295971155166626, "receiver_entropy": 0.0, "original_loss": 1.2865779399871826, "mean_length": 6.0}
{"mode": "test", "epoch": 4, "loss": 1.6366362571716309, "acc": 0.013698630034923553, "acc_or": 0.38013699650764465, "sender_entropy": 2.2955989837646484, "receiver_entropy": 0.0, "original_loss": 1.2187062501907349, "mean_length": 6.0}
{"mode": "train", "epoch": 5, "loss": 1.418154001235962, "acc": 0.012328767217695713, "acc_or": 0.35742008686065674, "sender_entropy": 2.2958405017852783, "receiver_entropy": 0.0, "original_loss": 1.2442408800125122, "mean_length": 6.0}
{"mode": "test", "epoch": 5, "loss": 1.946640133857727, "acc": 0.013698630034923553, "acc_or": 0.3595890402793884, "sender_entropy": 2.2953600883483887, "receiver_entropy": 0.0, "original_loss": 1.1711952686309814, "mean_length": 6.0}
{"mode": "train", "epoch": 6, "loss": 1.7410812377929688, "acc": 0.01552511379122734, "acc_or": 0.35690638422966003, "sender_entropy": 2.295644998550415, "receiver_entropy": 0.0, "original_loss": 1.1982265710830688, "mean_length": 6.0}
{"mode": "test", "epoch": 6, "loss": 2.1479153633117676, "acc": 0.013698630034923553, "acc_or": 0.3561643958091736, "sender_entropy": 2.2950305938720703, "receiver_entropy": 0.0, "original_loss": 1.1311964988708496, "mean_length": 6.0}
{"mode": "train", "epoch": 7, "loss": 2.034745693206787, "acc": 0.017579907551407814, "acc_or": 0.35593608021736145, "sender_entropy": 2.2953426837921143, "receiver_entropy": 0.0, "original_loss": 1.1531126499176025, "mean_length": 6.0}
{"mode": "test", "epoch": 7, "loss": 2.101094961166382, "acc": 0.013698630034923553, "acc_or": 0.3561643958091736, "sender_entropy": 2.29464054107666, "receiver_entropy": 0.0, "original_loss": 1.1117448806762695, "mean_length": 6.0}
{"mode": "train", "epoch": 8, "loss": 2.1512131690979004, "acc": 0.01552511379122734, "acc_or": 0.35759133100509644, "sender_entropy": 2.295006513595581, "receiver_entropy": 0.0, "original_loss": 1.121290922164917, "mean_length": 6.0}
{"mode": "test", "epoch": 8, "loss": 2.041879177093506, "acc": 0.0, "acc_or": 0.3561643958091736, "sender_entropy": 2.2946512699127197, "receiver_entropy": 0.0, "original_loss": 1.0950062274932861, "mean_length": 6.0}
{"mode": "train", "epoch": 9, "loss": 2.1052722930908203, "acc": 0.014840182848274708, "acc_or": 0.3573630154132843, "sender_entropy": 2.294994831085205, "receiver_entropy": 0.0, "original_loss": 1.103650450706482, "mean_length": 6.0}
{"mode": "test", "epoch": 9, "loss": 1.855790138244629, "acc": 0.013698630034923553, "acc_or": 0.4006849229335785, "sender_entropy": 2.295088052749634, "receiver_entropy": 0.0, "original_loss": 1.091814398765564, "mean_length": 6.0}
{"mode": "train", "epoch": 10, "loss": 1.8731074333190918, "acc": 0.011187214404344559, "acc_or": 0.33007991313934326, "sender_entropy": 2.2954635620117188, "receiver_entropy": 0.0, "original_loss": 1.103090524673462, "mean_length": 6.0}
{"mode": "test", "epoch": 10, "loss": 1.7205008268356323, "acc": 0.027397260069847107, "acc_or": 0.41438356041908264, "sender_entropy": 2.295851230621338, "receiver_entropy": 0.0, "original_loss": 1.0889919996261597, "mean_length": 6.0}
{"mode": "train", "epoch": 11, "loss": 1.7057452201843262, "acc": 0.00776255689561367, "acc_or": 0.32990866899490356, "sender_entropy": 2.2961878776550293, "receiver_entropy": 0.0, "original_loss": 1.1012322902679443, "mean_length": 6.0}
{"mode": "test", "epoch": 11, "loss": 1.6105258464813232, "acc": 0.0, "acc_or": 0.3493150770664215, "sender_entropy": 2.2967166900634766, "receiver_entropy": 0.0, "original_loss": 1.0867505073547363, "mean_length": 6.0}
{"mode": "train", "epoch": 12, "loss": 1.569103479385376, "acc": 0.013470319099724293, "acc_or": 0.35662099719047546, "sender_entropy": 2.2970526218414307, "receiver_entropy": 0.0, "original_loss": 1.0993096828460693, "mean_length": 6.0}
{"mode": "test", "epoch": 12, "loss": 1.4955158233642578, "acc": 0.013698630034923553, "acc_or": 0.4178082048892975, "sender_entropy": 2.297457218170166, "receiver_entropy": 0.0, "original_loss": 1.0866451263427734, "mean_length": 6.0}
{"mode": "train", "epoch": 13, "loss": 1.4076439142227173, "acc": 0.014840182848274708, "acc_or": 0.3588470220565796, "sender_entropy": 2.297745943069458, "receiver_entropy": 0.0, "original_loss": 1.101450800895691, "mean_length": 6.0}
{"mode": "test", "epoch": 13, "loss": 1.4183660745620728, "acc": 0.027397260069847107, "acc_or": 0.4178082048892975, "sender_entropy": 2.2980551719665527, "receiver_entropy": 0.0, "original_loss": 1.0848174095153809, "mean_length": 6.0}
{"mode": "train", "epoch": 14, "loss": 1.3325916528701782, "acc": 0.013242009095847607, "acc_or": 0.3466324210166931, "sender_entropy": 2.298243761062622, "receiver_entropy": 0.0, "original_loss": 1.0986164808273315, "mean_length": 6.0}
{"mode": "test", "epoch": 14, "loss": 1.3310352563858032, "acc": 0.027397260069847107, "acc_or": 0.3767123222351074, "sender_entropy": 2.298422336578369, "receiver_entropy": 0.0, "original_loss": 1.084441065788269, "mean_length": 6.0}
{"mode": "train", "epoch": 15, "loss": 1.2349903583526611, "acc": 0.015296803787350655, "acc_or": 0.3471461236476898, "sender_entropy": 2.2985951900482178, "receiver_entropy": 0.0, "original_loss": 1.0985300540924072, "mean_length": 6.0}
{"mode": "test", "epoch": 15, "loss": 1.2397271394729614, "acc": 0.013698630034923553, "acc_or": 0.33561643958091736, "sender_entropy": 2.2987611293792725, "receiver_entropy": 0.0, "original_loss": 1.0855052471160889, "mean_length": 6.0}
{"mode": "train", "epoch": 16, "loss": 1.130473256111145, "acc": 0.015296803787350655, "acc_or": 0.3368721306324005, "sender_entropy": 2.2989165782928467, "receiver_entropy": 0.0, "original_loss": 1.0999221801757812, "mean_length": 6.0}
{"mode": "test", "epoch": 16, "loss": 1.2291231155395508, "acc": 0.013698630034923553, "acc_or": 0.38698628544807434, "sender_entropy": 2.2989819049835205, "receiver_entropy": 0.0, "original_loss": 1.0809465646743774, "mean_length": 6.0}
{"mode": "train", "epoch": 17, "loss": 1.094140887260437, "acc": 0.01392694003880024, "acc_or": 0.35662099719047546, "sender_entropy": 2.299149751663208, "receiver_entropy": 0.0, "original_loss": 1.097058892250061, "mean_length": 6.0}
{"mode": "test", "epoch": 17, "loss": 1.1963154077529907, "acc": 0.013698630034923553, "acc_or": 0.4006849229335785, "sender_entropy": 2.2992703914642334, "receiver_entropy": 0.0, "original_loss": 1.078864574432373, "mean_length": 6.0}
{"mode": "train", "epoch": 18, "loss": 1.0163133144378662, "acc": 0.013698630034923553, "acc_or": 0.35376712679862976, "sender_entropy": 2.2994191646575928, "receiver_entropy": 0.0, "original_loss": 1.0978765487670898, "mean_length": 6.0}
{"mode": "test", "epoch": 18, "loss": 1.2077463865280151, "acc": 0.027397260069847107, "acc_or": 0.44863012433052063, "sender_entropy": 2.2995944023132324, "receiver_entropy": 0.0, "original_loss": 1.0737401247024536, "mean_length": 6.0}
{"mode": "train", "epoch": 19, "loss": 0.9477092027664185, "acc": 0.0141552509739995, "acc_or": 0.35188356041908264, "sender_entropy": 2.299730062484741, "receiver_entropy": 0.0, "original_loss": 1.09858238697052, "mean_length": 6.0}
{"mode": "test", "epoch": 19, "loss": 1.1931241750717163, "acc": 0.06849315017461777, "acc_or": 0.4931506812572479, "sender_entropy": 2.299933910369873, "receiver_entropy": 0.0, "original_loss": 1.0710852146148682, "mean_length": 6.0}
{"mode": "train", "epoch": 20, "loss": 0.9109513759613037, "acc": 0.013470319099724293, "acc_or": 0.3526255786418915, "sender_entropy": 2.3000478744506836, "receiver_entropy": 0.0, "original_loss": 1.0973163843154907, "mean_length": 6.0}
{"mode": "test", "epoch": 20, "loss": 1.1591304540634155, "acc": 0.06849315017461777, "acc_or": 0.4897260367870331, "sender_entropy": 2.300226926803589, "receiver_entropy": 0.0, "original_loss": 1.0701314210891724, "mean_length": 6.0}
{"mode": "train", "epoch": 21, "loss": 0.8723639845848083, "acc": 0.016894977539777756, "acc_or": 0.3529680371284485, "sender_entropy": 2.300325393676758, "receiver_entropy": 0.0, "original_loss": 1.0965741872787476, "mean_length": 6.0}
{"mode": "test", "epoch": 21, "loss": 1.0933401584625244, "acc": 0.027397260069847107, "acc_or": 0.48630136251449585, "sender_entropy": 2.300463914871216, "receiver_entropy": 0.0, "original_loss": 1.0720659494400024, "mean_length": 6.0}
{"mode": "train", "epoch": 22, "loss": 0.8157355189323425, "acc": 0.015068492852151394, "acc_or": 0.36010274291038513, "sender_entropy": 2.300554037094116, "receiver_entropy": 0.0, "original_loss": 1.0975333452224731, "mean_length": 6.0}
{"mode": "test", "epoch": 22, "loss": 1.076486349105835, "acc": 0.04109589010477066, "acc_or": 0.5034246444702148, "sender_entropy": 2.300647497177124, "receiver_entropy": 0.0, "original_loss": 1.0705275535583496, "mean_length": 6.0}
{"mode": "train", "epoch": 23, "loss": 0.7757822871208191, "acc": 0.015068492852151394, "acc_or": 0.36010274291038513, "sender_entropy": 2.3007185459136963, "receiver_entropy": 0.0, "original_loss": 1.0975942611694336, "mean_length": 6.0}
{"mode": "test", "epoch": 23, "loss": 1.0800671577453613, "acc": 0.054794520139694214, "acc_or": 0.4280821979045868, "sender_entropy": 2.3007748126983643, "receiver_entropy": 0.0, "original_loss": 1.0675264596939087, "mean_length": 6.0}
{"mode": "train", "epoch": 24, "loss": 0.7574002742767334, "acc": 0.01392694003880024, "acc_or": 0.3617579936981201, "sender_entropy": 2.3008599281311035, "receiver_entropy": 0.0, "original_loss": 1.096183180809021, "mean_length": 6.0}
{"mode": "test", "epoch": 24, "loss": 1.0494428873062134, "acc": 0.04109589010477066, "acc_or": 0.4897260367870331, "sender_entropy": 2.3009045124053955, "receiver_entropy": 0.0, "original_loss": 1.06745183467865, "mean_length": 6.0}
{"mode": "train", "epoch": 25, "loss": 0.7185448408126831, "acc": 0.015981735661625862, "acc_or": 0.36078765988349915, "sender_entropy": 2.300974130630493, "receiver_entropy": 0.0, "original_loss": 1.0965611934661865, "mean_length": 6.0}
{"mode": "test", "epoch": 25, "loss": 1.00830078125, "acc": 0.027397260069847107, "acc_or": 0.5445205569267273, "sender_entropy": 2.3009471893310547, "receiver_entropy": 0.0, "original_loss": 1.0683131217956543, "mean_length": 6.0}
{"mode": "train", "epoch": 26, "loss": 0.675788402557373, "acc": 0.015296803787350655, "acc_or": 0.3558789789676666, "sender_entropy": 2.3010470867156982, "receiver_entropy": 0.0, "original_loss": 1.0974856615066528, "mean_length": 6.0}
{"mode": "test", "epoch": 26, "loss": 0.9917317628860474, "acc": 0.04109589010477066, "acc_or": 0.5479452013969421, "sender_entropy": 2.3009774684906006, "receiver_entropy": 0.0, "original_loss": 1.067463755607605, "mean_length": 6.0}
{"mode": "train", "epoch": 27, "loss": 0.6588391065597534, "acc": 0.01826483942568302, "acc_or": 0.3592465817928314, "sender_entropy": 2.3010895252227783, "receiver_entropy": 0.0, "original_loss": 1.0966241359710693, "mean_length": 6.0}
{"mode": "test", "epoch": 27, "loss": 0.9925761222839355, "acc": 0.027397260069847107, "acc_or": 0.49657532572746277, "sender_entropy": 2.300978183746338, "receiver_entropy": 0.0, "original_loss": 1.0653393268585205, "mean_length": 6.0}
{"mode": "train", "epoch": 28, "loss": 0.6412870287895203, "acc": 0.017579907551407814, "acc_or": 0.36095890402793884, "sender_entropy": 2.301121950149536, "receiver_entropy": 0.0, "original_loss": 1.095917820930481, "mean_length": 6.0}
{"mode": "test", "epoch": 28, "loss": 0.9700571298599243, "acc": 0.054794520139694214, "acc_or": 0.5102739930152893, "sender_entropy": 2.300974130630493, "receiver_entropy": 0.0, "original_loss": 1.0652215480804443, "mean_length": 6.0}
{"mode": "train", "epoch": 29, "loss": 0.6049758791923523, "acc": 0.01552511379122734, "acc_or": 0.3581621050834656, "sender_entropy": 2.301126718521118, "receiver_entropy": 0.0, "original_loss": 1.0968047380447388, "mean_length": 6.0}
{"mode": "test", "epoch": 29, "loss": 0.9559059143066406, "acc": 0.027397260069847107, "acc_or": 0.5068492889404297, "sender_entropy": 2.3009490966796875, "receiver_entropy": 0.0, "original_loss": 1.0645153522491455, "mean_length": 6.0}
{"mode": "train", "epoch": 30, "loss": 0.5866749286651611, "acc": 0.013698630034923553, "acc_or": 0.35559359192848206, "sender_entropy": 2.3011229038238525, "receiver_entropy": 0.0, "original_loss": 1.096459150314331, "mean_length": 6.0}
{"mode": "test", "epoch": 30, "loss": 0.9623934030532837, "acc": 0.054794520139694214, "acc_or": 0.551369845867157, "sender_entropy": 2.300926685333252, "receiver_entropy": 0.0, "original_loss": 1.062240481376648, "mean_length": 6.0}
{"mode": "train", "epoch": 31, "loss": 0.5712581276893616, "acc": 0.015753423795104027, "acc_or": 0.3583903908729553, "sender_entropy": 2.301114082336426, "receiver_entropy": 0.0, "original_loss": 1.0959755182266235, "mean_length": 6.0}
{"mode": "test", "epoch": 31, "loss": 0.9616955518722534, "acc": 0.08219178020954132, "acc_or": 0.5719178318977356, "sender_entropy": 2.300900459289551, "receiver_entropy": 0.0, "original_loss": 1.0606470108032227, "mean_length": 6.0}
{"mode": "train", "epoch": 32, "loss": 0.5531256198883057, "acc": 0.01940639317035675, "acc_or": 0.3650684952735901, "sender_entropy": 2.3010947704315186, "receiver_entropy": 0.0, "original_loss": 1.0957961082458496, "mean_length": 6.0}
{"mode": "test", "epoch": 32, "loss": 0.962655782699585, "acc": 0.06849315017461777, "acc_or": 0.5719178318977356, "sender_entropy": 2.300858736038208, "receiver_entropy": 0.0, "original_loss": 1.0590559244155884, "mean_length": 6.0}
{"mode": "train", "epoch": 33, "loss": 0.5264885425567627, "acc": 0.013013698160648346, "acc_or": 0.35793378949165344, "sender_entropy": 2.3010640144348145, "receiver_entropy": 0.0, "original_loss": 1.096392035484314, "mean_length": 6.0}
{"mode": "test", "epoch": 33, "loss": 0.9718254804611206, "acc": 0.06849315017461777, "acc_or": 0.551369845867157, "sender_entropy": 2.3008289337158203, "receiver_entropy": 0.0, "original_loss": 1.0569581985473633, "mean_length": 6.0}
{"mode": "train", "epoch": 34, "loss": 0.51734459400177, "acc": 0.014611871913075447, "acc_or": 0.363869845867157, "sender_entropy": 2.301037311553955, "receiver_entropy": 0.0, "original_loss": 1.095718264579773, "mean_length": 6.0}
{"mode": "test", "epoch": 34, "loss": 0.9880625009536743, "acc": 0.06849315017461777, "acc_or": 0.5273972749710083, "sender_entropy": 2.300797700881958, "receiver_entropy": 0.0, "original_loss": 1.054356575012207, "mean_length": 6.0}
{"mode": "train", "epoch": 35, "loss": 0.5023794174194336, "acc": 0.013470319099724293, "acc_or": 0.3597031831741333, "sender_entropy": 2.300992965698242, "receiver_entropy": 0.0, "original_loss": 1.0955699682235718, "mean_length": 6.0}
{"mode": "test", "epoch": 35, "loss": 1.0214122533798218, "acc": 0.09589041024446487, "acc_or": 0.5719178318977356, "sender_entropy": 2.30074143409729, "receiver_entropy": 0.0, "original_loss": 1.0503686666488647, "mean_length": 6.0}
{"mode": "train", "epoch": 36, "loss": 0.489793598651886, "acc": 0.014840182848274708, "acc_or": 0.3610730469226837, "sender_entropy": 2.300926685333252, "receiver_entropy": 0.0, "original_loss": 1.0952966213226318, "mean_length": 6.0}
{"mode": "test", "epoch": 36, "loss": 1.0369516611099243, "acc": 0.08219178020954132, "acc_or": 0.5787671208381653, "sender_entropy": 2.300675392150879, "receiver_entropy": 0.0, "original_loss": 1.047845721244812, "mean_length": 6.0}
{"mode": "train", "epoch": 37, "loss": 0.47512441873550415, "acc": 0.015296803787350655, "acc_or": 0.36700913310050964, "sender_entropy": 2.3008391857147217, "receiver_entropy": 0.0, "original_loss": 1.0952306985855103, "mean_length": 6.0}
{"mode": "test", "epoch": 37, "loss": 1.0583000183105469, "acc": 0.08219178020954132, "acc_or": 0.5547944903373718, "sender_entropy": 2.300574779510498, "receiver_entropy": 0.0, "original_loss": 1.0448685884475708, "mean_length": 6.0}
{"mode": "train", "epoch": 38, "loss": 0.46307796239852905, "acc": 0.0141552509739995, "acc_or": 0.3640981614589691, "sender_entropy": 2.3007185459136963, "receiver_entropy": 0.0, "original_loss": 1.0950384140014648, "mean_length": 6.0}
{"mode": "test", "epoch": 38, "loss": 1.0945115089416504, "acc": 0.08219178020954132, "acc_or": 0.5753424763679504, "sender_entropy": 2.300443172454834, "receiver_entropy": 0.0, "original_loss": 1.0407344102859497, "mean_length": 6.0}
{"mode": "train", "epoch": 39, "loss": 0.44980019330978394, "acc": 0.01392694003880024, "acc_or": 0.363869845867157, "sender_entropy": 2.3005588054656982, "receiver_entropy": 0.0, "original_loss": 1.094991683959961, "mean_length": 6.0}
{"mode": "test", "epoch": 39, "loss": 1.1273421049118042, "acc": 0.06849315017461777, "acc_or": 0.5753424763679504, "sender_entropy": 2.300265073776245, "receiver_entropy": 0.0, "original_loss": 1.0368956327438354, "mean_length": 6.0}
{"mode": "train", "epoch": 40, "loss": 0.43724989891052246, "acc": 0.01666666567325592, "acc_or": 0.36855021119117737, "sender_entropy": 2.300365447998047, "receiver_entropy": 0.0, "original_loss": 1.0949351787567139, "mean_length": 6.0}
{"mode": "test", "epoch": 40, "loss": 1.1526092290878296, "acc": 0.054794520139694214, "acc_or": 0.5616438388824463, "sender_entropy": 2.3000409603118896, "receiver_entropy": 0.0, "original_loss": 1.0336426496505737, "mean_length": 6.0}
{"mode": "train", "epoch": 41, "loss": 0.4311562776565552, "acc": 0.017351597547531128, "acc_or": 0.36649543046951294, "sender_entropy": 2.300132989883423, "receiver_entropy": 0.0, "original_loss": 1.0944099426269531, "mean_length": 6.0}
{"mode": "test", "epoch": 41, "loss": 1.1615740060806274, "acc": 0.06849315017461777, "acc_or": 0.5821917653083801, "sender_entropy": 2.299752712249756, "receiver_entropy": 0.0, "original_loss": 1.0316799879074097, "mean_length": 6.0}
{"mode": "train", "epoch": 42, "loss": 0.42267054319381714, "acc": 0.017123287543654442, "acc_or": 0.36752283573150635, "sender_entropy": 2.2998504638671875, "receiver_entropy": 0.0, "original_loss": 1.094113826751709, "mean_length": 6.0}
{"mode": "test", "epoch": 42, "loss": 1.1683018207550049, "acc": 0.04109589010477066, "acc_or": 0.5719178318977356, "sender_entropy": 2.2994039058685303, "receiver_entropy": 0.0, "original_loss": 1.0298717021942139, "mean_length": 6.0}
{"mode": "train", "epoch": 43, "loss": 0.4150623083114624, "acc": 0.01826483942568302, "acc_or": 0.37054795026779175, "sender_entropy": 2.299499988555908, "receiver_entropy": 0.0, "original_loss": 1.093819260597229, "mean_length": 6.0}
{"mode": "test", "epoch": 43, "loss": 1.207289218902588, "acc": 0.054794520139694214, "acc_or": 0.585616409778595, "sender_entropy": 2.29901385307312, "receiver_entropy": 0.0, "original_loss": 1.0254513025283813, "mean_length": 6.0}
{"mode": "train", "epoch": 44, "loss": 0.40577268600463867, "acc": 0.016438355669379234, "acc_or": 0.37054795026779175, "sender_entropy": 2.2991232872009277, "receiver_entropy": 0.0, "original_loss": 1.0936411619186401, "mean_length": 6.0}
{"mode": "test", "epoch": 44, "loss": 1.2342325448989868, "acc": 0.04109589010477066, "acc_or": 0.585616409778595, "sender_entropy": 2.2985968589782715, "receiver_entropy": 0.0, "original_loss": 1.0220770835876465, "mean_length": 6.0}
{"mode": "train", "epoch": 45, "loss": 0.4005061388015747, "acc": 0.01894977129995823, "acc_or": 0.37425798177719116, "sender_entropy": 2.2986867427825928, "receiver_entropy": 0.0, "original_loss": 1.0931974649429321, "mean_length": 6.0}
{"mode": "test", "epoch": 45, "loss": 1.2782111167907715, "acc": 0.054794520139694214, "acc_or": 0.5787671208381653, "sender_entropy": 2.2981057167053223, "receiver_entropy": 0.0, "original_loss": 1.0172394514083862, "mean_length": 6.0}
{"mode": "train", "epoch": 46, "loss": 0.3980100154876709, "acc": 0.016894977539777756, "acc_or": 0.3797374367713928, "sender_entropy": 2.2981951236724854, "receiver_entropy": 0.0, "original_loss": 1.0925213098526, "mean_length": 6.0}
{"mode": "test", "epoch": 46, "loss": 1.3196594715118408, "acc": 0.04109589010477066, "acc_or": 0.5616438388824463, "sender_entropy": 2.297522783279419, "receiver_entropy": 0.0, "original_loss": 1.0125244855880737, "mean_length": 6.0}
{"mode": "train", "epoch": 47, "loss": 0.4012565612792969, "acc": 0.019863013178110123, "acc_or": 0.3795661926269531, "sender_entropy": 2.2975924015045166, "receiver_entropy": 0.0, "original_loss": 1.0914312601089478, "mean_length": 6.0}
{"mode": "test", "epoch": 47, "loss": 1.3643379211425781, "acc": 0.04109589010477066, "acc_or": 0.5582191944122314, "sender_entropy": 2.29677677154541, "receiver_entropy": 0.0, "original_loss": 1.0074498653411865, "mean_length": 6.0}
{"mode": "train", "epoch": 48, "loss": 0.3895070552825928, "acc": 0.021917808800935745, "acc_or": 0.38550227880477905, "sender_entropy": 2.2968366146087646, "receiver_entropy": 0.0, "original_loss": 1.0915288925170898, "mean_length": 6.0}
{"mode": "test", "epoch": 48, "loss": 1.412078857421875, "acc": 0.06849315017461777, "acc_or": 0.602739691734314, "sender_entropy": 2.2959020137786865, "receiver_entropy": 0.0, "original_loss": 1.0020743608474731, "mean_length": 6.0}
{"mode": "train", "epoch": 49, "loss": 0.41096365451812744, "acc": 0.018721461296081543, "acc_or": 0.39303651452064514, "sender_entropy": 2.2959258556365967, "receiver_entropy": 0.0, "original_loss": 1.0889538526535034, "mean_length": 6.0}
{"mode": "test", "epoch": 49, "loss": 1.4564577341079712, "acc": 0.08219178020954132, "acc_or": 0.602739691734314, "sender_entropy": 2.294725179672241, "receiver_entropy": 0.0, "original_loss": 0.9966167211532593, "mean_length": 6.0}
{"mode": "train", "epoch": 50, "loss": 0.40801429748535156, "acc": 0.020319635048508644, "acc_or": 0.3910958766937256, "sender_entropy": 2.2947163581848145, "receiver_entropy": 0.0, "original_loss": 1.0883638858795166, "mean_length": 6.0}
{"mode": "test", "epoch": 50, "loss": 1.5058767795562744, "acc": 0.06849315017461777, "acc_or": 0.585616409778595, "sender_entropy": 2.293217420578003, "receiver_entropy": 0.0, "original_loss": 0.9904978275299072, "mean_length": 6.0}
{"mode": "train", "epoch": 51, "loss": 0.4136631488800049, "acc": 0.021004565060138702, "acc_or": 0.3939497768878937, "sender_entropy": 2.2931971549987793, "receiver_entropy": 0.0, "original_loss": 1.0870944261550903, "mean_length": 6.0}
{"mode": "test", "epoch": 51, "loss": 1.555119514465332, "acc": 0.06849315017461777, "acc_or": 0.5924657583236694, "sender_entropy": 2.2913553714752197, "receiver_entropy": 0.0, "original_loss": 0.98415207862854, "mean_length": 6.0}
{"mode": "train", "epoch": 52, "loss": 0.4189145565032959, "acc": 0.019863013178110123, "acc_or": 0.39554792642593384, "sender_entropy": 2.2913129329681396, "receiver_entropy": 0.0, "original_loss": 1.0857902765274048, "mean_length": 6.0}
{"mode": "test", "epoch": 52, "loss": 1.6039669513702393, "acc": 0.054794520139694214, "acc_or": 0.5821917653083801, "sender_entropy": 2.289005994796753, "receiver_entropy": 0.0, "original_loss": 0.9774326682090759, "mean_length": 6.0}
{"mode": "train", "epoch": 53, "loss": 0.440949022769928, "acc": 0.02442922256886959, "acc_or": 0.40199771523475647, "sender_entropy": 2.288944959640503, "receiver_entropy": 0.0, "original_loss": 1.08303701877594, "mean_length": 6.0}
{"mode": "test", "epoch": 53, "loss": 1.6453824043273926, "acc": 0.054794520139694214, "acc_or": 0.5821917653083801, "sender_entropy": 2.2858006954193115, "receiver_entropy": 0.0, "original_loss": 0.9707133769989014, "mean_length": 6.0}
{"mode": "train", "epoch": 54, "loss": 0.47606348991394043, "acc": 0.02557077631354332, "acc_or": 0.4161529541015625, "sender_entropy": 2.2857165336608887, "receiver_entropy": 0.0, "original_loss": 1.079206109046936, "mean_length": 6.0}
{"mode": "test", "epoch": 54, "loss": 1.6936004161834717, "acc": 0.054794520139694214, "acc_or": 0.5890411138534546, "sender_entropy": 2.281599521636963, "receiver_entropy": 0.0, "original_loss": 0.962840735912323, "mean_length": 6.0}
{"mode": "train", "epoch": 55, "loss": 0.5067868232727051, "acc": 0.026484018191695213, "acc_or": 0.4225456416606903, "sender_entropy": 2.2814581394195557, "receiver_entropy": 0.0, "original_loss": 1.0756196975708008, "mean_length": 6.0}
{"mode": "test", "epoch": 55, "loss": 1.729533076286316, "acc": 0.054794520139694214, "acc_or": 0.5821917653083801, "sender_entropy": 2.2762134075164795, "receiver_entropy": 0.0, "original_loss": 0.9554626941680908, "mean_length": 6.0}
{"mode": "train", "epoch": 56, "loss": 0.5638597011566162, "acc": 0.030136985704302788, "acc_or": 0.43401825428009033, "sender_entropy": 2.275982618331909, "receiver_entropy": 0.0, "original_loss": 1.0697500705718994, "mean_length": 6.0}
{"mode": "test", "epoch": 56, "loss": 1.7622923851013184, "acc": 0.054794520139694214, "acc_or": 0.5821917653083801, "sender_entropy": 2.269443988800049, "receiver_entropy": 0.0, "original_loss": 0.9477527737617493, "mean_length": 6.0}
{"mode": "train", "epoch": 57, "loss": 0.6066497564315796, "acc": 0.03059360757470131, "acc_or": 0.438184916973114, "sender_entropy": 2.2690813541412354, "receiver_entropy": 0.0, "original_loss": 1.0646424293518066, "mean_length": 6.0}
{"mode": "test", "epoch": 57, "loss": 1.7666878700256348, "acc": 0.054794520139694214, "acc_or": 0.5821917653083801, "sender_entropy": 2.2612993717193604, "receiver_entropy": 0.0, "original_loss": 0.9417181015014648, "mean_length": 6.0}
{"mode": "train", "epoch": 58, "loss": 0.7146464586257935, "acc": 0.028538811951875687, "acc_or": 0.453652948141098, "sender_entropy": 2.2606704235076904, "receiver_entropy": 0.0, "original_loss": 1.0543080568313599, "mean_length": 6.0}
{"mode": "test", "epoch": 58, "loss": 1.7543106079101562, "acc": 0.027397260069847107, "acc_or": 0.568493127822876, "sender_entropy": 2.2514336109161377, "receiver_entropy": 0.0, "original_loss": 0.9364811778068542, "mean_length": 6.0}
{"mode": "train", "epoch": 59, "loss": 0.7831382751464844, "acc": 0.030365295708179474, "acc_or": 0.45690637826919556, "sender_entropy": 2.2504799365997314, "receiver_entropy": 0.0, "original_loss": 1.04631507396698, "mean_length": 6.0}
{"mode": "test", "epoch": 59, "loss": 1.686493158340454, "acc": 0.027397260069847107, "acc_or": 0.568493127822876, "sender_entropy": 2.2396810054779053, "receiver_entropy": 0.0, "original_loss": 0.9359641075134277, "mean_length": 6.0}
{"mode": "train", "epoch": 60, "loss": 0.8624891042709351, "acc": 0.03127853944897652, "acc_or": 0.46746575832366943, "sender_entropy": 2.2382469177246094, "receiver_entropy": 0.0, "original_loss": 1.0369999408721924, "mean_length": 6.0}
{"mode": "test", "epoch": 60, "loss": 1.6338988542556763, "acc": 0.027397260069847107, "acc_or": 0.5787671208381653, "sender_entropy": 2.226221799850464, "receiver_entropy": 0.0, "original_loss": 0.9334776401519775, "mean_length": 6.0}
{"mode": "train", "epoch": 61, "loss": 0.9714353084564209, "acc": 0.03538812696933746, "acc_or": 0.4780251085758209, "sender_entropy": 2.223702907562256, "receiver_entropy": 0.0, "original_loss": 1.0251522064208984, "mean_length": 6.0}
{"mode": "test", "epoch": 61, "loss": 1.565438151359558, "acc": 0.04109589010477066, "acc_or": 0.5787671208381653, "sender_entropy": 2.215061664581299, "receiver_entropy": 0.0, "original_loss": 0.9338732957839966, "mean_length": 6.0}
{"mode": "train", "epoch": 62, "loss": 1.0653036832809448, "acc": 0.03287671133875847, "acc_or": 0.48613011837005615, "sender_entropy": 2.210791826248169, "receiver_entropy": 0.0, "original_loss": 1.014708399772644, "mean_length": 6.0}
{"mode": "test", "epoch": 62, "loss": 1.7823069095611572, "acc": 0.04109589010477066, "acc_or": 0.5993150472640991, "sender_entropy": 2.2152552604675293, "receiver_entropy": 0.0, "original_loss": 0.9134494066238403, "mean_length": 6.0}
{"mode": "train", "epoch": 63, "loss": 1.055310845375061, "acc": 0.03127853944897652, "acc_or": 0.4841894805431366, "sender_entropy": 2.2097671031951904, "receiver_entropy": 0.0, "original_loss": 1.0123189687728882, "mean_length": 6.0}
{"mode": "test", "epoch": 63, "loss": 1.8893903493881226, "acc": 0.054794520139694214, "acc_or": 0.5958904027938843, "sender_entropy": 2.2129902839660645, "receiver_entropy": 0.0, "original_loss": 0.9020582437515259, "mean_length": 6.0}
{"mode": "train", "epoch": 64, "loss": 1.0401983261108398, "acc": 0.033561643213033676, "acc_or": 0.4919520616531372, "sender_entropy": 2.2062413692474365, "receiver_entropy": 0.0, "original_loss": 1.0121413469314575, "mean_length": 6.0}
{"mode": "test", "epoch": 64, "loss": 2.129753351211548, "acc": 0.04109589010477066, "acc_or": 0.6095890402793884, "sender_entropy": 2.210409641265869, "receiver_entropy": 0.0, "original_loss": 0.8781539797782898, "mean_length": 6.0}
{"mode": "train", "epoch": 65, "loss": 1.0878851413726807, "acc": 0.03378995507955551, "acc_or": 0.49537670612335205, "sender_entropy": 2.2030560970306396, "receiver_entropy": 0.0, "original_loss": 1.0062226057052612, "mean_length": 6.0}
{"mode": "test", "epoch": 65, "loss": 2.2313334941864014, "acc": 0.04109589010477066, "acc_or": 0.5993150472640991, "sender_entropy": 2.202165126800537, "receiver_entropy": 0.0, "original_loss": 0.8654261231422424, "mean_length": 6.0}
{"mode": "train", "epoch": 66, "loss": 1.1645402908325195, "acc": 0.042009130120277405, "acc_or": 0.5036529302597046, "sender_entropy": 2.194145441055298, "receiver_entropy": 0.0, "original_loss": 0.9980385899543762, "mean_length": 6.0}
{"mode": "test", "epoch": 66, "loss": 2.296542167663574, "acc": 0.054794520139694214, "acc_or": 0.6095890402793884, "sender_entropy": 2.191786050796509, "receiver_entropy": 0.0, "original_loss": 0.8535208702087402, "mean_length": 6.0}
{"mode": "train", "epoch": 67, "loss": 1.1878483295440674, "acc": 0.03949771448969841, "acc_or": 0.5065068602561951, "sender_entropy": 2.184497356414795, "receiver_entropy": 0.0, "original_loss": 0.9925248026847839, "mean_length": 6.0}
{"mode": "test", "epoch": 67, "loss": 2.2610902786254883, "acc": 0.06849315017461777, "acc_or": 0.5993150472640991, "sender_entropy": 2.176560401916504, "receiver_entropy": 0.0, "original_loss": 0.8480182886123657, "mean_length": 6.0}
{"mode": "train", "epoch": 68, "loss": 1.3569146394729614, "acc": 0.04634702950716019, "acc_or": 0.523116409778595, "sender_entropy": 2.1688880920410156, "receiver_entropy": 0.0, "original_loss": 0.9770474433898926, "mean_length": 6.0}
{"mode": "test", "epoch": 68, "loss": 2.328470230102539, "acc": 0.06849315017461777, "acc_or": 0.6232876777648926, "sender_entropy": 2.1737287044525146, "receiver_entropy": 0.0, "original_loss": 0.8371490836143494, "mean_length": 6.0}
{"mode": "train", "epoch": 69, "loss": 1.3729101419448853, "acc": 0.05182648450136185, "acc_or": 0.5280821919441223, "sender_entropy": 2.1664652824401855, "receiver_entropy": 0.0, "original_loss": 0.9730167388916016, "mean_length": 6.0}
{"mode": "test", "epoch": 69, "loss": 2.441981315612793, "acc": 0.09589041024446487, "acc_or": 0.6506849527359009, "sender_entropy": 2.172224283218384, "receiver_entropy": 0.0, "original_loss": 0.8213934302330017, "mean_length": 6.0}
{"mode": "train", "epoch": 70, "loss": 1.4238262176513672, "acc": 0.0534246563911438, "acc_or": 0.5317351222038269, "sender_entropy": 2.1606216430664062, "receiver_entropy": 0.0, "original_loss": 0.9655337929725647, "mean_length": 6.0}
{"mode": "test", "epoch": 70, "loss": 2.350475311279297, "acc": 0.09589041024446487, "acc_or": 0.6678082346916199, "sender_entropy": 2.156902551651001, "receiver_entropy": 0.0, "original_loss": 0.8196387887001038, "mean_length": 6.0}
{"mode": "train", "epoch": 71, "loss": 1.5375628471374512, "acc": 0.05844748765230179, "acc_or": 0.5421803593635559, "sender_entropy": 2.1452107429504395, "receiver_entropy": 0.0, "original_loss": 0.9523768424987793, "mean_length": 6.0}
{"mode": "test", "epoch": 71, "loss": 2.336045265197754, "acc": 0.10958904027938843, "acc_or": 0.6575342416763306, "sender_entropy": 2.144843339920044, "receiver_entropy": 0.0, "original_loss": 0.8116719722747803, "mean_length": 6.0}
{"mode": "train", "epoch": 72, "loss": 1.6374454498291016, "acc": 0.07054794579744339, "acc_or": 0.552682638168335, "sender_entropy": 2.130155324935913, "receiver_entropy": 0.0, "original_loss": 0.9403097033500671, "mean_length": 6.0}
{"mode": "test", "epoch": 72, "loss": 2.310290813446045, "acc": 0.10958904027938843, "acc_or": 0.6541095972061157, "sender_entropy": 2.14355731010437, "receiver_entropy": 0.0, "original_loss": 0.8093830347061157, "mean_length": 6.0}
{"mode": "train", "epoch": 73, "loss": 1.6881251335144043, "acc": 0.07397260516881943, "acc_or": 0.5622716546058655, "sender_entropy": 2.1271915435791016, "receiver_entropy": 0.0, "original_loss": 0.9326393604278564, "mean_length": 6.0}
{"mode": "test", "epoch": 73, "loss": 2.3737151622772217, "acc": 0.10958904027938843, "acc_or": 0.6506849527359009, "sender_entropy": 2.1415867805480957, "receiver_entropy": 0.0, "original_loss": 0.7980013489723206, "mean_length": 6.0}
{"mode": "train", "epoch": 74, "loss": 1.6683063507080078, "acc": 0.07785388082265854, "acc_or": 0.5590182542800903, "sender_entropy": 2.1248655319213867, "receiver_entropy": 0.0, "original_loss": 0.9305686354637146, "mean_length": 6.0}
{"mode": "test", "epoch": 74, "loss": 2.3588223457336426, "acc": 0.12328767031431198, "acc_or": 0.6678082346916199, "sender_entropy": 2.1393442153930664, "receiver_entropy": 0.0, "original_loss": 0.794687032699585, "mean_length": 6.0}
{"mode": "train", "epoch": 75, "loss": 1.694887399673462, "acc": 0.06757991015911102, "acc_or": 0.5578196048736572, "sender_entropy": 2.1222894191741943, "receiver_entropy": 0.0, "original_loss": 0.9249597787857056, "mean_length": 6.0}
{"mode": "test", "epoch": 75, "loss": 2.2980260848999023, "acc": 0.12328767031431198, "acc_or": 0.6575342416763306, "sender_entropy": 2.1318063735961914, "receiver_entropy": 0.0, "original_loss": 0.7955647706985474, "mean_length": 6.0}
{"mode": "train", "epoch": 76, "loss": 1.7185590267181396, "acc": 0.08059360831975937, "acc_or": 0.5662100315093994, "sender_entropy": 2.1149141788482666, "receiver_entropy": 0.0, "original_loss": 0.9192604422569275, "mean_length": 6.0}
{"mode": "test", "epoch": 76, "loss": 2.2867484092712402, "acc": 0.1506849229335785, "acc_or": 0.6541095972061157, "sender_entropy": 2.118136405944824, "receiver_entropy": 0.0, "original_loss": 0.7904452681541443, "mean_length": 6.0}
{"mode": "train", "epoch": 77, "loss": 1.7500083446502686, "acc": 0.08173515647649765, "acc_or": 0.5713469982147217, "sender_entropy": 2.1003451347351074, "receiver_entropy": 0.0, "original_loss": 0.9111311435699463, "mean_length": 6.0}
{"mode": "test", "epoch": 77, "loss": 2.3148691654205322, "acc": 0.13698630034923553, "acc_or": 0.6746575236320496, "sender_entropy": 2.1040284633636475, "receiver_entropy": 0.0, "original_loss": 0.7781558632850647, "mean_length": 6.0}
{"mode": "train", "epoch": 78, "loss": 1.8920068740844727, "acc": 0.089726023375988, "acc_or": 0.5786529779434204, "sender_entropy": 2.0854556560516357, "receiver_entropy": 0.0, "original_loss": 0.895458996295929, "mean_length": 6.0}
{"mode": "test", "epoch": 78, "loss": 2.4648690223693848, "acc": 0.1506849229335785, "acc_or": 0.6506849527359009, "sender_entropy": 2.0935750007629395, "receiver_entropy": 0.0, "original_loss": 0.755005419254303, "mean_length": 6.0}
{"mode": "train", "epoch": 79, "loss": 1.9372968673706055, "acc": 0.08926940709352493, "acc_or": 0.5869863033294678, "sender_entropy": 2.0706236362457275, "receiver_entropy": 0.0, "original_loss": 0.8879594802856445, "mean_length": 6.0}
{"mode": "test", "epoch": 79, "loss": 2.5694870948791504, "acc": 0.16438356041908264, "acc_or": 0.6712328791618347, "sender_entropy": 2.086515426635742, "receiver_entropy": 0.0, "original_loss": 0.7397392988204956, "mean_length": 6.0}
{"mode": "train", "epoch": 80, "loss": 1.9936275482177734, "acc": 0.09155251085758209, "acc_or": 0.5877283215522766, "sender_entropy": 2.0643506050109863, "receiver_entropy": 0.0, "original_loss": 0.8776047229766846, "mean_length": 6.0}
{"mode": "test", "epoch": 80, "loss": 2.6269664764404297, "acc": 0.1780821979045868, "acc_or": 0.681506872177124, "sender_entropy": 2.0796878337860107, "receiver_entropy": 0.0, "original_loss": 0.7265968918800354, "mean_length": 6.0}
{"mode": "train", "epoch": 81, "loss": 2.123556613922119, "acc": 0.09931506961584091, "acc_or": 0.5966324210166931, "sender_entropy": 2.053356409072876, "receiver_entropy": 0.0, "original_loss": 0.8636950254440308, "mean_length": 6.0}
{"mode": "test", "epoch": 81, "loss": 2.7094430923461914, "acc": 0.1780821979045868, "acc_or": 0.6883561611175537, "sender_entropy": 2.072985887527466, "receiver_entropy": 0.0, "original_loss": 0.7122378349304199, "mean_length": 6.0}
{"mode": "train", "epoch": 82, "loss": 2.19305682182312, "acc": 0.1004566177725792, "acc_or": 0.6037100553512573, "sender_entropy": 2.0411622524261475, "receiver_entropy": 0.0, "original_loss": 0.8536931872367859, "mean_length": 6.0}
{"mode": "test", "epoch": 82, "loss": 2.7663354873657227, "acc": 0.16438356041908264, "acc_or": 0.698630154132843, "sender_entropy": 2.0665652751922607, "receiver_entropy": 0.0, "original_loss": 0.698910117149353, "mean_length": 6.0}
{"mode": "train", "epoch": 83, "loss": 2.3112850189208984, "acc": 0.1125570759177208, "acc_or": 0.6142693758010864, "sender_entropy": 2.032654285430908, "receiver_entropy": 0.0, "original_loss": 0.8407853245735168, "mean_length": 6.0}
{"mode": "test", "epoch": 83, "loss": 2.8806562423706055, "acc": 0.2054794430732727, "acc_or": 0.715753436088562, "sender_entropy": 2.0749096870422363, "receiver_entropy": 0.0, "original_loss": 0.6869383454322815, "mean_length": 6.0}
{"mode": "train", "epoch": 84, "loss": 2.259291648864746, "acc": 0.113242007791996, "acc_or": 0.6101598143577576, "sender_entropy": 2.038569211959839, "receiver_entropy": 0.0, "original_loss": 0.8413293361663818, "mean_length": 6.0}
{"mode": "test", "epoch": 84, "loss": 2.9901537895202637, "acc": 0.21917808055877686, "acc_or": 0.715753436088562, "sender_entropy": 2.083773612976074, "receiver_entropy": 0.0, "original_loss": 0.6771758794784546, "mean_length": 6.0}
{"mode": "train", "epoch": 85, "loss": 2.2300662994384766, "acc": 0.10913241654634476, "acc_or": 0.6106164455413818, "sender_entropy": 2.0463826656341553, "receiver_entropy": 0.0, "original_loss": 0.842192530632019, "mean_length": 6.0}
{"mode": "test", "epoch": 85, "loss": 3.0454113483428955, "acc": 0.2054794430732727, "acc_or": 0.7089040875434875, "sender_entropy": 2.0923361778259277, "receiver_entropy": 0.0, "original_loss": 0.6716168522834778, "mean_length": 6.0}
{"mode": "train", "epoch": 86, "loss": 2.161445140838623, "acc": 0.11689497530460358, "acc_or": 0.609246551990509, "sender_entropy": 2.0525193214416504, "receiver_entropy": 0.0, "original_loss": 0.8428794145584106, "mean_length": 6.0}
{"mode": "test", "epoch": 86, "loss": 2.9636552333831787, "acc": 0.1780821979045868, "acc_or": 0.715753436088562, "sender_entropy": 2.0819976329803467, "receiver_entropy": 0.0, "original_loss": 0.6722753047943115, "mean_length": 6.0}
{"mode": "train", "epoch": 87, "loss": 2.279603958129883, "acc": 0.11757990717887878, "acc_or": 0.6131278276443481, "sender_entropy": 2.0411295890808105, "receiver_entropy": 0.0, "original_loss": 0.8302314877510071, "mean_length": 6.0}
{"mode": "test", "epoch": 87, "loss": 3.0252552032470703, "acc": 0.21917808055877686, "acc_or": 0.7123287916183472, "sender_entropy": 2.0634050369262695, "receiver_entropy": 0.0, "original_loss": 0.6556949019432068, "mean_length": 6.0}
{"mode": "train", "epoch": 88, "loss": 2.388051986694336, "acc": 0.12442921847105026, "acc_or": 0.619691789150238, "sender_entropy": 2.022782802581787, "receiver_entropy": 0.0, "original_loss": 0.8137737512588501, "mean_length": 6.0}
{"mode": "test", "epoch": 88, "loss": 3.0176472663879395, "acc": 0.21917808055877686, "acc_or": 0.7191780805587769, "sender_entropy": 2.0381975173950195, "receiver_entropy": 0.0, "original_loss": 0.6435350775718689, "mean_length": 6.0}
{"mode": "train", "epoch": 89, "loss": 2.4356775283813477, "acc": 0.12260273844003677, "acc_or": 0.6255136728286743, "sender_entropy": 1.9906243085861206, "receiver_entropy": 0.0, "original_loss": 0.8042570352554321, "mean_length": 6.0}
{"mode": "test", "epoch": 89, "loss": 2.979832172393799, "acc": 0.2602739632129669, "acc_or": 0.7431506514549255, "sender_entropy": 2.007134437561035, "receiver_entropy": 0.0, "original_loss": 0.635165810585022, "mean_length": 6.0}
{"mode": "train", "epoch": 90, "loss": 2.6343233585357666, "acc": 0.14200912415981293, "acc_or": 0.6390981674194336, "sender_entropy": 1.9618558883666992, "receiver_entropy": 0.0, "original_loss": 0.7786343097686768, "mean_length": 6.0}
{"mode": "test", "epoch": 90, "loss": 2.910135507583618, "acc": 0.232876718044281, "acc_or": 0.7431506514549255, "sender_entropy": 1.9888970851898193, "receiver_entropy": 0.0, "original_loss": 0.6334735751152039, "mean_length": 6.0}
{"mode": "train", "epoch": 91, "loss": 2.798520565032959, "acc": 0.1456620991230011, "acc_or": 0.6515981554985046, "sender_entropy": 1.9446666240692139, "receiver_entropy": 0.0, "original_loss": 0.7597943544387817, "mean_length": 6.0}
{"mode": "test", "epoch": 91, "loss": 3.0360987186431885, "acc": 0.232876718044281, "acc_or": 0.732876718044281, "sender_entropy": 1.988932490348816, "receiver_entropy": 0.0, "original_loss": 0.6173802018165588, "mean_length": 6.0}
{"mode": "train", "epoch": 92, "loss": 2.800182580947876, "acc": 0.15410958230495453, "acc_or": 0.6539953947067261, "sender_entropy": 1.948113203048706, "receiver_entropy": 0.0, "original_loss": 0.7579715847969055, "mean_length": 6.0}
{"mode": "test", "epoch": 92, "loss": 3.1173782348632812, "acc": 0.2602739632129669, "acc_or": 0.7260273694992065, "sender_entropy": 2.0073232650756836, "receiver_entropy": 0.0, "original_loss": 0.6095544695854187, "mean_length": 6.0}
{"mode": "train", "epoch": 93, "loss": 2.7342982292175293, "acc": 0.14908675849437714, "acc_or": 0.6503424644470215, "sender_entropy": 1.965871810913086, "receiver_entropy": 0.0, "original_loss": 0.7618893980979919, "mean_length": 6.0}
{"mode": "test", "epoch": 93, "loss": 3.2357516288757324, "acc": 0.27397260069847107, "acc_or": 0.732876718044281, "sender_entropy": 2.022860050201416, "receiver_entropy": 0.0, "original_loss": 0.5961030721664429, "mean_length": 6.0}
{"mode": "train", "epoch": 94, "loss": 2.75481915473938, "acc": 0.14840182662010193, "acc_or": 0.6500570774078369, "sender_entropy": 1.97697114944458, "receiver_entropy": 0.0, "original_loss": 0.7578533887863159, "mean_length": 6.0}
{"mode": "test", "epoch": 94, "loss": 3.4051167964935303, "acc": 0.27397260069847107, "acc_or": 0.7602739930152893, "sender_entropy": 2.0298006534576416, "receiver_entropy": 0.0, "original_loss": 0.5778467059135437, "mean_length": 6.0}
{"mode": "train", "epoch": 95, "loss": 2.80653715133667, "acc": 0.1616438329219818, "acc_or": 0.6558219194412231, "sender_entropy": 1.9781173467636108, "receiver_entropy": 0.0, "original_loss": 0.7504544258117676, "mean_length": 6.0}
{"mode": "test", "epoch": 95, "loss": 3.5879154205322266, "acc": 0.301369845867157, "acc_or": 0.7705479264259338, "sender_entropy": 2.0254454612731934, "receiver_entropy": 0.0, "original_loss": 0.553987443447113, "mean_length": 6.0}
{"mode": "train", "epoch": 96, "loss": 2.750497341156006, "acc": 0.15114155411720276, "acc_or": 0.6496575474739075, "sender_entropy": 1.972023606300354, "receiver_entropy": 0.0, "original_loss": 0.7499545812606812, "mean_length": 6.0}
{"mode": "test", "epoch": 96, "loss": 3.5543339252471924, "acc": 0.27397260069847107, "acc_or": 0.7602739930152893, "sender_entropy": 2.0109565258026123, "receiver_entropy": 0.0, "original_loss": 0.5479623675346375, "mean_length": 6.0}
{"mode": "train", "epoch": 97, "loss": 2.902869939804077, "acc": 0.17511415481567383, "acc_or": 0.6630707383155823, "sender_entropy": 1.9558335542678833, "receiver_entropy": 0.0, "original_loss": 0.7309282422065735, "mean_length": 6.0}
{"mode": "test", "epoch": 97, "loss": 3.430590867996216, "acc": 0.27397260069847107, "acc_or": 0.7568492889404297, "sender_entropy": 1.9868829250335693, "receiver_entropy": 0.0, "original_loss": 0.5455610752105713, "mean_length": 6.0}
{"mode": "train", "epoch": 98, "loss": 3.016099691390991, "acc": 0.17853881418704987, "acc_or": 0.6751141548156738, "sender_entropy": 1.9291809797286987, "receiver_entropy": 0.0, "original_loss": 0.7134144902229309, "mean_length": 6.0}
{"mode": "test", "epoch": 98, "loss": 3.501560688018799, "acc": 0.34246575832366943, "acc_or": 0.7979452013969421, "sender_entropy": 1.96000337600708, "receiver_entropy": 0.0, "original_loss": 0.5219734907150269, "mean_length": 6.0}
{"mode": "train", "epoch": 99, "loss": 3.139397144317627, "acc": 0.18721461296081543, "acc_or": 0.6839041113853455, "sender_entropy": 1.9054884910583496, "receiver_entropy": 0.0, "original_loss": 0.6915482878684998, "mean_length": 6.0}
{"mode": "test", "epoch": 99, "loss": 3.412997245788574, "acc": 0.27397260069847107, "acc_or": 0.7910959124565125, "sender_entropy": 1.9446120262145996, "receiver_entropy": 0.0, "original_loss": 0.5232962965965271, "mean_length": 6.0}
{"mode": "train", "epoch": 100, "loss": 3.243928909301758, "acc": 0.18744291365146637, "acc_or": 0.6872716546058655, "sender_entropy": 1.8776191473007202, "receiver_entropy": 0.0, "original_loss": 0.6751061081886292, "mean_length": 6.0}
{"mode": "test", "epoch": 100, "loss": 3.450260639190674, "acc": 0.3287671208381653, "acc_or": 0.7910959124565125, "sender_entropy": 1.9359439611434937, "receiver_entropy": 0.0, "original_loss": 0.5114977955818176, "mean_length": 6.0}
{"mode": "train", "epoch": 101, "loss": 3.33280086517334, "acc": 0.20684930682182312, "acc_or": 0.6981735229492188, "sender_entropy": 1.861678957939148, "receiver_entropy": 0.0, "original_loss": 0.6595721244812012, "mean_length": 6.0}
{"mode": "test", "epoch": 101, "loss": 3.5557074546813965, "acc": 0.3561643958091736, "acc_or": 0.7979452013969421, "sender_entropy": 1.9398081302642822, "receiver_entropy": 0.0, "original_loss": 0.49357688426971436, "mean_length": 6.0}
{"mode": "train", "epoch": 102, "loss": 3.2880914211273193, "acc": 0.20022830367088318, "acc_or": 0.6976027488708496, "sender_entropy": 1.8548264503479004, "receiver_entropy": 0.0, "original_loss": 0.6602240204811096, "mean_length": 6.0}
{"mode": "test", "epoch": 102, "loss": 3.6341934204101562, "acc": 0.34246575832366943, "acc_or": 0.8082191944122314, "sender_entropy": 1.9559378623962402, "receiver_entropy": 0.0, "original_loss": 0.48855507373809814, "mean_length": 6.0}
{"mode": "train", "epoch": 103, "loss": 3.2103424072265625, "acc": 0.1997716873884201, "acc_or": 0.6938356161117554, "sender_entropy": 1.8640050888061523, "receiver_entropy": 0.0, "original_loss": 0.6657682657241821, "mean_length": 6.0}
{"mode": "test", "epoch": 103, "loss": 3.5785272121429443, "acc": 0.34246575832366943, "acc_or": 0.7945205569267273, "sender_entropy": 1.9654697179794312, "receiver_entropy": 0.0, "original_loss": 0.4932881295681, "mean_length": 6.0}
{"mode": "train", "epoch": 104, "loss": 3.250866413116455, "acc": 0.20707762241363525, "acc_or": 0.6969748735427856, "sender_entropy": 1.8700308799743652, "receiver_entropy": 0.0, "original_loss": 0.6609450578689575, "mean_length": 6.0}
{"mode": "test", "epoch": 104, "loss": 3.6928651332855225, "acc": 0.3287671208381653, "acc_or": 0.7979452013969421, "sender_entropy": 1.9757269620895386, "receiver_entropy": 0.0, "original_loss": 0.48183995485305786, "mean_length": 6.0}
{"mode": "train", "epoch": 105, "loss": 3.1868042945861816, "acc": 0.19748857617378235, "acc_or": 0.6897830963134766, "sender_entropy": 1.8854714632034302, "receiver_entropy": 0.0, "original_loss": 0.6634598970413208, "mean_length": 6.0}
{"mode": "test", "epoch": 105, "loss": 3.723400831222534, "acc": 0.2876712381839752, "acc_or": 0.784246563911438, "sender_entropy": 1.9793787002563477, "receiver_entropy": 0.0, "original_loss": 0.47539404034614563, "mean_length": 6.0}
{"mode": "train", "epoch": 106, "loss": 3.088160991668701, "acc": 0.20684930682182312, "acc_or": 0.6871575117111206, "sender_entropy": 1.89216947555542, "receiver_entropy": 0.0, "original_loss": 0.6682285070419312, "mean_length": 6.0}
{"mode": "test", "epoch": 106, "loss": 3.7171339988708496, "acc": 0.36986300349235535, "acc_or": 0.7945205569267273, "sender_entropy": 1.965043544769287, "receiver_entropy": 0.0, "original_loss": 0.46829819679260254, "mean_length": 6.0}
{"mode": "train", "epoch": 107, "loss": 3.1925277709960938, "acc": 0.21324200928211212, "acc_or": 0.6961758136749268, "sender_entropy": 1.8867759704589844, "receiver_entropy": 0.0, "original_loss": 0.6537121534347534, "mean_length": 6.0}
{"mode": "test", "epoch": 107, "loss": 3.699712038040161, "acc": 0.3561643958091736, "acc_or": 0.801369845867157, "sender_entropy": 1.9574555158615112, "receiver_entropy": 0.0, "original_loss": 0.46811842918395996, "mean_length": 6.0}
{"mode": "train", "epoch": 108, "loss": 3.1899821758270264, "acc": 0.21278537809848785, "acc_or": 0.6959474682807922, "sender_entropy": 1.874077320098877, "receiver_entropy": 0.0, "original_loss": 0.6501777768135071, "mean_length": 6.0}
{"mode": "test", "epoch": 108, "loss": 3.9075722694396973, "acc": 0.34246575832366943, "acc_or": 0.801369845867157, "sender_entropy": 1.951512098312378, "receiver_entropy": 0.0, "original_loss": 0.4366249740123749, "mean_length": 6.0}
{"mode": "train", "epoch": 109, "loss": 3.2325048446655273, "acc": 0.21210044622421265, "acc_or": 0.6984018087387085, "sender_entropy": 1.8659601211547852, "receiver_entropy": 0.0, "original_loss": 0.6383281946182251, "mean_length": 6.0}
{"mode": "test", "epoch": 109, "loss": 3.770508289337158, "acc": 0.31506848335266113, "acc_or": 0.801369845867157, "sender_entropy": 1.937807559967041, "receiver_entropy": 0.0, "original_loss": 0.441109836101532, "mean_length": 6.0}
{"mode": "train", "epoch": 110, "loss": 3.325641632080078, "acc": 0.22214610874652863, "acc_or": 0.7070205211639404, "sender_entropy": 1.842597484588623, "receiver_entropy": 0.0, "original_loss": 0.6244865655899048, "mean_length": 6.0}
{"mode": "test", "epoch": 110, "loss": 3.7377843856811523, "acc": 0.42465752363204956, "acc_or": 0.8150684833526611, "sender_entropy": 1.9299192428588867, "receiver_entropy": 0.0, "original_loss": 0.4409337341785431, "mean_length": 6.0}
{"mode": "train", "epoch": 111, "loss": 3.440216064453125, "acc": 0.2404109537601471, "acc_or": 0.71712327003479, "sender_entropy": 1.8282419443130493, "receiver_entropy": 0.0, "original_loss": 0.6070232391357422, "mean_length": 6.0}
{"mode": "test", "epoch": 111, "loss": 3.7735581398010254, "acc": 0.45205479860305786, "acc_or": 0.8219177722930908, "sender_entropy": 1.917149305343628, "receiver_entropy": 0.0, "original_loss": 0.42846056818962097, "mean_length": 6.0}
{"mode": "train", "epoch": 112, "loss": 3.462097644805908, "acc": 0.2518264651298523, "acc_or": 0.7215182781219482, "sender_entropy": 1.814024806022644, "receiver_entropy": 0.0, "original_loss": 0.5985923409461975, "mean_length": 6.0}
{"mode": "test", "epoch": 112, "loss": 3.745943784713745, "acc": 0.45205479860305786, "acc_or": 0.8287671208381653, "sender_entropy": 1.9047801494598389, "receiver_entropy": 0.0, "original_loss": 0.4257957339286804, "mean_length": 6.0}
{"mode": "train", "epoch": 113, "loss": 3.562249183654785, "acc": 0.25936073064804077, "acc_or": 0.7282534241676331, "sender_entropy": 1.8000426292419434, "receiver_entropy": 0.0, "original_loss": 0.5860325694084167, "mean_length": 6.0}
{"mode": "test", "epoch": 113, "loss": 3.7808966636657715, "acc": 0.4109588861465454, "acc_or": 0.8047944903373718, "sender_entropy": 1.9043657779693604, "receiver_entropy": 0.0, "original_loss": 0.416951060295105, "mean_length": 6.0}
{"mode": "train", "epoch": 114, "loss": 3.5607054233551025, "acc": 0.25936073064804077, "acc_or": 0.7301940321922302, "sender_entropy": 1.7986533641815186, "receiver_entropy": 0.0, "original_loss": 0.5804349780082703, "mean_length": 6.0}
{"mode": "test", "epoch": 114, "loss": 3.9162018299102783, "acc": 0.465753436088562, "acc_or": 0.8253424763679504, "sender_entropy": 1.902722954750061, "receiver_entropy": 0.0, "original_loss": 0.39694318175315857, "mean_length": 6.0}
{"mode": "train", "epoch": 115, "loss": 3.523158311843872, "acc": 0.26484018564224243, "acc_or": 0.7271689176559448, "sender_entropy": 1.799971580505371, "receiver_entropy": 0.0, "original_loss": 0.5798571109771729, "mean_length": 6.0}
{"mode": "test", "epoch": 115, "loss": 3.8970751762390137, "acc": 0.465753436088562, "acc_or": 0.8287671208381653, "sender_entropy": 1.9011993408203125, "receiver_entropy": 0.0, "original_loss": 0.3928920030593872, "mean_length": 6.0}
{"mode": "train", "epoch": 116, "loss": 3.539207696914673, "acc": 0.27694064378738403, "acc_or": 0.7336757779121399, "sender_entropy": 1.8033480644226074, "receiver_entropy": 0.0, "original_loss": 0.5745800137519836, "mean_length": 6.0}
{"mode": "test", "epoch": 116, "loss": 3.9827747344970703, "acc": 0.45205479860305786, "acc_or": 0.8253424763679504, "sender_entropy": 1.9074904918670654, "receiver_entropy": 0.0, "original_loss": 0.38200387358665466, "mean_length": 6.0}
{"mode": "train", "epoch": 117, "loss": 3.4924063682556152, "acc": 0.26803651452064514, "acc_or": 0.7293949723243713, "sender_entropy": 1.8118385076522827, "receiver_entropy": 0.0, "original_loss": 0.5756741166114807, "mean_length": 6.0}
{"mode": "test", "epoch": 117, "loss": 4.043010234832764, "acc": 0.4931506812572479, "acc_or": 0.8424657583236694, "sender_entropy": 1.9076892137527466, "receiver_entropy": 0.0, "original_loss": 0.37040185928344727, "mean_length": 6.0}
{"mode": "train", "epoch": 118, "loss": 3.4651906490325928, "acc": 0.2767123281955719, "acc_or": 0.7332191467285156, "sender_entropy": 1.8141324520111084, "receiver_entropy": 0.0, "original_loss": 0.572882890701294, "mean_length": 6.0}
{"mode": "test", "epoch": 118, "loss": 3.9927730560302734, "acc": 0.5205479264259338, "acc_or": 0.8561643958091736, "sender_entropy": 1.899943470954895, "receiver_entropy": 0.0, "original_loss": 0.36758944392204285, "mean_length": 6.0}
{"mode": "train", "epoch": 119, "loss": 3.5346736907958984, "acc": 0.27968037128448486, "acc_or": 0.7357876300811768, "sender_entropy": 1.8087666034698486, "receiver_entropy": 0.0, "original_loss": 0.5638712644577026, "mean_length": 6.0}
{"mode": "test", "epoch": 119, "loss": 3.96730637550354, "acc": 0.5479452013969421, "acc_or": 0.8630136847496033, "sender_entropy": 1.9006658792495728, "receiver_entropy": 0.0, "original_loss": 0.36424797773361206, "mean_length": 6.0}
{"mode": "train", "epoch": 120, "loss": 3.464848279953003, "acc": 0.2906392514705658, "acc_or": 0.742865264415741, "sender_entropy": 1.8040217161178589, "receiver_entropy": 0.0, "original_loss": 0.5656344890594482, "mean_length": 6.0}
{"mode": "test", "epoch": 120, "loss": 3.9214231967926025, "acc": 0.534246563911438, "acc_or": 0.8561643958091736, "sender_entropy": 1.888588786125183, "receiver_entropy": 0.0, "original_loss": 0.3591683804988861, "mean_length": 6.0}
{"mode": "train", "epoch": 121, "loss": 3.4305105209350586, "acc": 0.27968037128448486, "acc_or": 0.7386986017227173, "sender_entropy": 1.7966314554214478, "receiver_entropy": 0.0, "original_loss": 0.563970148563385, "mean_length": 6.0}
{"mode": "test", "epoch": 121, "loss": 3.9557695388793945, "acc": 0.5205479264259338, "acc_or": 0.8493150472640991, "sender_entropy": 1.876104712486267, "receiver_entropy": 0.0, "original_loss": 0.34736695885658264, "mean_length": 6.0}
{"mode": "train", "epoch": 122, "loss": 3.4622325897216797, "acc": 0.3034246563911438, "acc_or": 0.7440639138221741, "sender_entropy": 1.785608172416687, "receiver_entropy": 0.0, "original_loss": 0.5534705519676208, "mean_length": 6.0}
{"mode": "test", "epoch": 122, "loss": 3.9496216773986816, "acc": 0.4794520437717438, "acc_or": 0.8424657583236694, "sender_entropy": 1.868770956993103, "receiver_entropy": 0.0, "original_loss": 0.34644830226898193, "mean_length": 6.0}
{"mode": "train", "epoch": 123, "loss": 3.5823686122894287, "acc": 0.2949771583080292, "acc_or": 0.7461757659912109, "sender_entropy": 1.7772008180618286, "receiver_entropy": 0.0, "original_loss": 0.5393462777137756, "mean_length": 6.0}
{"mode": "test", "epoch": 123, "loss": 3.932863235473633, "acc": 0.5068492889404297, "acc_or": 0.8595890402793884, "sender_entropy": 1.8674906492233276, "receiver_entropy": 0.0, "original_loss": 0.3471769392490387, "mean_length": 6.0}
{"mode": "train", "epoch": 124, "loss": 3.6574974060058594, "acc": 0.3086757957935333, "acc_or": 0.7566210031509399, "sender_entropy": 1.7667688131332397, "receiver_entropy": 0.0, "original_loss": 0.5244986414909363, "mean_length": 6.0}
{"mode": "test", "epoch": 124, "loss": 3.9954051971435547, "acc": 0.5753424763679504, "acc_or": 0.8767123222351074, "sender_entropy": 1.867701530456543, "receiver_entropy": 0.0, "original_loss": 0.3350396752357483, "mean_length": 6.0}
{"mode": "train", "epoch": 125, "loss": 3.6096696853637695, "acc": 0.3054794371128082, "acc_or": 0.7548515796661377, "sender_entropy": 1.7643691301345825, "receiver_entropy": 0.0, "original_loss": 0.5243545770645142, "mean_length": 6.0}
{"mode": "test", "epoch": 125, "loss": 4.022952079772949, "acc": 0.5753424763679504, "acc_or": 0.8767123222351074, "sender_entropy": 1.8695251941680908, "receiver_entropy": 0.0, "original_loss": 0.32758089900016785, "mean_length": 6.0}
{"mode": "train", "epoch": 126, "loss": 3.5841803550720215, "acc": 0.3205479383468628, "acc_or": 0.7606164216995239, "sender_entropy": 1.7618904113769531, "receiver_entropy": 0.0, "original_loss": 0.5228968262672424, "mean_length": 6.0}
{"mode": "test", "epoch": 126, "loss": 4.004700660705566, "acc": 0.5479452013969421, "acc_or": 0.8767123222351074, "sender_entropy": 1.8695486783981323, "receiver_entropy": 0.0, "original_loss": 0.32780250906944275, "mean_length": 6.0}
{"mode": "train", "epoch": 127, "loss": 3.697092056274414, "acc": 0.3319634795188904, "acc_or": 0.7668378949165344, "sender_entropy": 1.7579405307769775, "receiver_entropy": 0.0, "original_loss": 0.5075784921646118, "mean_length": 6.0}
{"mode": "test", "epoch": 127, "loss": 4.002014636993408, "acc": 0.5753424763679504, "acc_or": 0.8869863152503967, "sender_entropy": 1.8654149770736694, "receiver_entropy": 0.0, "original_loss": 0.31827399134635925, "mean_length": 6.0}
{"mode": "train", "epoch": 128, "loss": 3.660700798034668, "acc": 0.3301369845867157, "acc_or": 0.7680365443229675, "sender_entropy": 1.7529807090759277, "receiver_entropy": 0.0, "original_loss": 0.5058643221855164, "mean_length": 6.0}
{"mode": "test", "epoch": 128, "loss": 3.899984359741211, "acc": 0.5616438388824463, "acc_or": 0.8801369667053223, "sender_entropy": 1.8583526611328125, "receiver_entropy": 0.0, "original_loss": 0.31828072667121887, "mean_length": 6.0}
{"mode": "train", "epoch": 129, "loss": 3.662654399871826, "acc": 0.3397260308265686, "acc_or": 0.7735730409622192, "sender_entropy": 1.746596097946167, "receiver_entropy": 0.0, "original_loss": 0.49823862314224243, "mean_length": 6.0}
{"mode": "test", "epoch": 129, "loss": 3.9493439197540283, "acc": 0.6164383292198181, "acc_or": 0.8938356041908264, "sender_entropy": 1.8499075174331665, "receiver_entropy": 0.0, "original_loss": 0.3073021471500397, "mean_length": 6.0}
{"mode": "train", "epoch": 130, "loss": 3.660447120666504, "acc": 0.3397260308265686, "acc_or": 0.7750570774078369, "sender_entropy": 1.73451566696167, "receiver_entropy": 0.0, "original_loss": 0.49296048283576965, "mean_length": 6.0}
{"mode": "test", "epoch": 130, "loss": 3.939340591430664, "acc": 0.5616438388824463, "acc_or": 0.8835616111755371, "sender_entropy": 1.837938666343689, "receiver_entropy": 0.0, "original_loss": 0.29890039563179016, "mean_length": 6.0}
{"mode": "train", "epoch": 131, "loss": 3.8244757652282715, "acc": 0.36666667461395264, "acc_or": 0.7847031950950623, "sender_entropy": 1.718569040298462, "receiver_entropy": 0.0, "original_loss": 0.4726933538913727, "mean_length": 6.0}
{"mode": "test", "epoch": 131, "loss": 4.018649101257324, "acc": 0.6575342416763306, "acc_or": 0.8972602486610413, "sender_entropy": 1.8317821025848389, "receiver_entropy": 0.0, "original_loss": 0.2848621606826782, "mean_length": 6.0}
{"mode": "train", "epoch": 132, "loss": 3.8317208290100098, "acc": 0.3760274052619934, "acc_or": 0.7916095852851868, "sender_entropy": 1.7110984325408936, "receiver_entropy": 0.0, "original_loss": 0.4642360806465149, "mean_length": 6.0}
{"mode": "test", "epoch": 132, "loss": 4.02839994430542, "acc": 0.6575342416763306, "acc_or": 0.9006849527359009, "sender_entropy": 1.8216674327850342, "receiver_entropy": 0.0, "original_loss": 0.27378082275390625, "mean_length": 6.0}
{"mode": "train", "epoch": 133, "loss": 3.74661922454834, "acc": 0.37557077407836914, "acc_or": 0.7892693877220154, "sender_entropy": 1.705305576324463, "receiver_entropy": 0.0, "original_loss": 0.46609702706336975, "mean_length": 6.0}
{"mode": "test", "epoch": 133, "loss": 4.00191593170166, "acc": 0.602739691734314, "acc_or": 0.8938356041908264, "sender_entropy": 1.8111616373062134, "receiver_entropy": 0.0, "original_loss": 0.27086395025253296, "mean_length": 6.0}
{"mode": "train", "epoch": 134, "loss": 3.8426642417907715, "acc": 0.38013696670532227, "acc_or": 0.7934931516647339, "sender_entropy": 1.6983479261398315, "receiver_entropy": 0.0, "original_loss": 0.4550251066684723, "mean_length": 6.0}
{"mode": "test", "epoch": 134, "loss": 4.072555065155029, "acc": 0.6438356041908264, "acc_or": 0.9075342416763306, "sender_entropy": 1.8122745752334595, "receiver_entropy": 0.0, "original_loss": 0.2605900764465332, "mean_length": 6.0}
{"mode": "train", "epoch": 135, "loss": 3.794616460800171, "acc": 0.3810502290725708, "acc_or": 0.7950342297554016, "sender_entropy": 1.6993286609649658, "receiver_entropy": 0.0, "original_loss": 0.45585328340530396, "mean_length": 6.0}
{"mode": "test", "epoch": 135, "loss": 4.114138126373291, "acc": 0.6164383292198181, "acc_or": 0.9006849527359009, "sender_entropy": 1.8164523839950562, "receiver_entropy": 0.0, "original_loss": 0.2544662654399872, "mean_length": 6.0}
{"mode": "train", "epoch": 136, "loss": 3.798851728439331, "acc": 0.3936072885990143, "acc_or": 0.7988584637641907, "sender_entropy": 1.6989269256591797, "receiver_entropy": 0.0, "original_loss": 0.45041102170944214, "mean_length": 6.0}
{"mode": "test", "epoch": 136, "loss": 4.179647922515869, "acc": 0.6301369667053223, "acc_or": 0.9041095972061157, "sender_entropy": 1.8190864324569702, "receiver_entropy": 0.0, "original_loss": 0.24555470049381256, "mean_length": 6.0}
{"mode": "train", "epoch": 137, "loss": 3.7247276306152344, "acc": 0.3860730528831482, "acc_or": 0.7988584637641907, "sender_entropy": 1.7033607959747314, "receiver_entropy": 0.0, "original_loss": 0.45320630073547363, "mean_length": 6.0}
{"mode": "test", "epoch": 137, "loss": 4.1015191078186035, "acc": 0.602739691734314, "acc_or": 0.8972602486610413, "sender_entropy": 1.8170675039291382, "receiver_entropy": 0.0, "original_loss": 0.25515908002853394, "mean_length": 6.0}
{"mode": "train", "epoch": 138, "loss": 3.8139166831970215, "acc": 0.39977169036865234, "acc_or": 0.8002282977104187, "sender_entropy": 1.7004923820495605, "receiver_entropy": 0.0, "original_loss": 0.442008376121521, "mean_length": 6.0}
{"mode": "test", "epoch": 138, "loss": 4.062844753265381, "acc": 0.6712328791618347, "acc_or": 0.9109588861465454, "sender_entropy": 1.8155611753463745, "receiver_entropy": 0.0, "original_loss": 0.2566954791545868, "mean_length": 6.0}
{"mode": "train", "epoch": 139, "loss": 3.7816619873046875, "acc": 0.3977168798446655, "acc_or": 0.8001711964607239, "sender_entropy": 1.7004058361053467, "receiver_entropy": 0.0, "original_loss": 0.44481104612350464, "mean_length": 6.0}
{"mode": "test", "epoch": 139, "loss": 4.15181827545166, "acc": 0.7397260069847107, "acc_or": 0.931506872177124, "sender_entropy": 1.8189539909362793, "receiver_entropy": 0.0, "original_loss": 0.24272991716861725, "mean_length": 6.0}
{"mode": "train", "epoch": 140, "loss": 3.599320411682129, "acc": 0.39520546793937683, "acc_or": 0.8004565834999084, "sender_entropy": 1.7036489248275757, "receiver_entropy": 0.0, "original_loss": 0.45494428277015686, "mean_length": 6.0}
{"mode": "test", "epoch": 140, "loss": 4.106627464294434, "acc": 0.6712328791618347, "acc_or": 0.9143835306167603, "sender_entropy": 1.8137555122375488, "receiver_entropy": 0.0, "original_loss": 0.24059472978115082, "mean_length": 6.0}
{"mode": "train", "epoch": 141, "loss": 3.6656086444854736, "acc": 0.3963470160961151, "acc_or": 0.8009132146835327, "sender_entropy": 1.6966992616653442, "receiver_entropy": 0.0, "original_loss": 0.44493982195854187, "mean_length": 6.0}
{"mode": "test", "epoch": 141, "loss": 3.9750218391418457, "acc": 0.698630154132843, "acc_or": 0.9143835306167603, "sender_entropy": 1.7968531847000122, "receiver_entropy": 0.0, "original_loss": 0.24400146305561066, "mean_length": 6.0}
{"mode": "train", "epoch": 142, "loss": 3.7061269283294678, "acc": 0.40296801924705505, "acc_or": 0.8029680252075195, "sender_entropy": 1.6858001947402954, "receiver_entropy": 0.0, "original_loss": 0.43363186717033386, "mean_length": 6.0}
{"mode": "test", "epoch": 142, "loss": 4.038562774658203, "acc": 0.7260273694992065, "acc_or": 0.9246575236320496, "sender_entropy": 1.7942250967025757, "receiver_entropy": 0.0, "original_loss": 0.2295331060886383, "mean_length": 6.0}
{"mode": "train", "epoch": 143, "loss": 3.7305030822753906, "acc": 0.4123287498950958, "acc_or": 0.8093607425689697, "sender_entropy": 1.6754460334777832, "receiver_entropy": 0.0, "original_loss": 0.42944368720054626, "mean_length": 6.0}
{"mode": "test", "epoch": 143, "loss": 4.036159515380859, "acc": 0.7534246444702148, "acc_or": 0.9383561611175537, "sender_entropy": 1.7872819900512695, "receiver_entropy": 0.0, "original_loss": 0.21884095668792725, "mean_length": 6.0}
{"mode": "train", "epoch": 144, "loss": 3.7752697467803955, "acc": 0.4248858392238617, "acc_or": 0.814497709274292, "sender_entropy": 1.670005202293396, "receiver_entropy": 0.0, "original_loss": 0.4187977612018585, "mean_length": 6.0}
{"mode": "test", "epoch": 144, "loss": 4.088715076446533, "acc": 0.7945205569267273, "acc_or": 0.948630154132843, "sender_entropy": 1.786877155303955, "receiver_entropy": 0.0, "original_loss": 0.20568764209747314, "mean_length": 6.0}
{"mode": "train", "epoch": 145, "loss": 3.815642833709717, "acc": 0.4344748854637146, "acc_or": 0.819805920124054, "sender_entropy": 1.6759587526321411, "receiver_entropy": 0.0, "original_loss": 0.4100995659828186, "mean_length": 6.0}
{"mode": "test", "epoch": 145, "loss": 4.019079685211182, "acc": 0.7397260069847107, "acc_or": 0.931506872177124, "sender_entropy": 1.7874078750610352, "receiver_entropy": 0.0, "original_loss": 0.21083898842334747, "mean_length": 6.0}
{"mode": "train", "epoch": 146, "loss": 3.736135959625244, "acc": 0.43607306480407715, "acc_or": 0.81917804479599, "sender_entropy": 1.6698330640792847, "receiver_entropy": 0.0, "original_loss": 0.4162483215332031, "mean_length": 6.0}
{"mode": "test", "epoch": 146, "loss": 4.054869651794434, "acc": 0.7945205569267273, "acc_or": 0.948630154132843, "sender_entropy": 1.7783007621765137, "receiver_entropy": 0.0, "original_loss": 0.1976117640733719, "mean_length": 6.0}
{"mode": "train", "epoch": 147, "loss": 3.7769103050231934, "acc": 0.44292235374450684, "acc_or": 0.8213469982147217, "sender_entropy": 1.6655060052871704, "receiver_entropy": 0.0, "original_loss": 0.407241553068161, "mean_length": 6.0}
{"mode": "test", "epoch": 147, "loss": 3.9810733795166016, "acc": 0.767123281955719, "acc_or": 0.9383561611175537, "sender_entropy": 1.7765122652053833, "receiver_entropy": 0.0, "original_loss": 0.20437753200531006, "mean_length": 6.0}
{"mode": "train", "epoch": 148, "loss": 3.724172592163086, "acc": 0.44634702801704407, "acc_or": 0.8242579698562622, "sender_entropy": 1.6581828594207764, "receiver_entropy": 0.0, "original_loss": 0.4050688147544861, "mean_length": 6.0}
{"mode": "test", "epoch": 148, "loss": 3.918287515640259, "acc": 0.7534246444702148, "acc_or": 0.9349315166473389, "sender_entropy": 1.7734850645065308, "receiver_entropy": 0.0, "original_loss": 0.20521225035190582, "mean_length": 6.0}
{"mode": "train", "epoch": 149, "loss": 3.793292760848999, "acc": 0.4541095793247223, "acc_or": 0.8304223418235779, "sender_entropy": 1.6469368934631348, "receiver_entropy": 0.0, "original_loss": 0.3931226134300232, "mean_length": 6.0}
{"mode": "test", "epoch": 149, "loss": 3.9352338314056396, "acc": 0.7945205569267273, "acc_or": 0.9452054500579834, "sender_entropy": 1.7649844884872437, "receiver_entropy": 0.0, "original_loss": 0.1962580531835556, "mean_length": 6.0}
{"mode": "train", "epoch": 150, "loss": 3.81015944480896, "acc": 0.4675799012184143, "acc_or": 0.8346461057662964, "sender_entropy": 1.6420036554336548, "receiver_entropy": 0.0, "original_loss": 0.3858495056629181, "mean_length": 6.0}
{"mode": "test", "epoch": 150, "loss": 3.936978816986084, "acc": 0.7534246444702148, "acc_or": 0.9383561611175537, "sender_entropy": 1.7553995847702026, "receiver_entropy": 0.0, "original_loss": 0.18808025121688843, "mean_length": 6.0}
{"mode": "train", "epoch": 151, "loss": 3.7898781299591064, "acc": 0.47100454568862915, "acc_or": 0.8343607187271118, "sender_entropy": 1.6381144523620605, "receiver_entropy": 0.0, "original_loss": 0.3837593197822571, "mean_length": 6.0}
{"mode": "test", "epoch": 151, "loss": 3.9527735710144043, "acc": 0.7945205569267273, "acc_or": 0.948630154132843, "sender_entropy": 1.7471988201141357, "receiver_entropy": 0.0, "original_loss": 0.18105648458003998, "mean_length": 6.0}
{"mode": "train", "epoch": 152, "loss": 3.876127243041992, "acc": 0.48561641573905945, "acc_or": 0.8410958647727966, "sender_entropy": 1.6286438703536987, "receiver_entropy": 0.0, "original_loss": 0.3701404333114624, "mean_length": 6.0}
{"mode": "test", "epoch": 152, "loss": 3.937246322631836, "acc": 0.7945205569267273, "acc_or": 0.948630154132843, "sender_entropy": 1.7402925491333008, "receiver_entropy": 0.0, "original_loss": 0.17717687785625458, "mean_length": 6.0}
{"mode": "train", "epoch": 153, "loss": 3.8797690868377686, "acc": 0.4968036413192749, "acc_or": 0.8439497351646423, "sender_entropy": 1.6248698234558105, "receiver_entropy": 0.0, "original_loss": 0.36495453119277954, "mean_length": 6.0}
{"mode": "test", "epoch": 153, "loss": 3.879491090774536, "acc": 0.7123287916183472, "acc_or": 0.9280821681022644, "sender_entropy": 1.7419761419296265, "receiver_entropy": 0.0, "original_loss": 0.183317169547081, "mean_length": 6.0}
{"mode": "train", "epoch": 154, "loss": 3.9203319549560547, "acc": 0.5123287439346313, "acc_or": 0.8499999642372131, "sender_entropy": 1.6228185892105103, "receiver_entropy": 0.0, "original_loss": 0.3559128940105438, "mean_length": 6.0}
{"mode": "test", "epoch": 154, "loss": 3.85214900970459, "acc": 0.7260273694992065, "acc_or": 0.931506872177124, "sender_entropy": 1.7351415157318115, "receiver_entropy": 0.0, "original_loss": 0.17948435246944427, "mean_length": 6.0}
{"mode": "train", "epoch": 155, "loss": 3.868908166885376, "acc": 0.5189497470855713, "acc_or": 0.8501141667366028, "sender_entropy": 1.617730736732483, "receiver_entropy": 0.0, "original_loss": 0.3556293547153473, "mean_length": 6.0}
{"mode": "test", "epoch": 155, "loss": 3.8262579441070557, "acc": 0.7397260069847107, "acc_or": 0.9349315166473389, "sender_entropy": 1.7336734533309937, "receiver_entropy": 0.0, "original_loss": 0.17454566061496735, "mean_length": 6.0}
{"mode": "train", "epoch": 156, "loss": 3.8645520210266113, "acc": 0.517808198928833, "acc_or": 0.8513698577880859, "sender_entropy": 1.61638343334198, "receiver_entropy": 0.0, "original_loss": 0.35096418857574463, "mean_length": 6.0}
{"mode": "test", "epoch": 156, "loss": 3.788762092590332, "acc": 0.767123281955719, "acc_or": 0.9417808055877686, "sender_entropy": 1.7330753803253174, "receiver_entropy": 0.0, "original_loss": 0.17305061221122742, "mean_length": 6.0}
{"mode": "train", "epoch": 157, "loss": 3.8295388221740723, "acc": 0.5219178199768066, "acc_or": 0.8526826500892639, "sender_entropy": 1.6123193502426147, "receiver_entropy": 0.0, "original_loss": 0.35135558247566223, "mean_length": 6.0}
{"mode": "test", "epoch": 157, "loss": 3.7969918251037598, "acc": 0.7808219194412231, "acc_or": 0.9452054500579834, "sender_entropy": 1.7334624528884888, "receiver_entropy": 0.0, "original_loss": 0.16792148351669312, "mean_length": 6.0}
{"mode": "train", "epoch": 158, "loss": 3.8371376991271973, "acc": 0.5257990956306458, "acc_or": 0.8562214374542236, "sender_entropy": 1.6136592626571655, "receiver_entropy": 0.0, "original_loss": 0.3501221239566803, "mean_length": 6.0}
{"mode": "test", "epoch": 158, "loss": 3.8515474796295166, "acc": 0.7945205569267273, "acc_or": 0.948630154132843, "sender_entropy": 1.7409863471984863, "receiver_entropy": 0.0, "original_loss": 0.16166499257087708, "mean_length": 6.0}
{"mode": "train", "epoch": 159, "loss": 3.8055994510650635, "acc": 0.5210045576095581, "acc_or": 0.8544520139694214, "sender_entropy": 1.6187068223953247, "receiver_entropy": 0.0, "original_loss": 0.35069385170936584, "mean_length": 6.0}
{"mode": "test", "epoch": 159, "loss": 3.8746120929718018, "acc": 0.8219177722930908, "acc_or": 0.9554794430732727, "sender_entropy": 1.7408024072647095, "receiver_entropy": 0.0, "original_loss": 0.1587938517332077, "mean_length": 6.0}
{"mode": "train", "epoch": 160, "loss": 3.760272979736328, "acc": 0.5200912952423096, "acc_or": 0.8529109358787537, "sender_entropy": 1.6214460134506226, "receiver_entropy": 0.0, "original_loss": 0.35134026408195496, "mean_length": 6.0}
{"mode": "test", "epoch": 160, "loss": 3.853705883026123, "acc": 0.7808219194412231, "acc_or": 0.9452054500579834, "sender_entropy": 1.7326339483261108, "receiver_entropy": 0.0, "original_loss": 0.15810886025428772, "mean_length": 6.0}
{"mode": "train", "epoch": 161, "loss": 3.787731647491455, "acc": 0.5392693877220154, "acc_or": 0.8585045337677002, "sender_entropy": 1.6170344352722168, "receiver_entropy": 0.0, "original_loss": 0.3435543179512024, "mean_length": 6.0}
{"mode": "test", "epoch": 161, "loss": 3.9154882431030273, "acc": 0.8219177722930908, "acc_or": 0.9554794430732727, "sender_entropy": 1.7392233610153198, "receiver_entropy": 0.0, "original_loss": 0.1435665786266327, "mean_length": 6.0}
{"mode": "train", "epoch": 162, "loss": 3.7393553256988525, "acc": 0.5319634675979614, "acc_or": 0.8555365204811096, "sender_entropy": 1.6167069673538208, "receiver_entropy": 0.0, "original_loss": 0.3456474840641022, "mean_length": 6.0}
{"mode": "test", "epoch": 162, "loss": 3.9880435466766357, "acc": 0.8493150472640991, "acc_or": 0.9623287320137024, "sender_entropy": 1.7491434812545776, "receiver_entropy": 0.0, "original_loss": 0.14059513807296753, "mean_length": 6.0}
{"mode": "train", "epoch": 163, "loss": 3.7155954837799072, "acc": 0.5378995537757874, "acc_or": 0.8582762479782104, "sender_entropy": 1.6144828796386719, "receiver_entropy": 0.0, "original_loss": 0.3422514498233795, "mean_length": 6.0}
{"mode": "test", "epoch": 163, "loss": 3.8903379440307617, "acc": 0.8493150472640991, "acc_or": 0.9589040875434875, "sender_entropy": 1.7352912425994873, "receiver_entropy": 0.0, "original_loss": 0.14105506241321564, "mean_length": 6.0}
{"mode": "train", "epoch": 164, "loss": 3.747342109680176, "acc": 0.5529680252075195, "acc_or": 0.8646689653396606, "sender_entropy": 1.6062041521072388, "receiver_entropy": 0.0, "original_loss": 0.331547349691391, "mean_length": 6.0}
{"mode": "test", "epoch": 164, "loss": 3.8848838806152344, "acc": 0.835616409778595, "acc_or": 0.9589040875434875, "sender_entropy": 1.7239189147949219, "receiver_entropy": 0.0, "original_loss": 0.13327127695083618, "mean_length": 6.0}
{"mode": "train", "epoch": 165, "loss": 3.8577542304992676, "acc": 0.5472602844238281, "acc_or": 0.8663241863250732, "sender_entropy": 1.5939767360687256, "receiver_entropy": 0.0, "original_loss": 0.3186910152435303, "mean_length": 6.0}
{"mode": "test", "epoch": 165, "loss": 3.8654139041900635, "acc": 0.8493150472640991, "acc_or": 0.9623287320137024, "sender_entropy": 1.7175580263137817, "receiver_entropy": 0.0, "original_loss": 0.12955977022647858, "mean_length": 6.0}
{"mode": "train", "epoch": 166, "loss": 3.7878103256225586, "acc": 0.5586757659912109, "acc_or": 0.866552472114563, "sender_entropy": 1.5923558473587036, "receiver_entropy": 0.0, "original_loss": 0.32226237654685974, "mean_length": 6.0}
{"mode": "test", "epoch": 166, "loss": 3.8801827430725098, "acc": 0.8493150472640991, "acc_or": 0.9623287320137024, "sender_entropy": 1.7214009761810303, "receiver_entropy": 0.0, "original_loss": 0.12842552363872528, "mean_length": 6.0}
{"mode": "train", "epoch": 167, "loss": 3.8233084678649902, "acc": 0.5714612007141113, "acc_or": 0.8719748854637146, "sender_entropy": 1.5966488122940063, "receiver_entropy": 0.0, "original_loss": 0.31496113538742065, "mean_length": 6.0}
{"mode": "test", "epoch": 167, "loss": 3.9063234329223633, "acc": 0.8767123222351074, "acc_or": 0.9691780805587769, "sender_entropy": 1.7259424924850464, "receiver_entropy": 0.0, "original_loss": 0.12510241568088531, "mean_length": 6.0}
{"mode": "train", "epoch": 168, "loss": 3.8589882850646973, "acc": 0.5867579579353333, "acc_or": 0.8777397274971008, "sender_entropy": 1.5936466455459595, "receiver_entropy": 0.0, "original_loss": 0.30715346336364746, "mean_length": 6.0}
{"mode": "test", "epoch": 168, "loss": 3.8426170349121094, "acc": 0.8904109597206116, "acc_or": 0.9726027250289917, "sender_entropy": 1.7215830087661743, "receiver_entropy": 0.0, "original_loss": 0.1256808191537857, "mean_length": 6.0}
{"mode": "train", "epoch": 169, "loss": 3.785660982131958, "acc": 0.5828766822814941, "acc_or": 0.8754566311836243, "sender_entropy": 1.5960696935653687, "receiver_entropy": 0.0, "original_loss": 0.31397145986557007, "mean_length": 6.0}
{"mode": "test", "epoch": 169, "loss": 3.8277063369750977, "acc": 0.8904109597206116, "acc_or": 0.9726027250289917, "sender_entropy": 1.7253127098083496, "receiver_entropy": 0.0, "original_loss": 0.1273476481437683, "mean_length": 6.0}
{"mode": "train", "epoch": 170, "loss": 3.7315568923950195, "acc": 0.5716894865036011, "acc_or": 0.872374415397644, "sender_entropy": 1.5960218906402588, "receiver_entropy": 0.0, "original_loss": 0.31606152653694153, "mean_length": 6.0}
{"mode": "test", "epoch": 170, "loss": 3.9122068881988525, "acc": 0.9452054500579834, "acc_or": 0.9863013625144958, "sender_entropy": 1.730154275894165, "receiver_entropy": 0.0, "original_loss": 0.11421550810337067, "mean_length": 6.0}
{"mode": "train", "epoch": 171, "loss": 3.6109237670898438, "acc": 0.5582191944122314, "acc_or": 0.8680936098098755, "sender_entropy": 1.5994236469268799, "receiver_entropy": 0.0, "original_loss": 0.32682740688323975, "mean_length": 6.0}
{"mode": "test", "epoch": 171, "loss": 3.892817497253418, "acc": 0.9178082346916199, "acc_or": 0.9760273694992065, "sender_entropy": 1.7246763706207275, "receiver_entropy": 0.0, "original_loss": 0.11111311614513397, "mean_length": 6.0}
{"mode": "train", "epoch": 172, "loss": 3.667156934738159, "acc": 0.560502290725708, "acc_or": 0.869862973690033, "sender_entropy": 1.598503828048706, "receiver_entropy": 0.0, "original_loss": 0.31753191351890564, "mean_length": 6.0}
{"mode": "test", "epoch": 172, "loss": 3.8125863075256348, "acc": 0.8904109597206116, "acc_or": 0.9691780805587769, "sender_entropy": 1.7166413068771362, "receiver_entropy": 0.0, "original_loss": 0.11026141792535782, "mean_length": 6.0}
{"mode": "train", "epoch": 173, "loss": 3.709977388381958, "acc": 0.5904109477996826, "acc_or": 0.8787671327590942, "sender_entropy": 1.5912070274353027, "receiver_entropy": 0.0, "original_loss": 0.3055248260498047, "mean_length": 6.0}
{"mode": "test", "epoch": 173, "loss": 3.7533087730407715, "acc": 0.9041095972061157, "acc_or": 0.9760273694992065, "sender_entropy": 1.7019789218902588, "receiver_entropy": 0.0, "original_loss": 0.11087644845247269, "mean_length": 6.0}
{"mode": "train", "epoch": 174, "loss": 3.7412357330322266, "acc": 0.5970319509506226, "acc_or": 0.8801940679550171, "sender_entropy": 1.574175477027893, "receiver_entropy": 0.0, "original_loss": 0.295025110244751, "mean_length": 6.0}
{"mode": "test", "epoch": 174, "loss": 3.750671625137329, "acc": 0.931506872177124, "acc_or": 0.982876718044281, "sender_entropy": 1.6870079040527344, "receiver_entropy": 0.0, "original_loss": 0.10210878401994705, "mean_length": 6.0}
{"mode": "train", "epoch": 175, "loss": 3.756654977798462, "acc": 0.6116438508033752, "acc_or": 0.8859018087387085, "sender_entropy": 1.5635790824890137, "receiver_entropy": 0.0, "original_loss": 0.2892589569091797, "mean_length": 6.0}
{"mode": "test", "epoch": 175, "loss": 3.7611632347106934, "acc": 0.931506872177124, "acc_or": 0.982876718044281, "sender_entropy": 1.683207631111145, "receiver_entropy": 0.0, "original_loss": 0.09679748862981796, "mean_length": 6.0}
{"mode": "train", "epoch": 176, "loss": 3.785137414932251, "acc": 0.6146118640899658, "acc_or": 0.8871004581451416, "sender_entropy": 1.5593388080596924, "receiver_entropy": 0.0, "original_loss": 0.28234174847602844, "mean_length": 6.0}
{"mode": "test", "epoch": 176, "loss": 3.7589681148529053, "acc": 0.931506872177124, "acc_or": 0.982876718044281, "sender_entropy": 1.679355502128601, "receiver_entropy": 0.0, "original_loss": 0.09072957187891006, "mean_length": 6.0}
{"mode": "train", "epoch": 177, "loss": 3.7799482345581055, "acc": 0.6244292259216309, "acc_or": 0.8904680013656616, "sender_entropy": 1.5545549392700195, "receiver_entropy": 0.0, "original_loss": 0.27768033742904663, "mean_length": 6.0}
{"mode": "test", "epoch": 177, "loss": 3.701108694076538, "acc": 0.9452054500579834, "acc_or": 0.982876718044281, "sender_entropy": 1.6817529201507568, "receiver_entropy": 0.0, "original_loss": 0.09792228788137436, "mean_length": 6.0}
{"mode": "train", "epoch": 178, "loss": 3.750217914581299, "acc": 0.6198630332946777, "acc_or": 0.8890981674194336, "sender_entropy": 1.5488436222076416, "receiver_entropy": 0.0, "original_loss": 0.2785871922969818, "mean_length": 6.0}
{"mode": "test", "epoch": 178, "loss": 3.730224370956421, "acc": 0.9452054500579834, "acc_or": 0.9863013625144958, "sender_entropy": 1.6736209392547607, "receiver_entropy": 0.0, "original_loss": 0.08743744343519211, "mean_length": 6.0}
{"mode": "train", "epoch": 179, "loss": 3.8194479942321777, "acc": 0.6376712322235107, "acc_or": 0.894120991230011, "sender_entropy": 1.5445467233657837, "receiver_entropy": 0.0, "original_loss": 0.2652910053730011, "mean_length": 6.0}
{"mode": "test", "epoch": 179, "loss": 3.7032229900360107, "acc": 0.9452054500579834, "acc_or": 0.9863013625144958, "sender_entropy": 1.6670082807540894, "receiver_entropy": 0.0, "original_loss": 0.08646704256534576, "mean_length": 6.0}
{"mode": "train", "epoch": 180, "loss": 3.6570520401000977, "acc": 0.6305935978889465, "acc_or": 0.8900684714317322, "sender_entropy": 1.5414656400680542, "receiver_entropy": 0.0, "original_loss": 0.2772282660007477, "mean_length": 6.0}
{"mode": "test", "epoch": 180, "loss": 3.6462786197662354, "acc": 0.9726027250289917, "acc_or": 0.9931506514549255, "sender_entropy": 1.6551223993301392, "receiver_entropy": 0.0, "original_loss": 0.08161136507987976, "mean_length": 6.0}
{"mode": "train", "epoch": 181, "loss": 3.818812131881714, "acc": 0.6614155173301697, "acc_or": 0.9023972749710083, "sender_entropy": 1.53981351852417, "receiver_entropy": 0.0, "original_loss": 0.2545160949230194, "mean_length": 6.0}
{"mode": "test", "epoch": 181, "loss": 3.596832513809204, "acc": 0.9452054500579834, "acc_or": 0.9863013625144958, "sender_entropy": 1.6541897058486938, "receiver_entropy": 0.0, "original_loss": 0.08531360328197479, "mean_length": 6.0}
{"mode": "train", "epoch": 182, "loss": 3.7732467651367188, "acc": 0.6621004343032837, "acc_or": 0.9011986255645752, "sender_entropy": 1.5343533754348755, "receiver_entropy": 0.0, "original_loss": 0.25593626499176025, "mean_length": 6.0}
{"mode": "test", "epoch": 182, "loss": 3.5766654014587402, "acc": 0.9726027250289917, "acc_or": 0.9931506514549255, "sender_entropy": 1.6576757431030273, "receiver_entropy": 0.0, "original_loss": 0.085422582924366, "mean_length": 6.0}
{"mode": "train", "epoch": 183, "loss": 3.7408642768859863, "acc": 0.6557077765464783, "acc_or": 0.8985159397125244, "sender_entropy": 1.532416582107544, "receiver_entropy": 0.0, "original_loss": 0.26111406087875366, "mean_length": 6.0}
{"mode": "test", "epoch": 183, "loss": 3.5807199478149414, "acc": 0.9589040875434875, "acc_or": 0.9897260069847107, "sender_entropy": 1.6594995260238647, "receiver_entropy": 0.0, "original_loss": 0.08046449720859528, "mean_length": 6.0}
{"mode": "train", "epoch": 184, "loss": 3.717099189758301, "acc": 0.6502283215522766, "acc_or": 0.8984588980674744, "sender_entropy": 1.5399106740951538, "receiver_entropy": 0.0, "original_loss": 0.2605820894241333, "mean_length": 6.0}
{"mode": "test", "epoch": 184, "loss": 3.605437755584717, "acc": 0.9589040875434875, "acc_or": 0.9897260069847107, "sender_entropy": 1.6672934293746948, "receiver_entropy": 0.0, "original_loss": 0.07720815390348434, "mean_length": 6.0}
{"mode": "train", "epoch": 185, "loss": 3.6898677349090576, "acc": 0.6488584280014038, "acc_or": 0.8975456357002258, "sender_entropy": 1.544952392578125, "receiver_entropy": 0.0, "original_loss": 0.26293253898620605, "mean_length": 6.0}
{"mode": "test", "epoch": 185, "loss": 3.6905605792999268, "acc": 0.9863013625144958, "acc_or": 0.9965753555297852, "sender_entropy": 1.667893409729004, "receiver_entropy": 0.0, "original_loss": 0.06273858994245529, "mean_length": 6.0}
{"mode": "train", "epoch": 186, "loss": 3.6264443397521973, "acc": 0.6504566073417664, "acc_or": 0.8976027369499207, "sender_entropy": 1.5526323318481445, "receiver_entropy": 0.0, "original_loss": 0.26728594303131104, "mean_length": 6.0}
{"mode": "test", "epoch": 186, "loss": 3.6714460849761963, "acc": 0.9863013625144958, "acc_or": 0.9965753555297852, "sender_entropy": 1.6774940490722656, "receiver_entropy": 0.0, "original_loss": 0.06618083268404007, "mean_length": 6.0}
{"mode": "train", "epoch": 187, "loss": 3.5986857414245605, "acc": 0.6463470458984375, "acc_or": 0.8956050276756287, "sender_entropy": 1.5559941530227661, "receiver_entropy": 0.0, "original_loss": 0.2676982283592224, "mean_length": 6.0}
{"mode": "test", "epoch": 187, "loss": 3.662583112716675, "acc": 0.9863013625144958, "acc_or": 0.9965753555297852, "sender_entropy": 1.671899676322937, "receiver_entropy": 0.0, "original_loss": 0.061326730996370316, "mean_length": 6.0}
{"mode": "train", "epoch": 188, "loss": 3.6445882320404053, "acc": 0.6511415243148804, "acc_or": 0.8984588980674744, "sender_entropy": 1.5502283573150635, "receiver_entropy": 0.0, "original_loss": 0.2594773471355438, "mean_length": 6.0}
{"mode": "test", "epoch": 188, "loss": 3.6874771118164062, "acc": 1.0, "acc_or": 1.0, "sender_entropy": 1.6667009592056274, "receiver_entropy": 0.0, "original_loss": 0.055404264479875565, "mean_length": 6.0}
{"epoch": 188, "positional_disent": 0.061867859214544296, "bag_of_symbol_disent": 0.09870751202106476, "topographic_sim": 0.521798251197068}
{"generalization hold out": {"acc": 0.9259259700775146, "acc_or": 0.9753086566925049}, "uniform holdout": {"acc": 0.5, "acc_or": 0.875}, "epoch": 188}
---End--
