nohup: ignoring input
{"mode": "train", "epoch": 1, "loss": -18.903783798217773, "acc": 0.001369863050058484, "acc_or": 0.2377283126115799, "sender_entropy": 2.300492763519287, "receiver_entropy": 0.0, "original_loss": 1.3863253593444824, "mean_length": 6.0}
{"mode": "test", "epoch": 1, "loss": 0.7504870891571045, "acc": 0.013698630034923553, "acc_or": 0.3287671208381653, "sender_entropy": 2.295912027359009, "receiver_entropy": 0.0, "original_loss": 1.3427069187164307, "mean_length": 6.0}
{"mode": "train", "epoch": 2, "loss": 0.6274938583374023, "acc": 0.013013698160648346, "acc_or": 0.33892694115638733, "sender_entropy": 2.2962677478790283, "receiver_entropy": 0.0, "original_loss": 1.3558125495910645, "mean_length": 6.0}
{"mode": "test", "epoch": 2, "loss": 0.9183041453361511, "acc": 0.0, "acc_or": 0.284246563911438, "sender_entropy": 2.2922744750976562, "receiver_entropy": 0.0, "original_loss": 1.3112245798110962, "mean_length": 6.0}
{"mode": "train", "epoch": 3, "loss": 0.7972539067268372, "acc": 0.010045661590993404, "acc_or": 0.3355022668838501, "sender_entropy": 2.2927286624908447, "receiver_entropy": 0.0, "original_loss": 1.3260886669158936, "mean_length": 6.0}
{"mode": "test", "epoch": 3, "loss": 1.2273110151290894, "acc": 0.0, "acc_or": 0.28082191944122314, "sender_entropy": 2.2908451557159424, "receiver_entropy": 0.0, "original_loss": 1.2681201696395874, "mean_length": 6.0}
{"mode": "train", "epoch": 4, "loss": 1.0164732933044434, "acc": 0.012328767217695713, "acc_or": 0.33978310227394104, "sender_entropy": 2.2910573482513428, "receiver_entropy": 0.0, "original_loss": 1.2926936149597168, "mean_length": 6.0}
{"mode": "test", "epoch": 4, "loss": 1.6151920557022095, "acc": 0.013698630034923553, "acc_or": 0.31849315762519836, "sender_entropy": 2.2906675338745117, "receiver_entropy": 0.0, "original_loss": 1.2175679206848145, "mean_length": 6.0}
{"mode": "train", "epoch": 5, "loss": 1.2851665019989014, "acc": 0.008675798773765564, "acc_or": 0.3350456655025482, "sender_entropy": 2.2905588150024414, "receiver_entropy": 0.0, "original_loss": 1.2543840408325195, "mean_length": 6.0}
{"mode": "test", "epoch": 5, "loss": 2.0298912525177, "acc": 0.027397260069847107, "acc_or": 0.35273972153663635, "sender_entropy": 2.2909719944000244, "receiver_entropy": 0.0, "original_loss": 1.1633408069610596, "mean_length": 6.0}
{"mode": "train", "epoch": 6, "loss": 1.6334933042526245, "acc": 0.011643835343420506, "acc_or": 0.34200912714004517, "sender_entropy": 2.29056978225708, "receiver_entropy": 0.0, "original_loss": 1.2085462808609009, "mean_length": 6.0}
{"mode": "test", "epoch": 6, "loss": 2.291884183883667, "acc": 0.013698630034923553, "acc_or": 0.3493150770664215, "sender_entropy": 2.291475296020508, "receiver_entropy": 0.0, "original_loss": 1.1203190088272095, "mean_length": 6.0}
{"mode": "train", "epoch": 7, "loss": 1.9715876579284668, "acc": 0.016210045665502548, "acc_or": 0.3474315106868744, "sender_entropy": 2.290738105773926, "receiver_entropy": 0.0, "original_loss": 1.161348581314087, "mean_length": 6.0}
{"mode": "test", "epoch": 7, "loss": 2.3243746757507324, "acc": 0.013698630034923553, "acc_or": 0.3835616409778595, "sender_entropy": 2.2920188903808594, "receiver_entropy": 0.0, "original_loss": 1.0954545736312866, "mean_length": 6.0}
{"mode": "train", "epoch": 8, "loss": 2.1601762771606445, "acc": 0.014611871913075447, "acc_or": 0.3479452133178711, "sender_entropy": 2.2909655570983887, "receiver_entropy": 0.0, "original_loss": 1.1246331930160522, "mean_length": 6.0}
{"mode": "test", "epoch": 8, "loss": 2.1350302696228027, "acc": 0.013698630034923553, "acc_or": 0.3561643958091736, "sender_entropy": 2.2927379608154297, "receiver_entropy": 0.0, "original_loss": 1.0903834104537964, "mean_length": 6.0}
{"mode": "train", "epoch": 9, "loss": 2.127859115600586, "acc": 0.0125570772215724, "acc_or": 0.3541666567325592, "sender_entropy": 2.291584014892578, "receiver_entropy": 0.0, "original_loss": 1.1059573888778687, "mean_length": 6.0}
{"mode": "test", "epoch": 9, "loss": 1.85659658908844, "acc": 0.013698630034923553, "acc_or": 0.3664383590221405, "sender_entropy": 2.2939999103546143, "receiver_entropy": 0.0, "original_loss": 1.0962285995483398, "mean_length": 6.0}
{"mode": "train", "epoch": 10, "loss": 1.9505932331085205, "acc": 0.01392694003880024, "acc_or": 0.3461187183856964, "sender_entropy": 2.2928543090820312, "receiver_entropy": 0.0, "original_loss": 1.1010091304779053, "mean_length": 6.0}
{"mode": "test", "epoch": 10, "loss": 1.7725694179534912, "acc": 0.013698630034923553, "acc_or": 0.3835616409778595, "sender_entropy": 2.2953503131866455, "receiver_entropy": 0.0, "original_loss": 1.0892419815063477, "mean_length": 6.0}
{"mode": "train", "epoch": 11, "loss": 1.790078043937683, "acc": 0.01666666567325592, "acc_or": 0.348401814699173, "sender_entropy": 2.294287919998169, "receiver_entropy": 0.0, "original_loss": 1.098090410232544, "mean_length": 6.0}
{"mode": "test", "epoch": 11, "loss": 1.6410610675811768, "acc": 0.0, "acc_or": 0.36301368474960327, "sender_entropy": 2.296603202819824, "receiver_entropy": 0.0, "original_loss": 1.0883241891860962, "mean_length": 6.0}
{"mode": "train", "epoch": 12, "loss": 1.5832183361053467, "acc": 0.013470319099724293, "acc_or": 0.3469178080558777, "sender_entropy": 2.2958037853240967, "receiver_entropy": 0.0, "original_loss": 1.1011502742767334, "mean_length": 6.0}
{"mode": "test", "epoch": 12, "loss": 1.5646733045578003, "acc": 0.013698630034923553, "acc_or": 0.3595890402793884, "sender_entropy": 2.297623872756958, "receiver_entropy": 0.0, "original_loss": 1.0846680402755737, "mean_length": 6.0}
{"mode": "train", "epoch": 13, "loss": 1.4952819347381592, "acc": 0.0141552509739995, "acc_or": 0.3566780686378479, "sender_entropy": 2.2970454692840576, "receiver_entropy": 0.0, "original_loss": 1.0973702669143677, "mean_length": 6.0}
{"mode": "test", "epoch": 13, "loss": 1.433135747909546, "acc": 0.013698630034923553, "acc_or": 0.3595890402793884, "sender_entropy": 2.2984085083007812, "receiver_entropy": 0.0, "original_loss": 1.0867050886154175, "mean_length": 6.0}
{"mode": "train", "epoch": 14, "loss": 1.3372877836227417, "acc": 0.014611871913075447, "acc_or": 0.3386986255645752, "sender_entropy": 2.2979838848114014, "receiver_entropy": 0.0, "original_loss": 1.1004732847213745, "mean_length": 6.0}
{"mode": "test", "epoch": 14, "loss": 1.380537509918213, "acc": 0.04109589010477066, "acc_or": 0.39726027846336365, "sender_entropy": 2.298983335494995, "receiver_entropy": 0.0, "original_loss": 1.083740234375, "mean_length": 6.0}
{"mode": "train", "epoch": 15, "loss": 1.2788335084915161, "acc": 0.018036529421806335, "acc_or": 0.35473743081092834, "sender_entropy": 2.2986562252044678, "receiver_entropy": 0.0, "original_loss": 1.0972884893417358, "mean_length": 6.0}
{"mode": "test", "epoch": 15, "loss": 1.3123881816864014, "acc": 0.013698630034923553, "acc_or": 0.36986300349235535, "sender_entropy": 2.2993569374084473, "receiver_entropy": 0.0, "original_loss": 1.0825358629226685, "mean_length": 6.0}
{"mode": "train", "epoch": 16, "loss": 1.1798073053359985, "acc": 0.013698630034923553, "acc_or": 0.3481164276599884, "sender_entropy": 2.2991483211517334, "receiver_entropy": 0.0, "original_loss": 1.098095178604126, "mean_length": 6.0}
{"mode": "test", "epoch": 16, "loss": 1.2531311511993408, "acc": 0.013698630034923553, "acc_or": 0.36301368474960327, "sender_entropy": 2.299623489379883, "receiver_entropy": 0.0, "original_loss": 1.0816572904586792, "mean_length": 6.0}
{"mode": "train", "epoch": 17, "loss": 1.1068592071533203, "acc": 0.013698630034923553, "acc_or": 0.3561643660068512, "sender_entropy": 2.2994608879089355, "receiver_entropy": 0.0, "original_loss": 1.0977212190628052, "mean_length": 6.0}
{"mode": "test", "epoch": 17, "loss": 1.2417421340942383, "acc": 0.04109589010477066, "acc_or": 0.43150684237480164, "sender_entropy": 2.2997846603393555, "receiver_entropy": 0.0, "original_loss": 1.0774930715560913, "mean_length": 6.0}
{"mode": "train", "epoch": 18, "loss": 1.0574071407318115, "acc": 0.014383560977876186, "acc_or": 0.3577054738998413, "sender_entropy": 2.2996482849121094, "receiver_entropy": 0.0, "original_loss": 1.0962815284729004, "mean_length": 6.0}
{"mode": "test", "epoch": 18, "loss": 1.2714087963104248, "acc": 0.013698630034923553, "acc_or": 0.38013699650764465, "sender_entropy": 2.2999134063720703, "receiver_entropy": 0.0, "original_loss": 1.0702781677246094, "mean_length": 6.0}
{"mode": "train", "epoch": 19, "loss": 0.9744886159896851, "acc": 0.014383560977876186, "acc_or": 0.34486299753189087, "sender_entropy": 2.299762725830078, "receiver_entropy": 0.0, "original_loss": 1.097900390625, "mean_length": 6.0}
{"mode": "test", "epoch": 19, "loss": 1.3767755031585693, "acc": 0.06849315017461777, "acc_or": 0.4897260367870331, "sender_entropy": 2.2999989986419678, "receiver_entropy": 0.0, "original_loss": 1.057342529296875, "mean_length": 6.0}
{"mode": "train", "epoch": 20, "loss": 0.9374485015869141, "acc": 0.01278538815677166, "acc_or": 0.3514840006828308, "sender_entropy": 2.2997946739196777, "receiver_entropy": 0.0, "original_loss": 1.0965697765350342, "mean_length": 6.0}
{"mode": "test", "epoch": 20, "loss": 1.378779649734497, "acc": 0.027397260069847107, "acc_or": 0.44178080558776855, "sender_entropy": 2.3000028133392334, "receiver_entropy": 0.0, "original_loss": 1.0529863834381104, "mean_length": 6.0}
{"mode": "train", "epoch": 21, "loss": 0.8905922770500183, "acc": 0.014383560977876186, "acc_or": 0.3524543344974518, "sender_entropy": 2.2997727394104004, "receiver_entropy": 0.0, "original_loss": 1.0963566303253174, "mean_length": 6.0}
{"mode": "test", "epoch": 21, "loss": 1.2944140434265137, "acc": 0.04109589010477066, "acc_or": 0.39726027846336365, "sender_entropy": 2.299959182739258, "receiver_entropy": 0.0, "original_loss": 1.055856466293335, "mean_length": 6.0}
{"mode": "train", "epoch": 22, "loss": 0.84089595079422, "acc": 0.013698630034923553, "acc_or": 0.3558219075202942, "sender_entropy": 2.2997305393218994, "receiver_entropy": 0.0, "original_loss": 1.096700668334961, "mean_length": 6.0}
{"mode": "test", "epoch": 22, "loss": 1.2538610696792603, "acc": 0.013698630034923553, "acc_or": 0.4212328791618347, "sender_entropy": 2.299929618835449, "receiver_entropy": 0.0, "original_loss": 1.0556612014770508, "mean_length": 6.0}
{"mode": "train", "epoch": 23, "loss": 0.8083467483520508, "acc": 0.013698630034923553, "acc_or": 0.3590753376483917, "sender_entropy": 2.2996981143951416, "receiver_entropy": 0.0, "original_loss": 1.0960710048675537, "mean_length": 6.0}
{"mode": "test", "epoch": 23, "loss": 1.3018779754638672, "acc": 0.013698630034923553, "acc_or": 0.4452054798603058, "sender_entropy": 2.299922227859497, "receiver_entropy": 0.0, "original_loss": 1.0487682819366455, "mean_length": 6.0}
{"mode": "train", "epoch": 24, "loss": 0.7734901309013367, "acc": 0.01392694003880024, "acc_or": 0.3570205569267273, "sender_entropy": 2.2997076511383057, "receiver_entropy": 0.0, "original_loss": 1.0958447456359863, "mean_length": 6.0}
{"mode": "test", "epoch": 24, "loss": 1.3227986097335815, "acc": 0.04109589010477066, "acc_or": 0.5239725708961487, "sender_entropy": 2.2999606132507324, "receiver_entropy": 0.0, "original_loss": 1.0443577766418457, "mean_length": 6.0}
{"mode": "train", "epoch": 25, "loss": 0.7296862602233887, "acc": 0.016438355669379234, "acc_or": 0.35359588265419006, "sender_entropy": 2.299755334854126, "receiver_entropy": 0.0, "original_loss": 1.0965461730957031, "mean_length": 6.0}
{"mode": "test", "epoch": 25, "loss": 1.30882728099823, "acc": 0.04109589010477066, "acc_or": 0.4726027250289917, "sender_entropy": 2.300016164779663, "receiver_entropy": 0.0, "original_loss": 1.0429842472076416, "mean_length": 6.0}
{"mode": "train", "epoch": 26, "loss": 0.7195562124252319, "acc": 0.014840182848274708, "acc_or": 0.3615867495536804, "sender_entropy": 2.299818515777588, "receiver_entropy": 0.0, "original_loss": 1.0948363542556763, "mean_length": 6.0}
{"mode": "test", "epoch": 26, "loss": 1.243566632270813, "acc": 0.054794520139694214, "acc_or": 0.41438356041908264, "sender_entropy": 2.300041913986206, "receiver_entropy": 0.0, "original_loss": 1.0457789897918701, "mean_length": 6.0}
{"mode": "train", "epoch": 27, "loss": 0.687042236328125, "acc": 0.013013698160648346, "acc_or": 0.3591894805431366, "sender_entropy": 2.299842357635498, "receiver_entropy": 0.0, "original_loss": 1.0950629711151123, "mean_length": 6.0}
{"mode": "test", "epoch": 27, "loss": 1.2038054466247559, "acc": 0.013698630034923553, "acc_or": 0.45890411734580994, "sender_entropy": 2.3000640869140625, "receiver_entropy": 0.0, "original_loss": 1.0468575954437256, "mean_length": 6.0}
{"mode": "train", "epoch": 28, "loss": 0.6484866142272949, "acc": 0.014611871913075447, "acc_or": 0.3625570833683014, "sender_entropy": 2.2998905181884766, "receiver_entropy": 0.0, "original_loss": 1.0958938598632812, "mean_length": 6.0}
{"mode": "test", "epoch": 28, "loss": 1.261289358139038, "acc": 0.027397260069847107, "acc_or": 0.517123281955719, "sender_entropy": 2.300083637237549, "receiver_entropy": 0.0, "original_loss": 1.04036545753479, "mean_length": 6.0}
{"mode": "train", "epoch": 29, "loss": 0.6310566067695618, "acc": 0.010730593465268612, "acc_or": 0.3578196167945862, "sender_entropy": 2.2999327182769775, "receiver_entropy": 0.0, "original_loss": 1.0952978134155273, "mean_length": 6.0}
{"mode": "test", "epoch": 29, "loss": 1.3533291816711426, "acc": 0.12328767031431198, "acc_or": 0.602739691734314, "sender_entropy": 2.3000905513763428, "receiver_entropy": 0.0, "original_loss": 1.0312817096710205, "mean_length": 6.0}
{"mode": "train", "epoch": 30, "loss": 0.6099631190299988, "acc": 0.018036529421806335, "acc_or": 0.35690638422966003, "sender_entropy": 2.299956798553467, "receiver_entropy": 0.0, "original_loss": 1.095076322555542, "mean_length": 6.0}
{"mode": "test", "epoch": 30, "loss": 1.3510477542877197, "acc": 0.09589041024446487, "acc_or": 0.5924657583236694, "sender_entropy": 2.300057888031006, "receiver_entropy": 0.0, "original_loss": 1.0298126935958862, "mean_length": 6.0}
{"mode": "train", "epoch": 31, "loss": 0.5938106179237366, "acc": 0.020319635048508644, "acc_or": 0.3623858392238617, "sender_entropy": 2.299945592880249, "receiver_entropy": 0.0, "original_loss": 1.0945667028427124, "mean_length": 6.0}
{"mode": "test", "epoch": 31, "loss": 1.3437016010284424, "acc": 0.10958904027938843, "acc_or": 0.5616438388824463, "sender_entropy": 2.299978733062744, "receiver_entropy": 0.0, "original_loss": 1.0287216901779175, "mean_length": 6.0}
{"mode": "train", "epoch": 32, "loss": 0.5743473172187805, "acc": 0.015981735661625862, "acc_or": 0.3642694056034088, "sender_entropy": 2.2998762130737305, "receiver_entropy": 0.0, "original_loss": 1.094423770904541, "mean_length": 6.0}
{"mode": "test", "epoch": 32, "loss": 1.330142617225647, "acc": 0.06849315017461777, "acc_or": 0.5582191944122314, "sender_entropy": 2.29984188079834, "receiver_entropy": 0.0, "original_loss": 1.0282299518585205, "mean_length": 6.0}
{"mode": "train", "epoch": 33, "loss": 0.564452588558197, "acc": 0.015981735661625862, "acc_or": 0.3603881299495697, "sender_entropy": 2.29974365234375, "receiver_entropy": 0.0, "original_loss": 1.0936013460159302, "mean_length": 6.0}
{"mode": "test", "epoch": 33, "loss": 1.3427259922027588, "acc": 0.09589041024446487, "acc_or": 0.5547944903373718, "sender_entropy": 2.29962420463562, "receiver_entropy": 0.0, "original_loss": 1.0256472826004028, "mean_length": 6.0}
{"mode": "train", "epoch": 34, "loss": 0.5446841716766357, "acc": 0.013698630034923553, "acc_or": 0.3623858392238617, "sender_entropy": 2.2995336055755615, "receiver_entropy": 0.0, "original_loss": 1.0936449766159058, "mean_length": 6.0}
{"mode": "test", "epoch": 34, "loss": 1.4013317823410034, "acc": 0.10958904027938843, "acc_or": 0.5924657583236694, "sender_entropy": 2.2993276119232178, "receiver_entropy": 0.0, "original_loss": 1.0192621946334839, "mean_length": 6.0}
{"mode": "train", "epoch": 35, "loss": 0.52556973695755, "acc": 0.016894977539777756, "acc_or": 0.359874427318573, "sender_entropy": 2.2992334365844727, "receiver_entropy": 0.0, "original_loss": 1.0937420129776, "mean_length": 6.0}
{"mode": "test", "epoch": 35, "loss": 1.4473119974136353, "acc": 0.09589041024446487, "acc_or": 0.6267123222351074, "sender_entropy": 2.298959255218506, "receiver_entropy": 0.0, "original_loss": 1.0137678384780884, "mean_length": 6.0}
{"mode": "train", "epoch": 36, "loss": 0.5116958022117615, "acc": 0.02054794505238533, "acc_or": 0.36683788895606995, "sender_entropy": 2.2988481521606445, "receiver_entropy": 0.0, "original_loss": 1.0935009717941284, "mean_length": 6.0}
{"mode": "test", "epoch": 36, "loss": 1.473098635673523, "acc": 0.10958904027938843, "acc_or": 0.5890411138534546, "sender_entropy": 2.2985074520111084, "receiver_entropy": 0.0, "original_loss": 1.0098973512649536, "mean_length": 6.0}
{"mode": "train", "epoch": 37, "loss": 0.5061396360397339, "acc": 0.01780821941792965, "acc_or": 0.36603879928588867, "sender_entropy": 2.298377752304077, "receiver_entropy": 0.0, "original_loss": 1.0926192998886108, "mean_length": 6.0}
{"mode": "test", "epoch": 37, "loss": 1.4954383373260498, "acc": 0.10958904027938843, "acc_or": 0.6164383292198181, "sender_entropy": 2.2979447841644287, "receiver_entropy": 0.0, "original_loss": 1.0063163042068481, "mean_length": 6.0}
{"mode": "train", "epoch": 38, "loss": 0.49959123134613037, "acc": 0.017123287543654442, "acc_or": 0.3678082227706909, "sender_entropy": 2.2977895736694336, "receiver_entropy": 0.0, "original_loss": 1.0918561220169067, "mean_length": 6.0}
{"mode": "test", "epoch": 38, "loss": 1.516664981842041, "acc": 0.10958904027938843, "acc_or": 0.6232876777648926, "sender_entropy": 2.297208547592163, "receiver_entropy": 0.0, "original_loss": 1.0026638507843018, "mean_length": 6.0}
{"mode": "train", "epoch": 39, "loss": 0.49610334634780884, "acc": 0.017351597547531128, "acc_or": 0.3680936098098755, "sender_entropy": 2.2970194816589355, "receiver_entropy": 0.0, "original_loss": 1.090908169746399, "mean_length": 6.0}
{"mode": "test", "epoch": 39, "loss": 1.4836668968200684, "acc": 0.09589041024446487, "acc_or": 0.602739691734314, "sender_entropy": 2.2962772846221924, "receiver_entropy": 0.0, "original_loss": 1.003638744354248, "mean_length": 6.0}
{"mode": "train", "epoch": 40, "loss": 0.49158984422683716, "acc": 0.018036529421806335, "acc_or": 0.3716324269771576, "sender_entropy": 2.296048164367676, "receiver_entropy": 0.0, "original_loss": 1.0899924039840698, "mean_length": 6.0}
{"mode": "test", "epoch": 40, "loss": 1.3967095613479614, "acc": 0.08219178020954132, "acc_or": 0.5582191944122314, "sender_entropy": 2.2950003147125244, "receiver_entropy": 0.0, "original_loss": 1.0091073513031006, "mean_length": 6.0}
{"mode": "train", "epoch": 41, "loss": 0.5030241012573242, "acc": 0.02009132318198681, "acc_or": 0.3845319449901581, "sender_entropy": 2.294718027114868, "receiver_entropy": 0.0, "original_loss": 1.0879000425338745, "mean_length": 6.0}
{"mode": "test", "epoch": 41, "loss": 1.0767613649368286, "acc": 0.04109589010477066, "acc_or": 0.5650684833526611, "sender_entropy": 2.2933003902435303, "receiver_entropy": 0.0, "original_loss": 1.0358340740203857, "mean_length": 6.0}
{"mode": "train", "epoch": 42, "loss": 0.49842071533203125, "acc": 0.016438355669379234, "acc_or": 0.37808218598365784, "sender_entropy": 2.2929606437683105, "receiver_entropy": 0.0, "original_loss": 1.0870723724365234, "mean_length": 6.0}
{"mode": "test", "epoch": 42, "loss": 0.1395190954208374, "acc": 0.04109589010477066, "acc_or": 0.4623287618160248, "sender_entropy": 2.2910919189453125, "receiver_entropy": 0.0, "original_loss": 1.12016761302948, "mean_length": 6.0}
{"mode": "train", "epoch": 43, "loss": 0.5207468867301941, "acc": 0.021917808800935745, "acc_or": 0.38618719577789307, "sender_entropy": 2.290672779083252, "receiver_entropy": 0.0, "original_loss": 1.083969235420227, "mean_length": 6.0}
{"mode": "test", "epoch": 43, "loss": -1.5241061449050903, "acc": 0.054794520139694214, "acc_or": 0.40753424167633057, "sender_entropy": 2.2880983352661133, "receiver_entropy": 0.0, "original_loss": 1.2766979932785034, "mean_length": 6.0}
{"mode": "train", "epoch": 44, "loss": 0.5415584444999695, "acc": 0.02442922256886959, "acc_or": 0.392123281955719, "sender_entropy": 2.287545680999756, "receiver_entropy": 0.0, "original_loss": 1.081006646156311, "mean_length": 6.0}
{"mode": "test", "epoch": 44, "loss": -3.2870872020721436, "acc": 0.027397260069847107, "acc_or": 0.3732876777648926, "sender_entropy": 2.2841262817382812, "receiver_entropy": 0.0, "original_loss": 1.4463717937469482, "mean_length": 6.0}
{"mode": "train", "epoch": 45, "loss": 0.5343486070632935, "acc": 0.022602738812565804, "acc_or": 0.3942922353744507, "sender_entropy": 2.2834484577178955, "receiver_entropy": 0.0, "original_loss": 1.0801235437393188, "mean_length": 6.0}
{"mode": "test", "epoch": 45, "loss": -3.8669955730438232, "acc": 0.027397260069847107, "acc_or": 0.36986300349235535, "sender_entropy": 2.2790517807006836, "receiver_entropy": 0.0, "original_loss": 1.5097620487213135, "mean_length": 6.0}
{"mode": "train", "epoch": 46, "loss": 0.5990502834320068, "acc": 0.02785388007760048, "acc_or": 0.4107876718044281, "sender_entropy": 2.2782130241394043, "receiver_entropy": 0.0, "original_loss": 1.0733853578567505, "mean_length": 6.0}
{"mode": "test", "epoch": 46, "loss": -1.9028875827789307, "acc": 0.027397260069847107, "acc_or": 0.3493150770664215, "sender_entropy": 2.272035598754883, "receiver_entropy": 0.0, "original_loss": 1.3231747150421143, "mean_length": 6.0}
{"mode": "train", "epoch": 47, "loss": 0.6329034566879272, "acc": 0.025342464447021484, "acc_or": 0.41221460700035095, "sender_entropy": 2.2709875106811523, "receiver_entropy": 0.0, "original_loss": 1.0691508054733276, "mean_length": 6.0}
{"mode": "test", "epoch": 47, "loss": 0.6172385215759277, "acc": 0.027397260069847107, "acc_or": 0.5239725708961487, "sender_entropy": 2.2646143436431885, "receiver_entropy": 0.0, "original_loss": 1.066712498664856, "mean_length": 6.0}
{"mode": "train", "epoch": 48, "loss": 0.7098463177680969, "acc": 0.03105022758245468, "acc_or": 0.4171803593635559, "sender_entropy": 2.2634103298187256, "receiver_entropy": 0.0, "original_loss": 1.060842514038086, "mean_length": 6.0}
{"mode": "test", "epoch": 48, "loss": 1.4316051006317139, "acc": 0.027397260069847107, "acc_or": 0.517123281955719, "sender_entropy": 2.257070779800415, "receiver_entropy": 0.0, "original_loss": 0.9746257662773132, "mean_length": 6.0}
{"mode": "train", "epoch": 49, "loss": 0.7588839530944824, "acc": 0.028995433822274208, "acc_or": 0.4242008924484253, "sender_entropy": 2.25567889213562, "receiver_entropy": 0.0, "original_loss": 1.0546457767486572, "mean_length": 6.0}
{"mode": "test", "epoch": 49, "loss": 1.3885178565979004, "acc": 0.013698630034923553, "acc_or": 0.5376712083816528, "sender_entropy": 2.2495157718658447, "receiver_entropy": 0.0, "original_loss": 0.9714129567146301, "mean_length": 6.0}
{"mode": "train", "epoch": 50, "loss": 0.7881211638450623, "acc": 0.03127853944897652, "acc_or": 0.43070775270462036, "sender_entropy": 2.2480130195617676, "receiver_entropy": 0.0, "original_loss": 1.049673318862915, "mean_length": 6.0}
{"mode": "test", "epoch": 50, "loss": 1.2771611213684082, "acc": 0.04109589010477066, "acc_or": 0.5308219194412231, "sender_entropy": 2.2441322803497314, "receiver_entropy": 0.0, "original_loss": 0.9775488972663879, "mean_length": 6.0}
{"mode": "train", "epoch": 51, "loss": 0.8479019403457642, "acc": 0.0251141544431448, "acc_or": 0.4315639138221741, "sender_entropy": 2.242513418197632, "receiver_entropy": 0.0, "original_loss": 1.0422247648239136, "mean_length": 6.0}
{"mode": "test", "epoch": 51, "loss": 1.1837821006774902, "acc": 0.04109589010477066, "acc_or": 0.5136986374855042, "sender_entropy": 2.2379446029663086, "receiver_entropy": 0.0, "original_loss": 0.9821448922157288, "mean_length": 6.0}
{"mode": "train", "epoch": 52, "loss": 0.9445346593856812, "acc": 0.03059360757470131, "acc_or": 0.4457191824913025, "sender_entropy": 2.236164093017578, "receiver_entropy": 0.0, "original_loss": 1.0322693586349487, "mean_length": 6.0}
{"mode": "test", "epoch": 52, "loss": 1.1233068704605103, "acc": 0.027397260069847107, "acc_or": 0.5308219194412231, "sender_entropy": 2.2312159538269043, "receiver_entropy": 0.0, "original_loss": 0.9849038124084473, "mean_length": 6.0}
{"mode": "train", "epoch": 53, "loss": 0.944311261177063, "acc": 0.03059360757470131, "acc_or": 0.44834473729133606, "sender_entropy": 2.2292490005493164, "receiver_entropy": 0.0, "original_loss": 1.0283162593841553, "mean_length": 6.0}
{"mode": "test", "epoch": 53, "loss": 0.8700699210166931, "acc": 0.027397260069847107, "acc_or": 0.5, "sender_entropy": 2.217172384262085, "receiver_entropy": 0.0, "original_loss": 1.0005488395690918, "mean_length": 6.0}
{"mode": "train", "epoch": 54, "loss": 0.985519289970398, "acc": 0.028082191944122314, "acc_or": 0.44765982031822205, "sender_entropy": 2.214629888534546, "receiver_entropy": 0.0, "original_loss": 1.022223949432373, "mean_length": 6.0}
{"mode": "test", "epoch": 54, "loss": 0.8729625940322876, "acc": 0.013698630034923553, "acc_or": 0.5068492889404297, "sender_entropy": 2.207098960876465, "receiver_entropy": 0.0, "original_loss": 0.9982501268386841, "mean_length": 6.0}
{"mode": "train", "epoch": 55, "loss": 1.016348123550415, "acc": 0.027397260069847107, "acc_or": 0.4485730528831482, "sender_entropy": 2.203934907913208, "receiver_entropy": 0.0, "original_loss": 1.0159612894058228, "mean_length": 6.0}
{"mode": "test", "epoch": 55, "loss": 1.000584602355957, "acc": 0.013698630034923553, "acc_or": 0.5205479264259338, "sender_entropy": 2.2149574756622314, "receiver_entropy": 0.0, "original_loss": 0.9862053990364075, "mean_length": 6.0}
{"mode": "train", "epoch": 56, "loss": 0.9732829332351685, "acc": 0.030365295708179474, "acc_or": 0.44937214255332947, "sender_entropy": 2.2113776206970215, "receiver_entropy": 0.0, "original_loss": 1.0182358026504517, "mean_length": 6.0}
{"mode": "test", "epoch": 56, "loss": 1.3075733184814453, "acc": 0.04109589010477066, "acc_or": 0.534246563911438, "sender_entropy": 2.224879503250122, "receiver_entropy": 0.0, "original_loss": 0.9594228863716125, "mean_length": 6.0}
{"mode": "train", "epoch": 57, "loss": 0.938086748123169, "acc": 0.029680365696549416, "acc_or": 0.45873287320137024, "sender_entropy": 2.2214298248291016, "receiver_entropy": 0.0, "original_loss": 1.0204269886016846, "mean_length": 6.0}
{"mode": "test", "epoch": 57, "loss": 1.5386860370635986, "acc": 0.027397260069847107, "acc_or": 0.5445205569267273, "sender_entropy": 2.225097894668579, "receiver_entropy": 0.0, "original_loss": 0.9380621910095215, "mean_length": 6.0}
{"mode": "train", "epoch": 58, "loss": 0.9665400981903076, "acc": 0.030365295708179474, "acc_or": 0.4595319628715515, "sender_entropy": 2.221618413925171, "receiver_entropy": 0.0, "original_loss": 1.0170472860336304, "mean_length": 6.0}
{"mode": "test", "epoch": 58, "loss": 1.6081568002700806, "acc": 0.04109589010477066, "acc_or": 0.5479452013969421, "sender_entropy": 2.220668077468872, "receiver_entropy": 0.0, "original_loss": 0.929205060005188, "mean_length": 6.0}
{"mode": "train", "epoch": 59, "loss": 0.9146124124526978, "acc": 0.031506847590208054, "acc_or": 0.45502281188964844, "sender_entropy": 2.216564893722534, "receiver_entropy": 0.0, "original_loss": 1.0189896821975708, "mean_length": 6.0}
{"mode": "test", "epoch": 59, "loss": 1.567846655845642, "acc": 0.027397260069847107, "acc_or": 0.5410959124565125, "sender_entropy": 2.207848072052002, "receiver_entropy": 0.0, "original_loss": 0.926978349685669, "mean_length": 6.0}
{"mode": "train", "epoch": 60, "loss": 1.0455458164215088, "acc": 0.03493150696158409, "acc_or": 0.46478310227394104, "sender_entropy": 2.201978921890259, "receiver_entropy": 0.0, "original_loss": 1.006213665008545, "mean_length": 6.0}
{"mode": "test", "epoch": 60, "loss": 1.5838950872421265, "acc": 0.04109589010477066, "acc_or": 0.5479452013969421, "sender_entropy": 2.1855344772338867, "receiver_entropy": 0.0, "original_loss": 0.9170410633087158, "mean_length": 6.0}
{"mode": "train", "epoch": 61, "loss": 1.1799888610839844, "acc": 0.04178082197904587, "acc_or": 0.47454336285591125, "sender_entropy": 2.1777446269989014, "receiver_entropy": 0.0, "original_loss": 0.9926254749298096, "mean_length": 6.0}
{"mode": "test", "epoch": 61, "loss": 1.583432912826538, "acc": 0.04109589010477066, "acc_or": 0.5376712083816528, "sender_entropy": 2.1765997409820557, "receiver_entropy": 0.0, "original_loss": 0.9132464528083801, "mean_length": 6.0}
{"mode": "train", "epoch": 62, "loss": 1.2666809558868408, "acc": 0.037442922592163086, "acc_or": 0.4774543344974518, "sender_entropy": 2.1677026748657227, "receiver_entropy": 0.0, "original_loss": 0.9837931990623474, "mean_length": 6.0}
{"mode": "test", "epoch": 62, "loss": 1.747553825378418, "acc": 0.04109589010477066, "acc_or": 0.5582191944122314, "sender_entropy": 2.1853671073913574, "receiver_entropy": 0.0, "original_loss": 0.900015652179718, "mean_length": 6.0}
{"mode": "train", "epoch": 63, "loss": 1.2259646654129028, "acc": 0.03995433822274208, "acc_or": 0.4771689474582672, "sender_entropy": 2.1767539978027344, "receiver_entropy": 0.0, "original_loss": 0.9848480224609375, "mean_length": 6.0}
{"mode": "test", "epoch": 63, "loss": 2.0140252113342285, "acc": 0.08219178020954132, "acc_or": 0.5890411138534546, "sender_entropy": 2.1929643154144287, "receiver_entropy": 0.0, "original_loss": 0.8768473267555237, "mean_length": 6.0}
{"mode": "train", "epoch": 64, "loss": 1.1722559928894043, "acc": 0.04041095823049545, "acc_or": 0.4804794490337372, "sender_entropy": 2.1848978996276855, "receiver_entropy": 0.0, "original_loss": 0.9885637164115906, "mean_length": 6.0}
{"mode": "test", "epoch": 64, "loss": 2.1953606605529785, "acc": 0.06849315017461777, "acc_or": 0.6198630332946777, "sender_entropy": 2.1943485736846924, "receiver_entropy": 0.0, "original_loss": 0.8588902950286865, "mean_length": 6.0}
{"mode": "train", "epoch": 65, "loss": 1.1906051635742188, "acc": 0.042465753853321075, "acc_or": 0.4830479323863983, "sender_entropy": 2.1874210834503174, "receiver_entropy": 0.0, "original_loss": 0.9844980835914612, "mean_length": 6.0}
{"mode": "test", "epoch": 65, "loss": 2.2187986373901367, "acc": 0.08219178020954132, "acc_or": 0.5958904027938843, "sender_entropy": 2.1891400814056396, "receiver_entropy": 0.0, "original_loss": 0.8512641191482544, "mean_length": 6.0}
{"mode": "train", "epoch": 66, "loss": 1.2683519124984741, "acc": 0.04634702950716019, "acc_or": 0.4870433807373047, "sender_entropy": 2.1812918186187744, "receiver_entropy": 0.0, "original_loss": 0.9764811992645264, "mean_length": 6.0}
{"mode": "test", "epoch": 66, "loss": 2.2253832817077637, "acc": 0.06849315017461777, "acc_or": 0.6164383292198181, "sender_entropy": 2.1798202991485596, "receiver_entropy": 0.0, "original_loss": 0.8435827493667603, "mean_length": 6.0}
{"mode": "train", "epoch": 67, "loss": 1.2955377101898193, "acc": 0.047488585114479065, "acc_or": 0.48949772119522095, "sender_entropy": 2.1712965965270996, "receiver_entropy": 0.0, "original_loss": 0.971136748790741, "mean_length": 6.0}
{"mode": "test", "epoch": 67, "loss": 2.2438249588012695, "acc": 0.054794520139694214, "acc_or": 0.5958904027938843, "sender_entropy": 2.165738821029663, "receiver_entropy": 0.0, "original_loss": 0.8332512378692627, "mean_length": 6.0}
{"mode": "train", "epoch": 68, "loss": 1.4466997385025024, "acc": 0.054794520139694214, "acc_or": 0.5090182423591614, "sender_entropy": 2.155200242996216, "receiver_entropy": 0.0, "original_loss": 0.9553837776184082, "mean_length": 6.0}
{"mode": "test", "epoch": 68, "loss": 2.2182507514953613, "acc": 0.06849315017461777, "acc_or": 0.602739691734314, "sender_entropy": 2.152026891708374, "receiver_entropy": 0.0, "original_loss": 0.825743556022644, "mean_length": 6.0}
{"mode": "train", "epoch": 69, "loss": 1.5102941989898682, "acc": 0.0598173514008522, "acc_or": 0.5155822038650513, "sender_entropy": 2.138803482055664, "receiver_entropy": 0.0, "original_loss": 0.9456961750984192, "mean_length": 6.0}
{"mode": "test", "epoch": 69, "loss": 2.172025442123413, "acc": 0.08219178020954132, "acc_or": 0.6130136847496033, "sender_entropy": 2.1386520862579346, "receiver_entropy": 0.0, "original_loss": 0.8223459720611572, "mean_length": 6.0}
{"mode": "train", "epoch": 70, "loss": 1.6752712726593018, "acc": 0.0687214583158493, "acc_or": 0.5284246206283569, "sender_entropy": 2.124622344970703, "receiver_entropy": 0.0, "original_loss": 0.928933322429657, "mean_length": 6.0}
{"mode": "test", "epoch": 70, "loss": 2.198533296585083, "acc": 0.08219178020954132, "acc_or": 0.6130136847496033, "sender_entropy": 2.1264407634735107, "receiver_entropy": 0.0, "original_loss": 0.8118665218353271, "mean_length": 6.0}
{"mode": "train", "epoch": 71, "loss": 1.76125967502594, "acc": 0.06506849080324173, "acc_or": 0.5301370024681091, "sender_entropy": 2.111585855484009, "receiver_entropy": 0.0, "original_loss": 0.9175806045532227, "mean_length": 6.0}
{"mode": "test", "epoch": 71, "loss": 2.1660566329956055, "acc": 0.09589041024446487, "acc_or": 0.6130136847496033, "sender_entropy": 2.1194849014282227, "receiver_entropy": 0.0, "original_loss": 0.8102767467498779, "mean_length": 6.0}
{"mode": "train", "epoch": 72, "loss": 1.8105359077453613, "acc": 0.06210045516490936, "acc_or": 0.5359018445014954, "sender_entropy": 2.104936361312866, "receiver_entropy": 0.0, "original_loss": 0.9092534780502319, "mean_length": 6.0}
{"mode": "test", "epoch": 72, "loss": 2.2261838912963867, "acc": 0.06849315017461777, "acc_or": 0.5958904027938843, "sender_entropy": 2.1126821041107178, "receiver_entropy": 0.0, "original_loss": 0.8002533912658691, "mean_length": 6.0}
{"mode": "train", "epoch": 73, "loss": 1.849411964416504, "acc": 0.06940639019012451, "acc_or": 0.5462328791618347, "sender_entropy": 2.098198652267456, "receiver_entropy": 0.0, "original_loss": 0.9023313522338867, "mean_length": 6.0}
{"mode": "test", "epoch": 73, "loss": 2.2014706134796143, "acc": 0.06849315017461777, "acc_or": 0.602739691734314, "sender_entropy": 2.1039011478424072, "receiver_entropy": 0.0, "original_loss": 0.7962722778320312, "mean_length": 6.0}
{"mode": "train", "epoch": 74, "loss": 1.8483355045318604, "acc": 0.06826484203338623, "acc_or": 0.5492579936981201, "sender_entropy": 2.0881779193878174, "receiver_entropy": 0.0, "original_loss": 0.8982314467430115, "mean_length": 6.0}
{"mode": "test", "epoch": 74, "loss": 2.1899163722991943, "acc": 0.06849315017461777, "acc_or": 0.5993150472640991, "sender_entropy": 2.0940048694610596, "receiver_entropy": 0.0, "original_loss": 0.7914726734161377, "mean_length": 6.0}
{"mode": "train", "epoch": 75, "loss": 1.9178564548492432, "acc": 0.06757991015911102, "acc_or": 0.5583333373069763, "sender_entropy": 2.076767921447754, "receiver_entropy": 0.0, "original_loss": 0.8879525661468506, "mean_length": 6.0}
{"mode": "test", "epoch": 75, "loss": 2.2826621532440186, "acc": 0.08219178020954132, "acc_or": 0.6198630332946777, "sender_entropy": 2.0909299850463867, "receiver_entropy": 0.0, "original_loss": 0.778922438621521, "mean_length": 6.0}
{"mode": "train", "epoch": 76, "loss": 1.9541587829589844, "acc": 0.07557077705860138, "acc_or": 0.5595319271087646, "sender_entropy": 2.0715584754943848, "receiver_entropy": 0.0, "original_loss": 0.8794707655906677, "mean_length": 6.0}
{"mode": "test", "epoch": 76, "loss": 2.273876428604126, "acc": 0.09589041024446487, "acc_or": 0.6472602486610413, "sender_entropy": 2.08091139793396, "receiver_entropy": 0.0, "original_loss": 0.7736801505088806, "mean_length": 6.0}
{"mode": "train", "epoch": 77, "loss": 2.0183563232421875, "acc": 0.07602739334106445, "acc_or": 0.5695205330848694, "sender_entropy": 2.060772657394409, "receiver_entropy": 0.0, "original_loss": 0.8703051805496216, "mean_length": 6.0}
{"mode": "test", "epoch": 77, "loss": 2.288644313812256, "acc": 0.09589041024446487, "acc_or": 0.6404109597206116, "sender_entropy": 2.069467782974243, "receiver_entropy": 0.0, "original_loss": 0.7675882577896118, "mean_length": 6.0}
{"mode": "train", "epoch": 78, "loss": 2.059410572052002, "acc": 0.07579908519983292, "acc_or": 0.5682077407836914, "sender_entropy": 2.049069404602051, "receiver_entropy": 0.0, "original_loss": 0.8642171025276184, "mean_length": 6.0}
{"mode": "test", "epoch": 78, "loss": 2.3715157508850098, "acc": 0.09589041024446487, "acc_or": 0.6301369667053223, "sender_entropy": 2.0668575763702393, "receiver_entropy": 0.0, "original_loss": 0.7543810606002808, "mean_length": 6.0}
{"mode": "train", "epoch": 79, "loss": 2.077256202697754, "acc": 0.07808218896389008, "acc_or": 0.5752282738685608, "sender_entropy": 2.0473294258117676, "receiver_entropy": 0.0, "original_loss": 0.8593412637710571, "mean_length": 6.0}
{"mode": "test", "epoch": 79, "loss": 2.46926212310791, "acc": 0.09589041024446487, "acc_or": 0.6335616111755371, "sender_entropy": 2.064239501953125, "receiver_entropy": 0.0, "original_loss": 0.7430214285850525, "mean_length": 6.0}
{"mode": "train", "epoch": 80, "loss": 2.040085792541504, "acc": 0.07671232521533966, "acc_or": 0.5757990479469299, "sender_entropy": 2.047802686691284, "receiver_entropy": 0.0, "original_loss": 0.859326958656311, "mean_length": 6.0}
{"mode": "test", "epoch": 80, "loss": 2.5552916526794434, "acc": 0.09589041024446487, "acc_or": 0.6643835306167603, "sender_entropy": 2.0643625259399414, "receiver_entropy": 0.0, "original_loss": 0.7303035259246826, "mean_length": 6.0}
{"mode": "train", "epoch": 81, "loss": 2.0877721309661865, "acc": 0.0801369845867157, "acc_or": 0.5806506872177124, "sender_entropy": 2.0471856594085693, "receiver_entropy": 0.0, "original_loss": 0.8521274924278259, "mean_length": 6.0}
{"mode": "test", "epoch": 81, "loss": 2.624575138092041, "acc": 0.08219178020954132, "acc_or": 0.6575342416763306, "sender_entropy": 2.0646872520446777, "receiver_entropy": 0.0, "original_loss": 0.7232375144958496, "mean_length": 6.0}
{"mode": "train", "epoch": 82, "loss": 2.140511989593506, "acc": 0.08607305586338043, "acc_or": 0.5858447551727295, "sender_entropy": 2.0423388481140137, "receiver_entropy": 0.0, "original_loss": 0.8453068733215332, "mean_length": 6.0}
{"mode": "test", "epoch": 82, "loss": 2.702059030532837, "acc": 0.10958904027938843, "acc_or": 0.6712328791618347, "sender_entropy": 2.0667450428009033, "receiver_entropy": 0.0, "original_loss": 0.7138028740882874, "mean_length": 6.0}
{"mode": "train", "epoch": 83, "loss": 2.129178047180176, "acc": 0.08493150770664215, "acc_or": 0.5905250906944275, "sender_entropy": 2.0402910709381104, "receiver_entropy": 0.0, "original_loss": 0.844571590423584, "mean_length": 6.0}
{"mode": "test", "epoch": 83, "loss": 2.6720776557922363, "acc": 0.12328767031431198, "acc_or": 0.6472602486610413, "sender_entropy": 2.0680549144744873, "receiver_entropy": 0.0, "original_loss": 0.7144675850868225, "mean_length": 6.0}
{"mode": "train", "epoch": 84, "loss": 2.1781930923461914, "acc": 0.0858447477221489, "acc_or": 0.5893265008926392, "sender_entropy": 2.0370800495147705, "receiver_entropy": 0.0, "original_loss": 0.8371240496635437, "mean_length": 6.0}
{"mode": "test", "epoch": 84, "loss": 2.843343496322632, "acc": 0.12328767031431198, "acc_or": 0.6780821681022644, "sender_entropy": 2.075376510620117, "receiver_entropy": 0.0, "original_loss": 0.6955707669258118, "mean_length": 6.0}
{"mode": "train", "epoch": 85, "loss": 2.0679051876068115, "acc": 0.0858447477221489, "acc_or": 0.5882419943809509, "sender_entropy": 2.045811176300049, "receiver_entropy": 0.0, "original_loss": 0.844122588634491, "mean_length": 6.0}
{"mode": "test", "epoch": 85, "loss": 2.863145112991333, "acc": 0.13698630034923553, "acc_or": 0.6849315166473389, "sender_entropy": 2.0741517543792725, "receiver_entropy": 0.0, "original_loss": 0.690605878829956, "mean_length": 6.0}
{"mode": "train", "epoch": 86, "loss": 2.0650558471679688, "acc": 0.089726023375988, "acc_or": 0.5937214493751526, "sender_entropy": 2.0450665950775146, "receiver_entropy": 0.0, "original_loss": 0.8418093323707581, "mean_length": 6.0}
{"mode": "test", "epoch": 86, "loss": 2.785403251647949, "acc": 0.12328767031431198, "acc_or": 0.6883561611175537, "sender_entropy": 2.061167001724243, "receiver_entropy": 0.0, "original_loss": 0.6908761858940125, "mean_length": 6.0}
{"mode": "train", "epoch": 87, "loss": 2.1501054763793945, "acc": 0.0922374427318573, "acc_or": 0.5966324210166931, "sender_entropy": 2.029709577560425, "receiver_entropy": 0.0, "original_loss": 0.8293879628181458, "mean_length": 6.0}
{"mode": "test", "epoch": 87, "loss": 2.807343006134033, "acc": 0.12328767031431198, "acc_or": 0.6917808055877686, "sender_entropy": 2.048459529876709, "receiver_entropy": 0.0, "original_loss": 0.6786918044090271, "mean_length": 6.0}
{"mode": "train", "epoch": 88, "loss": 2.30306339263916, "acc": 0.09634703397750854, "acc_or": 0.6059360504150391, "sender_entropy": 2.0140860080718994, "receiver_entropy": 0.0, "original_loss": 0.8119909763336182, "mean_length": 6.0}
{"mode": "test", "epoch": 88, "loss": 2.847357749938965, "acc": 0.1506849229335785, "acc_or": 0.7054794430732727, "sender_entropy": 2.0462892055511475, "receiver_entropy": 0.0, "original_loss": 0.6694107055664062, "mean_length": 6.0}
{"mode": "train", "epoch": 89, "loss": 2.236903429031372, "acc": 0.09360730648040771, "acc_or": 0.6025114059448242, "sender_entropy": 2.011357307434082, "receiver_entropy": 0.0, "original_loss": 0.8155509829521179, "mean_length": 6.0}
{"mode": "test", "epoch": 89, "loss": 2.9519026279449463, "acc": 0.12328767031431198, "acc_or": 0.6883561611175537, "sender_entropy": 2.0501155853271484, "receiver_entropy": 0.0, "original_loss": 0.6561580300331116, "mean_length": 6.0}
{"mode": "train", "epoch": 90, "loss": 2.213841676712036, "acc": 0.0954337865114212, "acc_or": 0.6033675670623779, "sender_entropy": 2.01509165763855, "receiver_entropy": 0.0, "original_loss": 0.8126816749572754, "mean_length": 6.0}
{"mode": "test", "epoch": 90, "loss": 2.957667350769043, "acc": 0.13698630034923553, "acc_or": 0.6849315166473389, "sender_entropy": 2.0440359115600586, "receiver_entropy": 0.0, "original_loss": 0.6513083577156067, "mean_length": 6.0}
{"mode": "train", "epoch": 91, "loss": 2.2740917205810547, "acc": 0.09931506961584091, "acc_or": 0.6065068244934082, "sender_entropy": 2.007256507873535, "receiver_entropy": 0.0, "original_loss": 0.8047822713851929, "mean_length": 6.0}
{"mode": "test", "epoch": 91, "loss": 2.9178149700164795, "acc": 0.1506849229335785, "acc_or": 0.7089040875434875, "sender_entropy": 2.0324881076812744, "receiver_entropy": 0.0, "original_loss": 0.6475866436958313, "mean_length": 6.0}
{"mode": "train", "epoch": 92, "loss": 2.363975763320923, "acc": 0.1068493127822876, "acc_or": 0.6176369786262512, "sender_entropy": 1.9926213026046753, "receiver_entropy": 0.0, "original_loss": 0.7949313521385193, "mean_length": 6.0}
{"mode": "test", "epoch": 92, "loss": 3.100651264190674, "acc": 0.19178082048892975, "acc_or": 0.7123287916183472, "sender_entropy": 2.035125732421875, "receiver_entropy": 0.0, "original_loss": 0.6262602210044861, "mean_length": 6.0}
{"mode": "train", "epoch": 93, "loss": 2.393494129180908, "acc": 0.10662100464105606, "acc_or": 0.6207191944122314, "sender_entropy": 1.9965159893035889, "receiver_entropy": 0.0, "original_loss": 0.7886906862258911, "mean_length": 6.0}
{"mode": "test", "epoch": 93, "loss": 3.1815364360809326, "acc": 0.16438356041908264, "acc_or": 0.7054794430732727, "sender_entropy": 2.049534320831299, "receiver_entropy": 0.0, "original_loss": 0.6214480400085449, "mean_length": 6.0}
{"mode": "train", "epoch": 94, "loss": 2.245590925216675, "acc": 0.10639268904924393, "acc_or": 0.6163812875747681, "sender_entropy": 2.0101308822631836, "receiver_entropy": 0.0, "original_loss": 0.7981629967689514, "mean_length": 6.0}
{"mode": "test", "epoch": 94, "loss": 3.353513240814209, "acc": 0.19178082048892975, "acc_or": 0.715753436088562, "sender_entropy": 2.049363136291504, "receiver_entropy": 0.0, "original_loss": 0.5992296934127808, "mean_length": 6.0}
{"mode": "train", "epoch": 95, "loss": 2.334423542022705, "acc": 0.10593607276678085, "acc_or": 0.6233447194099426, "sender_entropy": 2.0164735317230225, "receiver_entropy": 0.0, "original_loss": 0.7875153422355652, "mean_length": 6.0}
{"mode": "test", "epoch": 95, "loss": 3.2358736991882324, "acc": 0.1780821979045868, "acc_or": 0.7123287916183472, "sender_entropy": 2.035230875015259, "receiver_entropy": 0.0, "original_loss": 0.6048623919487, "mean_length": 6.0}
{"mode": "train", "epoch": 96, "loss": 2.3356809616088867, "acc": 0.11712328344583511, "acc_or": 0.6246575117111206, "sender_entropy": 1.9966996908187866, "receiver_entropy": 0.0, "original_loss": 0.785248875617981, "mean_length": 6.0}
{"mode": "test", "epoch": 96, "loss": 3.092834711074829, "acc": 0.1780821979045868, "acc_or": 0.7054794430732727, "sender_entropy": 2.021146535873413, "receiver_entropy": 0.0, "original_loss": 0.6095636487007141, "mean_length": 6.0}
{"mode": "train", "epoch": 97, "loss": 2.398804187774658, "acc": 0.1164383515715599, "acc_or": 0.6270548105239868, "sender_entropy": 1.9762510061264038, "receiver_entropy": 0.0, "original_loss": 0.7736577987670898, "mean_length": 6.0}
{"mode": "test", "epoch": 97, "loss": 3.214629650115967, "acc": 0.2054794430732727, "acc_or": 0.7089040875434875, "sender_entropy": 2.0131425857543945, "receiver_entropy": 0.0, "original_loss": 0.5879971981048584, "mean_length": 6.0}
{"mode": "train", "epoch": 98, "loss": 2.547769784927368, "acc": 0.13310502469539642, "acc_or": 0.641438364982605, "sender_entropy": 1.9677320718765259, "receiver_entropy": 0.0, "original_loss": 0.7535276412963867, "mean_length": 6.0}
{"mode": "test", "epoch": 98, "loss": 3.182482957839966, "acc": 0.1780821979045868, "acc_or": 0.7294520735740662, "sender_entropy": 2.0049169063568115, "receiver_entropy": 0.0, "original_loss": 0.5849606394767761, "mean_length": 6.0}
{"mode": "train", "epoch": 99, "loss": 2.559457302093506, "acc": 0.1271689534187317, "acc_or": 0.643493115901947, "sender_entropy": 1.9600074291229248, "receiver_entropy": 0.0, "original_loss": 0.749963641166687, "mean_length": 6.0}
{"mode": "test", "epoch": 99, "loss": 3.1567559242248535, "acc": 0.16438356041908264, "acc_or": 0.7054794430732727, "sender_entropy": 2.0024709701538086, "receiver_entropy": 0.0, "original_loss": 0.5849300026893616, "mean_length": 6.0}
{"mode": "train", "epoch": 100, "loss": 2.540137767791748, "acc": 0.131735160946846, "acc_or": 0.6453196406364441, "sender_entropy": 1.955267310142517, "receiver_entropy": 0.0, "original_loss": 0.7485182285308838, "mean_length": 6.0}
{"mode": "test", "epoch": 100, "loss": 3.1477584838867188, "acc": 0.232876718044281, "acc_or": 0.7123287916183472, "sender_entropy": 1.9971028566360474, "receiver_entropy": 0.0, "original_loss": 0.5766938328742981, "mean_length": 6.0}
{"mode": "train", "epoch": 101, "loss": 2.5749411582946777, "acc": 0.13561643660068512, "acc_or": 0.6478310227394104, "sender_entropy": 1.9526405334472656, "receiver_entropy": 0.0, "original_loss": 0.7409908175468445, "mean_length": 6.0}
{"mode": "test", "epoch": 101, "loss": 3.0912952423095703, "acc": 0.1780821979045868, "acc_or": 0.7089040875434875, "sender_entropy": 1.9900978803634644, "receiver_entropy": 0.0, "original_loss": 0.5748602151870728, "mean_length": 6.0}
{"mode": "train", "epoch": 102, "loss": 2.4934699535369873, "acc": 0.13219177722930908, "acc_or": 0.6465182304382324, "sender_entropy": 1.9467192888259888, "receiver_entropy": 0.0, "original_loss": 0.7447075247764587, "mean_length": 6.0}
{"mode": "test", "epoch": 102, "loss": 2.9607138633728027, "acc": 0.19178082048892975, "acc_or": 0.715753436088562, "sender_entropy": 1.9864027500152588, "receiver_entropy": 0.0, "original_loss": 0.5859812498092651, "mean_length": 6.0}
{"mode": "train", "epoch": 103, "loss": 2.54351544380188, "acc": 0.1392694115638733, "acc_or": 0.6537100076675415, "sender_entropy": 1.9345766305923462, "receiver_entropy": 0.0, "original_loss": 0.7370500564575195, "mean_length": 6.0}
{"mode": "test", "epoch": 103, "loss": 2.947667121887207, "acc": 0.21917808055877686, "acc_or": 0.7226027250289917, "sender_entropy": 1.9816430807113647, "receiver_entropy": 0.0, "original_loss": 0.583345890045166, "mean_length": 6.0}
{"mode": "train", "epoch": 104, "loss": 2.664137363433838, "acc": 0.14863012731075287, "acc_or": 0.6617580056190491, "sender_entropy": 1.927187204360962, "receiver_entropy": 0.0, "original_loss": 0.7207045555114746, "mean_length": 6.0}
{"mode": "test", "epoch": 104, "loss": 3.1174416542053223, "acc": 0.2054794430732727, "acc_or": 0.7191780805587769, "sender_entropy": 1.979653239250183, "receiver_entropy": 0.0, "original_loss": 0.5614299774169922, "mean_length": 6.0}
{"mode": "train", "epoch": 105, "loss": 2.6542680263519287, "acc": 0.1424657553434372, "acc_or": 0.659931480884552, "sender_entropy": 1.9248121976852417, "receiver_entropy": 0.0, "original_loss": 0.7189278602600098, "mean_length": 6.0}
{"mode": "test", "epoch": 105, "loss": 3.3062427043914795, "acc": 0.2602739632129669, "acc_or": 0.7363013625144958, "sender_entropy": 1.9878472089767456, "receiver_entropy": 0.0, "original_loss": 0.5430757403373718, "mean_length": 6.0}
{"mode": "train", "epoch": 106, "loss": 2.59861421585083, "acc": 0.1463470309972763, "acc_or": 0.659246563911438, "sender_entropy": 1.9283274412155151, "receiver_entropy": 0.0, "original_loss": 0.7230379581451416, "mean_length": 6.0}
{"mode": "test", "epoch": 106, "loss": 3.3448262214660645, "acc": 0.21917808055877686, "acc_or": 0.7465753555297852, "sender_entropy": 1.9960825443267822, "receiver_entropy": 0.0, "original_loss": 0.5402544736862183, "mean_length": 6.0}
{"mode": "train", "epoch": 107, "loss": 2.484586238861084, "acc": 0.14429223537445068, "acc_or": 0.6509132385253906, "sender_entropy": 1.9498196840286255, "receiver_entropy": 0.0, "original_loss": 0.7325456738471985, "mean_length": 6.0}
{"mode": "test", "epoch": 107, "loss": 3.381592273712158, "acc": 0.2602739632129669, "acc_or": 0.7602739930152893, "sender_entropy": 1.9971145391464233, "receiver_entropy": 0.0, "original_loss": 0.5333999991416931, "mean_length": 6.0}
{"mode": "train", "epoch": 108, "loss": 2.471644401550293, "acc": 0.1470319628715515, "acc_or": 0.65456622838974, "sender_entropy": 1.9556032419204712, "receiver_entropy": 0.0, "original_loss": 0.7292361259460449, "mean_length": 6.0}
{"mode": "test", "epoch": 108, "loss": 3.3357126712799072, "acc": 0.2876712381839752, "acc_or": 0.7568492889404297, "sender_entropy": 1.9911305904388428, "receiver_entropy": 0.0, "original_loss": 0.5363160967826843, "mean_length": 6.0}
{"mode": "train", "epoch": 109, "loss": 2.4416511058807373, "acc": 0.1449771672487259, "acc_or": 0.6557077765464783, "sender_entropy": 1.9420053958892822, "receiver_entropy": 0.0, "original_loss": 0.727910041809082, "mean_length": 6.0}
{"mode": "test", "epoch": 109, "loss": 3.0372118949890137, "acc": 0.2602739632129669, "acc_or": 0.7534246444702148, "sender_entropy": 1.9720388650894165, "receiver_entropy": 0.0, "original_loss": 0.5564064383506775, "mean_length": 6.0}
{"mode": "train", "epoch": 110, "loss": 2.5602805614471436, "acc": 0.1513698548078537, "acc_or": 0.6631278395652771, "sender_entropy": 1.917720913887024, "receiver_entropy": 0.0, "original_loss": 0.7119820713996887, "mean_length": 6.0}
{"mode": "test", "epoch": 110, "loss": 3.14756441116333, "acc": 0.27397260069847107, "acc_or": 0.7465753555297852, "sender_entropy": 1.9693477153778076, "receiver_entropy": 0.0, "original_loss": 0.53883296251297, "mean_length": 6.0}
{"mode": "train", "epoch": 111, "loss": 2.6068458557128906, "acc": 0.16210044920444489, "acc_or": 0.6679223775863647, "sender_entropy": 1.9173451662063599, "receiver_entropy": 0.0, "original_loss": 0.7043699622154236, "mean_length": 6.0}
{"mode": "test", "epoch": 111, "loss": 3.1606431007385254, "acc": 0.2876712381839752, "acc_or": 0.7534246444702148, "sender_entropy": 1.972036361694336, "receiver_entropy": 0.0, "original_loss": 0.5350050330162048, "mean_length": 6.0}
{"mode": "train", "epoch": 112, "loss": 2.6435365676879883, "acc": 0.1673515886068344, "acc_or": 0.6714041233062744, "sender_entropy": 1.9150620698928833, "receiver_entropy": 0.0, "original_loss": 0.6998724341392517, "mean_length": 6.0}
{"mode": "test", "epoch": 112, "loss": 3.0999279022216797, "acc": 0.301369845867157, "acc_or": 0.767123281955719, "sender_entropy": 1.9664041996002197, "receiver_entropy": 0.0, "original_loss": 0.535460889339447, "mean_length": 6.0}
{"mode": "train", "epoch": 113, "loss": 2.632658004760742, "acc": 0.17214611172676086, "acc_or": 0.6719748973846436, "sender_entropy": 1.9081441164016724, "receiver_entropy": 0.0, "original_loss": 0.6956787109375, "mean_length": 6.0}
{"mode": "test", "epoch": 113, "loss": 3.2337613105773926, "acc": 0.3287671208381653, "acc_or": 0.767123281955719, "sender_entropy": 1.969017505645752, "receiver_entropy": 0.0, "original_loss": 0.5223577618598938, "mean_length": 6.0}
{"mode": "train", "epoch": 114, "loss": 2.6578285694122314, "acc": 0.16073058545589447, "acc_or": 0.6702054738998413, "sender_entropy": 1.909893274307251, "receiver_entropy": 0.0, "original_loss": 0.6925281882286072, "mean_length": 6.0}
{"mode": "test", "epoch": 114, "loss": 3.301198720932007, "acc": 0.34246575832366943, "acc_or": 0.7705479264259338, "sender_entropy": 1.9727423191070557, "receiver_entropy": 0.0, "original_loss": 0.5151441097259521, "mean_length": 6.0}
{"mode": "train", "epoch": 115, "loss": 2.658640146255493, "acc": 0.17671231925487518, "acc_or": 0.6783105134963989, "sender_entropy": 1.9114634990692139, "receiver_entropy": 0.0, "original_loss": 0.6883246898651123, "mean_length": 6.0}
{"mode": "test", "epoch": 115, "loss": 3.3725836277008057, "acc": 0.36986300349235535, "acc_or": 0.784246563911438, "sender_entropy": 1.9708304405212402, "receiver_entropy": 0.0, "original_loss": 0.5017582774162292, "mean_length": 6.0}
{"mode": "train", "epoch": 116, "loss": 2.6568005084991455, "acc": 0.16757990419864655, "acc_or": 0.6785387992858887, "sender_entropy": 1.908722996711731, "receiver_entropy": 0.0, "original_loss": 0.6866753697395325, "mean_length": 6.0}
{"mode": "test", "epoch": 116, "loss": 3.2247331142425537, "acc": 0.3561643958091736, "acc_or": 0.7808219194412231, "sender_entropy": 1.9708603620529175, "receiver_entropy": 0.0, "original_loss": 0.5181577205657959, "mean_length": 6.0}
{"mode": "train", "epoch": 117, "loss": 2.666530132293701, "acc": 0.1773972511291504, "acc_or": 0.6816210150718689, "sender_entropy": 1.8983829021453857, "receiver_entropy": 0.0, "original_loss": 0.680959939956665, "mean_length": 6.0}
{"mode": "test", "epoch": 117, "loss": 3.1491217613220215, "acc": 0.27397260069847107, "acc_or": 0.7534246444702148, "sender_entropy": 1.963438630104065, "receiver_entropy": 0.0, "original_loss": 0.5209394693374634, "mean_length": 6.0}
{"mode": "train", "epoch": 118, "loss": 2.6937718391418457, "acc": 0.1780821830034256, "acc_or": 0.6832191944122314, "sender_entropy": 1.8940563201904297, "receiver_entropy": 0.0, "original_loss": 0.6745714545249939, "mean_length": 6.0}
{"mode": "test", "epoch": 118, "loss": 3.3192641735076904, "acc": 0.31506848335266113, "acc_or": 0.7808219194412231, "sender_entropy": 1.9636571407318115, "receiver_entropy": 0.0, "original_loss": 0.49462196230888367, "mean_length": 6.0}
{"mode": "train", "epoch": 119, "loss": 2.691850423812866, "acc": 0.17602738738059998, "acc_or": 0.682876706123352, "sender_entropy": 1.8924771547317505, "receiver_entropy": 0.0, "original_loss": 0.6737139821052551, "mean_length": 6.0}
{"mode": "test", "epoch": 119, "loss": 3.51546049118042, "acc": 0.3561643958091736, "acc_or": 0.801369845867157, "sender_entropy": 1.9756097793579102, "receiver_entropy": 0.0, "original_loss": 0.47646990418434143, "mean_length": 6.0}
{"mode": "train", "epoch": 120, "loss": 2.621070623397827, "acc": 0.18036529421806335, "acc_or": 0.6824200749397278, "sender_entropy": 1.9071460962295532, "receiver_entropy": 0.0, "original_loss": 0.6781103014945984, "mean_length": 6.0}
{"mode": "test", "epoch": 120, "loss": 3.4416513442993164, "acc": 0.3287671208381653, "acc_or": 0.7739725708961487, "sender_entropy": 1.986648678779602, "receiver_entropy": 0.0, "original_loss": 0.4892078638076782, "mean_length": 6.0}
{"mode": "train", "epoch": 121, "loss": 2.5488853454589844, "acc": 0.17534247040748596, "acc_or": 0.6779680252075195, "sender_entropy": 1.9101040363311768, "receiver_entropy": 0.0, "original_loss": 0.6833798289299011, "mean_length": 6.0}
{"mode": "test", "epoch": 121, "loss": 3.4500277042388916, "acc": 0.2876712381839752, "acc_or": 0.7876712083816528, "sender_entropy": 1.9666731357574463, "receiver_entropy": 0.0, "original_loss": 0.47552457451820374, "mean_length": 6.0}
{"mode": "train", "epoch": 122, "loss": 2.7046396732330322, "acc": 0.1876712292432785, "acc_or": 0.6905251145362854, "sender_entropy": 1.8896400928497314, "receiver_entropy": 0.0, "original_loss": 0.66270512342453, "mean_length": 6.0}
{"mode": "test", "epoch": 122, "loss": 3.3866803646087646, "acc": 0.27397260069847107, "acc_or": 0.767123281955719, "sender_entropy": 1.963951587677002, "receiver_entropy": 0.0, "original_loss": 0.47990861535072327, "mean_length": 6.0}
{"mode": "train", "epoch": 123, "loss": 2.7514431476593018, "acc": 0.2009132355451584, "acc_or": 0.6962328553199768, "sender_entropy": 1.8826392889022827, "receiver_entropy": 0.0, "original_loss": 0.6536712646484375, "mean_length": 6.0}
{"mode": "test", "epoch": 123, "loss": 3.444230556488037, "acc": 0.3561643958091736, "acc_or": 0.7808219194412231, "sender_entropy": 1.9617602825164795, "receiver_entropy": 0.0, "original_loss": 0.468963623046875, "mean_length": 6.0}
{"mode": "train", "epoch": 124, "loss": 2.7026095390319824, "acc": 0.20593607425689697, "acc_or": 0.6948630213737488, "sender_entropy": 1.884442925453186, "receiver_entropy": 0.0, "original_loss": 0.6564365029335022, "mean_length": 6.0}
{"mode": "test", "epoch": 124, "loss": 3.536353349685669, "acc": 0.42465752363204956, "acc_or": 0.8116438388824463, "sender_entropy": 1.9633530378341675, "receiver_entropy": 0.0, "original_loss": 0.45703062415122986, "mean_length": 6.0}
{"mode": "train", "epoch": 125, "loss": 2.6555943489074707, "acc": 0.19041095674037933, "acc_or": 0.694805920124054, "sender_entropy": 1.8862247467041016, "receiver_entropy": 0.0, "original_loss": 0.6576007008552551, "mean_length": 6.0}
{"mode": "test", "epoch": 125, "loss": 3.5340919494628906, "acc": 0.42465752363204956, "acc_or": 0.8321917653083801, "sender_entropy": 1.9551844596862793, "receiver_entropy": 0.0, "original_loss": 0.45018988847732544, "mean_length": 6.0}
{"mode": "train", "epoch": 126, "loss": 2.767413854598999, "acc": 0.2175799012184143, "acc_or": 0.7078766822814941, "sender_entropy": 1.8704293966293335, "receiver_entropy": 0.0, "original_loss": 0.643637478351593, "mean_length": 6.0}
{"mode": "test", "epoch": 126, "loss": 3.4528234004974365, "acc": 0.42465752363204956, "acc_or": 0.8287671208381653, "sender_entropy": 1.9497369527816772, "receiver_entropy": 0.0, "original_loss": 0.4539704918861389, "mean_length": 6.0}
{"mode": "train", "epoch": 127, "loss": 2.769576072692871, "acc": 0.20525114238262177, "acc_or": 0.7045091390609741, "sender_entropy": 1.8654838800430298, "receiver_entropy": 0.0, "original_loss": 0.6404035091400146, "mean_length": 6.0}
{"mode": "test", "epoch": 127, "loss": 3.4686825275421143, "acc": 0.3835616409778595, "acc_or": 0.8116438388824463, "sender_entropy": 1.95284903049469, "receiver_entropy": 0.0, "original_loss": 0.45073339343070984, "mean_length": 6.0}
{"mode": "train", "epoch": 128, "loss": 2.7430505752563477, "acc": 0.20525114238262177, "acc_or": 0.7018835544586182, "sender_entropy": 1.8704445362091064, "receiver_entropy": 0.0, "original_loss": 0.638022243976593, "mean_length": 6.0}
{"mode": "test", "epoch": 128, "loss": 3.4782865047454834, "acc": 0.4109588861465454, "acc_or": 0.8082191944122314, "sender_entropy": 1.9442150592803955, "receiver_entropy": 0.0, "original_loss": 0.44212085008621216, "mean_length": 6.0}
{"mode": "train", "epoch": 129, "loss": 2.807121753692627, "acc": 0.22214610874652863, "acc_or": 0.7113584280014038, "sender_entropy": 1.8573715686798096, "receiver_entropy": 0.0, "original_loss": 0.6293327212333679, "mean_length": 6.0}
{"mode": "test", "epoch": 129, "loss": 3.4160265922546387, "acc": 0.42465752363204956, "acc_or": 0.818493127822876, "sender_entropy": 1.9408587217330933, "receiver_entropy": 0.0, "original_loss": 0.4407401382923126, "mean_length": 6.0}
{"mode": "train", "epoch": 130, "loss": 2.9099326133728027, "acc": 0.23264840245246887, "acc_or": 0.7212899327278137, "sender_entropy": 1.8569649457931519, "receiver_entropy": 0.0, "original_loss": 0.614757776260376, "mean_length": 6.0}
{"mode": "test", "epoch": 130, "loss": 3.3177332878112793, "acc": 0.39726027846336365, "acc_or": 0.8150684833526611, "sender_entropy": 1.931422233581543, "receiver_entropy": 0.0, "original_loss": 0.4457568824291229, "mean_length": 6.0}
{"mode": "train", "epoch": 131, "loss": 2.8441712856292725, "acc": 0.24223743379116058, "acc_or": 0.7236872315406799, "sender_entropy": 1.8467719554901123, "receiver_entropy": 0.0, "original_loss": 0.6169092655181885, "mean_length": 6.0}
{"mode": "test", "epoch": 131, "loss": 3.310026168823242, "acc": 0.4383561611175537, "acc_or": 0.8321917653083801, "sender_entropy": 1.9176313877105713, "receiver_entropy": 0.0, "original_loss": 0.4370914399623871, "mean_length": 6.0}
{"mode": "train", "epoch": 132, "loss": 2.945275068283081, "acc": 0.24726027250289917, "acc_or": 0.7289954423904419, "sender_entropy": 1.8270559310913086, "receiver_entropy": 0.0, "original_loss": 0.6026082634925842, "mean_length": 6.0}
{"mode": "test", "epoch": 132, "loss": 3.4510021209716797, "acc": 0.465753436088562, "acc_or": 0.8321917653083801, "sender_entropy": 1.9132070541381836, "receiver_entropy": 0.0, "original_loss": 0.4108622372150421, "mean_length": 6.0}
{"mode": "train", "epoch": 133, "loss": 2.9814138412475586, "acc": 0.250684916973114, "acc_or": 0.7321917414665222, "sender_entropy": 1.8273382186889648, "receiver_entropy": 0.0, "original_loss": 0.5964956283569336, "mean_length": 6.0}
{"mode": "test", "epoch": 133, "loss": 3.5135693550109863, "acc": 0.4794520437717438, "acc_or": 0.8424657583236694, "sender_entropy": 1.9168510437011719, "receiver_entropy": 0.0, "original_loss": 0.4036245048046112, "mean_length": 6.0}
{"mode": "train", "epoch": 134, "loss": 2.945584774017334, "acc": 0.24863013625144958, "acc_or": 0.7310501933097839, "sender_entropy": 1.834119439125061, "receiver_entropy": 0.0, "original_loss": 0.5971193313598633, "mean_length": 6.0}
{"mode": "test", "epoch": 134, "loss": 3.5136349201202393, "acc": 0.42465752363204956, "acc_or": 0.8390411138534546, "sender_entropy": 1.9120619297027588, "receiver_entropy": 0.0, "original_loss": 0.3995262682437897, "mean_length": 6.0}
{"mode": "train", "epoch": 135, "loss": 2.967862606048584, "acc": 0.253652960062027, "acc_or": 0.7352168560028076, "sender_entropy": 1.8317489624023438, "receiver_entropy": 0.0, "original_loss": 0.5921726822853088, "mean_length": 6.0}
{"mode": "test", "epoch": 135, "loss": 3.42454195022583, "acc": 0.4383561611175537, "acc_or": 0.8424657583236694, "sender_entropy": 1.8982303142547607, "receiver_entropy": 0.0, "original_loss": 0.40124499797821045, "mean_length": 6.0}
{"mode": "train", "epoch": 136, "loss": 3.052522659301758, "acc": 0.2730593681335449, "acc_or": 0.7434360384941101, "sender_entropy": 1.81682550907135, "receiver_entropy": 0.0, "original_loss": 0.5772555470466614, "mean_length": 6.0}
{"mode": "test", "epoch": 136, "loss": 3.410740852355957, "acc": 0.4383561611175537, "acc_or": 0.8424657583236694, "sender_entropy": 1.8874393701553345, "receiver_entropy": 0.0, "original_loss": 0.3946184515953064, "mean_length": 6.0}
{"mode": "train", "epoch": 137, "loss": 3.0377278327941895, "acc": 0.27077624201774597, "acc_or": 0.7422374486923218, "sender_entropy": 1.8080248832702637, "receiver_entropy": 0.0, "original_loss": 0.5755084753036499, "mean_length": 6.0}
{"mode": "test", "epoch": 137, "loss": 3.3223893642425537, "acc": 0.465753436088562, "acc_or": 0.8458904027938843, "sender_entropy": 1.8855266571044922, "receiver_entropy": 0.0, "original_loss": 0.4025520980358124, "mean_length": 6.0}
{"mode": "train", "epoch": 138, "loss": 3.096371650695801, "acc": 0.27762556076049805, "acc_or": 0.7472602725028992, "sender_entropy": 1.8051453828811646, "receiver_entropy": 0.0, "original_loss": 0.5657238960266113, "mean_length": 6.0}
{"mode": "test", "epoch": 138, "loss": 3.487147092819214, "acc": 0.4931506812572479, "acc_or": 0.8595890402793884, "sender_entropy": 1.8847111463546753, "receiver_entropy": 0.0, "original_loss": 0.37488093972206116, "mean_length": 6.0}
{"mode": "train", "epoch": 139, "loss": 3.0804107189178467, "acc": 0.29155251383781433, "acc_or": 0.75336754322052, "sender_entropy": 1.803590178489685, "receiver_entropy": 0.0, "original_loss": 0.5631225109100342, "mean_length": 6.0}
{"mode": "test", "epoch": 139, "loss": 3.511152505874634, "acc": 0.5205479264259338, "acc_or": 0.8732876777648926, "sender_entropy": 1.8874449729919434, "receiver_entropy": 0.0, "original_loss": 0.3705430328845978, "mean_length": 6.0}
{"mode": "train", "epoch": 140, "loss": 3.0143775939941406, "acc": 0.280593603849411, "acc_or": 0.7492008805274963, "sender_entropy": 1.803314208984375, "receiver_entropy": 0.0, "original_loss": 0.5674329996109009, "mean_length": 6.0}
{"mode": "test", "epoch": 140, "loss": 3.625133514404297, "acc": 0.5479452013969421, "acc_or": 0.8801369667053223, "sender_entropy": 1.8837069272994995, "receiver_entropy": 0.0, "original_loss": 0.352868914604187, "mean_length": 6.0}
{"mode": "train", "epoch": 141, "loss": 3.1052136421203613, "acc": 0.2894977033138275, "acc_or": 0.7562214732170105, "sender_entropy": 1.799950122833252, "receiver_entropy": 0.0, "original_loss": 0.5554236769676208, "mean_length": 6.0}
{"mode": "test", "epoch": 141, "loss": 3.6663267612457275, "acc": 0.534246563911438, "acc_or": 0.8698630332946777, "sender_entropy": 1.873913288116455, "receiver_entropy": 0.0, "original_loss": 0.3394511044025421, "mean_length": 6.0}
{"mode": "train", "epoch": 142, "loss": 3.097893238067627, "acc": 0.2997716963291168, "acc_or": 0.7575342059135437, "sender_entropy": 1.7974205017089844, "receiver_entropy": 0.0, "original_loss": 0.5515277981758118, "mean_length": 6.0}
{"mode": "test", "epoch": 142, "loss": 3.612318754196167, "acc": 0.5616438388824463, "acc_or": 0.8835616111755371, "sender_entropy": 1.8655219078063965, "receiver_entropy": 0.0, "original_loss": 0.3419313132762909, "mean_length": 6.0}
{"mode": "train", "epoch": 143, "loss": 3.0920872688293457, "acc": 0.29999998211860657, "acc_or": 0.7589040994644165, "sender_entropy": 1.7903872728347778, "receiver_entropy": 0.0, "original_loss": 0.5490303635597229, "mean_length": 6.0}
{"mode": "test", "epoch": 143, "loss": 3.595205545425415, "acc": 0.534246563911438, "acc_or": 0.8767123222351074, "sender_entropy": 1.8667749166488647, "receiver_entropy": 0.0, "original_loss": 0.34344586730003357, "mean_length": 6.0}
{"mode": "train", "epoch": 144, "loss": 3.1195571422576904, "acc": 0.301369845867157, "acc_or": 0.7639840245246887, "sender_entropy": 1.7899106740951538, "receiver_entropy": 0.0, "original_loss": 0.5402218699455261, "mean_length": 6.0}
{"mode": "test", "epoch": 144, "loss": 3.5831069946289062, "acc": 0.5753424763679504, "acc_or": 0.8801369667053223, "sender_entropy": 1.8528550863265991, "receiver_entropy": 0.0, "original_loss": 0.3331649601459503, "mean_length": 6.0}
{"mode": "train", "epoch": 145, "loss": 3.203709840774536, "acc": 0.31849315762519836, "acc_or": 0.7710616588592529, "sender_entropy": 1.777635931968689, "receiver_entropy": 0.0, "original_loss": 0.5311245322227478, "mean_length": 6.0}
{"mode": "test", "epoch": 145, "loss": 3.5603654384613037, "acc": 0.5753424763679504, "acc_or": 0.8835616111755371, "sender_entropy": 1.8429261445999146, "receiver_entropy": 0.0, "original_loss": 0.32391995191574097, "mean_length": 6.0}
{"mode": "train", "epoch": 146, "loss": 3.226985216140747, "acc": 0.33356162905693054, "acc_or": 0.775114119052887, "sender_entropy": 1.763129472732544, "receiver_entropy": 0.0, "original_loss": 0.5219544768333435, "mean_length": 6.0}
{"mode": "test", "epoch": 146, "loss": 3.5695858001708984, "acc": 0.5479452013969421, "acc_or": 0.8801369667053223, "sender_entropy": 1.8340542316436768, "receiver_entropy": 0.0, "original_loss": 0.315891832113266, "mean_length": 6.0}
{"mode": "train", "epoch": 147, "loss": 3.2976787090301514, "acc": 0.3372146189212799, "acc_or": 0.7793378829956055, "sender_entropy": 1.7490217685699463, "receiver_entropy": 0.0, "original_loss": 0.509218156337738, "mean_length": 6.0}
{"mode": "test", "epoch": 147, "loss": 3.5954456329345703, "acc": 0.5616438388824463, "acc_or": 0.8835616111755371, "sender_entropy": 1.8413939476013184, "receiver_entropy": 0.0, "original_loss": 0.31298941373825073, "mean_length": 6.0}
{"mode": "train", "epoch": 148, "loss": 3.2241549491882324, "acc": 0.34315067529678345, "acc_or": 0.7801940441131592, "sender_entropy": 1.7484962940216064, "receiver_entropy": 0.0, "original_loss": 0.5128669142723083, "mean_length": 6.0}
{"mode": "test", "epoch": 148, "loss": 3.6939098834991455, "acc": 0.5890411138534546, "acc_or": 0.8904109597206116, "sender_entropy": 1.8474839925765991, "receiver_entropy": 0.0, "original_loss": 0.3018365204334259, "mean_length": 6.0}
{"mode": "train", "epoch": 149, "loss": 3.196812629699707, "acc": 0.3493150770664215, "acc_or": 0.7824200987815857, "sender_entropy": 1.757068157196045, "receiver_entropy": 0.0, "original_loss": 0.5114085078239441, "mean_length": 6.0}
{"mode": "test", "epoch": 149, "loss": 3.6418936252593994, "acc": 0.6301369667053223, "acc_or": 0.8972602486610413, "sender_entropy": 1.8208377361297607, "receiver_entropy": 0.0, "original_loss": 0.29564109444618225, "mean_length": 6.0}
{"mode": "train", "epoch": 150, "loss": 3.329604148864746, "acc": 0.3643835484981537, "acc_or": 0.7914954423904419, "sender_entropy": 1.7258503437042236, "receiver_entropy": 0.0, "original_loss": 0.49092480540275574, "mean_length": 6.0}
{"mode": "test", "epoch": 150, "loss": 3.50246000289917, "acc": 0.602739691734314, "acc_or": 0.8972602486610413, "sender_entropy": 1.8136297464370728, "receiver_entropy": 0.0, "original_loss": 0.30811306834220886, "mean_length": 6.0}
{"mode": "train", "epoch": 151, "loss": 3.324465751647949, "acc": 0.361872136592865, "acc_or": 0.7916666269302368, "sender_entropy": 1.7290232181549072, "receiver_entropy": 0.0, "original_loss": 0.48816826939582825, "mean_length": 6.0}
{"mode": "test", "epoch": 151, "loss": 3.5931055545806885, "acc": 0.6438356041908264, "acc_or": 0.9041095972061157, "sender_entropy": 1.8107658624649048, "receiver_entropy": 0.0, "original_loss": 0.2874632477760315, "mean_length": 6.0}
{"mode": "train", "epoch": 152, "loss": 3.3374691009521484, "acc": 0.3668949604034424, "acc_or": 0.7934360504150391, "sender_entropy": 1.727670431137085, "receiver_entropy": 0.0, "original_loss": 0.4863014817237854, "mean_length": 6.0}
{"mode": "test", "epoch": 152, "loss": 3.7074995040893555, "acc": 0.6712328791618347, "acc_or": 0.9109588861465454, "sender_entropy": 1.8135360479354858, "receiver_entropy": 0.0, "original_loss": 0.2700601816177368, "mean_length": 6.0}
{"mode": "train", "epoch": 153, "loss": 3.321894884109497, "acc": 0.37625569105148315, "acc_or": 0.798059344291687, "sender_entropy": 1.7362291812896729, "receiver_entropy": 0.0, "original_loss": 0.4838429093360901, "mean_length": 6.0}
{"mode": "test", "epoch": 153, "loss": 3.7085838317871094, "acc": 0.6849315166473389, "acc_or": 0.9143835306167603, "sender_entropy": 1.8035038709640503, "receiver_entropy": 0.0, "original_loss": 0.25955095887184143, "mean_length": 6.0}
{"mode": "train", "epoch": 154, "loss": 3.394765853881836, "acc": 0.38904109597206116, "acc_or": 0.8022831082344055, "sender_entropy": 1.728509783744812, "receiver_entropy": 0.0, "original_loss": 0.4710780382156372, "mean_length": 6.0}
{"mode": "test", "epoch": 154, "loss": 3.766029119491577, "acc": 0.698630154132843, "acc_or": 0.9178082346916199, "sender_entropy": 1.804804801940918, "receiver_entropy": 0.0, "original_loss": 0.24893026053905487, "mean_length": 6.0}
{"mode": "train", "epoch": 155, "loss": 3.311768054962158, "acc": 0.37557077407836914, "acc_or": 0.798059344291687, "sender_entropy": 1.7283061742782593, "receiver_entropy": 0.0, "original_loss": 0.47891849279403687, "mean_length": 6.0}
{"mode": "test", "epoch": 155, "loss": 3.785849094390869, "acc": 0.7123287916183472, "acc_or": 0.9212328791618347, "sender_entropy": 1.7961190938949585, "receiver_entropy": 0.0, "original_loss": 0.23879921436309814, "mean_length": 6.0}
{"mode": "train", "epoch": 156, "loss": 3.308744192123413, "acc": 0.38127854466438293, "acc_or": 0.7970890402793884, "sender_entropy": 1.726003646850586, "receiver_entropy": 0.0, "original_loss": 0.4758123457431793, "mean_length": 6.0}
{"mode": "test", "epoch": 156, "loss": 3.736266851425171, "acc": 0.698630154132843, "acc_or": 0.9212328791618347, "sender_entropy": 1.7876352071762085, "receiver_entropy": 0.0, "original_loss": 0.2435971051454544, "mean_length": 6.0}
{"mode": "train", "epoch": 157, "loss": 3.4864115715026855, "acc": 0.41963469982147217, "acc_or": 0.8128424286842346, "sender_entropy": 1.7146214246749878, "receiver_entropy": 0.0, "original_loss": 0.451796293258667, "mean_length": 6.0}
{"mode": "test", "epoch": 157, "loss": 3.609400510787964, "acc": 0.7123287916183472, "acc_or": 0.9280821681022644, "sender_entropy": 1.763908863067627, "receiver_entropy": 0.0, "original_loss": 0.24666176736354828, "mean_length": 6.0}
{"mode": "train", "epoch": 158, "loss": 3.4858734607696533, "acc": 0.43744292855262756, "acc_or": 0.8196917772293091, "sender_entropy": 1.6887308359146118, "receiver_entropy": 0.0, "original_loss": 0.4422394633293152, "mean_length": 6.0}
{"mode": "test", "epoch": 158, "loss": 3.5974996089935303, "acc": 0.6849315166473389, "acc_or": 0.9143835306167603, "sender_entropy": 1.7553025484085083, "receiver_entropy": 0.0, "original_loss": 0.2420545369386673, "mean_length": 6.0}
{"mode": "train", "epoch": 159, "loss": 3.5035409927368164, "acc": 0.4413242042064667, "acc_or": 0.8244863152503967, "sender_entropy": 1.680504560470581, "receiver_entropy": 0.0, "original_loss": 0.43258094787597656, "mean_length": 6.0}
{"mode": "test", "epoch": 159, "loss": 3.6866767406463623, "acc": 0.7397260069847107, "acc_or": 0.931506872177124, "sender_entropy": 1.7414865493774414, "receiver_entropy": 0.0, "original_loss": 0.22090977430343628, "mean_length": 6.0}
{"mode": "train", "epoch": 160, "loss": 3.48799991607666, "acc": 0.44566208124160767, "acc_or": 0.8239725828170776, "sender_entropy": 1.673020362854004, "receiver_entropy": 0.0, "original_loss": 0.42852622270584106, "mean_length": 6.0}
{"mode": "test", "epoch": 160, "loss": 3.69234037399292, "acc": 0.8219177722930908, "acc_or": 0.9520547986030579, "sender_entropy": 1.7208507061004639, "receiver_entropy": 0.0, "original_loss": 0.19766373932361603, "mean_length": 6.0}
{"mode": "train", "epoch": 161, "loss": 3.6412134170532227, "acc": 0.4547945261001587, "acc_or": 0.8299086689949036, "sender_entropy": 1.6539943218231201, "receiver_entropy": 0.0, "original_loss": 0.4096689820289612, "mean_length": 6.0}
{"mode": "test", "epoch": 161, "loss": 3.664407968521118, "acc": 0.8493150472640991, "acc_or": 0.9589040875434875, "sender_entropy": 1.7222177982330322, "receiver_entropy": 0.0, "original_loss": 0.20206615328788757, "mean_length": 6.0}
{"mode": "train", "epoch": 162, "loss": 3.6048426628112793, "acc": 0.46027395129203796, "acc_or": 0.8327054381370544, "sender_entropy": 1.652630090713501, "receiver_entropy": 0.0, "original_loss": 0.4101099371910095, "mean_length": 6.0}
{"mode": "test", "epoch": 162, "loss": 3.781297206878662, "acc": 0.8493150472640991, "acc_or": 0.9623287320137024, "sender_entropy": 1.7276381254196167, "receiver_entropy": 0.0, "original_loss": 0.18672791123390198, "mean_length": 6.0}
{"mode": "train", "epoch": 163, "loss": 3.5616888999938965, "acc": 0.47168949246406555, "acc_or": 0.832248866558075, "sender_entropy": 1.6592938899993896, "receiver_entropy": 0.0, "original_loss": 0.4123518168926239, "mean_length": 6.0}
{"mode": "test", "epoch": 163, "loss": 3.7523136138916016, "acc": 0.8082191944122314, "acc_or": 0.9520547986030579, "sender_entropy": 1.73502516746521, "receiver_entropy": 0.0, "original_loss": 0.19188298285007477, "mean_length": 6.0}
{"mode": "train", "epoch": 164, "loss": 3.5942442417144775, "acc": 0.4598173499107361, "acc_or": 0.831620991230011, "sender_entropy": 1.6642173528671265, "receiver_entropy": 0.0, "original_loss": 0.4085109829902649, "mean_length": 6.0}
{"mode": "test", "epoch": 164, "loss": 3.7363321781158447, "acc": 0.8219177722930908, "acc_or": 0.9520547986030579, "sender_entropy": 1.737777829170227, "receiver_entropy": 0.0, "original_loss": 0.1925438940525055, "mean_length": 6.0}
{"mode": "train", "epoch": 165, "loss": 3.578918695449829, "acc": 0.4769406318664551, "acc_or": 0.8369863033294678, "sender_entropy": 1.6676994562149048, "receiver_entropy": 0.0, "original_loss": 0.4031175673007965, "mean_length": 6.0}
{"mode": "test", "epoch": 165, "loss": 3.6811938285827637, "acc": 0.8219177722930908, "acc_or": 0.9520547986030579, "sender_entropy": 1.7293530702590942, "receiver_entropy": 0.0, "original_loss": 0.19330693781375885, "mean_length": 6.0}
{"mode": "train", "epoch": 166, "loss": 3.564606189727783, "acc": 0.47808218002319336, "acc_or": 0.8363584280014038, "sender_entropy": 1.664080262184143, "receiver_entropy": 0.0, "original_loss": 0.401577353477478, "mean_length": 6.0}
{"mode": "test", "epoch": 166, "loss": 3.738588333129883, "acc": 0.931506872177124, "acc_or": 0.982876718044281, "sender_entropy": 1.7183880805969238, "receiver_entropy": 0.0, "original_loss": 0.17177024483680725, "mean_length": 6.0}
{"mode": "train", "epoch": 167, "loss": 3.6250128746032715, "acc": 0.49520546197891235, "acc_or": 0.8412671089172363, "sender_entropy": 1.6542880535125732, "receiver_entropy": 0.0, "original_loss": 0.3884073793888092, "mean_length": 6.0}
{"mode": "test", "epoch": 167, "loss": 3.742729902267456, "acc": 0.9178082346916199, "acc_or": 0.9794520735740662, "sender_entropy": 1.7081632614135742, "receiver_entropy": 0.0, "original_loss": 0.16419662535190582, "mean_length": 6.0}
{"mode": "train", "epoch": 168, "loss": 3.5917294025421143, "acc": 0.49200913310050964, "acc_or": 0.8422945141792297, "sender_entropy": 1.640978217124939, "receiver_entropy": 0.0, "original_loss": 0.39032283425331116, "mean_length": 6.0}
{"mode": "test", "epoch": 168, "loss": 3.7211217880249023, "acc": 0.8904109597206116, "acc_or": 0.9726027250289917, "sender_entropy": 1.70441734790802, "receiver_entropy": 0.0, "original_loss": 0.16046635806560516, "mean_length": 6.0}
{"mode": "train", "epoch": 169, "loss": 3.6381897926330566, "acc": 0.4947488605976105, "acc_or": 0.8444063663482666, "sender_entropy": 1.6385146379470825, "receiver_entropy": 0.0, "original_loss": 0.3818412125110626, "mean_length": 6.0}
{"mode": "test", "epoch": 169, "loss": 3.7395520210266113, "acc": 0.8630136847496033, "acc_or": 0.9623287320137024, "sender_entropy": 1.7015190124511719, "receiver_entropy": 0.0, "original_loss": 0.15529435873031616, "mean_length": 6.0}
{"mode": "train", "epoch": 170, "loss": 3.639590263366699, "acc": 0.49977168440818787, "acc_or": 0.8455479145050049, "sender_entropy": 1.6380738019943237, "receiver_entropy": 0.0, "original_loss": 0.3768754303455353, "mean_length": 6.0}
{"mode": "test", "epoch": 170, "loss": 3.657205104827881, "acc": 0.8767123222351074, "acc_or": 0.965753436088562, "sender_entropy": 1.7021794319152832, "receiver_entropy": 0.0, "original_loss": 0.16874659061431885, "mean_length": 6.0}
{"mode": "train", "epoch": 171, "loss": 3.6351513862609863, "acc": 0.5121004581451416, "acc_or": 0.8501141667366028, "sender_entropy": 1.6295254230499268, "receiver_entropy": 0.0, "original_loss": 0.37245169281959534, "mean_length": 6.0}
{"mode": "test", "epoch": 171, "loss": 3.7098374366760254, "acc": 0.8904109597206116, "acc_or": 0.9726027250289917, "sender_entropy": 1.699992299079895, "receiver_entropy": 0.0, "original_loss": 0.15828043222427368, "mean_length": 6.0}
{"mode": "train", "epoch": 172, "loss": 3.6335461139678955, "acc": 0.5132420063018799, "acc_or": 0.8515411019325256, "sender_entropy": 1.6257997751235962, "receiver_entropy": 0.0, "original_loss": 0.36885499954223633, "mean_length": 6.0}
{"mode": "test", "epoch": 172, "loss": 3.751861572265625, "acc": 0.9041095972061157, "acc_or": 0.9760273694992065, "sender_entropy": 1.6912810802459717, "receiver_entropy": 0.0, "original_loss": 0.14362576603889465, "mean_length": 6.0}
{"mode": "train", "epoch": 173, "loss": 3.546410083770752, "acc": 0.5093607306480408, "acc_or": 0.8476027250289917, "sender_entropy": 1.624946117401123, "receiver_entropy": 0.0, "original_loss": 0.3736242353916168, "mean_length": 6.0}
{"mode": "test", "epoch": 173, "loss": 3.66583251953125, "acc": 0.8630136847496033, "acc_or": 0.965753436088562, "sender_entropy": 1.6811972856521606, "receiver_entropy": 0.0, "original_loss": 0.1464301347732544, "mean_length": 6.0}
{"mode": "train", "epoch": 174, "loss": 3.595907211303711, "acc": 0.5187214612960815, "acc_or": 0.8516552448272705, "sender_entropy": 1.6178553104400635, "receiver_entropy": 0.0, "original_loss": 0.36432212591171265, "mean_length": 6.0}
{"mode": "test", "epoch": 174, "loss": 3.6846840381622314, "acc": 0.9178082346916199, "acc_or": 0.9794520735740662, "sender_entropy": 1.6789215803146362, "receiver_entropy": 0.0, "original_loss": 0.1359221488237381, "mean_length": 6.0}
{"mode": "train", "epoch": 175, "loss": 3.6410632133483887, "acc": 0.5175799131393433, "acc_or": 0.8538241982460022, "sender_entropy": 1.6189929246902466, "receiver_entropy": 0.0, "original_loss": 0.35856449604034424, "mean_length": 6.0}
{"mode": "test", "epoch": 175, "loss": 3.6222422122955322, "acc": 0.9178082346916199, "acc_or": 0.9794520735740662, "sender_entropy": 1.6853342056274414, "receiver_entropy": 0.0, "original_loss": 0.1444471925497055, "mean_length": 6.0}
{"mode": "train", "epoch": 176, "loss": 3.5266406536102295, "acc": 0.5191780924797058, "acc_or": 0.8514840006828308, "sender_entropy": 1.6257964372634888, "receiver_entropy": 0.0, "original_loss": 0.3656599223613739, "mean_length": 6.0}
{"mode": "test", "epoch": 176, "loss": 3.6126604080200195, "acc": 0.8630136847496033, "acc_or": 0.965753436088562, "sender_entropy": 1.6806480884552002, "receiver_entropy": 0.0, "original_loss": 0.14337344467639923, "mean_length": 6.0}
{"mode": "train", "epoch": 177, "loss": 3.5256712436676025, "acc": 0.5287671089172363, "acc_or": 0.8555365204811096, "sender_entropy": 1.6165997982025146, "receiver_entropy": 0.0, "original_loss": 0.3597313463687897, "mean_length": 6.0}
{"mode": "test", "epoch": 177, "loss": 3.536489725112915, "acc": 0.8493150472640991, "acc_or": 0.9623287320137024, "sender_entropy": 1.6623241901397705, "receiver_entropy": 0.0, "original_loss": 0.1396295130252838, "mean_length": 6.0}
{"mode": "train", "epoch": 178, "loss": 3.662385940551758, "acc": 0.5479452013969421, "acc_or": 0.8621004223823547, "sender_entropy": 1.604230523109436, "receiver_entropy": 0.0, "original_loss": 0.33954599499702454, "mean_length": 6.0}
{"mode": "test", "epoch": 178, "loss": 3.5298023223876953, "acc": 0.8767123222351074, "acc_or": 0.9691780805587769, "sender_entropy": 1.6418428421020508, "receiver_entropy": 0.0, "original_loss": 0.12555921077728271, "mean_length": 6.0}
{"mode": "train", "epoch": 179, "loss": 3.719688653945923, "acc": 0.568493127822876, "acc_or": 0.8707191348075867, "sender_entropy": 1.5830515623092651, "receiver_entropy": 0.0, "original_loss": 0.32855167984962463, "mean_length": 6.0}
{"mode": "test", "epoch": 179, "loss": 3.5222179889678955, "acc": 0.9178082346916199, "acc_or": 0.9760273694992065, "sender_entropy": 1.6398382186889648, "receiver_entropy": 0.0, "original_loss": 0.12464027851819992, "mean_length": 6.0}
{"mode": "train", "epoch": 180, "loss": 3.731363534927368, "acc": 0.5696346759796143, "acc_or": 0.8728310465812683, "sender_entropy": 1.5754103660583496, "receiver_entropy": 0.0, "original_loss": 0.32056260108947754, "mean_length": 6.0}
{"mode": "test", "epoch": 180, "loss": 3.537839412689209, "acc": 0.9041095972061157, "acc_or": 0.9760273694992065, "sender_entropy": 1.632986307144165, "receiver_entropy": 0.0, "original_loss": 0.11364761739969254, "mean_length": 6.0}
{"mode": "train", "epoch": 181, "loss": 3.6816670894622803, "acc": 0.5719177722930908, "acc_or": 0.87168949842453, "sender_entropy": 1.5709763765335083, "receiver_entropy": 0.0, "original_loss": 0.3198363184928894, "mean_length": 6.0}
{"mode": "test", "epoch": 181, "loss": 3.5035202503204346, "acc": 0.9041095972061157, "acc_or": 0.9760273694992065, "sender_entropy": 1.6308014392852783, "receiver_entropy": 0.0, "original_loss": 0.1141846552491188, "mean_length": 6.0}
{"mode": "train", "epoch": 182, "loss": 3.738236427307129, "acc": 0.5926940441131592, "acc_or": 0.8792808055877686, "sender_entropy": 1.5640206336975098, "receiver_entropy": 0.0, "original_loss": 0.3089168071746826, "mean_length": 6.0}
{"mode": "test", "epoch": 182, "loss": 3.486052989959717, "acc": 0.8767123222351074, "acc_or": 0.9691780805587769, "sender_entropy": 1.622618556022644, "receiver_entropy": 0.0, "original_loss": 0.11111550778150558, "mean_length": 6.0}
{"mode": "train", "epoch": 183, "loss": 3.797823429107666, "acc": 0.5878995060920715, "acc_or": 0.877682626247406, "sender_entropy": 1.5557587146759033, "receiver_entropy": 0.0, "original_loss": 0.3021351099014282, "mean_length": 6.0}
{"mode": "test", "epoch": 183, "loss": 3.4982411861419678, "acc": 0.8904109597206116, "acc_or": 0.9726027250289917, "sender_entropy": 1.6253997087478638, "receiver_entropy": 0.0, "original_loss": 0.11362681537866592, "mean_length": 6.0}
{"mode": "train", "epoch": 184, "loss": 3.7601685523986816, "acc": 0.5908675789833069, "acc_or": 0.8801369667053223, "sender_entropy": 1.558744192123413, "receiver_entropy": 0.0, "original_loss": 0.30187860131263733, "mean_length": 6.0}
{"mode": "test", "epoch": 184, "loss": 3.5010101795196533, "acc": 0.8904109597206116, "acc_or": 0.9726027250289917, "sender_entropy": 1.6250331401824951, "receiver_entropy": 0.0, "original_loss": 0.10794714093208313, "mean_length": 6.0}
{"mode": "train", "epoch": 185, "loss": 3.732837200164795, "acc": 0.6009132266044617, "acc_or": 0.8819063901901245, "sender_entropy": 1.5607740879058838, "receiver_entropy": 0.0, "original_loss": 0.30186933279037476, "mean_length": 6.0}
{"mode": "test", "epoch": 185, "loss": 3.5560457706451416, "acc": 0.931506872177124, "acc_or": 0.982876718044281, "sender_entropy": 1.6379739046096802, "receiver_entropy": 0.0, "original_loss": 0.09973164647817612, "mean_length": 6.0}
{"mode": "train", "epoch": 186, "loss": 3.771212100982666, "acc": 0.6084474921226501, "acc_or": 0.8856164216995239, "sender_entropy": 1.5697510242462158, "receiver_entropy": 0.0, "original_loss": 0.29850441217422485, "mean_length": 6.0}
{"mode": "test", "epoch": 186, "loss": 3.5628979206085205, "acc": 0.9178082346916199, "acc_or": 0.9794520735740662, "sender_entropy": 1.6381765604019165, "receiver_entropy": 0.0, "original_loss": 0.09535850584506989, "mean_length": 6.0}
{"mode": "train", "epoch": 187, "loss": 3.51530122756958, "acc": 0.5799086689949036, "acc_or": 0.8737442493438721, "sender_entropy": 1.574450969696045, "receiver_entropy": 0.0, "original_loss": 0.3222413659095764, "mean_length": 6.0}
{"mode": "test", "epoch": 187, "loss": 3.5835072994232178, "acc": 0.9041095972061157, "acc_or": 0.9760273694992065, "sender_entropy": 1.637411117553711, "receiver_entropy": 0.0, "original_loss": 0.09573090821504593, "mean_length": 6.0}
{"mode": "train", "epoch": 188, "loss": 3.7496767044067383, "acc": 0.5988584160804749, "acc_or": 0.8831620812416077, "sender_entropy": 1.574657917022705, "receiver_entropy": 0.0, "original_loss": 0.2956233620643616, "mean_length": 6.0}
{"mode": "test", "epoch": 188, "loss": 3.514364004135132, "acc": 0.8767123222351074, "acc_or": 0.9691780805587769, "sender_entropy": 1.623738408088684, "receiver_entropy": 0.0, "original_loss": 0.10257162153720856, "mean_length": 6.0}
{"mode": "train", "epoch": 189, "loss": 3.6516499519348145, "acc": 0.5897260308265686, "acc_or": 0.8777397274971008, "sender_entropy": 1.5666725635528564, "receiver_entropy": 0.0, "original_loss": 0.30481141805648804, "mean_length": 6.0}
{"mode": "test", "epoch": 189, "loss": 3.5109763145446777, "acc": 0.8630136847496033, "acc_or": 0.965753436088562, "sender_entropy": 1.6236499547958374, "receiver_entropy": 0.0, "original_loss": 0.10170863568782806, "mean_length": 6.0}
{"mode": "train", "epoch": 190, "loss": 3.6655490398406982, "acc": 0.5945205092430115, "acc_or": 0.8827054500579834, "sender_entropy": 1.5640013217926025, "receiver_entropy": 0.0, "original_loss": 0.29645466804504395, "mean_length": 6.0}
{"mode": "test", "epoch": 190, "loss": 3.5921199321746826, "acc": 0.9452054500579834, "acc_or": 0.9863013625144958, "sender_entropy": 1.6316131353378296, "receiver_entropy": 0.0, "original_loss": 0.08916572481393814, "mean_length": 6.0}
{"mode": "train", "epoch": 191, "loss": 3.690577507019043, "acc": 0.6029680371284485, "acc_or": 0.8824200630187988, "sender_entropy": 1.565205454826355, "receiver_entropy": 0.0, "original_loss": 0.29246577620506287, "mean_length": 6.0}
{"mode": "test", "epoch": 191, "loss": 3.5457162857055664, "acc": 0.9589040875434875, "acc_or": 0.9863013625144958, "sender_entropy": 1.6266109943389893, "receiver_entropy": 0.0, "original_loss": 0.09097763150930405, "mean_length": 6.0}
{"mode": "train", "epoch": 192, "loss": 3.589956283569336, "acc": 0.602739691734314, "acc_or": 0.8837328553199768, "sender_entropy": 1.5696992874145508, "receiver_entropy": 0.0, "original_loss": 0.3026949167251587, "mean_length": 6.0}
{"mode": "test", "epoch": 192, "loss": 3.577540874481201, "acc": 0.9726027250289917, "acc_or": 0.9931506514549255, "sender_entropy": 1.6198424100875854, "receiver_entropy": 0.0, "original_loss": 0.0805220901966095, "mean_length": 6.0}
{"mode": "train", "epoch": 193, "loss": 3.639620304107666, "acc": 0.6086757779121399, "acc_or": 0.8856735229492188, "sender_entropy": 1.5611374378204346, "receiver_entropy": 0.0, "original_loss": 0.29007574915885925, "mean_length": 6.0}
{"mode": "test", "epoch": 193, "loss": 3.546736001968384, "acc": 0.9589040875434875, "acc_or": 0.9897260069847107, "sender_entropy": 1.612884759902954, "receiver_entropy": 0.0, "original_loss": 0.0766902044415474, "mean_length": 6.0}
{"mode": "train", "epoch": 194, "loss": 3.672463893890381, "acc": 0.6317351460456848, "acc_or": 0.8920661807060242, "sender_entropy": 1.551503300666809, "receiver_entropy": 0.0, "original_loss": 0.2781480848789215, "mean_length": 6.0}
{"mode": "test", "epoch": 194, "loss": 3.448209524154663, "acc": 0.931506872177124, "acc_or": 0.982876718044281, "sender_entropy": 1.606640100479126, "receiver_entropy": 0.0, "original_loss": 0.08429250121116638, "mean_length": 6.0}
{"mode": "train", "epoch": 195, "loss": 3.8020665645599365, "acc": 0.6431506872177124, "acc_or": 0.8972032070159912, "sender_entropy": 1.5378021001815796, "receiver_entropy": 0.0, "original_loss": 0.26104792952537537, "mean_length": 6.0}
{"mode": "test", "epoch": 195, "loss": 3.3905367851257324, "acc": 0.9452054500579834, "acc_or": 0.9863013625144958, "sender_entropy": 1.606726884841919, "receiver_entropy": 0.0, "original_loss": 0.09149742871522903, "mean_length": 6.0}
{"mode": "train", "epoch": 196, "loss": 3.705610752105713, "acc": 0.6410958766937256, "acc_or": 0.8977168798446655, "sender_entropy": 1.5349645614624023, "receiver_entropy": 0.0, "original_loss": 0.2649215757846832, "mean_length": 6.0}
{"mode": "test", "epoch": 196, "loss": 3.4411964416503906, "acc": 0.9452054500579834, "acc_or": 0.9863013625144958, "sender_entropy": 1.6143571138381958, "receiver_entropy": 0.0, "original_loss": 0.08225493133068085, "mean_length": 6.0}
{"mode": "train", "epoch": 197, "loss": 3.7453393936157227, "acc": 0.655251145362854, "acc_or": 0.8984017968177795, "sender_entropy": 1.542710781097412, "receiver_entropy": 0.0, "original_loss": 0.26165327429771423, "mean_length": 6.0}
{"mode": "test", "epoch": 197, "loss": 3.5073370933532715, "acc": 0.931506872177124, "acc_or": 0.982876718044281, "sender_entropy": 1.6273775100708008, "receiver_entropy": 0.0, "original_loss": 0.08001718670129776, "mean_length": 6.0}
{"mode": "train", "epoch": 198, "loss": 3.7057294845581055, "acc": 0.6543378829956055, "acc_or": 0.8991438150405884, "sender_entropy": 1.5522528886795044, "receiver_entropy": 0.0, "original_loss": 0.2646087408065796, "mean_length": 6.0}
{"mode": "test", "epoch": 198, "loss": 3.524146556854248, "acc": 0.9178082346916199, "acc_or": 0.9794520735740662, "sender_entropy": 1.626918911933899, "receiver_entropy": 0.0, "original_loss": 0.07866613566875458, "mean_length": 6.0}
{"mode": "train", "epoch": 199, "loss": 3.6511759757995605, "acc": 0.6495433449745178, "acc_or": 0.8984017968177795, "sender_entropy": 1.5563502311706543, "receiver_entropy": 0.0, "original_loss": 0.2683919370174408, "mean_length": 6.0}
{"mode": "test", "epoch": 199, "loss": 3.523674249649048, "acc": 0.931506872177124, "acc_or": 0.982876718044281, "sender_entropy": 1.6171592473983765, "receiver_entropy": 0.0, "original_loss": 0.07069197297096252, "mean_length": 6.0}
{"mode": "train", "epoch": 200, "loss": 3.6309423446655273, "acc": 0.6616438031196594, "acc_or": 0.9023972749710083, "sender_entropy": 1.5534286499023438, "receiver_entropy": 0.0, "original_loss": 0.2631969153881073, "mean_length": 6.0}
{"mode": "test", "epoch": 200, "loss": 3.445553779602051, "acc": 0.9452054500579834, "acc_or": 0.9863013625144958, "sender_entropy": 1.5996363162994385, "receiver_entropy": 0.0, "original_loss": 0.06874047964811325, "mean_length": 6.0}
{"mode": "train", "epoch": 201, "loss": 3.6882362365722656, "acc": 0.6760273575782776, "acc_or": 0.9063926935195923, "sender_entropy": 1.534064769744873, "receiver_entropy": 0.0, "original_loss": 0.24929873645305634, "mean_length": 6.0}
{"mode": "test", "epoch": 201, "loss": 3.4219226837158203, "acc": 0.9452054500579834, "acc_or": 0.9863013625144958, "sender_entropy": 1.5917024612426758, "receiver_entropy": 0.0, "original_loss": 0.06483545899391174, "mean_length": 6.0}
{"mode": "train", "epoch": 202, "loss": 3.726656436920166, "acc": 0.6764839887619019, "acc_or": 0.9066780805587769, "sender_entropy": 1.522617220878601, "receiver_entropy": 0.0, "original_loss": 0.24768447875976562, "mean_length": 6.0}
{"mode": "test", "epoch": 202, "loss": 3.4781148433685303, "acc": 0.931506872177124, "acc_or": 0.982876718044281, "sender_entropy": 1.5996477603912354, "receiver_entropy": 0.0, "original_loss": 0.06506727635860443, "mean_length": 6.0}
{"mode": "train", "epoch": 203, "loss": 3.647800922393799, "acc": 0.6710045337677002, "acc_or": 0.9054794311523438, "sender_entropy": 1.52726149559021, "receiver_entropy": 0.0, "original_loss": 0.2489289492368698, "mean_length": 6.0}
{"mode": "test", "epoch": 203, "loss": 3.4833099842071533, "acc": 0.9863013625144958, "acc_or": 0.9965753555297852, "sender_entropy": 1.58783757686615, "receiver_entropy": 0.0, "original_loss": 0.05823241174221039, "mean_length": 6.0}
{"mode": "train", "epoch": 204, "loss": 3.713829755783081, "acc": 0.6789954304695129, "acc_or": 0.9082191586494446, "sender_entropy": 1.5262261629104614, "receiver_entropy": 0.0, "original_loss": 0.24209469556808472, "mean_length": 6.0}
{"mode": "test", "epoch": 204, "loss": 3.4390475749969482, "acc": 0.9726027250289917, "acc_or": 0.9931506514549255, "sender_entropy": 1.5979065895080566, "receiver_entropy": 0.0, "original_loss": 0.06179754063487053, "mean_length": 6.0}
{"mode": "train", "epoch": 205, "loss": 3.625844955444336, "acc": 0.6682648062705994, "acc_or": 0.9045091271400452, "sender_entropy": 1.5348385572433472, "receiver_entropy": 0.0, "original_loss": 0.25007301568984985, "mean_length": 6.0}
{"mode": "test", "epoch": 205, "loss": 3.4491586685180664, "acc": 0.9863013625144958, "acc_or": 0.9965753555297852, "sender_entropy": 1.601568579673767, "receiver_entropy": 0.0, "original_loss": 0.05715198442339897, "mean_length": 6.0}
{"mode": "train", "epoch": 206, "loss": 3.632648468017578, "acc": 0.6764839887619019, "acc_or": 0.9077625274658203, "sender_entropy": 1.5312473773956299, "receiver_entropy": 0.0, "original_loss": 0.24822992086410522, "mean_length": 6.0}
{"mode": "test", "epoch": 206, "loss": 3.49924898147583, "acc": 1.0, "acc_or": 1.0, "sender_entropy": 1.6027477979660034, "receiver_entropy": 0.0, "original_loss": 0.048115212470293045, "mean_length": 6.0}
{"epoch": 206, "positional_disent": 0.10562316328287125, "bag_of_symbol_disent": 0.13664372265338898, "topographic_sim": 0.5007104064026671}
{"generalization hold out": {"acc": 0.9629629850387573, "acc_or": 0.9876543283462524}, "uniform holdout": {"acc": 0.5, "acc_or": 0.84375}, "epoch": 206}
---End--
