nohup: ignoring input
{"mode": "train", "epoch": 1, "loss": -18.834259033203125, "acc": 0.006621004547923803, "acc_or": 0.28247717022895813, "sender_entropy": 2.3009285926818848, "receiver_entropy": 0.0, "original_loss": 1.3814090490341187, "mean_length": 6.0}
{"mode": "test", "epoch": 1, "loss": 0.638174295425415, "acc": 0.013698630034923553, "acc_or": 0.3219178020954132, "sender_entropy": 2.3003997802734375, "receiver_entropy": 0.0, "original_loss": 1.3480159044265747, "mean_length": 6.0}
{"mode": "train", "epoch": 2, "loss": 0.6588357090950012, "acc": 0.013242009095847607, "acc_or": 0.33019405603408813, "sender_entropy": 2.300051212310791, "receiver_entropy": 0.0, "original_loss": 1.3480217456817627, "mean_length": 6.0}
{"mode": "test", "epoch": 2, "loss": 0.8972960114479065, "acc": 0.013698630034923553, "acc_or": 0.33561643958091736, "sender_entropy": 2.2993171215057373, "receiver_entropy": 0.0, "original_loss": 1.308433175086975, "mean_length": 6.0}
{"mode": "train", "epoch": 3, "loss": 0.8521683812141418, "acc": 0.01278538815677166, "acc_or": 0.34315067529678345, "sender_entropy": 2.298980951309204, "receiver_entropy": 0.0, "original_loss": 1.3149052858352661, "mean_length": 6.0}
{"mode": "test", "epoch": 3, "loss": 1.215314269065857, "acc": 0.013698630034923553, "acc_or": 0.3458904027938843, "sender_entropy": 2.2984652519226074, "receiver_entropy": 0.0, "original_loss": 1.2635914087295532, "mean_length": 6.0}
{"mode": "train", "epoch": 4, "loss": 1.0691192150115967, "acc": 0.012328767217695713, "acc_or": 0.3403538763523102, "sender_entropy": 2.2982516288757324, "receiver_entropy": 0.0, "original_loss": 1.2800190448760986, "mean_length": 6.0}
{"mode": "test", "epoch": 4, "loss": 1.59164559841156, "acc": 0.027397260069847107, "acc_or": 0.39726027846336365, "sender_entropy": 2.2977476119995117, "receiver_entropy": 0.0, "original_loss": 1.2130032777786255, "mean_length": 6.0}
{"mode": "train", "epoch": 5, "loss": 1.372033715248108, "acc": 0.013698630034923553, "acc_or": 0.34634703397750854, "sender_entropy": 2.297724723815918, "receiver_entropy": 0.0, "original_loss": 1.2379180192947388, "mean_length": 6.0}
{"mode": "test", "epoch": 5, "loss": 1.9546653032302856, "acc": 0.0, "acc_or": 0.3732876777648926, "sender_entropy": 2.296886682510376, "receiver_entropy": 0.0, "original_loss": 1.1611618995666504, "mean_length": 6.0}
{"mode": "train", "epoch": 6, "loss": 1.7144451141357422, "acc": 0.0141552509739995, "acc_or": 0.35188356041908264, "sender_entropy": 2.2970855236053467, "receiver_entropy": 0.0, "original_loss": 1.1909645795822144, "mean_length": 6.0}
{"mode": "test", "epoch": 6, "loss": 2.1781625747680664, "acc": 0.013698630034923553, "acc_or": 0.3561643958091736, "sender_entropy": 2.2957119941711426, "receiver_entropy": 0.0, "original_loss": 1.1187586784362793, "mean_length": 6.0}
{"mode": "train", "epoch": 7, "loss": 2.017087459564209, "acc": 0.013013698160648346, "acc_or": 0.3546803593635559, "sender_entropy": 2.2959935665130615, "receiver_entropy": 0.0, "original_loss": 1.1453734636306763, "mean_length": 6.0}
{"mode": "test", "epoch": 7, "loss": 2.138742446899414, "acc": 0.027397260069847107, "acc_or": 0.3561643958091736, "sender_entropy": 2.294414520263672, "receiver_entropy": 0.0, "original_loss": 1.097886085510254, "mean_length": 6.0}
{"mode": "train", "epoch": 8, "loss": 2.1277589797973633, "acc": 0.013242009095847607, "acc_or": 0.3571917712688446, "sender_entropy": 2.294579029083252, "receiver_entropy": 0.0, "original_loss": 1.1140385866165161, "mean_length": 6.0}
{"mode": "test", "epoch": 8, "loss": 1.9094915390014648, "acc": 0.013698630034923553, "acc_or": 0.3664383590221405, "sender_entropy": 2.293835163116455, "receiver_entropy": 0.0, "original_loss": 1.0953296422958374, "mean_length": 6.0}
{"mode": "train", "epoch": 9, "loss": 2.019150733947754, "acc": 0.013470319099724293, "acc_or": 0.3551940619945526, "sender_entropy": 2.2938945293426514, "receiver_entropy": 0.0, "original_loss": 1.1015945672988892, "mean_length": 6.0}
{"mode": "test", "epoch": 9, "loss": 1.700512409210205, "acc": 0.013698630034923553, "acc_or": 0.36301368474960327, "sender_entropy": 2.2944674491882324, "receiver_entropy": 0.0, "original_loss": 1.096349835395813, "mean_length": 6.0}
{"mode": "train", "epoch": 10, "loss": 1.8080576658248901, "acc": 0.015068492852151394, "acc_or": 0.33658674359321594, "sender_entropy": 2.294585704803467, "receiver_entropy": 0.0, "original_loss": 1.1001280546188354, "mean_length": 6.0}
{"mode": "test", "epoch": 10, "loss": 1.5963654518127441, "acc": 0.027397260069847107, "acc_or": 0.38013699650764465, "sender_entropy": 2.2956652641296387, "receiver_entropy": 0.0, "original_loss": 1.0919328927993774, "mean_length": 6.0}
{"mode": "train", "epoch": 11, "loss": 1.6526355743408203, "acc": 0.013470319099724293, "acc_or": 0.35707762837409973, "sender_entropy": 2.295651912689209, "receiver_entropy": 0.0, "original_loss": 1.0976842641830444, "mean_length": 6.0}
{"mode": "test", "epoch": 11, "loss": 1.4367893934249878, "acc": 0.013698630034923553, "acc_or": 0.35273972153663635, "sender_entropy": 2.296604871749878, "receiver_entropy": 0.0, "original_loss": 1.0941818952560425, "mean_length": 6.0}
{"mode": "train", "epoch": 12, "loss": 1.4609975814819336, "acc": 0.01392694003880024, "acc_or": 0.35371002554893494, "sender_entropy": 2.296644687652588, "receiver_entropy": 0.0, "original_loss": 1.1005955934524536, "mean_length": 6.0}
{"mode": "test", "epoch": 12, "loss": 1.4022307395935059, "acc": 0.013698630034923553, "acc_or": 0.35273972153663635, "sender_entropy": 2.297335624694824, "receiver_entropy": 0.0, "original_loss": 1.0876234769821167, "mean_length": 6.0}
{"mode": "train", "epoch": 13, "loss": 1.375282645225525, "acc": 0.0141552509739995, "acc_or": 0.3525114059448242, "sender_entropy": 2.297389268875122, "receiver_entropy": 0.0, "original_loss": 1.0975186824798584, "mean_length": 6.0}
{"mode": "test", "epoch": 13, "loss": 1.3043828010559082, "acc": 0.027397260069847107, "acc_or": 0.4006849229335785, "sender_entropy": 2.298006057739258, "receiver_entropy": 0.0, "original_loss": 1.0878469944000244, "mean_length": 6.0}
{"mode": "train", "epoch": 14, "loss": 1.2340706586837769, "acc": 0.013698630034923553, "acc_or": 0.34497717022895813, "sender_entropy": 2.2978899478912354, "receiver_entropy": 0.0, "original_loss": 1.0999670028686523, "mean_length": 6.0}
{"mode": "test", "epoch": 14, "loss": 1.3050925731658936, "acc": 0.06849315017461777, "acc_or": 0.44863012433052063, "sender_entropy": 2.2983667850494385, "receiver_entropy": 0.0, "original_loss": 1.0808045864105225, "mean_length": 6.0}
{"mode": "train", "epoch": 15, "loss": 1.1807847023010254, "acc": 0.015296803787350655, "acc_or": 0.35256847739219666, "sender_entropy": 2.2982337474823, "receiver_entropy": 0.0, "original_loss": 1.0969659090042114, "mean_length": 6.0}
{"mode": "test", "epoch": 15, "loss": 1.2683302164077759, "acc": 0.013698630034923553, "acc_or": 0.43150684237480164, "sender_entropy": 2.2986302375793457, "receiver_entropy": 0.0, "original_loss": 1.077774167060852, "mean_length": 6.0}
{"mode": "train", "epoch": 16, "loss": 1.0831159353256226, "acc": 0.013470319099724293, "acc_or": 0.3531963527202606, "sender_entropy": 2.2985036373138428, "receiver_entropy": 0.0, "original_loss": 1.0981667041778564, "mean_length": 6.0}
{"mode": "test", "epoch": 16, "loss": 1.194929838180542, "acc": 0.013698630034923553, "acc_or": 0.3732876777648926, "sender_entropy": 2.298907995223999, "receiver_entropy": 0.0, "original_loss": 1.078619122505188, "mean_length": 6.0}
{"mode": "train", "epoch": 17, "loss": 1.0104371309280396, "acc": 0.014611871913075447, "acc_or": 0.35490867495536804, "sender_entropy": 2.298748016357422, "receiver_entropy": 0.0, "original_loss": 1.0983253717422485, "mean_length": 6.0}
{"mode": "test", "epoch": 17, "loss": 1.1832939386367798, "acc": 0.054794520139694214, "acc_or": 0.5034246444702148, "sender_entropy": 2.299215316772461, "receiver_entropy": 0.0, "original_loss": 1.0746817588806152, "mean_length": 6.0}
{"mode": "train", "epoch": 18, "loss": 0.9704049825668335, "acc": 0.013470319099724293, "acc_or": 0.3571917712688446, "sender_entropy": 2.2990808486938477, "receiver_entropy": 0.0, "original_loss": 1.096555471420288, "mean_length": 6.0}
{"mode": "test", "epoch": 18, "loss": 1.1180933713912964, "acc": 0.027397260069847107, "acc_or": 0.4726027250289917, "sender_entropy": 2.2995729446411133, "receiver_entropy": 0.0, "original_loss": 1.0758169889450073, "mean_length": 6.0}
{"mode": "train", "epoch": 19, "loss": 0.89791339635849, "acc": 0.011872146278619766, "acc_or": 0.3518264889717102, "sender_entropy": 2.299455165863037, "receiver_entropy": 0.0, "original_loss": 1.0977646112442017, "mean_length": 6.0}
{"mode": "test", "epoch": 19, "loss": 1.1031080484390259, "acc": 0.06849315017461777, "acc_or": 0.534246563911438, "sender_entropy": 2.2999088764190674, "receiver_entropy": 0.0, "original_loss": 1.073573112487793, "mean_length": 6.0}
{"mode": "train", "epoch": 20, "loss": 0.8548502326011658, "acc": 0.016894977539777756, "acc_or": 0.35291096568107605, "sender_entropy": 2.299835205078125, "receiver_entropy": 0.0, "original_loss": 1.0972031354904175, "mean_length": 6.0}
{"mode": "test", "epoch": 20, "loss": 1.0792837142944336, "acc": 0.04109589010477066, "acc_or": 0.44863012433052063, "sender_entropy": 2.3001785278320312, "receiver_entropy": 0.0, "original_loss": 1.0723024606704712, "mean_length": 6.0}
{"mode": "train", "epoch": 21, "loss": 0.8241767287254333, "acc": 0.014611871913075447, "acc_or": 0.36015981435775757, "sender_entropy": 2.3001797199249268, "receiver_entropy": 0.0, "original_loss": 1.0960402488708496, "mean_length": 6.0}
{"mode": "test", "epoch": 21, "loss": 1.0271295309066772, "acc": 0.04109589010477066, "acc_or": 0.4452054798603058, "sender_entropy": 2.3004343509674072, "receiver_entropy": 0.0, "original_loss": 1.0735883712768555, "mean_length": 6.0}
{"mode": "train", "epoch": 22, "loss": 0.7645542025566101, "acc": 0.0141552509739995, "acc_or": 0.358904093503952, "sender_entropy": 2.300447940826416, "receiver_entropy": 0.0, "original_loss": 1.0974236726760864, "mean_length": 6.0}
{"mode": "test", "epoch": 22, "loss": 1.018808364868164, "acc": 0.027397260069847107, "acc_or": 0.4623287618160248, "sender_entropy": 2.3006041049957275, "receiver_entropy": 0.0, "original_loss": 1.0713847875595093, "mean_length": 6.0}
{"mode": "train", "epoch": 23, "loss": 0.7388715147972107, "acc": 0.017123287543654442, "acc_or": 0.36061644554138184, "sender_entropy": 2.3006184101104736, "receiver_entropy": 0.0, "original_loss": 1.0965303182601929, "mean_length": 6.0}
{"mode": "test", "epoch": 23, "loss": 0.9933855533599854, "acc": 0.06849315017461777, "acc_or": 0.4794520437717438, "sender_entropy": 2.3007309436798096, "receiver_entropy": 0.0, "original_loss": 1.0708467960357666, "mean_length": 6.0}
{"mode": "train", "epoch": 24, "loss": 0.7087138891220093, "acc": 0.014383560977876186, "acc_or": 0.35930365324020386, "sender_entropy": 2.3007586002349854, "receiver_entropy": 0.0, "original_loss": 1.0961852073669434, "mean_length": 6.0}
{"mode": "test", "epoch": 24, "loss": 0.9686368703842163, "acc": 0.08219178020954132, "acc_or": 0.5239725708961487, "sender_entropy": 2.3008391857147217, "receiver_entropy": 0.0, "original_loss": 1.0705375671386719, "mean_length": 6.0}
{"mode": "train", "epoch": 25, "loss": 0.6669077277183533, "acc": 0.01666666567325592, "acc_or": 0.3566780686378479, "sender_entropy": 2.3008670806884766, "receiver_entropy": 0.0, "original_loss": 1.096960425376892, "mean_length": 6.0}
{"mode": "test", "epoch": 25, "loss": 1.0000464916229248, "acc": 0.027397260069847107, "acc_or": 0.517123281955719, "sender_entropy": 2.3009369373321533, "receiver_entropy": 0.0, "original_loss": 1.0658568143844604, "mean_length": 6.0}
{"mode": "train", "epoch": 26, "loss": 0.6530854105949402, "acc": 0.013242009095847607, "acc_or": 0.3605022728443146, "sender_entropy": 2.300943613052368, "receiver_entropy": 0.0, "original_loss": 1.095762014389038, "mean_length": 6.0}
{"mode": "test", "epoch": 26, "loss": 0.9842607975006104, "acc": 0.06849315017461777, "acc_or": 0.482876718044281, "sender_entropy": 2.3010005950927734, "receiver_entropy": 0.0, "original_loss": 1.0650303363800049, "mean_length": 6.0}
{"mode": "train", "epoch": 27, "loss": 0.623780369758606, "acc": 0.015753423795104027, "acc_or": 0.36381277441978455, "sender_entropy": 2.3009932041168213, "receiver_entropy": 0.0, "original_loss": 1.09592604637146, "mean_length": 6.0}
{"mode": "test", "epoch": 27, "loss": 0.9765027761459351, "acc": 0.06849315017461777, "acc_or": 0.4623287618160248, "sender_entropy": 2.301025390625, "receiver_entropy": 0.0, "original_loss": 1.0636529922485352, "mean_length": 6.0}
{"mode": "train", "epoch": 28, "loss": 0.5883025527000427, "acc": 0.015981735661625862, "acc_or": 0.3635844588279724, "sender_entropy": 2.3010106086730957, "receiver_entropy": 0.0, "original_loss": 1.0967340469360352, "mean_length": 6.0}
{"mode": "test", "epoch": 28, "loss": 0.9743379354476929, "acc": 0.08219178020954132, "acc_or": 0.48630136251449585, "sender_entropy": 2.301058769226074, "receiver_entropy": 0.0, "original_loss": 1.0620203018188477, "mean_length": 6.0}
{"mode": "train", "epoch": 29, "loss": 0.5765300989151001, "acc": 0.015068492852151394, "acc_or": 0.36284247040748596, "sender_entropy": 2.301025867462158, "receiver_entropy": 0.0, "original_loss": 1.0958335399627686, "mean_length": 6.0}
{"mode": "test", "epoch": 29, "loss": 0.9751154184341431, "acc": 0.10958904027938843, "acc_or": 0.5582191944122314, "sender_entropy": 2.3010470867156982, "receiver_entropy": 0.0, "original_loss": 1.0602327585220337, "mean_length": 6.0}
{"mode": "train", "epoch": 30, "loss": 0.5502681136131287, "acc": 0.017123287543654442, "acc_or": 0.36027395725250244, "sender_entropy": 2.3010027408599854, "receiver_entropy": 0.0, "original_loss": 1.0961854457855225, "mean_length": 6.0}
{"mode": "test", "epoch": 30, "loss": 0.9820519685745239, "acc": 0.06849315017461777, "acc_or": 0.534246563911438, "sender_entropy": 2.3010082244873047, "receiver_entropy": 0.0, "original_loss": 1.0580581426620483, "mean_length": 6.0}
{"mode": "train", "epoch": 31, "loss": 0.525538444519043, "acc": 0.015068492852151394, "acc_or": 0.35542237758636475, "sender_entropy": 2.3009579181671143, "receiver_entropy": 0.0, "original_loss": 1.0965218544006348, "mean_length": 6.0}
{"mode": "test", "epoch": 31, "loss": 0.9890097379684448, "acc": 0.10958904027938843, "acc_or": 0.5410959124565125, "sender_entropy": 2.3009488582611084, "receiver_entropy": 0.0, "original_loss": 1.055970311164856, "mean_length": 6.0}
{"mode": "train", "epoch": 32, "loss": 0.5281454920768738, "acc": 0.0141552509739995, "acc_or": 0.36164382100105286, "sender_entropy": 2.3008882999420166, "receiver_entropy": 0.0, "original_loss": 1.0948467254638672, "mean_length": 6.0}
{"mode": "test", "epoch": 32, "loss": 0.985287070274353, "acc": 0.054794520139694214, "acc_or": 0.5376712083816528, "sender_entropy": 2.3008787631988525, "receiver_entropy": 0.0, "original_loss": 1.0547997951507568, "mean_length": 6.0}
{"mode": "train", "epoch": 33, "loss": 0.5035026669502258, "acc": 0.01392694003880024, "acc_or": 0.35793378949165344, "sender_entropy": 2.300802707672119, "receiver_entropy": 0.0, "original_loss": 1.0953404903411865, "mean_length": 6.0}
{"mode": "test", "epoch": 33, "loss": 0.9900394678115845, "acc": 0.04109589010477066, "acc_or": 0.4897260367870331, "sender_entropy": 2.3007853031158447, "receiver_entropy": 0.0, "original_loss": 1.0529643297195435, "mean_length": 6.0}
{"mode": "train", "epoch": 34, "loss": 0.48670095205307007, "acc": 0.017579907551407814, "acc_or": 0.36552509665489197, "sender_entropy": 2.3007092475891113, "receiver_entropy": 0.0, "original_loss": 1.0953271389007568, "mean_length": 6.0}
{"mode": "test", "epoch": 34, "loss": 1.0215423107147217, "acc": 0.08219178020954132, "acc_or": 0.5239725708961487, "sender_entropy": 2.3007025718688965, "receiver_entropy": 0.0, "original_loss": 1.0490293502807617, "mean_length": 6.0}
{"mode": "train", "epoch": 35, "loss": 0.4747623801231384, "acc": 0.02054794505238533, "acc_or": 0.3617009222507477, "sender_entropy": 2.3006227016448975, "receiver_entropy": 0.0, "original_loss": 1.0949907302856445, "mean_length": 6.0}
{"mode": "test", "epoch": 35, "loss": 1.0472677946090698, "acc": 0.09589041024446487, "acc_or": 0.5890411138534546, "sender_entropy": 2.300612211227417, "receiver_entropy": 0.0, "original_loss": 1.0456622838974, "mean_length": 6.0}
{"mode": "train", "epoch": 36, "loss": 0.4606199860572815, "acc": 0.016894977539777756, "acc_or": 0.36381277441978455, "sender_entropy": 2.300532341003418, "receiver_entropy": 0.0, "original_loss": 1.094882845878601, "mean_length": 6.0}
{"mode": "test", "epoch": 36, "loss": 1.0778471231460571, "acc": 0.10958904027938843, "acc_or": 0.602739691734314, "sender_entropy": 2.300509214401245, "receiver_entropy": 0.0, "original_loss": 1.0419504642486572, "mean_length": 6.0}
{"mode": "train", "epoch": 37, "loss": 0.4394305944442749, "acc": 0.015296803787350655, "acc_or": 0.36329907178878784, "sender_entropy": 2.300419569015503, "receiver_entropy": 0.0, "original_loss": 1.0954121351242065, "mean_length": 6.0}
{"mode": "test", "epoch": 37, "loss": 1.1192338466644287, "acc": 0.10958904027938843, "acc_or": 0.6095890402793884, "sender_entropy": 2.3003735542297363, "receiver_entropy": 0.0, "original_loss": 1.0373810529708862, "mean_length": 6.0}
{"mode": "train", "epoch": 38, "loss": 0.4375571012496948, "acc": 0.015068492852151394, "acc_or": 0.3651255667209625, "sender_entropy": 2.300288438796997, "receiver_entropy": 0.0, "original_loss": 1.094491958618164, "mean_length": 6.0}
{"mode": "test", "epoch": 38, "loss": 1.154403567314148, "acc": 0.12328767031431198, "acc_or": 0.5958904027938843, "sender_entropy": 2.3002030849456787, "receiver_entropy": 0.0, "original_loss": 1.0332815647125244, "mean_length": 6.0}
{"mode": "train", "epoch": 39, "loss": 0.4225988984107971, "acc": 0.01666666567325592, "acc_or": 0.3670662045478821, "sender_entropy": 2.300130605697632, "receiver_entropy": 0.0, "original_loss": 1.0946153402328491, "mean_length": 6.0}
{"mode": "test", "epoch": 39, "loss": 1.1709423065185547, "acc": 0.12328767031431198, "acc_or": 0.602739691734314, "sender_entropy": 2.300006866455078, "receiver_entropy": 0.0, "original_loss": 1.0307974815368652, "mean_length": 6.0}
{"mode": "train", "epoch": 40, "loss": 0.41561436653137207, "acc": 0.015753423795104027, "acc_or": 0.3648972511291504, "sender_entropy": 2.299938917160034, "receiver_entropy": 0.0, "original_loss": 1.0941680669784546, "mean_length": 6.0}
{"mode": "test", "epoch": 40, "loss": 1.2130368947982788, "acc": 0.13698630034923553, "acc_or": 0.6404109597206116, "sender_entropy": 2.2997469902038574, "receiver_entropy": 0.0, "original_loss": 1.026141881942749, "mean_length": 6.0}
{"mode": "train", "epoch": 41, "loss": 0.4073837995529175, "acc": 0.015981735661625862, "acc_or": 0.3704337775707245, "sender_entropy": 2.2996811866760254, "receiver_entropy": 0.0, "original_loss": 1.0938529968261719, "mean_length": 6.0}
{"mode": "test", "epoch": 41, "loss": 1.2357525825500488, "acc": 0.10958904027938843, "acc_or": 0.6232876777648926, "sender_entropy": 2.299426794052124, "receiver_entropy": 0.0, "original_loss": 1.0230388641357422, "mean_length": 6.0}
{"mode": "train", "epoch": 42, "loss": 0.39112913608551025, "acc": 0.014383560977876186, "acc_or": 0.3635844588279724, "sender_entropy": 2.2993571758270264, "receiver_entropy": 0.0, "original_loss": 1.0942491292953491, "mean_length": 6.0}
{"mode": "test", "epoch": 42, "loss": 1.2510194778442383, "acc": 0.13698630034923553, "acc_or": 0.6130136847496033, "sender_entropy": 2.2990520000457764, "receiver_entropy": 0.0, "original_loss": 1.0205832719802856, "mean_length": 6.0}
{"mode": "train", "epoch": 43, "loss": 0.39735400676727295, "acc": 0.017579907551407814, "acc_or": 0.3771689534187317, "sender_entropy": 2.2989940643310547, "receiver_entropy": 0.0, "original_loss": 1.0928512811660767, "mean_length": 6.0}
{"mode": "test", "epoch": 43, "loss": 1.2868543863296509, "acc": 0.10958904027938843, "acc_or": 0.6198630332946777, "sender_entropy": 2.298593044281006, "receiver_entropy": 0.0, "original_loss": 1.0164014101028442, "mean_length": 6.0}
{"mode": "train", "epoch": 44, "loss": 0.3871818780899048, "acc": 0.016894977539777756, "acc_or": 0.37220320105552673, "sender_entropy": 2.298541307449341, "receiver_entropy": 0.0, "original_loss": 1.0928053855895996, "mean_length": 6.0}
{"mode": "test", "epoch": 44, "loss": 1.3447299003601074, "acc": 0.12328767031431198, "acc_or": 0.6301369667053223, "sender_entropy": 2.2980549335479736, "receiver_entropy": 0.0, "original_loss": 1.0102516412734985, "mean_length": 6.0}
{"mode": "train", "epoch": 45, "loss": 0.38367992639541626, "acc": 0.015981735661625862, "acc_or": 0.3697488605976105, "sender_entropy": 2.2980048656463623, "receiver_entropy": 0.0, "original_loss": 1.0922008752822876, "mean_length": 6.0}
{"mode": "test", "epoch": 45, "loss": 1.3812140226364136, "acc": 0.12328767031431198, "acc_or": 0.6438356041908264, "sender_entropy": 2.297398328781128, "receiver_entropy": 0.0, "original_loss": 1.0058175325393677, "mean_length": 6.0}
{"mode": "train", "epoch": 46, "loss": 0.3832244873046875, "acc": 0.015296803787350655, "acc_or": 0.3698059320449829, "sender_entropy": 2.2973439693450928, "receiver_entropy": 0.0, "original_loss": 1.0914825201034546, "mean_length": 6.0}
{"mode": "test", "epoch": 46, "loss": 1.4093620777130127, "acc": 0.10958904027938843, "acc_or": 0.6198630332946777, "sender_entropy": 2.296637773513794, "receiver_entropy": 0.0, "original_loss": 1.0019437074661255, "mean_length": 6.0}
{"mode": "train", "epoch": 47, "loss": 0.397818386554718, "acc": 0.021004565060138702, "acc_or": 0.3857876658439636, "sender_entropy": 2.296598434448242, "receiver_entropy": 0.0, "original_loss": 1.0894582271575928, "mean_length": 6.0}
{"mode": "test", "epoch": 47, "loss": 1.453626036643982, "acc": 0.13698630034923553, "acc_or": 0.6232876777648926, "sender_entropy": 2.2956933975219727, "receiver_entropy": 0.0, "original_loss": 0.9966355562210083, "mean_length": 6.0}
{"mode": "train", "epoch": 48, "loss": 0.3713158369064331, "acc": 0.019634703174233437, "acc_or": 0.3801940679550171, "sender_entropy": 2.295663356781006, "receiver_entropy": 0.0, "original_loss": 1.0907193422317505, "mean_length": 6.0}
{"mode": "test", "epoch": 48, "loss": 1.4941543340682983, "acc": 0.1506849229335785, "acc_or": 0.6232876777648926, "sender_entropy": 2.294548988342285, "receiver_entropy": 0.0, "original_loss": 0.9915871620178223, "mean_length": 6.0}
{"mode": "train", "epoch": 49, "loss": 0.384291410446167, "acc": 0.026484018191695213, "acc_or": 0.3863013684749603, "sender_entropy": 2.2945375442504883, "receiver_entropy": 0.0, "original_loss": 1.0889092683792114, "mean_length": 6.0}
{"mode": "test", "epoch": 49, "loss": 1.5078529119491577, "acc": 0.1506849229335785, "acc_or": 0.6130136847496033, "sender_entropy": 2.2931971549987793, "receiver_entropy": 0.0, "original_loss": 0.9888535737991333, "mean_length": 6.0}
{"mode": "train", "epoch": 50, "loss": 0.39032888412475586, "acc": 0.019634703174233437, "acc_or": 0.3860730528831482, "sender_entropy": 2.293199300765991, "receiver_entropy": 0.0, "original_loss": 1.0876036882400513, "mean_length": 6.0}
{"mode": "test", "epoch": 50, "loss": 1.4942357540130615, "acc": 0.1780821979045868, "acc_or": 0.6369863152503967, "sender_entropy": 2.291546106338501, "receiver_entropy": 0.0, "original_loss": 0.9885713458061218, "mean_length": 6.0}
{"mode": "train", "epoch": 51, "loss": 0.40984368324279785, "acc": 0.022602738812565804, "acc_or": 0.39103880524635315, "sender_entropy": 2.291558265686035, "receiver_entropy": 0.0, "original_loss": 1.0851753950119019, "mean_length": 6.0}
{"mode": "test", "epoch": 51, "loss": 1.413684606552124, "acc": 0.13698630034923553, "acc_or": 0.6267123222351074, "sender_entropy": 2.2893500328063965, "receiver_entropy": 0.0, "original_loss": 0.9942070841789246, "mean_length": 6.0}
{"mode": "train", "epoch": 52, "loss": 0.42821723222732544, "acc": 0.025799086317420006, "acc_or": 0.40148401260375977, "sender_entropy": 2.289397716522217, "receiver_entropy": 0.0, "original_loss": 1.0828312635421753, "mean_length": 6.0}
{"mode": "test", "epoch": 52, "loss": 0.9607968330383301, "acc": 0.10958904027938843, "acc_or": 0.5958904027938843, "sender_entropy": 2.2865233421325684, "receiver_entropy": 0.0, "original_loss": 1.0351066589355469, "mean_length": 6.0}
{"mode": "train", "epoch": 53, "loss": 0.44066280126571655, "acc": 0.024657534435391426, "acc_or": 0.40753424167633057, "sender_entropy": 2.286606550216675, "receiver_entropy": 0.0, "original_loss": 1.0808241367340088, "mean_length": 6.0}
{"mode": "test", "epoch": 53, "loss": -0.01820385456085205, "acc": 0.08219178020954132, "acc_or": 0.482876718044281, "sender_entropy": 2.282788038253784, "receiver_entropy": 0.0, "original_loss": 1.1258723735809326, "mean_length": 6.0}
{"mode": "train", "epoch": 54, "loss": 0.46255093812942505, "acc": 0.027397260069847107, "acc_or": 0.4096461236476898, "sender_entropy": 2.2829132080078125, "receiver_entropy": 0.0, "original_loss": 1.078051209449768, "mean_length": 6.0}
{"mode": "test", "epoch": 54, "loss": -0.7538996934890747, "acc": 0.08219178020954132, "acc_or": 0.47602739930152893, "sender_entropy": 2.277890205383301, "receiver_entropy": 0.0, "original_loss": 1.1993072032928467, "mean_length": 6.0}
{"mode": "train", "epoch": 55, "loss": 0.5076061487197876, "acc": 0.026940638199448586, "acc_or": 0.4218607246875763, "sender_entropy": 2.2780609130859375, "receiver_entropy": 0.0, "original_loss": 1.073405385017395, "mean_length": 6.0}
{"mode": "test", "epoch": 55, "loss": -0.8368045091629028, "acc": 0.054794520139694214, "acc_or": 0.4794520437717438, "sender_entropy": 2.2724974155426025, "receiver_entropy": 0.0, "original_loss": 1.2131098508834839, "mean_length": 6.0}
{"mode": "train", "epoch": 56, "loss": 0.5347429513931274, "acc": 0.03219177946448326, "acc_or": 0.42128995060920715, "sender_entropy": 2.2726235389709473, "receiver_entropy": 0.0, "original_loss": 1.069889783859253, "mean_length": 6.0}
{"mode": "test", "epoch": 56, "loss": -0.8700089454650879, "acc": 0.06849315017461777, "acc_or": 0.47602739930152893, "sender_entropy": 2.2661654949188232, "receiver_entropy": 0.0, "original_loss": 1.2191784381866455, "mean_length": 6.0}
{"mode": "train", "epoch": 57, "loss": 0.6186285614967346, "acc": 0.03493150696158409, "acc_or": 0.4436643719673157, "sender_entropy": 2.2661187648773193, "receiver_entropy": 0.0, "original_loss": 1.0616633892059326, "mean_length": 6.0}
{"mode": "test", "epoch": 57, "loss": -0.6714550256729126, "acc": 0.054794520139694214, "acc_or": 0.4554794430732727, "sender_entropy": 2.257639169692993, "receiver_entropy": 0.0, "original_loss": 1.2018145322799683, "mean_length": 6.0}
{"mode": "train", "epoch": 58, "loss": 0.6665647625923157, "acc": 0.03904109448194504, "acc_or": 0.44560500979423523, "sender_entropy": 2.257446765899658, "receiver_entropy": 0.0, "original_loss": 1.056138515472412, "mean_length": 6.0}
{"mode": "test", "epoch": 58, "loss": 0.35254907608032227, "acc": 0.054794520139694214, "acc_or": 0.46917808055877686, "sender_entropy": 2.2491984367370605, "receiver_entropy": 0.0, "original_loss": 1.0928066968917847, "mean_length": 6.0}
{"mode": "train", "epoch": 59, "loss": 0.8009634613990784, "acc": 0.03926940634846687, "acc_or": 0.4659246504306793, "sender_entropy": 2.2488210201263428, "receiver_entropy": 0.0, "original_loss": 1.0429731607437134, "mean_length": 6.0}
{"mode": "test", "epoch": 59, "loss": 1.5324630737304688, "acc": 0.08219178020954132, "acc_or": 0.585616409778595, "sender_entropy": 2.2395081520080566, "receiver_entropy": 0.0, "original_loss": 0.9577105641365051, "mean_length": 6.0}
{"mode": "train", "epoch": 60, "loss": 0.8622609376907349, "acc": 0.03721461072564125, "acc_or": 0.4682077467441559, "sender_entropy": 2.238881826400757, "receiver_entropy": 0.0, "original_loss": 1.0354093313217163, "mean_length": 6.0}
{"mode": "test", "epoch": 60, "loss": 1.8765432834625244, "acc": 0.06849315017461777, "acc_or": 0.5787671208381653, "sender_entropy": 2.227590322494507, "receiver_entropy": 0.0, "original_loss": 0.9094793200492859, "mean_length": 6.0}
{"mode": "train", "epoch": 61, "loss": 0.9928665161132812, "acc": 0.04269406199455261, "acc_or": 0.4813356101512909, "sender_entropy": 2.226529359817505, "receiver_entropy": 0.0, "original_loss": 1.022032618522644, "mean_length": 6.0}
{"mode": "test", "epoch": 61, "loss": 1.862657904624939, "acc": 0.09589041024446487, "acc_or": 0.585616409778595, "sender_entropy": 2.2148122787475586, "receiver_entropy": 0.0, "original_loss": 0.9013789892196655, "mean_length": 6.0}
{"mode": "train", "epoch": 62, "loss": 1.063336968421936, "acc": 0.04178082197904587, "acc_or": 0.48179224133491516, "sender_entropy": 2.2131762504577637, "receiver_entropy": 0.0, "original_loss": 1.0124468803405762, "mean_length": 6.0}
{"mode": "test", "epoch": 62, "loss": 1.8488709926605225, "acc": 0.06849315017461777, "acc_or": 0.5787671208381653, "sender_entropy": 2.199936866760254, "receiver_entropy": 0.0, "original_loss": 0.8958947062492371, "mean_length": 6.0}
{"mode": "train", "epoch": 63, "loss": 1.1714463233947754, "acc": 0.04406392574310303, "acc_or": 0.4988584518432617, "sender_entropy": 2.1976327896118164, "receiver_entropy": 0.0, "original_loss": 1.00037682056427, "mean_length": 6.0}
{"mode": "test", "epoch": 63, "loss": 1.9606653451919556, "acc": 0.09589041024446487, "acc_or": 0.602739691734314, "sender_entropy": 2.188490867614746, "receiver_entropy": 0.0, "original_loss": 0.8792208433151245, "mean_length": 6.0}
{"mode": "train", "epoch": 64, "loss": 1.1910672187805176, "acc": 0.04269406199455261, "acc_or": 0.4978310465812683, "sender_entropy": 2.1854443550109863, "receiver_entropy": 0.0, "original_loss": 0.9954946637153625, "mean_length": 6.0}
{"mode": "test", "epoch": 64, "loss": 2.0516304969787598, "acc": 0.06849315017461777, "acc_or": 0.6198630332946777, "sender_entropy": 2.1746768951416016, "receiver_entropy": 0.0, "original_loss": 0.8656191229820251, "mean_length": 6.0}
{"mode": "train", "epoch": 65, "loss": 1.306748390197754, "acc": 0.05000000074505806, "acc_or": 0.5034817457199097, "sender_entropy": 2.1709043979644775, "receiver_entropy": 0.0, "original_loss": 0.9817686080932617, "mean_length": 6.0}
{"mode": "test", "epoch": 65, "loss": 2.1617178916931152, "acc": 0.08219178020954132, "acc_or": 0.6198630332946777, "sender_entropy": 2.1637954711914062, "receiver_entropy": 0.0, "original_loss": 0.8466700911521912, "mean_length": 6.0}
{"mode": "train", "epoch": 66, "loss": 1.4442884922027588, "acc": 0.056392692029476166, "acc_or": 0.5235159993171692, "sender_entropy": 2.1596333980560303, "receiver_entropy": 0.0, "original_loss": 0.9672396779060364, "mean_length": 6.0}
{"mode": "test", "epoch": 66, "loss": 2.2233216762542725, "acc": 0.10958904027938843, "acc_or": 0.6061643958091736, "sender_entropy": 2.150655746459961, "receiver_entropy": 0.0, "original_loss": 0.8331356644630432, "mean_length": 6.0}
{"mode": "train", "epoch": 67, "loss": 1.4864373207092285, "acc": 0.05707762390375137, "acc_or": 0.5224885940551758, "sender_entropy": 2.1457817554473877, "receiver_entropy": 0.0, "original_loss": 0.9596849083900452, "mean_length": 6.0}
{"mode": "test", "epoch": 67, "loss": 2.3644654750823975, "acc": 0.13698630034923553, "acc_or": 0.6301369667053223, "sender_entropy": 2.1352574825286865, "receiver_entropy": 0.0, "original_loss": 0.8113489747047424, "mean_length": 6.0}
{"mode": "train", "epoch": 68, "loss": 1.6891522407531738, "acc": 0.06461187452077866, "acc_or": 0.5381278395652771, "sender_entropy": 2.1302428245544434, "receiver_entropy": 0.0, "original_loss": 0.9386283755302429, "mean_length": 6.0}
{"mode": "test", "epoch": 68, "loss": 2.28230619430542, "acc": 0.13698630034923553, "acc_or": 0.6404109597206116, "sender_entropy": 2.1206421852111816, "receiver_entropy": 0.0, "original_loss": 0.8117169737815857, "mean_length": 6.0}
{"mode": "train", "epoch": 69, "loss": 1.7097587585449219, "acc": 0.06278538703918457, "acc_or": 0.5430365204811096, "sender_entropy": 2.114461898803711, "receiver_entropy": 0.0, "original_loss": 0.9329191446304321, "mean_length": 6.0}
{"mode": "test", "epoch": 69, "loss": 2.3772730827331543, "acc": 0.10958904027938843, "acc_or": 0.6301369667053223, "sender_entropy": 2.1206932067871094, "receiver_entropy": 0.0, "original_loss": 0.8008273243904114, "mean_length": 6.0}
{"mode": "train", "epoch": 70, "loss": 1.810126781463623, "acc": 0.07237442582845688, "acc_or": 0.548687219619751, "sender_entropy": 2.1140005588531494, "receiver_entropy": 0.0, "original_loss": 0.9215593934059143, "mean_length": 6.0}
{"mode": "test", "epoch": 70, "loss": 2.474257707595825, "acc": 0.1506849229335785, "acc_or": 0.6575342416763306, "sender_entropy": 2.125946283340454, "receiver_entropy": 0.0, "original_loss": 0.7928047776222229, "mean_length": 6.0}
{"mode": "train", "epoch": 71, "loss": 1.737769603729248, "acc": 0.06963470578193665, "acc_or": 0.5461187362670898, "sender_entropy": 2.119877338409424, "receiver_entropy": 0.0, "original_loss": 0.9240083694458008, "mean_length": 6.0}
{"mode": "test", "epoch": 71, "loss": 2.6205244064331055, "acc": 0.1506849229335785, "acc_or": 0.6438356041908264, "sender_entropy": 2.122420072555542, "receiver_entropy": 0.0, "original_loss": 0.7740238904953003, "mean_length": 6.0}
{"mode": "train", "epoch": 72, "loss": 1.7641572952270508, "acc": 0.07397260516881943, "acc_or": 0.5472602844238281, "sender_entropy": 2.1163241863250732, "receiver_entropy": 0.0, "original_loss": 0.918196439743042, "mean_length": 6.0}
{"mode": "test", "epoch": 72, "loss": 2.579932928085327, "acc": 0.16438356041908264, "acc_or": 0.6609588861465454, "sender_entropy": 2.1060938835144043, "receiver_entropy": 0.0, "original_loss": 0.7692919373512268, "mean_length": 6.0}
{"mode": "train", "epoch": 73, "loss": 1.8241933584213257, "acc": 0.07876712083816528, "acc_or": 0.558504581451416, "sender_entropy": 2.100311279296875, "receiver_entropy": 0.0, "original_loss": 0.9087315797805786, "mean_length": 6.0}
{"mode": "test", "epoch": 73, "loss": 2.636509895324707, "acc": 0.13698630034923553, "acc_or": 0.6472602486610413, "sender_entropy": 2.085864782333374, "receiver_entropy": 0.0, "original_loss": 0.7531326413154602, "mean_length": 6.0}
{"mode": "train", "epoch": 74, "loss": 1.9299125671386719, "acc": 0.08378995209932327, "acc_or": 0.5648401975631714, "sender_entropy": 2.0777530670166016, "receiver_entropy": 0.0, "original_loss": 0.895904004573822, "mean_length": 6.0}
{"mode": "test", "epoch": 74, "loss": 2.5380496978759766, "acc": 0.16438356041908264, "acc_or": 0.6506849527359009, "sender_entropy": 2.069936752319336, "receiver_entropy": 0.0, "original_loss": 0.7523071765899658, "mean_length": 6.0}
{"mode": "train", "epoch": 75, "loss": 2.0748708248138428, "acc": 0.09109588712453842, "acc_or": 0.5735159516334534, "sender_entropy": 2.0614700317382812, "receiver_entropy": 0.0, "original_loss": 0.878520131111145, "mean_length": 6.0}
{"mode": "test", "epoch": 75, "loss": 2.4208741188049316, "acc": 0.1780821979045868, "acc_or": 0.6780821681022644, "sender_entropy": 2.055873394012451, "receiver_entropy": 0.0, "original_loss": 0.7542484998703003, "mean_length": 6.0}
{"mode": "train", "epoch": 76, "loss": 2.110440969467163, "acc": 0.09269405901432037, "acc_or": 0.5805935859680176, "sender_entropy": 2.045847177505493, "receiver_entropy": 0.0, "original_loss": 0.8713374733924866, "mean_length": 6.0}
{"mode": "test", "epoch": 76, "loss": 2.4323697090148926, "acc": 0.13698630034923553, "acc_or": 0.6780821681022644, "sender_entropy": 2.055629253387451, "receiver_entropy": 0.0, "original_loss": 0.7495430707931519, "mean_length": 6.0}
{"mode": "train", "epoch": 77, "loss": 2.193650722503662, "acc": 0.0954337865114212, "acc_or": 0.5840753316879272, "sender_entropy": 2.046010732650757, "receiver_entropy": 0.0, "original_loss": 0.8610585927963257, "mean_length": 6.0}
{"mode": "test", "epoch": 77, "loss": 2.5208165645599365, "acc": 0.12328767031431198, "acc_or": 0.6609588861465454, "sender_entropy": 2.0619006156921387, "receiver_entropy": 0.0, "original_loss": 0.7401464581489563, "mean_length": 6.0}
{"mode": "train", "epoch": 78, "loss": 2.1914727687835693, "acc": 0.09908675402402878, "acc_or": 0.5922945141792297, "sender_entropy": 2.052523136138916, "receiver_entropy": 0.0, "original_loss": 0.8585880994796753, "mean_length": 6.0}
{"mode": "test", "epoch": 78, "loss": 2.6498641967773438, "acc": 0.13698630034923553, "acc_or": 0.6746575236320496, "sender_entropy": 2.068650722503662, "receiver_entropy": 0.0, "original_loss": 0.7266070246696472, "mean_length": 6.0}
{"mode": "train", "epoch": 79, "loss": 2.1352615356445312, "acc": 0.0979452058672905, "acc_or": 0.5912671089172363, "sender_entropy": 2.058582305908203, "receiver_entropy": 0.0, "original_loss": 0.858518123626709, "mean_length": 6.0}
{"mode": "test", "epoch": 79, "loss": 2.748713731765747, "acc": 0.1506849229335785, "acc_or": 0.6712328791618347, "sender_entropy": 2.0666680335998535, "receiver_entropy": 0.0, "original_loss": 0.7146463990211487, "mean_length": 6.0}
{"mode": "train", "epoch": 80, "loss": 2.0815489292144775, "acc": 0.09885844588279724, "acc_or": 0.5901826620101929, "sender_entropy": 2.0551133155822754, "receiver_entropy": 0.0, "original_loss": 0.8612692356109619, "mean_length": 6.0}
{"mode": "test", "epoch": 80, "loss": 2.8429336547851562, "acc": 0.13698630034923553, "acc_or": 0.6780821681022644, "sender_entropy": 2.0571327209472656, "receiver_entropy": 0.0, "original_loss": 0.7004058957099915, "mean_length": 6.0}
{"mode": "train", "epoch": 81, "loss": 2.185184955596924, "acc": 0.10228310525417328, "acc_or": 0.5970319509506226, "sender_entropy": 2.0435609817504883, "receiver_entropy": 0.0, "original_loss": 0.848425567150116, "mean_length": 6.0}
{"mode": "test", "epoch": 81, "loss": 2.8740456104278564, "acc": 0.1780821979045868, "acc_or": 0.6952054500579834, "sender_entropy": 2.0471463203430176, "receiver_entropy": 0.0, "original_loss": 0.6892392039299011, "mean_length": 6.0}
{"mode": "train", "epoch": 82, "loss": 2.325214385986328, "acc": 0.0986301377415657, "acc_or": 0.6045091152191162, "sender_entropy": 2.0313048362731934, "receiver_entropy": 0.0, "original_loss": 0.8321376442909241, "mean_length": 6.0}
{"mode": "test", "epoch": 82, "loss": 2.816676616668701, "acc": 0.16438356041908264, "acc_or": 0.6712328791618347, "sender_entropy": 2.042189598083496, "receiver_entropy": 0.0, "original_loss": 0.69077068567276, "mean_length": 6.0}
{"mode": "train", "epoch": 83, "loss": 2.261150598526001, "acc": 0.10799086838960648, "acc_or": 0.6073629856109619, "sender_entropy": 2.0225908756256104, "receiver_entropy": 0.0, "original_loss": 0.8319593071937561, "mean_length": 6.0}
{"mode": "test", "epoch": 83, "loss": 2.867286205291748, "acc": 0.16438356041908264, "acc_or": 0.6849315166473389, "sender_entropy": 2.0393099784851074, "receiver_entropy": 0.0, "original_loss": 0.6815471053123474, "mean_length": 6.0}
{"mode": "train", "epoch": 84, "loss": 2.3357152938842773, "acc": 0.10776255279779434, "acc_or": 0.611187219619751, "sender_entropy": 2.015376329421997, "receiver_entropy": 0.0, "original_loss": 0.8212645053863525, "mean_length": 6.0}
{"mode": "test", "epoch": 84, "loss": 2.901707172393799, "acc": 0.1506849229335785, "acc_or": 0.6712328791618347, "sender_entropy": 2.0363845825195312, "receiver_entropy": 0.0, "original_loss": 0.6746736168861389, "mean_length": 6.0}
{"mode": "train", "epoch": 85, "loss": 2.3404901027679443, "acc": 0.11369863152503967, "acc_or": 0.6109018325805664, "sender_entropy": 2.0082614421844482, "receiver_entropy": 0.0, "original_loss": 0.8175061941146851, "mean_length": 6.0}
{"mode": "test", "epoch": 85, "loss": 3.0775306224823, "acc": 0.13698630034923553, "acc_or": 0.6712328791618347, "sender_entropy": 2.0350966453552246, "receiver_entropy": 0.0, "original_loss": 0.6539346575737, "mean_length": 6.0}
{"mode": "train", "epoch": 86, "loss": 2.394892454147339, "acc": 0.11712328344583511, "acc_or": 0.6147831082344055, "sender_entropy": 2.007312059402466, "receiver_entropy": 0.0, "original_loss": 0.810055136680603, "mean_length": 6.0}
{"mode": "test", "epoch": 86, "loss": 3.2203660011291504, "acc": 0.19178082048892975, "acc_or": 0.7089040875434875, "sender_entropy": 2.0323755741119385, "receiver_entropy": 0.0, "original_loss": 0.6359935402870178, "mean_length": 6.0}
{"mode": "train", "epoch": 87, "loss": 2.4811248779296875, "acc": 0.11849314719438553, "acc_or": 0.6163812875747681, "sender_entropy": 2.0020906925201416, "receiver_entropy": 0.0, "original_loss": 0.8019516468048096, "mean_length": 6.0}
{"mode": "test", "epoch": 87, "loss": 3.2283802032470703, "acc": 0.19178082048892975, "acc_or": 0.715753436088562, "sender_entropy": 2.030280828475952, "receiver_entropy": 0.0, "original_loss": 0.6321802735328674, "mean_length": 6.0}
{"mode": "train", "epoch": 88, "loss": 2.5276079177856445, "acc": 0.11780821532011032, "acc_or": 0.6187214255332947, "sender_entropy": 2.0017261505126953, "receiver_entropy": 0.0, "original_loss": 0.7954947352409363, "mean_length": 6.0}
{"mode": "test", "epoch": 88, "loss": 3.230358600616455, "acc": 0.19178082048892975, "acc_or": 0.7123287916183472, "sender_entropy": 2.0342400074005127, "receiver_entropy": 0.0, "original_loss": 0.6334158182144165, "mean_length": 6.0}
{"mode": "train", "epoch": 89, "loss": 2.4777753353118896, "acc": 0.12602739036083221, "acc_or": 0.6201484203338623, "sender_entropy": 2.001116991043091, "receiver_entropy": 0.0, "original_loss": 0.7968125939369202, "mean_length": 6.0}
{"mode": "test", "epoch": 89, "loss": 3.393954277038574, "acc": 0.232876718044281, "acc_or": 0.7226027250289917, "sender_entropy": 2.0385050773620605, "receiver_entropy": 0.0, "original_loss": 0.6147966980934143, "mean_length": 6.0}
{"mode": "train", "epoch": 90, "loss": 2.427949905395508, "acc": 0.1271689534187317, "acc_or": 0.6204338073730469, "sender_entropy": 2.004789113998413, "receiver_entropy": 0.0, "original_loss": 0.7964256405830383, "mean_length": 6.0}
{"mode": "test", "epoch": 90, "loss": 3.4282748699188232, "acc": 0.24657534062862396, "acc_or": 0.732876718044281, "sender_entropy": 2.03253436088562, "receiver_entropy": 0.0, "original_loss": 0.6034713387489319, "mean_length": 6.0}
{"mode": "train", "epoch": 91, "loss": 2.5421552658081055, "acc": 0.13858447968959808, "acc_or": 0.6249428987503052, "sender_entropy": 1.9974123239517212, "receiver_entropy": 0.0, "original_loss": 0.7819687128067017, "mean_length": 6.0}
{"mode": "test", "epoch": 91, "loss": 3.397862672805786, "acc": 0.21917808055877686, "acc_or": 0.7260273694992065, "sender_entropy": 2.0197575092315674, "receiver_entropy": 0.0, "original_loss": 0.5961735844612122, "mean_length": 6.0}
{"mode": "train", "epoch": 92, "loss": 2.6135449409484863, "acc": 0.13972602784633636, "acc_or": 0.6334474682807922, "sender_entropy": 1.979723572731018, "receiver_entropy": 0.0, "original_loss": 0.7720450162887573, "mean_length": 6.0}
{"mode": "test", "epoch": 92, "loss": 3.398994207382202, "acc": 0.2054794430732727, "acc_or": 0.7363013625144958, "sender_entropy": 2.0082106590270996, "receiver_entropy": 0.0, "original_loss": 0.5877010226249695, "mean_length": 6.0}
{"mode": "train", "epoch": 93, "loss": 2.6832351684570312, "acc": 0.14520548284053802, "acc_or": 0.6405822038650513, "sender_entropy": 1.963853120803833, "receiver_entropy": 0.0, "original_loss": 0.7609461545944214, "mean_length": 6.0}
{"mode": "test", "epoch": 93, "loss": 3.459439516067505, "acc": 0.2602739632129669, "acc_or": 0.7534246444702148, "sender_entropy": 2.0011374950408936, "receiver_entropy": 0.0, "original_loss": 0.5763975977897644, "mean_length": 6.0}
{"mode": "train", "epoch": 94, "loss": 2.7955856323242188, "acc": 0.14771689474582672, "acc_or": 0.6452054977416992, "sender_entropy": 1.9539791345596313, "receiver_entropy": 0.0, "original_loss": 0.7477027177810669, "mean_length": 6.0}
{"mode": "test", "epoch": 94, "loss": 3.60101056098938, "acc": 0.31506848335266113, "acc_or": 0.7705479264259338, "sender_entropy": 1.999411702156067, "receiver_entropy": 0.0, "original_loss": 0.558729887008667, "mean_length": 6.0}
{"mode": "train", "epoch": 95, "loss": 2.797369956970215, "acc": 0.15730594098567963, "acc_or": 0.649429202079773, "sender_entropy": 1.9508391618728638, "receiver_entropy": 0.0, "original_loss": 0.7413135766983032, "mean_length": 6.0}
{"mode": "test", "epoch": 95, "loss": 3.573111057281494, "acc": 0.301369845867157, "acc_or": 0.767123281955719, "sender_entropy": 1.996355652809143, "receiver_entropy": 0.0, "original_loss": 0.556102991104126, "mean_length": 6.0}
{"mode": "train", "epoch": 96, "loss": 2.794586181640625, "acc": 0.14840182662010193, "acc_or": 0.6510844826698303, "sender_entropy": 1.9486932754516602, "receiver_entropy": 0.0, "original_loss": 0.7381374835968018, "mean_length": 6.0}
{"mode": "test", "epoch": 96, "loss": 3.473294258117676, "acc": 0.2876712381839752, "acc_or": 0.7876712083816528, "sender_entropy": 1.990967869758606, "receiver_entropy": 0.0, "original_loss": 0.5601043701171875, "mean_length": 6.0}
{"mode": "train", "epoch": 97, "loss": 2.7668070793151855, "acc": 0.155251145362854, "acc_or": 0.6498858332633972, "sender_entropy": 1.9422801733016968, "receiver_entropy": 0.0, "original_loss": 0.7374785542488098, "mean_length": 6.0}
{"mode": "test", "epoch": 97, "loss": 3.431060314178467, "acc": 0.2876712381839752, "acc_or": 0.7602739930152893, "sender_entropy": 1.9828304052352905, "receiver_entropy": 0.0, "original_loss": 0.5583754181861877, "mean_length": 6.0}
{"mode": "train", "epoch": 98, "loss": 2.8523647785186768, "acc": 0.15890410542488098, "acc_or": 0.6541666388511658, "sender_entropy": 1.9325464963912964, "receiver_entropy": 0.0, "original_loss": 0.7248865962028503, "mean_length": 6.0}
{"mode": "test", "epoch": 98, "loss": 3.4950995445251465, "acc": 0.27397260069847107, "acc_or": 0.767123281955719, "sender_entropy": 1.9810991287231445, "receiver_entropy": 0.0, "original_loss": 0.5460456609725952, "mean_length": 6.0}
{"mode": "train", "epoch": 99, "loss": 2.905421257019043, "acc": 0.16894976794719696, "acc_or": 0.6639269590377808, "sender_entropy": 1.9265280961990356, "receiver_entropy": 0.0, "original_loss": 0.7156768441200256, "mean_length": 6.0}
{"mode": "test", "epoch": 99, "loss": 3.6233646869659424, "acc": 0.31506848335266113, "acc_or": 0.7739725708961487, "sender_entropy": 1.9814702272415161, "receiver_entropy": 0.0, "original_loss": 0.5266849994659424, "mean_length": 6.0}
{"mode": "train", "epoch": 100, "loss": 2.9291136264801025, "acc": 0.1737442910671234, "acc_or": 0.6676940321922302, "sender_entropy": 1.9233460426330566, "receiver_entropy": 0.0, "original_loss": 0.709209144115448, "mean_length": 6.0}
{"mode": "test", "epoch": 100, "loss": 3.6135268211364746, "acc": 0.2602739632129669, "acc_or": 0.7773972749710083, "sender_entropy": 1.976172685623169, "receiver_entropy": 0.0, "original_loss": 0.5248160362243652, "mean_length": 6.0}
{"mode": "train", "epoch": 101, "loss": 3.0037951469421387, "acc": 0.17328767478466034, "acc_or": 0.6745433807373047, "sender_entropy": 1.9129177331924438, "receiver_entropy": 0.0, "original_loss": 0.6976174116134644, "mean_length": 6.0}
{"mode": "test", "epoch": 101, "loss": 3.6239492893218994, "acc": 0.3287671208381653, "acc_or": 0.784246563911438, "sender_entropy": 1.9698266983032227, "receiver_entropy": 0.0, "original_loss": 0.5171912312507629, "mean_length": 6.0}
{"mode": "train", "epoch": 102, "loss": 3.1512694358825684, "acc": 0.19132420420646667, "acc_or": 0.6890981793403625, "sender_entropy": 1.9041343927383423, "receiver_entropy": 0.0, "original_loss": 0.6795321702957153, "mean_length": 6.0}
{"mode": "test", "epoch": 102, "loss": 3.6438379287719727, "acc": 0.31506848335266113, "acc_or": 0.7910959124565125, "sender_entropy": 1.9644296169281006, "receiver_entropy": 0.0, "original_loss": 0.5096730589866638, "mean_length": 6.0}
{"mode": "train", "epoch": 103, "loss": 3.1121082305908203, "acc": 0.18744291365146637, "acc_or": 0.6848173141479492, "sender_entropy": 1.8988168239593506, "receiver_entropy": 0.0, "original_loss": 0.6790308952331543, "mean_length": 6.0}
{"mode": "test", "epoch": 103, "loss": 3.70292067527771, "acc": 0.301369845867157, "acc_or": 0.7876712083816528, "sender_entropy": 1.9583345651626587, "receiver_entropy": 0.0, "original_loss": 0.49376949667930603, "mean_length": 6.0}
{"mode": "train", "epoch": 104, "loss": 3.1422810554504395, "acc": 0.18424656987190247, "acc_or": 0.6903538703918457, "sender_entropy": 1.893396019935608, "receiver_entropy": 0.0, "original_loss": 0.6708723306655884, "mean_length": 6.0}
{"mode": "test", "epoch": 104, "loss": 3.592557907104492, "acc": 0.2602739632129669, "acc_or": 0.7808219194412231, "sender_entropy": 1.953538179397583, "receiver_entropy": 0.0, "original_loss": 0.5009344816207886, "mean_length": 6.0}
{"mode": "train", "epoch": 105, "loss": 3.1068520545959473, "acc": 0.19429223239421844, "acc_or": 0.6915525197982788, "sender_entropy": 1.8883720636367798, "receiver_entropy": 0.0, "original_loss": 0.6696120500564575, "mean_length": 6.0}
{"mode": "test", "epoch": 105, "loss": 3.6611456871032715, "acc": 0.36986300349235535, "acc_or": 0.8047944903373718, "sender_entropy": 1.9480127096176147, "receiver_entropy": 0.0, "original_loss": 0.4892723262310028, "mean_length": 6.0}
{"mode": "train", "epoch": 106, "loss": 3.228508710861206, "acc": 0.202968031167984, "acc_or": 0.7013698816299438, "sender_entropy": 1.8796097040176392, "receiver_entropy": 0.0, "original_loss": 0.6524093747138977, "mean_length": 6.0}
{"mode": "test", "epoch": 106, "loss": 3.5824289321899414, "acc": 0.36986300349235535, "acc_or": 0.801369845867157, "sender_entropy": 1.9390512704849243, "receiver_entropy": 0.0, "original_loss": 0.4928273856639862, "mean_length": 6.0}
{"mode": "train", "epoch": 107, "loss": 3.2515599727630615, "acc": 0.20251141488552094, "acc_or": 0.7034817337989807, "sender_entropy": 1.8663923740386963, "receiver_entropy": 0.0, "original_loss": 0.6457535624504089, "mean_length": 6.0}
{"mode": "test", "epoch": 107, "loss": 3.780853748321533, "acc": 0.4109588861465454, "acc_or": 0.8253424763679504, "sender_entropy": 1.9324971437454224, "receiver_entropy": 0.0, "original_loss": 0.4580545127391815, "mean_length": 6.0}
{"mode": "train", "epoch": 108, "loss": 3.2857236862182617, "acc": 0.21164382994174957, "acc_or": 0.7064497470855713, "sender_entropy": 1.851398229598999, "receiver_entropy": 0.0, "original_loss": 0.6366051435470581, "mean_length": 6.0}
{"mode": "test", "epoch": 108, "loss": 3.8065857887268066, "acc": 0.3835616409778595, "acc_or": 0.8253424763679504, "sender_entropy": 1.9224008321762085, "receiver_entropy": 0.0, "original_loss": 0.44395560026168823, "mean_length": 6.0}
{"mode": "train", "epoch": 109, "loss": 3.3518526554107666, "acc": 0.21666666865348816, "acc_or": 0.7135844826698303, "sender_entropy": 1.8374741077423096, "receiver_entropy": 0.0, "original_loss": 0.6247162222862244, "mean_length": 6.0}
{"mode": "test", "epoch": 109, "loss": 3.759484052658081, "acc": 0.3561643958091736, "acc_or": 0.8116438388824463, "sender_entropy": 1.9143067598342896, "receiver_entropy": 0.0, "original_loss": 0.4397088587284088, "mean_length": 6.0}
{"mode": "train", "epoch": 110, "loss": 3.4274749755859375, "acc": 0.23835615813732147, "acc_or": 0.7267123460769653, "sender_entropy": 1.8271337747573853, "receiver_entropy": 0.0, "original_loss": 0.6102598905563354, "mean_length": 6.0}
{"mode": "test", "epoch": 110, "loss": 3.7483158111572266, "acc": 0.3287671208381653, "acc_or": 0.8047944903373718, "sender_entropy": 1.9119435548782349, "receiver_entropy": 0.0, "original_loss": 0.43693867325782776, "mean_length": 6.0}
{"mode": "train", "epoch": 111, "loss": 3.4375057220458984, "acc": 0.2353881299495697, "acc_or": 0.7252283096313477, "sender_entropy": 1.8230865001678467, "receiver_entropy": 0.0, "original_loss": 0.6024516820907593, "mean_length": 6.0}
{"mode": "test", "epoch": 111, "loss": 3.818143367767334, "acc": 0.39726027846336365, "acc_or": 0.8150684833526611, "sender_entropy": 1.91204035282135, "receiver_entropy": 0.0, "original_loss": 0.4245741367340088, "mean_length": 6.0}
{"mode": "train", "epoch": 112, "loss": 3.385707139968872, "acc": 0.2493150681257248, "acc_or": 0.7300798892974854, "sender_entropy": 1.8249982595443726, "receiver_entropy": 0.0, "original_loss": 0.6038382649421692, "mean_length": 6.0}
{"mode": "test", "epoch": 112, "loss": 3.8886847496032715, "acc": 0.4109588861465454, "acc_or": 0.8424657583236694, "sender_entropy": 1.919176459312439, "receiver_entropy": 0.0, "original_loss": 0.41523200273513794, "mean_length": 6.0}
{"mode": "train", "epoch": 113, "loss": 3.3808302879333496, "acc": 0.24018263816833496, "acc_or": 0.7248287796974182, "sender_entropy": 1.8313302993774414, "receiver_entropy": 0.0, "original_loss": 0.6040763854980469, "mean_length": 6.0}
{"mode": "test", "epoch": 113, "loss": 3.863507032394409, "acc": 0.36986300349235535, "acc_or": 0.8287671208381653, "sender_entropy": 1.9269826412200928, "receiver_entropy": 0.0, "original_loss": 0.42486685514450073, "mean_length": 6.0}
{"mode": "train", "epoch": 114, "loss": 3.3722169399261475, "acc": 0.24543379247188568, "acc_or": 0.7281963229179382, "sender_entropy": 1.8419910669326782, "receiver_entropy": 0.0, "original_loss": 0.6021466255187988, "mean_length": 6.0}
{"mode": "test", "epoch": 114, "loss": 4.083949089050293, "acc": 0.42465752363204956, "acc_or": 0.835616409778595, "sender_entropy": 1.9399710893630981, "receiver_entropy": 0.0, "original_loss": 0.40215691924095154, "mean_length": 6.0}
{"mode": "train", "epoch": 115, "loss": 3.288663625717163, "acc": 0.23493149876594543, "acc_or": 0.7214040756225586, "sender_entropy": 1.8518524169921875, "receiver_entropy": 0.0, "original_loss": 0.6075536608695984, "mean_length": 6.0}
{"mode": "test", "epoch": 115, "loss": 4.036932468414307, "acc": 0.39726027846336365, "acc_or": 0.8287671208381653, "sender_entropy": 1.9353302717208862, "receiver_entropy": 0.0, "original_loss": 0.40008601546287537, "mean_length": 6.0}
{"mode": "train", "epoch": 116, "loss": 3.357724905014038, "acc": 0.2543379068374634, "acc_or": 0.7340182662010193, "sender_entropy": 1.8463624715805054, "receiver_entropy": 0.0, "original_loss": 0.5954644083976746, "mean_length": 6.0}
{"mode": "test", "epoch": 116, "loss": 4.064815044403076, "acc": 0.4109588861465454, "acc_or": 0.835616409778595, "sender_entropy": 1.9235742092132568, "receiver_entropy": 0.0, "original_loss": 0.39015308022499084, "mean_length": 6.0}
{"mode": "train", "epoch": 117, "loss": 3.4503591060638428, "acc": 0.2545661926269531, "acc_or": 0.7359018325805664, "sender_entropy": 1.8325159549713135, "receiver_entropy": 0.0, "original_loss": 0.583057165145874, "mean_length": 6.0}
{"mode": "test", "epoch": 117, "loss": 4.05618953704834, "acc": 0.4794520437717438, "acc_or": 0.8561643958091736, "sender_entropy": 1.9188209772109985, "receiver_entropy": 0.0, "original_loss": 0.3840579390525818, "mean_length": 6.0}
{"mode": "train", "epoch": 118, "loss": 3.4314322471618652, "acc": 0.25479450821876526, "acc_or": 0.7402967810630798, "sender_entropy": 1.8156031370162964, "receiver_entropy": 0.0, "original_loss": 0.5791319608688354, "mean_length": 6.0}
{"mode": "test", "epoch": 118, "loss": 4.131538391113281, "acc": 0.4931506812572479, "acc_or": 0.8664383292198181, "sender_entropy": 1.909437656402588, "receiver_entropy": 0.0, "original_loss": 0.36432841420173645, "mean_length": 6.0}
{"mode": "train", "epoch": 119, "loss": 3.5450923442840576, "acc": 0.27374428510665894, "acc_or": 0.7477169036865234, "sender_entropy": 1.8086183071136475, "receiver_entropy": 0.0, "original_loss": 0.5633533000946045, "mean_length": 6.0}
{"mode": "test", "epoch": 119, "loss": 4.062003135681152, "acc": 0.4931506812572479, "acc_or": 0.8595890402793884, "sender_entropy": 1.8992587327957153, "receiver_entropy": 0.0, "original_loss": 0.3613288402557373, "mean_length": 6.0}
{"mode": "train", "epoch": 120, "loss": 3.58785080909729, "acc": 0.27716895937919617, "acc_or": 0.750684916973114, "sender_entropy": 1.7981606721878052, "receiver_entropy": 0.0, "original_loss": 0.5522900223731995, "mean_length": 6.0}
{"mode": "test", "epoch": 120, "loss": 4.096902370452881, "acc": 0.5205479264259338, "acc_or": 0.8732876777648926, "sender_entropy": 1.8920682668685913, "receiver_entropy": 0.0, "original_loss": 0.34890878200531006, "mean_length": 6.0}
{"mode": "train", "epoch": 121, "loss": 3.7090811729431152, "acc": 0.29223743081092834, "acc_or": 0.7687785029411316, "sender_entropy": 1.7918498516082764, "receiver_entropy": 0.0, "original_loss": 0.5352169871330261, "mean_length": 6.0}
{"mode": "test", "epoch": 121, "loss": 4.085597991943359, "acc": 0.5616438388824463, "acc_or": 0.8835616111755371, "sender_entropy": 1.8799841403961182, "receiver_entropy": 0.0, "original_loss": 0.3352791666984558, "mean_length": 6.0}
{"mode": "train", "epoch": 122, "loss": 3.6944127082824707, "acc": 0.28584474325180054, "acc_or": 0.7626141309738159, "sender_entropy": 1.7820746898651123, "receiver_entropy": 0.0, "original_loss": 0.5314200520515442, "mean_length": 6.0}
{"mode": "test", "epoch": 122, "loss": 4.003974914550781, "acc": 0.534246563911438, "acc_or": 0.8801369667053223, "sender_entropy": 1.8672012090682983, "receiver_entropy": 0.0, "original_loss": 0.3329392969608307, "mean_length": 6.0}
{"mode": "train", "epoch": 123, "loss": 3.651123046875, "acc": 0.29931506514549255, "acc_or": 0.7652968168258667, "sender_entropy": 1.7672446966171265, "receiver_entropy": 0.0, "original_loss": 0.5305337309837341, "mean_length": 6.0}
{"mode": "test", "epoch": 123, "loss": 4.016577243804932, "acc": 0.5890411138534546, "acc_or": 0.8904109597206116, "sender_entropy": 1.8639470338821411, "receiver_entropy": 0.0, "original_loss": 0.3274681270122528, "mean_length": 6.0}
{"mode": "train", "epoch": 124, "loss": 3.6345672607421875, "acc": 0.31506848335266113, "acc_or": 0.7687785029411316, "sender_entropy": 1.764991283416748, "receiver_entropy": 0.0, "original_loss": 0.524337887763977, "mean_length": 6.0}
{"mode": "test", "epoch": 124, "loss": 4.069365978240967, "acc": 0.5890411138534546, "acc_or": 0.8904109597206116, "sender_entropy": 1.866999626159668, "receiver_entropy": 0.0, "original_loss": 0.32445165514945984, "mean_length": 6.0}
{"mode": "train", "epoch": 125, "loss": 3.7948360443115234, "acc": 0.32922375202178955, "acc_or": 0.7788812518119812, "sender_entropy": 1.767458200454712, "receiver_entropy": 0.0, "original_loss": 0.5058175325393677, "mean_length": 6.0}
{"mode": "test", "epoch": 125, "loss": 4.044179916381836, "acc": 0.5890411138534546, "acc_or": 0.8904109597206116, "sender_entropy": 1.8695366382598877, "receiver_entropy": 0.0, "original_loss": 0.32166239619255066, "mean_length": 6.0}
{"mode": "train", "epoch": 126, "loss": 3.6736745834350586, "acc": 0.3280821740627289, "acc_or": 0.7757419943809509, "sender_entropy": 1.7585803270339966, "receiver_entropy": 0.0, "original_loss": 0.5134402513504028, "mean_length": 6.0}
{"mode": "test", "epoch": 126, "loss": 4.188325881958008, "acc": 0.6164383292198181, "acc_or": 0.8972602486610413, "sender_entropy": 1.8684226274490356, "receiver_entropy": 0.0, "original_loss": 0.29719674587249756, "mean_length": 6.0}
{"mode": "train", "epoch": 127, "loss": 3.7689433097839355, "acc": 0.33356162905693054, "acc_or": 0.7833904027938843, "sender_entropy": 1.7646803855895996, "receiver_entropy": 0.0, "original_loss": 0.49887192249298096, "mean_length": 6.0}
{"mode": "test", "epoch": 127, "loss": 4.259016513824463, "acc": 0.6438356041908264, "acc_or": 0.9075342416763306, "sender_entropy": 1.8689119815826416, "receiver_entropy": 0.0, "original_loss": 0.28733542561531067, "mean_length": 6.0}
{"mode": "train", "epoch": 128, "loss": 3.746150255203247, "acc": 0.34132421016693115, "acc_or": 0.7839611768722534, "sender_entropy": 1.7639920711517334, "receiver_entropy": 0.0, "original_loss": 0.4989100992679596, "mean_length": 6.0}
{"mode": "test", "epoch": 128, "loss": 4.261890888214111, "acc": 0.6849315166473389, "acc_or": 0.9143835306167603, "sender_entropy": 1.866973638534546, "receiver_entropy": 0.0, "original_loss": 0.2801610231399536, "mean_length": 6.0}
{"mode": "train", "epoch": 129, "loss": 3.746523857116699, "acc": 0.34063926339149475, "acc_or": 0.7853310108184814, "sender_entropy": 1.7600077390670776, "receiver_entropy": 0.0, "original_loss": 0.493459016084671, "mean_length": 6.0}
{"mode": "test", "epoch": 129, "loss": 4.2587456703186035, "acc": 0.7260273694992065, "acc_or": 0.9178082346916199, "sender_entropy": 1.8623193502426147, "receiver_entropy": 0.0, "original_loss": 0.27425700426101685, "mean_length": 6.0}
{"mode": "train", "epoch": 130, "loss": 3.789501428604126, "acc": 0.36484017968177795, "acc_or": 0.7926940321922302, "sender_entropy": 1.7498668432235718, "receiver_entropy": 0.0, "original_loss": 0.48409828543663025, "mean_length": 6.0}
{"mode": "test", "epoch": 130, "loss": 4.139695167541504, "acc": 0.7534246444702148, "acc_or": 0.9280821681022644, "sender_entropy": 1.8503289222717285, "receiver_entropy": 0.0, "original_loss": 0.2772183418273926, "mean_length": 6.0}
{"mode": "train", "epoch": 131, "loss": 3.911681890487671, "acc": 0.37694063782691956, "acc_or": 0.801997721195221, "sender_entropy": 1.739118218421936, "receiver_entropy": 0.0, "original_loss": 0.4646821916103363, "mean_length": 6.0}
{"mode": "test", "epoch": 131, "loss": 4.126277923583984, "acc": 0.7397260069847107, "acc_or": 0.9280821681022644, "sender_entropy": 1.838365912437439, "receiver_entropy": 0.0, "original_loss": 0.26964062452316284, "mean_length": 6.0}
{"mode": "train", "epoch": 132, "loss": 3.876303195953369, "acc": 0.4020547866821289, "acc_or": 0.8057648539543152, "sender_entropy": 1.7277812957763672, "receiver_entropy": 0.0, "original_loss": 0.4594272971153259, "mean_length": 6.0}
{"mode": "test", "epoch": 132, "loss": 4.194514274597168, "acc": 0.7808219194412231, "acc_or": 0.9417808055877686, "sender_entropy": 1.831427812576294, "receiver_entropy": 0.0, "original_loss": 0.2529240846633911, "mean_length": 6.0}
{"mode": "train", "epoch": 133, "loss": 3.883955240249634, "acc": 0.40433788299560547, "acc_or": 0.8079337477684021, "sender_entropy": 1.713749885559082, "receiver_entropy": 0.0, "original_loss": 0.4513976275920868, "mean_length": 6.0}
{"mode": "test", "epoch": 133, "loss": 4.19943380355835, "acc": 0.7808219194412231, "acc_or": 0.9452054500579834, "sender_entropy": 1.822489619255066, "receiver_entropy": 0.0, "original_loss": 0.24096444249153137, "mean_length": 6.0}
{"mode": "train", "epoch": 134, "loss": 3.941072702407837, "acc": 0.41940638422966003, "acc_or": 0.81581050157547, "sender_entropy": 1.7057899236679077, "receiver_entropy": 0.0, "original_loss": 0.4408605992794037, "mean_length": 6.0}
{"mode": "test", "epoch": 134, "loss": 4.025471210479736, "acc": 0.767123281955719, "acc_or": 0.9383561611175537, "sender_entropy": 1.8060792684555054, "receiver_entropy": 0.0, "original_loss": 0.24617740511894226, "mean_length": 6.0}
{"mode": "train", "epoch": 135, "loss": 3.913452625274658, "acc": 0.4422374367713928, "acc_or": 0.8227168917655945, "sender_entropy": 1.6929341554641724, "receiver_entropy": 0.0, "original_loss": 0.435908704996109, "mean_length": 6.0}
{"mode": "test", "epoch": 135, "loss": 4.032644748687744, "acc": 0.7397260069847107, "acc_or": 0.931506872177124, "sender_entropy": 1.7974995374679565, "receiver_entropy": 0.0, "original_loss": 0.23386016488075256, "mean_length": 6.0}
{"mode": "train", "epoch": 136, "loss": 3.9369254112243652, "acc": 0.4376712143421173, "acc_or": 0.8254566192626953, "sender_entropy": 1.691206455230713, "receiver_entropy": 0.0, "original_loss": 0.42962679266929626, "mean_length": 6.0}
{"mode": "test", "epoch": 136, "loss": 4.1074604988098145, "acc": 0.767123281955719, "acc_or": 0.9383561611175537, "sender_entropy": 1.8029650449752808, "receiver_entropy": 0.0, "original_loss": 0.22198008000850677, "mean_length": 6.0}
{"mode": "train", "epoch": 137, "loss": 3.9897408485412598, "acc": 0.4668949842453003, "acc_or": 0.8312785029411316, "sender_entropy": 1.6836971044540405, "receiver_entropy": 0.0, "original_loss": 0.4177643358707428, "mean_length": 6.0}
{"mode": "test", "epoch": 137, "loss": 4.112758636474609, "acc": 0.7945205569267273, "acc_or": 0.9452054500579834, "sender_entropy": 1.7987987995147705, "receiver_entropy": 0.0, "original_loss": 0.21311083436012268, "mean_length": 6.0}
{"mode": "train", "epoch": 138, "loss": 3.8869476318359375, "acc": 0.44292235374450684, "acc_or": 0.827682614326477, "sender_entropy": 1.682408332824707, "receiver_entropy": 0.0, "original_loss": 0.42440521717071533, "mean_length": 6.0}
{"mode": "test", "epoch": 138, "loss": 4.161429405212402, "acc": 0.8219177722930908, "acc_or": 0.9520547986030579, "sender_entropy": 1.8005110025405884, "receiver_entropy": 0.0, "original_loss": 0.2035694718360901, "mean_length": 6.0}
{"mode": "train", "epoch": 139, "loss": 3.9490365982055664, "acc": 0.4662100374698639, "acc_or": 0.8321917653083801, "sender_entropy": 1.6829686164855957, "receiver_entropy": 0.0, "original_loss": 0.41332975029945374, "mean_length": 6.0}
{"mode": "test", "epoch": 139, "loss": 4.186580181121826, "acc": 0.8493150472640991, "acc_or": 0.9589040875434875, "sender_entropy": 1.7979755401611328, "receiver_entropy": 0.0, "original_loss": 0.19197332859039307, "mean_length": 6.0}
{"mode": "train", "epoch": 140, "loss": 3.8844950199127197, "acc": 0.4541095793247223, "acc_or": 0.8284246325492859, "sender_entropy": 1.6813478469848633, "receiver_entropy": 0.0, "original_loss": 0.4153997600078583, "mean_length": 6.0}
{"mode": "test", "epoch": 140, "loss": 4.138801097869873, "acc": 0.8219177722930908, "acc_or": 0.9520547986030579, "sender_entropy": 1.774932622909546, "receiver_entropy": 0.0, "original_loss": 0.17862334847450256, "mean_length": 6.0}
{"mode": "train", "epoch": 141, "loss": 3.9635486602783203, "acc": 0.46917808055877686, "acc_or": 0.8355593681335449, "sender_entropy": 1.6700878143310547, "receiver_entropy": 0.0, "original_loss": 0.40365543961524963, "mean_length": 6.0}
{"mode": "test", "epoch": 141, "loss": 4.051454544067383, "acc": 0.8219177722930908, "acc_or": 0.9520547986030579, "sender_entropy": 1.763067603111267, "receiver_entropy": 0.0, "original_loss": 0.17964346706867218, "mean_length": 6.0}
{"mode": "train", "epoch": 142, "loss": 4.01505184173584, "acc": 0.47534245252609253, "acc_or": 0.8386986255645752, "sender_entropy": 1.655228614807129, "receiver_entropy": 0.0, "original_loss": 0.39428550004959106, "mean_length": 6.0}
{"mode": "test", "epoch": 142, "loss": 4.055619716644287, "acc": 0.8493150472640991, "acc_or": 0.9589040875434875, "sender_entropy": 1.7638708353042603, "receiver_entropy": 0.0, "original_loss": 0.179314985871315, "mean_length": 6.0}
{"mode": "train", "epoch": 143, "loss": 3.9710187911987305, "acc": 0.49086758494377136, "acc_or": 0.8422945141792297, "sender_entropy": 1.6599571704864502, "receiver_entropy": 0.0, "original_loss": 0.38954582810401917, "mean_length": 6.0}
{"mode": "test", "epoch": 143, "loss": 4.1076154708862305, "acc": 0.835616409778595, "acc_or": 0.9589040875434875, "sender_entropy": 1.7699612379074097, "receiver_entropy": 0.0, "original_loss": 0.17465919256210327, "mean_length": 6.0}
{"mode": "train", "epoch": 144, "loss": 3.936948299407959, "acc": 0.4892694056034088, "acc_or": 0.842808187007904, "sender_entropy": 1.6613843441009521, "receiver_entropy": 0.0, "original_loss": 0.38862109184265137, "mean_length": 6.0}
{"mode": "test", "epoch": 144, "loss": 4.084329605102539, "acc": 0.8082191944122314, "acc_or": 0.9520547986030579, "sender_entropy": 1.7670096158981323, "receiver_entropy": 0.0, "original_loss": 0.17412322759628296, "mean_length": 6.0}
{"mode": "train", "epoch": 145, "loss": 3.9694268703460693, "acc": 0.49977168440818787, "acc_or": 0.8451483845710754, "sender_entropy": 1.655453085899353, "receiver_entropy": 0.0, "original_loss": 0.3819807469844818, "mean_length": 6.0}
{"mode": "test", "epoch": 145, "loss": 4.101163387298584, "acc": 0.835616409778595, "acc_or": 0.9589040875434875, "sender_entropy": 1.7577048540115356, "receiver_entropy": 0.0, "original_loss": 0.16131934523582458, "mean_length": 6.0}
{"mode": "train", "epoch": 146, "loss": 4.010842323303223, "acc": 0.5141552686691284, "acc_or": 0.8522260189056396, "sender_entropy": 1.6523892879486084, "receiver_entropy": 0.0, "original_loss": 0.36936578154563904, "mean_length": 6.0}
{"mode": "test", "epoch": 146, "loss": 4.110607624053955, "acc": 0.8630136847496033, "acc_or": 0.965753436088562, "sender_entropy": 1.7384521961212158, "receiver_entropy": 0.0, "original_loss": 0.1451384723186493, "mean_length": 6.0}
{"mode": "train", "epoch": 147, "loss": 3.9754793643951416, "acc": 0.517123281955719, "acc_or": 0.8518264889717102, "sender_entropy": 1.6414934396743774, "receiver_entropy": 0.0, "original_loss": 0.3688673675060272, "mean_length": 6.0}
{"mode": "test", "epoch": 147, "loss": 3.9618639945983887, "acc": 0.8493150472640991, "acc_or": 0.9623287320137024, "sender_entropy": 1.7183114290237427, "receiver_entropy": 0.0, "original_loss": 0.14445006847381592, "mean_length": 6.0}
{"mode": "train", "epoch": 148, "loss": 4.05283784866333, "acc": 0.5372145771980286, "acc_or": 0.8603310585021973, "sender_entropy": 1.6252553462982178, "receiver_entropy": 0.0, "original_loss": 0.35267016291618347, "mean_length": 6.0}
{"mode": "test", "epoch": 148, "loss": 3.8798036575317383, "acc": 0.8904109597206116, "acc_or": 0.9726027250289917, "sender_entropy": 1.705861210823059, "receiver_entropy": 0.0, "original_loss": 0.14394433796405792, "mean_length": 6.0}
{"mode": "train", "epoch": 149, "loss": 4.124954700469971, "acc": 0.5563926696777344, "acc_or": 0.8682648539543152, "sender_entropy": 1.6091593503952026, "receiver_entropy": 0.0, "original_loss": 0.33751723170280457, "mean_length": 6.0}
{"mode": "test", "epoch": 149, "loss": 3.894679546356201, "acc": 0.8904109597206116, "acc_or": 0.9726027250289917, "sender_entropy": 1.6991349458694458, "receiver_entropy": 0.0, "original_loss": 0.13599957525730133, "mean_length": 6.0}
{"mode": "train", "epoch": 150, "loss": 4.2013959884643555, "acc": 0.5773972272872925, "acc_or": 0.8746004700660706, "sender_entropy": 1.5939990282058716, "receiver_entropy": 0.0, "original_loss": 0.3192645311355591, "mean_length": 6.0}
{"mode": "test", "epoch": 150, "loss": 3.8896665573120117, "acc": 0.9041095972061157, "acc_or": 0.9726027250289917, "sender_entropy": 1.6925278902053833, "receiver_entropy": 0.0, "original_loss": 0.12943591177463531, "mean_length": 6.0}
{"mode": "train", "epoch": 151, "loss": 4.153260707855225, "acc": 0.5794520378112793, "acc_or": 0.8762556910514832, "sender_entropy": 1.5850149393081665, "receiver_entropy": 0.0, "original_loss": 0.3186110854148865, "mean_length": 6.0}
{"mode": "test", "epoch": 151, "loss": 3.838654041290283, "acc": 0.8630136847496033, "acc_or": 0.965753436088562, "sender_entropy": 1.6898081302642822, "receiver_entropy": 0.0, "original_loss": 0.13558614253997803, "mean_length": 6.0}
{"mode": "train", "epoch": 152, "loss": 4.1490278244018555, "acc": 0.5730593800544739, "acc_or": 0.8736301064491272, "sender_entropy": 1.577612280845642, "receiver_entropy": 0.0, "original_loss": 0.3138173222541809, "mean_length": 6.0}
{"mode": "test", "epoch": 152, "loss": 3.8303475379943848, "acc": 0.8630136847496033, "acc_or": 0.965753436088562, "sender_entropy": 1.6912493705749512, "receiver_entropy": 0.0, "original_loss": 0.136860653758049, "mean_length": 6.0}
{"mode": "train", "epoch": 153, "loss": 4.209930896759033, "acc": 0.5915524959564209, "acc_or": 0.8799086809158325, "sender_entropy": 1.5657671689987183, "receiver_entropy": 0.0, "original_loss": 0.30314093828201294, "mean_length": 6.0}
{"mode": "test", "epoch": 153, "loss": 3.837808847427368, "acc": 0.8767123222351074, "acc_or": 0.9691780805587769, "sender_entropy": 1.6886149644851685, "receiver_entropy": 0.0, "original_loss": 0.12813980877399445, "mean_length": 6.0}
{"mode": "train", "epoch": 154, "loss": 4.170475006103516, "acc": 0.6050228476524353, "acc_or": 0.8825913071632385, "sender_entropy": 1.5672940015792847, "receiver_entropy": 0.0, "original_loss": 0.299017071723938, "mean_length": 6.0}
{"mode": "test", "epoch": 154, "loss": 3.876973867416382, "acc": 0.8904109597206116, "acc_or": 0.9726027250289917, "sender_entropy": 1.6894400119781494, "receiver_entropy": 0.0, "original_loss": 0.12178060412406921, "mean_length": 6.0}
{"mode": "train", "epoch": 155, "loss": 4.049169063568115, "acc": 0.585616409778595, "acc_or": 0.8784817457199097, "sender_entropy": 1.5658705234527588, "receiver_entropy": 0.0, "original_loss": 0.3091884255409241, "mean_length": 6.0}
{"mode": "test", "epoch": 155, "loss": 3.885701894760132, "acc": 0.9178082346916199, "acc_or": 0.9794520735740662, "sender_entropy": 1.6860108375549316, "receiver_entropy": 0.0, "original_loss": 0.11180553585290909, "mean_length": 6.0}
{"mode": "train", "epoch": 156, "loss": 4.162723541259766, "acc": 0.5904109477996826, "acc_or": 0.8808789849281311, "sender_entropy": 1.5679441690444946, "receiver_entropy": 0.0, "original_loss": 0.29798978567123413, "mean_length": 6.0}
{"mode": "test", "epoch": 156, "loss": 3.8962481021881104, "acc": 0.931506872177124, "acc_or": 0.982876718044281, "sender_entropy": 1.6965566873550415, "receiver_entropy": 0.0, "original_loss": 0.11161994934082031, "mean_length": 6.0}
{"mode": "train", "epoch": 157, "loss": 4.042674541473389, "acc": 0.5872145891189575, "acc_or": 0.877054750919342, "sender_entropy": 1.578972339630127, "receiver_entropy": 0.0, "original_loss": 0.3057258427143097, "mean_length": 6.0}
{"mode": "test", "epoch": 157, "loss": 3.921271800994873, "acc": 0.9452054500579834, "acc_or": 0.982876718044281, "sender_entropy": 1.6993215084075928, "receiver_entropy": 0.0, "original_loss": 0.10487180203199387, "mean_length": 6.0}
{"mode": "train", "epoch": 158, "loss": 4.057536602020264, "acc": 0.6029680371284485, "acc_or": 0.8808789849281311, "sender_entropy": 1.5868654251098633, "receiver_entropy": 0.0, "original_loss": 0.3015906512737274, "mean_length": 6.0}
{"mode": "test", "epoch": 158, "loss": 3.91511607170105, "acc": 0.9863013625144958, "acc_or": 0.9931506514549255, "sender_entropy": 1.6986703872680664, "receiver_entropy": 0.0, "original_loss": 0.09772184491157532, "mean_length": 6.0}
{"mode": "train", "epoch": 159, "loss": 4.000192165374756, "acc": 0.588127851486206, "acc_or": 0.8767693638801575, "sender_entropy": 1.5901439189910889, "receiver_entropy": 0.0, "original_loss": 0.3062719702720642, "mean_length": 6.0}
{"mode": "test", "epoch": 159, "loss": 3.8721389770507812, "acc": 0.931506872177124, "acc_or": 0.982876718044281, "sender_entropy": 1.6970055103302002, "receiver_entropy": 0.0, "original_loss": 0.09610095620155334, "mean_length": 6.0}
{"mode": "train", "epoch": 160, "loss": 4.101425647735596, "acc": 0.6146118640899658, "acc_or": 0.8874428868293762, "sender_entropy": 1.581969976425171, "receiver_entropy": 0.0, "original_loss": 0.28864577412605286, "mean_length": 6.0}
{"mode": "test", "epoch": 160, "loss": 3.7540273666381836, "acc": 0.8904109597206116, "acc_or": 0.9726027250289917, "sender_entropy": 1.688590168952942, "receiver_entropy": 0.0, "original_loss": 0.10586701333522797, "mean_length": 6.0}
{"mode": "train", "epoch": 161, "loss": 3.975058078765869, "acc": 0.605251133441925, "acc_or": 0.8828766942024231, "sender_entropy": 1.573302149772644, "receiver_entropy": 0.0, "original_loss": 0.2954142689704895, "mean_length": 6.0}
{"mode": "test", "epoch": 161, "loss": 3.690777063369751, "acc": 0.9178082346916199, "acc_or": 0.9760273694992065, "sender_entropy": 1.6828488111495972, "receiver_entropy": 0.0, "original_loss": 0.10960745811462402, "mean_length": 6.0}
{"mode": "train", "epoch": 162, "loss": 4.064209938049316, "acc": 0.6189497709274292, "acc_or": 0.8897830843925476, "sender_entropy": 1.5650819540023804, "receiver_entropy": 0.0, "original_loss": 0.2819202244281769, "mean_length": 6.0}
{"mode": "test", "epoch": 162, "loss": 3.8201489448547363, "acc": 0.9452054500579834, "acc_or": 0.9863013625144958, "sender_entropy": 1.6867579221725464, "receiver_entropy": 0.0, "original_loss": 0.09152933955192566, "mean_length": 6.0}
{"mode": "train", "epoch": 163, "loss": 4.038212776184082, "acc": 0.6267123222351074, "acc_or": 0.8911529779434204, "sender_entropy": 1.5676637887954712, "receiver_entropy": 0.0, "original_loss": 0.28236567974090576, "mean_length": 6.0}
{"mode": "test", "epoch": 163, "loss": 3.8489179611206055, "acc": 0.9863013625144958, "acc_or": 0.9965753555297852, "sender_entropy": 1.6813992261886597, "receiver_entropy": 0.0, "original_loss": 0.07929371297359467, "mean_length": 6.0}
{"mode": "train", "epoch": 164, "loss": 3.96659779548645, "acc": 0.612557053565979, "acc_or": 0.8839040994644165, "sender_entropy": 1.5776863098144531, "receiver_entropy": 0.0, "original_loss": 0.289837509393692, "mean_length": 6.0}
{"mode": "test", "epoch": 164, "loss": 3.7892534732818604, "acc": 1.0, "acc_or": 1.0, "sender_entropy": 1.6739932298660278, "receiver_entropy": 0.0, "original_loss": 0.08080839365720749, "mean_length": 6.0}
{"epoch": 164, "positional_disent": 0.07921745628118515, "bag_of_symbol_disent": 0.1509101837873459, "topographic_sim": 0.5441213763323424}
{"generalization hold out": {"acc": 1.0, "acc_or": 1.0}, "uniform holdout": {"acc": 0.375, "acc_or": 0.84375}, "epoch": 164}
---End--
