nohup: ignoring input
{"mode": "train", "epoch": 1, "loss": -18.854719161987305, "acc": 0.00570776266977191, "acc_or": 0.28202053904533386, "sender_entropy": 2.3011906147003174, "receiver_entropy": 0.0, "original_loss": 1.382051706314087, "mean_length": 6.0}
{"mode": "test", "epoch": 1, "loss": 0.6735014915466309, "acc": 0.0, "acc_or": 0.31506848335266113, "sender_entropy": 2.298816442489624, "receiver_entropy": 0.0, "original_loss": 1.3456828594207764, "mean_length": 6.0}
{"mode": "train", "epoch": 2, "loss": 0.6460380554199219, "acc": 0.014383560977876186, "acc_or": 0.3356735110282898, "sender_entropy": 2.299076557159424, "receiver_entropy": 0.0, "original_loss": 1.3497675657272339, "mean_length": 6.0}
{"mode": "test", "epoch": 2, "loss": 0.7312137484550476, "acc": 0.0, "acc_or": 0.29794520139694214, "sender_entropy": 2.296982526779175, "receiver_entropy": 0.0, "original_loss": 1.3228096961975098, "mean_length": 6.0}
{"mode": "train", "epoch": 3, "loss": 0.828321635723114, "acc": 0.015068492852151394, "acc_or": 0.34731733798980713, "sender_entropy": 2.297194242477417, "receiver_entropy": 0.0, "original_loss": 1.3181641101837158, "mean_length": 6.0}
{"mode": "test", "epoch": 3, "loss": 0.9347545504570007, "acc": 0.0, "acc_or": 0.3458904027938843, "sender_entropy": 2.29642391204834, "receiver_entropy": 0.0, "original_loss": 1.2879433631896973, "mean_length": 6.0}
{"mode": "train", "epoch": 4, "loss": 1.05977201461792, "acc": 0.014611871913075447, "acc_or": 0.3428652882575989, "sender_entropy": 2.2965450286865234, "receiver_entropy": 0.0, "original_loss": 1.282913088798523, "mean_length": 6.0}
{"mode": "test", "epoch": 4, "loss": 1.2855595350265503, "acc": 0.013698630034923553, "acc_or": 0.3904109597206116, "sender_entropy": 2.29636812210083, "receiver_entropy": 0.0, "original_loss": 1.2396600246429443, "mean_length": 6.0}
{"mode": "train", "epoch": 5, "loss": 1.3513644933700562, "acc": 0.01392694003880024, "acc_or": 0.34800228476524353, "sender_entropy": 2.296508550643921, "receiver_entropy": 0.0, "original_loss": 1.2419631481170654, "mean_length": 6.0}
{"mode": "test", "epoch": 5, "loss": 1.7762353420257568, "acc": 0.013698630034923553, "acc_or": 0.4109588861465454, "sender_entropy": 2.296213388442993, "receiver_entropy": 0.0, "original_loss": 1.1780437231063843, "mean_length": 6.0}
{"mode": "train", "epoch": 6, "loss": 1.7001173496246338, "acc": 0.01666666567325592, "acc_or": 0.35542237758636475, "sender_entropy": 2.296433448791504, "receiver_entropy": 0.0, "original_loss": 1.1949304342269897, "mean_length": 6.0}
{"mode": "test", "epoch": 6, "loss": 2.147158145904541, "acc": 0.013698630034923553, "acc_or": 0.38698628544807434, "sender_entropy": 2.2955541610717773, "receiver_entropy": 0.0, "original_loss": 1.123832106590271, "mean_length": 6.0}
{"mode": "train", "epoch": 7, "loss": 1.994112253189087, "acc": 0.013242009095847607, "acc_or": 0.35462328791618347, "sender_entropy": 2.295827865600586, "receiver_entropy": 0.0, "original_loss": 1.1502039432525635, "mean_length": 6.0}
{"mode": "test", "epoch": 7, "loss": 2.1504716873168945, "acc": 0.013698630034923553, "acc_or": 0.3732876777648926, "sender_entropy": 2.2944700717926025, "receiver_entropy": 0.0, "original_loss": 1.099912166595459, "mean_length": 6.0}
{"mode": "train", "epoch": 8, "loss": 2.1217446327209473, "acc": 0.0141552509739995, "acc_or": 0.35342463850975037, "sender_entropy": 2.294720411300659, "receiver_entropy": 0.0, "original_loss": 1.1179375648498535, "mean_length": 6.0}
{"mode": "test", "epoch": 8, "loss": 2.0011322498321533, "acc": 0.013698630034923553, "acc_or": 0.3561643958091736, "sender_entropy": 2.293424367904663, "receiver_entropy": 0.0, "original_loss": 1.0904818773269653, "mean_length": 6.0}
{"mode": "train", "epoch": 9, "loss": 2.056605815887451, "acc": 0.0141552509739995, "acc_or": 0.35764840245246887, "sender_entropy": 2.293647289276123, "receiver_entropy": 0.0, "original_loss": 1.1019270420074463, "mean_length": 6.0}
{"mode": "test", "epoch": 9, "loss": 1.7672775983810425, "acc": 0.013698630034923553, "acc_or": 0.35273972153663635, "sender_entropy": 2.2930831909179688, "receiver_entropy": 0.0, "original_loss": 1.0926408767700195, "mean_length": 6.0}
{"mode": "train", "epoch": 10, "loss": 1.8247671127319336, "acc": 0.013242009095847607, "acc_or": 0.3347031772136688, "sender_entropy": 2.2931623458862305, "receiver_entropy": 0.0, "original_loss": 1.101913332939148, "mean_length": 6.0}
{"mode": "test", "epoch": 10, "loss": 1.6602383852005005, "acc": 0.027397260069847107, "acc_or": 0.4280821979045868, "sender_entropy": 2.2937538623809814, "receiver_entropy": 0.0, "original_loss": 1.0879871845245361, "mean_length": 6.0}
{"mode": "train", "epoch": 11, "loss": 1.6688753366470337, "acc": 0.014383560977876186, "acc_or": 0.33881276845932007, "sender_entropy": 2.29368257522583, "receiver_entropy": 0.0, "original_loss": 1.0993623733520508, "mean_length": 6.0}
{"mode": "test", "epoch": 11, "loss": 1.4338688850402832, "acc": 0.013698630034923553, "acc_or": 0.3561643958091736, "sender_entropy": 2.2948145866394043, "receiver_entropy": 0.0, "original_loss": 1.095489263534546, "mean_length": 6.0}
{"mode": "train", "epoch": 12, "loss": 1.4856551885604858, "acc": 0.013698630034923553, "acc_or": 0.3568493127822876, "sender_entropy": 2.294658899307251, "receiver_entropy": 0.0, "original_loss": 1.1014772653579712, "mean_length": 6.0}
{"mode": "test", "epoch": 12, "loss": 1.3905843496322632, "acc": 0.013698630034923553, "acc_or": 0.3938356041908264, "sender_entropy": 2.2959818840026855, "receiver_entropy": 0.0, "original_loss": 1.0903187990188599, "mean_length": 6.0}
{"mode": "train", "epoch": 13, "loss": 1.3900234699249268, "acc": 0.01392694003880024, "acc_or": 0.3533104956150055, "sender_entropy": 2.295681953430176, "receiver_entropy": 0.0, "original_loss": 1.09911048412323, "mean_length": 6.0}
{"mode": "test", "epoch": 13, "loss": 1.302914023399353, "acc": 0.013698630034923553, "acc_or": 0.3767123222351074, "sender_entropy": 2.2970356941223145, "receiver_entropy": 0.0, "original_loss": 1.0898991823196411, "mean_length": 6.0}
{"mode": "train", "epoch": 14, "loss": 1.271492600440979, "acc": 0.013470319099724293, "acc_or": 0.3309931457042694, "sender_entropy": 2.2967145442962646, "receiver_entropy": 0.0, "original_loss": 1.0996354818344116, "mean_length": 6.0}
{"mode": "test", "epoch": 14, "loss": 1.2454991340637207, "acc": 0.054794520139694214, "acc_or": 0.40753424167633057, "sender_entropy": 2.297896385192871, "receiver_entropy": 0.0, "original_loss": 1.087923526763916, "mean_length": 6.0}
{"mode": "train", "epoch": 15, "loss": 1.186943531036377, "acc": 0.016210045665502548, "acc_or": 0.3371575176715851, "sender_entropy": 2.29756236076355, "receiver_entropy": 0.0, "original_loss": 1.0989177227020264, "mean_length": 6.0}
{"mode": "test", "epoch": 15, "loss": 1.1755059957504272, "acc": 0.013698630034923553, "acc_or": 0.3767123222351074, "sender_entropy": 2.29853892326355, "receiver_entropy": 0.0, "original_loss": 1.0876520872116089, "mean_length": 6.0}
{"mode": "train", "epoch": 16, "loss": 1.1055588722229004, "acc": 0.01666666567325592, "acc_or": 0.3533104956150055, "sender_entropy": 2.2982592582702637, "receiver_entropy": 0.0, "original_loss": 1.0988116264343262, "mean_length": 6.0}
{"mode": "test", "epoch": 16, "loss": 1.1259175539016724, "acc": 0.013698630034923553, "acc_or": 0.4006849229335785, "sender_entropy": 2.2990400791168213, "receiver_entropy": 0.0, "original_loss": 1.0863674879074097, "mean_length": 6.0}
{"mode": "train", "epoch": 17, "loss": 1.0391030311584473, "acc": 0.013698630034923553, "acc_or": 0.3583333194255829, "sender_entropy": 2.298823118209839, "receiver_entropy": 0.0, "original_loss": 1.0983201265335083, "mean_length": 6.0}
{"mode": "test", "epoch": 17, "loss": 1.09727144241333, "acc": 0.013698630034923553, "acc_or": 0.35273972153663635, "sender_entropy": 2.299457311630249, "receiver_entropy": 0.0, "original_loss": 1.0841145515441895, "mean_length": 6.0}
{"mode": "train", "epoch": 18, "loss": 0.981163501739502, "acc": 0.01392694003880024, "acc_or": 0.35410958528518677, "sender_entropy": 2.2992892265319824, "receiver_entropy": 0.0, "original_loss": 1.097854733467102, "mean_length": 6.0}
{"mode": "test", "epoch": 18, "loss": 1.0447592735290527, "acc": 0.013698630034923553, "acc_or": 0.41438356041908264, "sender_entropy": 2.299778699874878, "receiver_entropy": 0.0, "original_loss": 1.0843240022659302, "mean_length": 6.0}
{"mode": "train", "epoch": 19, "loss": 0.9216558933258057, "acc": 0.015296803787350655, "acc_or": 0.3456050157546997, "sender_entropy": 2.299649715423584, "receiver_entropy": 0.0, "original_loss": 1.098006010055542, "mean_length": 6.0}
{"mode": "test", "epoch": 19, "loss": 1.022795557975769, "acc": 0.013698630034923553, "acc_or": 0.4726027250289917, "sender_entropy": 2.300034284591675, "receiver_entropy": 0.0, "original_loss": 1.082349419593811, "mean_length": 6.0}
{"mode": "train", "epoch": 20, "loss": 0.8747013807296753, "acc": 0.013242009095847607, "acc_or": 0.3474315106868744, "sender_entropy": 2.2999329566955566, "receiver_entropy": 0.0, "original_loss": 1.0976654291152954, "mean_length": 6.0}
{"mode": "test", "epoch": 20, "loss": 1.00536048412323, "acc": 0.027397260069847107, "acc_or": 0.40753424167633057, "sender_entropy": 2.3002185821533203, "receiver_entropy": 0.0, "original_loss": 1.0803167819976807, "mean_length": 6.0}
{"mode": "train", "epoch": 21, "loss": 0.8360562920570374, "acc": 0.015296803787350655, "acc_or": 0.35525113344192505, "sender_entropy": 2.300135374069214, "receiver_entropy": 0.0, "original_loss": 1.09706449508667, "mean_length": 6.0}
{"mode": "test", "epoch": 21, "loss": 1.0037912130355835, "acc": 0.054794520139694214, "acc_or": 0.4623287618160248, "sender_entropy": 2.3003408908843994, "receiver_entropy": 0.0, "original_loss": 1.0773252248764038, "mean_length": 6.0}
{"mode": "train", "epoch": 22, "loss": 0.7851064205169678, "acc": 0.012328767217695713, "acc_or": 0.36044520139694214, "sender_entropy": 2.300283432006836, "receiver_entropy": 0.0, "original_loss": 1.0977118015289307, "mean_length": 6.0}
{"mode": "test", "epoch": 22, "loss": 1.025482416152954, "acc": 0.027397260069847107, "acc_or": 0.4109588861465454, "sender_entropy": 2.3004086017608643, "receiver_entropy": 0.0, "original_loss": 1.0726318359375, "mean_length": 6.0}
{"mode": "train", "epoch": 23, "loss": 0.7595363259315491, "acc": 0.015068492852151394, "acc_or": 0.356221467256546, "sender_entropy": 2.3003625869750977, "receiver_entropy": 0.0, "original_loss": 1.0967435836791992, "mean_length": 6.0}
{"mode": "test", "epoch": 23, "loss": 1.0431469678878784, "acc": 0.054794520139694214, "acc_or": 0.482876718044281, "sender_entropy": 2.300447463989258, "receiver_entropy": 0.0, "original_loss": 1.0683244466781616, "mean_length": 6.0}
{"mode": "train", "epoch": 24, "loss": 0.7243818640708923, "acc": 0.0125570772215724, "acc_or": 0.3593607246875763, "sender_entropy": 2.3004281520843506, "receiver_entropy": 0.0, "original_loss": 1.096745252609253, "mean_length": 6.0}
{"mode": "test", "epoch": 24, "loss": 1.0425958633422852, "acc": 0.027397260069847107, "acc_or": 0.44863012433052063, "sender_entropy": 2.3004987239837646, "receiver_entropy": 0.0, "original_loss": 1.0657235383987427, "mean_length": 6.0}
{"mode": "train", "epoch": 25, "loss": 0.6796029806137085, "acc": 0.015068492852151394, "acc_or": 0.3547945022583008, "sender_entropy": 2.3004934787750244, "receiver_entropy": 0.0, "original_loss": 1.0976747274398804, "mean_length": 6.0}
{"mode": "test", "epoch": 25, "loss": 1.0507594347000122, "acc": 0.09589041024446487, "acc_or": 0.568493127822876, "sender_entropy": 2.300532341003418, "receiver_entropy": 0.0, "original_loss": 1.06265127658844, "mean_length": 6.0}
{"mode": "train", "epoch": 26, "loss": 0.6664779186248779, "acc": 0.014840182848274708, "acc_or": 0.3530251085758209, "sender_entropy": 2.3005599975585938, "receiver_entropy": 0.0, "original_loss": 1.0964123010635376, "mean_length": 6.0}
{"mode": "test", "epoch": 26, "loss": 1.0565446615219116, "acc": 0.04109589010477066, "acc_or": 0.49657532572746277, "sender_entropy": 2.300579071044922, "receiver_entropy": 0.0, "original_loss": 1.0598894357681274, "mean_length": 6.0}
{"mode": "train", "epoch": 27, "loss": 0.6421436667442322, "acc": 0.0125570772215724, "acc_or": 0.35810500383377075, "sender_entropy": 2.30063533782959, "receiver_entropy": 0.0, "original_loss": 1.096125841140747, "mean_length": 6.0}
{"mode": "test", "epoch": 27, "loss": 1.0541653633117676, "acc": 0.027397260069847107, "acc_or": 0.49657532572746277, "sender_entropy": 2.3006410598754883, "receiver_entropy": 0.0, "original_loss": 1.0579642057418823, "mean_length": 6.0}
{"mode": "train", "epoch": 28, "loss": 0.6074157953262329, "acc": 0.015981735661625862, "acc_or": 0.35742008686065674, "sender_entropy": 2.3007185459136963, "receiver_entropy": 0.0, "original_loss": 1.0968295335769653, "mean_length": 6.0}
{"mode": "test", "epoch": 28, "loss": 1.055685043334961, "acc": 0.04109589010477066, "acc_or": 0.48630136251449585, "sender_entropy": 2.300722122192383, "receiver_entropy": 0.0, "original_loss": 1.0560251474380493, "mean_length": 6.0}
{"mode": "train", "epoch": 29, "loss": 0.5938555002212524, "acc": 0.013242009095847607, "acc_or": 0.36364156007766724, "sender_entropy": 2.3008086681365967, "receiver_entropy": 0.0, "original_loss": 1.096019983291626, "mean_length": 6.0}
{"mode": "test", "epoch": 29, "loss": 1.044903039932251, "acc": 0.04109589010477066, "acc_or": 0.5273972749710083, "sender_entropy": 2.3008010387420654, "receiver_entropy": 0.0, "original_loss": 1.0552107095718384, "mean_length": 6.0}
{"mode": "train", "epoch": 30, "loss": 0.57379549741745, "acc": 0.016438355669379234, "acc_or": 0.3622716963291168, "sender_entropy": 2.300891637802124, "receiver_entropy": 0.0, "original_loss": 1.0958330631256104, "mean_length": 6.0}
{"mode": "test", "epoch": 30, "loss": 1.0412583351135254, "acc": 0.04109589010477066, "acc_or": 0.5410959124565125, "sender_entropy": 2.3008718490600586, "receiver_entropy": 0.0, "original_loss": 1.054016351699829, "mean_length": 6.0}
{"mode": "train", "epoch": 31, "loss": 0.5470234751701355, "acc": 0.015068492852151394, "acc_or": 0.36078765988349915, "sender_entropy": 2.300949811935425, "receiver_entropy": 0.0, "original_loss": 1.0962759256362915, "mean_length": 6.0}
{"mode": "test", "epoch": 31, "loss": 1.05141019821167, "acc": 0.08219178020954132, "acc_or": 0.5410959124565125, "sender_entropy": 2.300905704498291, "receiver_entropy": 0.0, "original_loss": 1.0517423152923584, "mean_length": 6.0}
{"mode": "train", "epoch": 32, "loss": 0.530816912651062, "acc": 0.01392694003880024, "acc_or": 0.36329907178878784, "sender_entropy": 2.3009750843048096, "receiver_entropy": 0.0, "original_loss": 1.0960103273391724, "mean_length": 6.0}
{"mode": "test", "epoch": 32, "loss": 1.0579726696014404, "acc": 0.04109589010477066, "acc_or": 0.5068492889404297, "sender_entropy": 2.300917148590088, "receiver_entropy": 0.0, "original_loss": 1.0497633218765259, "mean_length": 6.0}
{"mode": "train", "epoch": 33, "loss": 0.5182890295982361, "acc": 0.013470319099724293, "acc_or": 0.3590182662010193, "sender_entropy": 2.3009700775146484, "receiver_entropy": 0.0, "original_loss": 1.09555983543396, "mean_length": 6.0}
{"mode": "test", "epoch": 33, "loss": 1.0554181337356567, "acc": 0.04109589010477066, "acc_or": 0.5034246444702148, "sender_entropy": 2.3009159564971924, "receiver_entropy": 0.0, "original_loss": 1.0485682487487793, "mean_length": 6.0}
{"mode": "train", "epoch": 34, "loss": 0.5028603076934814, "acc": 0.013013698160648346, "acc_or": 0.35947486758232117, "sender_entropy": 2.3009374141693115, "receiver_entropy": 0.0, "original_loss": 1.0953887701034546, "mean_length": 6.0}
{"mode": "test", "epoch": 34, "loss": 1.0558534860610962, "acc": 0.04109589010477066, "acc_or": 0.5205479264259338, "sender_entropy": 2.3008694648742676, "receiver_entropy": 0.0, "original_loss": 1.0471972227096558, "mean_length": 6.0}
{"mode": "train", "epoch": 35, "loss": 0.4820075035095215, "acc": 0.016210045665502548, "acc_or": 0.36181506514549255, "sender_entropy": 2.3008761405944824, "receiver_entropy": 0.0, "original_loss": 1.0957129001617432, "mean_length": 6.0}
{"mode": "test", "epoch": 35, "loss": 1.087951898574829, "acc": 0.054794520139694214, "acc_or": 0.5479452013969421, "sender_entropy": 2.300788640975952, "receiver_entropy": 0.0, "original_loss": 1.0433679819107056, "mean_length": 6.0}
{"mode": "train", "epoch": 36, "loss": 0.47353142499923706, "acc": 0.01780821941792965, "acc_or": 0.36466893553733826, "sender_entropy": 2.3007893562316895, "receiver_entropy": 0.0, "original_loss": 1.0951546430587769, "mean_length": 6.0}
{"mode": "test", "epoch": 36, "loss": 1.1309540271759033, "acc": 0.09589041024446487, "acc_or": 0.5821917653083801, "sender_entropy": 2.30068039894104, "receiver_entropy": 0.0, "original_loss": 1.0387011766433716, "mean_length": 6.0}
{"mode": "train", "epoch": 37, "loss": 0.45193058252334595, "acc": 0.017579907551407814, "acc_or": 0.36164382100105286, "sender_entropy": 2.3006656169891357, "receiver_entropy": 0.0, "original_loss": 1.0956984758377075, "mean_length": 6.0}
{"mode": "test", "epoch": 37, "loss": 1.167429804801941, "acc": 0.09589041024446487, "acc_or": 0.585616409778595, "sender_entropy": 2.3005435466766357, "receiver_entropy": 0.0, "original_loss": 1.034538984298706, "mean_length": 6.0}
{"mode": "train", "epoch": 38, "loss": 0.45165401697158813, "acc": 0.019863013178110123, "acc_or": 0.36718034744262695, "sender_entropy": 2.3005144596099854, "receiver_entropy": 0.0, "original_loss": 1.094603419303894, "mean_length": 6.0}
{"mode": "test", "epoch": 38, "loss": 1.1682100296020508, "acc": 0.06849315017461777, "acc_or": 0.5547944903373718, "sender_entropy": 2.3003594875335693, "receiver_entropy": 0.0, "original_loss": 1.0332154035568237, "mean_length": 6.0}
{"mode": "train", "epoch": 39, "loss": 0.4371098279953003, "acc": 0.01552511379122734, "acc_or": 0.3681506812572479, "sender_entropy": 2.3003203868865967, "receiver_entropy": 0.0, "original_loss": 1.09468674659729, "mean_length": 6.0}
{"mode": "test", "epoch": 39, "loss": 1.1860753297805786, "acc": 0.06849315017461777, "acc_or": 0.5616438388824463, "sender_entropy": 2.3001272678375244, "receiver_entropy": 0.0, "original_loss": 1.0304490327835083, "mean_length": 6.0}
{"mode": "train", "epoch": 40, "loss": 0.4225640892982483, "acc": 0.01666666567325592, "acc_or": 0.3627282977104187, "sender_entropy": 2.300076723098755, "receiver_entropy": 0.0, "original_loss": 1.0948072671890259, "mean_length": 6.0}
{"mode": "test", "epoch": 40, "loss": 1.2063407897949219, "acc": 0.06849315017461777, "acc_or": 0.5719178318977356, "sender_entropy": 2.299838066101074, "receiver_entropy": 0.0, "original_loss": 1.0275077819824219, "mean_length": 6.0}
{"mode": "train", "epoch": 41, "loss": 0.41833794116973877, "acc": 0.01552511379122734, "acc_or": 0.3667808175086975, "sender_entropy": 2.299771308898926, "receiver_entropy": 0.0, "original_loss": 1.0941542387008667, "mean_length": 6.0}
{"mode": "test", "epoch": 41, "loss": 1.2426735162734985, "acc": 0.06849315017461777, "acc_or": 0.5821917653083801, "sender_entropy": 2.2994773387908936, "receiver_entropy": 0.0, "original_loss": 1.023197054862976, "mean_length": 6.0}
{"mode": "train", "epoch": 42, "loss": 0.41078686714172363, "acc": 0.015981735661625862, "acc_or": 0.36820775270462036, "sender_entropy": 2.2993950843811035, "receiver_entropy": 0.0, "original_loss": 1.0938242673873901, "mean_length": 6.0}
{"mode": "test", "epoch": 42, "loss": 1.271275520324707, "acc": 0.06849315017461777, "acc_or": 0.5993150472640991, "sender_entropy": 2.299042224884033, "receiver_entropy": 0.0, "original_loss": 1.01945960521698, "mean_length": 6.0}
{"mode": "train", "epoch": 43, "loss": 0.4101819396018982, "acc": 0.02054794505238533, "acc_or": 0.371347039937973, "sender_entropy": 2.2989416122436523, "receiver_entropy": 0.0, "original_loss": 1.0929335355758667, "mean_length": 6.0}
{"mode": "test", "epoch": 43, "loss": 1.2861981391906738, "acc": 0.054794520139694214, "acc_or": 0.5924657583236694, "sender_entropy": 2.298501491546631, "receiver_entropy": 0.0, "original_loss": 1.016741394996643, "mean_length": 6.0}
{"mode": "train", "epoch": 44, "loss": 0.4078977108001709, "acc": 0.021232876926660538, "acc_or": 0.3751712143421173, "sender_entropy": 2.29838228225708, "receiver_entropy": 0.0, "original_loss": 1.0922067165374756, "mean_length": 6.0}
{"mode": "test", "epoch": 44, "loss": 1.3144429922103882, "acc": 0.06849315017461777, "acc_or": 0.568493127822876, "sender_entropy": 2.29782772064209, "receiver_entropy": 0.0, "original_loss": 1.0128252506256104, "mean_length": 6.0}
{"mode": "train", "epoch": 45, "loss": 0.3985722064971924, "acc": 0.017351597547531128, "acc_or": 0.37003424763679504, "sender_entropy": 2.2976813316345215, "receiver_entropy": 0.0, "original_loss": 1.0920706987380981, "mean_length": 6.0}
{"mode": "test", "epoch": 45, "loss": 1.340280294418335, "acc": 0.04109589010477066, "acc_or": 0.5410959124565125, "sender_entropy": 2.2970025539398193, "receiver_entropy": 0.0, "original_loss": 1.0089688301086426, "mean_length": 6.0}
{"mode": "train", "epoch": 46, "loss": 0.3942498564720154, "acc": 0.01552511379122734, "acc_or": 0.37323057651519775, "sender_entropy": 2.296811103820801, "receiver_entropy": 0.0, "original_loss": 1.0915230512619019, "mean_length": 6.0}
{"mode": "test", "epoch": 46, "loss": 1.3636558055877686, "acc": 0.054794520139694214, "acc_or": 0.5616438388824463, "sender_entropy": 2.2959482669830322, "receiver_entropy": 0.0, "original_loss": 1.0051361322402954, "mean_length": 6.0}
{"mode": "train", "epoch": 47, "loss": 0.396620512008667, "acc": 0.01780821941792965, "acc_or": 0.3785388171672821, "sender_entropy": 2.2957229614257812, "receiver_entropy": 0.0, "original_loss": 1.0905206203460693, "mean_length": 6.0}
{"mode": "test", "epoch": 47, "loss": 1.3920453786849976, "acc": 0.054794520139694214, "acc_or": 0.5719178318977356, "sender_entropy": 2.294677734375, "receiver_entropy": 0.0, "original_loss": 1.0007257461547852, "mean_length": 6.0}
{"mode": "train", "epoch": 48, "loss": 0.4028801918029785, "acc": 0.02009132318198681, "acc_or": 0.3821917772293091, "sender_entropy": 2.294415235519409, "receiver_entropy": 0.0, "original_loss": 1.089171051979065, "mean_length": 6.0}
{"mode": "test", "epoch": 48, "loss": 1.4198415279388428, "acc": 0.04109589010477066, "acc_or": 0.5753424763679504, "sender_entropy": 2.2931573390960693, "receiver_entropy": 0.0, "original_loss": 0.996227502822876, "mean_length": 6.0}
{"mode": "train", "epoch": 49, "loss": 0.4151073694229126, "acc": 0.019178081303834915, "acc_or": 0.3875570595264435, "sender_entropy": 2.292848825454712, "receiver_entropy": 0.0, "original_loss": 1.0873135328292847, "mean_length": 6.0}
{"mode": "test", "epoch": 49, "loss": 1.4535119533538818, "acc": 0.04109589010477066, "acc_or": 0.5821917653083801, "sender_entropy": 2.2912399768829346, "receiver_entropy": 0.0, "original_loss": 0.9908922910690308, "mean_length": 6.0}
{"mode": "train", "epoch": 50, "loss": 0.4227306842803955, "acc": 0.023515980690717697, "acc_or": 0.3904109597206116, "sender_entropy": 2.2908570766448975, "receiver_entropy": 0.0, "original_loss": 1.0857044458389282, "mean_length": 6.0}
{"mode": "test", "epoch": 50, "loss": 1.4952819347381592, "acc": 0.04109589010477066, "acc_or": 0.5753424763679504, "sender_entropy": 2.288564682006836, "receiver_entropy": 0.0, "original_loss": 0.984250545501709, "mean_length": 6.0}
{"mode": "train", "epoch": 51, "loss": 0.45250600576400757, "acc": 0.02168949693441391, "acc_or": 0.3990296721458435, "sender_entropy": 2.28810977935791, "receiver_entropy": 0.0, "original_loss": 1.082482099533081, "mean_length": 6.0}
{"mode": "test", "epoch": 51, "loss": 1.523671269416809, "acc": 0.027397260069847107, "acc_or": 0.5650684833526611, "sender_entropy": 2.285362482070923, "receiver_entropy": 0.0, "original_loss": 0.9785614013671875, "mean_length": 6.0}
{"mode": "train", "epoch": 52, "loss": 0.47942066192626953, "acc": 0.029223743826150894, "acc_or": 0.4077625572681427, "sender_entropy": 2.284813642501831, "receiver_entropy": 0.0, "original_loss": 1.0792349576950073, "mean_length": 6.0}
{"mode": "test", "epoch": 52, "loss": 1.5317074060440063, "acc": 0.027397260069847107, "acc_or": 0.5650684833526611, "sender_entropy": 2.281379222869873, "receiver_entropy": 0.0, "original_loss": 0.9741768836975098, "mean_length": 6.0}
{"mode": "train", "epoch": 53, "loss": 0.4993070960044861, "acc": 0.026255708187818527, "acc_or": 0.41050228476524353, "sender_entropy": 2.2806990146636963, "receiver_entropy": 0.0, "original_loss": 1.0764384269714355, "mean_length": 6.0}
{"mode": "test", "epoch": 53, "loss": 1.5545709133148193, "acc": 0.027397260069847107, "acc_or": 0.5582191944122314, "sender_entropy": 2.2765746116638184, "receiver_entropy": 0.0, "original_loss": 0.9682764410972595, "mean_length": 6.0}
{"mode": "train", "epoch": 54, "loss": 0.5421385169029236, "acc": 0.03287671133875847, "acc_or": 0.42294520139694214, "sender_entropy": 2.275705575942993, "receiver_entropy": 0.0, "original_loss": 1.071738362312317, "mean_length": 6.0}
{"mode": "test", "epoch": 54, "loss": 1.5736336708068848, "acc": 0.027397260069847107, "acc_or": 0.5445205569267273, "sender_entropy": 2.2709708213806152, "receiver_entropy": 0.0, "original_loss": 0.9623051285743713, "mean_length": 6.0}
{"mode": "train", "epoch": 55, "loss": 0.6041432619094849, "acc": 0.027397260069847107, "acc_or": 0.4288812577724457, "sender_entropy": 2.2698113918304443, "receiver_entropy": 0.0, "original_loss": 1.0652822256088257, "mean_length": 6.0}
{"mode": "test", "epoch": 55, "loss": 1.5347797870635986, "acc": 0.027397260069847107, "acc_or": 0.5445205569267273, "sender_entropy": 2.2637107372283936, "receiver_entropy": 0.0, "original_loss": 0.9607420563697815, "mean_length": 6.0}
{"mode": "train", "epoch": 56, "loss": 0.6653090119361877, "acc": 0.03287671133875847, "acc_or": 0.44041094183921814, "sender_entropy": 2.2621419429779053, "receiver_entropy": 0.0, "original_loss": 1.0584557056427002, "mean_length": 6.0}
{"mode": "test", "epoch": 56, "loss": 1.4962754249572754, "acc": 0.027397260069847107, "acc_or": 0.5445205569267273, "sender_entropy": 2.2550716400146484, "receiver_entropy": 0.0, "original_loss": 0.9583023190498352, "mean_length": 6.0}
{"mode": "train", "epoch": 57, "loss": 0.7668652534484863, "acc": 0.03264839947223663, "acc_or": 0.44566208124160767, "sender_entropy": 2.252817153930664, "receiver_entropy": 0.0, "original_loss": 1.0482617616653442, "mean_length": 6.0}
{"mode": "test", "epoch": 57, "loss": 1.4292008876800537, "acc": 0.027397260069847107, "acc_or": 0.5479452013969421, "sender_entropy": 2.245553731918335, "receiver_entropy": 0.0, "original_loss": 0.959023118019104, "mean_length": 6.0}
{"mode": "train", "epoch": 58, "loss": 0.842038631439209, "acc": 0.033105023205280304, "acc_or": 0.45707762241363525, "sender_entropy": 2.2423501014709473, "receiver_entropy": 0.0, "original_loss": 1.0392614603042603, "mean_length": 6.0}
{"mode": "test", "epoch": 58, "loss": 1.3672987222671509, "acc": 0.027397260069847107, "acc_or": 0.5479452013969421, "sender_entropy": 2.2356252670288086, "receiver_entropy": 0.0, "original_loss": 0.9598158597946167, "mean_length": 6.0}
{"mode": "train", "epoch": 59, "loss": 0.9147567749023438, "acc": 0.03538812696933746, "acc_or": 0.4575342535972595, "sender_entropy": 2.2313108444213867, "receiver_entropy": 0.0, "original_loss": 1.0301851034164429, "mean_length": 6.0}
{"mode": "test", "epoch": 59, "loss": 1.3535555601119995, "acc": 0.027397260069847107, "acc_or": 0.534246563911438, "sender_entropy": 2.2267608642578125, "receiver_entropy": 0.0, "original_loss": 0.9565718173980713, "mean_length": 6.0}
{"mode": "train", "epoch": 60, "loss": 0.9693903923034668, "acc": 0.04155251011252403, "acc_or": 0.468436062335968, "sender_entropy": 2.22109055519104, "receiver_entropy": 0.0, "original_loss": 1.0227786302566528, "mean_length": 6.0}
{"mode": "test", "epoch": 60, "loss": 1.2801268100738525, "acc": 0.027397260069847107, "acc_or": 0.5376712083816528, "sender_entropy": 2.214362621307373, "receiver_entropy": 0.0, "original_loss": 0.9593484997749329, "mean_length": 6.0}
{"mode": "train", "epoch": 61, "loss": 1.0792354345321655, "acc": 0.03767123073339462, "acc_or": 0.47591322660446167, "sender_entropy": 2.2068498134613037, "receiver_entropy": 0.0, "original_loss": 1.0101039409637451, "mean_length": 6.0}
{"mode": "test", "epoch": 61, "loss": 1.301811933517456, "acc": 0.027397260069847107, "acc_or": 0.5410959124565125, "sender_entropy": 2.208942413330078, "receiver_entropy": 0.0, "original_loss": 0.9540699124336243, "mean_length": 6.0}
{"mode": "train", "epoch": 62, "loss": 1.1222026348114014, "acc": 0.04178082197904587, "acc_or": 0.4863584339618683, "sender_entropy": 2.2002904415130615, "receiver_entropy": 0.0, "original_loss": 1.0042606592178345, "mean_length": 6.0}
{"mode": "test", "epoch": 62, "loss": 1.5703943967819214, "acc": 0.04109589010477066, "acc_or": 0.5821917653083801, "sender_entropy": 2.2138419151306152, "receiver_entropy": 0.0, "original_loss": 0.929031491279602, "mean_length": 6.0}
{"mode": "train", "epoch": 63, "loss": 1.048309087753296, "acc": 0.03926940634846687, "acc_or": 0.4831621050834656, "sender_entropy": 2.20503306388855, "receiver_entropy": 0.0, "original_loss": 1.0087848901748657, "mean_length": 6.0}
{"mode": "test", "epoch": 63, "loss": 1.6075985431671143, "acc": 0.04109589010477066, "acc_or": 0.5753424763679504, "sender_entropy": 2.2134311199188232, "receiver_entropy": 0.0, "original_loss": 0.9240301251411438, "mean_length": 6.0}
{"mode": "train", "epoch": 64, "loss": 1.0492212772369385, "acc": 0.03904109448194504, "acc_or": 0.4865867495536804, "sender_entropy": 2.203862428665161, "receiver_entropy": 0.0, "original_loss": 1.0075911283493042, "mean_length": 6.0}
{"mode": "test", "epoch": 64, "loss": 1.8099987506866455, "acc": 0.027397260069847107, "acc_or": 0.5787671208381653, "sender_entropy": 2.211188554763794, "receiver_entropy": 0.0, "original_loss": 0.9036998152732849, "mean_length": 6.0}
{"mode": "train", "epoch": 65, "loss": 1.0132861137390137, "acc": 0.03904109448194504, "acc_or": 0.4850456416606903, "sender_entropy": 2.199964761734009, "receiver_entropy": 0.0, "original_loss": 1.0073763132095337, "mean_length": 6.0}
{"mode": "test", "epoch": 65, "loss": 1.8333511352539062, "acc": 0.04109589010477066, "acc_or": 0.585616409778595, "sender_entropy": 2.2001311779022217, "receiver_entropy": 0.0, "original_loss": 0.895446240901947, "mean_length": 6.0}
{"mode": "train", "epoch": 66, "loss": 1.156319499015808, "acc": 0.04041095823049545, "acc_or": 0.49303650856018066, "sender_entropy": 2.1853485107421875, "receiver_entropy": 0.0, "original_loss": 0.9933910369873047, "mean_length": 6.0}
{"mode": "test", "epoch": 66, "loss": 1.9206699132919312, "acc": 0.04109589010477066, "acc_or": 0.5890411138534546, "sender_entropy": 2.1919655799865723, "receiver_entropy": 0.0, "original_loss": 0.881576418876648, "mean_length": 6.0}
{"mode": "train", "epoch": 67, "loss": 1.264627456665039, "acc": 0.05045662075281143, "acc_or": 0.5048515796661377, "sender_entropy": 2.1739892959594727, "receiver_entropy": 0.0, "original_loss": 0.9830526113510132, "mean_length": 6.0}
{"mode": "test", "epoch": 67, "loss": 2.125896453857422, "acc": 0.027397260069847107, "acc_or": 0.5821917653083801, "sender_entropy": 2.199434757232666, "receiver_entropy": 0.0, "original_loss": 0.8634085655212402, "mean_length": 6.0}
{"mode": "train", "epoch": 68, "loss": 1.2297013998031616, "acc": 0.051369860768318176, "acc_or": 0.5027967691421509, "sender_entropy": 2.18137788772583, "receiver_entropy": 0.0, "original_loss": 0.9842677116394043, "mean_length": 6.0}
{"mode": "test", "epoch": 68, "loss": 2.242121696472168, "acc": 0.08219178020954132, "acc_or": 0.5958904027938843, "sender_entropy": 2.2025821208953857, "receiver_entropy": 0.0, "original_loss": 0.8535830974578857, "mean_length": 6.0}
{"mode": "train", "epoch": 69, "loss": 1.2400944232940674, "acc": 0.05045662075281143, "acc_or": 0.5058218836784363, "sender_entropy": 2.186478853225708, "receiver_entropy": 0.0, "original_loss": 0.982363760471344, "mean_length": 6.0}
{"mode": "test", "epoch": 69, "loss": 2.308967113494873, "acc": 0.09589041024446487, "acc_or": 0.5958904027938843, "sender_entropy": 2.2028448581695557, "receiver_entropy": 0.0, "original_loss": 0.8463047742843628, "mean_length": 6.0}
{"mode": "train", "epoch": 70, "loss": 1.2345770597457886, "acc": 0.05045662075281143, "acc_or": 0.5091323852539062, "sender_entropy": 2.185586452484131, "receiver_entropy": 0.0, "original_loss": 0.9813886880874634, "mean_length": 6.0}
{"mode": "test", "epoch": 70, "loss": 2.292341947555542, "acc": 0.08219178020954132, "acc_or": 0.5958904027938843, "sender_entropy": 2.2010059356689453, "receiver_entropy": 0.0, "original_loss": 0.8443658947944641, "mean_length": 6.0}
{"mode": "train", "epoch": 71, "loss": 1.2633213996887207, "acc": 0.051369860768318176, "acc_or": 0.5089040994644165, "sender_entropy": 2.1831047534942627, "receiver_entropy": 0.0, "original_loss": 0.9770295023918152, "mean_length": 6.0}
{"mode": "test", "epoch": 71, "loss": 2.352950096130371, "acc": 0.08219178020954132, "acc_or": 0.6061643958091736, "sender_entropy": 2.2005319595336914, "receiver_entropy": 0.0, "original_loss": 0.8357295393943787, "mean_length": 6.0}
{"mode": "train", "epoch": 72, "loss": 1.3085006475448608, "acc": 0.05776255577802658, "acc_or": 0.5128424763679504, "sender_entropy": 2.1813321113586426, "receiver_entropy": 0.0, "original_loss": 0.9702074527740479, "mean_length": 6.0}
{"mode": "test", "epoch": 72, "loss": 2.3604812622070312, "acc": 0.08219178020954132, "acc_or": 0.5890411138534546, "sender_entropy": 2.1942758560180664, "receiver_entropy": 0.0, "original_loss": 0.829535722732544, "mean_length": 6.0}
{"mode": "train", "epoch": 73, "loss": 1.3096096515655518, "acc": 0.055251140147447586, "acc_or": 0.516438364982605, "sender_entropy": 2.1709110736846924, "receiver_entropy": 0.0, "original_loss": 0.967711865901947, "mean_length": 6.0}
{"mode": "test", "epoch": 73, "loss": 2.3398613929748535, "acc": 0.08219178020954132, "acc_or": 0.5958904027938843, "sender_entropy": 2.18574857711792, "receiver_entropy": 0.0, "original_loss": 0.8236259818077087, "mean_length": 6.0}
{"mode": "train", "epoch": 74, "loss": 1.4748759269714355, "acc": 0.057990867644548416, "acc_or": 0.526940643787384, "sender_entropy": 2.158811330795288, "receiver_entropy": 0.0, "original_loss": 0.9498929381370544, "mean_length": 6.0}
{"mode": "test", "epoch": 74, "loss": 2.324751615524292, "acc": 0.09589041024446487, "acc_or": 0.6198630332946777, "sender_entropy": 2.1790971755981445, "receiver_entropy": 0.0, "original_loss": 0.8189456462860107, "mean_length": 6.0}
{"mode": "train", "epoch": 75, "loss": 1.536240816116333, "acc": 0.06164383515715599, "acc_or": 0.5299657583236694, "sender_entropy": 2.1494596004486084, "receiver_entropy": 0.0, "original_loss": 0.9415306448936462, "mean_length": 6.0}
{"mode": "test", "epoch": 75, "loss": 2.277228355407715, "acc": 0.09589041024446487, "acc_or": 0.6164383292198181, "sender_entropy": 2.171111583709717, "receiver_entropy": 0.0, "original_loss": 0.8178905844688416, "mean_length": 6.0}
{"mode": "train", "epoch": 76, "loss": 1.577338695526123, "acc": 0.06278538703918457, "acc_or": 0.5360159873962402, "sender_entropy": 2.1397249698638916, "receiver_entropy": 0.0, "original_loss": 0.9337958693504333, "mean_length": 6.0}
{"mode": "test", "epoch": 76, "loss": 2.246274471282959, "acc": 0.09589041024446487, "acc_or": 0.6301369667053223, "sender_entropy": 2.1603996753692627, "receiver_entropy": 0.0, "original_loss": 0.8141290545463562, "mean_length": 6.0}
{"mode": "train", "epoch": 77, "loss": 1.6666451692581177, "acc": 0.07009132206439972, "acc_or": 0.5449771881103516, "sender_entropy": 2.1273906230926514, "receiver_entropy": 0.0, "original_loss": 0.9218041896820068, "mean_length": 6.0}
{"mode": "test", "epoch": 77, "loss": 2.1493167877197266, "acc": 0.08219178020954132, "acc_or": 0.6198630332946777, "sender_entropy": 2.151085376739502, "receiver_entropy": 0.0, "original_loss": 0.8171117305755615, "mean_length": 6.0}
{"mode": "train", "epoch": 78, "loss": 1.7338323593139648, "acc": 0.07511415332555771, "acc_or": 0.5512557029724121, "sender_entropy": 2.113459348678589, "receiver_entropy": 0.0, "original_loss": 0.9127362370491028, "mean_length": 6.0}
{"mode": "test", "epoch": 78, "loss": 2.1438212394714355, "acc": 0.09589041024446487, "acc_or": 0.6301369667053223, "sender_entropy": 2.1480460166931152, "receiver_entropy": 0.0, "original_loss": 0.8150827884674072, "mean_length": 6.0}
{"mode": "train", "epoch": 79, "loss": 1.7186038494110107, "acc": 0.07328767329454422, "acc_or": 0.5542237162590027, "sender_entropy": 2.107196569442749, "receiver_entropy": 0.0, "original_loss": 0.9100739359855652, "mean_length": 6.0}
{"mode": "test", "epoch": 79, "loss": 2.097236156463623, "acc": 0.06849315017461777, "acc_or": 0.6130136847496033, "sender_entropy": 2.1449649333953857, "receiver_entropy": 0.0, "original_loss": 0.8160161375999451, "mean_length": 6.0}
{"mode": "train", "epoch": 80, "loss": 1.7941216230392456, "acc": 0.07351598143577576, "acc_or": 0.5559360384941101, "sender_entropy": 2.099593162536621, "receiver_entropy": 0.0, "original_loss": 0.9003173112869263, "mean_length": 6.0}
{"mode": "test", "epoch": 80, "loss": 2.225015640258789, "acc": 0.06849315017461777, "acc_or": 0.6198630332946777, "sender_entropy": 2.1481456756591797, "receiver_entropy": 0.0, "original_loss": 0.80311119556427, "mean_length": 6.0}
{"mode": "train", "epoch": 81, "loss": 1.7734285593032837, "acc": 0.08173515647649765, "acc_or": 0.5579908490180969, "sender_entropy": 2.1047232151031494, "receiver_entropy": 0.0, "original_loss": 0.9008803367614746, "mean_length": 6.0}
{"mode": "test", "epoch": 81, "loss": 2.355832099914551, "acc": 0.06849315017461777, "acc_or": 0.6404109597206116, "sender_entropy": 2.147617816925049, "receiver_entropy": 0.0, "original_loss": 0.7889410853385925, "mean_length": 6.0}
{"mode": "train", "epoch": 82, "loss": 1.810511827468872, "acc": 0.07557077705860138, "acc_or": 0.5580479502677917, "sender_entropy": 2.1019911766052246, "receiver_entropy": 0.0, "original_loss": 0.8943528532981873, "mean_length": 6.0}
{"mode": "test", "epoch": 82, "loss": 2.3045883178710938, "acc": 0.08219178020954132, "acc_or": 0.6438356041908264, "sender_entropy": 2.1382479667663574, "receiver_entropy": 0.0, "original_loss": 0.7893952131271362, "mean_length": 6.0}
{"mode": "train", "epoch": 83, "loss": 1.9124879837036133, "acc": 0.07990867644548416, "acc_or": 0.567808210849762, "sender_entropy": 2.0879647731781006, "receiver_entropy": 0.0, "original_loss": 0.8847987651824951, "mean_length": 6.0}
{"mode": "test", "epoch": 83, "loss": 2.442392349243164, "acc": 0.13698630034923553, "acc_or": 0.6575342416763306, "sender_entropy": 2.129863739013672, "receiver_entropy": 0.0, "original_loss": 0.7694154977798462, "mean_length": 6.0}
{"mode": "train", "epoch": 84, "loss": 1.9468939304351807, "acc": 0.07602739334106445, "acc_or": 0.5650684833526611, "sender_entropy": 2.082303285598755, "receiver_entropy": 0.0, "original_loss": 0.8787135481834412, "mean_length": 6.0}
{"mode": "test", "epoch": 84, "loss": 2.6471214294433594, "acc": 0.10958904027938843, "acc_or": 0.6472602486610413, "sender_entropy": 2.124342918395996, "receiver_entropy": 0.0, "original_loss": 0.7472796440124512, "mean_length": 6.0}
{"mode": "train", "epoch": 85, "loss": 2.037707805633545, "acc": 0.08150684833526611, "acc_or": 0.573630154132843, "sender_entropy": 2.074130058288574, "receiver_entropy": 0.0, "original_loss": 0.8678918480873108, "mean_length": 6.0}
{"mode": "test", "epoch": 85, "loss": 2.7559022903442383, "acc": 0.09589041024446487, "acc_or": 0.6506849527359009, "sender_entropy": 2.1186492443084717, "receiver_entropy": 0.0, "original_loss": 0.7309923768043518, "mean_length": 6.0}
{"mode": "train", "epoch": 86, "loss": 2.1398744583129883, "acc": 0.08675798773765564, "acc_or": 0.5817351341247559, "sender_entropy": 2.064464569091797, "receiver_entropy": 0.0, "original_loss": 0.8556517958641052, "mean_length": 6.0}
{"mode": "test", "epoch": 86, "loss": 2.879257917404175, "acc": 0.13698630034923553, "acc_or": 0.6678082346916199, "sender_entropy": 2.1119279861450195, "receiver_entropy": 0.0, "original_loss": 0.7110937237739563, "mean_length": 6.0}
{"mode": "train", "epoch": 87, "loss": 2.184906005859375, "acc": 0.08721461147069931, "acc_or": 0.5820205211639404, "sender_entropy": 2.052107810974121, "receiver_entropy": 0.0, "original_loss": 0.8489949703216553, "mean_length": 6.0}
{"mode": "test", "epoch": 87, "loss": 3.0236096382141113, "acc": 0.16438356041908264, "acc_or": 0.6849315166473389, "sender_entropy": 2.1132636070251465, "receiver_entropy": 0.0, "original_loss": 0.6939926147460938, "mean_length": 6.0}
{"mode": "train", "epoch": 88, "loss": 2.2442193031311035, "acc": 0.09315068274736404, "acc_or": 0.5869863033294678, "sender_entropy": 2.052861452102661, "receiver_entropy": 0.0, "original_loss": 0.8406202793121338, "mean_length": 6.0}
{"mode": "test", "epoch": 88, "loss": 2.978206157684326, "acc": 0.16438356041908264, "acc_or": 0.6746575236320496, "sender_entropy": 2.1143455505371094, "receiver_entropy": 0.0, "original_loss": 0.6977558732032776, "mean_length": 6.0}
{"mode": "train", "epoch": 89, "loss": 2.256854772567749, "acc": 0.08881278336048126, "acc_or": 0.5877283215522766, "sender_entropy": 2.048449754714966, "receiver_entropy": 0.0, "original_loss": 0.8371075987815857, "mean_length": 6.0}
{"mode": "test", "epoch": 89, "loss": 2.995378255844116, "acc": 0.13698630034923553, "acc_or": 0.6780821681022644, "sender_entropy": 2.1146240234375, "receiver_entropy": 0.0, "original_loss": 0.6925978064537048, "mean_length": 6.0}
{"mode": "train", "epoch": 90, "loss": 2.339350938796997, "acc": 0.1043379008769989, "acc_or": 0.599429190158844, "sender_entropy": 2.052410364151001, "receiver_entropy": 0.0, "original_loss": 0.8265885710716248, "mean_length": 6.0}
{"mode": "test", "epoch": 90, "loss": 3.102041482925415, "acc": 0.19178082048892975, "acc_or": 0.7054794430732727, "sender_entropy": 2.1051084995269775, "receiver_entropy": 0.0, "original_loss": 0.6732581257820129, "mean_length": 6.0}
{"mode": "train", "epoch": 91, "loss": 2.3987679481506348, "acc": 0.10319634526968002, "acc_or": 0.6026255488395691, "sender_entropy": 2.0456275939941406, "receiver_entropy": 0.0, "original_loss": 0.817186713218689, "mean_length": 6.0}
{"mode": "test", "epoch": 91, "loss": 3.115769386291504, "acc": 0.21917808055877686, "acc_or": 0.7226027250289917, "sender_entropy": 2.0873072147369385, "receiver_entropy": 0.0, "original_loss": 0.6597248315811157, "mean_length": 6.0}
{"mode": "train", "epoch": 92, "loss": 2.5293526649475098, "acc": 0.11050228029489517, "acc_or": 0.6115296483039856, "sender_entropy": 2.0240166187286377, "receiver_entropy": 0.0, "original_loss": 0.800912618637085, "mean_length": 6.0}
{"mode": "test", "epoch": 92, "loss": 3.153278350830078, "acc": 0.2054794430732727, "acc_or": 0.7123287916183472, "sender_entropy": 2.0722875595092773, "receiver_entropy": 0.0, "original_loss": 0.6446319818496704, "mean_length": 6.0}
{"mode": "train", "epoch": 93, "loss": 2.61401104927063, "acc": 0.12488584220409393, "acc_or": 0.6228310465812683, "sender_entropy": 2.004631757736206, "receiver_entropy": 0.0, "original_loss": 0.7880152463912964, "mean_length": 6.0}
{"mode": "test", "epoch": 93, "loss": 3.237262725830078, "acc": 0.19178082048892975, "acc_or": 0.715753436088562, "sender_entropy": 2.058310031890869, "receiver_entropy": 0.0, "original_loss": 0.6255863904953003, "mean_length": 6.0}
{"mode": "train", "epoch": 94, "loss": 2.648228883743286, "acc": 0.12305936217308044, "acc_or": 0.6229451894760132, "sender_entropy": 1.989627480506897, "receiver_entropy": 0.0, "original_loss": 0.779364824295044, "mean_length": 6.0}
{"mode": "test", "epoch": 94, "loss": 3.151789426803589, "acc": 0.16438356041908264, "acc_or": 0.6917808055877686, "sender_entropy": 2.049027442932129, "receiver_entropy": 0.0, "original_loss": 0.6289114952087402, "mean_length": 6.0}
{"mode": "train", "epoch": 95, "loss": 2.7551355361938477, "acc": 0.12420091032981873, "acc_or": 0.6301940679550171, "sender_entropy": 1.9723408222198486, "receiver_entropy": 0.0, "original_loss": 0.7647144794464111, "mean_length": 6.0}
{"mode": "test", "epoch": 95, "loss": 3.286285638809204, "acc": 0.2054794430732727, "acc_or": 0.7191780805587769, "sender_entropy": 2.0393035411834717, "receiver_entropy": 0.0, "original_loss": 0.6026249527931213, "mean_length": 6.0}
{"mode": "train", "epoch": 96, "loss": 2.816213607788086, "acc": 0.1406392604112625, "acc_or": 0.6376712322235107, "sender_entropy": 1.9709945917129517, "receiver_entropy": 0.0, "original_loss": 0.7547825574874878, "mean_length": 6.0}
{"mode": "test", "epoch": 96, "loss": 3.317439317703247, "acc": 0.232876718044281, "acc_or": 0.732876718044281, "sender_entropy": 2.0401556491851807, "receiver_entropy": 0.0, "original_loss": 0.595278799533844, "mean_length": 6.0}
{"mode": "train", "epoch": 97, "loss": 2.795055627822876, "acc": 0.13515982031822205, "acc_or": 0.6398401856422424, "sender_entropy": 1.9697209596633911, "receiver_entropy": 0.0, "original_loss": 0.7522643208503723, "mean_length": 6.0}
{"mode": "test", "epoch": 97, "loss": 3.3412530422210693, "acc": 0.232876718044281, "acc_or": 0.7294520735740662, "sender_entropy": 2.040170192718506, "receiver_entropy": 0.0, "original_loss": 0.5902583599090576, "mean_length": 6.0}
{"mode": "train", "epoch": 98, "loss": 2.8569624423980713, "acc": 0.14018264412879944, "acc_or": 0.6431506872177124, "sender_entropy": 1.9684337377548218, "receiver_entropy": 0.0, "original_loss": 0.7427737712860107, "mean_length": 6.0}
{"mode": "test", "epoch": 98, "loss": 3.2784175872802734, "acc": 0.21917808055877686, "acc_or": 0.7260273694992065, "sender_entropy": 2.032630205154419, "receiver_entropy": 0.0, "original_loss": 0.595157265663147, "mean_length": 6.0}
{"mode": "train", "epoch": 99, "loss": 2.7589991092681885, "acc": 0.1424657553434372, "acc_or": 0.6420661807060242, "sender_entropy": 1.9594913721084595, "receiver_entropy": 0.0, "original_loss": 0.746144711971283, "mean_length": 6.0}
{"mode": "test", "epoch": 99, "loss": 3.417120933532715, "acc": 0.24657534062862396, "acc_or": 0.732876718044281, "sender_entropy": 2.0223917961120605, "receiver_entropy": 0.0, "original_loss": 0.5711742043495178, "mean_length": 6.0}
{"mode": "train", "epoch": 100, "loss": 2.9069557189941406, "acc": 0.15570776164531708, "acc_or": 0.6547945141792297, "sender_entropy": 1.9482488632202148, "receiver_entropy": 0.0, "original_loss": 0.7267197370529175, "mean_length": 6.0}
{"mode": "test", "epoch": 100, "loss": 3.3525125980377197, "acc": 0.2602739632129669, "acc_or": 0.7294520735740662, "sender_entropy": 2.0103604793548584, "receiver_entropy": 0.0, "original_loss": 0.5668514370918274, "mean_length": 6.0}
{"mode": "train", "epoch": 101, "loss": 2.9312710762023926, "acc": 0.16004565358161926, "acc_or": 0.6613584160804749, "sender_entropy": 1.9308991432189941, "receiver_entropy": 0.0, "original_loss": 0.7192061543464661, "mean_length": 6.0}
{"mode": "test", "epoch": 101, "loss": 3.4398396015167236, "acc": 0.2876712381839752, "acc_or": 0.7568492889404297, "sender_entropy": 2.00447416305542, "receiver_entropy": 0.0, "original_loss": 0.5462662577629089, "mean_length": 6.0}
{"mode": "train", "epoch": 102, "loss": 3.018455743789673, "acc": 0.16369862854480743, "acc_or": 0.6648401618003845, "sender_entropy": 1.9188740253448486, "receiver_entropy": 0.0, "original_loss": 0.707564115524292, "mean_length": 6.0}
{"mode": "test", "epoch": 102, "loss": 3.5305824279785156, "acc": 0.24657534062862396, "acc_or": 0.7568492889404297, "sender_entropy": 1.9963170289993286, "receiver_entropy": 0.0, "original_loss": 0.5305493474006653, "mean_length": 6.0}
{"mode": "train", "epoch": 103, "loss": 3.0615479946136475, "acc": 0.16621004045009613, "acc_or": 0.6715182662010193, "sender_entropy": 1.9048234224319458, "receiver_entropy": 0.0, "original_loss": 0.6976144313812256, "mean_length": 6.0}
{"mode": "test", "epoch": 103, "loss": 3.5625762939453125, "acc": 0.232876718044281, "acc_or": 0.7602739930152893, "sender_entropy": 1.9857544898986816, "receiver_entropy": 0.0, "original_loss": 0.5211982131004333, "mean_length": 6.0}
{"mode": "train", "epoch": 104, "loss": 3.0731098651885986, "acc": 0.17351597547531128, "acc_or": 0.6704908609390259, "sender_entropy": 1.894931674003601, "receiver_entropy": 0.0, "original_loss": 0.6909120082855225, "mean_length": 6.0}
{"mode": "test", "epoch": 104, "loss": 3.5090742111206055, "acc": 0.27397260069847107, "acc_or": 0.767123281955719, "sender_entropy": 1.9740742444992065, "receiver_entropy": 0.0, "original_loss": 0.5238857865333557, "mean_length": 6.0}
{"mode": "train", "epoch": 105, "loss": 3.1520676612854004, "acc": 0.17442922294139862, "acc_or": 0.6781392693519592, "sender_entropy": 1.8852471113204956, "receiver_entropy": 0.0, "original_loss": 0.680234968662262, "mean_length": 6.0}
{"mode": "test", "epoch": 105, "loss": 3.5870375633239746, "acc": 0.2602739632129669, "acc_or": 0.767123281955719, "sender_entropy": 1.9691462516784668, "receiver_entropy": 0.0, "original_loss": 0.5081678628921509, "mean_length": 6.0}
{"mode": "train", "epoch": 106, "loss": 3.2524006366729736, "acc": 0.19178082048892975, "acc_or": 0.6897830963134766, "sender_entropy": 1.875036358833313, "receiver_entropy": 0.0, "original_loss": 0.6648916602134705, "mean_length": 6.0}
{"mode": "test", "epoch": 106, "loss": 3.5113182067871094, "acc": 0.24657534062862396, "acc_or": 0.7602739930152893, "sender_entropy": 1.9651933908462524, "receiver_entropy": 0.0, "original_loss": 0.5113633275032043, "mean_length": 6.0}
{"mode": "train", "epoch": 107, "loss": 3.2571158409118652, "acc": 0.18470318615436554, "acc_or": 0.6843036413192749, "sender_entropy": 1.8722338676452637, "receiver_entropy": 0.0, "original_loss": 0.6611930131912231, "mean_length": 6.0}
{"mode": "test", "epoch": 107, "loss": 3.5129809379577637, "acc": 0.24657534062862396, "acc_or": 0.7568492889404297, "sender_entropy": 1.9717172384262085, "receiver_entropy": 0.0, "original_loss": 0.5163533091545105, "mean_length": 6.0}
{"mode": "train", "epoch": 108, "loss": 3.1918749809265137, "acc": 0.18812784552574158, "acc_or": 0.6836187243461609, "sender_entropy": 1.879701018333435, "receiver_entropy": 0.0, "original_loss": 0.6636447310447693, "mean_length": 6.0}
{"mode": "test", "epoch": 108, "loss": 3.675870895385742, "acc": 0.24657534062862396, "acc_or": 0.767123281955719, "sender_entropy": 1.9831316471099854, "receiver_entropy": 0.0, "original_loss": 0.4974038004875183, "mean_length": 6.0}
{"mode": "train", "epoch": 109, "loss": 3.082941770553589, "acc": 0.19223743677139282, "acc_or": 0.6842465400695801, "sender_entropy": 1.8926023244857788, "receiver_entropy": 0.0, "original_loss": 0.6698829531669617, "mean_length": 6.0}
{"mode": "test", "epoch": 109, "loss": 3.6910362243652344, "acc": 0.2602739632129669, "acc_or": 0.7773972749710083, "sender_entropy": 1.976763367652893, "receiver_entropy": 0.0, "original_loss": 0.4891223609447479, "mean_length": 6.0}
{"mode": "train", "epoch": 110, "loss": 3.1700072288513184, "acc": 0.18607304990291595, "acc_or": 0.6875, "sender_entropy": 1.8872791528701782, "receiver_entropy": 0.0, "original_loss": 0.6590995192527771, "mean_length": 6.0}
{"mode": "test", "epoch": 110, "loss": 3.6092119216918945, "acc": 0.27397260069847107, "acc_or": 0.7705479264259338, "sender_entropy": 1.9662307500839233, "receiver_entropy": 0.0, "original_loss": 0.4927937090396881, "mean_length": 6.0}
{"mode": "train", "epoch": 111, "loss": 3.1485633850097656, "acc": 0.19223743677139282, "acc_or": 0.6878424286842346, "sender_entropy": 1.8746029138565063, "receiver_entropy": 0.0, "original_loss": 0.6561746001243591, "mean_length": 6.0}
{"mode": "test", "epoch": 111, "loss": 3.7467739582061768, "acc": 0.3287671208381653, "acc_or": 0.8047944903373718, "sender_entropy": 1.9563233852386475, "receiver_entropy": 0.0, "original_loss": 0.4687482714653015, "mean_length": 6.0}
{"mode": "train", "epoch": 112, "loss": 3.2808454036712646, "acc": 0.1965753436088562, "acc_or": 0.6997146010398865, "sender_entropy": 1.8579708337783813, "receiver_entropy": 0.0, "original_loss": 0.6381600499153137, "mean_length": 6.0}
{"mode": "test", "epoch": 112, "loss": 3.8426694869995117, "acc": 0.39726027846336365, "acc_or": 0.818493127822876, "sender_entropy": 1.9477933645248413, "receiver_entropy": 0.0, "original_loss": 0.45146825909614563, "mean_length": 6.0}
{"mode": "train", "epoch": 113, "loss": 3.345994710922241, "acc": 0.20913241803646088, "acc_or": 0.7073630094528198, "sender_entropy": 1.8422867059707642, "receiver_entropy": 0.0, "original_loss": 0.626305878162384, "mean_length": 6.0}
{"mode": "test", "epoch": 113, "loss": 3.6840312480926514, "acc": 0.34246575832366943, "acc_or": 0.8082191944122314, "sender_entropy": 1.936737060546875, "receiver_entropy": 0.0, "original_loss": 0.4590122103691101, "mean_length": 6.0}
{"mode": "train", "epoch": 114, "loss": 3.3080341815948486, "acc": 0.2136986255645752, "acc_or": 0.7050799131393433, "sender_entropy": 1.832668662071228, "receiver_entropy": 0.0, "original_loss": 0.62593674659729, "mean_length": 6.0}
{"mode": "test", "epoch": 114, "loss": 3.931715726852417, "acc": 0.4109588861465454, "acc_or": 0.835616409778595, "sender_entropy": 1.941490888595581, "receiver_entropy": 0.0, "original_loss": 0.430529922246933, "mean_length": 6.0}
{"mode": "train", "epoch": 115, "loss": 3.238632917404175, "acc": 0.20662100613117218, "acc_or": 0.7017123103141785, "sender_entropy": 1.8376778364181519, "receiver_entropy": 0.0, "original_loss": 0.6281657814979553, "mean_length": 6.0}
{"mode": "test", "epoch": 115, "loss": 3.957404613494873, "acc": 0.3287671208381653, "acc_or": 0.8047944903373718, "sender_entropy": 1.941914677619934, "receiver_entropy": 0.0, "original_loss": 0.42908188700675964, "mean_length": 6.0}
{"mode": "train", "epoch": 116, "loss": 3.302842855453491, "acc": 0.21529680490493774, "acc_or": 0.7070776224136353, "sender_entropy": 1.8351823091506958, "receiver_entropy": 0.0, "original_loss": 0.6187805533409119, "mean_length": 6.0}
{"mode": "test", "epoch": 116, "loss": 3.7935547828674316, "acc": 0.34246575832366943, "acc_or": 0.8047944903373718, "sender_entropy": 1.9412225484848022, "receiver_entropy": 0.0, "original_loss": 0.44588351249694824, "mean_length": 6.0}
{"mode": "train", "epoch": 117, "loss": 3.285438060760498, "acc": 0.22694063186645508, "acc_or": 0.7117579579353333, "sender_entropy": 1.8358815908432007, "receiver_entropy": 0.0, "original_loss": 0.6132248044013977, "mean_length": 6.0}
{"mode": "test", "epoch": 117, "loss": 3.710514783859253, "acc": 0.36986300349235535, "acc_or": 0.8047944903373718, "sender_entropy": 1.9377001523971558, "receiver_entropy": 0.0, "original_loss": 0.45092710852622986, "mean_length": 6.0}
{"mode": "train", "epoch": 118, "loss": 3.3264260292053223, "acc": 0.22420090436935425, "acc_or": 0.7103310227394104, "sender_entropy": 1.8315341472625732, "receiver_entropy": 0.0, "original_loss": 0.6095321178436279, "mean_length": 6.0}
{"mode": "test", "epoch": 118, "loss": 3.727889060974121, "acc": 0.34246575832366943, "acc_or": 0.8047944903373718, "sender_entropy": 1.932676911354065, "receiver_entropy": 0.0, "original_loss": 0.44061821699142456, "mean_length": 6.0}
{"mode": "train", "epoch": 119, "loss": 3.4027187824249268, "acc": 0.23493149876594543, "acc_or": 0.7188926935195923, "sender_entropy": 1.8256279230117798, "receiver_entropy": 0.0, "original_loss": 0.5981805920600891, "mean_length": 6.0}
{"mode": "test", "epoch": 119, "loss": 3.8091840744018555, "acc": 0.36986300349235535, "acc_or": 0.8150684833526611, "sender_entropy": 1.9296996593475342, "receiver_entropy": 0.0, "original_loss": 0.42202237248420715, "mean_length": 6.0}
{"mode": "train", "epoch": 120, "loss": 3.406280040740967, "acc": 0.24589040875434875, "acc_or": 0.7261415123939514, "sender_entropy": 1.8177770376205444, "receiver_entropy": 0.0, "original_loss": 0.5910835266113281, "mean_length": 6.0}
{"mode": "test", "epoch": 120, "loss": 3.7926185131073, "acc": 0.4109588861465454, "acc_or": 0.835616409778595, "sender_entropy": 1.919718861579895, "receiver_entropy": 0.0, "original_loss": 0.4127759337425232, "mean_length": 6.0}
{"mode": "train", "epoch": 121, "loss": 3.475773572921753, "acc": 0.25091323256492615, "acc_or": 0.7338470220565796, "sender_entropy": 1.8000997304916382, "receiver_entropy": 0.0, "original_loss": 0.5787613391876221, "mean_length": 6.0}
{"mode": "test", "epoch": 121, "loss": 3.8918299674987793, "acc": 0.465753436088562, "acc_or": 0.8458904027938843, "sender_entropy": 1.9147541522979736, "receiver_entropy": 0.0, "original_loss": 0.395766019821167, "mean_length": 6.0}
{"mode": "train", "epoch": 122, "loss": 3.4461779594421387, "acc": 0.2468036562204361, "acc_or": 0.7349885702133179, "sender_entropy": 1.7994073629379272, "receiver_entropy": 0.0, "original_loss": 0.5768212080001831, "mean_length": 6.0}
{"mode": "test", "epoch": 122, "loss": 3.889202117919922, "acc": 0.465753436088562, "acc_or": 0.8493150472640991, "sender_entropy": 1.9160966873168945, "receiver_entropy": 0.0, "original_loss": 0.3920130431652069, "mean_length": 6.0}
{"mode": "train", "epoch": 123, "loss": 3.4490811824798584, "acc": 0.26940637826919556, "acc_or": 0.7406392693519592, "sender_entropy": 1.7972288131713867, "receiver_entropy": 0.0, "original_loss": 0.5712929368019104, "mean_length": 6.0}
{"mode": "test", "epoch": 123, "loss": 3.7320241928100586, "acc": 0.45205479860305786, "acc_or": 0.8424657583236694, "sender_entropy": 1.9142224788665771, "receiver_entropy": 0.0, "original_loss": 0.40402549505233765, "mean_length": 6.0}
{"mode": "train", "epoch": 124, "loss": 3.5218214988708496, "acc": 0.26735159754753113, "acc_or": 0.7425228357315063, "sender_entropy": 1.7942410707473755, "receiver_entropy": 0.0, "original_loss": 0.562904953956604, "mean_length": 6.0}
{"mode": "test", "epoch": 124, "loss": 3.800499677658081, "acc": 0.465753436088562, "acc_or": 0.835616409778595, "sender_entropy": 1.9224340915679932, "receiver_entropy": 0.0, "original_loss": 0.40174365043640137, "mean_length": 6.0}
{"mode": "train", "epoch": 125, "loss": 3.4372262954711914, "acc": 0.25273972749710083, "acc_or": 0.7354452013969421, "sender_entropy": 1.7993130683898926, "receiver_entropy": 0.0, "original_loss": 0.5700281262397766, "mean_length": 6.0}
{"mode": "test", "epoch": 125, "loss": 3.9285659790039062, "acc": 0.4383561611175537, "acc_or": 0.8390411138534546, "sender_entropy": 1.9348393678665161, "receiver_entropy": 0.0, "original_loss": 0.3917635679244995, "mean_length": 6.0}
{"mode": "train", "epoch": 126, "loss": 3.312223434448242, "acc": 0.267123281955719, "acc_or": 0.7361301183700562, "sender_entropy": 1.8060559034347534, "receiver_entropy": 0.0, "original_loss": 0.5749608278274536, "mean_length": 6.0}
{"mode": "test", "epoch": 126, "loss": 3.7294609546661377, "acc": 0.4109588861465454, "acc_or": 0.8253424763679504, "sender_entropy": 1.931704044342041, "receiver_entropy": 0.0, "original_loss": 0.4062038064002991, "mean_length": 6.0}
{"mode": "train", "epoch": 127, "loss": 3.392460584640503, "acc": 0.2595890462398529, "acc_or": 0.7372146248817444, "sender_entropy": 1.810533881187439, "receiver_entropy": 0.0, "original_loss": 0.5661795139312744, "mean_length": 6.0}
{"mode": "test", "epoch": 127, "loss": 3.8375444412231445, "acc": 0.42465752363204956, "acc_or": 0.8390411138534546, "sender_entropy": 1.930301547050476, "receiver_entropy": 0.0, "original_loss": 0.3889480531215668, "mean_length": 6.0}
{"mode": "train", "epoch": 128, "loss": 3.3716163635253906, "acc": 0.27511414885520935, "acc_or": 0.742694079875946, "sender_entropy": 1.807253360748291, "receiver_entropy": 0.0, "original_loss": 0.5639079809188843, "mean_length": 6.0}
{"mode": "test", "epoch": 128, "loss": 4.058525085449219, "acc": 0.4794520437717438, "acc_or": 0.8595890402793884, "sender_entropy": 1.9231215715408325, "receiver_entropy": 0.0, "original_loss": 0.35736170411109924, "mean_length": 6.0}
{"mode": "train", "epoch": 129, "loss": 3.41292667388916, "acc": 0.2828767001628876, "acc_or": 0.7476027011871338, "sender_entropy": 1.799499750137329, "receiver_entropy": 0.0, "original_loss": 0.5563275218009949, "mean_length": 6.0}
{"mode": "test", "epoch": 129, "loss": 4.025172710418701, "acc": 0.4794520437717438, "acc_or": 0.8630136847496033, "sender_entropy": 1.9142606258392334, "receiver_entropy": 0.0, "original_loss": 0.3520585000514984, "mean_length": 6.0}
{"mode": "train", "epoch": 130, "loss": 3.4419312477111816, "acc": 0.2849315106868744, "acc_or": 0.7489725947380066, "sender_entropy": 1.7838945388793945, "receiver_entropy": 0.0, "original_loss": 0.5474672913551331, "mean_length": 6.0}
{"mode": "test", "epoch": 130, "loss": 3.8464112281799316, "acc": 0.4794520437717438, "acc_or": 0.852739691734314, "sender_entropy": 1.8942292928695679, "receiver_entropy": 0.0, "original_loss": 0.360073447227478, "mean_length": 6.0}
{"mode": "train", "epoch": 131, "loss": 3.481534004211426, "acc": 0.2899543344974518, "acc_or": 0.7564497590065002, "sender_entropy": 1.7561440467834473, "receiver_entropy": 0.0, "original_loss": 0.5343650579452515, "mean_length": 6.0}
{"mode": "test", "epoch": 131, "loss": 3.8492071628570557, "acc": 0.465753436088562, "acc_or": 0.8493150472640991, "sender_entropy": 1.8815029859542847, "receiver_entropy": 0.0, "original_loss": 0.3494924008846283, "mean_length": 6.0}
{"mode": "train", "epoch": 132, "loss": 3.5801446437835693, "acc": 0.3084474802017212, "acc_or": 0.7643835544586182, "sender_entropy": 1.74284029006958, "receiver_entropy": 0.0, "original_loss": 0.5201885104179382, "mean_length": 6.0}
{"mode": "test", "epoch": 132, "loss": 4.005367279052734, "acc": 0.5205479264259338, "acc_or": 0.8664383292198181, "sender_entropy": 1.886317491531372, "receiver_entropy": 0.0, "original_loss": 0.33155372738838196, "mean_length": 6.0}
{"mode": "train", "epoch": 133, "loss": 3.5635745525360107, "acc": 0.3116438388824463, "acc_or": 0.7680365443229675, "sender_entropy": 1.7529644966125488, "receiver_entropy": 0.0, "original_loss": 0.5188743472099304, "mean_length": 6.0}
{"mode": "test", "epoch": 133, "loss": 4.058132648468018, "acc": 0.534246563911438, "acc_or": 0.8732876777648926, "sender_entropy": 1.8891152143478394, "receiver_entropy": 0.0, "original_loss": 0.32420119643211365, "mean_length": 6.0}
{"mode": "train", "epoch": 134, "loss": 3.47098445892334, "acc": 0.3166666626930237, "acc_or": 0.7666095495223999, "sender_entropy": 1.7548236846923828, "receiver_entropy": 0.0, "original_loss": 0.5264124274253845, "mean_length": 6.0}
{"mode": "test", "epoch": 134, "loss": 4.119967937469482, "acc": 0.4931506812572479, "acc_or": 0.8630136847496033, "sender_entropy": 1.8972716331481934, "receiver_entropy": 0.0, "original_loss": 0.3194301724433899, "mean_length": 6.0}
{"mode": "train", "epoch": 135, "loss": 3.483962059020996, "acc": 0.3098173439502716, "acc_or": 0.7679794430732727, "sender_entropy": 1.7633782625198364, "receiver_entropy": 0.0, "original_loss": 0.5230963826179504, "mean_length": 6.0}
{"mode": "test", "epoch": 135, "loss": 4.018599033355713, "acc": 0.465753436088562, "acc_or": 0.8595890402793884, "sender_entropy": 1.8985300064086914, "receiver_entropy": 0.0, "original_loss": 0.3305395543575287, "mean_length": 6.0}
{"mode": "train", "epoch": 136, "loss": 3.459710121154785, "acc": 0.31757989525794983, "acc_or": 0.7695205211639404, "sender_entropy": 1.767369270324707, "receiver_entropy": 0.0, "original_loss": 0.5232654213905334, "mean_length": 6.0}
{"mode": "test", "epoch": 136, "loss": 3.9604554176330566, "acc": 0.4931506812572479, "acc_or": 0.8595890402793884, "sender_entropy": 1.892988681793213, "receiver_entropy": 0.0, "original_loss": 0.32854047417640686, "mean_length": 6.0}
{"mode": "train", "epoch": 137, "loss": 3.4516067504882812, "acc": 0.3216894865036011, "acc_or": 0.768436074256897, "sender_entropy": 1.7665586471557617, "receiver_entropy": 0.0, "original_loss": 0.5175567269325256, "mean_length": 6.0}
{"mode": "test", "epoch": 137, "loss": 3.965183973312378, "acc": 0.5479452013969421, "acc_or": 0.8698630332946777, "sender_entropy": 1.8865277767181396, "receiver_entropy": 0.0, "original_loss": 0.32051506638526917, "mean_length": 6.0}
{"mode": "train", "epoch": 138, "loss": 3.4588260650634766, "acc": 0.3337899446487427, "acc_or": 0.7748287320137024, "sender_entropy": 1.7604353427886963, "receiver_entropy": 0.0, "original_loss": 0.5119355320930481, "mean_length": 6.0}
{"mode": "test", "epoch": 138, "loss": 4.020248889923096, "acc": 0.5890411138534546, "acc_or": 0.8869863152503967, "sender_entropy": 1.879400610923767, "receiver_entropy": 0.0, "original_loss": 0.30306288599967957, "mean_length": 6.0}
{"mode": "train", "epoch": 139, "loss": 3.5058083534240723, "acc": 0.34885844588279724, "acc_or": 0.780308187007904, "sender_entropy": 1.7559723854064941, "receiver_entropy": 0.0, "original_loss": 0.5017791986465454, "mean_length": 6.0}
{"mode": "test", "epoch": 139, "loss": 3.95222806930542, "acc": 0.6438356041908264, "acc_or": 0.9006849527359009, "sender_entropy": 1.8680408000946045, "receiver_entropy": 0.0, "original_loss": 0.2978415787220001, "mean_length": 6.0}
{"mode": "train", "epoch": 140, "loss": 3.5824360847473145, "acc": 0.3639269471168518, "acc_or": 0.7871575355529785, "sender_entropy": 1.742773175239563, "receiver_entropy": 0.0, "original_loss": 0.4900933504104614, "mean_length": 6.0}
{"mode": "test", "epoch": 140, "loss": 3.788675308227539, "acc": 0.602739691734314, "acc_or": 0.8869863152503967, "sender_entropy": 1.8531172275543213, "receiver_entropy": 0.0, "original_loss": 0.30624520778656006, "mean_length": 6.0}
{"mode": "train", "epoch": 141, "loss": 3.6030972003936768, "acc": 0.3657534122467041, "acc_or": 0.7899543046951294, "sender_entropy": 1.7237589359283447, "receiver_entropy": 0.0, "original_loss": 0.48073363304138184, "mean_length": 6.0}
{"mode": "test", "epoch": 141, "loss": 3.8515119552612305, "acc": 0.6301369667053223, "acc_or": 0.9041095972061157, "sender_entropy": 1.8428181409835815, "receiver_entropy": 0.0, "original_loss": 0.28909099102020264, "mean_length": 6.0}
{"mode": "train", "epoch": 142, "loss": 3.5582785606384277, "acc": 0.3757990896701813, "acc_or": 0.7964611649513245, "sender_entropy": 1.7081193923950195, "receiver_entropy": 0.0, "original_loss": 0.47813451290130615, "mean_length": 6.0}
{"mode": "test", "epoch": 142, "loss": 3.880492925643921, "acc": 0.6712328791618347, "acc_or": 0.9109588861465454, "sender_entropy": 1.824642300605774, "receiver_entropy": 0.0, "original_loss": 0.27005651593208313, "mean_length": 6.0}
{"mode": "train", "epoch": 143, "loss": 3.6272530555725098, "acc": 0.3828766942024231, "acc_or": 0.798059344291687, "sender_entropy": 1.6953725814819336, "receiver_entropy": 0.0, "original_loss": 0.4661546051502228, "mean_length": 6.0}
{"mode": "test", "epoch": 143, "loss": 3.791459560394287, "acc": 0.5890411138534546, "acc_or": 0.8869863152503967, "sender_entropy": 1.832399845123291, "receiver_entropy": 0.0, "original_loss": 0.2860267162322998, "mean_length": 6.0}
{"mode": "train", "epoch": 144, "loss": 3.767667770385742, "acc": 0.4141552448272705, "acc_or": 0.8141552209854126, "sender_entropy": 1.6922351121902466, "receiver_entropy": 0.0, "original_loss": 0.4455057382583618, "mean_length": 6.0}
{"mode": "test", "epoch": 144, "loss": 3.847058057785034, "acc": 0.6164383292198181, "acc_or": 0.8972602486610413, "sender_entropy": 1.8338693380355835, "receiver_entropy": 0.0, "original_loss": 0.2757858335971832, "mean_length": 6.0}
{"mode": "train", "epoch": 145, "loss": 3.5816657543182373, "acc": 0.4031963348388672, "acc_or": 0.8030821681022644, "sender_entropy": 1.7015557289123535, "receiver_entropy": 0.0, "original_loss": 0.45968231558799744, "mean_length": 6.0}
{"mode": "test", "epoch": 145, "loss": 3.9680395126342773, "acc": 0.6438356041908264, "acc_or": 0.9075342416763306, "sender_entropy": 1.8318850994110107, "receiver_entropy": 0.0, "original_loss": 0.2593970000743866, "mean_length": 6.0}
{"mode": "train", "epoch": 146, "loss": 3.5487470626831055, "acc": 0.39086756110191345, "acc_or": 0.8005136847496033, "sender_entropy": 1.706214427947998, "receiver_entropy": 0.0, "original_loss": 0.46177196502685547, "mean_length": 6.0}
{"mode": "test", "epoch": 146, "loss": 4.041724681854248, "acc": 0.6849315166473389, "acc_or": 0.9212328791618347, "sender_entropy": 1.83649480342865, "receiver_entropy": 0.0, "original_loss": 0.2443559765815735, "mean_length": 6.0}
{"mode": "train", "epoch": 147, "loss": 3.5636870861053467, "acc": 0.4127853810787201, "acc_or": 0.8072488307952881, "sender_entropy": 1.7033025026321411, "receiver_entropy": 0.0, "original_loss": 0.45766130089759827, "mean_length": 6.0}
{"mode": "test", "epoch": 147, "loss": 3.9607648849487305, "acc": 0.6849315166473389, "acc_or": 0.9178082346916199, "sender_entropy": 1.8357584476470947, "receiver_entropy": 0.0, "original_loss": 0.25240153074264526, "mean_length": 6.0}
{"mode": "train", "epoch": 148, "loss": 3.608367681503296, "acc": 0.418721467256546, "acc_or": 0.811872124671936, "sender_entropy": 1.6967490911483765, "receiver_entropy": 0.0, "original_loss": 0.44542041420936584, "mean_length": 6.0}
{"mode": "test", "epoch": 148, "loss": 3.9033405780792236, "acc": 0.6849315166473389, "acc_or": 0.9109588861465454, "sender_entropy": 1.8209145069122314, "receiver_entropy": 0.0, "original_loss": 0.2481526881456375, "mean_length": 6.0}
{"mode": "train", "epoch": 149, "loss": 3.5121910572052, "acc": 0.40502282977104187, "acc_or": 0.8042237162590027, "sender_entropy": 1.6899880170822144, "receiver_entropy": 0.0, "original_loss": 0.453748881816864, "mean_length": 6.0}
{"mode": "test", "epoch": 149, "loss": 3.820568799972534, "acc": 0.6849315166473389, "acc_or": 0.9109588861465454, "sender_entropy": 1.813257098197937, "receiver_entropy": 0.0, "original_loss": 0.24638862907886505, "mean_length": 6.0}
{"mode": "train", "epoch": 150, "loss": 3.6358845233917236, "acc": 0.42511415481567383, "acc_or": 0.8168949484825134, "sender_entropy": 1.6756329536437988, "receiver_entropy": 0.0, "original_loss": 0.4312311112880707, "mean_length": 6.0}
{"mode": "test", "epoch": 150, "loss": 3.8014588356018066, "acc": 0.6301369667053223, "acc_or": 0.9041095972061157, "sender_entropy": 1.8061943054199219, "receiver_entropy": 0.0, "original_loss": 0.24274590611457825, "mean_length": 6.0}
{"mode": "train", "epoch": 151, "loss": 3.7102484703063965, "acc": 0.44315066933631897, "acc_or": 0.8234589099884033, "sender_entropy": 1.6586425304412842, "receiver_entropy": 0.0, "original_loss": 0.41937851905822754, "mean_length": 6.0}
{"mode": "test", "epoch": 151, "loss": 3.718757390975952, "acc": 0.6575342416763306, "acc_or": 0.9041095972061157, "sender_entropy": 1.8041218519210815, "receiver_entropy": 0.0, "original_loss": 0.2482239156961441, "mean_length": 6.0}
{"mode": "train", "epoch": 152, "loss": 3.716902017593384, "acc": 0.44634702801704407, "acc_or": 0.8238584399223328, "sender_entropy": 1.652186393737793, "receiver_entropy": 0.0, "original_loss": 0.4161221385002136, "mean_length": 6.0}
{"mode": "test", "epoch": 152, "loss": 3.839094877243042, "acc": 0.6575342416763306, "acc_or": 0.9109588861465454, "sender_entropy": 1.807212471961975, "receiver_entropy": 0.0, "original_loss": 0.22941693663597107, "mean_length": 6.0}
{"mode": "train", "epoch": 153, "loss": 3.636761426925659, "acc": 0.43858447670936584, "acc_or": 0.8207191824913025, "sender_entropy": 1.6611077785491943, "receiver_entropy": 0.0, "original_loss": 0.4181564748287201, "mean_length": 6.0}
{"mode": "test", "epoch": 153, "loss": 3.8639442920684814, "acc": 0.698630154132843, "acc_or": 0.9246575236320496, "sender_entropy": 1.803467869758606, "receiver_entropy": 0.0, "original_loss": 0.22101905941963196, "mean_length": 6.0}
{"mode": "train", "epoch": 154, "loss": 3.59774112701416, "acc": 0.4426940679550171, "acc_or": 0.8226027488708496, "sender_entropy": 1.659470558166504, "receiver_entropy": 0.0, "original_loss": 0.4201320707798004, "mean_length": 6.0}
{"mode": "test", "epoch": 154, "loss": 3.841970920562744, "acc": 0.6575342416763306, "acc_or": 0.9143835306167603, "sender_entropy": 1.8069223165512085, "receiver_entropy": 0.0, "original_loss": 0.22927679121494293, "mean_length": 6.0}
{"mode": "train", "epoch": 155, "loss": 3.596076488494873, "acc": 0.4363013505935669, "acc_or": 0.8219748735427856, "sender_entropy": 1.666073203086853, "receiver_entropy": 0.0, "original_loss": 0.4195241630077362, "mean_length": 6.0}
{"mode": "test", "epoch": 155, "loss": 3.8536362648010254, "acc": 0.6438356041908264, "acc_or": 0.9109588861465454, "sender_entropy": 1.813982367515564, "receiver_entropy": 0.0, "original_loss": 0.22831188142299652, "mean_length": 6.0}
{"mode": "train", "epoch": 156, "loss": 3.5681777000427246, "acc": 0.438812792301178, "acc_or": 0.8226597905158997, "sender_entropy": 1.6668792963027954, "receiver_entropy": 0.0, "original_loss": 0.4195283055305481, "mean_length": 6.0}
{"mode": "test", "epoch": 156, "loss": 3.8268518447875977, "acc": 0.6712328791618347, "acc_or": 0.9143835306167603, "sender_entropy": 1.8070815801620483, "receiver_entropy": 0.0, "original_loss": 0.22336596250534058, "mean_length": 6.0}
{"mode": "train", "epoch": 157, "loss": 3.657370090484619, "acc": 0.4534246623516083, "acc_or": 0.8284246325492859, "sender_entropy": 1.6671905517578125, "receiver_entropy": 0.0, "original_loss": 0.4068647027015686, "mean_length": 6.0}
{"mode": "test", "epoch": 157, "loss": 3.856471061706543, "acc": 0.7123287916183472, "acc_or": 0.9246575236320496, "sender_entropy": 1.802258014678955, "receiver_entropy": 0.0, "original_loss": 0.21076299250125885, "mean_length": 6.0}
{"mode": "train", "epoch": 158, "loss": 3.5990684032440186, "acc": 0.4616438150405884, "acc_or": 0.8273972272872925, "sender_entropy": 1.6650406122207642, "receiver_entropy": 0.0, "original_loss": 0.40797892212867737, "mean_length": 6.0}
{"mode": "test", "epoch": 158, "loss": 3.8628573417663574, "acc": 0.6849315166473389, "acc_or": 0.9212328791618347, "sender_entropy": 1.790921688079834, "receiver_entropy": 0.0, "original_loss": 0.20402942597866058, "mean_length": 6.0}
{"mode": "train", "epoch": 159, "loss": 3.630497455596924, "acc": 0.47305935621261597, "acc_or": 0.8328766822814941, "sender_entropy": 1.6660937070846558, "receiver_entropy": 0.0, "original_loss": 0.3985382318496704, "mean_length": 6.0}
{"mode": "test", "epoch": 159, "loss": 3.7773237228393555, "acc": 0.6438356041908264, "acc_or": 0.9109588861465454, "sender_entropy": 1.7741901874542236, "receiver_entropy": 0.0, "original_loss": 0.2084977626800537, "mean_length": 6.0}
{"mode": "train", "epoch": 160, "loss": 3.5955986976623535, "acc": 0.4769406318664551, "acc_or": 0.8340182304382324, "sender_entropy": 1.6491522789001465, "receiver_entropy": 0.0, "original_loss": 0.3960654139518738, "mean_length": 6.0}
{"mode": "test", "epoch": 160, "loss": 3.6551878452301025, "acc": 0.6438356041908264, "acc_or": 0.9109588861465454, "sender_entropy": 1.7463021278381348, "receiver_entropy": 0.0, "original_loss": 0.20601025223731995, "mean_length": 6.0}
{"mode": "train", "epoch": 161, "loss": 3.774441957473755, "acc": 0.49977168440818787, "acc_or": 0.8438355922698975, "sender_entropy": 1.622589349746704, "receiver_entropy": 0.0, "original_loss": 0.37095528841018677, "mean_length": 6.0}
{"mode": "test", "epoch": 161, "loss": 3.65562105178833, "acc": 0.7123287916183472, "acc_or": 0.9280821681022644, "sender_entropy": 1.7289996147155762, "receiver_entropy": 0.0, "original_loss": 0.19100721180438995, "mean_length": 6.0}
{"mode": "train", "epoch": 162, "loss": 3.825573444366455, "acc": 0.5159817337989807, "acc_or": 0.8531963229179382, "sender_entropy": 1.606296181678772, "receiver_entropy": 0.0, "original_loss": 0.3572542071342468, "mean_length": 6.0}
{"mode": "test", "epoch": 162, "loss": 3.6994433403015137, "acc": 0.7260273694992065, "acc_or": 0.931506872177124, "sender_entropy": 1.730848789215088, "receiver_entropy": 0.0, "original_loss": 0.18107734620571136, "mean_length": 6.0}
{"mode": "train", "epoch": 163, "loss": 3.6832563877105713, "acc": 0.5111871957778931, "acc_or": 0.8474885821342468, "sender_entropy": 1.6081163883209229, "receiver_entropy": 0.0, "original_loss": 0.37005871534347534, "mean_length": 6.0}
{"mode": "test", "epoch": 163, "loss": 3.5940775871276855, "acc": 0.7397260069847107, "acc_or": 0.9349315166473389, "sender_entropy": 1.7209725379943848, "receiver_entropy": 0.0, "original_loss": 0.18985004723072052, "mean_length": 6.0}
{"mode": "train", "epoch": 164, "loss": 3.8075411319732666, "acc": 0.5255707502365112, "acc_or": 0.8567351698875427, "sender_entropy": 1.6065411567687988, "receiver_entropy": 0.0, "original_loss": 0.35198381543159485, "mean_length": 6.0}
{"mode": "test", "epoch": 164, "loss": 3.6923792362213135, "acc": 0.7808219194412231, "acc_or": 0.9452054500579834, "sender_entropy": 1.7276426553726196, "receiver_entropy": 0.0, "original_loss": 0.1810762584209442, "mean_length": 6.0}
{"mode": "train", "epoch": 165, "loss": 3.727769613265991, "acc": 0.5194063782691956, "acc_or": 0.8521118760108948, "sender_entropy": 1.602246880531311, "receiver_entropy": 0.0, "original_loss": 0.3581286370754242, "mean_length": 6.0}
{"mode": "test", "epoch": 165, "loss": 3.7962746620178223, "acc": 0.8082191944122314, "acc_or": 0.9520547986030579, "sender_entropy": 1.7282711267471313, "receiver_entropy": 0.0, "original_loss": 0.16271044313907623, "mean_length": 6.0}
{"mode": "train", "epoch": 166, "loss": 3.6634395122528076, "acc": 0.5141552686691284, "acc_or": 0.8497145771980286, "sender_entropy": 1.6130735874176025, "receiver_entropy": 0.0, "original_loss": 0.36533862352371216, "mean_length": 6.0}
{"mode": "test", "epoch": 166, "loss": 3.7538414001464844, "acc": 0.8219177722930908, "acc_or": 0.9554794430732727, "sender_entropy": 1.7229331731796265, "receiver_entropy": 0.0, "original_loss": 0.16316142678260803, "mean_length": 6.0}
{"mode": "train", "epoch": 167, "loss": 3.6493735313415527, "acc": 0.526940643787384, "acc_or": 0.8513127565383911, "sender_entropy": 1.6150870323181152, "receiver_entropy": 0.0, "original_loss": 0.3597981631755829, "mean_length": 6.0}
{"mode": "test", "epoch": 167, "loss": 3.6263773441314697, "acc": 0.767123281955719, "acc_or": 0.931506872177124, "sender_entropy": 1.7280794382095337, "receiver_entropy": 0.0, "original_loss": 0.184630885720253, "mean_length": 6.0}
{"mode": "train", "epoch": 168, "loss": 3.7357144355773926, "acc": 0.5369862914085388, "acc_or": 0.8597602844238281, "sender_entropy": 1.6020830869674683, "receiver_entropy": 0.0, "original_loss": 0.3462887108325958, "mean_length": 6.0}
{"mode": "test", "epoch": 168, "loss": 3.7185113430023193, "acc": 0.8082191944122314, "acc_or": 0.9452054500579834, "sender_entropy": 1.7151633501052856, "receiver_entropy": 0.0, "original_loss": 0.15972214937210083, "mean_length": 6.0}
{"mode": "train", "epoch": 169, "loss": 3.6530299186706543, "acc": 0.5194063782691956, "acc_or": 0.8521689176559448, "sender_entropy": 1.5986723899841309, "receiver_entropy": 0.0, "original_loss": 0.3540366291999817, "mean_length": 6.0}
{"mode": "test", "epoch": 169, "loss": 3.7378175258636475, "acc": 0.835616409778595, "acc_or": 0.9554794430732727, "sender_entropy": 1.71724271774292, "receiver_entropy": 0.0, "original_loss": 0.1516856998205185, "mean_length": 6.0}
{"mode": "train", "epoch": 170, "loss": 3.7163186073303223, "acc": 0.5438355803489685, "acc_or": 0.8614155054092407, "sender_entropy": 1.596580147743225, "receiver_entropy": 0.0, "original_loss": 0.33935824036598206, "mean_length": 6.0}
{"mode": "test", "epoch": 170, "loss": 3.725375175476074, "acc": 0.8082191944122314, "acc_or": 0.9520547986030579, "sender_entropy": 1.7031896114349365, "receiver_entropy": 0.0, "original_loss": 0.1404600590467453, "mean_length": 6.0}
{"mode": "train", "epoch": 171, "loss": 3.7207984924316406, "acc": 0.5550228357315063, "acc_or": 0.8636415600776672, "sender_entropy": 1.5920534133911133, "receiver_entropy": 0.0, "original_loss": 0.33709561824798584, "mean_length": 6.0}
{"mode": "test", "epoch": 171, "loss": 3.6663320064544678, "acc": 0.8082191944122314, "acc_or": 0.9520547986030579, "sender_entropy": 1.696035385131836, "receiver_entropy": 0.0, "original_loss": 0.1432725489139557, "mean_length": 6.0}
{"mode": "train", "epoch": 172, "loss": 3.680137872695923, "acc": 0.5547944903373718, "acc_or": 0.8651255369186401, "sender_entropy": 1.588832974433899, "receiver_entropy": 0.0, "original_loss": 0.33420872688293457, "mean_length": 6.0}
{"mode": "test", "epoch": 172, "loss": 3.691657781600952, "acc": 0.8493150472640991, "acc_or": 0.9623287320137024, "sender_entropy": 1.6911157369613647, "receiver_entropy": 0.0, "original_loss": 0.13362647593021393, "mean_length": 6.0}
{"mode": "train", "epoch": 173, "loss": 3.7581429481506348, "acc": 0.5803653001785278, "acc_or": 0.8726027011871338, "sender_entropy": 1.5828726291656494, "receiver_entropy": 0.0, "original_loss": 0.3224181830883026, "mean_length": 6.0}
{"mode": "test", "epoch": 173, "loss": 3.6780593395233154, "acc": 0.8493150472640991, "acc_or": 0.9623287320137024, "sender_entropy": 1.6877402067184448, "receiver_entropy": 0.0, "original_loss": 0.127210333943367, "mean_length": 6.0}
{"mode": "train", "epoch": 174, "loss": 3.683750629425049, "acc": 0.56917804479599, "acc_or": 0.8695775866508484, "sender_entropy": 1.5800520181655884, "receiver_entropy": 0.0, "original_loss": 0.3243955373764038, "mean_length": 6.0}
{"mode": "test", "epoch": 174, "loss": 3.634331703186035, "acc": 0.8904109597206116, "acc_or": 0.9726027250289917, "sender_entropy": 1.6825276613235474, "receiver_entropy": 0.0, "original_loss": 0.13104142248630524, "mean_length": 6.0}
{"mode": "train", "epoch": 175, "loss": 3.736203670501709, "acc": 0.5662100315093994, "acc_or": 0.8694064021110535, "sender_entropy": 1.5718865394592285, "receiver_entropy": 0.0, "original_loss": 0.31790146231651306, "mean_length": 6.0}
{"mode": "test", "epoch": 175, "loss": 3.7178852558135986, "acc": 0.9041095972061157, "acc_or": 0.9760273694992065, "sender_entropy": 1.682584285736084, "receiver_entropy": 0.0, "original_loss": 0.11918394267559052, "mean_length": 6.0}
{"mode": "train", "epoch": 176, "loss": 3.756878137588501, "acc": 0.5833333134651184, "acc_or": 0.8751712441444397, "sender_entropy": 1.5759109258651733, "receiver_entropy": 0.0, "original_loss": 0.3115365207195282, "mean_length": 6.0}
{"mode": "test", "epoch": 176, "loss": 3.8101768493652344, "acc": 0.9178082346916199, "acc_or": 0.9794520735740662, "sender_entropy": 1.6943362951278687, "receiver_entropy": 0.0, "original_loss": 0.10792230814695358, "mean_length": 6.0}
{"mode": "train", "epoch": 177, "loss": 3.6118195056915283, "acc": 0.5545662045478821, "acc_or": 0.8646118640899658, "sender_entropy": 1.5862990617752075, "receiver_entropy": 0.0, "original_loss": 0.33090904355049133, "mean_length": 6.0}
{"mode": "test", "epoch": 177, "loss": 3.816354274749756, "acc": 0.931506872177124, "acc_or": 0.982876718044281, "sender_entropy": 1.6895827054977417, "receiver_entropy": 0.0, "original_loss": 0.10617214441299438, "mean_length": 6.0}
{"mode": "train", "epoch": 178, "loss": 3.6633710861206055, "acc": 0.5805935859680176, "acc_or": 0.8737442493438721, "sender_entropy": 1.5802751779556274, "receiver_entropy": 0.0, "original_loss": 0.31783559918403625, "mean_length": 6.0}
{"mode": "test", "epoch": 178, "loss": 3.747107744216919, "acc": 0.8904109597206116, "acc_or": 0.9726027250289917, "sender_entropy": 1.6892802715301514, "receiver_entropy": 0.0, "original_loss": 0.11380881071090698, "mean_length": 6.0}
{"mode": "train", "epoch": 179, "loss": 3.7101211547851562, "acc": 0.5805935859680176, "acc_or": 0.8737442493438721, "sender_entropy": 1.5789369344711304, "receiver_entropy": 0.0, "original_loss": 0.31267550587654114, "mean_length": 6.0}
{"mode": "test", "epoch": 179, "loss": 3.7287392616271973, "acc": 0.931506872177124, "acc_or": 0.982876718044281, "sender_entropy": 1.6888468265533447, "receiver_entropy": 0.0, "original_loss": 0.11347115784883499, "mean_length": 6.0}
{"mode": "train", "epoch": 180, "loss": 3.6438891887664795, "acc": 0.584931492805481, "acc_or": 0.8757420182228088, "sender_entropy": 1.5750221014022827, "receiver_entropy": 0.0, "original_loss": 0.3110616207122803, "mean_length": 6.0}
{"mode": "test", "epoch": 180, "loss": 3.81937313079834, "acc": 0.9452054500579834, "acc_or": 0.9863013625144958, "sender_entropy": 1.6838531494140625, "receiver_entropy": 0.0, "original_loss": 0.09674016386270523, "mean_length": 6.0}
{"mode": "train", "epoch": 181, "loss": 3.603466033935547, "acc": 0.5794520378112793, "acc_or": 0.8732305765151978, "sender_entropy": 1.5754075050354004, "receiver_entropy": 0.0, "original_loss": 0.31236031651496887, "mean_length": 6.0}
{"mode": "test", "epoch": 181, "loss": 3.762443780899048, "acc": 0.9589040875434875, "acc_or": 0.9897260069847107, "sender_entropy": 1.6699931621551514, "receiver_entropy": 0.0, "original_loss": 0.09464184939861298, "mean_length": 6.0}
{"mode": "train", "epoch": 182, "loss": 3.670330047607422, "acc": 0.5922374129295349, "acc_or": 0.8793379068374634, "sender_entropy": 1.5647321939468384, "receiver_entropy": 0.0, "original_loss": 0.3021700084209442, "mean_length": 6.0}
{"mode": "test", "epoch": 182, "loss": 3.666612386703491, "acc": 0.9452054500579834, "acc_or": 0.9863013625144958, "sender_entropy": 1.6512490510940552, "receiver_entropy": 0.0, "original_loss": 0.09466603398323059, "mean_length": 6.0}
{"mode": "train", "epoch": 183, "loss": 3.7765326499938965, "acc": 0.6353881359100342, "acc_or": 0.891495406627655, "sender_entropy": 1.5427210330963135, "receiver_entropy": 0.0, "original_loss": 0.2805165648460388, "mean_length": 6.0}
{"mode": "test", "epoch": 183, "loss": 3.591252088546753, "acc": 0.9726027250289917, "acc_or": 0.9931506514549255, "sender_entropy": 1.6310328245162964, "receiver_entropy": 0.0, "original_loss": 0.09043818712234497, "mean_length": 6.0}
{"mode": "train", "epoch": 184, "loss": 3.8734676837921143, "acc": 0.6365296840667725, "acc_or": 0.8945776224136353, "sender_entropy": 1.5267727375030518, "receiver_entropy": 0.0, "original_loss": 0.26563531160354614, "mean_length": 6.0}
{"mode": "test", "epoch": 184, "loss": 3.6101646423339844, "acc": 0.9863013625144958, "acc_or": 0.9965753555297852, "sender_entropy": 1.6349279880523682, "receiver_entropy": 0.0, "original_loss": 0.08548806607723236, "mean_length": 6.0}
{"mode": "train", "epoch": 185, "loss": 3.769542932510376, "acc": 0.6308218836784363, "acc_or": 0.892123281955719, "sender_entropy": 1.5275537967681885, "receiver_entropy": 0.0, "original_loss": 0.27177730202674866, "mean_length": 6.0}
{"mode": "test", "epoch": 185, "loss": 3.685434341430664, "acc": 0.9863013625144958, "acc_or": 0.9965753555297852, "sender_entropy": 1.6375446319580078, "receiver_entropy": 0.0, "original_loss": 0.07140485942363739, "mean_length": 6.0}
{"mode": "train", "epoch": 186, "loss": 3.6766278743743896, "acc": 0.6248858571052551, "acc_or": 0.8894405961036682, "sender_entropy": 1.5310351848602295, "receiver_entropy": 0.0, "original_loss": 0.27858442068099976, "mean_length": 6.0}
{"mode": "test", "epoch": 186, "loss": 3.6143128871917725, "acc": 0.9589040875434875, "acc_or": 0.9897260069847107, "sender_entropy": 1.618600606918335, "receiver_entropy": 0.0, "original_loss": 0.07356439530849457, "mean_length": 6.0}
{"mode": "train", "epoch": 187, "loss": 3.8813018798828125, "acc": 0.662557065486908, "acc_or": 0.9034246206283569, "sender_entropy": 1.52126145362854, "receiver_entropy": 0.0, "original_loss": 0.25408557057380676, "mean_length": 6.0}
{"mode": "test", "epoch": 187, "loss": 3.5699548721313477, "acc": 0.9726027250289917, "acc_or": 0.9931506514549255, "sender_entropy": 1.6215400695800781, "receiver_entropy": 0.0, "original_loss": 0.07550378888845444, "mean_length": 6.0}
{"mode": "train", "epoch": 188, "loss": 3.784196376800537, "acc": 0.6575342416763306, "acc_or": 0.9013698697090149, "sender_entropy": 1.5191638469696045, "receiver_entropy": 0.0, "original_loss": 0.25879889726638794, "mean_length": 6.0}
{"mode": "test", "epoch": 188, "loss": 3.595431089401245, "acc": 0.9863013625144958, "acc_or": 0.9965753555297852, "sender_entropy": 1.6348776817321777, "receiver_entropy": 0.0, "original_loss": 0.06738564372062683, "mean_length": 6.0}
{"mode": "train", "epoch": 189, "loss": 3.8267619609832764, "acc": 0.6607306003570557, "acc_or": 0.9030250906944275, "sender_entropy": 1.52644944190979, "receiver_entropy": 0.0, "original_loss": 0.2532437741756439, "mean_length": 6.0}
{"mode": "test", "epoch": 189, "loss": 3.5939035415649414, "acc": 0.9726027250289917, "acc_or": 0.9931506514549255, "sender_entropy": 1.636907935142517, "receiver_entropy": 0.0, "original_loss": 0.06813210994005203, "mean_length": 6.0}
{"mode": "train", "epoch": 190, "loss": 3.6921370029449463, "acc": 0.6442922353744507, "acc_or": 0.8967465758323669, "sender_entropy": 1.5262819528579712, "receiver_entropy": 0.0, "original_loss": 0.264374315738678, "mean_length": 6.0}
{"mode": "test", "epoch": 190, "loss": 3.5116395950317383, "acc": 0.9589040875434875, "acc_or": 0.9897260069847107, "sender_entropy": 1.627604603767395, "receiver_entropy": 0.0, "original_loss": 0.07101542502641678, "mean_length": 6.0}
{"mode": "train", "epoch": 191, "loss": 3.8121883869171143, "acc": 0.6762557029724121, "acc_or": 0.9055365324020386, "sender_entropy": 1.5135458707809448, "receiver_entropy": 0.0, "original_loss": 0.24546784162521362, "mean_length": 6.0}
{"mode": "test", "epoch": 191, "loss": 3.473588228225708, "acc": 0.9726027250289917, "acc_or": 0.9931506514549255, "sender_entropy": 1.61197030544281, "receiver_entropy": 0.0, "original_loss": 0.07230906188488007, "mean_length": 6.0}
{"mode": "train", "epoch": 192, "loss": 3.7608120441436768, "acc": 0.6735159754753113, "acc_or": 0.9051940441131592, "sender_entropy": 1.502532720565796, "receiver_entropy": 0.0, "original_loss": 0.24581342935562134, "mean_length": 6.0}
{"mode": "test", "epoch": 192, "loss": 3.6198720932006836, "acc": 1.0, "acc_or": 1.0, "sender_entropy": 1.6244330406188965, "receiver_entropy": 0.0, "original_loss": 0.059033721685409546, "mean_length": 6.0}
{"epoch": 192, "positional_disent": 0.1038462296128273, "bag_of_symbol_disent": 0.11991211026906967, "topographic_sim": 0.512656159873886}
{"generalization hold out": {"acc": 0.953703761100769, "acc_or": 0.9814814329147339}, "uniform holdout": {"acc": 0.625, "acc_or": 0.90625}, "epoch": 192}
---End--
