nohup: ignoring input
{"mode": "train", "epoch": 1, "loss": -4.1532314504895895, "acc": 0.0018468325392210058, "acc_or": 0.04493582674435207, "sender_entropy": 2.3004115649632046, "receiver_entropy": 0.0, "original_loss": 3.2025062356676375, "mean_length": 6.0}
{"mode": "test", "epoch": 1, "loss": 2.247274398803711, "acc": 0.0, "acc_or": 0.05009634047746658, "sender_entropy": 2.3000104427337646, "receiver_entropy": 0.0, "original_loss": 3.1863739490509033, "mean_length": 6.0}
{"mode": "train", "epoch": 2, "loss": 2.2551321302141463, "acc": 0.002778220788708755, "acc_or": 0.04522613808512688, "sender_entropy": 2.300346715109689, "receiver_entropy": 0.0, "original_loss": 3.180739845548357, "mean_length": 6.0}
{"mode": "test", "epoch": 2, "loss": 2.205557346343994, "acc": 0.0, "acc_or": 0.034682080149650574, "sender_entropy": 2.3005950450897217, "receiver_entropy": 0.0, "original_loss": 3.1781625747680664, "mean_length": 6.0}
{"mode": "train", "epoch": 3, "loss": 2.1623426505497525, "acc": 0.002070046786684543, "acc_or": 0.043327488005161285, "sender_entropy": 2.301055874143328, "receiver_entropy": 0.0, "original_loss": 3.1799864768981934, "mean_length": 6.0}
{"mode": "test", "epoch": 3, "loss": 2.3477072715759277, "acc": 0.0, "acc_or": 0.04816955700516701, "sender_entropy": 2.3010997772216797, "receiver_entropy": 0.0, "original_loss": 3.1623892784118652, "mean_length": 6.0}
{"mode": "train", "epoch": 4, "loss": 2.1469132559640065, "acc": 0.002465986497034984, "acc_or": 0.04601004560078893, "sender_entropy": 2.3012116977146695, "receiver_entropy": 0.0, "original_loss": 3.177848986216954, "mean_length": 6.0}
{"mode": "test", "epoch": 4, "loss": 2.5632073879241943, "acc": 0.0019267823081463575, "acc_or": 0.08670520037412643, "sender_entropy": 2.3013665676116943, "receiver_entropy": 0.0, "original_loss": 3.1424314975738525, "mean_length": 6.0}
{"mode": "train", "epoch": 5, "loss": 2.1323041575295583, "acc": 0.0018136161213208521, "acc_or": 0.047204507780926566, "sender_entropy": 2.3013621738978793, "receiver_entropy": 0.0, "original_loss": 3.17667133467538, "mean_length": 6.0}
{"mode": "test", "epoch": 5, "loss": 2.681997537612915, "acc": 0.003853564616292715, "acc_or": 0.10211946070194244, "sender_entropy": 2.301226854324341, "receiver_entropy": 0.0, "original_loss": 3.1306896209716797, "mean_length": 6.0}
{"mode": "train", "epoch": 6, "loss": 2.1241110052381242, "acc": 0.002042145035894854, "acc_or": 0.047807717961924415, "sender_entropy": 2.3011889457702637, "receiver_entropy": 0.0, "original_loss": 3.1755696705409457, "mean_length": 6.0}
{"mode": "test", "epoch": 6, "loss": 3.0278632640838623, "acc": 0.01541425846517086, "acc_or": 0.1589595377445221, "sender_entropy": 2.300877809524536, "receiver_entropy": 0.0, "original_loss": 3.1009347438812256, "mean_length": 6.0}
{"mode": "train", "epoch": 7, "loss": 2.122669151851109, "acc": 0.0027117879196469274, "acc_or": 0.049230708075421195, "sender_entropy": 2.300643273762294, "receiver_entropy": 0.0, "original_loss": 3.1742699486868724, "mean_length": 6.0}
{"mode": "test", "epoch": 7, "loss": 3.306302070617676, "acc": 0.01541425846517086, "acc_or": 0.18882466852664948, "sender_entropy": 2.2996201515197754, "receiver_entropy": 0.0, "original_loss": 3.0751755237579346, "mean_length": 6.0}
{"mode": "train", "epoch": 8, "loss": 2.1510541439056396, "acc": 0.003665763252813901, "acc_or": 0.05478515742080552, "sender_entropy": 2.2987380027770996, "receiver_entropy": 0.0, "original_loss": 3.17063307762146, "mean_length": 6.0}
{"mode": "test", "epoch": 8, "loss": 3.735257148742676, "acc": 0.017341040074825287, "acc_or": 0.20038536190986633, "sender_entropy": 2.295668840408325, "receiver_entropy": 0.0, "original_loss": 3.0321645736694336, "mean_length": 6.0}
{"mode": "train", "epoch": 9, "loss": 2.2762342180524553, "acc": 0.004708758588614208, "acc_or": 0.0650530154151576, "sender_entropy": 2.2888543946402415, "receiver_entropy": 0.0, "original_loss": 3.1582240717751637, "mean_length": 6.0}
{"mode": "test", "epoch": 9, "loss": 4.62685489654541, "acc": 0.013487475924193859, "acc_or": 0.1791907548904419, "sender_entropy": 2.2665152549743652, "receiver_entropy": 0.0, "original_loss": 2.9193315505981445, "mean_length": 6.0}
{"mode": "train", "epoch": 10, "loss": 3.4071108954293385, "acc": 0.008029071148484945, "acc_or": 0.10113002359867096, "sender_entropy": 2.189304385866438, "receiver_entropy": 0.0, "original_loss": 3.043532337461199, "mean_length": 6.0}
{"mode": "test", "epoch": 10, "loss": 4.498408317565918, "acc": 0.013487475924193859, "acc_or": 0.17244701087474823, "sender_entropy": 2.0510354042053223, "receiver_entropy": 0.0, "original_loss": 2.7728796005249023, "mean_length": 6.0}
{"mode": "train", "epoch": 11, "loss": 5.481424672263009, "acc": 0.016131218389741013, "acc_or": 0.15895913541316986, "sender_entropy": 1.9937917164393835, "receiver_entropy": 0.0, "original_loss": 2.7855328491755893, "mean_length": 6.0}
{"mode": "test", "epoch": 11, "loss": 5.016020774841309, "acc": 0.017341040074825287, "acc_or": 0.21579961478710175, "sender_entropy": 1.9118398427963257, "receiver_entropy": 0.0, "original_loss": 2.5771431922912598, "mean_length": 6.0}
{"mode": "train", "epoch": 12, "loss": 6.733401843479702, "acc": 0.02660900354385376, "acc_or": 0.2083027788570949, "sender_entropy": 1.8441294431686401, "receiver_entropy": 0.0, "original_loss": 2.568998336791992, "mean_length": 6.0}
{"mode": "test", "epoch": 12, "loss": 6.042154312133789, "acc": 0.026974951848387718, "acc_or": 0.2524084746837616, "sender_entropy": 1.910068154335022, "receiver_entropy": 0.0, "original_loss": 2.3975162506103516, "mean_length": 6.0}
{"mode": "train", "epoch": 13, "loss": 7.194323880331857, "acc": 0.034639403223991394, "acc_or": 0.23621452919074468, "sender_entropy": 1.7948808670043945, "receiver_entropy": 0.0, "original_loss": 2.4536069461277554, "mean_length": 6.0}
{"mode": "test", "epoch": 13, "loss": 6.241306304931641, "acc": 0.038535647094249725, "acc_or": 0.28709056973457336, "sender_entropy": 1.8397183418273926, "receiver_entropy": 0.0, "original_loss": 2.2810542583465576, "mean_length": 6.0}
{"mode": "train", "epoch": 14, "loss": 7.787733146122524, "acc": 0.04398915969899723, "acc_or": 0.27030852011271883, "sender_entropy": 1.715187702860151, "receiver_entropy": 0.0, "original_loss": 2.316209759031023, "mean_length": 6.0}
{"mode": "test", "epoch": 14, "loss": 6.374440670013428, "acc": 0.040462426841259, "acc_or": 0.3034682273864746, "sender_entropy": 1.8228471279144287, "receiver_entropy": 0.0, "original_loss": 2.2077760696411133, "mean_length": 6.0}
{"mode": "train", "epoch": 15, "loss": 8.176027434212822, "acc": 0.05263472667762211, "acc_or": 0.2959509236471994, "sender_entropy": 1.7047502143042428, "receiver_entropy": 0.0, "original_loss": 2.2095651626586914, "mean_length": 6.0}
{"mode": "test", "epoch": 15, "loss": 6.755794525146484, "acc": 0.05587668716907501, "acc_or": 0.34489402174949646, "sender_entropy": 1.7949280738830566, "receiver_entropy": 0.0, "original_loss": 2.0592644214630127, "mean_length": 6.0}
{"mode": "train", "epoch": 16, "loss": 8.495628220694405, "acc": 0.06626807259661811, "acc_or": 0.3311437112944467, "sender_entropy": 1.6253015824726649, "receiver_entropy": 0.0, "original_loss": 2.075814860207694, "mean_length": 6.0}
{"mode": "test", "epoch": 16, "loss": 7.46339225769043, "acc": 0.08477842062711716, "acc_or": 0.4017341136932373, "sender_entropy": 1.7234537601470947, "receiver_entropy": 0.0, "original_loss": 1.8412659168243408, "mean_length": 6.0}
{"mode": "train", "epoch": 17, "loss": 9.042626653398786, "acc": 0.08614344362701688, "acc_or": 0.37257520641599384, "sender_entropy": 1.5356173004422868, "receiver_entropy": 0.0, "original_loss": 1.9062017372676305, "mean_length": 6.0}
{"mode": "test", "epoch": 17, "loss": 7.866517066955566, "acc": 0.11175337433815002, "acc_or": 0.45375722646713257, "sender_entropy": 1.6789665222167969, "receiver_entropy": 0.0, "original_loss": 1.6593505144119263, "mean_length": 6.0}
{"mode": "train", "epoch": 18, "loss": 9.239827156066895, "acc": 0.10122502275875636, "acc_or": 0.40314493434769766, "sender_entropy": 1.500386425427028, "receiver_entropy": 0.0, "original_loss": 1.7956974165780204, "mean_length": 6.0}
{"mode": "test", "epoch": 18, "loss": 7.666025161743164, "acc": 0.15606936812400818, "acc_or": 0.48362237215042114, "sender_entropy": 1.62498140335083, "receiver_entropy": 0.0, "original_loss": 1.5896894931793213, "mean_length": 6.0}
{"mode": "train", "epoch": 19, "loss": 9.3251553944179, "acc": 0.11805644418512072, "acc_or": 0.43035316467285156, "sender_entropy": 1.4310029404503959, "receiver_entropy": 0.0, "original_loss": 1.6849226781300135, "mean_length": 6.0}
{"mode": "test", "epoch": 19, "loss": 7.738968849182129, "acc": 0.1387283205986023, "acc_or": 0.5038535594940186, "sender_entropy": 1.5656771659851074, "receiver_entropy": 0.0, "original_loss": 1.4358011484146118, "mean_length": 6.0}
{"mode": "train", "epoch": 20, "loss": 9.297318458557129, "acc": 0.14500425543103898, "acc_or": 0.4666646846703121, "sender_entropy": 1.3808683156967163, "receiver_entropy": 0.0, "original_loss": 1.582452348300389, "mean_length": 6.0}
{"mode": "test", "epoch": 20, "loss": 7.5681538581848145, "acc": 0.2042389214038849, "acc_or": 0.5375722646713257, "sender_entropy": 1.5379868745803833, "receiver_entropy": 0.0, "original_loss": 1.3369970321655273, "mean_length": 6.0}
{"mode": "train", "epoch": 21, "loss": 9.151203836713519, "acc": 0.15991975367069244, "acc_or": 0.48095504300934927, "sender_entropy": 1.3527799844741821, "receiver_entropy": 0.0, "original_loss": 1.51409079347338, "mean_length": 6.0}
{"mode": "test", "epoch": 21, "loss": 7.307921409606934, "acc": 0.21579961478710175, "acc_or": 0.5520231127738953, "sender_entropy": 1.5219472646713257, "receiver_entropy": 0.0, "original_loss": 1.3156452178955078, "mean_length": 6.0}
{"mode": "train", "epoch": 22, "loss": 9.06997435433524, "acc": 0.1667822620698384, "acc_or": 0.4908807746001652, "sender_entropy": 1.3553954873766219, "receiver_entropy": 0.0, "original_loss": 1.4705189296177454, "mean_length": 6.0}
{"mode": "test", "epoch": 22, "loss": 7.72792911529541, "acc": 0.24084778130054474, "acc_or": 0.5934489369392395, "sender_entropy": 1.528025507926941, "receiver_entropy": 0.0, "original_loss": 1.1781240701675415, "mean_length": 6.0}
{"mode": "train", "epoch": 23, "loss": 9.036544799804688, "acc": 0.19205729237624578, "acc_or": 0.5175097073827472, "sender_entropy": 1.3272303002221244, "receiver_entropy": 0.0, "original_loss": 1.3992244345801217, "mean_length": 6.0}
{"mode": "test", "epoch": 23, "loss": 7.380550861358643, "acc": 0.2601156234741211, "acc_or": 0.6021194458007812, "sender_entropy": 1.4954888820648193, "receiver_entropy": 0.0, "original_loss": 1.1446622610092163, "mean_length": 6.0}
{"mode": "train", "epoch": 24, "loss": 8.946789332798549, "acc": 0.20466358746801103, "acc_or": 0.5269823585237775, "sender_entropy": 1.305311816079276, "receiver_entropy": 0.0, "original_loss": 1.3378057990755354, "mean_length": 6.0}
{"mode": "test", "epoch": 24, "loss": 7.233654975891113, "acc": 0.2928709089756012, "acc_or": 0.6242774724960327, "sender_entropy": 1.4711508750915527, "receiver_entropy": 0.0, "original_loss": 1.0680187940597534, "mean_length": 6.0}
{"mode": "train", "epoch": 25, "loss": 8.812837055751256, "acc": 0.2296928188630513, "acc_or": 0.5522387964384896, "sender_entropy": 1.2815973588398524, "receiver_entropy": 0.0, "original_loss": 1.2779693603515625, "mean_length": 6.0}
{"mode": "test", "epoch": 25, "loss": 7.128241539001465, "acc": 0.33718690276145935, "acc_or": 0.6454720497131348, "sender_entropy": 1.4656901359558105, "receiver_entropy": 0.0, "original_loss": 1.0142476558685303, "mean_length": 6.0}
{"mode": "train", "epoch": 26, "loss": 8.438688278198242, "acc": 0.2427880551133837, "acc_or": 0.5613274659429278, "sender_entropy": 1.2667006424495153, "receiver_entropy": 0.0, "original_loss": 1.2618111712591988, "mean_length": 6.0}
{"mode": "test", "epoch": 26, "loss": 6.75252103805542, "acc": 0.3429672420024872, "acc_or": 0.6570327877998352, "sender_entropy": 1.4334406852722168, "receiver_entropy": 0.0, "original_loss": 1.0169633626937866, "mean_length": 6.0}
{"mode": "train", "epoch": 27, "loss": 8.434248515537806, "acc": 0.2628082547869001, "acc_or": 0.5835200292723519, "sender_entropy": 1.2450082302093506, "receiver_entropy": 0.0, "original_loss": 1.1957808903285436, "mean_length": 6.0}
{"mode": "test", "epoch": 27, "loss": 6.640583038330078, "acc": 0.36994218826293945, "acc_or": 0.6743738055229187, "sender_entropy": 1.4122978448867798, "receiver_entropy": 0.0, "original_loss": 0.9490673542022705, "mean_length": 6.0}
{"mode": "train", "epoch": 28, "loss": 8.275287083217076, "acc": 0.2798615608896528, "acc_or": 0.5945717862674168, "sender_entropy": 1.239685331072126, "receiver_entropy": 0.0, "original_loss": 1.1654757601874215, "mean_length": 6.0}
{"mode": "test", "epoch": 28, "loss": 6.718100547790527, "acc": 0.4296724498271942, "acc_or": 0.7052023410797119, "sender_entropy": 1.4225413799285889, "receiver_entropy": 0.0, "original_loss": 0.8945890069007874, "mean_length": 6.0}
{"mode": "train", "epoch": 29, "loss": 8.168171882629395, "acc": 0.29017326661518644, "acc_or": 0.5903659207480294, "sender_entropy": 1.2596779891422816, "receiver_entropy": 0.0, "original_loss": 1.1421468598502023, "mean_length": 6.0}
{"mode": "test", "epoch": 29, "loss": 6.797571182250977, "acc": 0.47398844361305237, "acc_or": 0.7283236980438232, "sender_entropy": 1.4298317432403564, "receiver_entropy": 0.0, "original_loss": 0.8295553922653198, "mean_length": 6.0}
{"mode": "train", "epoch": 30, "loss": 8.015448774610247, "acc": 0.3130553833075932, "acc_or": 0.6105634995869228, "sender_entropy": 1.2386252539498466, "receiver_entropy": 0.0, "original_loss": 1.0993395021983556, "mean_length": 6.0}
{"mode": "test", "epoch": 30, "loss": 6.445852279663086, "acc": 0.4778420031070709, "acc_or": 0.7331406474113464, "sender_entropy": 1.3638083934783936, "receiver_entropy": 0.0, "original_loss": 0.7827780842781067, "mean_length": 6.0}
{"mode": "train", "epoch": 31, "loss": 7.92866359438215, "acc": 0.34385762895856586, "acc_or": 0.6317097289221627, "sender_entropy": 1.1769982065473283, "receiver_entropy": 0.0, "original_loss": 1.0229243210383825, "mean_length": 6.0}
{"mode": "test", "epoch": 31, "loss": 6.133368968963623, "acc": 0.4778420031070709, "acc_or": 0.7235067486763, "sender_entropy": 1.331182837486267, "receiver_entropy": 0.0, "original_loss": 0.7726773023605347, "mean_length": 6.0}
{"mode": "train", "epoch": 32, "loss": 7.629112788609096, "acc": 0.37264430097171236, "acc_or": 0.6408176677567619, "sender_entropy": 1.1569695813315255, "receiver_entropy": 0.0, "original_loss": 0.9975596410887582, "mean_length": 6.0}
{"mode": "test", "epoch": 32, "loss": 5.939706802368164, "acc": 0.5356454849243164, "acc_or": 0.7601156234741211, "sender_entropy": 1.2941819429397583, "receiver_entropy": 0.0, "original_loss": 0.7203519940376282, "mean_length": 6.0}
{"mode": "train", "epoch": 33, "loss": 7.574245452880859, "acc": 0.3993542790412903, "acc_or": 0.6635861907686506, "sender_entropy": 1.1205166918890817, "receiver_entropy": 0.0, "original_loss": 0.9320825934410095, "mean_length": 6.0}
{"mode": "test", "epoch": 33, "loss": 5.8814697265625, "acc": 0.5953757166862488, "acc_or": 0.7880539894104004, "sender_entropy": 1.2687304019927979, "receiver_entropy": 0.0, "original_loss": 0.6615455150604248, "mean_length": 6.0}
{"mode": "train", "epoch": 34, "loss": 7.50098637172154, "acc": 0.4238879254886082, "acc_or": 0.6754298380443028, "sender_entropy": 1.1303553581237793, "receiver_entropy": 0.0, "original_loss": 0.9060272489275251, "mean_length": 6.0}
{"mode": "test", "epoch": 34, "loss": 5.9719343185424805, "acc": 0.6300578117370605, "acc_or": 0.8082851767539978, "sender_entropy": 1.2709201574325562, "receiver_entropy": 0.0, "original_loss": 0.5962181687355042, "mean_length": 6.0}
{"mode": "train", "epoch": 35, "loss": 7.440487452915737, "acc": 0.44209317224366323, "acc_or": 0.6897540773664202, "sender_entropy": 1.1194580963679723, "receiver_entropy": 0.0, "original_loss": 0.8646130646978106, "mean_length": 6.0}
{"mode": "test", "epoch": 35, "loss": 5.71265172958374, "acc": 0.6319845914840698, "acc_or": 0.8073217868804932, "sender_entropy": 1.2513940334320068, "receiver_entropy": 0.0, "original_loss": 0.5799763798713684, "mean_length": 6.0}
{"mode": "train", "epoch": 36, "loss": 7.401071207863944, "acc": 0.4719454220363072, "acc_or": 0.7061457123075213, "sender_entropy": 1.0995481865746635, "receiver_entropy": 0.0, "original_loss": 0.8117416415895734, "mean_length": 6.0}
{"mode": "test", "epoch": 36, "loss": 5.6406025886535645, "acc": 0.6724470257759094, "acc_or": 0.8294797539710999, "sender_entropy": 1.222244381904602, "receiver_entropy": 0.0, "original_loss": 0.5240932106971741, "mean_length": 6.0}
{"mode": "train", "epoch": 37, "loss": 7.311532633645194, "acc": 0.5058155485561916, "acc_or": 0.7296396834509713, "sender_entropy": 1.0739609173366003, "receiver_entropy": 0.0, "original_loss": 0.7641390306609017, "mean_length": 6.0}
{"mode": "test", "epoch": 37, "loss": 5.523998737335205, "acc": 0.7071291208267212, "acc_or": 0.8506743907928467, "sender_entropy": 1.189275860786438, "receiver_entropy": 0.0, "original_loss": 0.48494255542755127, "mean_length": 6.0}
{"mode": "train", "epoch": 38, "loss": 7.184132439749582, "acc": 0.5259606412478856, "acc_or": 0.7409764357975551, "sender_entropy": 1.0510305677141463, "receiver_entropy": 0.0, "original_loss": 0.7244228720664978, "mean_length": 6.0}
{"mode": "test", "epoch": 38, "loss": 5.316235542297363, "acc": 0.7148362398147583, "acc_or": 0.8545279502868652, "sender_entropy": 1.1801608800888062, "receiver_entropy": 0.0, "original_loss": 0.4694562554359436, "mean_length": 6.0}
{"mode": "train", "epoch": 39, "loss": 7.019201346806118, "acc": 0.5450016004698617, "acc_or": 0.7481425659997123, "sender_entropy": 1.0442267315728324, "receiver_entropy": 0.0, "original_loss": 0.7071893470627921, "mean_length": 6.0}
{"mode": "test", "epoch": 39, "loss": 5.259676456451416, "acc": 0.7514451146125793, "acc_or": 0.8709055781364441, "sender_entropy": 1.1640008687973022, "receiver_entropy": 0.0, "original_loss": 0.44415614008903503, "mean_length": 6.0}
{"mode": "train", "epoch": 40, "loss": 6.8073248863220215, "acc": 0.5463316014834813, "acc_or": 0.750386655330658, "sender_entropy": 1.0423020124435425, "receiver_entropy": 0.0, "original_loss": 0.7025158064705985, "mean_length": 6.0}
{"mode": "test", "epoch": 40, "loss": 4.898609638214111, "acc": 0.712909460067749, "acc_or": 0.849711000919342, "sender_entropy": 1.140042781829834, "receiver_entropy": 0.0, "original_loss": 0.4488539695739746, "mean_length": 6.0}
{"mode": "train", "epoch": 41, "loss": 6.781525271279471, "acc": 0.5885429978370667, "acc_or": 0.7746532303946358, "sender_entropy": 1.016629593712943, "receiver_entropy": 0.0, "original_loss": 0.6422658051763263, "mean_length": 6.0}
{"mode": "test", "epoch": 41, "loss": 4.9973931312561035, "acc": 0.8400771021842957, "acc_or": 0.9200385808944702, "sender_entropy": 1.1107409000396729, "receiver_entropy": 0.0, "original_loss": 0.3385453522205353, "mean_length": 6.0}
{"mode": "train", "epoch": 42, "loss": 6.71650082724435, "acc": 0.6356239489146641, "acc_or": 0.8026792492185321, "sender_entropy": 0.982496840613229, "receiver_entropy": 0.0, "original_loss": 0.5736720306532723, "mean_length": 6.0}
{"mode": "test", "epoch": 42, "loss": 4.859206199645996, "acc": 0.8400771021842957, "acc_or": 0.9190751314163208, "sender_entropy": 1.091147780418396, "receiver_entropy": 0.0, "original_loss": 0.3266124129295349, "mean_length": 6.0}
{"mode": "train", "epoch": 43, "loss": 6.378369944436209, "acc": 0.6262861490249634, "acc_or": 0.7959489396640232, "sender_entropy": 0.9703350407736642, "receiver_entropy": 0.0, "original_loss": 0.5901499731200082, "mean_length": 6.0}
{"mode": "test", "epoch": 43, "loss": 4.692910194396973, "acc": 0.8285163640975952, "acc_or": 0.9123314023017883, "sender_entropy": 1.0887436866760254, "receiver_entropy": 0.0, "original_loss": 0.3334285616874695, "mean_length": 6.0}
{"mode": "train", "epoch": 44, "loss": 6.4163834026881625, "acc": 0.6428359065737043, "acc_or": 0.8048961077417646, "sender_entropy": 0.9793209603854588, "receiver_entropy": 0.0, "original_loss": 0.5673271928514753, "mean_length": 6.0}
{"mode": "test", "epoch": 44, "loss": 4.721843719482422, "acc": 0.8265895843505859, "acc_or": 0.913294792175293, "sender_entropy": 1.0875513553619385, "receiver_entropy": 0.0, "original_loss": 0.29552656412124634, "mean_length": 6.0}
{"mode": "train", "epoch": 45, "loss": 6.378959792000907, "acc": 0.6733989715576172, "acc_or": 0.8232189416885376, "sender_entropy": 0.9716841408184597, "receiver_entropy": 0.0, "original_loss": 0.5187125248568398, "mean_length": 6.0}
{"mode": "test", "epoch": 45, "loss": 4.571705341339111, "acc": 0.8554913401603699, "acc_or": 0.9267823100090027, "sender_entropy": 1.0630147457122803, "receiver_entropy": 0.0, "original_loss": 0.26332977414131165, "mean_length": 6.0}
{"mode": "train", "epoch": 46, "loss": 6.199134826660156, "acc": 0.682198669229235, "acc_or": 0.826615001474108, "sender_entropy": 0.9553832582065037, "receiver_entropy": 0.0, "original_loss": 0.5075130803244454, "mean_length": 6.0}
{"mode": "test", "epoch": 46, "loss": 4.509037971496582, "acc": 0.8766859769821167, "acc_or": 0.9383429884910583, "sender_entropy": 1.057327151298523, "receiver_entropy": 0.0, "original_loss": 0.24672292172908783, "mean_length": 6.0}
{"mode": "train", "epoch": 47, "loss": 6.194378648485456, "acc": 0.7012409738131932, "acc_or": 0.8379710231508527, "sender_entropy": 0.9558404173169818, "receiver_entropy": 0.0, "original_loss": 0.4745566248893738, "mean_length": 6.0}
{"mode": "test", "epoch": 47, "loss": 4.442685604095459, "acc": 0.9113680124282837, "acc_or": 0.9547206163406372, "sender_entropy": 1.056540608406067, "receiver_entropy": 0.0, "original_loss": 0.21529273688793182, "mean_length": 6.0}
{"mode": "train", "epoch": 48, "loss": 6.130744457244873, "acc": 0.7231877361025129, "acc_or": 0.8490340965134757, "sender_entropy": 0.9510761754853385, "receiver_entropy": 0.0, "original_loss": 0.4513175444943564, "mean_length": 6.0}
{"mode": "test", "epoch": 48, "loss": 4.342391490936279, "acc": 0.9229287505149841, "acc_or": 0.9614643454551697, "sender_entropy": 1.040565013885498, "receiver_entropy": 0.0, "original_loss": 0.19916974008083344, "mean_length": 6.0}
{"mode": "train", "epoch": 49, "loss": 5.964212349482945, "acc": 0.7335538949285235, "acc_or": 0.8566133975982666, "sender_entropy": 0.9265863725117275, "receiver_entropy": 0.0, "original_loss": 0.42896194543157307, "mean_length": 6.0}
{"mode": "test", "epoch": 49, "loss": 4.076131343841553, "acc": 0.8940269947052002, "acc_or": 0.9470134973526001, "sender_entropy": 0.9992966055870056, "receiver_entropy": 0.0, "original_loss": 0.20210927724838257, "mean_length": 6.0}
{"mode": "train", "epoch": 50, "loss": 5.726051534925189, "acc": 0.7378042766026088, "acc_or": 0.8612882835524422, "sender_entropy": 0.8907273582049778, "receiver_entropy": 0.0, "original_loss": 0.4106836829866682, "mean_length": 6.0}
{"mode": "test", "epoch": 50, "loss": 3.901306390762329, "acc": 0.928709089756012, "acc_or": 0.9643545746803284, "sender_entropy": 0.9654927849769592, "receiver_entropy": 0.0, "original_loss": 0.18740472197532654, "mean_length": 6.0}
{"mode": "train", "epoch": 51, "loss": 5.731734003339495, "acc": 0.7633025220462254, "acc_or": 0.874006850378854, "sender_entropy": 0.8802892650876727, "receiver_entropy": 0.0, "original_loss": 0.37635635478155954, "mean_length": 6.0}
{"mode": "test", "epoch": 51, "loss": 3.8196144104003906, "acc": 0.9210019707679749, "acc_or": 0.960500955581665, "sender_entropy": 0.9647526741027832, "receiver_entropy": 0.0, "original_loss": 0.16786253452301025, "mean_length": 6.0}
{"mode": "train", "epoch": 52, "loss": 5.708841255732945, "acc": 0.766687946660178, "acc_or": 0.8755128639084953, "sender_entropy": 0.8894679546356201, "receiver_entropy": 0.0, "original_loss": 0.37015271186828613, "mean_length": 6.0}
{"mode": "test", "epoch": 52, "loss": 3.927135705947876, "acc": 0.9460501074790955, "acc_or": 0.9730250835418701, "sender_entropy": 0.9832178950309753, "receiver_entropy": 0.0, "original_loss": 0.14776696264743805, "mean_length": 6.0}
{"mode": "train", "epoch": 53, "loss": 5.665663514818464, "acc": 0.7654509544372559, "acc_or": 0.8754603947911944, "sender_entropy": 0.9082635726247515, "receiver_entropy": 0.0, "original_loss": 0.37269347480365206, "mean_length": 6.0}
{"mode": "test", "epoch": 53, "loss": 3.8421194553375244, "acc": 0.9267823100090027, "acc_or": 0.9614643454551697, "sender_entropy": 0.9907581210136414, "receiver_entropy": 0.0, "original_loss": 0.1607772260904312, "mean_length": 6.0}
{"mode": "train", "epoch": 54, "loss": 5.4098801612854, "acc": 0.7695458957127163, "acc_or": 0.8759852222033909, "sender_entropy": 0.8876843197005135, "receiver_entropy": 0.0, "original_loss": 0.3634505867958069, "mean_length": 6.0}
{"mode": "test", "epoch": 54, "loss": 3.689767837524414, "acc": 0.9441233277320862, "acc_or": 0.9720616936683655, "sender_entropy": 0.9643685221672058, "receiver_entropy": 0.0, "original_loss": 0.13763068616390228, "mean_length": 6.0}
{"mode": "train", "epoch": 55, "loss": 5.323605401175363, "acc": 0.7864384225436619, "acc_or": 0.886135493006025, "sender_entropy": 0.8696223667689732, "receiver_entropy": 0.0, "original_loss": 0.3400055638381413, "mean_length": 6.0}
{"mode": "test", "epoch": 55, "loss": 3.550926685333252, "acc": 0.9460501074790955, "acc_or": 0.9710983037948608, "sender_entropy": 0.9537986516952515, "receiver_entropy": 0.0, "original_loss": 0.13777495920658112, "mean_length": 6.0}
{"mode": "train", "epoch": 56, "loss": 5.132975918906076, "acc": 0.7799838015011379, "acc_or": 0.8818286401884896, "sender_entropy": 0.8633500167301723, "receiver_entropy": 0.0, "original_loss": 0.35020337785993305, "mean_length": 6.0}
{"mode": "test", "epoch": 56, "loss": 3.4567489624023438, "acc": 0.9171483516693115, "acc_or": 0.9585741758346558, "sender_entropy": 0.9349530339241028, "receiver_entropy": 0.0, "original_loss": 0.15350015461444855, "mean_length": 6.0}
{"mode": "train", "epoch": 57, "loss": 5.106495789119175, "acc": 0.800524822303227, "acc_or": 0.8942416054861886, "sender_entropy": 0.8616214224270412, "receiver_entropy": 0.0, "original_loss": 0.32652963059289114, "mean_length": 6.0}
{"mode": "test", "epoch": 57, "loss": 3.4210474491119385, "acc": 0.9556840062141418, "acc_or": 0.9778420329093933, "sender_entropy": 0.9317507147789001, "receiver_entropy": 0.0, "original_loss": 0.1280357986688614, "mean_length": 6.0}
{"mode": "train", "epoch": 58, "loss": 5.101709365844727, "acc": 0.809192989553724, "acc_or": 0.8991197858537946, "sender_entropy": 0.8477192180497306, "receiver_entropy": 0.0, "original_loss": 0.30427664518356323, "mean_length": 6.0}
{"mode": "test", "epoch": 58, "loss": 3.414207935333252, "acc": 0.9421965479850769, "acc_or": 0.9710983037948608, "sender_entropy": 0.921022355556488, "receiver_entropy": 0.0, "original_loss": 0.11521761119365692, "mean_length": 6.0}
{"mode": "train", "epoch": 59, "loss": 5.05915778023856, "acc": 0.811108912740435, "acc_or": 0.9008058309555054, "sender_entropy": 0.8531283565929958, "receiver_entropy": 0.0, "original_loss": 0.2957072343145098, "mean_length": 6.0}
{"mode": "test", "epoch": 59, "loss": 3.3317437171936035, "acc": 0.949903666973114, "acc_or": 0.9749518632888794, "sender_entropy": 0.9285904765129089, "receiver_entropy": 0.0, "original_loss": 0.12527330219745636, "mean_length": 6.0}
{"mode": "train", "epoch": 60, "loss": 4.969037737165179, "acc": 0.8191645571163723, "acc_or": 0.9030512741633824, "sender_entropy": 0.8599568179675511, "receiver_entropy": 0.0, "original_loss": 0.2943725883960724, "mean_length": 6.0}
{"mode": "test", "epoch": 60, "loss": 3.3997268676757812, "acc": 0.9768786430358887, "acc_or": 0.9874759316444397, "sender_entropy": 0.9352728724479675, "receiver_entropy": 0.0, "original_loss": 0.09084190428256989, "mean_length": 6.0}
{"mode": "train", "epoch": 61, "loss": 4.836935792650495, "acc": 0.8193837829998561, "acc_or": 0.9035462055887494, "sender_entropy": 0.8548068829945156, "receiver_entropy": 0.0, "original_loss": 0.29341871397835867, "mean_length": 6.0}
{"mode": "test", "epoch": 61, "loss": 3.274425983428955, "acc": 0.9614643454551697, "acc_or": 0.9807322025299072, "sender_entropy": 0.9229132533073425, "receiver_entropy": 0.0, "original_loss": 0.09560063481330872, "mean_length": 6.0}
{"mode": "train", "epoch": 62, "loss": 4.940860680171421, "acc": 0.8379411186490741, "acc_or": 0.9146683812141418, "sender_entropy": 0.8520661422184536, "receiver_entropy": 0.0, "original_loss": 0.2594516745635441, "mean_length": 6.0}
{"mode": "test", "epoch": 62, "loss": 3.2759416103363037, "acc": 0.978805422782898, "acc_or": 0.989402711391449, "sender_entropy": 0.9284288883209229, "receiver_entropy": 0.0, "original_loss": 0.07778909057378769, "mean_length": 6.0}
{"mode": "train", "epoch": 63, "loss": 4.908184255872454, "acc": 0.8464830602918353, "acc_or": 0.919388438974108, "sender_entropy": 0.8567670839173454, "receiver_entropy": 0.0, "original_loss": 0.25098313816956114, "mean_length": 6.0}
{"mode": "test", "epoch": 63, "loss": 3.270458936691284, "acc": 0.9807322025299072, "acc_or": 0.9903661012649536, "sender_entropy": 0.9325723648071289, "receiver_entropy": 0.0, "original_loss": 0.07423312216997147, "mean_length": 6.0}
{"mode": "train", "epoch": 64, "loss": 4.800674097878592, "acc": 0.8353024125099182, "acc_or": 0.9124289410454887, "sender_entropy": 0.8612416046006339, "receiver_entropy": 0.0, "original_loss": 0.2641634408916746, "mean_length": 6.0}
{"mode": "test", "epoch": 64, "loss": 3.17952823638916, "acc": 0.949903666973114, "acc_or": 0.9739884734153748, "sender_entropy": 0.9339352250099182, "receiver_entropy": 0.0, "original_loss": 0.0954262912273407, "mean_length": 6.0}
{"mode": "train", "epoch": 65, "loss": 4.734615530286517, "acc": 0.8316672103745597, "acc_or": 0.9116875273840768, "sender_entropy": 0.8626145124435425, "receiver_entropy": 0.0, "original_loss": 0.2623603641986847, "mean_length": 6.0}
{"mode": "test", "epoch": 65, "loss": 3.212083339691162, "acc": 0.978805422782898, "acc_or": 0.989402711391449, "sender_entropy": 0.9416110515594482, "receiver_entropy": 0.0, "original_loss": 0.07471617311239243, "mean_length": 6.0}
{"mode": "train", "epoch": 66, "loss": 4.678136825561523, "acc": 0.841679973261697, "acc_or": 0.9174472774778094, "sender_entropy": 0.8654595443180629, "receiver_entropy": 0.0, "original_loss": 0.2559603048222406, "mean_length": 6.0}
{"mode": "test", "epoch": 66, "loss": 3.144540786743164, "acc": 0.9595375657081604, "acc_or": 0.9797688126564026, "sender_entropy": 0.9385435581207275, "receiver_entropy": 0.0, "original_loss": 0.08377528190612793, "mean_length": 6.0}
{"mode": "train", "epoch": 67, "loss": 4.611213820321219, "acc": 0.8435201559747968, "acc_or": 0.9171064666339329, "sender_entropy": 0.8627705574035645, "receiver_entropy": 0.0, "original_loss": 0.24712773731776647, "mean_length": 6.0}
{"mode": "test", "epoch": 67, "loss": 3.1222598552703857, "acc": 0.9749518632888794, "acc_or": 0.9874759316444397, "sender_entropy": 0.931191623210907, "receiver_entropy": 0.0, "original_loss": 0.0679883360862732, "mean_length": 6.0}
{"mode": "train", "epoch": 68, "loss": 4.470461709158761, "acc": 0.8510164363043649, "acc_or": 0.9217780232429504, "sender_entropy": 0.8464959178652082, "receiver_entropy": 0.0, "original_loss": 0.24228782526084355, "mean_length": 6.0}
{"mode": "test", "epoch": 68, "loss": 2.9555084705352783, "acc": 0.9460501074790955, "acc_or": 0.9710983037948608, "sender_entropy": 0.9175822734832764, "receiver_entropy": 0.0, "original_loss": 0.095254085958004, "mean_length": 6.0}
{"mode": "train", "epoch": 69, "loss": 4.377767290387835, "acc": 0.8448979769434247, "acc_or": 0.9183839729854039, "sender_entropy": 0.8442974942071098, "receiver_entropy": 0.0, "original_loss": 0.24596732641969407, "mean_length": 6.0}
{"mode": "test", "epoch": 69, "loss": 2.9773426055908203, "acc": 0.9672447443008423, "acc_or": 0.9836223721504211, "sender_entropy": 0.9251869916915894, "receiver_entropy": 0.0, "original_loss": 0.08518026769161224, "mean_length": 6.0}
{"mode": "train", "epoch": 70, "loss": 4.516771112169538, "acc": 0.8626939994948251, "acc_or": 0.9284817576408386, "sender_entropy": 0.8515126875468663, "receiver_entropy": 0.0, "original_loss": 0.21880987286567688, "mean_length": 6.0}
{"mode": "test", "epoch": 70, "loss": 2.9888792037963867, "acc": 0.978805422782898, "acc_or": 0.9884393215179443, "sender_entropy": 0.9295076727867126, "receiver_entropy": 0.0, "original_loss": 0.06610564887523651, "mean_length": 6.0}
{"mode": "train", "epoch": 71, "loss": 4.436500753675189, "acc": 0.864741461617606, "acc_or": 0.9288890021187919, "sender_entropy": 0.8628587807927813, "receiver_entropy": 0.0, "original_loss": 0.2220988976103919, "mean_length": 6.0}
{"mode": "test", "epoch": 71, "loss": 3.049882411956787, "acc": 0.9884393215179443, "acc_or": 0.9942196607589722, "sender_entropy": 0.9476262927055359, "receiver_entropy": 0.0, "original_loss": 0.05408871918916702, "mean_length": 6.0}
{"mode": "train", "epoch": 72, "loss": 4.380763190133231, "acc": 0.854356689112527, "acc_or": 0.9236879689352853, "sender_entropy": 0.8734606589589801, "receiver_entropy": 0.0, "original_loss": 0.23544303221361979, "mean_length": 6.0}
{"mode": "test", "epoch": 72, "loss": 2.9861042499542236, "acc": 0.978805422782898, "acc_or": 0.989402711391449, "sender_entropy": 0.9508446455001831, "receiver_entropy": 0.0, "original_loss": 0.06292955577373505, "mean_length": 6.0}
{"mode": "train", "epoch": 73, "loss": 4.280850342341831, "acc": 0.862284779548645, "acc_or": 0.9277583020074027, "sender_entropy": 0.8532847166061401, "receiver_entropy": 0.0, "original_loss": 0.2205475526196616, "mean_length": 6.0}
{"mode": "test", "epoch": 73, "loss": 2.826422691345215, "acc": 0.9845857620239258, "acc_or": 0.9913294911384583, "sender_entropy": 0.9203044772148132, "receiver_entropy": 0.0, "original_loss": 0.05484776943922043, "mean_length": 6.0}
{"mode": "train", "epoch": 74, "loss": 4.163740703037807, "acc": 0.8660621557916913, "acc_or": 0.9298170634678432, "sender_entropy": 0.8497768555368695, "receiver_entropy": 0.0, "original_loss": 0.21595083815710886, "mean_length": 6.0}
{"mode": "test", "epoch": 74, "loss": 2.766979932785034, "acc": 0.9691715240478516, "acc_or": 0.9845857620239258, "sender_entropy": 0.9192371368408203, "receiver_entropy": 0.0, "original_loss": 0.06596096605062485, "mean_length": 6.0}
{"mode": "train", "epoch": 75, "loss": 4.072875227246966, "acc": 0.8672632575035095, "acc_or": 0.9301890816007342, "sender_entropy": 0.8345241291182381, "receiver_entropy": 0.0, "original_loss": 0.21390106209686824, "mean_length": 6.0}
{"mode": "test", "epoch": 75, "loss": 2.767636775970459, "acc": 0.978805422782898, "acc_or": 0.989402711391449, "sender_entropy": 0.9177924394607544, "receiver_entropy": 0.0, "original_loss": 0.0556991882622242, "mean_length": 6.0}
{"mode": "train", "epoch": 76, "loss": 4.107154709952218, "acc": 0.8776613133294242, "acc_or": 0.9359654188156128, "sender_entropy": 0.8336851596832275, "receiver_entropy": 0.0, "original_loss": 0.20059865074498312, "mean_length": 6.0}
{"mode": "test", "epoch": 76, "loss": 2.717898368835449, "acc": 0.9942196607589722, "acc_or": 0.9971098303794861, "sender_entropy": 0.9142412543296814, "receiver_entropy": 0.0, "original_loss": 0.046484462916851044, "mean_length": 6.0}
{"mode": "train", "epoch": 77, "loss": 4.080404009137835, "acc": 0.8772892781666347, "acc_or": 0.9358631117003304, "sender_entropy": 0.840020375592368, "receiver_entropy": 0.0, "original_loss": 0.19821816682815552, "mean_length": 6.0}
{"mode": "test", "epoch": 77, "loss": 2.761322498321533, "acc": 0.9942196607589722, "acc_or": 0.9971098303794861, "sender_entropy": 0.9296395182609558, "receiver_entropy": 0.0, "original_loss": 0.0367228202521801, "mean_length": 6.0}
{"mode": "train", "epoch": 78, "loss": 4.098578180585589, "acc": 0.8791985767228263, "acc_or": 0.9370715192386082, "sender_entropy": 0.8557268636567252, "receiver_entropy": 0.0, "original_loss": 0.19361882976123265, "mean_length": 6.0}
{"mode": "test", "epoch": 78, "loss": 2.7644152641296387, "acc": 1.0, "acc_or": 1.0, "sender_entropy": 0.939486563205719, "receiver_entropy": 0.0, "original_loss": 0.03620602935552597, "mean_length": 6.0}
{"epoch": 78, "positional_disent": 0.04757475480437279, "bag_of_symbol_disent": 0.3273925483226776, "topographic_sim": 0.2330772845413163}
{"generalization hold out": {"acc": 0.9791666865348816, "acc_or": 0.9791666865348816}, "uniform holdout": {"acc": 0.7543859481811523, "acc_or": 0.8771929740905762}, "epoch": 78}
---End--
