nohup: ignoring input
{"mode": "train", "epoch": 1, "loss": -4.150227137974331, "acc": 0.0017073235857034369, "acc_or": 0.04393468424677849, "sender_entropy": 2.3005645275115967, "receiver_entropy": 0.0, "original_loss": 3.2037672315325056, "mean_length": 6.0}
{"mode": "test", "epoch": 1, "loss": 2.243262529373169, "acc": 0.0, "acc_or": 0.03082851693034172, "sender_entropy": 2.2989749908447266, "receiver_entropy": 0.0, "original_loss": 3.1881966590881348, "mean_length": 6.0}
{"mode": "train", "epoch": 2, "loss": 2.2588758128029958, "acc": 0.0017352253822277167, "acc_or": 0.04421968066266605, "sender_entropy": 2.3002226693289622, "receiver_entropy": 0.0, "original_loss": 3.181587048939296, "mean_length": 6.0}
{"mode": "test", "epoch": 2, "loss": 2.3393301963806152, "acc": 0.0019267823081463575, "acc_or": 0.07514450699090958, "sender_entropy": 2.3007848262786865, "receiver_entropy": 0.0, "original_loss": 3.1683361530303955, "mean_length": 6.0}
{"mode": "train", "epoch": 3, "loss": 2.1713188716343472, "acc": 0.0016741071761186635, "acc_or": 0.04391874000430107, "sender_entropy": 2.301146541322981, "receiver_entropy": 0.0, "original_loss": 3.180326666150774, "mean_length": 6.0}
{"mode": "test", "epoch": 3, "loss": 2.367353916168213, "acc": 0.005780346691608429, "acc_or": 0.08188825100660324, "sender_entropy": 2.3009846210479736, "receiver_entropy": 0.0, "original_loss": 3.1617400646209717, "mean_length": 6.0}
{"mode": "train", "epoch": 4, "loss": 2.14162015914917, "acc": 0.0017578125199569123, "acc_or": 0.044192444000925334, "sender_entropy": 2.30120781489781, "receiver_entropy": 0.0, "original_loss": 3.1791541235787526, "mean_length": 6.0}
{"mode": "test", "epoch": 4, "loss": 2.5468759536743164, "acc": 0.01541425846517086, "acc_or": 0.1136801540851593, "sender_entropy": 2.301084280014038, "receiver_entropy": 0.0, "original_loss": 3.144535541534424, "mean_length": 6.0}
{"mode": "train", "epoch": 5, "loss": 2.149261576788766, "acc": 0.0018136160880593316, "acc_or": 0.046111688550029485, "sender_entropy": 2.3012984139578685, "receiver_entropy": 0.0, "original_loss": 3.176257610321045, "mean_length": 6.0}
{"mode": "test", "epoch": 5, "loss": 2.750257730484009, "acc": 0.013487475924193859, "acc_or": 0.13776493072509766, "sender_entropy": 2.3011932373046875, "receiver_entropy": 0.0, "original_loss": 3.125947952270508, "mean_length": 6.0}
{"mode": "train", "epoch": 6, "loss": 2.1345415455954417, "acc": 0.0015625000232830644, "acc_or": 0.049672487058809826, "sender_entropy": 2.3011232784816196, "receiver_entropy": 0.0, "original_loss": 3.175424746104649, "mean_length": 6.0}
{"mode": "test", "epoch": 6, "loss": 3.119762420654297, "acc": 0.011560693383216858, "acc_or": 0.1416185051202774, "sender_entropy": 2.3005900382995605, "receiver_entropy": 0.0, "original_loss": 3.0932300090789795, "mean_length": 6.0}
{"mode": "train", "epoch": 7, "loss": 2.1451217447008406, "acc": 0.002382281086673694, "acc_or": 0.050476989043610435, "sender_entropy": 2.30007427079337, "receiver_entropy": 0.0, "original_loss": 3.172908135822841, "mean_length": 6.0}
{"mode": "test", "epoch": 7, "loss": 3.530463218688965, "acc": 0.009633911773562431, "acc_or": 0.17533719539642334, "sender_entropy": 2.2980968952178955, "receiver_entropy": 0.0, "original_loss": 3.0541484355926514, "mean_length": 6.0}
{"mode": "train", "epoch": 8, "loss": 2.254681314740862, "acc": 0.003833173923859639, "acc_or": 0.06162707507610321, "sender_entropy": 2.2902844973972867, "receiver_entropy": 0.0, "original_loss": 3.1616357394627164, "mean_length": 6.0}
{"mode": "test", "epoch": 8, "loss": 4.103795051574707, "acc": 0.013487475924193859, "acc_or": 0.14547206461429596, "sender_entropy": 2.2692692279815674, "receiver_entropy": 0.0, "original_loss": 2.9776828289031982, "mean_length": 6.0}
{"mode": "train", "epoch": 9, "loss": 3.1629561356135776, "acc": 0.005718537539775882, "acc_or": 0.08701437818152565, "sender_entropy": 2.2210849353245328, "receiver_entropy": 0.0, "original_loss": 3.0702506814684187, "mean_length": 6.0}
{"mode": "test", "epoch": 9, "loss": 4.412661075592041, "acc": 0.005780346691608429, "acc_or": 0.12813101708889008, "sender_entropy": 2.19767427444458, "receiver_entropy": 0.0, "original_loss": 2.871081590652466, "mean_length": 6.0}
{"mode": "train", "epoch": 10, "loss": 4.346256937299456, "acc": 0.008118091217641319, "acc_or": 0.11301817744970322, "sender_entropy": 2.113156999860491, "receiver_entropy": 0.0, "original_loss": 2.9289215292249406, "mean_length": 6.0}
{"mode": "test", "epoch": 10, "loss": 5.322195053100586, "acc": 0.009633911773562431, "acc_or": 0.1791907548904419, "sender_entropy": 2.055171012878418, "receiver_entropy": 0.0, "original_loss": 2.661952257156372, "mean_length": 6.0}
{"mode": "train", "epoch": 11, "loss": 5.562891687665667, "acc": 0.013597470575145312, "acc_or": 0.15648982567446573, "sender_entropy": 1.9784031425203596, "receiver_entropy": 0.0, "original_loss": 2.74808474949428, "mean_length": 6.0}
{"mode": "test", "epoch": 11, "loss": 5.179288864135742, "acc": 0.02119460515677929, "acc_or": 0.20038536190986633, "sender_entropy": 1.9216512441635132, "receiver_entropy": 0.0, "original_loss": 2.5581934452056885, "mean_length": 6.0}
{"mode": "train", "epoch": 12, "loss": 6.608662128448486, "acc": 0.02421476479087557, "acc_or": 0.19261599438531057, "sender_entropy": 1.8508769273757935, "receiver_entropy": 0.0, "original_loss": 2.5707084451402937, "mean_length": 6.0}
{"mode": "test", "epoch": 12, "loss": 5.483294486999512, "acc": 0.023121386766433716, "acc_or": 0.20809249579906464, "sender_entropy": 1.9109901189804077, "receiver_entropy": 0.0, "original_loss": 2.456220865249634, "mean_length": 6.0}
{"mode": "train", "epoch": 13, "loss": 7.0832655770438055, "acc": 0.02744074272257941, "acc_or": 0.21355030579226358, "sender_entropy": 1.8244991302490234, "receiver_entropy": 0.0, "original_loss": 2.4687605585370744, "mean_length": 6.0}
{"mode": "test", "epoch": 13, "loss": 5.998907089233398, "acc": 0.026974951848387718, "acc_or": 0.2504816949367523, "sender_entropy": 1.8916248083114624, "receiver_entropy": 0.0, "original_loss": 2.332160234451294, "mean_length": 6.0}
{"mode": "train", "epoch": 14, "loss": 7.614909648895264, "acc": 0.033171237845505984, "acc_or": 0.23800157223429, "sender_entropy": 1.7652492693492345, "receiver_entropy": 0.0, "original_loss": 2.348510810307094, "mean_length": 6.0}
{"mode": "test", "epoch": 14, "loss": 6.220232963562012, "acc": 0.040462426841259, "acc_or": 0.28420040011405945, "sender_entropy": 1.826195478439331, "receiver_entropy": 0.0, "original_loss": 2.202040433883667, "mean_length": 6.0}
{"mode": "train", "epoch": 15, "loss": 7.980499335697719, "acc": 0.03917410810078893, "acc_or": 0.2754019285951342, "sender_entropy": 1.6980785131454468, "receiver_entropy": 0.0, "original_loss": 2.2314145224434987, "mean_length": 6.0}
{"mode": "test", "epoch": 15, "loss": 6.325871467590332, "acc": 0.03082851693034172, "acc_or": 0.3053950071334839, "sender_entropy": 1.8198312520980835, "receiver_entropy": 0.0, "original_loss": 2.116431951522827, "mean_length": 6.0}
{"mode": "train", "epoch": 16, "loss": 8.198958805629186, "acc": 0.04563137888908386, "acc_or": 0.3014748139040811, "sender_entropy": 1.6696364028113229, "receiver_entropy": 0.0, "original_loss": 2.13588125365121, "mean_length": 6.0}
{"mode": "test", "epoch": 16, "loss": 5.9896955490112305, "acc": 0.05009634047746658, "acc_or": 0.34489402174949646, "sender_entropy": 1.783977746963501, "receiver_entropy": 0.0, "original_loss": 2.075667142868042, "mean_length": 6.0}
{"mode": "train", "epoch": 17, "loss": 8.38202966962542, "acc": 0.05835193608488355, "acc_or": 0.33967036860329763, "sender_entropy": 1.598916734967913, "receiver_entropy": 0.0, "original_loss": 2.0289372886930193, "mean_length": 6.0}
{"mode": "test", "epoch": 17, "loss": 6.856677532196045, "acc": 0.05587668716907501, "acc_or": 0.36705201864242554, "sender_entropy": 1.7582036256790161, "receiver_entropy": 0.0, "original_loss": 1.8892120122909546, "mean_length": 6.0}
{"mode": "train", "epoch": 18, "loss": 8.29481588091169, "acc": 0.07016900660736221, "acc_or": 0.3544164640562875, "sender_entropy": 1.5588075603757585, "receiver_entropy": 0.0, "original_loss": 1.9566682066236223, "mean_length": 6.0}
{"mode": "test", "epoch": 18, "loss": 6.478987693786621, "acc": 0.059730250388383865, "acc_or": 0.3786127269268036, "sender_entropy": 1.7237420082092285, "receiver_entropy": 0.0, "original_loss": 1.8790360689163208, "mean_length": 6.0}
{"mode": "train", "epoch": 19, "loss": 8.285202435084752, "acc": 0.07502258888312749, "acc_or": 0.36926751903125216, "sender_entropy": 1.5613729442868913, "receiver_entropy": 0.0, "original_loss": 1.9062571014676775, "mean_length": 6.0}
{"mode": "test", "epoch": 19, "loss": 6.809813022613525, "acc": 0.09248554706573486, "acc_or": 0.4036608934402466, "sender_entropy": 1.7194061279296875, "receiver_entropy": 0.0, "original_loss": 1.7666997909545898, "mean_length": 6.0}
{"mode": "train", "epoch": 20, "loss": 8.359560285295759, "acc": 0.0901985030089106, "acc_or": 0.39340920533452717, "sender_entropy": 1.5297960894448417, "receiver_entropy": 0.0, "original_loss": 1.8262436560222082, "mean_length": 6.0}
{"mode": "test", "epoch": 20, "loss": 7.046631336212158, "acc": 0.11175337433815002, "acc_or": 0.4547206163406372, "sender_entropy": 1.6865328550338745, "receiver_entropy": 0.0, "original_loss": 1.6479085683822632, "mean_length": 6.0}
{"mode": "train", "epoch": 21, "loss": 8.328653608049665, "acc": 0.10092607459851674, "acc_or": 0.41526560698236736, "sender_entropy": 1.4835450649261475, "receiver_entropy": 0.0, "original_loss": 1.751547932624817, "mean_length": 6.0}
{"mode": "test", "epoch": 21, "loss": 6.722545623779297, "acc": 0.12331406772136688, "acc_or": 0.4624277651309967, "sender_entropy": 1.6357475519180298, "receiver_entropy": 0.0, "original_loss": 1.6078122854232788, "mean_length": 6.0}
{"mode": "train", "epoch": 22, "loss": 8.325859887259346, "acc": 0.11934656969138555, "acc_or": 0.439702923808779, "sender_entropy": 1.4391123737607683, "receiver_entropy": 0.0, "original_loss": 1.6773449182510376, "mean_length": 6.0}
{"mode": "test", "epoch": 22, "loss": 7.293811798095703, "acc": 0.1541425883769989, "acc_or": 0.5163776874542236, "sender_entropy": 1.6195530891418457, "receiver_entropy": 0.0, "original_loss": 1.4509636163711548, "mean_length": 6.0}
{"mode": "train", "epoch": 23, "loss": 8.263142585754395, "acc": 0.12832696097237722, "acc_or": 0.45013752579689026, "sender_entropy": 1.4166331120899744, "receiver_entropy": 0.0, "original_loss": 1.6183201244899206, "mean_length": 6.0}
{"mode": "test", "epoch": 23, "loss": 7.000585556030273, "acc": 0.1541425883769989, "acc_or": 0.5134874582290649, "sender_entropy": 1.5720840692520142, "receiver_entropy": 0.0, "original_loss": 1.4033374786376953, "mean_length": 6.0}
{"mode": "train", "epoch": 24, "loss": 8.27056816646031, "acc": 0.14911113466535295, "acc_or": 0.4759858676365444, "sender_entropy": 1.3697196756090437, "receiver_entropy": 0.0, "original_loss": 1.535147683961051, "mean_length": 6.0}
{"mode": "test", "epoch": 24, "loss": 6.812221527099609, "acc": 0.161849707365036, "acc_or": 0.5250481963157654, "sender_entropy": 1.5333184003829956, "receiver_entropy": 0.0, "original_loss": 1.3514368534088135, "mean_length": 6.0}
{"mode": "train", "epoch": 25, "loss": 8.12846987588065, "acc": 0.17006138818604605, "acc_or": 0.49430870584079195, "sender_entropy": 1.3418193885258265, "receiver_entropy": 0.0, "original_loss": 1.4900084904261999, "mean_length": 6.0}
{"mode": "test", "epoch": 25, "loss": 6.944654941558838, "acc": 0.24084778130054474, "acc_or": 0.5780346989631653, "sender_entropy": 1.529845118522644, "receiver_entropy": 0.0, "original_loss": 1.2583050727844238, "mean_length": 6.0}
{"mode": "train", "epoch": 26, "loss": 8.05949776513236, "acc": 0.17982701105730875, "acc_or": 0.4974496492317745, "sender_entropy": 1.3755903925214494, "receiver_entropy": 0.0, "original_loss": 1.4650523832866125, "mean_length": 6.0}
{"mode": "test", "epoch": 26, "loss": 7.144891262054443, "acc": 0.2601156234741211, "acc_or": 0.5857418179512024, "sender_entropy": 1.5421855449676514, "receiver_entropy": 0.0, "original_loss": 1.1917520761489868, "mean_length": 6.0}
{"mode": "train", "epoch": 27, "loss": 8.01739045551845, "acc": 0.2010828618492399, "acc_or": 0.5167005573000226, "sender_entropy": 1.3316466808319092, "receiver_entropy": 0.0, "original_loss": 1.4022802795682634, "mean_length": 6.0}
{"mode": "test", "epoch": 27, "loss": 6.732237815856934, "acc": 0.27360308170318604, "acc_or": 0.5973024964332581, "sender_entropy": 1.515112280845642, "receiver_entropy": 0.0, "original_loss": 1.1869454383850098, "mean_length": 6.0}
{"mode": "train", "epoch": 28, "loss": 8.050262928009033, "acc": 0.21492480167320796, "acc_or": 0.5263519287109375, "sender_entropy": 1.3231961386544364, "receiver_entropy": 0.0, "original_loss": 1.3552402768816267, "mean_length": 6.0}
{"mode": "test", "epoch": 28, "loss": 7.259157180786133, "acc": 0.32755300402641296, "acc_or": 0.6406551003456116, "sender_entropy": 1.5390931367874146, "receiver_entropy": 0.0, "original_loss": 1.0690351724624634, "mean_length": 6.0}
{"mode": "train", "epoch": 29, "loss": 8.041474274226598, "acc": 0.24007626942225865, "acc_or": 0.5413298606872559, "sender_entropy": 1.328876291002546, "receiver_entropy": 0.0, "original_loss": 1.3065566505704607, "mean_length": 6.0}
{"mode": "test", "epoch": 29, "loss": 7.08194637298584, "acc": 0.3680154085159302, "acc_or": 0.6608863472938538, "sender_entropy": 1.4951279163360596, "receiver_entropy": 0.0, "original_loss": 0.9924022555351257, "mean_length": 6.0}
{"mode": "train", "epoch": 30, "loss": 8.069698878696986, "acc": 0.26741470609392437, "acc_or": 0.5658243213381086, "sender_entropy": 1.2922155686787196, "receiver_entropy": 0.0, "original_loss": 1.236171109335763, "mean_length": 6.0}
{"mode": "test", "epoch": 30, "loss": 6.5865349769592285, "acc": 0.32947978377342224, "acc_or": 0.636801540851593, "sender_entropy": 1.4488248825073242, "receiver_entropy": 0.0, "original_loss": 0.9881954193115234, "mean_length": 6.0}
{"mode": "train", "epoch": 31, "loss": 8.107539245060511, "acc": 0.296763403075082, "acc_or": 0.5887104102543422, "sender_entropy": 1.2670840195247106, "receiver_entropy": 0.0, "original_loss": 1.1714155163083757, "mean_length": 6.0}
{"mode": "test", "epoch": 31, "loss": 6.955022811889648, "acc": 0.4238921105861664, "acc_or": 0.6984586119651794, "sender_entropy": 1.44395112991333, "receiver_entropy": 0.0, "original_loss": 0.8543728590011597, "mean_length": 6.0}
{"mode": "train", "epoch": 32, "loss": 8.117450032915388, "acc": 0.32355575476373943, "acc_or": 0.6030506236212594, "sender_entropy": 1.2538683414459229, "receiver_entropy": 0.0, "original_loss": 1.1096595696040563, "mean_length": 6.0}
{"mode": "test", "epoch": 32, "loss": 6.980751037597656, "acc": 0.5086705088615417, "acc_or": 0.7427746057510376, "sender_entropy": 1.4275885820388794, "receiver_entropy": 0.0, "original_loss": 0.7863587141036987, "mean_length": 6.0}
{"mode": "train", "epoch": 33, "loss": 8.08555895941598, "acc": 0.3513725144522531, "acc_or": 0.6191386410168239, "sender_entropy": 1.2434138229915075, "receiver_entropy": 0.0, "original_loss": 1.0648552860532488, "mean_length": 6.0}
{"mode": "test", "epoch": 33, "loss": 6.667177200317383, "acc": 0.5549132823944092, "acc_or": 0.7639691829681396, "sender_entropy": 1.3941532373428345, "receiver_entropy": 0.0, "original_loss": 0.7507914304733276, "mean_length": 6.0}
{"mode": "train", "epoch": 34, "loss": 8.210233279636928, "acc": 0.39103821345738005, "acc_or": 0.6506145170756749, "sender_entropy": 1.2085144690104894, "receiver_entropy": 0.0, "original_loss": 0.9762218849999564, "mean_length": 6.0}
{"mode": "test", "epoch": 34, "loss": 6.444295883178711, "acc": 0.5664740204811096, "acc_or": 0.7755298614501953, "sender_entropy": 1.341317057609558, "receiver_entropy": 0.0, "original_loss": 0.7005170583724976, "mean_length": 6.0}
{"mode": "train", "epoch": 35, "loss": 7.735030106135777, "acc": 0.3988826061998095, "acc_or": 0.6564041376113892, "sender_entropy": 1.1563837357929774, "receiver_entropy": 0.0, "original_loss": 0.9603257008961269, "mean_length": 6.0}
{"mode": "test", "epoch": 35, "loss": 6.120426177978516, "acc": 0.5799614787101746, "acc_or": 0.7822735905647278, "sender_entropy": 1.274413824081421, "receiver_entropy": 0.0, "original_loss": 0.6568886041641235, "mean_length": 6.0}
{"mode": "train", "epoch": 36, "loss": 7.56158481325422, "acc": 0.4354047179222107, "acc_or": 0.679979818207877, "sender_entropy": 1.1092368534633092, "receiver_entropy": 0.0, "original_loss": 0.90790194272995, "mean_length": 6.0}
{"mode": "test", "epoch": 36, "loss": 5.62174654006958, "acc": 0.5606936812400818, "acc_or": 0.7649325728416443, "sender_entropy": 1.2495746612548828, "receiver_entropy": 0.0, "original_loss": 0.7046337127685547, "mean_length": 6.0}
{"mode": "train", "epoch": 37, "loss": 7.356959274836949, "acc": 0.4467833297593253, "acc_or": 0.685395428112575, "sender_entropy": 1.1023124626704626, "receiver_entropy": 0.0, "original_loss": 0.8872061712401254, "mean_length": 6.0}
{"mode": "test", "epoch": 37, "loss": 5.965075969696045, "acc": 0.6820809245109558, "acc_or": 0.8333333730697632, "sender_entropy": 1.2625484466552734, "receiver_entropy": 0.0, "original_loss": 0.5747010111808777, "mean_length": 6.0}
{"mode": "train", "epoch": 38, "loss": 7.543502603258405, "acc": 0.4806308533464159, "acc_or": 0.7081333824566433, "sender_entropy": 1.0946591241019112, "receiver_entropy": 0.0, "original_loss": 0.8197476608412606, "mean_length": 6.0}
{"mode": "test", "epoch": 38, "loss": 5.890451908111572, "acc": 0.7032755613327026, "acc_or": 0.8468208312988281, "sender_entropy": 1.2432384490966797, "receiver_entropy": 0.0, "original_loss": 0.5262966156005859, "mean_length": 6.0}
{"mode": "train", "epoch": 39, "loss": 7.587504863739014, "acc": 0.5117001703807286, "acc_or": 0.7254517504147121, "sender_entropy": 1.0932834659303938, "receiver_entropy": 0.0, "original_loss": 0.7748035447938102, "mean_length": 6.0}
{"mode": "test", "epoch": 39, "loss": 5.895801544189453, "acc": 0.741811215877533, "acc_or": 0.8641618490219116, "sender_entropy": 1.2512946128845215, "receiver_entropy": 0.0, "original_loss": 0.4893340766429901, "mean_length": 6.0}
{"mode": "train", "epoch": 40, "loss": 7.375823497772217, "acc": 0.5099051381860461, "acc_or": 0.7193053875650678, "sender_entropy": 1.1133390154157365, "receiver_entropy": 0.0, "original_loss": 0.7898249200412205, "mean_length": 6.0}
{"mode": "test", "epoch": 40, "loss": 5.760268688201904, "acc": 0.741811215877533, "acc_or": 0.863198459148407, "sender_entropy": 1.2457025051116943, "receiver_entropy": 0.0, "original_loss": 0.48420894145965576, "mean_length": 6.0}
{"mode": "train", "epoch": 41, "loss": 7.416642529623849, "acc": 0.5393906916890826, "acc_or": 0.7400271211351667, "sender_entropy": 1.1105446645191737, "receiver_entropy": 0.0, "original_loss": 0.7393732581819806, "mean_length": 6.0}
{"mode": "test", "epoch": 41, "loss": 5.706250190734863, "acc": 0.799614667892456, "acc_or": 0.8949903845787048, "sender_entropy": 1.2228803634643555, "receiver_entropy": 0.0, "original_loss": 0.40917885303497314, "mean_length": 6.0}
{"mode": "train", "epoch": 42, "loss": 7.27054670878819, "acc": 0.5713555131639753, "acc_or": 0.7619187320981707, "sender_entropy": 1.0745842967714583, "receiver_entropy": 0.0, "original_loss": 0.6918210642678397, "mean_length": 6.0}
{"mode": "test", "epoch": 42, "loss": 5.461833477020264, "acc": 0.791907548904419, "acc_or": 0.889210045337677, "sender_entropy": 1.1796095371246338, "receiver_entropy": 0.0, "original_loss": 0.4009586274623871, "mean_length": 6.0}
{"mode": "train", "epoch": 43, "loss": 7.198966230664935, "acc": 0.6058128816740853, "acc_or": 0.7812320760318211, "sender_entropy": 1.0374645165034704, "receiver_entropy": 0.0, "original_loss": 0.6336586901119777, "mean_length": 6.0}
{"mode": "test", "epoch": 43, "loss": 5.232016563415527, "acc": 0.8015414476394653, "acc_or": 0.8949903845787048, "sender_entropy": 1.1541167497634888, "receiver_entropy": 0.0, "original_loss": 0.37068450450897217, "mean_length": 6.0}
{"mode": "train", "epoch": 44, "loss": 7.124310152871268, "acc": 0.6176113571439471, "acc_or": 0.789817179952349, "sender_entropy": 1.0342007194246565, "receiver_entropy": 0.0, "original_loss": 0.6123899051121303, "mean_length": 6.0}
{"mode": "test", "epoch": 44, "loss": 5.354909420013428, "acc": 0.8554913401603699, "acc_or": 0.925818920135498, "sender_entropy": 1.1663843393325806, "receiver_entropy": 0.0, "original_loss": 0.3214966952800751, "mean_length": 6.0}
{"mode": "train", "epoch": 45, "loss": 7.149512359074184, "acc": 0.6339405519621713, "acc_or": 0.8002730522836957, "sender_entropy": 1.0440132447651453, "receiver_entropy": 0.0, "original_loss": 0.580639796597617, "mean_length": 6.0}
{"mode": "test", "epoch": 45, "loss": 5.264372825622559, "acc": 0.8612716794013977, "acc_or": 0.9296724796295166, "sender_entropy": 1.1567779779434204, "receiver_entropy": 0.0, "original_loss": 0.29469677805900574, "mean_length": 6.0}
{"mode": "train", "epoch": 46, "loss": 7.060169696807861, "acc": 0.6586615443229675, "acc_or": 0.8142093334879194, "sender_entropy": 1.0191637447902135, "receiver_entropy": 0.0, "original_loss": 0.5413662450654166, "mean_length": 6.0}
{"mode": "test", "epoch": 46, "loss": 5.039979934692383, "acc": 0.8574181199073792, "acc_or": 0.9277456998825073, "sender_entropy": 1.1241124868392944, "receiver_entropy": 0.0, "original_loss": 0.28583505749702454, "mean_length": 6.0}
{"mode": "train", "epoch": 47, "loss": 6.916074139731271, "acc": 0.6696255803108215, "acc_or": 0.8188078062874931, "sender_entropy": 1.0107074975967407, "receiver_entropy": 0.0, "original_loss": 0.5256461841719491, "mean_length": 6.0}
{"mode": "test", "epoch": 47, "loss": 5.018438816070557, "acc": 0.8747591972351074, "acc_or": 0.9335260391235352, "sender_entropy": 1.1344579458236694, "receiver_entropy": 0.0, "original_loss": 0.27430617809295654, "mean_length": 6.0}
{"mode": "train", "epoch": 48, "loss": 6.804992267063686, "acc": 0.6795214329447065, "acc_or": 0.8236241936683655, "sender_entropy": 1.0078874315534319, "receiver_entropy": 0.0, "original_loss": 0.510173112154007, "mean_length": 6.0}
{"mode": "test", "epoch": 48, "loss": 4.953731060028076, "acc": 0.899807333946228, "acc_or": 0.9479768872261047, "sender_entropy": 1.1294187307357788, "receiver_entropy": 0.0, "original_loss": 0.255185067653656, "mean_length": 6.0}
{"mode": "train", "epoch": 49, "loss": 6.583724771227155, "acc": 0.6654615827969143, "acc_or": 0.8147833091872079, "sender_entropy": 1.0210913249424525, "receiver_entropy": 0.0, "original_loss": 0.5312555432319641, "mean_length": 6.0}
{"mode": "test", "epoch": 49, "loss": 4.9064154624938965, "acc": 0.8901734352111816, "acc_or": 0.9441233277320862, "sender_entropy": 1.1339406967163086, "receiver_entropy": 0.0, "original_loss": 0.2349548637866974, "mean_length": 6.0}
{"mode": "train", "epoch": 50, "loss": 6.614162649427142, "acc": 0.6996612123080662, "acc_or": 0.835378817149571, "sender_entropy": 1.0070682082857405, "receiver_entropy": 0.0, "original_loss": 0.4781643109662192, "mean_length": 6.0}
{"mode": "test", "epoch": 50, "loss": 4.604659080505371, "acc": 0.9017341136932373, "acc_or": 0.949903666973114, "sender_entropy": 1.0865869522094727, "receiver_entropy": 0.0, "original_loss": 0.2235453724861145, "mean_length": 6.0}
{"mode": "train", "epoch": 51, "loss": 6.420168399810791, "acc": 0.7318519013268607, "acc_or": 0.8540411336081368, "sender_entropy": 0.9528589163507734, "receiver_entropy": 0.0, "original_loss": 0.4304414008344923, "mean_length": 6.0}
{"mode": "test", "epoch": 51, "loss": 4.222506046295166, "acc": 0.8921002149581909, "acc_or": 0.9441233277320862, "sender_entropy": 1.020327091217041, "receiver_entropy": 0.0, "original_loss": 0.21956370770931244, "mean_length": 6.0}
{"mode": "train", "epoch": 52, "loss": 6.037014007568359, "acc": 0.7361089076314654, "acc_or": 0.8572883605957031, "sender_entropy": 0.9060328006744385, "receiver_entropy": 0.0, "original_loss": 0.4317221258367811, "mean_length": 6.0}
{"mode": "test", "epoch": 52, "loss": 4.1195759773254395, "acc": 0.913294792175293, "acc_or": 0.9556840062141418, "sender_entropy": 0.9979076385498047, "receiver_entropy": 0.0, "original_loss": 0.2051762342453003, "mean_length": 6.0}
{"mode": "train", "epoch": 53, "loss": 6.09203713280814, "acc": 0.74205995457513, "acc_or": 0.8611228551183429, "sender_entropy": 0.9225810510771615, "receiver_entropy": 0.0, "original_loss": 0.41011047789028715, "mean_length": 6.0}
{"mode": "test", "epoch": 53, "loss": 4.353816986083984, "acc": 0.9364162087440491, "acc_or": 0.9682081341743469, "sender_entropy": 1.046116828918457, "receiver_entropy": 0.0, "original_loss": 0.18110692501068115, "mean_length": 6.0}
{"mode": "train", "epoch": 54, "loss": 6.184817586626325, "acc": 0.7523743169648307, "acc_or": 0.8673761827605111, "sender_entropy": 0.9458829419953483, "receiver_entropy": 0.0, "original_loss": 0.3961671803678785, "mean_length": 6.0}
{"mode": "test", "epoch": 54, "loss": 4.176869869232178, "acc": 0.8959537744522095, "acc_or": 0.9460501074790955, "sender_entropy": 1.04678213596344, "receiver_entropy": 0.0, "original_loss": 0.21429745852947235, "mean_length": 6.0}
{"mode": "train", "epoch": 55, "loss": 5.979443958827427, "acc": 0.7458519509860447, "acc_or": 0.862913225378309, "sender_entropy": 0.9472610439573016, "receiver_entropy": 0.0, "original_loss": 0.40687696422849384, "mean_length": 6.0}
{"mode": "test", "epoch": 55, "loss": 4.291040897369385, "acc": 0.963391125202179, "acc_or": 0.9816955924034119, "sender_entropy": 1.0558815002441406, "receiver_entropy": 0.0, "original_loss": 0.15366144478321075, "mean_length": 6.0}
{"mode": "train", "epoch": 56, "loss": 6.043513093675886, "acc": 0.745227473122733, "acc_or": 0.863269967692239, "sender_entropy": 0.9723210505076817, "receiver_entropy": 0.0, "original_loss": 0.4006962903908321, "mean_length": 6.0}
{"mode": "test", "epoch": 56, "loss": 4.404803276062012, "acc": 0.9518304467201233, "acc_or": 0.975915253162384, "sender_entropy": 1.094909906387329, "receiver_entropy": 0.0, "original_loss": 0.14921614527702332, "mean_length": 6.0}
{"mode": "train", "epoch": 57, "loss": 6.05821214403425, "acc": 0.7667091914585659, "acc_or": 0.8755281567573547, "sender_entropy": 0.9711026293890817, "receiver_entropy": 0.0, "original_loss": 0.3732492540563856, "mean_length": 6.0}
{"mode": "test", "epoch": 57, "loss": 4.174013137817383, "acc": 0.963391125202179, "acc_or": 0.9816955924034119, "sender_entropy": 1.0519975423812866, "receiver_entropy": 0.0, "original_loss": 0.1260278820991516, "mean_length": 6.0}
{"mode": "train", "epoch": 58, "loss": 5.968636444636753, "acc": 0.7980468784059797, "acc_or": 0.8913850017956325, "sender_entropy": 0.9346522603716169, "receiver_entropy": 0.0, "original_loss": 0.3293530983584268, "mean_length": 6.0}
{"mode": "test", "epoch": 58, "loss": 4.022043704986572, "acc": 0.965317964553833, "acc_or": 0.9826589822769165, "sender_entropy": 1.0285589694976807, "receiver_entropy": 0.0, "original_loss": 0.12750619649887085, "mean_length": 6.0}
{"mode": "train", "epoch": 59, "loss": 5.790929521833148, "acc": 0.7961774638720921, "acc_or": 0.8918055210794721, "sender_entropy": 0.9278629847935268, "receiver_entropy": 0.0, "original_loss": 0.32516355173928396, "mean_length": 6.0}
{"mode": "test", "epoch": 59, "loss": 3.942624807357788, "acc": 0.9518304467201233, "acc_or": 0.975915253162384, "sender_entropy": 1.0283256769180298, "receiver_entropy": 0.0, "original_loss": 0.1356690376996994, "mean_length": 6.0}
{"mode": "train", "epoch": 60, "loss": 5.657505648476737, "acc": 0.7962558610098702, "acc_or": 0.8913650682994297, "sender_entropy": 0.9231108171599252, "receiver_entropy": 0.0, "original_loss": 0.323657751083374, "mean_length": 6.0}
{"mode": "test", "epoch": 60, "loss": 3.7985711097717285, "acc": 0.9518304467201233, "acc_or": 0.975915253162384, "sender_entropy": 1.0109401941299438, "receiver_entropy": 0.0, "original_loss": 0.13143715262413025, "mean_length": 6.0}
{"mode": "train", "epoch": 61, "loss": 5.56736251286098, "acc": 0.8000717673982892, "acc_or": 0.8928265997341701, "sender_entropy": 0.9129725609506879, "receiver_entropy": 0.0, "original_loss": 0.31760822023664204, "mean_length": 6.0}
{"mode": "test", "epoch": 61, "loss": 3.7687575817108154, "acc": 0.9479768872261047, "acc_or": 0.9739884734153748, "sender_entropy": 1.0098462104797363, "receiver_entropy": 0.0, "original_loss": 0.12924040853977203, "mean_length": 6.0}
{"mode": "train", "epoch": 62, "loss": 5.515205996377127, "acc": 0.8040683610098702, "acc_or": 0.8956260766301837, "sender_entropy": 0.9174419726644244, "receiver_entropy": 0.0, "original_loss": 0.31415861419269014, "mean_length": 6.0}
{"mode": "test", "epoch": 62, "loss": 3.7882139682769775, "acc": 0.9576107859611511, "acc_or": 0.978805422782898, "sender_entropy": 1.0228580236434937, "receiver_entropy": 0.0, "original_loss": 0.1156364381313324, "mean_length": 6.0}
{"mode": "train", "epoch": 63, "loss": 5.56019926071167, "acc": 0.8143747534070697, "acc_or": 0.9008629832948957, "sender_entropy": 0.9294887951442173, "receiver_entropy": 0.0, "original_loss": 0.30005242994853426, "mean_length": 6.0}
{"mode": "test", "epoch": 63, "loss": 3.785717725753784, "acc": 0.9576107859611511, "acc_or": 0.978805422782898, "sender_entropy": 1.0345590114593506, "receiver_entropy": 0.0, "original_loss": 0.11325870454311371, "mean_length": 6.0}
{"mode": "train", "epoch": 64, "loss": 5.465104579925537, "acc": 0.8112072348594666, "acc_or": 0.8996193664414542, "sender_entropy": 0.9337408031736102, "receiver_entropy": 0.0, "original_loss": 0.2994369609015329, "mean_length": 6.0}
{"mode": "test", "epoch": 64, "loss": 3.751983165740967, "acc": 0.9576107859611511, "acc_or": 0.978805422782898, "sender_entropy": 1.03090500831604, "receiver_entropy": 0.0, "original_loss": 0.10165127366781235, "mean_length": 6.0}
{"mode": "train", "epoch": 65, "loss": 5.33360413142613, "acc": 0.8113693339484078, "acc_or": 0.8998093519892011, "sender_entropy": 0.9191646746226719, "receiver_entropy": 0.0, "original_loss": 0.2929207682609558, "mean_length": 6.0}
{"mode": "test", "epoch": 65, "loss": 3.532902717590332, "acc": 0.9479768872261047, "acc_or": 0.9739884734153748, "sender_entropy": 0.9985785484313965, "receiver_entropy": 0.0, "original_loss": 0.11991430073976517, "mean_length": 6.0}
{"mode": "train", "epoch": 66, "loss": 5.111975193023682, "acc": 0.8079241258757455, "acc_or": 0.8979053923061916, "sender_entropy": 0.9002706834248134, "receiver_entropy": 0.0, "original_loss": 0.29846598846571787, "mean_length": 6.0}
{"mode": "test", "epoch": 66, "loss": 3.41664981842041, "acc": 0.9402697682380676, "acc_or": 0.9701349139213562, "sender_entropy": 0.9975731372833252, "receiver_entropy": 0.0, "original_loss": 0.13057668507099152, "mean_length": 6.0}
{"mode": "train", "epoch": 67, "loss": 5.009295736040388, "acc": 0.8058421186038426, "acc_or": 0.8962923884391785, "sender_entropy": 0.8991685254233224, "receiver_entropy": 0.0, "original_loss": 0.3015779512269156, "mean_length": 6.0}
{"mode": "test", "epoch": 67, "loss": 3.5148096084594727, "acc": 0.9441233277320862, "acc_or": 0.9720616936683655, "sender_entropy": 1.0159047842025757, "receiver_entropy": 0.0, "original_loss": 0.1104927733540535, "mean_length": 6.0}
{"mode": "train", "epoch": 68, "loss": 5.17466367994036, "acc": 0.8207762326513018, "acc_or": 0.9043673191751752, "sender_entropy": 0.9346388408115932, "receiver_entropy": 0.0, "original_loss": 0.28525671788624357, "mean_length": 6.0}
{"mode": "test", "epoch": 68, "loss": 3.691357135772705, "acc": 0.9865125417709351, "acc_or": 0.9932562708854675, "sender_entropy": 1.0542131662368774, "receiver_entropy": 0.0, "original_loss": 0.07739071547985077, "mean_length": 6.0}
{"mode": "train", "epoch": 69, "loss": 5.204129695892334, "acc": 0.8277928573744637, "acc_or": 0.909359736101968, "sender_entropy": 0.9373123390333993, "receiver_entropy": 0.0, "original_loss": 0.2719090964112963, "mean_length": 6.0}
{"mode": "test", "epoch": 69, "loss": 3.5143609046936035, "acc": 0.9595375657081604, "acc_or": 0.9797688126564026, "sender_entropy": 1.0359357595443726, "receiver_entropy": 0.0, "original_loss": 0.09925390034914017, "mean_length": 6.0}
{"mode": "train", "epoch": 70, "loss": 5.033776351383755, "acc": 0.8261679070336478, "acc_or": 0.9073900069509234, "sender_entropy": 0.9200060026986259, "receiver_entropy": 0.0, "original_loss": 0.2717307763440268, "mean_length": 6.0}
{"mode": "test", "epoch": 70, "loss": 3.458268165588379, "acc": 0.9749518632888794, "acc_or": 0.9874759316444397, "sender_entropy": 1.0252752304077148, "receiver_entropy": 0.0, "original_loss": 0.08308633416891098, "mean_length": 6.0}
{"mode": "train", "epoch": 71, "loss": 4.970188958304269, "acc": 0.8374096580914089, "acc_or": 0.9139090520995004, "sender_entropy": 0.9202386055673871, "receiver_entropy": 0.0, "original_loss": 0.26359816108431133, "mean_length": 6.0}
{"mode": "test", "epoch": 71, "loss": 3.3836159706115723, "acc": 0.9479768872261047, "acc_or": 0.9730250835418701, "sender_entropy": 1.0260998010635376, "receiver_entropy": 0.0, "original_loss": 0.10334455966949463, "mean_length": 6.0}
{"mode": "train", "epoch": 72, "loss": 4.938438756125314, "acc": 0.8403406824384417, "acc_or": 0.9159937245505196, "sender_entropy": 0.9114249433789935, "receiver_entropy": 0.0, "original_loss": 0.2528909764119557, "mean_length": 6.0}
{"mode": "test", "epoch": 72, "loss": 3.365516424179077, "acc": 0.9710983037948608, "acc_or": 0.9855491518974304, "sender_entropy": 1.0201852321624756, "receiver_entropy": 0.0, "original_loss": 0.0804649069905281, "mean_length": 6.0}
{"mode": "train", "epoch": 73, "loss": 4.928205830710275, "acc": 0.8534133263996669, "acc_or": 0.922945899622781, "sender_entropy": 0.9080522656440735, "receiver_entropy": 0.0, "original_loss": 0.2343099287578038, "mean_length": 6.0}
{"mode": "test", "epoch": 73, "loss": 3.2583208084106445, "acc": 0.9556840062141418, "acc_or": 0.9778420329093933, "sender_entropy": 1.0157294273376465, "receiver_entropy": 0.0, "original_loss": 0.09566745162010193, "mean_length": 6.0}
{"mode": "train", "epoch": 74, "loss": 4.820042542048863, "acc": 0.8362935951777867, "acc_or": 0.914120980671474, "sender_entropy": 0.9176982641220093, "receiver_entropy": 0.0, "original_loss": 0.250876641699246, "mean_length": 6.0}
{"mode": "test", "epoch": 74, "loss": 3.3925139904022217, "acc": 0.9826589822769165, "acc_or": 0.9913294911384583, "sender_entropy": 1.0442416667938232, "receiver_entropy": 0.0, "original_loss": 0.0690045952796936, "mean_length": 6.0}
{"mode": "train", "epoch": 75, "loss": 4.776036058153425, "acc": 0.8402436886514936, "acc_or": 0.9154263819966998, "sender_entropy": 0.9394649692944118, "receiver_entropy": 0.0, "original_loss": 0.2520224303007126, "mean_length": 6.0}
{"mode": "test", "epoch": 75, "loss": 3.3456060886383057, "acc": 0.9768786430358887, "acc_or": 0.9884393215179443, "sender_entropy": 1.0463920831680298, "receiver_entropy": 0.0, "original_loss": 0.07413553446531296, "mean_length": 6.0}
{"mode": "train", "epoch": 76, "loss": 4.757444177355085, "acc": 0.8450786811964852, "acc_or": 0.9177548544747489, "sender_entropy": 0.9346788355282375, "receiver_entropy": 0.0, "original_loss": 0.24241602633680617, "mean_length": 6.0}
{"mode": "test", "epoch": 76, "loss": 3.198786497116089, "acc": 0.9672447443008423, "acc_or": 0.9836223721504211, "sender_entropy": 1.0228204727172852, "receiver_entropy": 0.0, "original_loss": 0.0796218290925026, "mean_length": 6.0}
{"mode": "train", "epoch": 77, "loss": 4.666843891143799, "acc": 0.8559377789497375, "acc_or": 0.9248133386884417, "sender_entropy": 0.9055435572351728, "receiver_entropy": 0.0, "original_loss": 0.22530709207057953, "mean_length": 6.0}
{"mode": "test", "epoch": 77, "loss": 3.1633191108703613, "acc": 0.9845857620239258, "acc_or": 0.9922928810119629, "sender_entropy": 1.008582353591919, "receiver_entropy": 0.0, "original_loss": 0.06134168058633804, "mean_length": 6.0}
{"mode": "train", "epoch": 78, "loss": 4.642785753522601, "acc": 0.8622289640562875, "acc_or": 0.9281987547874451, "sender_entropy": 0.9043375338826861, "receiver_entropy": 0.0, "original_loss": 0.21472404045718058, "mean_length": 6.0}
{"mode": "test", "epoch": 78, "loss": 3.199951171875, "acc": 0.9884393215179443, "acc_or": 0.9942196607589722, "sender_entropy": 1.02866792678833, "receiver_entropy": 0.0, "original_loss": 0.0589318610727787, "mean_length": 6.0}
{"mode": "train", "epoch": 79, "loss": 4.490067481994629, "acc": 0.8368157574108669, "acc_or": 0.9144126176834106, "sender_entropy": 0.9363607934543065, "receiver_entropy": 0.0, "original_loss": 0.2515962613480432, "mean_length": 6.0}
{"mode": "test", "epoch": 79, "loss": 3.1920626163482666, "acc": 0.9730250835418701, "acc_or": 0.9865125417709351, "sender_entropy": 1.0408128499984741, "receiver_entropy": 0.0, "original_loss": 0.07183987647294998, "mean_length": 6.0}
{"mode": "train", "epoch": 80, "loss": 4.438582079751151, "acc": 0.8450547541890826, "acc_or": 0.9174359866550991, "sender_entropy": 0.9242876427514213, "receiver_entropy": 0.0, "original_loss": 0.24821245883192336, "mean_length": 6.0}
{"mode": "test", "epoch": 80, "loss": 3.1143910884857178, "acc": 0.9845857620239258, "acc_or": 0.9922928810119629, "sender_entropy": 1.024518370628357, "receiver_entropy": 0.0, "original_loss": 0.06334612518548965, "mean_length": 6.0}
{"mode": "train", "epoch": 81, "loss": 4.432881968361991, "acc": 0.851658182484763, "acc_or": 0.9215049828801837, "sender_entropy": 0.9228096859795707, "receiver_entropy": 0.0, "original_loss": 0.23707604621137893, "mean_length": 6.0}
{"mode": "test", "epoch": 81, "loss": 3.030134439468384, "acc": 0.9710983037948608, "acc_or": 0.9855491518974304, "sender_entropy": 1.0258610248565674, "receiver_entropy": 0.0, "original_loss": 0.06623053550720215, "mean_length": 6.0}
{"mode": "train", "epoch": 82, "loss": 4.359219755445208, "acc": 0.8493104491915021, "acc_or": 0.9197285771369934, "sender_entropy": 0.9259794013840812, "receiver_entropy": 0.0, "original_loss": 0.23839533967631205, "mean_length": 6.0}
{"mode": "test", "epoch": 82, "loss": 3.01120662689209, "acc": 0.9691715240478516, "acc_or": 0.9845857620239258, "sender_entropy": 1.0264958143234253, "receiver_entropy": 0.0, "original_loss": 0.07725661247968674, "mean_length": 6.0}
{"mode": "train", "epoch": 83, "loss": 4.331336906978062, "acc": 0.850349451814379, "acc_or": 0.9214611394064767, "sender_entropy": 0.9279049975531442, "receiver_entropy": 0.0, "original_loss": 0.23437788443905966, "mean_length": 6.0}
{"mode": "test", "epoch": 83, "loss": 3.0408809185028076, "acc": 0.9826589822769165, "acc_or": 0.9913294911384583, "sender_entropy": 1.0341190099716187, "receiver_entropy": 0.0, "original_loss": 0.061788756400346756, "mean_length": 6.0}
{"mode": "train", "epoch": 84, "loss": 4.224554061889648, "acc": 0.8438231008393424, "acc_or": 0.917587433542524, "sender_entropy": 0.9304240771702358, "receiver_entropy": 0.0, "original_loss": 0.24658707635743277, "mean_length": 6.0}
{"mode": "test", "epoch": 84, "loss": 3.0541024208068848, "acc": 0.9884393215179443, "acc_or": 0.9942196607589722, "sender_entropy": 1.0497868061065674, "receiver_entropy": 0.0, "original_loss": 0.05738406628370285, "mean_length": 6.0}
{"mode": "train", "epoch": 85, "loss": 4.246533666338239, "acc": 0.8463847381728036, "acc_or": 0.9187201261520386, "sender_entropy": 0.9458375913756234, "receiver_entropy": 0.0, "original_loss": 0.23998614081314631, "mean_length": 6.0}
{"mode": "test", "epoch": 85, "loss": 2.9734840393066406, "acc": 0.9710983037948608, "acc_or": 0.9855491518974304, "sender_entropy": 1.0420327186584473, "receiver_entropy": 0.0, "original_loss": 0.0664999932050705, "mean_length": 6.0}
{"mode": "train", "epoch": 86, "loss": 4.215909889766148, "acc": 0.8610982809747968, "acc_or": 0.927028204713549, "sender_entropy": 0.9220082248960223, "receiver_entropy": 0.0, "original_loss": 0.21940838651997702, "mean_length": 6.0}
{"mode": "test", "epoch": 86, "loss": 2.8863718509674072, "acc": 0.9768786430358887, "acc_or": 0.9884393215179443, "sender_entropy": 1.026229977607727, "receiver_entropy": 0.0, "original_loss": 0.05944226682186127, "mean_length": 6.0}
{"mode": "train", "epoch": 87, "loss": 4.175808770315988, "acc": 0.8631949084145683, "acc_or": 0.9279788562229702, "sender_entropy": 0.9184387751988002, "receiver_entropy": 0.0, "original_loss": 0.2151495452438082, "mean_length": 6.0}
{"mode": "test", "epoch": 87, "loss": 2.835697650909424, "acc": 0.9865125417709351, "acc_or": 0.9932562708854675, "sender_entropy": 1.020068883895874, "receiver_entropy": 0.0, "original_loss": 0.06398575007915497, "mean_length": 6.0}
{"mode": "train", "epoch": 88, "loss": 4.021527426583426, "acc": 0.856616735458374, "acc_or": 0.9236720289502826, "sender_entropy": 0.9099323323794773, "receiver_entropy": 0.0, "original_loss": 0.22344090683119638, "mean_length": 6.0}
{"mode": "test", "epoch": 88, "loss": 2.817549467086792, "acc": 0.9845857620239258, "acc_or": 0.9922928810119629, "sender_entropy": 1.011408805847168, "receiver_entropy": 0.0, "original_loss": 0.04825065657496452, "mean_length": 6.0}
{"mode": "train", "epoch": 89, "loss": 3.986915349960327, "acc": 0.8631125262805394, "acc_or": 0.9278958184378487, "sender_entropy": 0.9049672739846366, "receiver_entropy": 0.0, "original_loss": 0.2159561493567058, "mean_length": 6.0}
{"mode": "test", "epoch": 89, "loss": 2.769719123840332, "acc": 0.9903661012649536, "acc_or": 0.9951830506324768, "sender_entropy": 1.0048612356185913, "receiver_entropy": 0.0, "original_loss": 0.05052894353866577, "mean_length": 6.0}
{"mode": "train", "epoch": 90, "loss": 3.921532051903861, "acc": 0.8593750170298985, "acc_or": 0.9252378429685321, "sender_entropy": 0.910615154675075, "receiver_entropy": 0.0, "original_loss": 0.2188798827784402, "mean_length": 6.0}
{"mode": "test", "epoch": 90, "loss": 2.727708578109741, "acc": 0.9807322025299072, "acc_or": 0.9903661012649536, "sender_entropy": 1.0121831893920898, "receiver_entropy": 0.0, "original_loss": 0.056505050510168076, "mean_length": 6.0}
{"mode": "train", "epoch": 91, "loss": 3.9039550168173656, "acc": 0.8645235555512565, "acc_or": 0.9288272176470075, "sender_entropy": 0.9121076805250985, "receiver_entropy": 0.0, "original_loss": 0.2126816064119339, "mean_length": 6.0}
{"mode": "test", "epoch": 91, "loss": 2.701284170150757, "acc": 0.9865125417709351, "acc_or": 0.9932562708854675, "sender_entropy": 1.0093249082565308, "receiver_entropy": 0.0, "original_loss": 0.047852322459220886, "mean_length": 6.0}
{"mode": "train", "epoch": 92, "loss": 3.926797730582101, "acc": 0.8791919265474591, "acc_or": 0.9364829318864005, "sender_entropy": 0.8999065416199821, "receiver_entropy": 0.0, "original_loss": 0.19331789442471095, "mean_length": 6.0}
{"mode": "test", "epoch": 92, "loss": 2.6692750453948975, "acc": 0.9884393215179443, "acc_or": 0.9942196607589722, "sender_entropy": 1.0028843879699707, "receiver_entropy": 0.0, "original_loss": 0.043878693133592606, "mean_length": 6.0}
{"mode": "train", "epoch": 93, "loss": 3.864823137010847, "acc": 0.8759446740150452, "acc_or": 0.934872601713453, "sender_entropy": 0.9026641164507184, "receiver_entropy": 0.0, "original_loss": 0.20124047568866185, "mean_length": 6.0}
{"mode": "test", "epoch": 93, "loss": 2.656623125076294, "acc": 0.9942196607589722, "acc_or": 0.9971098303794861, "sender_entropy": 1.0081037282943726, "receiver_entropy": 0.0, "original_loss": 0.041329335421323776, "mean_length": 6.0}
{"mode": "train", "epoch": 94, "loss": 3.8344453743525913, "acc": 0.8676605224609375, "acc_or": 0.9308421186038426, "sender_entropy": 0.9141033036368233, "receiver_entropy": 0.0, "original_loss": 0.2041045022862298, "mean_length": 6.0}
{"mode": "test", "epoch": 94, "loss": 2.6390626430511475, "acc": 0.978805422782898, "acc_or": 0.989402711391449, "sender_entropy": 1.0204510688781738, "receiver_entropy": 0.0, "original_loss": 0.05250256136059761, "mean_length": 6.0}
{"mode": "train", "epoch": 95, "loss": 3.9145513602665494, "acc": 0.8776121480124337, "acc_or": 0.9358013357434954, "sender_entropy": 0.9209751401628766, "receiver_entropy": 0.0, "original_loss": 0.19347650238445827, "mean_length": 6.0}
{"mode": "test", "epoch": 95, "loss": 2.7099130153656006, "acc": 0.9922928810119629, "acc_or": 0.9961464405059814, "sender_entropy": 1.0292176008224487, "receiver_entropy": 0.0, "original_loss": 0.039224717766046524, "mean_length": 6.0}
{"mode": "train", "epoch": 96, "loss": 3.8713838713509694, "acc": 0.8829719509397235, "acc_or": 0.9388552478381565, "sender_entropy": 0.9142754418509347, "receiver_entropy": 0.0, "original_loss": 0.18648188880511693, "mean_length": 6.0}
{"mode": "test", "epoch": 96, "loss": 2.6591479778289795, "acc": 0.9903661012649536, "acc_or": 0.9951830506324768, "sender_entropy": 1.0238744020462036, "receiver_entropy": 0.0, "original_loss": 0.04145640879869461, "mean_length": 6.0}
{"mode": "train", "epoch": 97, "loss": 3.766834190913609, "acc": 0.8730176602091108, "acc_or": 0.9334648847579956, "sender_entropy": 0.9154591645513263, "receiver_entropy": 0.0, "original_loss": 0.19541284016200475, "mean_length": 6.0}
{"mode": "test", "epoch": 97, "loss": 2.6056606769561768, "acc": 0.9922928810119629, "acc_or": 0.9961464405059814, "sender_entropy": 1.021478533744812, "receiver_entropy": 0.0, "original_loss": 0.041842952370643616, "mean_length": 6.0}
{"mode": "train", "epoch": 98, "loss": 3.7360903194972446, "acc": 0.8710246767316546, "acc_or": 0.9326942648206439, "sender_entropy": 0.9177749667848859, "receiver_entropy": 0.0, "original_loss": 0.19789872424943106, "mean_length": 6.0}
{"mode": "test", "epoch": 98, "loss": 2.636964797973633, "acc": 0.9903661012649536, "acc_or": 0.9951830506324768, "sender_entropy": 1.041409969329834, "receiver_entropy": 0.0, "original_loss": 0.0415680967271328, "mean_length": 6.0}
{"mode": "train", "epoch": 99, "loss": 3.7027944837297713, "acc": 0.8686144862856183, "acc_or": 0.9307723641395569, "sender_entropy": 0.9429197907447815, "receiver_entropy": 0.0, "original_loss": 0.20240027563912527, "mean_length": 6.0}
{"mode": "test", "epoch": 99, "loss": 2.61366605758667, "acc": 0.9922928810119629, "acc_or": 0.9961464405059814, "sender_entropy": 1.0423738956451416, "receiver_entropy": 0.0, "original_loss": 0.043410949409008026, "mean_length": 6.0}
{"mode": "train", "epoch": 100, "loss": 3.624239546912057, "acc": 0.8719441039221627, "acc_or": 0.9323315450123378, "sender_entropy": 0.9279873285974775, "receiver_entropy": 0.0, "original_loss": 0.2000750814165388, "mean_length": 6.0}
{"mode": "test", "epoch": 100, "loss": 2.563403367996216, "acc": 0.9961464405059814, "acc_or": 0.9980732202529907, "sender_entropy": 1.0234777927398682, "receiver_entropy": 0.0, "original_loss": 0.03448231518268585, "mean_length": 6.0}
{"mode": "train", "epoch": 101, "loss": 3.574014833995274, "acc": 0.879655625138964, "acc_or": 0.9367924928665161, "sender_entropy": 0.9090410641261509, "receiver_entropy": 0.0, "original_loss": 0.1915050745010376, "mean_length": 6.0}
{"mode": "test", "epoch": 101, "loss": 2.507563829421997, "acc": 0.9903661012649536, "acc_or": 0.9951830506324768, "sender_entropy": 1.02070951461792, "receiver_entropy": 0.0, "original_loss": 0.03993438556790352, "mean_length": 6.0}
{"mode": "train", "epoch": 102, "loss": 3.581864493233817, "acc": 0.8839339103017535, "acc_or": 0.939157520021711, "sender_entropy": 0.9034987347466605, "receiver_entropy": 0.0, "original_loss": 0.18042466257299697, "mean_length": 6.0}
{"mode": "test", "epoch": 102, "loss": 2.4674084186553955, "acc": 0.9865125417709351, "acc_or": 0.9932562708854675, "sender_entropy": 1.0184581279754639, "receiver_entropy": 0.0, "original_loss": 0.0404975600540638, "mean_length": 6.0}
{"mode": "train", "epoch": 103, "loss": 3.577580656324114, "acc": 0.8861328278269086, "acc_or": 0.9404270393507821, "sender_entropy": 0.9130261540412903, "receiver_entropy": 0.0, "original_loss": 0.1804686380284173, "mean_length": 6.0}
{"mode": "test", "epoch": 103, "loss": 2.4732842445373535, "acc": 0.9903661012649536, "acc_or": 0.9942196607589722, "sender_entropy": 1.0349818468093872, "receiver_entropy": 0.0, "original_loss": 0.043967921286821365, "mean_length": 6.0}
{"mode": "train", "epoch": 104, "loss": 3.5533456121172224, "acc": 0.8849994795663017, "acc_or": 0.9393362147467477, "sender_entropy": 0.9255507418087551, "receiver_entropy": 0.0, "original_loss": 0.18248396899018968, "mean_length": 6.0}
{"mode": "test", "epoch": 104, "loss": 2.5049479007720947, "acc": 0.9942196607589722, "acc_or": 0.9971098303794861, "sender_entropy": 1.0376406908035278, "receiver_entropy": 0.0, "original_loss": 0.03306804969906807, "mean_length": 6.0}
{"mode": "train", "epoch": 105, "loss": 3.545104367392404, "acc": 0.8929169518607003, "acc_or": 0.9441512737955365, "sender_entropy": 0.9229273881231036, "receiver_entropy": 0.0, "original_loss": 0.17332417411463602, "mean_length": 6.0}
{"mode": "test", "epoch": 105, "loss": 2.4821321964263916, "acc": 0.9942196607589722, "acc_or": 0.9971098303794861, "sender_entropy": 1.033103585243225, "receiver_entropy": 0.0, "original_loss": 0.030392451211810112, "mean_length": 6.0}
{"mode": "train", "epoch": 106, "loss": 3.5044093813214983, "acc": 0.89800968340465, "acc_or": 0.9461648464202881, "sender_entropy": 0.9056181141308376, "receiver_entropy": 0.0, "original_loss": 0.1671817856175559, "mean_length": 6.0}
{"mode": "test", "epoch": 106, "loss": 2.3667497634887695, "acc": 0.9942196607589722, "acc_or": 0.9971098303794861, "sender_entropy": 1.0058921575546265, "receiver_entropy": 0.0, "original_loss": 0.03636797145009041, "mean_length": 6.0}
{"mode": "train", "epoch": 107, "loss": 3.4408816950661794, "acc": 0.8904097676277161, "acc_or": 0.9427555203437805, "sender_entropy": 0.904645494052342, "receiver_entropy": 0.0, "original_loss": 0.16888732143810817, "mean_length": 6.0}
{"mode": "test", "epoch": 107, "loss": 2.438652515411377, "acc": 0.9922928810119629, "acc_or": 0.9961464405059814, "sender_entropy": 1.035463571548462, "receiver_entropy": 0.0, "original_loss": 0.02664615400135517, "mean_length": 6.0}
{"mode": "train", "epoch": 108, "loss": 3.4303717613220215, "acc": 0.8892498527254377, "acc_or": 0.9419131534440177, "sender_entropy": 0.9271874002047947, "receiver_entropy": 0.0, "original_loss": 0.17797860290322984, "mean_length": 6.0}
{"mode": "test", "epoch": 108, "loss": 2.4115238189697266, "acc": 0.9980732202529907, "acc_or": 0.9990366101264954, "sender_entropy": 1.0426971912384033, "receiver_entropy": 0.0, "original_loss": 0.031523190438747406, "mean_length": 6.0}
{"mode": "train", "epoch": 109, "loss": 3.3666960511888777, "acc": 0.8838860733168465, "acc_or": 0.9385536313056946, "sender_entropy": 0.9257523162024361, "receiver_entropy": 0.0, "original_loss": 0.1828590759209224, "mean_length": 6.0}
{"mode": "test", "epoch": 109, "loss": 2.365607738494873, "acc": 0.9980732202529907, "acc_or": 0.9990366101264954, "sender_entropy": 1.0297267436981201, "receiver_entropy": 0.0, "original_loss": 0.028766991570591927, "mean_length": 6.0}
{"mode": "train", "epoch": 110, "loss": 3.384669372013637, "acc": 0.8932770150048392, "acc_or": 0.9432604057448251, "sender_entropy": 0.9186003804206848, "receiver_entropy": 0.0, "original_loss": 0.17045176667826517, "mean_length": 6.0}
{"mode": "test", "epoch": 110, "loss": 2.3162014484405518, "acc": 0.9845857620239258, "acc_or": 0.9922928810119629, "sender_entropy": 1.035229206085205, "receiver_entropy": 0.0, "original_loss": 0.04476959630846977, "mean_length": 6.0}
{"mode": "train", "epoch": 111, "loss": 3.297849076134818, "acc": 0.8785129955836705, "acc_or": 0.9359587771551949, "sender_entropy": 0.9362489921706063, "receiver_entropy": 0.0, "original_loss": 0.18906925192901067, "mean_length": 6.0}
{"mode": "test", "epoch": 111, "loss": 2.36887526512146, "acc": 0.9922928810119629, "acc_or": 0.9961464405059814, "sender_entropy": 1.0525763034820557, "receiver_entropy": 0.0, "original_loss": 0.03675239905714989, "mean_length": 6.0}
{"mode": "train", "epoch": 112, "loss": 3.2637589318411693, "acc": 0.8795174445424762, "acc_or": 0.9368795241628375, "sender_entropy": 0.9381600788661412, "receiver_entropy": 0.0, "original_loss": 0.18529791278498514, "mean_length": 6.0}
{"mode": "test", "epoch": 112, "loss": 2.368497610092163, "acc": 0.9961464405059814, "acc_or": 0.9980732202529907, "sender_entropy": 1.049131989479065, "receiver_entropy": 0.0, "original_loss": 0.028364451602101326, "mean_length": 6.0}
{"mode": "train", "epoch": 113, "loss": 3.252298968178885, "acc": 0.889774671622685, "acc_or": 0.9421084608350482, "sender_entropy": 0.9251290900366647, "receiver_entropy": 0.0, "original_loss": 0.17264529211180552, "mean_length": 6.0}
{"mode": "test", "epoch": 113, "loss": 2.260488748550415, "acc": 0.9884393215179443, "acc_or": 0.9942196607589722, "sender_entropy": 1.023945927619934, "receiver_entropy": 0.0, "original_loss": 0.033388402312994, "mean_length": 6.0}
{"mode": "train", "epoch": 114, "loss": 3.2062394618988037, "acc": 0.8849450009209769, "acc_or": 0.9398278253419059, "sender_entropy": 0.9224070566041129, "receiver_entropy": 0.0, "original_loss": 0.1750777576650892, "mean_length": 6.0}
{"mode": "test", "epoch": 114, "loss": 2.2869725227355957, "acc": 1.0, "acc_or": 1.0, "sender_entropy": 1.035209059715271, "receiver_entropy": 0.0, "original_loss": 0.026344215497374535, "mean_length": 6.0}
{"epoch": 114, "positional_disent": 0.12308412790298462, "bag_of_symbol_disent": 0.1608751267194748, "topographic_sim": 0.20631023726629213}
{"generalization hold out": {"acc": 1.0, "acc_or": 1.0}, "uniform holdout": {"acc": 0.8070175647735596, "acc_or": 0.9035087823867798}, "epoch": 114}
---End--
