nohup: ignoring input
{"mode": "train", "epoch": 1, "loss": -4.152685437883649, "acc": 0.0019026361073234252, "acc_or": 0.046556787831442695, "sender_entropy": 2.3005619730268205, "receiver_entropy": 0.0, "original_loss": 3.2031804493495395, "mean_length": 6.0}
{"mode": "test", "epoch": 1, "loss": 2.250171661376953, "acc": 0.0, "acc_or": 0.034682080149650574, "sender_entropy": 2.2995805740356445, "receiver_entropy": 0.0, "original_loss": 3.186847448348999, "mean_length": 6.0}
{"mode": "train", "epoch": 2, "loss": 2.259147882461548, "acc": 0.001422991111342396, "acc_or": 0.044559817228998454, "sender_entropy": 2.3003228391919817, "receiver_entropy": 0.0, "original_loss": 3.180788516998291, "mean_length": 6.0}
{"mode": "test", "epoch": 2, "loss": 2.246290922164917, "acc": 0.003853564616292715, "acc_or": 0.05780347064137459, "sender_entropy": 2.3007616996765137, "receiver_entropy": 0.0, "original_loss": 3.175227642059326, "mean_length": 6.0}
{"mode": "train", "epoch": 3, "loss": 2.176849842071533, "acc": 0.0018189307302236557, "acc_or": 0.04489663030420031, "sender_entropy": 2.3009964397975375, "receiver_entropy": 0.0, "original_loss": 3.1791626725878035, "mean_length": 6.0}
{"mode": "test", "epoch": 3, "loss": 2.4765243530273438, "acc": 0.009633911773562431, "acc_or": 0.08766859769821167, "sender_entropy": 2.301159620285034, "receiver_entropy": 0.0, "original_loss": 3.1519887447357178, "mean_length": 6.0}
{"mode": "train", "epoch": 4, "loss": 2.1414363043648854, "acc": 0.0017020089851160134, "acc_or": 0.04527131201965468, "sender_entropy": 2.3010952132088796, "receiver_entropy": 0.0, "original_loss": 3.178236552647182, "mean_length": 6.0}
{"mode": "test", "epoch": 4, "loss": 2.6779847145080566, "acc": 0.009633911773562431, "acc_or": 0.10982659459114075, "sender_entropy": 2.30122447013855, "receiver_entropy": 0.0, "original_loss": 3.1330859661102295, "mean_length": 6.0}
{"mode": "train", "epoch": 5, "loss": 2.144647870744978, "acc": 0.0020089286179947002, "acc_or": 0.04525802603789738, "sender_entropy": 2.3011063167027066, "receiver_entropy": 0.0, "original_loss": 3.1756442274366106, "mean_length": 6.0}
{"mode": "test", "epoch": 5, "loss": 2.9860799312591553, "acc": 0.017341040074825287, "acc_or": 0.14547206461429596, "sender_entropy": 2.3010854721069336, "receiver_entropy": 0.0, "original_loss": 3.10579252243042, "mean_length": 6.0}
{"mode": "train", "epoch": 6, "loss": 2.1346824169158936, "acc": 0.001953125049892281, "acc_or": 0.0494831529046808, "sender_entropy": 2.3006487573896135, "receiver_entropy": 0.0, "original_loss": 3.174447536468506, "mean_length": 6.0}
{"mode": "test", "epoch": 6, "loss": 3.290086269378662, "acc": 0.02119460515677929, "acc_or": 0.15799614787101746, "sender_entropy": 2.2999579906463623, "receiver_entropy": 0.0, "original_loss": 3.0776689052581787, "mean_length": 6.0}
{"mode": "train", "epoch": 7, "loss": 2.167285067694528, "acc": 0.0029124150252235787, "acc_or": 0.05356677994132042, "sender_entropy": 2.2978719643184116, "receiver_entropy": 0.0, "original_loss": 3.169947522027152, "mean_length": 6.0}
{"mode": "test", "epoch": 7, "loss": 3.7399685382843018, "acc": 0.013487475924193859, "acc_or": 0.14065511524677277, "sender_entropy": 2.2919933795928955, "receiver_entropy": 0.0, "original_loss": 3.0281050205230713, "mean_length": 6.0}
{"mode": "train", "epoch": 8, "loss": 2.4898957865578786, "acc": 0.0035209396654473884, "acc_or": 0.06920107933027404, "sender_entropy": 2.2709273270198276, "receiver_entropy": 0.0, "original_loss": 3.139284406389509, "mean_length": 6.0}
{"mode": "test", "epoch": 8, "loss": 4.442825794219971, "acc": 0.013487475924193859, "acc_or": 0.1416185051202774, "sender_entropy": 2.2227537631988525, "receiver_entropy": 0.0, "original_loss": 2.902791738510132, "mean_length": 6.0}
{"mode": "train", "epoch": 9, "loss": 3.9843872615269254, "acc": 0.007727466057986021, "acc_or": 0.10650842636823654, "sender_entropy": 2.143214668546404, "receiver_entropy": 0.0, "original_loss": 2.9784535339900424, "mean_length": 6.0}
{"mode": "test", "epoch": 9, "loss": 4.754593372344971, "acc": 0.00770712923258543, "acc_or": 0.14258189499378204, "sender_entropy": 2.0436933040618896, "receiver_entropy": 0.0, "original_loss": 2.7527358531951904, "mean_length": 6.0}
{"mode": "train", "epoch": 10, "loss": 5.733858789716448, "acc": 0.014485013139035021, "acc_or": 0.14270899977002824, "sender_entropy": 1.9629154716219221, "receiver_entropy": 0.0, "original_loss": 2.748168775013515, "mean_length": 6.0}
{"mode": "test", "epoch": 10, "loss": 4.884183883666992, "acc": 0.013487475924193859, "acc_or": 0.1743738055229187, "sender_entropy": 1.9060523509979248, "receiver_entropy": 0.0, "original_loss": 2.6185758113861084, "mean_length": 6.0}
{"mode": "train", "epoch": 11, "loss": 6.220332963126046, "acc": 0.01936118198292596, "acc_or": 0.16503308713436127, "sender_entropy": 1.894099473953247, "receiver_entropy": 0.0, "original_loss": 2.6333296980176653, "mean_length": 6.0}
{"mode": "test", "epoch": 11, "loss": 4.8788042068481445, "acc": 0.023121386766433716, "acc_or": 0.1743738055229187, "sender_entropy": 1.9031164646148682, "receiver_entropy": 0.0, "original_loss": 2.547861337661743, "mean_length": 6.0}
{"mode": "train", "epoch": 12, "loss": 6.968547003609793, "acc": 0.028065210740481104, "acc_or": 0.19531582508768355, "sender_entropy": 1.8119389499936784, "receiver_entropy": 0.0, "original_loss": 2.4816388743264333, "mean_length": 6.0}
{"mode": "test", "epoch": 12, "loss": 5.032064914703369, "acc": 0.026974951848387718, "acc_or": 0.1994219720363617, "sender_entropy": 1.7923580408096313, "receiver_entropy": 0.0, "original_loss": 2.394594669342041, "mean_length": 6.0}
{"mode": "train", "epoch": 13, "loss": 7.443355151585171, "acc": 0.037133291363716125, "acc_or": 0.2249089926481247, "sender_entropy": 1.7244820083890642, "receiver_entropy": 0.0, "original_loss": 2.3437140669141496, "mean_length": 6.0}
{"mode": "test", "epoch": 13, "loss": 5.492620468139648, "acc": 0.026974951848387718, "acc_or": 0.23795761168003082, "sender_entropy": 1.7585391998291016, "receiver_entropy": 0.0, "original_loss": 2.2622361183166504, "mean_length": 6.0}
{"mode": "train", "epoch": 14, "loss": 7.863578728267124, "acc": 0.047158004982130866, "acc_or": 0.2541925779410771, "sender_entropy": 1.6522602353777205, "receiver_entropy": 0.0, "original_loss": 2.2074863570077077, "mean_length": 6.0}
{"mode": "test", "epoch": 14, "loss": 5.694716453552246, "acc": 0.04238921031355858, "acc_or": 0.27360308170318604, "sender_entropy": 1.6728185415267944, "receiver_entropy": 0.0, "original_loss": 2.1140387058258057, "mean_length": 6.0}
{"mode": "train", "epoch": 15, "loss": 8.055256366729736, "acc": 0.05775138256805284, "acc_or": 0.28385483792849947, "sender_entropy": 1.575026546205793, "receiver_entropy": 0.0, "original_loss": 2.0929015023367747, "mean_length": 6.0}
{"mode": "test", "epoch": 15, "loss": 5.629579544067383, "acc": 0.044315993785858154, "acc_or": 0.2707129120826721, "sender_entropy": 1.683138132095337, "receiver_entropy": 0.0, "original_loss": 2.060711622238159, "mean_length": 6.0}
{"mode": "train", "epoch": 16, "loss": 8.026806286403112, "acc": 0.06531011100326266, "acc_or": 0.3019099533557892, "sender_entropy": 1.570590887750898, "receiver_entropy": 0.0, "original_loss": 2.0244962658200945, "mean_length": 6.0}
{"mode": "test", "epoch": 16, "loss": 6.438349723815918, "acc": 0.059730250388383865, "acc_or": 0.32466280460357666, "sender_entropy": 1.6881657838821411, "receiver_entropy": 0.0, "original_loss": 1.8686199188232422, "mean_length": 6.0}
{"mode": "train", "epoch": 17, "loss": 8.149733543395996, "acc": 0.07335113946880613, "acc_or": 0.31792889748300823, "sender_entropy": 1.544636573110308, "receiver_entropy": 0.0, "original_loss": 1.9406473466328211, "mean_length": 6.0}
{"mode": "test", "epoch": 17, "loss": 6.6080169677734375, "acc": 0.09055876731872559, "acc_or": 0.36223506927490234, "sender_entropy": 1.6483948230743408, "receiver_entropy": 0.0, "original_loss": 1.7734463214874268, "mean_length": 6.0}
{"mode": "train", "epoch": 18, "loss": 8.249991689409528, "acc": 0.08654602723462242, "acc_or": 0.34936292256627766, "sender_entropy": 1.4830652475357056, "receiver_entropy": 0.0, "original_loss": 1.8396143232073103, "mean_length": 6.0}
{"mode": "test", "epoch": 18, "loss": 6.797266006469727, "acc": 0.10789980739355087, "acc_or": 0.38053950667381287, "sender_entropy": 1.615910530090332, "receiver_entropy": 0.0, "original_loss": 1.6615022420883179, "mean_length": 6.0}
{"mode": "train", "epoch": 19, "loss": 8.212275096348353, "acc": 0.0991855359503201, "acc_or": 0.3624694432531084, "sender_entropy": 1.4666283641542708, "receiver_entropy": 0.0, "original_loss": 1.7736381122044154, "mean_length": 6.0}
{"mode": "test", "epoch": 19, "loss": 7.317723274230957, "acc": 0.14450867474079132, "acc_or": 0.44605010747909546, "sender_entropy": 1.6270167827606201, "receiver_entropy": 0.0, "original_loss": 1.5202723741531372, "mean_length": 6.0}
{"mode": "train", "epoch": 20, "loss": 8.431544848850795, "acc": 0.12282632078443255, "acc_or": 0.4033057008470808, "sender_entropy": 1.427453773362296, "receiver_entropy": 0.0, "original_loss": 1.6695224387305123, "mean_length": 6.0}
{"mode": "test", "epoch": 20, "loss": 6.99858283996582, "acc": 0.15606936812400818, "acc_or": 0.4547206163406372, "sender_entropy": 1.563447117805481, "receiver_entropy": 0.0, "original_loss": 1.4531389474868774, "mean_length": 6.0}
{"mode": "train", "epoch": 21, "loss": 8.094102655138288, "acc": 0.12940051300185068, "acc_or": 0.4090846904686519, "sender_entropy": 1.3618670872279577, "receiver_entropy": 0.0, "original_loss": 1.6121633393423898, "mean_length": 6.0}
{"mode": "test", "epoch": 21, "loss": 6.75761079788208, "acc": 0.15992292761802673, "acc_or": 0.4595375657081604, "sender_entropy": 1.5237047672271729, "receiver_entropy": 0.0, "original_loss": 1.3916950225830078, "mean_length": 6.0}
{"mode": "train", "epoch": 22, "loss": 8.235482079642159, "acc": 0.14559551009110042, "acc_or": 0.4421137699059078, "sender_entropy": 1.348609481539045, "receiver_entropy": 0.0, "original_loss": 1.5302341324942452, "mean_length": 6.0}
{"mode": "test", "epoch": 22, "loss": 6.954713821411133, "acc": 0.1868978887796402, "acc_or": 0.5125240683555603, "sender_entropy": 1.5098700523376465, "receiver_entropy": 0.0, "original_loss": 1.2890406847000122, "mean_length": 6.0}
{"mode": "train", "epoch": 23, "loss": 8.094507149287633, "acc": 0.16051499332700456, "acc_or": 0.4524859275136675, "sender_entropy": 1.3276886769703455, "receiver_entropy": 0.0, "original_loss": 1.489390594618661, "mean_length": 6.0}
{"mode": "test", "epoch": 23, "loss": 6.637972831726074, "acc": 0.23121388256549835, "acc_or": 0.5414258241653442, "sender_entropy": 1.47602379322052, "receiver_entropy": 0.0, "original_loss": 1.2514278888702393, "mean_length": 6.0}
{"mode": "train", "epoch": 24, "loss": 7.959019865308489, "acc": 0.17624495710645402, "acc_or": 0.47578923191343037, "sender_entropy": 1.2964184624808175, "receiver_entropy": 0.0, "original_loss": 1.4276964664459229, "mean_length": 6.0}
{"mode": "test", "epoch": 24, "loss": 6.761493682861328, "acc": 0.24855491518974304, "acc_or": 0.5732177495956421, "sender_entropy": 1.4661458730697632, "receiver_entropy": 0.0, "original_loss": 1.1648935079574585, "mean_length": 6.0}
{"mode": "train", "epoch": 25, "loss": 7.907074042728969, "acc": 0.1860278525522777, "acc_or": 0.4947398602962494, "sender_entropy": 1.2803905861718314, "receiver_entropy": 0.0, "original_loss": 1.3802176713943481, "mean_length": 6.0}
{"mode": "test", "epoch": 25, "loss": 6.700018405914307, "acc": 0.26204240322113037, "acc_or": 0.5809248685836792, "sender_entropy": 1.4771826267242432, "receiver_entropy": 0.0, "original_loss": 1.1296099424362183, "mean_length": 6.0}
{"mode": "train", "epoch": 26, "loss": 7.79949004309518, "acc": 0.19630899599620275, "acc_or": 0.501225688627788, "sender_entropy": 1.296771730695452, "receiver_entropy": 0.0, "original_loss": 1.3590266704559326, "mean_length": 6.0}
{"mode": "test", "epoch": 26, "loss": 6.573708534240723, "acc": 0.29865124821662903, "acc_or": 0.6078998446464539, "sender_entropy": 1.4591797590255737, "receiver_entropy": 0.0, "original_loss": 1.1001454591751099, "mean_length": 6.0}
{"mode": "train", "epoch": 27, "loss": 7.7387710980006625, "acc": 0.2112643505845751, "acc_or": 0.5185865844999041, "sender_entropy": 1.2661573375974382, "receiver_entropy": 0.0, "original_loss": 1.2999567474637712, "mean_length": 6.0}
{"mode": "test", "epoch": 27, "loss": 6.275116920471191, "acc": 0.2928709089756012, "acc_or": 0.6088632345199585, "sender_entropy": 1.4181885719299316, "receiver_entropy": 0.0, "original_loss": 1.0660146474838257, "mean_length": 6.0}
{"mode": "train", "epoch": 28, "loss": 7.659814902714321, "acc": 0.23357515249933516, "acc_or": 0.5397733449935913, "sender_entropy": 1.237490211214338, "receiver_entropy": 0.0, "original_loss": 1.2495701994214738, "mean_length": 6.0}
{"mode": "test", "epoch": 28, "loss": 6.157166957855225, "acc": 0.33911368250846863, "acc_or": 0.6290944218635559, "sender_entropy": 1.3828197717666626, "receiver_entropy": 0.0, "original_loss": 1.0087862014770508, "mean_length": 6.0}
{"mode": "train", "epoch": 29, "loss": 7.4776396070207864, "acc": 0.24759779019015177, "acc_or": 0.555043603692736, "sender_entropy": 1.1992946692875452, "receiver_entropy": 0.0, "original_loss": 1.2058956112180437, "mean_length": 6.0}
{"mode": "test", "epoch": 29, "loss": 5.922152519226074, "acc": 0.3410404622554779, "acc_or": 0.6560693979263306, "sender_entropy": 1.3368009328842163, "receiver_entropy": 0.0, "original_loss": 0.961272120475769, "mean_length": 6.0}
{"mode": "train", "epoch": 30, "loss": 7.361485345023019, "acc": 0.2601682118007115, "acc_or": 0.5647421053477696, "sender_entropy": 1.200169665472848, "receiver_entropy": 0.0, "original_loss": 1.1767749275479997, "mean_length": 6.0}
{"mode": "test", "epoch": 30, "loss": 6.0187578201293945, "acc": 0.3718689978122711, "acc_or": 0.6599229574203491, "sender_entropy": 1.3653004169464111, "receiver_entropy": 0.0, "original_loss": 0.9275531768798828, "mean_length": 6.0}
{"mode": "train", "epoch": 31, "loss": 7.266135079520089, "acc": 0.2787441611289978, "acc_or": 0.5765007308551243, "sender_entropy": 1.1990968670163835, "receiver_entropy": 0.0, "original_loss": 1.150724240711757, "mean_length": 6.0}
{"mode": "test", "epoch": 31, "loss": 5.9490509033203125, "acc": 0.41811177134513855, "acc_or": 0.6955684423446655, "sender_entropy": 1.3387038707733154, "receiver_entropy": 0.0, "original_loss": 0.8684124946594238, "mean_length": 6.0}
{"mode": "train", "epoch": 32, "loss": 7.252640860421317, "acc": 0.30090216227940153, "acc_or": 0.5967899816376823, "sender_entropy": 1.1655380896159582, "receiver_entropy": 0.0, "original_loss": 1.0914405754634313, "mean_length": 6.0}
{"mode": "test", "epoch": 32, "loss": 5.623027324676514, "acc": 0.43352600932121277, "acc_or": 0.7013487815856934, "sender_entropy": 1.308292031288147, "receiver_entropy": 0.0, "original_loss": 0.8624148964881897, "mean_length": 6.0}
{"mode": "train", "epoch": 33, "loss": 7.127908502306257, "acc": 0.3199630720274789, "acc_or": 0.603132324559348, "sender_entropy": 1.1662589652197701, "receiver_entropy": 0.0, "original_loss": 1.0778801952089583, "mean_length": 6.0}
{"mode": "test", "epoch": 33, "loss": 5.750885963439941, "acc": 0.4797687828540802, "acc_or": 0.7254335284233093, "sender_entropy": 1.3156747817993164, "receiver_entropy": 0.0, "original_loss": 0.8032940626144409, "mean_length": 6.0}
{"mode": "train", "epoch": 34, "loss": 6.913133553096226, "acc": 0.33535156505448477, "acc_or": 0.6180650932448251, "sender_entropy": 1.1590779338564192, "receiver_entropy": 0.0, "original_loss": 1.053791003567832, "mean_length": 6.0}
{"mode": "test", "epoch": 34, "loss": 5.42453670501709, "acc": 0.47398844361305237, "acc_or": 0.726396918296814, "sender_entropy": 1.2831248044967651, "receiver_entropy": 0.0, "original_loss": 0.7998484373092651, "mean_length": 6.0}
{"mode": "train", "epoch": 35, "loss": 6.831567491803851, "acc": 0.35336283275059294, "acc_or": 0.6339099832943508, "sender_entropy": 1.1142764261790685, "receiver_entropy": 0.0, "original_loss": 0.9996625781059265, "mean_length": 6.0}
{"mode": "test", "epoch": 35, "loss": 5.1682448387146, "acc": 0.48362237215042114, "acc_or": 0.7235067486763, "sender_entropy": 1.2473986148834229, "receiver_entropy": 0.0, "original_loss": 0.7865025401115417, "mean_length": 6.0}
{"mode": "train", "epoch": 36, "loss": 6.6714631489345, "acc": 0.3714285833495004, "acc_or": 0.6399879200117928, "sender_entropy": 1.1003318684441703, "receiver_entropy": 0.0, "original_loss": 0.9814546704292297, "mean_length": 6.0}
{"mode": "test", "epoch": 36, "loss": 5.256363868713379, "acc": 0.5529865026473999, "acc_or": 0.7668593525886536, "sender_entropy": 1.2487605810165405, "receiver_entropy": 0.0, "original_loss": 0.7262434363365173, "mean_length": 6.0}
{"mode": "train", "epoch": 37, "loss": 6.71280254636492, "acc": 0.3912229027066912, "acc_or": 0.6547978009496417, "sender_entropy": 1.1120761973517281, "receiver_entropy": 0.0, "original_loss": 0.94907203742436, "mean_length": 6.0}
{"mode": "test", "epoch": 37, "loss": 5.306054592132568, "acc": 0.5799614787101746, "acc_or": 0.7784200310707092, "sender_entropy": 1.2431946992874146, "receiver_entropy": 0.0, "original_loss": 0.6647111177444458, "mean_length": 6.0}
{"mode": "train", "epoch": 38, "loss": 6.700588975633893, "acc": 0.41842713952064514, "acc_or": 0.6713242871420724, "sender_entropy": 1.0980000155312675, "receiver_entropy": 0.0, "original_loss": 0.8972026705741882, "mean_length": 6.0}
{"mode": "test", "epoch": 38, "loss": 5.172060966491699, "acc": 0.5876685976982117, "acc_or": 0.789017379283905, "sender_entropy": 1.2140239477157593, "receiver_entropy": 0.0, "original_loss": 0.6264822483062744, "mean_length": 6.0}
{"mode": "train", "epoch": 39, "loss": 6.486889839172363, "acc": 0.42849038754190716, "acc_or": 0.6806275418826512, "sender_entropy": 1.0583669287817818, "receiver_entropy": 0.0, "original_loss": 0.8680631688662938, "mean_length": 6.0}
{"mode": "test", "epoch": 39, "loss": 5.102059364318848, "acc": 0.6107900142669678, "acc_or": 0.8005780577659607, "sender_entropy": 1.2031214237213135, "receiver_entropy": 0.0, "original_loss": 0.6088131070137024, "mean_length": 6.0}
{"mode": "train", "epoch": 40, "loss": 6.385481698172433, "acc": 0.4361833078520639, "acc_or": 0.6824843457766941, "sender_entropy": 1.0843522208077567, "receiver_entropy": 0.0, "original_loss": 0.8685229250362941, "mean_length": 6.0}
{"mode": "test", "epoch": 40, "loss": 4.973421096801758, "acc": 0.6030828356742859, "acc_or": 0.7938343286514282, "sender_entropy": 1.2213828563690186, "receiver_entropy": 0.0, "original_loss": 0.6213498711585999, "mean_length": 6.0}
{"mode": "train", "epoch": 41, "loss": 6.339086941310337, "acc": 0.45069622567721773, "acc_or": 0.6911119733537946, "sender_entropy": 1.0855012110301427, "receiver_entropy": 0.0, "original_loss": 0.8532397491591317, "mean_length": 6.0}
{"mode": "test", "epoch": 41, "loss": 4.931185722351074, "acc": 0.6242774724960327, "acc_or": 0.8034682273864746, "sender_entropy": 1.2111070156097412, "receiver_entropy": 0.0, "original_loss": 0.5789768695831299, "mean_length": 6.0}
{"mode": "train", "epoch": 42, "loss": 6.394492217472622, "acc": 0.49118038586207796, "acc_or": 0.717392121042524, "sender_entropy": 1.0613291263580322, "receiver_entropy": 0.0, "original_loss": 0.7851558497973851, "mean_length": 6.0}
{"mode": "test", "epoch": 42, "loss": 4.80616569519043, "acc": 0.6782273650169373, "acc_or": 0.8362235426902771, "sender_entropy": 1.165068507194519, "receiver_entropy": 0.0, "original_loss": 0.5185144543647766, "mean_length": 6.0}
{"mode": "train", "epoch": 43, "loss": 6.39499923161098, "acc": 0.5413119282041278, "acc_or": 0.747128793171474, "sender_entropy": 1.0254216534750802, "receiver_entropy": 0.0, "original_loss": 0.7173349857330322, "mean_length": 6.0}
{"mode": "test", "epoch": 43, "loss": 4.727229595184326, "acc": 0.7302504777908325, "acc_or": 0.8583815097808838, "sender_entropy": 1.1480119228363037, "receiver_entropy": 0.0, "original_loss": 0.47851085662841797, "mean_length": 6.0}
{"mode": "train", "epoch": 44, "loss": 6.3033464295523505, "acc": 0.5526307480675834, "acc_or": 0.7540152158055987, "sender_entropy": 1.0221681083951677, "receiver_entropy": 0.0, "original_loss": 0.6955609832491193, "mean_length": 6.0}
{"mode": "test", "epoch": 44, "loss": 4.53814172744751, "acc": 0.6897880434989929, "acc_or": 0.839113712310791, "sender_entropy": 1.1242098808288574, "receiver_entropy": 0.0, "original_loss": 0.47549381852149963, "mean_length": 6.0}
{"mode": "train", "epoch": 45, "loss": 6.081203324454171, "acc": 0.5543699605124337, "acc_or": 0.7536857042993818, "sender_entropy": 0.9958576134272984, "receiver_entropy": 0.0, "original_loss": 0.6821681175913129, "mean_length": 6.0}
{"mode": "test", "epoch": 45, "loss": 4.646888256072998, "acc": 0.791907548904419, "acc_or": 0.8940269947052002, "sender_entropy": 1.1152169704437256, "receiver_entropy": 0.0, "original_loss": 0.3970625102519989, "mean_length": 6.0}
{"mode": "train", "epoch": 46, "loss": 6.128732068198068, "acc": 0.589475725378309, "acc_or": 0.7732694319316319, "sender_entropy": 0.9944048268454415, "receiver_entropy": 0.0, "original_loss": 0.6406130790710449, "mean_length": 6.0}
{"mode": "test", "epoch": 46, "loss": 4.543294906616211, "acc": 0.8034682273864746, "acc_or": 0.8959537744522095, "sender_entropy": 1.1029167175292969, "receiver_entropy": 0.0, "original_loss": 0.37197422981262207, "mean_length": 6.0}
{"mode": "train", "epoch": 47, "loss": 6.148151057107108, "acc": 0.6231890661375863, "acc_or": 0.7920739139829364, "sender_entropy": 0.9844318458012172, "receiver_entropy": 0.0, "original_loss": 0.5975445764405387, "mean_length": 6.0}
{"mode": "test", "epoch": 47, "loss": 4.537904262542725, "acc": 0.8285163640975952, "acc_or": 0.9113680124282837, "sender_entropy": 1.097672462463379, "receiver_entropy": 0.0, "original_loss": 0.34097880125045776, "mean_length": 6.0}
{"mode": "train", "epoch": 48, "loss": 6.047618389129639, "acc": 0.6329892192568097, "acc_or": 0.7974171042442322, "sender_entropy": 0.9816663861274719, "receiver_entropy": 0.0, "original_loss": 0.5855122123445783, "mean_length": 6.0}
{"mode": "test", "epoch": 48, "loss": 4.416176795959473, "acc": 0.8111753463745117, "acc_or": 0.8988439440727234, "sender_entropy": 1.0880661010742188, "receiver_entropy": 0.0, "original_loss": 0.34094762802124023, "mean_length": 6.0}
{"mode": "train", "epoch": 49, "loss": 6.076828752245222, "acc": 0.6553877166339329, "acc_or": 0.8122515593256269, "sender_entropy": 0.9710649337087359, "receiver_entropy": 0.0, "original_loss": 0.5421143174171448, "mean_length": 6.0}
{"mode": "test", "epoch": 49, "loss": 4.280465126037598, "acc": 0.8477842211723328, "acc_or": 0.9210019707679749, "sender_entropy": 1.0691862106323242, "receiver_entropy": 0.0, "original_loss": 0.30995404720306396, "mean_length": 6.0}
{"mode": "train", "epoch": 50, "loss": 5.929234913417271, "acc": 0.6757068634033203, "acc_or": 0.8233259149960109, "sender_entropy": 0.948942346232278, "receiver_entropy": 0.0, "original_loss": 0.5180130686078753, "mean_length": 6.0}
{"mode": "test", "epoch": 50, "loss": 4.2109575271606445, "acc": 0.8458574414253235, "acc_or": 0.9219653606414795, "sender_entropy": 1.0536267757415771, "receiver_entropy": 0.0, "original_loss": 0.2985565960407257, "mean_length": 6.0}
{"mode": "train", "epoch": 51, "loss": 5.641026769365583, "acc": 0.6600101164409092, "acc_or": 0.814811212675912, "sender_entropy": 0.9391614624432155, "receiver_entropy": 0.0, "original_loss": 0.5317188841956002, "mean_length": 6.0}
{"mode": "test", "epoch": 51, "loss": 4.139293193817139, "acc": 0.8709055781364441, "acc_or": 0.9354528188705444, "sender_entropy": 1.0361078977584839, "receiver_entropy": 0.0, "original_loss": 0.2599937319755554, "mean_length": 6.0}
{"mode": "train", "epoch": 52, "loss": 5.766694137028286, "acc": 0.7039501070976257, "acc_or": 0.8389661823000226, "sender_entropy": 0.9287165233067104, "receiver_entropy": 0.0, "original_loss": 0.4762307746069772, "mean_length": 6.0}
{"mode": "test", "epoch": 52, "loss": 4.0676116943359375, "acc": 0.9017341136932373, "acc_or": 0.949903666973114, "sender_entropy": 1.0155541896820068, "receiver_entropy": 0.0, "original_loss": 0.23113976418972015, "mean_length": 6.0}
{"mode": "train", "epoch": 53, "loss": 5.634851660047259, "acc": 0.7037481495312282, "acc_or": 0.8392438803400312, "sender_entropy": 0.9221893548965454, "receiver_entropy": 0.0, "original_loss": 0.47453477552958895, "mean_length": 6.0}
{"mode": "test", "epoch": 53, "loss": 3.917119026184082, "acc": 0.8535645604133606, "acc_or": 0.9238921403884888, "sender_entropy": 1.0130058526992798, "receiver_entropy": 0.0, "original_loss": 0.26515212655067444, "mean_length": 6.0}
{"mode": "train", "epoch": 54, "loss": 5.492143426622663, "acc": 0.6996824656214032, "acc_or": 0.8364018712724958, "sender_entropy": 0.9165270413671222, "receiver_entropy": 0.0, "original_loss": 0.4727276308195932, "mean_length": 6.0}
{"mode": "test", "epoch": 54, "loss": 3.902111053466797, "acc": 0.8824663162231445, "acc_or": 0.939306378364563, "sender_entropy": 1.0082769393920898, "receiver_entropy": 0.0, "original_loss": 0.2374390810728073, "mean_length": 6.0}
{"mode": "train", "epoch": 55, "loss": 5.489790507725307, "acc": 0.7320139748709542, "acc_or": 0.8559909292629787, "sender_entropy": 0.8922569666590009, "receiver_entropy": 0.0, "original_loss": 0.425067275762558, "mean_length": 6.0}
{"mode": "test", "epoch": 55, "loss": 3.8194797039031982, "acc": 0.9171483516693115, "acc_or": 0.9585741758346558, "sender_entropy": 0.9804878234863281, "receiver_entropy": 0.0, "original_loss": 0.19864299893379211, "mean_length": 6.0}
{"mode": "train", "epoch": 56, "loss": 5.232182911464146, "acc": 0.7269424966403416, "acc_or": 0.8520468132836478, "sender_entropy": 0.8846355421202523, "receiver_entropy": 0.0, "original_loss": 0.4316294661590031, "mean_length": 6.0}
{"mode": "test", "epoch": 56, "loss": 3.7052533626556396, "acc": 0.9152215719223022, "acc_or": 0.9566473960876465, "sender_entropy": 0.9804258942604065, "receiver_entropy": 0.0, "original_loss": 0.2019512951374054, "mean_length": 6.0}
{"mode": "train", "epoch": 57, "loss": 5.335544449942453, "acc": 0.7404004761150905, "acc_or": 0.8607814056532723, "sender_entropy": 0.8973628282546997, "receiver_entropy": 0.0, "original_loss": 0.41080814599990845, "mean_length": 6.0}
{"mode": "test", "epoch": 57, "loss": 3.7297399044036865, "acc": 0.8978805541992188, "acc_or": 0.9470134973526001, "sender_entropy": 1.0059919357299805, "receiver_entropy": 0.0, "original_loss": 0.20934168994426727, "mean_length": 6.0}
{"mode": "train", "epoch": 58, "loss": 5.327991213117327, "acc": 0.7499030147280011, "acc_or": 0.8650835837636676, "sender_entropy": 0.9072155186108181, "receiver_entropy": 0.0, "original_loss": 0.39897353308541433, "mean_length": 6.0}
{"mode": "test", "epoch": 58, "loss": 3.7060554027557373, "acc": 0.899807333946228, "acc_or": 0.9489402770996094, "sender_entropy": 1.0142425298690796, "receiver_entropy": 0.0, "original_loss": 0.19749407470226288, "mean_length": 6.0}
{"mode": "train", "epoch": 59, "loss": 5.215498174939837, "acc": 0.7420958365712848, "acc_or": 0.8614782861300877, "sender_entropy": 0.9143115026610238, "receiver_entropy": 0.0, "original_loss": 0.40544183765138897, "mean_length": 6.0}
{"mode": "test", "epoch": 59, "loss": 3.7250759601593018, "acc": 0.9229287505149841, "acc_or": 0.9614643454551697, "sender_entropy": 1.005569338798523, "receiver_entropy": 0.0, "original_loss": 0.17410531640052795, "mean_length": 6.0}
{"mode": "train", "epoch": 60, "loss": 5.143017564501081, "acc": 0.7586163537842887, "acc_or": 0.8700846603938511, "sender_entropy": 0.900958171912602, "receiver_entropy": 0.0, "original_loss": 0.38675094502312796, "mean_length": 6.0}
{"mode": "test", "epoch": 60, "loss": 3.692020893096924, "acc": 0.9441233277320862, "acc_or": 0.9710983037948608, "sender_entropy": 0.9978032112121582, "receiver_entropy": 0.0, "original_loss": 0.15106457471847534, "mean_length": 6.0}
{"mode": "train", "epoch": 61, "loss": 5.150040217808315, "acc": 0.7814891764095852, "acc_or": 0.8821628093719482, "sender_entropy": 0.8958369152886527, "receiver_entropy": 0.0, "original_loss": 0.3558442252022879, "mean_length": 6.0}
{"mode": "test", "epoch": 61, "loss": 3.4409353733062744, "acc": 0.8824663162231445, "acc_or": 0.9402697682380676, "sender_entropy": 0.9747283458709717, "receiver_entropy": 0.0, "original_loss": 0.20158495008945465, "mean_length": 6.0}
{"mode": "train", "epoch": 62, "loss": 4.858411039624896, "acc": 0.7588661398206439, "acc_or": 0.8704327515193394, "sender_entropy": 0.8709793090820312, "receiver_entropy": 0.0, "original_loss": 0.37514521394457134, "mean_length": 6.0}
{"mode": "test", "epoch": 62, "loss": 3.2395169734954834, "acc": 0.8959537744522095, "acc_or": 0.9470134973526001, "sender_entropy": 0.943651020526886, "receiver_entropy": 0.0, "original_loss": 0.19060009717941284, "mean_length": 6.0}
{"mode": "train", "epoch": 63, "loss": 4.731869765690395, "acc": 0.7728648611477443, "acc_or": 0.8775357518877301, "sender_entropy": 0.8574533292225429, "receiver_entropy": 0.0, "original_loss": 0.36078443271773203, "mean_length": 6.0}
{"mode": "test", "epoch": 63, "loss": 3.215261697769165, "acc": 0.9171483516693115, "acc_or": 0.9585741758346558, "sender_entropy": 0.9287340641021729, "receiver_entropy": 0.0, "original_loss": 0.15705083310604095, "mean_length": 6.0}
{"mode": "train", "epoch": 64, "loss": 4.688479355403355, "acc": 0.7978143777166095, "acc_or": 0.8923310041427612, "sender_entropy": 0.8344215665544782, "receiver_entropy": 0.0, "original_loss": 0.3256943566458566, "mean_length": 6.0}
{"mode": "test", "epoch": 64, "loss": 3.168090581893921, "acc": 0.9421965479850769, "acc_or": 0.9710983037948608, "sender_entropy": 0.9101423025131226, "receiver_entropy": 0.0, "original_loss": 0.14131665229797363, "mean_length": 6.0}
{"mode": "train", "epoch": 65, "loss": 4.639160633087158, "acc": 0.799129741532462, "acc_or": 0.8937280944415501, "sender_entropy": 0.8252262047358921, "receiver_entropy": 0.0, "original_loss": 0.31345313787460327, "mean_length": 6.0}
{"mode": "test", "epoch": 65, "loss": 3.074789524078369, "acc": 0.9402697682380676, "acc_or": 0.9701349139213562, "sender_entropy": 0.9078861474990845, "receiver_entropy": 0.0, "original_loss": 0.13650986552238464, "mean_length": 6.0}
{"mode": "train", "epoch": 66, "loss": 4.658697809491839, "acc": 0.8105947204998561, "acc_or": 0.8997422541890826, "sender_entropy": 0.8324691312653678, "receiver_entropy": 0.0, "original_loss": 0.2995202881949289, "mean_length": 6.0}
{"mode": "test", "epoch": 66, "loss": 3.0964040756225586, "acc": 0.9421965479850769, "acc_or": 0.9710983037948608, "sender_entropy": 0.9220374822616577, "receiver_entropy": 0.0, "original_loss": 0.13402041792869568, "mean_length": 6.0}
{"mode": "train", "epoch": 67, "loss": 4.570189884730747, "acc": 0.8125837189810616, "acc_or": 0.9010330523763385, "sender_entropy": 0.8325233033725193, "receiver_entropy": 0.0, "original_loss": 0.30093744822910856, "mean_length": 6.0}
{"mode": "test", "epoch": 67, "loss": 3.018474578857422, "acc": 0.949903666973114, "acc_or": 0.9749518632888794, "sender_entropy": 0.9113917350769043, "receiver_entropy": 0.0, "original_loss": 0.1250608265399933, "mean_length": 6.0}
{"mode": "train", "epoch": 68, "loss": 4.465756280081613, "acc": 0.8052747845649719, "acc_or": 0.8967255524226597, "sender_entropy": 0.8354720217841012, "receiver_entropy": 0.0, "original_loss": 0.3068984406335013, "mean_length": 6.0}
{"mode": "test", "epoch": 68, "loss": 3.0917482376098633, "acc": 0.9672447443008423, "acc_or": 0.9836223721504211, "sender_entropy": 0.9281207323074341, "receiver_entropy": 0.0, "original_loss": 0.10578165203332901, "mean_length": 6.0}
{"mode": "train", "epoch": 69, "loss": 4.527270657675607, "acc": 0.826609023979732, "acc_or": 0.907563396862575, "sender_entropy": 0.8502398559025356, "receiver_entropy": 0.0, "original_loss": 0.2829362579754421, "mean_length": 6.0}
{"mode": "test", "epoch": 69, "loss": 3.0299925804138184, "acc": 0.9479768872261047, "acc_or": 0.9739884734153748, "sender_entropy": 0.933982253074646, "receiver_entropy": 0.0, "original_loss": 0.11506595462560654, "mean_length": 6.0}
{"mode": "train", "epoch": 70, "loss": 4.527492182595389, "acc": 0.8324431521551949, "acc_or": 0.9110185759408134, "sender_entropy": 0.8468523877007621, "receiver_entropy": 0.0, "original_loss": 0.26785779212202343, "mean_length": 6.0}
{"mode": "test", "epoch": 70, "loss": 3.076087474822998, "acc": 0.9807322025299072, "acc_or": 0.9903661012649536, "sender_entropy": 0.9343203902244568, "receiver_entropy": 0.0, "original_loss": 0.09204338490962982, "mean_length": 6.0}
{"mode": "train", "epoch": 71, "loss": 4.459533963884626, "acc": 0.8325348326138088, "acc_or": 0.9115633113043649, "sender_entropy": 0.8479267188480922, "receiver_entropy": 0.0, "original_loss": 0.27185519678252085, "mean_length": 6.0}
{"mode": "test", "epoch": 71, "loss": 2.9934253692626953, "acc": 0.9730250835418701, "acc_or": 0.9865125417709351, "sender_entropy": 0.9290218353271484, "receiver_entropy": 0.0, "original_loss": 0.09191427379846573, "mean_length": 6.0}
{"mode": "train", "epoch": 72, "loss": 4.335943222045898, "acc": 0.827334463596344, "acc_or": 0.907970632825579, "sender_entropy": 0.8442973324230739, "receiver_entropy": 0.0, "original_loss": 0.2781772528375898, "mean_length": 6.0}
{"mode": "test", "epoch": 72, "loss": 2.879741668701172, "acc": 0.963391125202179, "acc_or": 0.9807322025299072, "sender_entropy": 0.920373260974884, "receiver_entropy": 0.0, "original_loss": 0.10307739675045013, "mean_length": 6.0}
{"mode": "train", "epoch": 73, "loss": 4.310573373522077, "acc": 0.8362630265099662, "acc_or": 0.9137874926839556, "sender_entropy": 0.833315942968641, "receiver_entropy": 0.0, "original_loss": 0.2610445405755724, "mean_length": 6.0}
{"mode": "test", "epoch": 73, "loss": 2.836515188217163, "acc": 0.9556840062141418, "acc_or": 0.9778420329093933, "sender_entropy": 0.9139229655265808, "receiver_entropy": 0.0, "original_loss": 0.09456948935985565, "mean_length": 6.0}
{"mode": "train", "epoch": 74, "loss": 4.239935466221401, "acc": 0.8343138950211662, "acc_or": 0.9128660559654236, "sender_entropy": 0.83336341381073, "receiver_entropy": 0.0, "original_loss": 0.26063925879342215, "mean_length": 6.0}
{"mode": "test", "epoch": 74, "loss": 2.853118658065796, "acc": 0.9710983037948608, "acc_or": 0.9855491518974304, "sender_entropy": 0.9192239046096802, "receiver_entropy": 0.0, "original_loss": 0.08707380294799805, "mean_length": 6.0}
{"mode": "train", "epoch": 75, "loss": 4.242615291050503, "acc": 0.8385602831840515, "acc_or": 0.9147660476820809, "sender_entropy": 0.8392027361052377, "receiver_entropy": 0.0, "original_loss": 0.2587893009185791, "mean_length": 6.0}
{"mode": "test", "epoch": 75, "loss": 2.880462169647217, "acc": 0.965317964553833, "acc_or": 0.9826589822769165, "sender_entropy": 0.9360132217407227, "receiver_entropy": 0.0, "original_loss": 0.09359109401702881, "mean_length": 6.0}
{"mode": "train", "epoch": 76, "loss": 4.270795481545584, "acc": 0.8339192867279053, "acc_or": 0.9122528944696698, "sender_entropy": 0.8593267287526812, "receiver_entropy": 0.0, "original_loss": 0.2608216404914856, "mean_length": 6.0}
{"mode": "test", "epoch": 76, "loss": 2.903123378753662, "acc": 0.9884393215179443, "acc_or": 0.9942196607589722, "sender_entropy": 0.9505610466003418, "receiver_entropy": 0.0, "original_loss": 0.07572317123413086, "mean_length": 6.0}
{"mode": "train", "epoch": 77, "loss": 4.2528397015162875, "acc": 0.8436370832579476, "acc_or": 0.9175050684383937, "sender_entropy": 0.8618442501340594, "receiver_entropy": 0.0, "original_loss": 0.2504639284951346, "mean_length": 6.0}
{"mode": "test", "epoch": 77, "loss": 2.7725296020507812, "acc": 0.9518304467201233, "acc_or": 0.975915253162384, "sender_entropy": 0.9371054172515869, "receiver_entropy": 0.0, "original_loss": 0.09743977338075638, "mean_length": 6.0}
{"mode": "train", "epoch": 78, "loss": 4.0786866801125665, "acc": 0.8424319795199803, "acc_or": 0.9166347895349775, "sender_entropy": 0.851339306150164, "receiver_entropy": 0.0, "original_loss": 0.25390851284776417, "mean_length": 6.0}
{"mode": "test", "epoch": 78, "loss": 2.753495693206787, "acc": 0.9710983037948608, "acc_or": 0.9855491518974304, "sender_entropy": 0.928860068321228, "receiver_entropy": 0.0, "original_loss": 0.07019657641649246, "mean_length": 6.0}
{"mode": "train", "epoch": 79, "loss": 4.1456990242004395, "acc": 0.863151056425912, "acc_or": 0.9279708862304688, "sender_entropy": 0.8409349748066494, "receiver_entropy": 0.0, "original_loss": 0.22260330404554093, "mean_length": 6.0}
{"mode": "test", "epoch": 79, "loss": 2.713099241256714, "acc": 0.9730250835418701, "acc_or": 0.9865125417709351, "sender_entropy": 0.9190369844436646, "receiver_entropy": 0.0, "original_loss": 0.06943847239017487, "mean_length": 6.0}
{"mode": "train", "epoch": 80, "loss": 4.020388909748623, "acc": 0.8568745000021798, "acc_or": 0.9234242183821542, "sender_entropy": 0.8315200124468122, "receiver_entropy": 0.0, "original_loss": 0.22960163440023149, "mean_length": 6.0}
{"mode": "test", "epoch": 80, "loss": 2.661186933517456, "acc": 0.9749518632888794, "acc_or": 0.9874759316444397, "sender_entropy": 0.9129012227058411, "receiver_entropy": 0.0, "original_loss": 0.06344678997993469, "mean_length": 6.0}
{"mode": "train", "epoch": 81, "loss": 4.031008652278355, "acc": 0.8622396077428546, "acc_or": 0.9275962114334106, "sender_entropy": 0.829205504485539, "receiver_entropy": 0.0, "original_loss": 0.21615400058882578, "mean_length": 6.0}
{"mode": "test", "epoch": 81, "loss": 2.685995101928711, "acc": 0.9845857620239258, "acc_or": 0.9922928810119629, "sender_entropy": 0.9224194288253784, "receiver_entropy": 0.0, "original_loss": 0.058754969388246536, "mean_length": 6.0}
{"mode": "train", "epoch": 82, "loss": 3.9383046627044678, "acc": 0.8530625700950623, "acc_or": 0.9219839743205479, "sender_entropy": 0.8522443515913827, "receiver_entropy": 0.0, "original_loss": 0.23302433320454188, "mean_length": 6.0}
{"mode": "test", "epoch": 82, "loss": 2.664341449737549, "acc": 0.9845857620239258, "acc_or": 0.9922928810119629, "sender_entropy": 0.9284511208534241, "receiver_entropy": 0.0, "original_loss": 0.0595686100423336, "mean_length": 6.0}
{"mode": "train", "epoch": 83, "loss": 3.916998863220215, "acc": 0.8527769020625523, "acc_or": 0.9226914644241333, "sender_entropy": 0.8523870025362287, "receiver_entropy": 0.0, "original_loss": 0.23277391067573003, "mean_length": 6.0}
{"mode": "test", "epoch": 83, "loss": 2.626453399658203, "acc": 0.9595375657081604, "acc_or": 0.9797688126564026, "sender_entropy": 0.931140124797821, "receiver_entropy": 0.0, "original_loss": 0.08317884802818298, "mean_length": 6.0}
{"mode": "train", "epoch": 84, "loss": 3.858682530266898, "acc": 0.8532512358256749, "acc_or": 0.9227585792541504, "sender_entropy": 0.8466142075402396, "receiver_entropy": 0.0, "original_loss": 0.23012633195945195, "mean_length": 6.0}
{"mode": "test", "epoch": 84, "loss": 2.5973305702209473, "acc": 0.9826589822769165, "acc_or": 0.9913294911384583, "sender_entropy": 0.9225834608078003, "receiver_entropy": 0.0, "original_loss": 0.06099086254835129, "mean_length": 6.0}
{"mode": "train", "epoch": 85, "loss": 3.8231301988874162, "acc": 0.8700733610561916, "acc_or": 0.931504453931536, "sender_entropy": 0.8376352787017822, "receiver_entropy": 0.0, "original_loss": 0.2133579637323107, "mean_length": 6.0}
{"mode": "test", "epoch": 85, "loss": 2.5828263759613037, "acc": 0.9884393215179443, "acc_or": 0.9942196607589722, "sender_entropy": 0.9259527921676636, "receiver_entropy": 0.0, "original_loss": 0.05339612811803818, "mean_length": 6.0}
{"mode": "train", "epoch": 86, "loss": 3.8244826453072682, "acc": 0.8681268862315586, "acc_or": 0.9309889333588737, "sender_entropy": 0.8410597358431134, "receiver_entropy": 0.0, "original_loss": 0.20952144478048598, "mean_length": 6.0}
{"mode": "test", "epoch": 86, "loss": 2.552863359451294, "acc": 0.9922928810119629, "acc_or": 0.9961464405059814, "sender_entropy": 0.9261466264724731, "receiver_entropy": 0.0, "original_loss": 0.05570058524608612, "mean_length": 6.0}
{"mode": "train", "epoch": 87, "loss": 3.7619354043688094, "acc": 0.8685108593532017, "acc_or": 0.9309158495494297, "sender_entropy": 0.842094532081059, "receiver_entropy": 0.0, "original_loss": 0.2117766205753599, "mean_length": 6.0}
{"mode": "test", "epoch": 87, "loss": 2.504498243331909, "acc": 0.9768786430358887, "acc_or": 0.9884393215179443, "sender_entropy": 0.9238717555999756, "receiver_entropy": 0.0, "original_loss": 0.05836004763841629, "mean_length": 6.0}
{"mode": "train", "epoch": 88, "loss": 3.737304925918579, "acc": 0.8723958560398647, "acc_or": 0.9330729246139526, "sender_entropy": 0.840903741972787, "receiver_entropy": 0.0, "original_loss": 0.20423058313982828, "mean_length": 6.0}
{"mode": "test", "epoch": 88, "loss": 2.480482339859009, "acc": 0.9845857620239258, "acc_or": 0.9922928810119629, "sender_entropy": 0.9197870492935181, "receiver_entropy": 0.0, "original_loss": 0.050222571939229965, "mean_length": 6.0}
{"mode": "train", "epoch": 89, "loss": 3.702274901526315, "acc": 0.8748339329447065, "acc_or": 0.9343869771276202, "sender_entropy": 0.8355360286576408, "receiver_entropy": 0.0, "original_loss": 0.1972830103976386, "mean_length": 6.0}
{"mode": "test", "epoch": 89, "loss": 2.394303321838379, "acc": 0.9807322025299072, "acc_or": 0.9903661012649536, "sender_entropy": 0.9078627228736877, "receiver_entropy": 0.0, "original_loss": 0.0536193922162056, "mean_length": 6.0}
{"mode": "train", "epoch": 90, "loss": 3.6424507754189626, "acc": 0.8783708214759827, "acc_or": 0.9356339233262199, "sender_entropy": 0.8277936407497951, "receiver_entropy": 0.0, "original_loss": 0.1943232672555106, "mean_length": 6.0}
{"mode": "test", "epoch": 90, "loss": 2.366831064224243, "acc": 0.9826589822769165, "acc_or": 0.9913294911384583, "sender_entropy": 0.9012880325317383, "receiver_entropy": 0.0, "original_loss": 0.053554270416498184, "mean_length": 6.0}
{"mode": "train", "epoch": 91, "loss": 3.5926123346601213, "acc": 0.8801831007003784, "acc_or": 0.9376501441001892, "sender_entropy": 0.8290932178497314, "receiver_entropy": 0.0, "original_loss": 0.19347513360636576, "mean_length": 6.0}
{"mode": "test", "epoch": 91, "loss": 2.2962355613708496, "acc": 0.9672447443008423, "acc_or": 0.9836223721504211, "sender_entropy": 0.9005966782569885, "receiver_entropy": 0.0, "original_loss": 0.06288586556911469, "mean_length": 6.0}
{"mode": "train", "epoch": 92, "loss": 3.473846469606672, "acc": 0.8725526247705732, "acc_or": 0.9331068226269313, "sender_entropy": 0.82399639913014, "receiver_entropy": 0.0, "original_loss": 0.20160168409347534, "mean_length": 6.0}
{"mode": "test", "epoch": 92, "loss": 2.332746982574463, "acc": 0.9884393215179443, "acc_or": 0.9942196607589722, "sender_entropy": 0.9116443395614624, "receiver_entropy": 0.0, "original_loss": 0.050026874989271164, "mean_length": 6.0}
{"mode": "train", "epoch": 93, "loss": 3.4567338057926724, "acc": 0.8678505080086845, "acc_or": 0.930543839931488, "sender_entropy": 0.8275635242462158, "receiver_entropy": 0.0, "original_loss": 0.20375149164881026, "mean_length": 6.0}
{"mode": "test", "epoch": 93, "loss": 2.3142359256744385, "acc": 0.9865125417709351, "acc_or": 0.9932562708854675, "sender_entropy": 0.9085419178009033, "receiver_entropy": 0.0, "original_loss": 0.042881838977336884, "mean_length": 6.0}
{"mode": "train", "epoch": 94, "loss": 3.5576569693429128, "acc": 0.8892844063895089, "acc_or": 0.9423682178769793, "sender_entropy": 0.8360361712319511, "receiver_entropy": 0.0, "original_loss": 0.17610470737729753, "mean_length": 6.0}
{"mode": "test", "epoch": 94, "loss": 2.307028293609619, "acc": 0.9903661012649536, "acc_or": 0.9951830506324768, "sender_entropy": 0.9170638918876648, "receiver_entropy": 0.0, "original_loss": 0.043667834252119064, "mean_length": 6.0}
{"mode": "train", "epoch": 95, "loss": 3.4861134460994174, "acc": 0.885953460420881, "acc_or": 0.9403679200581142, "sender_entropy": 0.8319784317697797, "receiver_entropy": 0.0, "original_loss": 0.1846291571855545, "mean_length": 6.0}
{"mode": "test", "epoch": 95, "loss": 2.2622411251068115, "acc": 0.9903661012649536, "acc_or": 0.9951830506324768, "sender_entropy": 0.9087154269218445, "receiver_entropy": 0.0, "original_loss": 0.04187336564064026, "mean_length": 6.0}
{"mode": "train", "epoch": 96, "loss": 3.4724653448377336, "acc": 0.889446496963501, "acc_or": 0.9422346779278347, "sender_entropy": 0.8295350415366036, "receiver_entropy": 0.0, "original_loss": 0.17744835785457067, "mean_length": 6.0}
{"mode": "test", "epoch": 96, "loss": 2.272355318069458, "acc": 0.9903661012649536, "acc_or": 0.9951830506324768, "sender_entropy": 0.9066860675811768, "receiver_entropy": 0.0, "original_loss": 0.03537440299987793, "mean_length": 6.0}
{"mode": "train", "epoch": 97, "loss": 3.3873724596840993, "acc": 0.8841929946626935, "acc_or": 0.9384978243282863, "sender_entropy": 0.8295489294188363, "receiver_entropy": 0.0, "original_loss": 0.1850641518831253, "mean_length": 6.0}
{"mode": "test", "epoch": 97, "loss": 2.2362723350524902, "acc": 0.9884393215179443, "acc_or": 0.9942196607589722, "sender_entropy": 0.9055410623550415, "receiver_entropy": 0.0, "original_loss": 0.04194360971450806, "mean_length": 6.0}
{"mode": "train", "epoch": 98, "loss": 3.2998997143336704, "acc": 0.879617086478642, "acc_or": 0.9363912514277867, "sender_entropy": 0.8344988397189549, "receiver_entropy": 0.0, "original_loss": 0.1908864506653377, "mean_length": 6.0}
{"mode": "test", "epoch": 98, "loss": 2.267782211303711, "acc": 0.9903661012649536, "acc_or": 0.9951830506324768, "sender_entropy": 0.9154105186462402, "receiver_entropy": 0.0, "original_loss": 0.03903350979089737, "mean_length": 6.0}
{"mode": "train", "epoch": 99, "loss": 3.333691562925066, "acc": 0.8854352916990008, "acc_or": 0.9401174698557172, "sender_entropy": 0.8344800983156476, "receiver_entropy": 0.0, "original_loss": 0.1832265555858612, "mean_length": 6.0}
{"mode": "test", "epoch": 99, "loss": 2.2144265174865723, "acc": 0.9903661012649536, "acc_or": 0.9951830506324768, "sender_entropy": 0.9149103164672852, "receiver_entropy": 0.0, "original_loss": 0.03975766524672508, "mean_length": 6.0}
{"mode": "train", "epoch": 100, "loss": 3.288363899503435, "acc": 0.8820830753871373, "acc_or": 0.9379364848136902, "sender_entropy": 0.8425915156091962, "receiver_entropy": 0.0, "original_loss": 0.18547451283250535, "mean_length": 6.0}
{"mode": "test", "epoch": 100, "loss": 2.2293827533721924, "acc": 0.9826589822769165, "acc_or": 0.9913294911384583, "sender_entropy": 0.9273447394371033, "receiver_entropy": 0.0, "original_loss": 0.043946608901023865, "mean_length": 6.0}
{"mode": "train", "epoch": 101, "loss": 3.245314427784511, "acc": 0.878121018409729, "acc_or": 0.9358856933457511, "sender_entropy": 0.8452838744435992, "receiver_entropy": 0.0, "original_loss": 0.19206298461982182, "mean_length": 6.0}
{"mode": "test", "epoch": 101, "loss": 2.2108936309814453, "acc": 0.9768786430358887, "acc_or": 0.9884393215179443, "sender_entropy": 0.9252360463142395, "receiver_entropy": 0.0, "original_loss": 0.039373598992824554, "mean_length": 6.0}
{"mode": "train", "epoch": 102, "loss": 3.2058820043291365, "acc": 0.8819435664585659, "acc_or": 0.9379198636327472, "sender_entropy": 0.8449409433773586, "receiver_entropy": 0.0, "original_loss": 0.18842902140957968, "mean_length": 6.0}
{"mode": "test", "epoch": 102, "loss": 2.1782641410827637, "acc": 0.9865125417709351, "acc_or": 0.9932562708854675, "sender_entropy": 0.928061306476593, "receiver_entropy": 0.0, "original_loss": 0.03811268508434296, "mean_length": 6.0}
{"mode": "train", "epoch": 103, "loss": 3.19877713067191, "acc": 0.8846766182354519, "acc_or": 0.9398942504610334, "sender_entropy": 0.8436637946537563, "receiver_entropy": 0.0, "original_loss": 0.18329226970672607, "mean_length": 6.0}
{"mode": "test", "epoch": 103, "loss": 2.1216893196105957, "acc": 0.9845857620239258, "acc_or": 0.9922928810119629, "sender_entropy": 0.9203802943229675, "receiver_entropy": 0.0, "original_loss": 0.04510387033224106, "mean_length": 6.0}
{"mode": "train", "epoch": 104, "loss": 3.1547402994973317, "acc": 0.8827075447354998, "acc_or": 0.9384798918451581, "sender_entropy": 0.8402877705437797, "receiver_entropy": 0.0, "original_loss": 0.18419998671327317, "mean_length": 6.0}
{"mode": "test", "epoch": 104, "loss": 2.111021041870117, "acc": 0.9942196607589722, "acc_or": 0.9971098303794861, "sender_entropy": 0.9171366691589355, "receiver_entropy": 0.0, "original_loss": 0.03693225979804993, "mean_length": 6.0}
{"mode": "train", "epoch": 105, "loss": 3.1867830753326416, "acc": 0.8912720765386309, "acc_or": 0.943445759160178, "sender_entropy": 0.8371023280279977, "receiver_entropy": 0.0, "original_loss": 0.17064360209873744, "mean_length": 6.0}
{"mode": "test", "epoch": 105, "loss": 2.108692169189453, "acc": 0.9922928810119629, "acc_or": 0.9961464405059814, "sender_entropy": 0.9213468432426453, "receiver_entropy": 0.0, "original_loss": 0.03849206492304802, "mean_length": 6.0}
{"mode": "train", "epoch": 106, "loss": 3.1227130549294606, "acc": 0.8945830719811576, "acc_or": 0.944337282861982, "sender_entropy": 0.8377918345587594, "receiver_entropy": 0.0, "original_loss": 0.16888978012970515, "mean_length": 6.0}
{"mode": "test", "epoch": 106, "loss": 2.1424505710601807, "acc": 0.9961464405059814, "acc_or": 0.9980732202529907, "sender_entropy": 0.9215232133865356, "receiver_entropy": 0.0, "original_loss": 0.029975667595863342, "mean_length": 6.0}
{"mode": "train", "epoch": 107, "loss": 3.130816323416574, "acc": 0.9028154356139046, "acc_or": 0.9494240454265049, "sender_entropy": 0.8371886696134295, "receiver_entropy": 0.0, "original_loss": 0.1579425036907196, "mean_length": 6.0}
{"mode": "test", "epoch": 107, "loss": 2.091280937194824, "acc": 0.9903661012649536, "acc_or": 0.9951830506324768, "sender_entropy": 0.920562207698822, "receiver_entropy": 0.0, "original_loss": 0.036495186388492584, "mean_length": 6.0}
{"mode": "train", "epoch": 108, "loss": 3.148524454661778, "acc": 0.9024168423243931, "acc_or": 0.9490380712917873, "sender_entropy": 0.839825017111642, "receiver_entropy": 0.0, "original_loss": 0.15577016983713424, "mean_length": 6.0}
{"mode": "test", "epoch": 108, "loss": 2.135380268096924, "acc": 0.9980732202529907, "acc_or": 0.9990366101264954, "sender_entropy": 0.9352290630340576, "receiver_entropy": 0.0, "original_loss": 0.028913769870996475, "mean_length": 6.0}
{"mode": "train", "epoch": 109, "loss": 3.0627085140773227, "acc": 0.8961801273482186, "acc_or": 0.9455483555793762, "sender_entropy": 0.8468578202383858, "receiver_entropy": 0.0, "original_loss": 0.16928373915808542, "mean_length": 6.0}
{"mode": "test", "epoch": 109, "loss": 1.9977028369903564, "acc": 0.9749518632888794, "acc_or": 0.9874759316444397, "sender_entropy": 0.9198400378227234, "receiver_entropy": 0.0, "original_loss": 0.05679995194077492, "mean_length": 6.0}
{"mode": "train", "epoch": 110, "loss": 2.855740819658552, "acc": 0.8850991385323661, "acc_or": 0.9398264970098223, "sender_entropy": 0.8327656984329224, "receiver_entropy": 0.0, "original_loss": 0.18714457324572972, "mean_length": 6.0}
{"mode": "test", "epoch": 110, "loss": 1.9836359024047852, "acc": 0.978805422782898, "acc_or": 0.9884393215179443, "sender_entropy": 0.906751811504364, "receiver_entropy": 0.0, "original_loss": 0.04653134569525719, "mean_length": 6.0}
{"mode": "train", "epoch": 111, "loss": 2.851957389286586, "acc": 0.8833878210612706, "acc_or": 0.9391329373632159, "sender_entropy": 0.8245883413723537, "receiver_entropy": 0.0, "original_loss": 0.18444892976965224, "mean_length": 6.0}
{"mode": "test", "epoch": 111, "loss": 1.986781358718872, "acc": 0.9884393215179443, "acc_or": 0.9942196607589722, "sender_entropy": 0.910929799079895, "receiver_entropy": 0.0, "original_loss": 0.04202654957771301, "mean_length": 6.0}
{"mode": "train", "epoch": 112, "loss": 2.976634672709874, "acc": 0.8977665390287127, "acc_or": 0.9468743545668465, "sender_entropy": 0.8308413795062474, "receiver_entropy": 0.0, "original_loss": 0.1583386127437864, "mean_length": 6.0}
{"mode": "test", "epoch": 112, "loss": 1.9989832639694214, "acc": 0.9903661012649536, "acc_or": 0.9951830506324768, "sender_entropy": 0.9133273363113403, "receiver_entropy": 0.0, "original_loss": 0.0340818427503109, "mean_length": 6.0}
{"mode": "train", "epoch": 113, "loss": 2.90224061693464, "acc": 0.8909306100436619, "acc_or": 0.9424970916339329, "sender_entropy": 0.8402812480926514, "receiver_entropy": 0.0, "original_loss": 0.17319747805595398, "mean_length": 6.0}
{"mode": "test", "epoch": 113, "loss": 1.98872709274292, "acc": 0.9865125417709351, "acc_or": 0.9932562708854675, "sender_entropy": 0.9253809452056885, "receiver_entropy": 0.0, "original_loss": 0.033287689089775085, "mean_length": 6.0}
{"mode": "train", "epoch": 114, "loss": 2.8120761598859514, "acc": 0.8930684072630746, "acc_or": 0.9436550310679844, "sender_entropy": 0.8381150960922241, "receiver_entropy": 0.0, "original_loss": 0.17567971561636245, "mean_length": 6.0}
{"mode": "test", "epoch": 114, "loss": 1.9817167520523071, "acc": 0.9922928810119629, "acc_or": 0.9961464405059814, "sender_entropy": 0.9175705909729004, "receiver_entropy": 0.0, "original_loss": 0.028983987867832184, "mean_length": 6.0}
{"mode": "train", "epoch": 115, "loss": 2.821355172566005, "acc": 0.8914129137992859, "acc_or": 0.9437951786177499, "sender_entropy": 0.8367277979850769, "receiver_entropy": 0.0, "original_loss": 0.1730148515530995, "mean_length": 6.0}
{"mode": "test", "epoch": 115, "loss": 1.9894872903823853, "acc": 0.9961464405059814, "acc_or": 0.9980732202529907, "sender_entropy": 0.9237350821495056, "receiver_entropy": 0.0, "original_loss": 0.02370086871087551, "mean_length": 6.0}
{"mode": "train", "epoch": 116, "loss": 2.886406217302595, "acc": 0.8966252378055027, "acc_or": 0.94616151707513, "sender_entropy": 0.8472846235547747, "receiver_entropy": 0.0, "original_loss": 0.16298301092215947, "mean_length": 6.0}
{"mode": "test", "epoch": 116, "loss": 1.9714113473892212, "acc": 0.9942196607589722, "acc_or": 0.9971098303794861, "sender_entropy": 0.9355144500732422, "receiver_entropy": 0.0, "original_loss": 0.02756129391491413, "mean_length": 6.0}
{"mode": "train", "epoch": 117, "loss": 2.8917950221470425, "acc": 0.8977067640849522, "acc_or": 0.9468670317104885, "sender_entropy": 0.8520535911832537, "receiver_entropy": 0.0, "original_loss": 0.15886954750333512, "mean_length": 6.0}
{"mode": "test", "epoch": 117, "loss": 1.953963279724121, "acc": 0.9942196607589722, "acc_or": 0.9971098303794861, "sender_entropy": 0.9300082325935364, "receiver_entropy": 0.0, "original_loss": 0.0267682783305645, "mean_length": 6.0}
{"mode": "train", "epoch": 118, "loss": 2.8627946036202565, "acc": 0.9013711980410984, "acc_or": 0.9485989468438285, "sender_entropy": 0.8419954351016453, "receiver_entropy": 0.0, "original_loss": 0.15404376174722398, "mean_length": 6.0}
{"mode": "test", "epoch": 118, "loss": 1.9083980321884155, "acc": 0.9980732202529907, "acc_or": 0.9990366101264954, "sender_entropy": 0.9183669090270996, "receiver_entropy": 0.0, "original_loss": 0.025367824360728264, "mean_length": 6.0}
{"mode": "train", "epoch": 119, "loss": 2.7447804382869174, "acc": 0.8997728058270046, "acc_or": 0.947548644883292, "sender_entropy": 0.8337713309696743, "receiver_entropy": 0.0, "original_loss": 0.15926363638469151, "mean_length": 6.0}
{"mode": "test", "epoch": 119, "loss": 1.8920100927352905, "acc": 0.9980732202529907, "acc_or": 0.9990366101264954, "sender_entropy": 0.9112961888313293, "receiver_entropy": 0.0, "original_loss": 0.02039545215666294, "mean_length": 6.0}
{"mode": "train", "epoch": 120, "loss": 2.785407168524606, "acc": 0.9075255308832441, "acc_or": 0.9517179727554321, "sender_entropy": 0.8307815023830959, "receiver_entropy": 0.0, "original_loss": 0.1478091755083629, "mean_length": 6.0}
{"mode": "test", "epoch": 120, "loss": 1.8769292831420898, "acc": 0.9961464405059814, "acc_or": 0.9980732202529907, "sender_entropy": 0.9167883396148682, "receiver_entropy": 0.0, "original_loss": 0.027228275313973427, "mean_length": 6.0}
{"mode": "train", "epoch": 121, "loss": 2.769017764500209, "acc": 0.9054395301001412, "acc_or": 0.9509480084691729, "sender_entropy": 0.8376914858818054, "receiver_entropy": 0.0, "original_loss": 0.1507146613938468, "mean_length": 6.0}
{"mode": "test", "epoch": 121, "loss": 1.8695021867752075, "acc": 0.9980732202529907, "acc_or": 0.9990366101264954, "sender_entropy": 0.9216062426567078, "receiver_entropy": 0.0, "original_loss": 0.0240495465695858, "mean_length": 6.0}
{"mode": "train", "epoch": 122, "loss": 2.758029426847185, "acc": 0.9024673274585179, "acc_or": 0.9492420213563102, "sender_entropy": 0.8513064299310956, "receiver_entropy": 0.0, "original_loss": 0.1540657069001879, "mean_length": 6.0}
{"mode": "test", "epoch": 122, "loss": 1.8742992877960205, "acc": 0.9980732202529907, "acc_or": 0.9990366101264954, "sender_entropy": 0.9313127398490906, "receiver_entropy": 0.0, "original_loss": 0.02369564212858677, "mean_length": 6.0}
{"mode": "train", "epoch": 123, "loss": 2.765359946659633, "acc": 0.90513128893716, "acc_or": 0.9504092420850482, "sender_entropy": 0.8533514482634408, "receiver_entropy": 0.0, "original_loss": 0.1527700275182724, "mean_length": 6.0}
{"mode": "test", "epoch": 123, "loss": 1.868727445602417, "acc": 0.9980732202529907, "acc_or": 0.9990366101264954, "sender_entropy": 0.9348570704460144, "receiver_entropy": 0.0, "original_loss": 0.0198403000831604, "mean_length": 6.0}
{"mode": "train", "epoch": 124, "loss": 2.7262418951307024, "acc": 0.9054873670850482, "acc_or": 0.9509440319878715, "sender_entropy": 0.8586842332567487, "receiver_entropy": 0.0, "original_loss": 0.15211416142327444, "mean_length": 6.0}
{"mode": "test", "epoch": 124, "loss": 1.867794156074524, "acc": 0.9922928810119629, "acc_or": 0.9961464405059814, "sender_entropy": 0.9429739117622375, "receiver_entropy": 0.0, "original_loss": 0.021803725510835648, "mean_length": 6.0}
{"mode": "train", "epoch": 125, "loss": 2.655911990574428, "acc": 0.900325528212956, "acc_or": 0.9477412870952061, "sender_entropy": 0.8601169075284686, "receiver_entropy": 0.0, "original_loss": 0.15821294912270137, "mean_length": 6.0}
{"mode": "test", "epoch": 125, "loss": 1.869763731956482, "acc": 0.9961464405059814, "acc_or": 0.9980732202529907, "sender_entropy": 0.9430825710296631, "receiver_entropy": 0.0, "original_loss": 0.019885536283254623, "mean_length": 6.0}
{"mode": "train", "epoch": 126, "loss": 2.680708033697946, "acc": 0.9118489708219256, "acc_or": 0.9540916170392718, "sender_entropy": 0.8500251599720546, "receiver_entropy": 0.0, "original_loss": 0.1434501473392759, "mean_length": 6.0}
{"mode": "test", "epoch": 126, "loss": 1.851837396621704, "acc": 0.9865125417709351, "acc_or": 0.9932562708854675, "sender_entropy": 0.9369972944259644, "receiver_entropy": 0.0, "original_loss": 0.02513386495411396, "mean_length": 6.0}
{"mode": "train", "epoch": 127, "loss": 2.6827030863080705, "acc": 0.9092421616826739, "acc_or": 0.9528493200029645, "sender_entropy": 0.8513298545564923, "receiver_entropy": 0.0, "original_loss": 0.14509286944355285, "mean_length": 6.0}
{"mode": "test", "epoch": 127, "loss": 1.8035740852355957, "acc": 0.9942196607589722, "acc_or": 0.9971098303794861, "sender_entropy": 0.9319822192192078, "receiver_entropy": 0.0, "original_loss": 0.02193419635295868, "mean_length": 6.0}
{"mode": "train", "epoch": 128, "loss": 2.56297390801566, "acc": 0.8954227907317025, "acc_or": 0.9453151651791164, "sender_entropy": 0.856843718460628, "receiver_entropy": 0.0, "original_loss": 0.16149008061204637, "mean_length": 6.0}
{"mode": "test", "epoch": 128, "loss": 1.8050726652145386, "acc": 0.9903661012649536, "acc_or": 0.9951830506324768, "sender_entropy": 0.9454732537269592, "receiver_entropy": 0.0, "original_loss": 0.024151965975761414, "mean_length": 6.0}
{"mode": "train", "epoch": 129, "loss": 2.5967938218797957, "acc": 0.9034399134772164, "acc_or": 0.9494545885494777, "sender_entropy": 0.859865835734776, "receiver_entropy": 0.0, "original_loss": 0.15303589829376765, "mean_length": 6.0}
{"mode": "test", "epoch": 129, "loss": 1.8090814352035522, "acc": 0.9942196607589722, "acc_or": 0.9971098303794861, "sender_entropy": 0.9460110664367676, "receiver_entropy": 0.0, "original_loss": 0.022257233038544655, "mean_length": 6.0}
{"mode": "train", "epoch": 130, "loss": 2.569969551903861, "acc": 0.9094175270625523, "acc_or": 0.9523457544190543, "sender_entropy": 0.8553639905793327, "receiver_entropy": 0.0, "original_loss": 0.14845727596964156, "mean_length": 6.0}
{"mode": "test", "epoch": 130, "loss": 1.7927610874176025, "acc": 0.9980732202529907, "acc_or": 0.9990366101264954, "sender_entropy": 0.9443626403808594, "receiver_entropy": 0.0, "original_loss": 0.02055305242538452, "mean_length": 6.0}
{"mode": "train", "epoch": 131, "loss": 2.569803612572806, "acc": 0.9052628193582807, "acc_or": 0.95067298412323, "sender_entropy": 0.8543272359030587, "receiver_entropy": 0.0, "original_loss": 0.15044936750616347, "mean_length": 6.0}
{"mode": "test", "epoch": 131, "loss": 1.7569695711135864, "acc": 0.9961464405059814, "acc_or": 0.9980732202529907, "sender_entropy": 0.9369514584541321, "receiver_entropy": 0.0, "original_loss": 0.02200888842344284, "mean_length": 6.0}
{"mode": "train", "epoch": 132, "loss": 2.520056962966919, "acc": 0.9018109781401498, "acc_or": 0.9487125532967704, "sender_entropy": 0.8579766750335693, "receiver_entropy": 0.0, "original_loss": 0.15336310011999948, "mean_length": 6.0}
{"mode": "test", "epoch": 132, "loss": 1.7566126585006714, "acc": 0.9980732202529907, "acc_or": 0.9990366101264954, "sender_entropy": 0.9406956434249878, "receiver_entropy": 0.0, "original_loss": 0.0190083310008049, "mean_length": 6.0}
{"mode": "train", "epoch": 133, "loss": 2.481527532849993, "acc": 0.9045347230775016, "acc_or": 0.9498963696616036, "sender_entropy": 0.8541869350842067, "receiver_entropy": 0.0, "original_loss": 0.15000994503498077, "mean_length": 6.0}
{"mode": "test", "epoch": 133, "loss": 1.7292964458465576, "acc": 0.9980732202529907, "acc_or": 0.9990366101264954, "sender_entropy": 0.9326298236846924, "receiver_entropy": 0.0, "original_loss": 0.016340652480721474, "mean_length": 6.0}
{"mode": "train", "epoch": 134, "loss": 2.4737483773912703, "acc": 0.9061862485749381, "acc_or": 0.9511958190373012, "sender_entropy": 0.841505902154105, "receiver_entropy": 0.0, "original_loss": 0.14523387913193023, "mean_length": 6.0}
{"mode": "test", "epoch": 134, "loss": 1.6980483531951904, "acc": 0.9980732202529907, "acc_or": 0.9990366101264954, "sender_entropy": 0.9227791428565979, "receiver_entropy": 0.0, "original_loss": 0.020370686426758766, "mean_length": 6.0}
{"mode": "train", "epoch": 135, "loss": 2.504575627190726, "acc": 0.9108006613595145, "acc_or": 0.9540052499089923, "sender_entropy": 0.842638509614127, "receiver_entropy": 0.0, "original_loss": 0.1405383933867727, "mean_length": 6.0}
{"mode": "test", "epoch": 135, "loss": 1.7007192373275757, "acc": 0.9961464405059814, "acc_or": 0.9980732202529907, "sender_entropy": 0.9332204461097717, "receiver_entropy": 0.0, "original_loss": 0.02213207632303238, "mean_length": 6.0}
{"mode": "train", "epoch": 136, "loss": 2.448335817881993, "acc": 0.9026280982153756, "acc_or": 0.949243996824537, "sender_entropy": 0.8505470412118095, "receiver_entropy": 0.0, "original_loss": 0.15091240193162644, "mean_length": 6.0}
{"mode": "test", "epoch": 136, "loss": 1.7251088619232178, "acc": 0.9961464405059814, "acc_or": 0.9980732202529907, "sender_entropy": 0.9440093636512756, "receiver_entropy": 0.0, "original_loss": 0.02021551877260208, "mean_length": 6.0}
{"mode": "train", "epoch": 137, "loss": 2.4347497054508755, "acc": 0.9021431377955845, "acc_or": 0.9490712881088257, "sender_entropy": 0.8656072616577148, "receiver_entropy": 0.0, "original_loss": 0.15432326282773698, "mean_length": 6.0}
{"mode": "test", "epoch": 137, "loss": 1.7245410680770874, "acc": 0.9980732202529907, "acc_or": 0.9990366101264954, "sender_entropy": 0.958761990070343, "receiver_entropy": 0.0, "original_loss": 0.019877469167113304, "mean_length": 6.0}
{"mode": "train", "epoch": 138, "loss": 2.4053431238446916, "acc": 0.8988281403269086, "acc_or": 0.9470676694597516, "sender_entropy": 0.8748972330774579, "receiver_entropy": 0.0, "original_loss": 0.1550624477011817, "mean_length": 6.0}
{"mode": "test", "epoch": 138, "loss": 1.715425968170166, "acc": 0.9922928810119629, "acc_or": 0.9961464405059814, "sender_entropy": 0.9666872620582581, "receiver_entropy": 0.0, "original_loss": 0.027939587831497192, "mean_length": 6.0}
{"mode": "train", "epoch": 139, "loss": 2.4063973426818848, "acc": 0.9061875598771232, "acc_or": 0.951054300580706, "sender_entropy": 0.8709813015801566, "receiver_entropy": 0.0, "original_loss": 0.14873101455824717, "mean_length": 6.0}
{"mode": "test", "epoch": 139, "loss": 1.7025487422943115, "acc": 0.9961464405059814, "acc_or": 0.9980732202529907, "sender_entropy": 0.9598947763442993, "receiver_entropy": 0.0, "original_loss": 0.021101372316479683, "mean_length": 6.0}
{"mode": "train", "epoch": 140, "loss": 2.4359852927071706, "acc": 0.9075148957116264, "acc_or": 0.9518016747065953, "sender_entropy": 0.8725379024233136, "receiver_entropy": 0.0, "original_loss": 0.144525374685015, "mean_length": 6.0}
{"mode": "test", "epoch": 140, "loss": 1.6857624053955078, "acc": 0.9903661012649536, "acc_or": 0.9951830506324768, "sender_entropy": 0.9617354869842529, "receiver_entropy": 0.0, "original_loss": 0.02347230352461338, "mean_length": 6.0}
{"mode": "train", "epoch": 141, "loss": 2.3731936727251326, "acc": 0.9063164421490261, "acc_or": 0.9510323745863778, "sender_entropy": 0.8715933305876595, "receiver_entropy": 0.0, "original_loss": 0.15121067208903177, "mean_length": 6.0}
{"mode": "test", "epoch": 141, "loss": 1.6872352361679077, "acc": 1.0, "acc_or": 1.0, "sender_entropy": 0.9648909568786621, "receiver_entropy": 0.0, "original_loss": 0.01748407445847988, "mean_length": 6.0}
{"epoch": 141, "positional_disent": 0.09398326277732849, "bag_of_symbol_disent": 0.18427293002605438, "topographic_sim": 0.22725449989330582}
{"generalization hold out": {"acc": 0.9583333730697632, "acc_or": 0.9583333730697632}, "uniform holdout": {"acc": 0.8421052694320679, "acc_or": 0.9210526347160339}, "epoch": 141}
---End--
