nohup: ignoring input
{"mode": "train", "epoch": 1, "loss": -4.156641585486276, "acc": 0.0014508928953936057, "acc_or": 0.04410209453531674, "sender_entropy": 2.299183334623064, "receiver_entropy": 0.0, "original_loss": 3.2017075334276472, "mean_length": 6.0}
{"mode": "test", "epoch": 1, "loss": 2.188589096069336, "acc": 0.0, "acc_or": 0.044315993785858154, "sender_entropy": 2.2983264923095703, "receiver_entropy": 0.0, "original_loss": 3.1903135776519775, "mean_length": 6.0}
{"mode": "train", "epoch": 2, "loss": 2.244295120239258, "acc": 0.0015957164328678378, "acc_or": 0.04626913368701935, "sender_entropy": 2.29909838948931, "receiver_entropy": 0.0, "original_loss": 3.1809794221605574, "mean_length": 6.0}
{"mode": "test", "epoch": 2, "loss": 2.2113990783691406, "acc": 0.003853564616292715, "acc_or": 0.05587668716907501, "sender_entropy": 2.3003523349761963, "receiver_entropy": 0.0, "original_loss": 3.1773793697357178, "mean_length": 6.0}
{"mode": "train", "epoch": 3, "loss": 2.1530541351863315, "acc": 0.0017578125365876726, "acc_or": 0.04601004560078893, "sender_entropy": 2.300715548651559, "receiver_entropy": 0.0, "original_loss": 3.1805990423474992, "mean_length": 6.0}
{"mode": "test", "epoch": 3, "loss": 2.382882595062256, "acc": 0.0019267823081463575, "acc_or": 0.06262042373418808, "sender_entropy": 2.3012895584106445, "receiver_entropy": 0.0, "original_loss": 3.159752607345581, "mean_length": 6.0}
{"mode": "train", "epoch": 4, "loss": 2.13613452230181, "acc": 0.0020142432601590243, "acc_or": 0.045463302837950845, "sender_entropy": 2.301227228982108, "receiver_entropy": 0.0, "original_loss": 3.1788016387394498, "mean_length": 6.0}
{"mode": "test", "epoch": 4, "loss": 2.5526349544525146, "acc": 0.011560693383216858, "acc_or": 0.10789980739355087, "sender_entropy": 2.3014333248138428, "receiver_entropy": 0.0, "original_loss": 3.1435749530792236, "mean_length": 6.0}
{"mode": "train", "epoch": 5, "loss": 2.1340876647404263, "acc": 0.0019252232575256909, "acc_or": 0.045849278037037165, "sender_entropy": 2.3012890134538924, "receiver_entropy": 0.0, "original_loss": 3.176743984222412, "mean_length": 6.0}
{"mode": "test", "epoch": 5, "loss": 2.8627145290374756, "acc": 0.013487475924193859, "acc_or": 0.14547206461429596, "sender_entropy": 2.3012940883636475, "receiver_entropy": 0.0, "original_loss": 3.1162352561950684, "mean_length": 6.0}
{"mode": "train", "epoch": 6, "loss": 2.135981559753418, "acc": 0.0021484375465661287, "acc_or": 0.04848865366407803, "sender_entropy": 2.3011209283556258, "receiver_entropy": 0.0, "original_loss": 3.174826213291713, "mean_length": 6.0}
{"mode": "test", "epoch": 6, "loss": 3.172593593597412, "acc": 0.011560693383216858, "acc_or": 0.15221580862998962, "sender_entropy": 2.3007774353027344, "receiver_entropy": 0.0, "original_loss": 3.0885558128356934, "mean_length": 6.0}
{"mode": "train", "epoch": 7, "loss": 2.1417790821620395, "acc": 0.0025217900152451228, "acc_or": 0.05160966781633241, "sender_entropy": 2.300109556743077, "receiver_entropy": 0.0, "original_loss": 3.172636100224086, "mean_length": 6.0}
{"mode": "test", "epoch": 7, "loss": 3.459857702255249, "acc": 0.017341040074825287, "acc_or": 0.18111753463745117, "sender_entropy": 2.2982170581817627, "receiver_entropy": 0.0, "original_loss": 3.059269905090332, "mean_length": 6.0}
{"mode": "train", "epoch": 8, "loss": 2.251028367451259, "acc": 0.0038105868069188936, "acc_or": 0.060974039137363434, "sender_entropy": 2.2914914403642928, "receiver_entropy": 0.0, "original_loss": 3.161651679447719, "mean_length": 6.0}
{"mode": "test", "epoch": 8, "loss": 4.0459208488464355, "acc": 0.00770712923258543, "acc_or": 0.14547206461429596, "sender_entropy": 2.269193649291992, "receiver_entropy": 0.0, "original_loss": 2.978956937789917, "mean_length": 6.0}
{"mode": "train", "epoch": 9, "loss": 3.166771956852504, "acc": 0.0058474172838032246, "acc_or": 0.08584848152739662, "sender_entropy": 2.2122889927455356, "receiver_entropy": 0.0, "original_loss": 3.0689078739711215, "mean_length": 6.0}
{"mode": "test", "epoch": 9, "loss": 3.567047119140625, "acc": 0.005780346691608429, "acc_or": 0.1290944218635559, "sender_entropy": 2.173386812210083, "receiver_entropy": 0.0, "original_loss": 2.9349722862243652, "mean_length": 6.0}
{"mode": "train", "epoch": 10, "loss": 4.479999882834298, "acc": 0.00881032126822642, "acc_or": 0.11500252783298492, "sender_entropy": 2.0984296798706055, "receiver_entropy": 0.0, "original_loss": 2.9107638767787387, "mean_length": 6.0}
{"mode": "test", "epoch": 10, "loss": 4.675046920776367, "acc": 0.013487475924193859, "acc_or": 0.15606936812400818, "sender_entropy": 2.015029191970825, "receiver_entropy": 0.0, "original_loss": 2.7059409618377686, "mean_length": 6.0}
{"mode": "train", "epoch": 11, "loss": 5.623249803270612, "acc": 0.01739742819752012, "acc_or": 0.15411750759397233, "sender_entropy": 1.9671687398638045, "receiver_entropy": 0.0, "original_loss": 2.738057885851179, "mean_length": 6.0}
{"mode": "test", "epoch": 11, "loss": 5.843602180480957, "acc": 0.023121386766433716, "acc_or": 0.21290944516658783, "sender_entropy": 1.994676947593689, "receiver_entropy": 0.0, "original_loss": 2.5138182640075684, "mean_length": 6.0}
{"mode": "train", "epoch": 12, "loss": 6.46357570375715, "acc": 0.02609082737139293, "acc_or": 0.19184470815317972, "sender_entropy": 1.8515865802764893, "receiver_entropy": 0.0, "original_loss": 2.573178700038365, "mean_length": 6.0}
{"mode": "test", "epoch": 12, "loss": 5.558499336242676, "acc": 0.032755300402641296, "acc_or": 0.232177272439003, "sender_entropy": 1.8559927940368652, "receiver_entropy": 0.0, "original_loss": 2.407278537750244, "mean_length": 6.0}
{"mode": "train", "epoch": 13, "loss": 6.940014702933175, "acc": 0.03250690922141075, "acc_or": 0.21778008554662978, "sender_entropy": 1.7912076200757707, "receiver_entropy": 0.0, "original_loss": 2.4607001713344028, "mean_length": 6.0}
{"mode": "test", "epoch": 13, "loss": 6.0946550369262695, "acc": 0.028901735320687294, "acc_or": 0.26204240322113037, "sender_entropy": 1.88970947265625, "receiver_entropy": 0.0, "original_loss": 2.3031580448150635, "mean_length": 6.0}
{"mode": "train", "epoch": 14, "loss": 7.373110294342041, "acc": 0.0440449629511152, "acc_or": 0.24896365404129028, "sender_entropy": 1.7537077495029993, "receiver_entropy": 0.0, "original_loss": 2.3513163157871793, "mean_length": 6.0}
{"mode": "test", "epoch": 14, "loss": 6.613919258117676, "acc": 0.05587668716907501, "acc_or": 0.30443161725997925, "sender_entropy": 1.832834243774414, "receiver_entropy": 0.0, "original_loss": 2.133216619491577, "mean_length": 6.0}
{"mode": "train", "epoch": 15, "loss": 7.8909309932163785, "acc": 0.05741390426244054, "acc_or": 0.2789261894566672, "sender_entropy": 1.7016664062227522, "receiver_entropy": 0.0, "original_loss": 2.2237795761653354, "mean_length": 6.0}
{"mode": "test", "epoch": 15, "loss": 6.716107368469238, "acc": 0.05202312394976616, "acc_or": 0.3102119565010071, "sender_entropy": 1.8088650703430176, "receiver_entropy": 0.0, "original_loss": 2.0457494258880615, "mean_length": 6.0}
{"mode": "train", "epoch": 16, "loss": 8.35298306601388, "acc": 0.07313058259231704, "acc_or": 0.3065110870770046, "sender_entropy": 1.6392336913517542, "receiver_entropy": 0.0, "original_loss": 2.093856487955366, "mean_length": 6.0}
{"mode": "test", "epoch": 16, "loss": 7.085368633270264, "acc": 0.06165703386068344, "acc_or": 0.34007707238197327, "sender_entropy": 1.763698935508728, "receiver_entropy": 0.0, "original_loss": 1.9149144887924194, "mean_length": 6.0}
{"mode": "train", "epoch": 17, "loss": 8.572372300284249, "acc": 0.08103343099355698, "acc_or": 0.3323973034109388, "sender_entropy": 1.5947765282222204, "receiver_entropy": 0.0, "original_loss": 1.9857261521475655, "mean_length": 6.0}
{"mode": "test", "epoch": 17, "loss": 7.183252811431885, "acc": 0.08477842062711716, "acc_or": 0.38824662566185, "sender_entropy": 1.736777901649475, "receiver_entropy": 0.0, "original_loss": 1.8134180307388306, "mean_length": 6.0}
{"mode": "train", "epoch": 18, "loss": 8.888265201023646, "acc": 0.0990779133779662, "acc_or": 0.3617081216403416, "sender_entropy": 1.5427644763674055, "receiver_entropy": 0.0, "original_loss": 1.8561344487326485, "mean_length": 6.0}
{"mode": "test", "epoch": 18, "loss": 7.439584732055664, "acc": 0.09248554706573486, "acc_or": 0.4113680124282837, "sender_entropy": 1.6747206449508667, "receiver_entropy": 0.0, "original_loss": 1.6438698768615723, "mean_length": 6.0}
{"mode": "train", "epoch": 19, "loss": 8.88498306274414, "acc": 0.11381271375077111, "acc_or": 0.39076983077185495, "sender_entropy": 1.4610897302627563, "receiver_entropy": 0.0, "original_loss": 1.751348853111267, "mean_length": 6.0}
{"mode": "test", "epoch": 19, "loss": 7.241201400756836, "acc": 0.12524084746837616, "acc_or": 0.44123315811157227, "sender_entropy": 1.6322559118270874, "receiver_entropy": 0.0, "original_loss": 1.5794503688812256, "mean_length": 6.0}
{"mode": "train", "epoch": 20, "loss": 8.847229548863002, "acc": 0.12504251833472932, "acc_or": 0.40926206963402884, "sender_entropy": 1.4457523652485438, "receiver_entropy": 0.0, "original_loss": 1.6862163884299142, "mean_length": 6.0}
{"mode": "test", "epoch": 20, "loss": 7.617012977600098, "acc": 0.15799614787101746, "acc_or": 0.4701348841190338, "sender_entropy": 1.645138144493103, "receiver_entropy": 0.0, "original_loss": 1.4622994661331177, "mean_length": 6.0}
{"mode": "train", "epoch": 21, "loss": 8.967846870422363, "acc": 0.14327301723616465, "acc_or": 0.4265439084597996, "sender_entropy": 1.4638489144189017, "receiver_entropy": 0.0, "original_loss": 1.62601295539311, "mean_length": 6.0}
{"mode": "test", "epoch": 21, "loss": 7.823080539703369, "acc": 0.18497109413146973, "acc_or": 0.5057803392410278, "sender_entropy": 1.6516879796981812, "receiver_entropy": 0.0, "original_loss": 1.370862603187561, "mean_length": 6.0}
{"mode": "train", "epoch": 22, "loss": 9.02485534123012, "acc": 0.15471939316817693, "acc_or": 0.4494034435067858, "sender_entropy": 1.4485976696014404, "receiver_entropy": 0.0, "original_loss": 1.5475957904543196, "mean_length": 6.0}
{"mode": "test", "epoch": 22, "loss": 7.613992691040039, "acc": 0.23699422180652618, "acc_or": 0.565510630607605, "sender_entropy": 1.5809704065322876, "receiver_entropy": 0.0, "original_loss": 1.2722320556640625, "mean_length": 6.0}
{"mode": "train", "epoch": 23, "loss": 8.829951558794294, "acc": 0.1848201027938298, "acc_or": 0.48087731429508757, "sender_entropy": 1.3628690242767334, "receiver_entropy": 0.0, "original_loss": 1.4600879124232702, "mean_length": 6.0}
{"mode": "test", "epoch": 23, "loss": 7.505575180053711, "acc": 0.28131023049354553, "acc_or": 0.5934489369392395, "sender_entropy": 1.544426679611206, "receiver_entropy": 0.0, "original_loss": 1.1975462436676025, "mean_length": 6.0}
{"mode": "train", "epoch": 24, "loss": 8.728528431483678, "acc": 0.20049293552126204, "acc_or": 0.4996233412197658, "sender_entropy": 1.3514199938092912, "receiver_entropy": 0.0, "original_loss": 1.4131465469087874, "mean_length": 6.0}
{"mode": "test", "epoch": 24, "loss": 7.727229118347168, "acc": 0.3159922957420349, "acc_or": 0.6204239130020142, "sender_entropy": 1.5376389026641846, "receiver_entropy": 0.0, "original_loss": 1.1024409532546997, "mean_length": 6.0}
{"mode": "train", "epoch": 25, "loss": 8.749171665736608, "acc": 0.22302030665533884, "acc_or": 0.5167836036000933, "sender_entropy": 1.3618409974234444, "receiver_entropy": 0.0, "original_loss": 1.363064238003322, "mean_length": 6.0}
{"mode": "test", "epoch": 25, "loss": 7.3216729164123535, "acc": 0.32947978377342224, "acc_or": 0.6348747611045837, "sender_entropy": 1.5271635055541992, "receiver_entropy": 0.0, "original_loss": 1.1021513938903809, "mean_length": 6.0}
{"mode": "train", "epoch": 26, "loss": 8.84602860042027, "acc": 0.2570578285626003, "acc_or": 0.5494413120406014, "sender_entropy": 1.2967336859021867, "receiver_entropy": 0.0, "original_loss": 1.2521223170416695, "mean_length": 6.0}
{"mode": "test", "epoch": 26, "loss": 7.226002216339111, "acc": 0.3892100155353546, "acc_or": 0.6772639751434326, "sender_entropy": 1.4616197347640991, "receiver_entropy": 0.0, "original_loss": 0.9751973152160645, "mean_length": 6.0}
{"mode": "train", "epoch": 27, "loss": 8.577756336757115, "acc": 0.2728648568902697, "acc_or": 0.5651201265198844, "sender_entropy": 1.2816438334328788, "receiver_entropy": 0.0, "original_loss": 1.2180337394986833, "mean_length": 6.0}
{"mode": "test", "epoch": 27, "loss": 7.136000633239746, "acc": 0.3815028965473175, "acc_or": 0.6695568561553955, "sender_entropy": 1.475144863128662, "receiver_entropy": 0.0, "original_loss": 0.945421040058136, "mean_length": 6.0}
{"mode": "train", "epoch": 28, "loss": 8.483514104570661, "acc": 0.2923589050769806, "acc_or": 0.579221819128309, "sender_entropy": 1.2748116084507533, "receiver_entropy": 0.0, "original_loss": 1.1776933670043945, "mean_length": 6.0}
{"mode": "test", "epoch": 28, "loss": 6.811136722564697, "acc": 0.4238921105861664, "acc_or": 0.686897873878479, "sender_entropy": 1.4436579942703247, "receiver_entropy": 0.0, "original_loss": 0.9213714599609375, "mean_length": 6.0}
{"mode": "train", "epoch": 29, "loss": 8.381466320582799, "acc": 0.30822173612458365, "acc_or": 0.5938649432999747, "sender_entropy": 1.268958466393607, "receiver_entropy": 0.0, "original_loss": 1.132529275757926, "mean_length": 6.0}
{"mode": "test", "epoch": 29, "loss": 6.981530666351318, "acc": 0.44315993785858154, "acc_or": 0.7080925107002258, "sender_entropy": 1.4394230842590332, "receiver_entropy": 0.0, "original_loss": 0.8421167731285095, "mean_length": 6.0}
{"mode": "train", "epoch": 30, "loss": 8.29767540522984, "acc": 0.3258011851991926, "acc_or": 0.6076039161000933, "sender_entropy": 1.2529477902821131, "receiver_entropy": 0.0, "original_loss": 1.0934735706874303, "mean_length": 6.0}
{"mode": "test", "epoch": 30, "loss": 6.655429840087891, "acc": 0.4701348841190338, "acc_or": 0.7177264094352722, "sender_entropy": 1.3973877429962158, "receiver_entropy": 0.0, "original_loss": 0.8118973970413208, "mean_length": 6.0}
{"mode": "train", "epoch": 31, "loss": 8.07091658455985, "acc": 0.360039336340768, "acc_or": 0.6254471029554095, "sender_entropy": 1.198741844722203, "receiver_entropy": 0.0, "original_loss": 1.037478608744485, "mean_length": 6.0}
{"mode": "test", "epoch": 31, "loss": 6.502443313598633, "acc": 0.4971098303794861, "acc_or": 0.7341040372848511, "sender_entropy": 1.3666980266571045, "receiver_entropy": 0.0, "original_loss": 0.7565301656723022, "mean_length": 6.0}
{"mode": "train", "epoch": 32, "loss": 7.966496876307896, "acc": 0.3735065928527287, "acc_or": 0.6337093540600368, "sender_entropy": 1.1969871520996094, "receiver_entropy": 0.0, "original_loss": 1.004040241241455, "mean_length": 6.0}
{"mode": "test", "epoch": 32, "loss": 6.518537521362305, "acc": 0.510597288608551, "acc_or": 0.7398843765258789, "sender_entropy": 1.3862214088439941, "receiver_entropy": 0.0, "original_loss": 0.7421037554740906, "mean_length": 6.0}
{"mode": "train", "epoch": 33, "loss": 7.838097367967878, "acc": 0.38071722217968534, "acc_or": 0.638288574559348, "sender_entropy": 1.2042113883154733, "receiver_entropy": 0.0, "original_loss": 0.9903799976621356, "mean_length": 6.0}
{"mode": "test", "epoch": 33, "loss": 6.509756088256836, "acc": 0.5684008002281189, "acc_or": 0.7755298614501953, "sender_entropy": 1.3675134181976318, "receiver_entropy": 0.0, "original_loss": 0.6772900223731995, "mean_length": 6.0}
{"mode": "train", "epoch": 34, "loss": 7.7086687088012695, "acc": 0.409753680229187, "acc_or": 0.6587286336081368, "sender_entropy": 1.159615397453308, "receiver_entropy": 0.0, "original_loss": 0.9326286401067462, "mean_length": 6.0}
{"mode": "test", "epoch": 34, "loss": 5.909109115600586, "acc": 0.5799614787101746, "acc_or": 0.7813102006912231, "sender_entropy": 1.2969424724578857, "receiver_entropy": 0.0, "original_loss": 0.6777071356773376, "mean_length": 6.0}
{"mode": "train", "epoch": 35, "loss": 7.380006653921945, "acc": 0.4207815144743238, "acc_or": 0.6712392568588257, "sender_entropy": 1.112189735685076, "receiver_entropy": 0.0, "original_loss": 0.9011422906603131, "mean_length": 6.0}
{"mode": "test", "epoch": 35, "loss": 5.841333389282227, "acc": 0.6242774724960327, "acc_or": 0.7967244982719421, "sender_entropy": 1.2725872993469238, "receiver_entropy": 0.0, "original_loss": 0.6301516890525818, "mean_length": 6.0}
{"mode": "train", "epoch": 36, "loss": 7.236581461770194, "acc": 0.43934817399297443, "acc_or": 0.6762775267873492, "sender_entropy": 1.1138140644345964, "receiver_entropy": 0.0, "original_loss": 0.8870927776609149, "mean_length": 6.0}
{"mode": "test", "epoch": 36, "loss": 5.824905872344971, "acc": 0.6107900142669678, "acc_or": 0.7928709387779236, "sender_entropy": 1.2908843755722046, "receiver_entropy": 0.0, "original_loss": 0.618560254573822, "mean_length": 6.0}
{"mode": "train", "epoch": 37, "loss": 7.271280424935477, "acc": 0.4491642841270992, "acc_or": 0.6864463772092547, "sender_entropy": 1.1325421333312988, "receiver_entropy": 0.0, "original_loss": 0.8623884831156049, "mean_length": 6.0}
{"mode": "test", "epoch": 37, "loss": 5.862736225128174, "acc": 0.6859344840049744, "acc_or": 0.8362235426902771, "sender_entropy": 1.2901904582977295, "receiver_entropy": 0.0, "original_loss": 0.5586403012275696, "mean_length": 6.0}
{"mode": "train", "epoch": 38, "loss": 7.171935490199497, "acc": 0.4696255922317505, "acc_or": 0.6970098784991673, "sender_entropy": 1.1276104961122786, "receiver_entropy": 0.0, "original_loss": 0.8284580196653094, "mean_length": 6.0}
{"mode": "test", "epoch": 38, "loss": 5.765884876251221, "acc": 0.6782273650169373, "acc_or": 0.8333333730697632, "sender_entropy": 1.2826519012451172, "receiver_entropy": 0.0, "original_loss": 0.5455742478370667, "mean_length": 6.0}
{"mode": "train", "epoch": 39, "loss": 7.139276368277414, "acc": 0.48373326659202576, "acc_or": 0.7076876248632159, "sender_entropy": 1.1291872092655726, "receiver_entropy": 0.0, "original_loss": 0.8083741920334953, "mean_length": 6.0}
{"mode": "test", "epoch": 39, "loss": 5.887795925140381, "acc": 0.7090559005737305, "acc_or": 0.8516377806663513, "sender_entropy": 1.2811613082885742, "receiver_entropy": 0.0, "original_loss": 0.47779008746147156, "mean_length": 6.0}
{"mode": "train", "epoch": 40, "loss": 7.172966684613909, "acc": 0.5148238326822009, "acc_or": 0.727559004511152, "sender_entropy": 1.115609816142491, "receiver_entropy": 0.0, "original_loss": 0.7558518733297076, "mean_length": 6.0}
{"mode": "test", "epoch": 40, "loss": 5.532637596130371, "acc": 0.6974952220916748, "acc_or": 0.8420038819313049, "sender_entropy": 1.264480471611023, "receiver_entropy": 0.0, "original_loss": 0.5091707110404968, "mean_length": 6.0}
{"mode": "train", "epoch": 41, "loss": 7.125639506748745, "acc": 0.5253733651978629, "acc_or": 0.7343550835336957, "sender_entropy": 1.1211627551487513, "receiver_entropy": 0.0, "original_loss": 0.735886812210083, "mean_length": 6.0}
{"mode": "test", "epoch": 41, "loss": 5.6470561027526855, "acc": 0.7456647753715515, "acc_or": 0.8660886287689209, "sender_entropy": 1.270900011062622, "receiver_entropy": 0.0, "original_loss": 0.45321738719940186, "mean_length": 6.0}
{"mode": "train", "epoch": 42, "loss": 7.016322612762451, "acc": 0.5375199317932129, "acc_or": 0.7396557586533683, "sender_entropy": 1.1015342303684779, "receiver_entropy": 0.0, "original_loss": 0.7132791365895953, "mean_length": 6.0}
{"mode": "test", "epoch": 42, "loss": 5.276511192321777, "acc": 0.7379575967788696, "acc_or": 0.863198459148407, "sender_entropy": 1.2194411754608154, "receiver_entropy": 0.0, "original_loss": 0.45292699337005615, "mean_length": 6.0}
{"mode": "train", "epoch": 43, "loss": 6.859865801674979, "acc": 0.5693877679961068, "acc_or": 0.7577381219182696, "sender_entropy": 1.0594106231416975, "receiver_entropy": 0.0, "original_loss": 0.6671399388994489, "mean_length": 6.0}
{"mode": "test", "epoch": 43, "loss": 5.104676723480225, "acc": 0.7610790133476257, "acc_or": 0.8766859769821167, "sender_entropy": 1.1911972761154175, "receiver_entropy": 0.0, "original_loss": 0.42067649960517883, "mean_length": 6.0}
{"mode": "train", "epoch": 44, "loss": 6.790699890681675, "acc": 0.5900311044284275, "acc_or": 0.7726011276245117, "sender_entropy": 1.0463007518223353, "receiver_entropy": 0.0, "original_loss": 0.6330115624836513, "mean_length": 6.0}
{"mode": "test", "epoch": 44, "loss": 5.212373733520508, "acc": 0.799614667892456, "acc_or": 0.8978805541992188, "sender_entropy": 1.1969106197357178, "receiver_entropy": 0.0, "original_loss": 0.3693394362926483, "mean_length": 6.0}
{"mode": "train", "epoch": 45, "loss": 6.819619110652378, "acc": 0.6043898974146161, "acc_or": 0.7819455691746303, "sender_entropy": 1.0560942377362932, "receiver_entropy": 0.0, "original_loss": 0.6088336365563529, "mean_length": 6.0}
{"mode": "test", "epoch": 45, "loss": 5.218756198883057, "acc": 0.8015414476394653, "acc_or": 0.8978805541992188, "sender_entropy": 1.206308364868164, "receiver_entropy": 0.0, "original_loss": 0.34646075963974, "mean_length": 6.0}
{"mode": "train", "epoch": 46, "loss": 6.6292612212044855, "acc": 0.6067336457116264, "acc_or": 0.7807883024215698, "sender_entropy": 1.0606886829648698, "receiver_entropy": 0.0, "original_loss": 0.6092771291732788, "mean_length": 6.0}
{"mode": "test", "epoch": 46, "loss": 4.961673736572266, "acc": 0.8111753463745117, "acc_or": 0.8940269947052002, "sender_entropy": 1.1871428489685059, "receiver_entropy": 0.0, "original_loss": 0.35977354645729065, "mean_length": 6.0}
{"mode": "train", "epoch": 47, "loss": 6.472032683236258, "acc": 0.6274846111025129, "acc_or": 0.7916819623538426, "sender_entropy": 1.044900928224836, "receiver_entropy": 0.0, "original_loss": 0.5886378373418536, "mean_length": 6.0}
{"mode": "test", "epoch": 47, "loss": 5.092720985412598, "acc": 0.8188824653625488, "acc_or": 0.9094412326812744, "sender_entropy": 1.1981487274169922, "receiver_entropy": 0.0, "original_loss": 0.31575483083724976, "mean_length": 6.0}
{"mode": "train", "epoch": 48, "loss": 6.341127872467041, "acc": 0.6186184797968183, "acc_or": 0.7864968861852374, "sender_entropy": 1.052966492516654, "receiver_entropy": 0.0, "original_loss": 0.5952970726149422, "mean_length": 6.0}
{"mode": "test", "epoch": 48, "loss": 4.7889018058776855, "acc": 0.7784200310707092, "acc_or": 0.8815029263496399, "sender_entropy": 1.1931489706039429, "receiver_entropy": 0.0, "original_loss": 0.37058982253074646, "mean_length": 6.0}
{"mode": "train", "epoch": 49, "loss": 6.316459587642124, "acc": 0.6461283053670611, "acc_or": 0.8044105001858303, "sender_entropy": 1.0391415698187692, "receiver_entropy": 0.0, "original_loss": 0.5596153480666024, "mean_length": 6.0}
{"mode": "test", "epoch": 49, "loss": 4.887807369232178, "acc": 0.8477842211723328, "acc_or": 0.9238921403884888, "sender_entropy": 1.1749775409698486, "receiver_entropy": 0.0, "original_loss": 0.28692516684532166, "mean_length": 6.0}
{"mode": "train", "epoch": 50, "loss": 6.325594425201416, "acc": 0.6519199184009007, "acc_or": 0.8088827388627189, "sender_entropy": 1.0314297335488456, "receiver_entropy": 0.0, "original_loss": 0.5308811323983329, "mean_length": 6.0}
{"mode": "test", "epoch": 50, "loss": 4.683842182159424, "acc": 0.8285163640975952, "acc_or": 0.913294792175293, "sender_entropy": 1.1547877788543701, "receiver_entropy": 0.0, "original_loss": 0.2926408648490906, "mean_length": 6.0}
{"mode": "train", "epoch": 51, "loss": 6.232962676456997, "acc": 0.6765107001577105, "acc_or": 0.822286239692143, "sender_entropy": 1.018661516053336, "receiver_entropy": 0.0, "original_loss": 0.5066197897706713, "mean_length": 6.0}
{"mode": "test", "epoch": 51, "loss": 4.7506818771362305, "acc": 0.8805395364761353, "acc_or": 0.9402697682380676, "sender_entropy": 1.157103180885315, "receiver_entropy": 0.0, "original_loss": 0.2547406852245331, "mean_length": 6.0}
{"mode": "train", "epoch": 52, "loss": 6.183600902557373, "acc": 0.6897108980587551, "acc_or": 0.830646140234811, "sender_entropy": 1.0198778424944197, "receiver_entropy": 0.0, "original_loss": 0.48876483525548664, "mean_length": 6.0}
{"mode": "test", "epoch": 52, "loss": 4.56251335144043, "acc": 0.8940269947052002, "acc_or": 0.9450867176055908, "sender_entropy": 1.1396712064743042, "receiver_entropy": 0.0, "original_loss": 0.23960377275943756, "mean_length": 6.0}
{"mode": "train", "epoch": 53, "loss": 6.076218400682722, "acc": 0.7071295891489301, "acc_or": 0.8399361031396049, "sender_entropy": 0.9919398937906537, "receiver_entropy": 0.0, "original_loss": 0.4646031217915671, "mean_length": 6.0}
{"mode": "test", "epoch": 53, "loss": 4.398159503936768, "acc": 0.9036608934402466, "acc_or": 0.9518304467201233, "sender_entropy": 1.1016710996627808, "receiver_entropy": 0.0, "original_loss": 0.21345151960849762, "mean_length": 6.0}
{"mode": "train", "epoch": 54, "loss": 5.825958251953125, "acc": 0.7078815954072135, "acc_or": 0.8390538777623858, "sender_entropy": 0.9713971870286124, "receiver_entropy": 0.0, "original_loss": 0.46119492820331026, "mean_length": 6.0}
{"mode": "test", "epoch": 54, "loss": 4.3660383224487305, "acc": 0.8940269947052002, "acc_or": 0.9450867176055908, "sender_entropy": 1.100528597831726, "receiver_entropy": 0.0, "original_loss": 0.21670475602149963, "mean_length": 6.0}
{"mode": "train", "epoch": 55, "loss": 5.8155339785984586, "acc": 0.7059776442391532, "acc_or": 0.8397341540881565, "sender_entropy": 0.9842072129249573, "receiver_entropy": 0.0, "original_loss": 0.4571157268115452, "mean_length": 6.0}
{"mode": "test", "epoch": 55, "loss": 4.359481334686279, "acc": 0.9325626492500305, "acc_or": 0.965317964553833, "sender_entropy": 1.1102232933044434, "receiver_entropy": 0.0, "original_loss": 0.20864827930927277, "mean_length": 6.0}
{"mode": "train", "epoch": 56, "loss": 5.801131793430874, "acc": 0.7097576686314174, "acc_or": 0.8429714271000454, "sender_entropy": 0.9978341885975429, "receiver_entropy": 0.0, "original_loss": 0.44884225726127625, "mean_length": 6.0}
{"mode": "test", "epoch": 56, "loss": 4.327892303466797, "acc": 0.8959537744522095, "acc_or": 0.9479768872261047, "sender_entropy": 1.1217161417007446, "receiver_entropy": 0.0, "original_loss": 0.21390528976917267, "mean_length": 6.0}
{"mode": "train", "epoch": 57, "loss": 5.621145384652274, "acc": 0.7064041410173688, "acc_or": 0.8403154356139046, "sender_entropy": 1.0035199863570077, "receiver_entropy": 0.0, "original_loss": 0.45723227517945425, "mean_length": 6.0}
{"mode": "test", "epoch": 57, "loss": 4.261496543884277, "acc": 0.9229287505149841, "acc_or": 0.960500955581665, "sender_entropy": 1.1027072668075562, "receiver_entropy": 0.0, "original_loss": 0.1957578957080841, "mean_length": 6.0}
{"mode": "train", "epoch": 58, "loss": 5.566294806344168, "acc": 0.7282047356878009, "acc_or": 0.8519963281495231, "sender_entropy": 0.983334984098162, "receiver_entropy": 0.0, "original_loss": 0.4290229380130768, "mean_length": 6.0}
{"mode": "test", "epoch": 58, "loss": 4.031717777252197, "acc": 0.9152215719223022, "acc_or": 0.9556840062141418, "sender_entropy": 1.06728994846344, "receiver_entropy": 0.0, "original_loss": 0.19017350673675537, "mean_length": 6.0}
{"mode": "train", "epoch": 59, "loss": 5.480408259800503, "acc": 0.7485849942479815, "acc_or": 0.8632254685674395, "sender_entropy": 0.9582101617540631, "receiver_entropy": 0.0, "original_loss": 0.4005356473582132, "mean_length": 6.0}
{"mode": "test", "epoch": 59, "loss": 4.021735191345215, "acc": 0.9479768872261047, "acc_or": 0.9730250835418701, "sender_entropy": 1.0635571479797363, "receiver_entropy": 0.0, "original_loss": 0.15833477675914764, "mean_length": 6.0}
{"mode": "train", "epoch": 60, "loss": 5.4182851655142645, "acc": 0.7597643051828656, "acc_or": 0.8703829305512565, "sender_entropy": 0.944955689566476, "receiver_entropy": 0.0, "original_loss": 0.3809231093951634, "mean_length": 6.0}
{"mode": "test", "epoch": 60, "loss": 3.912090539932251, "acc": 0.9576107859611511, "acc_or": 0.978805422782898, "sender_entropy": 1.0477466583251953, "receiver_entropy": 0.0, "original_loss": 0.14299502968788147, "mean_length": 6.0}
{"mode": "train", "epoch": 61, "loss": 5.382105691092355, "acc": 0.7648716654096331, "acc_or": 0.8740965213094439, "sender_entropy": 0.9406870348112923, "receiver_entropy": 0.0, "original_loss": 0.36637979320117403, "mean_length": 6.0}
{"mode": "test", "epoch": 61, "loss": 3.7718794345855713, "acc": 0.9267823100090027, "acc_or": 0.963391125202179, "sender_entropy": 1.0334601402282715, "receiver_entropy": 0.0, "original_loss": 0.1645640730857849, "mean_length": 6.0}
{"mode": "train", "epoch": 62, "loss": 5.231271539415632, "acc": 0.7772693634033203, "acc_or": 0.8814645920481, "sender_entropy": 0.9146922145571027, "receiver_entropy": 0.0, "original_loss": 0.3455346098967961, "mean_length": 6.0}
{"mode": "test", "epoch": 62, "loss": 3.6822242736816406, "acc": 0.9248555302619934, "acc_or": 0.9614643454551697, "sender_entropy": 1.025136113166809, "receiver_entropy": 0.0, "original_loss": 0.15465059876441956, "mean_length": 6.0}
{"mode": "train", "epoch": 63, "loss": 5.160641874585833, "acc": 0.7759460210800171, "acc_or": 0.8793101736477443, "sender_entropy": 0.9286112018993923, "receiver_entropy": 0.0, "original_loss": 0.352874687739781, "mean_length": 6.0}
{"mode": "test", "epoch": 63, "loss": 3.7014055252075195, "acc": 0.9325626492500305, "acc_or": 0.965317964553833, "sender_entropy": 1.0455529689788818, "receiver_entropy": 0.0, "original_loss": 0.1520085334777832, "mean_length": 6.0}
{"mode": "train", "epoch": 64, "loss": 5.070089067731585, "acc": 0.7664275169372559, "acc_or": 0.8739928943770272, "sender_entropy": 0.9483015026365008, "receiver_entropy": 0.0, "original_loss": 0.36764288800103323, "mean_length": 6.0}
{"mode": "test", "epoch": 64, "loss": 3.653794050216675, "acc": 0.9210019707679749, "acc_or": 0.9595375657081604, "sender_entropy": 1.0532803535461426, "receiver_entropy": 0.0, "original_loss": 0.1726316511631012, "mean_length": 6.0}
{"mode": "train", "epoch": 65, "loss": 4.850870336805071, "acc": 0.7568000725337437, "acc_or": 0.8681587662015643, "sender_entropy": 0.9347949794360569, "receiver_entropy": 0.0, "original_loss": 0.3829368140016283, "mean_length": 6.0}
{"mode": "test", "epoch": 65, "loss": 3.5213541984558105, "acc": 0.949903666973114, "acc_or": 0.9749518632888794, "sender_entropy": 1.0129586458206177, "receiver_entropy": 0.0, "original_loss": 0.14144009351730347, "mean_length": 6.0}
{"mode": "train", "epoch": 66, "loss": 4.962815352848598, "acc": 0.8090787274496896, "acc_or": 0.8977293457303729, "sender_entropy": 0.8984768475805011, "receiver_entropy": 0.0, "original_loss": 0.31193223169871737, "mean_length": 6.0}
{"mode": "test", "epoch": 66, "loss": 3.422018527984619, "acc": 0.9614643454551697, "acc_or": 0.9807322025299072, "sender_entropy": 0.9870637655258179, "receiver_entropy": 0.0, "original_loss": 0.1194252073764801, "mean_length": 6.0}
{"mode": "train", "epoch": 67, "loss": 4.841444083622524, "acc": 0.8019518085888454, "acc_or": 0.895256050995418, "sender_entropy": 0.8879856552396502, "receiver_entropy": 0.0, "original_loss": 0.3077192519392286, "mean_length": 6.0}
{"mode": "test", "epoch": 67, "loss": 3.3745884895324707, "acc": 0.9576107859611511, "acc_or": 0.978805422782898, "sender_entropy": 0.9888180494308472, "receiver_entropy": 0.0, "original_loss": 0.11480393260717392, "mean_length": 6.0}
{"mode": "train", "epoch": 68, "loss": 4.925340175628662, "acc": 0.8130753210612706, "acc_or": 0.9013034275599888, "sender_entropy": 0.9030157497950962, "receiver_entropy": 0.0, "original_loss": 0.2905108077185495, "mean_length": 6.0}
{"mode": "test", "epoch": 68, "loss": 3.4202046394348145, "acc": 0.965317964553833, "acc_or": 0.9826589822769165, "sender_entropy": 1.001881718635559, "receiver_entropy": 0.0, "original_loss": 0.09810907393693924, "mean_length": 6.0}
{"mode": "train", "epoch": 69, "loss": 4.795521668025425, "acc": 0.8135137813431876, "acc_or": 0.9007221290043422, "sender_entropy": 0.9132083313805717, "receiver_entropy": 0.0, "original_loss": 0.301538952759334, "mean_length": 6.0}
{"mode": "test", "epoch": 69, "loss": 3.459778308868408, "acc": 0.9672447443008423, "acc_or": 0.9836223721504211, "sender_entropy": 1.0191872119903564, "receiver_entropy": 0.0, "original_loss": 0.09390071779489517, "mean_length": 6.0}
{"mode": "train", "epoch": 70, "loss": 4.802328586578369, "acc": 0.8226602588381086, "acc_or": 0.905434889452798, "sender_entropy": 0.9208679710115705, "receiver_entropy": 0.0, "original_loss": 0.2888717693941934, "mean_length": 6.0}
{"mode": "test", "epoch": 70, "loss": 3.3661625385284424, "acc": 0.9749518632888794, "acc_or": 0.9865125417709351, "sender_entropy": 1.0043072700500488, "receiver_entropy": 0.0, "original_loss": 0.09440062940120697, "mean_length": 6.0}
{"mode": "train", "epoch": 71, "loss": 4.704457010541644, "acc": 0.818417855671474, "acc_or": 0.902700526373727, "sender_entropy": 0.9082936559404645, "receiver_entropy": 0.0, "original_loss": 0.2901091149875096, "mean_length": 6.0}
{"mode": "test", "epoch": 71, "loss": 3.212984323501587, "acc": 0.9614643454551697, "acc_or": 0.9807322025299072, "sender_entropy": 0.9837990999221802, "receiver_entropy": 0.0, "original_loss": 0.10407713800668716, "mean_length": 6.0}
{"mode": "train", "epoch": 72, "loss": 4.6033004352024625, "acc": 0.8281927789960589, "acc_or": 0.9080031854765755, "sender_entropy": 0.8862365654536656, "receiver_entropy": 0.0, "original_loss": 0.2765627694981439, "mean_length": 6.0}
{"mode": "test", "epoch": 72, "loss": 3.223155975341797, "acc": 0.9845857620239258, "acc_or": 0.9922928810119629, "sender_entropy": 0.9803983569145203, "receiver_entropy": 0.0, "original_loss": 0.08272989094257355, "mean_length": 6.0}
{"mode": "train", "epoch": 73, "loss": 4.63232033593314, "acc": 0.8368795343807766, "acc_or": 0.9134679351534162, "sender_entropy": 0.8938131758144924, "receiver_entropy": 0.0, "original_loss": 0.2589880589927946, "mean_length": 6.0}
{"mode": "test", "epoch": 73, "loss": 3.2413859367370605, "acc": 0.963391125202179, "acc_or": 0.9816955924034119, "sender_entropy": 0.9969819784164429, "receiver_entropy": 0.0, "original_loss": 0.08017367869615555, "mean_length": 6.0}
{"mode": "train", "epoch": 74, "loss": 4.60613352911813, "acc": 0.8400071944509234, "acc_or": 0.9154197488512311, "sender_entropy": 0.8931988477706909, "receiver_entropy": 0.0, "original_loss": 0.25080375586237225, "mean_length": 6.0}
{"mode": "test", "epoch": 74, "loss": 3.155505418777466, "acc": 0.9614643454551697, "acc_or": 0.9807322025299072, "sender_entropy": 0.9982146620750427, "receiver_entropy": 0.0, "original_loss": 0.09603611379861832, "mean_length": 6.0}
{"mode": "train", "epoch": 75, "loss": 4.423403739929199, "acc": 0.8279084478105817, "acc_or": 0.9082602773393903, "sender_entropy": 0.8899449620928083, "receiver_entropy": 0.0, "original_loss": 0.2732805332967213, "mean_length": 6.0}
{"mode": "test", "epoch": 75, "loss": 3.0725722312927246, "acc": 0.9556840062141418, "acc_or": 0.9778420329093933, "sender_entropy": 0.9882013201713562, "receiver_entropy": 0.0, "original_loss": 0.09464800357818604, "mean_length": 6.0}
{"mode": "train", "epoch": 76, "loss": 4.359690461839948, "acc": 0.8272853067943028, "acc_or": 0.9083140747887748, "sender_entropy": 0.8934279424803597, "receiver_entropy": 0.0, "original_loss": 0.2712398575884955, "mean_length": 6.0}
{"mode": "test", "epoch": 76, "loss": 3.158679246902466, "acc": 0.965317964553833, "acc_or": 0.9816955924034119, "sender_entropy": 1.0012128353118896, "receiver_entropy": 0.0, "original_loss": 0.08235803991556168, "mean_length": 6.0}
{"mode": "train", "epoch": 77, "loss": 4.258565630231585, "acc": 0.821572082383292, "acc_or": 0.9052787678582328, "sender_entropy": 0.8914313997541156, "receiver_entropy": 0.0, "original_loss": 0.27750903367996216, "mean_length": 6.0}
{"mode": "test", "epoch": 77, "loss": 3.083209991455078, "acc": 0.9807322025299072, "acc_or": 0.9903661012649536, "sender_entropy": 0.9809485077857971, "receiver_entropy": 0.0, "original_loss": 0.06861887127161026, "mean_length": 6.0}
{"mode": "train", "epoch": 78, "loss": 4.3190105983189175, "acc": 0.852519154548645, "acc_or": 0.9223812392779759, "sender_entropy": 0.8786574602127075, "receiver_entropy": 0.0, "original_loss": 0.23816085926124028, "mean_length": 6.0}
{"mode": "test", "epoch": 78, "loss": 2.9596993923187256, "acc": 0.9826589822769165, "acc_or": 0.9913294911384583, "sender_entropy": 0.9614605903625488, "receiver_entropy": 0.0, "original_loss": 0.06346233189105988, "mean_length": 6.0}
{"mode": "train", "epoch": 79, "loss": 4.3005772318158835, "acc": 0.8551339507102966, "acc_or": 0.9235577583312988, "sender_entropy": 0.8820497819355556, "receiver_entropy": 0.0, "original_loss": 0.23149208298751286, "mean_length": 6.0}
{"mode": "test", "epoch": 79, "loss": 3.0076868534088135, "acc": 0.9903661012649536, "acc_or": 0.9951830506324768, "sender_entropy": 0.9790360927581787, "receiver_entropy": 0.0, "original_loss": 0.058792658150196075, "mean_length": 6.0}
{"mode": "train", "epoch": 80, "loss": 4.315204552241734, "acc": 0.8529018078531537, "acc_or": 0.9224250827516828, "sender_entropy": 0.8916386791637966, "receiver_entropy": 0.0, "original_loss": 0.232518555862563, "mean_length": 6.0}
{"mode": "test", "epoch": 80, "loss": 2.992753505706787, "acc": 0.9922928810119629, "acc_or": 0.9961464405059814, "sender_entropy": 0.9817700386047363, "receiver_entropy": 0.0, "original_loss": 0.05944118648767471, "mean_length": 6.0}
{"mode": "train", "epoch": 81, "loss": 4.275160721370152, "acc": 0.8519797154835292, "acc_or": 0.921863717692239, "sender_entropy": 0.9011803269386292, "receiver_entropy": 0.0, "original_loss": 0.23147391847201756, "mean_length": 6.0}
{"mode": "test", "epoch": 81, "loss": 2.960078477859497, "acc": 0.9807322025299072, "acc_or": 0.9903661012649536, "sender_entropy": 0.983284592628479, "receiver_entropy": 0.0, "original_loss": 0.056239672005176544, "mean_length": 6.0}
{"mode": "train", "epoch": 82, "loss": 4.147833926337106, "acc": 0.8563961642129081, "acc_or": 0.9246605379240853, "sender_entropy": 0.8836309824671064, "receiver_entropy": 0.0, "original_loss": 0.2255499235221318, "mean_length": 6.0}
{"mode": "test", "epoch": 82, "loss": 2.7656233310699463, "acc": 0.9807322025299072, "acc_or": 0.9903661012649536, "sender_entropy": 0.9444709420204163, "receiver_entropy": 0.0, "original_loss": 0.06153133139014244, "mean_length": 6.0}
{"mode": "train", "epoch": 83, "loss": 4.13746622630528, "acc": 0.8650377477918353, "acc_or": 0.9295141271182469, "sender_entropy": 0.8628279651914325, "receiver_entropy": 0.0, "original_loss": 0.20883459278515407, "mean_length": 6.0}
{"mode": "test", "epoch": 83, "loss": 2.7964460849761963, "acc": 0.9845857620239258, "acc_or": 0.9922928810119629, "sender_entropy": 0.9488002061843872, "receiver_entropy": 0.0, "original_loss": 0.050539035350084305, "mean_length": 6.0}
{"mode": "train", "epoch": 84, "loss": 4.084806169782366, "acc": 0.8716504744121006, "acc_or": 0.9323355214936393, "sender_entropy": 0.8623999016625541, "receiver_entropy": 0.0, "original_loss": 0.2022413739136287, "mean_length": 6.0}
{"mode": "test", "epoch": 84, "loss": 2.7652482986450195, "acc": 0.9768786430358887, "acc_or": 0.9884393215179443, "sender_entropy": 0.9544126987457275, "receiver_entropy": 0.0, "original_loss": 0.053852397948503494, "mean_length": 6.0}
{"mode": "train", "epoch": 85, "loss": 4.038100378853934, "acc": 0.8695113488606044, "acc_or": 0.9312739201954433, "sender_entropy": 0.8732578158378601, "receiver_entropy": 0.0, "original_loss": 0.2049963069813592, "mean_length": 6.0}
{"mode": "test", "epoch": 85, "loss": 2.7690036296844482, "acc": 0.9826589822769165, "acc_or": 0.9913294911384583, "sender_entropy": 0.964278519153595, "receiver_entropy": 0.0, "original_loss": 0.046563778072595596, "mean_length": 6.0}
{"mode": "train", "epoch": 86, "loss": 4.027492523193359, "acc": 0.8645009739058358, "acc_or": 0.9288690601076398, "sender_entropy": 0.8876226203782218, "receiver_entropy": 0.0, "original_loss": 0.21421304132257188, "mean_length": 6.0}
{"mode": "test", "epoch": 86, "loss": 2.752723217010498, "acc": 0.9807322025299072, "acc_or": 0.9903661012649536, "sender_entropy": 0.978271484375, "receiver_entropy": 0.0, "original_loss": 0.05612476170063019, "mean_length": 6.0}
{"mode": "train", "epoch": 87, "loss": 4.026991469519479, "acc": 0.8654443195887974, "acc_or": 0.9290590541703361, "sender_entropy": 0.8991050975663322, "receiver_entropy": 0.0, "original_loss": 0.21381605948720658, "mean_length": 6.0}
{"mode": "test", "epoch": 87, "loss": 2.783723831176758, "acc": 0.9884393215179443, "acc_or": 0.9942196607589722, "sender_entropy": 0.9867770075798035, "receiver_entropy": 0.0, "original_loss": 0.050912026315927505, "mean_length": 6.0}
{"mode": "train", "epoch": 88, "loss": 3.946362325123378, "acc": 0.8603781461715698, "acc_or": 0.9267518435205732, "sender_entropy": 0.9033465555735997, "receiver_entropy": 0.0, "original_loss": 0.21560899700437272, "mean_length": 6.0}
{"mode": "test", "epoch": 88, "loss": 2.7300827503204346, "acc": 0.9845857620239258, "acc_or": 0.9922928810119629, "sender_entropy": 0.9798462390899658, "receiver_entropy": 0.0, "original_loss": 0.045872896909713745, "mean_length": 6.0}
{"mode": "train", "epoch": 89, "loss": 3.960064104625157, "acc": 0.869147275175367, "acc_or": 0.9318950687135968, "sender_entropy": 0.8954508900642395, "receiver_entropy": 0.0, "original_loss": 0.20351338812283107, "mean_length": 6.0}
{"mode": "test", "epoch": 89, "loss": 2.680907726287842, "acc": 0.9865125417709351, "acc_or": 0.9932562708854675, "sender_entropy": 0.9682307839393616, "receiver_entropy": 0.0, "original_loss": 0.046508338302373886, "mean_length": 6.0}
{"mode": "train", "epoch": 90, "loss": 3.8113116196223666, "acc": 0.8761094467980521, "acc_or": 0.9349523186683655, "sender_entropy": 0.8703280517033168, "receiver_entropy": 0.0, "original_loss": 0.19904177529471262, "mean_length": 6.0}
{"mode": "test", "epoch": 90, "loss": 2.5754146575927734, "acc": 0.9884393215179443, "acc_or": 0.9942196607589722, "sender_entropy": 0.9391655921936035, "receiver_entropy": 0.0, "original_loss": 0.047559697180986404, "mean_length": 6.0}
{"mode": "train", "epoch": 91, "loss": 3.729520627430507, "acc": 0.8772693531853812, "acc_or": 0.9363440871238708, "sender_entropy": 0.8516385044370379, "receiver_entropy": 0.0, "original_loss": 0.1958672787461962, "mean_length": 6.0}
{"mode": "test", "epoch": 91, "loss": 2.499596118927002, "acc": 0.978805422782898, "acc_or": 0.989402711391449, "sender_entropy": 0.9336050748825073, "receiver_entropy": 0.0, "original_loss": 0.04863128066062927, "mean_length": 6.0}
{"mode": "train", "epoch": 92, "loss": 3.658699103764125, "acc": 0.8729153530938285, "acc_or": 0.9334223696163723, "sender_entropy": 0.8538288048335484, "receiver_entropy": 0.0, "original_loss": 0.1976844561951501, "mean_length": 6.0}
{"mode": "test", "epoch": 92, "loss": 2.5065832138061523, "acc": 0.9749518632888794, "acc_or": 0.9874759316444397, "sender_entropy": 0.9529263377189636, "receiver_entropy": 0.0, "original_loss": 0.05590870976448059, "mean_length": 6.0}
{"mode": "train", "epoch": 93, "loss": 3.5444257259368896, "acc": 0.8490699529647827, "acc_or": 0.9205483709062848, "sender_entropy": 0.8840549077306475, "receiver_entropy": 0.0, "original_loss": 0.23146452648299082, "mean_length": 6.0}
{"mode": "test", "epoch": 93, "loss": 2.572305917739868, "acc": 0.9903661012649536, "acc_or": 0.9951830506324768, "sender_entropy": 0.9729151725769043, "receiver_entropy": 0.0, "original_loss": 0.04749078303575516, "mean_length": 6.0}
{"mode": "train", "epoch": 94, "loss": 3.6035285677228654, "acc": 0.8613042150224958, "acc_or": 0.9272680282592773, "sender_entropy": 0.8884357213973999, "receiver_entropy": 0.0, "original_loss": 0.21470381106649125, "mean_length": 6.0}
{"mode": "test", "epoch": 94, "loss": 2.472222328186035, "acc": 0.965317964553833, "acc_or": 0.9826589822769165, "sender_entropy": 0.9619280099868774, "receiver_entropy": 0.0, "original_loss": 0.06695766746997833, "mean_length": 6.0}
{"mode": "train", "epoch": 95, "loss": 3.6132408550807407, "acc": 0.870967549937112, "acc_or": 0.9319907426834106, "sender_entropy": 0.8838313817977905, "receiver_entropy": 0.0, "original_loss": 0.20154212840965816, "mean_length": 6.0}
{"mode": "test", "epoch": 95, "loss": 2.4928407669067383, "acc": 0.9865125417709351, "acc_or": 0.9932562708854675, "sender_entropy": 0.965417742729187, "receiver_entropy": 0.0, "original_loss": 0.04798039048910141, "mean_length": 6.0}
{"mode": "train", "epoch": 96, "loss": 3.652442046574184, "acc": 0.8794390474046979, "acc_or": 0.9372867686407906, "sender_entropy": 0.8765867352485657, "receiver_entropy": 0.0, "original_loss": 0.1881613710096904, "mean_length": 6.0}
{"mode": "test", "epoch": 96, "loss": 2.4959027767181396, "acc": 0.9922928810119629, "acc_or": 0.9961464405059814, "sender_entropy": 0.9702818393707275, "receiver_entropy": 0.0, "original_loss": 0.03867892175912857, "mean_length": 6.0}
{"mode": "train", "epoch": 97, "loss": 3.592895371573312, "acc": 0.8837266308920724, "acc_or": 0.9386214017868042, "sender_entropy": 0.8833535398755755, "receiver_entropy": 0.0, "original_loss": 0.1876470638172967, "mean_length": 6.0}
{"mode": "test", "epoch": 97, "loss": 2.4652721881866455, "acc": 0.9903661012649536, "acc_or": 0.9951830506324768, "sender_entropy": 0.9650843143463135, "receiver_entropy": 0.0, "original_loss": 0.040445610880851746, "mean_length": 6.0}
{"mode": "train", "epoch": 98, "loss": 3.573957477297102, "acc": 0.880971005984715, "acc_or": 0.9375392028263637, "sender_entropy": 0.8852358034678868, "receiver_entropy": 0.0, "original_loss": 0.18463160523346492, "mean_length": 6.0}
{"mode": "test", "epoch": 98, "loss": 2.4495303630828857, "acc": 0.9922928810119629, "acc_or": 0.9961464405059814, "sender_entropy": 0.9713268876075745, "receiver_entropy": 0.0, "original_loss": 0.041802648454904556, "mean_length": 6.0}
{"mode": "train", "epoch": 99, "loss": 3.5614915915897916, "acc": 0.8807531084333148, "acc_or": 0.9376813769340515, "sender_entropy": 0.8871935435703823, "receiver_entropy": 0.0, "original_loss": 0.18563590518065862, "mean_length": 6.0}
{"mode": "test", "epoch": 99, "loss": 2.4561760425567627, "acc": 0.9961464405059814, "acc_or": 0.9980732202529907, "sender_entropy": 0.9668440818786621, "receiver_entropy": 0.0, "original_loss": 0.031656309962272644, "mean_length": 6.0}
{"mode": "train", "epoch": 100, "loss": 3.5230397156306674, "acc": 0.8873844146728516, "acc_or": 0.9414461255073547, "sender_entropy": 0.8797852141516549, "receiver_entropy": 0.0, "original_loss": 0.17708876941885268, "mean_length": 6.0}
{"mode": "test", "epoch": 100, "loss": 2.3255863189697266, "acc": 0.9845857620239258, "acc_or": 0.9922928810119629, "sender_entropy": 0.9508230090141296, "receiver_entropy": 0.0, "original_loss": 0.042154788970947266, "mean_length": 6.0}
{"mode": "train", "epoch": 101, "loss": 3.480163335800171, "acc": 0.8881643414497375, "acc_or": 0.9415796484266009, "sender_entropy": 0.8752066748482841, "receiver_entropy": 0.0, "original_loss": 0.17573235716138566, "mean_length": 6.0}
{"mode": "test", "epoch": 101, "loss": 2.392646074295044, "acc": 1.0, "acc_or": 1.0, "sender_entropy": 0.9685471057891846, "receiver_entropy": 0.0, "original_loss": 0.030101876705884933, "mean_length": 6.0}
{"epoch": 101, "positional_disent": 0.04957512393593788, "bag_of_symbol_disent": 0.16764870285987854, "topographic_sim": 0.21038135392819768}
{"generalization hold out": {"acc": 1.0, "acc_or": 1.0}, "uniform holdout": {"acc": 0.7894737124443054, "acc_or": 0.8947368264198303}, "epoch": 101}
---End--
