nohup: ignoring input
{"mode": "train", "epoch": 1, "loss": -11.046942075093588, "acc": 0.004108945606276393, "acc_or": 0.0690537119905154, "sender_entropy": 2.3013652165730796, "receiver_entropy": 0.0, "original_loss": 2.7647287050882974, "mean_length": 6.0}
{"mode": "test", "epoch": 1, "loss": 1.7237110137939453, "acc": 0.004926108289510012, "acc_or": 0.07635467499494553, "sender_entropy": 2.3002684116363525, "receiver_entropy": 0.0, "original_loss": 2.7556698322296143, "mean_length": 6.0}
{"mode": "train", "epoch": 2, "loss": 1.877100944519043, "acc": 0.004973421494166057, "acc_or": 0.07368349035580952, "sender_entropy": 2.3003137906392417, "receiver_entropy": 0.0, "original_loss": 2.7396041552225747, "mean_length": 6.0}
{"mode": "test", "epoch": 2, "loss": 1.8570210933685303, "acc": 0.009852216579020023, "acc_or": 0.08128079026937485, "sender_entropy": 2.2995059490203857, "receiver_entropy": 0.0, "original_loss": 2.73089599609375, "mean_length": 6.0}
{"mode": "train", "epoch": 3, "loss": 1.9796219666798909, "acc": 0.004369362257421017, "acc_or": 0.07252503683169682, "sender_entropy": 2.2999419371287027, "receiver_entropy": 0.0, "original_loss": 2.718463977177938, "mean_length": 6.0}
{"mode": "test", "epoch": 3, "loss": 1.9990757703781128, "acc": 0.014778325334191322, "acc_or": 0.08866994827985764, "sender_entropy": 2.2994327545166016, "receiver_entropy": 0.0, "original_loss": 2.7068464756011963, "mean_length": 6.0}
{"mode": "train", "epoch": 4, "loss": 1.9516867399215698, "acc": 0.005796284414827824, "acc_or": 0.06920103232065837, "sender_entropy": 2.2999873956044516, "receiver_entropy": 0.0, "original_loss": 2.709561904271444, "mean_length": 6.0}
{"mode": "test", "epoch": 4, "loss": 2.0806877613067627, "acc": 0.009852216579020023, "acc_or": 0.09852216392755508, "sender_entropy": 2.299628973007202, "receiver_entropy": 0.0, "original_loss": 2.6917953491210938, "mean_length": 6.0}
{"mode": "train", "epoch": 5, "loss": 1.88568381468455, "acc": 0.004759987195332845, "acc_or": 0.07213239868481953, "sender_entropy": 2.3001158237457275, "receiver_entropy": 0.0, "original_loss": 2.7073506514231362, "mean_length": 6.0}
{"mode": "test", "epoch": 5, "loss": 2.179208755493164, "acc": 0.009852216579020023, "acc_or": 0.1108374372124672, "sender_entropy": 2.3000082969665527, "receiver_entropy": 0.0, "original_loss": 2.6782186031341553, "mean_length": 6.0}
{"mode": "train", "epoch": 6, "loss": 1.832436243693034, "acc": 0.00529894232749939, "acc_or": 0.07389860103527705, "sender_entropy": 2.3002734978993735, "receiver_entropy": 0.0, "original_loss": 2.7065366903940835, "mean_length": 6.0}
{"mode": "test", "epoch": 6, "loss": 2.1972575187683105, "acc": 0.019704433158040047, "acc_or": 0.14778324961662292, "sender_entropy": 2.3002607822418213, "receiver_entropy": 0.0, "original_loss": 2.6728479862213135, "mean_length": 6.0}
{"mode": "train", "epoch": 7, "loss": 1.7972322305043538, "acc": 0.006092944803337256, "acc_or": 0.07504262278477351, "sender_entropy": 2.300315539042155, "receiver_entropy": 0.0, "original_loss": 2.7058247725168862, "mean_length": 6.0}
{"mode": "test", "epoch": 7, "loss": 2.2675201892852783, "acc": 0.009852216579020023, "acc_or": 0.15024630725383759, "sender_entropy": 2.3003125190734863, "receiver_entropy": 0.0, "original_loss": 2.663996696472168, "mean_length": 6.0}
{"mode": "train", "epoch": 8, "loss": 1.7721621592839558, "acc": 0.0064654480665922165, "acc_or": 0.07711958140134811, "sender_entropy": 2.3003106911977134, "receiver_entropy": 0.0, "original_loss": 2.705101648966471, "mean_length": 6.0}
{"mode": "test", "epoch": 8, "loss": 2.4430203437805176, "acc": 0.004926108289510012, "acc_or": 0.2019704431295395, "sender_entropy": 2.3002142906188965, "receiver_entropy": 0.0, "original_loss": 2.6471407413482666, "mean_length": 6.0}
{"mode": "train", "epoch": 9, "loss": 1.7646041711171467, "acc": 0.006324500932047765, "acc_or": 0.08081105103095372, "sender_entropy": 2.3002168337504068, "receiver_entropy": 0.0, "original_loss": 2.703500509262085, "mean_length": 6.0}
{"mode": "test", "epoch": 9, "loss": 2.6408441066741943, "acc": 0.02463054098188877, "acc_or": 0.22660097479820251, "sender_entropy": 2.299844264984131, "receiver_entropy": 0.0, "original_loss": 2.628354787826538, "mean_length": 6.0}
{"mode": "train", "epoch": 10, "loss": 1.7487402359644573, "acc": 0.007111120192954938, "acc_or": 0.08208125581343968, "sender_entropy": 2.299846887588501, "receiver_entropy": 0.0, "original_loss": 2.702808141708374, "mean_length": 6.0}
{"mode": "test", "epoch": 10, "loss": 2.8401670455932617, "acc": 0.019704433158040047, "acc_or": 0.20935960114002228, "sender_entropy": 2.299090623855591, "receiver_entropy": 0.0, "original_loss": 2.6092045307159424, "mean_length": 6.0}
{"mode": "train", "epoch": 11, "loss": 1.7575312852859497, "acc": 0.007004403198758761, "acc_or": 0.08353972186644872, "sender_entropy": 2.298919359842936, "receiver_entropy": 0.0, "original_loss": 2.700340747833252, "mean_length": 6.0}
{"mode": "test", "epoch": 11, "loss": 3.1291799545288086, "acc": 0.029556650668382645, "acc_or": 0.24137930572032928, "sender_entropy": 2.297264337539673, "receiver_entropy": 0.0, "original_loss": 2.58090877532959, "mean_length": 6.0}
{"mode": "train", "epoch": 12, "loss": 1.7801820437113445, "acc": 0.008892424094180265, "acc_or": 0.09346038848161697, "sender_entropy": 2.296598752339681, "receiver_entropy": 0.0, "original_loss": 2.6966495513916016, "mean_length": 6.0}
{"mode": "test", "epoch": 12, "loss": 3.5445828437805176, "acc": 0.029556650668382645, "acc_or": 0.25615763664245605, "sender_entropy": 2.292304039001465, "receiver_entropy": 0.0, "original_loss": 2.537545919418335, "mean_length": 6.0}
{"mode": "train", "epoch": 13, "loss": 1.8831635316212971, "acc": 0.010717354404429594, "acc_or": 0.10369684547185898, "sender_entropy": 2.28953218460083, "receiver_entropy": 0.0, "original_loss": 2.6859137217203775, "mean_length": 6.0}
{"mode": "test", "epoch": 13, "loss": 4.0522918701171875, "acc": 0.02463054098188877, "acc_or": 0.25123152136802673, "sender_entropy": 2.2763149738311768, "receiver_entropy": 0.0, "original_loss": 2.472939968109131, "mean_length": 6.0}
{"mode": "train", "epoch": 14, "loss": 2.255861679712931, "acc": 0.01333964274575313, "acc_or": 0.12595978627602258, "sender_entropy": 2.2611645062764487, "receiver_entropy": 0.0, "original_loss": 2.6499157746632895, "mean_length": 6.0}
{"mode": "test", "epoch": 14, "loss": 4.155357837677002, "acc": 0.019704433158040047, "acc_or": 0.23645320534706116, "sender_entropy": 2.205763101577759, "receiver_entropy": 0.0, "original_loss": 2.4020373821258545, "mean_length": 6.0}
{"mode": "train", "epoch": 15, "loss": 3.2336037158966064, "acc": 0.02002389480670293, "acc_or": 0.16336548328399658, "sender_entropy": 2.160848617553711, "receiver_entropy": 0.0, "original_loss": 2.5440236727396646, "mean_length": 6.0}
{"mode": "test", "epoch": 15, "loss": 4.194927215576172, "acc": 0.019704433158040047, "acc_or": 0.23645320534706116, "sender_entropy": 2.1141326427459717, "receiver_entropy": 0.0, "original_loss": 2.3186185359954834, "mean_length": 6.0}
{"mode": "train", "epoch": 16, "loss": 4.181128184000651, "acc": 0.02652558560172717, "acc_or": 0.19726596275965372, "sender_entropy": 2.0773696104685464, "receiver_entropy": 0.0, "original_loss": 2.4241138299306235, "mean_length": 6.0}
{"mode": "test", "epoch": 16, "loss": 4.054673194885254, "acc": 0.019704433158040047, "acc_or": 0.23891624808311462, "sender_entropy": 2.0449819564819336, "receiver_entropy": 0.0, "original_loss": 2.278892755508423, "mean_length": 6.0}
{"mode": "train", "epoch": 17, "loss": 4.769061247507731, "acc": 0.03186614066362381, "acc_or": 0.2222266991933187, "sender_entropy": 2.00859542687734, "receiver_entropy": 0.0, "original_loss": 2.330192724863688, "mean_length": 6.0}
{"mode": "test", "epoch": 17, "loss": 4.158185958862305, "acc": 0.02463054098188877, "acc_or": 0.25123152136802673, "sender_entropy": 2.043816566467285, "receiver_entropy": 0.0, "original_loss": 2.243067741394043, "mean_length": 6.0}
{"mode": "train", "epoch": 18, "loss": 4.939713954925537, "acc": 0.03259302551547686, "acc_or": 0.23259135087331137, "sender_entropy": 1.9883524576822917, "receiver_entropy": 0.0, "original_loss": 2.291041851043701, "mean_length": 6.0}
{"mode": "test", "epoch": 18, "loss": 3.9271438121795654, "acc": 0.029556650668382645, "acc_or": 0.2610837519168854, "sender_entropy": 2.02532958984375, "receiver_entropy": 0.0, "original_loss": 2.2430636882781982, "mean_length": 6.0}
{"mode": "train", "epoch": 19, "loss": 4.991219520568848, "acc": 0.03413941835363706, "acc_or": 0.24054614702860513, "sender_entropy": 1.9664527972539265, "receiver_entropy": 0.0, "original_loss": 2.2587544918060303, "mean_length": 6.0}
{"mode": "test", "epoch": 19, "loss": 4.093916416168213, "acc": 0.029556650668382645, "acc_or": 0.2783251106739044, "sender_entropy": 2.0136561393737793, "receiver_entropy": 0.0, "original_loss": 2.1903696060180664, "mean_length": 6.0}
{"mode": "train", "epoch": 20, "loss": 5.07592248916626, "acc": 0.034949528674284615, "acc_or": 0.24519404272238413, "sender_entropy": 1.949621280034383, "receiver_entropy": 0.0, "original_loss": 2.2239429155985513, "mean_length": 6.0}
{"mode": "test", "epoch": 20, "loss": 4.365894317626953, "acc": 0.04926108196377754, "acc_or": 0.3054186999797821, "sender_entropy": 2.0029690265655518, "receiver_entropy": 0.0, "original_loss": 2.1373891830444336, "mean_length": 6.0}
{"mode": "train", "epoch": 21, "loss": 5.17745844523112, "acc": 0.03994107246398926, "acc_or": 0.2570805847644806, "sender_entropy": 1.9390594561894734, "receiver_entropy": 0.0, "original_loss": 2.192403713862101, "mean_length": 6.0}
{"mode": "test", "epoch": 21, "loss": 5.293944358825684, "acc": 0.03940886631608009, "acc_or": 0.34236451983451843, "sender_entropy": 2.0192978382110596, "receiver_entropy": 0.0, "original_loss": 2.0029757022857666, "mean_length": 6.0}
{"mode": "train", "epoch": 22, "loss": 5.360221227010091, "acc": 0.04447151720523834, "acc_or": 0.26900874574979144, "sender_entropy": 1.947263479232788, "receiver_entropy": 0.0, "original_loss": 2.154710133870443, "mean_length": 6.0}
{"mode": "test", "epoch": 22, "loss": 5.452977180480957, "acc": 0.06403940916061401, "acc_or": 0.33990147709846497, "sender_entropy": 1.9888553619384766, "receiver_entropy": 0.0, "original_loss": 1.9289038181304932, "mean_length": 6.0}
{"mode": "train", "epoch": 23, "loss": 5.8043106396993, "acc": 0.053955247004826866, "acc_or": 0.2926170627276103, "sender_entropy": 1.8906437158584595, "receiver_entropy": 0.0, "original_loss": 2.0699942906697593, "mean_length": 6.0}
{"mode": "test", "epoch": 23, "loss": 5.456463813781738, "acc": 0.04926108196377754, "acc_or": 0.3645320236682892, "sender_entropy": 1.9169573783874512, "receiver_entropy": 0.0, "original_loss": 1.8596484661102295, "mean_length": 6.0}
{"mode": "train", "epoch": 24, "loss": 6.385306517283122, "acc": 0.06628409648935, "acc_or": 0.33069561918576557, "sender_entropy": 1.8092987934748332, "receiver_entropy": 0.0, "original_loss": 1.96419362227122, "mean_length": 6.0}
{"mode": "test", "epoch": 24, "loss": 5.713416576385498, "acc": 0.05911330133676529, "acc_or": 0.37438422441482544, "sender_entropy": 1.874360203742981, "receiver_entropy": 0.0, "original_loss": 1.7730897665023804, "mean_length": 6.0}
{"mode": "train", "epoch": 25, "loss": 6.790353933970134, "acc": 0.08178492883841197, "acc_or": 0.35024264454841614, "sender_entropy": 1.7786015272140503, "receiver_entropy": 0.0, "original_loss": 1.8856844902038574, "mean_length": 6.0}
{"mode": "test", "epoch": 25, "loss": 6.147940158843994, "acc": 0.07881773263216019, "acc_or": 0.40640392899513245, "sender_entropy": 1.8738216161727905, "receiver_entropy": 0.0, "original_loss": 1.6990257501602173, "mean_length": 6.0}
{"mode": "train", "epoch": 26, "loss": 7.103271484375, "acc": 0.08596233526865642, "acc_or": 0.36346717675526935, "sender_entropy": 1.7625919977823894, "receiver_entropy": 0.0, "original_loss": 1.8236655791600545, "mean_length": 6.0}
{"mode": "test", "epoch": 26, "loss": 6.3580522537231445, "acc": 0.11330048739910126, "acc_or": 0.42610836029052734, "sender_entropy": 1.840736746788025, "receiver_entropy": 0.0, "original_loss": 1.6092168092727661, "mean_length": 6.0}
{"mode": "train", "epoch": 27, "loss": 7.446249643961589, "acc": 0.09737972915172577, "acc_or": 0.38893599311510724, "sender_entropy": 1.7156199216842651, "receiver_entropy": 0.0, "original_loss": 1.7370075782140095, "mean_length": 6.0}
{"mode": "test", "epoch": 27, "loss": 6.853402614593506, "acc": 0.1231527104973793, "acc_or": 0.467980295419693, "sender_entropy": 1.8283991813659668, "receiver_entropy": 0.0, "original_loss": 1.5022131204605103, "mean_length": 6.0}
{"mode": "train", "epoch": 28, "loss": 7.706338882446289, "acc": 0.10872261722882588, "acc_or": 0.41482295592625934, "sender_entropy": 1.6831990480422974, "receiver_entropy": 0.0, "original_loss": 1.6668415466944377, "mean_length": 6.0}
{"mode": "test", "epoch": 28, "loss": 6.568292140960693, "acc": 0.1231527104973793, "acc_or": 0.4729064106941223, "sender_entropy": 1.7939621210098267, "receiver_entropy": 0.0, "original_loss": 1.4735078811645508, "mean_length": 6.0}
{"mode": "train", "epoch": 29, "loss": 7.8200907707214355, "acc": 0.12216696391503017, "acc_or": 0.4260886510213216, "sender_entropy": 1.648879885673523, "receiver_entropy": 0.0, "original_loss": 1.6084348758061726, "mean_length": 6.0}
{"mode": "test", "epoch": 29, "loss": 6.69687557220459, "acc": 0.1428571343421936, "acc_or": 0.49753692746162415, "sender_entropy": 1.7764774560928345, "receiver_entropy": 0.0, "original_loss": 1.4068310260772705, "mean_length": 6.0}
{"mode": "train", "epoch": 30, "loss": 7.8994754155476885, "acc": 0.13139766454696655, "acc_or": 0.4385306040445964, "sender_entropy": 1.6308621565500896, "receiver_entropy": 0.0, "original_loss": 1.5579059918721516, "mean_length": 6.0}
{"mode": "test", "epoch": 30, "loss": 6.618959903717041, "acc": 0.1428571343421936, "acc_or": 0.5024630427360535, "sender_entropy": 1.7519539594650269, "receiver_entropy": 0.0, "original_loss": 1.3797134160995483, "mean_length": 6.0}
{"mode": "train", "epoch": 31, "loss": 8.023897171020508, "acc": 0.14899458487828574, "acc_or": 0.4590689539909363, "sender_entropy": 1.5922953685124714, "receiver_entropy": 0.0, "original_loss": 1.4977244933446248, "mean_length": 6.0}
{"mode": "test", "epoch": 31, "loss": 6.434586048126221, "acc": 0.2019704431295395, "acc_or": 0.5295566320419312, "sender_entropy": 1.7246840000152588, "receiver_entropy": 0.0, "original_loss": 1.3249707221984863, "mean_length": 6.0}
{"mode": "train", "epoch": 32, "loss": 8.263422966003418, "acc": 0.16137913862864176, "acc_or": 0.4821329414844513, "sender_entropy": 1.5658294359842937, "receiver_entropy": 0.0, "original_loss": 1.4273960590362549, "mean_length": 6.0}
{"mode": "test", "epoch": 32, "loss": 6.536908149719238, "acc": 0.2019704431295395, "acc_or": 0.5344827771186829, "sender_entropy": 1.7212902307510376, "receiver_entropy": 0.0, "original_loss": 1.2751998901367188, "mean_length": 6.0}
{"mode": "train", "epoch": 33, "loss": 8.371485074361166, "acc": 0.17560339470704397, "acc_or": 0.49492087960243225, "sender_entropy": 1.563585917154948, "receiver_entropy": 0.0, "original_loss": 1.385031819343567, "mean_length": 6.0}
{"mode": "test", "epoch": 33, "loss": 6.884476184844971, "acc": 0.19211822748184204, "acc_or": 0.564039409160614, "sender_entropy": 1.71742844581604, "receiver_entropy": 0.0, "original_loss": 1.186619758605957, "mean_length": 6.0}
{"mode": "train", "epoch": 34, "loss": 8.415264129638672, "acc": 0.18756443758805594, "acc_or": 0.5115130543708801, "sender_entropy": 1.5440986553827922, "receiver_entropy": 0.0, "original_loss": 1.3379398584365845, "mean_length": 6.0}
{"mode": "test", "epoch": 34, "loss": 6.609781265258789, "acc": 0.16748768091201782, "acc_or": 0.5394088625907898, "sender_entropy": 1.6945714950561523, "receiver_entropy": 0.0, "original_loss": 1.188779592514038, "mean_length": 6.0}
{"mode": "train", "epoch": 35, "loss": 8.398895263671875, "acc": 0.20107791324456534, "acc_or": 0.5272246400515238, "sender_entropy": 1.5283351341883342, "receiver_entropy": 0.0, "original_loss": 1.2996155818303425, "mean_length": 6.0}
{"mode": "test", "epoch": 35, "loss": 6.878987789154053, "acc": 0.2463054209947586, "acc_or": 0.5763546824455261, "sender_entropy": 1.6921030282974243, "receiver_entropy": 0.0, "original_loss": 1.0975600481033325, "mean_length": 6.0}
{"mode": "train", "epoch": 36, "loss": 8.419150352478027, "acc": 0.21820836762587228, "acc_or": 0.541038453578949, "sender_entropy": 1.5151900847752888, "receiver_entropy": 0.0, "original_loss": 1.2553784449895222, "mean_length": 6.0}
{"mode": "test", "epoch": 36, "loss": 6.867881774902344, "acc": 0.29064038395881653, "acc_or": 0.6034482717514038, "sender_entropy": 1.6529834270477295, "receiver_entropy": 0.0, "original_loss": 1.0219011306762695, "mean_length": 6.0}
{"mode": "train", "epoch": 37, "loss": 8.407535235087076, "acc": 0.24265397091706595, "acc_or": 0.5563288728396097, "sender_entropy": 1.466338872909546, "receiver_entropy": 0.0, "original_loss": 1.2040131489435832, "mean_length": 6.0}
{"mode": "test", "epoch": 37, "loss": 6.589538097381592, "acc": 0.2610837519168854, "acc_or": 0.6009852290153503, "sender_entropy": 1.6161974668502808, "receiver_entropy": 0.0, "original_loss": 1.004408836364746, "mean_length": 6.0}
{"mode": "train", "epoch": 38, "loss": 8.309540430704752, "acc": 0.2639531095822652, "acc_or": 0.570288360118866, "sender_entropy": 1.4528424342473347, "receiver_entropy": 0.0, "original_loss": 1.1650079488754272, "mean_length": 6.0}
{"mode": "test", "epoch": 38, "loss": 6.530030250549316, "acc": 0.3103448152542114, "acc_or": 0.6182265877723694, "sender_entropy": 1.6044737100601196, "receiver_entropy": 0.0, "original_loss": 0.978615939617157, "mean_length": 6.0}
{"mode": "train", "epoch": 39, "loss": 8.402251879374186, "acc": 0.28098488847414654, "acc_or": 0.5889309644699097, "sender_entropy": 1.4243502616882324, "receiver_entropy": 0.0, "original_loss": 1.1114267508188884, "mean_length": 6.0}
{"mode": "test", "epoch": 39, "loss": 6.6241044998168945, "acc": 0.3448275923728943, "acc_or": 0.6527093648910522, "sender_entropy": 1.5774321556091309, "receiver_entropy": 0.0, "original_loss": 0.9019185900688171, "mean_length": 6.0}
{"mode": "train", "epoch": 40, "loss": 8.32155958811442, "acc": 0.2990596890449524, "acc_or": 0.5979435245196024, "sender_entropy": 1.4003995656967163, "receiver_entropy": 0.0, "original_loss": 1.0806382099787395, "mean_length": 6.0}
{"mode": "test", "epoch": 40, "loss": 6.722631454467773, "acc": 0.389162540435791, "acc_or": 0.6724137663841248, "sender_entropy": 1.5676463842391968, "receiver_entropy": 0.0, "original_loss": 0.850328266620636, "mean_length": 6.0}
{"mode": "train", "epoch": 41, "loss": 8.320910453796387, "acc": 0.32580206791559857, "acc_or": 0.616502583026886, "sender_entropy": 1.3833227157592773, "receiver_entropy": 0.0, "original_loss": 1.0324095884958904, "mean_length": 6.0}
{"mode": "test", "epoch": 41, "loss": 6.383764266967773, "acc": 0.37438422441482544, "acc_or": 0.6724137663841248, "sender_entropy": 1.5250487327575684, "receiver_entropy": 0.0, "original_loss": 0.8304213285446167, "mean_length": 6.0}
{"mode": "train", "epoch": 42, "loss": 8.122994740804037, "acc": 0.3464447855949402, "acc_or": 0.6225693623224894, "sender_entropy": 1.3535983562469482, "receiver_entropy": 0.0, "original_loss": 1.003616750240326, "mean_length": 6.0}
{"mode": "test", "epoch": 42, "loss": 6.239283561706543, "acc": 0.4236453175544739, "acc_or": 0.692118227481842, "sender_entropy": 1.5049731731414795, "receiver_entropy": 0.0, "original_loss": 0.820587694644928, "mean_length": 6.0}
{"mode": "train", "epoch": 43, "loss": 8.064652760823568, "acc": 0.35257195432980853, "acc_or": 0.6284696857134501, "sender_entropy": 1.3406569957733154, "receiver_entropy": 0.0, "original_loss": 0.9777492682139078, "mean_length": 6.0}
{"mode": "test", "epoch": 43, "loss": 6.483739852905273, "acc": 0.47783249616622925, "acc_or": 0.7266009449958801, "sender_entropy": 1.5017284154891968, "receiver_entropy": 0.0, "original_loss": 0.7393758893013, "mean_length": 6.0}
{"mode": "train", "epoch": 44, "loss": 8.240722020467123, "acc": 0.387476513783137, "acc_or": 0.6530152559280396, "sender_entropy": 1.3464849789937336, "receiver_entropy": 0.0, "original_loss": 0.9268268346786499, "mean_length": 6.0}
{"mode": "test", "epoch": 44, "loss": 6.285592555999756, "acc": 0.45812806487083435, "acc_or": 0.6995073556900024, "sender_entropy": 1.5058484077453613, "receiver_entropy": 0.0, "original_loss": 0.7405239939689636, "mean_length": 6.0}
{"mode": "train", "epoch": 45, "loss": 8.160710652669271, "acc": 0.394312451283137, "acc_or": 0.6550368666648865, "sender_entropy": 1.33904230594635, "receiver_entropy": 0.0, "original_loss": 0.9066508809725443, "mean_length": 6.0}
{"mode": "test", "epoch": 45, "loss": 6.456759929656982, "acc": 0.5369458198547363, "acc_or": 0.7536945939064026, "sender_entropy": 1.4943255186080933, "receiver_entropy": 0.0, "original_loss": 0.6729403138160706, "mean_length": 6.0}
{"mode": "train", "epoch": 46, "loss": 8.099026997884115, "acc": 0.41926077008247375, "acc_or": 0.6708685755729675, "sender_entropy": 1.3234023650487263, "receiver_entropy": 0.0, "original_loss": 0.870825449625651, "mean_length": 6.0}
{"mode": "test", "epoch": 46, "loss": 6.334811210632324, "acc": 0.5123152732849121, "acc_or": 0.7413793206214905, "sender_entropy": 1.4635601043701172, "receiver_entropy": 0.0, "original_loss": 0.6412708163261414, "mean_length": 6.0}
{"mode": "train", "epoch": 47, "loss": 8.050745646158854, "acc": 0.4330487549304962, "acc_or": 0.6812177896499634, "sender_entropy": 1.2999533414840698, "receiver_entropy": 0.0, "original_loss": 0.8374350269635519, "mean_length": 6.0}
{"mode": "test", "epoch": 47, "loss": 6.132668495178223, "acc": 0.5418719053268433, "acc_or": 0.756157636642456, "sender_entropy": 1.4561657905578613, "receiver_entropy": 0.0, "original_loss": 0.6429823637008667, "mean_length": 6.0}
{"mode": "train", "epoch": 48, "loss": 7.899524211883545, "acc": 0.44421111543973285, "acc_or": 0.6915435194969177, "sender_entropy": 1.2824543317159016, "receiver_entropy": 0.0, "original_loss": 0.8171153465906779, "mean_length": 6.0}
{"mode": "test", "epoch": 48, "loss": 6.151904106140137, "acc": 0.5812807679176331, "acc_or": 0.7832512259483337, "sender_entropy": 1.4321730136871338, "receiver_entropy": 0.0, "original_loss": 0.5743968486785889, "mean_length": 6.0}
{"mode": "train", "epoch": 49, "loss": 7.983050187428792, "acc": 0.4785706698894501, "acc_or": 0.7130420009295145, "sender_entropy": 1.2733606894810994, "receiver_entropy": 0.0, "original_loss": 0.7770034869511923, "mean_length": 6.0}
{"mode": "test", "epoch": 49, "loss": 6.057556629180908, "acc": 0.5911329984664917, "acc_or": 0.7807881832122803, "sender_entropy": 1.4218108654022217, "receiver_entropy": 0.0, "original_loss": 0.5580779314041138, "mean_length": 6.0}
{"mode": "train", "epoch": 50, "loss": 7.968796094258626, "acc": 0.4977985620498657, "acc_or": 0.7224579254786173, "sender_entropy": 1.2564070622126262, "receiver_entropy": 0.0, "original_loss": 0.733959972858429, "mean_length": 6.0}
{"mode": "test", "epoch": 50, "loss": 5.871683120727539, "acc": 0.6305418610572815, "acc_or": 0.8103448152542114, "sender_entropy": 1.4017218351364136, "receiver_entropy": 0.0, "original_loss": 0.5477775931358337, "mean_length": 6.0}
{"mode": "train", "epoch": 51, "loss": 7.7282819747924805, "acc": 0.49626357356707257, "acc_or": 0.719351053237915, "sender_entropy": 1.2599362929662068, "receiver_entropy": 0.0, "original_loss": 0.7442091703414917, "mean_length": 6.0}
{"mode": "test", "epoch": 51, "loss": 6.120574474334717, "acc": 0.6896551847457886, "acc_or": 0.8374384045600891, "sender_entropy": 1.4092061519622803, "receiver_entropy": 0.0, "original_loss": 0.472248911857605, "mean_length": 6.0}
{"mode": "train", "epoch": 52, "loss": 7.792486190795898, "acc": 0.5221998492876688, "acc_or": 0.7352210283279419, "sender_entropy": 1.2622464895248413, "receiver_entropy": 0.0, "original_loss": 0.715727686882019, "mean_length": 6.0}
{"mode": "test", "epoch": 52, "loss": 5.906951427459717, "acc": 0.6354679465293884, "acc_or": 0.8054187297821045, "sender_entropy": 1.41042160987854, "receiver_entropy": 0.0, "original_loss": 0.5072483420372009, "mean_length": 6.0}
{"mode": "train", "epoch": 53, "loss": 7.80229123433431, "acc": 0.5472716689109802, "acc_or": 0.7510212063789368, "sender_entropy": 1.255102316538493, "receiver_entropy": 0.0, "original_loss": 0.6789088050524393, "mean_length": 6.0}
{"mode": "test", "epoch": 53, "loss": 6.183635711669922, "acc": 0.7586206793785095, "acc_or": 0.8743842244148254, "sender_entropy": 1.4104604721069336, "receiver_entropy": 0.0, "original_loss": 0.4199211895465851, "mean_length": 6.0}
{"mode": "train", "epoch": 54, "loss": 7.7471035321553545, "acc": 0.5560164252916971, "acc_or": 0.7576967279116312, "sender_entropy": 1.2479758262634277, "receiver_entropy": 0.0, "original_loss": 0.6563927332560221, "mean_length": 6.0}
{"mode": "test", "epoch": 54, "loss": 5.996958255767822, "acc": 0.7881773114204407, "acc_or": 0.889162540435791, "sender_entropy": 1.3934376239776611, "receiver_entropy": 0.0, "original_loss": 0.4038257300853729, "mean_length": 6.0}
{"mode": "train", "epoch": 55, "loss": 7.708606561024983, "acc": 0.5715011556943258, "acc_or": 0.7652031779289246, "sender_entropy": 1.2406320969263713, "receiver_entropy": 0.0, "original_loss": 0.6350705226262411, "mean_length": 6.0}
{"mode": "test", "epoch": 55, "loss": 5.907729625701904, "acc": 0.7733989953994751, "acc_or": 0.8817734122276306, "sender_entropy": 1.377479910850525, "receiver_entropy": 0.0, "original_loss": 0.38491469621658325, "mean_length": 6.0}
{"mode": "train", "epoch": 56, "loss": 7.703367710113525, "acc": 0.5974179903666178, "acc_or": 0.7809087236722311, "sender_entropy": 1.226376215616862, "receiver_entropy": 0.0, "original_loss": 0.597710390885671, "mean_length": 6.0}
{"mode": "test", "epoch": 56, "loss": 5.901027679443359, "acc": 0.8029556274414062, "acc_or": 0.9014778137207031, "sender_entropy": 1.36997652053833, "receiver_entropy": 0.0, "original_loss": 0.3655638098716736, "mean_length": 6.0}
{"mode": "train", "epoch": 57, "loss": 7.660837014516194, "acc": 0.616990844408671, "acc_or": 0.7925469279289246, "sender_entropy": 1.211699644724528, "receiver_entropy": 0.0, "original_loss": 0.5739359060923258, "mean_length": 6.0}
{"mode": "test", "epoch": 57, "loss": 5.956573963165283, "acc": 0.842364490032196, "acc_or": 0.9211822748184204, "sender_entropy": 1.367925763130188, "receiver_entropy": 0.0, "original_loss": 0.32099345326423645, "mean_length": 6.0}
{"mode": "train", "epoch": 58, "loss": 7.595241228739421, "acc": 0.6305157542228699, "acc_or": 0.7995771567026774, "sender_entropy": 1.2150512139002483, "receiver_entropy": 0.0, "original_loss": 0.5572726925214132, "mean_length": 6.0}
{"mode": "test", "epoch": 58, "loss": 5.802732467651367, "acc": 0.8226600885391235, "acc_or": 0.9064038991928101, "sender_entropy": 1.3607722520828247, "receiver_entropy": 0.0, "original_loss": 0.32073915004730225, "mean_length": 6.0}
{"mode": "train", "epoch": 59, "loss": 7.449522177378337, "acc": 0.6369442741076151, "acc_or": 0.8020182251930237, "sender_entropy": 1.2036086718241374, "receiver_entropy": 0.0, "original_loss": 0.5474650065104166, "mean_length": 6.0}
{"mode": "test", "epoch": 59, "loss": 5.70749044418335, "acc": 0.8522167205810547, "acc_or": 0.9236453175544739, "sender_entropy": 1.3452601432800293, "receiver_entropy": 0.0, "original_loss": 0.2927002012729645, "mean_length": 6.0}
{"mode": "train", "epoch": 60, "loss": 7.512710412343343, "acc": 0.6643994450569153, "acc_or": 0.819023847579956, "sender_entropy": 1.201396385828654, "receiver_entropy": 0.0, "original_loss": 0.511882464090983, "mean_length": 6.0}
{"mode": "test", "epoch": 60, "loss": 5.602238655090332, "acc": 0.8817734122276306, "acc_or": 0.9408866763114929, "sender_entropy": 1.3342281579971313, "receiver_entropy": 0.0, "original_loss": 0.28152263164520264, "mean_length": 6.0}
{"mode": "train", "epoch": 61, "loss": 7.420045693715413, "acc": 0.6757966876029968, "acc_or": 0.8239167332649231, "sender_entropy": 1.187171459197998, "receiver_entropy": 0.0, "original_loss": 0.5007154842217764, "mean_length": 6.0}
{"mode": "test", "epoch": 61, "loss": 5.578100204467773, "acc": 0.9014778137207031, "acc_or": 0.9507389068603516, "sender_entropy": 1.3158648014068604, "receiver_entropy": 0.0, "original_loss": 0.2461801916360855, "mean_length": 6.0}
{"mode": "train", "epoch": 62, "loss": 7.308368523915608, "acc": 0.6910860935846964, "acc_or": 0.8323517640431722, "sender_entropy": 1.1787312030792236, "receiver_entropy": 0.0, "original_loss": 0.48301778237024945, "mean_length": 6.0}
{"mode": "test", "epoch": 62, "loss": 5.4930620193481445, "acc": 0.9211822748184204, "acc_or": 0.9605911374092102, "sender_entropy": 1.3061305284500122, "receiver_entropy": 0.0, "original_loss": 0.22658689320087433, "mean_length": 6.0}
{"mode": "train", "epoch": 63, "loss": 7.21909761428833, "acc": 0.7015195687611898, "acc_or": 0.8383561174074808, "sender_entropy": 1.1707972288131714, "receiver_entropy": 0.0, "original_loss": 0.46432210008303326, "mean_length": 6.0}
{"mode": "test", "epoch": 63, "loss": 5.527323246002197, "acc": 0.9408866763114929, "acc_or": 0.9704433083534241, "sender_entropy": 1.3048244714736938, "receiver_entropy": 0.0, "original_loss": 0.1988871991634369, "mean_length": 6.0}
{"mode": "train", "epoch": 64, "loss": 7.1482038497924805, "acc": 0.7169190446535746, "acc_or": 0.8475361069043478, "sender_entropy": 1.156244953473409, "receiver_entropy": 0.0, "original_loss": 0.44582681854565936, "mean_length": 6.0}
{"mode": "test", "epoch": 64, "loss": 5.411307334899902, "acc": 0.935960590839386, "acc_or": 0.9679802656173706, "sender_entropy": 1.297082781791687, "receiver_entropy": 0.0, "original_loss": 0.20594292879104614, "mean_length": 6.0}
{"mode": "train", "epoch": 65, "loss": 6.993764877319336, "acc": 0.7119885881741842, "acc_or": 0.8459471265474955, "sender_entropy": 1.1516902446746826, "receiver_entropy": 0.0, "original_loss": 0.4399224817752838, "mean_length": 6.0}
{"mode": "test", "epoch": 65, "loss": 5.33817195892334, "acc": 0.9408866763114929, "acc_or": 0.9704433083534241, "sender_entropy": 1.2970582246780396, "receiver_entropy": 0.0, "original_loss": 0.2010473906993866, "mean_length": 6.0}
{"mode": "train", "epoch": 66, "loss": 7.074099063873291, "acc": 0.7279941439628601, "acc_or": 0.8543170491854349, "sender_entropy": 1.1640265782674153, "receiver_entropy": 0.0, "original_loss": 0.42322497566541034, "mean_length": 6.0}
{"mode": "test", "epoch": 66, "loss": 5.357001781463623, "acc": 0.9458128213882446, "acc_or": 0.9729064106941223, "sender_entropy": 1.311272144317627, "receiver_entropy": 0.0, "original_loss": 0.18985599279403687, "mean_length": 6.0}
{"mode": "train", "epoch": 67, "loss": 7.051309585571289, "acc": 0.7210870583852133, "acc_or": 0.8510379989941915, "sender_entropy": 1.1681137879689534, "receiver_entropy": 0.0, "original_loss": 0.4197245240211487, "mean_length": 6.0}
{"mode": "test", "epoch": 67, "loss": 5.384183406829834, "acc": 0.9310344457626343, "acc_or": 0.9655172228813171, "sender_entropy": 1.3148038387298584, "receiver_entropy": 0.0, "original_loss": 0.17944402992725372, "mean_length": 6.0}
{"mode": "train", "epoch": 68, "loss": 6.903850237528483, "acc": 0.7358146905899048, "acc_or": 0.8580474257469177, "sender_entropy": 1.1615347067515056, "receiver_entropy": 0.0, "original_loss": 0.4062919616699219, "mean_length": 6.0}
{"mode": "test", "epoch": 68, "loss": 5.232321262359619, "acc": 0.9408866763114929, "acc_or": 0.9704433083534241, "sender_entropy": 1.3016865253448486, "receiver_entropy": 0.0, "original_loss": 0.18548105657100677, "mean_length": 6.0}
{"mode": "train", "epoch": 69, "loss": 6.8202188809712725, "acc": 0.743401030699412, "acc_or": 0.8641960819562277, "sender_entropy": 1.1394810279210408, "receiver_entropy": 0.0, "original_loss": 0.38843944668769836, "mean_length": 6.0}
{"mode": "test", "epoch": 69, "loss": 5.0789899826049805, "acc": 0.9408866763114929, "acc_or": 0.9704433083534241, "sender_entropy": 1.2733075618743896, "receiver_entropy": 0.0, "original_loss": 0.16871121525764465, "mean_length": 6.0}
{"mode": "train", "epoch": 70, "loss": 6.722320715586345, "acc": 0.7678647438685099, "acc_or": 0.8759722113609314, "sender_entropy": 1.1247959931691487, "receiver_entropy": 0.0, "original_loss": 0.36887086431185406, "mean_length": 6.0}
{"mode": "test", "epoch": 70, "loss": 4.950846195220947, "acc": 0.9507389068603516, "acc_or": 0.9753694534301758, "sender_entropy": 1.248961329460144, "receiver_entropy": 0.0, "original_loss": 0.1572057008743286, "mean_length": 6.0}
{"mode": "train", "epoch": 71, "loss": 6.5691423416137695, "acc": 0.7634517550468445, "acc_or": 0.8738804856936137, "sender_entropy": 1.107967734336853, "receiver_entropy": 0.0, "original_loss": 0.3624891936779022, "mean_length": 6.0}
{"mode": "test", "epoch": 71, "loss": 4.859508037567139, "acc": 0.9605911374092102, "acc_or": 0.9802955389022827, "sender_entropy": 1.239729881286621, "receiver_entropy": 0.0, "original_loss": 0.14266520738601685, "mean_length": 6.0}
{"mode": "train", "epoch": 72, "loss": 6.434346675872803, "acc": 0.7603696982065836, "acc_or": 0.872873067855835, "sender_entropy": 1.1042790810267131, "receiver_entropy": 0.0, "original_loss": 0.3582346240679423, "mean_length": 6.0}
{"mode": "test", "epoch": 72, "loss": 4.8093366622924805, "acc": 0.9704433083534241, "acc_or": 0.9852216839790344, "sender_entropy": 1.2307528257369995, "receiver_entropy": 0.0, "original_loss": 0.13736216723918915, "mean_length": 6.0}
{"mode": "train", "epoch": 73, "loss": 6.374794006347656, "acc": 0.7735234300295512, "acc_or": 0.8793052832285563, "sender_entropy": 1.1027859846750896, "receiver_entropy": 0.0, "original_loss": 0.3528506358464559, "mean_length": 6.0}
{"mode": "test", "epoch": 73, "loss": 4.704744815826416, "acc": 0.9310344457626343, "acc_or": 0.9655172228813171, "sender_entropy": 1.2347369194030762, "receiver_entropy": 0.0, "original_loss": 0.15242569148540497, "mean_length": 6.0}
{"mode": "train", "epoch": 74, "loss": 6.371911843617757, "acc": 0.7807298501332601, "acc_or": 0.881829559803009, "sender_entropy": 1.1026115814844768, "receiver_entropy": 0.0, "original_loss": 0.3432472844918569, "mean_length": 6.0}
{"mode": "test", "epoch": 74, "loss": 4.808129787445068, "acc": 0.9655172228813171, "acc_or": 0.9827585816383362, "sender_entropy": 1.2426925897598267, "receiver_entropy": 0.0, "original_loss": 0.1240009218454361, "mean_length": 6.0}
{"mode": "train", "epoch": 75, "loss": 6.342764854431152, "acc": 0.7820104559262594, "acc_or": 0.8831038077672323, "sender_entropy": 1.1129781007766724, "receiver_entropy": 0.0, "original_loss": 0.3405185838540395, "mean_length": 6.0}
{"mode": "test", "epoch": 75, "loss": 4.827987194061279, "acc": 0.9852216839790344, "acc_or": 0.9926108121871948, "sender_entropy": 1.261453628540039, "receiver_entropy": 0.0, "original_loss": 0.117692731320858, "mean_length": 6.0}
{"mode": "train", "epoch": 76, "loss": 6.2780256271362305, "acc": 0.7877906362215678, "acc_or": 0.8861620227495829, "sender_entropy": 1.1204606691996257, "receiver_entropy": 0.0, "original_loss": 0.3357186019420624, "mean_length": 6.0}
{"mode": "test", "epoch": 76, "loss": 4.723132610321045, "acc": 0.9605911374092102, "acc_or": 0.9802955389022827, "sender_entropy": 1.2539324760437012, "receiver_entropy": 0.0, "original_loss": 0.11120911687612534, "mean_length": 6.0}
{"mode": "train", "epoch": 77, "loss": 6.21704085667928, "acc": 0.793520470460256, "acc_or": 0.8904015223185221, "sender_entropy": 1.1090744733810425, "receiver_entropy": 0.0, "original_loss": 0.3244887789090474, "mean_length": 6.0}
{"mode": "test", "epoch": 77, "loss": 4.4918718338012695, "acc": 0.9605911374092102, "acc_or": 0.9802955389022827, "sender_entropy": 1.23323392868042, "receiver_entropy": 0.0, "original_loss": 0.1169024109840393, "mean_length": 6.0}
{"mode": "train", "epoch": 78, "loss": 6.103399594624837, "acc": 0.7984596490859985, "acc_or": 0.8923439184824625, "sender_entropy": 1.094140926996867, "receiver_entropy": 0.0, "original_loss": 0.3180440664291382, "mean_length": 6.0}
{"mode": "test", "epoch": 78, "loss": 4.513850688934326, "acc": 0.9852216839790344, "acc_or": 0.9926108121871948, "sender_entropy": 1.2258373498916626, "receiver_entropy": 0.0, "original_loss": 0.1012483611702919, "mean_length": 6.0}
{"mode": "train", "epoch": 79, "loss": 6.004319985707601, "acc": 0.8084045052528381, "acc_or": 0.8987821539243063, "sender_entropy": 1.0810763438542683, "receiver_entropy": 0.0, "original_loss": 0.3045935233434041, "mean_length": 6.0}
{"mode": "test", "epoch": 79, "loss": 4.2901763916015625, "acc": 0.9655172228813171, "acc_or": 0.9827585816383362, "sender_entropy": 1.189589023590088, "receiver_entropy": 0.0, "original_loss": 0.10475270450115204, "mean_length": 6.0}
{"mode": "train", "epoch": 80, "loss": 5.972185929616292, "acc": 0.8170794447263082, "acc_or": 0.9038592974344889, "sender_entropy": 1.0604161818822224, "receiver_entropy": 0.0, "original_loss": 0.28537200887997943, "mean_length": 6.0}
{"mode": "test", "epoch": 80, "loss": 4.261106491088867, "acc": 0.9556649923324585, "acc_or": 0.9778324961662292, "sender_entropy": 1.1938402652740479, "receiver_entropy": 0.0, "original_loss": 0.10310891270637512, "mean_length": 6.0}
{"mode": "train", "epoch": 81, "loss": 5.920772234598796, "acc": 0.8186365962028503, "acc_or": 0.9035716851552328, "sender_entropy": 1.0755616029103596, "receiver_entropy": 0.0, "original_loss": 0.2918551067511241, "mean_length": 6.0}
{"mode": "test", "epoch": 81, "loss": 4.465798854827881, "acc": 0.9852216839790344, "acc_or": 0.9926108121871948, "sender_entropy": 1.23454749584198, "receiver_entropy": 0.0, "original_loss": 0.08541885763406754, "mean_length": 6.0}
{"mode": "train", "epoch": 82, "loss": 5.918612957000732, "acc": 0.8138893445332845, "acc_or": 0.9010064403216044, "sender_entropy": 1.1007076501846313, "receiver_entropy": 0.0, "original_loss": 0.2924911677837372, "mean_length": 6.0}
{"mode": "test", "epoch": 82, "loss": 4.37538480758667, "acc": 0.9704433083534241, "acc_or": 0.9852216839790344, "sender_entropy": 1.2405500411987305, "receiver_entropy": 0.0, "original_loss": 0.09864317625761032, "mean_length": 6.0}
{"mode": "train", "epoch": 83, "loss": 5.848161061604817, "acc": 0.8015061219533285, "acc_or": 0.8948473930358887, "sender_entropy": 1.1043564875920613, "receiver_entropy": 0.0, "original_loss": 0.3045679529507955, "mean_length": 6.0}
{"mode": "test", "epoch": 83, "loss": 4.409412860870361, "acc": 0.9802955389022827, "acc_or": 0.9901477694511414, "sender_entropy": 1.255226969718933, "receiver_entropy": 0.0, "original_loss": 0.08688046038150787, "mean_length": 6.0}
{"mode": "train", "epoch": 84, "loss": 5.895427227020264, "acc": 0.8152914444605509, "acc_or": 0.9026135802268982, "sender_entropy": 1.1115942398707073, "receiver_entropy": 0.0, "original_loss": 0.287482609351476, "mean_length": 6.0}
{"mode": "test", "epoch": 84, "loss": 4.42262601852417, "acc": 0.9802955389022827, "acc_or": 0.9901477694511414, "sender_entropy": 1.2648110389709473, "receiver_entropy": 0.0, "original_loss": 0.08638957142829895, "mean_length": 6.0}
{"mode": "train", "epoch": 85, "loss": 5.819768746693929, "acc": 0.8205286264419556, "acc_or": 0.9047429164250692, "sender_entropy": 1.1139265696207683, "receiver_entropy": 0.0, "original_loss": 0.2866276999314626, "mean_length": 6.0}
{"mode": "test", "epoch": 85, "loss": 4.394680023193359, "acc": 0.9802955389022827, "acc_or": 0.9901477694511414, "sender_entropy": 1.264205813407898, "receiver_entropy": 0.0, "original_loss": 0.08463665097951889, "mean_length": 6.0}
{"mode": "train", "epoch": 86, "loss": 5.743612289428711, "acc": 0.819405754407247, "acc_or": 0.9036371310551962, "sender_entropy": 1.1125545899073284, "receiver_entropy": 0.0, "original_loss": 0.28398191928863525, "mean_length": 6.0}
{"mode": "test", "epoch": 86, "loss": 4.288924694061279, "acc": 0.9802955389022827, "acc_or": 0.9901477694511414, "sender_entropy": 1.251157522201538, "receiver_entropy": 0.0, "original_loss": 0.08742767572402954, "mean_length": 6.0}
{"mode": "train", "epoch": 87, "loss": 5.6869988441467285, "acc": 0.8228811025619507, "acc_or": 0.9051848649978638, "sender_entropy": 1.1059286991755168, "receiver_entropy": 0.0, "original_loss": 0.27744953831036884, "mean_length": 6.0}
{"mode": "test", "epoch": 87, "loss": 4.129003047943115, "acc": 0.9802955389022827, "acc_or": 0.9901477694511414, "sender_entropy": 1.233715534210205, "receiver_entropy": 0.0, "original_loss": 0.09441301971673965, "mean_length": 6.0}
{"mode": "train", "epoch": 88, "loss": 5.597676912943522, "acc": 0.8243066867192587, "acc_or": 0.9069936672846476, "sender_entropy": 1.0958157380421956, "receiver_entropy": 0.0, "original_loss": 0.2750065525372823, "mean_length": 6.0}
{"mode": "test", "epoch": 88, "loss": 4.091164588928223, "acc": 0.9753694534301758, "acc_or": 0.9876847267150879, "sender_entropy": 1.2375906705856323, "receiver_entropy": 0.0, "original_loss": 0.08386026322841644, "mean_length": 6.0}
{"mode": "train", "epoch": 89, "loss": 5.530127843221028, "acc": 0.8225448330243429, "acc_or": 0.9053993026415507, "sender_entropy": 1.1032185951868694, "receiver_entropy": 0.0, "original_loss": 0.2777352233727773, "mean_length": 6.0}
{"mode": "test", "epoch": 89, "loss": 4.005356788635254, "acc": 0.9901477694511414, "acc_or": 0.9950738549232483, "sender_entropy": 1.2263879776000977, "receiver_entropy": 0.0, "original_loss": 0.06666107475757599, "mean_length": 6.0}
{"mode": "train", "epoch": 90, "loss": 5.394411722819011, "acc": 0.8274712959925333, "acc_or": 0.9067013661066691, "sender_entropy": 1.0940401156743367, "receiver_entropy": 0.0, "original_loss": 0.2747771640618642, "mean_length": 6.0}
{"mode": "test", "epoch": 90, "loss": 3.8884661197662354, "acc": 0.9753694534301758, "acc_or": 0.9876847267150879, "sender_entropy": 1.2145545482635498, "receiver_entropy": 0.0, "original_loss": 0.08072181791067123, "mean_length": 6.0}
{"mode": "train", "epoch": 91, "loss": 5.473085721333821, "acc": 0.8417445421218872, "acc_or": 0.9166837930679321, "sender_entropy": 1.0935173034667969, "receiver_entropy": 0.0, "original_loss": 0.2548827181259791, "mean_length": 6.0}
{"mode": "test", "epoch": 91, "loss": 3.9483063220977783, "acc": 0.9852216839790344, "acc_or": 0.9926108121871948, "sender_entropy": 1.22621488571167, "receiver_entropy": 0.0, "original_loss": 0.07767432928085327, "mean_length": 6.0}
{"mode": "train", "epoch": 92, "loss": 5.524048487345378, "acc": 0.840807576974233, "acc_or": 0.916777769724528, "sender_entropy": 1.0960169633229573, "receiver_entropy": 0.0, "original_loss": 0.24545195202032724, "mean_length": 6.0}
{"mode": "test", "epoch": 92, "loss": 3.9558298587799072, "acc": 0.9950738549232483, "acc_or": 0.9975369572639465, "sender_entropy": 1.2228506803512573, "receiver_entropy": 0.0, "original_loss": 0.0552302747964859, "mean_length": 6.0}
{"mode": "train", "epoch": 93, "loss": 5.450330893198649, "acc": 0.8422197302182516, "acc_or": 0.9166156649589539, "sender_entropy": 1.1004150708516438, "receiver_entropy": 0.0, "original_loss": 0.24468343456586203, "mean_length": 6.0}
{"mode": "test", "epoch": 93, "loss": 3.921557664871216, "acc": 0.9950738549232483, "acc_or": 0.9975369572639465, "sender_entropy": 1.2194403409957886, "receiver_entropy": 0.0, "original_loss": 0.04919421300292015, "mean_length": 6.0}
{"mode": "train", "epoch": 94, "loss": 5.35806671778361, "acc": 0.8479368289311727, "acc_or": 0.9188231825828552, "sender_entropy": 1.0974876483281453, "receiver_entropy": 0.0, "original_loss": 0.2453960875670115, "mean_length": 6.0}
{"mode": "test", "epoch": 94, "loss": 3.90704083442688, "acc": 0.9950738549232483, "acc_or": 0.9975369572639465, "sender_entropy": 1.2196149826049805, "receiver_entropy": 0.0, "original_loss": 0.0456608310341835, "mean_length": 6.0}
{"mode": "train", "epoch": 95, "loss": 5.3350300788879395, "acc": 0.8482999205589294, "acc_or": 0.9197752475738525, "sender_entropy": 1.0997225443522136, "receiver_entropy": 0.0, "original_loss": 0.23779421548048654, "mean_length": 6.0}
{"mode": "test", "epoch": 95, "loss": 3.7912845611572266, "acc": 0.9901477694511414, "acc_or": 0.9950738549232483, "sender_entropy": 1.2167985439300537, "receiver_entropy": 0.0, "original_loss": 0.057580526918172836, "mean_length": 6.0}
{"mode": "train", "epoch": 96, "loss": 5.315819263458252, "acc": 0.8528538544972738, "acc_or": 0.9219951629638672, "sender_entropy": 1.1036346356074016, "receiver_entropy": 0.0, "original_loss": 0.23391800125439963, "mean_length": 6.0}
{"mode": "test", "epoch": 96, "loss": 3.870619058609009, "acc": 0.9901477694511414, "acc_or": 0.9950738549232483, "sender_entropy": 1.2385456562042236, "receiver_entropy": 0.0, "original_loss": 0.05784725770354271, "mean_length": 6.0}
{"mode": "train", "epoch": 97, "loss": 5.341076056162517, "acc": 0.8533398111661276, "acc_or": 0.9228955308596293, "sender_entropy": 1.1147776047388713, "receiver_entropy": 0.0, "original_loss": 0.2298581898212433, "mean_length": 6.0}
{"mode": "test", "epoch": 97, "loss": 3.8645124435424805, "acc": 0.9802955389022827, "acc_or": 0.9901477694511414, "sender_entropy": 1.253160834312439, "receiver_entropy": 0.0, "original_loss": 0.06367820501327515, "mean_length": 6.0}
{"mode": "train", "epoch": 98, "loss": 5.368464628855388, "acc": 0.8579648733139038, "acc_or": 0.925593356291453, "sender_entropy": 1.122388482093811, "receiver_entropy": 0.0, "original_loss": 0.2252155343691508, "mean_length": 6.0}
{"mode": "test", "epoch": 98, "loss": 3.8937554359436035, "acc": 0.9852216839790344, "acc_or": 0.9926108121871948, "sender_entropy": 1.2565581798553467, "receiver_entropy": 0.0, "original_loss": 0.05448264628648758, "mean_length": 6.0}
{"mode": "train", "epoch": 99, "loss": 5.336808522542317, "acc": 0.8568977117538452, "acc_or": 0.9254178404808044, "sender_entropy": 1.12017023563385, "receiver_entropy": 0.0, "original_loss": 0.22306773563226065, "mean_length": 6.0}
{"mode": "test", "epoch": 99, "loss": 3.9519917964935303, "acc": 1.0, "acc_or": 1.0, "sender_entropy": 1.2622652053833008, "receiver_entropy": 0.0, "original_loss": 0.04505380615592003, "mean_length": 6.0}
{"epoch": 99, "positional_disent": 0.07387354224920273, "bag_of_symbol_disent": 0.08094526827335358, "topographic_sim": 0.2500291232954181}
{"generalization hold out": {"acc": 1.0, "acc_or": 1.0}, "uniform holdout": {"acc": 0.8181818723678589, "acc_or": 0.9090909361839294}, "epoch": 99}
---End--
