nohup: ignoring input
{"mode": "train", "epoch": 1, "loss": -11.02846626440684, "acc": 0.005204977622876565, "acc_or": 0.06650021548072498, "sender_entropy": 2.2999358971913657, "receiver_entropy": 0.0, "original_loss": 2.764272133509318, "mean_length": 6.0}
{"mode": "test", "epoch": 1, "loss": 1.7885444164276123, "acc": 0.004926108289510012, "acc_or": 0.0714285671710968, "sender_entropy": 2.296025037765503, "receiver_entropy": 0.0, "original_loss": 2.749028205871582, "mean_length": 6.0}
{"mode": "train", "epoch": 2, "loss": 1.933026393254598, "acc": 0.005926492779205243, "acc_or": 0.07395464430252711, "sender_entropy": 2.297534624735514, "receiver_entropy": 0.0, "original_loss": 2.7337090969085693, "mean_length": 6.0}
{"mode": "test", "epoch": 2, "loss": 1.8613841533660889, "acc": 0.004926108289510012, "acc_or": 0.07389162480831146, "sender_entropy": 2.2962260246276855, "receiver_entropy": 0.0, "original_loss": 2.7263333797454834, "mean_length": 6.0}
{"mode": "train", "epoch": 3, "loss": 1.990090052286784, "acc": 0.004866704189529021, "acc_or": 0.07235757758220036, "sender_entropy": 2.2986363569895425, "receiver_entropy": 0.0, "original_loss": 2.7140634854634604, "mean_length": 6.0}
{"mode": "test", "epoch": 3, "loss": 1.965435266494751, "acc": 0.004926108289510012, "acc_or": 0.06403940916061401, "sender_entropy": 2.298401117324829, "receiver_entropy": 0.0, "original_loss": 2.705923557281494, "mean_length": 6.0}
{"mode": "train", "epoch": 4, "loss": 1.9254024426142375, "acc": 0.005358677124604583, "acc_or": 0.07345293710629146, "sender_entropy": 2.29978879292806, "receiver_entropy": 0.0, "original_loss": 2.7079604466756186, "mean_length": 6.0}
{"mode": "test", "epoch": 4, "loss": 2.0413269996643066, "acc": 0.004926108289510012, "acc_or": 0.07389162480831146, "sender_entropy": 2.299999952316284, "receiver_entropy": 0.0, "original_loss": 2.6924259662628174, "mean_length": 6.0}
{"mode": "train", "epoch": 5, "loss": 1.851597825686137, "acc": 0.004611657001078129, "acc_or": 0.07281162838141124, "sender_entropy": 2.3002423445383706, "receiver_entropy": 0.0, "original_loss": 2.7069617907206216, "mean_length": 6.0}
{"mode": "test", "epoch": 5, "loss": 2.1207146644592285, "acc": 0.019704433158040047, "acc_or": 0.14532019197940826, "sender_entropy": 2.30035662651062, "receiver_entropy": 0.0, "original_loss": 2.680905818939209, "mean_length": 6.0}
{"mode": "train", "epoch": 6, "loss": 1.8062854607899983, "acc": 0.005192225178082784, "acc_or": 0.07537619521220525, "sender_entropy": 2.300365686416626, "receiver_entropy": 0.0, "original_loss": 2.7060347398122153, "mean_length": 6.0}
{"mode": "test", "epoch": 6, "loss": 2.165440082550049, "acc": 0.02463054098188877, "acc_or": 0.1551724076271057, "sender_entropy": 2.3004024028778076, "receiver_entropy": 0.0, "original_loss": 2.6736862659454346, "mean_length": 6.0}
{"mode": "train", "epoch": 7, "loss": 1.7717344760894775, "acc": 0.005460024888937672, "acc_or": 0.07684305310249329, "sender_entropy": 2.3003488381703696, "receiver_entropy": 0.0, "original_loss": 2.7055717309316, "mean_length": 6.0}
{"mode": "test", "epoch": 7, "loss": 2.2655158042907715, "acc": 0.009852216579020023, "acc_or": 0.14532019197940826, "sender_entropy": 2.300365447998047, "receiver_entropy": 0.0, "original_loss": 2.662830352783203, "mean_length": 6.0}
{"mode": "train", "epoch": 8, "loss": 1.746333161989848, "acc": 0.0060513317584991455, "acc_or": 0.07699843247731526, "sender_entropy": 2.3003061612447104, "receiver_entropy": 0.0, "original_loss": 2.7051243782043457, "mean_length": 6.0}
{"mode": "test", "epoch": 8, "loss": 2.369845390319824, "acc": 0.019704433158040047, "acc_or": 0.17241379618644714, "sender_entropy": 2.300333023071289, "receiver_entropy": 0.0, "original_loss": 2.652202606201172, "mean_length": 6.0}
{"mode": "train", "epoch": 9, "loss": 1.7397048870722454, "acc": 0.0057674239700039225, "acc_or": 0.07701017707586288, "sender_entropy": 2.3002542654673257, "receiver_entropy": 0.0, "original_loss": 2.7037830352783203, "mean_length": 6.0}
{"mode": "test", "epoch": 9, "loss": 2.522373914718628, "acc": 0.014778325334191322, "acc_or": 0.17980295419692993, "sender_entropy": 2.300163984298706, "receiver_entropy": 0.0, "original_loss": 2.637850522994995, "mean_length": 6.0}
{"mode": "train", "epoch": 10, "loss": 1.7259003321329753, "acc": 0.004635148216038942, "acc_or": 0.07861428956190745, "sender_entropy": 2.30009396870931, "receiver_entropy": 0.0, "original_loss": 2.703179915746053, "mean_length": 6.0}
{"mode": "test", "epoch": 10, "loss": 2.688903331756592, "acc": 0.02463054098188877, "acc_or": 0.2216748744249344, "sender_entropy": 2.2997663021087646, "receiver_entropy": 0.0, "original_loss": 2.622142791748047, "mean_length": 6.0}
{"mode": "train", "epoch": 11, "loss": 1.7191190719604492, "acc": 0.005020403924087684, "acc_or": 0.08001134544610977, "sender_entropy": 2.299715280532837, "receiver_entropy": 0.0, "original_loss": 2.7022501627604165, "mean_length": 6.0}
{"mode": "test", "epoch": 11, "loss": 2.9190635681152344, "acc": 0.02463054098188877, "acc_or": 0.19950738549232483, "sender_entropy": 2.2990310192108154, "receiver_entropy": 0.0, "original_loss": 2.6010029315948486, "mean_length": 6.0}
{"mode": "train", "epoch": 12, "loss": 1.724199891090393, "acc": 0.006608408565322558, "acc_or": 0.0816564013560613, "sender_entropy": 2.2988383769989014, "receiver_entropy": 0.0, "original_loss": 2.7004384199778237, "mean_length": 6.0}
{"mode": "test", "epoch": 12, "loss": 3.1971092224121094, "acc": 0.029556650668382645, "acc_or": 0.22906403243541718, "sender_entropy": 2.2974493503570557, "receiver_entropy": 0.0, "original_loss": 2.5746474266052246, "mean_length": 6.0}
{"mode": "train", "epoch": 13, "loss": 1.757599115371704, "acc": 0.008787720464169979, "acc_or": 0.08764799684286118, "sender_entropy": 2.2967329025268555, "receiver_entropy": 0.0, "original_loss": 2.6963723500569663, "mean_length": 6.0}
{"mode": "test", "epoch": 13, "loss": 3.518277406692505, "acc": 0.03448275849223137, "acc_or": 0.24384236335754395, "sender_entropy": 2.2934961318969727, "receiver_entropy": 0.0, "original_loss": 2.541368007659912, "mean_length": 6.0}
{"mode": "train", "epoch": 14, "loss": 1.8411131302515666, "acc": 0.009840126149356365, "acc_or": 0.09438359489043553, "sender_entropy": 2.2908902168273926, "receiver_entropy": 0.0, "original_loss": 2.6875877380371094, "mean_length": 6.0}
{"mode": "test", "epoch": 14, "loss": 3.993313789367676, "acc": 0.02463054098188877, "acc_or": 0.22413793206214905, "sender_entropy": 2.280963897705078, "receiver_entropy": 0.0, "original_loss": 2.485306739807129, "mean_length": 6.0}
{"mode": "train", "epoch": 15, "loss": 2.091596007347107, "acc": 0.012730213813483715, "acc_or": 0.11311110854148865, "sender_entropy": 2.271252234776815, "receiver_entropy": 0.0, "original_loss": 2.6634976863861084, "mean_length": 6.0}
{"mode": "test", "epoch": 15, "loss": 4.585933208465576, "acc": 0.03448275849223137, "acc_or": 0.2142857164144516, "sender_entropy": 2.2399349212646484, "receiver_entropy": 0.0, "original_loss": 2.390896797180176, "mean_length": 6.0}
{"mode": "train", "epoch": 16, "loss": 2.8806024392445884, "acc": 0.018076138570904732, "acc_or": 0.14782841006914774, "sender_entropy": 2.2070067723592124, "receiver_entropy": 0.0, "original_loss": 2.5858047008514404, "mean_length": 6.0}
{"mode": "test", "epoch": 16, "loss": 4.707695007324219, "acc": 0.029556650668382645, "acc_or": 0.2142857164144516, "sender_entropy": 2.133742094039917, "receiver_entropy": 0.0, "original_loss": 2.2899835109710693, "mean_length": 6.0}
{"mode": "train", "epoch": 17, "loss": 4.1789008776346845, "acc": 0.02515101556976636, "acc_or": 0.18010229369004568, "sender_entropy": 2.0963287353515625, "receiver_entropy": 0.0, "original_loss": 2.439720710118612, "mean_length": 6.0}
{"mode": "test", "epoch": 17, "loss": 4.5164475440979, "acc": 0.03448275849223137, "acc_or": 0.23152709007263184, "sender_entropy": 2.058438301086426, "receiver_entropy": 0.0, "original_loss": 2.2347848415374756, "mean_length": 6.0}
{"mode": "train", "epoch": 18, "loss": 5.024917920430501, "acc": 0.029312312602996826, "acc_or": 0.20475495855013529, "sender_entropy": 2.0158706108729043, "receiver_entropy": 0.0, "original_loss": 2.3200318018595376, "mean_length": 6.0}
{"mode": "test", "epoch": 18, "loss": 4.284834861755371, "acc": 0.029556650668382645, "acc_or": 0.23891624808311462, "sender_entropy": 2.0102596282958984, "receiver_entropy": 0.0, "original_loss": 2.203519344329834, "mean_length": 6.0}
{"mode": "train", "epoch": 19, "loss": 5.425111611684163, "acc": 0.03458239510655403, "acc_or": 0.21990007162094116, "sender_entropy": 1.958473563194275, "receiver_entropy": 0.0, "original_loss": 2.2458210786183677, "mean_length": 6.0}
{"mode": "test", "epoch": 19, "loss": 4.780977725982666, "acc": 0.02463054098188877, "acc_or": 0.22906403243541718, "sender_entropy": 1.9948492050170898, "receiver_entropy": 0.0, "original_loss": 2.125086784362793, "mean_length": 6.0}
{"mode": "train", "epoch": 20, "loss": 5.568976720174153, "acc": 0.0371650829911232, "acc_or": 0.2316376119852066, "sender_entropy": 1.9416435956954956, "receiver_entropy": 0.0, "original_loss": 2.2058562437693277, "mean_length": 6.0}
{"mode": "test", "epoch": 20, "loss": 5.290337562561035, "acc": 0.03940886631608009, "acc_or": 0.2733989953994751, "sender_entropy": 1.985951542854309, "receiver_entropy": 0.0, "original_loss": 2.0368916988372803, "mean_length": 6.0}
{"mode": "train", "epoch": 21, "loss": 5.832561492919922, "acc": 0.04440641154845556, "acc_or": 0.24417317907015482, "sender_entropy": 1.9212913910547893, "receiver_entropy": 0.0, "original_loss": 2.1491130193074546, "mean_length": 6.0}
{"mode": "test", "epoch": 21, "loss": 5.818997383117676, "acc": 0.04926108196377754, "acc_or": 0.2857142686843872, "sender_entropy": 1.957680344581604, "receiver_entropy": 0.0, "original_loss": 1.9356155395507812, "mean_length": 6.0}
{"mode": "train", "epoch": 22, "loss": 6.399566809336345, "acc": 0.0515155183772246, "acc_or": 0.2694181601206462, "sender_entropy": 1.8559983174006145, "receiver_entropy": 0.0, "original_loss": 2.0512963930765786, "mean_length": 6.0}
{"mode": "test", "epoch": 22, "loss": 6.163898468017578, "acc": 0.09852216392755508, "acc_or": 0.35960590839385986, "sender_entropy": 1.8927521705627441, "receiver_entropy": 0.0, "original_loss": 1.817423701286316, "mean_length": 6.0}
{"mode": "train", "epoch": 23, "loss": 6.8902351061503095, "acc": 0.07592891156673431, "acc_or": 0.3094112475713094, "sender_entropy": 1.7912148634592693, "receiver_entropy": 0.0, "original_loss": 1.9512559175491333, "mean_length": 6.0}
{"mode": "test", "epoch": 23, "loss": 6.328456878662109, "acc": 0.08374384045600891, "acc_or": 0.3497536778450012, "sender_entropy": 1.8851200342178345, "receiver_entropy": 0.0, "original_loss": 1.7420308589935303, "mean_length": 6.0}
{"mode": "train", "epoch": 24, "loss": 7.2948964436848955, "acc": 0.08648517976204555, "acc_or": 0.3286418120066325, "sender_entropy": 1.7740153074264526, "receiver_entropy": 0.0, "original_loss": 1.862674315770467, "mean_length": 6.0}
{"mode": "test", "epoch": 24, "loss": 6.3866801261901855, "acc": 0.10837437957525253, "acc_or": 0.3965517282485962, "sender_entropy": 1.86033296585083, "receiver_entropy": 0.0, "original_loss": 1.681783676147461, "mean_length": 6.0}
{"mode": "train", "epoch": 25, "loss": 7.52213191986084, "acc": 0.10028592497110367, "acc_or": 0.3539039194583893, "sender_entropy": 1.7432244221369426, "receiver_entropy": 0.0, "original_loss": 1.789282997449239, "mean_length": 6.0}
{"mode": "test", "epoch": 25, "loss": 6.521182060241699, "acc": 0.10837437957525253, "acc_or": 0.41871920228004456, "sender_entropy": 1.8031318187713623, "receiver_entropy": 0.0, "original_loss": 1.5767408609390259, "mean_length": 6.0}
{"mode": "train", "epoch": 26, "loss": 7.821897824605306, "acc": 0.12283411622047424, "acc_or": 0.3839467962582906, "sender_entropy": 1.6639328400293987, "receiver_entropy": 0.0, "original_loss": 1.690458615620931, "mean_length": 6.0}
{"mode": "test", "epoch": 26, "loss": 6.241795063018799, "acc": 0.13793103396892548, "acc_or": 0.41133004426956177, "sender_entropy": 1.7380473613739014, "receiver_entropy": 0.0, "original_loss": 1.5441097021102905, "mean_length": 6.0}
{"mode": "train", "epoch": 27, "loss": 7.9935150146484375, "acc": 0.1383315920829773, "acc_or": 0.4075171848138173, "sender_entropy": 1.6082870562871296, "receiver_entropy": 0.0, "original_loss": 1.6152540842692058, "mean_length": 6.0}
{"mode": "test", "epoch": 27, "loss": 6.589441776275635, "acc": 0.1625615805387497, "acc_or": 0.4556650221347809, "sender_entropy": 1.7274057865142822, "receiver_entropy": 0.0, "original_loss": 1.447150707244873, "mean_length": 6.0}
{"mode": "train", "epoch": 28, "loss": 8.07945203781128, "acc": 0.14839991927146912, "acc_or": 0.41925473014513653, "sender_entropy": 1.6089399258295696, "receiver_entropy": 0.0, "original_loss": 1.5725319782892864, "mean_length": 6.0}
{"mode": "test", "epoch": 28, "loss": 6.825262069702148, "acc": 0.1625615805387497, "acc_or": 0.46551722288131714, "sender_entropy": 1.7321785688400269, "receiver_entropy": 0.0, "original_loss": 1.3859471082687378, "mean_length": 6.0}
{"mode": "train", "epoch": 29, "loss": 8.067805926005045, "acc": 0.16557332376639047, "acc_or": 0.4354780912399292, "sender_entropy": 1.5927132765452068, "receiver_entropy": 0.0, "original_loss": 1.518218954404195, "mean_length": 6.0}
{"mode": "test", "epoch": 29, "loss": 6.786777973175049, "acc": 0.17733989655971527, "acc_or": 0.4753694534301758, "sender_entropy": 1.7228312492370605, "receiver_entropy": 0.0, "original_loss": 1.3475655317306519, "mean_length": 6.0}
{"mode": "train", "epoch": 30, "loss": 8.254285176595053, "acc": 0.18192789455254874, "acc_or": 0.4549999435742696, "sender_entropy": 1.579665184020996, "receiver_entropy": 0.0, "original_loss": 1.4631192684173584, "mean_length": 6.0}
{"mode": "test", "epoch": 30, "loss": 7.057013511657715, "acc": 0.23645320534706116, "acc_or": 0.5320196747779846, "sender_entropy": 1.7010080814361572, "receiver_entropy": 0.0, "original_loss": 1.2436021566390991, "mean_length": 6.0}
{"mode": "train", "epoch": 31, "loss": 8.335419654846191, "acc": 0.20687822997570038, "acc_or": 0.4787304103374481, "sender_entropy": 1.5461736122767131, "receiver_entropy": 0.0, "original_loss": 1.4020347197850545, "mean_length": 6.0}
{"mode": "test", "epoch": 31, "loss": 6.949655055999756, "acc": 0.23152709007263184, "acc_or": 0.5320196747779846, "sender_entropy": 1.690413475036621, "receiver_entropy": 0.0, "original_loss": 1.21171236038208, "mean_length": 6.0}
{"mode": "train", "epoch": 32, "loss": 8.315545082092285, "acc": 0.21735999484856924, "acc_or": 0.4908599257469177, "sender_entropy": 1.5329032739003499, "receiver_entropy": 0.0, "original_loss": 1.3614639441172283, "mean_length": 6.0}
{"mode": "test", "epoch": 32, "loss": 7.050414085388184, "acc": 0.29556649923324585, "acc_or": 0.5788177251815796, "sender_entropy": 1.6716234683990479, "receiver_entropy": 0.0, "original_loss": 1.1433993577957153, "mean_length": 6.0}
{"mode": "train", "epoch": 33, "loss": 8.311355590820312, "acc": 0.2284263620773951, "acc_or": 0.5022742946942648, "sender_entropy": 1.4974639415740967, "receiver_entropy": 0.0, "original_loss": 1.315060059229533, "mean_length": 6.0}
{"mode": "test", "epoch": 33, "loss": 6.742383003234863, "acc": 0.2610837519168854, "acc_or": 0.5566502213478088, "sender_entropy": 1.6567729711532593, "receiver_entropy": 0.0, "original_loss": 1.1554970741271973, "mean_length": 6.0}
{"mode": "train", "epoch": 34, "loss": 8.384140332539877, "acc": 0.2463212857643763, "acc_or": 0.5196104645729065, "sender_entropy": 1.498765468597412, "receiver_entropy": 0.0, "original_loss": 1.2752185662587483, "mean_length": 6.0}
{"mode": "test", "epoch": 34, "loss": 7.321433067321777, "acc": 0.3694581091403961, "acc_or": 0.6428571343421936, "sender_entropy": 1.6661088466644287, "receiver_entropy": 0.0, "original_loss": 1.0259908437728882, "mean_length": 6.0}
{"mode": "train", "epoch": 35, "loss": 8.402904510498047, "acc": 0.2664398153622945, "acc_or": 0.532471219698588, "sender_entropy": 1.5033530394236247, "receiver_entropy": 0.0, "original_loss": 1.2339226404825847, "mean_length": 6.0}
{"mode": "test", "epoch": 35, "loss": 7.255893707275391, "acc": 0.3842364549636841, "acc_or": 0.6428571343421936, "sender_entropy": 1.6604446172714233, "receiver_entropy": 0.0, "original_loss": 0.9987882375717163, "mean_length": 6.0}
{"mode": "train", "epoch": 36, "loss": 8.602162996927897, "acc": 0.2968575557072957, "acc_or": 0.5617794990539551, "sender_entropy": 1.4696998198827107, "receiver_entropy": 0.0, "original_loss": 1.16408105691274, "mean_length": 6.0}
{"mode": "test", "epoch": 36, "loss": 7.012444496154785, "acc": 0.33497536182403564, "acc_or": 0.6206896305084229, "sender_entropy": 1.6204067468643188, "receiver_entropy": 0.0, "original_loss": 0.9666262269020081, "mean_length": 6.0}
{"mode": "train", "epoch": 37, "loss": 8.446967442830404, "acc": 0.3138410151004791, "acc_or": 0.5728663206100464, "sender_entropy": 1.437346378962199, "receiver_entropy": 0.0, "original_loss": 1.1282837788263957, "mean_length": 6.0}
{"mode": "test", "epoch": 37, "loss": 6.801446914672852, "acc": 0.4236453175544739, "acc_or": 0.6600984930992126, "sender_entropy": 1.5903608798980713, "receiver_entropy": 0.0, "original_loss": 0.9208107590675354, "mean_length": 6.0}
{"mode": "train", "epoch": 38, "loss": 8.48095671335856, "acc": 0.3472629487514496, "acc_or": 0.596420963605245, "sender_entropy": 1.4040509064992268, "receiver_entropy": 0.0, "original_loss": 1.0678294897079468, "mean_length": 6.0}
{"mode": "test", "epoch": 38, "loss": 6.8901214599609375, "acc": 0.4482758641242981, "acc_or": 0.6822659969329834, "sender_entropy": 1.5689637660980225, "receiver_entropy": 0.0, "original_loss": 0.8550870418548584, "mean_length": 6.0}
{"mode": "train", "epoch": 39, "loss": 8.434589068094889, "acc": 0.3795103132724762, "acc_or": 0.6203380227088928, "sender_entropy": 1.377976616223653, "receiver_entropy": 0.0, "original_loss": 1.0193252166112263, "mean_length": 6.0}
{"mode": "test", "epoch": 39, "loss": 6.773470878601074, "acc": 0.4433497488498688, "acc_or": 0.6674876809120178, "sender_entropy": 1.563249111175537, "receiver_entropy": 0.0, "original_loss": 0.8378439545631409, "mean_length": 6.0}
{"mode": "train", "epoch": 40, "loss": 8.43735408782959, "acc": 0.3845045467217763, "acc_or": 0.6281730135281881, "sender_entropy": 1.3682246605555217, "receiver_entropy": 0.0, "original_loss": 0.9841329654057821, "mean_length": 6.0}
{"mode": "test", "epoch": 40, "loss": 6.752869606018066, "acc": 0.517241358757019, "acc_or": 0.7216748595237732, "sender_entropy": 1.5474624633789062, "receiver_entropy": 0.0, "original_loss": 0.7839334011077881, "mean_length": 6.0}
{"mode": "train", "epoch": 41, "loss": 8.319646199544271, "acc": 0.41107375423113507, "acc_or": 0.6475216945012411, "sender_entropy": 1.3569019635518391, "receiver_entropy": 0.0, "original_loss": 0.9501475294431051, "mean_length": 6.0}
{"mode": "test", "epoch": 41, "loss": 6.829619884490967, "acc": 0.5369458198547363, "acc_or": 0.7536945939064026, "sender_entropy": 1.537426233291626, "receiver_entropy": 0.0, "original_loss": 0.7355042099952698, "mean_length": 6.0}
{"mode": "train", "epoch": 42, "loss": 8.40596071879069, "acc": 0.41621699929237366, "acc_or": 0.6550150314966837, "sender_entropy": 1.3535850445429485, "receiver_entropy": 0.0, "original_loss": 0.9205331007639567, "mean_length": 6.0}
{"mode": "test", "epoch": 42, "loss": 6.888652324676514, "acc": 0.5763546824455261, "acc_or": 0.7586206793785095, "sender_entropy": 1.5452018976211548, "receiver_entropy": 0.0, "original_loss": 0.6845778822898865, "mean_length": 6.0}
{"mode": "train", "epoch": 43, "loss": 8.376379013061523, "acc": 0.44657901922861737, "acc_or": 0.6744949420293173, "sender_entropy": 1.3584270874659221, "receiver_entropy": 0.0, "original_loss": 0.8872397541999817, "mean_length": 6.0}
{"mode": "test", "epoch": 43, "loss": 6.912886619567871, "acc": 0.5615763664245605, "acc_or": 0.7709359526634216, "sender_entropy": 1.5372262001037598, "receiver_entropy": 0.0, "original_loss": 0.6497613191604614, "mean_length": 6.0}
{"mode": "train", "epoch": 44, "loss": 8.347125053405762, "acc": 0.4574514130751292, "acc_or": 0.6841857433319092, "sender_entropy": 1.3466875553131104, "receiver_entropy": 0.0, "original_loss": 0.8592076301574707, "mean_length": 6.0}
{"mode": "test", "epoch": 44, "loss": 6.934380531311035, "acc": 0.6403940916061401, "acc_or": 0.8103448152542114, "sender_entropy": 1.5227500200271606, "receiver_entropy": 0.0, "original_loss": 0.5920512080192566, "mean_length": 6.0}
{"mode": "train", "epoch": 45, "loss": 8.238555590311686, "acc": 0.47815654675165814, "acc_or": 0.6946900089581808, "sender_entropy": 1.3352022171020508, "receiver_entropy": 0.0, "original_loss": 0.8366241057713827, "mean_length": 6.0}
{"mode": "test", "epoch": 45, "loss": 6.906825065612793, "acc": 0.6748768091201782, "acc_or": 0.825123131275177, "sender_entropy": 1.5153306722640991, "receiver_entropy": 0.0, "original_loss": 0.5590458512306213, "mean_length": 6.0}
{"mode": "train", "epoch": 46, "loss": 8.175669034322103, "acc": 0.48502201835314435, "acc_or": 0.6990912556648254, "sender_entropy": 1.3331813017527263, "receiver_entropy": 0.0, "original_loss": 0.8173236052195231, "mean_length": 6.0}
{"mode": "test", "epoch": 46, "loss": 6.820743560791016, "acc": 0.6650246381759644, "acc_or": 0.8226600885391235, "sender_entropy": 1.5162676572799683, "receiver_entropy": 0.0, "original_loss": 0.5369278192520142, "mean_length": 6.0}
{"mode": "train", "epoch": 47, "loss": 8.272230466206869, "acc": 0.5133282542228699, "acc_or": 0.7210182547569275, "sender_entropy": 1.3215198914210002, "receiver_entropy": 0.0, "original_loss": 0.7673450509707133, "mean_length": 6.0}
{"mode": "test", "epoch": 47, "loss": 6.811759948730469, "acc": 0.6896551847457886, "acc_or": 0.8399014472961426, "sender_entropy": 1.5013264417648315, "receiver_entropy": 0.0, "original_loss": 0.492061585187912, "mean_length": 6.0}
{"mode": "train", "epoch": 48, "loss": 8.175912857055664, "acc": 0.5243825316429138, "acc_or": 0.7285032471021017, "sender_entropy": 1.3052107095718384, "receiver_entropy": 0.0, "original_loss": 0.7402342557907104, "mean_length": 6.0}
{"mode": "test", "epoch": 48, "loss": 6.801796913146973, "acc": 0.7980295419692993, "acc_or": 0.894088625907898, "sender_entropy": 1.477855920791626, "receiver_entropy": 0.0, "original_loss": 0.4396805763244629, "mean_length": 6.0}
{"mode": "train", "epoch": 49, "loss": 8.114780108133951, "acc": 0.5514329671859741, "acc_or": 0.7465750177701315, "sender_entropy": 1.2671558062235515, "receiver_entropy": 0.0, "original_loss": 0.6990445454915365, "mean_length": 6.0}
{"mode": "test", "epoch": 49, "loss": 6.387142181396484, "acc": 0.7290640473365784, "acc_or": 0.8571428656578064, "sender_entropy": 1.4467108249664307, "receiver_entropy": 0.0, "original_loss": 0.4719570577144623, "mean_length": 6.0}
{"mode": "train", "epoch": 50, "loss": 8.085056940714518, "acc": 0.579777459303538, "acc_or": 0.7664314309755961, "sender_entropy": 1.2525862852732341, "receiver_entropy": 0.0, "original_loss": 0.6563813289006551, "mean_length": 6.0}
{"mode": "test", "epoch": 50, "loss": 6.34281587600708, "acc": 0.7733989953994751, "acc_or": 0.8817734122276306, "sender_entropy": 1.4233158826828003, "receiver_entropy": 0.0, "original_loss": 0.41636356711387634, "mean_length": 6.0}
{"mode": "train", "epoch": 51, "loss": 7.972731272379558, "acc": 0.592968761920929, "acc_or": 0.7736140290896097, "sender_entropy": 1.2435520490010579, "receiver_entropy": 0.0, "original_loss": 0.6405715743700663, "mean_length": 6.0}
{"mode": "test", "epoch": 51, "loss": 6.262601375579834, "acc": 0.8029556274414062, "acc_or": 0.8916255831718445, "sender_entropy": 1.4242829084396362, "receiver_entropy": 0.0, "original_loss": 0.3898767828941345, "mean_length": 6.0}
{"mode": "train", "epoch": 52, "loss": 7.8156328201293945, "acc": 0.6055432756741842, "acc_or": 0.7792962392171224, "sender_entropy": 1.2341787020365398, "receiver_entropy": 0.0, "original_loss": 0.6332663297653198, "mean_length": 6.0}
{"mode": "test", "epoch": 52, "loss": 6.199440002441406, "acc": 0.7881773114204407, "acc_or": 0.8866994976997375, "sender_entropy": 1.4319156408309937, "receiver_entropy": 0.0, "original_loss": 0.3861439824104309, "mean_length": 6.0}
{"mode": "train", "epoch": 53, "loss": 7.833510239919026, "acc": 0.6236596703529358, "acc_or": 0.7881436745325724, "sender_entropy": 1.2465506792068481, "receiver_entropy": 0.0, "original_loss": 0.6143821676572164, "mean_length": 6.0}
{"mode": "test", "epoch": 53, "loss": 6.313192844390869, "acc": 0.8275861740112305, "acc_or": 0.9064038991928101, "sender_entropy": 1.4501125812530518, "receiver_entropy": 0.0, "original_loss": 0.356428325176239, "mean_length": 6.0}
{"mode": "train", "epoch": 54, "loss": 7.782893021901448, "acc": 0.6178915898005167, "acc_or": 0.7874090671539307, "sender_entropy": 1.2621550957361858, "receiver_entropy": 0.0, "original_loss": 0.6044479012489319, "mean_length": 6.0}
{"mode": "test", "epoch": 54, "loss": 6.282103538513184, "acc": 0.8522167205810547, "acc_or": 0.9211822748184204, "sender_entropy": 1.4377723932266235, "receiver_entropy": 0.0, "original_loss": 0.33267298340797424, "mean_length": 6.0}
{"mode": "train", "epoch": 55, "loss": 7.727804342905681, "acc": 0.6281370917956034, "acc_or": 0.7923835118611654, "sender_entropy": 1.2641159693400066, "receiver_entropy": 0.0, "original_loss": 0.5923897822697958, "mean_length": 6.0}
{"mode": "test", "epoch": 55, "loss": 6.128804683685303, "acc": 0.8374384045600891, "acc_or": 0.9187191724777222, "sender_entropy": 1.4315259456634521, "receiver_entropy": 0.0, "original_loss": 0.34247615933418274, "mean_length": 6.0}
{"mode": "train", "epoch": 56, "loss": 7.697986920674642, "acc": 0.6489408810933431, "acc_or": 0.8055895964304606, "sender_entropy": 1.2430565754572551, "receiver_entropy": 0.0, "original_loss": 0.5588284134864807, "mean_length": 6.0}
{"mode": "test", "epoch": 56, "loss": 5.823657512664795, "acc": 0.8128078579902649, "acc_or": 0.8990147709846497, "sender_entropy": 1.4015189409255981, "receiver_entropy": 0.0, "original_loss": 0.3425505757331848, "mean_length": 6.0}
{"mode": "train", "epoch": 57, "loss": 7.609364668528239, "acc": 0.6645424167315165, "acc_or": 0.8132094542185465, "sender_entropy": 1.2262564897537231, "receiver_entropy": 0.0, "original_loss": 0.5390836000442505, "mean_length": 6.0}
{"mode": "test", "epoch": 57, "loss": 5.935761451721191, "acc": 0.8522167205810547, "acc_or": 0.9236453175544739, "sender_entropy": 1.4028745889663696, "receiver_entropy": 0.0, "original_loss": 0.3075575530529022, "mean_length": 6.0}
{"mode": "train", "epoch": 58, "loss": 7.451753298441569, "acc": 0.6684184670448303, "acc_or": 0.8178603847821554, "sender_entropy": 1.2237187623977661, "receiver_entropy": 0.0, "original_loss": 0.5245731671651205, "mean_length": 6.0}
{"mode": "test", "epoch": 58, "loss": 5.912130355834961, "acc": 0.842364490032196, "acc_or": 0.9211822748184204, "sender_entropy": 1.391974687576294, "receiver_entropy": 0.0, "original_loss": 0.2758304178714752, "mean_length": 6.0}
{"mode": "train", "epoch": 59, "loss": 7.422864596048991, "acc": 0.6826675335566202, "acc_or": 0.8260383208592733, "sender_entropy": 1.2129427591959636, "receiver_entropy": 0.0, "original_loss": 0.5060003499190012, "mean_length": 6.0}
{"mode": "test", "epoch": 59, "loss": 5.856076240539551, "acc": 0.9162561297416687, "acc_or": 0.9556649923324585, "sender_entropy": 1.382519245147705, "receiver_entropy": 0.0, "original_loss": 0.24766463041305542, "mean_length": 6.0}
{"mode": "train", "epoch": 60, "loss": 7.320972760518392, "acc": 0.6939661304155985, "acc_or": 0.8320900201797485, "sender_entropy": 1.1998083591461182, "receiver_entropy": 0.0, "original_loss": 0.4876606861750285, "mean_length": 6.0}
{"mode": "test", "epoch": 60, "loss": 5.634151458740234, "acc": 0.9310344457626343, "acc_or": 0.9655172228813171, "sender_entropy": 1.3671907186508179, "receiver_entropy": 0.0, "original_loss": 0.24640147387981415, "mean_length": 6.0}
{"mode": "train", "epoch": 61, "loss": 7.246603171030681, "acc": 0.7100159923235575, "acc_or": 0.8417942126592001, "sender_entropy": 1.1861013571421306, "receiver_entropy": 0.0, "original_loss": 0.46541757384936017, "mean_length": 6.0}
{"mode": "test", "epoch": 61, "loss": 5.375950813293457, "acc": 0.8472906351089478, "acc_or": 0.9187191724777222, "sender_entropy": 1.3552424907684326, "receiver_entropy": 0.0, "original_loss": 0.27819883823394775, "mean_length": 6.0}
{"mode": "train", "epoch": 62, "loss": 7.079405784606934, "acc": 0.6961185932159424, "acc_or": 0.8351555864016215, "sender_entropy": 1.178834040959676, "receiver_entropy": 0.0, "original_loss": 0.4699043929576874, "mean_length": 6.0}
{"mode": "test", "epoch": 62, "loss": 5.523628234863281, "acc": 0.8965517282485962, "acc_or": 0.9433497190475464, "sender_entropy": 1.356465220451355, "receiver_entropy": 0.0, "original_loss": 0.22893206775188446, "mean_length": 6.0}
{"mode": "train", "epoch": 63, "loss": 7.011681079864502, "acc": 0.7159894506136576, "acc_or": 0.84375, "sender_entropy": 1.1778348286946614, "receiver_entropy": 0.0, "original_loss": 0.4529015024503072, "mean_length": 6.0}
{"mode": "test", "epoch": 63, "loss": 5.394113540649414, "acc": 0.9113300442695618, "acc_or": 0.953201949596405, "sender_entropy": 1.3490877151489258, "receiver_entropy": 0.0, "original_loss": 0.23309649527072906, "mean_length": 6.0}
{"mode": "train", "epoch": 64, "loss": 6.944388071695964, "acc": 0.7313473423322042, "acc_or": 0.8520528078079224, "sender_entropy": 1.1636643409729004, "receiver_entropy": 0.0, "original_loss": 0.4349897901217143, "mean_length": 6.0}
{"mode": "test", "epoch": 64, "loss": 5.245760917663574, "acc": 0.8866994976997375, "acc_or": 0.9384236335754395, "sender_entropy": 1.335929036140442, "receiver_entropy": 0.0, "original_loss": 0.2406001091003418, "mean_length": 6.0}
{"mode": "train", "epoch": 65, "loss": 6.881002267201741, "acc": 0.7291022340456644, "acc_or": 0.8531411488850912, "sender_entropy": 1.1554979880650837, "receiver_entropy": 0.0, "original_loss": 0.4207904438177745, "mean_length": 6.0}
{"mode": "test", "epoch": 65, "loss": 5.157069206237793, "acc": 0.9064038991928101, "acc_or": 0.9507389068603516, "sender_entropy": 1.3236027956008911, "receiver_entropy": 0.0, "original_loss": 0.22497716546058655, "mean_length": 6.0}
{"mode": "train", "epoch": 66, "loss": 6.8779293696085615, "acc": 0.7436486681302389, "acc_or": 0.8631805976231893, "sender_entropy": 1.1546559731165569, "receiver_entropy": 0.0, "original_loss": 0.40225069721539813, "mean_length": 6.0}
{"mode": "test", "epoch": 66, "loss": 5.177587509155273, "acc": 0.8965517282485962, "acc_or": 0.9458128213882446, "sender_entropy": 1.327239751815796, "receiver_entropy": 0.0, "original_loss": 0.19933545589447021, "mean_length": 6.0}
{"mode": "train", "epoch": 67, "loss": 6.808910846710205, "acc": 0.7502657969792684, "acc_or": 0.8652340571085612, "sender_entropy": 1.153390367825826, "receiver_entropy": 0.0, "original_loss": 0.3929832379023234, "mean_length": 6.0}
{"mode": "test", "epoch": 67, "loss": 5.145708084106445, "acc": 0.9113300442695618, "acc_or": 0.953201949596405, "sender_entropy": 1.3354395627975464, "receiver_entropy": 0.0, "original_loss": 0.1964031308889389, "mean_length": 6.0}
{"mode": "train", "epoch": 68, "loss": 6.807370503743489, "acc": 0.7694836060206095, "acc_or": 0.8750382661819458, "sender_entropy": 1.1533774534861247, "receiver_entropy": 0.0, "original_loss": 0.37805306911468506, "mean_length": 6.0}
{"mode": "test", "epoch": 68, "loss": 5.1184868812561035, "acc": 0.9458128213882446, "acc_or": 0.9704433083534241, "sender_entropy": 1.3259921073913574, "receiver_entropy": 0.0, "original_loss": 0.17668195068836212, "mean_length": 6.0}
{"mode": "train", "epoch": 69, "loss": 6.5367326736450195, "acc": 0.7507014075915018, "acc_or": 0.865362266699473, "sender_entropy": 1.1498915354410808, "receiver_entropy": 0.0, "original_loss": 0.3952028254667918, "mean_length": 6.0}
{"mode": "test", "epoch": 69, "loss": 5.104488372802734, "acc": 0.9507389068603516, "acc_or": 0.9753694534301758, "sender_entropy": 1.3150266408920288, "receiver_entropy": 0.0, "original_loss": 0.15088573098182678, "mean_length": 6.0}
{"mode": "train", "epoch": 70, "loss": 6.554994583129883, "acc": 0.7652585506439209, "acc_or": 0.8729818065961202, "sender_entropy": 1.1392818291982014, "receiver_entropy": 0.0, "original_loss": 0.3746473689874013, "mean_length": 6.0}
{"mode": "test", "epoch": 70, "loss": 5.07736349105835, "acc": 0.9605911374092102, "acc_or": 0.9802955389022827, "sender_entropy": 1.3089382648468018, "receiver_entropy": 0.0, "original_loss": 0.14170897006988525, "mean_length": 6.0}
{"mode": "train", "epoch": 71, "loss": 6.617182890574138, "acc": 0.78004523118337, "acc_or": 0.8820064266522726, "sender_entropy": 1.147597114245097, "receiver_entropy": 0.0, "original_loss": 0.349755197763443, "mean_length": 6.0}
{"mode": "test", "epoch": 71, "loss": 5.084170341491699, "acc": 0.9901477694511414, "acc_or": 0.9950738549232483, "sender_entropy": 1.3057129383087158, "receiver_entropy": 0.0, "original_loss": 0.11813683807849884, "mean_length": 6.0}
{"mode": "train", "epoch": 72, "loss": 6.509829044342041, "acc": 0.7827292879422506, "acc_or": 0.8844317197799683, "sender_entropy": 1.1453654766082764, "receiver_entropy": 0.0, "original_loss": 0.35107261935869855, "mean_length": 6.0}
{"mode": "test", "epoch": 72, "loss": 4.903889179229736, "acc": 0.9507389068603516, "acc_or": 0.9729064106941223, "sender_entropy": 1.2967132329940796, "receiver_entropy": 0.0, "original_loss": 0.14485113322734833, "mean_length": 6.0}
{"mode": "train", "epoch": 73, "loss": 6.4686408042907715, "acc": 0.7922418912251791, "acc_or": 0.888192335764567, "sender_entropy": 1.1394589344660442, "receiver_entropy": 0.0, "original_loss": 0.33480727672576904, "mean_length": 6.0}
{"mode": "test", "epoch": 73, "loss": 4.923712253570557, "acc": 0.9605911374092102, "acc_or": 0.9802955389022827, "sender_entropy": 1.3022445440292358, "receiver_entropy": 0.0, "original_loss": 0.13196104764938354, "mean_length": 6.0}
{"mode": "train", "epoch": 74, "loss": 6.377119382222493, "acc": 0.7889047861099243, "acc_or": 0.8874634504318237, "sender_entropy": 1.1410841941833496, "receiver_entropy": 0.0, "original_loss": 0.3342671791712443, "mean_length": 6.0}
{"mode": "test", "epoch": 74, "loss": 4.95653772354126, "acc": 0.9753694534301758, "acc_or": 0.9876847267150879, "sender_entropy": 1.3093223571777344, "receiver_entropy": 0.0, "original_loss": 0.10937173664569855, "mean_length": 6.0}
{"mode": "train", "epoch": 75, "loss": 6.407609144846599, "acc": 0.8004940152168274, "acc_or": 0.8932345509529114, "sender_entropy": 1.1455867687861125, "receiver_entropy": 0.0, "original_loss": 0.31761693954467773, "mean_length": 6.0}
{"mode": "test", "epoch": 75, "loss": 4.84475564956665, "acc": 0.9556649923324585, "acc_or": 0.9778324961662292, "sender_entropy": 1.3064026832580566, "receiver_entropy": 0.0, "original_loss": 0.11955586075782776, "mean_length": 6.0}
{"mode": "train", "epoch": 76, "loss": 6.15814224878947, "acc": 0.7884597977002462, "acc_or": 0.8858727415402731, "sender_entropy": 1.1466850837071736, "receiver_entropy": 0.0, "original_loss": 0.33908291657765705, "mean_length": 6.0}
{"mode": "test", "epoch": 76, "loss": 4.777620792388916, "acc": 0.9507389068603516, "acc_or": 0.9753694534301758, "sender_entropy": 1.310901403427124, "receiver_entropy": 0.0, "original_loss": 0.1230769231915474, "mean_length": 6.0}
{"mode": "train", "epoch": 77, "loss": 6.187655448913574, "acc": 0.7988174160321554, "acc_or": 0.8922623594601949, "sender_entropy": 1.1452658971150715, "receiver_entropy": 0.0, "original_loss": 0.32342612743377686, "mean_length": 6.0}
{"mode": "test", "epoch": 77, "loss": 4.791775703430176, "acc": 0.9901477694511414, "acc_or": 0.9950738549232483, "sender_entropy": 1.3027970790863037, "receiver_entropy": 0.0, "original_loss": 0.0963144451379776, "mean_length": 6.0}
{"mode": "train", "epoch": 78, "loss": 6.0771708488464355, "acc": 0.808027962843577, "acc_or": 0.8974743882815043, "sender_entropy": 1.126765529314677, "receiver_entropy": 0.0, "original_loss": 0.3064800302187602, "mean_length": 6.0}
{"mode": "test", "epoch": 78, "loss": 4.539483547210693, "acc": 0.9507389068603516, "acc_or": 0.9753694534301758, "sender_entropy": 1.2758660316467285, "receiver_entropy": 0.0, "original_loss": 0.11906512081623077, "mean_length": 6.0}
{"mode": "train", "epoch": 79, "loss": 5.91792360941569, "acc": 0.8061654567718506, "acc_or": 0.8977837959925333, "sender_entropy": 1.1048161188761394, "receiver_entropy": 0.0, "original_loss": 0.30556806921958923, "mean_length": 6.0}
{"mode": "test", "epoch": 79, "loss": 4.470605373382568, "acc": 0.9802955389022827, "acc_or": 0.9901477694511414, "sender_entropy": 1.265033483505249, "receiver_entropy": 0.0, "original_loss": 0.10158824175596237, "mean_length": 6.0}
{"mode": "train", "epoch": 80, "loss": 5.764158725738525, "acc": 0.8022135496139526, "acc_or": 0.8933617472648621, "sender_entropy": 1.1018745104471843, "receiver_entropy": 0.0, "original_loss": 0.3117007811864217, "mean_length": 6.0}
{"mode": "test", "epoch": 80, "loss": 4.372221946716309, "acc": 0.9458128213882446, "acc_or": 0.9729064106941223, "sender_entropy": 1.2619596719741821, "receiver_entropy": 0.0, "original_loss": 0.11200246959924698, "mean_length": 6.0}
{"mode": "train", "epoch": 81, "loss": 5.793025175730388, "acc": 0.8179801901181539, "acc_or": 0.9039072593053182, "sender_entropy": 1.1015444199244182, "receiver_entropy": 0.0, "original_loss": 0.29187721014022827, "mean_length": 6.0}
{"mode": "test", "epoch": 81, "loss": 4.320908546447754, "acc": 0.9507389068603516, "acc_or": 0.9753694534301758, "sender_entropy": 1.251340389251709, "receiver_entropy": 0.0, "original_loss": 0.10963965952396393, "mean_length": 6.0}
{"mode": "train", "epoch": 82, "loss": 5.790983517964681, "acc": 0.8194399873415629, "acc_or": 0.9046814839045206, "sender_entropy": 1.1053669055302937, "receiver_entropy": 0.0, "original_loss": 0.28269197543462116, "mean_length": 6.0}
{"mode": "test", "epoch": 82, "loss": 4.364505767822266, "acc": 0.9605911374092102, "acc_or": 0.9802955389022827, "sender_entropy": 1.2614994049072266, "receiver_entropy": 0.0, "original_loss": 0.0947587862610817, "mean_length": 6.0}
{"mode": "train", "epoch": 83, "loss": 5.773070017496745, "acc": 0.8191990454991659, "acc_or": 0.903956929842631, "sender_entropy": 1.1061979134877522, "receiver_entropy": 0.0, "original_loss": 0.27840255697568256, "mean_length": 6.0}
{"mode": "test", "epoch": 83, "loss": 4.262223720550537, "acc": 0.9556649923324585, "acc_or": 0.9778324961662292, "sender_entropy": 1.2561596632003784, "receiver_entropy": 0.0, "original_loss": 0.09779013693332672, "mean_length": 6.0}
{"mode": "train", "epoch": 84, "loss": 5.775853633880615, "acc": 0.8294445474942526, "acc_or": 0.9098619421323141, "sender_entropy": 1.104367772738139, "receiver_entropy": 0.0, "original_loss": 0.2651766935984294, "mean_length": 6.0}
{"mode": "test", "epoch": 84, "loss": 4.302708625793457, "acc": 1.0, "acc_or": 1.0, "sender_entropy": 1.254697561264038, "receiver_entropy": 0.0, "original_loss": 0.0739760622382164, "mean_length": 6.0}
{"epoch": 84, "positional_disent": 0.07081342488527298, "bag_of_symbol_disent": 0.16880430281162262, "topographic_sim": 0.2425680702340533}
{"generalization hold out": {"acc": 0.9333333969116211, "acc_or": 0.9333333969116211}, "uniform holdout": {"acc": 0.3636363744735718, "acc_or": 0.6590909361839294}, "epoch": 84}
---End--
