nohup: ignoring input
{"mode": "train", "epoch": 1, "loss": -11.037371039390564, "acc": 0.004931808449327946, "acc_or": 0.06897853811581929, "sender_entropy": 2.301786263783773, "receiver_entropy": 0.0, "original_loss": 2.7618535359700522, "mean_length": 6.0}
{"mode": "test", "epoch": 1, "loss": 1.7452638149261475, "acc": 0.0, "acc_or": 0.05911330133676529, "sender_entropy": 2.3008713722229004, "receiver_entropy": 0.0, "original_loss": 2.7509870529174805, "mean_length": 6.0}
{"mode": "train", "epoch": 2, "loss": 1.8788493076960247, "acc": 0.004606287615994613, "acc_or": 0.07293646782636642, "sender_entropy": 2.3003641764322915, "receiver_entropy": 0.0, "original_loss": 2.736234188079834, "mean_length": 6.0}
{"mode": "test", "epoch": 2, "loss": 1.8921241760253906, "acc": 0.004926108289510012, "acc_or": 0.09359605610370636, "sender_entropy": 2.300034523010254, "receiver_entropy": 0.0, "original_loss": 2.725069046020508, "mean_length": 6.0}
{"mode": "train", "epoch": 3, "loss": 1.9608316818873088, "acc": 0.004085454391315579, "acc_or": 0.07087662816047668, "sender_entropy": 2.2999460697174072, "receiver_entropy": 0.0, "original_loss": 2.7167395750681558, "mean_length": 6.0}
{"mode": "test", "epoch": 3, "loss": 2.055649757385254, "acc": 0.014778325334191322, "acc_or": 0.13300491869449615, "sender_entropy": 2.300180673599243, "receiver_entropy": 0.0, "original_loss": 2.6999800205230713, "mean_length": 6.0}
{"mode": "train", "epoch": 4, "loss": 1.930763840675354, "acc": 0.003765302865455548, "acc_or": 0.07158572723468144, "sender_entropy": 2.30023725827535, "receiver_entropy": 0.0, "original_loss": 2.7086108525594077, "mean_length": 6.0}
{"mode": "test", "epoch": 4, "loss": 2.113151788711548, "acc": 0.009852216579020023, "acc_or": 0.11330048739910126, "sender_entropy": 2.3003201484680176, "receiver_entropy": 0.0, "original_loss": 2.6872642040252686, "mean_length": 6.0}
{"mode": "train", "epoch": 5, "loss": 1.8561139106750488, "acc": 0.005020403924087684, "acc_or": 0.0739130328098933, "sender_entropy": 2.30040709177653, "receiver_entropy": 0.0, "original_loss": 2.7075002193450928, "mean_length": 6.0}
{"mode": "test", "epoch": 5, "loss": 2.1314661502838135, "acc": 0.004926108289510012, "acc_or": 0.08374384045600891, "sender_entropy": 2.300138235092163, "receiver_entropy": 0.0, "original_loss": 2.6804964542388916, "mean_length": 6.0}
{"mode": "train", "epoch": 6, "loss": 1.8145490090052288, "acc": 0.0058795105045040446, "acc_or": 0.07598394900560379, "sender_entropy": 2.300363620122274, "receiver_entropy": 0.0, "original_loss": 2.706176201502482, "mean_length": 6.0}
{"mode": "test", "epoch": 6, "loss": 2.2790658473968506, "acc": 0.03448275849223137, "acc_or": 0.17733989655971527, "sender_entropy": 2.2999842166900635, "receiver_entropy": 0.0, "original_loss": 2.6643738746643066, "mean_length": 6.0}
{"mode": "train", "epoch": 7, "loss": 1.776543140411377, "acc": 0.005986227498700221, "acc_or": 0.07438956449429195, "sender_entropy": 2.300343116124471, "receiver_entropy": 0.0, "original_loss": 2.7058876355489097, "mean_length": 6.0}
{"mode": "test", "epoch": 7, "loss": 2.371440887451172, "acc": 0.019704433158040047, "acc_or": 0.1551724076271057, "sender_entropy": 2.299978494644165, "receiver_entropy": 0.0, "original_loss": 2.654151678085327, "mean_length": 6.0}
{"mode": "train", "epoch": 8, "loss": 1.7579497893651326, "acc": 0.006413096096366644, "acc_or": 0.07936231791973114, "sender_entropy": 2.3003455797831216, "receiver_entropy": 0.0, "original_loss": 2.7048590183258057, "mean_length": 6.0}
{"mode": "test", "epoch": 8, "loss": 2.4862465858459473, "acc": 0.02463054098188877, "acc_or": 0.20689654350280762, "sender_entropy": 2.2999093532562256, "receiver_entropy": 0.0, "original_loss": 2.6423494815826416, "mean_length": 6.0}
{"mode": "train", "epoch": 9, "loss": 1.7458667357762654, "acc": 0.005447272288923462, "acc_or": 0.07880255579948425, "sender_entropy": 2.300253391265869, "receiver_entropy": 0.0, "original_loss": 2.703772862752279, "mean_length": 6.0}
{"mode": "test", "epoch": 9, "loss": 2.6527647972106934, "acc": 0.054187189787626266, "acc_or": 0.28817734122276306, "sender_entropy": 2.299591541290283, "receiver_entropy": 0.0, "original_loss": 2.6266374588012695, "mean_length": 6.0}
{"mode": "train", "epoch": 10, "loss": 1.731021563212077, "acc": 0.006738616774479548, "acc_or": 0.08148893962303798, "sender_entropy": 2.299882173538208, "receiver_entropy": 0.0, "original_loss": 2.7031675974527993, "mean_length": 6.0}
{"mode": "test", "epoch": 10, "loss": 2.9237213134765625, "acc": 0.03448275849223137, "acc_or": 0.29064038395881653, "sender_entropy": 2.298919916152954, "receiver_entropy": 0.0, "original_loss": 2.601466178894043, "mean_length": 6.0}
{"mode": "train", "epoch": 11, "loss": 1.740165114402771, "acc": 0.0076554448654254275, "acc_or": 0.08843730141719182, "sender_entropy": 2.2990413506825766, "receiver_entropy": 0.0, "original_loss": 2.700860023498535, "mean_length": 6.0}
{"mode": "test", "epoch": 11, "loss": 3.252685785293579, "acc": 0.019704433158040047, "acc_or": 0.2807881832122803, "sender_entropy": 2.2975897789001465, "receiver_entropy": 0.0, "original_loss": 2.5701897144317627, "mean_length": 6.0}
{"mode": "train", "epoch": 12, "loss": 1.7731929620107014, "acc": 0.0073245543365677195, "acc_or": 0.08903599033753078, "sender_entropy": 2.2972401777903237, "receiver_entropy": 0.0, "original_loss": 2.6965091228485107, "mean_length": 6.0}
{"mode": "test", "epoch": 12, "loss": 3.637129306793213, "acc": 0.019704433158040047, "acc_or": 0.25615763664245605, "sender_entropy": 2.2942211627960205, "receiver_entropy": 0.0, "original_loss": 2.5296807289123535, "mean_length": 6.0}
{"mode": "train", "epoch": 13, "loss": 1.8481858571370442, "acc": 0.009988456033170223, "acc_or": 0.10222931702931722, "sender_entropy": 2.2919491132100425, "receiver_entropy": 0.0, "original_loss": 2.6882081826527915, "mean_length": 6.0}
{"mode": "test", "epoch": 13, "loss": 4.041075706481934, "acc": 0.019704433158040047, "acc_or": 0.24876846373081207, "sender_entropy": 2.2824275493621826, "receiver_entropy": 0.0, "original_loss": 2.4731335639953613, "mean_length": 6.0}
{"mode": "train", "epoch": 14, "loss": 2.143114924430847, "acc": 0.01217313731710116, "acc_or": 0.11811876048644383, "sender_entropy": 2.2708044052124023, "receiver_entropy": 0.0, "original_loss": 2.659480889638265, "mean_length": 6.0}
{"mode": "test", "epoch": 14, "loss": 4.1334733963012695, "acc": 0.014778325334191322, "acc_or": 0.2216748744249344, "sender_entropy": 2.2270495891571045, "receiver_entropy": 0.0, "original_loss": 2.403459072113037, "mean_length": 6.0}
{"mode": "train", "epoch": 15, "loss": 3.0981384913126626, "acc": 0.019289627050360043, "acc_or": 0.1571034093697866, "sender_entropy": 2.1796820163726807, "receiver_entropy": 0.0, "original_loss": 2.5584691365559897, "mean_length": 6.0}
{"mode": "test", "epoch": 15, "loss": 3.2361788749694824, "acc": 0.014778325334191322, "acc_or": 0.20443350076675415, "sender_entropy": 2.0875558853149414, "receiver_entropy": 0.0, "original_loss": 2.3897180557250977, "mean_length": 6.0}
{"mode": "train", "epoch": 16, "loss": 4.092557430267334, "acc": 0.020450763404369354, "acc_or": 0.18805070718129477, "sender_entropy": 2.071620066960653, "receiver_entropy": 0.0, "original_loss": 2.4290084838867188, "mean_length": 6.0}
{"mode": "test", "epoch": 16, "loss": 3.4611496925354004, "acc": 0.014778325334191322, "acc_or": 0.22906403243541718, "sender_entropy": 2.119541883468628, "receiver_entropy": 0.0, "original_loss": 2.3578903675079346, "mean_length": 6.0}
{"mode": "train", "epoch": 17, "loss": 4.508379618326823, "acc": 0.02397914044559002, "acc_or": 0.20000839730103812, "sender_entropy": 2.067627271016439, "receiver_entropy": 0.0, "original_loss": 2.368141015370687, "mean_length": 6.0}
{"mode": "test", "epoch": 17, "loss": 3.76415753364563, "acc": 0.02463054098188877, "acc_or": 0.24384236335754395, "sender_entropy": 2.091036319732666, "receiver_entropy": 0.0, "original_loss": 2.3002443313598633, "mean_length": 6.0}
{"mode": "train", "epoch": 18, "loss": 4.768216609954834, "acc": 0.030178802087903023, "acc_or": 0.21430010596911112, "sender_entropy": 2.014849583307902, "receiver_entropy": 0.0, "original_loss": 2.312743902206421, "mean_length": 6.0}
{"mode": "test", "epoch": 18, "loss": 4.769890785217285, "acc": 0.03940886631608009, "acc_or": 0.2733989953994751, "sender_entropy": 2.0629982948303223, "receiver_entropy": 0.0, "original_loss": 2.1557838916778564, "mean_length": 6.0}
{"mode": "train", "epoch": 19, "loss": 5.11424462000529, "acc": 0.03153323816756407, "acc_or": 0.22389122347036997, "sender_entropy": 1.9831901788711548, "receiver_entropy": 0.0, "original_loss": 2.2560571829477944, "mean_length": 6.0}
{"mode": "test", "epoch": 19, "loss": 5.123723983764648, "acc": 0.054187189787626266, "acc_or": 0.2931034564971924, "sender_entropy": 2.0244200229644775, "receiver_entropy": 0.0, "original_loss": 2.0701904296875, "mean_length": 6.0}
{"mode": "train", "epoch": 20, "loss": 5.400158882141113, "acc": 0.04278417800863584, "acc_or": 0.2462122142314911, "sender_entropy": 1.9350080490112305, "receiver_entropy": 0.0, "original_loss": 2.1919760704040527, "mean_length": 6.0}
{"mode": "test", "epoch": 20, "loss": 5.396385192871094, "acc": 0.03940886631608009, "acc_or": 0.3054186999797821, "sender_entropy": 1.9972217082977295, "receiver_entropy": 0.0, "original_loss": 2.0133309364318848, "mean_length": 6.0}
{"mode": "train", "epoch": 21, "loss": 5.610422770182292, "acc": 0.0529572069644928, "acc_or": 0.26606831947962445, "sender_entropy": 1.9203339417775471, "receiver_entropy": 0.0, "original_loss": 2.1427491505940757, "mean_length": 6.0}
{"mode": "test", "epoch": 21, "loss": 5.927555084228516, "acc": 0.06403940916061401, "acc_or": 0.3300492465496063, "sender_entropy": 1.9760758876800537, "receiver_entropy": 0.0, "original_loss": 1.8961126804351807, "mean_length": 6.0}
{"mode": "train", "epoch": 22, "loss": 6.048754533131917, "acc": 0.05768430605530739, "acc_or": 0.2881101071834564, "sender_entropy": 1.8726342121760051, "receiver_entropy": 0.0, "original_loss": 2.063785950342814, "mean_length": 6.0}
{"mode": "test", "epoch": 22, "loss": 6.233160018920898, "acc": 0.07881773263216019, "acc_or": 0.3694581091403961, "sender_entropy": 1.9634482860565186, "receiver_entropy": 0.0, "original_loss": 1.8124574422836304, "mean_length": 6.0}
{"mode": "train", "epoch": 23, "loss": 6.44779904683431, "acc": 0.0700185274084409, "acc_or": 0.3052801589171092, "sender_entropy": 1.8536380926767986, "receiver_entropy": 0.0, "original_loss": 1.9910379648208618, "mean_length": 6.0}
{"mode": "test", "epoch": 23, "loss": 6.154387950897217, "acc": 0.08374384045600891, "acc_or": 0.3448275923728943, "sender_entropy": 1.9361910820007324, "receiver_entropy": 0.0, "original_loss": 1.7727781534194946, "mean_length": 6.0}
{"mode": "train", "epoch": 24, "loss": 6.842499574025472, "acc": 0.09201031178236008, "acc_or": 0.3328974147637685, "sender_entropy": 1.8101991415023804, "receiver_entropy": 0.0, "original_loss": 1.9066951672236125, "mean_length": 6.0}
{"mode": "test", "epoch": 24, "loss": 6.724043846130371, "acc": 0.12807881832122803, "acc_or": 0.42610836029052734, "sender_entropy": 1.8850611448287964, "receiver_entropy": 0.0, "original_loss": 1.6276676654815674, "mean_length": 6.0}
{"mode": "train", "epoch": 25, "loss": 7.432364781697591, "acc": 0.10674600303173065, "acc_or": 0.3581024507681529, "sender_entropy": 1.7236801385879517, "receiver_entropy": 0.0, "original_loss": 1.788867672284444, "mean_length": 6.0}
{"mode": "test", "epoch": 25, "loss": 6.517712116241455, "acc": 0.13300491869449615, "acc_or": 0.43349751830101013, "sender_entropy": 1.8053878545761108, "receiver_entropy": 0.0, "original_loss": 1.564932942390442, "mean_length": 6.0}
{"mode": "train", "epoch": 26, "loss": 7.789611021677653, "acc": 0.12631215651830038, "acc_or": 0.38829904794692993, "sender_entropy": 1.649806062380473, "receiver_entropy": 0.0, "original_loss": 1.6876325209935505, "mean_length": 6.0}
{"mode": "test", "epoch": 26, "loss": 6.164941787719727, "acc": 0.12807881832122803, "acc_or": 0.41379308700561523, "sender_entropy": 1.745110034942627, "receiver_entropy": 0.0, "original_loss": 1.5358612537384033, "mean_length": 6.0}
{"mode": "train", "epoch": 27, "loss": 7.940550645192464, "acc": 0.14300701518853506, "acc_or": 0.4123191237449646, "sender_entropy": 1.608620246251424, "receiver_entropy": 0.0, "original_loss": 1.6117732524871826, "mean_length": 6.0}
{"mode": "test", "epoch": 27, "loss": 6.82337760925293, "acc": 0.18719211220741272, "acc_or": 0.4950738847255707, "sender_entropy": 1.7299531698226929, "receiver_entropy": 0.0, "original_loss": 1.360088586807251, "mean_length": 6.0}
{"mode": "train", "epoch": 28, "loss": 8.151199658711752, "acc": 0.15595737099647522, "acc_or": 0.43028753995895386, "sender_entropy": 1.5737193028132122, "receiver_entropy": 0.0, "original_loss": 1.5297736724217732, "mean_length": 6.0}
{"mode": "test", "epoch": 28, "loss": 6.705697059631348, "acc": 0.24137930572032928, "acc_or": 0.5221675038337708, "sender_entropy": 1.6966254711151123, "receiver_entropy": 0.0, "original_loss": 1.331181287765503, "mean_length": 6.0}
{"mode": "train", "epoch": 29, "loss": 8.199377377827963, "acc": 0.17096287508805594, "acc_or": 0.45050573348999023, "sender_entropy": 1.5460052887598674, "receiver_entropy": 0.0, "original_loss": 1.472935438156128, "mean_length": 6.0}
{"mode": "test", "epoch": 29, "loss": 6.5537848472595215, "acc": 0.19704432785511017, "acc_or": 0.5073891282081604, "sender_entropy": 1.6886894702911377, "receiver_entropy": 0.0, "original_loss": 1.309735655784607, "mean_length": 6.0}
{"mode": "train", "epoch": 30, "loss": 8.301189740498861, "acc": 0.1821648230155309, "acc_or": 0.46768417954444885, "sender_entropy": 1.5262544949849446, "receiver_entropy": 0.0, "original_loss": 1.4173258145650227, "mean_length": 6.0}
{"mode": "test", "epoch": 30, "loss": 6.94922399520874, "acc": 0.24137930572032928, "acc_or": 0.5517241358757019, "sender_entropy": 1.6648693084716797, "receiver_entropy": 0.0, "original_loss": 1.1798955202102661, "mean_length": 6.0}
{"mode": "train", "epoch": 31, "loss": 8.420940081278482, "acc": 0.20659767091274261, "acc_or": 0.4935808678468068, "sender_entropy": 1.5019822120666504, "receiver_entropy": 0.0, "original_loss": 1.3500068187713623, "mean_length": 6.0}
{"mode": "test", "epoch": 31, "loss": 6.988630771636963, "acc": 0.2660098373889923, "acc_or": 0.5763546824455261, "sender_entropy": 1.648212194442749, "receiver_entropy": 0.0, "original_loss": 1.1031118631362915, "mean_length": 6.0}
{"mode": "train", "epoch": 32, "loss": 8.499702453613281, "acc": 0.22924184302488962, "acc_or": 0.5159596006075541, "sender_entropy": 1.471819003423055, "receiver_entropy": 0.0, "original_loss": 1.2904592355092366, "mean_length": 6.0}
{"mode": "test", "epoch": 32, "loss": 6.8703131675720215, "acc": 0.3103448152542114, "acc_or": 0.6059113144874573, "sender_entropy": 1.6275871992111206, "receiver_entropy": 0.0, "original_loss": 1.0661540031433105, "mean_length": 6.0}
{"mode": "train", "epoch": 33, "loss": 8.596518198649088, "acc": 0.24258886774381003, "acc_or": 0.5294291178385416, "sender_entropy": 1.4455106258392334, "receiver_entropy": 0.0, "original_loss": 1.2269770701726277, "mean_length": 6.0}
{"mode": "test", "epoch": 33, "loss": 6.878574848175049, "acc": 0.29556649923324585, "acc_or": 0.6034482717514038, "sender_entropy": 1.6137478351593018, "receiver_entropy": 0.0, "original_loss": 1.0138975381851196, "mean_length": 6.0}
{"mode": "train", "epoch": 34, "loss": 8.508559862772623, "acc": 0.2542465527852376, "acc_or": 0.5427056749661764, "sender_entropy": 1.4315044085184734, "receiver_entropy": 0.0, "original_loss": 1.1916485627492268, "mean_length": 6.0}
{"mode": "test", "epoch": 34, "loss": 6.858788967132568, "acc": 0.3103448152542114, "acc_or": 0.6034482717514038, "sender_entropy": 1.6055594682693481, "receiver_entropy": 0.0, "original_loss": 0.9777480959892273, "mean_length": 6.0}
{"mode": "train", "epoch": 35, "loss": 8.46229108174642, "acc": 0.2782008449236552, "acc_or": 0.5563382903734843, "sender_entropy": 1.4262810150782268, "receiver_entropy": 0.0, "original_loss": 1.1600875457127888, "mean_length": 6.0}
{"mode": "test", "epoch": 35, "loss": 7.178908824920654, "acc": 0.37438422441482544, "acc_or": 0.6600984930992126, "sender_entropy": 1.6031523942947388, "receiver_entropy": 0.0, "original_loss": 0.8751307725906372, "mean_length": 6.0}
{"mode": "train", "epoch": 36, "loss": 8.446708997090658, "acc": 0.30057184894879657, "acc_or": 0.5733680526415507, "sender_entropy": 1.4077532291412354, "receiver_entropy": 0.0, "original_loss": 1.1131860415140789, "mean_length": 6.0}
{"mode": "test", "epoch": 36, "loss": 6.803019046783447, "acc": 0.3694581091403961, "acc_or": 0.6625615358352661, "sender_entropy": 1.5696585178375244, "receiver_entropy": 0.0, "original_loss": 0.8611165285110474, "mean_length": 6.0}
{"mode": "train", "epoch": 37, "loss": 8.433695475260416, "acc": 0.3213857114315033, "acc_or": 0.5935382843017578, "sender_entropy": 1.3693885803222656, "receiver_entropy": 0.0, "original_loss": 1.0576430161794026, "mean_length": 6.0}
{"mode": "test", "epoch": 37, "loss": 6.322358131408691, "acc": 0.3448275923728943, "acc_or": 0.6527093648910522, "sender_entropy": 1.546771764755249, "receiver_entropy": 0.0, "original_loss": 0.9169663190841675, "mean_length": 6.0}
{"mode": "train", "epoch": 38, "loss": 8.273630777994791, "acc": 0.3223750392595927, "acc_or": 0.6025447845458984, "sender_entropy": 1.3400336901346843, "receiver_entropy": 0.0, "original_loss": 1.0286029974619548, "mean_length": 6.0}
{"mode": "test", "epoch": 38, "loss": 6.715942859649658, "acc": 0.4482758641242981, "acc_or": 0.7019704580307007, "sender_entropy": 1.5408037900924683, "receiver_entropy": 0.0, "original_loss": 0.7854496836662292, "mean_length": 6.0}
{"mode": "train", "epoch": 39, "loss": 8.294856707255045, "acc": 0.3484831551710765, "acc_or": 0.6228284239768982, "sender_entropy": 1.341044306755066, "receiver_entropy": 0.0, "original_loss": 0.9919319152832031, "mean_length": 6.0}
{"mode": "test", "epoch": 39, "loss": 6.822127342224121, "acc": 0.46305418014526367, "acc_or": 0.7142857313156128, "sender_entropy": 1.557989478111267, "receiver_entropy": 0.0, "original_loss": 0.7461501359939575, "mean_length": 6.0}
{"mode": "train", "epoch": 40, "loss": 8.263518333435059, "acc": 0.3667686978975932, "acc_or": 0.6278864145278931, "sender_entropy": 1.3525099356969197, "receiver_entropy": 0.0, "original_loss": 0.9683799346288046, "mean_length": 6.0}
{"mode": "test", "epoch": 40, "loss": 6.877569198608398, "acc": 0.4926108419895172, "acc_or": 0.7339901328086853, "sender_entropy": 1.56842839717865, "receiver_entropy": 0.0, "original_loss": 0.7284433841705322, "mean_length": 6.0}
{"mode": "train", "epoch": 41, "loss": 8.131570180257162, "acc": 0.37490872542063397, "acc_or": 0.6306191086769104, "sender_entropy": 1.3627270062764485, "receiver_entropy": 0.0, "original_loss": 0.9650095105171204, "mean_length": 6.0}
{"mode": "test", "epoch": 41, "loss": 6.740323543548584, "acc": 0.4876847267150879, "acc_or": 0.7241379022598267, "sender_entropy": 1.5577113628387451, "receiver_entropy": 0.0, "original_loss": 0.7016324996948242, "mean_length": 6.0}
{"mode": "train", "epoch": 42, "loss": 7.96644910176595, "acc": 0.3909867803255717, "acc_or": 0.6448578039805094, "sender_entropy": 1.3522100448608398, "receiver_entropy": 0.0, "original_loss": 0.9409128427505493, "mean_length": 6.0}
{"mode": "test", "epoch": 42, "loss": 6.582505226135254, "acc": 0.45320194959640503, "acc_or": 0.7142857313156128, "sender_entropy": 1.5466222763061523, "receiver_entropy": 0.0, "original_loss": 0.6873703002929688, "mean_length": 6.0}
{"mode": "train", "epoch": 43, "loss": 8.033370971679688, "acc": 0.40973005692164105, "acc_or": 0.6623144348462423, "sender_entropy": 1.3327957391738892, "receiver_entropy": 0.0, "original_loss": 0.8933724164962769, "mean_length": 6.0}
{"mode": "test", "epoch": 43, "loss": 6.624552249908447, "acc": 0.5714285373687744, "acc_or": 0.7733989953994751, "sender_entropy": 1.5266512632369995, "receiver_entropy": 0.0, "original_loss": 0.625178337097168, "mean_length": 6.0}
{"mode": "train", "epoch": 44, "loss": 7.9893819491068525, "acc": 0.41625524560610455, "acc_or": 0.6671794652938843, "sender_entropy": 1.3162764310836792, "receiver_entropy": 0.0, "original_loss": 0.8668368260065714, "mean_length": 6.0}
{"mode": "test", "epoch": 44, "loss": 6.523204803466797, "acc": 0.5566502213478088, "acc_or": 0.7586206793785095, "sender_entropy": 1.5219169855117798, "receiver_entropy": 0.0, "original_loss": 0.609932541847229, "mean_length": 6.0}
{"mode": "train", "epoch": 45, "loss": 7.8880283037821455, "acc": 0.4406995077927907, "acc_or": 0.6831333239873251, "sender_entropy": 1.3029038111368816, "receiver_entropy": 0.0, "original_loss": 0.8366375168164571, "mean_length": 6.0}
{"mode": "test", "epoch": 45, "loss": 6.4675445556640625, "acc": 0.6256157755851746, "acc_or": 0.807881772518158, "sender_entropy": 1.4989142417907715, "receiver_entropy": 0.0, "original_loss": 0.5644770264625549, "mean_length": 6.0}
{"mode": "train", "epoch": 46, "loss": 7.842372099558513, "acc": 0.4591367443402608, "acc_or": 0.6919042865435282, "sender_entropy": 1.2940663894017537, "receiver_entropy": 0.0, "original_loss": 0.8172033031781515, "mean_length": 6.0}
{"mode": "test", "epoch": 46, "loss": 6.005862236022949, "acc": 0.5960590839385986, "acc_or": 0.778325080871582, "sender_entropy": 1.4692515134811401, "receiver_entropy": 0.0, "original_loss": 0.5874342918395996, "mean_length": 6.0}
{"mode": "train", "epoch": 47, "loss": 7.637546062469482, "acc": 0.4784874419371287, "acc_or": 0.7048241098721822, "sender_entropy": 1.265791416168213, "receiver_entropy": 0.0, "original_loss": 0.7887990673383077, "mean_length": 6.0}
{"mode": "test", "epoch": 47, "loss": 6.0565080642700195, "acc": 0.5812807679176331, "acc_or": 0.7832512259483337, "sender_entropy": 1.4600359201431274, "receiver_entropy": 0.0, "original_loss": 0.5511013865470886, "mean_length": 6.0}
{"mode": "train", "epoch": 48, "loss": 7.607908566792806, "acc": 0.4893719255924225, "acc_or": 0.7140688896179199, "sender_entropy": 1.2585566838582356, "receiver_entropy": 0.0, "original_loss": 0.7663970192273458, "mean_length": 6.0}
{"mode": "test", "epoch": 48, "loss": 5.9633636474609375, "acc": 0.6896551847457886, "acc_or": 0.842364490032196, "sender_entropy": 1.443248987197876, "receiver_entropy": 0.0, "original_loss": 0.5150228142738342, "mean_length": 6.0}
{"mode": "train", "epoch": 49, "loss": 7.61471954981486, "acc": 0.5144363641738892, "acc_or": 0.7303754885991415, "sender_entropy": 1.2406199773152669, "receiver_entropy": 0.0, "original_loss": 0.7238860726356506, "mean_length": 6.0}
{"mode": "test", "epoch": 49, "loss": 6.0305986404418945, "acc": 0.7093595862388611, "acc_or": 0.8522167205810547, "sender_entropy": 1.4388104677200317, "receiver_entropy": 0.0, "original_loss": 0.4830489158630371, "mean_length": 6.0}
{"mode": "train", "epoch": 50, "loss": 7.599642117818196, "acc": 0.5300345222155253, "acc_or": 0.7378191550572714, "sender_entropy": 1.246096928914388, "receiver_entropy": 0.0, "original_loss": 0.7084372639656067, "mean_length": 6.0}
{"mode": "test", "epoch": 50, "loss": 6.094353199005127, "acc": 0.7290640473365784, "acc_or": 0.8571428656578064, "sender_entropy": 1.4586772918701172, "receiver_entropy": 0.0, "original_loss": 0.47885921597480774, "mean_length": 6.0}
{"mode": "train", "epoch": 51, "loss": 7.317917982737224, "acc": 0.5161391297976176, "acc_or": 0.7273555199305216, "sender_entropy": 1.2569127082824707, "receiver_entropy": 0.0, "original_loss": 0.7267602483431498, "mean_length": 6.0}
{"mode": "test", "epoch": 51, "loss": 6.128046989440918, "acc": 0.7192118167877197, "acc_or": 0.8546797633171082, "sender_entropy": 1.465395212173462, "receiver_entropy": 0.0, "original_loss": 0.4634231626987457, "mean_length": 6.0}
{"mode": "train", "epoch": 52, "loss": 7.371208190917969, "acc": 0.5314319133758545, "acc_or": 0.7370644211769104, "sender_entropy": 1.264982541402181, "receiver_entropy": 0.0, "original_loss": 0.7076520721117655, "mean_length": 6.0}
{"mode": "test", "epoch": 52, "loss": 6.015575885772705, "acc": 0.7142857313156128, "acc_or": 0.8546797633171082, "sender_entropy": 1.4593005180358887, "receiver_entropy": 0.0, "original_loss": 0.4604591429233551, "mean_length": 6.0}
{"mode": "train", "epoch": 53, "loss": 7.246746222178142, "acc": 0.5329749385515848, "acc_or": 0.7394041617711385, "sender_entropy": 1.2560677925745647, "receiver_entropy": 0.0, "original_loss": 0.6958557963371277, "mean_length": 6.0}
{"mode": "test", "epoch": 53, "loss": 5.6692681312561035, "acc": 0.7192118167877197, "acc_or": 0.8522167205810547, "sender_entropy": 1.428615689277649, "receiver_entropy": 0.0, "original_loss": 0.4704110324382782, "mean_length": 6.0}
{"mode": "train", "epoch": 54, "loss": 7.210614522298177, "acc": 0.5541149973869324, "acc_or": 0.7508168419202169, "sender_entropy": 1.2320902744928997, "receiver_entropy": 0.0, "original_loss": 0.6595131556193033, "mean_length": 6.0}
{"mode": "test", "epoch": 54, "loss": 5.881205081939697, "acc": 0.7980295419692993, "acc_or": 0.8965517282485962, "sender_entropy": 1.4078845977783203, "receiver_entropy": 0.0, "original_loss": 0.37776342034339905, "mean_length": 6.0}
{"mode": "train", "epoch": 55, "loss": 7.122197310129802, "acc": 0.578112264474233, "acc_or": 0.763571560382843, "sender_entropy": 1.2189247210820515, "receiver_entropy": 0.0, "original_loss": 0.642618993918101, "mean_length": 6.0}
{"mode": "test", "epoch": 55, "loss": 5.648054599761963, "acc": 0.7290640473365784, "acc_or": 0.8596059083938599, "sender_entropy": 1.4109586477279663, "receiver_entropy": 0.0, "original_loss": 0.42506587505340576, "mean_length": 6.0}
{"mode": "train", "epoch": 56, "loss": 7.027517477671306, "acc": 0.5750275254249573, "acc_or": 0.7635165254275004, "sender_entropy": 1.2141697804133098, "receiver_entropy": 0.0, "original_loss": 0.6320248444875082, "mean_length": 6.0}
{"mode": "test", "epoch": 56, "loss": 5.614044189453125, "acc": 0.7635467648506165, "acc_or": 0.8768472671508789, "sender_entropy": 1.3923683166503906, "receiver_entropy": 0.0, "original_loss": 0.38111838698387146, "mean_length": 6.0}
{"mode": "train", "epoch": 57, "loss": 6.962242762247722, "acc": 0.5956829984982809, "acc_or": 0.7771702806154887, "sender_entropy": 1.203391472498576, "receiver_entropy": 0.0, "original_loss": 0.6084699829419454, "mean_length": 6.0}
{"mode": "test", "epoch": 57, "loss": 5.628288269042969, "acc": 0.8472906351089478, "acc_or": 0.9236453175544739, "sender_entropy": 1.3760102987289429, "receiver_entropy": 0.0, "original_loss": 0.3436703085899353, "mean_length": 6.0}
{"mode": "train", "epoch": 58, "loss": 6.9711540540059405, "acc": 0.6236791412035624, "acc_or": 0.7928493022918701, "sender_entropy": 1.1864160696665447, "receiver_entropy": 0.0, "original_loss": 0.573319137096405, "mean_length": 6.0}
{"mode": "test", "epoch": 58, "loss": 5.546573638916016, "acc": 0.8522167205810547, "acc_or": 0.9211822748184204, "sender_entropy": 1.3793755769729614, "receiver_entropy": 0.0, "original_loss": 0.33484116196632385, "mean_length": 6.0}
{"mode": "train", "epoch": 59, "loss": 6.95628547668457, "acc": 0.6266302863756815, "acc_or": 0.7968451380729675, "sender_entropy": 1.1963853041330974, "receiver_entropy": 0.0, "original_loss": 0.5637067755063375, "mean_length": 6.0}
{"mode": "test", "epoch": 59, "loss": 5.447366714477539, "acc": 0.7586206793785095, "acc_or": 0.8768472671508789, "sender_entropy": 1.3925268650054932, "receiver_entropy": 0.0, "original_loss": 0.3443666696548462, "mean_length": 6.0}
{"mode": "train", "epoch": 60, "loss": 6.853609720865886, "acc": 0.6225072542826334, "acc_or": 0.79248046875, "sender_entropy": 1.222076137860616, "receiver_entropy": 0.0, "original_loss": 0.5687078436215719, "mean_length": 6.0}
{"mode": "test", "epoch": 60, "loss": 5.594616889953613, "acc": 0.8177340030670166, "acc_or": 0.9014778137207031, "sender_entropy": 1.4194222688674927, "receiver_entropy": 0.0, "original_loss": 0.32458269596099854, "mean_length": 6.0}
{"mode": "train", "epoch": 61, "loss": 6.735250314076741, "acc": 0.6302788456281027, "acc_or": 0.7958923975626627, "sender_entropy": 1.220444639523824, "receiver_entropy": 0.0, "original_loss": 0.5620089371999105, "mean_length": 6.0}
{"mode": "test", "epoch": 61, "loss": 5.361334800720215, "acc": 0.8472906351089478, "acc_or": 0.9236453175544739, "sender_entropy": 1.368647575378418, "receiver_entropy": 0.0, "original_loss": 0.3020566403865814, "mean_length": 6.0}
{"mode": "train", "epoch": 62, "loss": 6.621686935424805, "acc": 0.6493731538454691, "acc_or": 0.8066973487536112, "sender_entropy": 1.1787478526433308, "receiver_entropy": 0.0, "original_loss": 0.5323009292284647, "mean_length": 6.0}
{"mode": "test", "epoch": 62, "loss": 5.132583141326904, "acc": 0.8620689511299133, "acc_or": 0.9310344457626343, "sender_entropy": 1.334692358970642, "receiver_entropy": 0.0, "original_loss": 0.3026006817817688, "mean_length": 6.0}
{"mode": "train", "epoch": 63, "loss": 6.56732718149821, "acc": 0.678032398223877, "acc_or": 0.8241466085116068, "sender_entropy": 1.1410452127456665, "receiver_entropy": 0.0, "original_loss": 0.49648167689641315, "mean_length": 6.0}
{"mode": "test", "epoch": 63, "loss": 4.952822685241699, "acc": 0.8571428656578064, "acc_or": 0.9236453175544739, "sender_entropy": 1.3019847869873047, "receiver_entropy": 0.0, "original_loss": 0.2865864634513855, "mean_length": 6.0}
{"mode": "train", "epoch": 64, "loss": 6.517542203267415, "acc": 0.6812661290168762, "acc_or": 0.8275783459345499, "sender_entropy": 1.1370870272318523, "receiver_entropy": 0.0, "original_loss": 0.48670391241709393, "mean_length": 6.0}
{"mode": "test", "epoch": 64, "loss": 5.0593156814575195, "acc": 0.8472906351089478, "acc_or": 0.9187191724777222, "sender_entropy": 1.3143130540847778, "receiver_entropy": 0.0, "original_loss": 0.25905370712280273, "mean_length": 6.0}
{"mode": "train", "epoch": 65, "loss": 6.454612414042155, "acc": 0.6860549648602804, "acc_or": 0.8278377453486124, "sender_entropy": 1.1526119311650593, "receiver_entropy": 0.0, "original_loss": 0.48517929514249164, "mean_length": 6.0}
{"mode": "test", "epoch": 65, "loss": 5.091794013977051, "acc": 0.871921181678772, "acc_or": 0.935960590839386, "sender_entropy": 1.3340156078338623, "receiver_entropy": 0.0, "original_loss": 0.24724124372005463, "mean_length": 6.0}
{"mode": "train", "epoch": 66, "loss": 6.420512676239014, "acc": 0.6832856933275858, "acc_or": 0.8283720016479492, "sender_entropy": 1.1657718022664387, "receiver_entropy": 0.0, "original_loss": 0.4854527711868286, "mean_length": 6.0}
{"mode": "test", "epoch": 66, "loss": 5.039292812347412, "acc": 0.8965517282485962, "acc_or": 0.9482758641242981, "sender_entropy": 1.3309580087661743, "receiver_entropy": 0.0, "original_loss": 0.24142229557037354, "mean_length": 6.0}
{"mode": "train", "epoch": 67, "loss": 6.392681280771892, "acc": 0.6971824367841085, "acc_or": 0.8351928393046061, "sender_entropy": 1.1640513737996419, "receiver_entropy": 0.0, "original_loss": 0.46419400970141095, "mean_length": 6.0}
{"mode": "test", "epoch": 67, "loss": 4.965096950531006, "acc": 0.9113300442695618, "acc_or": 0.9556649923324585, "sender_entropy": 1.3239022493362427, "receiver_entropy": 0.0, "original_loss": 0.233188197016716, "mean_length": 6.0}
{"mode": "train", "epoch": 68, "loss": 6.394527594248454, "acc": 0.7037653128306071, "acc_or": 0.8391849994659424, "sender_entropy": 1.1535927057266235, "receiver_entropy": 0.0, "original_loss": 0.450227290391922, "mean_length": 6.0}
{"mode": "test", "epoch": 68, "loss": 4.929952621459961, "acc": 0.9014778137207031, "acc_or": 0.9507389068603516, "sender_entropy": 1.3197566270828247, "receiver_entropy": 0.0, "original_loss": 0.21802514791488647, "mean_length": 6.0}
{"mode": "train", "epoch": 69, "loss": 6.394917647043864, "acc": 0.7232448856035868, "acc_or": 0.8500379323959351, "sender_entropy": 1.1573694149653118, "receiver_entropy": 0.0, "original_loss": 0.4295191764831543, "mean_length": 6.0}
{"mode": "test", "epoch": 69, "loss": 4.955513000488281, "acc": 0.9014778137207031, "acc_or": 0.9507389068603516, "sender_entropy": 1.3226791620254517, "receiver_entropy": 0.0, "original_loss": 0.213363379240036, "mean_length": 6.0}
{"mode": "train", "epoch": 70, "loss": 6.249207178751628, "acc": 0.7150377432505289, "acc_or": 0.8464562098185221, "sender_entropy": 1.1544235547383626, "receiver_entropy": 0.0, "original_loss": 0.4359482526779175, "mean_length": 6.0}
{"mode": "test", "epoch": 70, "loss": 4.925825595855713, "acc": 0.9310344457626343, "acc_or": 0.9655172228813171, "sender_entropy": 1.3145177364349365, "receiver_entropy": 0.0, "original_loss": 0.19046086072921753, "mean_length": 6.0}
{"mode": "train", "epoch": 71, "loss": 6.291736920674642, "acc": 0.7351864775021871, "acc_or": 0.8571047782897949, "sender_entropy": 1.1551587184270222, "receiver_entropy": 0.0, "original_loss": 0.4094531337420146, "mean_length": 6.0}
{"mode": "test", "epoch": 71, "loss": 4.897822856903076, "acc": 0.935960590839386, "acc_or": 0.9679802656173706, "sender_entropy": 1.3008992671966553, "receiver_entropy": 0.0, "original_loss": 0.17247377336025238, "mean_length": 6.0}
{"mode": "train", "epoch": 72, "loss": 6.203305721282959, "acc": 0.7475206851959229, "acc_or": 0.863236645857493, "sender_entropy": 1.132935921351115, "receiver_entropy": 0.0, "original_loss": 0.3987339536348979, "mean_length": 6.0}
{"mode": "test", "epoch": 72, "loss": 4.6889824867248535, "acc": 0.9113300442695618, "acc_or": 0.953201949596405, "sender_entropy": 1.290792465209961, "receiver_entropy": 0.0, "original_loss": 0.1903073489665985, "mean_length": 6.0}
{"mode": "train", "epoch": 73, "loss": 6.153790632883708, "acc": 0.7530088822046915, "acc_or": 0.8676499525705973, "sender_entropy": 1.1235214074452717, "receiver_entropy": 0.0, "original_loss": 0.38157735268274945, "mean_length": 6.0}
{"mode": "test", "epoch": 73, "loss": 4.679827690124512, "acc": 0.9458128213882446, "acc_or": 0.9729064106941223, "sender_entropy": 1.2792351245880127, "receiver_entropy": 0.0, "original_loss": 0.15383687615394592, "mean_length": 6.0}
{"mode": "train", "epoch": 74, "loss": 6.104284604390462, "acc": 0.7673237522443136, "acc_or": 0.8744466503461202, "sender_entropy": 1.113488793373108, "receiver_entropy": 0.0, "original_loss": 0.3687063256899516, "mean_length": 6.0}
{"mode": "test", "epoch": 74, "loss": 4.669522762298584, "acc": 0.9507389068603516, "acc_or": 0.9753694534301758, "sender_entropy": 1.279505729675293, "receiver_entropy": 0.0, "original_loss": 0.15405499935150146, "mean_length": 6.0}
{"mode": "train", "epoch": 75, "loss": 5.998146216074626, "acc": 0.7647450963656107, "acc_or": 0.8735180695851644, "sender_entropy": 1.123473842938741, "receiver_entropy": 0.0, "original_loss": 0.37010427316029865, "mean_length": 6.0}
{"mode": "test", "epoch": 75, "loss": 4.656666278839111, "acc": 0.9408866763114929, "acc_or": 0.9704433083534241, "sender_entropy": 1.2907570600509644, "receiver_entropy": 0.0, "original_loss": 0.16280075907707214, "mean_length": 6.0}
{"mode": "train", "epoch": 76, "loss": 5.853335380554199, "acc": 0.7522733012835184, "acc_or": 0.8653552134831747, "sender_entropy": 1.1365201870600383, "receiver_entropy": 0.0, "original_loss": 0.387008269627889, "mean_length": 6.0}
{"mode": "test", "epoch": 76, "loss": 4.607902526855469, "acc": 0.9261083602905273, "acc_or": 0.9630541801452637, "sender_entropy": 1.2980291843414307, "receiver_entropy": 0.0, "original_loss": 0.15977083146572113, "mean_length": 6.0}
{"mode": "train", "epoch": 77, "loss": 5.908659934997559, "acc": 0.7676788171132406, "acc_or": 0.8738130331039429, "sender_entropy": 1.1418185234069824, "receiver_entropy": 0.0, "original_loss": 0.36908377210299176, "mean_length": 6.0}
{"mode": "test", "epoch": 77, "loss": 4.5832319259643555, "acc": 0.9655172228813171, "acc_or": 0.9827585816383362, "sender_entropy": 1.292668342590332, "receiver_entropy": 0.0, "original_loss": 0.13399872183799744, "mean_length": 6.0}
{"mode": "train", "epoch": 78, "loss": 5.877187569936116, "acc": 0.7755181590716044, "acc_or": 0.8791958689689636, "sender_entropy": 1.1300688187281291, "receiver_entropy": 0.0, "original_loss": 0.3548547128836314, "mean_length": 6.0}
{"mode": "test", "epoch": 78, "loss": 4.4254679679870605, "acc": 0.9408866763114929, "acc_or": 0.9704433083534241, "sender_entropy": 1.2849234342575073, "receiver_entropy": 0.0, "original_loss": 0.16215424239635468, "mean_length": 6.0}
{"mode": "train", "epoch": 79, "loss": 5.751796881357829, "acc": 0.7711212833722433, "acc_or": 0.8771031498908997, "sender_entropy": 1.1190731922785442, "receiver_entropy": 0.0, "original_loss": 0.35569218794504803, "mean_length": 6.0}
{"mode": "test", "epoch": 79, "loss": 4.352246284484863, "acc": 0.9458128213882446, "acc_or": 0.9704433083534241, "sender_entropy": 1.2685949802398682, "receiver_entropy": 0.0, "original_loss": 0.13727916777133942, "mean_length": 6.0}
{"mode": "train", "epoch": 80, "loss": 5.782905737559001, "acc": 0.7922398845354716, "acc_or": 0.8892846703529358, "sender_entropy": 1.1025957266489665, "receiver_entropy": 0.0, "original_loss": 0.3254476586977641, "mean_length": 6.0}
{"mode": "test", "epoch": 80, "loss": 4.422117710113525, "acc": 0.9605911374092102, "acc_or": 0.9802955389022827, "sender_entropy": 1.2631950378417969, "receiver_entropy": 0.0, "original_loss": 0.11520682275295258, "mean_length": 6.0}
{"mode": "train", "epoch": 81, "loss": 5.675730069478353, "acc": 0.7857146859169006, "acc_or": 0.8851431806882223, "sender_entropy": 1.1071693102518718, "receiver_entropy": 0.0, "original_loss": 0.33190008997917175, "mean_length": 6.0}
{"mode": "test", "epoch": 81, "loss": 4.247551441192627, "acc": 0.9310344457626343, "acc_or": 0.9655172228813171, "sender_entropy": 1.256897211074829, "receiver_entropy": 0.0, "original_loss": 0.1345200389623642, "mean_length": 6.0}
{"mode": "train", "epoch": 82, "loss": 5.517251332600911, "acc": 0.7865033348401388, "acc_or": 0.8850988745689392, "sender_entropy": 1.1050915320714314, "receiver_entropy": 0.0, "original_loss": 0.3376590510209401, "mean_length": 6.0}
{"mode": "test", "epoch": 82, "loss": 4.364962100982666, "acc": 0.9753694534301758, "acc_or": 0.9876847267150879, "sender_entropy": 1.2775089740753174, "receiver_entropy": 0.0, "original_loss": 0.10773546993732452, "mean_length": 6.0}
{"mode": "train", "epoch": 83, "loss": 5.623172601064046, "acc": 0.7981911897659302, "acc_or": 0.8914428551991781, "sender_entropy": 1.1165764729181926, "receiver_entropy": 0.0, "original_loss": 0.32041041056315106, "mean_length": 6.0}
{"mode": "test", "epoch": 83, "loss": 4.420084476470947, "acc": 0.9753694534301758, "acc_or": 0.9876847267150879, "sender_entropy": 1.287056565284729, "receiver_entropy": 0.0, "original_loss": 0.0990341305732727, "mean_length": 6.0}
{"mode": "train", "epoch": 84, "loss": 5.532567183176677, "acc": 0.7871563831965128, "acc_or": 0.8860918879508972, "sender_entropy": 1.1188193957010906, "receiver_entropy": 0.0, "original_loss": 0.3244480888048808, "mean_length": 6.0}
{"mode": "test", "epoch": 84, "loss": 4.3638458251953125, "acc": 0.9802955389022827, "acc_or": 0.9901477694511414, "sender_entropy": 1.2797021865844727, "receiver_entropy": 0.0, "original_loss": 0.09539738297462463, "mean_length": 6.0}
{"mode": "train", "epoch": 85, "loss": 5.611324628194173, "acc": 0.8042049407958984, "acc_or": 0.8948232332865397, "sender_entropy": 1.1275225083033245, "receiver_entropy": 0.0, "original_loss": 0.30695022145907086, "mean_length": 6.0}
{"mode": "test", "epoch": 85, "loss": 4.352142810821533, "acc": 0.9655172228813171, "acc_or": 0.9827585816383362, "sender_entropy": 1.294948935508728, "receiver_entropy": 0.0, "original_loss": 0.10749861598014832, "mean_length": 6.0}
{"mode": "train", "epoch": 86, "loss": 5.48460324605306, "acc": 0.7965568701426188, "acc_or": 0.8914159933725992, "sender_entropy": 1.1232131719589233, "receiver_entropy": 0.0, "original_loss": 0.31488006313641864, "mean_length": 6.0}
{"mode": "test", "epoch": 86, "loss": 4.288670063018799, "acc": 0.9704433083534241, "acc_or": 0.9852216839790344, "sender_entropy": 1.2826007604599, "receiver_entropy": 0.0, "original_loss": 0.10095147788524628, "mean_length": 6.0}
{"mode": "train", "epoch": 87, "loss": 5.50316047668457, "acc": 0.8144497871398926, "acc_or": 0.9015172123908997, "sender_entropy": 1.1159178018569946, "receiver_entropy": 0.0, "original_loss": 0.2914182245731354, "mean_length": 6.0}
{"mode": "test", "epoch": 87, "loss": 4.098601818084717, "acc": 0.9802955389022827, "acc_or": 0.9901477694511414, "sender_entropy": 1.2546674013137817, "receiver_entropy": 0.0, "original_loss": 0.08570675551891327, "mean_length": 6.0}
{"mode": "train", "epoch": 88, "loss": 5.38350788752238, "acc": 0.8200333118438721, "acc_or": 0.9043542941411337, "sender_entropy": 1.0987462997436523, "receiver_entropy": 0.0, "original_loss": 0.2826506694157918, "mean_length": 6.0}
{"mode": "test", "epoch": 88, "loss": 4.023289680480957, "acc": 0.9753694534301758, "acc_or": 0.9876847267150879, "sender_entropy": 1.2443418502807617, "receiver_entropy": 0.0, "original_loss": 0.0814553052186966, "mean_length": 6.0}
{"mode": "train", "epoch": 89, "loss": 5.3317263921101885, "acc": 0.822713315486908, "acc_or": 0.9052113691965739, "sender_entropy": 1.0971488952636719, "receiver_entropy": 0.0, "original_loss": 0.27833980321884155, "mean_length": 6.0}
{"mode": "test", "epoch": 89, "loss": 3.9482460021972656, "acc": 0.9753694534301758, "acc_or": 0.9876847267150879, "sender_entropy": 1.2355868816375732, "receiver_entropy": 0.0, "original_loss": 0.08216504752635956, "mean_length": 6.0}
{"mode": "train", "epoch": 90, "loss": 5.228460311889648, "acc": 0.8197614947954813, "acc_or": 0.9038384755452474, "sender_entropy": 1.0924424330393474, "receiver_entropy": 0.0, "original_loss": 0.27930084864298504, "mean_length": 6.0}
{"mode": "test", "epoch": 90, "loss": 3.914767265319824, "acc": 0.9802955389022827, "acc_or": 0.9901477694511414, "sender_entropy": 1.236585259437561, "receiver_entropy": 0.0, "original_loss": 0.08274710923433304, "mean_length": 6.0}
{"mode": "train", "epoch": 91, "loss": 5.203915437062581, "acc": 0.8252033789952596, "acc_or": 0.9067936937014262, "sender_entropy": 1.0902682542800903, "receiver_entropy": 0.0, "original_loss": 0.2710862457752228, "mean_length": 6.0}
{"mode": "test", "epoch": 91, "loss": 3.9026741981506348, "acc": 0.9802955389022827, "acc_or": 0.9901477694511414, "sender_entropy": 1.2316622734069824, "receiver_entropy": 0.0, "original_loss": 0.06940429657697678, "mean_length": 6.0}
{"mode": "train", "epoch": 92, "loss": 5.1814338366190595, "acc": 0.8333071867624918, "acc_or": 0.912189265092214, "sender_entropy": 1.082858959833781, "receiver_entropy": 0.0, "original_loss": 0.26291215419769287, "mean_length": 6.0}
{"mode": "test", "epoch": 92, "loss": 3.7867374420166016, "acc": 0.9556649923324585, "acc_or": 0.9778324961662292, "sender_entropy": 1.227752685546875, "receiver_entropy": 0.0, "original_loss": 0.08819714933633804, "mean_length": 6.0}
{"mode": "train", "epoch": 93, "loss": 5.100493272145589, "acc": 0.8330131967862447, "acc_or": 0.9114654064178467, "sender_entropy": 1.0807036558787029, "receiver_entropy": 0.0, "original_loss": 0.2629125366608302, "mean_length": 6.0}
{"mode": "test", "epoch": 93, "loss": 3.778529167175293, "acc": 0.9605911374092102, "acc_or": 0.9802955389022827, "sender_entropy": 1.2324247360229492, "receiver_entropy": 0.0, "original_loss": 0.08198022097349167, "mean_length": 6.0}
{"mode": "train", "epoch": 94, "loss": 5.0096821784973145, "acc": 0.829653282960256, "acc_or": 0.9094011982282003, "sender_entropy": 1.0816625356674194, "receiver_entropy": 0.0, "original_loss": 0.26427628099918365, "mean_length": 6.0}
{"mode": "test", "epoch": 94, "loss": 3.6745998859405518, "acc": 0.9704433083534241, "acc_or": 0.9852216839790344, "sender_entropy": 1.226524829864502, "receiver_entropy": 0.0, "original_loss": 0.09689375758171082, "mean_length": 6.0}
{"mode": "train", "epoch": 95, "loss": 4.934286753336589, "acc": 0.8332769672075907, "acc_or": 0.9115556677182516, "sender_entropy": 1.0745371580123901, "receiver_entropy": 0.0, "original_loss": 0.26452340682347614, "mean_length": 6.0}
{"mode": "test", "epoch": 95, "loss": 3.70743465423584, "acc": 0.9802955389022827, "acc_or": 0.9901477694511414, "sender_entropy": 1.22195565700531, "receiver_entropy": 0.0, "original_loss": 0.07545548677444458, "mean_length": 6.0}
{"mode": "train", "epoch": 96, "loss": 4.915952205657959, "acc": 0.830582877000173, "acc_or": 0.9091451168060303, "sender_entropy": 1.0817474126815796, "receiver_entropy": 0.0, "original_loss": 0.2652554512023926, "mean_length": 6.0}
{"mode": "test", "epoch": 96, "loss": 3.704261302947998, "acc": 0.9655172228813171, "acc_or": 0.9827585816383362, "sender_entropy": 1.2341227531433105, "receiver_entropy": 0.0, "original_loss": 0.07304108887910843, "mean_length": 6.0}
{"mode": "train", "epoch": 97, "loss": 4.982077598571777, "acc": 0.8448614875475565, "acc_or": 0.9178543289502462, "sender_entropy": 1.0816970268885295, "receiver_entropy": 0.0, "original_loss": 0.2469643255074819, "mean_length": 6.0}
{"mode": "test", "epoch": 97, "loss": 3.6322104930877686, "acc": 0.9655172228813171, "acc_or": 0.9827585816383362, "sender_entropy": 1.2346218824386597, "receiver_entropy": 0.0, "original_loss": 0.07808367908000946, "mean_length": 6.0}
{"mode": "train", "epoch": 98, "loss": 4.97575585047404, "acc": 0.8479455510775248, "acc_or": 0.9192336201667786, "sender_entropy": 1.0843079090118408, "receiver_entropy": 0.0, "original_loss": 0.23785112301508585, "mean_length": 6.0}
{"mode": "test", "epoch": 98, "loss": 3.752164602279663, "acc": 0.9852216839790344, "acc_or": 0.9926108121871948, "sender_entropy": 1.257140874862671, "receiver_entropy": 0.0, "original_loss": 0.05999211221933365, "mean_length": 6.0}
{"mode": "train", "epoch": 99, "loss": 4.886793772379558, "acc": 0.839257816473643, "acc_or": 0.9138235847155253, "sender_entropy": 1.1003350416819255, "receiver_entropy": 0.0, "original_loss": 0.25220442811648053, "mean_length": 6.0}
{"mode": "test", "epoch": 99, "loss": 3.708306312561035, "acc": 0.9753694534301758, "acc_or": 0.9876847267150879, "sender_entropy": 1.259316325187683, "receiver_entropy": 0.0, "original_loss": 0.07302139699459076, "mean_length": 6.0}
{"mode": "train", "epoch": 100, "loss": 4.891510009765625, "acc": 0.8426667253176371, "acc_or": 0.9165616432825724, "sender_entropy": 1.1007708708445232, "receiver_entropy": 0.0, "original_loss": 0.24518108864625296, "mean_length": 6.0}
{"mode": "test", "epoch": 100, "loss": 3.657860517501831, "acc": 0.9605911374092102, "acc_or": 0.9802955389022827, "sender_entropy": 1.258215308189392, "receiver_entropy": 0.0, "original_loss": 0.06314368546009064, "mean_length": 6.0}
{"mode": "train", "epoch": 101, "loss": 4.919079144795735, "acc": 0.8564459880193075, "acc_or": 0.9242415825525919, "sender_entropy": 1.1016816695531209, "receiver_entropy": 0.0, "original_loss": 0.22726828853289285, "mean_length": 6.0}
{"mode": "test", "epoch": 101, "loss": 3.680187463760376, "acc": 0.9901477694511414, "acc_or": 0.9950738549232483, "sender_entropy": 1.2624266147613525, "receiver_entropy": 0.0, "original_loss": 0.06011131405830383, "mean_length": 6.0}
{"mode": "train", "epoch": 102, "loss": 4.887728055318196, "acc": 0.855743944644928, "acc_or": 0.922980785369873, "sender_entropy": 1.099837064743042, "receiver_entropy": 0.0, "original_loss": 0.226470614473025, "mean_length": 6.0}
{"mode": "test", "epoch": 102, "loss": 3.6470253467559814, "acc": 0.9950738549232483, "acc_or": 0.9975369572639465, "sender_entropy": 1.249358892440796, "receiver_entropy": 0.0, "original_loss": 0.04474424570798874, "mean_length": 6.0}
{"mode": "train", "epoch": 103, "loss": 4.857194741566976, "acc": 0.8678627411524454, "acc_or": 0.9301805098851522, "sender_entropy": 1.0953402916590373, "receiver_entropy": 0.0, "original_loss": 0.2146232177813848, "mean_length": 6.0}
{"mode": "test", "epoch": 103, "loss": 3.560920000076294, "acc": 0.9950738549232483, "acc_or": 0.9975369572639465, "sender_entropy": 1.2285915613174438, "receiver_entropy": 0.0, "original_loss": 0.043334029614925385, "mean_length": 6.0}
{"mode": "train", "epoch": 104, "loss": 4.747023423512776, "acc": 0.8633322914441427, "acc_or": 0.9280428091684977, "sender_entropy": 1.080433448155721, "receiver_entropy": 0.0, "original_loss": 0.2163522889216741, "mean_length": 6.0}
{"mode": "test", "epoch": 104, "loss": 3.48455810546875, "acc": 1.0, "acc_or": 1.0, "sender_entropy": 1.22463059425354, "receiver_entropy": 0.0, "original_loss": 0.040770094841718674, "mean_length": 6.0}
{"epoch": 104, "positional_disent": 0.04980555549263954, "bag_of_symbol_disent": 0.17883886396884918, "topographic_sim": 0.26968123299883895}
{"generalization hold out": {"acc": 0.9666666984558105, "acc_or": 0.9666666984558105}, "uniform holdout": {"acc": 0.6363636255264282, "acc_or": 0.8181818723678589}, "epoch": 104}
---End--
