nohup: ignoring input
{"mode": "train", "epoch": 1, "loss": -11.033739447593689, "acc": 0.005980858113616705, "acc_or": 0.07186527053515117, "sender_entropy": 2.3013110955556235, "receiver_entropy": 0.0, "original_loss": 2.7622197469075522, "mean_length": 6.0}
{"mode": "test", "epoch": 1, "loss": 1.7483515739440918, "acc": 0.004926108289510012, "acc_or": 0.08128079026937485, "sender_entropy": 2.2997589111328125, "receiver_entropy": 0.0, "original_loss": 2.75105357170105, "mean_length": 6.0}
{"mode": "train", "epoch": 2, "loss": 1.8807029724121094, "acc": 0.005434519999350111, "acc_or": 0.07131792356570561, "sender_entropy": 2.299826463063558, "receiver_entropy": 0.0, "original_loss": 2.7364824612935386, "mean_length": 6.0}
{"mode": "test", "epoch": 2, "loss": 1.924521803855896, "acc": 0.004926108289510012, "acc_or": 0.04926108196377754, "sender_entropy": 2.2993757724761963, "receiver_entropy": 0.0, "original_loss": 2.7226502895355225, "mean_length": 6.0}
{"mode": "train", "epoch": 3, "loss": 1.9827932119369507, "acc": 0.005358677202214797, "acc_or": 0.07306936134894688, "sender_entropy": 2.299713929494222, "receiver_entropy": 0.0, "original_loss": 2.7150348822275796, "mean_length": 6.0}
{"mode": "test", "epoch": 3, "loss": 1.9135380983352661, "acc": 0.009852216579020023, "acc_or": 0.09605911374092102, "sender_entropy": 2.299630641937256, "receiver_entropy": 0.0, "original_loss": 2.7111287117004395, "mean_length": 6.0}
{"mode": "train", "epoch": 4, "loss": 1.924296259880066, "acc": 0.005192225178082784, "acc_or": 0.07260927061239879, "sender_entropy": 2.300069014231364, "receiver_entropy": 0.0, "original_loss": 2.7088070710500083, "mean_length": 6.0}
{"mode": "test", "epoch": 4, "loss": 1.9499762058258057, "acc": 0.004926108289510012, "acc_or": 0.08866994827985764, "sender_entropy": 2.3000240325927734, "receiver_entropy": 0.0, "original_loss": 2.699998617172241, "mean_length": 6.0}
{"mode": "train", "epoch": 5, "loss": 1.8469164768854778, "acc": 0.005778162584950526, "acc_or": 0.07302707682053249, "sender_entropy": 2.3004020055135093, "receiver_entropy": 0.0, "original_loss": 2.7079734802246094, "mean_length": 6.0}
{"mode": "test", "epoch": 5, "loss": 2.0205183029174805, "acc": 0.014778325334191322, "acc_or": 0.12807881832122803, "sender_entropy": 2.300320863723755, "receiver_entropy": 0.0, "original_loss": 2.6894800662994385, "mean_length": 6.0}
{"mode": "train", "epoch": 6, "loss": 1.8033522367477417, "acc": 0.0063117484872539835, "acc_or": 0.07331534723440807, "sender_entropy": 2.300527016321818, "receiver_entropy": 0.0, "original_loss": 2.707010189692179, "mean_length": 6.0}
{"mode": "test", "epoch": 6, "loss": 2.138289213180542, "acc": 0.009852216579020023, "acc_or": 0.11330048739910126, "sender_entropy": 2.3004252910614014, "receiver_entropy": 0.0, "original_loss": 2.6765315532684326, "mean_length": 6.0}
{"mode": "train", "epoch": 7, "loss": 1.780806064605713, "acc": 0.00577279319986701, "acc_or": 0.07613496234019597, "sender_entropy": 2.3005219300587973, "receiver_entropy": 0.0, "original_loss": 2.7056299845377603, "mean_length": 6.0}
{"mode": "test", "epoch": 7, "loss": 2.28812575340271, "acc": 0.03940886631608009, "acc_or": 0.16502462327480316, "sender_entropy": 2.3003714084625244, "receiver_entropy": 0.0, "original_loss": 2.6616642475128174, "mean_length": 6.0}
{"mode": "train", "epoch": 8, "loss": 1.7586156924565632, "acc": 0.006441956851631403, "acc_or": 0.07562486827373505, "sender_entropy": 2.3003501097361245, "receiver_entropy": 0.0, "original_loss": 2.704816977183024, "mean_length": 6.0}
{"mode": "test", "epoch": 8, "loss": 2.4080400466918945, "acc": 0.03940886631608009, "acc_or": 0.22660097479820251, "sender_entropy": 2.300171375274658, "receiver_entropy": 0.0, "original_loss": 2.649526357650757, "mean_length": 6.0}
{"mode": "train", "epoch": 9, "loss": 1.7481008370717366, "acc": 0.005233838222920895, "acc_or": 0.07694339503844579, "sender_entropy": 2.300059954325358, "receiver_entropy": 0.0, "original_loss": 2.7036336263020835, "mean_length": 6.0}
{"mode": "test", "epoch": 9, "loss": 2.607558488845825, "acc": 0.009852216579020023, "acc_or": 0.21182265877723694, "sender_entropy": 2.299849510192871, "receiver_entropy": 0.0, "original_loss": 2.63093900680542, "mean_length": 6.0}
{"mode": "train", "epoch": 10, "loss": 1.7390256722768147, "acc": 0.005908370949327946, "acc_or": 0.07932607332865398, "sender_entropy": 2.29962428410848, "receiver_entropy": 0.0, "original_loss": 2.702514410018921, "mean_length": 6.0}
{"mode": "test", "epoch": 10, "loss": 2.814849853515625, "acc": 0.014778325334191322, "acc_or": 0.20935960114002228, "sender_entropy": 2.299192190170288, "receiver_entropy": 0.0, "original_loss": 2.6112220287323, "mean_length": 6.0}
{"mode": "train", "epoch": 11, "loss": 1.7443532943725586, "acc": 0.007212468112508456, "acc_or": 0.08513141671816508, "sender_entropy": 2.298617362976074, "receiver_entropy": 0.0, "original_loss": 2.7004002730051675, "mean_length": 6.0}
{"mode": "test", "epoch": 11, "loss": 3.097243547439575, "acc": 0.009852216579020023, "acc_or": 0.2216748744249344, "sender_entropy": 2.2972395420074463, "receiver_entropy": 0.0, "original_loss": 2.583388328552246, "mean_length": 6.0}
{"mode": "train", "epoch": 12, "loss": 1.7926039695739746, "acc": 0.008337360651542744, "acc_or": 0.09099918603897095, "sender_entropy": 2.2955238819122314, "receiver_entropy": 0.0, "original_loss": 2.694662570953369, "mean_length": 6.0}
{"mode": "test", "epoch": 12, "loss": 3.4971389770507812, "acc": 0.009852216579020023, "acc_or": 0.1945812702178955, "sender_entropy": 2.2908055782318115, "receiver_entropy": 0.0, "original_loss": 2.5389513969421387, "mean_length": 6.0}
{"mode": "train", "epoch": 13, "loss": 1.930009166399638, "acc": 0.010451568135370811, "acc_or": 0.10428110510110855, "sender_entropy": 2.2842439810434976, "receiver_entropy": 0.0, "original_loss": 2.680426279703776, "mean_length": 6.0}
{"mode": "test", "epoch": 13, "loss": 3.79272723197937, "acc": 0.009852216579020023, "acc_or": 0.20443350076675415, "sender_entropy": 2.262704610824585, "receiver_entropy": 0.0, "original_loss": 2.4811997413635254, "mean_length": 6.0}
{"mode": "train", "epoch": 14, "loss": 2.484130382537842, "acc": 0.013274538330733776, "acc_or": 0.1266967381040255, "sender_entropy": 2.2364710172017417, "receiver_entropy": 0.0, "original_loss": 2.625094175338745, "mean_length": 6.0}
{"mode": "test", "epoch": 14, "loss": 3.392113208770752, "acc": 0.014778325334191322, "acc_or": 0.18472905457019806, "sender_entropy": 2.1966118812561035, "receiver_entropy": 0.0, "original_loss": 2.4573822021484375, "mean_length": 6.0}
{"mode": "train", "epoch": 15, "loss": 3.1041042804718018, "acc": 0.013404746850331625, "acc_or": 0.13867993156115213, "sender_entropy": 2.18127433458964, "receiver_entropy": 0.0, "original_loss": 2.5515640576680503, "mean_length": 6.0}
{"mode": "test", "epoch": 15, "loss": 3.0069055557250977, "acc": 0.014778325334191322, "acc_or": 0.18965516984462738, "sender_entropy": 2.1764137744903564, "receiver_entropy": 0.0, "original_loss": 2.4698779582977295, "mean_length": 6.0}
{"mode": "train", "epoch": 16, "loss": 3.494970162709554, "acc": 0.016477395469943684, "acc_or": 0.15198500951131186, "sender_entropy": 2.140319347381592, "receiver_entropy": 0.0, "original_loss": 2.4969579378763833, "mean_length": 6.0}
{"mode": "test", "epoch": 16, "loss": 3.0905370712280273, "acc": 0.014778325334191322, "acc_or": 0.22906403243541718, "sender_entropy": 2.1137948036193848, "receiver_entropy": 0.0, "original_loss": 2.4253721237182617, "mean_length": 6.0}
{"mode": "train", "epoch": 17, "loss": 3.6742169857025146, "acc": 0.020094367985924084, "acc_or": 0.1660975068807602, "sender_entropy": 2.108235994974772, "receiver_entropy": 0.0, "original_loss": 2.462475061416626, "mean_length": 6.0}
{"mode": "test", "epoch": 17, "loss": 3.818571090698242, "acc": 0.029556650668382645, "acc_or": 0.2536945641040802, "sender_entropy": 2.113421678543091, "receiver_entropy": 0.0, "original_loss": 2.3294684886932373, "mean_length": 6.0}
{"mode": "train", "epoch": 18, "loss": 3.9743669827779136, "acc": 0.02506778948009014, "acc_or": 0.18979039788246155, "sender_entropy": 2.083765745162964, "receiver_entropy": 0.0, "original_loss": 2.4150299231211343, "mean_length": 6.0}
{"mode": "test", "epoch": 18, "loss": 4.168288707733154, "acc": 0.02463054098188877, "acc_or": 0.26354679465293884, "sender_entropy": 2.0288169384002686, "receiver_entropy": 0.0, "original_loss": 2.22653865814209, "mean_length": 6.0}
{"mode": "train", "epoch": 19, "loss": 4.7013217608133955, "acc": 0.033084998528162636, "acc_or": 0.21974938611189523, "sender_entropy": 1.9817480246225994, "receiver_entropy": 0.0, "original_loss": 2.3063131173451743, "mean_length": 6.0}
{"mode": "test", "epoch": 19, "loss": 4.179540634155273, "acc": 0.029556650668382645, "acc_or": 0.2931034564971924, "sender_entropy": 1.9215734004974365, "receiver_entropy": 0.0, "original_loss": 2.160304546356201, "mean_length": 6.0}
{"mode": "train", "epoch": 20, "loss": 5.1627451578776045, "acc": 0.03878194962938627, "acc_or": 0.24055251479148865, "sender_entropy": 1.9064478874206543, "receiver_entropy": 0.0, "original_loss": 2.223231077194214, "mean_length": 6.0}
{"mode": "test", "epoch": 20, "loss": 4.4637250900268555, "acc": 0.04926108196377754, "acc_or": 0.32019704580307007, "sender_entropy": 1.924481987953186, "receiver_entropy": 0.0, "original_loss": 2.091309070587158, "mean_length": 6.0}
{"mode": "train", "epoch": 21, "loss": 5.393740812937419, "acc": 0.046638074020544686, "acc_or": 0.2637947003046672, "sender_entropy": 1.9058244625727336, "receiver_entropy": 0.0, "original_loss": 2.176156441370646, "mean_length": 6.0}
{"mode": "test", "epoch": 21, "loss": 4.5022430419921875, "acc": 0.04433497413992882, "acc_or": 0.32019704580307007, "sender_entropy": 1.9137169122695923, "receiver_entropy": 0.0, "original_loss": 2.0310380458831787, "mean_length": 6.0}
{"mode": "train", "epoch": 22, "loss": 5.717679659525554, "acc": 0.05531907950838407, "acc_or": 0.28203561902046204, "sender_entropy": 1.8685641288757324, "receiver_entropy": 0.0, "original_loss": 2.100917100906372, "mean_length": 6.0}
{"mode": "test", "epoch": 22, "loss": 4.380814552307129, "acc": 0.06403940916061401, "acc_or": 0.35467979311943054, "sender_entropy": 1.8396589756011963, "receiver_entropy": 0.0, "original_loss": 1.9781343936920166, "mean_length": 6.0}
{"mode": "train", "epoch": 23, "loss": 6.162793795267741, "acc": 0.06862784673770268, "acc_or": 0.3248694638411204, "sender_entropy": 1.7858468294143677, "receiver_entropy": 0.0, "original_loss": 1.9975119431813557, "mean_length": 6.0}
{"mode": "test", "epoch": 23, "loss": 4.525562286376953, "acc": 0.06896551698446274, "acc_or": 0.3522167503833771, "sender_entropy": 1.7524869441986084, "receiver_entropy": 0.0, "original_loss": 1.8756023645401, "mean_length": 6.0}
{"mode": "train", "epoch": 24, "loss": 6.649505456288655, "acc": 0.07771759976943333, "acc_or": 0.34793412685394287, "sender_entropy": 1.6988139152526855, "receiver_entropy": 0.0, "original_loss": 1.89095671971639, "mean_length": 6.0}
{"mode": "test", "epoch": 24, "loss": 5.006486892700195, "acc": 0.05911330133676529, "acc_or": 0.36206895112991333, "sender_entropy": 1.7497807741165161, "receiver_entropy": 0.0, "original_loss": 1.7733242511749268, "mean_length": 6.0}
{"mode": "train", "epoch": 25, "loss": 6.918950875600179, "acc": 0.08689392854770024, "acc_or": 0.3573490579922994, "sender_entropy": 1.697304646174113, "receiver_entropy": 0.0, "original_loss": 1.8307268619537354, "mean_length": 6.0}
{"mode": "test", "epoch": 25, "loss": 5.133845329284668, "acc": 0.08374384045600891, "acc_or": 0.39408865571022034, "sender_entropy": 1.7413939237594604, "receiver_entropy": 0.0, "original_loss": 1.7090381383895874, "mean_length": 6.0}
{"mode": "train", "epoch": 26, "loss": 7.33259932200114, "acc": 0.10137994090716045, "acc_or": 0.3774883945782979, "sender_entropy": 1.6634592215220134, "receiver_entropy": 0.0, "original_loss": 1.7465571562449138, "mean_length": 6.0}
{"mode": "test", "epoch": 26, "loss": 5.666621208190918, "acc": 0.08374384045600891, "acc_or": 0.40640392899513245, "sender_entropy": 1.7320342063903809, "receiver_entropy": 0.0, "original_loss": 1.6012885570526123, "mean_length": 6.0}
{"mode": "train", "epoch": 27, "loss": 7.389886220296224, "acc": 0.11585722863674164, "acc_or": 0.3863939046859741, "sender_entropy": 1.6498524745305378, "receiver_entropy": 0.0, "original_loss": 1.7029879490534465, "mean_length": 6.0}
{"mode": "test", "epoch": 27, "loss": 5.827620983123779, "acc": 0.1231527104973793, "acc_or": 0.4162561595439911, "sender_entropy": 1.706112027168274, "receiver_entropy": 0.0, "original_loss": 1.5466184616088867, "mean_length": 6.0}
{"mode": "train", "epoch": 28, "loss": 7.561779657999675, "acc": 0.12989690899848938, "acc_or": 0.4047683775424957, "sender_entropy": 1.5974480708440144, "receiver_entropy": 0.0, "original_loss": 1.6314452091852825, "mean_length": 6.0}
{"mode": "test", "epoch": 28, "loss": 5.928030490875244, "acc": 0.15763546526432037, "acc_or": 0.45812806487083435, "sender_entropy": 1.6657264232635498, "receiver_entropy": 0.0, "original_loss": 1.4720864295959473, "mean_length": 6.0}
{"mode": "train", "epoch": 29, "loss": 7.7760569254557295, "acc": 0.14824957648913065, "acc_or": 0.4255158007144928, "sender_entropy": 1.5535478989283245, "receiver_entropy": 0.0, "original_loss": 1.5574682553609211, "mean_length": 6.0}
{"mode": "test", "epoch": 29, "loss": 6.106701374053955, "acc": 0.18719211220741272, "acc_or": 0.5049260854721069, "sender_entropy": 1.6284284591674805, "receiver_entropy": 0.0, "original_loss": 1.3823500871658325, "mean_length": 6.0}
{"mode": "train", "epoch": 30, "loss": 7.972875436147054, "acc": 0.17494161427021027, "acc_or": 0.45379819472630817, "sender_entropy": 1.5119430621465046, "receiver_entropy": 0.0, "original_loss": 1.4838072458902996, "mean_length": 6.0}
{"mode": "test", "epoch": 30, "loss": 6.257437705993652, "acc": 0.2216748744249344, "acc_or": 0.5221675038337708, "sender_entropy": 1.5952708721160889, "receiver_entropy": 0.0, "original_loss": 1.301438331604004, "mean_length": 6.0}
{"mode": "train", "epoch": 31, "loss": 8.0380277633667, "acc": 0.19563802083333334, "acc_or": 0.47975193460782367, "sender_entropy": 1.4808866580327351, "receiver_entropy": 0.0, "original_loss": 1.4155268669128418, "mean_length": 6.0}
{"mode": "test", "epoch": 31, "loss": 6.198041915893555, "acc": 0.2610837519168854, "acc_or": 0.5517241358757019, "sender_entropy": 1.5602350234985352, "receiver_entropy": 0.0, "original_loss": 1.2252265214920044, "mean_length": 6.0}
{"mode": "train", "epoch": 32, "loss": 8.097481727600098, "acc": 0.2276256481806437, "acc_or": 0.5106760859489441, "sender_entropy": 1.434389551480611, "receiver_entropy": 0.0, "original_loss": 1.3442962964375813, "mean_length": 6.0}
{"mode": "test", "epoch": 32, "loss": 6.328971862792969, "acc": 0.2660098373889923, "acc_or": 0.568965494632721, "sender_entropy": 1.519531488418579, "receiver_entropy": 0.0, "original_loss": 1.1251609325408936, "mean_length": 6.0}
{"mode": "train", "epoch": 33, "loss": 8.05752674738566, "acc": 0.23914170265197754, "acc_or": 0.5279914538065592, "sender_entropy": 1.3809564510981243, "receiver_entropy": 0.0, "original_loss": 1.2755404313405354, "mean_length": 6.0}
{"mode": "test", "epoch": 33, "loss": 6.235321044921875, "acc": 0.33497536182403564, "acc_or": 0.6133005023002625, "sender_entropy": 1.4796642065048218, "receiver_entropy": 0.0, "original_loss": 1.055187463760376, "mean_length": 6.0}
{"mode": "train", "epoch": 34, "loss": 8.09716542561849, "acc": 0.266244500875473, "acc_or": 0.5520836710929871, "sender_entropy": 1.353278358777364, "receiver_entropy": 0.0, "original_loss": 1.2179113229115803, "mean_length": 6.0}
{"mode": "test", "epoch": 34, "loss": 6.007516860961914, "acc": 0.33497536182403564, "acc_or": 0.6108373999595642, "sender_entropy": 1.4569473266601562, "receiver_entropy": 0.0, "original_loss": 1.0463305711746216, "mean_length": 6.0}
{"mode": "train", "epoch": 35, "loss": 7.8606235186258955, "acc": 0.28409244616826373, "acc_or": 0.563453753789266, "sender_entropy": 1.3319022258122761, "receiver_entropy": 0.0, "original_loss": 1.1983163754145305, "mean_length": 6.0}
{"mode": "test", "epoch": 35, "loss": 6.0878472328186035, "acc": 0.35467979311943054, "acc_or": 0.6256157755851746, "sender_entropy": 1.427086591720581, "receiver_entropy": 0.0, "original_loss": 0.9721902012825012, "mean_length": 6.0}
{"mode": "train", "epoch": 36, "loss": 7.796065171559651, "acc": 0.2929345369338989, "acc_or": 0.5734502673149109, "sender_entropy": 1.3006107409795125, "receiver_entropy": 0.0, "original_loss": 1.149841547012329, "mean_length": 6.0}
{"mode": "test", "epoch": 36, "loss": 5.941449165344238, "acc": 0.3842364549636841, "acc_or": 0.6527093648910522, "sender_entropy": 1.411040186882019, "receiver_entropy": 0.0, "original_loss": 0.9505693316459656, "mean_length": 6.0}
{"mode": "train", "epoch": 37, "loss": 7.767833232879639, "acc": 0.3139839867750804, "acc_or": 0.5882775783538818, "sender_entropy": 1.2820067405700684, "receiver_entropy": 0.0, "original_loss": 1.1092352072397869, "mean_length": 6.0}
{"mode": "test", "epoch": 37, "loss": 5.891261577606201, "acc": 0.4236453175544739, "acc_or": 0.6674876809120178, "sender_entropy": 1.3917789459228516, "receiver_entropy": 0.0, "original_loss": 0.9104105830192566, "mean_length": 6.0}
{"mode": "train", "epoch": 38, "loss": 7.590198198954265, "acc": 0.3222414751847585, "acc_or": 0.5941741863886515, "sender_entropy": 1.2721480925877888, "receiver_entropy": 0.0, "original_loss": 1.0954420963923137, "mean_length": 6.0}
{"mode": "test", "epoch": 38, "loss": 5.771872520446777, "acc": 0.39901477098464966, "acc_or": 0.6625615358352661, "sender_entropy": 1.3673344850540161, "receiver_entropy": 0.0, "original_loss": 0.8703072667121887, "mean_length": 6.0}
{"mode": "train", "epoch": 39, "loss": 7.5753739674886065, "acc": 0.33719999591509503, "acc_or": 0.6085158983866373, "sender_entropy": 1.255076805750529, "receiver_entropy": 0.0, "original_loss": 1.0557890335718791, "mean_length": 6.0}
{"mode": "test", "epoch": 39, "loss": 5.930763244628906, "acc": 0.4433497488498688, "acc_or": 0.6847290396690369, "sender_entropy": 1.3675793409347534, "receiver_entropy": 0.0, "original_loss": 0.8038995265960693, "mean_length": 6.0}
{"mode": "train", "epoch": 40, "loss": 7.529841264088948, "acc": 0.3555036683877309, "acc_or": 0.6196779211362203, "sender_entropy": 1.2507279713948567, "receiver_entropy": 0.0, "original_loss": 1.0233522256215413, "mean_length": 6.0}
{"mode": "test", "epoch": 40, "loss": 5.909444808959961, "acc": 0.5270935893058777, "acc_or": 0.7413793206214905, "sender_entropy": 1.3710107803344727, "receiver_entropy": 0.0, "original_loss": 0.7596386075019836, "mean_length": 6.0}
{"mode": "train", "epoch": 41, "loss": 7.527046998341878, "acc": 0.38009558121363324, "acc_or": 0.6377429763476054, "sender_entropy": 1.2409331401189168, "receiver_entropy": 0.0, "original_loss": 0.9816445708274841, "mean_length": 6.0}
{"mode": "test", "epoch": 41, "loss": 5.610325336456299, "acc": 0.5221675038337708, "acc_or": 0.7339901328086853, "sender_entropy": 1.346889615058899, "receiver_entropy": 0.0, "original_loss": 0.7643605470657349, "mean_length": 6.0}
{"mode": "train", "epoch": 42, "loss": 7.512971719106038, "acc": 0.3936486641565959, "acc_or": 0.6472421487172445, "sender_entropy": 1.219325304031372, "receiver_entropy": 0.0, "original_loss": 0.942626972993215, "mean_length": 6.0}
{"mode": "test", "epoch": 42, "loss": 5.582480430603027, "acc": 0.49753692746162415, "acc_or": 0.7315270900726318, "sender_entropy": 1.3355915546417236, "receiver_entropy": 0.0, "original_loss": 0.7356345057487488, "mean_length": 6.0}
{"mode": "train", "epoch": 43, "loss": 7.410923322041829, "acc": 0.4146981139977773, "acc_or": 0.6594072381655375, "sender_entropy": 1.212270736694336, "receiver_entropy": 0.0, "original_loss": 0.9135770400365194, "mean_length": 6.0}
{"mode": "test", "epoch": 43, "loss": 5.454061508178711, "acc": 0.5320196747779846, "acc_or": 0.7364531755447388, "sender_entropy": 1.3376470804214478, "receiver_entropy": 0.0, "original_loss": 0.7327669262886047, "mean_length": 6.0}
{"mode": "train", "epoch": 44, "loss": 7.361061414082845, "acc": 0.4309345583120982, "acc_or": 0.6713404258092245, "sender_entropy": 1.2073215246200562, "receiver_entropy": 0.0, "original_loss": 0.8941577275594076, "mean_length": 6.0}
{"mode": "test", "epoch": 44, "loss": 5.7432966232299805, "acc": 0.5862069129943848, "acc_or": 0.7758620381355286, "sender_entropy": 1.340522289276123, "receiver_entropy": 0.0, "original_loss": 0.6458532810211182, "mean_length": 6.0}
{"mode": "train", "epoch": 45, "loss": 7.268167495727539, "acc": 0.44672131538391113, "acc_or": 0.6810449759165446, "sender_entropy": 1.2000641028086345, "receiver_entropy": 0.0, "original_loss": 0.8664613564809164, "mean_length": 6.0}
{"mode": "test", "epoch": 45, "loss": 5.590572834014893, "acc": 0.5911329984664917, "acc_or": 0.7857142686843872, "sender_entropy": 1.3237775564193726, "receiver_entropy": 0.0, "original_loss": 0.6238909363746643, "mean_length": 6.0}
{"mode": "train", "epoch": 46, "loss": 7.274780909220378, "acc": 0.45742591222127277, "acc_or": 0.6917650103569031, "sender_entropy": 1.1840694348017375, "receiver_entropy": 0.0, "original_loss": 0.8336175481478373, "mean_length": 6.0}
{"mode": "test", "epoch": 46, "loss": 5.671330451965332, "acc": 0.6600984930992126, "acc_or": 0.8226600885391235, "sender_entropy": 1.3195009231567383, "receiver_entropy": 0.0, "original_loss": 0.5666561126708984, "mean_length": 6.0}
{"mode": "train", "epoch": 47, "loss": 7.211608250935872, "acc": 0.4762363135814667, "acc_or": 0.6999929745992025, "sender_entropy": 1.1832689046859741, "receiver_entropy": 0.0, "original_loss": 0.8141124844551086, "mean_length": 6.0}
{"mode": "test", "epoch": 47, "loss": 5.603994369506836, "acc": 0.6945812702178955, "acc_or": 0.8399014472961426, "sender_entropy": 1.3149490356445312, "receiver_entropy": 0.0, "original_loss": 0.5567183494567871, "mean_length": 6.0}
{"mode": "train", "epoch": 48, "loss": 7.117624123891194, "acc": 0.48293668031692505, "acc_or": 0.7020155588785807, "sender_entropy": 1.1838059425354004, "receiver_entropy": 0.0, "original_loss": 0.8054003119468689, "mean_length": 6.0}
{"mode": "test", "epoch": 48, "loss": 5.712527275085449, "acc": 0.6896551847457886, "acc_or": 0.8399014472961426, "sender_entropy": 1.3169478178024292, "receiver_entropy": 0.0, "original_loss": 0.5156176686286926, "mean_length": 6.0}
{"mode": "train", "epoch": 49, "loss": 6.939000129699707, "acc": 0.4944406549135844, "acc_or": 0.7125493486722311, "sender_entropy": 1.18670388062795, "receiver_entropy": 0.0, "original_loss": 0.7937849362691244, "mean_length": 6.0}
{"mode": "test", "epoch": 49, "loss": 5.6049323081970215, "acc": 0.7093595862388611, "acc_or": 0.8546797633171082, "sender_entropy": 1.3024717569351196, "receiver_entropy": 0.0, "original_loss": 0.4834705889225006, "mean_length": 6.0}
{"mode": "train", "epoch": 50, "loss": 6.948643525441487, "acc": 0.5207366943359375, "acc_or": 0.7280421257019043, "sender_entropy": 1.1665238936742146, "receiver_entropy": 0.0, "original_loss": 0.7494893074035645, "mean_length": 6.0}
{"mode": "test", "epoch": 50, "loss": 5.323843002319336, "acc": 0.6502463221549988, "acc_or": 0.8226600885391235, "sender_entropy": 1.2768324613571167, "receiver_entropy": 0.0, "original_loss": 0.5119583606719971, "mean_length": 6.0}
{"mode": "train", "epoch": 51, "loss": 6.822286605834961, "acc": 0.5298949082692465, "acc_or": 0.7354932228724161, "sender_entropy": 1.138630787531535, "receiver_entropy": 0.0, "original_loss": 0.7304126024246216, "mean_length": 6.0}
{"mode": "test", "epoch": 51, "loss": 5.224320888519287, "acc": 0.6748768091201782, "acc_or": 0.8325123190879822, "sender_entropy": 1.2583955526351929, "receiver_entropy": 0.0, "original_loss": 0.47663164138793945, "mean_length": 6.0}
{"mode": "train", "epoch": 52, "loss": 6.82435671488444, "acc": 0.5586199363072714, "acc_or": 0.7505500316619873, "sender_entropy": 1.1328832705815632, "receiver_entropy": 0.0, "original_loss": 0.6919864217440287, "mean_length": 6.0}
{"mode": "test", "epoch": 52, "loss": 5.289210796356201, "acc": 0.7290640473365784, "acc_or": 0.8620689511299133, "sender_entropy": 1.2488378286361694, "receiver_entropy": 0.0, "original_loss": 0.4180360436439514, "mean_length": 6.0}
{"mode": "train", "epoch": 53, "loss": 6.749031225840251, "acc": 0.5635980566342672, "acc_or": 0.7544724146525065, "sender_entropy": 1.1213809649149578, "receiver_entropy": 0.0, "original_loss": 0.6736406087875366, "mean_length": 6.0}
{"mode": "test", "epoch": 53, "loss": 5.1946940422058105, "acc": 0.7635467648506165, "acc_or": 0.8817734122276306, "sender_entropy": 1.225548505783081, "receiver_entropy": 0.0, "original_loss": 0.4039495289325714, "mean_length": 6.0}
{"mode": "train", "epoch": 54, "loss": 6.642567316691081, "acc": 0.574087897936503, "acc_or": 0.7621389230092367, "sender_entropy": 1.103771448135376, "receiver_entropy": 0.0, "original_loss": 0.6572988629341125, "mean_length": 6.0}
{"mode": "test", "epoch": 54, "loss": 5.036653995513916, "acc": 0.7684729099273682, "acc_or": 0.8768472671508789, "sender_entropy": 1.2111097574234009, "receiver_entropy": 0.0, "original_loss": 0.39913511276245117, "mean_length": 6.0}
{"mode": "train", "epoch": 55, "loss": 6.624842484792073, "acc": 0.595057467619578, "acc_or": 0.7759785850842794, "sender_entropy": 1.0892378489176433, "receiver_entropy": 0.0, "original_loss": 0.6235848665237427, "mean_length": 6.0}
{"mode": "test", "epoch": 55, "loss": 4.969363212585449, "acc": 0.8029556274414062, "acc_or": 0.8990147709846497, "sender_entropy": 1.2029938697814941, "receiver_entropy": 0.0, "original_loss": 0.3593330979347229, "mean_length": 6.0}
{"mode": "train", "epoch": 56, "loss": 6.558057943979899, "acc": 0.6130597790082296, "acc_or": 0.7853432099024454, "sender_entropy": 1.0882846514383953, "receiver_entropy": 0.0, "original_loss": 0.6052661339441935, "mean_length": 6.0}
{"mode": "test", "epoch": 56, "loss": 5.012317180633545, "acc": 0.8128078579902649, "acc_or": 0.9039408564567566, "sender_entropy": 1.203162431716919, "receiver_entropy": 0.0, "original_loss": 0.3346432149410248, "mean_length": 6.0}
{"mode": "train", "epoch": 57, "loss": 6.401744524637858, "acc": 0.6012470523516337, "acc_or": 0.7787341078122457, "sender_entropy": 1.0901090701421101, "receiver_entropy": 0.0, "original_loss": 0.6141680280367533, "mean_length": 6.0}
{"mode": "test", "epoch": 57, "loss": 4.778524875640869, "acc": 0.7881773114204407, "acc_or": 0.889162540435791, "sender_entropy": 1.209602952003479, "receiver_entropy": 0.0, "original_loss": 0.37977930903434753, "mean_length": 6.0}
{"mode": "train", "epoch": 58, "loss": 6.365324338277181, "acc": 0.6076789498329163, "acc_or": 0.7811399499575297, "sender_entropy": 1.0975377957026164, "receiver_entropy": 0.0, "original_loss": 0.606638769308726, "mean_length": 6.0}
{"mode": "test", "epoch": 58, "loss": 4.89736270904541, "acc": 0.7832512259483337, "acc_or": 0.889162540435791, "sender_entropy": 1.2254661321640015, "receiver_entropy": 0.0, "original_loss": 0.33777910470962524, "mean_length": 6.0}
{"mode": "train", "epoch": 59, "loss": 6.43281618754069, "acc": 0.6223025520642599, "acc_or": 0.7892836531003317, "sender_entropy": 1.1083039840062459, "receiver_entropy": 0.0, "original_loss": 0.5907369454701742, "mean_length": 6.0}
{"mode": "test", "epoch": 59, "loss": 5.056666374206543, "acc": 0.8669950366020203, "acc_or": 0.9334975481033325, "sender_entropy": 1.236868977546692, "receiver_entropy": 0.0, "original_loss": 0.298410028219223, "mean_length": 6.0}
{"mode": "train", "epoch": 60, "loss": 6.356283028920491, "acc": 0.6314379374186198, "acc_or": 0.7943930228551229, "sender_entropy": 1.1151587963104248, "receiver_entropy": 0.0, "original_loss": 0.5733739137649536, "mean_length": 6.0}
{"mode": "test", "epoch": 60, "loss": 4.9296770095825195, "acc": 0.8571428656578064, "acc_or": 0.9285714030265808, "sender_entropy": 1.2258281707763672, "receiver_entropy": 0.0, "original_loss": 0.2952669560909271, "mean_length": 6.0}
{"mode": "train", "epoch": 61, "loss": 6.3460313479105634, "acc": 0.6480851570765177, "acc_or": 0.8056275049845377, "sender_entropy": 1.1081934769948323, "receiver_entropy": 0.0, "original_loss": 0.5548096696535746, "mean_length": 6.0}
{"mode": "test", "epoch": 61, "loss": 4.799081802368164, "acc": 0.8571428656578064, "acc_or": 0.9236453175544739, "sender_entropy": 1.2193950414657593, "receiver_entropy": 0.0, "original_loss": 0.2885780334472656, "mean_length": 6.0}
{"mode": "train", "epoch": 62, "loss": 6.2690402666727705, "acc": 0.6663908163706461, "acc_or": 0.8144383827845255, "sender_entropy": 1.0924291610717773, "receiver_entropy": 0.0, "original_loss": 0.5320865511894226, "mean_length": 6.0}
{"mode": "test", "epoch": 62, "loss": 4.648152828216553, "acc": 0.8620689511299133, "acc_or": 0.9310344457626343, "sender_entropy": 1.1944077014923096, "receiver_entropy": 0.0, "original_loss": 0.27321797609329224, "mean_length": 6.0}
{"mode": "train", "epoch": 63, "loss": 6.109869956970215, "acc": 0.6645658810933431, "acc_or": 0.8161763747533163, "sender_entropy": 1.0768047173817952, "receiver_entropy": 0.0, "original_loss": 0.5215982993443807, "mean_length": 6.0}
{"mode": "test", "epoch": 63, "loss": 4.632286071777344, "acc": 0.8916255831718445, "acc_or": 0.9458128213882446, "sender_entropy": 1.1692267656326294, "receiver_entropy": 0.0, "original_loss": 0.23574955761432648, "mean_length": 6.0}
{"mode": "train", "epoch": 64, "loss": 6.094401836395264, "acc": 0.686752994855245, "acc_or": 0.8263131777445475, "sender_entropy": 1.056938370068868, "receiver_entropy": 0.0, "original_loss": 0.4947400490442912, "mean_length": 6.0}
{"mode": "test", "epoch": 64, "loss": 4.493753433227539, "acc": 0.9162561297416687, "acc_or": 0.958128035068512, "sender_entropy": 1.1516081094741821, "receiver_entropy": 0.0, "original_loss": 0.2268526405096054, "mean_length": 6.0}
{"mode": "train", "epoch": 65, "loss": 5.961735089619954, "acc": 0.7089864015579224, "acc_or": 0.8389843304951986, "sender_entropy": 1.0358461141586304, "receiver_entropy": 0.0, "original_loss": 0.47035764654477435, "mean_length": 6.0}
{"mode": "test", "epoch": 65, "loss": 4.262355327606201, "acc": 0.8965517282485962, "acc_or": 0.9482758641242981, "sender_entropy": 1.1285542249679565, "receiver_entropy": 0.0, "original_loss": 0.23597267270088196, "mean_length": 6.0}
{"mode": "train", "epoch": 66, "loss": 5.938046455383301, "acc": 0.7104462186495463, "acc_or": 0.8405749996503195, "sender_entropy": 1.0251781543095906, "receiver_entropy": 0.0, "original_loss": 0.4545692205429077, "mean_length": 6.0}
{"mode": "test", "epoch": 66, "loss": 4.215967655181885, "acc": 0.8522167205810547, "acc_or": 0.9261083602905273, "sender_entropy": 1.12449312210083, "receiver_entropy": 0.0, "original_loss": 0.2360052764415741, "mean_length": 6.0}
{"mode": "train", "epoch": 67, "loss": 5.842238426208496, "acc": 0.7191614508628845, "acc_or": 0.8457565108935038, "sender_entropy": 1.0228262742360432, "receiver_entropy": 0.0, "original_loss": 0.44587324062983197, "mean_length": 6.0}
{"mode": "test", "epoch": 67, "loss": 4.177669048309326, "acc": 0.9014778137207031, "acc_or": 0.9507389068603516, "sender_entropy": 1.1122514009475708, "receiver_entropy": 0.0, "original_loss": 0.20503602921962738, "mean_length": 6.0}
{"mode": "train", "epoch": 68, "loss": 5.839172840118408, "acc": 0.7343696554501852, "acc_or": 0.8557406067848206, "sender_entropy": 1.015511115392049, "receiver_entropy": 0.0, "original_loss": 0.42183399200439453, "mean_length": 6.0}
{"mode": "test", "epoch": 68, "loss": 4.125686168670654, "acc": 0.9064038991928101, "acc_or": 0.9507389068603516, "sender_entropy": 1.1235309839248657, "receiver_entropy": 0.0, "original_loss": 0.2185060679912567, "mean_length": 6.0}
{"mode": "train", "epoch": 69, "loss": 5.7576797803243, "acc": 0.7403974930445353, "acc_or": 0.8589055339495341, "sender_entropy": 1.0195809205373128, "receiver_entropy": 0.0, "original_loss": 0.4240156610806783, "mean_length": 6.0}
{"mode": "test", "epoch": 69, "loss": 4.088447570800781, "acc": 0.9014778137207031, "acc_or": 0.9507389068603516, "sender_entropy": 1.1220852136611938, "receiver_entropy": 0.0, "original_loss": 0.19587017595767975, "mean_length": 6.0}
{"mode": "train", "epoch": 70, "loss": 5.666156927744548, "acc": 0.733408510684967, "acc_or": 0.8555087049802145, "sender_entropy": 1.0183152357737224, "receiver_entropy": 0.0, "original_loss": 0.4199616511662801, "mean_length": 6.0}
{"mode": "test", "epoch": 70, "loss": 4.038492679595947, "acc": 0.9310344457626343, "acc_or": 0.9655172228813171, "sender_entropy": 1.1104553937911987, "receiver_entropy": 0.0, "original_loss": 0.17804372310638428, "mean_length": 6.0}
{"mode": "train", "epoch": 71, "loss": 5.677315870920817, "acc": 0.7468676368395487, "acc_or": 0.8623204628626505, "sender_entropy": 1.0074210564295452, "receiver_entropy": 0.0, "original_loss": 0.40208982427914935, "mean_length": 6.0}
{"mode": "test", "epoch": 71, "loss": 4.097588062286377, "acc": 0.9458128213882446, "acc_or": 0.9729064106941223, "sender_entropy": 1.1072114706039429, "receiver_entropy": 0.0, "original_loss": 0.15743029117584229, "mean_length": 6.0}
{"mode": "train", "epoch": 72, "loss": 5.612138748168945, "acc": 0.763220210870107, "acc_or": 0.8725485404332479, "sender_entropy": 1.0030486186345418, "receiver_entropy": 0.0, "original_loss": 0.38242525855700177, "mean_length": 6.0}
{"mode": "test", "epoch": 72, "loss": 4.0740647315979, "acc": 0.9408866763114929, "acc_or": 0.9704433083534241, "sender_entropy": 1.1099497079849243, "receiver_entropy": 0.0, "original_loss": 0.16388723254203796, "mean_length": 6.0}
{"mode": "train", "epoch": 73, "loss": 5.659094015757243, "acc": 0.7717709938685099, "acc_or": 0.8756691813468933, "sender_entropy": 1.01160462697347, "receiver_entropy": 0.0, "original_loss": 0.3724302450815837, "mean_length": 6.0}
{"mode": "test", "epoch": 73, "loss": 4.12637186050415, "acc": 0.9408866763114929, "acc_or": 0.9679802656173706, "sender_entropy": 1.1189099550247192, "receiver_entropy": 0.0, "original_loss": 0.14581242203712463, "mean_length": 6.0}
{"mode": "train", "epoch": 74, "loss": 5.594676335652669, "acc": 0.7842770218849182, "acc_or": 0.8836484750111898, "sender_entropy": 1.0127857128779094, "receiver_entropy": 0.0, "original_loss": 0.3588679830233256, "mean_length": 6.0}
{"mode": "test", "epoch": 74, "loss": 3.9981565475463867, "acc": 0.9507389068603516, "acc_or": 0.9729064106941223, "sender_entropy": 1.1132415533065796, "receiver_entropy": 0.0, "original_loss": 0.14839670062065125, "mean_length": 6.0}
{"mode": "train", "epoch": 75, "loss": 5.562789122263591, "acc": 0.7884000738461813, "acc_or": 0.8866187731424967, "sender_entropy": 1.007512092590332, "receiver_entropy": 0.0, "original_loss": 0.3473997116088867, "mean_length": 6.0}
{"mode": "test", "epoch": 75, "loss": 3.9141786098480225, "acc": 0.9655172228813171, "acc_or": 0.9802955389022827, "sender_entropy": 1.0937330722808838, "receiver_entropy": 0.0, "original_loss": 0.1270381510257721, "mean_length": 6.0}
{"mode": "train", "epoch": 76, "loss": 5.4710642496744795, "acc": 0.7933526833852133, "acc_or": 0.8876681526501974, "sender_entropy": 0.995994508266449, "receiver_entropy": 0.0, "original_loss": 0.336480975151062, "mean_length": 6.0}
{"mode": "test", "epoch": 76, "loss": 3.804628849029541, "acc": 0.9458128213882446, "acc_or": 0.9729064106941223, "sender_entropy": 1.089311957359314, "receiver_entropy": 0.0, "original_loss": 0.13848038017749786, "mean_length": 6.0}
{"mode": "train", "epoch": 77, "loss": 5.391815185546875, "acc": 0.7947628100713094, "acc_or": 0.8882936835289001, "sender_entropy": 0.9861380656560262, "receiver_entropy": 0.0, "original_loss": 0.3351891338825226, "mean_length": 6.0}
{"mode": "test", "epoch": 77, "loss": 3.765965223312378, "acc": 0.9507389068603516, "acc_or": 0.9753694534301758, "sender_entropy": 1.075813889503479, "receiver_entropy": 0.0, "original_loss": 0.12847241759300232, "mean_length": 6.0}
{"mode": "train", "epoch": 78, "loss": 5.350468158721924, "acc": 0.8008121649424235, "acc_or": 0.89323623975118, "sender_entropy": 0.9777307709058126, "receiver_entropy": 0.0, "original_loss": 0.3174978693326314, "mean_length": 6.0}
{"mode": "test", "epoch": 78, "loss": 3.6826164722442627, "acc": 0.9753694534301758, "acc_or": 0.9876847267150879, "sender_entropy": 1.0640910863876343, "receiver_entropy": 0.0, "original_loss": 0.12519879639148712, "mean_length": 6.0}
{"mode": "train", "epoch": 79, "loss": 5.247989813486735, "acc": 0.8065882921218872, "acc_or": 0.8946520884831747, "sender_entropy": 0.9734461506207784, "receiver_entropy": 0.0, "original_loss": 0.31513015429178876, "mean_length": 6.0}
{"mode": "test", "epoch": 79, "loss": 3.536162853240967, "acc": 0.9310344457626343, "acc_or": 0.9605911374092102, "sender_entropy": 1.061117172241211, "receiver_entropy": 0.0, "original_loss": 0.14857125282287598, "mean_length": 6.0}
{"mode": "train", "epoch": 80, "loss": 5.149247964223226, "acc": 0.8122926354408264, "acc_or": 0.8986600041389465, "sender_entropy": 0.9621995290120443, "receiver_entropy": 0.0, "original_loss": 0.3045848210652669, "mean_length": 6.0}
{"mode": "test", "epoch": 80, "loss": 3.5826456546783447, "acc": 0.9605911374092102, "acc_or": 0.9802955389022827, "sender_entropy": 1.0531506538391113, "receiver_entropy": 0.0, "original_loss": 0.10892687737941742, "mean_length": 6.0}
{"mode": "train", "epoch": 81, "loss": 5.152262051900228, "acc": 0.8254913290341696, "acc_or": 0.9064141313234965, "sender_entropy": 0.958903173605601, "receiver_entropy": 0.0, "original_loss": 0.2854219675064087, "mean_length": 6.0}
{"mode": "test", "epoch": 81, "loss": 3.5895326137542725, "acc": 0.9852216839790344, "acc_or": 0.9926108121871948, "sender_entropy": 1.0473953485488892, "receiver_entropy": 0.0, "original_loss": 0.0927446037530899, "mean_length": 6.0}
{"mode": "train", "epoch": 82, "loss": 5.065252939860026, "acc": 0.8241905768712362, "acc_or": 0.9058459599812826, "sender_entropy": 0.9533940156300863, "receiver_entropy": 0.0, "original_loss": 0.2931327124436696, "mean_length": 6.0}
{"mode": "test", "epoch": 82, "loss": 3.4622766971588135, "acc": 0.9507389068603516, "acc_or": 0.9753694534301758, "sender_entropy": 1.0392519235610962, "receiver_entropy": 0.0, "original_loss": 0.1079908087849617, "mean_length": 6.0}
{"mode": "train", "epoch": 83, "loss": 5.056979656219482, "acc": 0.8335575262705485, "acc_or": 0.9109851916631063, "sender_entropy": 0.9552101492881775, "receiver_entropy": 0.0, "original_loss": 0.27827532092730206, "mean_length": 6.0}
{"mode": "test", "epoch": 83, "loss": 3.504605770111084, "acc": 0.9802955389022827, "acc_or": 0.9901477694511414, "sender_entropy": 1.0416735410690308, "receiver_entropy": 0.0, "original_loss": 0.09992223232984543, "mean_length": 6.0}
{"mode": "train", "epoch": 84, "loss": 4.961515426635742, "acc": 0.8311137557029724, "acc_or": 0.9089286923408508, "sender_entropy": 0.9537191390991211, "receiver_entropy": 0.0, "original_loss": 0.2783312499523163, "mean_length": 6.0}
{"mode": "test", "epoch": 84, "loss": 3.5413243770599365, "acc": 0.9655172228813171, "acc_or": 0.9827585816383362, "sender_entropy": 1.0565087795257568, "receiver_entropy": 0.0, "original_loss": 0.0848155990242958, "mean_length": 6.0}
{"mode": "train", "epoch": 85, "loss": 4.892938137054443, "acc": 0.8148243029912313, "acc_or": 0.9006926814715067, "sender_entropy": 0.9613658984502157, "receiver_entropy": 0.0, "original_loss": 0.29171517491340637, "mean_length": 6.0}
{"mode": "test", "epoch": 85, "loss": 3.486112117767334, "acc": 0.9802955389022827, "acc_or": 0.9901477694511414, "sender_entropy": 1.0457886457443237, "receiver_entropy": 0.0, "original_loss": 0.07734370231628418, "mean_length": 6.0}
{"mode": "train", "epoch": 86, "loss": 4.90635363260905, "acc": 0.8260121544202169, "acc_or": 0.9068906505902609, "sender_entropy": 0.9667617082595825, "receiver_entropy": 0.0, "original_loss": 0.2823249598344167, "mean_length": 6.0}
{"mode": "test", "epoch": 86, "loss": 3.535757064819336, "acc": 0.9802955389022827, "acc_or": 0.9901477694511414, "sender_entropy": 1.068279504776001, "receiver_entropy": 0.0, "original_loss": 0.07738077640533447, "mean_length": 6.0}
{"mode": "train", "epoch": 87, "loss": 4.912268002827962, "acc": 0.8302056789398193, "acc_or": 0.9095941583315531, "sender_entropy": 0.9737541079521179, "receiver_entropy": 0.0, "original_loss": 0.274278203646342, "mean_length": 6.0}
{"mode": "test", "epoch": 87, "loss": 3.519775390625, "acc": 0.9950738549232483, "acc_or": 0.9975369572639465, "sender_entropy": 1.0711708068847656, "receiver_entropy": 0.0, "original_loss": 0.07075388729572296, "mean_length": 6.0}
{"mode": "train", "epoch": 88, "loss": 4.881056149800618, "acc": 0.833030641078949, "acc_or": 0.9101032614707947, "sender_entropy": 0.9774879217147827, "receiver_entropy": 0.0, "original_loss": 0.2714010179042816, "mean_length": 6.0}
{"mode": "test", "epoch": 88, "loss": 3.5151569843292236, "acc": 0.9950738549232483, "acc_or": 0.9975369572639465, "sender_entropy": 1.0744242668151855, "receiver_entropy": 0.0, "original_loss": 0.063031405210495, "mean_length": 6.0}
{"mode": "train", "epoch": 89, "loss": 4.912362893422444, "acc": 0.8426412542661031, "acc_or": 0.915192445119222, "sender_entropy": 0.9787132938702902, "receiver_entropy": 0.0, "original_loss": 0.2551853060722351, "mean_length": 6.0}
{"mode": "test", "epoch": 89, "loss": 3.4553213119506836, "acc": 0.9901477694511414, "acc_or": 0.9950738549232483, "sender_entropy": 1.08022141456604, "receiver_entropy": 0.0, "original_loss": 0.06906654685735703, "mean_length": 6.0}
{"mode": "train", "epoch": 90, "loss": 4.865518411000569, "acc": 0.8378376166025797, "acc_or": 0.9125510454177856, "sender_entropy": 0.9848507046699524, "receiver_entropy": 0.0, "original_loss": 0.2617960125207901, "mean_length": 6.0}
{"mode": "test", "epoch": 90, "loss": 3.3595619201660156, "acc": 0.9753694534301758, "acc_or": 0.9876847267150879, "sender_entropy": 1.070655107498169, "receiver_entropy": 0.0, "original_loss": 0.07144839316606522, "mean_length": 6.0}
{"mode": "train", "epoch": 91, "loss": 4.815153916676839, "acc": 0.847321351369222, "acc_or": 0.9177811741828918, "sender_entropy": 0.9763387242952982, "receiver_entropy": 0.0, "original_loss": 0.2548579275608063, "mean_length": 6.0}
{"mode": "test", "epoch": 91, "loss": 3.338189125061035, "acc": 0.9852216839790344, "acc_or": 0.9926108121871948, "sender_entropy": 1.06686532497406, "receiver_entropy": 0.0, "original_loss": 0.0645173043012619, "mean_length": 6.0}
{"mode": "train", "epoch": 92, "loss": 4.7794365882873535, "acc": 0.8504758874575297, "acc_or": 0.919959823290507, "sender_entropy": 0.975190261999766, "receiver_entropy": 0.0, "original_loss": 0.24713927507400513, "mean_length": 6.0}
{"mode": "test", "epoch": 92, "loss": 3.313880443572998, "acc": 0.9802955389022827, "acc_or": 0.9901477694511414, "sender_entropy": 1.0656484365463257, "receiver_entropy": 0.0, "original_loss": 0.07041691243648529, "mean_length": 6.0}
{"mode": "train", "epoch": 93, "loss": 4.78515625, "acc": 0.8628476659456888, "acc_or": 0.9256094495455424, "sender_entropy": 0.9720371762911478, "receiver_entropy": 0.0, "original_loss": 0.23554023106892905, "mean_length": 6.0}
{"mode": "test", "epoch": 93, "loss": 3.3086180686950684, "acc": 0.9901477694511414, "acc_or": 0.9950738549232483, "sender_entropy": 1.0662262439727783, "receiver_entropy": 0.0, "original_loss": 0.06214999035000801, "mean_length": 6.0}
{"mode": "train", "epoch": 94, "loss": 4.695870558420817, "acc": 0.856868843237559, "acc_or": 0.9236979285875956, "sender_entropy": 0.9683393836021423, "receiver_entropy": 0.0, "original_loss": 0.2331888029972712, "mean_length": 6.0}
{"mode": "test", "epoch": 94, "loss": 3.3343706130981445, "acc": 0.9852216839790344, "acc_or": 0.9926108121871948, "sender_entropy": 1.071366548538208, "receiver_entropy": 0.0, "original_loss": 0.057812582701444626, "mean_length": 6.0}
{"mode": "train", "epoch": 95, "loss": 4.688278357187907, "acc": 0.8690621058146158, "acc_or": 0.9297176996866862, "sender_entropy": 0.9665220181147257, "receiver_entropy": 0.0, "original_loss": 0.22054620583852133, "mean_length": 6.0}
{"mode": "test", "epoch": 95, "loss": 3.281890392303467, "acc": 0.9901477694511414, "acc_or": 0.9950738549232483, "sender_entropy": 1.06558358669281, "receiver_entropy": 0.0, "original_loss": 0.05704433470964432, "mean_length": 6.0}
{"mode": "train", "epoch": 96, "loss": 4.647252877553304, "acc": 0.8602086305618286, "acc_or": 0.9248288671175638, "sender_entropy": 0.9649905562400818, "receiver_entropy": 0.0, "original_loss": 0.22497991720835367, "mean_length": 6.0}
{"mode": "test", "epoch": 96, "loss": 3.2353296279907227, "acc": 0.9901477694511414, "acc_or": 0.9950738549232483, "sender_entropy": 1.0604745149612427, "receiver_entropy": 0.0, "original_loss": 0.05156683176755905, "mean_length": 6.0}
{"mode": "train", "epoch": 97, "loss": 4.532983144124349, "acc": 0.8637034296989441, "acc_or": 0.9274941285451254, "sender_entropy": 0.9698043862978617, "receiver_entropy": 0.0, "original_loss": 0.22640600303808847, "mean_length": 6.0}
{"mode": "test", "epoch": 97, "loss": 3.2004873752593994, "acc": 0.9852216839790344, "acc_or": 0.9926108121871948, "sender_entropy": 1.0682637691497803, "receiver_entropy": 0.0, "original_loss": 0.055064838379621506, "mean_length": 6.0}
{"mode": "train", "epoch": 98, "loss": 4.507447719573975, "acc": 0.8568440079689026, "acc_or": 0.9233482480049133, "sender_entropy": 0.9778474569320679, "receiver_entropy": 0.0, "original_loss": 0.23165291547775269, "mean_length": 6.0}
{"mode": "test", "epoch": 98, "loss": 3.1703574657440186, "acc": 0.9802955389022827, "acc_or": 0.9901477694511414, "sender_entropy": 1.0687099695205688, "receiver_entropy": 0.0, "original_loss": 0.05407508462667465, "mean_length": 6.0}
{"mode": "train", "epoch": 99, "loss": 4.405749797821045, "acc": 0.8500832319259644, "acc_or": 0.9195383191108704, "sender_entropy": 0.9733923077583313, "receiver_entropy": 0.0, "original_loss": 0.2362159639596939, "mean_length": 6.0}
{"mode": "test", "epoch": 99, "loss": 3.2028515338897705, "acc": 1.0, "acc_or": 1.0, "sender_entropy": 1.0692362785339355, "receiver_entropy": 0.0, "original_loss": 0.04567855969071388, "mean_length": 6.0}
{"epoch": 99, "positional_disent": 0.06385443359613419, "bag_of_symbol_disent": 0.11437718570232391, "topographic_sim": 0.2978570550998455}
{"generalization hold out": {"acc": 0.9666666984558105, "acc_or": 0.9666666984558105}, "uniform holdout": {"acc": 0.3181818127632141, "acc_or": 0.5681818127632141}, "epoch": 99}
---End--
