nohup: ignoring input
{"mode": "train", "epoch": 1, "loss": -11.062729835510254, "acc": 0.0038955111522227526, "acc_or": 0.0693292294939359, "sender_entropy": 2.300933599472046, "receiver_entropy": 0.0, "original_loss": 2.7648579279581704, "mean_length": 6.0}
{"mode": "test", "epoch": 1, "loss": 1.9051358699798584, "acc": 0.004926108289510012, "acc_or": 0.06157635524868965, "sender_entropy": 2.298337459564209, "receiver_entropy": 0.0, "original_loss": 2.7404627799987793, "mean_length": 6.0}
{"mode": "train", "epoch": 2, "loss": 1.8530535697937012, "acc": 0.005559359056254228, "acc_or": 0.06845132758220036, "sender_entropy": 2.2982779343922934, "receiver_entropy": 0.0, "original_loss": 2.7421043713887534, "mean_length": 6.0}
{"mode": "test", "epoch": 2, "loss": 1.9569287300109863, "acc": 0.004926108289510012, "acc_or": 0.07389162480831146, "sender_entropy": 2.297264814376831, "receiver_entropy": 0.0, "original_loss": 2.7236123085021973, "mean_length": 6.0}
{"mode": "train", "epoch": 3, "loss": 1.9721893072128296, "acc": 0.004908317389587562, "acc_or": 0.07220219820737839, "sender_entropy": 2.298011223475138, "receiver_entropy": 0.0, "original_loss": 2.7206832567850747, "mean_length": 6.0}
{"mode": "test", "epoch": 3, "loss": 1.954363465309143, "acc": 0.0, "acc_or": 0.06157635524868965, "sender_entropy": 2.298267126083374, "receiver_entropy": 0.0, "original_loss": 2.712329864501953, "mean_length": 6.0}
{"mode": "train", "epoch": 4, "loss": 1.972434679667155, "acc": 0.0038773894775658846, "acc_or": 0.0679909015695254, "sender_entropy": 2.298936128616333, "receiver_entropy": 0.0, "original_loss": 2.7095301151275635, "mean_length": 6.0}
{"mode": "test", "epoch": 4, "loss": 2.024080753326416, "acc": 0.004926108289510012, "acc_or": 0.09359605610370636, "sender_entropy": 2.2993245124816895, "receiver_entropy": 0.0, "original_loss": 2.697700023651123, "mean_length": 6.0}
{"mode": "train", "epoch": 5, "loss": 1.899754285812378, "acc": 0.005423781229183078, "acc_or": 0.07567923267682393, "sender_entropy": 2.2998275756835938, "receiver_entropy": 0.0, "original_loss": 2.70746111869812, "mean_length": 6.0}
{"mode": "test", "epoch": 5, "loss": 2.008394241333008, "acc": 0.0, "acc_or": 0.0911330059170723, "sender_entropy": 2.3000717163085938, "receiver_entropy": 0.0, "original_loss": 2.6935830116271973, "mean_length": 6.0}
{"mode": "train", "epoch": 6, "loss": 1.837863802909851, "acc": 0.00512712091828386, "acc_or": 0.07030243178208669, "sender_entropy": 2.3003947734832764, "receiver_entropy": 0.0, "original_loss": 2.7071824073791504, "mean_length": 6.0}
{"mode": "test", "epoch": 6, "loss": 2.1046595573425293, "acc": 0.02463054098188877, "acc_or": 0.13300491869449615, "sender_entropy": 2.30049204826355, "receiver_entropy": 0.0, "original_loss": 2.681805372238159, "mean_length": 6.0}
{"mode": "train", "epoch": 7, "loss": 1.8007487853368123, "acc": 0.005186855715389053, "acc_or": 0.07350260764360428, "sender_entropy": 2.300661563873291, "receiver_entropy": 0.0, "original_loss": 2.70652707417806, "mean_length": 6.0}
{"mode": "test", "epoch": 7, "loss": 2.231776237487793, "acc": 0.019704433158040047, "acc_or": 0.1551724076271057, "sender_entropy": 2.300661563873291, "receiver_entropy": 0.0, "original_loss": 2.6687068939208984, "mean_length": 6.0}
{"mode": "train", "epoch": 8, "loss": 1.7828229268391926, "acc": 0.005251959897577763, "acc_or": 0.07360932230949402, "sender_entropy": 2.3007163206736245, "receiver_entropy": 0.0, "original_loss": 2.7052060763041177, "mean_length": 6.0}
{"mode": "test", "epoch": 8, "loss": 2.341062545776367, "acc": 0.019704433158040047, "acc_or": 0.1625615805387497, "sender_entropy": 2.300645589828491, "receiver_entropy": 0.0, "original_loss": 2.6572177410125732, "mean_length": 6.0}
{"mode": "train", "epoch": 9, "loss": 1.7618380387624104, "acc": 0.0053586770469943685, "acc_or": 0.07656082510948181, "sender_entropy": 2.300628900527954, "receiver_entropy": 0.0, "original_loss": 2.7046381632486978, "mean_length": 6.0}
{"mode": "test", "epoch": 9, "loss": 2.52227783203125, "acc": 0.03448275849223137, "acc_or": 0.19211822748184204, "sender_entropy": 2.3004958629608154, "receiver_entropy": 0.0, "original_loss": 2.6402032375335693, "mean_length": 6.0}
{"mode": "train", "epoch": 10, "loss": 1.751802961031596, "acc": 0.0059030015642444296, "acc_or": 0.07829346756140391, "sender_entropy": 2.3004257678985596, "receiver_entropy": 0.0, "original_loss": 2.7035582065582275, "mean_length": 6.0}
{"mode": "test", "epoch": 10, "loss": 2.740067481994629, "acc": 0.04433497413992882, "acc_or": 0.24137930572032928, "sender_entropy": 2.300196409225464, "receiver_entropy": 0.0, "original_loss": 2.6200942993164062, "mean_length": 6.0}
{"mode": "train", "epoch": 11, "loss": 1.7360836267471313, "acc": 0.005015034383783738, "acc_or": 0.07686453064282735, "sender_entropy": 2.3000288804372153, "receiver_entropy": 0.0, "original_loss": 2.703157822291056, "mean_length": 6.0}
{"mode": "test", "epoch": 11, "loss": 2.9954447746276855, "acc": 0.019704433158040047, "acc_or": 0.2216748744249344, "sender_entropy": 2.2995569705963135, "receiver_entropy": 0.0, "original_loss": 2.5964572429656982, "mean_length": 6.0}
{"mode": "train", "epoch": 12, "loss": 1.7456811269124348, "acc": 0.005926492934425672, "acc_or": 0.07942809164524078, "sender_entropy": 2.2991937001546225, "receiver_entropy": 0.0, "original_loss": 2.700880686442057, "mean_length": 6.0}
{"mode": "test", "epoch": 12, "loss": 3.3224751949310303, "acc": 0.029556650668382645, "acc_or": 0.23645320534706116, "sender_entropy": 2.298022508621216, "receiver_entropy": 0.0, "original_loss": 2.565215587615967, "mean_length": 6.0}
{"mode": "train", "epoch": 13, "loss": 1.7820358276367188, "acc": 0.007009772428621848, "acc_or": 0.08895108600457509, "sender_entropy": 2.297067324320475, "receiver_entropy": 0.0, "original_loss": 2.6963810125986734, "mean_length": 6.0}
{"mode": "test", "epoch": 13, "loss": 3.6448168754577637, "acc": 0.02463054098188877, "acc_or": 0.23891624808311462, "sender_entropy": 2.2936089038848877, "receiver_entropy": 0.0, "original_loss": 2.5289835929870605, "mean_length": 6.0}
{"mode": "train", "epoch": 14, "loss": 1.8647867838541667, "acc": 0.009283049032092094, "acc_or": 0.09759114682674408, "sender_entropy": 2.2898968855539956, "receiver_entropy": 0.0, "original_loss": 2.6873132387797036, "mean_length": 6.0}
{"mode": "test", "epoch": 14, "loss": 3.757803440093994, "acc": 0.02463054098188877, "acc_or": 0.2142857164144516, "sender_entropy": 2.2759740352630615, "receiver_entropy": 0.0, "original_loss": 2.494410514831543, "mean_length": 6.0}
{"mode": "train", "epoch": 15, "loss": 2.2564613024393716, "acc": 0.011522095650434494, "acc_or": 0.1199953705072403, "sender_entropy": 2.256910959879557, "receiver_entropy": 0.0, "original_loss": 2.648479143778483, "mean_length": 6.0}
{"mode": "test", "epoch": 15, "loss": 3.393035888671875, "acc": 0.009852216579020023, "acc_or": 0.16009852290153503, "sender_entropy": 2.2224957942962646, "receiver_entropy": 0.0, "original_loss": 2.4784278869628906, "mean_length": 6.0}
{"mode": "train", "epoch": 16, "loss": 2.973883946736654, "acc": 0.014464535440007845, "acc_or": 0.1456806461016337, "sender_entropy": 2.197167078653971, "receiver_entropy": 0.0, "original_loss": 2.569950262705485, "mean_length": 6.0}
{"mode": "test", "epoch": 16, "loss": 2.509432792663574, "acc": 0.009852216579020023, "acc_or": 0.16009852290153503, "sender_entropy": 2.167616605758667, "receiver_entropy": 0.0, "original_loss": 2.531419515609741, "mean_length": 6.0}
{"mode": "train", "epoch": 17, "loss": 3.581938107808431, "acc": 0.016193487060566742, "acc_or": 0.15878873070081076, "sender_entropy": 2.141610860824585, "receiver_entropy": 0.0, "original_loss": 2.492253224054972, "mean_length": 6.0}
{"mode": "test", "epoch": 17, "loss": 3.525851249694824, "acc": 0.02463054098188877, "acc_or": 0.19950738549232483, "sender_entropy": 2.1278393268585205, "receiver_entropy": 0.0, "original_loss": 2.409040689468384, "mean_length": 6.0}
{"mode": "train", "epoch": 18, "loss": 4.031129837036133, "acc": 0.020112489660580952, "acc_or": 0.18457535405953726, "sender_entropy": 2.0930302937825522, "receiver_entropy": 0.0, "original_loss": 2.431018908818563, "mean_length": 6.0}
{"mode": "test", "epoch": 18, "loss": 4.455398082733154, "acc": 0.029556650668382645, "acc_or": 0.22906403243541718, "sender_entropy": 2.1282620429992676, "receiver_entropy": 0.0, "original_loss": 2.291623592376709, "mean_length": 6.0}
{"mode": "train", "epoch": 19, "loss": 4.227871100107829, "acc": 0.02367711067199707, "acc_or": 0.19263417025407156, "sender_entropy": 2.083775361378988, "receiver_entropy": 0.0, "original_loss": 2.3925169308980307, "mean_length": 6.0}
{"mode": "test", "epoch": 19, "loss": 5.093875885009766, "acc": 0.029556650668382645, "acc_or": 0.25123152136802673, "sender_entropy": 2.0783278942108154, "receiver_entropy": 0.0, "original_loss": 2.1639068126678467, "mean_length": 6.0}
{"mode": "train", "epoch": 20, "loss": 5.002658208211263, "acc": 0.03231650156279405, "acc_or": 0.23042881985505423, "sender_entropy": 1.9969748258590698, "receiver_entropy": 0.0, "original_loss": 2.286823352177938, "mean_length": 6.0}
{"mode": "test", "epoch": 20, "loss": 4.689553260803223, "acc": 0.02463054098188877, "acc_or": 0.23891624808311462, "sender_entropy": 1.9560428857803345, "receiver_entropy": 0.0, "original_loss": 2.104252576828003, "mean_length": 6.0}
{"mode": "train", "epoch": 21, "loss": 5.900403340657552, "acc": 0.04444064199924469, "acc_or": 0.26587434609731037, "sender_entropy": 1.8909813165664673, "receiver_entropy": 0.0, "original_loss": 2.153406778971354, "mean_length": 6.0}
{"mode": "test", "epoch": 21, "loss": 5.330639839172363, "acc": 0.04926108196377754, "acc_or": 0.30049261450767517, "sender_entropy": 1.9370161294937134, "receiver_entropy": 0.0, "original_loss": 1.9883315563201904, "mean_length": 6.0}
{"mode": "train", "epoch": 22, "loss": 6.321783860524495, "acc": 0.05332434053222338, "acc_or": 0.28461629152297974, "sender_entropy": 1.887508471806844, "receiver_entropy": 0.0, "original_loss": 2.077591339747111, "mean_length": 6.0}
{"mode": "test", "epoch": 22, "loss": 5.8884429931640625, "acc": 0.05911330133676529, "acc_or": 0.36699506640434265, "sender_entropy": 1.9045436382293701, "receiver_entropy": 0.0, "original_loss": 1.8766671419143677, "mean_length": 6.0}
{"mode": "train", "epoch": 23, "loss": 6.747628529866536, "acc": 0.05742053563396136, "acc_or": 0.31412022312482196, "sender_entropy": 1.821562647819519, "receiver_entropy": 0.0, "original_loss": 1.986404816309611, "mean_length": 6.0}
{"mode": "test", "epoch": 23, "loss": 5.948864459991455, "acc": 0.07881773263216019, "acc_or": 0.389162540435791, "sender_entropy": 1.8462440967559814, "receiver_entropy": 0.0, "original_loss": 1.8057775497436523, "mean_length": 6.0}
{"mode": "train", "epoch": 24, "loss": 7.140956878662109, "acc": 0.07119040191173553, "acc_or": 0.33882256348927814, "sender_entropy": 1.7649075587590535, "receiver_entropy": 0.0, "original_loss": 1.9068086544672649, "mean_length": 6.0}
{"mode": "test", "epoch": 24, "loss": 6.150265693664551, "acc": 0.07881773263216019, "acc_or": 0.41133004426956177, "sender_entropy": 1.8303316831588745, "receiver_entropy": 0.0, "original_loss": 1.744787335395813, "mean_length": 6.0}
{"mode": "train", "epoch": 25, "loss": 7.358870983123779, "acc": 0.08789398272832234, "acc_or": 0.37324052055676776, "sender_entropy": 1.7435405254364014, "receiver_entropy": 0.0, "original_loss": 1.8427412907282512, "mean_length": 6.0}
{"mode": "test", "epoch": 25, "loss": 6.414807319641113, "acc": 0.11330048739910126, "acc_or": 0.44581279158592224, "sender_entropy": 1.8238216638565063, "receiver_entropy": 0.0, "original_loss": 1.670586347579956, "mean_length": 6.0}
{"mode": "train", "epoch": 26, "loss": 7.6048234303792315, "acc": 0.09497087200482686, "acc_or": 0.38748658696810406, "sender_entropy": 1.7204402287801106, "receiver_entropy": 0.0, "original_loss": 1.7775241136550903, "mean_length": 6.0}
{"mode": "test", "epoch": 26, "loss": 6.396115779876709, "acc": 0.13300491869449615, "acc_or": 0.45320194959640503, "sender_entropy": 1.7941912412643433, "receiver_entropy": 0.0, "original_loss": 1.6136826276779175, "mean_length": 6.0}
{"mode": "train", "epoch": 27, "loss": 7.70121971766154, "acc": 0.10415593286355336, "acc_or": 0.4015289545059204, "sender_entropy": 1.6789949337641399, "receiver_entropy": 0.0, "original_loss": 1.713493784268697, "mean_length": 6.0}
{"mode": "test", "epoch": 27, "loss": 6.518129348754883, "acc": 0.11330048739910126, "acc_or": 0.45320194959640503, "sender_entropy": 1.7575454711914062, "receiver_entropy": 0.0, "original_loss": 1.541388750076294, "mean_length": 6.0}
{"mode": "train", "epoch": 28, "loss": 8.002472877502441, "acc": 0.1275766541560491, "acc_or": 0.4345538814862569, "sender_entropy": 1.6290748119354248, "receiver_entropy": 0.0, "original_loss": 1.6236112117767334, "mean_length": 6.0}
{"mode": "test", "epoch": 28, "loss": 6.650326728820801, "acc": 0.14778324961662292, "acc_or": 0.49014776945114136, "sender_entropy": 1.711726427078247, "receiver_entropy": 0.0, "original_loss": 1.4576530456542969, "mean_length": 6.0}
{"mode": "train", "epoch": 29, "loss": 8.087483088175455, "acc": 0.1384255588054657, "acc_or": 0.4523783226807912, "sender_entropy": 1.5775656700134277, "receiver_entropy": 0.0, "original_loss": 1.5551381905873616, "mean_length": 6.0}
{"mode": "test", "epoch": 29, "loss": 6.299314022064209, "acc": 0.1428571343421936, "acc_or": 0.48522165417671204, "sender_entropy": 1.6700235605239868, "receiver_entropy": 0.0, "original_loss": 1.443361759185791, "mean_length": 6.0}
{"mode": "train", "epoch": 30, "loss": 8.096713383992514, "acc": 0.1537310779094696, "acc_or": 0.4680979649225871, "sender_entropy": 1.552986979484558, "receiver_entropy": 0.0, "original_loss": 1.5024177233378093, "mean_length": 6.0}
{"mode": "test", "epoch": 30, "loss": 6.436160564422607, "acc": 0.17241379618644714, "acc_or": 0.5197044014930725, "sender_entropy": 1.666864037513733, "receiver_entropy": 0.0, "original_loss": 1.3667434453964233, "mean_length": 6.0}
{"mode": "train", "epoch": 31, "loss": 8.110716819763184, "acc": 0.16672707597414652, "acc_or": 0.48165103793144226, "sender_entropy": 1.5460083484649658, "receiver_entropy": 0.0, "original_loss": 1.4676024913787842, "mean_length": 6.0}
{"mode": "test", "epoch": 31, "loss": 6.682546615600586, "acc": 0.1822660118341446, "acc_or": 0.5418719053268433, "sender_entropy": 1.674288034439087, "receiver_entropy": 0.0, "original_loss": 1.297533392906189, "mean_length": 6.0}
{"mode": "train", "epoch": 32, "loss": 8.205695788065592, "acc": 0.18717046082019806, "acc_or": 0.4972320795059204, "sender_entropy": 1.5290828943252563, "receiver_entropy": 0.0, "original_loss": 1.4125798145929973, "mean_length": 6.0}
{"mode": "test", "epoch": 32, "loss": 6.453716278076172, "acc": 0.18719211220741272, "acc_or": 0.5320196747779846, "sender_entropy": 1.6676701307296753, "receiver_entropy": 0.0, "original_loss": 1.2976962327957153, "mean_length": 6.0}
{"mode": "train", "epoch": 33, "loss": 8.294928232828775, "acc": 0.20023357371489206, "acc_or": 0.5166874925295512, "sender_entropy": 1.522209644317627, "receiver_entropy": 0.0, "original_loss": 1.3639893134435017, "mean_length": 6.0}
{"mode": "test", "epoch": 33, "loss": 6.708312511444092, "acc": 0.2216748744249344, "acc_or": 0.5615763664245605, "sender_entropy": 1.675727367401123, "receiver_entropy": 0.0, "original_loss": 1.2121176719665527, "mean_length": 6.0}
{"mode": "train", "epoch": 34, "loss": 8.067921956380209, "acc": 0.20175244410832724, "acc_or": 0.5147538383801779, "sender_entropy": 1.5312365690867107, "receiver_entropy": 0.0, "original_loss": 1.3555386861165364, "mean_length": 6.0}
{"mode": "test", "epoch": 34, "loss": 6.7225341796875, "acc": 0.23645320534706116, "acc_or": 0.5714285373687744, "sender_entropy": 1.6674457788467407, "receiver_entropy": 0.0, "original_loss": 1.1740431785583496, "mean_length": 6.0}
{"mode": "train", "epoch": 35, "loss": 8.173309008280436, "acc": 0.21762578189373016, "acc_or": 0.5313010215759277, "sender_entropy": 1.50513752301534, "receiver_entropy": 0.0, "original_loss": 1.299622933069865, "mean_length": 6.0}
{"mode": "test", "epoch": 35, "loss": 6.512098789215088, "acc": 0.24137930572032928, "acc_or": 0.568965494632721, "sender_entropy": 1.638539433479309, "receiver_entropy": 0.0, "original_loss": 1.1600613594055176, "mean_length": 6.0}
{"mode": "train", "epoch": 36, "loss": 8.169905026753744, "acc": 0.2339132328828176, "acc_or": 0.5446641643842062, "sender_entropy": 1.473631739616394, "receiver_entropy": 0.0, "original_loss": 1.253018816312154, "mean_length": 6.0}
{"mode": "test", "epoch": 36, "loss": 6.45100212097168, "acc": 0.3054186999797821, "acc_or": 0.6133005023002625, "sender_entropy": 1.625203013420105, "receiver_entropy": 0.0, "original_loss": 1.1075865030288696, "mean_length": 6.0}
{"mode": "train", "epoch": 37, "loss": 8.213937759399414, "acc": 0.2518450717131297, "acc_or": 0.5580346783002218, "sender_entropy": 1.474867304166158, "receiver_entropy": 0.0, "original_loss": 1.2161306142807007, "mean_length": 6.0}
{"mode": "test", "epoch": 37, "loss": 6.617416858673096, "acc": 0.32019704580307007, "acc_or": 0.6157635450363159, "sender_entropy": 1.6120617389678955, "receiver_entropy": 0.0, "original_loss": 1.0406824350357056, "mean_length": 6.0}
{"mode": "train", "epoch": 38, "loss": 8.255256652832031, "acc": 0.27165552973747253, "acc_or": 0.5713877280553182, "sender_entropy": 1.454549233118693, "receiver_entropy": 0.0, "original_loss": 1.174540638923645, "mean_length": 6.0}
{"mode": "test", "epoch": 38, "loss": 6.626381874084473, "acc": 0.3251231610774994, "acc_or": 0.633004903793335, "sender_entropy": 1.5867023468017578, "receiver_entropy": 0.0, "original_loss": 0.9861788749694824, "mean_length": 6.0}
{"mode": "train", "epoch": 39, "loss": 8.135599136352539, "acc": 0.2943413158257802, "acc_or": 0.5899169445037842, "sender_entropy": 1.4313994248708088, "receiver_entropy": 0.0, "original_loss": 1.1440020004908245, "mean_length": 6.0}
{"mode": "test", "epoch": 39, "loss": 6.581509113311768, "acc": 0.35960590839385986, "acc_or": 0.6502463221549988, "sender_entropy": 1.5518746376037598, "receiver_entropy": 0.0, "original_loss": 0.9236332178115845, "mean_length": 6.0}
{"mode": "train", "epoch": 40, "loss": 8.108826319376627, "acc": 0.31524646282196045, "acc_or": 0.6035857597986857, "sender_entropy": 1.3993394772211711, "receiver_entropy": 0.0, "original_loss": 1.094324032465617, "mean_length": 6.0}
{"mode": "test", "epoch": 40, "loss": 6.280341148376465, "acc": 0.37931033968925476, "acc_or": 0.6674876809120178, "sender_entropy": 1.5274842977523804, "receiver_entropy": 0.0, "original_loss": 0.916811466217041, "mean_length": 6.0}
{"mode": "train", "epoch": 41, "loss": 8.079415321350098, "acc": 0.32717328270276386, "acc_or": 0.6145642201105753, "sender_entropy": 1.3718055486679077, "receiver_entropy": 0.0, "original_loss": 1.0533192952473958, "mean_length": 6.0}
{"mode": "test", "epoch": 41, "loss": 6.038896560668945, "acc": 0.37438422441482544, "acc_or": 0.6600984930992126, "sender_entropy": 1.5159671306610107, "receiver_entropy": 0.0, "original_loss": 0.9230433106422424, "mean_length": 6.0}
{"mode": "train", "epoch": 42, "loss": 8.06711228688558, "acc": 0.35647687315940857, "acc_or": 0.6305160721143087, "sender_entropy": 1.3618937730789185, "receiver_entropy": 0.0, "original_loss": 1.01273508866628, "mean_length": 6.0}
{"mode": "test", "epoch": 42, "loss": 6.20719575881958, "acc": 0.39901477098464966, "acc_or": 0.6798029541969299, "sender_entropy": 1.5042365789413452, "receiver_entropy": 0.0, "original_loss": 0.8500217795372009, "mean_length": 6.0}
{"mode": "train", "epoch": 43, "loss": 7.9712246259053545, "acc": 0.3685721457004547, "acc_or": 0.6425700982411703, "sender_entropy": 1.3509434461593628, "receiver_entropy": 0.0, "original_loss": 0.9893434842427572, "mean_length": 6.0}
{"mode": "test", "epoch": 43, "loss": 6.167691230773926, "acc": 0.4876847267150879, "acc_or": 0.7315270900726318, "sender_entropy": 1.4890788793563843, "receiver_entropy": 0.0, "original_loss": 0.7960718274116516, "mean_length": 6.0}
{"mode": "train", "epoch": 44, "loss": 7.909509023030599, "acc": 0.38240645329157513, "acc_or": 0.6524206201235453, "sender_entropy": 1.329192042350769, "receiver_entropy": 0.0, "original_loss": 0.9460402925809225, "mean_length": 6.0}
{"mode": "test", "epoch": 44, "loss": 6.048984050750732, "acc": 0.47783249616622925, "acc_or": 0.7241379022598267, "sender_entropy": 1.4590256214141846, "receiver_entropy": 0.0, "original_loss": 0.753608226776123, "mean_length": 6.0}
{"mode": "train", "epoch": 45, "loss": 7.958826382954915, "acc": 0.41069252292315167, "acc_or": 0.6702467401822408, "sender_entropy": 1.311635414759318, "receiver_entropy": 0.0, "original_loss": 0.9031683405240377, "mean_length": 6.0}
{"mode": "test", "epoch": 45, "loss": 6.058762550354004, "acc": 0.5270935893058777, "acc_or": 0.743842363357544, "sender_entropy": 1.4385656118392944, "receiver_entropy": 0.0, "original_loss": 0.6906005144119263, "mean_length": 6.0}
{"mode": "train", "epoch": 46, "loss": 7.922920862833659, "acc": 0.42826730012893677, "acc_or": 0.6785609324773153, "sender_entropy": 1.3015437920888264, "receiver_entropy": 0.0, "original_loss": 0.8729350964228312, "mean_length": 6.0}
{"mode": "test", "epoch": 46, "loss": 6.091456890106201, "acc": 0.5517241358757019, "acc_or": 0.761083722114563, "sender_entropy": 1.4327406883239746, "receiver_entropy": 0.0, "original_loss": 0.6647486686706543, "mean_length": 6.0}
{"mode": "train", "epoch": 47, "loss": 7.691500186920166, "acc": 0.43589924772580463, "acc_or": 0.6809754967689514, "sender_entropy": 1.2944860458374023, "receiver_entropy": 0.0, "original_loss": 0.8652872443199158, "mean_length": 6.0}
{"mode": "test", "epoch": 47, "loss": 5.949084281921387, "acc": 0.5714285373687744, "acc_or": 0.7635467648506165, "sender_entropy": 1.409489631652832, "receiver_entropy": 0.0, "original_loss": 0.649040162563324, "mean_length": 6.0}
{"mode": "train", "epoch": 48, "loss": 7.664834976196289, "acc": 0.46054017543792725, "acc_or": 0.6939886212348938, "sender_entropy": 1.2653117974599202, "receiver_entropy": 0.0, "original_loss": 0.8173918525377909, "mean_length": 6.0}
{"mode": "test", "epoch": 48, "loss": 5.809404373168945, "acc": 0.5862069129943848, "acc_or": 0.7832512259483337, "sender_entropy": 1.3660937547683716, "receiver_entropy": 0.0, "original_loss": 0.5978759527206421, "mean_length": 6.0}
{"mode": "train", "epoch": 49, "loss": 7.689572652180989, "acc": 0.47965261340141296, "acc_or": 0.7129644552866617, "sender_entropy": 1.2291964689890544, "receiver_entropy": 0.0, "original_loss": 0.7714759906133016, "mean_length": 6.0}
{"mode": "test", "epoch": 49, "loss": 5.46531343460083, "acc": 0.6108373999595642, "acc_or": 0.7906403541564941, "sender_entropy": 1.328415870666504, "receiver_entropy": 0.0, "original_loss": 0.6060057878494263, "mean_length": 6.0}
{"mode": "train", "epoch": 50, "loss": 7.58229128519694, "acc": 0.4968098998069763, "acc_or": 0.7237106760342916, "sender_entropy": 1.2008918126424153, "receiver_entropy": 0.0, "original_loss": 0.733056883017222, "mean_length": 6.0}
{"mode": "test", "epoch": 50, "loss": 5.5652642250061035, "acc": 0.6699507236480713, "acc_or": 0.8177340030670166, "sender_entropy": 1.3015574216842651, "receiver_entropy": 0.0, "original_loss": 0.5179939270019531, "mean_length": 6.0}
{"mode": "train", "epoch": 51, "loss": 7.591772397359212, "acc": 0.5330494443575541, "acc_or": 0.7433305382728577, "sender_entropy": 1.1816473404566448, "receiver_entropy": 0.0, "original_loss": 0.689964493115743, "mean_length": 6.0}
{"mode": "test", "epoch": 51, "loss": 5.470579624176025, "acc": 0.6896551847457886, "acc_or": 0.8300492763519287, "sender_entropy": 1.272866129875183, "receiver_entropy": 0.0, "original_loss": 0.48364144563674927, "mean_length": 6.0}
{"mode": "train", "epoch": 52, "loss": 7.4650594393412275, "acc": 0.559191107749939, "acc_or": 0.7572423617045084, "sender_entropy": 1.1581259568532307, "receiver_entropy": 0.0, "original_loss": 0.661837081114451, "mean_length": 6.0}
{"mode": "test", "epoch": 52, "loss": 5.314606189727783, "acc": 0.6945812702178955, "acc_or": 0.8349753618240356, "sender_entropy": 1.2682634592056274, "receiver_entropy": 0.0, "original_loss": 0.4750916361808777, "mean_length": 6.0}
{"mode": "train", "epoch": 53, "loss": 7.288017272949219, "acc": 0.563314159711202, "acc_or": 0.7604666948318481, "sender_entropy": 1.1543560822804768, "receiver_entropy": 0.0, "original_loss": 0.6521088282267252, "mean_length": 6.0}
{"mode": "test", "epoch": 53, "loss": 5.23539400100708, "acc": 0.6650246381759644, "acc_or": 0.8226600885391235, "sender_entropy": 1.26223886013031, "receiver_entropy": 0.0, "original_loss": 0.45603054761886597, "mean_length": 6.0}
{"mode": "train", "epoch": 54, "loss": 7.054845809936523, "acc": 0.5621845722198486, "acc_or": 0.7568030754725138, "sender_entropy": 1.1535399357477825, "receiver_entropy": 0.0, "original_loss": 0.6570559938748678, "mean_length": 6.0}
{"mode": "test", "epoch": 54, "loss": 5.25775671005249, "acc": 0.7339901328086853, "acc_or": 0.8620689511299133, "sender_entropy": 1.2470650672912598, "receiver_entropy": 0.0, "original_loss": 0.4063583016395569, "mean_length": 6.0}
{"mode": "train", "epoch": 55, "loss": 6.9931747118632, "acc": 0.5656001766522726, "acc_or": 0.760891874631246, "sender_entropy": 1.1393659114837646, "receiver_entropy": 0.0, "original_loss": 0.6426222920417786, "mean_length": 6.0}
{"mode": "test", "epoch": 55, "loss": 5.158193111419678, "acc": 0.7389162182807922, "acc_or": 0.8669950366020203, "sender_entropy": 1.234491229057312, "receiver_entropy": 0.0, "original_loss": 0.3896435499191284, "mean_length": 6.0}
{"mode": "train", "epoch": 56, "loss": 6.946637789408366, "acc": 0.5762054522832235, "acc_or": 0.7678419152895609, "sender_entropy": 1.1306759119033813, "receiver_entropy": 0.0, "original_loss": 0.6184433499972025, "mean_length": 6.0}
{"mode": "test", "epoch": 56, "loss": 5.256015300750732, "acc": 0.7684729099273682, "acc_or": 0.8793103098869324, "sender_entropy": 1.2294656038284302, "receiver_entropy": 0.0, "original_loss": 0.35063984990119934, "mean_length": 6.0}
{"mode": "train", "epoch": 57, "loss": 6.856335798899333, "acc": 0.5928727785746256, "acc_or": 0.7768484354019165, "sender_entropy": 1.1199702819188435, "receiver_entropy": 0.0, "original_loss": 0.6001985470453898, "mean_length": 6.0}
{"mode": "test", "epoch": 57, "loss": 4.999492168426514, "acc": 0.7881773114204407, "acc_or": 0.8916255831718445, "sender_entropy": 1.2080985307693481, "receiver_entropy": 0.0, "original_loss": 0.35782289505004883, "mean_length": 6.0}
{"mode": "train", "epoch": 58, "loss": 6.832820733388265, "acc": 0.6209373871485392, "acc_or": 0.7942906419436137, "sender_entropy": 1.1045828660329182, "receiver_entropy": 0.0, "original_loss": 0.5606056650479635, "mean_length": 6.0}
{"mode": "test", "epoch": 58, "loss": 4.846885681152344, "acc": 0.7881773114204407, "acc_or": 0.889162540435791, "sender_entropy": 1.179265022277832, "receiver_entropy": 0.0, "original_loss": 0.3356831669807434, "mean_length": 6.0}
{"mode": "train", "epoch": 59, "loss": 6.731663703918457, "acc": 0.6379483540852865, "acc_or": 0.8042737444241842, "sender_entropy": 1.0796784162521362, "receiver_entropy": 0.0, "original_loss": 0.541667640209198, "mean_length": 6.0}
{"mode": "test", "epoch": 59, "loss": 4.879504680633545, "acc": 0.842364490032196, "acc_or": 0.9211822748184204, "sender_entropy": 1.165614366531372, "receiver_entropy": 0.0, "original_loss": 0.2961757481098175, "mean_length": 6.0}
{"mode": "train", "epoch": 60, "loss": 6.627678394317627, "acc": 0.6564580798149109, "acc_or": 0.8133151531219482, "sender_entropy": 1.0696455240249634, "receiver_entropy": 0.0, "original_loss": 0.5162208875020345, "mean_length": 6.0}
{"mode": "test", "epoch": 60, "loss": 4.678344249725342, "acc": 0.807881772518158, "acc_or": 0.9039408564567566, "sender_entropy": 1.1543582677841187, "receiver_entropy": 0.0, "original_loss": 0.311905175447464, "mean_length": 6.0}
{"mode": "train", "epoch": 61, "loss": 6.6325812339782715, "acc": 0.6712662577629089, "acc_or": 0.8247396151224772, "sender_entropy": 1.05938454469045, "receiver_entropy": 0.0, "original_loss": 0.49236345291137695, "mean_length": 6.0}
{"mode": "test", "epoch": 61, "loss": 4.6350812911987305, "acc": 0.871921181678772, "acc_or": 0.9334975481033325, "sender_entropy": 1.144832968711853, "receiver_entropy": 0.0, "original_loss": 0.2746483385562897, "mean_length": 6.0}
{"mode": "train", "epoch": 62, "loss": 6.605119864145915, "acc": 0.6886530915896097, "acc_or": 0.8320621450742086, "sender_entropy": 1.0566526651382446, "receiver_entropy": 0.0, "original_loss": 0.4704720973968506, "mean_length": 6.0}
{"mode": "test", "epoch": 62, "loss": 4.670669078826904, "acc": 0.8472906351089478, "acc_or": 0.9236453175544739, "sender_entropy": 1.1566518545150757, "receiver_entropy": 0.0, "original_loss": 0.26813188195228577, "mean_length": 6.0}
{"mode": "train", "epoch": 63, "loss": 6.53677225112915, "acc": 0.6880872845649719, "acc_or": 0.8329276243845621, "sender_entropy": 1.0562398433685303, "receiver_entropy": 0.0, "original_loss": 0.46321624517440796, "mean_length": 6.0}
{"mode": "test", "epoch": 63, "loss": 4.616495132446289, "acc": 0.8522167205810547, "acc_or": 0.9187191724777222, "sender_entropy": 1.1543903350830078, "receiver_entropy": 0.0, "original_loss": 0.25575074553489685, "mean_length": 6.0}
{"mode": "train", "epoch": 64, "loss": 6.530381520589192, "acc": 0.7097911437352499, "acc_or": 0.8450698852539062, "sender_entropy": 1.0504204034805298, "receiver_entropy": 0.0, "original_loss": 0.44180797537167865, "mean_length": 6.0}
{"mode": "test", "epoch": 64, "loss": 4.7104010581970215, "acc": 0.8965517282485962, "acc_or": 0.9482758641242981, "sender_entropy": 1.159348964691162, "receiver_entropy": 0.0, "original_loss": 0.23140862584114075, "mean_length": 6.0}
{"mode": "train", "epoch": 65, "loss": 6.48212464650472, "acc": 0.7151028315226237, "acc_or": 0.8465266823768616, "sender_entropy": 1.058965841929118, "receiver_entropy": 0.0, "original_loss": 0.43307854731877643, "mean_length": 6.0}
{"mode": "test", "epoch": 65, "loss": 4.714576721191406, "acc": 0.9014778137207031, "acc_or": 0.9482758641242981, "sender_entropy": 1.163927435874939, "receiver_entropy": 0.0, "original_loss": 0.20795312523841858, "mean_length": 6.0}
{"mode": "train", "epoch": 66, "loss": 6.426391124725342, "acc": 0.7202386856079102, "acc_or": 0.8494201103846232, "sender_entropy": 1.067181388537089, "receiver_entropy": 0.0, "original_loss": 0.43336227536201477, "mean_length": 6.0}
{"mode": "test", "epoch": 66, "loss": 4.708471775054932, "acc": 0.9211822748184204, "acc_or": 0.9605911374092102, "sender_entropy": 1.1624048948287964, "receiver_entropy": 0.0, "original_loss": 0.18900933861732483, "mean_length": 6.0}
{"mode": "train", "epoch": 67, "loss": 6.369558970133464, "acc": 0.736328125, "acc_or": 0.8584125638008118, "sender_entropy": 1.064104159673055, "receiver_entropy": 0.0, "original_loss": 0.41041553020477295, "mean_length": 6.0}
{"mode": "test", "epoch": 67, "loss": 4.649078845977783, "acc": 0.9211822748184204, "acc_or": 0.958128035068512, "sender_entropy": 1.153798222541809, "receiver_entropy": 0.0, "original_loss": 0.18496784567832947, "mean_length": 6.0}
{"mode": "train", "epoch": 68, "loss": 6.259909788767497, "acc": 0.7434298594792684, "acc_or": 0.8621379137039185, "sender_entropy": 1.0548828840255737, "receiver_entropy": 0.0, "original_loss": 0.40581681330998737, "mean_length": 6.0}
{"mode": "test", "epoch": 68, "loss": 4.665896415710449, "acc": 0.9408866763114929, "acc_or": 0.9704433083534241, "sender_entropy": 1.1554893255233765, "receiver_entropy": 0.0, "original_loss": 0.17572827637195587, "mean_length": 6.0}
{"mode": "train", "epoch": 69, "loss": 6.118070761362712, "acc": 0.7368308504422506, "acc_or": 0.8593602577845255, "sender_entropy": 1.0407743056615193, "receiver_entropy": 0.0, "original_loss": 0.40074161688486737, "mean_length": 6.0}
{"mode": "test", "epoch": 69, "loss": 4.427813529968262, "acc": 0.9211822748184204, "acc_or": 0.9605911374092102, "sender_entropy": 1.1193081140518188, "receiver_entropy": 0.0, "original_loss": 0.17390824854373932, "mean_length": 6.0}
{"mode": "train", "epoch": 70, "loss": 6.145644982655843, "acc": 0.7482515970865885, "acc_or": 0.8663700222969055, "sender_entropy": 1.0289825598398845, "receiver_entropy": 0.0, "original_loss": 0.3774719436963399, "mean_length": 6.0}
{"mode": "test", "epoch": 70, "loss": 4.373521327972412, "acc": 0.9261083602905273, "acc_or": 0.9630541801452637, "sender_entropy": 1.1292108297348022, "receiver_entropy": 0.0, "original_loss": 0.1701461523771286, "mean_length": 6.0}
{"mode": "train", "epoch": 71, "loss": 6.099714120229085, "acc": 0.7651659250259399, "acc_or": 0.8753661314646403, "sender_entropy": 1.0308279991149902, "receiver_entropy": 0.0, "original_loss": 0.3676988184452057, "mean_length": 6.0}
{"mode": "test", "epoch": 71, "loss": 4.2710418701171875, "acc": 0.9310344457626343, "acc_or": 0.9655172228813171, "sender_entropy": 1.117214322090149, "receiver_entropy": 0.0, "original_loss": 0.1628863364458084, "mean_length": 6.0}
{"mode": "train", "epoch": 72, "loss": 6.057116985321045, "acc": 0.7660236954689026, "acc_or": 0.8769786556561788, "sender_entropy": 1.0249275366465251, "receiver_entropy": 0.0, "original_loss": 0.35221383968989056, "mean_length": 6.0}
{"mode": "test", "epoch": 72, "loss": 4.257317543029785, "acc": 0.9458128213882446, "acc_or": 0.9729064106941223, "sender_entropy": 1.1101447343826294, "receiver_entropy": 0.0, "original_loss": 0.14605236053466797, "mean_length": 6.0}
{"mode": "train", "epoch": 73, "loss": 5.918033758799235, "acc": 0.7688104112943014, "acc_or": 0.8779723246892294, "sender_entropy": 1.0230050881703694, "receiver_entropy": 0.0, "original_loss": 0.35216174523035687, "mean_length": 6.0}
{"mode": "test", "epoch": 73, "loss": 4.157998561859131, "acc": 0.9408866763114929, "acc_or": 0.9704433083534241, "sender_entropy": 1.106703519821167, "receiver_entropy": 0.0, "original_loss": 0.1371978521347046, "mean_length": 6.0}
{"mode": "train", "epoch": 74, "loss": 5.924051761627197, "acc": 0.7926432291666666, "acc_or": 0.8897350430488586, "sender_entropy": 1.0157322486241658, "receiver_entropy": 0.0, "original_loss": 0.32717780272165936, "mean_length": 6.0}
{"mode": "test", "epoch": 74, "loss": 4.057580471038818, "acc": 0.9556649923324585, "acc_or": 0.9778324961662292, "sender_entropy": 1.0852885246276855, "receiver_entropy": 0.0, "original_loss": 0.12267743051052094, "mean_length": 6.0}
{"mode": "train", "epoch": 75, "loss": 5.884891192118327, "acc": 0.8040223717689514, "acc_or": 0.8962122201919556, "sender_entropy": 0.9974521994590759, "receiver_entropy": 0.0, "original_loss": 0.30414865414301556, "mean_length": 6.0}
{"mode": "test", "epoch": 75, "loss": 3.992293357849121, "acc": 0.9704433083534241, "acc_or": 0.9827585816383362, "sender_entropy": 1.0796235799789429, "receiver_entropy": 0.0, "original_loss": 0.0996941551566124, "mean_length": 6.0}
{"mode": "train", "epoch": 76, "loss": 5.750521341959636, "acc": 0.805986245473226, "acc_or": 0.8975639939308167, "sender_entropy": 0.9900711377461752, "receiver_entropy": 0.0, "original_loss": 0.30083227157592773, "mean_length": 6.0}
{"mode": "test", "epoch": 76, "loss": 3.8899049758911133, "acc": 0.9408866763114929, "acc_or": 0.9704433083534241, "sender_entropy": 1.076650619506836, "receiver_entropy": 0.0, "original_loss": 0.1240677684545517, "mean_length": 6.0}
{"mode": "train", "epoch": 77, "loss": 5.591859181722005, "acc": 0.8104388117790222, "acc_or": 0.8994322021802267, "sender_entropy": 0.9843650658925375, "receiver_entropy": 0.0, "original_loss": 0.3074180980523427, "mean_length": 6.0}
{"mode": "test", "epoch": 77, "loss": 3.8716580867767334, "acc": 0.9408866763114929, "acc_or": 0.9704433083534241, "sender_entropy": 1.0819668769836426, "receiver_entropy": 0.0, "original_loss": 0.1300525665283203, "mean_length": 6.0}
{"mode": "train", "epoch": 78, "loss": 5.475485324859619, "acc": 0.7994187672932943, "acc_or": 0.8928351998329163, "sender_entropy": 0.9852005044619242, "receiver_entropy": 0.0, "original_loss": 0.3186335464318593, "mean_length": 6.0}
{"mode": "test", "epoch": 78, "loss": 3.8127341270446777, "acc": 0.9507389068603516, "acc_or": 0.9753694534301758, "sender_entropy": 1.0799912214279175, "receiver_entropy": 0.0, "original_loss": 0.12297443300485611, "mean_length": 6.0}
{"mode": "train", "epoch": 79, "loss": 5.515773932139079, "acc": 0.8142115076382955, "acc_or": 0.9017924070358276, "sender_entropy": 0.9869873921076456, "receiver_entropy": 0.0, "original_loss": 0.29380549987157184, "mean_length": 6.0}
{"mode": "test", "epoch": 79, "loss": 3.6725387573242188, "acc": 0.9507389068603516, "acc_or": 0.9753694534301758, "sender_entropy": 1.068682312965393, "receiver_entropy": 0.0, "original_loss": 0.12883341312408447, "mean_length": 6.0}
{"mode": "train", "epoch": 80, "loss": 5.490355650583903, "acc": 0.8176606893539429, "acc_or": 0.904197891553243, "sender_entropy": 0.9773625135421753, "receiver_entropy": 0.0, "original_loss": 0.2828799982865651, "mean_length": 6.0}
{"mode": "test", "epoch": 80, "loss": 3.706955909729004, "acc": 0.9211822748184204, "acc_or": 0.9605911374092102, "sender_entropy": 1.0730857849121094, "receiver_entropy": 0.0, "original_loss": 0.13369131088256836, "mean_length": 6.0}
{"mode": "train", "epoch": 81, "loss": 5.45595137278239, "acc": 0.8258114655812582, "acc_or": 0.9088357289632162, "sender_entropy": 0.975476880868276, "receiver_entropy": 0.0, "original_loss": 0.27525128920873004, "mean_length": 6.0}
{"mode": "test", "epoch": 81, "loss": 3.6746633052825928, "acc": 0.9507389068603516, "acc_or": 0.9753694534301758, "sender_entropy": 1.0676826238632202, "receiver_entropy": 0.0, "original_loss": 0.12417197972536087, "mean_length": 6.0}
{"mode": "train", "epoch": 82, "loss": 5.340155124664307, "acc": 0.8244838714599609, "acc_or": 0.9071383277575175, "sender_entropy": 0.9776478409767151, "receiver_entropy": 0.0, "original_loss": 0.27761109670003253, "mean_length": 6.0}
{"mode": "test", "epoch": 82, "loss": 3.7881929874420166, "acc": 0.9507389068603516, "acc_or": 0.9753694534301758, "sender_entropy": 1.0830848217010498, "receiver_entropy": 0.0, "original_loss": 0.1015828475356102, "mean_length": 6.0}
{"mode": "train", "epoch": 83, "loss": 5.361336708068848, "acc": 0.830189565817515, "acc_or": 0.9102633198102316, "sender_entropy": 0.9915461540222168, "receiver_entropy": 0.0, "original_loss": 0.27485358715057373, "mean_length": 6.0}
{"mode": "test", "epoch": 83, "loss": 3.810256004333496, "acc": 0.9753694534301758, "acc_or": 0.9876847267150879, "sender_entropy": 1.08981454372406, "receiver_entropy": 0.0, "original_loss": 0.08456386625766754, "mean_length": 6.0}
{"mode": "train", "epoch": 84, "loss": 5.3154832522074384, "acc": 0.8292022546132406, "acc_or": 0.9093256791432699, "sender_entropy": 0.9980979760487875, "receiver_entropy": 0.0, "original_loss": 0.2712658743063609, "mean_length": 6.0}
{"mode": "test", "epoch": 84, "loss": 3.7809343338012695, "acc": 0.9950738549232483, "acc_or": 0.9975369572639465, "sender_entropy": 1.0851701498031616, "receiver_entropy": 0.0, "original_loss": 0.07138431072235107, "mean_length": 6.0}
{"mode": "train", "epoch": 85, "loss": 5.256325403849284, "acc": 0.8284914692242941, "acc_or": 0.9080642064412435, "sender_entropy": 1.0027252634366353, "receiver_entropy": 0.0, "original_loss": 0.2718535264333089, "mean_length": 6.0}
{"mode": "test", "epoch": 85, "loss": 3.692192316055298, "acc": 0.9901477694511414, "acc_or": 0.9950738549232483, "sender_entropy": 1.0901693105697632, "receiver_entropy": 0.0, "original_loss": 0.08043084293603897, "mean_length": 6.0}
{"mode": "train", "epoch": 86, "loss": 5.305530071258545, "acc": 0.8402108947436014, "acc_or": 0.9157777031262716, "sender_entropy": 1.0014972686767578, "receiver_entropy": 0.0, "original_loss": 0.26007824142773944, "mean_length": 6.0}
{"mode": "test", "epoch": 86, "loss": 3.647365093231201, "acc": 0.9753694534301758, "acc_or": 0.9876847267150879, "sender_entropy": 1.0891538858413696, "receiver_entropy": 0.0, "original_loss": 0.07600899785757065, "mean_length": 6.0}
{"mode": "train", "epoch": 87, "loss": 5.242540200551351, "acc": 0.8368395765622457, "acc_or": 0.9139111638069153, "sender_entropy": 1.003785212834676, "receiver_entropy": 0.0, "original_loss": 0.25505751371383667, "mean_length": 6.0}
{"mode": "test", "epoch": 87, "loss": 3.6150200366973877, "acc": 0.9753694534301758, "acc_or": 0.9876847267150879, "sender_entropy": 1.0877245664596558, "receiver_entropy": 0.0, "original_loss": 0.06948781758546829, "mean_length": 6.0}
{"mode": "train", "epoch": 88, "loss": 5.162609418233235, "acc": 0.8398759961128235, "acc_or": 0.9155216614405314, "sender_entropy": 0.9975196321805319, "receiver_entropy": 0.0, "original_loss": 0.2535174936056137, "mean_length": 6.0}
{"mode": "test", "epoch": 88, "loss": 3.5346767902374268, "acc": 0.9753694534301758, "acc_or": 0.9876847267150879, "sender_entropy": 1.08048677444458, "receiver_entropy": 0.0, "original_loss": 0.07348733395338058, "mean_length": 6.0}
{"mode": "train", "epoch": 89, "loss": 5.099366346995036, "acc": 0.8427083492279053, "acc_or": 0.9176512956619263, "sender_entropy": 0.9943845073382059, "receiver_entropy": 0.0, "original_loss": 0.24671147267023721, "mean_length": 6.0}
{"mode": "test", "epoch": 89, "loss": 3.5718746185302734, "acc": 0.9753694534301758, "acc_or": 0.9876847267150879, "sender_entropy": 1.0818837881088257, "receiver_entropy": 0.0, "original_loss": 0.06380989402532578, "mean_length": 6.0}
{"mode": "train", "epoch": 90, "loss": 5.051369508107503, "acc": 0.8512477278709412, "acc_or": 0.921805222829183, "sender_entropy": 0.9890255530675253, "receiver_entropy": 0.0, "original_loss": 0.2362483193476995, "mean_length": 6.0}
{"mode": "test", "epoch": 90, "loss": 3.498215436935425, "acc": 0.9901477694511414, "acc_or": 0.9950738549232483, "sender_entropy": 1.0737783908843994, "receiver_entropy": 0.0, "original_loss": 0.05894779413938522, "mean_length": 6.0}
{"mode": "train", "epoch": 91, "loss": 5.079125086466472, "acc": 0.8601260582605997, "acc_or": 0.9262913664182028, "sender_entropy": 0.9894300897916158, "receiver_entropy": 0.0, "original_loss": 0.23038288950920105, "mean_length": 6.0}
{"mode": "test", "epoch": 91, "loss": 3.5022120475769043, "acc": 0.9901477694511414, "acc_or": 0.9950738549232483, "sender_entropy": 1.0766322612762451, "receiver_entropy": 0.0, "original_loss": 0.05279567092657089, "mean_length": 6.0}
{"mode": "train", "epoch": 92, "loss": 5.003000100453694, "acc": 0.8575326402982076, "acc_or": 0.9260165095329285, "sender_entropy": 0.9841301043828329, "receiver_entropy": 0.0, "original_loss": 0.22649718324343363, "mean_length": 6.0}
{"mode": "test", "epoch": 92, "loss": 3.3963000774383545, "acc": 0.9852216839790344, "acc_or": 0.9926108121871948, "sender_entropy": 1.0646247863769531, "receiver_entropy": 0.0, "original_loss": 0.05818188935518265, "mean_length": 6.0}
{"mode": "train", "epoch": 93, "loss": 4.903639475504558, "acc": 0.8592018485069275, "acc_or": 0.9265544811884562, "sender_entropy": 0.9796325365702311, "receiver_entropy": 0.0, "original_loss": 0.22495966156323752, "mean_length": 6.0}
{"mode": "test", "epoch": 93, "loss": 3.395861864089966, "acc": 0.9852216839790344, "acc_or": 0.9926108121871948, "sender_entropy": 1.0682634115219116, "receiver_entropy": 0.0, "original_loss": 0.060248956084251404, "mean_length": 6.0}
{"mode": "train", "epoch": 94, "loss": 4.856205304463704, "acc": 0.8622456391652426, "acc_or": 0.9268121918042501, "sender_entropy": 0.9813618659973145, "receiver_entropy": 0.0, "original_loss": 0.2245195209980011, "mean_length": 6.0}
{"mode": "test", "epoch": 94, "loss": 3.3383617401123047, "acc": 0.9655172228813171, "acc_or": 0.9827585816383362, "sender_entropy": 1.0664342641830444, "receiver_entropy": 0.0, "original_loss": 0.06632184237241745, "mean_length": 6.0}
{"mode": "train", "epoch": 95, "loss": 4.824392636617024, "acc": 0.8676385482152303, "acc_or": 0.9310486515363058, "sender_entropy": 0.9785704811414083, "receiver_entropy": 0.0, "original_loss": 0.21263291935125986, "mean_length": 6.0}
{"mode": "test", "epoch": 95, "loss": 3.2944815158843994, "acc": 0.9901477694511414, "acc_or": 0.9950738549232483, "sender_entropy": 1.0574727058410645, "receiver_entropy": 0.0, "original_loss": 0.05113404244184494, "mean_length": 6.0}
{"mode": "train", "epoch": 96, "loss": 4.7674862543741865, "acc": 0.8653035163879395, "acc_or": 0.928758958975474, "sender_entropy": 0.9718079765637716, "receiver_entropy": 0.0, "original_loss": 0.21371141572793326, "mean_length": 6.0}
{"mode": "test", "epoch": 96, "loss": 3.1636228561401367, "acc": 0.9753694534301758, "acc_or": 0.9876847267150879, "sender_entropy": 1.0457515716552734, "receiver_entropy": 0.0, "original_loss": 0.05686461925506592, "mean_length": 6.0}
{"mode": "train", "epoch": 97, "loss": 4.762394746144612, "acc": 0.8730026086171468, "acc_or": 0.9337984720865885, "sender_entropy": 0.9685104489326477, "receiver_entropy": 0.0, "original_loss": 0.20035809775193533, "mean_length": 6.0}
{"mode": "test", "epoch": 97, "loss": 3.1638600826263428, "acc": 0.9753694534301758, "acc_or": 0.9876847267150879, "sender_entropy": 1.0456863641738892, "receiver_entropy": 0.0, "original_loss": 0.052082691341638565, "mean_length": 6.0}
{"mode": "train", "epoch": 98, "loss": 4.602464040120442, "acc": 0.8653760353724161, "acc_or": 0.9296244382858276, "sender_entropy": 0.9656366308530172, "receiver_entropy": 0.0, "original_loss": 0.21555940310160318, "mean_length": 6.0}
{"mode": "test", "epoch": 98, "loss": 3.141180992126465, "acc": 0.9901477694511414, "acc_or": 0.9950738549232483, "sender_entropy": 1.0431574583053589, "receiver_entropy": 0.0, "original_loss": 0.04379132390022278, "mean_length": 6.0}
{"mode": "train", "epoch": 99, "loss": 4.684795538584392, "acc": 0.8828205664952596, "acc_or": 0.9375137686729431, "sender_entropy": 0.9683745304743449, "receiver_entropy": 0.0, "original_loss": 0.19580159584681192, "mean_length": 6.0}
{"mode": "test", "epoch": 99, "loss": 3.1488051414489746, "acc": 0.9852216839790344, "acc_or": 0.9926108121871948, "sender_entropy": 1.0569273233413696, "receiver_entropy": 0.0, "original_loss": 0.05096947401762009, "mean_length": 6.0}
{"mode": "train", "epoch": 100, "loss": 4.65075699488322, "acc": 0.872700572013855, "acc_or": 0.9334313273429871, "sender_entropy": 0.9796260992685953, "receiver_entropy": 0.0, "original_loss": 0.1994855453570684, "mean_length": 6.0}
{"mode": "test", "epoch": 100, "loss": 3.163886785507202, "acc": 0.9901477694511414, "acc_or": 0.9950738549232483, "sender_entropy": 1.0674158334732056, "receiver_entropy": 0.0, "original_loss": 0.04475878179073334, "mean_length": 6.0}
{"mode": "train", "epoch": 101, "loss": 4.619649251302083, "acc": 0.8768457571665446, "acc_or": 0.9353176951408386, "sender_entropy": 0.9894057114919027, "receiver_entropy": 0.0, "original_loss": 0.1992232402165731, "mean_length": 6.0}
{"mode": "test", "epoch": 101, "loss": 3.1852855682373047, "acc": 0.9950738549232483, "acc_or": 0.9975369572639465, "sender_entropy": 1.0706961154937744, "receiver_entropy": 0.0, "original_loss": 0.0411592572927475, "mean_length": 6.0}
{"mode": "train", "epoch": 102, "loss": 4.636673291524251, "acc": 0.8740784923235575, "acc_or": 0.934596836566925, "sender_entropy": 0.9923381408055624, "receiver_entropy": 0.0, "original_loss": 0.19962381819883981, "mean_length": 6.0}
{"mode": "test", "epoch": 102, "loss": 3.148179054260254, "acc": 0.9950738549232483, "acc_or": 0.9975369572639465, "sender_entropy": 1.0751538276672363, "receiver_entropy": 0.0, "original_loss": 0.04215526953339577, "mean_length": 6.0}
{"mode": "train", "epoch": 103, "loss": 4.547324975331624, "acc": 0.8752597570419312, "acc_or": 0.9344387849171957, "sender_entropy": 0.9950170318285624, "receiver_entropy": 0.0, "original_loss": 0.20068166653315225, "mean_length": 6.0}
{"mode": "test", "epoch": 103, "loss": 3.1016745567321777, "acc": 0.9852216839790344, "acc_or": 0.9926108121871948, "sender_entropy": 1.0807620286941528, "receiver_entropy": 0.0, "original_loss": 0.047686051577329636, "mean_length": 6.0}
{"mode": "train", "epoch": 104, "loss": 4.4706794420878095, "acc": 0.8698829611142477, "acc_or": 0.9312295317649841, "sender_entropy": 0.9989826480547587, "receiver_entropy": 0.0, "original_loss": 0.20809016128381094, "mean_length": 6.0}
{"mode": "test", "epoch": 104, "loss": 3.099658727645874, "acc": 0.9852216839790344, "acc_or": 0.9926108121871948, "sender_entropy": 1.0793546438217163, "receiver_entropy": 0.0, "original_loss": 0.04403736814856529, "mean_length": 6.0}
{"mode": "train", "epoch": 105, "loss": 4.483324368794759, "acc": 0.8751275539398193, "acc_or": 0.9342008431752523, "sender_entropy": 0.9969334602355957, "receiver_entropy": 0.0, "original_loss": 0.19573010504245758, "mean_length": 6.0}
{"mode": "test", "epoch": 105, "loss": 3.0620009899139404, "acc": 0.9852216839790344, "acc_or": 0.9926108121871948, "sender_entropy": 1.0771965980529785, "receiver_entropy": 0.0, "original_loss": 0.040299609303474426, "mean_length": 6.0}
{"mode": "train", "epoch": 106, "loss": 4.470317045847575, "acc": 0.8830037911732992, "acc_or": 0.9381453593571981, "sender_entropy": 0.9934228857358297, "receiver_entropy": 0.0, "original_loss": 0.18910025556882223, "mean_length": 6.0}
{"mode": "test", "epoch": 106, "loss": 3.0650181770324707, "acc": 1.0, "acc_or": 1.0, "sender_entropy": 1.0729247331619263, "receiver_entropy": 0.0, "original_loss": 0.02986675128340721, "mean_length": 6.0}
{"epoch": 106, "positional_disent": 0.15153756737709045, "bag_of_symbol_disent": 0.23925741016864777, "topographic_sim": 0.33019136805109606}
{"generalization hold out": {"acc": 0.9666666984558105, "acc_or": 0.9666666984558105}, "uniform holdout": {"acc": 0.5454545617103577, "acc_or": 0.75}, "epoch": 106}
---End--
