nohup: ignoring input
{"mode": "train", "epoch": 1, "loss": -2.4309506714344025, "acc": 0.0016326052082149545, "acc_or": 0.11069590970873833, "sender_entropy": 2.299330234527588, "receiver_entropy": 0.0, "original_loss": 2.256068468093872, "mean_length": 6.0}
{"mode": "test", "epoch": 1, "loss": 1.802783727645874, "acc": 0.0015220700297504663, "acc_or": 0.10350076109170914, "sender_entropy": 2.298780679702759, "receiver_entropy": 0.0, "original_loss": 2.197993278503418, "mean_length": 6.0}
{"mode": "train", "epoch": 2, "loss": 1.6211483478546143, "acc": 0.0014685263340652455, "acc_or": 0.1137999976053834, "sender_entropy": 2.299602210521698, "receiver_entropy": 0.0, "original_loss": 2.199134796857834, "mean_length": 6.0}
{"mode": "test", "epoch": 2, "loss": 1.6425045728683472, "acc": 0.0030441400595009327, "acc_or": 0.1552511304616928, "sender_entropy": 2.300126791000366, "receiver_entropy": 0.0, "original_loss": 2.181213617324829, "mean_length": 6.0}
{"mode": "train", "epoch": 3, "loss": 1.401324599981308, "acc": 0.001960490146302618, "acc_or": 0.11913435626775026, "sender_entropy": 2.3000328540802, "receiver_entropy": 0.0, "original_loss": 2.1966620683670044, "mean_length": 6.0}
{"mode": "test", "epoch": 3, "loss": 1.8432402610778809, "acc": 0.009132420644164085, "acc_or": 0.24556061625480652, "sender_entropy": 2.300067186355591, "receiver_entropy": 0.0, "original_loss": 2.153322219848633, "mean_length": 6.0}
{"mode": "train", "epoch": 4, "loss": 1.3103925734758377, "acc": 0.0017231690944754519, "acc_or": 0.12335521541535854, "sender_entropy": 2.3001110553741455, "receiver_entropy": 0.0, "original_loss": 2.1952414512634277, "mean_length": 6.0}
{"mode": "test", "epoch": 4, "loss": 2.107590675354004, "acc": 0.007610349915921688, "acc_or": 0.2937594950199127, "sender_entropy": 2.299919605255127, "receiver_entropy": 0.0, "original_loss": 2.1253788471221924, "mean_length": 6.0}
{"mode": "train", "epoch": 5, "loss": 1.2775583267211914, "acc": 0.0025776612892514095, "acc_or": 0.13175947219133377, "sender_entropy": 2.2990958988666534, "receiver_entropy": 0.0, "original_loss": 2.192616879940033, "mean_length": 6.0}
{"mode": "test", "epoch": 5, "loss": 2.580756664276123, "acc": 0.009132420644164085, "acc_or": 0.3044140040874481, "sender_entropy": 2.2970497608184814, "receiver_entropy": 0.0, "original_loss": 2.0782248973846436, "mean_length": 6.0}
{"mode": "train", "epoch": 6, "loss": 1.3713616728782654, "acc": 0.0031743736763019115, "acc_or": 0.15317183174192905, "sender_entropy": 2.2875598073005676, "receiver_entropy": 0.0, "original_loss": 2.1799732744693756, "mean_length": 6.0}
{"mode": "test", "epoch": 6, "loss": 2.3890504837036133, "acc": 0.004566210322082043, "acc_or": 0.2450532615184784, "sender_entropy": 2.260901927947998, "receiver_entropy": 0.0, "original_loss": 2.065153121948242, "mean_length": 6.0}
{"mode": "train", "epoch": 7, "loss": 2.03830149769783, "acc": 0.004482503776671365, "acc_or": 0.19882054440677166, "sender_entropy": 2.2195496261119843, "receiver_entropy": 0.0, "original_loss": 2.1073258221149445, "mean_length": 6.0}
{"mode": "test", "epoch": 7, "loss": 2.92874813079834, "acc": 0.007610349915921688, "acc_or": 0.30238455533981323, "sender_entropy": 2.1776347160339355, "receiver_entropy": 0.0, "original_loss": 1.944593071937561, "mean_length": 6.0}
{"mode": "train", "epoch": 8, "loss": 2.811091512441635, "acc": 0.00848327309358865, "acc_or": 0.2528441324830055, "sender_entropy": 2.119379371404648, "receiver_entropy": 0.0, "original_loss": 2.006160706281662, "mean_length": 6.0}
{"mode": "test", "epoch": 8, "loss": 3.198704481124878, "acc": 0.013698630034923553, "acc_or": 0.3267377018928528, "sender_entropy": 2.1037213802337646, "receiver_entropy": 0.0, "original_loss": 1.8514142036437988, "mean_length": 6.0}
{"mode": "train", "epoch": 9, "loss": 3.330785721540451, "acc": 0.012715089251287282, "acc_or": 0.2868907041847706, "sender_entropy": 2.0454294085502625, "receiver_entropy": 0.0, "original_loss": 1.9190105497837067, "mean_length": 6.0}
{"mode": "test", "epoch": 9, "loss": 3.7927005290985107, "acc": 0.025875190272927284, "acc_or": 0.3602232336997986, "sender_entropy": 2.0520684719085693, "receiver_entropy": 0.0, "original_loss": 1.7333295345306396, "mean_length": 6.0}
{"mode": "train", "epoch": 10, "loss": 3.8515246510505676, "acc": 0.021707375068217516, "acc_or": 0.3223477005958557, "sender_entropy": 1.9656836986541748, "receiver_entropy": 0.0, "original_loss": 1.8248450011014938, "mean_length": 6.0}
{"mode": "test", "epoch": 10, "loss": 3.9829611778259277, "acc": 0.0334855392575264, "acc_or": 0.37595129013061523, "sender_entropy": 2.034543991088867, "receiver_entropy": 0.0, "original_loss": 1.6780747175216675, "mean_length": 6.0}
{"mode": "train", "epoch": 11, "loss": 4.073279500007629, "acc": 0.025687685701996088, "acc_or": 0.3381466008722782, "sender_entropy": 1.9241856634616852, "receiver_entropy": 0.0, "original_loss": 1.7621634155511856, "mean_length": 6.0}
{"mode": "test", "epoch": 11, "loss": 4.369933605194092, "acc": 0.025875190272927284, "acc_or": 0.3982749879360199, "sender_entropy": 1.982003927230835, "receiver_entropy": 0.0, "original_loss": 1.573805570602417, "mean_length": 6.0}
{"mode": "train", "epoch": 12, "loss": 4.466944992542267, "acc": 0.032646784791722894, "acc_or": 0.3635217659175396, "sender_entropy": 1.8589207082986832, "receiver_entropy": 0.0, "original_loss": 1.677001252770424, "mean_length": 6.0}
{"mode": "test", "epoch": 12, "loss": 4.6483073234558105, "acc": 0.054794520139694214, "acc_or": 0.4211060106754303, "sender_entropy": 1.915669322013855, "receiver_entropy": 0.0, "original_loss": 1.4654655456542969, "mean_length": 6.0}
{"mode": "train", "epoch": 13, "loss": 4.888439834117889, "acc": 0.04419259121641517, "acc_or": 0.38846002891659737, "sender_entropy": 1.7941126227378845, "receiver_entropy": 0.0, "original_loss": 1.5822942852973938, "mean_length": 6.0}
{"mode": "test", "epoch": 13, "loss": 5.132616996765137, "acc": 0.07914764434099197, "acc_or": 0.4667681157588959, "sender_entropy": 1.8575235605239868, "receiver_entropy": 0.0, "original_loss": 1.3281480073928833, "mean_length": 6.0}
{"mode": "train", "epoch": 14, "loss": 5.289325177669525, "acc": 0.05460198316723108, "acc_or": 0.4103045240044594, "sender_entropy": 1.7185263335704803, "receiver_entropy": 0.0, "original_loss": 1.4814300835132599, "mean_length": 6.0}
{"mode": "test", "epoch": 14, "loss": 5.378013610839844, "acc": 0.08980213105678558, "acc_or": 0.49162858724594116, "sender_entropy": 1.8088881969451904, "receiver_entropy": 0.0, "original_loss": 1.2247594594955444, "mean_length": 6.0}
{"mode": "train", "epoch": 15, "loss": 5.611327230930328, "acc": 0.07166591379791498, "acc_or": 0.44493940100073814, "sender_entropy": 1.6647325903177261, "receiver_entropy": 0.0, "original_loss": 1.3858590573072433, "mean_length": 6.0}
{"mode": "test", "epoch": 15, "loss": 5.705862045288086, "acc": 0.14155250787734985, "acc_or": 0.5570775866508484, "sender_entropy": 1.795095682144165, "receiver_entropy": 0.0, "original_loss": 1.1139576435089111, "mean_length": 6.0}
{"mode": "train", "epoch": 16, "loss": 5.824382662773132, "acc": 0.09126372076570988, "acc_or": 0.4757591336965561, "sender_entropy": 1.6115440726280212, "receiver_entropy": 0.0, "original_loss": 1.2988224178552628, "mean_length": 6.0}
{"mode": "test", "epoch": 16, "loss": 5.677252769470215, "acc": 0.16286149621009827, "acc_or": 0.5991882085800171, "sender_entropy": 1.7234244346618652, "receiver_entropy": 0.0, "original_loss": 1.0123306512832642, "mean_length": 6.0}
{"mode": "train", "epoch": 17, "loss": 5.9648852944374084, "acc": 0.12006617803126574, "acc_or": 0.5215580016374588, "sender_entropy": 1.5403499454259872, "receiver_entropy": 0.0, "original_loss": 1.206381842494011, "mean_length": 6.0}
{"mode": "test", "epoch": 17, "loss": 5.561840534210205, "acc": 0.21004566550254822, "acc_or": 0.6433282494544983, "sender_entropy": 1.6655778884887695, "receiver_entropy": 0.0, "original_loss": 0.929855465888977, "mean_length": 6.0}
{"mode": "train", "epoch": 18, "loss": 6.047724962234497, "acc": 0.14916501380503178, "acc_or": 0.5545549914240837, "sender_entropy": 1.4987119883298874, "receiver_entropy": 0.0, "original_loss": 1.1290345638990402, "mean_length": 6.0}
{"mode": "test", "epoch": 18, "loss": 5.491377830505371, "acc": 0.2831050157546997, "acc_or": 0.6859462261199951, "sender_entropy": 1.6014375686645508, "receiver_entropy": 0.0, "original_loss": 0.8347091674804688, "mean_length": 6.0}
{"mode": "train", "epoch": 19, "loss": 6.104860603809357, "acc": 0.1822609342634678, "acc_or": 0.5900676399469376, "sender_entropy": 1.4318751096725464, "receiver_entropy": 0.0, "original_loss": 1.0446665734052658, "mean_length": 6.0}
{"mode": "test", "epoch": 19, "loss": 5.394683837890625, "acc": 0.3455098867416382, "acc_or": 0.7184170484542847, "sender_entropy": 1.5653135776519775, "receiver_entropy": 0.0, "original_loss": 0.772831916809082, "mean_length": 6.0}
{"mode": "train", "epoch": 20, "loss": 6.020423233509064, "acc": 0.21030396409332752, "acc_or": 0.615617074072361, "sender_entropy": 1.3850924223661423, "receiver_entropy": 0.0, "original_loss": 0.982683964073658, "mean_length": 6.0}
{"mode": "test", "epoch": 20, "loss": 5.289361476898193, "acc": 0.4094368517398834, "acc_or": 0.762049674987793, "sender_entropy": 1.5028674602508545, "receiver_entropy": 0.0, "original_loss": 0.6756521463394165, "mean_length": 6.0}
{"mode": "train", "epoch": 21, "loss": 5.892479956150055, "acc": 0.23450934514403343, "acc_or": 0.6361310109496117, "sender_entropy": 1.352611020207405, "receiver_entropy": 0.0, "original_loss": 0.9370094165205956, "mean_length": 6.0}
{"mode": "test", "epoch": 21, "loss": 5.14491081237793, "acc": 0.44140031933784485, "acc_or": 0.7701674103736877, "sender_entropy": 1.490656852722168, "receiver_entropy": 0.0, "original_loss": 0.6464179158210754, "mean_length": 6.0}
{"mode": "train", "epoch": 22, "loss": 5.8664586544036865, "acc": 0.26354312151670456, "acc_or": 0.656617745757103, "sender_entropy": 1.32775217294693, "receiver_entropy": 0.0, "original_loss": 0.8867825493216515, "mean_length": 6.0}
{"mode": "test", "epoch": 22, "loss": 5.079447269439697, "acc": 0.46879756450653076, "acc_or": 0.7838660478591919, "sender_entropy": 1.4738876819610596, "receiver_entropy": 0.0, "original_loss": 0.60067218542099, "mean_length": 6.0}
{"mode": "train", "epoch": 23, "loss": 5.713065445423126, "acc": 0.28789976611733437, "acc_or": 0.6737022176384926, "sender_entropy": 1.303332880139351, "receiver_entropy": 0.0, "original_loss": 0.8488965928554535, "mean_length": 6.0}
{"mode": "test", "epoch": 23, "loss": 4.890976905822754, "acc": 0.5175037980079651, "acc_or": 0.8072044253349304, "sender_entropy": 1.4235994815826416, "receiver_entropy": 0.0, "original_loss": 0.553061306476593, "mean_length": 6.0}
{"mode": "train", "epoch": 24, "loss": 5.704544305801392, "acc": 0.32572314888238907, "acc_or": 0.6974782049655914, "sender_entropy": 1.265948325395584, "receiver_entropy": 0.0, "original_loss": 0.7912989035248756, "mean_length": 6.0}
{"mode": "test", "epoch": 24, "loss": 4.740429878234863, "acc": 0.5388128161430359, "acc_or": 0.8229324817657471, "sender_entropy": 1.3994890451431274, "receiver_entropy": 0.0, "original_loss": 0.5208168029785156, "mean_length": 6.0}
{"mode": "train", "epoch": 25, "loss": 5.648564159870148, "acc": 0.35459407418966293, "acc_or": 0.7179728299379349, "sender_entropy": 1.2380952388048172, "receiver_entropy": 0.0, "original_loss": 0.7402558997273445, "mean_length": 6.0}
{"mode": "test", "epoch": 25, "loss": 4.701775074005127, "acc": 0.6164383888244629, "acc_or": 0.852866530418396, "sender_entropy": 1.364592432975769, "receiver_entropy": 0.0, "original_loss": 0.4589691460132599, "mean_length": 6.0}
{"mode": "train", "epoch": 26, "loss": 5.536076366901398, "acc": 0.37512562051415443, "acc_or": 0.7281615808606148, "sender_entropy": 1.2213187962770462, "receiver_entropy": 0.0, "original_loss": 0.7102043703198433, "mean_length": 6.0}
{"mode": "test", "epoch": 26, "loss": 4.555141925811768, "acc": 0.6270928382873535, "acc_or": 0.8589548468589783, "sender_entropy": 1.3455651998519897, "receiver_entropy": 0.0, "original_loss": 0.42482346296310425, "mean_length": 6.0}
{"mode": "train", "epoch": 27, "loss": 5.407756090164185, "acc": 0.41205236688256264, "acc_or": 0.7502127587795258, "sender_entropy": 1.1803395301103592, "receiver_entropy": 0.0, "original_loss": 0.6628235578536987, "mean_length": 6.0}
{"mode": "test", "epoch": 27, "loss": 4.266978740692139, "acc": 0.6377473473548889, "acc_or": 0.8685945868492126, "sender_entropy": 1.297689437866211, "receiver_entropy": 0.0, "original_loss": 0.40578100085258484, "mean_length": 6.0}
{"mode": "train", "epoch": 28, "loss": 5.339668273925781, "acc": 0.4346584267914295, "acc_or": 0.7625174969434738, "sender_entropy": 1.1671561896800995, "receiver_entropy": 0.0, "original_loss": 0.6308075487613678, "mean_length": 6.0}
{"mode": "test", "epoch": 28, "loss": 4.357660293579102, "acc": 0.6910197734832764, "acc_or": 0.8878741264343262, "sender_entropy": 1.3088674545288086, "receiver_entropy": 0.0, "original_loss": 0.36692875623703003, "mean_length": 6.0}
{"mode": "train", "epoch": 29, "loss": 5.2437983751297, "acc": 0.45163384079933167, "acc_or": 0.7712933272123337, "sender_entropy": 1.1639073491096497, "receiver_entropy": 0.0, "original_loss": 0.6077716052532196, "mean_length": 6.0}
{"mode": "test", "epoch": 29, "loss": 4.165277481079102, "acc": 0.7275494933128357, "acc_or": 0.904109537601471, "sender_entropy": 1.2589527368545532, "receiver_entropy": 0.0, "original_loss": 0.3235764801502228, "mean_length": 6.0}
{"mode": "train", "epoch": 30, "loss": 5.187154412269592, "acc": 0.4859766513109207, "acc_or": 0.790681816637516, "sender_entropy": 1.131941169500351, "receiver_entropy": 0.0, "original_loss": 0.5630224347114563, "mean_length": 6.0}
{"mode": "test", "epoch": 30, "loss": 4.024211406707764, "acc": 0.7564688324928284, "acc_or": 0.9142566919326782, "sender_entropy": 1.2490203380584717, "receiver_entropy": 0.0, "original_loss": 0.30613428354263306, "mean_length": 6.0}
{"mode": "train", "epoch": 31, "loss": 5.12805050611496, "acc": 0.5143062323331833, "acc_or": 0.804322138428688, "sender_entropy": 1.1180794090032578, "receiver_entropy": 0.0, "original_loss": 0.5317521393299103, "mean_length": 6.0}
{"mode": "test", "epoch": 31, "loss": 4.056028842926025, "acc": 0.7869101762771606, "acc_or": 0.922374427318573, "sender_entropy": 1.2482224702835083, "receiver_entropy": 0.0, "original_loss": 0.2785191237926483, "mean_length": 6.0}
{"mode": "train", "epoch": 32, "loss": 4.990085959434509, "acc": 0.5172412469983101, "acc_or": 0.8047181218862534, "sender_entropy": 1.1310959309339523, "receiver_entropy": 0.0, "original_loss": 0.5308630391955376, "mean_length": 6.0}
{"mode": "test", "epoch": 32, "loss": 3.911231756210327, "acc": 0.7884323000907898, "acc_or": 0.9284626841545105, "sender_entropy": 1.2312867641448975, "receiver_entropy": 0.0, "original_loss": 0.2621265947818756, "mean_length": 6.0}
{"mode": "train", "epoch": 33, "loss": 4.904815495014191, "acc": 0.5441144481301308, "acc_or": 0.816870205104351, "sender_entropy": 1.1030126065015793, "receiver_entropy": 0.0, "original_loss": 0.4938970245420933, "mean_length": 6.0}
{"mode": "test", "epoch": 33, "loss": 3.7590746879577637, "acc": 0.8188737034797668, "acc_or": 0.9365803599357605, "sender_entropy": 1.1935069561004639, "receiver_entropy": 0.0, "original_loss": 0.23363788425922394, "mean_length": 6.0}
{"mode": "train", "epoch": 34, "loss": 4.833874464035034, "acc": 0.576029360294342, "acc_or": 0.8336047977209091, "sender_entropy": 1.074560508131981, "receiver_entropy": 0.0, "original_loss": 0.45797453820705414, "mean_length": 6.0}
{"mode": "test", "epoch": 34, "loss": 3.668567180633545, "acc": 0.8828006386756897, "acc_or": 0.9599187970161438, "sender_entropy": 1.1686115264892578, "receiver_entropy": 0.0, "original_loss": 0.19764238595962524, "mean_length": 6.0}
{"mode": "train", "epoch": 35, "loss": 4.753320097923279, "acc": 0.6023533046245575, "acc_or": 0.8449000492691994, "sender_entropy": 1.05699722468853, "receiver_entropy": 0.0, "original_loss": 0.4288991838693619, "mean_length": 6.0}
{"mode": "test", "epoch": 35, "loss": 3.603745698928833, "acc": 0.8736681938171387, "acc_or": 0.956874668598175, "sender_entropy": 1.1676656007766724, "receiver_entropy": 0.0, "original_loss": 0.1878851354122162, "mean_length": 6.0}
{"mode": "train", "epoch": 36, "loss": 4.678277015686035, "acc": 0.6099985837936401, "acc_or": 0.8473613113164902, "sender_entropy": 1.0610294789075851, "receiver_entropy": 0.0, "original_loss": 0.4191848635673523, "mean_length": 6.0}
{"mode": "test", "epoch": 36, "loss": 3.492732048034668, "acc": 0.8736681938171387, "acc_or": 0.9563673138618469, "sender_entropy": 1.1620666980743408, "receiver_entropy": 0.0, "original_loss": 0.18227453529834747, "mean_length": 6.0}
{"mode": "train", "epoch": 37, "loss": 4.581549048423767, "acc": 0.6261004135012627, "acc_or": 0.8552015125751495, "sender_entropy": 1.0456950217485428, "receiver_entropy": 0.0, "original_loss": 0.3967863619327545, "mean_length": 6.0}
{"mode": "test", "epoch": 37, "loss": 3.3884589672088623, "acc": 0.8949771523475647, "acc_or": 0.9629629254341125, "sender_entropy": 1.1354824304580688, "receiver_entropy": 0.0, "original_loss": 0.15985742211341858, "mean_length": 6.0}
{"mode": "train", "epoch": 38, "loss": 4.506937801837921, "acc": 0.6421111300587654, "acc_or": 0.8617095127701759, "sender_entropy": 1.0346410274505615, "receiver_entropy": 0.0, "original_loss": 0.38005001097917557, "mean_length": 6.0}
{"mode": "test", "epoch": 38, "loss": 3.3638575077056885, "acc": 0.9101978540420532, "acc_or": 0.9690512418746948, "sender_entropy": 1.1343759298324585, "receiver_entropy": 0.0, "original_loss": 0.1449059545993805, "mean_length": 6.0}
{"mode": "train", "epoch": 39, "loss": 4.375388562679291, "acc": 0.6472275778651237, "acc_or": 0.863167442381382, "sender_entropy": 1.0370709747076035, "receiver_entropy": 0.0, "original_loss": 0.3750593177974224, "mean_length": 6.0}
{"mode": "test", "epoch": 39, "loss": 3.248128890991211, "acc": 0.9025875329971313, "acc_or": 0.9670217633247375, "sender_entropy": 1.123779296875, "receiver_entropy": 0.0, "original_loss": 0.14559955894947052, "mean_length": 6.0}
{"mode": "train", "epoch": 40, "loss": 4.30960750579834, "acc": 0.6645060628652573, "acc_or": 0.8714509457349777, "sender_entropy": 1.0231203436851501, "receiver_entropy": 0.0, "original_loss": 0.3550749160349369, "mean_length": 6.0}
{"mode": "test", "epoch": 40, "loss": 3.1415371894836426, "acc": 0.9117199182510376, "acc_or": 0.9700659513473511, "sender_entropy": 1.101569414138794, "receiver_entropy": 0.0, "original_loss": 0.13558252155780792, "mean_length": 6.0}
{"mode": "train", "epoch": 41, "loss": 4.22822892665863, "acc": 0.6949292495846748, "acc_or": 0.8841861337423325, "sender_entropy": 0.9907714128494263, "receiver_entropy": 0.0, "original_loss": 0.32595861703157425, "mean_length": 6.0}
{"mode": "test", "epoch": 41, "loss": 3.0448315143585205, "acc": 0.9482496380805969, "acc_or": 0.9827498197555542, "sender_entropy": 1.0757360458374023, "receiver_entropy": 0.0, "original_loss": 0.10819489508867264, "mean_length": 6.0}
{"mode": "train", "epoch": 42, "loss": 4.173827350139618, "acc": 0.707258902490139, "acc_or": 0.8889690190553665, "sender_entropy": 0.9914893731474876, "receiver_entropy": 0.0, "original_loss": 0.3132823258638382, "mean_length": 6.0}
{"mode": "test", "epoch": 42, "loss": 3.006354808807373, "acc": 0.9452055096626282, "acc_or": 0.9812277555465698, "sender_entropy": 1.0867114067077637, "receiver_entropy": 0.0, "original_loss": 0.10610321909189224, "mean_length": 6.0}
{"mode": "train", "epoch": 43, "loss": 4.115882337093353, "acc": 0.7111210823059082, "acc_or": 0.8912033513188362, "sender_entropy": 1.0004851296544075, "receiver_entropy": 0.0, "original_loss": 0.30737439170479774, "mean_length": 6.0}
{"mode": "test", "epoch": 43, "loss": 2.9613380432128906, "acc": 0.9452055096626282, "acc_or": 0.981735110282898, "sender_entropy": 1.0837432146072388, "receiver_entropy": 0.0, "original_loss": 0.09863325208425522, "mean_length": 6.0}
{"mode": "train", "epoch": 44, "loss": 4.039458990097046, "acc": 0.7168103829026222, "acc_or": 0.8940369561314583, "sender_entropy": 0.9945721700787544, "receiver_entropy": 0.0, "original_loss": 0.2994779199361801, "mean_length": 6.0}
{"mode": "test", "epoch": 44, "loss": 2.847020149230957, "acc": 0.95281583070755, "acc_or": 0.9842719435691833, "sender_entropy": 1.0671696662902832, "receiver_entropy": 0.0, "original_loss": 0.09241087734699249, "mean_length": 6.0}
{"mode": "train", "epoch": 45, "loss": 3.9558568596839905, "acc": 0.7345999106764793, "acc_or": 0.9007431417703629, "sender_entropy": 0.9818499684333801, "receiver_entropy": 0.0, "original_loss": 0.2825305871665478, "mean_length": 6.0}
{"mode": "test", "epoch": 45, "loss": 2.7612593173980713, "acc": 0.9482496380805969, "acc_or": 0.9827498197555542, "sender_entropy": 1.0548521280288696, "receiver_entropy": 0.0, "original_loss": 0.0872671902179718, "mean_length": 6.0}
{"mode": "train", "epoch": 46, "loss": 3.8519800305366516, "acc": 0.7318914458155632, "acc_or": 0.8995251283049583, "sender_entropy": 0.9782550409436226, "receiver_entropy": 0.0, "original_loss": 0.28144408762454987, "mean_length": 6.0}
{"mode": "test", "epoch": 46, "loss": 2.725719451904297, "acc": 0.9543378949165344, "acc_or": 0.9842719435691833, "sender_entropy": 1.069866418838501, "receiver_entropy": 0.0, "original_loss": 0.09018303453922272, "mean_length": 6.0}
{"mode": "train", "epoch": 47, "loss": 3.8203332722187042, "acc": 0.738108441233635, "acc_or": 0.9022800996899605, "sender_entropy": 0.987012080848217, "receiver_entropy": 0.0, "original_loss": 0.2754703089594841, "mean_length": 6.0}
{"mode": "test", "epoch": 47, "loss": 2.7303762435913086, "acc": 0.978691041469574, "acc_or": 0.9923896193504333, "sender_entropy": 1.067203164100647, "receiver_entropy": 0.0, "original_loss": 0.0724283903837204, "mean_length": 6.0}
{"mode": "train", "epoch": 48, "loss": 3.7287575900554657, "acc": 0.750485971570015, "acc_or": 0.9069525897502899, "sender_entropy": 0.9796646907925606, "receiver_entropy": 0.0, "original_loss": 0.2669600807130337, "mean_length": 6.0}
{"mode": "test", "epoch": 48, "loss": 2.6213061809539795, "acc": 0.9649924039840698, "acc_or": 0.9883307814598083, "sender_entropy": 1.0514639616012573, "receiver_entropy": 0.0, "original_loss": 0.07135570794343948, "mean_length": 6.0}
{"mode": "train", "epoch": 49, "loss": 3.682928651571274, "acc": 0.74931900203228, "acc_or": 0.9068157002329826, "sender_entropy": 0.9765897616744041, "receiver_entropy": 0.0, "original_loss": 0.26139485090970993, "mean_length": 6.0}
{"mode": "test", "epoch": 49, "loss": 2.580967903137207, "acc": 0.9619482755661011, "acc_or": 0.986808717250824, "sender_entropy": 1.0551261901855469, "receiver_entropy": 0.0, "original_loss": 0.07311258465051651, "mean_length": 6.0}
{"mode": "train", "epoch": 50, "loss": 3.5722759068012238, "acc": 0.7668301686644554, "acc_or": 0.9135982692241669, "sender_entropy": 0.9541024193167686, "receiver_entropy": 0.0, "original_loss": 0.24664131738245487, "mean_length": 6.0}
{"mode": "test", "epoch": 50, "loss": 2.438962697982788, "acc": 0.9726027250289917, "acc_or": 0.990867555141449, "sender_entropy": 1.0131466388702393, "receiver_entropy": 0.0, "original_loss": 0.06473719328641891, "mean_length": 6.0}
{"mode": "train", "epoch": 51, "loss": 3.5131354331970215, "acc": 0.7804657593369484, "acc_or": 0.9188771173357964, "sender_entropy": 0.9364305585622787, "receiver_entropy": 0.0, "original_loss": 0.23239885456860065, "mean_length": 6.0}
{"mode": "test", "epoch": 51, "loss": 2.427211284637451, "acc": 0.9680365324020386, "acc_or": 0.9888381361961365, "sender_entropy": 1.023954153060913, "receiver_entropy": 0.0, "original_loss": 0.06367313116788864, "mean_length": 6.0}
{"mode": "train", "epoch": 52, "loss": 3.4399293661117554, "acc": 0.7766117602586746, "acc_or": 0.9177423343062401, "sender_entropy": 0.9479312598705292, "receiver_entropy": 0.0, "original_loss": 0.23628689907491207, "mean_length": 6.0}
{"mode": "test", "epoch": 52, "loss": 2.43586802482605, "acc": 0.9847792983055115, "acc_or": 0.994926393032074, "sender_entropy": 1.0343400239944458, "receiver_entropy": 0.0, "original_loss": 0.05239265039563179, "mean_length": 6.0}
{"mode": "train", "epoch": 53, "loss": 3.413849413394928, "acc": 0.7790381461381912, "acc_or": 0.9183719232678413, "sender_entropy": 0.9590292349457741, "receiver_entropy": 0.0, "original_loss": 0.23350804671645164, "mean_length": 6.0}
{"mode": "test", "epoch": 53, "loss": 2.385524272918701, "acc": 0.9726027250289917, "acc_or": 0.990867555141449, "sender_entropy": 1.043887972831726, "receiver_entropy": 0.0, "original_loss": 0.06082448735833168, "mean_length": 6.0}
{"mode": "train", "epoch": 54, "loss": 3.3221499919891357, "acc": 0.7774883359670639, "acc_or": 0.9178718701004982, "sender_entropy": 0.9587950929999352, "receiver_entropy": 0.0, "original_loss": 0.23536143824458122, "mean_length": 6.0}
{"mode": "test", "epoch": 54, "loss": 2.31880784034729, "acc": 0.9710806608200073, "acc_or": 0.9903602004051208, "sender_entropy": 1.0292164087295532, "receiver_entropy": 0.0, "original_loss": 0.05896807834506035, "mean_length": 6.0}
{"mode": "train", "epoch": 55, "loss": 3.258873403072357, "acc": 0.7815652117133141, "acc_or": 0.9197576120495796, "sender_entropy": 0.9535340964794159, "receiver_entropy": 0.0, "original_loss": 0.2289490532130003, "mean_length": 6.0}
{"mode": "test", "epoch": 55, "loss": 2.324899435043335, "acc": 0.9817351698875427, "acc_or": 0.9939116835594177, "sender_entropy": 1.0317258834838867, "receiver_entropy": 0.0, "original_loss": 0.04725665599107742, "mean_length": 6.0}
{"mode": "train", "epoch": 56, "loss": 3.2278566658496857, "acc": 0.7872164472937584, "acc_or": 0.9217200204730034, "sender_entropy": 0.9544683545827866, "receiver_entropy": 0.0, "original_loss": 0.22264291532337666, "mean_length": 6.0}
{"mode": "test", "epoch": 56, "loss": 2.2880282402038574, "acc": 0.9802131056785583, "acc_or": 0.9934043288230896, "sender_entropy": 1.0322893857955933, "receiver_entropy": 0.0, "original_loss": 0.04605520889163017, "mean_length": 6.0}
{"mode": "train", "epoch": 57, "loss": 3.165567636489868, "acc": 0.7874403968453407, "acc_or": 0.9217405095696449, "sender_entropy": 0.954834520816803, "receiver_entropy": 0.0, "original_loss": 0.2225160039961338, "mean_length": 6.0}
{"mode": "test", "epoch": 57, "loss": 2.2398180961608887, "acc": 0.9756469130516052, "acc_or": 0.9918822646141052, "sender_entropy": 1.0373315811157227, "receiver_entropy": 0.0, "original_loss": 0.05446932092308998, "mean_length": 6.0}
{"mode": "train", "epoch": 58, "loss": 3.0913914144039154, "acc": 0.7927277535200119, "acc_or": 0.9238934069871902, "sender_entropy": 0.9492469653487206, "receiver_entropy": 0.0, "original_loss": 0.22038070484995842, "mean_length": 6.0}
{"mode": "test", "epoch": 58, "loss": 2.194274425506592, "acc": 0.9802131056785583, "acc_or": 0.9934043288230896, "sender_entropy": 1.024000644683838, "receiver_entropy": 0.0, "original_loss": 0.04834231361746788, "mean_length": 6.0}
{"mode": "train", "epoch": 59, "loss": 3.0492266416549683, "acc": 0.7917330414056778, "acc_or": 0.9238513186573982, "sender_entropy": 0.9500604346394539, "receiver_entropy": 0.0, "original_loss": 0.2167593613266945, "mean_length": 6.0}
{"mode": "test", "epoch": 59, "loss": 2.2257840633392334, "acc": 0.978691041469574, "acc_or": 0.9928969740867615, "sender_entropy": 1.0476679801940918, "receiver_entropy": 0.0, "original_loss": 0.04836469516158104, "mean_length": 6.0}
{"mode": "train", "epoch": 60, "loss": 3.0321007668972015, "acc": 0.7933806553483009, "acc_or": 0.9239622056484222, "sender_entropy": 0.9594508782029152, "receiver_entropy": 0.0, "original_loss": 0.21573184058070183, "mean_length": 6.0}
{"mode": "test", "epoch": 60, "loss": 2.153090715408325, "acc": 0.9847792983055115, "acc_or": 0.9944190382957458, "sender_entropy": 1.0335464477539062, "receiver_entropy": 0.0, "original_loss": 0.044431548565626144, "mean_length": 6.0}
{"mode": "train", "epoch": 61, "loss": 2.9645765125751495, "acc": 0.7922743856906891, "acc_or": 0.9238259419798851, "sender_entropy": 0.9608257710933685, "receiver_entropy": 0.0, "original_loss": 0.21484556794166565, "mean_length": 6.0}
{"mode": "test", "epoch": 61, "loss": 2.136172294616699, "acc": 0.9832572340965271, "acc_or": 0.9944190382957458, "sender_entropy": 1.0408328771591187, "receiver_entropy": 0.0, "original_loss": 0.043602053076028824, "mean_length": 6.0}
{"mode": "train", "epoch": 62, "loss": 2.9085260033607483, "acc": 0.7983128502964973, "acc_or": 0.9259854182600975, "sender_entropy": 0.9558119624853134, "receiver_entropy": 0.0, "original_loss": 0.2108071055263281, "mean_length": 6.0}
{"mode": "test", "epoch": 62, "loss": 2.0823147296905518, "acc": 0.9726027250289917, "acc_or": 0.990867555141449, "sender_entropy": 1.0311369895935059, "receiver_entropy": 0.0, "original_loss": 0.047310009598731995, "mean_length": 6.0}
{"mode": "train", "epoch": 63, "loss": 2.8764441311359406, "acc": 0.8012456744909286, "acc_or": 0.9274210333824158, "sender_entropy": 0.9555098712444305, "receiver_entropy": 0.0, "original_loss": 0.2068714164197445, "mean_length": 6.0}
{"mode": "test", "epoch": 63, "loss": 2.0777339935302734, "acc": 0.9802131056785583, "acc_or": 0.9934043288230896, "sender_entropy": 1.0416322946548462, "receiver_entropy": 0.0, "original_loss": 0.039899248629808426, "mean_length": 6.0}
{"mode": "train", "epoch": 64, "loss": 2.8559030294418335, "acc": 0.8055609539151192, "acc_or": 0.9292303994297981, "sender_entropy": 0.9579942747950554, "receiver_entropy": 0.0, "original_loss": 0.20132740773260593, "mean_length": 6.0}
{"mode": "test", "epoch": 64, "loss": 2.0555477142333984, "acc": 0.9893454909324646, "acc_or": 0.9964484572410583, "sender_entropy": 1.0324428081512451, "receiver_entropy": 0.0, "original_loss": 0.03469177335500717, "mean_length": 6.0}
{"mode": "train", "epoch": 65, "loss": 2.805951178073883, "acc": 0.8131716027855873, "acc_or": 0.931935727596283, "sender_entropy": 0.9475940614938736, "receiver_entropy": 0.0, "original_loss": 0.19577281177043915, "mean_length": 6.0}
{"mode": "test", "epoch": 65, "loss": 2.0292718410491943, "acc": 0.9847792983055115, "acc_or": 0.994926393032074, "sender_entropy": 1.0390995740890503, "receiver_entropy": 0.0, "original_loss": 0.035903409123420715, "mean_length": 6.0}
{"mode": "train", "epoch": 66, "loss": 2.7355713844299316, "acc": 0.803876668214798, "acc_or": 0.9278957769274712, "sender_entropy": 0.9569895341992378, "receiver_entropy": 0.0, "original_loss": 0.20364008098840714, "mean_length": 6.0}
{"mode": "test", "epoch": 66, "loss": 2.005363941192627, "acc": 0.9908676147460938, "acc_or": 0.9969558119773865, "sender_entropy": 1.037544846534729, "receiver_entropy": 0.0, "original_loss": 0.03629487752914429, "mean_length": 6.0}
{"mode": "train", "epoch": 67, "loss": 2.6724239885807037, "acc": 0.8092477470636368, "acc_or": 0.9305175319314003, "sender_entropy": 0.950327530503273, "receiver_entropy": 0.0, "original_loss": 0.20071715116500854, "mean_length": 6.0}
{"mode": "test", "epoch": 67, "loss": 1.9263757467269897, "acc": 0.978691041469574, "acc_or": 0.9928969740867615, "sender_entropy": 1.0245410203933716, "receiver_entropy": 0.0, "original_loss": 0.03880249336361885, "mean_length": 6.0}
{"mode": "train", "epoch": 68, "loss": 2.6567738950252533, "acc": 0.8117083981633186, "acc_or": 0.9314061552286148, "sender_entropy": 0.9448836147785187, "receiver_entropy": 0.0, "original_loss": 0.19437584839761257, "mean_length": 6.0}
{"mode": "test", "epoch": 68, "loss": 1.9371453523635864, "acc": 0.9878234267234802, "acc_or": 0.9959411025047302, "sender_entropy": 1.0340973138809204, "receiver_entropy": 0.0, "original_loss": 0.03153637424111366, "mean_length": 6.0}
{"mode": "train", "epoch": 69, "loss": 2.6370043456554413, "acc": 0.8144209384918213, "acc_or": 0.9326035901904106, "sender_entropy": 0.9565721228718758, "receiver_entropy": 0.0, "original_loss": 0.19330910965800285, "mean_length": 6.0}
{"mode": "test", "epoch": 69, "loss": 1.9266380071640015, "acc": 0.9741247892379761, "acc_or": 0.9903602004051208, "sender_entropy": 1.0426479578018188, "receiver_entropy": 0.0, "original_loss": 0.042673103511333466, "mean_length": 6.0}
{"mode": "train", "epoch": 70, "loss": 2.5639811754226685, "acc": 0.8101450726389885, "acc_or": 0.9305015206336975, "sender_entropy": 0.9589205607771873, "receiver_entropy": 0.0, "original_loss": 0.1969502978026867, "mean_length": 6.0}
{"mode": "test", "epoch": 70, "loss": 1.8912650346755981, "acc": 0.9817351698875427, "acc_or": 0.9939116835594177, "sender_entropy": 1.0352154970169067, "receiver_entropy": 0.0, "original_loss": 0.03993333876132965, "mean_length": 6.0}
{"mode": "train", "epoch": 71, "loss": 2.5263083279132843, "acc": 0.8137402087450027, "acc_or": 0.9320405721664429, "sender_entropy": 0.9555467143654823, "receiver_entropy": 0.0, "original_loss": 0.19384109787642956, "mean_length": 6.0}
{"mode": "test", "epoch": 71, "loss": 1.8378183841705322, "acc": 0.9771689772605896, "acc_or": 0.9923896193504333, "sender_entropy": 1.0237586498260498, "receiver_entropy": 0.0, "original_loss": 0.042184337973594666, "mean_length": 6.0}
{"mode": "train", "epoch": 72, "loss": 2.5026098489761353, "acc": 0.8181736171245575, "acc_or": 0.9342065081000328, "sender_entropy": 0.9416913539171219, "receiver_entropy": 0.0, "original_loss": 0.18724085576832294, "mean_length": 6.0}
{"mode": "test", "epoch": 72, "loss": 1.8390260934829712, "acc": 0.9908676147460938, "acc_or": 0.9969558119773865, "sender_entropy": 1.027245283126831, "receiver_entropy": 0.0, "original_loss": 0.032148268073797226, "mean_length": 6.0}
{"mode": "train", "epoch": 73, "loss": 2.457004725933075, "acc": 0.8157148882746696, "acc_or": 0.9330219328403473, "sender_entropy": 0.948774941265583, "receiver_entropy": 0.0, "original_loss": 0.18991119600832462, "mean_length": 6.0}
{"mode": "test", "epoch": 73, "loss": 1.8324780464172363, "acc": 0.9817351698875427, "acc_or": 0.9939116835594177, "sender_entropy": 1.035273790359497, "receiver_entropy": 0.0, "original_loss": 0.034345515072345734, "mean_length": 6.0}
{"mode": "train", "epoch": 74, "loss": 2.4183259904384613, "acc": 0.8191268518567085, "acc_or": 0.934442974627018, "sender_entropy": 0.9516645446419716, "receiver_entropy": 0.0, "original_loss": 0.18845142237842083, "mean_length": 6.0}
{"mode": "test", "epoch": 74, "loss": 1.7899274826049805, "acc": 0.9878234267234802, "acc_or": 0.9959411025047302, "sender_entropy": 1.021257758140564, "receiver_entropy": 0.0, "original_loss": 0.032470036298036575, "mean_length": 6.0}
{"mode": "train", "epoch": 75, "loss": 2.386362224817276, "acc": 0.8228915333747864, "acc_or": 0.9355757012963295, "sender_entropy": 0.9458343684673309, "receiver_entropy": 0.0, "original_loss": 0.1839800700545311, "mean_length": 6.0}
{"mode": "test", "epoch": 75, "loss": 1.785159707069397, "acc": 0.9939117431640625, "acc_or": 0.9979705214500427, "sender_entropy": 1.0278363227844238, "receiver_entropy": 0.0, "original_loss": 0.029798662289977074, "mean_length": 6.0}
{"mode": "train", "epoch": 76, "loss": 2.383025974035263, "acc": 0.8263221830129623, "acc_or": 0.9371344670653343, "sender_entropy": 0.9506298750638962, "receiver_entropy": 0.0, "original_loss": 0.17997879534959793, "mean_length": 6.0}
{"mode": "test", "epoch": 76, "loss": 1.756619930267334, "acc": 0.9893454909324646, "acc_or": 0.9964484572410583, "sender_entropy": 1.0264230966567993, "receiver_entropy": 0.0, "original_loss": 0.02808118797838688, "mean_length": 6.0}
{"mode": "train", "epoch": 77, "loss": 2.3525766134262085, "acc": 0.8264600709080696, "acc_or": 0.9369863420724869, "sender_entropy": 0.9493603333830833, "receiver_entropy": 0.0, "original_loss": 0.17866817861795425, "mean_length": 6.0}
{"mode": "test", "epoch": 77, "loss": 1.721417784690857, "acc": 0.9893454909324646, "acc_or": 0.9964484572410583, "sender_entropy": 1.0182119607925415, "receiver_entropy": 0.0, "original_loss": 0.027044299989938736, "mean_length": 6.0}
{"mode": "train", "epoch": 78, "loss": 2.3242406845092773, "acc": 0.8323007673025131, "acc_or": 0.9394110143184662, "sender_entropy": 0.9472662657499313, "receiver_entropy": 0.0, "original_loss": 0.17345392890274525, "mean_length": 6.0}
{"mode": "test", "epoch": 78, "loss": 1.7109758853912354, "acc": 0.9878234267234802, "acc_or": 0.9959411025047302, "sender_entropy": 1.0273593664169312, "receiver_entropy": 0.0, "original_loss": 0.02897067554295063, "mean_length": 6.0}
{"mode": "train", "epoch": 79, "loss": 2.2777474522590637, "acc": 0.8244672641158104, "acc_or": 0.9365487098693848, "sender_entropy": 0.9546786025166512, "receiver_entropy": 0.0, "original_loss": 0.17955489456653595, "mean_length": 6.0}
{"mode": "test", "epoch": 79, "loss": 1.7106232643127441, "acc": 0.978691041469574, "acc_or": 0.9928969740867615, "sender_entropy": 1.042102575302124, "receiver_entropy": 0.0, "original_loss": 0.03130776062607765, "mean_length": 6.0}
{"mode": "train", "epoch": 80, "loss": 2.2110857367515564, "acc": 0.8212117254734039, "acc_or": 0.9352193847298622, "sender_entropy": 0.9602889493107796, "receiver_entropy": 0.0, "original_loss": 0.184574156999588, "mean_length": 6.0}
{"mode": "test", "epoch": 80, "loss": 1.6932754516601562, "acc": 0.9923896789550781, "acc_or": 0.9974631667137146, "sender_entropy": 1.0333547592163086, "receiver_entropy": 0.0, "original_loss": 0.02621227502822876, "mean_length": 6.0}
{"mode": "train", "epoch": 81, "loss": 2.1916122436523438, "acc": 0.8270378336310387, "acc_or": 0.9374125674366951, "sender_entropy": 0.9505548551678658, "receiver_entropy": 0.0, "original_loss": 0.17750143446028233, "mean_length": 6.0}
{"mode": "test", "epoch": 81, "loss": 1.6488884687423706, "acc": 0.9908676147460938, "acc_or": 0.9969558119773865, "sender_entropy": 1.0141851902008057, "receiver_entropy": 0.0, "original_loss": 0.026571739464998245, "mean_length": 6.0}
{"mode": "train", "epoch": 82, "loss": 2.1944175362586975, "acc": 0.8337023258209229, "acc_or": 0.9403280690312386, "sender_entropy": 0.9405250921845436, "receiver_entropy": 0.0, "original_loss": 0.17077751085162163, "mean_length": 6.0}
{"mode": "test", "epoch": 82, "loss": 1.6541740894317627, "acc": 0.9969558715820312, "acc_or": 0.998985230922699, "sender_entropy": 1.025837779045105, "receiver_entropy": 0.0, "original_loss": 0.025880079716444016, "mean_length": 6.0}
{"mode": "train", "epoch": 83, "loss": 2.118896335363388, "acc": 0.8246688470244408, "acc_or": 0.9364811480045319, "sender_entropy": 0.9559659287333488, "receiver_entropy": 0.0, "original_loss": 0.1814708150923252, "mean_length": 6.0}
{"mode": "test", "epoch": 83, "loss": 1.6422063112258911, "acc": 0.9908676147460938, "acc_or": 0.9969558119773865, "sender_entropy": 1.032628059387207, "receiver_entropy": 0.0, "original_loss": 0.028467314317822456, "mean_length": 6.0}
{"mode": "train", "epoch": 84, "loss": 2.1129124760627747, "acc": 0.8296559974551201, "acc_or": 0.9382129237055779, "sender_entropy": 0.9578653275966644, "receiver_entropy": 0.0, "original_loss": 0.17620505392551422, "mean_length": 6.0}
{"mode": "test", "epoch": 84, "loss": 1.6398617029190063, "acc": 0.9923896789550781, "acc_or": 0.9974631667137146, "sender_entropy": 1.033204197883606, "receiver_entropy": 0.0, "original_loss": 0.024037009105086327, "mean_length": 6.0}
{"mode": "train", "epoch": 85, "loss": 2.0837472677230835, "acc": 0.8321960121393204, "acc_or": 0.9396889433264732, "sender_entropy": 0.9441077187657356, "receiver_entropy": 0.0, "original_loss": 0.17131471633911133, "mean_length": 6.0}
{"mode": "test", "epoch": 85, "loss": 1.5802640914916992, "acc": 0.9878234267234802, "acc_or": 0.9959411025047302, "sender_entropy": 1.0180764198303223, "receiver_entropy": 0.0, "original_loss": 0.02544308453798294, "mean_length": 6.0}
{"mode": "train", "epoch": 86, "loss": 2.072865068912506, "acc": 0.8391256630420685, "acc_or": 0.9421473890542984, "sender_entropy": 0.9473718106746674, "receiver_entropy": 0.0, "original_loss": 0.16716123931109905, "mean_length": 6.0}
{"mode": "test", "epoch": 86, "loss": 1.5928599834442139, "acc": 0.9923896789550781, "acc_or": 0.9974631667137146, "sender_entropy": 1.0318478345870972, "receiver_entropy": 0.0, "original_loss": 0.024564960971474648, "mean_length": 6.0}
{"mode": "train", "epoch": 87, "loss": 2.020151674747467, "acc": 0.8292174935340881, "acc_or": 0.9382832497358322, "sender_entropy": 0.9569302201271057, "receiver_entropy": 0.0, "original_loss": 0.17614740692079067, "mean_length": 6.0}
{"mode": "test", "epoch": 87, "loss": 1.5758980512619019, "acc": 0.9908676147460938, "acc_or": 0.9969558119773865, "sender_entropy": 1.0361124277114868, "receiver_entropy": 0.0, "original_loss": 0.026182735338807106, "mean_length": 6.0}
{"mode": "train", "epoch": 88, "loss": 2.0323494970798492, "acc": 0.8366078734397888, "acc_or": 0.9412093386054039, "sender_entropy": 0.9550409764051437, "receiver_entropy": 0.0, "original_loss": 0.16783256269991398, "mean_length": 6.0}
{"mode": "test", "epoch": 88, "loss": 1.5573482513427734, "acc": 0.9878234267234802, "acc_or": 0.9959411025047302, "sender_entropy": 1.0325981378555298, "receiver_entropy": 0.0, "original_loss": 0.02484966441988945, "mean_length": 6.0}
{"mode": "train", "epoch": 89, "loss": 1.98555226624012, "acc": 0.8351753577589989, "acc_or": 0.9404494687914848, "sender_entropy": 0.954784519970417, "receiver_entropy": 0.0, "original_loss": 0.1704303938895464, "mean_length": 6.0}
{"mode": "test", "epoch": 89, "loss": 1.5263195037841797, "acc": 0.9969558715820312, "acc_or": 0.998985230922699, "sender_entropy": 1.0305453538894653, "receiver_entropy": 0.0, "original_loss": 0.02388959936797619, "mean_length": 6.0}
{"mode": "train", "epoch": 90, "loss": 1.9475407749414444, "acc": 0.8316024392843246, "acc_or": 0.9391339719295502, "sender_entropy": 0.9504320845007896, "receiver_entropy": 0.0, "original_loss": 0.17119122669100761, "mean_length": 6.0}
{"mode": "test", "epoch": 90, "loss": 1.519142985343933, "acc": 0.9984779357910156, "acc_or": 0.9994925856590271, "sender_entropy": 1.0354304313659668, "receiver_entropy": 0.0, "original_loss": 0.022507058456540108, "mean_length": 6.0}
{"mode": "train", "epoch": 91, "loss": 1.935245767235756, "acc": 0.8348589241504669, "acc_or": 0.9405276477336884, "sender_entropy": 0.9561562612652779, "receiver_entropy": 0.0, "original_loss": 0.16919592395424843, "mean_length": 6.0}
{"mode": "test", "epoch": 91, "loss": 1.532761573791504, "acc": 0.9954338073730469, "acc_or": 0.9984778761863708, "sender_entropy": 1.0484914779663086, "receiver_entropy": 0.0, "original_loss": 0.0233013853430748, "mean_length": 6.0}
{"mode": "train", "epoch": 92, "loss": 1.8856097608804703, "acc": 0.8268933966755867, "acc_or": 0.9375677853822708, "sender_entropy": 0.9647653996944427, "receiver_entropy": 0.0, "original_loss": 0.17560213059186935, "mean_length": 6.0}
{"mode": "test", "epoch": 92, "loss": 1.5329432487487793, "acc": 0.9954338073730469, "acc_or": 0.9984778761863708, "sender_entropy": 1.0472756624221802, "receiver_entropy": 0.0, "original_loss": 0.019613495096564293, "mean_length": 6.0}
{"mode": "train", "epoch": 93, "loss": 1.8727524876594543, "acc": 0.8339228704571724, "acc_or": 0.9399482160806656, "sender_entropy": 0.9620582908391953, "receiver_entropy": 0.0, "original_loss": 0.170719675719738, "mean_length": 6.0}
{"mode": "test", "epoch": 93, "loss": 1.4930384159088135, "acc": 0.9954338073730469, "acc_or": 0.9984778761863708, "sender_entropy": 1.0353938341140747, "receiver_entropy": 0.0, "original_loss": 0.020612070336937904, "mean_length": 6.0}
{"mode": "train", "epoch": 94, "loss": 1.8897063434123993, "acc": 0.8402923420071602, "acc_or": 0.9425980821251869, "sender_entropy": 0.9507928118109703, "receiver_entropy": 0.0, "original_loss": 0.16167734749615192, "mean_length": 6.0}
{"mode": "test", "epoch": 94, "loss": 1.4697065353393555, "acc": 0.9939117431640625, "acc_or": 0.9979705214500427, "sender_entropy": 1.0285166501998901, "receiver_entropy": 0.0, "original_loss": 0.019342247396707535, "mean_length": 6.0}
{"mode": "train", "epoch": 95, "loss": 1.8694744557142258, "acc": 0.842590406537056, "acc_or": 0.9436186477541924, "sender_entropy": 0.9527422115206718, "receiver_entropy": 0.0, "original_loss": 0.16157526336610317, "mean_length": 6.0}
{"mode": "test", "epoch": 95, "loss": 1.4537075757980347, "acc": 0.9923896789550781, "acc_or": 0.9974631667137146, "sender_entropy": 1.0372201204299927, "receiver_entropy": 0.0, "original_loss": 0.023642418906092644, "mean_length": 6.0}
{"mode": "train", "epoch": 96, "loss": 1.803844377398491, "acc": 0.8334962353110313, "acc_or": 0.9404117241501808, "sender_entropy": 0.9610893800854683, "receiver_entropy": 0.0, "original_loss": 0.16973930224776268, "mean_length": 6.0}
{"mode": "test", "epoch": 96, "loss": 1.4698790311813354, "acc": 0.9969558715820312, "acc_or": 0.998985230922699, "sender_entropy": 1.0439577102661133, "receiver_entropy": 0.0, "original_loss": 0.01985391229391098, "mean_length": 6.0}
{"mode": "train", "epoch": 97, "loss": 1.7874809205532074, "acc": 0.8374308571219444, "acc_or": 0.9410859569907188, "sender_entropy": 0.9619875177741051, "receiver_entropy": 0.0, "original_loss": 0.16725439950823784, "mean_length": 6.0}
{"mode": "test", "epoch": 97, "loss": 1.4530471563339233, "acc": 0.9923896789550781, "acc_or": 0.9974631667137146, "sender_entropy": 1.0424959659576416, "receiver_entropy": 0.0, "original_loss": 0.02194179967045784, "mean_length": 6.0}
{"mode": "train", "epoch": 98, "loss": 1.773000568151474, "acc": 0.836447462439537, "acc_or": 0.9414652213454247, "sender_entropy": 0.9610336795449257, "receiver_entropy": 0.0, "original_loss": 0.1667288988828659, "mean_length": 6.0}
{"mode": "test", "epoch": 98, "loss": 1.4473475217819214, "acc": 1.0, "acc_or": 1.0, "sender_entropy": 1.040013074874878, "receiver_entropy": 0.0, "original_loss": 0.019512653350830078, "mean_length": 6.0}
{"epoch": 98, "positional_disent": 0.05543452501296997, "bag_of_symbol_disent": 0.10049909353256226, "topographic_sim": 0.3180091952809698}
{"generalization hold out": {"acc": 0.9341564178466797, "acc_or": 0.9670782089233398}, "uniform holdout": {"acc": 0.9305555820465088, "acc_or": 0.9768518805503845}, "epoch": 98}
---End--
