nohup: ignoring input
{"mode": "train", "epoch": 1, "loss": -2.4534389674663544, "acc": 0.0016255128575721756, "acc_or": 0.11302302218973637, "sender_entropy": 2.30001237988472, "receiver_entropy": 0.0, "original_loss": 2.254483789205551, "mean_length": 6.0}
{"mode": "test", "epoch": 1, "loss": 1.8029026985168457, "acc": 0.0015220700297504663, "acc_or": 0.12125824391841888, "sender_entropy": 2.2994132041931152, "receiver_entropy": 0.0, "original_loss": 2.1968400478363037, "mean_length": 6.0}
{"mode": "train", "epoch": 2, "loss": 1.6064355373382568, "acc": 0.001622103045519907, "acc_or": 0.11554457899183035, "sender_entropy": 2.2997497022151947, "receiver_entropy": 0.0, "original_loss": 2.198875665664673, "mean_length": 6.0}
{"mode": "test", "epoch": 2, "loss": 1.573779582977295, "acc": 0.0015220700297504663, "acc_or": 0.1425672173500061, "sender_entropy": 2.2998833656311035, "receiver_entropy": 0.0, "original_loss": 2.1858162879943848, "mean_length": 6.0}
{"mode": "train", "epoch": 3, "loss": 1.3864663690328598, "acc": 0.0014372927071235608, "acc_or": 0.11621085181832314, "sender_entropy": 2.3002528846263885, "receiver_entropy": 0.0, "original_loss": 2.1970964074134827, "mean_length": 6.0}
{"mode": "test", "epoch": 3, "loss": 1.6401989459991455, "acc": 0.0015220700297504663, "acc_or": 0.15271435678005219, "sender_entropy": 2.3004841804504395, "receiver_entropy": 0.0, "original_loss": 2.169926404953003, "mean_length": 6.0}
{"mode": "train", "epoch": 4, "loss": 1.2980546951293945, "acc": 0.0014929403987480327, "acc_or": 0.11920164432376623, "sender_entropy": 2.3007030487060547, "receiver_entropy": 0.0, "original_loss": 2.19591823220253, "mean_length": 6.0}
{"mode": "test", "epoch": 4, "loss": 1.8749723434448242, "acc": 0.019786911085247993, "acc_or": 0.31963470578193665, "sender_entropy": 2.3005552291870117, "receiver_entropy": 0.0, "original_loss": 2.145073890686035, "mean_length": 6.0}
{"mode": "train", "epoch": 5, "loss": 1.2540503144264221, "acc": 0.0018035036628134549, "acc_or": 0.12419397942721844, "sender_entropy": 2.3002699315547943, "receiver_entropy": 0.0, "original_loss": 2.1945882737636566, "mean_length": 6.0}
{"mode": "test", "epoch": 5, "loss": 2.1988096237182617, "acc": 0.015220699831843376, "acc_or": 0.32978183031082153, "sender_entropy": 2.29917049407959, "receiver_entropy": 0.0, "original_loss": 2.113434314727783, "mean_length": 6.0}
{"mode": "train", "epoch": 6, "loss": 1.2731644958257675, "acc": 0.00253592555236537, "acc_or": 0.1339368261396885, "sender_entropy": 2.2963274121284485, "receiver_entropy": 0.0, "original_loss": 2.189294070005417, "mean_length": 6.0}
{"mode": "test", "epoch": 6, "loss": 2.6375977993011475, "acc": 0.009132420644164085, "acc_or": 0.26940637826919556, "sender_entropy": 2.2868685722351074, "receiver_entropy": 0.0, "original_loss": 2.0599238872528076, "mean_length": 6.0}
{"mode": "train", "epoch": 7, "loss": 1.6659931242465973, "acc": 0.003945394331822172, "acc_or": 0.16896718926727772, "sender_entropy": 2.2603155076503754, "receiver_entropy": 0.0, "original_loss": 2.1495200395584106, "mean_length": 6.0}
{"mode": "test", "epoch": 7, "loss": 3.1952097415924072, "acc": 0.004566210322082043, "acc_or": 0.26128867268562317, "sender_entropy": 2.2337353229522705, "receiver_entropy": 0.0, "original_loss": 1.959256649017334, "mean_length": 6.0}
{"mode": "train", "epoch": 8, "loss": 2.6311239898204803, "acc": 0.007129997422453016, "acc_or": 0.2204143926501274, "sender_entropy": 2.1569014191627502, "receiver_entropy": 0.0, "original_loss": 2.0399942696094513, "mean_length": 6.0}
{"mode": "test", "epoch": 8, "loss": 3.0969696044921875, "acc": 0.009132420644164085, "acc_or": 0.2897006571292877, "sender_entropy": 2.135138511657715, "receiver_entropy": 0.0, "original_loss": 1.904844045639038, "mean_length": 6.0}
{"mode": "train", "epoch": 9, "loss": 3.2210778295993805, "acc": 0.009899561642669141, "acc_or": 0.2537642363458872, "sender_entropy": 2.0813558399677277, "receiver_entropy": 0.0, "original_loss": 1.9530810862779617, "mean_length": 6.0}
{"mode": "test", "epoch": 9, "loss": 3.3421709537506104, "acc": 0.015220699831843376, "acc_or": 0.3084728419780731, "sender_entropy": 2.117345094680786, "receiver_entropy": 0.0, "original_loss": 1.839735984802246, "mean_length": 6.0}
{"mode": "train", "epoch": 10, "loss": 3.347040891647339, "acc": 0.014309095800854266, "acc_or": 0.27637356147170067, "sender_entropy": 2.043729156255722, "receiver_entropy": 0.0, "original_loss": 1.909965381026268, "mean_length": 6.0}
{"mode": "test", "epoch": 10, "loss": 3.7241179943084717, "acc": 0.015220699831843376, "acc_or": 0.33181124925613403, "sender_entropy": 2.093777894973755, "receiver_entropy": 0.0, "original_loss": 1.7769978046417236, "mean_length": 6.0}
{"mode": "train", "epoch": 11, "loss": 3.7133160829544067, "acc": 0.01859969669021666, "acc_or": 0.307023536413908, "sender_entropy": 1.9957899004220963, "receiver_entropy": 0.0, "original_loss": 1.8411356508731842, "mean_length": 6.0}
{"mode": "test", "epoch": 11, "loss": 4.154568195343018, "acc": 0.02891932986676693, "acc_or": 0.3774733543395996, "sender_entropy": 2.04109525680542, "receiver_entropy": 0.0, "original_loss": 1.6711195707321167, "mean_length": 6.0}
{"mode": "train", "epoch": 12, "loss": 4.305479168891907, "acc": 0.025788751896470785, "acc_or": 0.34237010031938553, "sender_entropy": 1.9173069149255753, "receiver_entropy": 0.0, "original_loss": 1.7400957494974136, "mean_length": 6.0}
{"mode": "test", "epoch": 12, "loss": 4.527317523956299, "acc": 0.044140029698610306, "acc_or": 0.4195839464664459, "sender_entropy": 1.9621496200561523, "receiver_entropy": 0.0, "original_loss": 1.5446401834487915, "mean_length": 6.0}
{"mode": "train", "epoch": 13, "loss": 4.803619921207428, "acc": 0.036009651608765125, "acc_or": 0.37969374656677246, "sender_entropy": 1.8336153775453568, "receiver_entropy": 0.0, "original_loss": 1.6357830911874771, "mean_length": 6.0}
{"mode": "test", "epoch": 13, "loss": 4.799654960632324, "acc": 0.05783865973353386, "acc_or": 0.46879756450653076, "sender_entropy": 1.896462082862854, "receiver_entropy": 0.0, "original_loss": 1.4248710870742798, "mean_length": 6.0}
{"mode": "train", "epoch": 14, "loss": 5.2546592354774475, "acc": 0.04753786278888583, "acc_or": 0.41503308340907097, "sender_entropy": 1.7660223096609116, "receiver_entropy": 0.0, "original_loss": 1.5331202745437622, "mean_length": 6.0}
{"mode": "test", "epoch": 14, "loss": 5.18782377243042, "acc": 0.08675799518823624, "acc_or": 0.4926433265209198, "sender_entropy": 1.8488775491714478, "receiver_entropy": 0.0, "original_loss": 1.3042285442352295, "mean_length": 6.0}
{"mode": "train", "epoch": 15, "loss": 5.61204195022583, "acc": 0.061309303157031536, "acc_or": 0.4471907690167427, "sender_entropy": 1.6931951940059662, "receiver_entropy": 0.0, "original_loss": 1.4317811578512192, "mean_length": 6.0}
{"mode": "test", "epoch": 15, "loss": 5.6351318359375, "acc": 0.10806696861982346, "acc_or": 0.5403348207473755, "sender_entropy": 1.818076729774475, "receiver_entropy": 0.0, "original_loss": 1.1720991134643555, "mean_length": 6.0}
{"mode": "train", "epoch": 16, "loss": 5.888061821460724, "acc": 0.07666820473968983, "acc_or": 0.4763134717941284, "sender_entropy": 1.6472122371196747, "receiver_entropy": 0.0, "original_loss": 1.3466254025697708, "mean_length": 6.0}
{"mode": "test", "epoch": 16, "loss": 5.572531223297119, "acc": 0.14307458698749542, "acc_or": 0.5692541599273682, "sender_entropy": 1.7548305988311768, "receiver_entropy": 0.0, "original_loss": 1.0955866575241089, "mean_length": 6.0}
{"mode": "train", "epoch": 17, "loss": 6.049375891685486, "acc": 0.09756991360336542, "acc_or": 0.5078083351254463, "sender_entropy": 1.589678943157196, "receiver_entropy": 0.0, "original_loss": 1.2626414149999619, "mean_length": 6.0}
{"mode": "test", "epoch": 17, "loss": 5.515183925628662, "acc": 0.15981735289096832, "acc_or": 0.60781329870224, "sender_entropy": 1.6966948509216309, "receiver_entropy": 0.0, "original_loss": 1.0040515661239624, "mean_length": 6.0}
{"mode": "train", "epoch": 18, "loss": 6.195254385471344, "acc": 0.12164572719484568, "acc_or": 0.54139044880867, "sender_entropy": 1.5192428678274155, "receiver_entropy": 0.0, "original_loss": 1.1682792752981186, "mean_length": 6.0}
{"mode": "test", "epoch": 18, "loss": 5.552817344665527, "acc": 0.2161339372396469, "acc_or": 0.6539827585220337, "sender_entropy": 1.6622073650360107, "receiver_entropy": 0.0, "original_loss": 0.9270521402359009, "mean_length": 6.0}
{"mode": "train", "epoch": 19, "loss": 6.2641520500183105, "acc": 0.14457408152520657, "acc_or": 0.5705075636506081, "sender_entropy": 1.4943315237760544, "receiver_entropy": 0.0, "original_loss": 1.1044688671827316, "mean_length": 6.0}
{"mode": "test", "epoch": 19, "loss": 5.584796905517578, "acc": 0.25875189900398254, "acc_or": 0.6900050640106201, "sender_entropy": 1.6132078170776367, "receiver_entropy": 0.0, "original_loss": 0.8352431058883667, "mean_length": 6.0}
{"mode": "train", "epoch": 20, "loss": 6.270545601844788, "acc": 0.17529365234076977, "acc_or": 0.5985553711652756, "sender_entropy": 1.451018825173378, "receiver_entropy": 0.0, "original_loss": 1.034537062048912, "mean_length": 6.0}
{"mode": "test", "epoch": 20, "loss": 5.659185886383057, "acc": 0.34246575832366943, "acc_or": 0.7265347242355347, "sender_entropy": 1.58210027217865, "receiver_entropy": 0.0, "original_loss": 0.748149573802948, "mean_length": 6.0}
{"mode": "train", "epoch": 21, "loss": 6.2188937067985535, "acc": 0.19975804537534714, "acc_or": 0.6245963051915169, "sender_entropy": 1.397041067481041, "receiver_entropy": 0.0, "original_loss": 0.9684558287262917, "mean_length": 6.0}
{"mode": "test", "epoch": 21, "loss": 5.355274200439453, "acc": 0.388127863407135, "acc_or": 0.7513952255249023, "sender_entropy": 1.5007222890853882, "receiver_entropy": 0.0, "original_loss": 0.6914764046669006, "mean_length": 6.0}
{"mode": "train", "epoch": 22, "loss": 6.107864558696747, "acc": 0.23485851101577282, "acc_or": 0.6472869366407394, "sender_entropy": 1.3429771959781647, "receiver_entropy": 0.0, "original_loss": 0.9125915691256523, "mean_length": 6.0}
{"mode": "test", "epoch": 22, "loss": 5.268126964569092, "acc": 0.4261796176433563, "acc_or": 0.7782850861549377, "sender_entropy": 1.4794386625289917, "receiver_entropy": 0.0, "original_loss": 0.6350952386856079, "mean_length": 6.0}
{"mode": "train", "epoch": 23, "loss": 6.072015762329102, "acc": 0.25559641420841217, "acc_or": 0.6649587973952293, "sender_entropy": 1.3350659012794495, "receiver_entropy": 0.0, "original_loss": 0.8653664514422417, "mean_length": 6.0}
{"mode": "test", "epoch": 23, "loss": 5.242033004760742, "acc": 0.47945207357406616, "acc_or": 0.8001014590263367, "sender_entropy": 1.463280439376831, "receiver_entropy": 0.0, "original_loss": 0.5830153226852417, "mean_length": 6.0}
{"mode": "train", "epoch": 24, "loss": 6.073075890541077, "acc": 0.2901238948106766, "acc_or": 0.6879384368658066, "sender_entropy": 1.3016053885221481, "receiver_entropy": 0.0, "original_loss": 0.8051013201475143, "mean_length": 6.0}
{"mode": "test", "epoch": 24, "loss": 4.917520523071289, "acc": 0.4733637869358063, "acc_or": 0.7995941042900085, "sender_entropy": 1.4046006202697754, "receiver_entropy": 0.0, "original_loss": 0.561382532119751, "mean_length": 6.0}
{"mode": "train", "epoch": 25, "loss": 5.904709756374359, "acc": 0.31039002910256386, "acc_or": 0.6987735852599144, "sender_entropy": 1.276661068201065, "receiver_entropy": 0.0, "original_loss": 0.774758979678154, "mean_length": 6.0}
{"mode": "test", "epoch": 25, "loss": 4.853176116943359, "acc": 0.5449010729789734, "acc_or": 0.827498733997345, "sender_entropy": 1.3817732334136963, "receiver_entropy": 0.0, "original_loss": 0.509051501750946, "mean_length": 6.0}
{"mode": "train", "epoch": 26, "loss": 5.845664918422699, "acc": 0.3395687900483608, "acc_or": 0.7172828316688538, "sender_entropy": 1.254844531416893, "receiver_entropy": 0.0, "original_loss": 0.7330054566264153, "mean_length": 6.0}
{"mode": "test", "epoch": 26, "loss": 4.892496585845947, "acc": 0.5981734991073608, "acc_or": 0.848807692527771, "sender_entropy": 1.3829045295715332, "receiver_entropy": 0.0, "original_loss": 0.4633621871471405, "mean_length": 6.0}
{"mode": "train", "epoch": 27, "loss": 5.7680880427360535, "acc": 0.3604218028485775, "acc_or": 0.7303142994642258, "sender_entropy": 1.2412761896848679, "receiver_entropy": 0.0, "original_loss": 0.699322409927845, "mean_length": 6.0}
{"mode": "test", "epoch": 27, "loss": 4.678118705749512, "acc": 0.6377473473548889, "acc_or": 0.8685945868492126, "sender_entropy": 1.3405296802520752, "receiver_entropy": 0.0, "original_loss": 0.4301512539386749, "mean_length": 6.0}
{"mode": "train", "epoch": 28, "loss": 5.6883662939071655, "acc": 0.3966151811182499, "acc_or": 0.7476254999637604, "sender_entropy": 1.209339588880539, "receiver_entropy": 0.0, "original_loss": 0.655090682208538, "mean_length": 6.0}
{"mode": "test", "epoch": 28, "loss": 4.456567287445068, "acc": 0.6331811547279358, "acc_or": 0.8665651679039001, "sender_entropy": 1.307770848274231, "receiver_entropy": 0.0, "original_loss": 0.4109971225261688, "mean_length": 6.0}
{"mode": "train", "epoch": 29, "loss": 5.533011436462402, "acc": 0.428164966404438, "acc_or": 0.7631611749529839, "sender_entropy": 1.1751231402158737, "receiver_entropy": 0.0, "original_loss": 0.6199661791324615, "mean_length": 6.0}
{"mode": "test", "epoch": 29, "loss": 4.361777305603027, "acc": 0.6849315166473389, "acc_or": 0.8863520622253418, "sender_entropy": 1.279072642326355, "receiver_entropy": 0.0, "original_loss": 0.37515988945961, "mean_length": 6.0}
{"mode": "train", "epoch": 30, "loss": 5.3998278975486755, "acc": 0.4406922422349453, "acc_or": 0.7692295461893082, "sender_entropy": 1.1756430715322495, "receiver_entropy": 0.0, "original_loss": 0.6041562855243683, "mean_length": 6.0}
{"mode": "test", "epoch": 30, "loss": 4.30170202255249, "acc": 0.7062404751777649, "acc_or": 0.8944697976112366, "sender_entropy": 1.264734148979187, "receiver_entropy": 0.0, "original_loss": 0.34112846851348877, "mean_length": 6.0}
{"mode": "train", "epoch": 31, "loss": 5.336526155471802, "acc": 0.4766570255160332, "acc_or": 0.787133052945137, "sender_entropy": 1.143548920750618, "receiver_entropy": 0.0, "original_loss": 0.5611015856266022, "mean_length": 6.0}
{"mode": "test", "epoch": 31, "loss": 4.112773418426514, "acc": 0.7397260069847107, "acc_or": 0.9046168923377991, "sender_entropy": 1.2286275625228882, "receiver_entropy": 0.0, "original_loss": 0.3113044500350952, "mean_length": 6.0}
{"mode": "train", "epoch": 32, "loss": 5.32230544090271, "acc": 0.5153965540230274, "acc_or": 0.8057523816823959, "sender_entropy": 1.1187866628170013, "receiver_entropy": 0.0, "original_loss": 0.5154323913156986, "mean_length": 6.0}
{"mode": "test", "epoch": 32, "loss": 4.131476879119873, "acc": 0.7884323000907898, "acc_or": 0.9279553294181824, "sender_entropy": 1.2156648635864258, "receiver_entropy": 0.0, "original_loss": 0.2631208002567291, "mean_length": 6.0}
{"mode": "train", "epoch": 33, "loss": 5.258092641830444, "acc": 0.5356562733650208, "acc_or": 0.8157176971435547, "sender_entropy": 1.11554154753685, "receiver_entropy": 0.0, "original_loss": 0.490287359803915, "mean_length": 6.0}
{"mode": "test", "epoch": 33, "loss": 4.063021659851074, "acc": 0.8112633228302002, "acc_or": 0.9340435862541199, "sender_entropy": 1.2089506387710571, "receiver_entropy": 0.0, "original_loss": 0.2441873997449875, "mean_length": 6.0}
{"mode": "train", "epoch": 34, "loss": 5.122514069080353, "acc": 0.5534553527832031, "acc_or": 0.8232990205287933, "sender_entropy": 1.1020720303058624, "receiver_entropy": 0.0, "original_loss": 0.4730767272412777, "mean_length": 6.0}
{"mode": "test", "epoch": 34, "loss": 3.878788948059082, "acc": 0.7838660478591919, "acc_or": 0.9228817820549011, "sender_entropy": 1.1917613744735718, "receiver_entropy": 0.0, "original_loss": 0.24376703798770905, "mean_length": 6.0}
{"mode": "train", "epoch": 35, "loss": 5.0040141344070435, "acc": 0.5749151706695557, "acc_or": 0.8334868103265762, "sender_entropy": 1.0847001522779465, "receiver_entropy": 0.0, "original_loss": 0.45009539648890495, "mean_length": 6.0}
{"mode": "test", "epoch": 35, "loss": 3.7243363857269287, "acc": 0.8325722813606262, "acc_or": 0.9416539669036865, "sender_entropy": 1.154654622077942, "receiver_entropy": 0.0, "original_loss": 0.22247996926307678, "mean_length": 6.0}
{"mode": "train", "epoch": 36, "loss": 4.865254461765289, "acc": 0.593146488070488, "acc_or": 0.8426603153347969, "sender_entropy": 1.061547890305519, "receiver_entropy": 0.0, "original_loss": 0.42791813984513283, "mean_length": 6.0}
{"mode": "test", "epoch": 36, "loss": 3.683805465698242, "acc": 0.8645357489585876, "acc_or": 0.9543378949165344, "sender_entropy": 1.1541869640350342, "receiver_entropy": 0.0, "original_loss": 0.2054906189441681, "mean_length": 6.0}
{"mode": "train", "epoch": 37, "loss": 4.805288672447205, "acc": 0.61036167293787, "acc_or": 0.8493344858288765, "sender_entropy": 1.057013526558876, "receiver_entropy": 0.0, "original_loss": 0.4094267152249813, "mean_length": 6.0}
{"mode": "test", "epoch": 37, "loss": 3.6133334636688232, "acc": 0.8797564506530762, "acc_or": 0.9594114422798157, "sender_entropy": 1.1376606225967407, "receiver_entropy": 0.0, "original_loss": 0.18011723458766937, "mean_length": 6.0}
{"mode": "train", "epoch": 38, "loss": 4.714732527732849, "acc": 0.6382880881428719, "acc_or": 0.8611525297164917, "sender_entropy": 1.0342367887496948, "receiver_entropy": 0.0, "original_loss": 0.3807915933430195, "mean_length": 6.0}
{"mode": "test", "epoch": 38, "loss": 3.4640297889709473, "acc": 0.9056316614151001, "acc_or": 0.9675291180610657, "sender_entropy": 1.1076314449310303, "receiver_entropy": 0.0, "original_loss": 0.16178573668003082, "mean_length": 6.0}
{"mode": "train", "epoch": 39, "loss": 4.606427371501923, "acc": 0.6586106717586517, "acc_or": 0.8703394532203674, "sender_entropy": 1.0127152502536774, "receiver_entropy": 0.0, "original_loss": 0.3587280213832855, "mean_length": 6.0}
{"mode": "test", "epoch": 39, "loss": 3.282907724380493, "acc": 0.9132420420646667, "acc_or": 0.9690512418746948, "sender_entropy": 1.074245810508728, "receiver_entropy": 0.0, "original_loss": 0.15193475782871246, "mean_length": 6.0}
{"mode": "train", "epoch": 40, "loss": 4.5117528438568115, "acc": 0.67891975492239, "acc_or": 0.8782691136002541, "sender_entropy": 0.9900195300579071, "receiver_entropy": 0.0, "original_loss": 0.33693476393818855, "mean_length": 6.0}
{"mode": "test", "epoch": 40, "loss": 3.241676092147827, "acc": 0.8964992761611938, "acc_or": 0.9644849896430969, "sender_entropy": 1.0713212490081787, "receiver_entropy": 0.0, "original_loss": 0.1456533521413803, "mean_length": 6.0}
{"mode": "train", "epoch": 41, "loss": 4.43174010515213, "acc": 0.6912469491362572, "acc_or": 0.8835982009768486, "sender_entropy": 0.9909661486744881, "receiver_entropy": 0.0, "original_loss": 0.326402198523283, "mean_length": 6.0}
{"mode": "test", "epoch": 41, "loss": 3.1609151363372803, "acc": 0.9101978540420532, "acc_or": 0.9690512418746948, "sender_entropy": 1.0674818754196167, "receiver_entropy": 0.0, "original_loss": 0.13392892479896545, "mean_length": 6.0}
{"mode": "train", "epoch": 42, "loss": 4.337432146072388, "acc": 0.6999997273087502, "acc_or": 0.8867763057351112, "sender_entropy": 0.9901797771453857, "receiver_entropy": 0.0, "original_loss": 0.3178132139146328, "mean_length": 6.0}
{"mode": "test", "epoch": 42, "loss": 3.1506757736206055, "acc": 0.9497717022895813, "acc_or": 0.9832571744918823, "sender_entropy": 1.0641570091247559, "receiver_entropy": 0.0, "original_loss": 0.11078940331935883, "mean_length": 6.0}
{"mode": "train", "epoch": 43, "loss": 4.29056054353714, "acc": 0.7017223611474037, "acc_or": 0.8884374126791954, "sender_entropy": 0.9959741458296776, "receiver_entropy": 0.0, "original_loss": 0.30814068391919136, "mean_length": 6.0}
{"mode": "test", "epoch": 43, "loss": 3.1218888759613037, "acc": 0.9269406199455261, "acc_or": 0.9756468534469604, "sender_entropy": 1.0744175910949707, "receiver_entropy": 0.0, "original_loss": 0.11347406357526779, "mean_length": 6.0}
{"mode": "train", "epoch": 44, "loss": 4.244424045085907, "acc": 0.7185317873954773, "acc_or": 0.8951604664325714, "sender_entropy": 0.9912115782499313, "receiver_entropy": 0.0, "original_loss": 0.2929547168314457, "mean_length": 6.0}
{"mode": "test", "epoch": 44, "loss": 3.021667957305908, "acc": 0.9360730648040771, "acc_or": 0.9781836271286011, "sender_entropy": 1.0534472465515137, "receiver_entropy": 0.0, "original_loss": 0.10723132640123367, "mean_length": 6.0}
{"mode": "train", "epoch": 45, "loss": 4.144078731536865, "acc": 0.7347521260380745, "acc_or": 0.9021144211292267, "sender_entropy": 0.9736194387078285, "receiver_entropy": 0.0, "original_loss": 0.27729227766394615, "mean_length": 6.0}
{"mode": "test", "epoch": 45, "loss": 2.989474296569824, "acc": 0.9558599591255188, "acc_or": 0.9847792983055115, "sender_entropy": 1.0576035976409912, "receiver_entropy": 0.0, "original_loss": 0.09184876829385757, "mean_length": 6.0}
{"mode": "train", "epoch": 46, "loss": 4.035733193159103, "acc": 0.7331382110714912, "acc_or": 0.9004904106259346, "sender_entropy": 0.9749273955821991, "receiver_entropy": 0.0, "original_loss": 0.2794181555509567, "mean_length": 6.0}
{"mode": "test", "epoch": 46, "loss": 2.916628837585449, "acc": 0.9452055096626282, "acc_or": 0.981735110282898, "sender_entropy": 1.0509283542633057, "receiver_entropy": 0.0, "original_loss": 0.09882362931966782, "mean_length": 6.0}
{"mode": "train", "epoch": 47, "loss": 3.9411911964416504, "acc": 0.7396896332502365, "acc_or": 0.9029884710907936, "sender_entropy": 0.9634920731186867, "receiver_entropy": 0.0, "original_loss": 0.27183710411190987, "mean_length": 6.0}
{"mode": "test", "epoch": 47, "loss": 2.814166784286499, "acc": 0.9634703397750854, "acc_or": 0.9878234267234802, "sender_entropy": 1.0264142751693726, "receiver_entropy": 0.0, "original_loss": 0.08383759111166, "mean_length": 6.0}
{"mode": "train", "epoch": 48, "loss": 3.896065503358841, "acc": 0.7511681988835335, "acc_or": 0.9078274518251419, "sender_entropy": 0.9621947929263115, "receiver_entropy": 0.0, "original_loss": 0.25937075912952423, "mean_length": 6.0}
{"mode": "test", "epoch": 48, "loss": 2.783501386642456, "acc": 0.9558599591255188, "acc_or": 0.9852866530418396, "sender_entropy": 1.0328221321105957, "receiver_entropy": 0.0, "original_loss": 0.08427098393440247, "mean_length": 6.0}
{"mode": "train", "epoch": 49, "loss": 3.811156213283539, "acc": 0.7574019655585289, "acc_or": 0.9100414589047432, "sender_entropy": 0.9623494520783424, "receiver_entropy": 0.0, "original_loss": 0.2548600770533085, "mean_length": 6.0}
{"mode": "test", "epoch": 49, "loss": 2.7079832553863525, "acc": 0.9634703397750854, "acc_or": 0.9878234267234802, "sender_entropy": 1.0240660905838013, "receiver_entropy": 0.0, "original_loss": 0.07603006064891815, "mean_length": 6.0}
{"mode": "train", "epoch": 50, "loss": 3.7463846802711487, "acc": 0.7680239975452423, "acc_or": 0.9145692810416222, "sender_entropy": 0.9474338069558144, "receiver_entropy": 0.0, "original_loss": 0.24229193665087223, "mean_length": 6.0}
{"mode": "test", "epoch": 50, "loss": 2.6209940910339355, "acc": 0.9634703397750854, "acc_or": 0.9878234267234802, "sender_entropy": 1.0069512128829956, "receiver_entropy": 0.0, "original_loss": 0.07725366950035095, "mean_length": 6.0}
{"mode": "train", "epoch": 51, "loss": 3.6181905269622803, "acc": 0.7718827873468399, "acc_or": 0.9159637838602066, "sender_entropy": 0.938016839325428, "receiver_entropy": 0.0, "original_loss": 0.24005623534321785, "mean_length": 6.0}
{"mode": "test", "epoch": 51, "loss": 2.5664472579956055, "acc": 0.9589041471481323, "acc_or": 0.9857940077781677, "sender_entropy": 1.0003771781921387, "receiver_entropy": 0.0, "original_loss": 0.0769377201795578, "mean_length": 6.0}
{"mode": "train", "epoch": 52, "loss": 3.6160718500614166, "acc": 0.7775636240839958, "acc_or": 0.9184652119874954, "sender_entropy": 0.9406071901321411, "receiver_entropy": 0.0, "original_loss": 0.23178058862686157, "mean_length": 6.0}
{"mode": "test", "epoch": 52, "loss": 2.562415838241577, "acc": 0.9558599591255188, "acc_or": 0.9842719435691833, "sender_entropy": 1.0114818811416626, "receiver_entropy": 0.0, "original_loss": 0.07070702314376831, "mean_length": 6.0}
{"mode": "train", "epoch": 53, "loss": 3.4738078713417053, "acc": 0.7644078508019447, "acc_or": 0.9135441482067108, "sender_entropy": 0.9437566474080086, "receiver_entropy": 0.0, "original_loss": 0.24165446311235428, "mean_length": 6.0}
{"mode": "test", "epoch": 53, "loss": 2.480384588241577, "acc": 0.9619482755661011, "acc_or": 0.9873160719871521, "sender_entropy": 0.9998881816864014, "receiver_entropy": 0.0, "original_loss": 0.06976483017206192, "mean_length": 6.0}
{"mode": "train", "epoch": 54, "loss": 3.4322859048843384, "acc": 0.785249687731266, "acc_or": 0.9212333261966705, "sender_entropy": 0.9311282858252525, "receiver_entropy": 0.0, "original_loss": 0.22454905696213245, "mean_length": 6.0}
{"mode": "test", "epoch": 54, "loss": 2.428151845932007, "acc": 0.9726027250289917, "acc_or": 0.9903602004051208, "sender_entropy": 0.9885696768760681, "receiver_entropy": 0.0, "original_loss": 0.05939176678657532, "mean_length": 6.0}
{"mode": "train", "epoch": 55, "loss": 3.364192873239517, "acc": 0.7940759807825089, "acc_or": 0.9248381927609444, "sender_entropy": 0.9217319414019585, "receiver_entropy": 0.0, "original_loss": 0.2179407700896263, "mean_length": 6.0}
{"mode": "test", "epoch": 55, "loss": 2.3747336864471436, "acc": 0.9726027250289917, "acc_or": 0.9903602004051208, "sender_entropy": 0.9880008697509766, "receiver_entropy": 0.0, "original_loss": 0.05989115312695503, "mean_length": 6.0}
{"mode": "train", "epoch": 56, "loss": 3.322216123342514, "acc": 0.7968214079737663, "acc_or": 0.9252507612109184, "sender_entropy": 0.9261311739683151, "receiver_entropy": 0.0, "original_loss": 0.21363570913672447, "mean_length": 6.0}
{"mode": "test", "epoch": 56, "loss": 2.417404890060425, "acc": 0.9817351698875427, "acc_or": 0.9939116835594177, "sender_entropy": 1.0057295560836792, "receiver_entropy": 0.0, "original_loss": 0.05394061654806137, "mean_length": 6.0}
{"mode": "train", "epoch": 57, "loss": 3.2450669407844543, "acc": 0.792422778904438, "acc_or": 0.9242311045527458, "sender_entropy": 0.930772677063942, "receiver_entropy": 0.0, "original_loss": 0.21881133876740932, "mean_length": 6.0}
{"mode": "test", "epoch": 57, "loss": 2.3400769233703613, "acc": 0.9710806608200073, "acc_or": 0.9903602004051208, "sender_entropy": 0.9880366921424866, "receiver_entropy": 0.0, "original_loss": 0.05828685685992241, "mean_length": 6.0}
{"mode": "train", "epoch": 58, "loss": 3.2097416818141937, "acc": 0.8054553866386414, "acc_or": 0.9291742146015167, "sender_entropy": 0.915656216442585, "receiver_entropy": 0.0, "original_loss": 0.20240000635385513, "mean_length": 6.0}
{"mode": "test", "epoch": 58, "loss": 2.2760958671569824, "acc": 0.978691041469574, "acc_or": 0.9928969740867615, "sender_entropy": 0.9775856137275696, "receiver_entropy": 0.0, "original_loss": 0.04944686219096184, "mean_length": 6.0}
{"mode": "train", "epoch": 59, "loss": 3.132920414209366, "acc": 0.8097153007984161, "acc_or": 0.9309466630220413, "sender_entropy": 0.9044912457466125, "receiver_entropy": 0.0, "original_loss": 0.198130389675498, "mean_length": 6.0}
{"mode": "test", "epoch": 59, "loss": 2.2105844020843506, "acc": 0.9756469130516052, "acc_or": 0.9918822646141052, "sender_entropy": 0.9651902914047241, "receiver_entropy": 0.0, "original_loss": 0.053476449102163315, "mean_length": 6.0}
{"mode": "train", "epoch": 60, "loss": 3.0655009150505066, "acc": 0.8133396282792091, "acc_or": 0.9323951378464699, "sender_entropy": 0.899252362549305, "receiver_entropy": 0.0, "original_loss": 0.19485057517886162, "mean_length": 6.0}
{"mode": "test", "epoch": 60, "loss": 2.1960713863372803, "acc": 0.9817351698875427, "acc_or": 0.9939116835594177, "sender_entropy": 0.9679005146026611, "receiver_entropy": 0.0, "original_loss": 0.04648555442690849, "mean_length": 6.0}
{"mode": "train", "epoch": 61, "loss": 3.035966604948044, "acc": 0.8097633123397827, "acc_or": 0.9309344738721848, "sender_entropy": 0.911850243806839, "receiver_entropy": 0.0, "original_loss": 0.19661199674010277, "mean_length": 6.0}
{"mode": "test", "epoch": 61, "loss": 2.200808048248291, "acc": 0.978691041469574, "acc_or": 0.9928969740867615, "sender_entropy": 0.9823698401451111, "receiver_entropy": 0.0, "original_loss": 0.043721865862607956, "mean_length": 6.0}
{"mode": "train", "epoch": 62, "loss": 3.026310622692108, "acc": 0.8189709708094597, "acc_or": 0.9344364106655121, "sender_entropy": 0.917317233979702, "receiver_entropy": 0.0, "original_loss": 0.18979597464203835, "mean_length": 6.0}
{"mode": "test", "epoch": 62, "loss": 2.171221971511841, "acc": 0.9832572340965271, "acc_or": 0.9944190382957458, "sender_entropy": 0.9771558046340942, "receiver_entropy": 0.0, "original_loss": 0.043383415788412094, "mean_length": 6.0}
{"mode": "train", "epoch": 63, "loss": 2.966967463493347, "acc": 0.8242364823818207, "acc_or": 0.9364113137125969, "sender_entropy": 0.9054058343172073, "receiver_entropy": 0.0, "original_loss": 0.18408715538680553, "mean_length": 6.0}
{"mode": "test", "epoch": 63, "loss": 2.1114449501037598, "acc": 0.9832572340965271, "acc_or": 0.9944190382957458, "sender_entropy": 0.9664136171340942, "receiver_entropy": 0.0, "original_loss": 0.04248018190264702, "mean_length": 6.0}
{"mode": "train", "epoch": 64, "loss": 2.922262817621231, "acc": 0.8319873362779617, "acc_or": 0.9394553899765015, "sender_entropy": 0.9010091051459312, "receiver_entropy": 0.0, "original_loss": 0.17672117799520493, "mean_length": 6.0}
{"mode": "test", "epoch": 64, "loss": 2.1204516887664795, "acc": 0.9908676147460938, "acc_or": 0.9969558119773865, "sender_entropy": 0.9693168997764587, "receiver_entropy": 0.0, "original_loss": 0.03312598541378975, "mean_length": 6.0}
{"mode": "train", "epoch": 65, "loss": 2.9096389710903168, "acc": 0.8380124270915985, "acc_or": 0.9416660666465759, "sender_entropy": 0.9052192494273186, "receiver_entropy": 0.0, "original_loss": 0.17208492569625378, "mean_length": 6.0}
{"mode": "test", "epoch": 65, "loss": 2.065432548522949, "acc": 0.9908676147460938, "acc_or": 0.9969558119773865, "sender_entropy": 0.9640353918075562, "receiver_entropy": 0.0, "original_loss": 0.032377563416957855, "mean_length": 6.0}
{"mode": "train", "epoch": 66, "loss": 2.87229061126709, "acc": 0.8349902629852295, "acc_or": 0.9410052075982094, "sender_entropy": 0.9080309718847275, "receiver_entropy": 0.0, "original_loss": 0.17158647812902927, "mean_length": 6.0}
{"mode": "test", "epoch": 66, "loss": 2.085306167602539, "acc": 0.9893454909324646, "acc_or": 0.9964484572410583, "sender_entropy": 0.981631338596344, "receiver_entropy": 0.0, "original_loss": 0.03290687873959541, "mean_length": 6.0}
{"mode": "train", "epoch": 67, "loss": 2.7811010777950287, "acc": 0.8293296173214912, "acc_or": 0.9385833069682121, "sender_entropy": 0.9215614274144173, "receiver_entropy": 0.0, "original_loss": 0.18061252310872078, "mean_length": 6.0}
{"mode": "test", "epoch": 67, "loss": 2.0291666984558105, "acc": 0.9847792983055115, "acc_or": 0.994926393032074, "sender_entropy": 0.9830600023269653, "receiver_entropy": 0.0, "original_loss": 0.03721591457724571, "mean_length": 6.0}
{"mode": "train", "epoch": 68, "loss": 2.7352773249149323, "acc": 0.8338501676917076, "acc_or": 0.9401971846818924, "sender_entropy": 0.9079575836658478, "receiver_entropy": 0.0, "original_loss": 0.1746428646147251, "mean_length": 6.0}
{"mode": "test", "epoch": 68, "loss": 1.988998532295227, "acc": 0.9923896789550781, "acc_or": 0.9974631667137146, "sender_entropy": 0.964449942111969, "receiver_entropy": 0.0, "original_loss": 0.031136082485318184, "mean_length": 6.0}
{"mode": "train", "epoch": 69, "loss": 2.713336408138275, "acc": 0.8416033387184143, "acc_or": 0.9430420845746994, "sender_entropy": 0.9000481143593788, "receiver_entropy": 0.0, "original_loss": 0.16625211015343666, "mean_length": 6.0}
{"mode": "test", "epoch": 69, "loss": 1.9496543407440186, "acc": 0.9802131056785583, "acc_or": 0.9934043288230896, "sender_entropy": 0.9598852396011353, "receiver_entropy": 0.0, "original_loss": 0.0382138267159462, "mean_length": 6.0}
{"mode": "train", "epoch": 70, "loss": 2.70998352766037, "acc": 0.8449131473898888, "acc_or": 0.9442476481199265, "sender_entropy": 0.9036344140768051, "receiver_entropy": 0.0, "original_loss": 0.16081332601606846, "mean_length": 6.0}
{"mode": "test", "epoch": 70, "loss": 1.961032509803772, "acc": 0.9893454909324646, "acc_or": 0.9964484572410583, "sender_entropy": 0.9737529158592224, "receiver_entropy": 0.0, "original_loss": 0.03321870416402817, "mean_length": 6.0}
{"mode": "train", "epoch": 71, "loss": 2.6772176325321198, "acc": 0.8451180085539818, "acc_or": 0.9444554224610329, "sender_entropy": 0.9097317904233932, "receiver_entropy": 0.0, "original_loss": 0.1632167398929596, "mean_length": 6.0}
{"mode": "test", "epoch": 71, "loss": 1.9633327722549438, "acc": 0.9893454909324646, "acc_or": 0.9964484572410583, "sender_entropy": 0.9752067923545837, "receiver_entropy": 0.0, "original_loss": 0.029726143926382065, "mean_length": 6.0}
{"mode": "train", "epoch": 72, "loss": 2.629827380180359, "acc": 0.8510708287358284, "acc_or": 0.9467665180563927, "sender_entropy": 0.8989710137248039, "receiver_entropy": 0.0, "original_loss": 0.15591943264007568, "mean_length": 6.0}
{"mode": "test", "epoch": 72, "loss": 1.9280524253845215, "acc": 0.9893454909324646, "acc_or": 0.9964484572410583, "sender_entropy": 0.963516891002655, "receiver_entropy": 0.0, "original_loss": 0.027102356776595116, "mean_length": 6.0}
{"mode": "train", "epoch": 73, "loss": 2.566472500562668, "acc": 0.8479705080389977, "acc_or": 0.9458167403936386, "sender_entropy": 0.9006429687142372, "receiver_entropy": 0.0, "original_loss": 0.15837295912206173, "mean_length": 6.0}
{"mode": "test", "epoch": 73, "loss": 1.8896594047546387, "acc": 0.9908676147460938, "acc_or": 0.9969558119773865, "sender_entropy": 0.9652504920959473, "receiver_entropy": 0.0, "original_loss": 0.02960820496082306, "mean_length": 6.0}
{"mode": "train", "epoch": 74, "loss": 2.559368848800659, "acc": 0.8504908755421638, "acc_or": 0.9467441141605377, "sender_entropy": 0.9049489200115204, "receiver_entropy": 0.0, "original_loss": 0.15604391880333424, "mean_length": 6.0}
{"mode": "test", "epoch": 74, "loss": 1.9070122241973877, "acc": 0.9908676147460938, "acc_or": 0.9969558119773865, "sender_entropy": 0.9729318022727966, "receiver_entropy": 0.0, "original_loss": 0.024979885667562485, "mean_length": 6.0}
{"mode": "train", "epoch": 75, "loss": 2.49920055270195, "acc": 0.8522043600678444, "acc_or": 0.9469536021351814, "sender_entropy": 0.9062856584787369, "receiver_entropy": 0.0, "original_loss": 0.15570080280303955, "mean_length": 6.0}
{"mode": "test", "epoch": 75, "loss": 1.8652536869049072, "acc": 0.9847792983055115, "acc_or": 0.994926393032074, "sender_entropy": 0.9663639068603516, "receiver_entropy": 0.0, "original_loss": 0.03007478639483452, "mean_length": 6.0}
{"mode": "train", "epoch": 76, "loss": 2.490473300218582, "acc": 0.8537886887788773, "acc_or": 0.9477038010954857, "sender_entropy": 0.9024570733308792, "receiver_entropy": 0.0, "original_loss": 0.15220610238611698, "mean_length": 6.0}
{"mode": "test", "epoch": 76, "loss": 1.8810166120529175, "acc": 0.9939117431640625, "acc_or": 0.9979705214500427, "sender_entropy": 0.9744522571563721, "receiver_entropy": 0.0, "original_loss": 0.022511398419737816, "mean_length": 6.0}
{"mode": "train", "epoch": 77, "loss": 2.4557358026504517, "acc": 0.8575589507818222, "acc_or": 0.9492779448628426, "sender_entropy": 0.9079338014125824, "receiver_entropy": 0.0, "original_loss": 0.15076456405222416, "mean_length": 6.0}
{"mode": "test", "epoch": 77, "loss": 1.8785669803619385, "acc": 0.9908676147460938, "acc_or": 0.9969558119773865, "sender_entropy": 0.9776867032051086, "receiver_entropy": 0.0, "original_loss": 0.02213190123438835, "mean_length": 6.0}
{"mode": "train", "epoch": 78, "loss": 2.441592961549759, "acc": 0.8632865846157074, "acc_or": 0.9508301168680191, "sender_entropy": 0.9050898998975754, "receiver_entropy": 0.0, "original_loss": 0.14537168852984905, "mean_length": 6.0}
{"mode": "test", "epoch": 78, "loss": 1.8406227827072144, "acc": 0.9984779357910156, "acc_or": 0.9994925856590271, "sender_entropy": 0.967974066734314, "receiver_entropy": 0.0, "original_loss": 0.021221546456217766, "mean_length": 6.0}
{"mode": "train", "epoch": 79, "loss": 2.3908971548080444, "acc": 0.8639284372329712, "acc_or": 0.9515930041670799, "sender_entropy": 0.8989740088582039, "receiver_entropy": 0.0, "original_loss": 0.14359750971198082, "mean_length": 6.0}
{"mode": "test", "epoch": 79, "loss": 1.8023972511291504, "acc": 0.9984779357910156, "acc_or": 0.9994925856590271, "sender_entropy": 0.9608404636383057, "receiver_entropy": 0.0, "original_loss": 0.02073969878256321, "mean_length": 6.0}
{"mode": "train", "epoch": 80, "loss": 2.358614683151245, "acc": 0.8576114624738693, "acc_or": 0.9495163932442665, "sender_entropy": 0.8967287689447403, "receiver_entropy": 0.0, "original_loss": 0.1452591735869646, "mean_length": 6.0}
{"mode": "test", "epoch": 80, "loss": 1.775283932685852, "acc": 0.9893454909324646, "acc_or": 0.9964484572410583, "sender_entropy": 0.9675986766815186, "receiver_entropy": 0.0, "original_loss": 0.02410576306283474, "mean_length": 6.0}
{"mode": "train", "epoch": 81, "loss": 2.316674917936325, "acc": 0.8629445061087608, "acc_or": 0.950935997068882, "sender_entropy": 0.9031732529401779, "receiver_entropy": 0.0, "original_loss": 0.14518831297755241, "mean_length": 6.0}
{"mode": "test", "epoch": 81, "loss": 1.7784360647201538, "acc": 1.0, "acc_or": 1.0, "sender_entropy": 0.9644889831542969, "receiver_entropy": 0.0, "original_loss": 0.018057920038700104, "mean_length": 6.0}
{"epoch": 81, "positional_disent": 0.0441918708384037, "bag_of_symbol_disent": 0.18595758080482483, "topographic_sim": 0.2946186616079031}
{"generalization hold out": {"acc": 0.9094650745391846, "acc_or": 0.9547325372695923}, "uniform holdout": {"acc": 0.875, "acc_or": 0.9583333134651184}, "epoch": 81}
---End--
