nohup: ignoring input
{"mode": "train", "epoch": 1, "loss": -2.4568769335746765, "acc": 0.0012766236104653217, "acc_or": 0.1130141094326973, "sender_entropy": 2.299989730119705, "receiver_entropy": 0.0, "original_loss": 2.2581981420516968, "mean_length": 6.0}
{"mode": "test", "epoch": 1, "loss": 1.8475677967071533, "acc": 0.0030441400595009327, "acc_or": 0.13140536844730377, "sender_entropy": 2.2992117404937744, "receiver_entropy": 0.0, "original_loss": 2.197150468826294, "mean_length": 6.0}
{"mode": "train", "epoch": 2, "loss": 1.6391017884016037, "acc": 0.0014895306030666688, "acc_or": 0.11502365581691265, "sender_entropy": 2.3000479638576508, "receiver_entropy": 0.0, "original_loss": 2.199462503194809, "mean_length": 6.0}
{"mode": "test", "epoch": 2, "loss": 1.5611913204193115, "acc": 0.0030441400595009327, "acc_or": 0.14967021346092224, "sender_entropy": 2.3001973628997803, "receiver_entropy": 0.0, "original_loss": 2.1891746520996094, "mean_length": 6.0}
{"mode": "train", "epoch": 3, "loss": 1.4074117541313171, "acc": 0.00156277279893402, "acc_or": 0.11722214799374342, "sender_entropy": 2.3004850447177887, "receiver_entropy": 0.0, "original_loss": 2.197477549314499, "mean_length": 6.0}
{"mode": "test", "epoch": 3, "loss": 1.6017916202545166, "acc": 0.006088280119001865, "acc_or": 0.19533231854438782, "sender_entropy": 2.3006367683410645, "receiver_entropy": 0.0, "original_loss": 2.174703598022461, "mean_length": 6.0}
{"mode": "train", "epoch": 4, "loss": 1.3147165924310684, "acc": 0.0015908694113022648, "acc_or": 0.11991956178098917, "sender_entropy": 2.3008987307548523, "receiver_entropy": 0.0, "original_loss": 2.196124255657196, "mean_length": 6.0}
{"mode": "test", "epoch": 4, "loss": 1.8149609565734863, "acc": 0.013698630034923553, "acc_or": 0.27955353260040283, "sender_entropy": 2.3010339736938477, "receiver_entropy": 0.0, "original_loss": 2.151542901992798, "mean_length": 6.0}
{"mode": "train", "epoch": 5, "loss": 1.264545515179634, "acc": 0.0018699262582231313, "acc_or": 0.1222498994320631, "sender_entropy": 2.3008101284503937, "receiver_entropy": 0.0, "original_loss": 2.195057451725006, "mean_length": 6.0}
{"mode": "test", "epoch": 5, "loss": 2.1100106239318848, "acc": 0.013698630034923553, "acc_or": 0.3231861889362335, "sender_entropy": 2.300257921218872, "receiver_entropy": 0.0, "original_loss": 2.122821807861328, "mean_length": 6.0}
{"mode": "train", "epoch": 6, "loss": 1.2484361380338669, "acc": 0.002159212453989312, "acc_or": 0.12880814541131258, "sender_entropy": 2.2989848256111145, "receiver_entropy": 0.0, "original_loss": 2.1927514374256134, "mean_length": 6.0}
{"mode": "test", "epoch": 6, "loss": 2.5134098529815674, "acc": 0.006088280119001865, "acc_or": 0.2638254761695862, "sender_entropy": 2.2955079078674316, "receiver_entropy": 0.0, "original_loss": 2.081268072128296, "mean_length": 6.0}
{"mode": "train", "epoch": 7, "loss": 1.3874564170837402, "acc": 0.0031011315440991893, "acc_or": 0.15109950490295887, "sender_entropy": 2.285721868276596, "receiver_entropy": 0.0, "original_loss": 2.1773708760738373, "mean_length": 6.0}
{"mode": "test", "epoch": 7, "loss": 3.1859450340270996, "acc": 0.004566210322082043, "acc_or": 0.2678843140602112, "sender_entropy": 2.2596688270568848, "receiver_entropy": 0.0, "original_loss": 1.9863227605819702, "mean_length": 6.0}
{"mode": "train", "epoch": 8, "loss": 2.3399131298065186, "acc": 0.0057383957609999925, "acc_or": 0.20665359310805798, "sender_entropy": 2.190162241458893, "receiver_entropy": 0.0, "original_loss": 2.077615052461624, "mean_length": 6.0}
{"mode": "test", "epoch": 8, "loss": 3.205185890197754, "acc": 0.010654490441083908, "acc_or": 0.2952815890312195, "sender_entropy": 2.133277654647827, "receiver_entropy": 0.0, "original_loss": 1.8820403814315796, "mean_length": 6.0}
{"mode": "train", "epoch": 9, "loss": 3.164863020181656, "acc": 0.009303122060373425, "acc_or": 0.25233689695596695, "sender_entropy": 2.0903263688087463, "receiver_entropy": 0.0, "original_loss": 1.9671272188425064, "mean_length": 6.0}
{"mode": "test", "epoch": 9, "loss": 3.4787111282348633, "acc": 0.0167427696287632, "acc_or": 0.314561128616333, "sender_entropy": 2.1132802963256836, "receiver_entropy": 0.0, "original_loss": 1.8346754312515259, "mean_length": 6.0}
{"mode": "train", "epoch": 10, "loss": 3.586681842803955, "acc": 0.012397160870023072, "acc_or": 0.2770054191350937, "sender_entropy": 2.0421646535396576, "receiver_entropy": 0.0, "original_loss": 1.8999977856874466, "mean_length": 6.0}
{"mode": "test", "epoch": 10, "loss": 4.378469467163086, "acc": 0.02435312047600746, "acc_or": 0.36834093928337097, "sender_entropy": 2.091806650161743, "receiver_entropy": 0.0, "original_loss": 1.705923318862915, "mean_length": 6.0}
{"mode": "train", "epoch": 11, "loss": 4.239736586809158, "acc": 0.01701250986661762, "acc_or": 0.31416476145386696, "sender_entropy": 1.9670361429452896, "receiver_entropy": 0.0, "original_loss": 1.7993398010730743, "mean_length": 6.0}
{"mode": "test", "epoch": 11, "loss": 4.629490852355957, "acc": 0.025875190272927284, "acc_or": 0.378995418548584, "sender_entropy": 2.0333666801452637, "receiver_entropy": 0.0, "original_loss": 1.615430235862732, "mean_length": 6.0}
{"mode": "train", "epoch": 12, "loss": 4.69254606962204, "acc": 0.02462737914174795, "acc_or": 0.3463575914502144, "sender_entropy": 1.8955910801887512, "receiver_entropy": 0.0, "original_loss": 1.707632690668106, "mean_length": 6.0}
{"mode": "test", "epoch": 12, "loss": 4.653243064880371, "acc": 0.02891932986676693, "acc_or": 0.4104515314102173, "sender_entropy": 1.9713984727859497, "receiver_entropy": 0.0, "original_loss": 1.5429587364196777, "mean_length": 6.0}
{"mode": "train", "epoch": 13, "loss": 4.796904802322388, "acc": 0.029273415450006723, "acc_or": 0.3652932159602642, "sender_entropy": 1.8618511706590652, "receiver_entropy": 0.0, "original_loss": 1.6518540680408478, "mean_length": 6.0}
{"mode": "test", "epoch": 13, "loss": 5.161890029907227, "acc": 0.044140029698610306, "acc_or": 0.4479959309101105, "sender_entropy": 1.9529223442077637, "receiver_entropy": 0.0, "original_loss": 1.4322572946548462, "mean_length": 6.0}
{"mode": "train", "epoch": 14, "loss": 5.035674035549164, "acc": 0.03857708349823952, "acc_or": 0.39366786554455757, "sender_entropy": 1.8172457069158554, "receiver_entropy": 0.0, "original_loss": 1.5807830691337585, "mean_length": 6.0}
{"mode": "test", "epoch": 14, "loss": 5.522215366363525, "acc": 0.07001522183418274, "acc_or": 0.4946727454662323, "sender_entropy": 1.9179837703704834, "receiver_entropy": 0.0, "original_loss": 1.3244215250015259, "mean_length": 6.0}
{"mode": "train", "epoch": 15, "loss": 5.397817671298981, "acc": 0.05623717978596687, "acc_or": 0.43441934883594513, "sender_entropy": 1.7515878677368164, "receiver_entropy": 0.0, "original_loss": 1.4857621639966965, "mean_length": 6.0}
{"mode": "test", "epoch": 15, "loss": 5.732146263122559, "acc": 0.10350076109170914, "acc_or": 0.5535261034965515, "sender_entropy": 1.8444777727127075, "receiver_entropy": 0.0, "original_loss": 1.2026636600494385, "mean_length": 6.0}
{"mode": "train", "epoch": 16, "loss": 5.780383825302124, "acc": 0.0745651856996119, "acc_or": 0.4746975488960743, "sender_entropy": 1.666575402021408, "receiver_entropy": 0.0, "original_loss": 1.3736455738544464, "mean_length": 6.0}
{"mode": "test", "epoch": 16, "loss": 5.558706760406494, "acc": 0.1339421570301056, "acc_or": 0.5778792500495911, "sender_entropy": 1.744271159172058, "receiver_entropy": 0.0, "original_loss": 1.1043391227722168, "mean_length": 6.0}
{"mode": "train", "epoch": 17, "loss": 6.07304322719574, "acc": 0.09679180197417736, "acc_or": 0.50826720520854, "sender_entropy": 1.5933980345726013, "receiver_entropy": 0.0, "original_loss": 1.2708366513252258, "mean_length": 6.0}
{"mode": "test", "epoch": 17, "loss": 5.8077826499938965, "acc": 0.199391171336174, "acc_or": 0.6458650231361389, "sender_entropy": 1.690818190574646, "receiver_entropy": 0.0, "original_loss": 0.9793158769607544, "mean_length": 6.0}
{"mode": "train", "epoch": 18, "loss": 6.315678536891937, "acc": 0.11840343195945024, "acc_or": 0.5387102738022804, "sender_entropy": 1.5390861183404922, "receiver_entropy": 0.0, "original_loss": 1.178827702999115, "mean_length": 6.0}
{"mode": "test", "epoch": 18, "loss": 5.612601280212402, "acc": 0.21917808055877686, "acc_or": 0.6565195322036743, "sender_entropy": 1.6074327230453491, "receiver_entropy": 0.0, "original_loss": 0.8904569745063782, "mean_length": 6.0}
{"mode": "train", "epoch": 19, "loss": 6.486853003501892, "acc": 0.1463786717504263, "acc_or": 0.5737444460391998, "sender_entropy": 1.4398819357156754, "receiver_entropy": 0.0, "original_loss": 1.0661964267492294, "mean_length": 6.0}
{"mode": "test", "epoch": 19, "loss": 5.342405796051025, "acc": 0.2283105105161667, "acc_or": 0.6661592721939087, "sender_entropy": 1.5528150796890259, "receiver_entropy": 0.0, "original_loss": 0.8459849953651428, "mean_length": 6.0}
{"mode": "train", "epoch": 20, "loss": 6.390318036079407, "acc": 0.16415061429142952, "acc_or": 0.5876994282007217, "sender_entropy": 1.4443524926900864, "receiver_entropy": 0.0, "original_loss": 1.0276507884263992, "mean_length": 6.0}
{"mode": "test", "epoch": 20, "loss": 5.34550142288208, "acc": 0.2617960572242737, "acc_or": 0.6971080303192139, "sender_entropy": 1.5412858724594116, "receiver_entropy": 0.0, "original_loss": 0.7811066508293152, "mean_length": 6.0}
{"mode": "train", "epoch": 21, "loss": 6.336715579032898, "acc": 0.19909831695258617, "acc_or": 0.6194710955023766, "sender_entropy": 1.3756240904331207, "receiver_entropy": 0.0, "original_loss": 0.9520504623651505, "mean_length": 6.0}
{"mode": "test", "epoch": 21, "loss": 5.199829578399658, "acc": 0.29680365324020386, "acc_or": 0.7204464673995972, "sender_entropy": 1.478175401687622, "receiver_entropy": 0.0, "original_loss": 0.7073631882667542, "mean_length": 6.0}
{"mode": "train", "epoch": 22, "loss": 6.312444090843201, "acc": 0.2286843415349722, "acc_or": 0.6462773606181145, "sender_entropy": 1.3339236378669739, "receiver_entropy": 0.0, "original_loss": 0.8883831650018692, "mean_length": 6.0}
{"mode": "test", "epoch": 22, "loss": 5.111490726470947, "acc": 0.35768646001815796, "acc_or": 0.7488584518432617, "sender_entropy": 1.4609788656234741, "receiver_entropy": 0.0, "original_loss": 0.6607204675674438, "mean_length": 6.0}
{"mode": "train", "epoch": 23, "loss": 6.192850887775421, "acc": 0.25739623233675957, "acc_or": 0.6646483317017555, "sender_entropy": 1.3195259273052216, "receiver_entropy": 0.0, "original_loss": 0.8505321964621544, "mean_length": 6.0}
{"mode": "test", "epoch": 23, "loss": 5.135810375213623, "acc": 0.4398782253265381, "acc_or": 0.7869101762771606, "sender_entropy": 1.450443983078003, "receiver_entropy": 0.0, "original_loss": 0.5939151048660278, "mean_length": 6.0}
{"mode": "train", "epoch": 24, "loss": 6.159161865711212, "acc": 0.28409144654870033, "acc_or": 0.6822168156504631, "sender_entropy": 1.3118118047714233, "receiver_entropy": 0.0, "original_loss": 0.806911014020443, "mean_length": 6.0}
{"mode": "test", "epoch": 24, "loss": 5.121511459350586, "acc": 0.445966511964798, "acc_or": 0.7889395952224731, "sender_entropy": 1.445723056793213, "receiver_entropy": 0.0, "original_loss": 0.5621789693832397, "mean_length": 6.0}
{"mode": "train", "epoch": 25, "loss": 6.0422083735466, "acc": 0.30427396297454834, "acc_or": 0.69390919059515, "sender_entropy": 1.3068012744188309, "receiver_entropy": 0.0, "original_loss": 0.7780288681387901, "mean_length": 6.0}
{"mode": "test", "epoch": 25, "loss": 4.951414108276367, "acc": 0.5327244997024536, "acc_or": 0.83155757188797, "sender_entropy": 1.3951653242111206, "receiver_entropy": 0.0, "original_loss": 0.5072495341300964, "mean_length": 6.0}
{"mode": "train", "epoch": 26, "loss": 6.0236696600914, "acc": 0.3551134504377842, "acc_or": 0.7294491231441498, "sender_entropy": 1.2489448487758636, "receiver_entropy": 0.0, "original_loss": 0.7064780965447426, "mean_length": 6.0}
{"mode": "test", "epoch": 26, "loss": 4.79854679107666, "acc": 0.5722983479499817, "acc_or": 0.8493150472640991, "sender_entropy": 1.3618590831756592, "receiver_entropy": 0.0, "original_loss": 0.46788841485977173, "mean_length": 6.0}
{"mode": "train", "epoch": 27, "loss": 5.877554774284363, "acc": 0.3837084583938122, "acc_or": 0.7405796051025391, "sender_entropy": 1.2375254034996033, "receiver_entropy": 0.0, "original_loss": 0.6779014319181442, "mean_length": 6.0}
{"mode": "test", "epoch": 27, "loss": 4.790661811828613, "acc": 0.6636225581169128, "acc_or": 0.8817858695983887, "sender_entropy": 1.3435332775115967, "receiver_entropy": 0.0, "original_loss": 0.4032280743122101, "mean_length": 6.0}
{"mode": "train", "epoch": 28, "loss": 5.7779112458229065, "acc": 0.41695141047239304, "acc_or": 0.7605076432228088, "sender_entropy": 1.199876829981804, "receiver_entropy": 0.0, "original_loss": 0.6289052218198776, "mean_length": 6.0}
{"mode": "test", "epoch": 28, "loss": 4.496133327484131, "acc": 0.6636225581169128, "acc_or": 0.8817858695983887, "sender_entropy": 1.290224552154541, "receiver_entropy": 0.0, "original_loss": 0.38288840651512146, "mean_length": 6.0}
{"mode": "train", "epoch": 29, "loss": 5.660702764987946, "acc": 0.44459768384695053, "acc_or": 0.7747465670108795, "sender_entropy": 1.1675963252782822, "receiver_entropy": 0.0, "original_loss": 0.5912855640053749, "mean_length": 6.0}
{"mode": "test", "epoch": 29, "loss": 4.410115718841553, "acc": 0.7184170484542847, "acc_or": 0.8980212807655334, "sender_entropy": 1.2747881412506104, "receiver_entropy": 0.0, "original_loss": 0.34650537371635437, "mean_length": 6.0}
{"mode": "train", "epoch": 30, "loss": 5.565369367599487, "acc": 0.46541877835989, "acc_or": 0.7836558520793915, "sender_entropy": 1.1662047803401947, "receiver_entropy": 0.0, "original_loss": 0.5697866678237915, "mean_length": 6.0}
{"mode": "test", "epoch": 30, "loss": 4.391067981719971, "acc": 0.7336377501487732, "acc_or": 0.9061390161514282, "sender_entropy": 1.278435468673706, "receiver_entropy": 0.0, "original_loss": 0.3220229148864746, "mean_length": 6.0}
{"mode": "train", "epoch": 31, "loss": 5.4276039600372314, "acc": 0.4902057349681854, "acc_or": 0.7925602048635483, "sender_entropy": 1.1627249270677567, "receiver_entropy": 0.0, "original_loss": 0.5503568351268768, "mean_length": 6.0}
{"mode": "test", "epoch": 31, "loss": 4.212714672088623, "acc": 0.7823439836502075, "acc_or": 0.9238964915275574, "sender_entropy": 1.2370498180389404, "receiver_entropy": 0.0, "original_loss": 0.2856768071651459, "mean_length": 6.0}
{"mode": "train", "epoch": 32, "loss": 5.389708042144775, "acc": 0.5388523265719414, "acc_or": 0.8166711628437042, "sender_entropy": 1.1149022728204727, "receiver_entropy": 0.0, "original_loss": 0.49404770135879517, "mean_length": 6.0}
{"mode": "test", "epoch": 32, "loss": 3.9821829795837402, "acc": 0.7990867495536804, "acc_or": 0.9294773936271667, "sender_entropy": 1.1843388080596924, "receiver_entropy": 0.0, "original_loss": 0.2573223114013672, "mean_length": 6.0}
{"mode": "train", "epoch": 33, "loss": 5.293161392211914, "acc": 0.5693644508719444, "acc_or": 0.8312594890594482, "sender_entropy": 1.0773847997188568, "receiver_entropy": 0.0, "original_loss": 0.4536667726933956, "mean_length": 6.0}
{"mode": "test", "epoch": 33, "loss": 3.917475461959839, "acc": 0.8264840245246887, "acc_or": 0.939624547958374, "sender_entropy": 1.176390528678894, "receiver_entropy": 0.0, "original_loss": 0.2301095575094223, "mean_length": 6.0}
{"mode": "train", "epoch": 34, "loss": 5.128555774688721, "acc": 0.5790615975856781, "acc_or": 0.8341734483838081, "sender_entropy": 1.0818337798118591, "receiver_entropy": 0.0, "original_loss": 0.4464046433568001, "mean_length": 6.0}
{"mode": "test", "epoch": 34, "loss": 3.8256633281707764, "acc": 0.8401826620101929, "acc_or": 0.9421613216400146, "sender_entropy": 1.175096035003662, "receiver_entropy": 0.0, "original_loss": 0.2154412418603897, "mean_length": 6.0}
{"mode": "train", "epoch": 35, "loss": 5.087182819843292, "acc": 0.602354384958744, "acc_or": 0.8458551988005638, "sender_entropy": 1.0742539763450623, "receiver_entropy": 0.0, "original_loss": 0.4178629480302334, "mean_length": 6.0}
{"mode": "test", "epoch": 35, "loss": 3.7376251220703125, "acc": 0.8599695563316345, "acc_or": 0.95281583070755, "sender_entropy": 1.1560033559799194, "receiver_entropy": 0.0, "original_loss": 0.1875169724225998, "mean_length": 6.0}
{"mode": "train", "epoch": 36, "loss": 5.004501104354858, "acc": 0.6294255033135414, "acc_or": 0.8580621778964996, "sender_entropy": 1.0576190799474716, "receiver_entropy": 0.0, "original_loss": 0.3904169425368309, "mean_length": 6.0}
{"mode": "test", "epoch": 36, "loss": 3.668771266937256, "acc": 0.8964992761611938, "acc_or": 0.964992344379425, "sender_entropy": 1.139594554901123, "receiver_entropy": 0.0, "original_loss": 0.16253124177455902, "mean_length": 6.0}
{"mode": "train", "epoch": 37, "loss": 4.905797481536865, "acc": 0.6496763527393341, "acc_or": 0.8666297122836113, "sender_entropy": 1.0387915968894958, "receiver_entropy": 0.0, "original_loss": 0.3662526085972786, "mean_length": 6.0}
{"mode": "test", "epoch": 37, "loss": 3.530561685562134, "acc": 0.9117199182510376, "acc_or": 0.969558596611023, "sender_entropy": 1.1227822303771973, "receiver_entropy": 0.0, "original_loss": 0.15456591546535492, "mean_length": 6.0}
{"mode": "train", "epoch": 38, "loss": 4.755062699317932, "acc": 0.6609774678945541, "acc_or": 0.8709315732121468, "sender_entropy": 1.030856192111969, "receiver_entropy": 0.0, "original_loss": 0.3590065725147724, "mean_length": 6.0}
{"mode": "test", "epoch": 38, "loss": 3.5129475593566895, "acc": 0.931506872177124, "acc_or": 0.9761542081832886, "sender_entropy": 1.1197251081466675, "receiver_entropy": 0.0, "original_loss": 0.1291862577199936, "mean_length": 6.0}
{"mode": "train", "epoch": 39, "loss": 4.697861850261688, "acc": 0.6706855446100235, "acc_or": 0.8751458525657654, "sender_entropy": 1.0294189453125, "receiver_entropy": 0.0, "original_loss": 0.3447766602039337, "mean_length": 6.0}
{"mode": "test", "epoch": 39, "loss": 3.3969013690948486, "acc": 0.9193302989006042, "acc_or": 0.9726027250289917, "sender_entropy": 1.1056808233261108, "receiver_entropy": 0.0, "original_loss": 0.12815693020820618, "mean_length": 6.0}
{"mode": "train", "epoch": 40, "loss": 4.553518891334534, "acc": 0.6892819553613663, "acc_or": 0.8829200118780136, "sender_entropy": 1.005807526409626, "receiver_entropy": 0.0, "original_loss": 0.32627609744668007, "mean_length": 6.0}
{"mode": "test", "epoch": 40, "loss": 3.2580392360687256, "acc": 0.9193302989006042, "acc_or": 0.9720953702926636, "sender_entropy": 1.086500644683838, "receiver_entropy": 0.0, "original_loss": 0.1311895251274109, "mean_length": 6.0}
{"mode": "train", "epoch": 41, "loss": 4.486488580703735, "acc": 0.7025117874145508, "acc_or": 0.888046108186245, "sender_entropy": 1.004836231470108, "receiver_entropy": 0.0, "original_loss": 0.3139842264354229, "mean_length": 6.0}
{"mode": "test", "epoch": 41, "loss": 3.2563343048095703, "acc": 0.9375951290130615, "acc_or": 0.9781836271286011, "sender_entropy": 1.095583438873291, "receiver_entropy": 0.0, "original_loss": 0.11186130344867706, "mean_length": 6.0}
{"mode": "train", "epoch": 42, "loss": 4.388276994228363, "acc": 0.7073686942458153, "acc_or": 0.8906130492687225, "sender_entropy": 1.0018559619784355, "receiver_entropy": 0.0, "original_loss": 0.30695129930973053, "mean_length": 6.0}
{"mode": "test", "epoch": 42, "loss": 3.079266309738159, "acc": 0.9178082346916199, "acc_or": 0.9720953702926636, "sender_entropy": 1.0748324394226074, "receiver_entropy": 0.0, "original_loss": 0.11685199290513992, "mean_length": 6.0}
{"mode": "train", "epoch": 43, "loss": 4.290832281112671, "acc": 0.722252681851387, "acc_or": 0.8967880606651306, "sender_entropy": 0.9885276332497597, "receiver_entropy": 0.0, "original_loss": 0.29083169624209404, "mean_length": 6.0}
{"mode": "test", "epoch": 43, "loss": 3.076965093612671, "acc": 0.9299848079681396, "acc_or": 0.9766615629196167, "sender_entropy": 1.0694094896316528, "receiver_entropy": 0.0, "original_loss": 0.10102282464504242, "mean_length": 6.0}
{"mode": "train", "epoch": 44, "loss": 4.207606375217438, "acc": 0.7271275669336319, "acc_or": 0.8986335471272469, "sender_entropy": 0.9896487519145012, "receiver_entropy": 0.0, "original_loss": 0.28654318302869797, "mean_length": 6.0}
{"mode": "test", "epoch": 44, "loss": 3.088704824447632, "acc": 0.9497717022895813, "acc_or": 0.9832571744918823, "sender_entropy": 1.0814048051834106, "receiver_entropy": 0.0, "original_loss": 0.09314744174480438, "mean_length": 6.0}
{"mode": "train", "epoch": 45, "loss": 4.112580955028534, "acc": 0.7269801422953606, "acc_or": 0.8981300666928291, "sender_entropy": 0.9949469789862633, "receiver_entropy": 0.0, "original_loss": 0.28653503209352493, "mean_length": 6.0}
{"mode": "test", "epoch": 45, "loss": 2.976922035217285, "acc": 0.9482496380805969, "acc_or": 0.9827498197555542, "sender_entropy": 1.0703840255737305, "receiver_entropy": 0.0, "original_loss": 0.09188144654035568, "mean_length": 6.0}
{"mode": "train", "epoch": 46, "loss": 4.081041991710663, "acc": 0.7400839403271675, "acc_or": 0.9028040319681168, "sender_entropy": 0.99161746352911, "receiver_entropy": 0.0, "original_loss": 0.27291540428996086, "mean_length": 6.0}
{"mode": "test", "epoch": 46, "loss": 3.0053486824035645, "acc": 0.9726027250289917, "acc_or": 0.990867555141449, "sender_entropy": 1.0761133432388306, "receiver_entropy": 0.0, "original_loss": 0.07409200072288513, "mean_length": 6.0}
{"mode": "train", "epoch": 47, "loss": 3.995345503091812, "acc": 0.7445275858044624, "acc_or": 0.9051779583096504, "sender_entropy": 0.9887394532561302, "receiver_entropy": 0.0, "original_loss": 0.26542754098773, "mean_length": 6.0}
{"mode": "test", "epoch": 47, "loss": 2.907472610473633, "acc": 0.9665144681930542, "acc_or": 0.9888381361961365, "sender_entropy": 1.0634379386901855, "receiver_entropy": 0.0, "original_loss": 0.07513511180877686, "mean_length": 6.0}
{"mode": "train", "epoch": 48, "loss": 3.9544538855552673, "acc": 0.7579892799258232, "acc_or": 0.9112661927938461, "sender_entropy": 0.9780733957886696, "receiver_entropy": 0.0, "original_loss": 0.25116945430636406, "mean_length": 6.0}
{"mode": "test", "epoch": 48, "loss": 2.8111977577209473, "acc": 0.9512937664985657, "acc_or": 0.9832571744918823, "sender_entropy": 1.0628727674484253, "receiver_entropy": 0.0, "original_loss": 0.08204060047864914, "mean_length": 6.0}
{"mode": "train", "epoch": 49, "loss": 3.8868041336536407, "acc": 0.7654684334993362, "acc_or": 0.9139719754457474, "sender_entropy": 0.9814890921115875, "receiver_entropy": 0.0, "original_loss": 0.2449273020029068, "mean_length": 6.0}
{"mode": "test", "epoch": 49, "loss": 2.8155109882354736, "acc": 0.9665144681930542, "acc_or": 0.9883307814598083, "sender_entropy": 1.0704140663146973, "receiver_entropy": 0.0, "original_loss": 0.06736288964748383, "mean_length": 6.0}
{"mode": "train", "epoch": 50, "loss": 3.806652456521988, "acc": 0.7666304856538773, "acc_or": 0.9143442809581757, "sender_entropy": 0.9807751327753067, "receiver_entropy": 0.0, "original_loss": 0.2432136032730341, "mean_length": 6.0}
{"mode": "test", "epoch": 50, "loss": 2.792748212814331, "acc": 0.9756469130516052, "acc_or": 0.9918822646141052, "sender_entropy": 1.0676554441452026, "receiver_entropy": 0.0, "original_loss": 0.059898585081100464, "mean_length": 6.0}
{"mode": "train", "epoch": 51, "loss": 3.704475462436676, "acc": 0.7641589418053627, "acc_or": 0.9132367447018623, "sender_entropy": 0.9771535471081734, "receiver_entropy": 0.0, "original_loss": 0.24368400871753693, "mean_length": 6.0}
{"mode": "test", "epoch": 51, "loss": 2.7190752029418945, "acc": 0.9558599591255188, "acc_or": 0.9852866530418396, "sender_entropy": 1.0725839138031006, "receiver_entropy": 0.0, "original_loss": 0.07035266607999802, "mean_length": 6.0}
{"mode": "train", "epoch": 52, "loss": 3.613882929086685, "acc": 0.7668768018484116, "acc_or": 0.9146693870425224, "sender_entropy": 0.971320778131485, "receiver_entropy": 0.0, "original_loss": 0.23961728624999523, "mean_length": 6.0}
{"mode": "test", "epoch": 52, "loss": 2.714071035385132, "acc": 0.9863013625144958, "acc_or": 0.9954337477684021, "sender_entropy": 1.062156319618225, "receiver_entropy": 0.0, "original_loss": 0.052229251712560654, "mean_length": 6.0}
{"mode": "train", "epoch": 53, "loss": 3.5871191918849945, "acc": 0.7793991640210152, "acc_or": 0.919456236064434, "sender_entropy": 0.9741105735301971, "receiver_entropy": 0.0, "original_loss": 0.22891045920550823, "mean_length": 6.0}
{"mode": "test", "epoch": 53, "loss": 2.661134719848633, "acc": 0.9710806608200073, "acc_or": 0.9903602004051208, "sender_entropy": 1.0725911855697632, "receiver_entropy": 0.0, "original_loss": 0.0619199238717556, "mean_length": 6.0}
{"mode": "train", "epoch": 54, "loss": 3.539203643798828, "acc": 0.7747951596975327, "acc_or": 0.9172692000865936, "sender_entropy": 0.9834855571389198, "receiver_entropy": 0.0, "original_loss": 0.23152568377554417, "mean_length": 6.0}
{"mode": "test", "epoch": 54, "loss": 2.626152276992798, "acc": 0.9771689772605896, "acc_or": 0.9923896193504333, "sender_entropy": 1.0677489042282104, "receiver_entropy": 0.0, "original_loss": 0.05239004269242287, "mean_length": 6.0}
{"mode": "train", "epoch": 55, "loss": 3.512491822242737, "acc": 0.7919328659772873, "acc_or": 0.9243331402540207, "sender_entropy": 0.9728587046265602, "receiver_entropy": 0.0, "original_loss": 0.2151457481086254, "mean_length": 6.0}
{"mode": "test", "epoch": 55, "loss": 2.5300660133361816, "acc": 0.9863013625144958, "acc_or": 0.994926393032074, "sender_entropy": 1.0503133535385132, "receiver_entropy": 0.0, "original_loss": 0.045931488275527954, "mean_length": 6.0}
{"mode": "train", "epoch": 56, "loss": 3.442609280347824, "acc": 0.8016105219721794, "acc_or": 0.9274832382798195, "sender_entropy": 0.9630358815193176, "receiver_entropy": 0.0, "original_loss": 0.20651428028941154, "mean_length": 6.0}
{"mode": "test", "epoch": 56, "loss": 2.4709954261779785, "acc": 0.9832572340965271, "acc_or": 0.9944190382957458, "sender_entropy": 1.0505552291870117, "receiver_entropy": 0.0, "original_loss": 0.04543241113424301, "mean_length": 6.0}
{"mode": "train", "epoch": 57, "loss": 3.378625124692917, "acc": 0.7990614995360374, "acc_or": 0.9266268238425255, "sender_entropy": 0.9683801084756851, "receiver_entropy": 0.0, "original_loss": 0.20819702744483948, "mean_length": 6.0}
{"mode": "test", "epoch": 57, "loss": 2.4499576091766357, "acc": 0.9817351698875427, "acc_or": 0.9939116835594177, "sender_entropy": 1.0517371892929077, "receiver_entropy": 0.0, "original_loss": 0.04698562994599342, "mean_length": 6.0}
{"mode": "train", "epoch": 58, "loss": 3.3052881062030792, "acc": 0.7944364696741104, "acc_or": 0.9253675267100334, "sender_entropy": 0.9688367918133736, "receiver_entropy": 0.0, "original_loss": 0.2097963448613882, "mean_length": 6.0}
{"mode": "test", "epoch": 58, "loss": 2.410313367843628, "acc": 0.9832572340965271, "acc_or": 0.9944190382957458, "sender_entropy": 1.0582900047302246, "receiver_entropy": 0.0, "original_loss": 0.04809721186757088, "mean_length": 6.0}
{"mode": "train", "epoch": 59, "loss": 3.2613851130008698, "acc": 0.7999732717871666, "acc_or": 0.927090972661972, "sender_entropy": 0.9710801988840103, "receiver_entropy": 0.0, "original_loss": 0.20616578496992588, "mean_length": 6.0}
{"mode": "test", "epoch": 59, "loss": 2.3919475078582764, "acc": 0.9878234267234802, "acc_or": 0.9959411025047302, "sender_entropy": 1.052855372428894, "receiver_entropy": 0.0, "original_loss": 0.04169774428009987, "mean_length": 6.0}
{"mode": "train", "epoch": 60, "loss": 3.1923400461673737, "acc": 0.8085452020168304, "acc_or": 0.9304751604795456, "sender_entropy": 0.963866651058197, "receiver_entropy": 0.0, "original_loss": 0.2008973378688097, "mean_length": 6.0}
{"mode": "test", "epoch": 60, "loss": 2.3408212661743164, "acc": 0.9771689772605896, "acc_or": 0.9923896193504333, "sender_entropy": 1.0477514266967773, "receiver_entropy": 0.0, "original_loss": 0.04254908859729767, "mean_length": 6.0}
{"mode": "train", "epoch": 61, "loss": 3.180479109287262, "acc": 0.807840883731842, "acc_or": 0.9303960502147675, "sender_entropy": 0.9649773985147476, "receiver_entropy": 0.0, "original_loss": 0.1970876045525074, "mean_length": 6.0}
{"mode": "test", "epoch": 61, "loss": 2.366182804107666, "acc": 0.9863013625144958, "acc_or": 0.9954337477684021, "sender_entropy": 1.0635944604873657, "receiver_entropy": 0.0, "original_loss": 0.03859769552946091, "mean_length": 6.0}
{"mode": "train", "epoch": 62, "loss": 3.0647115111351013, "acc": 0.8029276579618454, "acc_or": 0.9279851093888283, "sender_entropy": 0.975092925131321, "receiver_entropy": 0.0, "original_loss": 0.20547844097018242, "mean_length": 6.0}
{"mode": "test", "epoch": 62, "loss": 2.292111873626709, "acc": 0.9847792983055115, "acc_or": 0.994926393032074, "sender_entropy": 1.0447144508361816, "receiver_entropy": 0.0, "original_loss": 0.040876179933547974, "mean_length": 6.0}
{"mode": "train", "epoch": 63, "loss": 3.075538247823715, "acc": 0.8183291032910347, "acc_or": 0.9342434704303741, "sender_entropy": 0.9618638306856155, "receiver_entropy": 0.0, "original_loss": 0.18801716901361942, "mean_length": 6.0}
{"mode": "test", "epoch": 63, "loss": 2.2437894344329834, "acc": 0.9817351698875427, "acc_or": 0.9939116835594177, "sender_entropy": 1.0423085689544678, "receiver_entropy": 0.0, "original_loss": 0.04050612077116966, "mean_length": 6.0}
{"mode": "train", "epoch": 64, "loss": 3.0144218504428864, "acc": 0.8195993155241013, "acc_or": 0.9346852451562881, "sender_entropy": 0.9519898742437363, "receiver_entropy": 0.0, "original_loss": 0.18567747808992863, "mean_length": 6.0}
{"mode": "test", "epoch": 64, "loss": 2.202516794204712, "acc": 0.9863013625144958, "acc_or": 0.9954337477684021, "sender_entropy": 1.0364285707473755, "receiver_entropy": 0.0, "original_loss": 0.03642093017697334, "mean_length": 6.0}
{"mode": "train", "epoch": 65, "loss": 2.9514205753803253, "acc": 0.8139782175421715, "acc_or": 0.9329961687326431, "sender_entropy": 0.9599378630518913, "receiver_entropy": 0.0, "original_loss": 0.1914452351629734, "mean_length": 6.0}
{"mode": "test", "epoch": 65, "loss": 2.2416722774505615, "acc": 0.9878234267234802, "acc_or": 0.9959411025047302, "sender_entropy": 1.0626506805419922, "receiver_entropy": 0.0, "original_loss": 0.03505910187959671, "mean_length": 6.0}
{"mode": "train", "epoch": 66, "loss": 2.9233968257904053, "acc": 0.8174328804016113, "acc_or": 0.933676078915596, "sender_entropy": 0.9691480621695518, "receiver_entropy": 0.0, "original_loss": 0.1874608974903822, "mean_length": 6.0}
{"mode": "test", "epoch": 66, "loss": 2.1657159328460693, "acc": 0.9832572340965271, "acc_or": 0.9944190382957458, "sender_entropy": 1.052722692489624, "receiver_entropy": 0.0, "original_loss": 0.03761884197592735, "mean_length": 6.0}
{"mode": "train", "epoch": 67, "loss": 2.8748485445976257, "acc": 0.8193043023347855, "acc_or": 0.9344101399183273, "sender_entropy": 0.9667596966028214, "receiver_entropy": 0.0, "original_loss": 0.18579641170799732, "mean_length": 6.0}
{"mode": "test", "epoch": 67, "loss": 2.114899158477783, "acc": 0.9878234267234802, "acc_or": 0.9959411025047302, "sender_entropy": 1.0440772771835327, "receiver_entropy": 0.0, "original_loss": 0.03393092006444931, "mean_length": 6.0}
{"mode": "train", "epoch": 68, "loss": 2.8390098214149475, "acc": 0.8251673653721809, "acc_or": 0.9368110373616219, "sender_entropy": 0.959520049393177, "receiver_entropy": 0.0, "original_loss": 0.18080882355570793, "mean_length": 6.0}
{"mode": "test", "epoch": 68, "loss": 2.097278594970703, "acc": 0.9817351698875427, "acc_or": 0.9939116835594177, "sender_entropy": 1.050601840019226, "receiver_entropy": 0.0, "original_loss": 0.03664229437708855, "mean_length": 6.0}
{"mode": "train", "epoch": 69, "loss": 2.806767761707306, "acc": 0.8242606371641159, "acc_or": 0.9369703009724617, "sender_entropy": 0.9672829285264015, "receiver_entropy": 0.0, "original_loss": 0.1807525660842657, "mean_length": 6.0}
{"mode": "test", "epoch": 69, "loss": 2.130570650100708, "acc": 0.9939117431640625, "acc_or": 0.9979705214500427, "sender_entropy": 1.0635309219360352, "receiver_entropy": 0.0, "original_loss": 0.02942694164812565, "mean_length": 6.0}
{"mode": "train", "epoch": 70, "loss": 2.7627264261245728, "acc": 0.8210308775305748, "acc_or": 0.9354182928800583, "sender_entropy": 0.9723859205842018, "receiver_entropy": 0.0, "original_loss": 0.18258879706263542, "mean_length": 6.0}
{"mode": "test", "epoch": 70, "loss": 2.0957441329956055, "acc": 0.9939117431640625, "acc_or": 0.9979705214500427, "sender_entropy": 1.06173574924469, "receiver_entropy": 0.0, "original_loss": 0.030519096180796623, "mean_length": 6.0}
{"mode": "train", "epoch": 71, "loss": 2.724264442920685, "acc": 0.8238469436764717, "acc_or": 0.9363569915294647, "sender_entropy": 0.9677216857671738, "receiver_entropy": 0.0, "original_loss": 0.1797137800604105, "mean_length": 6.0}
{"mode": "test", "epoch": 71, "loss": 2.0515120029449463, "acc": 0.9878234267234802, "acc_or": 0.9959411025047302, "sender_entropy": 1.05491304397583, "receiver_entropy": 0.0, "original_loss": 0.03262157738208771, "mean_length": 6.0}
{"mode": "train", "epoch": 72, "loss": 2.6543814837932587, "acc": 0.8219410255551338, "acc_or": 0.9359588176012039, "sender_entropy": 0.9660917446017265, "receiver_entropy": 0.0, "original_loss": 0.18179110251367092, "mean_length": 6.0}
{"mode": "test", "epoch": 72, "loss": 2.049406051635742, "acc": 0.9878234267234802, "acc_or": 0.9959411025047302, "sender_entropy": 1.0585397481918335, "receiver_entropy": 0.0, "original_loss": 0.0325787179172039, "mean_length": 6.0}
{"mode": "train", "epoch": 73, "loss": 2.639823257923126, "acc": 0.8232412412762642, "acc_or": 0.936357319355011, "sender_entropy": 0.9681342095136642, "receiver_entropy": 0.0, "original_loss": 0.1799254771322012, "mean_length": 6.0}
{"mode": "test", "epoch": 73, "loss": 2.025867462158203, "acc": 0.9878234267234802, "acc_or": 0.9959411025047302, "sender_entropy": 1.0603853464126587, "receiver_entropy": 0.0, "original_loss": 0.0313224270939827, "mean_length": 6.0}
{"mode": "train", "epoch": 74, "loss": 2.5881523489952087, "acc": 0.8234878331422806, "acc_or": 0.9363803565502167, "sender_entropy": 0.9697163924574852, "receiver_entropy": 0.0, "original_loss": 0.17941901087760925, "mean_length": 6.0}
{"mode": "test", "epoch": 74, "loss": 1.9779037237167358, "acc": 0.9878234267234802, "acc_or": 0.9959411025047302, "sender_entropy": 1.056041955947876, "receiver_entropy": 0.0, "original_loss": 0.03239221125841141, "mean_length": 6.0}
{"mode": "train", "epoch": 75, "loss": 2.5876351296901703, "acc": 0.8306678906083107, "acc_or": 0.9391887560486794, "sender_entropy": 0.9642208367586136, "receiver_entropy": 0.0, "original_loss": 0.17168790102005005, "mean_length": 6.0}
{"mode": "test", "epoch": 75, "loss": 1.9608979225158691, "acc": 0.9908676147460938, "acc_or": 0.9969558119773865, "sender_entropy": 1.058607578277588, "receiver_entropy": 0.0, "original_loss": 0.029252279549837112, "mean_length": 6.0}
{"mode": "train", "epoch": 76, "loss": 2.5113686621189117, "acc": 0.8304458484053612, "acc_or": 0.9388088956475258, "sender_entropy": 0.964996725320816, "receiver_entropy": 0.0, "original_loss": 0.17410610802471638, "mean_length": 6.0}
{"mode": "test", "epoch": 76, "loss": 1.9566105604171753, "acc": 0.9832572340965271, "acc_or": 0.9944190382957458, "sender_entropy": 1.0622318983078003, "receiver_entropy": 0.0, "original_loss": 0.030036095529794693, "mean_length": 6.0}
{"mode": "train", "epoch": 77, "loss": 2.4860974550247192, "acc": 0.8322630003094673, "acc_or": 0.9395205825567245, "sender_entropy": 0.9636276066303253, "receiver_entropy": 0.0, "original_loss": 0.17117976769804955, "mean_length": 6.0}
{"mode": "test", "epoch": 77, "loss": 1.9422600269317627, "acc": 0.9878234267234802, "acc_or": 0.9959411025047302, "sender_entropy": 1.0605061054229736, "receiver_entropy": 0.0, "original_loss": 0.029679976403713226, "mean_length": 6.0}
{"mode": "train", "epoch": 78, "loss": 2.4279297292232513, "acc": 0.8298323601484299, "acc_or": 0.9390498995780945, "sender_entropy": 0.9664933905005455, "receiver_entropy": 0.0, "original_loss": 0.174656480550766, "mean_length": 6.0}
{"mode": "test", "epoch": 78, "loss": 1.9073864221572876, "acc": 0.9893454909324646, "acc_or": 0.9964484572410583, "sender_entropy": 1.0581713914871216, "receiver_entropy": 0.0, "original_loss": 0.027377769351005554, "mean_length": 6.0}
{"mode": "train", "epoch": 79, "loss": 2.4483854174613953, "acc": 0.8430653363466263, "acc_or": 0.9436050057411194, "sender_entropy": 0.9550648853182793, "receiver_entropy": 0.0, "original_loss": 0.16064891032874584, "mean_length": 6.0}
{"mode": "test", "epoch": 79, "loss": 1.8504523038864136, "acc": 0.9939117431640625, "acc_or": 0.9974631667137146, "sender_entropy": 1.0461387634277344, "receiver_entropy": 0.0, "original_loss": 0.026102181524038315, "mean_length": 6.0}
{"mode": "train", "epoch": 80, "loss": 2.4176833629608154, "acc": 0.8477806448936462, "acc_or": 0.9451755583286285, "sender_entropy": 0.9541347101330757, "receiver_entropy": 0.0, "original_loss": 0.15802637301385403, "mean_length": 6.0}
{"mode": "test", "epoch": 80, "loss": 1.858168125152588, "acc": 0.9908676147460938, "acc_or": 0.9969558119773865, "sender_entropy": 1.0527822971343994, "receiver_entropy": 0.0, "original_loss": 0.027243023738265038, "mean_length": 6.0}
{"mode": "train", "epoch": 81, "loss": 2.380278527736664, "acc": 0.8426763415336609, "acc_or": 0.9437835514545441, "sender_entropy": 0.9628294929862022, "receiver_entropy": 0.0, "original_loss": 0.16065843030810356, "mean_length": 6.0}
{"mode": "test", "epoch": 81, "loss": 1.8372063636779785, "acc": 0.9908676147460938, "acc_or": 0.9969558119773865, "sender_entropy": 1.0550038814544678, "receiver_entropy": 0.0, "original_loss": 0.027103330940008163, "mean_length": 6.0}
{"mode": "train", "epoch": 82, "loss": 2.3355221152305603, "acc": 0.8446031287312508, "acc_or": 0.9443663135170937, "sender_entropy": 0.9560276046395302, "receiver_entropy": 0.0, "original_loss": 0.15981299802660942, "mean_length": 6.0}
{"mode": "test", "epoch": 82, "loss": 1.8401777744293213, "acc": 0.9923896789550781, "acc_or": 0.9974631667137146, "sender_entropy": 1.0530790090560913, "receiver_entropy": 0.0, "original_loss": 0.022259723395109177, "mean_length": 6.0}
{"mode": "train", "epoch": 83, "loss": 2.3209207952022552, "acc": 0.8420569822192192, "acc_or": 0.9434176534414291, "sender_entropy": 0.9647078663110733, "receiver_entropy": 0.0, "original_loss": 0.1610197126865387, "mean_length": 6.0}
{"mode": "test", "epoch": 83, "loss": 1.8344806432724, "acc": 0.9939117431640625, "acc_or": 0.9979705214500427, "sender_entropy": 1.060908555984497, "receiver_entropy": 0.0, "original_loss": 0.025426385924220085, "mean_length": 6.0}
{"mode": "train", "epoch": 84, "loss": 2.29073366522789, "acc": 0.8407774940133095, "acc_or": 0.9425561651587486, "sender_entropy": 0.9703148081898689, "receiver_entropy": 0.0, "original_loss": 0.16215466894209385, "mean_length": 6.0}
{"mode": "test", "epoch": 84, "loss": 1.8259817361831665, "acc": 0.9832572340965271, "acc_or": 0.9944190382957458, "sender_entropy": 1.0662087202072144, "receiver_entropy": 0.0, "original_loss": 0.024966543540358543, "mean_length": 6.0}
{"mode": "train", "epoch": 85, "loss": 2.2385371327400208, "acc": 0.8434528037905693, "acc_or": 0.9435027241706848, "sender_entropy": 0.9692063331604004, "receiver_entropy": 0.0, "original_loss": 0.16197362542152405, "mean_length": 6.0}
{"mode": "test", "epoch": 85, "loss": 1.8071457147598267, "acc": 0.9954338073730469, "acc_or": 0.9984778761863708, "sender_entropy": 1.0586063861846924, "receiver_entropy": 0.0, "original_loss": 0.02092531882226467, "mean_length": 6.0}
{"mode": "train", "epoch": 86, "loss": 2.256455659866333, "acc": 0.8532024770975113, "acc_or": 0.9474037438631058, "sender_entropy": 0.9582461342215538, "receiver_entropy": 0.0, "original_loss": 0.15126848593354225, "mean_length": 6.0}
{"mode": "test", "epoch": 86, "loss": 1.7527881860733032, "acc": 0.9954338073730469, "acc_or": 0.9984778761863708, "sender_entropy": 1.0480824708938599, "receiver_entropy": 0.0, "original_loss": 0.02142706885933876, "mean_length": 6.0}
{"mode": "train", "epoch": 87, "loss": 2.206890732049942, "acc": 0.8488976955413818, "acc_or": 0.9457305371761322, "sender_entropy": 0.9628206789493561, "receiver_entropy": 0.0, "original_loss": 0.1539828795939684, "mean_length": 6.0}
{"mode": "test", "epoch": 87, "loss": 1.7619932889938354, "acc": 0.9863013625144958, "acc_or": 0.9954337477684021, "sender_entropy": 1.0631927251815796, "receiver_entropy": 0.0, "original_loss": 0.024283716455101967, "mean_length": 6.0}
{"mode": "train", "epoch": 88, "loss": 2.1814200282096863, "acc": 0.8487452045083046, "acc_or": 0.9458180591464043, "sender_entropy": 0.9679199978709221, "receiver_entropy": 0.0, "original_loss": 0.15518502704799175, "mean_length": 6.0}
{"mode": "test", "epoch": 88, "loss": 1.7472317218780518, "acc": 0.9954338073730469, "acc_or": 0.9984778761863708, "sender_entropy": 1.0538055896759033, "receiver_entropy": 0.0, "original_loss": 0.01912502385675907, "mean_length": 6.0}
{"mode": "train", "epoch": 89, "loss": 2.16317480802536, "acc": 0.8504903241991997, "acc_or": 0.9466869533061981, "sender_entropy": 0.9639711827039719, "receiver_entropy": 0.0, "original_loss": 0.15169484168291092, "mean_length": 6.0}
{"mode": "test", "epoch": 89, "loss": 1.7270597219467163, "acc": 0.9984779357910156, "acc_or": 0.9994925856590271, "sender_entropy": 1.0509982109069824, "receiver_entropy": 0.0, "original_loss": 0.021318752318620682, "mean_length": 6.0}
{"mode": "train", "epoch": 90, "loss": 2.144005984067917, "acc": 0.8545869812369347, "acc_or": 0.9480501264333725, "sender_entropy": 0.9576226994395256, "receiver_entropy": 0.0, "original_loss": 0.14636517316102982, "mean_length": 6.0}
{"mode": "test", "epoch": 90, "loss": 1.708924651145935, "acc": 0.9969558715820312, "acc_or": 0.998985230922699, "sender_entropy": 1.050058126449585, "receiver_entropy": 0.0, "original_loss": 0.017396962270140648, "mean_length": 6.0}
{"mode": "train", "epoch": 91, "loss": 2.0977704524993896, "acc": 0.8503940403461456, "acc_or": 0.9466607198119164, "sender_entropy": 0.9632546380162239, "receiver_entropy": 0.0, "original_loss": 0.15057477168738842, "mean_length": 6.0}
{"mode": "test", "epoch": 91, "loss": 1.6918327808380127, "acc": 0.9954338073730469, "acc_or": 0.9984778761863708, "sender_entropy": 1.0553703308105469, "receiver_entropy": 0.0, "original_loss": 0.01924298144876957, "mean_length": 6.0}
{"mode": "train", "epoch": 92, "loss": 2.065094143152237, "acc": 0.8519014418125153, "acc_or": 0.94717588275671, "sender_entropy": 0.9640133380889893, "receiver_entropy": 0.0, "original_loss": 0.1521949488669634, "mean_length": 6.0}
{"mode": "test", "epoch": 92, "loss": 1.6697193384170532, "acc": 0.9908676147460938, "acc_or": 0.9969558119773865, "sender_entropy": 1.0501363277435303, "receiver_entropy": 0.0, "original_loss": 0.02037876658141613, "mean_length": 6.0}
{"mode": "train", "epoch": 93, "loss": 2.0736767947673798, "acc": 0.855728454887867, "acc_or": 0.9485155045986176, "sender_entropy": 0.9619087129831314, "receiver_entropy": 0.0, "original_loss": 0.1473415158689022, "mean_length": 6.0}
{"mode": "test", "epoch": 93, "loss": 1.660312294960022, "acc": 0.9908676147460938, "acc_or": 0.9969558119773865, "sender_entropy": 1.0596693754196167, "receiver_entropy": 0.0, "original_loss": 0.02155054360628128, "mean_length": 6.0}
{"mode": "train", "epoch": 94, "loss": 2.0020101368427277, "acc": 0.8499580025672913, "acc_or": 0.94632338732481, "sender_entropy": 0.9679197147488594, "receiver_entropy": 0.0, "original_loss": 0.1538801621645689, "mean_length": 6.0}
{"mode": "test", "epoch": 94, "loss": 1.6293100118637085, "acc": 0.9893454909324646, "acc_or": 0.9964484572410583, "sender_entropy": 1.0540391206741333, "receiver_entropy": 0.0, "original_loss": 0.02324840985238552, "mean_length": 6.0}
{"mode": "train", "epoch": 95, "loss": 1.9937533289194107, "acc": 0.8546499982476234, "acc_or": 0.9479213431477547, "sender_entropy": 0.9643041789531708, "receiver_entropy": 0.0, "original_loss": 0.14862186461687088, "mean_length": 6.0}
{"mode": "test", "epoch": 95, "loss": 1.6347768306732178, "acc": 0.9969558715820312, "acc_or": 0.998985230922699, "sender_entropy": 1.0547081232070923, "receiver_entropy": 0.0, "original_loss": 0.01797204464673996, "mean_length": 6.0}
{"mode": "train", "epoch": 96, "loss": 2.0034935921430588, "acc": 0.8601576164364815, "acc_or": 0.9501488953828812, "sender_entropy": 0.9640331789851189, "receiver_entropy": 0.0, "original_loss": 0.1440521478652954, "mean_length": 6.0}
{"mode": "test", "epoch": 96, "loss": 1.6387825012207031, "acc": 0.9969558715820312, "acc_or": 0.998985230922699, "sender_entropy": 1.059133768081665, "receiver_entropy": 0.0, "original_loss": 0.01712719164788723, "mean_length": 6.0}
{"mode": "train", "epoch": 97, "loss": 1.9589385986328125, "acc": 0.8540850654244423, "acc_or": 0.9479595795273781, "sender_entropy": 0.9677899330854416, "receiver_entropy": 0.0, "original_loss": 0.1470888126641512, "mean_length": 6.0}
{"mode": "test", "epoch": 97, "loss": 1.5973694324493408, "acc": 0.9908676147460938, "acc_or": 0.9969558119773865, "sender_entropy": 1.0546091794967651, "receiver_entropy": 0.0, "original_loss": 0.020137561485171318, "mean_length": 6.0}
{"mode": "train", "epoch": 98, "loss": 1.9564630687236786, "acc": 0.8567268326878548, "acc_or": 0.9487251937389374, "sender_entropy": 0.9648307785391808, "receiver_entropy": 0.0, "original_loss": 0.14485015161335468, "mean_length": 6.0}
{"mode": "test", "epoch": 98, "loss": 1.590791940689087, "acc": 0.9984779357910156, "acc_or": 0.9994925856590271, "sender_entropy": 1.0535972118377686, "receiver_entropy": 0.0, "original_loss": 0.01703745126724243, "mean_length": 6.0}
{"mode": "train", "epoch": 99, "loss": 1.9104574024677277, "acc": 0.8566408976912498, "acc_or": 0.9489279091358185, "sender_entropy": 0.9650023058056831, "receiver_entropy": 0.0, "original_loss": 0.14653812535107136, "mean_length": 6.0}
{"mode": "test", "epoch": 99, "loss": 1.5679678916931152, "acc": 0.9984779357910156, "acc_or": 0.9994925856590271, "sender_entropy": 1.0523022413253784, "receiver_entropy": 0.0, "original_loss": 0.01562996208667755, "mean_length": 6.0}
{"mode": "train", "epoch": 100, "loss": 1.9329714477062225, "acc": 0.862218901515007, "acc_or": 0.9511184468865395, "sender_entropy": 0.9667831212282181, "receiver_entropy": 0.0, "original_loss": 0.13989042304456234, "mean_length": 6.0}
{"mode": "test", "epoch": 100, "loss": 1.5788017511367798, "acc": 0.9969558715820312, "acc_or": 0.998985230922699, "sender_entropy": 1.059149146080017, "receiver_entropy": 0.0, "original_loss": 0.01560298167169094, "mean_length": 6.0}
{"mode": "train", "epoch": 101, "loss": 1.874082311987877, "acc": 0.8550755381584167, "acc_or": 0.9481675773859024, "sender_entropy": 0.9724671319127083, "receiver_entropy": 0.0, "original_loss": 0.14623841270804405, "mean_length": 6.0}
{"mode": "test", "epoch": 101, "loss": 1.570275068283081, "acc": 0.9954338073730469, "acc_or": 0.9984778761863708, "sender_entropy": 1.0633667707443237, "receiver_entropy": 0.0, "original_loss": 0.016178425401449203, "mean_length": 6.0}
{"mode": "train", "epoch": 102, "loss": 1.834191009402275, "acc": 0.8593383133411407, "acc_or": 0.9498048201203346, "sender_entropy": 0.9702241644263268, "receiver_entropy": 0.0, "original_loss": 0.14490677043795586, "mean_length": 6.0}
{"mode": "test", "epoch": 102, "loss": 1.5549468994140625, "acc": 0.9984779357910156, "acc_or": 0.9994925856590271, "sender_entropy": 1.0582603216171265, "receiver_entropy": 0.0, "original_loss": 0.015037902630865574, "mean_length": 6.0}
{"mode": "train", "epoch": 103, "loss": 1.8477800637483597, "acc": 0.8662656471133232, "acc_or": 0.9523383677005768, "sender_entropy": 0.9590004310011864, "receiver_entropy": 0.0, "original_loss": 0.1374951619654894, "mean_length": 6.0}
{"mode": "test", "epoch": 103, "loss": 1.5158812999725342, "acc": 0.9969558715820312, "acc_or": 0.998985230922699, "sender_entropy": 1.0508278608322144, "receiver_entropy": 0.0, "original_loss": 0.01629904843866825, "mean_length": 6.0}
{"mode": "train", "epoch": 104, "loss": 1.8441498279571533, "acc": 0.8683731555938721, "acc_or": 0.9533221274614334, "sender_entropy": 0.9613533318042755, "receiver_entropy": 0.0, "original_loss": 0.1358274258673191, "mean_length": 6.0}
{"mode": "test", "epoch": 104, "loss": 1.531917929649353, "acc": 0.9969558715820312, "acc_or": 0.998985230922699, "sender_entropy": 1.0565823316574097, "receiver_entropy": 0.0, "original_loss": 0.01346383336931467, "mean_length": 6.0}
{"mode": "train", "epoch": 105, "loss": 1.8023080378770828, "acc": 0.8635908737778664, "acc_or": 0.951693207025528, "sender_entropy": 0.9663039520382881, "receiver_entropy": 0.0, "original_loss": 0.13946898467838764, "mean_length": 6.0}
{"mode": "test", "epoch": 105, "loss": 1.5220918655395508, "acc": 0.9923896789550781, "acc_or": 0.9974631667137146, "sender_entropy": 1.0641679763793945, "receiver_entropy": 0.0, "original_loss": 0.017181437462568283, "mean_length": 6.0}
{"mode": "train", "epoch": 106, "loss": 1.7627889961004257, "acc": 0.8581913933157921, "acc_or": 0.9497212544083595, "sender_entropy": 0.9713286682963371, "receiver_entropy": 0.0, "original_loss": 0.14359132945537567, "mean_length": 6.0}
{"mode": "test", "epoch": 106, "loss": 1.5028148889541626, "acc": 0.9984779357910156, "acc_or": 0.9994925856590271, "sender_entropy": 1.058239459991455, "receiver_entropy": 0.0, "original_loss": 0.015187395736575127, "mean_length": 6.0}
{"mode": "train", "epoch": 107, "loss": 1.7585583478212357, "acc": 0.8662635907530785, "acc_or": 0.9524574875831604, "sender_entropy": 0.9665303006768227, "receiver_entropy": 0.0, "original_loss": 0.13706342969089746, "mean_length": 6.0}
{"mode": "test", "epoch": 107, "loss": 1.4732394218444824, "acc": 0.9969558715820312, "acc_or": 0.998985230922699, "sender_entropy": 1.0493255853652954, "receiver_entropy": 0.0, "original_loss": 0.014803648926317692, "mean_length": 6.0}
{"mode": "train", "epoch": 108, "loss": 1.7528932094573975, "acc": 0.8661409765481949, "acc_or": 0.9524771794676781, "sender_entropy": 0.9643739834427834, "receiver_entropy": 0.0, "original_loss": 0.13667541556060314, "mean_length": 6.0}
{"mode": "test", "epoch": 108, "loss": 1.481572151184082, "acc": 1.0, "acc_or": 1.0, "sender_entropy": 1.0528316497802734, "receiver_entropy": 0.0, "original_loss": 0.012981217354536057, "mean_length": 6.0}
{"epoch": 108, "positional_disent": 0.06334654241800308, "bag_of_symbol_disent": 0.28727591037750244, "topographic_sim": 0.33721731559312457}
{"generalization hold out": {"acc": 0.905349850654602, "acc_or": 0.9526748657226562}, "uniform holdout": {"acc": 0.9166666865348816, "acc_or": 0.9722222089767456}, "epoch": 108}
---End--
