nohup: ignoring input
{"mode": "train", "epoch": 1, "loss": -2.4467688500881195, "acc": 0.0013220419641584158, "acc_or": 0.11005869042128325, "sender_entropy": 2.2997071146965027, "receiver_entropy": 0.0, "original_loss": 2.257435768842697, "mean_length": 6.0}
{"mode": "test", "epoch": 1, "loss": 1.79165780544281, "acc": 0.0015220700297504663, "acc_or": 0.11060374975204468, "sender_entropy": 2.2982442378997803, "receiver_entropy": 0.0, "original_loss": 2.199967861175537, "mean_length": 6.0}
{"mode": "train", "epoch": 2, "loss": 1.6270413547754288, "acc": 0.0012348878299235366, "acc_or": 0.11483607161790133, "sender_entropy": 2.299096494913101, "receiver_entropy": 0.0, "original_loss": 2.200050175189972, "mean_length": 6.0}
{"mode": "test", "epoch": 2, "loss": 1.6179674863815308, "acc": 0.007610349915921688, "acc_or": 0.16438356041908264, "sender_entropy": 2.2995059490203857, "receiver_entropy": 0.0, "original_loss": 2.184131622314453, "mean_length": 6.0}
{"mode": "train", "epoch": 3, "loss": 1.4111676812171936, "acc": 0.0018381470508757047, "acc_or": 0.11806545592844486, "sender_entropy": 2.299899995326996, "receiver_entropy": 0.0, "original_loss": 2.1970076262950897, "mean_length": 6.0}
{"mode": "test", "epoch": 3, "loss": 1.7141549587249756, "acc": 0.007610349915921688, "acc_or": 0.23439878225326538, "sender_entropy": 2.300300121307373, "receiver_entropy": 0.0, "original_loss": 2.1651480197906494, "mean_length": 6.0}
{"mode": "train", "epoch": 4, "loss": 1.3195528239011765, "acc": 0.0018245079118059948, "acc_or": 0.12338654138147831, "sender_entropy": 2.3002759218215942, "receiver_entropy": 0.0, "original_loss": 2.195408970117569, "mean_length": 6.0}
{"mode": "test", "epoch": 4, "loss": 2.089254140853882, "acc": 0.01217656023800373, "acc_or": 0.2978183627128601, "sender_entropy": 2.30018949508667, "receiver_entropy": 0.0, "original_loss": 2.1279850006103516, "mean_length": 6.0}
{"mode": "train", "epoch": 5, "loss": 1.2867825776338577, "acc": 0.0025012820988195017, "acc_or": 0.12861024122685194, "sender_entropy": 2.2989011704921722, "receiver_entropy": 0.0, "original_loss": 2.192610591650009, "mean_length": 6.0}
{"mode": "test", "epoch": 5, "loss": 2.5262484550476074, "acc": 0.01217656023800373, "acc_or": 0.30086249113082886, "sender_entropy": 2.2957167625427246, "receiver_entropy": 0.0, "original_loss": 2.08304762840271, "mean_length": 6.0}
{"mode": "train", "epoch": 6, "loss": 1.4540566802024841, "acc": 0.0031953780562616885, "acc_or": 0.15116579085588455, "sender_entropy": 2.2813314497470856, "receiver_entropy": 0.0, "original_loss": 2.173181802034378, "mean_length": 6.0}
{"mode": "test", "epoch": 6, "loss": 2.8815879821777344, "acc": 0.004566210322082043, "acc_or": 0.24556061625480652, "sender_entropy": 2.2426834106445312, "receiver_entropy": 0.0, "original_loss": 2.0114498138427734, "mean_length": 6.0}
{"mode": "train", "epoch": 7, "loss": 2.177112638950348, "acc": 0.004367253015516326, "acc_or": 0.1905257198959589, "sender_entropy": 2.2030847668647766, "receiver_entropy": 0.0, "original_loss": 2.091667741537094, "mean_length": 6.0}
{"mode": "test", "epoch": 7, "loss": 3.095062255859375, "acc": 0.006088280119001865, "acc_or": 0.2790461480617523, "sender_entropy": 2.183314323425293, "receiver_entropy": 0.0, "original_loss": 1.947318434715271, "mean_length": 6.0}
{"mode": "train", "epoch": 8, "loss": 2.6554142832756042, "acc": 0.0072838469059206545, "acc_or": 0.2265709675848484, "sender_entropy": 2.1402352452278137, "receiver_entropy": 0.0, "original_loss": 2.0250904858112335, "mean_length": 6.0}
{"mode": "test", "epoch": 8, "loss": 3.513699769973755, "acc": 0.01217656023800373, "acc_or": 0.2993404269218445, "sender_entropy": 2.1396963596343994, "receiver_entropy": 0.0, "original_loss": 1.8489857912063599, "mean_length": 6.0}
{"mode": "train", "epoch": 9, "loss": 3.2978511452674866, "acc": 0.012924586539156735, "acc_or": 0.2658232282847166, "sender_entropy": 2.066660851240158, "receiver_entropy": 0.0, "original_loss": 1.9289657324552536, "mean_length": 6.0}
{"mode": "test", "epoch": 9, "loss": 3.892716884613037, "acc": 0.015220699831843376, "acc_or": 0.35159817337989807, "sender_entropy": 2.0670359134674072, "receiver_entropy": 0.0, "original_loss": 1.739381194114685, "mean_length": 6.0}
{"mode": "train", "epoch": 10, "loss": 4.040184020996094, "acc": 0.01986554521135986, "acc_or": 0.3130634017288685, "sender_entropy": 1.96348474919796, "receiver_entropy": 0.0, "original_loss": 1.8084565997123718, "mean_length": 6.0}
{"mode": "test", "epoch": 10, "loss": 4.539515018463135, "acc": 0.027397260069847107, "acc_or": 0.38711312413215637, "sender_entropy": 1.9984956979751587, "receiver_entropy": 0.0, "original_loss": 1.5820531845092773, "mean_length": 6.0}
{"mode": "train", "epoch": 11, "loss": 4.601012289524078, "acc": 0.029692137613892555, "acc_or": 0.35172581672668457, "sender_entropy": 1.8889007717370987, "receiver_entropy": 0.0, "original_loss": 1.7020223587751389, "mean_length": 6.0}
{"mode": "test", "epoch": 11, "loss": 4.762231349945068, "acc": 0.044140029698610306, "acc_or": 0.4322678744792938, "sender_entropy": 1.9284460544586182, "receiver_entropy": 0.0, "original_loss": 1.4777518510818481, "mean_length": 6.0}
{"mode": "train", "epoch": 12, "loss": 4.904968798160553, "acc": 0.03607552940957248, "acc_or": 0.3847712352871895, "sender_entropy": 1.8205384612083435, "receiver_entropy": 0.0, "original_loss": 1.615766704082489, "mean_length": 6.0}
{"mode": "test", "epoch": 12, "loss": 4.9908294677734375, "acc": 0.0669710785150528, "acc_or": 0.4652460515499115, "sender_entropy": 1.892618179321289, "receiver_entropy": 0.0, "original_loss": 1.3955525159835815, "mean_length": 6.0}
{"mode": "train", "epoch": 13, "loss": 5.064870119094849, "acc": 0.04777518380433321, "acc_or": 0.4084349647164345, "sender_entropy": 1.7805211395025253, "receiver_entropy": 0.0, "original_loss": 1.548501417040825, "mean_length": 6.0}
{"mode": "test", "epoch": 13, "loss": 5.107954978942871, "acc": 0.077625572681427, "acc_or": 0.48554033041000366, "sender_entropy": 1.868591070175171, "receiver_entropy": 0.0, "original_loss": 1.3144174814224243, "mean_length": 6.0}
{"mode": "train", "epoch": 14, "loss": 5.188701868057251, "acc": 0.058710637502372265, "acc_or": 0.4350155107676983, "sender_entropy": 1.7247321009635925, "receiver_entropy": 0.0, "original_loss": 1.4777153134346008, "mean_length": 6.0}
{"mode": "test", "epoch": 14, "loss": 5.121829032897949, "acc": 0.09893455356359482, "acc_or": 0.5114154815673828, "sender_entropy": 1.8088886737823486, "receiver_entropy": 0.0, "original_loss": 1.2436418533325195, "mean_length": 6.0}
{"mode": "train", "epoch": 15, "loss": 5.290346741676331, "acc": 0.07029245048761368, "acc_or": 0.4587508924305439, "sender_entropy": 1.6728049963712692, "receiver_entropy": 0.0, "original_loss": 1.4091610759496689, "mean_length": 6.0}
{"mode": "test", "epoch": 15, "loss": 5.181642532348633, "acc": 0.1278538852930069, "acc_or": 0.56062912940979, "sender_entropy": 1.7619407176971436, "receiver_entropy": 0.0, "original_loss": 1.1497838497161865, "mean_length": 6.0}
{"mode": "train", "epoch": 16, "loss": 5.476604223251343, "acc": 0.08926722407341003, "acc_or": 0.48761726915836334, "sender_entropy": 1.614867553114891, "receiver_entropy": 0.0, "original_loss": 1.32677461206913, "mean_length": 6.0}
{"mode": "test", "epoch": 16, "loss": 5.331359386444092, "acc": 0.16742770373821259, "acc_or": 0.5920852422714233, "sender_entropy": 1.7285621166229248, "receiver_entropy": 0.0, "original_loss": 1.0627814531326294, "mean_length": 6.0}
{"mode": "train", "epoch": 17, "loss": 5.5699045062065125, "acc": 0.10898341983556747, "acc_or": 0.5135450586676598, "sender_entropy": 1.5701393485069275, "receiver_entropy": 0.0, "original_loss": 1.2569056004285812, "mean_length": 6.0}
{"mode": "test", "epoch": 17, "loss": 5.417315483093262, "acc": 0.2161339372396469, "acc_or": 0.638254702091217, "sender_entropy": 1.683434247970581, "receiver_entropy": 0.0, "original_loss": 0.9680063724517822, "mean_length": 6.0}
{"mode": "train", "epoch": 18, "loss": 5.694886684417725, "acc": 0.13188476767390966, "acc_or": 0.5380723252892494, "sender_entropy": 1.5283377021551132, "receiver_entropy": 0.0, "original_loss": 1.1825663447380066, "mean_length": 6.0}
{"mode": "test", "epoch": 18, "loss": 5.341434478759766, "acc": 0.2389649897813797, "acc_or": 0.6595636606216431, "sender_entropy": 1.6461261510849, "receiver_entropy": 0.0, "original_loss": 0.9019758701324463, "mean_length": 6.0}
{"mode": "train", "epoch": 19, "loss": 5.878329694271088, "acc": 0.16085989587008953, "acc_or": 0.5708249434828758, "sender_entropy": 1.4783649295568466, "receiver_entropy": 0.0, "original_loss": 1.0978973805904388, "mean_length": 6.0}
{"mode": "test", "epoch": 19, "loss": 5.2466721534729, "acc": 0.2724505364894867, "acc_or": 0.6823946833610535, "sender_entropy": 1.5806667804718018, "receiver_entropy": 0.0, "original_loss": 0.8215962052345276, "mean_length": 6.0}
{"mode": "train", "epoch": 20, "loss": 5.962680280208588, "acc": 0.1905227079987526, "acc_or": 0.5991189405322075, "sender_entropy": 1.424398347735405, "receiver_entropy": 0.0, "original_loss": 1.0205139815807343, "mean_length": 6.0}
{"mode": "test", "epoch": 20, "loss": 5.312678337097168, "acc": 0.321156769990921, "acc_or": 0.7143581509590149, "sender_entropy": 1.5451347827911377, "receiver_entropy": 0.0, "original_loss": 0.7399990558624268, "mean_length": 6.0}
{"mode": "train", "epoch": 21, "loss": 6.085457742214203, "acc": 0.23148022964596748, "acc_or": 0.6327168717980385, "sender_entropy": 1.3968354612588882, "receiver_entropy": 0.0, "original_loss": 0.9445944502949715, "mean_length": 6.0}
{"mode": "test", "epoch": 21, "loss": 5.325613975524902, "acc": 0.4109589159488678, "acc_or": 0.7645865082740784, "sender_entropy": 1.4992074966430664, "receiver_entropy": 0.0, "original_loss": 0.6461383104324341, "mean_length": 6.0}
{"mode": "train", "epoch": 22, "loss": 6.088379681110382, "acc": 0.264965008944273, "acc_or": 0.6591724008321762, "sender_entropy": 1.3520060181617737, "receiver_entropy": 0.0, "original_loss": 0.8776519000530243, "mean_length": 6.0}
{"mode": "test", "epoch": 22, "loss": 5.094019412994385, "acc": 0.4901065528392792, "acc_or": 0.79249107837677, "sender_entropy": 1.4395625591278076, "receiver_entropy": 0.0, "original_loss": 0.5906686782836914, "mean_length": 6.0}
{"mode": "train", "epoch": 23, "loss": 6.07279509305954, "acc": 0.3065170608460903, "acc_or": 0.6890781745314598, "sender_entropy": 1.2982218265533447, "receiver_entropy": 0.0, "original_loss": 0.8078081980347633, "mean_length": 6.0}
{"mode": "test", "epoch": 23, "loss": 5.048727035522461, "acc": 0.5570776462554932, "acc_or": 0.8295281529426575, "sender_entropy": 1.408884882926941, "receiver_entropy": 0.0, "original_loss": 0.5195176601409912, "mean_length": 6.0}
{"mode": "train", "epoch": 24, "loss": 6.125168442726135, "acc": 0.34385980293154716, "acc_or": 0.7114025801420212, "sender_entropy": 1.2845020592212677, "receiver_entropy": 0.0, "original_loss": 0.7480608001351357, "mean_length": 6.0}
{"mode": "test", "epoch": 24, "loss": 4.91339635848999, "acc": 0.5616438388824463, "acc_or": 0.83967524766922, "sender_entropy": 1.3746085166931152, "receiver_entropy": 0.0, "original_loss": 0.47709253430366516, "mean_length": 6.0}
{"mode": "train", "epoch": 25, "loss": 6.065111935138702, "acc": 0.39067723974585533, "acc_or": 0.7396328747272491, "sender_entropy": 1.2365670800209045, "receiver_entropy": 0.0, "original_loss": 0.6825049966573715, "mean_length": 6.0}
{"mode": "test", "epoch": 25, "loss": 4.815229415893555, "acc": 0.6316590905189514, "acc_or": 0.8635210394859314, "sender_entropy": 1.3442842960357666, "receiver_entropy": 0.0, "original_loss": 0.4263480007648468, "mean_length": 6.0}
{"mode": "train", "epoch": 26, "loss": 5.981706142425537, "acc": 0.4167886972427368, "acc_or": 0.7542814984917641, "sender_entropy": 1.2193737179040909, "receiver_entropy": 0.0, "original_loss": 0.6444330140948296, "mean_length": 6.0}
{"mode": "test", "epoch": 26, "loss": 4.670558929443359, "acc": 0.668188750743866, "acc_or": 0.8787417411804199, "sender_entropy": 1.316436767578125, "receiver_entropy": 0.0, "original_loss": 0.3837158679962158, "mean_length": 6.0}
{"mode": "train", "epoch": 27, "loss": 5.838508367538452, "acc": 0.44524717330932617, "acc_or": 0.7682794854044914, "sender_entropy": 1.1995397955179214, "receiver_entropy": 0.0, "original_loss": 0.6089277416467667, "mean_length": 6.0}
{"mode": "test", "epoch": 27, "loss": 4.477874279022217, "acc": 0.7214611768722534, "acc_or": 0.8995433449745178, "sender_entropy": 1.2841873168945312, "receiver_entropy": 0.0, "original_loss": 0.34794852137565613, "mean_length": 6.0}
{"mode": "train", "epoch": 28, "loss": 5.752224326133728, "acc": 0.47877204418182373, "acc_or": 0.7863402143120766, "sender_entropy": 1.1769008934497833, "receiver_entropy": 0.0, "original_loss": 0.565735287964344, "mean_length": 6.0}
{"mode": "test", "epoch": 28, "loss": 4.411482334136963, "acc": 0.7838660478591919, "acc_or": 0.922374427318573, "sender_entropy": 1.2562071084976196, "receiver_entropy": 0.0, "original_loss": 0.2946459650993347, "mean_length": 6.0}
{"mode": "train", "epoch": 29, "loss": 5.625391483306885, "acc": 0.5192650258541107, "acc_or": 0.8067859187722206, "sender_entropy": 1.1316425949335098, "receiver_entropy": 0.0, "original_loss": 0.5176011435687542, "mean_length": 6.0}
{"mode": "test", "epoch": 29, "loss": 4.077269077301025, "acc": 0.7899543642997742, "acc_or": 0.926433265209198, "sender_entropy": 1.1895201206207275, "receiver_entropy": 0.0, "original_loss": 0.26834923028945923, "mean_length": 6.0}
{"mode": "train", "epoch": 30, "loss": 5.502578794956207, "acc": 0.5423319488763809, "acc_or": 0.8182666301727295, "sender_entropy": 1.110665425658226, "receiver_entropy": 0.0, "original_loss": 0.4868268333375454, "mean_length": 6.0}
{"mode": "test", "epoch": 30, "loss": 4.089774131774902, "acc": 0.8432267904281616, "acc_or": 0.9452054500579834, "sender_entropy": 1.1964805126190186, "receiver_entropy": 0.0, "original_loss": 0.23413783311843872, "mean_length": 6.0}
{"mode": "train", "epoch": 31, "loss": 5.3362284898757935, "acc": 0.5599883645772934, "acc_or": 0.8267402499914169, "sender_entropy": 1.0970837622880936, "receiver_entropy": 0.0, "original_loss": 0.4670408368110657, "mean_length": 6.0}
{"mode": "test", "epoch": 31, "loss": 3.9209742546081543, "acc": 0.8432267904281616, "acc_or": 0.9467275142669678, "sender_entropy": 1.176802158355713, "receiver_entropy": 0.0, "original_loss": 0.22239385545253754, "mean_length": 6.0}
{"mode": "train", "epoch": 32, "loss": 5.268787205219269, "acc": 0.5842762663960457, "acc_or": 0.8373367786407471, "sender_entropy": 1.0950920581817627, "receiver_entropy": 0.0, "original_loss": 0.44405871257185936, "mean_length": 6.0}
{"mode": "test", "epoch": 32, "loss": 3.9230751991271973, "acc": 0.8843227028846741, "acc_or": 0.9604261517524719, "sender_entropy": 1.1790341138839722, "receiver_entropy": 0.0, "original_loss": 0.18764157593250275, "mean_length": 6.0}
{"mode": "train", "epoch": 33, "loss": 5.179663777351379, "acc": 0.6016098260879517, "acc_or": 0.8450869470834732, "sender_entropy": 1.0870046317577362, "receiver_entropy": 0.0, "original_loss": 0.421506654471159, "mean_length": 6.0}
{"mode": "test", "epoch": 33, "loss": 3.749032974243164, "acc": 0.8949771523475647, "acc_or": 0.9639776349067688, "sender_entropy": 1.1504871845245361, "receiver_entropy": 0.0, "original_loss": 0.17064885795116425, "mean_length": 6.0}
{"mode": "train", "epoch": 34, "loss": 5.117307603359222, "acc": 0.6235040575265884, "acc_or": 0.8551533669233322, "sender_entropy": 1.0726055204868317, "receiver_entropy": 0.0, "original_loss": 0.3935311511158943, "mean_length": 6.0}
{"mode": "test", "epoch": 34, "loss": 3.723388433456421, "acc": 0.8934550881385803, "acc_or": 0.9644849896430969, "sender_entropy": 1.1586633920669556, "receiver_entropy": 0.0, "original_loss": 0.1610756516456604, "mean_length": 6.0}
{"mode": "train", "epoch": 35, "loss": 4.963066399097443, "acc": 0.6271627694368362, "acc_or": 0.8565730676054955, "sender_entropy": 1.0796960294246674, "receiver_entropy": 0.0, "original_loss": 0.38955188170075417, "mean_length": 6.0}
{"mode": "test", "epoch": 35, "loss": 3.6547675132751465, "acc": 0.9132420420646667, "acc_or": 0.9700659513473511, "sender_entropy": 1.1608128547668457, "receiver_entropy": 0.0, "original_loss": 0.15174458920955658, "mean_length": 6.0}
{"mode": "train", "epoch": 36, "loss": 4.838900864124298, "acc": 0.6461644172668457, "acc_or": 0.8657257854938507, "sender_entropy": 1.0560728758573532, "receiver_entropy": 0.0, "original_loss": 0.36849435418844223, "mean_length": 6.0}
{"mode": "test", "epoch": 36, "loss": 3.4584808349609375, "acc": 0.9071537256240845, "acc_or": 0.9680364727973938, "sender_entropy": 1.1195030212402344, "receiver_entropy": 0.0, "original_loss": 0.13953855633735657, "mean_length": 6.0}
{"mode": "train", "epoch": 37, "loss": 4.729272365570068, "acc": 0.6655794531106949, "acc_or": 0.8735912442207336, "sender_entropy": 1.0412425994873047, "receiver_entropy": 0.0, "original_loss": 0.3463979996740818, "mean_length": 6.0}
{"mode": "test", "epoch": 37, "loss": 3.3311877250671387, "acc": 0.9117199182510376, "acc_or": 0.9700659513473511, "sender_entropy": 1.1052881479263306, "receiver_entropy": 0.0, "original_loss": 0.1309202015399933, "mean_length": 6.0}
{"mode": "train", "epoch": 38, "loss": 4.584506034851074, "acc": 0.6767750084400177, "acc_or": 0.8777009472250938, "sender_entropy": 1.0236833095550537, "receiver_entropy": 0.0, "original_loss": 0.33496198058128357, "mean_length": 6.0}
{"mode": "test", "epoch": 38, "loss": 3.191363573074341, "acc": 0.9101978540420532, "acc_or": 0.969558596611023, "sender_entropy": 1.0847222805023193, "receiver_entropy": 0.0, "original_loss": 0.12892384827136993, "mean_length": 6.0}
{"mode": "train", "epoch": 39, "loss": 4.4779815673828125, "acc": 0.6981424912810326, "acc_or": 0.8872559517621994, "sender_entropy": 1.0058385208249092, "receiver_entropy": 0.0, "original_loss": 0.31425123289227486, "mean_length": 6.0}
{"mode": "test", "epoch": 39, "loss": 3.0940706729888916, "acc": 0.9360730648040771, "acc_or": 0.9786909818649292, "sender_entropy": 1.0654635429382324, "receiver_entropy": 0.0, "original_loss": 0.11526717990636826, "mean_length": 6.0}
{"mode": "train", "epoch": 40, "loss": 4.364489734172821, "acc": 0.7046403214335442, "acc_or": 0.8902196809649467, "sender_entropy": 0.9986748918890953, "receiver_entropy": 0.0, "original_loss": 0.3048195168375969, "mean_length": 6.0}
{"mode": "test", "epoch": 40, "loss": 3.0739800930023193, "acc": 0.9391171932220459, "acc_or": 0.9786909818649292, "sender_entropy": 1.0696282386779785, "receiver_entropy": 0.0, "original_loss": 0.1047915369272232, "mean_length": 6.0}
{"mode": "train", "epoch": 41, "loss": 4.320188224315643, "acc": 0.7230719923973083, "acc_or": 0.8972224295139313, "sender_entropy": 0.9974298253655434, "receiver_entropy": 0.0, "original_loss": 0.29031461477279663, "mean_length": 6.0}
{"mode": "test", "epoch": 41, "loss": 3.0266964435577393, "acc": 0.9497717022895813, "acc_or": 0.9832571744918823, "sender_entropy": 1.0683236122131348, "receiver_entropy": 0.0, "original_loss": 0.09212211519479752, "mean_length": 6.0}
{"mode": "train", "epoch": 42, "loss": 4.231424689292908, "acc": 0.7201394364237785, "acc_or": 0.8958849310874939, "sender_entropy": 1.0031112879514694, "receiver_entropy": 0.0, "original_loss": 0.2884950339794159, "mean_length": 6.0}
{"mode": "test", "epoch": 42, "loss": 2.9579195976257324, "acc": 0.9604262113571167, "acc_or": 0.986808717250824, "sender_entropy": 1.069570779800415, "receiver_entropy": 0.0, "original_loss": 0.09190139174461365, "mean_length": 6.0}
{"mode": "train", "epoch": 43, "loss": 4.11381608247757, "acc": 0.7335262447595596, "acc_or": 0.9016190096735954, "sender_entropy": 0.9880615994334221, "receiver_entropy": 0.0, "original_loss": 0.27575835958123207, "mean_length": 6.0}
{"mode": "test", "epoch": 43, "loss": 2.83302640914917, "acc": 0.9482496380805969, "acc_or": 0.9827498197555542, "sender_entropy": 1.0430885553359985, "receiver_entropy": 0.0, "original_loss": 0.0913863331079483, "mean_length": 6.0}
{"mode": "train", "epoch": 44, "loss": 4.016375482082367, "acc": 0.7418094277381897, "acc_or": 0.9038592353463173, "sender_entropy": 0.98178680986166, "receiver_entropy": 0.0, "original_loss": 0.2681465446949005, "mean_length": 6.0}
{"mode": "test", "epoch": 44, "loss": 2.8698973655700684, "acc": 0.9589041471481323, "acc_or": 0.9863013625144958, "sender_entropy": 1.0638444423675537, "receiver_entropy": 0.0, "original_loss": 0.08544289320707321, "mean_length": 6.0}
{"mode": "train", "epoch": 45, "loss": 3.976313292980194, "acc": 0.7385075315833092, "acc_or": 0.9029376283288002, "sender_entropy": 0.9988434240221977, "receiver_entropy": 0.0, "original_loss": 0.2692692019045353, "mean_length": 6.0}
{"mode": "test", "epoch": 45, "loss": 2.8629446029663086, "acc": 0.9619482755661011, "acc_or": 0.986808717250824, "sender_entropy": 1.0711653232574463, "receiver_entropy": 0.0, "original_loss": 0.0718025341629982, "mean_length": 6.0}
{"mode": "train", "epoch": 46, "loss": 3.866861641407013, "acc": 0.7452308088541031, "acc_or": 0.9061098694801331, "sender_entropy": 0.9866792783141136, "receiver_entropy": 0.0, "original_loss": 0.2620200626552105, "mean_length": 6.0}
{"mode": "test", "epoch": 46, "loss": 2.7146050930023193, "acc": 0.9619482755661011, "acc_or": 0.9873160719871521, "sender_entropy": 1.0449897050857544, "receiver_entropy": 0.0, "original_loss": 0.08058708906173706, "mean_length": 6.0}
{"mode": "train", "epoch": 47, "loss": 3.7700696885585785, "acc": 0.7569880187511444, "acc_or": 0.9110207408666611, "sender_entropy": 0.9679657444357872, "receiver_entropy": 0.0, "original_loss": 0.24993586167693138, "mean_length": 6.0}
{"mode": "test", "epoch": 47, "loss": 2.658320426940918, "acc": 0.9619482755661011, "acc_or": 0.986808717250824, "sender_entropy": 1.0391626358032227, "receiver_entropy": 0.0, "original_loss": 0.07636985927820206, "mean_length": 6.0}
{"mode": "train", "epoch": 48, "loss": 3.747190237045288, "acc": 0.7687726467847824, "acc_or": 0.9158701449632645, "sender_entropy": 0.9713481813669205, "receiver_entropy": 0.0, "original_loss": 0.23919141851365566, "mean_length": 6.0}
{"mode": "test", "epoch": 48, "loss": 2.6853575706481934, "acc": 0.9771689772605896, "acc_or": 0.9918822646141052, "sender_entropy": 1.0587689876556396, "receiver_entropy": 0.0, "original_loss": 0.06606760621070862, "mean_length": 6.0}
{"mode": "train", "epoch": 49, "loss": 3.663688153028488, "acc": 0.7660984173417091, "acc_or": 0.9144239351153374, "sender_entropy": 0.9806110337376595, "receiver_entropy": 0.0, "original_loss": 0.24196126498281956, "mean_length": 6.0}
{"mode": "test", "epoch": 49, "loss": 2.6138105392456055, "acc": 0.9756469130516052, "acc_or": 0.9918822646141052, "sender_entropy": 1.046167254447937, "receiver_entropy": 0.0, "original_loss": 0.05738883465528488, "mean_length": 6.0}
{"mode": "train", "epoch": 50, "loss": 3.5895228385925293, "acc": 0.7763051390647888, "acc_or": 0.9180284813046455, "sender_entropy": 0.9679119512438774, "receiver_entropy": 0.0, "original_loss": 0.2308354303240776, "mean_length": 6.0}
{"mode": "test", "epoch": 50, "loss": 2.5395703315734863, "acc": 0.9649924039840698, "acc_or": 0.9883307814598083, "sender_entropy": 1.039904236793518, "receiver_entropy": 0.0, "original_loss": 0.06197454035282135, "mean_length": 6.0}
{"mode": "train", "epoch": 51, "loss": 3.510847568511963, "acc": 0.7658744752407074, "acc_or": 0.9147678166627884, "sender_entropy": 0.9743536710739136, "receiver_entropy": 0.0, "original_loss": 0.2369513213634491, "mean_length": 6.0}
{"mode": "test", "epoch": 51, "loss": 2.520073652267456, "acc": 0.9680365324020386, "acc_or": 0.9893454909324646, "sender_entropy": 1.0481581687927246, "receiver_entropy": 0.0, "original_loss": 0.05894884839653969, "mean_length": 6.0}
{"mode": "train", "epoch": 52, "loss": 3.4668767154216766, "acc": 0.7694885581731796, "acc_or": 0.9156249612569809, "sender_entropy": 0.9827218428254128, "receiver_entropy": 0.0, "original_loss": 0.2335119005292654, "mean_length": 6.0}
{"mode": "test", "epoch": 52, "loss": 2.5144779682159424, "acc": 0.9726027250289917, "acc_or": 0.990867555141449, "sender_entropy": 1.0515093803405762, "receiver_entropy": 0.0, "original_loss": 0.05255955085158348, "mean_length": 6.0}
{"mode": "train", "epoch": 53, "loss": 3.4065513014793396, "acc": 0.7761357501149178, "acc_or": 0.9184905961155891, "sender_entropy": 0.9840644225478172, "receiver_entropy": 0.0, "original_loss": 0.22920023277401924, "mean_length": 6.0}
{"mode": "test", "epoch": 53, "loss": 2.495137929916382, "acc": 0.9802131056785583, "acc_or": 0.9934043288230896, "sender_entropy": 1.056418538093567, "receiver_entropy": 0.0, "original_loss": 0.05608063563704491, "mean_length": 6.0}
{"mode": "train", "epoch": 54, "loss": 3.351234018802643, "acc": 0.7770461440086365, "acc_or": 0.9188277423381805, "sender_entropy": 0.9786935895681381, "receiver_entropy": 0.0, "original_loss": 0.22576181031763554, "mean_length": 6.0}
{"mode": "test", "epoch": 54, "loss": 2.4478719234466553, "acc": 0.9741247892379761, "acc_or": 0.9913749098777771, "sender_entropy": 1.0543478727340698, "receiver_entropy": 0.0, "original_loss": 0.053569771349430084, "mean_length": 6.0}
{"mode": "train", "epoch": 55, "loss": 3.3044088780879974, "acc": 0.7807941734790802, "acc_or": 0.9202190190553665, "sender_entropy": 0.9818832352757454, "receiver_entropy": 0.0, "original_loss": 0.221799798309803, "mean_length": 6.0}
{"mode": "test", "epoch": 55, "loss": 2.4248433113098145, "acc": 0.9863013625144958, "acc_or": 0.9954337477684021, "sender_entropy": 1.0601762533187866, "receiver_entropy": 0.0, "original_loss": 0.05025279521942139, "mean_length": 6.0}
{"mode": "train", "epoch": 56, "loss": 3.2514791190624237, "acc": 0.7830970138311386, "acc_or": 0.9212425053119659, "sender_entropy": 0.9876390919089317, "receiver_entropy": 0.0, "original_loss": 0.21941981464624405, "mean_length": 6.0}
{"mode": "test", "epoch": 56, "loss": 2.3848443031311035, "acc": 0.9802131056785583, "acc_or": 0.9934043288230896, "sender_entropy": 1.063084363937378, "receiver_entropy": 0.0, "original_loss": 0.0479593500494957, "mean_length": 6.0}
{"mode": "train", "epoch": 57, "loss": 3.190255790948868, "acc": 0.7843849658966064, "acc_or": 0.9218939915299416, "sender_entropy": 0.9842289015650749, "receiver_entropy": 0.0, "original_loss": 0.21794996596872807, "mean_length": 6.0}
{"mode": "test", "epoch": 57, "loss": 2.3266353607177734, "acc": 0.9817351698875427, "acc_or": 0.9939116835594177, "sender_entropy": 1.050963044166565, "receiver_entropy": 0.0, "original_loss": 0.04789963737130165, "mean_length": 6.0}
{"mode": "train", "epoch": 58, "loss": 3.1365500390529633, "acc": 0.796746663749218, "acc_or": 0.9265712648630142, "sender_entropy": 0.9734918773174286, "receiver_entropy": 0.0, "original_loss": 0.20853210799396038, "mean_length": 6.0}
{"mode": "test", "epoch": 58, "loss": 2.2970871925354004, "acc": 0.9832572340965271, "acc_or": 0.9944190382957458, "sender_entropy": 1.0504391193389893, "receiver_entropy": 0.0, "original_loss": 0.03957558050751686, "mean_length": 6.0}
{"mode": "train", "epoch": 59, "loss": 3.083509087562561, "acc": 0.7983558103442192, "acc_or": 0.9269412085413933, "sender_entropy": 0.9770701453089714, "receiver_entropy": 0.0, "original_loss": 0.20685244165360928, "mean_length": 6.0}
{"mode": "test", "epoch": 59, "loss": 2.2614047527313232, "acc": 0.9847792983055115, "acc_or": 0.994926393032074, "sender_entropy": 1.0472748279571533, "receiver_entropy": 0.0, "original_loss": 0.04361514747142792, "mean_length": 6.0}
{"mode": "train", "epoch": 60, "loss": 3.02699476480484, "acc": 0.7987089306116104, "acc_or": 0.9270057156682014, "sender_entropy": 0.9763991162180901, "receiver_entropy": 0.0, "original_loss": 0.2062280811369419, "mean_length": 6.0}
{"mode": "test", "epoch": 60, "loss": 2.214603900909424, "acc": 0.9847792983055115, "acc_or": 0.994926393032074, "sender_entropy": 1.0411815643310547, "receiver_entropy": 0.0, "original_loss": 0.04082205146551132, "mean_length": 6.0}
{"mode": "train", "epoch": 61, "loss": 2.9773406088352203, "acc": 0.8025248795747757, "acc_or": 0.9290519580245018, "sender_entropy": 0.9664791375398636, "receiver_entropy": 0.0, "original_loss": 0.19902537390589714, "mean_length": 6.0}
{"mode": "test", "epoch": 61, "loss": 2.1887316703796387, "acc": 0.9802131056785583, "acc_or": 0.9934043288230896, "sender_entropy": 1.0477027893066406, "receiver_entropy": 0.0, "original_loss": 0.044572312384843826, "mean_length": 6.0}
{"mode": "train", "epoch": 62, "loss": 2.9025673270225525, "acc": 0.7987167090177536, "acc_or": 0.9267255812883377, "sender_entropy": 0.9842951819300652, "receiver_entropy": 0.0, "original_loss": 0.20892852544784546, "mean_length": 6.0}
{"mode": "test", "epoch": 62, "loss": 2.2099316120147705, "acc": 0.9817351698875427, "acc_or": 0.9939116835594177, "sender_entropy": 1.0742607116699219, "receiver_entropy": 0.0, "original_loss": 0.04373227804899216, "mean_length": 6.0}
{"mode": "train", "epoch": 63, "loss": 2.8530347645282745, "acc": 0.7883922755718231, "acc_or": 0.9233131483197212, "sender_entropy": 0.9971441105008125, "receiver_entropy": 0.0, "original_loss": 0.2149437889456749, "mean_length": 6.0}
{"mode": "test", "epoch": 63, "loss": 2.163201093673706, "acc": 0.9863013625144958, "acc_or": 0.9954337477684021, "sender_entropy": 1.0702100992202759, "receiver_entropy": 0.0, "original_loss": 0.04364451393485069, "mean_length": 6.0}
{"mode": "train", "epoch": 64, "loss": 2.798791617155075, "acc": 0.7923952266573906, "acc_or": 0.9249209240078926, "sender_entropy": 0.991309404373169, "receiver_entropy": 0.0, "original_loss": 0.2111623678356409, "mean_length": 6.0}
{"mode": "test", "epoch": 64, "loss": 2.0946922302246094, "acc": 0.9817351698875427, "acc_or": 0.9939116835594177, "sender_entropy": 1.053121566772461, "receiver_entropy": 0.0, "original_loss": 0.04278991371393204, "mean_length": 6.0}
{"mode": "train", "epoch": 65, "loss": 2.760759085416794, "acc": 0.8035615906119347, "acc_or": 0.9289674386382103, "sender_entropy": 0.9719202816486359, "receiver_entropy": 0.0, "original_loss": 0.19936358369886875, "mean_length": 6.0}
{"mode": "test", "epoch": 65, "loss": 2.054020643234253, "acc": 0.9832572340965271, "acc_or": 0.9944190382957458, "sender_entropy": 1.0411438941955566, "receiver_entropy": 0.0, "original_loss": 0.03961135074496269, "mean_length": 6.0}
{"mode": "train", "epoch": 66, "loss": 2.7349895536899567, "acc": 0.8104860559105873, "acc_or": 0.9316288456320763, "sender_entropy": 0.9712360426783562, "receiver_entropy": 0.0, "original_loss": 0.19342105835676193, "mean_length": 6.0}
{"mode": "test", "epoch": 66, "loss": 2.0190954208374023, "acc": 0.9741247892379761, "acc_or": 0.9913749098777771, "sender_entropy": 1.0465816259384155, "receiver_entropy": 0.0, "original_loss": 0.04294123500585556, "mean_length": 6.0}
{"mode": "train", "epoch": 67, "loss": 2.666030764579773, "acc": 0.8042221367359161, "acc_or": 0.9291620776057243, "sender_entropy": 0.9829828590154648, "receiver_entropy": 0.0, "original_loss": 0.2000232245773077, "mean_length": 6.0}
{"mode": "test", "epoch": 67, "loss": 2.0394504070281982, "acc": 0.9847792983055115, "acc_or": 0.994926393032074, "sender_entropy": 1.0571357011795044, "receiver_entropy": 0.0, "original_loss": 0.03422132506966591, "mean_length": 6.0}
{"mode": "train", "epoch": 68, "loss": 2.673981189727783, "acc": 0.8167700096964836, "acc_or": 0.9337190464138985, "sender_entropy": 0.9780115187168121, "receiver_entropy": 0.0, "original_loss": 0.18943038396537304, "mean_length": 6.0}
{"mode": "test", "epoch": 68, "loss": 1.9919177293777466, "acc": 0.9878234267234802, "acc_or": 0.9959411025047302, "sender_entropy": 1.049333930015564, "receiver_entropy": 0.0, "original_loss": 0.03320997580885887, "mean_length": 6.0}
{"mode": "train", "epoch": 69, "loss": 2.6545472145080566, "acc": 0.817093126475811, "acc_or": 0.9345894530415535, "sender_entropy": 0.9743847474455833, "receiver_entropy": 0.0, "original_loss": 0.18455058708786964, "mean_length": 6.0}
{"mode": "test", "epoch": 69, "loss": 1.9714401960372925, "acc": 0.9908676147460938, "acc_or": 0.9969558119773865, "sender_entropy": 1.0501102209091187, "receiver_entropy": 0.0, "original_loss": 0.03169218450784683, "mean_length": 6.0}
{"mode": "train", "epoch": 70, "loss": 2.5790321826934814, "acc": 0.8202275335788727, "acc_or": 0.9352504536509514, "sender_entropy": 0.973837174475193, "receiver_entropy": 0.0, "original_loss": 0.18492454290390015, "mean_length": 6.0}
{"mode": "test", "epoch": 70, "loss": 1.9412301778793335, "acc": 0.9863013625144958, "acc_or": 0.9954337477684021, "sender_entropy": 1.0545564889907837, "receiver_entropy": 0.0, "original_loss": 0.032044555991888046, "mean_length": 6.0}
{"mode": "train", "epoch": 71, "loss": 2.5412509441375732, "acc": 0.8228215649724007, "acc_or": 0.9363176226615906, "sender_entropy": 0.9746344089508057, "receiver_entropy": 0.0, "original_loss": 0.1819811686873436, "mean_length": 6.0}
{"mode": "test", "epoch": 71, "loss": 1.9042574167251587, "acc": 0.9847792983055115, "acc_or": 0.994926393032074, "sender_entropy": 1.0426942110061646, "receiver_entropy": 0.0, "original_loss": 0.03342967480421066, "mean_length": 6.0}
{"mode": "train", "epoch": 72, "loss": 2.533767521381378, "acc": 0.8267259076237679, "acc_or": 0.9378040432929993, "sender_entropy": 0.9623691141605377, "receiver_entropy": 0.0, "original_loss": 0.17532657459378242, "mean_length": 6.0}
{"mode": "test", "epoch": 72, "loss": 1.8700724840164185, "acc": 0.9863013625144958, "acc_or": 0.9954337477684021, "sender_entropy": 1.0432313680648804, "receiver_entropy": 0.0, "original_loss": 0.0329742431640625, "mean_length": 6.0}
{"mode": "train", "epoch": 73, "loss": 2.4566119611263275, "acc": 0.8172553032636642, "acc_or": 0.9342969879508018, "sender_entropy": 0.9757841303944588, "receiver_entropy": 0.0, "original_loss": 0.18359842523932457, "mean_length": 6.0}
{"mode": "test", "epoch": 73, "loss": 1.891284465789795, "acc": 0.9908676147460938, "acc_or": 0.9969558119773865, "sender_entropy": 1.056749701499939, "receiver_entropy": 0.0, "original_loss": 0.028971243649721146, "mean_length": 6.0}
{"mode": "train", "epoch": 74, "loss": 2.4293220043182373, "acc": 0.8185650631785393, "acc_or": 0.9351534321904182, "sender_entropy": 0.9819525256752968, "receiver_entropy": 0.0, "original_loss": 0.18547780252993107, "mean_length": 6.0}
{"mode": "test", "epoch": 74, "loss": 1.8223330974578857, "acc": 0.9832572340965271, "acc_or": 0.9944190382957458, "sender_entropy": 1.0478456020355225, "receiver_entropy": 0.0, "original_loss": 0.03970441594719887, "mean_length": 6.0}
{"mode": "train", "epoch": 75, "loss": 2.3698905408382416, "acc": 0.8197249472141266, "acc_or": 0.9349890276789665, "sender_entropy": 0.9711141064763069, "receiver_entropy": 0.0, "original_loss": 0.18166225217282772, "mean_length": 6.0}
{"mode": "test", "epoch": 75, "loss": 1.833658218383789, "acc": 0.9939117431640625, "acc_or": 0.9979705214500427, "sender_entropy": 1.0471044778823853, "receiver_entropy": 0.0, "original_loss": 0.027834275737404823, "mean_length": 6.0}
{"mode": "train", "epoch": 76, "loss": 2.356315106153488, "acc": 0.821327269077301, "acc_or": 0.9360566660761833, "sender_entropy": 0.9765900000929832, "receiver_entropy": 0.0, "original_loss": 0.18017583526670933, "mean_length": 6.0}
{"mode": "test", "epoch": 76, "loss": 1.820932388305664, "acc": 0.9939117431640625, "acc_or": 0.9979705214500427, "sender_entropy": 1.0478683710098267, "receiver_entropy": 0.0, "original_loss": 0.02744099870324135, "mean_length": 6.0}
{"mode": "train", "epoch": 77, "loss": 2.345401555299759, "acc": 0.8296566903591156, "acc_or": 0.9390784949064255, "sender_entropy": 0.9693210199475288, "receiver_entropy": 0.0, "original_loss": 0.17212041094899178, "mean_length": 6.0}
{"mode": "test", "epoch": 77, "loss": 1.8018134832382202, "acc": 0.9847792983055115, "acc_or": 0.994926393032074, "sender_entropy": 1.0543290376663208, "receiver_entropy": 0.0, "original_loss": 0.027951428666710854, "mean_length": 6.0}
{"mode": "train", "epoch": 78, "loss": 2.3090531527996063, "acc": 0.8318928256630898, "acc_or": 0.9395425468683243, "sender_entropy": 0.9763550236821175, "receiver_entropy": 0.0, "original_loss": 0.17300302162766457, "mean_length": 6.0}
{"mode": "test", "epoch": 78, "loss": 1.7842819690704346, "acc": 0.9954338073730469, "acc_or": 0.9984778761863708, "sender_entropy": 1.0594035387039185, "receiver_entropy": 0.0, "original_loss": 0.023809650912880898, "mean_length": 6.0}
{"mode": "train", "epoch": 79, "loss": 2.264667123556137, "acc": 0.8257052823901176, "acc_or": 0.9376357793807983, "sender_entropy": 0.9789876788854599, "receiver_entropy": 0.0, "original_loss": 0.17593017779290676, "mean_length": 6.0}
{"mode": "test", "epoch": 79, "loss": 1.7715175151824951, "acc": 0.9908676147460938, "acc_or": 0.9969558119773865, "sender_entropy": 1.062347650527954, "receiver_entropy": 0.0, "original_loss": 0.02697157673537731, "mean_length": 6.0}
{"mode": "train", "epoch": 80, "loss": 2.2215924859046936, "acc": 0.8285407274961472, "acc_or": 0.9385134801268578, "sender_entropy": 0.9825618118047714, "receiver_entropy": 0.0, "original_loss": 0.1761383470147848, "mean_length": 6.0}
{"mode": "test", "epoch": 80, "loss": 1.7551134824752808, "acc": 0.9893454909324646, "acc_or": 0.9964484572410583, "sender_entropy": 1.0643986463546753, "receiver_entropy": 0.0, "original_loss": 0.02832784317433834, "mean_length": 6.0}
{"mode": "train", "epoch": 81, "loss": 2.224455863237381, "acc": 0.8301092386245728, "acc_or": 0.9390536397695541, "sender_entropy": 0.9780737534165382, "receiver_entropy": 0.0, "original_loss": 0.1707509458065033, "mean_length": 6.0}
{"mode": "test", "epoch": 81, "loss": 1.7304563522338867, "acc": 0.9908676147460938, "acc_or": 0.9969558119773865, "sender_entropy": 1.0555555820465088, "receiver_entropy": 0.0, "original_loss": 0.025897011160850525, "mean_length": 6.0}
{"mode": "train", "epoch": 82, "loss": 2.1986383199691772, "acc": 0.8328594267368317, "acc_or": 0.9403147101402283, "sender_entropy": 0.9753612130880356, "receiver_entropy": 0.0, "original_loss": 0.1700795665383339, "mean_length": 6.0}
{"mode": "test", "epoch": 82, "loss": 1.722854495048523, "acc": 0.9893454909324646, "acc_or": 0.9964484572410583, "sender_entropy": 1.0661085844039917, "receiver_entropy": 0.0, "original_loss": 0.026780644431710243, "mean_length": 6.0}
{"mode": "train", "epoch": 83, "loss": 2.1144297122955322, "acc": 0.8230152279138565, "acc_or": 0.9363017529249191, "sender_entropy": 0.986996978521347, "receiver_entropy": 0.0, "original_loss": 0.17922101356089115, "mean_length": 6.0}
{"mode": "test", "epoch": 83, "loss": 1.6935619115829468, "acc": 0.9847792983055115, "acc_or": 0.994926393032074, "sender_entropy": 1.0631895065307617, "receiver_entropy": 0.0, "original_loss": 0.03130349889397621, "mean_length": 6.0}
{"mode": "train", "epoch": 84, "loss": 2.099709391593933, "acc": 0.8234373778104782, "acc_or": 0.9370052218437195, "sender_entropy": 0.9847111478447914, "receiver_entropy": 0.0, "original_loss": 0.17751829139888287, "mean_length": 6.0}
{"mode": "test", "epoch": 84, "loss": 1.6801962852478027, "acc": 0.9878234267234802, "acc_or": 0.9959411025047302, "sender_entropy": 1.064110517501831, "receiver_entropy": 0.0, "original_loss": 0.027569709345698357, "mean_length": 6.0}
{"mode": "train", "epoch": 85, "loss": 2.077827751636505, "acc": 0.8294571414589882, "acc_or": 0.9389212355017662, "sender_entropy": 0.9880430921912193, "receiver_entropy": 0.0, "original_loss": 0.17417598329484463, "mean_length": 6.0}
{"mode": "test", "epoch": 85, "loss": 1.666748285293579, "acc": 0.9969558715820312, "acc_or": 0.998985230922699, "sender_entropy": 1.0603293180465698, "receiver_entropy": 0.0, "original_loss": 0.02188160829246044, "mean_length": 6.0}
{"mode": "train", "epoch": 86, "loss": 2.0514319241046906, "acc": 0.8328594267368317, "acc_or": 0.9400703832507133, "sender_entropy": 0.9803395569324493, "receiver_entropy": 0.0, "original_loss": 0.17053247615695, "mean_length": 6.0}
{"mode": "test", "epoch": 86, "loss": 1.6481146812438965, "acc": 0.9878234267234802, "acc_or": 0.9959411025047302, "sender_entropy": 1.0631442070007324, "receiver_entropy": 0.0, "original_loss": 0.02383066900074482, "mean_length": 6.0}
{"mode": "train", "epoch": 87, "loss": 2.000227674841881, "acc": 0.8267571330070496, "acc_or": 0.9377188980579376, "sender_entropy": 0.9848237261176109, "receiver_entropy": 0.0, "original_loss": 0.17715303041040897, "mean_length": 6.0}
{"mode": "test", "epoch": 87, "loss": 1.633074402809143, "acc": 0.9878234267234802, "acc_or": 0.9959411025047302, "sender_entropy": 1.0688679218292236, "receiver_entropy": 0.0, "original_loss": 0.02574731968343258, "mean_length": 6.0}
{"mode": "train", "epoch": 88, "loss": 1.958045780658722, "acc": 0.8201094195246696, "acc_or": 0.9358855709433556, "sender_entropy": 0.9873513579368591, "receiver_entropy": 0.0, "original_loss": 0.18032422102987766, "mean_length": 6.0}
{"mode": "test", "epoch": 88, "loss": 1.5810296535491943, "acc": 0.9710806608200073, "acc_or": 0.9903602004051208, "sender_entropy": 1.0571675300598145, "receiver_entropy": 0.0, "original_loss": 0.034766171127557755, "mean_length": 6.0}
{"mode": "train", "epoch": 89, "loss": 1.9355120360851288, "acc": 0.8287556990981102, "acc_or": 0.9389095976948738, "sender_entropy": 0.976706400513649, "receiver_entropy": 0.0, "original_loss": 0.17420839332044125, "mean_length": 6.0}
{"mode": "test", "epoch": 89, "loss": 1.5931230783462524, "acc": 0.9923896789550781, "acc_or": 0.9974631667137146, "sender_entropy": 1.0536739826202393, "receiver_entropy": 0.0, "original_loss": 0.025527797639369965, "mean_length": 6.0}
{"mode": "train", "epoch": 90, "loss": 1.9197150021791458, "acc": 0.8301753774285316, "acc_or": 0.939559318125248, "sender_entropy": 0.9749871715903282, "receiver_entropy": 0.0, "original_loss": 0.1720640230923891, "mean_length": 6.0}
{"mode": "test", "epoch": 90, "loss": 1.5769325494766235, "acc": 0.9954338073730469, "acc_or": 0.9984778761863708, "sender_entropy": 1.0525397062301636, "receiver_entropy": 0.0, "original_loss": 0.021828997880220413, "mean_length": 6.0}
{"mode": "train", "epoch": 91, "loss": 1.922301545739174, "acc": 0.8356738537549973, "acc_or": 0.9414015114307404, "sender_entropy": 0.9775910973548889, "receiver_entropy": 0.0, "original_loss": 0.16710441000759602, "mean_length": 6.0}
{"mode": "test", "epoch": 91, "loss": 1.564181923866272, "acc": 0.9878234267234802, "acc_or": 0.9959411025047302, "sender_entropy": 1.0594011545181274, "receiver_entropy": 0.0, "original_loss": 0.025409895926713943, "mean_length": 6.0}
{"mode": "train", "epoch": 92, "loss": 1.8785782307386398, "acc": 0.8300486728549004, "acc_or": 0.9390009939670563, "sender_entropy": 0.9839524701237679, "receiver_entropy": 0.0, "original_loss": 0.17196853272616863, "mean_length": 6.0}
{"mode": "test", "epoch": 92, "loss": 1.551554799079895, "acc": 0.9908676147460938, "acc_or": 0.9969558119773865, "sender_entropy": 1.0641915798187256, "receiver_entropy": 0.0, "original_loss": 0.02542039379477501, "mean_length": 6.0}
{"mode": "train", "epoch": 93, "loss": 1.8381809145212173, "acc": 0.8284711614251137, "acc_or": 0.9387414306402206, "sender_entropy": 0.985126219689846, "receiver_entropy": 0.0, "original_loss": 0.17318217642605305, "mean_length": 6.0}
{"mode": "test", "epoch": 93, "loss": 1.5468940734863281, "acc": 0.9847792983055115, "acc_or": 0.994926393032074, "sender_entropy": 1.0680594444274902, "receiver_entropy": 0.0, "original_loss": 0.0280704814940691, "mean_length": 6.0}
{"mode": "train", "epoch": 94, "loss": 1.8341010510921478, "acc": 0.8335529863834381, "acc_or": 0.9405433461070061, "sender_entropy": 0.9840397611260414, "receiver_entropy": 0.0, "original_loss": 0.16902152635157108, "mean_length": 6.0}
{"mode": "test", "epoch": 94, "loss": 1.532182216644287, "acc": 0.9939117431640625, "acc_or": 0.9979705214500427, "sender_entropy": 1.0646898746490479, "receiver_entropy": 0.0, "original_loss": 0.02279072254896164, "mean_length": 6.0}
{"mode": "train", "epoch": 95, "loss": 1.8096437752246857, "acc": 0.8334309160709381, "acc_or": 0.9401876330375671, "sender_entropy": 0.985063798725605, "receiver_entropy": 0.0, "original_loss": 0.1697847004979849, "mean_length": 6.0}
{"mode": "test", "epoch": 95, "loss": 1.4965368509292603, "acc": 0.9878234267234802, "acc_or": 0.9959411025047302, "sender_entropy": 1.0637271404266357, "receiver_entropy": 0.0, "original_loss": 0.026869744062423706, "mean_length": 6.0}
{"mode": "train", "epoch": 96, "loss": 1.7956712990999222, "acc": 0.8337309658527374, "acc_or": 0.9406352192163467, "sender_entropy": 0.9813064262270927, "receiver_entropy": 0.0, "original_loss": 0.16701665334403515, "mean_length": 6.0}
{"mode": "test", "epoch": 96, "loss": 1.4956914186477661, "acc": 0.9863013625144958, "acc_or": 0.9954337477684021, "sender_entropy": 1.0594416856765747, "receiver_entropy": 0.0, "original_loss": 0.02325969561934471, "mean_length": 6.0}
{"mode": "train", "epoch": 97, "loss": 1.7789956629276276, "acc": 0.8343538716435432, "acc_or": 0.9408755078911781, "sender_entropy": 0.9842580631375313, "receiver_entropy": 0.0, "original_loss": 0.1680986899882555, "mean_length": 6.0}
{"mode": "test", "epoch": 97, "loss": 1.4874634742736816, "acc": 0.9908676147460938, "acc_or": 0.9969558119773865, "sender_entropy": 1.0697648525238037, "receiver_entropy": 0.0, "original_loss": 0.025768034160137177, "mean_length": 6.0}
{"mode": "train", "epoch": 98, "loss": 1.748774915933609, "acc": 0.8320172056555748, "acc_or": 0.9402688443660736, "sender_entropy": 0.9889907315373421, "receiver_entropy": 0.0, "original_loss": 0.16946224309504032, "mean_length": 6.0}
{"mode": "test", "epoch": 98, "loss": 1.5059282779693604, "acc": 0.9923896789550781, "acc_or": 0.9974631667137146, "sender_entropy": 1.0785144567489624, "receiver_entropy": 0.0, "original_loss": 0.02342107519507408, "mean_length": 6.0}
{"mode": "train", "epoch": 99, "loss": 1.7082728892564774, "acc": 0.8341342732310295, "acc_or": 0.9406546801328659, "sender_entropy": 0.9861736074090004, "receiver_entropy": 0.0, "original_loss": 0.17038190551102161, "mean_length": 6.0}
{"mode": "test", "epoch": 99, "loss": 1.4793140888214111, "acc": 0.9939117431640625, "acc_or": 0.9979705214500427, "sender_entropy": 1.0699366331100464, "receiver_entropy": 0.0, "original_loss": 0.025571143254637718, "mean_length": 6.0}
{"mode": "train", "epoch": 100, "loss": 1.7131777554750443, "acc": 0.8374997451901436, "acc_or": 0.9424044489860535, "sender_entropy": 0.9777203500270844, "receiver_entropy": 0.0, "original_loss": 0.16338401660323143, "mean_length": 6.0}
{"mode": "test", "epoch": 100, "loss": 1.4273967742919922, "acc": 0.9908676147460938, "acc_or": 0.9969558119773865, "sender_entropy": 1.0569846630096436, "receiver_entropy": 0.0, "original_loss": 0.025632344186306, "mean_length": 6.0}
{"mode": "train", "epoch": 101, "loss": 1.6753777712583542, "acc": 0.8365380391478539, "acc_or": 0.9416268393397331, "sender_entropy": 0.9786651059985161, "receiver_entropy": 0.0, "original_loss": 0.1656224224716425, "mean_length": 6.0}
{"mode": "test", "epoch": 101, "loss": 1.4273453950881958, "acc": 0.9939117431640625, "acc_or": 0.9979705214500427, "sender_entropy": 1.066405177116394, "receiver_entropy": 0.0, "original_loss": 0.026059458032250404, "mean_length": 6.0}
{"mode": "train", "epoch": 102, "loss": 1.6423701792955399, "acc": 0.8321083188056946, "acc_or": 0.9399642273783684, "sender_entropy": 0.9849468246102333, "receiver_entropy": 0.0, "original_loss": 0.16978168673813343, "mean_length": 6.0}
{"mode": "test", "epoch": 102, "loss": 1.430446982383728, "acc": 0.9923896789550781, "acc_or": 0.9974631667137146, "sender_entropy": 1.0732873678207397, "receiver_entropy": 0.0, "original_loss": 0.026850927621126175, "mean_length": 6.0}
{"mode": "train", "epoch": 103, "loss": 1.6389335244894028, "acc": 0.8353263363242149, "acc_or": 0.9409916549921036, "sender_entropy": 0.9853062555193901, "receiver_entropy": 0.0, "original_loss": 0.16740525886416435, "mean_length": 6.0}
{"mode": "test", "epoch": 103, "loss": 1.4498491287231445, "acc": 0.9923896789550781, "acc_or": 0.9974631667137146, "sender_entropy": 1.0771124362945557, "receiver_entropy": 0.0, "original_loss": 0.02299252524971962, "mean_length": 6.0}
{"mode": "train", "epoch": 104, "loss": 1.6323497295379639, "acc": 0.8397967144846916, "acc_or": 0.9429501891136169, "sender_entropy": 0.9839470759034157, "receiver_entropy": 0.0, "original_loss": 0.16382003761827946, "mean_length": 6.0}
{"mode": "test", "epoch": 104, "loss": 1.4461277723312378, "acc": 0.9969558715820312, "acc_or": 0.998985230922699, "sender_entropy": 1.077158808708191, "receiver_entropy": 0.0, "original_loss": 0.019572807475924492, "mean_length": 6.0}
{"mode": "train", "epoch": 105, "loss": 1.5827982872724533, "acc": 0.8320847302675247, "acc_or": 0.9397725909948349, "sender_entropy": 0.9951847717165947, "receiver_entropy": 0.0, "original_loss": 0.16956820525228977, "mean_length": 6.0}
{"mode": "test", "epoch": 105, "loss": 1.409422755241394, "acc": 0.9878234267234802, "acc_or": 0.9959411025047302, "sender_entropy": 1.0793311595916748, "receiver_entropy": 0.0, "original_loss": 0.027473842725157738, "mean_length": 6.0}
{"mode": "train", "epoch": 106, "loss": 1.5807681679725647, "acc": 0.8329494521021843, "acc_or": 0.9403342083096504, "sender_entropy": 0.9917031154036522, "receiver_entropy": 0.0, "original_loss": 0.16756592504680157, "mean_length": 6.0}
{"mode": "test", "epoch": 106, "loss": 1.3955615758895874, "acc": 0.9908676147460938, "acc_or": 0.9969558119773865, "sender_entropy": 1.0728230476379395, "receiver_entropy": 0.0, "original_loss": 0.027066851034760475, "mean_length": 6.0}
{"mode": "train", "epoch": 107, "loss": 1.5663383454084396, "acc": 0.8360639438033104, "acc_or": 0.9416409283876419, "sender_entropy": 0.9843364581465721, "receiver_entropy": 0.0, "original_loss": 0.16402063518762589, "mean_length": 6.0}
{"mode": "test", "epoch": 107, "loss": 1.36619234085083, "acc": 0.9923896789550781, "acc_or": 0.9974631667137146, "sender_entropy": 1.0675636529922485, "receiver_entropy": 0.0, "original_loss": 0.02602507919073105, "mean_length": 6.0}
{"mode": "train", "epoch": 108, "loss": 1.5448268055915833, "acc": 0.8360936790704727, "acc_or": 0.9416264221072197, "sender_entropy": 0.982986755669117, "receiver_entropy": 0.0, "original_loss": 0.16432260535657406, "mean_length": 6.0}
{"mode": "test", "epoch": 108, "loss": 1.379640817642212, "acc": 0.9969558715820312, "acc_or": 0.998985230922699, "sender_entropy": 1.0720702409744263, "receiver_entropy": 0.0, "original_loss": 0.021514346823096275, "mean_length": 6.0}
{"mode": "train", "epoch": 109, "loss": 1.539965108036995, "acc": 0.8360587507486343, "acc_or": 0.9414451196789742, "sender_entropy": 0.9927960112690926, "receiver_entropy": 0.0, "original_loss": 0.16455674543976784, "mean_length": 6.0}
{"mode": "test", "epoch": 109, "loss": 1.3843834400177002, "acc": 0.9954338073730469, "acc_or": 0.9984778761863708, "sender_entropy": 1.0769373178482056, "receiver_entropy": 0.0, "original_loss": 0.022466642782092094, "mean_length": 6.0}
{"mode": "train", "epoch": 110, "loss": 1.5086926370859146, "acc": 0.8365950435400009, "acc_or": 0.941920168697834, "sender_entropy": 0.9922832995653152, "receiver_entropy": 0.0, "original_loss": 0.1646392848342657, "mean_length": 6.0}
{"mode": "test", "epoch": 110, "loss": 1.3516552448272705, "acc": 0.9923896789550781, "acc_or": 0.9974631667137146, "sender_entropy": 1.0684572458267212, "receiver_entropy": 0.0, "original_loss": 0.021241767331957817, "mean_length": 6.0}
{"mode": "train", "epoch": 111, "loss": 1.5440297275781631, "acc": 0.84859898686409, "acc_or": 0.9457947760820389, "sender_entropy": 0.9865208715200424, "receiver_entropy": 0.0, "original_loss": 0.15528800524771214, "mean_length": 6.0}
{"mode": "test", "epoch": 111, "loss": 1.3562251329421997, "acc": 0.9939117431640625, "acc_or": 0.9979705214500427, "sender_entropy": 1.0706321001052856, "receiver_entropy": 0.0, "original_loss": 0.020265214145183563, "mean_length": 6.0}
{"mode": "train", "epoch": 112, "loss": 1.4968257546424866, "acc": 0.8409467488527298, "acc_or": 0.9433475509285927, "sender_entropy": 0.9925603345036507, "receiver_entropy": 0.0, "original_loss": 0.1615428477525711, "mean_length": 6.0}
{"mode": "test", "epoch": 112, "loss": 1.36323082447052, "acc": 0.9984779357910156, "acc_or": 0.9994925856590271, "sender_entropy": 1.0846832990646362, "receiver_entropy": 0.0, "original_loss": 0.023313196375966072, "mean_length": 6.0}
{"mode": "train", "epoch": 113, "loss": 1.4608259052038193, "acc": 0.8354325890541077, "acc_or": 0.9412443488836288, "sender_entropy": 0.9984595775604248, "receiver_entropy": 0.0, "original_loss": 0.164856044575572, "mean_length": 6.0}
{"mode": "test", "epoch": 113, "loss": 1.3496910333633423, "acc": 0.9939117431640625, "acc_or": 0.9979705214500427, "sender_entropy": 1.0864439010620117, "receiver_entropy": 0.0, "original_loss": 0.023458333685994148, "mean_length": 6.0}
{"mode": "train", "epoch": 114, "loss": 1.4583031684160233, "acc": 0.8387786820530891, "acc_or": 0.9426690489053726, "sender_entropy": 0.997599370777607, "receiver_entropy": 0.0, "original_loss": 0.16225985251367092, "mean_length": 6.0}
{"mode": "test", "epoch": 114, "loss": 1.3479961156845093, "acc": 0.9939117431640625, "acc_or": 0.9979705214500427, "sender_entropy": 1.0794934034347534, "receiver_entropy": 0.0, "original_loss": 0.020716987550258636, "mean_length": 6.0}
{"mode": "train", "epoch": 115, "loss": 1.4386541098356247, "acc": 0.8380197957158089, "acc_or": 0.9423941299319267, "sender_entropy": 0.995423711836338, "receiver_entropy": 0.0, "original_loss": 0.1615067608654499, "mean_length": 6.0}
{"mode": "test", "epoch": 115, "loss": 1.3215596675872803, "acc": 0.9923896789550781, "acc_or": 0.9974631667137146, "sender_entropy": 1.0781645774841309, "receiver_entropy": 0.0, "original_loss": 0.021169153973460197, "mean_length": 6.0}
{"mode": "train", "epoch": 116, "loss": 1.4492894113063812, "acc": 0.8429611250758171, "acc_or": 0.9443376213312149, "sender_entropy": 0.9904691353440285, "receiver_entropy": 0.0, "original_loss": 0.15702727623283863, "mean_length": 6.0}
{"mode": "test", "epoch": 116, "loss": 1.2974003553390503, "acc": 0.9923896789550781, "acc_or": 0.9974631667137146, "sender_entropy": 1.0710259675979614, "receiver_entropy": 0.0, "original_loss": 0.022612208500504494, "mean_length": 6.0}
{"mode": "train", "epoch": 117, "loss": 1.409325897693634, "acc": 0.8423263505101204, "acc_or": 0.944012001156807, "sender_entropy": 0.9905661046504974, "receiver_entropy": 0.0, "original_loss": 0.16033226624131203, "mean_length": 6.0}
{"mode": "test", "epoch": 117, "loss": 1.320265769958496, "acc": 0.9969558715820312, "acc_or": 0.998985230922699, "sender_entropy": 1.0808911323547363, "receiver_entropy": 0.0, "original_loss": 0.018661020323634148, "mean_length": 6.0}
{"mode": "train", "epoch": 118, "loss": 1.4208399802446365, "acc": 0.8429327458143234, "acc_or": 0.944086380302906, "sender_entropy": 0.9975444376468658, "receiver_entropy": 0.0, "original_loss": 0.15773409232497215, "mean_length": 6.0}
{"mode": "test", "epoch": 118, "loss": 1.2986679077148438, "acc": 0.9984779357910156, "acc_or": 0.9994925856590271, "sender_entropy": 1.0800775289535522, "receiver_entropy": 0.0, "original_loss": 0.02223995514214039, "mean_length": 6.0}
{"mode": "train", "epoch": 119, "loss": 1.4106392115354538, "acc": 0.8479912281036377, "acc_or": 0.9459295347332954, "sender_entropy": 0.989661805331707, "receiver_entropy": 0.0, "original_loss": 0.15335337445139885, "mean_length": 6.0}
{"mode": "test", "epoch": 119, "loss": 1.2743961811065674, "acc": 0.9954338073730469, "acc_or": 0.9984778761863708, "sender_entropy": 1.062608242034912, "receiver_entropy": 0.0, "original_loss": 0.018643435090780258, "mean_length": 6.0}
{"mode": "train", "epoch": 120, "loss": 1.3911165297031403, "acc": 0.8483815863728523, "acc_or": 0.9462118223309517, "sender_entropy": 0.9842507317662239, "receiver_entropy": 0.0, "original_loss": 0.15287515707314014, "mean_length": 6.0}
{"mode": "test", "epoch": 120, "loss": 1.2827513217926025, "acc": 0.9969558715820312, "acc_or": 0.998985230922699, "sender_entropy": 1.0752732753753662, "receiver_entropy": 0.0, "original_loss": 0.01967218704521656, "mean_length": 6.0}
{"mode": "train", "epoch": 121, "loss": 1.363442450761795, "acc": 0.8456458449363708, "acc_or": 0.9449660629034042, "sender_entropy": 0.9934659376740456, "receiver_entropy": 0.0, "original_loss": 0.15520372241735458, "mean_length": 6.0}
{"mode": "test", "epoch": 121, "loss": 1.2762545347213745, "acc": 0.9939117431640625, "acc_or": 0.9979705214500427, "sender_entropy": 1.079380750656128, "receiver_entropy": 0.0, "original_loss": 0.02303937077522278, "mean_length": 6.0}
{"mode": "train", "epoch": 122, "loss": 1.3131849765777588, "acc": 0.8424756973981857, "acc_or": 0.9438990280032158, "sender_entropy": 0.9944988861680031, "receiver_entropy": 0.0, "original_loss": 0.16002527065575123, "mean_length": 6.0}
{"mode": "test", "epoch": 122, "loss": 1.2756532430648804, "acc": 0.9969558715820312, "acc_or": 0.998985230922699, "sender_entropy": 1.0727351903915405, "receiver_entropy": 0.0, "original_loss": 0.01821291632950306, "mean_length": 6.0}
{"mode": "train", "epoch": 123, "loss": 1.313951462507248, "acc": 0.8492518961429596, "acc_or": 0.9463765248656273, "sender_entropy": 0.9836864247918129, "receiver_entropy": 0.0, "original_loss": 0.15431426465511322, "mean_length": 6.0}
{"mode": "test", "epoch": 123, "loss": 1.233780026435852, "acc": 0.9908676147460938, "acc_or": 0.9969558119773865, "sender_entropy": 1.05439031124115, "receiver_entropy": 0.0, "original_loss": 0.018560590222477913, "mean_length": 6.0}
{"mode": "train", "epoch": 124, "loss": 1.3526847213506699, "acc": 0.8552873656153679, "acc_or": 0.9488137140870094, "sender_entropy": 0.9793978855013847, "receiver_entropy": 0.0, "original_loss": 0.14672760479152203, "mean_length": 6.0}
{"mode": "test", "epoch": 124, "loss": 1.2309045791625977, "acc": 1.0, "acc_or": 1.0, "sender_entropy": 1.0591955184936523, "receiver_entropy": 0.0, "original_loss": 0.016072381287813187, "mean_length": 6.0}
{"epoch": 124, "positional_disent": 0.07753146439790726, "bag_of_symbol_disent": 0.09549692273139954, "topographic_sim": 0.3142427255150118}
{"generalization hold out": {"acc": 0.9176954627037048, "acc_or": 0.9588477611541748}, "uniform holdout": {"acc": 0.8611111044883728, "acc_or": 0.9537037014961243}, "epoch": 124}
---End--
