nohup: ignoring input
{"mode": "train", "epoch": 1, "loss": -2.460531085729599, "acc": 0.001814005765481852, "acc_or": 0.11222722195088863, "sender_entropy": 2.2998822033405304, "receiver_entropy": 0.0, "original_loss": 2.253574460744858, "mean_length": 6.0}
{"mode": "test", "epoch": 1, "loss": 1.7721877098083496, "acc": 0.0015220700297504663, "acc_or": 0.13292744755744934, "sender_entropy": 2.298139810562134, "receiver_entropy": 0.0, "original_loss": 2.197807788848877, "mean_length": 6.0}
{"mode": "train", "epoch": 2, "loss": 1.5978481769561768, "acc": 0.0013708700862480327, "acc_or": 0.11380295269191265, "sender_entropy": 2.2993324398994446, "receiver_entropy": 0.0, "original_loss": 2.1988648772239685, "mean_length": 6.0}
{"mode": "test", "epoch": 2, "loss": 1.6373777389526367, "acc": 0.0030441400595009327, "acc_or": 0.15169964730739594, "sender_entropy": 2.2998509407043457, "receiver_entropy": 0.0, "original_loss": 2.1799750328063965, "mean_length": 6.0}
{"mode": "train", "epoch": 3, "loss": 1.3828283250331879, "acc": 0.0014963501816964708, "acc_or": 0.11798503156751394, "sender_entropy": 2.3001243472099304, "receiver_entropy": 0.0, "original_loss": 2.1969220340251923, "mean_length": 6.0}
{"mode": "test", "epoch": 3, "loss": 1.740311861038208, "acc": 0.010654490441083908, "acc_or": 0.24657534062862396, "sender_entropy": 2.3003084659576416, "receiver_entropy": 0.0, "original_loss": 2.161058187484741, "mean_length": 6.0}
{"mode": "train", "epoch": 4, "loss": 1.2986041009426117, "acc": 0.001712666948151309, "acc_or": 0.12214474193751812, "sender_entropy": 2.3003499507904053, "receiver_entropy": 0.0, "original_loss": 2.195420056581497, "mean_length": 6.0}
{"mode": "test", "epoch": 4, "loss": 2.0768632888793945, "acc": 0.015220699831843376, "acc_or": 0.29832571744918823, "sender_entropy": 2.300149917602539, "receiver_entropy": 0.0, "original_loss": 2.127542495727539, "mean_length": 6.0}
{"mode": "train", "epoch": 5, "loss": 1.261142760515213, "acc": 0.0022395469568436965, "acc_or": 0.12871462386101484, "sender_entropy": 2.2994576394557953, "receiver_entropy": 0.0, "original_loss": 2.193457543849945, "mean_length": 6.0}
{"mode": "test", "epoch": 5, "loss": 2.471935510635376, "acc": 0.010654490441083908, "acc_or": 0.3353627622127533, "sender_entropy": 2.297837734222412, "receiver_entropy": 0.0, "original_loss": 2.0881261825561523, "mean_length": 6.0}
{"mode": "train", "epoch": 6, "loss": 1.3168456554412842, "acc": 0.0029299603193067014, "acc_or": 0.14536819979548454, "sender_entropy": 2.292803555727005, "receiver_entropy": 0.0, "original_loss": 2.1846182346343994, "mean_length": 6.0}
{"mode": "test", "epoch": 6, "loss": 3.09421443939209, "acc": 0.007610349915921688, "acc_or": 0.30492135882377625, "sender_entropy": 2.2766470909118652, "receiver_entropy": 0.0, "original_loss": 2.0086538791656494, "mean_length": 6.0}
{"mode": "train", "epoch": 7, "loss": 2.012326627969742, "acc": 0.005267436412395909, "acc_or": 0.19514279253780842, "sender_entropy": 2.225476384162903, "receiver_entropy": 0.0, "original_loss": 2.1125572323799133, "mean_length": 6.0}
{"mode": "test", "epoch": 7, "loss": 2.9980082511901855, "acc": 0.007610349915921688, "acc_or": 0.31100964546203613, "sender_entropy": 2.170492649078369, "receiver_entropy": 0.0, "original_loss": 1.9343407154083252, "mean_length": 6.0}
{"mode": "train", "epoch": 8, "loss": 3.0994156301021576, "acc": 0.008790699415840209, "acc_or": 0.2580448314547539, "sender_entropy": 2.0835239589214325, "receiver_entropy": 0.0, "original_loss": 1.973489448428154, "mean_length": 6.0}
{"mode": "test", "epoch": 8, "loss": 3.3491482734680176, "acc": 0.009132420644164085, "acc_or": 0.33891424536705017, "sender_entropy": 2.0449671745300293, "receiver_entropy": 0.0, "original_loss": 1.8149752616882324, "mean_length": 6.0}
{"mode": "train", "epoch": 9, "loss": 3.762587785720825, "acc": 0.014563738484866917, "acc_or": 0.2992068938910961, "sender_entropy": 1.9968899339437485, "receiver_entropy": 0.0, "original_loss": 1.8634844422340393, "mean_length": 6.0}
{"mode": "test", "epoch": 9, "loss": 3.9795308113098145, "acc": 0.025875190272927284, "acc_or": 0.3581938147544861, "sender_entropy": 2.0238680839538574, "receiver_entropy": 0.0, "original_loss": 1.6944111585617065, "mean_length": 6.0}
{"mode": "train", "epoch": 10, "loss": 4.219405263662338, "acc": 0.02401702757924795, "acc_or": 0.3299494795501232, "sender_entropy": 1.9274415373802185, "receiver_entropy": 0.0, "original_loss": 1.7718828469514847, "mean_length": 6.0}
{"mode": "test", "epoch": 10, "loss": 4.402029514312744, "acc": 0.04109589010477066, "acc_or": 0.4048705995082855, "sender_entropy": 1.972644329071045, "receiver_entropy": 0.0, "original_loss": 1.5827895402908325, "mean_length": 6.0}
{"mode": "train", "epoch": 11, "loss": 4.68637353181839, "acc": 0.03217609808780253, "acc_or": 0.3669707514345646, "sender_entropy": 1.8747951537370682, "receiver_entropy": 0.0, "original_loss": 1.676760122179985, "mean_length": 6.0}
{"mode": "test", "epoch": 11, "loss": 4.9009108543396, "acc": 0.05327245220541954, "acc_or": 0.4550989270210266, "sender_entropy": 1.9181188344955444, "receiver_entropy": 0.0, "original_loss": 1.458720326423645, "mean_length": 6.0}
{"mode": "train", "epoch": 12, "loss": 5.2076937556266785, "acc": 0.043157244101166725, "acc_or": 0.4079131782054901, "sender_entropy": 1.7853694558143616, "receiver_entropy": 0.0, "original_loss": 1.5634776502847672, "mean_length": 6.0}
{"mode": "test", "epoch": 12, "loss": 5.245058536529541, "acc": 0.060882799327373505, "acc_or": 0.4759005308151245, "sender_entropy": 1.897006630897522, "receiver_entropy": 0.0, "original_loss": 1.3540269136428833, "mean_length": 6.0}
{"mode": "train", "epoch": 13, "loss": 5.43964546918869, "acc": 0.05121129238978028, "acc_or": 0.43545451015233994, "sender_entropy": 1.7525061964988708, "receiver_entropy": 0.0, "original_loss": 1.4844060242176056, "mean_length": 6.0}
{"mode": "test", "epoch": 13, "loss": 5.519995212554932, "acc": 0.09284627437591553, "acc_or": 0.543379008769989, "sender_entropy": 1.8367881774902344, "receiver_entropy": 0.0, "original_loss": 1.227730393409729, "mean_length": 6.0}
{"mode": "train", "epoch": 14, "loss": 5.866549968719482, "acc": 0.07262051664292812, "acc_or": 0.47998103126883507, "sender_entropy": 1.6787048876285553, "receiver_entropy": 0.0, "original_loss": 1.3695643693208694, "mean_length": 6.0}
{"mode": "test", "epoch": 14, "loss": 5.630730152130127, "acc": 0.12176559865474701, "acc_or": 0.5834601521492004, "sender_entropy": 1.765541672706604, "receiver_entropy": 0.0, "original_loss": 1.1069978475570679, "mean_length": 6.0}
{"mode": "train", "epoch": 15, "loss": 6.121099591255188, "acc": 0.09768516477197409, "acc_or": 0.517036035656929, "sender_entropy": 1.5876365303993225, "receiver_entropy": 0.0, "original_loss": 1.255649283528328, "mean_length": 6.0}
{"mode": "test", "epoch": 15, "loss": 5.756851673126221, "acc": 0.17656011879444122, "acc_or": 0.6235413551330566, "sender_entropy": 1.7235357761383057, "receiver_entropy": 0.0, "original_loss": 1.0024982690811157, "mean_length": 6.0}
{"mode": "train", "epoch": 16, "loss": 6.128471493721008, "acc": 0.11819134000688791, "acc_or": 0.5382748618721962, "sender_entropy": 1.5597300678491592, "receiver_entropy": 0.0, "original_loss": 1.1907319873571396, "mean_length": 6.0}
{"mode": "test", "epoch": 16, "loss": 5.832502841949463, "acc": 0.2222222238779068, "acc_or": 0.6626077890396118, "sender_entropy": 1.6971819400787354, "receiver_entropy": 0.0, "original_loss": 0.9014562964439392, "mean_length": 6.0}
{"mode": "train", "epoch": 17, "loss": 6.327126085758209, "acc": 0.15559041500091553, "acc_or": 0.5761445611715317, "sender_entropy": 1.512120395898819, "receiver_entropy": 0.0, "original_loss": 1.094115510582924, "mean_length": 6.0}
{"mode": "test", "epoch": 17, "loss": 5.7237043380737305, "acc": 0.2876712381839752, "acc_or": 0.6996448040008545, "sender_entropy": 1.6484047174453735, "receiver_entropy": 0.0, "original_loss": 0.8215637803077698, "mean_length": 6.0}
{"mode": "train", "epoch": 18, "loss": 6.280155837535858, "acc": 0.18758429400622845, "acc_or": 0.6045603677630424, "sender_entropy": 1.4585516154766083, "receiver_entropy": 0.0, "original_loss": 1.0227258652448654, "mean_length": 6.0}
{"mode": "test", "epoch": 18, "loss": 5.590482711791992, "acc": 0.34703198075294495, "acc_or": 0.7326230406761169, "sender_entropy": 1.6037516593933105, "receiver_entropy": 0.0, "original_loss": 0.7491654753684998, "mean_length": 6.0}
{"mode": "train", "epoch": 19, "loss": 6.29964143037796, "acc": 0.22106006368994713, "acc_or": 0.6323726773262024, "sender_entropy": 1.4159378707408905, "receiver_entropy": 0.0, "original_loss": 0.9490436613559723, "mean_length": 6.0}
{"mode": "test", "epoch": 19, "loss": 5.687623977661133, "acc": 0.4170472025871277, "acc_or": 0.7772703766822815, "sender_entropy": 1.584685206413269, "receiver_entropy": 0.0, "original_loss": 0.6612579822540283, "mean_length": 6.0}
{"mode": "train", "epoch": 20, "loss": 6.191373884677887, "acc": 0.2462047729641199, "acc_or": 0.650485448539257, "sender_entropy": 1.4042519629001617, "receiver_entropy": 0.0, "original_loss": 0.9061607047915459, "mean_length": 6.0}
{"mode": "test", "epoch": 20, "loss": 5.428464889526367, "acc": 0.445966511964798, "acc_or": 0.7889395952224731, "sender_entropy": 1.5484205484390259, "receiver_entropy": 0.0, "original_loss": 0.6207506060600281, "mean_length": 6.0}
{"mode": "train", "epoch": 21, "loss": 6.128918290138245, "acc": 0.2866741493344307, "acc_or": 0.6796484813094139, "sender_entropy": 1.350307211279869, "receiver_entropy": 0.0, "original_loss": 0.8376035466790199, "mean_length": 6.0}
{"mode": "test", "epoch": 21, "loss": 5.184229850769043, "acc": 0.4718417227268219, "acc_or": 0.7965499758720398, "sender_entropy": 1.4742838144302368, "receiver_entropy": 0.0, "original_loss": 0.5494396686553955, "mean_length": 6.0}
{"mode": "train", "epoch": 22, "loss": 6.032349109649658, "acc": 0.3208625689148903, "acc_or": 0.7033940479159355, "sender_entropy": 1.291285663843155, "receiver_entropy": 0.0, "original_loss": 0.7738667726516724, "mean_length": 6.0}
{"mode": "test", "epoch": 22, "loss": 5.0412397384643555, "acc": 0.5464231371879578, "acc_or": 0.827498733997345, "sender_entropy": 1.4495024681091309, "receiver_entropy": 0.0, "original_loss": 0.5083009600639343, "mean_length": 6.0}
{"mode": "train", "epoch": 23, "loss": 5.88230174779892, "acc": 0.34637103602290154, "acc_or": 0.7159547954797745, "sender_entropy": 1.2889232635498047, "receiver_entropy": 0.0, "original_loss": 0.7471596300601959, "mean_length": 6.0}
{"mode": "test", "epoch": 23, "loss": 4.9274492263793945, "acc": 0.5722983479499817, "acc_or": 0.8391678929328918, "sender_entropy": 1.439516305923462, "receiver_entropy": 0.0, "original_loss": 0.48120999336242676, "mean_length": 6.0}
{"mode": "train", "epoch": 24, "loss": 5.871967315673828, "acc": 0.38093261420726776, "acc_or": 0.7384777367115021, "sender_entropy": 1.2596961110830307, "receiver_entropy": 0.0, "original_loss": 0.691473662853241, "mean_length": 6.0}
{"mode": "test", "epoch": 24, "loss": 4.853394985198975, "acc": 0.621004581451416, "acc_or": 0.8630136847496033, "sender_entropy": 1.4098634719848633, "receiver_entropy": 0.0, "original_loss": 0.42155808210372925, "mean_length": 6.0}
{"mode": "train", "epoch": 25, "loss": 5.732017457485199, "acc": 0.40843240544199944, "acc_or": 0.7508427649736404, "sender_entropy": 1.2519644498825073, "receiver_entropy": 0.0, "original_loss": 0.66014763712883, "mean_length": 6.0}
{"mode": "test", "epoch": 25, "loss": 4.735110282897949, "acc": 0.6453576683998108, "acc_or": 0.875190258026123, "sender_entropy": 1.396389126777649, "receiver_entropy": 0.0, "original_loss": 0.3947279155254364, "mean_length": 6.0}
{"mode": "train", "epoch": 26, "loss": 5.734931766986847, "acc": 0.44207893311977386, "acc_or": 0.7704361081123352, "sender_entropy": 1.2239481955766678, "receiver_entropy": 0.0, "original_loss": 0.6069349348545074, "mean_length": 6.0}
{"mode": "test", "epoch": 26, "loss": 4.625211715698242, "acc": 0.7138508558273315, "acc_or": 0.9010654091835022, "sender_entropy": 1.3642160892486572, "receiver_entropy": 0.0, "original_loss": 0.3448200821876526, "mean_length": 6.0}
{"mode": "train", "epoch": 27, "loss": 5.578270256519318, "acc": 0.45732108503580093, "acc_or": 0.7797820046544075, "sender_entropy": 1.207600474357605, "receiver_entropy": 0.0, "original_loss": 0.5803678333759308, "mean_length": 6.0}
{"mode": "test", "epoch": 27, "loss": 4.497450828552246, "acc": 0.7549467086791992, "acc_or": 0.9142566919326782, "sender_entropy": 1.335543155670166, "receiver_entropy": 0.0, "original_loss": 0.3140738308429718, "mean_length": 6.0}
{"mode": "train", "epoch": 28, "loss": 5.42830216884613, "acc": 0.4881526343524456, "acc_or": 0.7937431186437607, "sender_entropy": 1.176005706191063, "receiver_entropy": 0.0, "original_loss": 0.5477586537599564, "mean_length": 6.0}
{"mode": "test", "epoch": 28, "loss": 4.232822895050049, "acc": 0.7625570893287659, "acc_or": 0.9157787561416626, "sender_entropy": 1.2892546653747559, "receiver_entropy": 0.0, "original_loss": 0.28982341289520264, "mean_length": 6.0}
{"mode": "train", "epoch": 29, "loss": 5.298491179943085, "acc": 0.5129001811146736, "acc_or": 0.8071364462375641, "sender_entropy": 1.1440645903348923, "receiver_entropy": 0.0, "original_loss": 0.5129645392298698, "mean_length": 6.0}
{"mode": "test", "epoch": 29, "loss": 4.08937406539917, "acc": 0.7838660478591919, "acc_or": 0.9254185557365417, "sender_entropy": 1.2685774564743042, "receiver_entropy": 0.0, "original_loss": 0.2695326805114746, "mean_length": 6.0}
{"mode": "train", "epoch": 30, "loss": 5.147691011428833, "acc": 0.5314715057611465, "acc_or": 0.8151798099279404, "sender_entropy": 1.1298785358667374, "receiver_entropy": 0.0, "original_loss": 0.4924721121788025, "mean_length": 6.0}
{"mode": "test", "epoch": 30, "loss": 4.072324275970459, "acc": 0.8219178318977356, "acc_or": 0.9391171932220459, "sender_entropy": 1.2678686380386353, "receiver_entropy": 0.0, "original_loss": 0.24168166518211365, "mean_length": 6.0}
{"mode": "train", "epoch": 31, "loss": 5.068247735500336, "acc": 0.5457890704274178, "acc_or": 0.8201945722103119, "sender_entropy": 1.1468669176101685, "receiver_entropy": 0.0, "original_loss": 0.4797948971390724, "mean_length": 6.0}
{"mode": "test", "epoch": 31, "loss": 4.002513408660889, "acc": 0.8082191944122314, "acc_or": 0.9355656504631042, "sender_entropy": 1.2646524906158447, "receiver_entropy": 0.0, "original_loss": 0.22894532978534698, "mean_length": 6.0}
{"mode": "train", "epoch": 32, "loss": 5.016491591930389, "acc": 0.5731111243367195, "acc_or": 0.8347449749708176, "sender_entropy": 1.1192073374986649, "receiver_entropy": 0.0, "original_loss": 0.44352589547634125, "mean_length": 6.0}
{"mode": "test", "epoch": 32, "loss": 3.8224878311157227, "acc": 0.8371385335922241, "acc_or": 0.9452054500579834, "sender_entropy": 1.2309390306472778, "receiver_entropy": 0.0, "original_loss": 0.2059665322303772, "mean_length": 6.0}
{"mode": "train", "epoch": 33, "loss": 4.823443591594696, "acc": 0.5809020698070526, "acc_or": 0.8377112299203873, "sender_entropy": 1.107685774564743, "receiver_entropy": 0.0, "original_loss": 0.43432339280843735, "mean_length": 6.0}
{"mode": "test", "epoch": 33, "loss": 3.6875102519989014, "acc": 0.8462709188461304, "acc_or": 0.947742223739624, "sender_entropy": 1.2190455198287964, "receiver_entropy": 0.0, "original_loss": 0.19601938128471375, "mean_length": 6.0}
{"mode": "train", "epoch": 34, "loss": 4.746097922325134, "acc": 0.6104283556342125, "acc_or": 0.8495941311120987, "sender_entropy": 1.0837568193674088, "receiver_entropy": 0.0, "original_loss": 0.40676985308527946, "mean_length": 6.0}
{"mode": "test", "epoch": 34, "loss": 3.559749126434326, "acc": 0.8858447670936584, "acc_or": 0.9619482159614563, "sender_entropy": 1.1949292421340942, "receiver_entropy": 0.0, "original_loss": 0.16970154643058777, "mean_length": 6.0}
{"mode": "train", "epoch": 35, "loss": 4.666688621044159, "acc": 0.6311430782079697, "acc_or": 0.859246201813221, "sender_entropy": 1.068872481584549, "receiver_entropy": 0.0, "original_loss": 0.3822077065706253, "mean_length": 6.0}
{"mode": "test", "epoch": 35, "loss": 3.5084872245788574, "acc": 0.9086757898330688, "acc_or": 0.9690512418746948, "sender_entropy": 1.1905781030654907, "receiver_entropy": 0.0, "original_loss": 0.15242186188697815, "mean_length": 6.0}
{"mode": "train", "epoch": 36, "loss": 4.540409207344055, "acc": 0.6404234394431114, "acc_or": 0.862505130469799, "sender_entropy": 1.074950709939003, "receiver_entropy": 0.0, "original_loss": 0.376602903008461, "mean_length": 6.0}
{"mode": "test", "epoch": 36, "loss": 3.4171946048736572, "acc": 0.9071537256240845, "acc_or": 0.9680364727973938, "sender_entropy": 1.1843270063400269, "receiver_entropy": 0.0, "original_loss": 0.14288033545017242, "mean_length": 6.0}
{"mode": "train", "epoch": 37, "loss": 4.444542348384857, "acc": 0.6647036820650101, "acc_or": 0.8712065368890762, "sender_entropy": 1.0523947477340698, "receiver_entropy": 0.0, "original_loss": 0.3511914759874344, "mean_length": 6.0}
{"mode": "test", "epoch": 37, "loss": 3.243527412414551, "acc": 0.9132420420646667, "acc_or": 0.9705733060836792, "sender_entropy": 1.1529216766357422, "receiver_entropy": 0.0, "original_loss": 0.13245050609111786, "mean_length": 6.0}
{"mode": "train", "epoch": 38, "loss": 4.355749189853668, "acc": 0.6773975044488907, "acc_or": 0.8782224282622337, "sender_entropy": 1.0398965775966644, "receiver_entropy": 0.0, "original_loss": 0.33708883076906204, "mean_length": 6.0}
{"mode": "test", "epoch": 38, "loss": 3.2136144638061523, "acc": 0.9512937664985657, "acc_or": 0.9837645292282104, "sender_entropy": 1.1509488821029663, "receiver_entropy": 0.0, "original_loss": 0.11511660367250443, "mean_length": 6.0}
{"mode": "train", "epoch": 39, "loss": 4.29154360294342, "acc": 0.6897379159927368, "acc_or": 0.8837416917085648, "sender_entropy": 1.0374374836683273, "receiver_entropy": 0.0, "original_loss": 0.3225075639784336, "mean_length": 6.0}
{"mode": "test", "epoch": 39, "loss": 3.0776114463806152, "acc": 0.9452055096626282, "acc_or": 0.9807204008102417, "sender_entropy": 1.1271514892578125, "receiver_entropy": 0.0, "original_loss": 0.10832110792398453, "mean_length": 6.0}
{"mode": "train", "epoch": 40, "loss": 4.177926182746887, "acc": 0.709917426109314, "acc_or": 0.891385518014431, "sender_entropy": 1.0168397426605225, "receiver_entropy": 0.0, "original_loss": 0.304741270840168, "mean_length": 6.0}
{"mode": "test", "epoch": 40, "loss": 3.0401482582092285, "acc": 0.9649924039840698, "acc_or": 0.9883307814598083, "sender_entropy": 1.1258407831192017, "receiver_entropy": 0.0, "original_loss": 0.09548898786306381, "mean_length": 6.0}
{"mode": "train", "epoch": 41, "loss": 4.114511489868164, "acc": 0.7156095951795578, "acc_or": 0.8939487189054489, "sender_entropy": 1.0177080184221268, "receiver_entropy": 0.0, "original_loss": 0.29688865691423416, "mean_length": 6.0}
{"mode": "test", "epoch": 41, "loss": 3.0243947505950928, "acc": 0.9543378949165344, "acc_or": 0.9847792983055115, "sender_entropy": 1.1251089572906494, "receiver_entropy": 0.0, "original_loss": 0.0899144858121872, "mean_length": 6.0}
{"mode": "train", "epoch": 42, "loss": 3.970532923936844, "acc": 0.7095842212438583, "acc_or": 0.8912082090973854, "sender_entropy": 1.0228836089372635, "receiver_entropy": 0.0, "original_loss": 0.30239756777882576, "mean_length": 6.0}
{"mode": "test", "epoch": 42, "loss": 2.9744715690612793, "acc": 0.9452055096626282, "acc_or": 0.9812277555465698, "sender_entropy": 1.1437263488769531, "receiver_entropy": 0.0, "original_loss": 0.09597139060497284, "mean_length": 6.0}
{"mode": "train", "epoch": 43, "loss": 3.9361290633678436, "acc": 0.7112704440951347, "acc_or": 0.8927517458796501, "sender_entropy": 1.0286830216646194, "receiver_entropy": 0.0, "original_loss": 0.29570626467466354, "mean_length": 6.0}
{"mode": "test", "epoch": 43, "loss": 2.8687360286712646, "acc": 0.9573820233345032, "acc_or": 0.9857940077781677, "sender_entropy": 1.1219052076339722, "receiver_entropy": 0.0, "original_loss": 0.08609464764595032, "mean_length": 6.0}
{"mode": "train", "epoch": 44, "loss": 3.8761138916015625, "acc": 0.7349409013986588, "acc_or": 0.9022521823644638, "sender_entropy": 1.0021725594997406, "receiver_entropy": 0.0, "original_loss": 0.2733994536101818, "mean_length": 6.0}
{"mode": "test", "epoch": 44, "loss": 2.795743227005005, "acc": 0.9726027250289917, "acc_or": 0.990867555141449, "sender_entropy": 1.1148755550384521, "receiver_entropy": 0.0, "original_loss": 0.07559182494878769, "mean_length": 6.0}
{"mode": "train", "epoch": 45, "loss": 3.7700207829475403, "acc": 0.7313276156783104, "acc_or": 0.9008326530456543, "sender_entropy": 1.0136423110961914, "receiver_entropy": 0.0, "original_loss": 0.2763465754687786, "mean_length": 6.0}
{"mode": "test", "epoch": 45, "loss": 2.7797353267669678, "acc": 0.9512937664985657, "acc_or": 0.9832571744918823, "sender_entropy": 1.1270469427108765, "receiver_entropy": 0.0, "original_loss": 0.08326324075460434, "mean_length": 6.0}
{"mode": "train", "epoch": 46, "loss": 3.710171014070511, "acc": 0.739557608962059, "acc_or": 0.9039504304528236, "sender_entropy": 1.0107350498437881, "receiver_entropy": 0.0, "original_loss": 0.269113440066576, "mean_length": 6.0}
{"mode": "test", "epoch": 46, "loss": 2.776427745819092, "acc": 0.9604262113571167, "acc_or": 0.986808717250824, "sender_entropy": 1.1222801208496094, "receiver_entropy": 0.0, "original_loss": 0.07436113059520721, "mean_length": 6.0}
{"mode": "train", "epoch": 47, "loss": 3.6403848826885223, "acc": 0.7516760006546974, "acc_or": 0.9079943522810936, "sender_entropy": 1.0052957832813263, "receiver_entropy": 0.0, "original_loss": 0.2579497918486595, "mean_length": 6.0}
{"mode": "test", "epoch": 47, "loss": 2.6463799476623535, "acc": 0.9619482755661011, "acc_or": 0.9863013625144958, "sender_entropy": 1.1015478372573853, "receiver_entropy": 0.0, "original_loss": 0.07000859826803207, "mean_length": 6.0}
{"mode": "train", "epoch": 48, "loss": 3.5825363397598267, "acc": 0.7590059414505959, "acc_or": 0.9109980538487434, "sender_entropy": 1.0029356554150581, "receiver_entropy": 0.0, "original_loss": 0.25203726440668106, "mean_length": 6.0}
{"mode": "test", "epoch": 48, "loss": 2.664233446121216, "acc": 0.9634703397750854, "acc_or": 0.9878234267234802, "sender_entropy": 1.123044729232788, "receiver_entropy": 0.0, "original_loss": 0.06857088208198547, "mean_length": 6.0}
{"mode": "train", "epoch": 49, "loss": 3.4802703857421875, "acc": 0.7502736076712608, "acc_or": 0.9081782028079033, "sender_entropy": 1.0108550935983658, "receiver_entropy": 0.0, "original_loss": 0.25782956555485725, "mean_length": 6.0}
{"mode": "test", "epoch": 49, "loss": 2.608844757080078, "acc": 0.9771689772605896, "acc_or": 0.9923896193504333, "sender_entropy": 1.110486388206482, "receiver_entropy": 0.0, "original_loss": 0.06233220174908638, "mean_length": 6.0}
{"mode": "train", "epoch": 50, "loss": 3.453129857778549, "acc": 0.7664554938673973, "acc_or": 0.9141836613416672, "sender_entropy": 0.9922350272536278, "receiver_entropy": 0.0, "original_loss": 0.24036389589309692, "mean_length": 6.0}
{"mode": "test", "epoch": 50, "loss": 2.5023741722106934, "acc": 0.9680365324020386, "acc_or": 0.9893454909324646, "sender_entropy": 1.0892982482910156, "receiver_entropy": 0.0, "original_loss": 0.06193336471915245, "mean_length": 6.0}
{"mode": "train", "epoch": 51, "loss": 3.3529272973537445, "acc": 0.7681665271520615, "acc_or": 0.9149608612060547, "sender_entropy": 0.987484946846962, "receiver_entropy": 0.0, "original_loss": 0.23938428983092308, "mean_length": 6.0}
{"mode": "test", "epoch": 51, "loss": 2.483307361602783, "acc": 0.9710806608200073, "acc_or": 0.9903602004051208, "sender_entropy": 1.0965971946716309, "receiver_entropy": 0.0, "original_loss": 0.05664387717843056, "mean_length": 6.0}
{"mode": "train", "epoch": 52, "loss": 3.290237933397293, "acc": 0.7721405625343323, "acc_or": 0.9163892343640327, "sender_entropy": 0.990533135831356, "receiver_entropy": 0.0, "original_loss": 0.23680118657648563, "mean_length": 6.0}
{"mode": "test", "epoch": 52, "loss": 2.460352897644043, "acc": 0.9847792983055115, "acc_or": 0.994926393032074, "sender_entropy": 1.1019877195358276, "receiver_entropy": 0.0, "original_loss": 0.05421392247080803, "mean_length": 6.0}
{"mode": "train", "epoch": 53, "loss": 3.208548903465271, "acc": 0.7672299295663834, "acc_or": 0.9146173372864723, "sender_entropy": 0.9964466542005539, "receiver_entropy": 0.0, "original_loss": 0.24073434621095657, "mean_length": 6.0}
{"mode": "test", "epoch": 53, "loss": 2.4100756645202637, "acc": 0.9832572340965271, "acc_or": 0.9944190382957458, "sender_entropy": 1.0928442478179932, "receiver_entropy": 0.0, "original_loss": 0.05082465708255768, "mean_length": 6.0}
{"mode": "train", "epoch": 54, "loss": 3.191416025161743, "acc": 0.7780682668089867, "acc_or": 0.9190070927143097, "sender_entropy": 0.9882496669888496, "receiver_entropy": 0.0, "original_loss": 0.22918737307190895, "mean_length": 6.0}
{"mode": "test", "epoch": 54, "loss": 2.3379690647125244, "acc": 0.9832572340965271, "acc_or": 0.9944190382957458, "sender_entropy": 1.0836142301559448, "receiver_entropy": 0.0, "original_loss": 0.04729463532567024, "mean_length": 6.0}
{"mode": "train", "epoch": 55, "loss": 3.145674854516983, "acc": 0.7886980697512627, "acc_or": 0.9231605306267738, "sender_entropy": 0.9853018671274185, "receiver_entropy": 0.0, "original_loss": 0.21841221116483212, "mean_length": 6.0}
{"mode": "test", "epoch": 55, "loss": 2.2940385341644287, "acc": 0.9832572340965271, "acc_or": 0.9944190382957458, "sender_entropy": 1.078431487083435, "receiver_entropy": 0.0, "original_loss": 0.048039812594652176, "mean_length": 6.0}
{"mode": "train", "epoch": 56, "loss": 3.072572648525238, "acc": 0.7905118092894554, "acc_or": 0.9240082129836082, "sender_entropy": 0.9758162051439285, "receiver_entropy": 0.0, "original_loss": 0.2164721768349409, "mean_length": 6.0}
{"mode": "test", "epoch": 56, "loss": 2.2205326557159424, "acc": 0.9756469130516052, "acc_or": 0.9918822646141052, "sender_entropy": 1.0628323554992676, "receiver_entropy": 0.0, "original_loss": 0.04612353816628456, "mean_length": 6.0}
{"mode": "train", "epoch": 57, "loss": 3.019692063331604, "acc": 0.7896178886294365, "acc_or": 0.9234402701258659, "sender_entropy": 0.9812600910663605, "receiver_entropy": 0.0, "original_loss": 0.2166621834039688, "mean_length": 6.0}
{"mode": "test", "epoch": 57, "loss": 2.2530629634857178, "acc": 0.9893454909324646, "acc_or": 0.9964484572410583, "sender_entropy": 1.0962297916412354, "receiver_entropy": 0.0, "original_loss": 0.043238312005996704, "mean_length": 6.0}
{"mode": "train", "epoch": 58, "loss": 2.9762189388275146, "acc": 0.7863977029919624, "acc_or": 0.9215077385306358, "sender_entropy": 0.9991773441433907, "receiver_entropy": 0.0, "original_loss": 0.22039795480668545, "mean_length": 6.0}
{"mode": "test", "epoch": 58, "loss": 2.2288119792938232, "acc": 0.9878234267234802, "acc_or": 0.9959411025047302, "sender_entropy": 1.0915333032608032, "receiver_entropy": 0.0, "original_loss": 0.03781728446483612, "mean_length": 6.0}
{"mode": "train", "epoch": 59, "loss": 2.9519987404346466, "acc": 0.8042415156960487, "acc_or": 0.9283463060855865, "sender_entropy": 0.9803747981786728, "receiver_entropy": 0.0, "original_loss": 0.20577621273696423, "mean_length": 6.0}
{"mode": "test", "epoch": 59, "loss": 2.1214685440063477, "acc": 0.9847792983055115, "acc_or": 0.994926393032074, "sender_entropy": 1.0655361413955688, "receiver_entropy": 0.0, "original_loss": 0.038003258407115936, "mean_length": 6.0}
{"mode": "train", "epoch": 60, "loss": 2.872308999300003, "acc": 0.8041614517569542, "acc_or": 0.9287276715040207, "sender_entropy": 0.9656045511364937, "receiver_entropy": 0.0, "original_loss": 0.20233366079628468, "mean_length": 6.0}
{"mode": "test", "epoch": 60, "loss": 2.119377374649048, "acc": 0.9756469130516052, "acc_or": 0.9918822646141052, "sender_entropy": 1.0802955627441406, "receiver_entropy": 0.0, "original_loss": 0.0444386750459671, "mean_length": 6.0}
{"mode": "train", "epoch": 61, "loss": 2.77144718170166, "acc": 0.7859833389520645, "acc_or": 0.9218509048223495, "sender_entropy": 0.9888616874814034, "receiver_entropy": 0.0, "original_loss": 0.21922458708286285, "mean_length": 6.0}
{"mode": "test", "epoch": 61, "loss": 2.1177778244018555, "acc": 0.9710806608200073, "acc_or": 0.9903602004051208, "sender_entropy": 1.092951774597168, "receiver_entropy": 0.0, "original_loss": 0.04932224377989769, "mean_length": 6.0}
{"mode": "train", "epoch": 62, "loss": 2.7372938692569733, "acc": 0.7881814166903496, "acc_or": 0.9228615164756775, "sender_entropy": 0.9896152690052986, "receiver_entropy": 0.0, "original_loss": 0.21633094176650047, "mean_length": 6.0}
{"mode": "test", "epoch": 62, "loss": 2.110999345779419, "acc": 0.9878234267234802, "acc_or": 0.9959411025047302, "sender_entropy": 1.095900535583496, "receiver_entropy": 0.0, "original_loss": 0.036521438509225845, "mean_length": 6.0}
{"mode": "train", "epoch": 63, "loss": 2.7392508387565613, "acc": 0.7973309606313705, "acc_or": 0.9262218251824379, "sender_entropy": 0.9940334260463715, "receiver_entropy": 0.0, "original_loss": 0.2076073084026575, "mean_length": 6.0}
{"mode": "test", "epoch": 63, "loss": 2.0718939304351807, "acc": 0.9893454909324646, "acc_or": 0.9964484572410583, "sender_entropy": 1.0955395698547363, "receiver_entropy": 0.0, "original_loss": 0.041689660400152206, "mean_length": 6.0}
{"mode": "train", "epoch": 64, "loss": 2.6769893765449524, "acc": 0.7987077012658119, "acc_or": 0.9267763197422028, "sender_entropy": 0.9872642606496811, "receiver_entropy": 0.0, "original_loss": 0.2054437380284071, "mean_length": 6.0}
{"mode": "test", "epoch": 64, "loss": 2.021524667739868, "acc": 0.9893454909324646, "acc_or": 0.9964484572410583, "sender_entropy": 1.0836998224258423, "receiver_entropy": 0.0, "original_loss": 0.037941765040159225, "mean_length": 6.0}
{"mode": "train", "epoch": 65, "loss": 2.6569237411022186, "acc": 0.8080293610692024, "acc_or": 0.9307308346033096, "sender_entropy": 0.9705429747700691, "receiver_entropy": 0.0, "original_loss": 0.1950109526515007, "mean_length": 6.0}
{"mode": "test", "epoch": 65, "loss": 1.9658321142196655, "acc": 0.9771689772605896, "acc_or": 0.9923896193504333, "sender_entropy": 1.0767250061035156, "receiver_entropy": 0.0, "original_loss": 0.04429689049720764, "mean_length": 6.0}
{"mode": "train", "epoch": 66, "loss": 2.6288563013076782, "acc": 0.8081729859113693, "acc_or": 0.9306601360440254, "sender_entropy": 0.9764740765094757, "receiver_entropy": 0.0, "original_loss": 0.1944437362253666, "mean_length": 6.0}
{"mode": "test", "epoch": 66, "loss": 1.9966150522232056, "acc": 0.9908676147460938, "acc_or": 0.9969558119773865, "sender_entropy": 1.0914807319641113, "receiver_entropy": 0.0, "original_loss": 0.03377283737063408, "mean_length": 6.0}
{"mode": "train", "epoch": 67, "loss": 2.525954484939575, "acc": 0.7997686862945557, "acc_or": 0.927139937877655, "sender_entropy": 0.9889543876051903, "receiver_entropy": 0.0, "original_loss": 0.20497236959636211, "mean_length": 6.0}
{"mode": "test", "epoch": 67, "loss": 1.962173342704773, "acc": 0.9832572340965271, "acc_or": 0.9944190382957458, "sender_entropy": 1.1013493537902832, "receiver_entropy": 0.0, "original_loss": 0.040723465383052826, "mean_length": 6.0}
{"mode": "train", "epoch": 68, "loss": 2.499694138765335, "acc": 0.8011233285069466, "acc_or": 0.9280848503112793, "sender_entropy": 0.9880916178226471, "receiver_entropy": 0.0, "original_loss": 0.2020921390503645, "mean_length": 6.0}
{"mode": "test", "epoch": 68, "loss": 1.933427095413208, "acc": 0.9832572340965271, "acc_or": 0.9944190382957458, "sender_entropy": 1.0890512466430664, "receiver_entropy": 0.0, "original_loss": 0.03634140267968178, "mean_length": 6.0}
{"mode": "train", "epoch": 69, "loss": 2.4750036895275116, "acc": 0.8095740079879761, "acc_or": 0.9305203855037689, "sender_entropy": 0.9814782291650772, "receiver_entropy": 0.0, "original_loss": 0.19644039124250412, "mean_length": 6.0}
{"mode": "test", "epoch": 69, "loss": 1.9021234512329102, "acc": 0.9893454909324646, "acc_or": 0.9964484572410583, "sender_entropy": 1.089518427848816, "receiver_entropy": 0.0, "original_loss": 0.033920470625162125, "mean_length": 6.0}
{"mode": "train", "epoch": 70, "loss": 2.4266964495182037, "acc": 0.8082814142107964, "acc_or": 0.9303022548556328, "sender_entropy": 0.9856578633189201, "receiver_entropy": 0.0, "original_loss": 0.1970290821045637, "mean_length": 6.0}
{"mode": "test", "epoch": 70, "loss": 1.8858919143676758, "acc": 0.9893454909324646, "acc_or": 0.9964484572410583, "sender_entropy": 1.090034008026123, "receiver_entropy": 0.0, "original_loss": 0.034936416894197464, "mean_length": 6.0}
{"mode": "train", "epoch": 71, "loss": 2.386794686317444, "acc": 0.8151434138417244, "acc_or": 0.9328115805983543, "sender_entropy": 0.9768339470028877, "receiver_entropy": 0.0, "original_loss": 0.19172383844852448, "mean_length": 6.0}
{"mode": "test", "epoch": 71, "loss": 1.8617966175079346, "acc": 0.9923896789550781, "acc_or": 0.9974631667137146, "sender_entropy": 1.088248372077942, "receiver_entropy": 0.0, "original_loss": 0.030577493831515312, "mean_length": 6.0}
{"mode": "train", "epoch": 72, "loss": 2.3978274166584015, "acc": 0.8217341229319572, "acc_or": 0.9353199154138565, "sender_entropy": 0.975430004298687, "receiver_entropy": 0.0, "original_loss": 0.18416552431881428, "mean_length": 6.0}
{"mode": "test", "epoch": 72, "loss": 1.8195643424987793, "acc": 0.9939117431640625, "acc_or": 0.9979705214500427, "sender_entropy": 1.0838167667388916, "receiver_entropy": 0.0, "original_loss": 0.027890212833881378, "mean_length": 6.0}
{"mode": "train", "epoch": 73, "loss": 2.3049620389938354, "acc": 0.8142576888203621, "acc_or": 0.9322246015071869, "sender_entropy": 0.9808481857180595, "receiver_entropy": 0.0, "original_loss": 0.19179821014404297, "mean_length": 6.0}
{"mode": "test", "epoch": 73, "loss": 1.8047901391983032, "acc": 0.9893454909324646, "acc_or": 0.9964484572410583, "sender_entropy": 1.0883569717407227, "receiver_entropy": 0.0, "original_loss": 0.03239763155579567, "mean_length": 6.0}
{"mode": "train", "epoch": 74, "loss": 2.2789442241191864, "acc": 0.8182096108794212, "acc_or": 0.9344093725085258, "sender_entropy": 0.9826411232352257, "receiver_entropy": 0.0, "original_loss": 0.1881325300782919, "mean_length": 6.0}
{"mode": "test", "epoch": 74, "loss": 1.758280873298645, "acc": 0.9939117431640625, "acc_or": 0.9979705214500427, "sender_entropy": 1.0755687952041626, "receiver_entropy": 0.0, "original_loss": 0.030486050993204117, "mean_length": 6.0}
{"mode": "train", "epoch": 75, "loss": 2.27443727850914, "acc": 0.8274977505207062, "acc_or": 0.9376832991838455, "sender_entropy": 0.9703230485320091, "receiver_entropy": 0.0, "original_loss": 0.17879746668040752, "mean_length": 6.0}
{"mode": "test", "epoch": 75, "loss": 1.7296192646026611, "acc": 0.9954338073730469, "acc_or": 0.9984778761863708, "sender_entropy": 1.0678296089172363, "receiver_entropy": 0.0, "original_loss": 0.027730459347367287, "mean_length": 6.0}
{"mode": "train", "epoch": 76, "loss": 2.2129193246364594, "acc": 0.8203601092100143, "acc_or": 0.9352039843797684, "sender_entropy": 0.9748308435082436, "receiver_entropy": 0.0, "original_loss": 0.18390573374927044, "mean_length": 6.0}
{"mode": "test", "epoch": 76, "loss": 1.7271928787231445, "acc": 0.9923896789550781, "acc_or": 0.9974631667137146, "sender_entropy": 1.0836262702941895, "receiver_entropy": 0.0, "original_loss": 0.028044166043400764, "mean_length": 6.0}
{"mode": "train", "epoch": 77, "loss": 2.1371593475341797, "acc": 0.8173378109931946, "acc_or": 0.93352922052145, "sender_entropy": 0.9738412499427795, "receiver_entropy": 0.0, "original_loss": 0.18840353935956955, "mean_length": 6.0}
{"mode": "test", "epoch": 77, "loss": 1.675633192062378, "acc": 0.9878234267234802, "acc_or": 0.9959411025047302, "sender_entropy": 1.0671563148498535, "receiver_entropy": 0.0, "original_loss": 0.03137160465121269, "mean_length": 6.0}
{"mode": "train", "epoch": 78, "loss": 2.169550806283951, "acc": 0.8257010579109192, "acc_or": 0.9370713531970978, "sender_entropy": 0.963813066482544, "receiver_entropy": 0.0, "original_loss": 0.17801744863390923, "mean_length": 6.0}
{"mode": "test", "epoch": 78, "loss": 1.670167088508606, "acc": 0.9908676147460938, "acc_or": 0.9969558119773865, "sender_entropy": 1.072318434715271, "receiver_entropy": 0.0, "original_loss": 0.027264222502708435, "mean_length": 6.0}
{"mode": "train", "epoch": 79, "loss": 2.1160916686058044, "acc": 0.8246869966387749, "acc_or": 0.9369102865457535, "sender_entropy": 0.9696566611528397, "receiver_entropy": 0.0, "original_loss": 0.18029414676129818, "mean_length": 6.0}
{"mode": "test", "epoch": 79, "loss": 1.6629070043563843, "acc": 0.9878234267234802, "acc_or": 0.9959411025047302, "sender_entropy": 1.077804446220398, "receiver_entropy": 0.0, "original_loss": 0.028623735532164574, "mean_length": 6.0}
{"mode": "train", "epoch": 80, "loss": 2.095465749502182, "acc": 0.8254946991801262, "acc_or": 0.9373806193470955, "sender_entropy": 0.969863660633564, "receiver_entropy": 0.0, "original_loss": 0.17745255306363106, "mean_length": 6.0}
{"mode": "test", "epoch": 80, "loss": 1.651882290840149, "acc": 0.9908676147460938, "acc_or": 0.9969558119773865, "sender_entropy": 1.0879802703857422, "receiver_entropy": 0.0, "original_loss": 0.0293179489672184, "mean_length": 6.0}
{"mode": "train", "epoch": 81, "loss": 2.1134830117225647, "acc": 0.8272229209542274, "acc_or": 0.9381184875965118, "sender_entropy": 0.9724338203668594, "receiver_entropy": 0.0, "original_loss": 0.17422033473849297, "mean_length": 6.0}
{"mode": "test", "epoch": 81, "loss": 1.6166375875473022, "acc": 0.9893454909324646, "acc_or": 0.9964484572410583, "sender_entropy": 1.079749345779419, "receiver_entropy": 0.0, "original_loss": 0.028630586341023445, "mean_length": 6.0}
{"mode": "train", "epoch": 82, "loss": 2.0287410467863083, "acc": 0.8243012726306915, "acc_or": 0.9366838708519936, "sender_entropy": 0.9701485186815262, "receiver_entropy": 0.0, "original_loss": 0.1778221558779478, "mean_length": 6.0}
{"mode": "test", "epoch": 82, "loss": 1.5967960357666016, "acc": 0.9908676147460938, "acc_or": 0.9969558119773865, "sender_entropy": 1.078951120376587, "receiver_entropy": 0.0, "original_loss": 0.030362926423549652, "mean_length": 6.0}
{"mode": "train", "epoch": 83, "loss": 1.9884842038154602, "acc": 0.8253285735845566, "acc_or": 0.9370391741394997, "sender_entropy": 0.9731468185782433, "receiver_entropy": 0.0, "original_loss": 0.17984283901751041, "mean_length": 6.0}
{"mode": "test", "epoch": 83, "loss": 1.592610239982605, "acc": 0.9878234267234802, "acc_or": 0.9959411025047302, "sender_entropy": 1.0923492908477783, "receiver_entropy": 0.0, "original_loss": 0.03016173094511032, "mean_length": 6.0}
{"mode": "train", "epoch": 84, "loss": 1.9946728199720383, "acc": 0.8271045312285423, "acc_or": 0.9378091543912888, "sender_entropy": 0.977002315223217, "receiver_entropy": 0.0, "original_loss": 0.17491614818572998, "mean_length": 6.0}
{"mode": "test", "epoch": 84, "loss": 1.6012015342712402, "acc": 0.9969558715820312, "acc_or": 0.998985230922699, "sender_entropy": 1.0899584293365479, "receiver_entropy": 0.0, "original_loss": 0.02516683004796505, "mean_length": 6.0}
{"mode": "train", "epoch": 85, "loss": 1.958450123667717, "acc": 0.8326223790645599, "acc_or": 0.9397158026695251, "sender_entropy": 0.9760137870907784, "receiver_entropy": 0.0, "original_loss": 0.17406964115798473, "mean_length": 6.0}
{"mode": "test", "epoch": 85, "loss": 1.5934860706329346, "acc": 0.9908676147460938, "acc_or": 0.9969558119773865, "sender_entropy": 1.1004358530044556, "receiver_entropy": 0.0, "original_loss": 0.026814820244908333, "mean_length": 6.0}
{"mode": "train", "epoch": 86, "loss": 1.910941556096077, "acc": 0.8265395835042, "acc_or": 0.9371720179915428, "sender_entropy": 0.980570450425148, "receiver_entropy": 0.0, "original_loss": 0.17797159403562546, "mean_length": 6.0}
{"mode": "test", "epoch": 86, "loss": 1.5692939758300781, "acc": 0.9939117431640625, "acc_or": 0.9979705214500427, "sender_entropy": 1.0906058549880981, "receiver_entropy": 0.0, "original_loss": 0.024088166654109955, "mean_length": 6.0}
{"mode": "train", "epoch": 87, "loss": 1.9193575531244278, "acc": 0.8356673270463943, "acc_or": 0.9408866465091705, "sender_entropy": 0.9716940447688103, "receiver_entropy": 0.0, "original_loss": 0.1702614687383175, "mean_length": 6.0}
{"mode": "test", "epoch": 87, "loss": 1.5328136682510376, "acc": 0.9923896789550781, "acc_or": 0.9974631667137146, "sender_entropy": 1.082240104675293, "receiver_entropy": 0.0, "original_loss": 0.02293745055794716, "mean_length": 6.0}
{"mode": "train", "epoch": 88, "loss": 1.9301425367593765, "acc": 0.8443734496831894, "acc_or": 0.9441259354352951, "sender_entropy": 0.9677322804927826, "receiver_entropy": 0.0, "original_loss": 0.16001872904598713, "mean_length": 6.0}
{"mode": "test", "epoch": 88, "loss": 1.5000425577163696, "acc": 0.9954338073730469, "acc_or": 0.9984778761863708, "sender_entropy": 1.0721896886825562, "receiver_entropy": 0.0, "original_loss": 0.02036294899880886, "mean_length": 6.0}
{"mode": "train", "epoch": 89, "loss": 1.9328465312719345, "acc": 0.8516527935862541, "acc_or": 0.9470045268535614, "sender_entropy": 0.9573748484253883, "receiver_entropy": 0.0, "original_loss": 0.15414587035775185, "mean_length": 6.0}
{"mode": "test", "epoch": 89, "loss": 1.4963276386260986, "acc": 0.9939117431640625, "acc_or": 0.9979705214500427, "sender_entropy": 1.079496145248413, "receiver_entropy": 0.0, "original_loss": 0.022415373474359512, "mean_length": 6.0}
{"mode": "train", "epoch": 90, "loss": 1.844905361533165, "acc": 0.8308516144752502, "acc_or": 0.9398301541805267, "sender_entropy": 0.9812562316656113, "receiver_entropy": 0.0, "original_loss": 0.17175256833434105, "mean_length": 6.0}
{"mode": "test", "epoch": 90, "loss": 1.5197778940200806, "acc": 0.9893454909324646, "acc_or": 0.9964484572410583, "sender_entropy": 1.1110752820968628, "receiver_entropy": 0.0, "original_loss": 0.026121478527784348, "mean_length": 6.0}
{"mode": "train", "epoch": 91, "loss": 1.7270589172840118, "acc": 0.8158054500818253, "acc_or": 0.9336753562092781, "sender_entropy": 0.9924266412854195, "receiver_entropy": 0.0, "original_loss": 0.1875920183956623, "mean_length": 6.0}
{"mode": "test", "epoch": 91, "loss": 1.4872512817382812, "acc": 0.9954338073730469, "acc_or": 0.9979705214500427, "sender_entropy": 1.095900297164917, "receiver_entropy": 0.0, "original_loss": 0.022547680884599686, "mean_length": 6.0}
{"mode": "train", "epoch": 92, "loss": 1.794390231370926, "acc": 0.8337170630693436, "acc_or": 0.940102756023407, "sender_entropy": 0.9757012948393822, "receiver_entropy": 0.0, "original_loss": 0.16849037259817123, "mean_length": 6.0}
{"mode": "test", "epoch": 92, "loss": 1.4596977233886719, "acc": 0.9939117431640625, "acc_or": 0.9979705214500427, "sender_entropy": 1.0890501737594604, "receiver_entropy": 0.0, "original_loss": 0.02449466474354267, "mean_length": 6.0}
{"mode": "train", "epoch": 93, "loss": 1.7456196248531342, "acc": 0.8328932523727417, "acc_or": 0.939738817512989, "sender_entropy": 0.9812959209084511, "receiver_entropy": 0.0, "original_loss": 0.1721014529466629, "mean_length": 6.0}
{"mode": "test", "epoch": 93, "loss": 1.4576246738433838, "acc": 0.9847792983055115, "acc_or": 0.994926393032074, "sender_entropy": 1.0958694219589233, "receiver_entropy": 0.0, "original_loss": 0.024708259850740433, "mean_length": 6.0}
{"mode": "train", "epoch": 94, "loss": 1.7437468618154526, "acc": 0.8360235691070557, "acc_or": 0.9413496479392052, "sender_entropy": 0.9754481017589569, "receiver_entropy": 0.0, "original_loss": 0.16711223497986794, "mean_length": 6.0}
{"mode": "test", "epoch": 94, "loss": 1.4472169876098633, "acc": 1.0, "acc_or": 1.0, "sender_entropy": 1.089925765991211, "receiver_entropy": 0.0, "original_loss": 0.017244795337319374, "mean_length": 6.0}
{"epoch": 94, "positional_disent": 0.056200262159109116, "bag_of_symbol_disent": 0.1906382143497467, "topographic_sim": 0.30780506010033404}
{"generalization hold out": {"acc": 0.9794238805770874, "acc_or": 0.9897119402885437}, "uniform holdout": {"acc": 0.9583333134651184, "acc_or": 0.9861111044883728}, "epoch": 94}
---End--
