nohup: ignoring input
{"mode": "train", "epoch": 1, "loss": -18.767759323120117, "acc": 0.010958904400467873, "acc_or": 0.3185502290725708, "sender_entropy": 2.3016374111175537, "receiver_entropy": 0.0, "original_loss": 1.3752987384796143, "mean_length": 6.0}
{"mode": "test", "epoch": 1, "loss": 0.6133068799972534, "acc": 0.013698630034923553, "acc_or": 0.33561643958091736, "sender_entropy": 2.298989772796631, "receiver_entropy": 0.0, "original_loss": 1.3431655168533325, "mean_length": 6.0}
{"mode": "train", "epoch": 2, "loss": 0.6590023040771484, "acc": 0.013013698160648346, "acc_or": 0.3253995478153229, "sender_entropy": 2.2992172241210938, "receiver_entropy": 0.0, "original_loss": 1.3414925336837769, "mean_length": 6.0}
{"mode": "test", "epoch": 2, "loss": 0.732426643371582, "acc": 0.013698630034923553, "acc_or": 0.284246563911438, "sender_entropy": 2.2963743209838867, "receiver_entropy": 0.0, "original_loss": 1.3140335083007812, "mean_length": 6.0}
{"mode": "train", "epoch": 3, "loss": 0.8308167457580566, "acc": 0.010502282530069351, "acc_or": 0.33287671208381653, "sender_entropy": 2.2968673706054688, "receiver_entropy": 0.0, "original_loss": 1.309890627861023, "mean_length": 6.0}
{"mode": "test", "epoch": 3, "loss": 0.9180061221122742, "acc": 0.013698630034923553, "acc_or": 0.3732876777648926, "sender_entropy": 2.295170545578003, "receiver_entropy": 0.0, "original_loss": 1.2801218032836914, "mean_length": 6.0}
{"mode": "train", "epoch": 4, "loss": 1.0604816675186157, "acc": 0.010045661590993404, "acc_or": 0.3343607187271118, "sender_entropy": 2.295764684677124, "receiver_entropy": 0.0, "original_loss": 1.2745054960250854, "mean_length": 6.0}
{"mode": "test", "epoch": 4, "loss": 1.2016609907150269, "acc": 0.013698630034923553, "acc_or": 0.34246575832366943, "sender_entropy": 2.294825792312622, "receiver_entropy": 0.0, "original_loss": 1.2371292114257812, "mean_length": 6.0}
{"mode": "train", "epoch": 5, "loss": 1.3546593189239502, "acc": 0.015068492852151394, "acc_or": 0.33926939964294434, "sender_entropy": 2.295377731323242, "receiver_entropy": 0.0, "original_loss": 1.233079195022583, "mean_length": 6.0}
{"mode": "test", "epoch": 5, "loss": 1.5110818147659302, "acc": 0.013698630034923553, "acc_or": 0.33561643958091736, "sender_entropy": 2.294642686843872, "receiver_entropy": 0.0, "original_loss": 1.190663456916809, "mean_length": 6.0}
{"mode": "train", "epoch": 6, "loss": 1.6945521831512451, "acc": 0.013698630034923553, "acc_or": 0.34332191944122314, "sender_entropy": 2.2949745655059814, "receiver_entropy": 0.0, "original_loss": 1.1864969730377197, "mean_length": 6.0}
{"mode": "test", "epoch": 6, "loss": 1.9818825721740723, "acc": 0.013698630034923553, "acc_or": 0.3561643958091736, "sender_entropy": 2.293868064880371, "receiver_entropy": 0.0, "original_loss": 1.129083275794983, "mean_length": 6.0}
{"mode": "train", "epoch": 7, "loss": 1.9817237854003906, "acc": 0.01392694003880024, "acc_or": 0.34920090436935425, "sender_entropy": 2.29414963722229, "receiver_entropy": 0.0, "original_loss": 1.1421245336532593, "mean_length": 6.0}
{"mode": "test", "epoch": 7, "loss": 1.9860820770263672, "acc": 0.013698630034923553, "acc_or": 0.3561643958091736, "sender_entropy": 2.292560577392578, "receiver_entropy": 0.0, "original_loss": 1.1061010360717773, "mean_length": 6.0}
{"mode": "train", "epoch": 8, "loss": 2.070199966430664, "acc": 0.01392694003880024, "acc_or": 0.3533104956150055, "sender_entropy": 2.2928173542022705, "receiver_entropy": 0.0, "original_loss": 1.1130269765853882, "mean_length": 6.0}
{"mode": "test", "epoch": 8, "loss": 1.7575095891952515, "acc": 0.013698630034923553, "acc_or": 0.3561643958091736, "sender_entropy": 2.2899577617645264, "receiver_entropy": 0.0, "original_loss": 1.1028498411178589, "mean_length": 6.0}
{"mode": "train", "epoch": 9, "loss": 1.9542303085327148, "acc": 0.013470319099724293, "acc_or": 0.3566780686378479, "sender_entropy": 2.2918426990509033, "receiver_entropy": 0.0, "original_loss": 1.1015117168426514, "mean_length": 6.0}
{"mode": "test", "epoch": 9, "loss": 1.5394645929336548, "acc": 0.013698630034923553, "acc_or": 0.33561643958091736, "sender_entropy": 2.289726734161377, "receiver_entropy": 0.0, "original_loss": 1.1032909154891968, "mean_length": 6.0}
{"mode": "train", "epoch": 10, "loss": 1.7404042482376099, "acc": 0.013470319099724293, "acc_or": 0.3432648479938507, "sender_entropy": 2.292031764984131, "receiver_entropy": 0.0, "original_loss": 1.101016640663147, "mean_length": 6.0}
{"mode": "test", "epoch": 10, "loss": 1.4808781147003174, "acc": 0.027397260069847107, "acc_or": 0.3664383590221405, "sender_entropy": 2.291294813156128, "receiver_entropy": 0.0, "original_loss": 1.094941258430481, "mean_length": 6.0}
{"mode": "train", "epoch": 11, "loss": 1.6073365211486816, "acc": 0.014383560977876186, "acc_or": 0.35627853870391846, "sender_entropy": 2.2932145595550537, "receiver_entropy": 0.0, "original_loss": 1.0973695516586304, "mean_length": 6.0}
{"mode": "test", "epoch": 11, "loss": 1.3658058643341064, "acc": 0.013698630034923553, "acc_or": 0.35273972153663635, "sender_entropy": 2.2932517528533936, "receiver_entropy": 0.0, "original_loss": 1.093711495399475, "mean_length": 6.0}
{"mode": "train", "epoch": 12, "loss": 1.4329688549041748, "acc": 0.013242009095847607, "acc_or": 0.35256847739219666, "sender_entropy": 2.2945470809936523, "receiver_entropy": 0.0, "original_loss": 1.0991828441619873, "mean_length": 6.0}
{"mode": "test", "epoch": 12, "loss": 1.2907295227050781, "acc": 0.027397260069847107, "acc_or": 0.3664383590221405, "sender_entropy": 2.2949211597442627, "receiver_entropy": 0.0, "original_loss": 1.0917699337005615, "mean_length": 6.0}
{"mode": "train", "epoch": 13, "loss": 1.332946538925171, "acc": 0.01392694003880024, "acc_or": 0.35222601890563965, "sender_entropy": 2.295719623565674, "receiver_entropy": 0.0, "original_loss": 1.0973589420318604, "mean_length": 6.0}
{"mode": "test", "epoch": 13, "loss": 1.0467151403427124, "acc": 0.04109589010477066, "acc_or": 0.3732876777648926, "sender_entropy": 2.296198606491089, "receiver_entropy": 0.0, "original_loss": 1.1057813167572021, "mean_length": 6.0}
{"mode": "train", "epoch": 14, "loss": 1.2073023319244385, "acc": 0.01552511379122734, "acc_or": 0.3380136787891388, "sender_entropy": 2.296558141708374, "receiver_entropy": 0.0, "original_loss": 1.0989456176757812, "mean_length": 6.0}
{"mode": "test", "epoch": 14, "loss": 0.6838892698287964, "acc": 0.04109589010477066, "acc_or": 0.4006849229335785, "sender_entropy": 2.2969748973846436, "receiver_entropy": 0.0, "original_loss": 1.1302927732467651, "mean_length": 6.0}
{"mode": "train", "epoch": 15, "loss": 1.1417415142059326, "acc": 0.0125570772215724, "acc_or": 0.35462328791618347, "sender_entropy": 2.2971763610839844, "receiver_entropy": 0.0, "original_loss": 1.0970234870910645, "mean_length": 6.0}
{"mode": "test", "epoch": 15, "loss": 0.49217545986175537, "acc": 0.013698630034923553, "acc_or": 0.3595890402793884, "sender_entropy": 2.2975292205810547, "receiver_entropy": 0.0, "original_loss": 1.141107201576233, "mean_length": 6.0}
{"mode": "train", "epoch": 16, "loss": 1.0494626760482788, "acc": 0.013470319099724293, "acc_or": 0.35342463850975037, "sender_entropy": 2.297701835632324, "receiver_entropy": 0.0, "original_loss": 1.0979509353637695, "mean_length": 6.0}
{"mode": "test", "epoch": 16, "loss": -0.2734084129333496, "acc": 0.013698630034923553, "acc_or": 0.3732876777648926, "sender_entropy": 2.297981023788452, "receiver_entropy": 0.0, "original_loss": 1.2005776166915894, "mean_length": 6.0}
{"mode": "train", "epoch": 17, "loss": 0.9956607818603516, "acc": 0.0125570772215724, "acc_or": 0.358219176530838, "sender_entropy": 2.298147201538086, "receiver_entropy": 0.0, "original_loss": 1.0967657566070557, "mean_length": 6.0}
{"mode": "test", "epoch": 17, "loss": -0.22096967697143555, "acc": 0.027397260069847107, "acc_or": 0.4006849229335785, "sender_entropy": 2.2984087467193604, "receiver_entropy": 0.0, "original_loss": 1.1916730403900146, "mean_length": 6.0}
{"mode": "train", "epoch": 18, "loss": 0.9412851929664612, "acc": 0.013242009095847607, "acc_or": 0.35896119475364685, "sender_entropy": 2.298569679260254, "receiver_entropy": 0.0, "original_loss": 1.0961893796920776, "mean_length": 6.0}
{"mode": "test", "epoch": 18, "loss": -0.2882671356201172, "acc": 0.027397260069847107, "acc_or": 0.3835616409778595, "sender_entropy": 2.298813819885254, "receiver_entropy": 0.0, "original_loss": 1.1927779912948608, "mean_length": 6.0}
{"mode": "train", "epoch": 19, "loss": 0.8751047253608704, "acc": 0.013242009095847607, "acc_or": 0.34668949246406555, "sender_entropy": 2.2989795207977295, "receiver_entropy": 0.0, "original_loss": 1.0970348119735718, "mean_length": 6.0}
{"mode": "test", "epoch": 19, "loss": -0.0576319694519043, "acc": 0.04109589010477066, "acc_or": 0.4623287618160248, "sender_entropy": 2.2991790771484375, "receiver_entropy": 0.0, "original_loss": 1.1692482233047485, "mean_length": 6.0}
{"mode": "train", "epoch": 20, "loss": 0.8365864753723145, "acc": 0.01392694003880024, "acc_or": 0.3579908609390259, "sender_entropy": 2.2993462085723877, "receiver_entropy": 0.0, "original_loss": 1.0962276458740234, "mean_length": 6.0}
{"mode": "test", "epoch": 20, "loss": -0.027042508125305176, "acc": 0.013698630034923553, "acc_or": 0.42465752363204956, "sender_entropy": 2.299529552459717, "receiver_entropy": 0.0, "original_loss": 1.1624881029129028, "mean_length": 6.0}
{"mode": "train", "epoch": 21, "loss": 0.7933067083358765, "acc": 0.014840182848274708, "acc_or": 0.36078765988349915, "sender_entropy": 2.2996816635131836, "receiver_entropy": 0.0, "original_loss": 1.0961207151412964, "mean_length": 6.0}
{"mode": "test", "epoch": 21, "loss": 0.19157344102859497, "acc": 0.013698630034923553, "acc_or": 0.45890411734580994, "sender_entropy": 2.2998433113098145, "receiver_entropy": 0.0, "original_loss": 1.140608310699463, "mean_length": 6.0}
{"mode": "train", "epoch": 22, "loss": 0.7462517619132996, "acc": 0.016894977539777756, "acc_or": 0.3588470220565796, "sender_entropy": 2.2999789714813232, "receiver_entropy": 0.0, "original_loss": 1.0966182947158813, "mean_length": 6.0}
{"mode": "test", "epoch": 22, "loss": 0.566120445728302, "acc": 0.04109589010477066, "acc_or": 0.4726027250289917, "sender_entropy": 2.3000919818878174, "receiver_entropy": 0.0, "original_loss": 1.106378436088562, "mean_length": 6.0}
{"mode": "train", "epoch": 23, "loss": 0.7259794473648071, "acc": 0.013013698160648346, "acc_or": 0.3628995418548584, "sender_entropy": 2.300189971923828, "receiver_entropy": 0.0, "original_loss": 1.095362901687622, "mean_length": 6.0}
{"mode": "test", "epoch": 23, "loss": 0.7922444939613342, "acc": 0.06849315017461777, "acc_or": 0.5068492889404297, "sender_entropy": 2.3002946376800537, "receiver_entropy": 0.0, "original_loss": 1.084812045097351, "mean_length": 6.0}
{"mode": "train", "epoch": 24, "loss": 0.6842191815376282, "acc": 0.015068492852151394, "acc_or": 0.36164382100105286, "sender_entropy": 2.3003530502319336, "receiver_entropy": 0.0, "original_loss": 1.0959367752075195, "mean_length": 6.0}
{"mode": "test", "epoch": 24, "loss": 1.0544145107269287, "acc": 0.08219178020954132, "acc_or": 0.551369845867157, "sender_entropy": 2.300405263900757, "receiver_entropy": 0.0, "original_loss": 1.0606683492660522, "mean_length": 6.0}
{"mode": "train", "epoch": 25, "loss": 0.6539644002914429, "acc": 0.016210045665502548, "acc_or": 0.36033105850219727, "sender_entropy": 2.3004493713378906, "receiver_entropy": 0.0, "original_loss": 1.09590482711792, "mean_length": 6.0}
{"mode": "test", "epoch": 25, "loss": 1.1105581521987915, "acc": 0.06849315017461777, "acc_or": 0.5308219194412231, "sender_entropy": 2.3004581928253174, "receiver_entropy": 0.0, "original_loss": 1.053770899772644, "mean_length": 6.0}
{"mode": "train", "epoch": 26, "loss": 0.6361761689186096, "acc": 0.016894977539777756, "acc_or": 0.36586758494377136, "sender_entropy": 2.3004863262176514, "receiver_entropy": 0.0, "original_loss": 1.0950417518615723, "mean_length": 6.0}
{"mode": "test", "epoch": 26, "loss": 1.1527599096298218, "acc": 0.027397260069847107, "acc_or": 0.49657532572746277, "sender_entropy": 2.3004493713378906, "receiver_entropy": 0.0, "original_loss": 1.048206090927124, "mean_length": 6.0}
{"mode": "train", "epoch": 27, "loss": 0.6075855493545532, "acc": 0.014840182848274708, "acc_or": 0.3639269471168518, "sender_entropy": 2.3004703521728516, "receiver_entropy": 0.0, "original_loss": 1.0951974391937256, "mean_length": 6.0}
{"mode": "test", "epoch": 27, "loss": 1.2037450075149536, "acc": 0.04109589010477066, "acc_or": 0.5547944903373718, "sender_entropy": 2.3003990650177, "receiver_entropy": 0.0, "original_loss": 1.0421206951141357, "mean_length": 6.0}
{"mode": "train", "epoch": 28, "loss": 0.5798508524894714, "acc": 0.015068492852151394, "acc_or": 0.3622716963291168, "sender_entropy": 2.300421953201294, "receiver_entropy": 0.0, "original_loss": 1.0954142808914185, "mean_length": 6.0}
{"mode": "test", "epoch": 28, "loss": 1.2450212240219116, "acc": 0.054794520139694214, "acc_or": 0.5787671208381653, "sender_entropy": 2.3003172874450684, "receiver_entropy": 0.0, "original_loss": 1.0369224548339844, "mean_length": 6.0}
{"mode": "train", "epoch": 29, "loss": 0.5672895312309265, "acc": 0.016210045665502548, "acc_or": 0.3617579936981201, "sender_entropy": 2.3003368377685547, "receiver_entropy": 0.0, "original_loss": 1.094597339630127, "mean_length": 6.0}
{"mode": "test", "epoch": 29, "loss": 1.2576152086257935, "acc": 0.09589041024446487, "acc_or": 0.6095890402793884, "sender_entropy": 2.3001980781555176, "receiver_entropy": 0.0, "original_loss": 1.0341609716415405, "mean_length": 6.0}
{"mode": "train", "epoch": 30, "loss": 0.5374284982681274, "acc": 0.01552511379122734, "acc_or": 0.3617009222507477, "sender_entropy": 2.300217390060425, "receiver_entropy": 0.0, "original_loss": 1.0952379703521729, "mean_length": 6.0}
{"mode": "test", "epoch": 30, "loss": 1.2683227062225342, "acc": 0.09589041024446487, "acc_or": 0.5650684833526611, "sender_entropy": 2.3000473976135254, "receiver_entropy": 0.0, "original_loss": 1.0316282510757446, "mean_length": 6.0}
{"mode": "train", "epoch": 31, "loss": 0.5240830779075623, "acc": 0.018493151292204857, "acc_or": 0.3657534122467041, "sender_entropy": 2.300076484680176, "receiver_entropy": 0.0, "original_loss": 1.0947132110595703, "mean_length": 6.0}
{"mode": "test", "epoch": 31, "loss": 1.2781742811203003, "acc": 0.09589041024446487, "acc_or": 0.585616409778595, "sender_entropy": 2.299870252609253, "receiver_entropy": 0.0, "original_loss": 1.0291409492492676, "mean_length": 6.0}
{"mode": "train", "epoch": 32, "loss": 0.5108088254928589, "acc": 0.014840182848274708, "acc_or": 0.3639269471168518, "sender_entropy": 2.299898386001587, "receiver_entropy": 0.0, "original_loss": 1.094252586364746, "mean_length": 6.0}
{"mode": "test", "epoch": 32, "loss": 1.3047466278076172, "acc": 0.06849315017461777, "acc_or": 0.568493127822876, "sender_entropy": 2.299668073654175, "receiver_entropy": 0.0, "original_loss": 1.0253963470458984, "mean_length": 6.0}
{"mode": "train", "epoch": 33, "loss": 0.5054841637611389, "acc": 0.016894977539777756, "acc_or": 0.36883559823036194, "sender_entropy": 2.2996890544891357, "receiver_entropy": 0.0, "original_loss": 1.0932526588439941, "mean_length": 6.0}
{"mode": "test", "epoch": 33, "loss": 1.3240374326705933, "acc": 0.10958904027938843, "acc_or": 0.6061643958091736, "sender_entropy": 2.2994134426116943, "receiver_entropy": 0.0, "original_loss": 1.0221742391586304, "mean_length": 6.0}
{"mode": "train", "epoch": 34, "loss": 0.4716533422470093, "acc": 0.01666666567325592, "acc_or": 0.3671232759952545, "sender_entropy": 2.299431800842285, "receiver_entropy": 0.0, "original_loss": 1.094563364982605, "mean_length": 6.0}
{"mode": "test", "epoch": 34, "loss": 1.3687844276428223, "acc": 0.06849315017461777, "acc_or": 0.5993150472640991, "sender_entropy": 2.299118757247925, "receiver_entropy": 0.0, "original_loss": 1.0169031620025635, "mean_length": 6.0}
{"mode": "train", "epoch": 35, "loss": 0.47603273391723633, "acc": 0.015068492852151394, "acc_or": 0.3700913190841675, "sender_entropy": 2.299118995666504, "receiver_entropy": 0.0, "original_loss": 1.0929259061813354, "mean_length": 6.0}
{"mode": "test", "epoch": 35, "loss": 1.4046597480773926, "acc": 0.054794520139694214, "acc_or": 0.5958904027938843, "sender_entropy": 2.298734188079834, "receiver_entropy": 0.0, "original_loss": 1.0123029947280884, "mean_length": 6.0}
{"mode": "train", "epoch": 36, "loss": 0.45024818181991577, "acc": 0.021232876926660538, "acc_or": 0.3699200749397278, "sender_entropy": 2.2987353801727295, "receiver_entropy": 0.0, "original_loss": 1.093734860420227, "mean_length": 6.0}
{"mode": "test", "epoch": 36, "loss": 1.4065234661102295, "acc": 0.054794520139694214, "acc_or": 0.5924657583236694, "sender_entropy": 2.2982776165008545, "receiver_entropy": 0.0, "original_loss": 1.0105103254318237, "mean_length": 6.0}
{"mode": "train", "epoch": 37, "loss": 0.4561763405799866, "acc": 0.018721461296081543, "acc_or": 0.3763698637485504, "sender_entropy": 2.2982707023620605, "receiver_entropy": 0.0, "original_loss": 1.0920968055725098, "mean_length": 6.0}
{"mode": "test", "epoch": 37, "loss": 1.3712940216064453, "acc": 0.054794520139694214, "acc_or": 0.5890411138534546, "sender_entropy": 2.297692060470581, "receiver_entropy": 0.0, "original_loss": 1.0117487907409668, "mean_length": 6.0}
{"mode": "train", "epoch": 38, "loss": 0.4496930241584778, "acc": 0.021917808800935745, "acc_or": 0.37539952993392944, "sender_entropy": 2.29768705368042, "receiver_entropy": 0.0, "original_loss": 1.0914193391799927, "mean_length": 6.0}
{"mode": "test", "epoch": 38, "loss": 1.3304380178451538, "acc": 0.054794520139694214, "acc_or": 0.5993150472640991, "sender_entropy": 2.2969443798065186, "receiver_entropy": 0.0, "original_loss": 1.0135000944137573, "mean_length": 6.0}
{"mode": "train", "epoch": 39, "loss": 0.44631701707839966, "acc": 0.017123287543654442, "acc_or": 0.37996575236320496, "sender_entropy": 2.2969305515289307, "receiver_entropy": 0.0, "original_loss": 1.0906025171279907, "mean_length": 6.0}
{"mode": "test", "epoch": 39, "loss": 1.2602217197418213, "acc": 0.054794520139694214, "acc_or": 0.5958904027938843, "sender_entropy": 2.2960023880004883, "receiver_entropy": 0.0, "original_loss": 1.0176990032196045, "mean_length": 6.0}
{"mode": "train", "epoch": 40, "loss": 0.44326019287109375, "acc": 0.021232876926660538, "acc_or": 0.37996575236320496, "sender_entropy": 2.2959823608398438, "receiver_entropy": 0.0, "original_loss": 1.0897387266159058, "mean_length": 6.0}
{"mode": "test", "epoch": 40, "loss": 1.1654058694839478, "acc": 0.06849315017461777, "acc_or": 0.5993150472640991, "sender_entropy": 2.294828176498413, "receiver_entropy": 0.0, "original_loss": 1.0243024826049805, "mean_length": 6.0}
{"mode": "train", "epoch": 41, "loss": 0.43877488374710083, "acc": 0.021917808800935745, "acc_or": 0.38447487354278564, "sender_entropy": 2.294807195663452, "receiver_entropy": 0.0, "original_loss": 1.0889525413513184, "mean_length": 6.0}
{"mode": "test", "epoch": 41, "loss": 0.9969507455825806, "acc": 0.054794520139694214, "acc_or": 0.602739691734314, "sender_entropy": 2.2933106422424316, "receiver_entropy": 0.0, "original_loss": 1.0375006198883057, "mean_length": 6.0}
{"mode": "train", "epoch": 42, "loss": 0.4410148859024048, "acc": 0.018721461296081543, "acc_or": 0.3847602605819702, "sender_entropy": 2.293306350708008, "receiver_entropy": 0.0, "original_loss": 1.0877456665039062, "mean_length": 6.0}
{"mode": "test", "epoch": 42, "loss": 0.6670047640800476, "acc": 0.054794520139694214, "acc_or": 0.5205479264259338, "sender_entropy": 2.2914204597473145, "receiver_entropy": 0.0, "original_loss": 1.0650628805160522, "mean_length": 6.0}
{"mode": "train", "epoch": 43, "loss": 0.44761496782302856, "acc": 0.024657534435391426, "acc_or": 0.38801369071006775, "sender_entropy": 2.291412353515625, "receiver_entropy": 0.0, "original_loss": 1.0861306190490723, "mean_length": 6.0}
{"mode": "test", "epoch": 43, "loss": 0.2823221683502197, "acc": 0.054794520139694214, "acc_or": 0.45205479860305786, "sender_entropy": 2.289072275161743, "receiver_entropy": 0.0, "original_loss": 1.0984300374984741, "mean_length": 6.0}
{"mode": "train", "epoch": 44, "loss": 0.46662867069244385, "acc": 0.02283105067908764, "acc_or": 0.3961758017539978, "sender_entropy": 2.2890589237213135, "receiver_entropy": 0.0, "original_loss": 1.0833584070205688, "mean_length": 6.0}
{"mode": "test", "epoch": 44, "loss": -0.07212674617767334, "acc": 0.054794520139694214, "acc_or": 0.45205479860305786, "sender_entropy": 2.2859551906585693, "receiver_entropy": 0.0, "original_loss": 1.1307960748672485, "mean_length": 6.0}
{"mode": "train", "epoch": 45, "loss": 0.5063813328742981, "acc": 0.025799086317420006, "acc_or": 0.40565067529678345, "sender_entropy": 2.285959243774414, "receiver_entropy": 0.0, "original_loss": 1.079095482826233, "mean_length": 6.0}
{"mode": "test", "epoch": 45, "loss": -0.49119603633880615, "acc": 0.06849315017461777, "acc_or": 0.46917808055877686, "sender_entropy": 2.2820260524749756, "receiver_entropy": 0.0, "original_loss": 1.1699492931365967, "mean_length": 6.0}
{"mode": "train", "epoch": 46, "loss": 0.5371291637420654, "acc": 0.024885844439268112, "acc_or": 0.4129566252231598, "sender_entropy": 2.282012701034546, "receiver_entropy": 0.0, "original_loss": 1.0753782987594604, "mean_length": 6.0}
{"mode": "test", "epoch": 46, "loss": -0.9358075857162476, "acc": 0.054794520139694214, "acc_or": 0.44863012433052063, "sender_entropy": 2.2771942615509033, "receiver_entropy": 0.0, "original_loss": 1.2124882936477661, "mean_length": 6.0}
{"mode": "train", "epoch": 47, "loss": 0.5532538294792175, "acc": 0.03105022758245468, "acc_or": 0.41541096568107605, "sender_entropy": 2.2771666049957275, "receiver_entropy": 0.0, "original_loss": 1.072496771812439, "mean_length": 6.0}
{"mode": "test", "epoch": 47, "loss": -1.34846031665802, "acc": 0.04109589010477066, "acc_or": 0.4452054798603058, "sender_entropy": 2.2707347869873047, "receiver_entropy": 0.0, "original_loss": 1.254174828529358, "mean_length": 6.0}
{"mode": "train", "epoch": 48, "loss": 0.6027151346206665, "acc": 0.03264839947223663, "acc_or": 0.4351027309894562, "sender_entropy": 2.2706990242004395, "receiver_entropy": 0.0, "original_loss": 1.0669034719467163, "mean_length": 6.0}
{"mode": "test", "epoch": 48, "loss": -1.4454723596572876, "acc": 0.054794520139694214, "acc_or": 0.4554794430732727, "sender_entropy": 2.262026071548462, "receiver_entropy": 0.0, "original_loss": 1.265605092048645, "mean_length": 6.0}
{"mode": "train", "epoch": 49, "loss": 0.7040750980377197, "acc": 0.03378995507955551, "acc_or": 0.4436643719673157, "sender_entropy": 2.2619314193725586, "receiver_entropy": 0.0, "original_loss": 1.0569918155670166, "mean_length": 6.0}
{"mode": "test", "epoch": 49, "loss": -1.1668728590011597, "acc": 0.04109589010477066, "acc_or": 0.4383561611175537, "sender_entropy": 2.2507948875427246, "receiver_entropy": 0.0, "original_loss": 1.238810420036316, "mean_length": 6.0}
{"mode": "train", "epoch": 50, "loss": 0.7764682769775391, "acc": 0.036986302584409714, "acc_or": 0.44851598143577576, "sender_entropy": 2.250610589981079, "receiver_entropy": 0.0, "original_loss": 1.0488579273223877, "mean_length": 6.0}
{"mode": "test", "epoch": 50, "loss": -0.4951680898666382, "acc": 0.06849315017461777, "acc_or": 0.4452054798603058, "sender_entropy": 2.2385313510894775, "receiver_entropy": 0.0, "original_loss": 1.1682292222976685, "mean_length": 6.0}
{"mode": "train", "epoch": 51, "loss": 0.9030539393424988, "acc": 0.043607305735349655, "acc_or": 0.46107304096221924, "sender_entropy": 2.2378945350646973, "receiver_entropy": 0.0, "original_loss": 1.0359022617340088, "mean_length": 6.0}
{"mode": "test", "epoch": 51, "loss": 0.6690459847450256, "acc": 0.054794520139694214, "acc_or": 0.4554794430732727, "sender_entropy": 2.2255654335021973, "receiver_entropy": 0.0, "original_loss": 1.0416675806045532, "mean_length": 6.0}
{"mode": "train", "epoch": 52, "loss": 1.0136727094650269, "acc": 0.04109589010477066, "acc_or": 0.47574201226234436, "sender_entropy": 2.224339008331299, "receiver_entropy": 0.0, "original_loss": 1.023937463760376, "mean_length": 6.0}
{"mode": "test", "epoch": 52, "loss": 1.420064926147461, "acc": 0.08219178020954132, "acc_or": 0.5787671208381653, "sender_entropy": 2.209538698196411, "receiver_entropy": 0.0, "original_loss": 0.9470329880714417, "mean_length": 6.0}
{"mode": "train", "epoch": 53, "loss": 1.1511633396148682, "acc": 0.052511416375637054, "acc_or": 0.48966893553733826, "sender_entropy": 2.2074172496795654, "receiver_entropy": 0.0, "original_loss": 1.0080254077911377, "mean_length": 6.0}
{"mode": "test", "epoch": 53, "loss": 1.7052254676818848, "acc": 0.08219178020954132, "acc_or": 0.5753424763679504, "sender_entropy": 2.1920835971832275, "receiver_entropy": 0.0, "original_loss": 0.9033328294754028, "mean_length": 6.0}
{"mode": "train", "epoch": 54, "loss": 1.283932089805603, "acc": 0.05045662075281143, "acc_or": 0.49389269948005676, "sender_entropy": 2.188499927520752, "receiver_entropy": 0.0, "original_loss": 0.9928082227706909, "mean_length": 6.0}
{"mode": "test", "epoch": 54, "loss": 1.7778327465057373, "acc": 0.08219178020954132, "acc_or": 0.5787671208381653, "sender_entropy": 2.177452325820923, "receiver_entropy": 0.0, "original_loss": 0.8845632672309875, "mean_length": 6.0}
{"mode": "train", "epoch": 55, "loss": 1.4491950273513794, "acc": 0.055251140147447586, "acc_or": 0.5094748735427856, "sender_entropy": 2.1717429161071777, "receiver_entropy": 0.0, "original_loss": 0.9736510515213013, "mean_length": 6.0}
{"mode": "test", "epoch": 55, "loss": 1.8816845417022705, "acc": 0.08219178020954132, "acc_or": 0.585616409778595, "sender_entropy": 2.163215398788452, "receiver_entropy": 0.0, "original_loss": 0.8649930357933044, "mean_length": 6.0}
{"mode": "train", "epoch": 56, "loss": 1.5594760179519653, "acc": 0.05730593577027321, "acc_or": 0.5136986374855042, "sender_entropy": 2.1550307273864746, "receiver_entropy": 0.0, "original_loss": 0.9587103128433228, "mean_length": 6.0}
{"mode": "test", "epoch": 56, "loss": 1.9076206684112549, "acc": 0.06849315017461777, "acc_or": 0.5924657583236694, "sender_entropy": 2.155081033706665, "receiver_entropy": 0.0, "original_loss": 0.855124294757843, "mean_length": 6.0}
{"mode": "train", "epoch": 57, "loss": 1.6875956058502197, "acc": 0.06004565954208374, "acc_or": 0.5195205211639404, "sender_entropy": 2.1444034576416016, "receiver_entropy": 0.0, "original_loss": 0.9436349272727966, "mean_length": 6.0}
{"mode": "test", "epoch": 57, "loss": 2.0010263919830322, "acc": 0.09589041024446487, "acc_or": 0.5924657583236694, "sender_entropy": 2.151918411254883, "receiver_entropy": 0.0, "original_loss": 0.843431293964386, "mean_length": 6.0}
{"mode": "train", "epoch": 58, "loss": 1.65060293674469, "acc": 0.06210045516490936, "acc_or": 0.5225456357002258, "sender_entropy": 2.138624668121338, "receiver_entropy": 0.0, "original_loss": 0.9421448707580566, "mean_length": 6.0}
{"mode": "test", "epoch": 58, "loss": 2.0478811264038086, "acc": 0.06849315017461777, "acc_or": 0.585616409778595, "sender_entropy": 2.1500959396362305, "receiver_entropy": 0.0, "original_loss": 0.8390169739723206, "mean_length": 6.0}
{"mode": "train", "epoch": 59, "loss": 1.6784287691116333, "acc": 0.06917808204889297, "acc_or": 0.5257990956306458, "sender_entropy": 2.135798215866089, "receiver_entropy": 0.0, "original_loss": 0.9356811046600342, "mean_length": 6.0}
{"mode": "test", "epoch": 59, "loss": 1.965747594833374, "acc": 0.04109589010477066, "acc_or": 0.5616438388824463, "sender_entropy": 2.139758348464966, "receiver_entropy": 0.0, "original_loss": 0.8447872996330261, "mean_length": 6.0}
{"mode": "train", "epoch": 60, "loss": 1.788816213607788, "acc": 0.06917808204889297, "acc_or": 0.5392123460769653, "sender_entropy": 2.1218442916870117, "receiver_entropy": 0.0, "original_loss": 0.9217302203178406, "mean_length": 6.0}
{"mode": "test", "epoch": 60, "loss": 2.1800427436828613, "acc": 0.06849315017461777, "acc_or": 0.5787671208381653, "sender_entropy": 2.1309010982513428, "receiver_entropy": 0.0, "original_loss": 0.8198361396789551, "mean_length": 6.0}
{"mode": "train", "epoch": 61, "loss": 1.7531051635742188, "acc": 0.06529679894447327, "acc_or": 0.5366438031196594, "sender_entropy": 2.1104013919830322, "receiver_entropy": 0.0, "original_loss": 0.919556736946106, "mean_length": 6.0}
{"mode": "test", "epoch": 61, "loss": 2.2874596118927, "acc": 0.06849315017461777, "acc_or": 0.568493127822876, "sender_entropy": 2.1177797317504883, "receiver_entropy": 0.0, "original_loss": 0.8022292852401733, "mean_length": 6.0}
{"mode": "train", "epoch": 62, "loss": 1.9064509868621826, "acc": 0.07808218896389008, "acc_or": 0.5476027131080627, "sender_entropy": 2.094561815261841, "receiver_entropy": 0.0, "original_loss": 0.9032787680625916, "mean_length": 6.0}
{"mode": "test", "epoch": 62, "loss": 2.3817336559295654, "acc": 0.08219178020954132, "acc_or": 0.5924657583236694, "sender_entropy": 2.1120591163635254, "receiver_entropy": 0.0, "original_loss": 0.7905340790748596, "mean_length": 6.0}
{"mode": "train", "epoch": 63, "loss": 1.9748623371124268, "acc": 0.07009132206439972, "acc_or": 0.5441780686378479, "sender_entropy": 2.0812058448791504, "receiver_entropy": 0.0, "original_loss": 0.8948827981948853, "mean_length": 6.0}
{"mode": "test", "epoch": 63, "loss": 2.484459638595581, "acc": 0.08219178020954132, "acc_or": 0.5958904027938843, "sender_entropy": 2.1189424991607666, "receiver_entropy": 0.0, "original_loss": 0.7820544838905334, "mean_length": 6.0}
{"mode": "train", "epoch": 64, "loss": 1.969029188156128, "acc": 0.07328767329454422, "acc_or": 0.5489726066589355, "sender_entropy": 2.0836122035980225, "receiver_entropy": 0.0, "original_loss": 0.8923273682594299, "mean_length": 6.0}
{"mode": "test", "epoch": 64, "loss": 2.6836578845977783, "acc": 0.10958904027938843, "acc_or": 0.5924657583236694, "sender_entropy": 2.1299662590026855, "receiver_entropy": 0.0, "original_loss": 0.7678425908088684, "mean_length": 6.0}
{"mode": "train", "epoch": 65, "loss": 1.9479777812957764, "acc": 0.07146118581295013, "acc_or": 0.547431468963623, "sender_entropy": 2.0972914695739746, "receiver_entropy": 0.0, "original_loss": 0.8920848965644836, "mean_length": 6.0}
{"mode": "test", "epoch": 65, "loss": 2.881777048110962, "acc": 0.10958904027938843, "acc_or": 0.6130136847496033, "sender_entropy": 2.138568878173828, "receiver_entropy": 0.0, "original_loss": 0.75211501121521, "mean_length": 6.0}
{"mode": "train", "epoch": 66, "loss": 1.8570404052734375, "acc": 0.0769406408071518, "acc_or": 0.5485730767250061, "sender_entropy": 2.106106758117676, "receiver_entropy": 0.0, "original_loss": 0.8989470601081848, "mean_length": 6.0}
{"mode": "test", "epoch": 66, "loss": 3.0723390579223633, "acc": 0.12328767031431198, "acc_or": 0.6404109597206116, "sender_entropy": 2.1364612579345703, "receiver_entropy": 0.0, "original_loss": 0.7304440140724182, "mean_length": 6.0}
{"mode": "train", "epoch": 67, "loss": 1.912369728088379, "acc": 0.07077625393867493, "acc_or": 0.5509703159332275, "sender_entropy": 2.1066017150878906, "receiver_entropy": 0.0, "original_loss": 0.8913913369178772, "mean_length": 6.0}
{"mode": "test", "epoch": 67, "loss": 3.0347700119018555, "acc": 0.10958904027938843, "acc_or": 0.6232876777648926, "sender_entropy": 2.1272780895233154, "receiver_entropy": 0.0, "original_loss": 0.7254586219787598, "mean_length": 6.0}
{"mode": "train", "epoch": 68, "loss": 1.9584269523620605, "acc": 0.07579908519983292, "acc_or": 0.5592465400695801, "sender_entropy": 2.0932934284210205, "receiver_entropy": 0.0, "original_loss": 0.8840652108192444, "mean_length": 6.0}
{"mode": "test", "epoch": 68, "loss": 2.9209353923797607, "acc": 0.13698630034923553, "acc_or": 0.6301369667053223, "sender_entropy": 2.1144049167633057, "receiver_entropy": 0.0, "original_loss": 0.7268326282501221, "mean_length": 6.0}
{"mode": "train", "epoch": 69, "loss": 2.027250289916992, "acc": 0.08036529272794724, "acc_or": 0.5543949604034424, "sender_entropy": 2.0760247707366943, "receiver_entropy": 0.0, "original_loss": 0.8747120499610901, "mean_length": 6.0}
{"mode": "test", "epoch": 69, "loss": 2.8005330562591553, "acc": 0.09589041024446487, "acc_or": 0.6061643958091736, "sender_entropy": 2.1049365997314453, "receiver_entropy": 0.0, "original_loss": 0.7327142357826233, "mean_length": 6.0}
{"mode": "train", "epoch": 70, "loss": 2.154350757598877, "acc": 0.08287671208381653, "acc_or": 0.5689497590065002, "sender_entropy": 2.0619747638702393, "receiver_entropy": 0.0, "original_loss": 0.8586599826812744, "mean_length": 6.0}
{"mode": "test", "epoch": 70, "loss": 2.7950077056884766, "acc": 0.08219178020954132, "acc_or": 0.6369863152503967, "sender_entropy": 2.100069522857666, "receiver_entropy": 0.0, "original_loss": 0.726875901222229, "mean_length": 6.0}
{"mode": "train", "epoch": 71, "loss": 2.149881601333618, "acc": 0.08607305586338043, "acc_or": 0.5707191824913025, "sender_entropy": 2.055170774459839, "receiver_entropy": 0.0, "original_loss": 0.855876624584198, "mean_length": 6.0}
{"mode": "test", "epoch": 71, "loss": 2.9710330963134766, "acc": 0.16438356041908264, "acc_or": 0.6746575236320496, "sender_entropy": 2.104367971420288, "receiver_entropy": 0.0, "original_loss": 0.7079310417175293, "mean_length": 6.0}
{"mode": "train", "epoch": 72, "loss": 2.170304298400879, "acc": 0.08995433896780014, "acc_or": 0.5771689414978027, "sender_entropy": 2.058492660522461, "receiver_entropy": 0.0, "original_loss": 0.8501826524734497, "mean_length": 6.0}
{"mode": "test", "epoch": 72, "loss": 3.064558267593384, "acc": 0.12328767031431198, "acc_or": 0.6780821681022644, "sender_entropy": 2.1068267822265625, "receiver_entropy": 0.0, "original_loss": 0.6973569393157959, "mean_length": 6.0}
{"mode": "train", "epoch": 73, "loss": 2.177722454071045, "acc": 0.09063927084207535, "acc_or": 0.5755136609077454, "sender_entropy": 2.060699701309204, "receiver_entropy": 0.0, "original_loss": 0.8472691178321838, "mean_length": 6.0}
{"mode": "test", "epoch": 73, "loss": 3.196321964263916, "acc": 0.1506849229335785, "acc_or": 0.698630154132843, "sender_entropy": 2.1031198501586914, "receiver_entropy": 0.0, "original_loss": 0.6813912391662598, "mean_length": 6.0}
{"mode": "train", "epoch": 74, "loss": 2.156217098236084, "acc": 0.09109588712453842, "acc_or": 0.5819063782691956, "sender_entropy": 2.061915397644043, "receiver_entropy": 0.0, "original_loss": 0.846080482006073, "mean_length": 6.0}
{"mode": "test", "epoch": 74, "loss": 3.254106044769287, "acc": 0.10958904027938843, "acc_or": 0.6883561611175537, "sender_entropy": 2.1010303497314453, "receiver_entropy": 0.0, "original_loss": 0.6731647849082947, "mean_length": 6.0}
{"mode": "train", "epoch": 75, "loss": 2.2018206119537354, "acc": 0.0954337865114212, "acc_or": 0.5864725708961487, "sender_entropy": 2.0607333183288574, "receiver_entropy": 0.0, "original_loss": 0.8395988941192627, "mean_length": 6.0}
{"mode": "test", "epoch": 75, "loss": 3.1881914138793945, "acc": 0.13698630034923553, "acc_or": 0.7054794430732727, "sender_entropy": 2.093104124069214, "receiver_entropy": 0.0, "original_loss": 0.672134280204773, "mean_length": 6.0}
{"mode": "train", "epoch": 76, "loss": 2.2437937259674072, "acc": 0.09771689027547836, "acc_or": 0.5912671089172363, "sender_entropy": 2.049020290374756, "receiver_entropy": 0.0, "original_loss": 0.8309582471847534, "mean_length": 6.0}
{"mode": "test", "epoch": 76, "loss": 3.1865155696868896, "acc": 0.2054794430732727, "acc_or": 0.7260273694992065, "sender_entropy": 2.0806002616882324, "receiver_entropy": 0.0, "original_loss": 0.6631401181221008, "mean_length": 6.0}
{"mode": "train", "epoch": 77, "loss": 2.328695297241211, "acc": 0.10296803712844849, "acc_or": 0.6021689176559448, "sender_entropy": 2.029942750930786, "receiver_entropy": 0.0, "original_loss": 0.8169856071472168, "mean_length": 6.0}
{"mode": "test", "epoch": 77, "loss": 3.3011019229888916, "acc": 0.232876718044281, "acc_or": 0.7431506514549255, "sender_entropy": 2.066617727279663, "receiver_entropy": 0.0, "original_loss": 0.6386978626251221, "mean_length": 6.0}
{"mode": "train", "epoch": 78, "loss": 2.474358320236206, "acc": 0.10844748467206955, "acc_or": 0.6136415600776672, "sender_entropy": 2.005615711212158, "receiver_entropy": 0.0, "original_loss": 0.7989967465400696, "mean_length": 6.0}
{"mode": "test", "epoch": 78, "loss": 3.2746496200561523, "acc": 0.27397260069847107, "acc_or": 0.7568492889404297, "sender_entropy": 2.063626766204834, "receiver_entropy": 0.0, "original_loss": 0.6323114633560181, "mean_length": 6.0}
{"mode": "train", "epoch": 79, "loss": 2.5876989364624023, "acc": 0.12488584220409393, "acc_or": 0.6253424286842346, "sender_entropy": 1.9922693967819214, "receiver_entropy": 0.0, "original_loss": 0.783944845199585, "mean_length": 6.0}
{"mode": "test", "epoch": 79, "loss": 3.3195526599884033, "acc": 0.301369845867157, "acc_or": 0.7808219194412231, "sender_entropy": 2.0656845569610596, "receiver_entropy": 0.0, "original_loss": 0.621046245098114, "mean_length": 6.0}
{"mode": "train", "epoch": 80, "loss": 2.585078716278076, "acc": 0.12876711785793304, "acc_or": 0.6258561611175537, "sender_entropy": 1.9886764287948608, "receiver_entropy": 0.0, "original_loss": 0.780563473701477, "mean_length": 6.0}
{"mode": "test", "epoch": 80, "loss": 3.4381909370422363, "acc": 0.24657534062862396, "acc_or": 0.7705479264259338, "sender_entropy": 2.070435047149658, "receiver_entropy": 0.0, "original_loss": 0.6060103178024292, "mean_length": 6.0}
{"mode": "train", "epoch": 81, "loss": 2.523803234100342, "acc": 0.12990868091583252, "acc_or": 0.6247716546058655, "sender_entropy": 1.9940242767333984, "receiver_entropy": 0.0, "original_loss": 0.7815569639205933, "mean_length": 6.0}
{"mode": "test", "epoch": 81, "loss": 3.302125930786133, "acc": 0.24657534062862396, "acc_or": 0.7534246444702148, "sender_entropy": 2.0754098892211914, "receiver_entropy": 0.0, "original_loss": 0.6159580945968628, "mean_length": 6.0}
{"mode": "train", "epoch": 82, "loss": 2.6270017623901367, "acc": 0.1424657553434372, "acc_or": 0.6353310346603394, "sender_entropy": 1.9980334043502808, "receiver_entropy": 0.0, "original_loss": 0.7705042362213135, "mean_length": 6.0}
{"mode": "test", "epoch": 82, "loss": 3.4351954460144043, "acc": 0.27397260069847107, "acc_or": 0.7705479264259338, "sender_entropy": 2.071624279022217, "receiver_entropy": 0.0, "original_loss": 0.593325138092041, "mean_length": 6.0}
{"mode": "train", "epoch": 83, "loss": 2.5543951988220215, "acc": 0.1367579847574234, "acc_or": 0.6335616111755371, "sender_entropy": 2.0000481605529785, "receiver_entropy": 0.0, "original_loss": 0.7722364068031311, "mean_length": 6.0}
{"mode": "test", "epoch": 83, "loss": 3.5606226921081543, "acc": 0.21917808055877686, "acc_or": 0.7773972749710083, "sender_entropy": 2.0636093616485596, "receiver_entropy": 0.0, "original_loss": 0.5725653767585754, "mean_length": 6.0}
{"mode": "train", "epoch": 84, "loss": 2.542346715927124, "acc": 0.13630136847496033, "acc_or": 0.6351597905158997, "sender_entropy": 1.996762752532959, "receiver_entropy": 0.0, "original_loss": 0.7689579129219055, "mean_length": 6.0}
{"mode": "test", "epoch": 84, "loss": 3.439560890197754, "acc": 0.27397260069847107, "acc_or": 0.784246563911438, "sender_entropy": 2.0490903854370117, "receiver_entropy": 0.0, "original_loss": 0.5758452415466309, "mean_length": 6.0}
{"mode": "train", "epoch": 85, "loss": 2.721050262451172, "acc": 0.1481735110282898, "acc_or": 0.6479451656341553, "sender_entropy": 1.980446219444275, "receiver_entropy": 0.0, "original_loss": 0.7462296485900879, "mean_length": 6.0}
{"mode": "test", "epoch": 85, "loss": 3.4219560623168945, "acc": 0.232876718044281, "acc_or": 0.7534246444702148, "sender_entropy": 2.020850896835327, "receiver_entropy": 0.0, "original_loss": 0.5623941421508789, "mean_length": 6.0}
{"mode": "train", "epoch": 86, "loss": 2.8865020275115967, "acc": 0.1584474891424179, "acc_or": 0.6587899327278137, "sender_entropy": 1.9483575820922852, "receiver_entropy": 0.0, "original_loss": 0.7248704433441162, "mean_length": 6.0}
{"mode": "test", "epoch": 86, "loss": 3.358151912689209, "acc": 0.2602739632129669, "acc_or": 0.767123281955719, "sender_entropy": 1.9926910400390625, "receiver_entropy": 0.0, "original_loss": 0.5535701513290405, "mean_length": 6.0}
{"mode": "train", "epoch": 87, "loss": 2.858487844467163, "acc": 0.16301369667053223, "acc_or": 0.6622716784477234, "sender_entropy": 1.923121452331543, "receiver_entropy": 0.0, "original_loss": 0.7209529280662537, "mean_length": 6.0}
{"mode": "test", "epoch": 87, "loss": 3.3342666625976562, "acc": 0.24657534062862396, "acc_or": 0.7534246444702148, "sender_entropy": 1.9855797290802002, "receiver_entropy": 0.0, "original_loss": 0.5475282669067383, "mean_length": 6.0}
{"mode": "train", "epoch": 88, "loss": 2.9458727836608887, "acc": 0.17146117985248566, "acc_or": 0.6727739572525024, "sender_entropy": 1.9136613607406616, "receiver_entropy": 0.0, "original_loss": 0.7057859897613525, "mean_length": 6.0}
{"mode": "test", "epoch": 88, "loss": 3.24678635597229, "acc": 0.27397260069847107, "acc_or": 0.7534246444702148, "sender_entropy": 1.981891393661499, "receiver_entropy": 0.0, "original_loss": 0.5499650835990906, "mean_length": 6.0}
{"mode": "train", "epoch": 89, "loss": 3.0230884552001953, "acc": 0.17397260665893555, "acc_or": 0.6759132146835327, "sender_entropy": 1.9056425094604492, "receiver_entropy": 0.0, "original_loss": 0.6938040852546692, "mean_length": 6.0}
{"mode": "test", "epoch": 89, "loss": 3.3482863903045654, "acc": 0.31506848335266113, "acc_or": 0.784246563911438, "sender_entropy": 1.9785079956054688, "receiver_entropy": 0.0, "original_loss": 0.5294548869132996, "mean_length": 6.0}
{"mode": "train", "epoch": 90, "loss": 2.9865548610687256, "acc": 0.17648401856422424, "acc_or": 0.677682638168335, "sender_entropy": 1.8997197151184082, "receiver_entropy": 0.0, "original_loss": 0.6919117569923401, "mean_length": 6.0}
{"mode": "test", "epoch": 90, "loss": 3.234829902648926, "acc": 0.3287671208381653, "acc_or": 0.767123281955719, "sender_entropy": 1.9839297533035278, "receiver_entropy": 0.0, "original_loss": 0.5414685010910034, "mean_length": 6.0}
{"mode": "train", "epoch": 91, "loss": 3.0573644638061523, "acc": 0.18995434045791626, "acc_or": 0.6870433688163757, "sender_entropy": 1.896152377128601, "receiver_entropy": 0.0, "original_loss": 0.68061363697052, "mean_length": 6.0}
{"mode": "test", "epoch": 91, "loss": 3.2710683345794678, "acc": 0.3561643958091736, "acc_or": 0.767123281955719, "sender_entropy": 1.9900044202804565, "receiver_entropy": 0.0, "original_loss": 0.5378584265708923, "mean_length": 6.0}
{"mode": "train", "epoch": 92, "loss": 3.0487565994262695, "acc": 0.19360730051994324, "acc_or": 0.68755704164505, "sender_entropy": 1.9043909311294556, "receiver_entropy": 0.0, "original_loss": 0.67718505859375, "mean_length": 6.0}
{"mode": "test", "epoch": 92, "loss": 3.5723721981048584, "acc": 0.4109588861465454, "acc_or": 0.8150684833526611, "sender_entropy": 1.995484709739685, "receiver_entropy": 0.0, "original_loss": 0.49985483288764954, "mean_length": 6.0}
{"mode": "train", "epoch": 93, "loss": 3.021972417831421, "acc": 0.20525114238262177, "acc_or": 0.692808210849762, "sender_entropy": 1.9047428369522095, "receiver_entropy": 0.0, "original_loss": 0.6756190657615662, "mean_length": 6.0}
{"mode": "test", "epoch": 93, "loss": 3.5633647441864014, "acc": 0.34246575832366943, "acc_or": 0.784246563911438, "sender_entropy": 1.9892351627349854, "receiver_entropy": 0.0, "original_loss": 0.49668747186660767, "mean_length": 6.0}
{"mode": "train", "epoch": 94, "loss": 3.0084996223449707, "acc": 0.20205479860305786, "acc_or": 0.6926940679550171, "sender_entropy": 1.8997551202774048, "receiver_entropy": 0.0, "original_loss": 0.6714562773704529, "mean_length": 6.0}
{"mode": "test", "epoch": 94, "loss": 3.4811768531799316, "acc": 0.31506848335266113, "acc_or": 0.7808219194412231, "sender_entropy": 1.9874036312103271, "receiver_entropy": 0.0, "original_loss": 0.5025586485862732, "mean_length": 6.0}
{"mode": "train", "epoch": 95, "loss": 2.993992328643799, "acc": 0.20662100613117218, "acc_or": 0.694805920124054, "sender_entropy": 1.8894273042678833, "receiver_entropy": 0.0, "original_loss": 0.6670047640800476, "mean_length": 6.0}
{"mode": "test", "epoch": 95, "loss": 3.4753692150115967, "acc": 0.3287671208381653, "acc_or": 0.7876712083816528, "sender_entropy": 1.9754981994628906, "receiver_entropy": 0.0, "original_loss": 0.4905514717102051, "mean_length": 6.0}
{"mode": "train", "epoch": 96, "loss": 3.106430768966675, "acc": 0.21392694115638733, "acc_or": 0.6968607306480408, "sender_entropy": 1.8791979551315308, "receiver_entropy": 0.0, "original_loss": 0.6522334218025208, "mean_length": 6.0}
{"mode": "test", "epoch": 96, "loss": 3.5089938640594482, "acc": 0.34246575832366943, "acc_or": 0.801369845867157, "sender_entropy": 1.964398741722107, "receiver_entropy": 0.0, "original_loss": 0.4767579436302185, "mean_length": 6.0}
{"mode": "train", "epoch": 97, "loss": 3.126023769378662, "acc": 0.21826483309268951, "acc_or": 0.7050799131393433, "sender_entropy": 1.8686044216156006, "receiver_entropy": 0.0, "original_loss": 0.6430407762527466, "mean_length": 6.0}
{"mode": "test", "epoch": 97, "loss": 3.4296932220458984, "acc": 0.3561643958091736, "acc_or": 0.801369845867157, "sender_entropy": 1.9582194089889526, "receiver_entropy": 0.0, "original_loss": 0.47818610072135925, "mean_length": 6.0}
{"mode": "train", "epoch": 98, "loss": 3.2772812843322754, "acc": 0.23630136251449585, "acc_or": 0.7170091271400452, "sender_entropy": 1.8589882850646973, "receiver_entropy": 0.0, "original_loss": 0.6237961053848267, "mean_length": 6.0}
{"mode": "test", "epoch": 98, "loss": 3.4355568885803223, "acc": 0.39726027846336365, "acc_or": 0.818493127822876, "sender_entropy": 1.9499658346176147, "receiver_entropy": 0.0, "original_loss": 0.4711109399795532, "mean_length": 6.0}
{"mode": "train", "epoch": 99, "loss": 3.2684593200683594, "acc": 0.24771688878536224, "acc_or": 0.7188355922698975, "sender_entropy": 1.8491759300231934, "receiver_entropy": 0.0, "original_loss": 0.619174063205719, "mean_length": 6.0}
{"mode": "test", "epoch": 99, "loss": 3.59409236907959, "acc": 0.39726027846336365, "acc_or": 0.8287671208381653, "sender_entropy": 1.9344197511672974, "receiver_entropy": 0.0, "original_loss": 0.4438883066177368, "mean_length": 6.0}
{"mode": "train", "epoch": 100, "loss": 3.222829580307007, "acc": 0.24794520437717438, "acc_or": 0.7268264889717102, "sender_entropy": 1.838436245918274, "receiver_entropy": 0.0, "original_loss": 0.6160042881965637, "mean_length": 6.0}
{"mode": "test", "epoch": 100, "loss": 3.6908271312713623, "acc": 0.4109588861465454, "acc_or": 0.8287671208381653, "sender_entropy": 1.9297335147857666, "receiver_entropy": 0.0, "original_loss": 0.4287365972995758, "mean_length": 6.0}
{"mode": "train", "epoch": 101, "loss": 3.2869813442230225, "acc": 0.2531963288784027, "acc_or": 0.7301369905471802, "sender_entropy": 1.8378173112869263, "receiver_entropy": 0.0, "original_loss": 0.6052108407020569, "mean_length": 6.0}
{"mode": "test", "epoch": 101, "loss": 3.7407588958740234, "acc": 0.465753436088562, "acc_or": 0.835616409778595, "sender_entropy": 1.9263319969177246, "receiver_entropy": 0.0, "original_loss": 0.4144638776779175, "mean_length": 6.0}
{"mode": "train", "epoch": 102, "loss": 3.3138794898986816, "acc": 0.26552510261535645, "acc_or": 0.7346460819244385, "sender_entropy": 1.8314582109451294, "receiver_entropy": 0.0, "original_loss": 0.5977283716201782, "mean_length": 6.0}
{"mode": "test", "epoch": 102, "loss": 3.6669259071350098, "acc": 0.534246563911438, "acc_or": 0.8458904027938843, "sender_entropy": 1.9209121465682983, "receiver_entropy": 0.0, "original_loss": 0.4108593761920929, "mean_length": 6.0}
{"mode": "train", "epoch": 103, "loss": 3.2889721393585205, "acc": 0.26301369071006775, "acc_or": 0.735559344291687, "sender_entropy": 1.826755166053772, "receiver_entropy": 0.0, "original_loss": 0.5952327847480774, "mean_length": 6.0}
{"mode": "test", "epoch": 103, "loss": 3.681307315826416, "acc": 0.5068492889404297, "acc_or": 0.835616409778595, "sender_entropy": 1.9191985130310059, "receiver_entropy": 0.0, "original_loss": 0.4032857120037079, "mean_length": 6.0}
{"mode": "train", "epoch": 104, "loss": 3.3529253005981445, "acc": 0.2728310525417328, "acc_or": 0.7388127446174622, "sender_entropy": 1.8174045085906982, "receiver_entropy": 0.0, "original_loss": 0.5849376320838928, "mean_length": 6.0}
{"mode": "test", "epoch": 104, "loss": 3.645582675933838, "acc": 0.5205479264259338, "acc_or": 0.8424657583236694, "sender_entropy": 1.9182703495025635, "receiver_entropy": 0.0, "original_loss": 0.4010432958602905, "mean_length": 6.0}
{"mode": "train", "epoch": 105, "loss": 3.3910369873046875, "acc": 0.2828767001628876, "acc_or": 0.7444064021110535, "sender_entropy": 1.8132076263427734, "receiver_entropy": 0.0, "original_loss": 0.5762177109718323, "mean_length": 6.0}
{"mode": "test", "epoch": 105, "loss": 3.7461283206939697, "acc": 0.5616438388824463, "acc_or": 0.852739691734314, "sender_entropy": 1.9172253608703613, "receiver_entropy": 0.0, "original_loss": 0.38865193724632263, "mean_length": 6.0}
{"mode": "train", "epoch": 106, "loss": 3.2733500003814697, "acc": 0.2748858332633972, "acc_or": 0.7405821681022644, "sender_entropy": 1.8135643005371094, "receiver_entropy": 0.0, "original_loss": 0.5820162892341614, "mean_length": 6.0}
{"mode": "test", "epoch": 106, "loss": 3.7676467895507812, "acc": 0.5205479264259338, "acc_or": 0.8493150472640991, "sender_entropy": 1.917905569076538, "receiver_entropy": 0.0, "original_loss": 0.38615500926971436, "mean_length": 6.0}
{"mode": "train", "epoch": 107, "loss": 3.245178699493408, "acc": 0.2698630094528198, "acc_or": 0.7396689653396606, "sender_entropy": 1.8141392469406128, "receiver_entropy": 0.0, "original_loss": 0.5804184675216675, "mean_length": 6.0}
{"mode": "test", "epoch": 107, "loss": 3.8781890869140625, "acc": 0.5890411138534546, "acc_or": 0.8801369667053223, "sender_entropy": 1.9123762845993042, "receiver_entropy": 0.0, "original_loss": 0.3631095886230469, "mean_length": 6.0}
{"mode": "train", "epoch": 108, "loss": 3.3192386627197266, "acc": 0.2945205569267273, "acc_or": 0.7474885582923889, "sender_entropy": 1.814217448234558, "receiver_entropy": 0.0, "original_loss": 0.5689603686332703, "mean_length": 6.0}
{"mode": "test", "epoch": 108, "loss": 3.9007866382598877, "acc": 0.5479452013969421, "acc_or": 0.8630136847496033, "sender_entropy": 1.9000438451766968, "receiver_entropy": 0.0, "original_loss": 0.3537817895412445, "mean_length": 6.0}
{"mode": "train", "epoch": 109, "loss": 3.300333261489868, "acc": 0.2874429225921631, "acc_or": 0.7495433688163757, "sender_entropy": 1.8068395853042603, "receiver_entropy": 0.0, "original_loss": 0.5665109753608704, "mean_length": 6.0}
{"mode": "test", "epoch": 109, "loss": 3.8225817680358887, "acc": 0.5205479264259338, "acc_or": 0.8664383292198181, "sender_entropy": 1.8909186124801636, "receiver_entropy": 0.0, "original_loss": 0.355501651763916, "mean_length": 6.0}
{"mode": "train", "epoch": 110, "loss": 3.380077600479126, "acc": 0.3002282977104187, "acc_or": 0.7556506991386414, "sender_entropy": 1.8033217191696167, "receiver_entropy": 0.0, "original_loss": 0.5527024865150452, "mean_length": 6.0}
{"mode": "test", "epoch": 110, "loss": 3.7430429458618164, "acc": 0.4931506812572479, "acc_or": 0.8493150472640991, "sender_entropy": 1.8737739324569702, "receiver_entropy": 0.0, "original_loss": 0.3543739318847656, "mean_length": 6.0}
{"mode": "train", "epoch": 111, "loss": 3.3811612129211426, "acc": 0.2997716963291168, "acc_or": 0.7545090913772583, "sender_entropy": 1.7897650003433228, "receiver_entropy": 0.0, "original_loss": 0.547371506690979, "mean_length": 6.0}
{"mode": "test", "epoch": 111, "loss": 3.7764837741851807, "acc": 0.5068492889404297, "acc_or": 0.8595890402793884, "sender_entropy": 1.8589282035827637, "receiver_entropy": 0.0, "original_loss": 0.33738604187965393, "mean_length": 6.0}
{"mode": "train", "epoch": 112, "loss": 3.397805690765381, "acc": 0.3191780745983124, "acc_or": 0.7654680013656616, "sender_entropy": 1.7783534526824951, "receiver_entropy": 0.0, "original_loss": 0.539415717124939, "mean_length": 6.0}
{"mode": "test", "epoch": 112, "loss": 3.7800471782684326, "acc": 0.5479452013969421, "acc_or": 0.8664383292198181, "sender_entropy": 1.8427345752716064, "receiver_entropy": 0.0, "original_loss": 0.3249879777431488, "mean_length": 6.0}
{"mode": "train", "epoch": 113, "loss": 3.5148701667785645, "acc": 0.32283103466033936, "acc_or": 0.7703766822814941, "sender_entropy": 1.7593990564346313, "receiver_entropy": 0.0, "original_loss": 0.5223215818405151, "mean_length": 6.0}
{"mode": "test", "epoch": 113, "loss": 3.7449417114257812, "acc": 0.5753424763679504, "acc_or": 0.8732876777648926, "sender_entropy": 1.836846947669983, "receiver_entropy": 0.0, "original_loss": 0.3188740313053131, "mean_length": 6.0}
{"mode": "train", "epoch": 114, "loss": 3.4753503799438477, "acc": 0.3422374427318573, "acc_or": 0.7748858332633972, "sender_entropy": 1.748834490776062, "receiver_entropy": 0.0, "original_loss": 0.5181535482406616, "mean_length": 6.0}
{"mode": "test", "epoch": 114, "loss": 3.710740089416504, "acc": 0.602739691734314, "acc_or": 0.8801369667053223, "sender_entropy": 1.833563208580017, "receiver_entropy": 0.0, "original_loss": 0.31564635038375854, "mean_length": 6.0}
{"mode": "train", "epoch": 115, "loss": 3.5151491165161133, "acc": 0.34429222345352173, "acc_or": 0.7779109477996826, "sender_entropy": 1.7398241758346558, "receiver_entropy": 0.0, "original_loss": 0.5079947710037231, "mean_length": 6.0}
{"mode": "test", "epoch": 115, "loss": 3.7036001682281494, "acc": 0.5616438388824463, "acc_or": 0.8732876777648926, "sender_entropy": 1.8324671983718872, "receiver_entropy": 0.0, "original_loss": 0.30757543444633484, "mean_length": 6.0}
{"mode": "train", "epoch": 116, "loss": 3.4983205795288086, "acc": 0.3315068483352661, "acc_or": 0.7771118879318237, "sender_entropy": 1.7329440116882324, "receiver_entropy": 0.0, "original_loss": 0.5081154704093933, "mean_length": 6.0}
{"mode": "test", "epoch": 116, "loss": 3.6562793254852295, "acc": 0.6301369667053223, "acc_or": 0.8972602486610413, "sender_entropy": 1.833787202835083, "receiver_entropy": 0.0, "original_loss": 0.3108358085155487, "mean_length": 6.0}
{"mode": "train", "epoch": 117, "loss": 3.494450569152832, "acc": 0.3525114059448242, "acc_or": 0.7790524959564209, "sender_entropy": 1.7349525690078735, "receiver_entropy": 0.0, "original_loss": 0.501054048538208, "mean_length": 6.0}
{"mode": "test", "epoch": 117, "loss": 3.660778760910034, "acc": 0.6164383292198181, "acc_or": 0.8869863152503967, "sender_entropy": 1.8333173990249634, "receiver_entropy": 0.0, "original_loss": 0.30541929602622986, "mean_length": 6.0}
{"mode": "train", "epoch": 118, "loss": 3.5021283626556396, "acc": 0.36278536915779114, "acc_or": 0.7846460938453674, "sender_entropy": 1.7314046621322632, "receiver_entropy": 0.0, "original_loss": 0.49445727467536926, "mean_length": 6.0}
{"mode": "test", "epoch": 118, "loss": 3.617833375930786, "acc": 0.5616438388824463, "acc_or": 0.8664383292198181, "sender_entropy": 1.8397120237350464, "receiver_entropy": 0.0, "original_loss": 0.309253454208374, "mean_length": 6.0}
{"mode": "train", "epoch": 119, "loss": 3.50618314743042, "acc": 0.3643835484981537, "acc_or": 0.7841324210166931, "sender_entropy": 1.734952449798584, "receiver_entropy": 0.0, "original_loss": 0.4911884069442749, "mean_length": 6.0}
{"mode": "test", "epoch": 119, "loss": 3.740046739578247, "acc": 0.5753424763679504, "acc_or": 0.8835616111755371, "sender_entropy": 1.8461962938308716, "receiver_entropy": 0.0, "original_loss": 0.2943236529827118, "mean_length": 6.0}
{"mode": "train", "epoch": 120, "loss": 3.6014745235443115, "acc": 0.38378995656967163, "acc_or": 0.7957191467285156, "sender_entropy": 1.7291840314865112, "receiver_entropy": 0.0, "original_loss": 0.4773954749107361, "mean_length": 6.0}
{"mode": "test", "epoch": 120, "loss": 3.8035476207733154, "acc": 0.6301369667053223, "acc_or": 0.9006849527359009, "sender_entropy": 1.8475450277328491, "receiver_entropy": 0.0, "original_loss": 0.28484010696411133, "mean_length": 6.0}
{"mode": "train", "epoch": 121, "loss": 3.4743878841400146, "acc": 0.38310500979423523, "acc_or": 0.7938926815986633, "sender_entropy": 1.7296690940856934, "receiver_entropy": 0.0, "original_loss": 0.48577383160591125, "mean_length": 6.0}
{"mode": "test", "epoch": 121, "loss": 3.8594367504119873, "acc": 0.6301369667053223, "acc_or": 0.8938356041908264, "sender_entropy": 1.8489799499511719, "receiver_entropy": 0.0, "original_loss": 0.2774622142314911, "mean_length": 6.0}
{"mode": "train", "epoch": 122, "loss": 3.3933918476104736, "acc": 0.3593607246875763, "acc_or": 0.784246563911438, "sender_entropy": 1.7347840070724487, "receiver_entropy": 0.0, "original_loss": 0.4929488003253937, "mean_length": 6.0}
{"mode": "test", "epoch": 122, "loss": 3.9006333351135254, "acc": 0.6438356041908264, "acc_or": 0.9075342416763306, "sender_entropy": 1.8457342386245728, "receiver_entropy": 0.0, "original_loss": 0.2714841365814209, "mean_length": 6.0}
{"mode": "train", "epoch": 123, "loss": 3.35685658454895, "acc": 0.3579908609390259, "acc_or": 0.787557065486908, "sender_entropy": 1.734123706817627, "receiver_entropy": 0.0, "original_loss": 0.49205806851387024, "mean_length": 6.0}
{"mode": "test", "epoch": 123, "loss": 3.8902015686035156, "acc": 0.6575342416763306, "acc_or": 0.9143835306167603, "sender_entropy": 1.8298745155334473, "receiver_entropy": 0.0, "original_loss": 0.25588497519493103, "mean_length": 6.0}
{"mode": "train", "epoch": 124, "loss": 3.387782096862793, "acc": 0.3863013684749603, "acc_or": 0.7917808294296265, "sender_entropy": 1.7325869798660278, "receiver_entropy": 0.0, "original_loss": 0.48327088356018066, "mean_length": 6.0}
{"mode": "test", "epoch": 124, "loss": 3.833467960357666, "acc": 0.6712328791618347, "acc_or": 0.9143835306167603, "sender_entropy": 1.8150098323822021, "receiver_entropy": 0.0, "original_loss": 0.2531818449497223, "mean_length": 6.0}
{"mode": "train", "epoch": 125, "loss": 3.477508306503296, "acc": 0.39223742485046387, "acc_or": 0.7969748973846436, "sender_entropy": 1.715236783027649, "receiver_entropy": 0.0, "original_loss": 0.46748390793800354, "mean_length": 6.0}
{"mode": "test", "epoch": 125, "loss": 3.691075086593628, "acc": 0.6301369667053223, "acc_or": 0.8972602486610413, "sender_entropy": 1.79975163936615, "receiver_entropy": 0.0, "original_loss": 0.2652483880519867, "mean_length": 6.0}
{"mode": "train", "epoch": 126, "loss": 3.455660820007324, "acc": 0.4002282917499542, "acc_or": 0.8017693758010864, "sender_entropy": 1.6951817274093628, "receiver_entropy": 0.0, "original_loss": 0.4624312222003937, "mean_length": 6.0}
{"mode": "test", "epoch": 126, "loss": 3.7156949043273926, "acc": 0.6575342416763306, "acc_or": 0.9041095972061157, "sender_entropy": 1.7914488315582275, "receiver_entropy": 0.0, "original_loss": 0.2521519064903259, "mean_length": 6.0}
{"mode": "train", "epoch": 127, "loss": 3.624868154525757, "acc": 0.4262557029724121, "acc_or": 0.8121004700660706, "sender_entropy": 1.6887634992599487, "receiver_entropy": 0.0, "original_loss": 0.43963560461997986, "mean_length": 6.0}
{"mode": "test", "epoch": 127, "loss": 3.7115724086761475, "acc": 0.7123287916183472, "acc_or": 0.9246575236320496, "sender_entropy": 1.7834116220474243, "receiver_entropy": 0.0, "original_loss": 0.24366499483585358, "mean_length": 6.0}
{"mode": "train", "epoch": 128, "loss": 3.7582850456237793, "acc": 0.4458903968334198, "acc_or": 0.8218607306480408, "sender_entropy": 1.6735502481460571, "receiver_entropy": 0.0, "original_loss": 0.41847336292266846, "mean_length": 6.0}
{"mode": "test", "epoch": 128, "loss": 3.7567882537841797, "acc": 0.7123287916183472, "acc_or": 0.9246575236320496, "sender_entropy": 1.7764958143234253, "receiver_entropy": 0.0, "original_loss": 0.2305554449558258, "mean_length": 6.0}
{"mode": "train", "epoch": 129, "loss": 3.6390938758850098, "acc": 0.44497716426849365, "acc_or": 0.8207762241363525, "sender_entropy": 1.6648714542388916, "receiver_entropy": 0.0, "original_loss": 0.42407453060150146, "mean_length": 6.0}
{"mode": "test", "epoch": 129, "loss": 3.742267608642578, "acc": 0.7534246444702148, "acc_or": 0.9383561611175537, "sender_entropy": 1.774775743484497, "receiver_entropy": 0.0, "original_loss": 0.22464804351329803, "mean_length": 6.0}
{"mode": "train", "epoch": 130, "loss": 3.5949044227600098, "acc": 0.44748857617378235, "acc_or": 0.821803629398346, "sender_entropy": 1.6652710437774658, "receiver_entropy": 0.0, "original_loss": 0.42658624053001404, "mean_length": 6.0}
{"mode": "test", "epoch": 130, "loss": 3.649233818054199, "acc": 0.7397260069847107, "acc_or": 0.9280821681022644, "sender_entropy": 1.7749032974243164, "receiver_entropy": 0.0, "original_loss": 0.23641784489154816, "mean_length": 6.0}
{"mode": "train", "epoch": 131, "loss": 3.649421215057373, "acc": 0.453652948141098, "acc_or": 0.8261415362358093, "sender_entropy": 1.6667577028274536, "receiver_entropy": 0.0, "original_loss": 0.4137653708457947, "mean_length": 6.0}
{"mode": "test", "epoch": 131, "loss": 3.6842098236083984, "acc": 0.7808219194412231, "acc_or": 0.9349315166473389, "sender_entropy": 1.7707929611206055, "receiver_entropy": 0.0, "original_loss": 0.227970153093338, "mean_length": 6.0}
{"mode": "train", "epoch": 132, "loss": 3.585869312286377, "acc": 0.4534246623516083, "acc_or": 0.8238584399223328, "sender_entropy": 1.6665663719177246, "receiver_entropy": 0.0, "original_loss": 0.4195619821548462, "mean_length": 6.0}
{"mode": "test", "epoch": 132, "loss": 3.707291603088379, "acc": 0.7397260069847107, "acc_or": 0.9280821681022644, "sender_entropy": 1.7663055658340454, "receiver_entropy": 0.0, "original_loss": 0.2180851697921753, "mean_length": 6.0}
{"mode": "train", "epoch": 133, "loss": 3.5218679904937744, "acc": 0.44497716426849365, "acc_or": 0.8214612007141113, "sender_entropy": 1.6721793413162231, "receiver_entropy": 0.0, "original_loss": 0.41981711983680725, "mean_length": 6.0}
{"mode": "test", "epoch": 133, "loss": 3.6615309715270996, "acc": 0.698630154132843, "acc_or": 0.9178082346916199, "sender_entropy": 1.7712560892105103, "receiver_entropy": 0.0, "original_loss": 0.2205507904291153, "mean_length": 6.0}
{"mode": "train", "epoch": 134, "loss": 3.5812606811523438, "acc": 0.452968031167984, "acc_or": 0.8265981674194336, "sender_entropy": 1.6728737354278564, "receiver_entropy": 0.0, "original_loss": 0.4113307595252991, "mean_length": 6.0}
{"mode": "test", "epoch": 134, "loss": 3.75368070602417, "acc": 0.7260273694992065, "acc_or": 0.9280821681022644, "sender_entropy": 1.771080493927002, "receiver_entropy": 0.0, "original_loss": 0.20323120057582855, "mean_length": 6.0}
{"mode": "train", "epoch": 135, "loss": 3.494265556335449, "acc": 0.44954338669776917, "acc_or": 0.8252853751182556, "sender_entropy": 1.662395715713501, "receiver_entropy": 0.0, "original_loss": 0.41875171661376953, "mean_length": 6.0}
{"mode": "test", "epoch": 135, "loss": 3.739553213119507, "acc": 0.767123281955719, "acc_or": 0.9417808055877686, "sender_entropy": 1.76028311252594, "receiver_entropy": 0.0, "original_loss": 0.19647938013076782, "mean_length": 6.0}
{"mode": "train", "epoch": 136, "loss": 3.4836816787719727, "acc": 0.4643835425376892, "acc_or": 0.828995406627655, "sender_entropy": 1.6577826738357544, "receiver_entropy": 0.0, "original_loss": 0.41194820404052734, "mean_length": 6.0}
{"mode": "test", "epoch": 136, "loss": 3.664522171020508, "acc": 0.8082191944122314, "acc_or": 0.948630154132843, "sender_entropy": 1.7547260522842407, "receiver_entropy": 0.0, "original_loss": 0.1971808671951294, "mean_length": 6.0}
{"mode": "train", "epoch": 137, "loss": 3.5441489219665527, "acc": 0.48242008686065674, "acc_or": 0.8354451656341553, "sender_entropy": 1.6476224660873413, "receiver_entropy": 0.0, "original_loss": 0.39763161540031433, "mean_length": 6.0}
{"mode": "test", "epoch": 137, "loss": 3.6036527156829834, "acc": 0.8082191944122314, "acc_or": 0.948630154132843, "sender_entropy": 1.7366232872009277, "receiver_entropy": 0.0, "original_loss": 0.18973110616207123, "mean_length": 6.0}
{"mode": "train", "epoch": 138, "loss": 3.618521213531494, "acc": 0.49200913310050964, "acc_or": 0.8388127684593201, "sender_entropy": 1.6309614181518555, "receiver_entropy": 0.0, "original_loss": 0.3847599923610687, "mean_length": 6.0}
{"mode": "test", "epoch": 138, "loss": 3.52716326713562, "acc": 0.8082191944122314, "acc_or": 0.948630154132843, "sender_entropy": 1.7288137674331665, "receiver_entropy": 0.0, "original_loss": 0.1910388022661209, "mean_length": 6.0}
{"mode": "train", "epoch": 139, "loss": 3.63537335395813, "acc": 0.49452054500579834, "acc_or": 0.8423515558242798, "sender_entropy": 1.6203720569610596, "receiver_entropy": 0.0, "original_loss": 0.37683701515197754, "mean_length": 6.0}
{"mode": "test", "epoch": 139, "loss": 3.635647773742676, "acc": 0.835616409778595, "acc_or": 0.9589040875434875, "sender_entropy": 1.7198606729507446, "receiver_entropy": 0.0, "original_loss": 0.1694631725549698, "mean_length": 6.0}
{"mode": "train", "epoch": 140, "loss": 3.627562999725342, "acc": 0.5061643719673157, "acc_or": 0.846118688583374, "sender_entropy": 1.6174569129943848, "receiver_entropy": 0.0, "original_loss": 0.3715687096118927, "mean_length": 6.0}
{"mode": "test", "epoch": 140, "loss": 3.675534963607788, "acc": 0.8630136847496033, "acc_or": 0.9623287320137024, "sender_entropy": 1.7196643352508545, "receiver_entropy": 0.0, "original_loss": 0.165804922580719, "mean_length": 6.0}
{"mode": "train", "epoch": 141, "loss": 3.620129108428955, "acc": 0.5038812756538391, "acc_or": 0.8453196287155151, "sender_entropy": 1.6209441423416138, "receiver_entropy": 0.0, "original_loss": 0.3716854155063629, "mean_length": 6.0}
{"mode": "test", "epoch": 141, "loss": 3.7275216579437256, "acc": 0.8493150472640991, "acc_or": 0.9589040875434875, "sender_entropy": 1.7309695482254028, "receiver_entropy": 0.0, "original_loss": 0.1630227267742157, "mean_length": 6.0}
{"mode": "train", "epoch": 142, "loss": 3.5318901538848877, "acc": 0.49589040875434875, "acc_or": 0.8413812518119812, "sender_entropy": 1.624221920967102, "receiver_entropy": 0.0, "original_loss": 0.3771006166934967, "mean_length": 6.0}
{"mode": "test", "epoch": 142, "loss": 3.602112054824829, "acc": 0.835616409778595, "acc_or": 0.9589040875434875, "sender_entropy": 1.7230720520019531, "receiver_entropy": 0.0, "original_loss": 0.17206555604934692, "mean_length": 6.0}
{"mode": "train", "epoch": 143, "loss": 3.5012636184692383, "acc": 0.5059360861778259, "acc_or": 0.8437785506248474, "sender_entropy": 1.6225197315216064, "receiver_entropy": 0.0, "original_loss": 0.37703895568847656, "mean_length": 6.0}
{"mode": "test", "epoch": 143, "loss": 3.6762046813964844, "acc": 0.8630136847496033, "acc_or": 0.965753436088562, "sender_entropy": 1.7226938009262085, "receiver_entropy": 0.0, "original_loss": 0.1579577624797821, "mean_length": 6.0}
{"mode": "train", "epoch": 144, "loss": 3.588446617126465, "acc": 0.5157533884048462, "acc_or": 0.84874427318573, "sender_entropy": 1.6209579706192017, "receiver_entropy": 0.0, "original_loss": 0.3646405041217804, "mean_length": 6.0}
{"mode": "test", "epoch": 144, "loss": 3.6776540279388428, "acc": 0.8630136847496033, "acc_or": 0.965753436088562, "sender_entropy": 1.7150814533233643, "receiver_entropy": 0.0, "original_loss": 0.1503746658563614, "mean_length": 6.0}
{"mode": "train", "epoch": 145, "loss": 3.604093313217163, "acc": 0.5257990956306458, "acc_or": 0.8516552448272705, "sender_entropy": 1.6150541305541992, "receiver_entropy": 0.0, "original_loss": 0.3565281331539154, "mean_length": 6.0}
{"mode": "test", "epoch": 145, "loss": 3.6802866458892822, "acc": 0.8767123222351074, "acc_or": 0.9691780805587769, "sender_entropy": 1.713189721107483, "receiver_entropy": 0.0, "original_loss": 0.14073163270950317, "mean_length": 6.0}
{"mode": "train", "epoch": 146, "loss": 3.6654059886932373, "acc": 0.5452054738998413, "acc_or": 0.859246551990509, "sender_entropy": 1.6038867235183716, "receiver_entropy": 0.0, "original_loss": 0.342023104429245, "mean_length": 6.0}
{"mode": "test", "epoch": 146, "loss": 3.6362099647521973, "acc": 0.8493150472640991, "acc_or": 0.9589040875434875, "sender_entropy": 1.7049473524093628, "receiver_entropy": 0.0, "original_loss": 0.14066699147224426, "mean_length": 6.0}
{"mode": "train", "epoch": 147, "loss": 3.6409168243408203, "acc": 0.5424657464027405, "acc_or": 0.8582191467285156, "sender_entropy": 1.598770260810852, "receiver_entropy": 0.0, "original_loss": 0.34450533986091614, "mean_length": 6.0}
{"mode": "test", "epoch": 147, "loss": 3.6119537353515625, "acc": 0.8493150472640991, "acc_or": 0.9623287320137024, "sender_entropy": 1.7133677005767822, "receiver_entropy": 0.0, "original_loss": 0.1440529078245163, "mean_length": 6.0}
{"mode": "train", "epoch": 148, "loss": 3.571143388748169, "acc": 0.5484018325805664, "acc_or": 0.8610730171203613, "sender_entropy": 1.5984562635421753, "receiver_entropy": 0.0, "original_loss": 0.34556183218955994, "mean_length": 6.0}
{"mode": "test", "epoch": 148, "loss": 3.6304242610931396, "acc": 0.8630136847496033, "acc_or": 0.9623287320137024, "sender_entropy": 1.7117921113967896, "receiver_entropy": 0.0, "original_loss": 0.13278597593307495, "mean_length": 6.0}
{"mode": "train", "epoch": 149, "loss": 3.596188545227051, "acc": 0.5465753078460693, "acc_or": 0.8601027131080627, "sender_entropy": 1.5959407091140747, "receiver_entropy": 0.0, "original_loss": 0.3413425385951996, "mean_length": 6.0}
{"mode": "test", "epoch": 149, "loss": 3.6211366653442383, "acc": 0.8904109597206116, "acc_or": 0.9691780805587769, "sender_entropy": 1.7060149908065796, "receiver_entropy": 0.0, "original_loss": 0.13029876351356506, "mean_length": 6.0}
{"mode": "train", "epoch": 150, "loss": 3.540680408477783, "acc": 0.5607305765151978, "acc_or": 0.8656963109970093, "sender_entropy": 1.5935235023498535, "receiver_entropy": 0.0, "original_loss": 0.3395915627479553, "mean_length": 6.0}
{"mode": "test", "epoch": 150, "loss": 3.599574565887451, "acc": 0.8904109597206116, "acc_or": 0.9726027250289917, "sender_entropy": 1.7034990787506104, "receiver_entropy": 0.0, "original_loss": 0.13376592099666595, "mean_length": 6.0}
{"mode": "train", "epoch": 151, "loss": 3.6505823135375977, "acc": 0.5682648420333862, "acc_or": 0.8671232461929321, "sender_entropy": 1.5906375646591187, "receiver_entropy": 0.0, "original_loss": 0.32551711797714233, "mean_length": 6.0}
{"mode": "test", "epoch": 151, "loss": 3.6232779026031494, "acc": 0.9178082346916199, "acc_or": 0.9794520735740662, "sender_entropy": 1.7012450695037842, "receiver_entropy": 0.0, "original_loss": 0.12964174151420593, "mean_length": 6.0}
{"mode": "train", "epoch": 152, "loss": 3.56929087638855, "acc": 0.5737442970275879, "acc_or": 0.8695775866508484, "sender_entropy": 1.5937862396240234, "receiver_entropy": 0.0, "original_loss": 0.3300479054450989, "mean_length": 6.0}
{"mode": "test", "epoch": 152, "loss": 3.5972414016723633, "acc": 0.8904109597206116, "acc_or": 0.9726027250289917, "sender_entropy": 1.693322777748108, "receiver_entropy": 0.0, "original_loss": 0.12506689131259918, "mean_length": 6.0}
{"mode": "train", "epoch": 153, "loss": 3.575371742248535, "acc": 0.5858447551727295, "acc_or": 0.873002290725708, "sender_entropy": 1.588515281677246, "receiver_entropy": 0.0, "original_loss": 0.32392260432243347, "mean_length": 6.0}
{"mode": "test", "epoch": 153, "loss": 3.519615888595581, "acc": 0.9041095972061157, "acc_or": 0.9760273694992065, "sender_entropy": 1.684443473815918, "receiver_entropy": 0.0, "original_loss": 0.12758289277553558, "mean_length": 6.0}
{"mode": "train", "epoch": 154, "loss": 3.52878999710083, "acc": 0.5773972272872925, "acc_or": 0.8710616230964661, "sender_entropy": 1.5799978971481323, "receiver_entropy": 0.0, "original_loss": 0.32641422748565674, "mean_length": 6.0}
{"mode": "test", "epoch": 154, "loss": 3.495793342590332, "acc": 0.9178082346916199, "acc_or": 0.9794520735740662, "sender_entropy": 1.677022933959961, "receiver_entropy": 0.0, "original_loss": 0.12201546877622604, "mean_length": 6.0}
{"mode": "train", "epoch": 155, "loss": 3.485517978668213, "acc": 0.5762556791305542, "acc_or": 0.8717465400695801, "sender_entropy": 1.577580451965332, "receiver_entropy": 0.0, "original_loss": 0.323384165763855, "mean_length": 6.0}
{"mode": "test", "epoch": 155, "loss": 3.5165672302246094, "acc": 0.9178082346916199, "acc_or": 0.9794520735740662, "sender_entropy": 1.670505404472351, "receiver_entropy": 0.0, "original_loss": 0.11509981751441956, "mean_length": 6.0}
{"mode": "train", "epoch": 156, "loss": 3.5072174072265625, "acc": 0.5746574997901917, "acc_or": 0.8708333373069763, "sender_entropy": 1.5672484636306763, "receiver_entropy": 0.0, "original_loss": 0.32000473141670227, "mean_length": 6.0}
{"mode": "test", "epoch": 156, "loss": 3.4856936931610107, "acc": 0.9178082346916199, "acc_or": 0.9794520735740662, "sender_entropy": 1.6639821529388428, "receiver_entropy": 0.0, "original_loss": 0.11398378014564514, "mean_length": 6.0}
{"mode": "train", "epoch": 157, "loss": 3.6443705558776855, "acc": 0.5885844826698303, "acc_or": 0.8773972392082214, "sender_entropy": 1.5638898611068726, "receiver_entropy": 0.0, "original_loss": 0.3039020895957947, "mean_length": 6.0}
{"mode": "test", "epoch": 157, "loss": 3.6055119037628174, "acc": 0.9452054500579834, "acc_or": 0.9863013625144958, "sender_entropy": 1.6814448833465576, "receiver_entropy": 0.0, "original_loss": 0.09648827463388443, "mean_length": 6.0}
{"mode": "train", "epoch": 158, "loss": 3.552314043045044, "acc": 0.5972602367401123, "acc_or": 0.8805935978889465, "sender_entropy": 1.571794033050537, "receiver_entropy": 0.0, "original_loss": 0.30718621611595154, "mean_length": 6.0}
{"mode": "test", "epoch": 158, "loss": 3.6431684494018555, "acc": 0.9589040875434875, "acc_or": 0.9897260069847107, "sender_entropy": 1.6841410398483276, "receiver_entropy": 0.0, "original_loss": 0.09288076311349869, "mean_length": 6.0}
{"mode": "train", "epoch": 159, "loss": 3.51162052154541, "acc": 0.6089041233062744, "acc_or": 0.8811072707176208, "sender_entropy": 1.5738940238952637, "receiver_entropy": 0.0, "original_loss": 0.30791032314300537, "mean_length": 6.0}
{"mode": "test", "epoch": 159, "loss": 3.5424296855926514, "acc": 0.9452054500579834, "acc_or": 0.9863013625144958, "sender_entropy": 1.6755777597427368, "receiver_entropy": 0.0, "original_loss": 0.10426287353038788, "mean_length": 6.0}
{"mode": "train", "epoch": 160, "loss": 3.3926491737365723, "acc": 0.5936073064804077, "acc_or": 0.8769406080245972, "sender_entropy": 1.566704511642456, "receiver_entropy": 0.0, "original_loss": 0.3173060715198517, "mean_length": 6.0}
{"mode": "test", "epoch": 160, "loss": 3.483236074447632, "acc": 0.931506872177124, "acc_or": 0.982876718044281, "sender_entropy": 1.6675570011138916, "receiver_entropy": 0.0, "original_loss": 0.10278327763080597, "mean_length": 6.0}
{"mode": "train", "epoch": 161, "loss": 3.416933298110962, "acc": 0.5958904027938843, "acc_or": 0.876312792301178, "sender_entropy": 1.5657649040222168, "receiver_entropy": 0.0, "original_loss": 0.3104194104671478, "mean_length": 6.0}
{"mode": "test", "epoch": 161, "loss": 3.4370410442352295, "acc": 0.9178082346916199, "acc_or": 0.9794520735740662, "sender_entropy": 1.663692831993103, "receiver_entropy": 0.0, "original_loss": 0.10592703521251678, "mean_length": 6.0}
{"mode": "train", "epoch": 162, "loss": 3.4363291263580322, "acc": 0.6061643958091736, "acc_or": 0.8815068602561951, "sender_entropy": 1.5613882541656494, "receiver_entropy": 0.0, "original_loss": 0.3029831349849701, "mean_length": 6.0}
{"mode": "test", "epoch": 162, "loss": 3.5169167518615723, "acc": 0.9178082346916199, "acc_or": 0.9794520735740662, "sender_entropy": 1.66447913646698, "receiver_entropy": 0.0, "original_loss": 0.08912462741136551, "mean_length": 6.0}
{"mode": "train", "epoch": 163, "loss": 3.4944348335266113, "acc": 0.6155251264572144, "acc_or": 0.8841894865036011, "sender_entropy": 1.5602325201034546, "receiver_entropy": 0.0, "original_loss": 0.2952955365180969, "mean_length": 6.0}
{"mode": "test", "epoch": 163, "loss": 3.489168405532837, "acc": 0.931506872177124, "acc_or": 0.982876718044281, "sender_entropy": 1.6615532636642456, "receiver_entropy": 0.0, "original_loss": 0.08883930742740631, "mean_length": 6.0}
{"mode": "train", "epoch": 164, "loss": 3.503842830657959, "acc": 0.6089041233062744, "acc_or": 0.8849315047264099, "sender_entropy": 1.5617464780807495, "receiver_entropy": 0.0, "original_loss": 0.29297730326652527, "mean_length": 6.0}
{"mode": "test", "epoch": 164, "loss": 3.435894250869751, "acc": 0.931506872177124, "acc_or": 0.982876718044281, "sender_entropy": 1.66481351852417, "receiver_entropy": 0.0, "original_loss": 0.09570113569498062, "mean_length": 6.0}
{"mode": "train", "epoch": 165, "loss": 3.381929397583008, "acc": 0.611872136592865, "acc_or": 0.8835616111755371, "sender_entropy": 1.5598795413970947, "receiver_entropy": 0.0, "original_loss": 0.300391286611557, "mean_length": 6.0}
{"mode": "test", "epoch": 165, "loss": 3.4493277072906494, "acc": 0.9452054500579834, "acc_or": 0.9863013625144958, "sender_entropy": 1.659469485282898, "receiver_entropy": 0.0, "original_loss": 0.08474334329366684, "mean_length": 6.0}
{"mode": "train", "epoch": 166, "loss": 3.455594778060913, "acc": 0.6246575117111206, "acc_or": 0.8886415362358093, "sender_entropy": 1.5619590282440186, "receiver_entropy": 0.0, "original_loss": 0.28676727414131165, "mean_length": 6.0}
{"mode": "test", "epoch": 166, "loss": 3.393214225769043, "acc": 0.931506872177124, "acc_or": 0.982876718044281, "sender_entropy": 1.6475197076797485, "receiver_entropy": 0.0, "original_loss": 0.08609841018915176, "mean_length": 6.0}
{"mode": "train", "epoch": 167, "loss": 3.4649009704589844, "acc": 0.6383561491966248, "acc_or": 0.8920091390609741, "sender_entropy": 1.5481613874435425, "receiver_entropy": 0.0, "original_loss": 0.28040167689323425, "mean_length": 6.0}
{"mode": "test", "epoch": 167, "loss": 3.303394317626953, "acc": 0.931506872177124, "acc_or": 0.982876718044281, "sender_entropy": 1.6256352663040161, "receiver_entropy": 0.0, "original_loss": 0.08851777762174606, "mean_length": 6.0}
{"mode": "train", "epoch": 168, "loss": 3.50403094291687, "acc": 0.6470319628715515, "acc_or": 0.896118700504303, "sender_entropy": 1.5297850370407104, "receiver_entropy": 0.0, "original_loss": 0.2691529095172882, "mean_length": 6.0}
{"mode": "test", "epoch": 168, "loss": 3.365891218185425, "acc": 0.9726027250289917, "acc_or": 0.9931506514549255, "sender_entropy": 1.6220972537994385, "receiver_entropy": 0.0, "original_loss": 0.07658274471759796, "mean_length": 6.0}
{"mode": "train", "epoch": 169, "loss": 3.503906011581421, "acc": 0.640182614326477, "acc_or": 0.8940638899803162, "sender_entropy": 1.5287870168685913, "receiver_entropy": 0.0, "original_loss": 0.2698728144168854, "mean_length": 6.0}
{"mode": "test", "epoch": 169, "loss": 3.3410537242889404, "acc": 0.9589040875434875, "acc_or": 0.9897260069847107, "sender_entropy": 1.6195396184921265, "receiver_entropy": 0.0, "original_loss": 0.07543664425611496, "mean_length": 6.0}
{"mode": "train", "epoch": 170, "loss": 3.5181326866149902, "acc": 0.657305896282196, "acc_or": 0.8993150591850281, "sender_entropy": 1.5239135026931763, "receiver_entropy": 0.0, "original_loss": 0.2612099051475525, "mean_length": 6.0}
{"mode": "test", "epoch": 170, "loss": 3.3309712409973145, "acc": 0.9452054500579834, "acc_or": 0.9863013625144958, "sender_entropy": 1.6221343278884888, "receiver_entropy": 0.0, "original_loss": 0.07731685787439346, "mean_length": 6.0}
{"mode": "train", "epoch": 171, "loss": 3.5371997356414795, "acc": 0.6675798892974854, "acc_or": 0.9022260308265686, "sender_entropy": 1.5165947675704956, "receiver_entropy": 0.0, "original_loss": 0.2557837665081024, "mean_length": 6.0}
{"mode": "test", "epoch": 171, "loss": 3.352874994277954, "acc": 0.9452054500579834, "acc_or": 0.9863013625144958, "sender_entropy": 1.6302791833877563, "receiver_entropy": 0.0, "original_loss": 0.07473796606063843, "mean_length": 6.0}
{"mode": "train", "epoch": 172, "loss": 3.6069324016571045, "acc": 0.6696346998214722, "acc_or": 0.9037100076675415, "sender_entropy": 1.513054370880127, "receiver_entropy": 0.0, "original_loss": 0.2454676777124405, "mean_length": 6.0}
{"mode": "test", "epoch": 172, "loss": 3.323061466217041, "acc": 0.9726027250289917, "acc_or": 0.9931506514549255, "sender_entropy": 1.6204426288604736, "receiver_entropy": 0.0, "original_loss": 0.07383474707603455, "mean_length": 6.0}
{"mode": "train", "epoch": 173, "loss": 3.5410499572753906, "acc": 0.6780821681022644, "acc_or": 0.905308187007904, "sender_entropy": 1.519248127937317, "receiver_entropy": 0.0, "original_loss": 0.24855142831802368, "mean_length": 6.0}
{"mode": "test", "epoch": 173, "loss": 3.334916830062866, "acc": 1.0, "acc_or": 1.0, "sender_entropy": 1.6169843673706055, "receiver_entropy": 0.0, "original_loss": 0.06372053176164627, "mean_length": 6.0}
{"epoch": 173, "positional_disent": 0.03190913423895836, "bag_of_symbol_disent": 0.14814558625221252, "topographic_sim": 0.4766586178044624}
{"generalization hold out": {"acc": 0.9444445371627808, "acc_or": 0.9814814329147339}, "uniform holdout": {"acc": 0.625, "acc_or": 0.90625}, "epoch": 173}
---End--
