nohup: ignoring input
{"mode": "train", "epoch": 1, "loss": -18.981807708740234, "acc": 0.0011415524641051888, "acc_or": 0.21444062888622284, "sender_entropy": 2.3007497787475586, "receiver_entropy": 0.0, "original_loss": 1.3924989700317383, "mean_length": 6.0}
{"mode": "test", "epoch": 1, "loss": 0.8218573927879333, "acc": 0.027397260069847107, "acc_or": 0.39726027846336365, "sender_entropy": 2.2989141941070557, "receiver_entropy": 0.0, "original_loss": 1.344809651374817, "mean_length": 6.0}
{"mode": "train", "epoch": 2, "loss": 0.7086122035980225, "acc": 0.01141552533954382, "acc_or": 0.3311643898487091, "sender_entropy": 2.2986409664154053, "receiver_entropy": 0.0, "original_loss": 1.3560997247695923, "mean_length": 6.0}
{"mode": "test", "epoch": 2, "loss": 1.160327672958374, "acc": 0.013698630034923553, "acc_or": 0.45890411734580994, "sender_entropy": 2.2976505756378174, "receiver_entropy": 0.0, "original_loss": 1.296556830406189, "mean_length": 6.0}
{"mode": "train", "epoch": 3, "loss": 0.9005809426307678, "acc": 0.0125570772215724, "acc_or": 0.3400684893131256, "sender_entropy": 2.297229528427124, "receiver_entropy": 0.0, "original_loss": 1.3214716911315918, "mean_length": 6.0}
{"mode": "test", "epoch": 3, "loss": 1.552618384361267, "acc": 0.013698630034923553, "acc_or": 0.4383561611175537, "sender_entropy": 2.2969813346862793, "receiver_entropy": 0.0, "original_loss": 1.2440996170043945, "mean_length": 6.0}
{"mode": "train", "epoch": 4, "loss": 1.1402958631515503, "acc": 0.010273972526192665, "acc_or": 0.33727169036865234, "sender_entropy": 2.2965173721313477, "receiver_entropy": 0.0, "original_loss": 1.2836506366729736, "mean_length": 6.0}
{"mode": "test", "epoch": 4, "loss": 2.016157388687134, "acc": 0.013698630034923553, "acc_or": 0.39726027846336365, "sender_entropy": 2.296434164047241, "receiver_entropy": 0.0, "original_loss": 1.1842290163040161, "mean_length": 6.0}
{"mode": "train", "epoch": 5, "loss": 1.4599000215530396, "acc": 0.011643835343420506, "acc_or": 0.34115296602249146, "sender_entropy": 2.2958498001098633, "receiver_entropy": 0.0, "original_loss": 1.2388566732406616, "mean_length": 6.0}
{"mode": "test", "epoch": 5, "loss": 2.31264066696167, "acc": 0.013698630034923553, "acc_or": 0.3835616409778595, "sender_entropy": 2.295494794845581, "receiver_entropy": 0.0, "original_loss": 1.1355791091918945, "mean_length": 6.0}
{"mode": "train", "epoch": 6, "loss": 1.800299048423767, "acc": 0.015296803787350655, "acc_or": 0.34634703397750854, "sender_entropy": 2.294863224029541, "receiver_entropy": 0.0, "original_loss": 1.1905685663223267, "mean_length": 6.0}
{"mode": "test", "epoch": 6, "loss": 2.342648983001709, "acc": 0.027397260069847107, "acc_or": 0.3561643958091736, "sender_entropy": 2.294156789779663, "receiver_entropy": 0.0, "original_loss": 1.107171654701233, "mean_length": 6.0}
{"mode": "train", "epoch": 7, "loss": 2.088761329650879, "acc": 0.014840182848274708, "acc_or": 0.3547945022583008, "sender_entropy": 2.2934720516204834, "receiver_entropy": 0.0, "original_loss": 1.144953966140747, "mean_length": 6.0}
{"mode": "test", "epoch": 7, "loss": 2.156914472579956, "acc": 0.013698630034923553, "acc_or": 0.36301368474960327, "sender_entropy": 2.2930853366851807, "receiver_entropy": 0.0, "original_loss": 1.0976358652114868, "mean_length": 6.0}
{"mode": "train", "epoch": 8, "loss": 2.1840200424194336, "acc": 0.014840182848274708, "acc_or": 0.35776254534721375, "sender_entropy": 2.2923805713653564, "receiver_entropy": 0.0, "original_loss": 1.1139498949050903, "mean_length": 6.0}
{"mode": "test", "epoch": 8, "loss": 1.9692988395690918, "acc": 0.013698630034923553, "acc_or": 0.3767123222351074, "sender_entropy": 2.292978048324585, "receiver_entropy": 0.0, "original_loss": 1.0927404165267944, "mean_length": 6.0}
{"mode": "train", "epoch": 9, "loss": 2.079094409942627, "acc": 0.0141552509739995, "acc_or": 0.359874427318573, "sender_entropy": 2.292279005050659, "receiver_entropy": 0.0, "original_loss": 1.1006191968917847, "mean_length": 6.0}
{"mode": "test", "epoch": 9, "loss": 1.7400914430618286, "acc": 0.027397260069847107, "acc_or": 0.38013699650764465, "sender_entropy": 2.293893814086914, "receiver_entropy": 0.0, "original_loss": 1.0966460704803467, "mean_length": 6.0}
{"mode": "train", "epoch": 10, "loss": 1.828002691268921, "acc": 0.0141552509739995, "acc_or": 0.34029680490493774, "sender_entropy": 2.2934226989746094, "receiver_entropy": 0.0, "original_loss": 1.1020385026931763, "mean_length": 6.0}
{"mode": "test", "epoch": 10, "loss": 1.7288224697113037, "acc": 0.013698630034923553, "acc_or": 0.42465752363204956, "sender_entropy": 2.2952075004577637, "receiver_entropy": 0.0, "original_loss": 1.0836083889007568, "mean_length": 6.0}
{"mode": "train", "epoch": 11, "loss": 1.6921244859695435, "acc": 0.010958904400467873, "acc_or": 0.3523401916027069, "sender_entropy": 2.2950358390808105, "receiver_entropy": 0.0, "original_loss": 1.097975254058838, "mean_length": 6.0}
{"mode": "test", "epoch": 11, "loss": 1.6118214130401611, "acc": 0.013698630034923553, "acc_or": 0.38698628544807434, "sender_entropy": 2.2962288856506348, "receiver_entropy": 0.0, "original_loss": 1.0819449424743652, "mean_length": 6.0}
{"mode": "train", "epoch": 12, "loss": 1.4983408451080322, "acc": 0.013242009095847607, "acc_or": 0.35462328791618347, "sender_entropy": 2.296433687210083, "receiver_entropy": 0.0, "original_loss": 1.1007370948791504, "mean_length": 6.0}
{"mode": "test", "epoch": 12, "loss": 1.5601502656936646, "acc": 0.013698630034923553, "acc_or": 0.4280821979045868, "sender_entropy": 2.2967581748962402, "receiver_entropy": 0.0, "original_loss": 1.0768836736679077, "mean_length": 6.0}
{"mode": "train", "epoch": 13, "loss": 1.4023147821426392, "acc": 0.013013698160648346, "acc_or": 0.35827624797821045, "sender_entropy": 2.2973251342773438, "receiver_entropy": 0.0, "original_loss": 1.098146915435791, "mean_length": 6.0}
{"mode": "test", "epoch": 13, "loss": 1.4334567785263062, "acc": 0.04109589010477066, "acc_or": 0.4383561611175537, "sender_entropy": 2.2971720695495605, "receiver_entropy": 0.0, "original_loss": 1.078691840171814, "mean_length": 6.0}
{"mode": "train", "epoch": 14, "loss": 1.295741319656372, "acc": 0.014611871913075447, "acc_or": 0.34703195095062256, "sender_entropy": 2.297804594039917, "receiver_entropy": 0.0, "original_loss": 1.097710132598877, "mean_length": 6.0}
{"mode": "test", "epoch": 14, "loss": 1.3555489778518677, "acc": 0.013698630034923553, "acc_or": 0.40753424167633057, "sender_entropy": 2.2976064682006836, "receiver_entropy": 0.0, "original_loss": 1.078167200088501, "mean_length": 6.0}
{"mode": "train", "epoch": 15, "loss": 1.1817042827606201, "acc": 0.014383560977876186, "acc_or": 0.34634703397750854, "sender_entropy": 2.298133611679077, "receiver_entropy": 0.0, "original_loss": 1.099112868309021, "mean_length": 6.0}
{"mode": "test", "epoch": 15, "loss": 1.346805453300476, "acc": 0.06849315017461777, "acc_or": 0.534246563911438, "sender_entropy": 2.298020362854004, "receiver_entropy": 0.0, "original_loss": 1.0728588104248047, "mean_length": 6.0}
{"mode": "train", "epoch": 16, "loss": 1.1322078704833984, "acc": 0.01278538815677166, "acc_or": 0.35627853870391846, "sender_entropy": 2.2984097003936768, "receiver_entropy": 0.0, "original_loss": 1.0965585708618164, "mean_length": 6.0}
{"mode": "test", "epoch": 16, "loss": 1.3123688697814941, "acc": 0.027397260069847107, "acc_or": 0.40753424167633057, "sender_entropy": 2.2984652519226074, "receiver_entropy": 0.0, "original_loss": 1.070300817489624, "mean_length": 6.0}
{"mode": "train", "epoch": 17, "loss": 1.044960856437683, "acc": 0.013013698160648346, "acc_or": 0.35662099719047546, "sender_entropy": 2.2986793518066406, "receiver_entropy": 0.0, "original_loss": 1.097568154335022, "mean_length": 6.0}
{"mode": "test", "epoch": 17, "loss": 1.2944492101669312, "acc": 0.054794520139694214, "acc_or": 0.44178080558776855, "sender_entropy": 2.2988407611846924, "receiver_entropy": 0.0, "original_loss": 1.0671288967132568, "mean_length": 6.0}
{"mode": "train", "epoch": 18, "loss": 0.9767191410064697, "acc": 0.013470319099724293, "acc_or": 0.3531392514705658, "sender_entropy": 2.2989394664764404, "receiver_entropy": 0.0, "original_loss": 1.0978702306747437, "mean_length": 6.0}
{"mode": "test", "epoch": 18, "loss": 1.2786293029785156, "acc": 0.054794520139694214, "acc_or": 0.5479452013969421, "sender_entropy": 2.2991504669189453, "receiver_entropy": 0.0, "original_loss": 1.0641752481460571, "mean_length": 6.0}
{"mode": "train", "epoch": 19, "loss": 0.9477964639663696, "acc": 0.01392694003880024, "acc_or": 0.3597031831741333, "sender_entropy": 2.2991843223571777, "receiver_entropy": 0.0, "original_loss": 1.0956203937530518, "mean_length": 6.0}
{"mode": "test", "epoch": 19, "loss": 1.2079700231552124, "acc": 0.04109589010477066, "acc_or": 0.48630136251449585, "sender_entropy": 2.299433946609497, "receiver_entropy": 0.0, "original_loss": 1.066007375717163, "mean_length": 6.0}
{"mode": "train", "epoch": 20, "loss": 0.8742719292640686, "acc": 0.013013698160648346, "acc_or": 0.3516552448272705, "sender_entropy": 2.299433946609497, "receiver_entropy": 0.0, "original_loss": 1.0972719192504883, "mean_length": 6.0}
{"mode": "test", "epoch": 20, "loss": 1.1905531883239746, "acc": 0.054794520139694214, "acc_or": 0.5068492889404297, "sender_entropy": 2.299717426300049, "receiver_entropy": 0.0, "original_loss": 1.0640146732330322, "mean_length": 6.0}
{"mode": "train", "epoch": 21, "loss": 0.833353579044342, "acc": 0.015068492852151394, "acc_or": 0.3509703278541565, "sender_entropy": 2.299713373184204, "receiver_entropy": 0.0, "original_loss": 1.0968170166015625, "mean_length": 6.0}
{"mode": "test", "epoch": 21, "loss": 1.17789626121521, "acc": 0.054794520139694214, "acc_or": 0.5102739930152893, "sender_entropy": 2.3000094890594482, "receiver_entropy": 0.0, "original_loss": 1.0621119737625122, "mean_length": 6.0}
{"mode": "train", "epoch": 22, "loss": 0.8054266571998596, "acc": 0.0141552509739995, "acc_or": 0.3612442910671234, "sender_entropy": 2.30000376701355, "receiver_entropy": 0.0, "original_loss": 1.0956988334655762, "mean_length": 6.0}
{"mode": "test", "epoch": 22, "loss": 1.1319339275360107, "acc": 0.054794520139694214, "acc_or": 0.4623287618160248, "sender_entropy": 2.3002796173095703, "receiver_entropy": 0.0, "original_loss": 1.0631465911865234, "mean_length": 6.0}
{"mode": "train", "epoch": 23, "loss": 0.751952588558197, "acc": 0.0141552509739995, "acc_or": 0.3609018325805664, "sender_entropy": 2.300283432006836, "receiver_entropy": 0.0, "original_loss": 1.0968172550201416, "mean_length": 6.0}
{"mode": "test", "epoch": 23, "loss": 1.119442105293274, "acc": 0.06849315017461777, "acc_or": 0.47602739930152893, "sender_entropy": 2.3004961013793945, "receiver_entropy": 0.0, "original_loss": 1.0616568326950073, "mean_length": 6.0}
{"mode": "train", "epoch": 24, "loss": 0.7222816348075867, "acc": 0.015296803787350655, "acc_or": 0.3640410900115967, "sender_entropy": 2.300518035888672, "receiver_entropy": 0.0, "original_loss": 1.0963623523712158, "mean_length": 6.0}
{"mode": "test", "epoch": 24, "loss": 1.0994031429290771, "acc": 0.08219178020954132, "acc_or": 0.5034246444702148, "sender_entropy": 2.300656318664551, "receiver_entropy": 0.0, "original_loss": 1.0608587265014648, "mean_length": 6.0}
{"mode": "train", "epoch": 25, "loss": 0.703122615814209, "acc": 0.014840182848274708, "acc_or": 0.35730594396591187, "sender_entropy": 2.3006703853607178, "receiver_entropy": 0.0, "original_loss": 1.0953295230865479, "mean_length": 6.0}
{"mode": "test", "epoch": 25, "loss": 1.0703511238098145, "acc": 0.09589041024446487, "acc_or": 0.5376712083816528, "sender_entropy": 2.300741195678711, "receiver_entropy": 0.0, "original_loss": 1.0609095096588135, "mean_length": 6.0}
{"mode": "train", "epoch": 26, "loss": 0.6652837991714478, "acc": 0.014611871913075447, "acc_or": 0.35759133100509644, "sender_entropy": 2.300752878189087, "receiver_entropy": 0.0, "original_loss": 1.0959159135818481, "mean_length": 6.0}
{"mode": "test", "epoch": 26, "loss": 1.0495713949203491, "acc": 0.06849315017461777, "acc_or": 0.5068492889404297, "sender_entropy": 2.300774097442627, "receiver_entropy": 0.0, "original_loss": 1.0603750944137573, "mean_length": 6.0}
{"mode": "train", "epoch": 27, "loss": 0.6299620866775513, "acc": 0.014383560977876186, "acc_or": 0.3539954423904419, "sender_entropy": 2.30077862739563, "receiver_entropy": 0.0, "original_loss": 1.0964924097061157, "mean_length": 6.0}
{"mode": "test", "epoch": 27, "loss": 1.0410574674606323, "acc": 0.04109589010477066, "acc_or": 0.5068492889404297, "sender_entropy": 2.3007664680480957, "receiver_entropy": 0.0, "original_loss": 1.059052586555481, "mean_length": 6.0}
{"mode": "train", "epoch": 28, "loss": 0.6143685579299927, "acc": 0.01940639317035675, "acc_or": 0.36872145533561707, "sender_entropy": 2.3007631301879883, "receiver_entropy": 0.0, "original_loss": 1.0957106351852417, "mean_length": 6.0}
{"mode": "test", "epoch": 28, "loss": 1.0227630138397217, "acc": 0.12328767031431198, "acc_or": 0.568493127822876, "sender_entropy": 2.3007144927978516, "receiver_entropy": 0.0, "original_loss": 1.0586234331130981, "mean_length": 6.0}
{"mode": "train", "epoch": 29, "loss": 0.5934063196182251, "acc": 0.019634703174233437, "acc_or": 0.3680936098098755, "sender_entropy": 2.3007047176361084, "receiver_entropy": 0.0, "original_loss": 1.0954489707946777, "mean_length": 6.0}
{"mode": "test", "epoch": 29, "loss": 1.0395065546035767, "acc": 0.09589041024446487, "acc_or": 0.5445205569267273, "sender_entropy": 2.3006253242492676, "receiver_entropy": 0.0, "original_loss": 1.0553950071334839, "mean_length": 6.0}
{"mode": "train", "epoch": 30, "loss": 0.5654169321060181, "acc": 0.016894977539777756, "acc_or": 0.36198630928993225, "sender_entropy": 2.3006112575531006, "receiver_entropy": 0.0, "original_loss": 1.0958921909332275, "mean_length": 6.0}
{"mode": "test", "epoch": 30, "loss": 1.0504947900772095, "acc": 0.08219178020954132, "acc_or": 0.5376712083816528, "sender_entropy": 2.3005192279815674, "receiver_entropy": 0.0, "original_loss": 1.0527398586273193, "mean_length": 6.0}
{"mode": "train", "epoch": 31, "loss": 0.5552071928977966, "acc": 0.0141552509739995, "acc_or": 0.3682648241519928, "sender_entropy": 2.3005025386810303, "receiver_entropy": 0.0, "original_loss": 1.0950170755386353, "mean_length": 6.0}
{"mode": "test", "epoch": 31, "loss": 1.0751030445098877, "acc": 0.10958904027938843, "acc_or": 0.5787671208381653, "sender_entropy": 2.3003649711608887, "receiver_entropy": 0.0, "original_loss": 1.0490039587020874, "mean_length": 6.0}
{"mode": "train", "epoch": 32, "loss": 0.5457538962364197, "acc": 0.014611871913075447, "acc_or": 0.36484017968177795, "sender_entropy": 2.300337314605713, "receiver_entropy": 0.0, "original_loss": 1.0942152738571167, "mean_length": 6.0}
{"mode": "test", "epoch": 32, "loss": 1.1146713495254517, "acc": 0.08219178020954132, "acc_or": 0.6130136847496033, "sender_entropy": 2.300168037414551, "receiver_entropy": 0.0, "original_loss": 1.0441099405288696, "mean_length": 6.0}
{"mode": "train", "epoch": 33, "loss": 0.5239154100418091, "acc": 0.018721461296081543, "acc_or": 0.3683219254016876, "sender_entropy": 2.3001439571380615, "receiver_entropy": 0.0, "original_loss": 1.0944117307662964, "mean_length": 6.0}
{"mode": "test", "epoch": 33, "loss": 1.1533524990081787, "acc": 0.08219178020954132, "acc_or": 0.6130136847496033, "sender_entropy": 2.2999308109283447, "receiver_entropy": 0.0, "original_loss": 1.039293885231018, "mean_length": 6.0}
{"mode": "train", "epoch": 34, "loss": 0.501275897026062, "acc": 0.013470319099724293, "acc_or": 0.36301368474960327, "sender_entropy": 2.299903154373169, "receiver_entropy": 0.0, "original_loss": 1.0947827100753784, "mean_length": 6.0}
{"mode": "test", "epoch": 34, "loss": 1.1934409141540527, "acc": 0.054794520139694214, "acc_or": 0.602739691734314, "sender_entropy": 2.2996432781219482, "receiver_entropy": 0.0, "original_loss": 1.0343849658966064, "mean_length": 6.0}
{"mode": "train", "epoch": 35, "loss": 0.4922298192977905, "acc": 0.016210045665502548, "acc_or": 0.3700913190841675, "sender_entropy": 2.2996082305908203, "receiver_entropy": 0.0, "original_loss": 1.0941699743270874, "mean_length": 6.0}
{"mode": "test", "epoch": 35, "loss": 1.2275315523147583, "acc": 0.054794520139694214, "acc_or": 0.5821917653083801, "sender_entropy": 2.2992985248565674, "receiver_entropy": 0.0, "original_loss": 1.0299252271652222, "mean_length": 6.0}
{"mode": "train", "epoch": 36, "loss": 0.48853886127471924, "acc": 0.015068492852151394, "acc_or": 0.3697488605976105, "sender_entropy": 2.299246311187744, "receiver_entropy": 0.0, "original_loss": 1.0931867361068726, "mean_length": 6.0}
{"mode": "test", "epoch": 36, "loss": 1.284773588180542, "acc": 0.054794520139694214, "acc_or": 0.5958904027938843, "sender_entropy": 2.2988710403442383, "receiver_entropy": 0.0, "original_loss": 1.0235002040863037, "mean_length": 6.0}
{"mode": "train", "epoch": 37, "loss": 0.4687003493309021, "acc": 0.018493151292204857, "acc_or": 0.3729451894760132, "sender_entropy": 2.298794746398926, "receiver_entropy": 0.0, "original_loss": 1.0935243368148804, "mean_length": 6.0}
{"mode": "test", "epoch": 37, "loss": 1.333535075187683, "acc": 0.04109589010477066, "acc_or": 0.6130136847496033, "sender_entropy": 2.2983434200286865, "receiver_entropy": 0.0, "original_loss": 1.0177388191223145, "mean_length": 6.0}
{"mode": "train", "epoch": 38, "loss": 0.4635946750640869, "acc": 0.020319635048508644, "acc_or": 0.3724885880947113, "sender_entropy": 2.2982394695281982, "receiver_entropy": 0.0, "original_loss": 1.092729926109314, "mean_length": 6.0}
{"mode": "test", "epoch": 38, "loss": 1.386410117149353, "acc": 0.054794520139694214, "acc_or": 0.6267123222351074, "sender_entropy": 2.297670841217041, "receiver_entropy": 0.0, "original_loss": 1.0115525722503662, "mean_length": 6.0}
{"mode": "train", "epoch": 39, "loss": 0.4709581136703491, "acc": 0.021917808800935745, "acc_or": 0.3787100315093994, "sender_entropy": 2.297534465789795, "receiver_entropy": 0.0, "original_loss": 1.0910083055496216, "mean_length": 6.0}
{"mode": "test", "epoch": 39, "loss": 1.431840419769287, "acc": 0.054794520139694214, "acc_or": 0.6232876777648926, "sender_entropy": 2.296800136566162, "receiver_entropy": 0.0, "original_loss": 1.0057841539382935, "mean_length": 6.0}
{"mode": "train", "epoch": 40, "loss": 0.46332818269729614, "acc": 0.018493151292204857, "acc_or": 0.38093605637550354, "sender_entropy": 2.2966415882110596, "receiver_entropy": 0.0, "original_loss": 1.090456485748291, "mean_length": 6.0}
{"mode": "test", "epoch": 40, "loss": 1.4702582359313965, "acc": 0.054794520139694214, "acc_or": 0.6095890402793884, "sender_entropy": 2.2956957817077637, "receiver_entropy": 0.0, "original_loss": 1.000439167022705, "mean_length": 6.0}
{"mode": "train", "epoch": 41, "loss": 0.4751470685005188, "acc": 0.019178081303834915, "acc_or": 0.3854452073574066, "sender_entropy": 2.295511484146118, "receiver_entropy": 0.0, "original_loss": 1.0883748531341553, "mean_length": 6.0}
{"mode": "test", "epoch": 41, "loss": 1.5195890665054321, "acc": 0.054794520139694214, "acc_or": 0.6095890402793884, "sender_entropy": 2.2942495346069336, "receiver_entropy": 0.0, "original_loss": 0.993844747543335, "mean_length": 6.0}
{"mode": "train", "epoch": 42, "loss": 0.4780535101890564, "acc": 0.02283105067908764, "acc_or": 0.3889840245246887, "sender_entropy": 2.2940192222595215, "receiver_entropy": 0.0, "original_loss": 1.0869423151016235, "mean_length": 6.0}
{"mode": "test", "epoch": 42, "loss": 1.5674340724945068, "acc": 0.054794520139694214, "acc_or": 0.6061643958091736, "sender_entropy": 2.292315721511841, "receiver_entropy": 0.0, "original_loss": 0.9869397282600403, "mean_length": 6.0}
{"mode": "train", "epoch": 43, "loss": 0.4912731647491455, "acc": 0.023515980690717697, "acc_or": 0.3968607187271118, "sender_entropy": 2.292041301727295, "receiver_entropy": 0.0, "original_loss": 1.084715723991394, "mean_length": 6.0}
{"mode": "test", "epoch": 43, "loss": 1.5928707122802734, "acc": 0.04109589010477066, "acc_or": 0.5924657583236694, "sender_entropy": 2.289681911468506, "receiver_entropy": 0.0, "original_loss": 0.9812526106834412, "mean_length": 6.0}
{"mode": "train", "epoch": 44, "loss": 0.48424428701400757, "acc": 0.022602738812565804, "acc_or": 0.39743149280548096, "sender_entropy": 2.2893567085266113, "receiver_entropy": 0.0, "original_loss": 1.08403742313385, "mean_length": 6.0}
{"mode": "test", "epoch": 44, "loss": 1.6104326248168945, "acc": 0.04109589010477066, "acc_or": 0.5958904027938843, "sender_entropy": 2.2863001823425293, "receiver_entropy": 0.0, "original_loss": 0.9756532311439514, "mean_length": 6.0}
{"mode": "train", "epoch": 45, "loss": 0.5190034508705139, "acc": 0.025342464447021484, "acc_or": 0.4099315106868744, "sender_entropy": 2.285917043685913, "receiver_entropy": 0.0, "original_loss": 1.0799282789230347, "mean_length": 6.0}
{"mode": "test", "epoch": 45, "loss": 1.6374759674072266, "acc": 0.04109589010477066, "acc_or": 0.5821917653083801, "sender_entropy": 2.282069206237793, "receiver_entropy": 0.0, "original_loss": 0.9687110185623169, "mean_length": 6.0}
{"mode": "train", "epoch": 46, "loss": 0.5585008859634399, "acc": 0.03059360757470131, "acc_or": 0.4147830903530121, "sender_entropy": 2.2815845012664795, "receiver_entropy": 0.0, "original_loss": 1.0754311084747314, "mean_length": 6.0}
{"mode": "test", "epoch": 46, "loss": 1.6496198177337646, "acc": 0.04109589010477066, "acc_or": 0.5787671208381653, "sender_entropy": 2.2766213417053223, "receiver_entropy": 0.0, "original_loss": 0.9621197581291199, "mean_length": 6.0}
{"mode": "train", "epoch": 47, "loss": 0.5904373526573181, "acc": 0.030136985704302788, "acc_or": 0.42562785744667053, "sender_entropy": 2.2760488986968994, "receiver_entropy": 0.0, "original_loss": 1.071202278137207, "mean_length": 6.0}
{"mode": "test", "epoch": 47, "loss": 1.649275541305542, "acc": 0.04109589010477066, "acc_or": 0.5821917653083801, "sender_entropy": 2.269806146621704, "receiver_entropy": 0.0, "original_loss": 0.9560057520866394, "mean_length": 6.0}
{"mode": "train", "epoch": 48, "loss": 0.6707005500793457, "acc": 0.030821917578577995, "acc_or": 0.4353310465812683, "sender_entropy": 2.269134283065796, "receiver_entropy": 0.0, "original_loss": 1.0629230737686157, "mean_length": 6.0}
{"mode": "test", "epoch": 48, "loss": 1.6215362548828125, "acc": 0.04109589010477066, "acc_or": 0.585616409778595, "sender_entropy": 2.26103138923645, "receiver_entropy": 0.0, "original_loss": 0.9516429305076599, "mean_length": 6.0}
{"mode": "train", "epoch": 49, "loss": 0.7287308573722839, "acc": 0.03493150696158409, "acc_or": 0.44292235374450684, "sender_entropy": 2.2602031230926514, "receiver_entropy": 0.0, "original_loss": 1.0563688278198242, "mean_length": 6.0}
{"mode": "test", "epoch": 49, "loss": 1.6107089519500732, "acc": 0.04109589010477066, "acc_or": 0.5924657583236694, "sender_entropy": 2.25331449508667, "receiver_entropy": 0.0, "original_loss": 0.9464715123176575, "mean_length": 6.0}
{"mode": "train", "epoch": 50, "loss": 0.8159424662590027, "acc": 0.0356164388358593, "acc_or": 0.45724883675575256, "sender_entropy": 2.252272129058838, "receiver_entropy": 0.0, "original_loss": 1.0469177961349487, "mean_length": 6.0}
{"mode": "test", "epoch": 50, "loss": 1.6525402069091797, "acc": 0.04109589010477066, "acc_or": 0.585616409778595, "sender_entropy": 2.244114398956299, "receiver_entropy": 0.0, "original_loss": 0.9366932511329651, "mean_length": 6.0}
{"mode": "train", "epoch": 51, "loss": 0.9054585099220276, "acc": 0.03721461072564125, "acc_or": 0.47203195095062256, "sender_entropy": 2.2427210807800293, "receiver_entropy": 0.0, "original_loss": 1.036590576171875, "mean_length": 6.0}
{"mode": "test", "epoch": 51, "loss": 1.544795036315918, "acc": 0.054794520139694214, "acc_or": 0.5924657583236694, "sender_entropy": 2.2317075729370117, "receiver_entropy": 0.0, "original_loss": 0.9391337037086487, "mean_length": 6.0}
{"mode": "train", "epoch": 52, "loss": 0.990911602973938, "acc": 0.04041095823049545, "acc_or": 0.47973743081092834, "sender_entropy": 2.2298223972320557, "receiver_entropy": 0.0, "original_loss": 1.0257747173309326, "mean_length": 6.0}
{"mode": "test", "epoch": 52, "loss": 1.494337558746338, "acc": 0.06849315017461777, "acc_or": 0.5924657583236694, "sender_entropy": 2.2150189876556396, "receiver_entropy": 0.0, "original_loss": 0.9349806308746338, "mean_length": 6.0}
{"mode": "train", "epoch": 53, "loss": 1.076414704322815, "acc": 0.04566210135817528, "acc_or": 0.486872136592865, "sender_entropy": 2.212606430053711, "receiver_entropy": 0.0, "original_loss": 1.0142428874969482, "mean_length": 6.0}
{"mode": "test", "epoch": 53, "loss": 1.3135498762130737, "acc": 0.054794520139694214, "acc_or": 0.585616409778595, "sender_entropy": 2.1896910667419434, "receiver_entropy": 0.0, "original_loss": 0.9424463510513306, "mean_length": 6.0}
{"mode": "train", "epoch": 54, "loss": 1.2318611145019531, "acc": 0.04543378949165344, "acc_or": 0.5085045695304871, "sender_entropy": 2.1859042644500732, "receiver_entropy": 0.0, "original_loss": 0.9970210194587708, "mean_length": 6.0}
{"mode": "test", "epoch": 54, "loss": 1.3016382455825806, "acc": 0.054794520139694214, "acc_or": 0.585616409778595, "sender_entropy": 2.1813981533050537, "receiver_entropy": 0.0, "original_loss": 0.9383409023284912, "mean_length": 6.0}
{"mode": "train", "epoch": 55, "loss": 1.2908594608306885, "acc": 0.04794520512223244, "acc_or": 0.515810489654541, "sender_entropy": 2.176295042037964, "receiver_entropy": 0.0, "original_loss": 0.988166093826294, "mean_length": 6.0}
{"mode": "test", "epoch": 55, "loss": 1.428184986114502, "acc": 0.054794520139694214, "acc_or": 0.5821917653083801, "sender_entropy": 2.1818535327911377, "receiver_entropy": 0.0, "original_loss": 0.9231368899345398, "mean_length": 6.0}
{"mode": "train", "epoch": 56, "loss": 1.3289034366607666, "acc": 0.05114155262708664, "acc_or": 0.5208904147148132, "sender_entropy": 2.176258087158203, "receiver_entropy": 0.0, "original_loss": 0.9824292063713074, "mean_length": 6.0}
{"mode": "test", "epoch": 56, "loss": 1.6712703704833984, "acc": 0.054794520139694214, "acc_or": 0.6232876777648926, "sender_entropy": 2.1832728385925293, "receiver_entropy": 0.0, "original_loss": 0.8952040076255798, "mean_length": 6.0}
{"mode": "train", "epoch": 57, "loss": 1.3475267887115479, "acc": 0.051369860768318176, "acc_or": 0.5234588980674744, "sender_entropy": 2.177847146987915, "receiver_entropy": 0.0, "original_loss": 0.9783095717430115, "mean_length": 6.0}
{"mode": "test", "epoch": 57, "loss": 1.682967185974121, "acc": 0.09589041024446487, "acc_or": 0.6061643958091736, "sender_entropy": 2.1771013736724854, "receiver_entropy": 0.0, "original_loss": 0.8874862790107727, "mean_length": 6.0}
{"mode": "train", "epoch": 58, "loss": 1.2653027772903442, "acc": 0.049771688878536224, "acc_or": 0.514497697353363, "sender_entropy": 2.1713485717773438, "receiver_entropy": 0.0, "original_loss": 0.9818546772003174, "mean_length": 6.0}
{"mode": "test", "epoch": 58, "loss": 1.7156567573547363, "acc": 0.08219178020954132, "acc_or": 0.6164383292198181, "sender_entropy": 2.1684200763702393, "receiver_entropy": 0.0, "original_loss": 0.8794233798980713, "mean_length": 6.0}
{"mode": "train", "epoch": 59, "loss": 1.390784502029419, "acc": 0.053652968257665634, "acc_or": 0.5301940441131592, "sender_entropy": 2.1617515087127686, "receiver_entropy": 0.0, "original_loss": 0.9670179486274719, "mean_length": 6.0}
{"mode": "test", "epoch": 59, "loss": 1.6710259914398193, "acc": 0.08219178020954132, "acc_or": 0.6130136847496033, "sender_entropy": 2.1560258865356445, "receiver_entropy": 0.0, "original_loss": 0.8783611059188843, "mean_length": 6.0}
{"mode": "train", "epoch": 60, "loss": 1.501465916633606, "acc": 0.056849315762519836, "acc_or": 0.5386986136436462, "sender_entropy": 2.1474223136901855, "receiver_entropy": 0.0, "original_loss": 0.9543851613998413, "mean_length": 6.0}
{"mode": "test", "epoch": 60, "loss": 1.6438117027282715, "acc": 0.06849315017461777, "acc_or": 0.6232876777648926, "sender_entropy": 2.1469521522521973, "receiver_entropy": 0.0, "original_loss": 0.8776468634605408, "mean_length": 6.0}
{"mode": "train", "epoch": 61, "loss": 1.5602936744689941, "acc": 0.06050228327512741, "acc_or": 0.5444063544273376, "sender_entropy": 2.1375253200531006, "receiver_entropy": 0.0, "original_loss": 0.945416271686554, "mean_length": 6.0}
{"mode": "test", "epoch": 61, "loss": 1.7251794338226318, "acc": 0.06849315017461777, "acc_or": 0.6164383292198181, "sender_entropy": 2.1348583698272705, "receiver_entropy": 0.0, "original_loss": 0.8653087019920349, "mean_length": 6.0}
{"mode": "train", "epoch": 62, "loss": 1.5666954517364502, "acc": 0.060273971408605576, "acc_or": 0.5469177961349487, "sender_entropy": 2.1236817836761475, "receiver_entropy": 0.0, "original_loss": 0.9409734606742859, "mean_length": 6.0}
{"mode": "test", "epoch": 62, "loss": 1.7603504657745361, "acc": 0.06849315017461777, "acc_or": 0.6232876777648926, "sender_entropy": 2.1325557231903076, "receiver_entropy": 0.0, "original_loss": 0.8600367903709412, "mean_length": 6.0}
{"mode": "train", "epoch": 63, "loss": 1.5772682428359985, "acc": 0.06347031891345978, "acc_or": 0.5483447313308716, "sender_entropy": 2.1211819648742676, "receiver_entropy": 0.0, "original_loss": 0.9378384351730347, "mean_length": 6.0}
{"mode": "test", "epoch": 63, "loss": 1.807649850845337, "acc": 0.09589041024446487, "acc_or": 0.6301369667053223, "sender_entropy": 2.135472297668457, "receiver_entropy": 0.0, "original_loss": 0.8550414443016052, "mean_length": 6.0}
{"mode": "train", "epoch": 64, "loss": 1.5105818510055542, "acc": 0.06735159456729889, "acc_or": 0.548059344291687, "sender_entropy": 2.1248347759246826, "receiver_entropy": 0.0, "original_loss": 0.9423050880432129, "mean_length": 6.0}
{"mode": "test", "epoch": 64, "loss": 1.8383805751800537, "acc": 0.08219178020954132, "acc_or": 0.6301369667053223, "sender_entropy": 2.1411545276641846, "receiver_entropy": 0.0, "original_loss": 0.8534937500953674, "mean_length": 6.0}
{"mode": "train", "epoch": 65, "loss": 1.4989848136901855, "acc": 0.05821917578577995, "acc_or": 0.5431506633758545, "sender_entropy": 2.133202314376831, "receiver_entropy": 0.0, "original_loss": 0.9417404532432556, "mean_length": 6.0}
{"mode": "test", "epoch": 65, "loss": 2.079148292541504, "acc": 0.10958904027938843, "acc_or": 0.6369863152503967, "sender_entropy": 2.1467154026031494, "receiver_entropy": 0.0, "original_loss": 0.8293555974960327, "mean_length": 6.0}
{"mode": "train", "epoch": 66, "loss": 1.5272351503372192, "acc": 0.06347031891345978, "acc_or": 0.5514269471168518, "sender_entropy": 2.139819860458374, "receiver_entropy": 0.0, "original_loss": 0.9372812509536743, "mean_length": 6.0}
{"mode": "test", "epoch": 66, "loss": 2.1235411167144775, "acc": 0.10958904027938843, "acc_or": 0.6472602486610413, "sender_entropy": 2.1449851989746094, "receiver_entropy": 0.0, "original_loss": 0.820864737033844, "mean_length": 6.0}
{"mode": "train", "epoch": 67, "loss": 1.4889793395996094, "acc": 0.06255707889795303, "acc_or": 0.5470890402793884, "sender_entropy": 2.1371209621429443, "receiver_entropy": 0.0, "original_loss": 0.9383642673492432, "mean_length": 6.0}
{"mode": "test", "epoch": 67, "loss": 2.1425819396972656, "acc": 0.10958904027938843, "acc_or": 0.6438356041908264, "sender_entropy": 2.136291742324829, "receiver_entropy": 0.0, "original_loss": 0.8119383454322815, "mean_length": 6.0}
{"mode": "train", "epoch": 68, "loss": 1.5331305265426636, "acc": 0.06940639019012451, "acc_or": 0.5554794669151306, "sender_entropy": 2.127037286758423, "receiver_entropy": 0.0, "original_loss": 0.9308977127075195, "mean_length": 6.0}
{"mode": "test", "epoch": 68, "loss": 2.207608699798584, "acc": 0.10958904027938843, "acc_or": 0.6369863152503967, "sender_entropy": 2.12758731842041, "receiver_entropy": 0.0, "original_loss": 0.7996875643730164, "mean_length": 6.0}
{"mode": "train", "epoch": 69, "loss": 1.609501838684082, "acc": 0.06940639019012451, "acc_or": 0.5601027011871338, "sender_entropy": 2.117042064666748, "receiver_entropy": 0.0, "original_loss": 0.9213429689407349, "mean_length": 6.0}
{"mode": "test", "epoch": 69, "loss": 2.320441246032715, "acc": 0.10958904027938843, "acc_or": 0.6506849527359009, "sender_entropy": 2.122293472290039, "receiver_entropy": 0.0, "original_loss": 0.7827416062355042, "mean_length": 6.0}
{"mode": "train", "epoch": 70, "loss": 1.6444675922393799, "acc": 0.07009132206439972, "acc_or": 0.5636986494064331, "sender_entropy": 2.107591390609741, "receiver_entropy": 0.0, "original_loss": 0.9145728349685669, "mean_length": 6.0}
{"mode": "test", "epoch": 70, "loss": 2.337571620941162, "acc": 0.12328767031431198, "acc_or": 0.6541095972061157, "sender_entropy": 2.119720220565796, "receiver_entropy": 0.0, "original_loss": 0.7721410989761353, "mean_length": 6.0}
{"mode": "train", "epoch": 71, "loss": 1.687565803527832, "acc": 0.07397260516881943, "acc_or": 0.573002278804779, "sender_entropy": 2.099085569381714, "receiver_entropy": 0.0, "original_loss": 0.9069038033485413, "mean_length": 6.0}
{"mode": "test", "epoch": 71, "loss": 2.320732355117798, "acc": 0.10958904027938843, "acc_or": 0.6438356041908264, "sender_entropy": 2.118175983428955, "receiver_entropy": 0.0, "original_loss": 0.7683943510055542, "mean_length": 6.0}
{"mode": "train", "epoch": 72, "loss": 1.6603221893310547, "acc": 0.08264840394258499, "acc_or": 0.5710616111755371, "sender_entropy": 2.095710277557373, "receiver_entropy": 0.0, "original_loss": 0.9054016470909119, "mean_length": 6.0}
{"mode": "test", "epoch": 72, "loss": 2.31898832321167, "acc": 0.12328767031431198, "acc_or": 0.6643835306167603, "sender_entropy": 2.1167166233062744, "receiver_entropy": 0.0, "original_loss": 0.7644444704055786, "mean_length": 6.0}
{"mode": "train", "epoch": 73, "loss": 1.7455936670303345, "acc": 0.08401826024055481, "acc_or": 0.5753424763679504, "sender_entropy": 2.0928404331207275, "receiver_entropy": 0.0, "original_loss": 0.8960736989974976, "mean_length": 6.0}
{"mode": "test", "epoch": 73, "loss": 2.412867546081543, "acc": 0.16438356041908264, "acc_or": 0.6643835306167603, "sender_entropy": 2.1205973625183105, "receiver_entropy": 0.0, "original_loss": 0.7537199854850769, "mean_length": 6.0}
{"mode": "train", "epoch": 74, "loss": 1.6888431310653687, "acc": 0.08561643958091736, "acc_or": 0.5782533884048462, "sender_entropy": 2.0960123538970947, "receiver_entropy": 0.0, "original_loss": 0.8983472585678101, "mean_length": 6.0}
{"mode": "test", "epoch": 74, "loss": 2.4737119674682617, "acc": 0.13698630034923553, "acc_or": 0.6678082346916199, "sender_entropy": 2.119908332824707, "receiver_entropy": 0.0, "original_loss": 0.7454575896263123, "mean_length": 6.0}
{"mode": "train", "epoch": 75, "loss": 1.759836196899414, "acc": 0.08812785148620605, "acc_or": 0.5823630094528198, "sender_entropy": 2.0959348678588867, "receiver_entropy": 0.0, "original_loss": 0.8894739747047424, "mean_length": 6.0}
{"mode": "test", "epoch": 75, "loss": 2.5218594074249268, "acc": 0.1506849229335785, "acc_or": 0.6712328791618347, "sender_entropy": 2.1135659217834473, "receiver_entropy": 0.0, "original_loss": 0.7348881363868713, "mean_length": 6.0}
{"mode": "train", "epoch": 76, "loss": 1.8403313159942627, "acc": 0.09680365025997162, "acc_or": 0.5897260308265686, "sender_entropy": 2.0890326499938965, "receiver_entropy": 0.0, "original_loss": 0.8794841766357422, "mean_length": 6.0}
{"mode": "test", "epoch": 76, "loss": 2.4878909587860107, "acc": 0.1506849229335785, "acc_or": 0.6746575236320496, "sender_entropy": 2.104811668395996, "receiver_entropy": 0.0, "original_loss": 0.7310627102851868, "mean_length": 6.0}
{"mode": "train", "epoch": 77, "loss": 1.8649928569793701, "acc": 0.10251141339540482, "acc_or": 0.593436062335968, "sender_entropy": 2.078024387359619, "receiver_entropy": 0.0, "original_loss": 0.8726389408111572, "mean_length": 6.0}
{"mode": "test", "epoch": 77, "loss": 2.4418654441833496, "acc": 0.1506849229335785, "acc_or": 0.6849315166473389, "sender_entropy": 2.088674783706665, "receiver_entropy": 0.0, "original_loss": 0.7258734703063965, "mean_length": 6.0}
{"mode": "train", "epoch": 78, "loss": 1.9729846715927124, "acc": 0.10867580026388168, "acc_or": 0.6043949723243713, "sender_entropy": 2.0604248046875, "receiver_entropy": 0.0, "original_loss": 0.8588178157806396, "mean_length": 6.0}
{"mode": "test", "epoch": 78, "loss": 2.3942642211914062, "acc": 0.1506849229335785, "acc_or": 0.681506872177124, "sender_entropy": 2.078056812286377, "receiver_entropy": 0.0, "original_loss": 0.7241084575653076, "mean_length": 6.0}
{"mode": "train", "epoch": 79, "loss": 2.043734312057495, "acc": 0.11484017968177795, "acc_or": 0.6038812398910522, "sender_entropy": 2.0472424030303955, "receiver_entropy": 0.0, "original_loss": 0.8491868376731873, "mean_length": 6.0}
{"mode": "test", "epoch": 79, "loss": 2.523465633392334, "acc": 0.12328767031431198, "acc_or": 0.681506872177124, "sender_entropy": 2.0722262859344482, "receiver_entropy": 0.0, "original_loss": 0.706268310546875, "mean_length": 6.0}
{"mode": "train", "epoch": 80, "loss": 2.0782952308654785, "acc": 0.11369863152503967, "acc_or": 0.6090753078460693, "sender_entropy": 2.040550470352173, "receiver_entropy": 0.0, "original_loss": 0.8405489325523376, "mean_length": 6.0}
{"mode": "test", "epoch": 80, "loss": 2.5525317192077637, "acc": 0.16438356041908264, "acc_or": 0.6746575236320496, "sender_entropy": 2.0653269290924072, "receiver_entropy": 0.0, "original_loss": 0.6975688934326172, "mean_length": 6.0}
{"mode": "train", "epoch": 81, "loss": 2.1635260581970215, "acc": 0.12648402154445648, "acc_or": 0.613869845867157, "sender_entropy": 2.0296597480773926, "receiver_entropy": 0.0, "original_loss": 0.8285406231880188, "mean_length": 6.0}
{"mode": "test", "epoch": 81, "loss": 2.561452865600586, "acc": 0.2054794430732727, "acc_or": 0.6952054500579834, "sender_entropy": 2.060579776763916, "receiver_entropy": 0.0, "original_loss": 0.6909889578819275, "mean_length": 6.0}
{"mode": "train", "epoch": 82, "loss": 2.233856678009033, "acc": 0.12488584220409393, "acc_or": 0.617694079875946, "sender_entropy": 2.0195608139038086, "receiver_entropy": 0.0, "original_loss": 0.8192611932754517, "mean_length": 6.0}
{"mode": "test", "epoch": 82, "loss": 2.585582971572876, "acc": 0.19178082048892975, "acc_or": 0.6952054500579834, "sender_entropy": 2.060258626937866, "receiver_entropy": 0.0, "original_loss": 0.6859616637229919, "mean_length": 6.0}
{"mode": "train", "epoch": 83, "loss": 2.2360544204711914, "acc": 0.12488584220409393, "acc_or": 0.6240296959877014, "sender_entropy": 2.0202229022979736, "receiver_entropy": 0.0, "original_loss": 0.8147352933883667, "mean_length": 6.0}
{"mode": "test", "epoch": 83, "loss": 2.637167453765869, "acc": 0.19178082048892975, "acc_or": 0.6917808055877686, "sender_entropy": 2.0600297451019287, "receiver_entropy": 0.0, "original_loss": 0.6800165772438049, "mean_length": 6.0}
{"mode": "train", "epoch": 84, "loss": 2.165003538131714, "acc": 0.125342458486557, "acc_or": 0.6198059320449829, "sender_entropy": 2.0196115970611572, "receiver_entropy": 0.0, "original_loss": 0.8165803551673889, "mean_length": 6.0}
{"mode": "test", "epoch": 84, "loss": 2.4303128719329834, "acc": 0.1506849229335785, "acc_or": 0.6678082346916199, "sender_entropy": 2.055663585662842, "receiver_entropy": 0.0, "original_loss": 0.698706328868866, "mean_length": 6.0}
{"mode": "train", "epoch": 85, "loss": 2.2026941776275635, "acc": 0.1278538852930069, "acc_or": 0.6180936098098755, "sender_entropy": 2.012753486633301, "receiver_entropy": 0.0, "original_loss": 0.8095186948776245, "mean_length": 6.0}
{"mode": "test", "epoch": 85, "loss": 2.3569796085357666, "acc": 0.1506849229335785, "acc_or": 0.6952054500579834, "sender_entropy": 2.045783758163452, "receiver_entropy": 0.0, "original_loss": 0.7045614123344421, "mean_length": 6.0}
{"mode": "train", "epoch": 86, "loss": 2.2230160236358643, "acc": 0.12739725410938263, "acc_or": 0.6240296959877014, "sender_entropy": 2.0005087852478027, "receiver_entropy": 0.0, "original_loss": 0.8031725883483887, "mean_length": 6.0}
{"mode": "test", "epoch": 86, "loss": 2.557072162628174, "acc": 0.2054794430732727, "acc_or": 0.7054794430732727, "sender_entropy": 2.042243719100952, "receiver_entropy": 0.0, "original_loss": 0.6783943772315979, "mean_length": 6.0}
{"mode": "train", "epoch": 87, "loss": 2.3872647285461426, "acc": 0.1399543285369873, "acc_or": 0.6356735229492188, "sender_entropy": 1.9943220615386963, "receiver_entropy": 0.0, "original_loss": 0.7859678268432617, "mean_length": 6.0}
{"mode": "test", "epoch": 87, "loss": 2.7591209411621094, "acc": 0.232876718044281, "acc_or": 0.7260273694992065, "sender_entropy": 2.0426347255706787, "receiver_entropy": 0.0, "original_loss": 0.6542443633079529, "mean_length": 6.0}
{"mode": "train", "epoch": 88, "loss": 2.3005621433258057, "acc": 0.14520548284053802, "acc_or": 0.6319063901901245, "sender_entropy": 1.9947121143341064, "receiver_entropy": 0.0, "original_loss": 0.7907378077507019, "mean_length": 6.0}
{"mode": "test", "epoch": 88, "loss": 2.9098024368286133, "acc": 0.2054794430732727, "acc_or": 0.7363013625144958, "sender_entropy": 2.043776035308838, "receiver_entropy": 0.0, "original_loss": 0.6389185190200806, "mean_length": 6.0}
{"mode": "train", "epoch": 89, "loss": 2.3250975608825684, "acc": 0.14223743975162506, "acc_or": 0.6347602605819702, "sender_entropy": 1.9935693740844727, "receiver_entropy": 0.0, "original_loss": 0.787120521068573, "mean_length": 6.0}
{"mode": "test", "epoch": 89, "loss": 2.9571123123168945, "acc": 0.27397260069847107, "acc_or": 0.7431506514549255, "sender_entropy": 2.0421135425567627, "receiver_entropy": 0.0, "original_loss": 0.6321082711219788, "mean_length": 6.0}
{"mode": "train", "epoch": 90, "loss": 2.3402252197265625, "acc": 0.15433789789676666, "acc_or": 0.6418378949165344, "sender_entropy": 1.9915084838867188, "receiver_entropy": 0.0, "original_loss": 0.7803239226341248, "mean_length": 6.0}
{"mode": "test", "epoch": 90, "loss": 3.108595848083496, "acc": 0.2602739632129669, "acc_or": 0.7534246444702148, "sender_entropy": 2.0358548164367676, "receiver_entropy": 0.0, "original_loss": 0.6085931062698364, "mean_length": 6.0}
{"mode": "train", "epoch": 91, "loss": 2.435689687728882, "acc": 0.14543378353118896, "acc_or": 0.6372717022895813, "sender_entropy": 1.983068585395813, "receiver_entropy": 0.0, "original_loss": 0.7697283625602722, "mean_length": 6.0}
{"mode": "test", "epoch": 91, "loss": 3.070504665374756, "acc": 0.27397260069847107, "acc_or": 0.7636986374855042, "sender_entropy": 2.027639150619507, "receiver_entropy": 0.0, "original_loss": 0.6091107726097107, "mean_length": 6.0}
{"mode": "train", "epoch": 92, "loss": 2.402130603790283, "acc": 0.1474885791540146, "acc_or": 0.6388698816299438, "sender_entropy": 1.9734922647476196, "receiver_entropy": 0.0, "original_loss": 0.7668278813362122, "mean_length": 6.0}
{"mode": "test", "epoch": 92, "loss": 2.9579060077667236, "acc": 0.31506848335266113, "acc_or": 0.7705479264259338, "sender_entropy": 2.011157274246216, "receiver_entropy": 0.0, "original_loss": 0.6090356707572937, "mean_length": 6.0}
{"mode": "train", "epoch": 93, "loss": 2.5408756732940674, "acc": 0.14840182662010193, "acc_or": 0.6464611887931824, "sender_entropy": 1.9531131982803345, "receiver_entropy": 0.0, "original_loss": 0.750861644744873, "mean_length": 6.0}
{"mode": "test", "epoch": 93, "loss": 3.0660130977630615, "acc": 0.27397260069847107, "acc_or": 0.7602739930152893, "sender_entropy": 2.0081756114959717, "receiver_entropy": 0.0, "original_loss": 0.5922916531562805, "mean_length": 6.0}
{"mode": "train", "epoch": 94, "loss": 2.6133782863616943, "acc": 0.155251145362854, "acc_or": 0.6516552567481995, "sender_entropy": 1.9440542459487915, "receiver_entropy": 0.0, "original_loss": 0.7395288348197937, "mean_length": 6.0}
{"mode": "test", "epoch": 94, "loss": 3.066856861114502, "acc": 0.27397260069847107, "acc_or": 0.7534246444702148, "sender_entropy": 2.006305694580078, "receiver_entropy": 0.0, "original_loss": 0.5881710648536682, "mean_length": 6.0}
{"mode": "train", "epoch": 95, "loss": 2.6665079593658447, "acc": 0.16232876479625702, "acc_or": 0.6554223895072937, "sender_entropy": 1.9403512477874756, "receiver_entropy": 0.0, "original_loss": 0.7335322499275208, "mean_length": 6.0}
{"mode": "test", "epoch": 95, "loss": 3.2342207431793213, "acc": 0.24657534062862396, "acc_or": 0.7465753555297852, "sender_entropy": 2.012727737426758, "receiver_entropy": 0.0, "original_loss": 0.57228022813797, "mean_length": 6.0}
{"mode": "train", "epoch": 96, "loss": 2.665877103805542, "acc": 0.16757990419864655, "acc_or": 0.6568493247032166, "sender_entropy": 1.9478739500045776, "receiver_entropy": 0.0, "original_loss": 0.7299901843070984, "mean_length": 6.0}
{"mode": "test", "epoch": 96, "loss": 3.388256072998047, "acc": 0.2602739632129669, "acc_or": 0.7568492889404297, "sender_entropy": 2.016549587249756, "receiver_entropy": 0.0, "original_loss": 0.5553154349327087, "mean_length": 6.0}
{"mode": "train", "epoch": 97, "loss": 2.6928393840789795, "acc": 0.16484017670154572, "acc_or": 0.65787672996521, "sender_entropy": 1.9493858814239502, "receiver_entropy": 0.0, "original_loss": 0.7264649868011475, "mean_length": 6.0}
{"mode": "test", "epoch": 97, "loss": 3.4868547916412354, "acc": 0.27397260069847107, "acc_or": 0.767123281955719, "sender_entropy": 2.011991262435913, "receiver_entropy": 0.0, "original_loss": 0.5370590090751648, "mean_length": 6.0}
{"mode": "train", "epoch": 98, "loss": 2.697777271270752, "acc": 0.1634703129529953, "acc_or": 0.6571917533874512, "sender_entropy": 1.9436635971069336, "receiver_entropy": 0.0, "original_loss": 0.7216541767120361, "mean_length": 6.0}
{"mode": "test", "epoch": 98, "loss": 3.3888466358184814, "acc": 0.232876718044281, "acc_or": 0.7465753555297852, "sender_entropy": 2.0047767162323, "receiver_entropy": 0.0, "original_loss": 0.540738582611084, "mean_length": 6.0}
{"mode": "train", "epoch": 99, "loss": 2.6941680908203125, "acc": 0.1716894954442978, "acc_or": 0.6566780805587769, "sender_entropy": 1.9359776973724365, "receiver_entropy": 0.0, "original_loss": 0.7153528928756714, "mean_length": 6.0}
{"mode": "test", "epoch": 99, "loss": 3.4162521362304688, "acc": 0.232876718044281, "acc_or": 0.7534246444702148, "sender_entropy": 1.992430329322815, "receiver_entropy": 0.0, "original_loss": 0.5261691212654114, "mean_length": 6.0}
{"mode": "train", "epoch": 100, "loss": 2.817117214202881, "acc": 0.17716895043849945, "acc_or": 0.6667237281799316, "sender_entropy": 1.920113444328308, "receiver_entropy": 0.0, "original_loss": 0.7012521028518677, "mean_length": 6.0}
{"mode": "test", "epoch": 100, "loss": 3.4841880798339844, "acc": 0.2602739632129669, "acc_or": 0.7773972749710083, "sender_entropy": 1.982529878616333, "receiver_entropy": 0.0, "original_loss": 0.509734034538269, "mean_length": 6.0}
{"mode": "train", "epoch": 101, "loss": 2.9307329654693604, "acc": 0.1805936098098755, "acc_or": 0.6747146248817444, "sender_entropy": 1.9085897207260132, "receiver_entropy": 0.0, "original_loss": 0.6841752529144287, "mean_length": 6.0}
{"mode": "test", "epoch": 101, "loss": 3.511345624923706, "acc": 0.31506848335266113, "acc_or": 0.784246563911438, "sender_entropy": 1.9710592031478882, "receiver_entropy": 0.0, "original_loss": 0.49633166193962097, "mean_length": 6.0}
{"mode": "train", "epoch": 102, "loss": 2.993938684463501, "acc": 0.18287670612335205, "acc_or": 0.6814497709274292, "sender_entropy": 1.8956750631332397, "receiver_entropy": 0.0, "original_loss": 0.6742059588432312, "mean_length": 6.0}
{"mode": "test", "epoch": 102, "loss": 3.6370835304260254, "acc": 0.39726027846336365, "acc_or": 0.8116438388824463, "sender_entropy": 1.969299554824829, "receiver_entropy": 0.0, "original_loss": 0.4775797128677368, "mean_length": 6.0}
{"mode": "train", "epoch": 103, "loss": 3.0372893810272217, "acc": 0.19383561611175537, "acc_or": 0.6872146129608154, "sender_entropy": 1.888822078704834, "receiver_entropy": 0.0, "original_loss": 0.6652771830558777, "mean_length": 6.0}
{"mode": "test", "epoch": 103, "loss": 3.5786163806915283, "acc": 0.3561643958091736, "acc_or": 0.7945205569267273, "sender_entropy": 1.9654474258422852, "receiver_entropy": 0.0, "original_loss": 0.4789969027042389, "mean_length": 6.0}
{"mode": "train", "epoch": 104, "loss": 3.106424570083618, "acc": 0.21004566550254822, "acc_or": 0.6960045695304871, "sender_entropy": 1.8887999057769775, "receiver_entropy": 0.0, "original_loss": 0.6560668349266052, "mean_length": 6.0}
{"mode": "test", "epoch": 104, "loss": 3.6296372413635254, "acc": 0.42465752363204956, "acc_or": 0.8287671208381653, "sender_entropy": 1.9625602960586548, "receiver_entropy": 0.0, "original_loss": 0.4729297459125519, "mean_length": 6.0}
{"mode": "train", "epoch": 105, "loss": 3.0683038234710693, "acc": 0.20684930682182312, "acc_or": 0.6942922472953796, "sender_entropy": 1.8887385129928589, "receiver_entropy": 0.0, "original_loss": 0.6547672152519226, "mean_length": 6.0}
{"mode": "test", "epoch": 105, "loss": 3.715522050857544, "acc": 0.465753436088562, "acc_or": 0.8458904027938843, "sender_entropy": 1.9591047763824463, "receiver_entropy": 0.0, "original_loss": 0.4627600312232971, "mean_length": 6.0}
{"mode": "train", "epoch": 106, "loss": 3.1456236839294434, "acc": 0.2118721455335617, "acc_or": 0.7058789730072021, "sender_entropy": 1.8813977241516113, "receiver_entropy": 0.0, "original_loss": 0.6434297561645508, "mean_length": 6.0}
{"mode": "test", "epoch": 106, "loss": 3.7835869789123535, "acc": 0.45205479860305786, "acc_or": 0.8493150472640991, "sender_entropy": 1.9459177255630493, "receiver_entropy": 0.0, "original_loss": 0.44511178135871887, "mean_length": 6.0}
{"mode": "train", "epoch": 107, "loss": 3.1989521980285645, "acc": 0.22191780805587769, "acc_or": 0.7073630094528198, "sender_entropy": 1.8673897981643677, "receiver_entropy": 0.0, "original_loss": 0.6333207488059998, "mean_length": 6.0}
{"mode": "test", "epoch": 107, "loss": 3.8230397701263428, "acc": 0.45205479860305786, "acc_or": 0.8493150472640991, "sender_entropy": 1.9327815771102905, "receiver_entropy": 0.0, "original_loss": 0.431479275226593, "mean_length": 6.0}
{"mode": "train", "epoch": 108, "loss": 3.2692651748657227, "acc": 0.22602739930152893, "acc_or": 0.715753436088562, "sender_entropy": 1.8557246923446655, "receiver_entropy": 0.0, "original_loss": 0.6203988790512085, "mean_length": 6.0}
{"mode": "test", "epoch": 108, "loss": 3.8665010929107666, "acc": 0.465753436088562, "acc_or": 0.8493150472640991, "sender_entropy": 1.91879141330719, "receiver_entropy": 0.0, "original_loss": 0.413569837808609, "mean_length": 6.0}
{"mode": "train", "epoch": 109, "loss": 3.3487627506256104, "acc": 0.24155250191688538, "acc_or": 0.7224885821342468, "sender_entropy": 1.8408995866775513, "receiver_entropy": 0.0, "original_loss": 0.6050801277160645, "mean_length": 6.0}
{"mode": "test", "epoch": 109, "loss": 3.903479814529419, "acc": 0.5068492889404297, "acc_or": 0.8698630332946777, "sender_entropy": 1.903586983680725, "receiver_entropy": 0.0, "original_loss": 0.3980746269226074, "mean_length": 6.0}
{"mode": "train", "epoch": 110, "loss": 3.352548360824585, "acc": 0.2372146099805832, "acc_or": 0.7248287796974182, "sender_entropy": 1.8231264352798462, "receiver_entropy": 0.0, "original_loss": 0.6003440022468567, "mean_length": 6.0}
{"mode": "test", "epoch": 110, "loss": 3.864163875579834, "acc": 0.5479452013969421, "acc_or": 0.8767123222351074, "sender_entropy": 1.8970489501953125, "receiver_entropy": 0.0, "original_loss": 0.394233763217926, "mean_length": 6.0}
{"mode": "train", "epoch": 111, "loss": 3.44620943069458, "acc": 0.2568493187427521, "acc_or": 0.7351027131080627, "sender_entropy": 1.823104977607727, "receiver_entropy": 0.0, "original_loss": 0.584344208240509, "mean_length": 6.0}
{"mode": "test", "epoch": 111, "loss": 3.810408115386963, "acc": 0.45205479860305786, "acc_or": 0.852739691734314, "sender_entropy": 1.8902767896652222, "receiver_entropy": 0.0, "original_loss": 0.39166778326034546, "mean_length": 6.0}
{"mode": "train", "epoch": 112, "loss": 3.4626824855804443, "acc": 0.27968037128448486, "acc_or": 0.744178056716919, "sender_entropy": 1.8183249235153198, "receiver_entropy": 0.0, "original_loss": 0.576031506061554, "mean_length": 6.0}
{"mode": "test", "epoch": 112, "loss": 3.796086072921753, "acc": 0.465753436088562, "acc_or": 0.8561643958091736, "sender_entropy": 1.8784970045089722, "receiver_entropy": 0.0, "original_loss": 0.38162684440612793, "mean_length": 6.0}
{"mode": "train", "epoch": 113, "loss": 3.3918235301971436, "acc": 0.2767123281955719, "acc_or": 0.7409246563911438, "sender_entropy": 1.8070741891860962, "receiver_entropy": 0.0, "original_loss": 0.5778355598449707, "mean_length": 6.0}
{"mode": "test", "epoch": 113, "loss": 3.770827531814575, "acc": 0.465753436088562, "acc_or": 0.8630136847496033, "sender_entropy": 1.8740051984786987, "receiver_entropy": 0.0, "original_loss": 0.37813588976860046, "mean_length": 6.0}
{"mode": "train", "epoch": 114, "loss": 3.422516345977783, "acc": 0.2819634675979614, "acc_or": 0.7464041113853455, "sender_entropy": 1.7929191589355469, "receiver_entropy": 0.0, "original_loss": 0.5672720670700073, "mean_length": 6.0}
{"mode": "test", "epoch": 114, "loss": 3.736658811569214, "acc": 0.5479452013969421, "acc_or": 0.8698630332946777, "sender_entropy": 1.8688963651657104, "receiver_entropy": 0.0, "original_loss": 0.3720934987068176, "mean_length": 6.0}
{"mode": "train", "epoch": 115, "loss": 3.5679080486297607, "acc": 0.297031968832016, "acc_or": 0.7564497590065002, "sender_entropy": 1.7837177515029907, "receiver_entropy": 0.0, "original_loss": 0.5492746829986572, "mean_length": 6.0}
{"mode": "test", "epoch": 115, "loss": 3.9107868671417236, "acc": 0.534246563911438, "acc_or": 0.8732876777648926, "sender_entropy": 1.8667253255844116, "receiver_entropy": 0.0, "original_loss": 0.34641551971435547, "mean_length": 6.0}
{"mode": "train", "epoch": 116, "loss": 3.5471749305725098, "acc": 0.30936071276664734, "acc_or": 0.7613013386726379, "sender_entropy": 1.783118724822998, "receiver_entropy": 0.0, "original_loss": 0.5445648431777954, "mean_length": 6.0}
{"mode": "test", "epoch": 116, "loss": 3.986412525177002, "acc": 0.602739691734314, "acc_or": 0.8972602486610413, "sender_entropy": 1.8652886152267456, "receiver_entropy": 0.0, "original_loss": 0.3309727907180786, "mean_length": 6.0}
{"mode": "train", "epoch": 117, "loss": 3.5725741386413574, "acc": 0.32031962275505066, "acc_or": 0.7666095495223999, "sender_entropy": 1.779399037361145, "receiver_entropy": 0.0, "original_loss": 0.539467453956604, "mean_length": 6.0}
{"mode": "test", "epoch": 117, "loss": 4.031671047210693, "acc": 0.5616438388824463, "acc_or": 0.8904109597206116, "sender_entropy": 1.8630434274673462, "receiver_entropy": 0.0, "original_loss": 0.3211016058921814, "mean_length": 6.0}
{"mode": "train", "epoch": 118, "loss": 3.564816474914551, "acc": 0.32534244656562805, "acc_or": 0.7662671208381653, "sender_entropy": 1.7721589803695679, "receiver_entropy": 0.0, "original_loss": 0.5340145826339722, "mean_length": 6.0}
{"mode": "test", "epoch": 118, "loss": 4.069149971008301, "acc": 0.5890411138534546, "acc_or": 0.8972602486610413, "sender_entropy": 1.854293942451477, "receiver_entropy": 0.0, "original_loss": 0.3078661262989044, "mean_length": 6.0}
{"mode": "train", "epoch": 119, "loss": 3.5382039546966553, "acc": 0.3251141607761383, "acc_or": 0.7678653001785278, "sender_entropy": 1.7767696380615234, "receiver_entropy": 0.0, "original_loss": 0.5320226550102234, "mean_length": 6.0}
{"mode": "test", "epoch": 119, "loss": 4.06024694442749, "acc": 0.6575342416763306, "acc_or": 0.9006849527359009, "sender_entropy": 1.8474547863006592, "receiver_entropy": 0.0, "original_loss": 0.3014301657676697, "mean_length": 6.0}
{"mode": "train", "epoch": 120, "loss": 3.6350021362304688, "acc": 0.34771689772605896, "acc_or": 0.7793949842453003, "sender_entropy": 1.761772632598877, "receiver_entropy": 0.0, "original_loss": 0.5143934488296509, "mean_length": 6.0}
{"mode": "test", "epoch": 120, "loss": 3.9378960132598877, "acc": 0.5479452013969421, "acc_or": 0.8767123222351074, "sender_entropy": 1.8248348236083984, "receiver_entropy": 0.0, "original_loss": 0.30114680528640747, "mean_length": 6.0}
{"mode": "train", "epoch": 121, "loss": 3.6571450233459473, "acc": 0.3404109477996826, "acc_or": 0.7787671089172363, "sender_entropy": 1.7422382831573486, "receiver_entropy": 0.0, "original_loss": 0.5069089531898499, "mean_length": 6.0}
{"mode": "test", "epoch": 121, "loss": 3.9243993759155273, "acc": 0.602739691734314, "acc_or": 0.8835616111755371, "sender_entropy": 1.818394660949707, "receiver_entropy": 0.0, "original_loss": 0.2959737479686737, "mean_length": 6.0}
{"mode": "train", "epoch": 122, "loss": 3.742482900619507, "acc": 0.3614155054092407, "acc_or": 0.7907534241676331, "sender_entropy": 1.733313798904419, "receiver_entropy": 0.0, "original_loss": 0.48972100019454956, "mean_length": 6.0}
{"mode": "test", "epoch": 122, "loss": 3.949847459793091, "acc": 0.6164383292198181, "acc_or": 0.8904109597206116, "sender_entropy": 1.804468035697937, "receiver_entropy": 0.0, "original_loss": 0.2792584002017975, "mean_length": 6.0}
{"mode": "train", "epoch": 123, "loss": 3.755904197692871, "acc": 0.37305936217308044, "acc_or": 0.7929223775863647, "sender_entropy": 1.7108319997787476, "receiver_entropy": 0.0, "original_loss": 0.48299023509025574, "mean_length": 6.0}
{"mode": "test", "epoch": 123, "loss": 3.9677834510803223, "acc": 0.6438356041908264, "acc_or": 0.9006849527359009, "sender_entropy": 1.799660563468933, "receiver_entropy": 0.0, "original_loss": 0.2717980742454529, "mean_length": 6.0}
{"mode": "train", "epoch": 124, "loss": 3.9214658737182617, "acc": 0.392465740442276, "acc_or": 0.8049657344818115, "sender_entropy": 1.7048808336257935, "receiver_entropy": 0.0, "original_loss": 0.462397038936615, "mean_length": 6.0}
{"mode": "test", "epoch": 124, "loss": 4.025049686431885, "acc": 0.6438356041908264, "acc_or": 0.9075342416763306, "sender_entropy": 1.8033384084701538, "receiver_entropy": 0.0, "original_loss": 0.265425443649292, "mean_length": 6.0}
{"mode": "train", "epoch": 125, "loss": 3.8538126945495605, "acc": 0.3874429166316986, "acc_or": 0.802682638168335, "sender_entropy": 1.7101718187332153, "receiver_entropy": 0.0, "original_loss": 0.46213144063949585, "mean_length": 6.0}
{"mode": "test", "epoch": 125, "loss": 4.0549468994140625, "acc": 0.7123287916183472, "acc_or": 0.9178082346916199, "sender_entropy": 1.8000415563583374, "receiver_entropy": 0.0, "original_loss": 0.255565345287323, "mean_length": 6.0}
{"mode": "train", "epoch": 126, "loss": 3.8364956378936768, "acc": 0.3910958766937256, "acc_or": 0.8011415600776672, "sender_entropy": 1.7094231843948364, "receiver_entropy": 0.0, "original_loss": 0.46053290367126465, "mean_length": 6.0}
{"mode": "test", "epoch": 126, "loss": 4.035759925842285, "acc": 0.698630154132843, "acc_or": 0.9212328791618347, "sender_entropy": 1.7929998636245728, "receiver_entropy": 0.0, "original_loss": 0.2477923333644867, "mean_length": 6.0}
{"mode": "train", "epoch": 127, "loss": 3.9355661869049072, "acc": 0.4155251085758209, "acc_or": 0.811187207698822, "sender_entropy": 1.7053533792495728, "receiver_entropy": 0.0, "original_loss": 0.4433726966381073, "mean_length": 6.0}
{"mode": "test", "epoch": 127, "loss": 4.007062911987305, "acc": 0.7123287916183472, "acc_or": 0.9212328791618347, "sender_entropy": 1.7890225648880005, "receiver_entropy": 0.0, "original_loss": 0.2431149184703827, "mean_length": 6.0}
{"mode": "train", "epoch": 128, "loss": 3.8930106163024902, "acc": 0.4091324210166931, "acc_or": 0.8102169036865234, "sender_entropy": 1.7044804096221924, "receiver_entropy": 0.0, "original_loss": 0.44493764638900757, "mean_length": 6.0}
{"mode": "test", "epoch": 128, "loss": 4.035510540008545, "acc": 0.7260273694992065, "acc_or": 0.931506872177124, "sender_entropy": 1.7858617305755615, "receiver_entropy": 0.0, "original_loss": 0.2347663938999176, "mean_length": 6.0}
{"mode": "train", "epoch": 129, "loss": 3.8344311714172363, "acc": 0.4114155173301697, "acc_or": 0.8091323971748352, "sender_entropy": 1.699161410331726, "receiver_entropy": 0.0, "original_loss": 0.44513601064682007, "mean_length": 6.0}
{"mode": "test", "epoch": 129, "loss": 4.117846965789795, "acc": 0.7260273694992065, "acc_or": 0.931506872177124, "sender_entropy": 1.7834452390670776, "receiver_entropy": 0.0, "original_loss": 0.2213156372308731, "mean_length": 6.0}
{"mode": "train", "epoch": 130, "loss": 3.9200966358184814, "acc": 0.42214611172676086, "acc_or": 0.8153538703918457, "sender_entropy": 1.6905577182769775, "receiver_entropy": 0.0, "original_loss": 0.4320763051509857, "mean_length": 6.0}
{"mode": "test", "epoch": 130, "loss": 4.085962772369385, "acc": 0.7397260069847107, "acc_or": 0.9349315166473389, "sender_entropy": 1.7823277711868286, "receiver_entropy": 0.0, "original_loss": 0.22312508523464203, "mean_length": 6.0}
{"mode": "train", "epoch": 131, "loss": 3.994150161743164, "acc": 0.44429221749305725, "acc_or": 0.8238013386726379, "sender_entropy": 1.6902540922164917, "receiver_entropy": 0.0, "original_loss": 0.41761305928230286, "mean_length": 6.0}
{"mode": "test", "epoch": 131, "loss": 4.036645889282227, "acc": 0.767123281955719, "acc_or": 0.9417808055877686, "sender_entropy": 1.7847145795822144, "receiver_entropy": 0.0, "original_loss": 0.23108166456222534, "mean_length": 6.0}
{"mode": "train", "epoch": 132, "loss": 3.9113025665283203, "acc": 0.4413242042064667, "acc_or": 0.8235730528831482, "sender_entropy": 1.6843043565750122, "receiver_entropy": 0.0, "original_loss": 0.42053884267807007, "mean_length": 6.0}
{"mode": "test", "epoch": 132, "loss": 4.091040134429932, "acc": 0.7945205569267273, "acc_or": 0.948630154132843, "sender_entropy": 1.781551480293274, "receiver_entropy": 0.0, "original_loss": 0.21793854236602783, "mean_length": 6.0}
{"mode": "train", "epoch": 133, "loss": 3.908799409866333, "acc": 0.4561643898487091, "acc_or": 0.8252282738685608, "sender_entropy": 1.6787972450256348, "receiver_entropy": 0.0, "original_loss": 0.4169620871543884, "mean_length": 6.0}
{"mode": "test", "epoch": 133, "loss": 4.1087164878845215, "acc": 0.767123281955719, "acc_or": 0.9383561611175537, "sender_entropy": 1.7777466773986816, "receiver_entropy": 0.0, "original_loss": 0.21249213814735413, "mean_length": 6.0}
{"mode": "train", "epoch": 134, "loss": 3.8853683471679688, "acc": 0.4518264830112457, "acc_or": 0.8264269232749939, "sender_entropy": 1.678980827331543, "receiver_entropy": 0.0, "original_loss": 0.4125957787036896, "mean_length": 6.0}
{"mode": "test", "epoch": 134, "loss": 4.056335926055908, "acc": 0.8082191944122314, "acc_or": 0.9520547986030579, "sender_entropy": 1.7668553590774536, "receiver_entropy": 0.0, "original_loss": 0.20711837708950043, "mean_length": 6.0}
{"mode": "train", "epoch": 135, "loss": 3.925863742828369, "acc": 0.4682648181915283, "acc_or": 0.8313927054405212, "sender_entropy": 1.6621350049972534, "receiver_entropy": 0.0, "original_loss": 0.40304529666900635, "mean_length": 6.0}
{"mode": "test", "epoch": 135, "loss": 4.038825035095215, "acc": 0.7808219194412231, "acc_or": 0.9452054500579834, "sender_entropy": 1.757894515991211, "receiver_entropy": 0.0, "original_loss": 0.2044101506471634, "mean_length": 6.0}
{"mode": "train", "epoch": 136, "loss": 4.049597263336182, "acc": 0.48059359192848206, "acc_or": 0.8383561372756958, "sender_entropy": 1.65392005443573, "receiver_entropy": 0.0, "original_loss": 0.3819674253463745, "mean_length": 6.0}
{"mode": "test", "epoch": 136, "loss": 4.031001567840576, "acc": 0.7945205569267273, "acc_or": 0.948630154132843, "sender_entropy": 1.7450428009033203, "receiver_entropy": 0.0, "original_loss": 0.19576342403888702, "mean_length": 6.0}
{"mode": "train", "epoch": 137, "loss": 4.00638484954834, "acc": 0.49726027250289917, "acc_or": 0.8431506752967834, "sender_entropy": 1.6422473192214966, "receiver_entropy": 0.0, "original_loss": 0.3789134919643402, "mean_length": 6.0}
{"mode": "test", "epoch": 137, "loss": 3.9787213802337646, "acc": 0.7808219194412231, "acc_or": 0.9417808055877686, "sender_entropy": 1.7372334003448486, "receiver_entropy": 0.0, "original_loss": 0.19406898319721222, "mean_length": 6.0}
{"mode": "train", "epoch": 138, "loss": 4.0723114013671875, "acc": 0.4988584518432617, "acc_or": 0.846118688583374, "sender_entropy": 1.6389451026916504, "receiver_entropy": 0.0, "original_loss": 0.37043890357017517, "mean_length": 6.0}
{"mode": "test", "epoch": 138, "loss": 4.054030418395996, "acc": 0.8767123222351074, "acc_or": 0.9691780805587769, "sender_entropy": 1.7256029844284058, "receiver_entropy": 0.0, "original_loss": 0.17175321280956268, "mean_length": 6.0}
{"mode": "train", "epoch": 139, "loss": 4.04975700378418, "acc": 0.5077625513076782, "acc_or": 0.8481734991073608, "sender_entropy": 1.6294608116149902, "receiver_entropy": 0.0, "original_loss": 0.36608636379241943, "mean_length": 6.0}
{"mode": "test", "epoch": 139, "loss": 4.0371551513671875, "acc": 0.8767123222351074, "acc_or": 0.9691780805587769, "sender_entropy": 1.7189617156982422, "receiver_entropy": 0.0, "original_loss": 0.16913142800331116, "mean_length": 6.0}
{"mode": "train", "epoch": 140, "loss": 4.024529933929443, "acc": 0.5054794549942017, "acc_or": 0.8501712083816528, "sender_entropy": 1.6243014335632324, "receiver_entropy": 0.0, "original_loss": 0.3645603060722351, "mean_length": 6.0}
{"mode": "test", "epoch": 140, "loss": 4.032219886779785, "acc": 0.8493150472640991, "acc_or": 0.9623287320137024, "sender_entropy": 1.7214826345443726, "receiver_entropy": 0.0, "original_loss": 0.1703544706106186, "mean_length": 6.0}
{"mode": "train", "epoch": 141, "loss": 4.132078170776367, "acc": 0.5353881120681763, "acc_or": 0.8586757779121399, "sender_entropy": 1.6268277168273926, "receiver_entropy": 0.0, "original_loss": 0.3484034240245819, "mean_length": 6.0}
{"mode": "test", "epoch": 141, "loss": 4.082676410675049, "acc": 0.8630136847496033, "acc_or": 0.965753436088562, "sender_entropy": 1.721458911895752, "receiver_entropy": 0.0, "original_loss": 0.15851262211799622, "mean_length": 6.0}
{"mode": "train", "epoch": 142, "loss": 4.08099365234375, "acc": 0.5317351222038269, "acc_or": 0.8574200868606567, "sender_entropy": 1.6359913349151611, "receiver_entropy": 0.0, "original_loss": 0.3497152626514435, "mean_length": 6.0}
{"mode": "test", "epoch": 142, "loss": 4.070849895477295, "acc": 0.8493150472640991, "acc_or": 0.9623287320137024, "sender_entropy": 1.728572964668274, "receiver_entropy": 0.0, "original_loss": 0.15926741063594818, "mean_length": 6.0}
{"mode": "train", "epoch": 143, "loss": 3.9897336959838867, "acc": 0.5331050157546997, "acc_or": 0.8549086451530457, "sender_entropy": 1.633828043937683, "receiver_entropy": 0.0, "original_loss": 0.35516345500946045, "mean_length": 6.0}
{"mode": "test", "epoch": 143, "loss": 4.13401460647583, "acc": 0.8767123222351074, "acc_or": 0.9691780805587769, "sender_entropy": 1.7275532484054565, "receiver_entropy": 0.0, "original_loss": 0.14431488513946533, "mean_length": 6.0}
{"mode": "train", "epoch": 144, "loss": 4.060696125030518, "acc": 0.5372145771980286, "acc_or": 0.856563925743103, "sender_entropy": 1.6327388286590576, "receiver_entropy": 0.0, "original_loss": 0.34569251537323, "mean_length": 6.0}
{"mode": "test", "epoch": 144, "loss": 4.1879730224609375, "acc": 0.8904109597206116, "acc_or": 0.9726027250289917, "sender_entropy": 1.7333881855010986, "receiver_entropy": 0.0, "original_loss": 0.1389721930027008, "mean_length": 6.0}
{"mode": "train", "epoch": 145, "loss": 3.946981906890869, "acc": 0.5333333015441895, "acc_or": 0.8569634556770325, "sender_entropy": 1.6341421604156494, "receiver_entropy": 0.0, "original_loss": 0.350553035736084, "mean_length": 6.0}
{"mode": "test", "epoch": 145, "loss": 4.081591606140137, "acc": 0.8493150472640991, "acc_or": 0.9623287320137024, "sender_entropy": 1.7265148162841797, "receiver_entropy": 0.0, "original_loss": 0.1455821692943573, "mean_length": 6.0}
{"mode": "train", "epoch": 146, "loss": 4.091353416442871, "acc": 0.5438355803489685, "acc_or": 0.8620433807373047, "sender_entropy": 1.6272374391555786, "receiver_entropy": 0.0, "original_loss": 0.33292579650878906, "mean_length": 6.0}
{"mode": "test", "epoch": 146, "loss": 4.126880645751953, "acc": 0.9041095972061157, "acc_or": 0.9760273694992065, "sender_entropy": 1.7226260900497437, "receiver_entropy": 0.0, "original_loss": 0.1316043883562088, "mean_length": 6.0}
{"mode": "train", "epoch": 147, "loss": 4.065928936004639, "acc": 0.56255704164505, "acc_or": 0.8688356280326843, "sender_entropy": 1.6218743324279785, "receiver_entropy": 0.0, "original_loss": 0.32824161648750305, "mean_length": 6.0}
{"mode": "test", "epoch": 147, "loss": 4.140233993530273, "acc": 0.931506872177124, "acc_or": 0.982876718044281, "sender_entropy": 1.7185938358306885, "receiver_entropy": 0.0, "original_loss": 0.1220414787530899, "mean_length": 6.0}
{"mode": "train", "epoch": 148, "loss": 4.121687412261963, "acc": 0.5760273933410645, "acc_or": 0.8725456595420837, "sender_entropy": 1.6182583570480347, "receiver_entropy": 0.0, "original_loss": 0.319353848695755, "mean_length": 6.0}
{"mode": "test", "epoch": 148, "loss": 4.104075908660889, "acc": 0.931506872177124, "acc_or": 0.982876718044281, "sender_entropy": 1.707312822341919, "receiver_entropy": 0.0, "original_loss": 0.11193620413541794, "mean_length": 6.0}
{"mode": "train", "epoch": 149, "loss": 4.058821201324463, "acc": 0.578995406627655, "acc_or": 0.873687207698822, "sender_entropy": 1.6123770475387573, "receiver_entropy": 0.0, "original_loss": 0.31591784954071045, "mean_length": 6.0}
{"mode": "test", "epoch": 149, "loss": 4.037728786468506, "acc": 0.9041095972061157, "acc_or": 0.9760273694992065, "sender_entropy": 1.6952940225601196, "receiver_entropy": 0.0, "original_loss": 0.11021608859300613, "mean_length": 6.0}
{"mode": "train", "epoch": 150, "loss": 4.112574100494385, "acc": 0.5908675789833069, "acc_or": 0.8771118521690369, "sender_entropy": 1.6006704568862915, "receiver_entropy": 0.0, "original_loss": 0.3052501976490021, "mean_length": 6.0}
{"mode": "test", "epoch": 150, "loss": 4.017855167388916, "acc": 0.8904109597206116, "acc_or": 0.9726027250289917, "sender_entropy": 1.6878083944320679, "receiver_entropy": 0.0, "original_loss": 0.1131640151143074, "mean_length": 6.0}
{"mode": "train", "epoch": 151, "loss": 4.201907634735107, "acc": 0.6232876777648926, "acc_or": 0.8889269232749939, "sender_entropy": 1.5877089500427246, "receiver_entropy": 0.0, "original_loss": 0.28961434960365295, "mean_length": 6.0}
{"mode": "test", "epoch": 151, "loss": 3.9638781547546387, "acc": 0.8904109597206116, "acc_or": 0.9726027250289917, "sender_entropy": 1.6850348711013794, "receiver_entropy": 0.0, "original_loss": 0.1154932752251625, "mean_length": 6.0}
{"mode": "train", "epoch": 152, "loss": 4.187691688537598, "acc": 0.6308218836784363, "acc_or": 0.8905822038650513, "sender_entropy": 1.579667329788208, "receiver_entropy": 0.0, "original_loss": 0.28365465998649597, "mean_length": 6.0}
{"mode": "test", "epoch": 152, "loss": 3.9438045024871826, "acc": 0.931506872177124, "acc_or": 0.982876718044281, "sender_entropy": 1.6724570989608765, "receiver_entropy": 0.0, "original_loss": 0.10491976886987686, "mean_length": 6.0}
{"mode": "train", "epoch": 153, "loss": 4.259036540985107, "acc": 0.6442922353744507, "acc_or": 0.8969748616218567, "sender_entropy": 1.5730150938034058, "receiver_entropy": 0.0, "original_loss": 0.27181071043014526, "mean_length": 6.0}
{"mode": "test", "epoch": 153, "loss": 3.9785537719726562, "acc": 0.9589040875434875, "acc_or": 0.9897260069847107, "sender_entropy": 1.667675495147705, "receiver_entropy": 0.0, "original_loss": 0.09214573353528976, "mean_length": 6.0}
{"mode": "train", "epoch": 154, "loss": 4.182339668273926, "acc": 0.6504566073417664, "acc_or": 0.8972602486610413, "sender_entropy": 1.5731189250946045, "receiver_entropy": 0.0, "original_loss": 0.27259910106658936, "mean_length": 6.0}
{"mode": "test", "epoch": 154, "loss": 3.9402620792388916, "acc": 0.9726027250289917, "acc_or": 0.9931506514549255, "sender_entropy": 1.6566041707992554, "receiver_entropy": 0.0, "original_loss": 0.08520179986953735, "mean_length": 6.0}
{"mode": "train", "epoch": 155, "loss": 4.1793365478515625, "acc": 0.6404109597206116, "acc_or": 0.8949200510978699, "sender_entropy": 1.5672221183776855, "receiver_entropy": 0.0, "original_loss": 0.2698059678077698, "mean_length": 6.0}
{"mode": "test", "epoch": 155, "loss": 3.9372470378875732, "acc": 0.9726027250289917, "acc_or": 0.9931506514549255, "sender_entropy": 1.649953842163086, "receiver_entropy": 0.0, "original_loss": 0.08095386624336243, "mean_length": 6.0}
{"mode": "train", "epoch": 156, "loss": 4.177502632141113, "acc": 0.6609588861465454, "acc_or": 0.9003995060920715, "sender_entropy": 1.5531888008117676, "receiver_entropy": 0.0, "original_loss": 0.25966477394104004, "mean_length": 6.0}
{"mode": "test", "epoch": 156, "loss": 3.833108425140381, "acc": 0.9726027250289917, "acc_or": 0.9931506514549255, "sender_entropy": 1.641997218132019, "receiver_entropy": 0.0, "original_loss": 0.08945508301258087, "mean_length": 6.0}
{"mode": "train", "epoch": 157, "loss": 4.206996917724609, "acc": 0.6655250787734985, "acc_or": 0.9037671089172363, "sender_entropy": 1.539166808128357, "receiver_entropy": 0.0, "original_loss": 0.24972425401210785, "mean_length": 6.0}
{"mode": "test", "epoch": 157, "loss": 3.8172643184661865, "acc": 0.9178082346916199, "acc_or": 0.9794520735740662, "sender_entropy": 1.6411572694778442, "receiver_entropy": 0.0, "original_loss": 0.08966939896345139, "mean_length": 6.0}
{"mode": "train", "epoch": 158, "loss": 4.183351993560791, "acc": 0.6662100553512573, "acc_or": 0.9037671089172363, "sender_entropy": 1.5345020294189453, "receiver_entropy": 0.0, "original_loss": 0.24887773394584656, "mean_length": 6.0}
{"mode": "test", "epoch": 158, "loss": 3.8291056156158447, "acc": 0.9452054500579834, "acc_or": 0.9863013625144958, "sender_entropy": 1.639444351196289, "receiver_entropy": 0.0, "original_loss": 0.08129183202981949, "mean_length": 6.0}
{"mode": "train", "epoch": 159, "loss": 4.19490385055542, "acc": 0.6664383411407471, "acc_or": 0.9047945141792297, "sender_entropy": 1.5436339378356934, "receiver_entropy": 0.0, "original_loss": 0.24625764787197113, "mean_length": 6.0}
{"mode": "test", "epoch": 159, "loss": 3.9328482151031494, "acc": 1.0, "acc_or": 1.0, "sender_entropy": 1.6435284614562988, "receiver_entropy": 0.0, "original_loss": 0.06759367883205414, "mean_length": 6.0}
{"epoch": 159, "positional_disent": 0.057698268443346024, "bag_of_symbol_disent": 0.15479999780654907, "topographic_sim": 0.5211757894754487}
{"generalization hold out": {"acc": 0.9722222089767456, "acc_or": 0.9907407760620117}, "uniform holdout": {"acc": 0.875, "acc_or": 0.96875}, "epoch": 159}
---End--
