nohup: ignoring input
{"mode": "train", "epoch": 1, "loss": -18.972536087036133, "acc": 0.003196347039192915, "acc_or": 0.2370433807373047, "sender_entropy": 2.301278829574585, "receiver_entropy": 0.0, "original_loss": 1.391646146774292, "mean_length": 6.0}
{"mode": "test", "epoch": 1, "loss": 0.7662891149520874, "acc": 0.013698630034923553, "acc_or": 0.3493150770664215, "sender_entropy": 2.298670530319214, "receiver_entropy": 0.0, "original_loss": 1.348402500152588, "mean_length": 6.0}
{"mode": "train", "epoch": 2, "loss": 0.7276145815849304, "acc": 0.010273972526192665, "acc_or": 0.3466324210166931, "sender_entropy": 2.298551559448242, "receiver_entropy": 0.0, "original_loss": 1.353729009628296, "mean_length": 6.0}
{"mode": "test", "epoch": 2, "loss": 0.9007113575935364, "acc": 0.013698630034923553, "acc_or": 0.3561643958091736, "sender_entropy": 2.2961881160736084, "receiver_entropy": 0.0, "original_loss": 1.3161091804504395, "mean_length": 6.0}
{"mode": "train", "epoch": 3, "loss": 0.9210806488990784, "acc": 0.01278538815677166, "acc_or": 0.3425799012184143, "sender_entropy": 2.296182155609131, "receiver_entropy": 0.0, "original_loss": 1.3181591033935547, "mean_length": 6.0}
{"mode": "test", "epoch": 3, "loss": 1.13508141040802, "acc": 0.013698630034923553, "acc_or": 0.3458904027938843, "sender_entropy": 2.295330286026001, "receiver_entropy": 0.0, "original_loss": 1.2766207456588745, "mean_length": 6.0}
{"mode": "train", "epoch": 4, "loss": 1.1801881790161133, "acc": 0.011643835343420506, "acc_or": 0.3465753495693207, "sender_entropy": 2.295302391052246, "receiver_entropy": 0.0, "original_loss": 1.278253197669983, "mean_length": 6.0}
{"mode": "test", "epoch": 4, "loss": 1.4972493648529053, "acc": 0.013698630034923553, "acc_or": 0.33561643958091736, "sender_entropy": 2.29549503326416, "receiver_entropy": 0.0, "original_loss": 1.2256379127502441, "mean_length": 6.0}
{"mode": "train", "epoch": 5, "loss": 1.476728916168213, "acc": 0.013470319099724293, "acc_or": 0.3474315106868744, "sender_entropy": 2.2952771186828613, "receiver_entropy": 0.0, "original_loss": 1.234386682510376, "mean_length": 6.0}
{"mode": "test", "epoch": 5, "loss": 1.9070124626159668, "acc": 0.013698630034923553, "acc_or": 0.3835616409778595, "sender_entropy": 2.295668125152588, "receiver_entropy": 0.0, "original_loss": 1.1693676710128784, "mean_length": 6.0}
{"mode": "train", "epoch": 6, "loss": 1.818665623664856, "acc": 0.010502282530069351, "acc_or": 0.3507990837097168, "sender_entropy": 2.2952933311462402, "receiver_entropy": 0.0, "original_loss": 1.1858224868774414, "mean_length": 6.0}
{"mode": "test", "epoch": 6, "loss": 2.136592388153076, "acc": 0.013698630034923553, "acc_or": 0.3664383590221405, "sender_entropy": 2.295628309249878, "receiver_entropy": 0.0, "original_loss": 1.1262685060501099, "mean_length": 6.0}
{"mode": "train", "epoch": 7, "loss": 2.106534957885742, "acc": 0.015296803787350655, "acc_or": 0.35690638422966003, "sender_entropy": 2.2951223850250244, "receiver_entropy": 0.0, "original_loss": 1.1400394439697266, "mean_length": 6.0}
{"mode": "test", "epoch": 7, "loss": 2.07169771194458, "acc": 0.027397260069847107, "acc_or": 0.3938356041908264, "sender_entropy": 2.29534912109375, "receiver_entropy": 0.0, "original_loss": 1.1072043180465698, "mean_length": 6.0}
{"mode": "train", "epoch": 8, "loss": 2.1676173210144043, "acc": 0.0141552509739995, "acc_or": 0.35724884271621704, "sender_entropy": 2.294872283935547, "receiver_entropy": 0.0, "original_loss": 1.1114510297775269, "mean_length": 6.0}
{"mode": "test", "epoch": 8, "loss": 1.9176512956619263, "acc": 0.013698630034923553, "acc_or": 0.35273972153663635, "sender_entropy": 2.2952842712402344, "receiver_entropy": 0.0, "original_loss": 1.0982425212860107, "mean_length": 6.0}
{"mode": "train", "epoch": 9, "loss": 2.0303449630737305, "acc": 0.013698630034923553, "acc_or": 0.3565068542957306, "sender_entropy": 2.2949378490448, "receiver_entropy": 0.0, "original_loss": 1.1007652282714844, "mean_length": 6.0}
{"mode": "test", "epoch": 9, "loss": 1.72748601436615, "acc": 0.013698630034923553, "acc_or": 0.32534247636795044, "sender_entropy": 2.2959980964660645, "receiver_entropy": 0.0, "original_loss": 1.0972176790237427, "mean_length": 6.0}
{"mode": "train", "epoch": 10, "loss": 1.7715575695037842, "acc": 0.01392694003880024, "acc_or": 0.3353310525417328, "sender_entropy": 2.2957069873809814, "receiver_entropy": 0.0, "original_loss": 1.1029975414276123, "mean_length": 6.0}
{"mode": "test", "epoch": 10, "loss": 1.6296286582946777, "acc": 0.013698630034923553, "acc_or": 0.36301368474960327, "sender_entropy": 2.2968668937683105, "receiver_entropy": 0.0, "original_loss": 1.0916870832443237, "mean_length": 6.0}
{"mode": "train", "epoch": 11, "loss": 1.6398661136627197, "acc": 0.013698630034923553, "acc_or": 0.34149542450904846, "sender_entropy": 2.2965967655181885, "receiver_entropy": 0.0, "original_loss": 1.0990557670593262, "mean_length": 6.0}
{"mode": "test", "epoch": 11, "loss": 1.4805314540863037, "acc": 0.013698630034923553, "acc_or": 0.4041095972061157, "sender_entropy": 2.2976369857788086, "receiver_entropy": 0.0, "original_loss": 1.0922774076461792, "mean_length": 6.0}
{"mode": "train", "epoch": 12, "loss": 1.4369175434112549, "acc": 0.01392694003880024, "acc_or": 0.35707762837409973, "sender_entropy": 2.2973835468292236, "receiver_entropy": 0.0, "original_loss": 1.1029001474380493, "mean_length": 6.0}
{"mode": "test", "epoch": 12, "loss": 1.4591786861419678, "acc": 0.013698630034923553, "acc_or": 0.4280821979045868, "sender_entropy": 2.2982492446899414, "receiver_entropy": 0.0, "original_loss": 1.0850008726119995, "mean_length": 6.0}
{"mode": "train", "epoch": 13, "loss": 1.3684135675430298, "acc": 0.01826483942568302, "acc_or": 0.3586758077144623, "sender_entropy": 2.2980196475982666, "receiver_entropy": 0.0, "original_loss": 1.0986883640289307, "mean_length": 6.0}
{"mode": "test", "epoch": 13, "loss": 1.3851816654205322, "acc": 0.013698630034923553, "acc_or": 0.40753424167633057, "sender_entropy": 2.29864501953125, "receiver_entropy": 0.0, "original_loss": 1.0827800035476685, "mean_length": 6.0}
{"mode": "train", "epoch": 14, "loss": 1.2589781284332275, "acc": 0.014383560977876186, "acc_or": 0.3325342535972595, "sender_entropy": 2.2984378337860107, "receiver_entropy": 0.0, "original_loss": 1.0986740589141846, "mean_length": 6.0}
{"mode": "test", "epoch": 14, "loss": 1.3075180053710938, "acc": 0.027397260069847107, "acc_or": 0.35273972153663635, "sender_entropy": 2.2988595962524414, "receiver_entropy": 0.0, "original_loss": 1.081786036491394, "mean_length": 6.0}
{"mode": "train", "epoch": 15, "loss": 1.1390588283538818, "acc": 0.013698630034923553, "acc_or": 0.327625572681427, "sender_entropy": 2.2986974716186523, "receiver_entropy": 0.0, "original_loss": 1.1006797552108765, "mean_length": 6.0}
{"mode": "test", "epoch": 15, "loss": 1.3285341262817383, "acc": 0.06849315017461777, "acc_or": 0.5034246444702148, "sender_entropy": 2.2989749908447266, "receiver_entropy": 0.0, "original_loss": 1.0740245580673218, "mean_length": 6.0}
{"mode": "train", "epoch": 16, "loss": 1.1088740825653076, "acc": 0.014383560977876186, "acc_or": 0.359874427318573, "sender_entropy": 2.2988333702087402, "receiver_entropy": 0.0, "original_loss": 1.09684419631958, "mean_length": 6.0}
{"mode": "test", "epoch": 16, "loss": 1.2620956897735596, "acc": 0.04109589010477066, "acc_or": 0.4931506812572479, "sender_entropy": 2.2990713119506836, "receiver_entropy": 0.0, "original_loss": 1.0741041898727417, "mean_length": 6.0}
{"mode": "train", "epoch": 17, "loss": 1.0207726955413818, "acc": 0.013698630034923553, "acc_or": 0.36181506514549255, "sender_entropy": 2.2989554405212402, "receiver_entropy": 0.0, "original_loss": 1.098079800605774, "mean_length": 6.0}
{"mode": "test", "epoch": 17, "loss": 1.1985536813735962, "acc": 0.04109589010477066, "acc_or": 0.517123281955719, "sender_entropy": 2.299227714538574, "receiver_entropy": 0.0, "original_loss": 1.0745458602905273, "mean_length": 6.0}
{"mode": "train", "epoch": 18, "loss": 0.9446806907653809, "acc": 0.016438355669379234, "acc_or": 0.359874427318573, "sender_entropy": 2.2991204261779785, "receiver_entropy": 0.0, "original_loss": 1.0990926027297974, "mean_length": 6.0}
{"mode": "test", "epoch": 18, "loss": 1.1720157861709595, "acc": 0.054794520139694214, "acc_or": 0.517123281955719, "sender_entropy": 2.299449920654297, "receiver_entropy": 0.0, "original_loss": 1.0723356008529663, "mean_length": 6.0}
{"mode": "train", "epoch": 19, "loss": 0.927111029624939, "acc": 0.0141552509739995, "acc_or": 0.362214595079422, "sender_entropy": 2.299349546432495, "receiver_entropy": 0.0, "original_loss": 1.0961278676986694, "mean_length": 6.0}
{"mode": "test", "epoch": 19, "loss": 1.0832563638687134, "acc": 0.027397260069847107, "acc_or": 0.4623287618160248, "sender_entropy": 2.299726724624634, "receiver_entropy": 0.0, "original_loss": 1.075581669807434, "mean_length": 6.0}
{"mode": "train", "epoch": 20, "loss": 0.8616823554039001, "acc": 0.017123287543654442, "acc_or": 0.34429222345352173, "sender_entropy": 2.2996184825897217, "receiver_entropy": 0.0, "original_loss": 1.0972052812576294, "mean_length": 6.0}
{"mode": "test", "epoch": 20, "loss": 1.03107750415802, "acc": 0.027397260069847107, "acc_or": 0.4280821979045868, "sender_entropy": 2.300034523010254, "receiver_entropy": 0.0, "original_loss": 1.076496958732605, "mean_length": 6.0}
{"mode": "train", "epoch": 21, "loss": 0.8002665042877197, "acc": 0.01392694003880024, "acc_or": 0.344748854637146, "sender_entropy": 2.299941301345825, "receiver_entropy": 0.0, "original_loss": 1.098412036895752, "mean_length": 6.0}
{"mode": "test", "epoch": 21, "loss": 1.0439248085021973, "acc": 0.04109589010477066, "acc_or": 0.482876718044281, "sender_entropy": 2.3003368377685547, "receiver_entropy": 0.0, "original_loss": 1.0725852251052856, "mean_length": 6.0}
{"mode": "train", "epoch": 22, "loss": 0.7885829210281372, "acc": 0.015753423795104027, "acc_or": 0.3622716963291168, "sender_entropy": 2.300248861312866, "receiver_entropy": 0.0, "original_loss": 1.096186637878418, "mean_length": 6.0}
{"mode": "test", "epoch": 22, "loss": 1.0617079734802246, "acc": 0.027397260069847107, "acc_or": 0.4726027250289917, "sender_entropy": 2.300642251968384, "receiver_entropy": 0.0, "original_loss": 1.068466305732727, "mean_length": 6.0}
{"mode": "train", "epoch": 23, "loss": 0.7421274185180664, "acc": 0.016894977539777756, "acc_or": 0.35742008686065674, "sender_entropy": 2.300563097000122, "receiver_entropy": 0.0, "original_loss": 1.0967711210250854, "mean_length": 6.0}
{"mode": "test", "epoch": 23, "loss": 1.042749285697937, "acc": 0.027397260069847107, "acc_or": 0.5068492889404297, "sender_entropy": 2.3008925914764404, "receiver_entropy": 0.0, "original_loss": 1.0674751996994019, "mean_length": 6.0}
{"mode": "train", "epoch": 24, "loss": 0.693612277507782, "acc": 0.01666666567325592, "acc_or": 0.3625570833683014, "sender_entropy": 2.300813913345337, "receiver_entropy": 0.0, "original_loss": 1.0978878736495972, "mean_length": 6.0}
{"mode": "test", "epoch": 24, "loss": 1.0434340238571167, "acc": 0.04109589010477066, "acc_or": 0.48630136251449585, "sender_entropy": 2.3011162281036377, "receiver_entropy": 0.0, "original_loss": 1.0651723146438599, "mean_length": 6.0}
{"mode": "train", "epoch": 25, "loss": 0.6798757910728455, "acc": 0.012100456282496452, "acc_or": 0.35993149876594543, "sender_entropy": 2.301016092300415, "receiver_entropy": 0.0, "original_loss": 1.0965224504470825, "mean_length": 6.0}
{"mode": "test", "epoch": 25, "loss": 1.0227620601654053, "acc": 0.054794520139694214, "acc_or": 0.5136986374855042, "sender_entropy": 2.301278829574585, "receiver_entropy": 0.0, "original_loss": 1.064794659614563, "mean_length": 6.0}
{"mode": "train", "epoch": 26, "loss": 0.6539690494537354, "acc": 0.01552511379122734, "acc_or": 0.3627282977104187, "sender_entropy": 2.301187038421631, "receiver_entropy": 0.0, "original_loss": 1.0962350368499756, "mean_length": 6.0}
{"mode": "test", "epoch": 26, "loss": 0.9739673137664795, "acc": 0.054794520139694214, "acc_or": 0.5034246444702148, "sender_entropy": 2.3013741970062256, "receiver_entropy": 0.0, "original_loss": 1.066772699356079, "mean_length": 6.0}
{"mode": "train", "epoch": 27, "loss": 0.6111340522766113, "acc": 0.0125570772215724, "acc_or": 0.3519406318664551, "sender_entropy": 2.301290988922119, "receiver_entropy": 0.0, "original_loss": 1.0974560976028442, "mean_length": 6.0}
{"mode": "test", "epoch": 27, "loss": 0.9456491470336914, "acc": 0.08219178020954132, "acc_or": 0.5479452013969421, "sender_entropy": 2.3014116287231445, "receiver_entropy": 0.0, "original_loss": 1.0671478509902954, "mean_length": 6.0}
{"mode": "train", "epoch": 28, "loss": 0.5974162220954895, "acc": 0.013470319099724293, "acc_or": 0.3566780686378479, "sender_entropy": 2.3013434410095215, "receiver_entropy": 0.0, "original_loss": 1.0965925455093384, "mean_length": 6.0}
{"mode": "test", "epoch": 28, "loss": 0.9135445952415466, "acc": 0.04109589010477066, "acc_or": 0.49657532572746277, "sender_entropy": 2.301396608352661, "receiver_entropy": 0.0, "original_loss": 1.0678027868270874, "mean_length": 6.0}
{"mode": "train", "epoch": 29, "loss": 0.5869420766830444, "acc": 0.016210045665502548, "acc_or": 0.3647260069847107, "sender_entropy": 2.3013534545898438, "receiver_entropy": 0.0, "original_loss": 1.095577597618103, "mean_length": 6.0}
{"mode": "test", "epoch": 29, "loss": 0.8607074618339539, "acc": 0.027397260069847107, "acc_or": 0.4623287618160248, "sender_entropy": 2.3013556003570557, "receiver_entropy": 0.0, "original_loss": 1.0702077150344849, "mean_length": 6.0}
{"mode": "train", "epoch": 30, "loss": 0.5529929399490356, "acc": 0.0125570772215724, "acc_or": 0.3636986315250397, "sender_entropy": 2.301335096359253, "receiver_entropy": 0.0, "original_loss": 1.096489667892456, "mean_length": 6.0}
{"mode": "test", "epoch": 30, "loss": 0.8540406823158264, "acc": 0.013698630034923553, "acc_or": 0.4280821979045868, "sender_entropy": 2.3013086318969727, "receiver_entropy": 0.0, "original_loss": 1.0690842866897583, "mean_length": 6.0}
{"mode": "train", "epoch": 31, "loss": 0.5370374917984009, "acc": 0.015296803787350655, "acc_or": 0.36113011837005615, "sender_entropy": 2.301295757293701, "receiver_entropy": 0.0, "original_loss": 1.0961543321609497, "mean_length": 6.0}
{"mode": "test", "epoch": 31, "loss": 0.876825749874115, "acc": 0.013698630034923553, "acc_or": 0.45205479860305786, "sender_entropy": 2.301241874694824, "receiver_entropy": 0.0, "original_loss": 1.0657198429107666, "mean_length": 6.0}
{"mode": "train", "epoch": 32, "loss": 0.5198679566383362, "acc": 0.013013698160648346, "acc_or": 0.3635273873806, "sender_entropy": 2.301240921020508, "receiver_entropy": 0.0, "original_loss": 1.096006155014038, "mean_length": 6.0}
{"mode": "test", "epoch": 32, "loss": 0.8872218132019043, "acc": 0.027397260069847107, "acc_or": 0.5, "sender_entropy": 2.3011858463287354, "receiver_entropy": 0.0, "original_loss": 1.0634596347808838, "mean_length": 6.0}
{"mode": "train", "epoch": 33, "loss": 0.49994802474975586, "acc": 0.012328767217695713, "acc_or": 0.36329907178878784, "sender_entropy": 2.301185369491577, "receiver_entropy": 0.0, "original_loss": 1.0961347818374634, "mean_length": 6.0}
{"mode": "test", "epoch": 33, "loss": 0.8892208337783813, "acc": 0.027397260069847107, "acc_or": 0.5239725708961487, "sender_entropy": 2.3011107444763184, "receiver_entropy": 0.0, "original_loss": 1.0618938207626343, "mean_length": 6.0}
{"mode": "train", "epoch": 34, "loss": 0.4837658405303955, "acc": 0.016210045665502548, "acc_or": 0.3639269471168518, "sender_entropy": 2.3011045455932617, "receiver_entropy": 0.0, "original_loss": 1.0960705280303955, "mean_length": 6.0}
{"mode": "test", "epoch": 34, "loss": 0.9031225442886353, "acc": 0.04109589010477066, "acc_or": 0.5034246444702148, "sender_entropy": 2.3010168075561523, "receiver_entropy": 0.0, "original_loss": 1.059338927268982, "mean_length": 6.0}
{"mode": "train", "epoch": 35, "loss": 0.47296178340911865, "acc": 0.01894977129995823, "acc_or": 0.3664383590221405, "sender_entropy": 2.3010106086730957, "receiver_entropy": 0.0, "original_loss": 1.0956783294677734, "mean_length": 6.0}
{"mode": "test", "epoch": 35, "loss": 0.9189949035644531, "acc": 0.04109589010477066, "acc_or": 0.482876718044281, "sender_entropy": 2.300910711288452, "receiver_entropy": 0.0, "original_loss": 1.0566481351852417, "mean_length": 6.0}
{"mode": "train", "epoch": 36, "loss": 0.45556044578552246, "acc": 0.016210045665502548, "acc_or": 0.3643835484981537, "sender_entropy": 2.3009095191955566, "receiver_entropy": 0.0, "original_loss": 1.0958555936813354, "mean_length": 6.0}
{"mode": "test", "epoch": 36, "loss": 0.9456275701522827, "acc": 0.04109589010477066, "acc_or": 0.5136986374855042, "sender_entropy": 2.3007988929748535, "receiver_entropy": 0.0, "original_loss": 1.0532276630401611, "mean_length": 6.0}
{"mode": "train", "epoch": 37, "loss": 0.4425274133682251, "acc": 0.016210045665502548, "acc_or": 0.3674086630344391, "sender_entropy": 2.3008005619049072, "receiver_entropy": 0.0, "original_loss": 1.0957486629486084, "mean_length": 6.0}
{"mode": "test", "epoch": 37, "loss": 0.9717087745666504, "acc": 0.04109589010477066, "acc_or": 0.534246563911438, "sender_entropy": 2.300682544708252, "receiver_entropy": 0.0, "original_loss": 1.049927830696106, "mean_length": 6.0}
{"mode": "train", "epoch": 38, "loss": 0.43882155418395996, "acc": 0.017351597547531128, "acc_or": 0.36267122626304626, "sender_entropy": 2.300682544708252, "receiver_entropy": 0.0, "original_loss": 1.094957709312439, "mean_length": 6.0}
{"mode": "test", "epoch": 38, "loss": 1.0030263662338257, "acc": 0.054794520139694214, "acc_or": 0.5582191944122314, "sender_entropy": 2.3005316257476807, "receiver_entropy": 0.0, "original_loss": 1.0462353229522705, "mean_length": 6.0}
{"mode": "train", "epoch": 39, "loss": 0.424060583114624, "acc": 0.017123287543654442, "acc_or": 0.36415523290634155, "sender_entropy": 2.300537586212158, "receiver_entropy": 0.0, "original_loss": 1.095070481300354, "mean_length": 6.0}
{"mode": "test", "epoch": 39, "loss": 1.0191915035247803, "acc": 0.08219178020954132, "acc_or": 0.5958904027938843, "sender_entropy": 2.3003504276275635, "receiver_entropy": 0.0, "original_loss": 1.043760061264038, "mean_length": 6.0}
{"mode": "train", "epoch": 40, "loss": 0.4078941345214844, "acc": 0.01552511379122734, "acc_or": 0.3647260069847107, "sender_entropy": 2.300358533859253, "receiver_entropy": 0.0, "original_loss": 1.095349669456482, "mean_length": 6.0}
{"mode": "test", "epoch": 40, "loss": 1.0559906959533691, "acc": 0.09589041024446487, "acc_or": 0.6130136847496033, "sender_entropy": 2.3001177310943604, "receiver_entropy": 0.0, "original_loss": 1.039565086364746, "mean_length": 6.0}
{"mode": "train", "epoch": 41, "loss": 0.4075157642364502, "acc": 0.019863013178110123, "acc_or": 0.3724314868450165, "sender_entropy": 2.300139904022217, "receiver_entropy": 0.0, "original_loss": 1.0944650173187256, "mean_length": 6.0}
{"mode": "test", "epoch": 41, "loss": 1.0917880535125732, "acc": 0.08219178020954132, "acc_or": 0.5787671208381653, "sender_entropy": 2.2998499870300293, "receiver_entropy": 0.0, "original_loss": 1.035367727279663, "mean_length": 6.0}
{"mode": "train", "epoch": 42, "loss": 0.4061310291290283, "acc": 0.01552511379122734, "acc_or": 0.37203195691108704, "sender_entropy": 2.299879789352417, "receiver_entropy": 0.0, "original_loss": 1.093652606010437, "mean_length": 6.0}
{"mode": "test", "epoch": 42, "loss": 1.1288466453552246, "acc": 0.06849315017461777, "acc_or": 0.5787671208381653, "sender_entropy": 2.299534559249878, "receiver_entropy": 0.0, "original_loss": 1.03106689453125, "mean_length": 6.0}
{"mode": "train", "epoch": 43, "loss": 0.39288759231567383, "acc": 0.01666666567325592, "acc_or": 0.37037670612335205, "sender_entropy": 2.299575090408325, "receiver_entropy": 0.0, "original_loss": 1.0938019752502441, "mean_length": 6.0}
{"mode": "test", "epoch": 43, "loss": 1.162591576576233, "acc": 0.08219178020954132, "acc_or": 0.5753424763679504, "sender_entropy": 2.299159049987793, "receiver_entropy": 0.0, "original_loss": 1.0270724296569824, "mean_length": 6.0}
{"mode": "train", "epoch": 44, "loss": 0.39017248153686523, "acc": 0.017351597547531128, "acc_or": 0.3724885880947113, "sender_entropy": 2.299208402633667, "receiver_entropy": 0.0, "original_loss": 1.0931395292282104, "mean_length": 6.0}
{"mode": "test", "epoch": 44, "loss": 1.1986809968948364, "acc": 0.10958904027938843, "acc_or": 0.5821917653083801, "sender_entropy": 2.298720359802246, "receiver_entropy": 0.0, "original_loss": 1.022889494895935, "mean_length": 6.0}
{"mode": "train", "epoch": 45, "loss": 0.38061124086380005, "acc": 0.018036529421806335, "acc_or": 0.374657541513443, "sender_entropy": 2.2987780570983887, "receiver_entropy": 0.0, "original_loss": 1.0930936336517334, "mean_length": 6.0}
{"mode": "test", "epoch": 45, "loss": 1.2435641288757324, "acc": 0.09589041024446487, "acc_or": 0.602739691734314, "sender_entropy": 2.298262596130371, "receiver_entropy": 0.0, "original_loss": 1.0180020332336426, "mean_length": 6.0}
{"mode": "train", "epoch": 46, "loss": 0.37485969066619873, "acc": 0.01780821941792965, "acc_or": 0.37876710295677185, "sender_entropy": 2.298313617706299, "receiver_entropy": 0.0, "original_loss": 1.0927364826202393, "mean_length": 6.0}
{"mode": "test", "epoch": 46, "loss": 1.2827765941619873, "acc": 0.09589041024446487, "acc_or": 0.602739691734314, "sender_entropy": 2.2977473735809326, "receiver_entropy": 0.0, "original_loss": 1.0135124921798706, "mean_length": 6.0}
{"mode": "train", "epoch": 47, "loss": 0.37506961822509766, "acc": 0.015981735661625862, "acc_or": 0.3803652822971344, "sender_entropy": 2.2977941036224365, "receiver_entropy": 0.0, "original_loss": 1.091925024986267, "mean_length": 6.0}
{"mode": "test", "epoch": 47, "loss": 1.332689881324768, "acc": 0.08219178020954132, "acc_or": 0.6061643958091736, "sender_entropy": 2.297147274017334, "receiver_entropy": 0.0, "original_loss": 1.0080175399780273, "mean_length": 6.0}
{"mode": "train", "epoch": 48, "loss": 0.3767138719558716, "acc": 0.023059360682964325, "acc_or": 0.38378995656967163, "sender_entropy": 2.297192096710205, "receiver_entropy": 0.0, "original_loss": 1.0909842252731323, "mean_length": 6.0}
{"mode": "test", "epoch": 48, "loss": 1.372083067893982, "acc": 0.08219178020954132, "acc_or": 0.602739691734314, "sender_entropy": 2.296408176422119, "receiver_entropy": 0.0, "original_loss": 1.003240704536438, "mean_length": 6.0}
{"mode": "train", "epoch": 49, "loss": 0.362060546875, "acc": 0.016438355669379234, "acc_or": 0.38007989525794983, "sender_entropy": 2.296454906463623, "receiver_entropy": 0.0, "original_loss": 1.0913779735565186, "mean_length": 6.0}
{"mode": "test", "epoch": 49, "loss": 1.4275585412979126, "acc": 0.09589041024446487, "acc_or": 0.5924657583236694, "sender_entropy": 2.2955169677734375, "receiver_entropy": 0.0, "original_loss": 0.997069239616394, "mean_length": 6.0}
{"mode": "train", "epoch": 50, "loss": 0.37298083305358887, "acc": 0.021232876926660538, "acc_or": 0.3832191824913025, "sender_entropy": 2.295565605163574, "receiver_entropy": 0.0, "original_loss": 1.0897985696792603, "mean_length": 6.0}
{"mode": "test", "epoch": 50, "loss": 1.4787291288375854, "acc": 0.09589041024446487, "acc_or": 0.5958904027938843, "sender_entropy": 2.294451951980591, "receiver_entropy": 0.0, "original_loss": 0.9911279678344727, "mean_length": 6.0}
{"mode": "train", "epoch": 51, "loss": 0.38031917810440063, "acc": 0.019178081303834915, "acc_or": 0.3892694115638733, "sender_entropy": 2.2945127487182617, "receiver_entropy": 0.0, "original_loss": 1.0884442329406738, "mean_length": 6.0}
{"mode": "test", "epoch": 51, "loss": 1.5305873155593872, "acc": 0.09589041024446487, "acc_or": 0.602739691734314, "sender_entropy": 2.2931954860687256, "receiver_entropy": 0.0, "original_loss": 0.9849115610122681, "mean_length": 6.0}
{"mode": "train", "epoch": 52, "loss": 0.3881823420524597, "acc": 0.020319635048508644, "acc_or": 0.3941780626773834, "sender_entropy": 2.293264865875244, "receiver_entropy": 0.0, "original_loss": 1.0869438648223877, "mean_length": 6.0}
{"mode": "test", "epoch": 52, "loss": 1.5872927904129028, "acc": 0.08219178020954132, "acc_or": 0.5993150472640991, "sender_entropy": 2.291471004486084, "receiver_entropy": 0.0, "original_loss": 0.9778238534927368, "mean_length": 6.0}
{"mode": "train", "epoch": 53, "loss": 0.39504313468933105, "acc": 0.024657534435391426, "acc_or": 0.39537671208381653, "sender_entropy": 2.2915658950805664, "receiver_entropy": 0.0, "original_loss": 1.0856128931045532, "mean_length": 6.0}
{"mode": "test", "epoch": 53, "loss": 1.6447322368621826, "acc": 0.08219178020954132, "acc_or": 0.5890411138534546, "sender_entropy": 2.289242744445801, "receiver_entropy": 0.0, "original_loss": 0.9702100157737732, "mean_length": 6.0}
{"mode": "train", "epoch": 54, "loss": 0.4120599031448364, "acc": 0.024657534435391426, "acc_or": 0.40279680490493774, "sender_entropy": 2.2893595695495605, "receiver_entropy": 0.0, "original_loss": 1.0833547115325928, "mean_length": 6.0}
{"mode": "test", "epoch": 54, "loss": 1.6898167133331299, "acc": 0.06849315017461777, "acc_or": 0.5890411138534546, "sender_entropy": 2.2861742973327637, "receiver_entropy": 0.0, "original_loss": 0.9628766179084778, "mean_length": 6.0}
{"mode": "train", "epoch": 55, "loss": 0.43569672107696533, "acc": 0.026255708187818527, "acc_or": 0.4053652882575989, "sender_entropy": 2.2863125801086426, "receiver_entropy": 0.0, "original_loss": 1.0806432962417603, "mean_length": 6.0}
{"mode": "test", "epoch": 55, "loss": 1.729081630706787, "acc": 0.06849315017461777, "acc_or": 0.5753424763679504, "sender_entropy": 2.2823479175567627, "receiver_entropy": 0.0, "original_loss": 0.9556075930595398, "mean_length": 6.0}
{"mode": "train", "epoch": 56, "loss": 0.47934138774871826, "acc": 0.022374428808689117, "acc_or": 0.41472601890563965, "sender_entropy": 2.2824923992156982, "receiver_entropy": 0.0, "original_loss": 1.0758775472640991, "mean_length": 6.0}
{"mode": "test", "epoch": 56, "loss": 1.7919303178787231, "acc": 0.054794520139694214, "acc_or": 0.5821917653083801, "sender_entropy": 2.2769875526428223, "receiver_entropy": 0.0, "original_loss": 0.94561767578125, "mean_length": 6.0}
{"mode": "train", "epoch": 57, "loss": 0.5288346409797668, "acc": 0.02785388007760048, "acc_or": 0.42448630928993225, "sender_entropy": 2.2770938873291016, "receiver_entropy": 0.0, "original_loss": 1.071043848991394, "mean_length": 6.0}
{"mode": "test", "epoch": 57, "loss": 1.8363786935806274, "acc": 0.054794520139694214, "acc_or": 0.5821917653083801, "sender_entropy": 2.270106554031372, "receiver_entropy": 0.0, "original_loss": 0.9361022710800171, "mean_length": 6.0}
{"mode": "train", "epoch": 58, "loss": 0.5637940764427185, "acc": 0.03378995507955551, "acc_or": 0.42950913310050964, "sender_entropy": 2.2701761722564697, "receiver_entropy": 0.0, "original_loss": 1.0666378736495972, "mean_length": 6.0}
{"mode": "test", "epoch": 58, "loss": 1.8631947040557861, "acc": 0.054794520139694214, "acc_or": 0.5821917653083801, "sender_entropy": 2.26168155670166, "receiver_entropy": 0.0, "original_loss": 0.9276189804077148, "mean_length": 6.0}
{"mode": "train", "epoch": 59, "loss": 0.6513338088989258, "acc": 0.03789954259991646, "acc_or": 0.4458903968334198, "sender_entropy": 2.2615838050842285, "receiver_entropy": 0.0, "original_loss": 1.0579979419708252, "mean_length": 6.0}
{"mode": "test", "epoch": 59, "loss": 1.9287776947021484, "acc": 0.06849315017461777, "acc_or": 0.5958904027938843, "sender_entropy": 2.251471757888794, "receiver_entropy": 0.0, "original_loss": 0.914995551109314, "mean_length": 6.0}
{"mode": "train", "epoch": 60, "loss": 0.7643876075744629, "acc": 0.0388127863407135, "acc_or": 0.46130135655403137, "sender_entropy": 2.251044988632202, "receiver_entropy": 0.0, "original_loss": 1.046618938446045, "mean_length": 6.0}
{"mode": "test", "epoch": 60, "loss": 1.9587647914886475, "acc": 0.054794520139694214, "acc_or": 0.5958904027938843, "sender_entropy": 2.2411720752716064, "receiver_entropy": 0.0, "original_loss": 0.9056880474090576, "mean_length": 6.0}
{"mode": "train", "epoch": 61, "loss": 0.8366847038269043, "acc": 0.03675799071788788, "acc_or": 0.46626710891723633, "sender_entropy": 2.240176200866699, "receiver_entropy": 0.0, "original_loss": 1.0382026433944702, "mean_length": 6.0}
{"mode": "test", "epoch": 61, "loss": 1.9682682752609253, "acc": 0.04109589010477066, "acc_or": 0.5924657583236694, "sender_entropy": 2.230703830718994, "receiver_entropy": 0.0, "original_loss": 0.8984246253967285, "mean_length": 6.0}
{"mode": "train", "epoch": 62, "loss": 0.9487534761428833, "acc": 0.04041095823049545, "acc_or": 0.4741438329219818, "sender_entropy": 2.2290022373199463, "receiver_entropy": 0.0, "original_loss": 1.0261783599853516, "mean_length": 6.0}
{"mode": "test", "epoch": 62, "loss": 1.9565041065216064, "acc": 0.054794520139694214, "acc_or": 0.5993150472640991, "sender_entropy": 2.217134952545166, "receiver_entropy": 0.0, "original_loss": 0.8919870257377625, "mean_length": 6.0}
{"mode": "train", "epoch": 63, "loss": 1.0636284351348877, "acc": 0.04794520512223244, "acc_or": 0.48767122626304626, "sender_entropy": 2.2144713401794434, "receiver_entropy": 0.0, "original_loss": 1.013419508934021, "mean_length": 6.0}
{"mode": "test", "epoch": 63, "loss": 1.9175889492034912, "acc": 0.054794520139694214, "acc_or": 0.5890411138534546, "sender_entropy": 2.2040762901306152, "receiver_entropy": 0.0, "original_loss": 0.8879976868629456, "mean_length": 6.0}
{"mode": "train", "epoch": 64, "loss": 1.1865341663360596, "acc": 0.04611872136592865, "acc_or": 0.4958333373069763, "sender_entropy": 2.200258493423462, "receiver_entropy": 0.0, "original_loss": 1.0001977682113647, "mean_length": 6.0}
{"mode": "test", "epoch": 64, "loss": 1.899408221244812, "acc": 0.04109589010477066, "acc_or": 0.5787671208381653, "sender_entropy": 2.1910221576690674, "receiver_entropy": 0.0, "original_loss": 0.8825106620788574, "mean_length": 6.0}
{"mode": "train", "epoch": 65, "loss": 1.27219820022583, "acc": 0.050913240760564804, "acc_or": 0.5106164216995239, "sender_entropy": 2.187004566192627, "receiver_entropy": 0.0, "original_loss": 0.9893779754638672, "mean_length": 6.0}
{"mode": "test", "epoch": 65, "loss": 1.8520264625549316, "acc": 0.04109589010477066, "acc_or": 0.5821917653083801, "sender_entropy": 2.1754746437072754, "receiver_entropy": 0.0, "original_loss": 0.878609299659729, "mean_length": 6.0}
{"mode": "train", "epoch": 66, "loss": 1.3800675868988037, "acc": 0.04794520512223244, "acc_or": 0.5110159516334534, "sender_entropy": 2.1702089309692383, "receiver_entropy": 0.0, "original_loss": 0.9766601324081421, "mean_length": 6.0}
{"mode": "test", "epoch": 66, "loss": 1.9381426572799683, "acc": 0.054794520139694214, "acc_or": 0.5890411138534546, "sender_entropy": 2.162479877471924, "receiver_entropy": 0.0, "original_loss": 0.8645224571228027, "mean_length": 6.0}
{"mode": "train", "epoch": 67, "loss": 1.4437655210494995, "acc": 0.05821917578577995, "acc_or": 0.5205479264259338, "sender_entropy": 2.156952142715454, "receiver_entropy": 0.0, "original_loss": 0.9661984443664551, "mean_length": 6.0}
{"mode": "test", "epoch": 67, "loss": 1.6937412023544312, "acc": 0.054794520139694214, "acc_or": 0.585616409778595, "sender_entropy": 2.1394217014312744, "receiver_entropy": 0.0, "original_loss": 0.8788894414901733, "mean_length": 6.0}
{"mode": "train", "epoch": 68, "loss": 1.5511302947998047, "acc": 0.05388127639889717, "acc_or": 0.5223173499107361, "sender_entropy": 2.132403612136841, "receiver_entropy": 0.0, "original_loss": 0.9524173140525818, "mean_length": 6.0}
{"mode": "test", "epoch": 68, "loss": 1.7905611991882324, "acc": 0.06849315017461777, "acc_or": 0.5958904027938843, "sender_entropy": 2.127708911895752, "receiver_entropy": 0.0, "original_loss": 0.8666271567344666, "mean_length": 6.0}
{"mode": "train", "epoch": 69, "loss": 1.6516542434692383, "acc": 0.05570776015520096, "acc_or": 0.5334475040435791, "sender_entropy": 2.1199207305908203, "receiver_entropy": 0.0, "original_loss": 0.9405907392501831, "mean_length": 6.0}
{"mode": "test", "epoch": 69, "loss": 1.702870488166809, "acc": 0.054794520139694214, "acc_or": 0.5821917653083801, "sender_entropy": 2.1245474815368652, "receiver_entropy": 0.0, "original_loss": 0.8738662004470825, "mean_length": 6.0}
{"mode": "train", "epoch": 70, "loss": 1.7287636995315552, "acc": 0.06118721514940262, "acc_or": 0.5374429225921631, "sender_entropy": 2.1138343811035156, "receiver_entropy": 0.0, "original_loss": 0.9303939342498779, "mean_length": 6.0}
{"mode": "test", "epoch": 70, "loss": 1.534085750579834, "acc": 0.054794520139694214, "acc_or": 0.5719178318977356, "sender_entropy": 2.126253604888916, "receiver_entropy": 0.0, "original_loss": 0.891176164150238, "mean_length": 6.0}
{"mode": "train", "epoch": 71, "loss": 1.689985990524292, "acc": 0.06529679894447327, "acc_or": 0.5365296602249146, "sender_entropy": 2.1116790771484375, "receiver_entropy": 0.0, "original_loss": 0.9303004145622253, "mean_length": 6.0}
{"mode": "test", "epoch": 71, "loss": 1.737764596939087, "acc": 0.054794520139694214, "acc_or": 0.585616409778595, "sender_entropy": 2.1318519115448, "receiver_entropy": 0.0, "original_loss": 0.8730419278144836, "mean_length": 6.0}
{"mode": "train", "epoch": 72, "loss": 1.7059893608093262, "acc": 0.06438355892896652, "acc_or": 0.5357306003570557, "sender_entropy": 2.1192846298217773, "receiver_entropy": 0.0, "original_loss": 0.9264906644821167, "mean_length": 6.0}
{"mode": "test", "epoch": 72, "loss": 1.8903982639312744, "acc": 0.08219178020954132, "acc_or": 0.6267123222351074, "sender_entropy": 2.134361743927002, "receiver_entropy": 0.0, "original_loss": 0.8587728142738342, "mean_length": 6.0}
{"mode": "train", "epoch": 73, "loss": 1.630990982055664, "acc": 0.06073059141635895, "acc_or": 0.53287672996521, "sender_entropy": 2.120804786682129, "receiver_entropy": 0.0, "original_loss": 0.9322471618652344, "mean_length": 6.0}
{"mode": "test", "epoch": 73, "loss": 1.855008602142334, "acc": 0.08219178020954132, "acc_or": 0.6061643958091736, "sender_entropy": 2.1334831714630127, "receiver_entropy": 0.0, "original_loss": 0.8581436276435852, "mean_length": 6.0}
{"mode": "train", "epoch": 74, "loss": 1.7062158584594727, "acc": 0.06050228327512741, "acc_or": 0.5365296602249146, "sender_entropy": 2.1167495250701904, "receiver_entropy": 0.0, "original_loss": 0.9230290055274963, "mean_length": 6.0}
{"mode": "test", "epoch": 74, "loss": 1.8847724199295044, "acc": 0.06849315017461777, "acc_or": 0.5993150472640991, "sender_entropy": 2.126873254776001, "receiver_entropy": 0.0, "original_loss": 0.850318193435669, "mean_length": 6.0}
{"mode": "train", "epoch": 75, "loss": 1.729288101196289, "acc": 0.06461187452077866, "acc_or": 0.5396689176559448, "sender_entropy": 2.1064224243164062, "receiver_entropy": 0.0, "original_loss": 0.9184871912002563, "mean_length": 6.0}
{"mode": "test", "epoch": 75, "loss": 2.0410311222076416, "acc": 0.054794520139694214, "acc_or": 0.5787671208381653, "sender_entropy": 2.123537063598633, "receiver_entropy": 0.0, "original_loss": 0.8322250247001648, "mean_length": 6.0}
{"mode": "train", "epoch": 76, "loss": 1.818730115890503, "acc": 0.06666666269302368, "acc_or": 0.5460045337677002, "sender_entropy": 2.10261607170105, "receiver_entropy": 0.0, "original_loss": 0.9088041186332703, "mean_length": 6.0}
{"mode": "test", "epoch": 76, "loss": 2.1238901615142822, "acc": 0.08219178020954132, "acc_or": 0.5890411138534546, "sender_entropy": 2.1192023754119873, "receiver_entropy": 0.0, "original_loss": 0.820582926273346, "mean_length": 6.0}
{"mode": "train", "epoch": 77, "loss": 1.837308406829834, "acc": 0.06621004641056061, "acc_or": 0.5485730767250061, "sender_entropy": 2.0965442657470703, "receiver_entropy": 0.0, "original_loss": 0.9059327244758606, "mean_length": 6.0}
{"mode": "test", "epoch": 77, "loss": 2.2933874130249023, "acc": 0.06849315017461777, "acc_or": 0.5890411138534546, "sender_entropy": 2.127531051635742, "receiver_entropy": 0.0, "original_loss": 0.8039304614067078, "mean_length": 6.0}
{"mode": "train", "epoch": 78, "loss": 1.8245805501937866, "acc": 0.05890410766005516, "acc_or": 0.544748842716217, "sender_entropy": 2.1041717529296875, "receiver_entropy": 0.0, "original_loss": 0.9046826362609863, "mean_length": 6.0}
{"mode": "test", "epoch": 78, "loss": 2.366910934448242, "acc": 0.06849315017461777, "acc_or": 0.5924657583236694, "sender_entropy": 2.136946201324463, "receiver_entropy": 0.0, "original_loss": 0.8006402254104614, "mean_length": 6.0}
{"mode": "train", "epoch": 79, "loss": 1.7495027780532837, "acc": 0.0655251145362854, "acc_or": 0.5389840006828308, "sender_entropy": 2.113095283508301, "receiver_entropy": 0.0, "original_loss": 0.9094284772872925, "mean_length": 6.0}
{"mode": "test", "epoch": 79, "loss": 2.4678101539611816, "acc": 0.06849315017461777, "acc_or": 0.602739691734314, "sender_entropy": 2.1332526206970215, "receiver_entropy": 0.0, "original_loss": 0.7876275777816772, "mean_length": 6.0}
{"mode": "train", "epoch": 80, "loss": 1.837289571762085, "acc": 0.059132419526576996, "acc_or": 0.5437214374542236, "sender_entropy": 2.108103036880493, "receiver_entropy": 0.0, "original_loss": 0.8992323279380798, "mean_length": 6.0}
{"mode": "test", "epoch": 80, "loss": 2.6409525871276855, "acc": 0.08219178020954132, "acc_or": 0.6164383292198181, "sender_entropy": 2.1228816509246826, "receiver_entropy": 0.0, "original_loss": 0.762640118598938, "mean_length": 6.0}
{"mode": "train", "epoch": 81, "loss": 1.8915905952453613, "acc": 0.06369862705469131, "acc_or": 0.5485159754753113, "sender_entropy": 2.093249797821045, "receiver_entropy": 0.0, "original_loss": 0.8921381235122681, "mean_length": 6.0}
{"mode": "test", "epoch": 81, "loss": 2.6626296043395996, "acc": 0.13698630034923553, "acc_or": 0.6472602486610413, "sender_entropy": 2.108593463897705, "receiver_entropy": 0.0, "original_loss": 0.7513101696968079, "mean_length": 6.0}
{"mode": "train", "epoch": 82, "loss": 1.9730925559997559, "acc": 0.0655251145362854, "acc_or": 0.5559360384941101, "sender_entropy": 2.0795300006866455, "receiver_entropy": 0.0, "original_loss": 0.880134642124176, "mean_length": 6.0}
{"mode": "test", "epoch": 82, "loss": 2.5215072631835938, "acc": 0.12328767031431198, "acc_or": 0.6232876777648926, "sender_entropy": 2.0931568145751953, "receiver_entropy": 0.0, "original_loss": 0.7577145099639893, "mean_length": 6.0}
{"mode": "train", "epoch": 83, "loss": 2.0402748584747314, "acc": 0.07100456207990646, "acc_or": 0.5566210150718689, "sender_entropy": 2.0605311393737793, "receiver_entropy": 0.0, "original_loss": 0.8705965280532837, "mean_length": 6.0}
{"mode": "test", "epoch": 83, "loss": 2.543386936187744, "acc": 0.10958904027938843, "acc_or": 0.6335616111755371, "sender_entropy": 2.0794193744659424, "receiver_entropy": 0.0, "original_loss": 0.75014328956604, "mean_length": 6.0}
{"mode": "train", "epoch": 84, "loss": 2.129923105239868, "acc": 0.07808218896389008, "acc_or": 0.5668379068374634, "sender_entropy": 2.0452160835266113, "receiver_entropy": 0.0, "original_loss": 0.8601574897766113, "mean_length": 6.0}
{"mode": "test", "epoch": 84, "loss": 2.724606990814209, "acc": 0.13698630034923553, "acc_or": 0.6369863152503967, "sender_entropy": 2.087538480758667, "receiver_entropy": 0.0, "original_loss": 0.7348700761795044, "mean_length": 6.0}
{"mode": "train", "epoch": 85, "loss": 2.1210734844207764, "acc": 0.07465752959251404, "acc_or": 0.5649543404579163, "sender_entropy": 2.056274890899658, "receiver_entropy": 0.0, "original_loss": 0.8584415912628174, "mean_length": 6.0}
{"mode": "test", "epoch": 85, "loss": 2.9437992572784424, "acc": 0.1506849229335785, "acc_or": 0.6472602486610413, "sender_entropy": 2.099229097366333, "receiver_entropy": 0.0, "original_loss": 0.7172390818595886, "mean_length": 6.0}
{"mode": "train", "epoch": 86, "loss": 2.0861823558807373, "acc": 0.07922374457120895, "acc_or": 0.5694063901901245, "sender_entropy": 2.0671277046203613, "receiver_entropy": 0.0, "original_loss": 0.8599674105644226, "mean_length": 6.0}
{"mode": "test", "epoch": 86, "loss": 3.0383222103118896, "acc": 0.16438356041908264, "acc_or": 0.6883561611175537, "sender_entropy": 2.09755277633667, "receiver_entropy": 0.0, "original_loss": 0.706153154373169, "mean_length": 6.0}
{"mode": "train", "epoch": 87, "loss": 2.1391921043395996, "acc": 0.07534246146678925, "acc_or": 0.5677511096000671, "sender_entropy": 2.0651793479919434, "receiver_entropy": 0.0, "original_loss": 0.8530199527740479, "mean_length": 6.0}
{"mode": "test", "epoch": 87, "loss": 2.98425030708313, "acc": 0.16438356041908264, "acc_or": 0.6849315166473389, "sender_entropy": 2.0888328552246094, "receiver_entropy": 0.0, "original_loss": 0.706447422504425, "mean_length": 6.0}
{"mode": "train", "epoch": 88, "loss": 2.1761746406555176, "acc": 0.07990867644548416, "acc_or": 0.5723744034767151, "sender_entropy": 2.052189588546753, "receiver_entropy": 0.0, "original_loss": 0.8460367918014526, "mean_length": 6.0}
{"mode": "test", "epoch": 88, "loss": 3.0446667671203613, "acc": 0.10958904027938843, "acc_or": 0.6643835306167603, "sender_entropy": 2.0809717178344727, "receiver_entropy": 0.0, "original_loss": 0.6964107751846313, "mean_length": 6.0}
{"mode": "train", "epoch": 89, "loss": 2.2687151432037354, "acc": 0.08242008835077286, "acc_or": 0.5793949961662292, "sender_entropy": 2.0399012565612793, "receiver_entropy": 0.0, "original_loss": 0.834821879863739, "mean_length": 6.0}
{"mode": "test", "epoch": 89, "loss": 3.1690773963928223, "acc": 0.1780821979045868, "acc_or": 0.6849315166473389, "sender_entropy": 2.0808420181274414, "receiver_entropy": 0.0, "original_loss": 0.682024359703064, "mean_length": 6.0}
{"mode": "train", "epoch": 90, "loss": 2.324069023132324, "acc": 0.0865296795964241, "acc_or": 0.5839040875434875, "sender_entropy": 2.0388479232788086, "receiver_entropy": 0.0, "original_loss": 0.8289801478385925, "mean_length": 6.0}
{"mode": "test", "epoch": 90, "loss": 3.2811620235443115, "acc": 0.1780821979045868, "acc_or": 0.715753436088562, "sender_entropy": 2.081350088119507, "receiver_entropy": 0.0, "original_loss": 0.6679825186729431, "mean_length": 6.0}
{"mode": "train", "epoch": 91, "loss": 2.2829558849334717, "acc": 0.08607305586338043, "acc_or": 0.5850456357002258, "sender_entropy": 2.042497158050537, "receiver_entropy": 0.0, "original_loss": 0.8285139203071594, "mean_length": 6.0}
{"mode": "test", "epoch": 91, "loss": 3.1976330280303955, "acc": 0.19178082048892975, "acc_or": 0.6917808055877686, "sender_entropy": 2.0761971473693848, "receiver_entropy": 0.0, "original_loss": 0.671459972858429, "mean_length": 6.0}
{"mode": "train", "epoch": 92, "loss": 2.3429527282714844, "acc": 0.08881278336048126, "acc_or": 0.58875572681427, "sender_entropy": 2.0363214015960693, "receiver_entropy": 0.0, "original_loss": 0.8209102749824524, "mean_length": 6.0}
{"mode": "test", "epoch": 92, "loss": 3.1273953914642334, "acc": 0.16438356041908264, "acc_or": 0.6883561611175537, "sender_entropy": 2.073620319366455, "receiver_entropy": 0.0, "original_loss": 0.6754910349845886, "mean_length": 6.0}
{"mode": "train", "epoch": 93, "loss": 2.343956470489502, "acc": 0.09497717022895813, "acc_or": 0.5895547866821289, "sender_entropy": 2.0317435264587402, "receiver_entropy": 0.0, "original_loss": 0.8167296648025513, "mean_length": 6.0}
{"mode": "test", "epoch": 93, "loss": 3.210427761077881, "acc": 0.2054794430732727, "acc_or": 0.7226027250289917, "sender_entropy": 2.066699504852295, "receiver_entropy": 0.0, "original_loss": 0.660367488861084, "mean_length": 6.0}
{"mode": "train", "epoch": 94, "loss": 2.419065237045288, "acc": 0.09566210210323334, "acc_or": 0.5940068364143372, "sender_entropy": 2.0212881565093994, "receiver_entropy": 0.0, "original_loss": 0.8064331412315369, "mean_length": 6.0}
{"mode": "test", "epoch": 94, "loss": 3.2200565338134766, "acc": 0.2054794430732727, "acc_or": 0.7191780805587769, "sender_entropy": 2.063300848007202, "receiver_entropy": 0.0, "original_loss": 0.6552006006240845, "mean_length": 6.0}
{"mode": "train", "epoch": 95, "loss": 2.4585824012756348, "acc": 0.10228310525417328, "acc_or": 0.6025114059448242, "sender_entropy": 2.015989303588867, "receiver_entropy": 0.0, "original_loss": 0.7979334592819214, "mean_length": 6.0}
{"mode": "test", "epoch": 95, "loss": 3.3206663131713867, "acc": 0.2602739632129669, "acc_or": 0.7363013625144958, "sender_entropy": 2.050119638442993, "receiver_entropy": 0.0, "original_loss": 0.6355511546134949, "mean_length": 6.0}
{"mode": "train", "epoch": 96, "loss": 2.6094560623168945, "acc": 0.10867580026388168, "acc_or": 0.6113584637641907, "sender_entropy": 1.9952596426010132, "receiver_entropy": 0.0, "original_loss": 0.7807167768478394, "mean_length": 6.0}
{"mode": "test", "epoch": 96, "loss": 3.4002137184143066, "acc": 0.27397260069847107, "acc_or": 0.75, "sender_entropy": 2.038710355758667, "receiver_entropy": 0.0, "original_loss": 0.6206870079040527, "mean_length": 6.0}
{"mode": "train", "epoch": 97, "loss": 2.67631196975708, "acc": 0.11940638720989227, "acc_or": 0.6239154934883118, "sender_entropy": 1.9782522916793823, "receiver_entropy": 0.0, "original_loss": 0.7700153589248657, "mean_length": 6.0}
{"mode": "test", "epoch": 97, "loss": 3.4441909790039062, "acc": 0.21917808055877686, "acc_or": 0.7397260069847107, "sender_entropy": 2.038135051727295, "receiver_entropy": 0.0, "original_loss": 0.6141480803489685, "mean_length": 6.0}
{"mode": "train", "epoch": 98, "loss": 2.7411601543426514, "acc": 0.1214611828327179, "acc_or": 0.6253995299339294, "sender_entropy": 1.9780234098434448, "receiver_entropy": 0.0, "original_loss": 0.7636858820915222, "mean_length": 6.0}
{"mode": "test", "epoch": 98, "loss": 3.6026451587677, "acc": 0.31506848335266113, "acc_or": 0.7739725708961487, "sender_entropy": 2.043670415878296, "receiver_entropy": 0.0, "original_loss": 0.596447765827179, "mean_length": 6.0}
{"mode": "train", "epoch": 99, "loss": 2.614546537399292, "acc": 0.12237443029880524, "acc_or": 0.6266552209854126, "sender_entropy": 1.9887292385101318, "receiver_entropy": 0.0, "original_loss": 0.7686553001403809, "mean_length": 6.0}
{"mode": "test", "epoch": 99, "loss": 3.5599546432495117, "acc": 0.301369845867157, "acc_or": 0.7602739930152893, "sender_entropy": 2.042095899581909, "receiver_entropy": 0.0, "original_loss": 0.595474362373352, "mean_length": 6.0}
{"mode": "train", "epoch": 100, "loss": 2.6788527965545654, "acc": 0.1310502290725708, "acc_or": 0.6317922472953796, "sender_entropy": 1.9821258783340454, "receiver_entropy": 0.0, "original_loss": 0.7603427767753601, "mean_length": 6.0}
{"mode": "test", "epoch": 100, "loss": 3.338798761367798, "acc": 0.21917808055877686, "acc_or": 0.732876718044281, "sender_entropy": 2.0349326133728027, "receiver_entropy": 0.0, "original_loss": 0.6105504035949707, "mean_length": 6.0}
{"mode": "train", "epoch": 101, "loss": 2.7871737480163574, "acc": 0.1292237490415573, "acc_or": 0.6402968168258667, "sender_entropy": 1.963619589805603, "receiver_entropy": 0.0, "original_loss": 0.7462887167930603, "mean_length": 6.0}
{"mode": "test", "epoch": 101, "loss": 3.4127047061920166, "acc": 0.2602739632129669, "acc_or": 0.7602739930152893, "sender_entropy": 2.0230863094329834, "receiver_entropy": 0.0, "original_loss": 0.5899441242218018, "mean_length": 6.0}
{"mode": "train", "epoch": 102, "loss": 2.790412664413452, "acc": 0.14863012731075287, "acc_or": 0.6474885940551758, "sender_entropy": 1.9495021104812622, "receiver_entropy": 0.0, "original_loss": 0.7403910160064697, "mean_length": 6.0}
{"mode": "test", "epoch": 102, "loss": 3.5002989768981934, "acc": 0.2876712381839752, "acc_or": 0.7739725708961487, "sender_entropy": 2.0219478607177734, "receiver_entropy": 0.0, "original_loss": 0.5725870132446289, "mean_length": 6.0}
{"mode": "train", "epoch": 103, "loss": 2.8970675468444824, "acc": 0.15296803414821625, "acc_or": 0.653938353061676, "sender_entropy": 1.9486281871795654, "receiver_entropy": 0.0, "original_loss": 0.7261136770248413, "mean_length": 6.0}
{"mode": "test", "epoch": 103, "loss": 3.5680923461914062, "acc": 0.24657534062862396, "acc_or": 0.767123281955719, "sender_entropy": 2.011089324951172, "receiver_entropy": 0.0, "original_loss": 0.5541810989379883, "mean_length": 6.0}
{"mode": "train", "epoch": 104, "loss": 2.8963656425476074, "acc": 0.15022830665111542, "acc_or": 0.6567922234535217, "sender_entropy": 1.9386109113693237, "receiver_entropy": 0.0, "original_loss": 0.7202125191688538, "mean_length": 6.0}
{"mode": "test", "epoch": 104, "loss": 3.5011043548583984, "acc": 0.27397260069847107, "acc_or": 0.7739725708961487, "sender_entropy": 1.996969223022461, "receiver_entropy": 0.0, "original_loss": 0.5473678708076477, "mean_length": 6.0}
{"mode": "train", "epoch": 105, "loss": 2.961465358734131, "acc": 0.15753424167633057, "acc_or": 0.6644977331161499, "sender_entropy": 1.9213900566101074, "receiver_entropy": 0.0, "original_loss": 0.7087267637252808, "mean_length": 6.0}
{"mode": "test", "epoch": 105, "loss": 3.4342074394226074, "acc": 0.27397260069847107, "acc_or": 0.7705479264259338, "sender_entropy": 1.9905493259429932, "receiver_entropy": 0.0, "original_loss": 0.5462507605552673, "mean_length": 6.0}
{"mode": "train", "epoch": 106, "loss": 3.0299136638641357, "acc": 0.1673515886068344, "acc_or": 0.6735159754753113, "sender_entropy": 1.9139000177383423, "receiver_entropy": 0.0, "original_loss": 0.6977956891059875, "mean_length": 6.0}
{"mode": "test", "epoch": 106, "loss": 3.470336437225342, "acc": 0.2602739632129669, "acc_or": 0.7534246444702148, "sender_entropy": 1.9859044551849365, "receiver_entropy": 0.0, "original_loss": 0.5327250957489014, "mean_length": 6.0}
{"mode": "train", "epoch": 107, "loss": 2.997722625732422, "acc": 0.16894976794719696, "acc_or": 0.6742579936981201, "sender_entropy": 1.913423776626587, "receiver_entropy": 0.0, "original_loss": 0.695963442325592, "mean_length": 6.0}
{"mode": "test", "epoch": 107, "loss": 3.428637981414795, "acc": 0.24657534062862396, "acc_or": 0.7602739930152893, "sender_entropy": 1.9819095134735107, "receiver_entropy": 0.0, "original_loss": 0.5335597395896912, "mean_length": 6.0}
{"mode": "train", "epoch": 108, "loss": 2.970409870147705, "acc": 0.16872145235538483, "acc_or": 0.6744292378425598, "sender_entropy": 1.9070764780044556, "receiver_entropy": 0.0, "original_loss": 0.6940631866455078, "mean_length": 6.0}
{"mode": "test", "epoch": 108, "loss": 3.508202075958252, "acc": 0.24657534062862396, "acc_or": 0.7739725708961487, "sender_entropy": 1.979222297668457, "receiver_entropy": 0.0, "original_loss": 0.520782470703125, "mean_length": 6.0}
{"mode": "train", "epoch": 109, "loss": 2.9555697441101074, "acc": 0.17328767478466034, "acc_or": 0.6774543523788452, "sender_entropy": 1.9039069414138794, "receiver_entropy": 0.0, "original_loss": 0.6913890242576599, "mean_length": 6.0}
{"mode": "test", "epoch": 109, "loss": 3.4956986904144287, "acc": 0.24657534062862396, "acc_or": 0.767123281955719, "sender_entropy": 1.9760265350341797, "receiver_entropy": 0.0, "original_loss": 0.5219559669494629, "mean_length": 6.0}
{"mode": "train", "epoch": 110, "loss": 3.061171054840088, "acc": 0.1748858392238617, "acc_or": 0.6812785267829895, "sender_entropy": 1.9007606506347656, "receiver_entropy": 0.0, "original_loss": 0.6809839010238647, "mean_length": 6.0}
{"mode": "test", "epoch": 110, "loss": 3.560070037841797, "acc": 0.24657534062862396, "acc_or": 0.7739725708961487, "sender_entropy": 1.9658563137054443, "receiver_entropy": 0.0, "original_loss": 0.5095665454864502, "mean_length": 6.0}
{"mode": "train", "epoch": 111, "loss": 3.068067789077759, "acc": 0.179452046751976, "acc_or": 0.6878995299339294, "sender_entropy": 1.8887437582015991, "receiver_entropy": 0.0, "original_loss": 0.6740186214447021, "mean_length": 6.0}
{"mode": "test", "epoch": 111, "loss": 3.501955509185791, "acc": 0.2876712381839752, "acc_or": 0.784246563911438, "sender_entropy": 1.9504157304763794, "receiver_entropy": 0.0, "original_loss": 0.5057896375656128, "mean_length": 6.0}
{"mode": "train", "epoch": 112, "loss": 3.1211366653442383, "acc": 0.19178082048892975, "acc_or": 0.6961187124252319, "sender_entropy": 1.8657654523849487, "receiver_entropy": 0.0, "original_loss": 0.6614970564842224, "mean_length": 6.0}
{"mode": "test", "epoch": 112, "loss": 3.3262603282928467, "acc": 0.301369845867157, "acc_or": 0.7808219194412231, "sender_entropy": 1.944008708000183, "receiver_entropy": 0.0, "original_loss": 0.5189974904060364, "mean_length": 6.0}
{"mode": "train", "epoch": 113, "loss": 3.244281768798828, "acc": 0.21232876181602478, "acc_or": 0.7095890045166016, "sender_entropy": 1.8518669605255127, "receiver_entropy": 0.0, "original_loss": 0.6450582146644592, "mean_length": 6.0}
{"mode": "test", "epoch": 113, "loss": 3.537402391433716, "acc": 0.3287671208381653, "acc_or": 0.7979452013969421, "sender_entropy": 1.9429781436920166, "receiver_entropy": 0.0, "original_loss": 0.4884670674800873, "mean_length": 6.0}
{"mode": "train", "epoch": 114, "loss": 3.1615793704986572, "acc": 0.20707762241363525, "acc_or": 0.7055365443229675, "sender_entropy": 1.8488030433654785, "receiver_entropy": 0.0, "original_loss": 0.6470412611961365, "mean_length": 6.0}
{"mode": "test", "epoch": 114, "loss": 3.4433491230010986, "acc": 0.2876712381839752, "acc_or": 0.7945205569267273, "sender_entropy": 1.9420772790908813, "receiver_entropy": 0.0, "original_loss": 0.49656471610069275, "mean_length": 6.0}
{"mode": "train", "epoch": 115, "loss": 3.2037227153778076, "acc": 0.21849314868450165, "acc_or": 0.709931492805481, "sender_entropy": 1.8579353094100952, "receiver_entropy": 0.0, "original_loss": 0.6420820355415344, "mean_length": 6.0}
{"mode": "test", "epoch": 115, "loss": 3.6795551776885986, "acc": 0.3287671208381653, "acc_or": 0.8116438388824463, "sender_entropy": 1.9438194036483765, "receiver_entropy": 0.0, "original_loss": 0.4624515175819397, "mean_length": 6.0}
{"mode": "train", "epoch": 116, "loss": 3.1624972820281982, "acc": 0.20593607425689697, "acc_or": 0.7099885940551758, "sender_entropy": 1.8586357831954956, "receiver_entropy": 0.0, "original_loss": 0.6421746611595154, "mean_length": 6.0}
{"mode": "test", "epoch": 116, "loss": 3.597869873046875, "acc": 0.34246575832366943, "acc_or": 0.8047944903373718, "sender_entropy": 1.9433271884918213, "receiver_entropy": 0.0, "original_loss": 0.46711504459381104, "mean_length": 6.0}
{"mode": "train", "epoch": 117, "loss": 3.2106568813323975, "acc": 0.22031962871551514, "acc_or": 0.717808187007904, "sender_entropy": 1.8518216609954834, "receiver_entropy": 0.0, "original_loss": 0.6339604258537292, "mean_length": 6.0}
{"mode": "test", "epoch": 117, "loss": 3.544459819793701, "acc": 0.3561643958091736, "acc_or": 0.8082191944122314, "sender_entropy": 1.9417531490325928, "receiver_entropy": 0.0, "original_loss": 0.46949484944343567, "mean_length": 6.0}
{"mode": "train", "epoch": 118, "loss": 3.196866989135742, "acc": 0.22534246742725372, "acc_or": 0.7131848931312561, "sender_entropy": 1.848676323890686, "receiver_entropy": 0.0, "original_loss": 0.631803035736084, "mean_length": 6.0}
{"mode": "test", "epoch": 118, "loss": 3.6188011169433594, "acc": 0.3835616409778595, "acc_or": 0.8082191944122314, "sender_entropy": 1.9428259134292603, "receiver_entropy": 0.0, "original_loss": 0.4570002555847168, "mean_length": 6.0}
{"mode": "train", "epoch": 119, "loss": 3.2657699584960938, "acc": 0.21849314868450165, "acc_or": 0.7199200987815857, "sender_entropy": 1.8506609201431274, "receiver_entropy": 0.0, "original_loss": 0.6210943460464478, "mean_length": 6.0}
{"mode": "test", "epoch": 119, "loss": 3.693190097808838, "acc": 0.36986300349235535, "acc_or": 0.818493127822876, "sender_entropy": 1.942911982536316, "receiver_entropy": 0.0, "original_loss": 0.4489201605319977, "mean_length": 6.0}
{"mode": "train", "epoch": 120, "loss": 3.2305068969726562, "acc": 0.22694063186645508, "acc_or": 0.7207191586494446, "sender_entropy": 1.8531564474105835, "receiver_entropy": 0.0, "original_loss": 0.6198249459266663, "mean_length": 6.0}
{"mode": "test", "epoch": 120, "loss": 3.7380385398864746, "acc": 0.4109588861465454, "acc_or": 0.8150684833526611, "sender_entropy": 1.9389090538024902, "receiver_entropy": 0.0, "original_loss": 0.44322800636291504, "mean_length": 6.0}
{"mode": "train", "epoch": 121, "loss": 3.2548770904541016, "acc": 0.22876712679862976, "acc_or": 0.724372148513794, "sender_entropy": 1.8442729711532593, "receiver_entropy": 0.0, "original_loss": 0.6145948171615601, "mean_length": 6.0}
{"mode": "test", "epoch": 121, "loss": 3.818962335586548, "acc": 0.39726027846336365, "acc_or": 0.8321917653083801, "sender_entropy": 1.936533808708191, "receiver_entropy": 0.0, "original_loss": 0.4249447286128998, "mean_length": 6.0}
{"mode": "train", "epoch": 122, "loss": 3.275447368621826, "acc": 0.24269406497478485, "acc_or": 0.7284246683120728, "sender_entropy": 1.8362375497817993, "receiver_entropy": 0.0, "original_loss": 0.6069605350494385, "mean_length": 6.0}
{"mode": "test", "epoch": 122, "loss": 3.734287738800049, "acc": 0.3835616409778595, "acc_or": 0.8219177722930908, "sender_entropy": 1.9301793575286865, "receiver_entropy": 0.0, "original_loss": 0.4286457300186157, "mean_length": 6.0}
{"mode": "train", "epoch": 123, "loss": 3.2545807361602783, "acc": 0.25662100315093994, "acc_or": 0.7347602844238281, "sender_entropy": 1.8276506662368774, "receiver_entropy": 0.0, "original_loss": 0.6007552742958069, "mean_length": 6.0}
{"mode": "test", "epoch": 123, "loss": 3.710517406463623, "acc": 0.36986300349235535, "acc_or": 0.818493127822876, "sender_entropy": 1.9263551235198975, "receiver_entropy": 0.0, "original_loss": 0.4270373582839966, "mean_length": 6.0}
{"mode": "train", "epoch": 124, "loss": 3.260781764984131, "acc": 0.2575342357158661, "acc_or": 0.7385844588279724, "sender_entropy": 1.829271674156189, "receiver_entropy": 0.0, "original_loss": 0.599642813205719, "mean_length": 6.0}
{"mode": "test", "epoch": 124, "loss": 3.6907689571380615, "acc": 0.3835616409778595, "acc_or": 0.8219177722930908, "sender_entropy": 1.9143692255020142, "receiver_entropy": 0.0, "original_loss": 0.4179207980632782, "mean_length": 6.0}
{"mode": "train", "epoch": 125, "loss": 3.307788610458374, "acc": 0.2652967870235443, "acc_or": 0.7458333373069763, "sender_entropy": 1.8123857975006104, "receiver_entropy": 0.0, "original_loss": 0.5888850688934326, "mean_length": 6.0}
{"mode": "test", "epoch": 125, "loss": 3.6281509399414062, "acc": 0.3561643958091736, "acc_or": 0.818493127822876, "sender_entropy": 1.8993120193481445, "receiver_entropy": 0.0, "original_loss": 0.4147771894931793, "mean_length": 6.0}
{"mode": "train", "epoch": 126, "loss": 3.4071831703186035, "acc": 0.27511414885520935, "acc_or": 0.75005704164505, "sender_entropy": 1.7969125509262085, "receiver_entropy": 0.0, "original_loss": 0.5747684836387634, "mean_length": 6.0}
{"mode": "test", "epoch": 126, "loss": 3.611084222793579, "acc": 0.39726027846336365, "acc_or": 0.8287671208381653, "sender_entropy": 1.892051339149475, "receiver_entropy": 0.0, "original_loss": 0.40800437331199646, "mean_length": 6.0}
{"mode": "train", "epoch": 127, "loss": 3.4538474082946777, "acc": 0.2844748795032501, "acc_or": 0.7569063901901245, "sender_entropy": 1.7855945825576782, "receiver_entropy": 0.0, "original_loss": 0.5628339052200317, "mean_length": 6.0}
{"mode": "test", "epoch": 127, "loss": 3.562735080718994, "acc": 0.4109588861465454, "acc_or": 0.8219177722930908, "sender_entropy": 1.8855295181274414, "receiver_entropy": 0.0, "original_loss": 0.40660813450813293, "mean_length": 6.0}
{"mode": "train", "epoch": 128, "loss": 3.517916440963745, "acc": 0.294063925743103, "acc_or": 0.760502278804779, "sender_entropy": 1.7807551622390747, "receiver_entropy": 0.0, "original_loss": 0.5545702576637268, "mean_length": 6.0}
{"mode": "test", "epoch": 128, "loss": 3.7021677494049072, "acc": 0.5068492889404297, "acc_or": 0.8561643958091736, "sender_entropy": 1.8813152313232422, "receiver_entropy": 0.0, "original_loss": 0.3832167088985443, "mean_length": 6.0}
{"mode": "train", "epoch": 129, "loss": 3.4433960914611816, "acc": 0.2952054738998413, "acc_or": 0.7590753436088562, "sender_entropy": 1.7835638523101807, "receiver_entropy": 0.0, "original_loss": 0.5596987009048462, "mean_length": 6.0}
{"mode": "test", "epoch": 129, "loss": 3.717052459716797, "acc": 0.4931506812572479, "acc_or": 0.8561643958091736, "sender_entropy": 1.882519006729126, "receiver_entropy": 0.0, "original_loss": 0.3786163330078125, "mean_length": 6.0}
{"mode": "train", "epoch": 130, "loss": 3.321136951446533, "acc": 0.29178082942962646, "acc_or": 0.7541666626930237, "sender_entropy": 1.7877405881881714, "receiver_entropy": 0.0, "original_loss": 0.5658709406852722, "mean_length": 6.0}
{"mode": "test", "epoch": 130, "loss": 3.772902011871338, "acc": 0.4931506812572479, "acc_or": 0.8561643958091736, "sender_entropy": 1.8811399936676025, "receiver_entropy": 0.0, "original_loss": 0.3693883419036865, "mean_length": 6.0}
{"mode": "train", "epoch": 131, "loss": 3.4416449069976807, "acc": 0.297031968832016, "acc_or": 0.7618721127510071, "sender_entropy": 1.788338541984558, "receiver_entropy": 0.0, "original_loss": 0.5506874918937683, "mean_length": 6.0}
{"mode": "test", "epoch": 131, "loss": 3.65792179107666, "acc": 0.45205479860305786, "acc_or": 0.8321917653083801, "sender_entropy": 1.8798158168792725, "receiver_entropy": 0.0, "original_loss": 0.37813088297843933, "mean_length": 6.0}
{"mode": "train", "epoch": 132, "loss": 3.423750638961792, "acc": 0.2965753376483917, "acc_or": 0.7635273933410645, "sender_entropy": 1.7773553133010864, "receiver_entropy": 0.0, "original_loss": 0.5488879084587097, "mean_length": 6.0}
{"mode": "test", "epoch": 132, "loss": 3.637530565261841, "acc": 0.465753436088562, "acc_or": 0.8390411138534546, "sender_entropy": 1.8738418817520142, "receiver_entropy": 0.0, "original_loss": 0.37140536308288574, "mean_length": 6.0}
{"mode": "train", "epoch": 133, "loss": 3.5078372955322266, "acc": 0.3162100315093994, "acc_or": 0.7719178199768066, "sender_entropy": 1.7694873809814453, "receiver_entropy": 0.0, "original_loss": 0.5336297154426575, "mean_length": 6.0}
{"mode": "test", "epoch": 133, "loss": 3.687533378601074, "acc": 0.5205479264259338, "acc_or": 0.8595890402793884, "sender_entropy": 1.8688067197799683, "receiver_entropy": 0.0, "original_loss": 0.3558186888694763, "mean_length": 6.0}
{"mode": "train", "epoch": 134, "loss": 3.4799718856811523, "acc": 0.32785388827323914, "acc_or": 0.772431492805481, "sender_entropy": 1.7630550861358643, "receiver_entropy": 0.0, "original_loss": 0.5319169759750366, "mean_length": 6.0}
{"mode": "test", "epoch": 134, "loss": 3.6578619480133057, "acc": 0.465753436088562, "acc_or": 0.852739691734314, "sender_entropy": 1.862372875213623, "receiver_entropy": 0.0, "original_loss": 0.35423174500465393, "mean_length": 6.0}
{"mode": "train", "epoch": 135, "loss": 3.4981114864349365, "acc": 0.3347031772136688, "acc_or": 0.7761415243148804, "sender_entropy": 1.7567644119262695, "receiver_entropy": 0.0, "original_loss": 0.5253307223320007, "mean_length": 6.0}
{"mode": "test", "epoch": 135, "loss": 3.5551211833953857, "acc": 0.465753436088562, "acc_or": 0.852739691734314, "sender_entropy": 1.8553602695465088, "receiver_entropy": 0.0, "original_loss": 0.36086493730545044, "mean_length": 6.0}
{"mode": "train", "epoch": 136, "loss": 3.5572237968444824, "acc": 0.3383561670780182, "acc_or": 0.7814497351646423, "sender_entropy": 1.743786096572876, "receiver_entropy": 0.0, "original_loss": 0.514380931854248, "mean_length": 6.0}
{"mode": "test", "epoch": 136, "loss": 3.6017205715179443, "acc": 0.4931506812572479, "acc_or": 0.8630136847496033, "sender_entropy": 1.8479238748550415, "receiver_entropy": 0.0, "original_loss": 0.34774497151374817, "mean_length": 6.0}
{"mode": "train", "epoch": 137, "loss": 3.5058999061584473, "acc": 0.3511415421962738, "acc_or": 0.7857876420021057, "sender_entropy": 1.7364733219146729, "receiver_entropy": 0.0, "original_loss": 0.5134317278862, "mean_length": 6.0}
{"mode": "test", "epoch": 137, "loss": 3.7384259700775146, "acc": 0.6164383292198181, "acc_or": 0.8972602486610413, "sender_entropy": 1.8511242866516113, "receiver_entropy": 0.0, "original_loss": 0.3260764479637146, "mean_length": 6.0}
{"mode": "train", "epoch": 138, "loss": 3.5811734199523926, "acc": 0.3522830903530121, "acc_or": 0.7886415123939514, "sender_entropy": 1.740269422531128, "receiver_entropy": 0.0, "original_loss": 0.5049251914024353, "mean_length": 6.0}
{"mode": "test", "epoch": 138, "loss": 3.760922431945801, "acc": 0.6164383292198181, "acc_or": 0.9006849527359009, "sender_entropy": 1.8475676774978638, "receiver_entropy": 0.0, "original_loss": 0.31349363923072815, "mean_length": 6.0}
{"mode": "train", "epoch": 139, "loss": 3.3999531269073486, "acc": 0.3499999940395355, "acc_or": 0.7827625274658203, "sender_entropy": 1.7404695749282837, "receiver_entropy": 0.0, "original_loss": 0.5158767104148865, "mean_length": 6.0}
{"mode": "test", "epoch": 139, "loss": 3.797161340713501, "acc": 0.6164383292198181, "acc_or": 0.8938356041908264, "sender_entropy": 1.850137710571289, "receiver_entropy": 0.0, "original_loss": 0.30992141366004944, "mean_length": 6.0}
{"mode": "train", "epoch": 140, "loss": 3.588451862335205, "acc": 0.361872136592865, "acc_or": 0.7902967929840088, "sender_entropy": 1.735416054725647, "receiver_entropy": 0.0, "original_loss": 0.4948548674583435, "mean_length": 6.0}
{"mode": "test", "epoch": 140, "loss": 3.8035013675689697, "acc": 0.5890411138534546, "acc_or": 0.8869863152503967, "sender_entropy": 1.8466675281524658, "receiver_entropy": 0.0, "original_loss": 0.3086930811405182, "mean_length": 6.0}
{"mode": "train", "epoch": 141, "loss": 3.5718345642089844, "acc": 0.36301368474960327, "acc_or": 0.7918378710746765, "sender_entropy": 1.735095500946045, "receiver_entropy": 0.0, "original_loss": 0.49297013878822327, "mean_length": 6.0}
{"mode": "test", "epoch": 141, "loss": 3.8125829696655273, "acc": 0.6301369667053223, "acc_or": 0.8972602486610413, "sender_entropy": 1.8415271043777466, "receiver_entropy": 0.0, "original_loss": 0.3004102110862732, "mean_length": 6.0}
{"mode": "train", "epoch": 142, "loss": 3.491797685623169, "acc": 0.36621004343032837, "acc_or": 0.7912670969963074, "sender_entropy": 1.73562753200531, "receiver_entropy": 0.0, "original_loss": 0.4980718493461609, "mean_length": 6.0}
{"mode": "test", "epoch": 142, "loss": 3.762425422668457, "acc": 0.6164383292198181, "acc_or": 0.8938356041908264, "sender_entropy": 1.839095115661621, "receiver_entropy": 0.0, "original_loss": 0.3025783896446228, "mean_length": 6.0}
{"mode": "train", "epoch": 143, "loss": 3.493891716003418, "acc": 0.36621004343032837, "acc_or": 0.7909817099571228, "sender_entropy": 1.7381623983383179, "receiver_entropy": 0.0, "original_loss": 0.49400901794433594, "mean_length": 6.0}
{"mode": "test", "epoch": 143, "loss": 3.7784383296966553, "acc": 0.602739691734314, "acc_or": 0.8938356041908264, "sender_entropy": 1.8269647359848022, "receiver_entropy": 0.0, "original_loss": 0.28799113631248474, "mean_length": 6.0}
{"mode": "train", "epoch": 144, "loss": 3.497871160507202, "acc": 0.378995418548584, "acc_or": 0.7993150353431702, "sender_entropy": 1.732503056526184, "receiver_entropy": 0.0, "original_loss": 0.48720836639404297, "mean_length": 6.0}
{"mode": "test", "epoch": 144, "loss": 3.782395839691162, "acc": 0.6164383292198181, "acc_or": 0.8938356041908264, "sender_entropy": 1.8254534006118774, "receiver_entropy": 0.0, "original_loss": 0.2814537286758423, "mean_length": 6.0}
{"mode": "train", "epoch": 145, "loss": 3.6074986457824707, "acc": 0.39657533168792725, "acc_or": 0.8046232461929321, "sender_entropy": 1.7242242097854614, "receiver_entropy": 0.0, "original_loss": 0.469816118478775, "mean_length": 6.0}
{"mode": "test", "epoch": 145, "loss": 3.7480738162994385, "acc": 0.6438356041908264, "acc_or": 0.9006849527359009, "sender_entropy": 1.8135913610458374, "receiver_entropy": 0.0, "original_loss": 0.27444595098495483, "mean_length": 6.0}
{"mode": "train", "epoch": 146, "loss": 3.574000120162964, "acc": 0.39977169036865234, "acc_or": 0.8070775866508484, "sender_entropy": 1.7160379886627197, "receiver_entropy": 0.0, "original_loss": 0.4668610394001007, "mean_length": 6.0}
{"mode": "test", "epoch": 146, "loss": 3.6878013610839844, "acc": 0.6301369667053223, "acc_or": 0.9041095972061157, "sender_entropy": 1.8000409603118896, "receiver_entropy": 0.0, "original_loss": 0.27235665917396545, "mean_length": 6.0}
{"mode": "train", "epoch": 147, "loss": 3.5791633129119873, "acc": 0.4020547866821289, "acc_or": 0.8100456595420837, "sender_entropy": 1.7046281099319458, "receiver_entropy": 0.0, "original_loss": 0.4614688754081726, "mean_length": 6.0}
{"mode": "test", "epoch": 147, "loss": 3.7437052726745605, "acc": 0.6712328791618347, "acc_or": 0.9075342416763306, "sender_entropy": 1.7914408445358276, "receiver_entropy": 0.0, "original_loss": 0.25634855031967163, "mean_length": 6.0}
{"mode": "train", "epoch": 148, "loss": 3.6977484226226807, "acc": 0.4173516035079956, "acc_or": 0.8167808055877686, "sender_entropy": 1.696254014968872, "receiver_entropy": 0.0, "original_loss": 0.44599035382270813, "mean_length": 6.0}
{"mode": "test", "epoch": 148, "loss": 3.8622777462005615, "acc": 0.6849315166473389, "acc_or": 0.9178082346916199, "sender_entropy": 1.7856382131576538, "receiver_entropy": 0.0, "original_loss": 0.23463429510593414, "mean_length": 6.0}
{"mode": "train", "epoch": 149, "loss": 3.6613075733184814, "acc": 0.42009133100509644, "acc_or": 0.817808210849762, "sender_entropy": 1.6847318410873413, "receiver_entropy": 0.0, "original_loss": 0.442168265581131, "mean_length": 6.0}
{"mode": "test", "epoch": 149, "loss": 3.823875665664673, "acc": 0.698630154132843, "acc_or": 0.9212328791618347, "sender_entropy": 1.777222752571106, "receiver_entropy": 0.0, "original_loss": 0.23243442177772522, "mean_length": 6.0}
{"mode": "train", "epoch": 150, "loss": 3.721273422241211, "acc": 0.4401826560497284, "acc_or": 0.8245433568954468, "sender_entropy": 1.6663564443588257, "receiver_entropy": 0.0, "original_loss": 0.43050286173820496, "mean_length": 6.0}
{"mode": "test", "epoch": 150, "loss": 3.7874832153320312, "acc": 0.698630154132843, "acc_or": 0.9246575236320496, "sender_entropy": 1.7678951025009155, "receiver_entropy": 0.0, "original_loss": 0.22884979844093323, "mean_length": 6.0}
{"mode": "train", "epoch": 151, "loss": 3.8477771282196045, "acc": 0.46392694115638733, "acc_or": 0.8357305526733398, "sender_entropy": 1.6583768129348755, "receiver_entropy": 0.0, "original_loss": 0.4100043475627899, "mean_length": 6.0}
{"mode": "test", "epoch": 151, "loss": 3.7806570529937744, "acc": 0.7397260069847107, "acc_or": 0.931506872177124, "sender_entropy": 1.7579272985458374, "receiver_entropy": 0.0, "original_loss": 0.21747246384620667, "mean_length": 6.0}
{"mode": "train", "epoch": 152, "loss": 3.816909074783325, "acc": 0.46073058247566223, "acc_or": 0.834931492805481, "sender_entropy": 1.6486486196517944, "receiver_entropy": 0.0, "original_loss": 0.4118775427341461, "mean_length": 6.0}
{"mode": "test", "epoch": 152, "loss": 3.765306234359741, "acc": 0.7945205569267273, "acc_or": 0.9452054500579834, "sender_entropy": 1.7509390115737915, "receiver_entropy": 0.0, "original_loss": 0.21348987519741058, "mean_length": 6.0}
{"mode": "train", "epoch": 153, "loss": 3.860466957092285, "acc": 0.47876712679862976, "acc_or": 0.8402968049049377, "sender_entropy": 1.6470866203308105, "receiver_entropy": 0.0, "original_loss": 0.3986971378326416, "mean_length": 6.0}
{"mode": "test", "epoch": 153, "loss": 3.688608407974243, "acc": 0.767123281955719, "acc_or": 0.9383561611175537, "sender_entropy": 1.7385892868041992, "receiver_entropy": 0.0, "original_loss": 0.2119418829679489, "mean_length": 6.0}
{"mode": "train", "epoch": 154, "loss": 3.7725884914398193, "acc": 0.47305935621261597, "acc_or": 0.8400114178657532, "sender_entropy": 1.6442869901657104, "receiver_entropy": 0.0, "original_loss": 0.4027940630912781, "mean_length": 6.0}
{"mode": "test", "epoch": 154, "loss": 3.6276254653930664, "acc": 0.767123281955719, "acc_or": 0.9383561611175537, "sender_entropy": 1.7294508218765259, "receiver_entropy": 0.0, "original_loss": 0.2088826596736908, "mean_length": 6.0}
{"mode": "train", "epoch": 155, "loss": 3.8793201446533203, "acc": 0.47808218002319336, "acc_or": 0.8421803712844849, "sender_entropy": 1.6307896375656128, "receiver_entropy": 0.0, "original_loss": 0.3891027271747589, "mean_length": 6.0}
{"mode": "test", "epoch": 155, "loss": 3.646279811859131, "acc": 0.7397260069847107, "acc_or": 0.9280821681022644, "sender_entropy": 1.7256402969360352, "receiver_entropy": 0.0, "original_loss": 0.20344918966293335, "mean_length": 6.0}
{"mode": "train", "epoch": 156, "loss": 3.772993564605713, "acc": 0.48767122626304626, "acc_or": 0.8433219194412231, "sender_entropy": 1.6324101686477661, "receiver_entropy": 0.0, "original_loss": 0.3937639892101288, "mean_length": 6.0}
{"mode": "test", "epoch": 156, "loss": 3.641406774520874, "acc": 0.7534246444702148, "acc_or": 0.9280821681022644, "sender_entropy": 1.7344084978103638, "receiver_entropy": 0.0, "original_loss": 0.20742003619670868, "mean_length": 6.0}
{"mode": "train", "epoch": 157, "loss": 3.7856009006500244, "acc": 0.4988584518432617, "acc_or": 0.8458333015441895, "sender_entropy": 1.6315898895263672, "receiver_entropy": 0.0, "original_loss": 0.3882148861885071, "mean_length": 6.0}
{"mode": "test", "epoch": 157, "loss": 3.6453018188476562, "acc": 0.7397260069847107, "acc_or": 0.9280821681022644, "sender_entropy": 1.7388161420822144, "receiver_entropy": 0.0, "original_loss": 0.2056170403957367, "mean_length": 6.0}
{"mode": "train", "epoch": 158, "loss": 3.732131242752075, "acc": 0.49132418632507324, "acc_or": 0.844120979309082, "sender_entropy": 1.6288596391677856, "receiver_entropy": 0.0, "original_loss": 0.3888856768608093, "mean_length": 6.0}
{"mode": "test", "epoch": 158, "loss": 3.7028560638427734, "acc": 0.767123281955719, "acc_or": 0.9349315166473389, "sender_entropy": 1.733178973197937, "receiver_entropy": 0.0, "original_loss": 0.19028149545192719, "mean_length": 6.0}
{"mode": "train", "epoch": 159, "loss": 3.743718147277832, "acc": 0.5025113821029663, "acc_or": 0.8476598262786865, "sender_entropy": 1.624861240386963, "receiver_entropy": 0.0, "original_loss": 0.3815963566303253, "mean_length": 6.0}
{"mode": "test", "epoch": 159, "loss": 3.609128952026367, "acc": 0.7945205569267273, "acc_or": 0.9383561611175537, "sender_entropy": 1.7253918647766113, "receiver_entropy": 0.0, "original_loss": 0.19451870024204254, "mean_length": 6.0}
{"mode": "train", "epoch": 160, "loss": 3.7920374870300293, "acc": 0.5157533884048462, "acc_or": 0.8517693877220154, "sender_entropy": 1.6150671243667603, "receiver_entropy": 0.0, "original_loss": 0.3726910352706909, "mean_length": 6.0}
{"mode": "test", "epoch": 160, "loss": 3.5120105743408203, "acc": 0.767123281955719, "acc_or": 0.9349315166473389, "sender_entropy": 1.7046512365341187, "receiver_entropy": 0.0, "original_loss": 0.19210708141326904, "mean_length": 6.0}
{"mode": "train", "epoch": 161, "loss": 3.8491051197052, "acc": 0.5152968168258667, "acc_or": 0.8535388112068176, "sender_entropy": 1.608493685722351, "receiver_entropy": 0.0, "original_loss": 0.36446160078048706, "mean_length": 6.0}
{"mode": "test", "epoch": 161, "loss": 3.5993237495422363, "acc": 0.8219177722930908, "acc_or": 0.948630154132843, "sender_entropy": 1.7048559188842773, "receiver_entropy": 0.0, "original_loss": 0.17720423638820648, "mean_length": 6.0}
{"mode": "train", "epoch": 162, "loss": 3.8155479431152344, "acc": 0.5242009162902832, "acc_or": 0.8557648062705994, "sender_entropy": 1.603432059288025, "receiver_entropy": 0.0, "original_loss": 0.36333227157592773, "mean_length": 6.0}
{"mode": "test", "epoch": 162, "loss": 3.5933005809783936, "acc": 0.8219177722930908, "acc_or": 0.948630154132843, "sender_entropy": 1.7039510011672974, "receiver_entropy": 0.0, "original_loss": 0.17718203365802765, "mean_length": 6.0}
{"mode": "train", "epoch": 163, "loss": 3.737936496734619, "acc": 0.527625560760498, "acc_or": 0.8558219075202942, "sender_entropy": 1.602971076965332, "receiver_entropy": 0.0, "original_loss": 0.36410802602767944, "mean_length": 6.0}
{"mode": "test", "epoch": 163, "loss": 3.5253758430480957, "acc": 0.767123281955719, "acc_or": 0.9383561611175537, "sender_entropy": 1.695213794708252, "receiver_entropy": 0.0, "original_loss": 0.18264652788639069, "mean_length": 6.0}
{"mode": "train", "epoch": 164, "loss": 3.8822245597839355, "acc": 0.5404109358787537, "acc_or": 0.863241970539093, "sender_entropy": 1.593227505683899, "receiver_entropy": 0.0, "original_loss": 0.34249404072761536, "mean_length": 6.0}
{"mode": "test", "epoch": 164, "loss": 3.6951284408569336, "acc": 0.8493150472640991, "acc_or": 0.9623287320137024, "sender_entropy": 1.6891038417816162, "receiver_entropy": 0.0, "original_loss": 0.14636844396591187, "mean_length": 6.0}
{"mode": "train", "epoch": 165, "loss": 3.9046406745910645, "acc": 0.5456621050834656, "acc_or": 0.8650113940238953, "sender_entropy": 1.5926743745803833, "receiver_entropy": 0.0, "original_loss": 0.3398056626319885, "mean_length": 6.0}
{"mode": "test", "epoch": 165, "loss": 3.6098532676696777, "acc": 0.8082191944122314, "acc_or": 0.9520547986030579, "sender_entropy": 1.6873971223831177, "receiver_entropy": 0.0, "original_loss": 0.15279148519039154, "mean_length": 6.0}
{"mode": "train", "epoch": 166, "loss": 3.847895860671997, "acc": 0.5484018325805664, "acc_or": 0.8678082227706909, "sender_entropy": 1.582702875137329, "receiver_entropy": 0.0, "original_loss": 0.33856645226478577, "mean_length": 6.0}
{"mode": "test", "epoch": 166, "loss": 3.6276943683624268, "acc": 0.8904109597206116, "acc_or": 0.9726027250289917, "sender_entropy": 1.6792540550231934, "receiver_entropy": 0.0, "original_loss": 0.1380334049463272, "mean_length": 6.0}
{"mode": "train", "epoch": 167, "loss": 3.8560595512390137, "acc": 0.5552511215209961, "acc_or": 0.8685502409934998, "sender_entropy": 1.5797101259231567, "receiver_entropy": 0.0, "original_loss": 0.332547128200531, "mean_length": 6.0}
{"mode": "test", "epoch": 167, "loss": 3.6347672939300537, "acc": 0.9178082346916199, "acc_or": 0.9794520735740662, "sender_entropy": 1.6852221488952637, "receiver_entropy": 0.0, "original_loss": 0.13804158568382263, "mean_length": 6.0}
{"mode": "train", "epoch": 168, "loss": 3.754763126373291, "acc": 0.5616438388824463, "acc_or": 0.8696346879005432, "sender_entropy": 1.5783709287643433, "receiver_entropy": 0.0, "original_loss": 0.3375264108181, "mean_length": 6.0}
{"mode": "test", "epoch": 168, "loss": 3.6586124897003174, "acc": 0.9041095972061157, "acc_or": 0.9760273694992065, "sender_entropy": 1.68821382522583, "receiver_entropy": 0.0, "original_loss": 0.13145309686660767, "mean_length": 6.0}
{"mode": "train", "epoch": 169, "loss": 3.813593864440918, "acc": 0.5607305765151978, "acc_or": 0.869691789150238, "sender_entropy": 1.5733587741851807, "receiver_entropy": 0.0, "original_loss": 0.3296877145767212, "mean_length": 6.0}
{"mode": "test", "epoch": 169, "loss": 3.726419687271118, "acc": 0.931506872177124, "acc_or": 0.982876718044281, "sender_entropy": 1.6848443746566772, "receiver_entropy": 0.0, "original_loss": 0.1176476776599884, "mean_length": 6.0}
{"mode": "train", "epoch": 170, "loss": 3.7546000480651855, "acc": 0.5705479383468628, "acc_or": 0.8726027011871338, "sender_entropy": 1.5783236026763916, "receiver_entropy": 0.0, "original_loss": 0.3301238715648651, "mean_length": 6.0}
{"mode": "test", "epoch": 170, "loss": 3.6499903202056885, "acc": 0.9178082346916199, "acc_or": 0.9794520735740662, "sender_entropy": 1.67909574508667, "receiver_entropy": 0.0, "original_loss": 0.12373123317956924, "mean_length": 6.0}
{"mode": "train", "epoch": 171, "loss": 3.8701019287109375, "acc": 0.5974885821342468, "acc_or": 0.8811643719673157, "sender_entropy": 1.5680841207504272, "receiver_entropy": 0.0, "original_loss": 0.3132309913635254, "mean_length": 6.0}
{"mode": "test", "epoch": 171, "loss": 3.4760231971740723, "acc": 0.8904109597206116, "acc_or": 0.9691780805587769, "sender_entropy": 1.666326880455017, "receiver_entropy": 0.0, "original_loss": 0.13710999488830566, "mean_length": 6.0}
{"mode": "train", "epoch": 172, "loss": 3.9478743076324463, "acc": 0.6034246683120728, "acc_or": 0.8852739334106445, "sender_entropy": 1.5504626035690308, "receiver_entropy": 0.0, "original_loss": 0.29840320348739624, "mean_length": 6.0}
{"mode": "test", "epoch": 172, "loss": 3.432218074798584, "acc": 0.8904109597206116, "acc_or": 0.9691780805587769, "sender_entropy": 1.6545802354812622, "receiver_entropy": 0.0, "original_loss": 0.1329900324344635, "mean_length": 6.0}
{"mode": "train", "epoch": 173, "loss": 3.835751533508301, "acc": 0.5974885821342468, "acc_or": 0.8840182423591614, "sender_entropy": 1.5362626314163208, "receiver_entropy": 0.0, "original_loss": 0.30216506123542786, "mean_length": 6.0}
{"mode": "test", "epoch": 173, "loss": 3.5067996978759766, "acc": 0.8767123222351074, "acc_or": 0.9691780805587769, "sender_entropy": 1.652269959449768, "receiver_entropy": 0.0, "original_loss": 0.12235672771930695, "mean_length": 6.0}
{"mode": "train", "epoch": 174, "loss": 3.875368595123291, "acc": 0.6015981435775757, "acc_or": 0.8843607306480408, "sender_entropy": 1.5420713424682617, "receiver_entropy": 0.0, "original_loss": 0.2971903085708618, "mean_length": 6.0}
{"mode": "test", "epoch": 174, "loss": 3.5616981983184814, "acc": 0.9041095972061157, "acc_or": 0.9760273694992065, "sender_entropy": 1.6512562036514282, "receiver_entropy": 0.0, "original_loss": 0.1112152487039566, "mean_length": 6.0}
{"mode": "train", "epoch": 175, "loss": 3.8195064067840576, "acc": 0.605251133441925, "acc_or": 0.8844177722930908, "sender_entropy": 1.542553186416626, "receiver_entropy": 0.0, "original_loss": 0.2981521487236023, "mean_length": 6.0}
{"mode": "test", "epoch": 175, "loss": 3.5764520168304443, "acc": 0.9178082346916199, "acc_or": 0.9760273694992065, "sender_entropy": 1.64745032787323, "receiver_entropy": 0.0, "original_loss": 0.10774828493595123, "mean_length": 6.0}
{"mode": "train", "epoch": 176, "loss": 3.805344581604004, "acc": 0.605251133441925, "acc_or": 0.8847602605819702, "sender_entropy": 1.5475965738296509, "receiver_entropy": 0.0, "original_loss": 0.30077850818634033, "mean_length": 6.0}
{"mode": "test", "epoch": 176, "loss": 3.557389497756958, "acc": 0.9178082346916199, "acc_or": 0.9794520735740662, "sender_entropy": 1.641618251800537, "receiver_entropy": 0.0, "original_loss": 0.10443346202373505, "mean_length": 6.0}
{"mode": "train", "epoch": 177, "loss": 3.8504815101623535, "acc": 0.6226027011871338, "acc_or": 0.8916095495223999, "sender_entropy": 1.5371897220611572, "receiver_entropy": 0.0, "original_loss": 0.2859683930873871, "mean_length": 6.0}
{"mode": "test", "epoch": 177, "loss": 3.495286464691162, "acc": 0.931506872177124, "acc_or": 0.982876718044281, "sender_entropy": 1.6283836364746094, "receiver_entropy": 0.0, "original_loss": 0.10452079772949219, "mean_length": 6.0}
{"mode": "train", "epoch": 178, "loss": 3.9432573318481445, "acc": 0.6390410661697388, "acc_or": 0.896803617477417, "sender_entropy": 1.5229893922805786, "receiver_entropy": 0.0, "original_loss": 0.27185821533203125, "mean_length": 6.0}
{"mode": "test", "epoch": 178, "loss": 3.4437615871429443, "acc": 0.9452054500579834, "acc_or": 0.9863013625144958, "sender_entropy": 1.6230710744857788, "receiver_entropy": 0.0, "original_loss": 0.1065358966588974, "mean_length": 6.0}
{"mode": "train", "epoch": 179, "loss": 3.990222454071045, "acc": 0.6616438031196594, "acc_or": 0.903253436088562, "sender_entropy": 1.5159252882003784, "receiver_entropy": 0.0, "original_loss": 0.2590288519859314, "mean_length": 6.0}
{"mode": "test", "epoch": 179, "loss": 3.410914897918701, "acc": 0.9452054500579834, "acc_or": 0.9863013625144958, "sender_entropy": 1.6167113780975342, "receiver_entropy": 0.0, "original_loss": 0.10314977169036865, "mean_length": 6.0}
{"mode": "train", "epoch": 180, "loss": 3.9723379611968994, "acc": 0.6641552448272705, "acc_or": 0.9047945141792297, "sender_entropy": 1.4997241497039795, "receiver_entropy": 0.0, "original_loss": 0.25921425223350525, "mean_length": 6.0}
{"mode": "test", "epoch": 180, "loss": 3.454432249069214, "acc": 0.9589040875434875, "acc_or": 0.9897260069847107, "sender_entropy": 1.6184298992156982, "receiver_entropy": 0.0, "original_loss": 0.09551983326673508, "mean_length": 6.0}
{"mode": "train", "epoch": 181, "loss": 3.9438765048980713, "acc": 0.6586757898330688, "acc_or": 0.9041095972061157, "sender_entropy": 1.5051730871200562, "receiver_entropy": 0.0, "original_loss": 0.255439817905426, "mean_length": 6.0}
{"mode": "test", "epoch": 181, "loss": 3.548590898513794, "acc": 0.9589040875434875, "acc_or": 0.9897260069847107, "sender_entropy": 1.616987943649292, "receiver_entropy": 0.0, "original_loss": 0.08020865172147751, "mean_length": 6.0}
{"mode": "train", "epoch": 182, "loss": 3.8780510425567627, "acc": 0.6652967929840088, "acc_or": 0.903938353061676, "sender_entropy": 1.5045294761657715, "receiver_entropy": 0.0, "original_loss": 0.258191853761673, "mean_length": 6.0}
{"mode": "test", "epoch": 182, "loss": 3.520378351211548, "acc": 0.9589040875434875, "acc_or": 0.9897260069847107, "sender_entropy": 1.6178476810455322, "receiver_entropy": 0.0, "original_loss": 0.08020301163196564, "mean_length": 6.0}
{"mode": "train", "epoch": 183, "loss": 3.8159685134887695, "acc": 0.6742008924484253, "acc_or": 0.907305896282196, "sender_entropy": 1.5087970495224, "receiver_entropy": 0.0, "original_loss": 0.2582865059375763, "mean_length": 6.0}
{"mode": "test", "epoch": 183, "loss": 3.459759473800659, "acc": 0.9863013625144958, "acc_or": 0.9965753555297852, "sender_entropy": 1.6044446229934692, "receiver_entropy": 0.0, "original_loss": 0.07613206654787064, "mean_length": 6.0}
{"mode": "train", "epoch": 184, "loss": 3.8868298530578613, "acc": 0.6771689653396606, "acc_or": 0.9076483845710754, "sender_entropy": 1.493613600730896, "receiver_entropy": 0.0, "original_loss": 0.25030556321144104, "mean_length": 6.0}
{"mode": "test", "epoch": 184, "loss": 3.4284427165985107, "acc": 0.9452054500579834, "acc_or": 0.9863013625144958, "sender_entropy": 1.607022762298584, "receiver_entropy": 0.0, "original_loss": 0.08374164998531342, "mean_length": 6.0}
{"mode": "train", "epoch": 185, "loss": 3.8898134231567383, "acc": 0.673059344291687, "acc_or": 0.9074200987815857, "sender_entropy": 1.491519570350647, "receiver_entropy": 0.0, "original_loss": 0.24928025901317596, "mean_length": 6.0}
{"mode": "test", "epoch": 185, "loss": 3.4276771545410156, "acc": 0.9452054500579834, "acc_or": 0.9863013625144958, "sender_entropy": 1.6083643436431885, "receiver_entropy": 0.0, "original_loss": 0.08743894100189209, "mean_length": 6.0}
{"mode": "train", "epoch": 186, "loss": 3.8805465698242188, "acc": 0.6847031712532043, "acc_or": 0.9106734991073608, "sender_entropy": 1.5003511905670166, "receiver_entropy": 0.0, "original_loss": 0.24300093948841095, "mean_length": 6.0}
{"mode": "test", "epoch": 186, "loss": 3.4382808208465576, "acc": 0.9452054500579834, "acc_or": 0.9863013625144958, "sender_entropy": 1.6033703088760376, "receiver_entropy": 0.0, "original_loss": 0.08392807841300964, "mean_length": 6.0}
{"mode": "train", "epoch": 187, "loss": 3.8210642337799072, "acc": 0.673744261264801, "acc_or": 0.9068493247032166, "sender_entropy": 1.5039087533950806, "receiver_entropy": 0.0, "original_loss": 0.24746371805667877, "mean_length": 6.0}
{"mode": "test", "epoch": 187, "loss": 3.4070522785186768, "acc": 0.9178082346916199, "acc_or": 0.9794520735740662, "sender_entropy": 1.593523621559143, "receiver_entropy": 0.0, "original_loss": 0.07712274044752121, "mean_length": 6.0}
{"mode": "train", "epoch": 188, "loss": 3.7037277221679688, "acc": 0.6636986136436462, "acc_or": 0.9047945141792297, "sender_entropy": 1.5034656524658203, "receiver_entropy": 0.0, "original_loss": 0.25630807876586914, "mean_length": 6.0}
{"mode": "test", "epoch": 188, "loss": 3.363264322280884, "acc": 0.9452054500579834, "acc_or": 0.9863013625144958, "sender_entropy": 1.585045576095581, "receiver_entropy": 0.0, "original_loss": 0.07661471515893936, "mean_length": 6.0}
{"mode": "train", "epoch": 189, "loss": 3.818636417388916, "acc": 0.6767123341560364, "acc_or": 0.908618688583374, "sender_entropy": 1.4969826936721802, "receiver_entropy": 0.0, "original_loss": 0.24276435375213623, "mean_length": 6.0}
{"mode": "test", "epoch": 189, "loss": 3.3455750942230225, "acc": 0.931506872177124, "acc_or": 0.982876718044281, "sender_entropy": 1.594372272491455, "receiver_entropy": 0.0, "original_loss": 0.07885425537824631, "mean_length": 6.0}
{"mode": "train", "epoch": 190, "loss": 3.847585916519165, "acc": 0.6824200749397278, "acc_or": 0.9102168679237366, "sender_entropy": 1.4932572841644287, "receiver_entropy": 0.0, "original_loss": 0.23701174557209015, "mean_length": 6.0}
{"mode": "test", "epoch": 190, "loss": 3.397806167602539, "acc": 0.9589040875434875, "acc_or": 0.9897260069847107, "sender_entropy": 1.6009440422058105, "receiver_entropy": 0.0, "original_loss": 0.07489947974681854, "mean_length": 6.0}
{"mode": "train", "epoch": 191, "loss": 3.8242785930633545, "acc": 0.6842465400695801, "acc_or": 0.9113584160804749, "sender_entropy": 1.4920072555541992, "receiver_entropy": 0.0, "original_loss": 0.23756340146064758, "mean_length": 6.0}
{"mode": "test", "epoch": 191, "loss": 3.4499170780181885, "acc": 0.9589040875434875, "acc_or": 0.9897260069847107, "sender_entropy": 1.6083334684371948, "receiver_entropy": 0.0, "original_loss": 0.07077515870332718, "mean_length": 6.0}
{"mode": "train", "epoch": 192, "loss": 3.7432198524475098, "acc": 0.6837899684906006, "acc_or": 0.9098173379898071, "sender_entropy": 1.4965107440948486, "receiver_entropy": 0.0, "original_loss": 0.2409529685974121, "mean_length": 6.0}
{"mode": "test", "epoch": 192, "loss": 3.3592004776000977, "acc": 0.9452054500579834, "acc_or": 0.9863013625144958, "sender_entropy": 1.5949259996414185, "receiver_entropy": 0.0, "original_loss": 0.07740066200494766, "mean_length": 6.0}
{"mode": "train", "epoch": 193, "loss": 3.719831943511963, "acc": 0.6956620812416077, "acc_or": 0.9140411019325256, "sender_entropy": 1.491554856300354, "receiver_entropy": 0.0, "original_loss": 0.23951515555381775, "mean_length": 6.0}
{"mode": "test", "epoch": 193, "loss": 3.366121292114258, "acc": 0.9589040875434875, "acc_or": 0.9897260069847107, "sender_entropy": 1.596694827079773, "receiver_entropy": 0.0, "original_loss": 0.07355019450187683, "mean_length": 6.0}
{"mode": "train", "epoch": 194, "loss": 3.736551523208618, "acc": 0.7011415362358093, "acc_or": 0.9167808294296265, "sender_entropy": 1.4880491495132446, "receiver_entropy": 0.0, "original_loss": 0.23385284841060638, "mean_length": 6.0}
{"mode": "test", "epoch": 194, "loss": 3.331101655960083, "acc": 0.931506872177124, "acc_or": 0.982876718044281, "sender_entropy": 1.5893299579620361, "receiver_entropy": 0.0, "original_loss": 0.07563672214746475, "mean_length": 6.0}
{"mode": "train", "epoch": 195, "loss": 3.690059185028076, "acc": 0.6961187124252319, "acc_or": 0.9135844707489014, "sender_entropy": 1.4925373792648315, "receiver_entropy": 0.0, "original_loss": 0.23366273939609528, "mean_length": 6.0}
{"mode": "test", "epoch": 195, "loss": 3.3430466651916504, "acc": 0.9726027250289917, "acc_or": 0.9931506514549255, "sender_entropy": 1.5834029912948608, "receiver_entropy": 0.0, "original_loss": 0.062494538724422455, "mean_length": 6.0}
{"mode": "train", "epoch": 196, "loss": 3.762291193008423, "acc": 0.7091324329376221, "acc_or": 0.9186643958091736, "sender_entropy": 1.4808298349380493, "receiver_entropy": 0.0, "original_loss": 0.22381772100925446, "mean_length": 6.0}
{"mode": "test", "epoch": 196, "loss": 3.281266212463379, "acc": 0.9589040875434875, "acc_or": 0.9897260069847107, "sender_entropy": 1.5818591117858887, "receiver_entropy": 0.0, "original_loss": 0.0686643049120903, "mean_length": 6.0}
{"mode": "train", "epoch": 197, "loss": 3.869999408721924, "acc": 0.7273972630500793, "acc_or": 0.9233447313308716, "sender_entropy": 1.468198299407959, "receiver_entropy": 0.0, "original_loss": 0.2073608636856079, "mean_length": 6.0}
{"mode": "test", "epoch": 197, "loss": 3.3056044578552246, "acc": 0.9589040875434875, "acc_or": 0.9897260069847107, "sender_entropy": 1.5753912925720215, "receiver_entropy": 0.0, "original_loss": 0.057554956525564194, "mean_length": 6.0}
{"mode": "train", "epoch": 198, "loss": 3.8174142837524414, "acc": 0.7194063663482666, "acc_or": 0.9214041233062744, "sender_entropy": 1.4648916721343994, "receiver_entropy": 0.0, "original_loss": 0.20840980112552643, "mean_length": 6.0}
{"mode": "test", "epoch": 198, "loss": 3.344229221343994, "acc": 0.9726027250289917, "acc_or": 0.9931506514549255, "sender_entropy": 1.590047836303711, "receiver_entropy": 0.0, "original_loss": 0.05067207291722298, "mean_length": 6.0}
{"mode": "train", "epoch": 199, "loss": 3.698941230773926, "acc": 0.723059356212616, "acc_or": 0.922431468963623, "sender_entropy": 1.4764771461486816, "receiver_entropy": 0.0, "original_loss": 0.21804936230182648, "mean_length": 6.0}
{"mode": "test", "epoch": 199, "loss": 3.3598878383636475, "acc": 0.9863013625144958, "acc_or": 0.9965753555297852, "sender_entropy": 1.5876747369766235, "receiver_entropy": 0.0, "original_loss": 0.046444524079561234, "mean_length": 6.0}
{"mode": "train", "epoch": 200, "loss": 3.743844509124756, "acc": 0.7148401737213135, "acc_or": 0.920376718044281, "sender_entropy": 1.4759231805801392, "receiver_entropy": 0.0, "original_loss": 0.21305876970291138, "mean_length": 6.0}
{"mode": "test", "epoch": 200, "loss": 3.2883899211883545, "acc": 0.9589040875434875, "acc_or": 0.9897260069847107, "sender_entropy": 1.5949008464813232, "receiver_entropy": 0.0, "original_loss": 0.058638788759708405, "mean_length": 6.0}
{"mode": "train", "epoch": 201, "loss": 3.6731314659118652, "acc": 0.7159817218780518, "acc_or": 0.9199771285057068, "sender_entropy": 1.4685636758804321, "receiver_entropy": 0.0, "original_loss": 0.21825771033763885, "mean_length": 6.0}
{"mode": "test", "epoch": 201, "loss": 3.268906831741333, "acc": 0.9726027250289917, "acc_or": 0.9931506514549255, "sender_entropy": 1.5927026271820068, "receiver_entropy": 0.0, "original_loss": 0.05546342581510544, "mean_length": 6.0}
{"mode": "train", "epoch": 202, "loss": 3.797410011291504, "acc": 0.7385844588279724, "acc_or": 0.9271689057350159, "sender_entropy": 1.469287395477295, "receiver_entropy": 0.0, "original_loss": 0.19913165271282196, "mean_length": 6.0}
{"mode": "test", "epoch": 202, "loss": 3.2989883422851562, "acc": 0.9863013625144958, "acc_or": 0.9965753555297852, "sender_entropy": 1.5888328552246094, "receiver_entropy": 0.0, "original_loss": 0.043801698833703995, "mean_length": 6.0}
{"mode": "train", "epoch": 203, "loss": 3.7694084644317627, "acc": 0.733561635017395, "acc_or": 0.9246575236320496, "sender_entropy": 1.468211054801941, "receiver_entropy": 0.0, "original_loss": 0.20072318613529205, "mean_length": 6.0}
{"mode": "test", "epoch": 203, "loss": 3.2493324279785156, "acc": 0.9863013625144958, "acc_or": 0.9965753555297852, "sender_entropy": 1.5786993503570557, "receiver_entropy": 0.0, "original_loss": 0.04413266107439995, "mean_length": 6.0}
{"mode": "train", "epoch": 204, "loss": 3.5735361576080322, "acc": 0.734246551990509, "acc_or": 0.925684928894043, "sender_entropy": 1.4592238664627075, "receiver_entropy": 0.0, "original_loss": 0.21154657006263733, "mean_length": 6.0}
{"mode": "test", "epoch": 204, "loss": 3.1364095211029053, "acc": 0.9863013625144958, "acc_or": 0.9965753555297852, "sender_entropy": 1.5601571798324585, "receiver_entropy": 0.0, "original_loss": 0.05007407069206238, "mean_length": 6.0}
{"mode": "train", "epoch": 205, "loss": 3.5766496658325195, "acc": 0.7312785387039185, "acc_or": 0.9251141548156738, "sender_entropy": 1.44874906539917, "receiver_entropy": 0.0, "original_loss": 0.2093847244977951, "mean_length": 6.0}
{"mode": "test", "epoch": 205, "loss": 3.103433132171631, "acc": 1.0, "acc_or": 1.0, "sender_entropy": 1.5577723979949951, "receiver_entropy": 0.0, "original_loss": 0.0515759103000164, "mean_length": 6.0}
{"epoch": 205, "positional_disent": 0.05096709355711937, "bag_of_symbol_disent": 0.203541561961174, "topographic_sim": 0.5533805640123272}
{"generalization hold out": {"acc": 0.9351851940155029, "acc_or": 0.9783951044082642}, "uniform holdout": {"acc": 0.5, "acc_or": 0.875}, "epoch": 205}
---End--
