nohup: ignoring input
{"mode": "train", "epoch": 1, "loss": -18.909414291381836, "acc": 0.005251141265034676, "acc_or": 0.2668378949165344, "sender_entropy": 2.300424575805664, "receiver_entropy": 0.0, "original_loss": 1.3870563507080078, "mean_length": 6.0}
{"mode": "test", "epoch": 1, "loss": 0.41025596857070923, "acc": 0.013698630034923553, "acc_or": 0.3219178020954132, "sender_entropy": 2.299586534500122, "receiver_entropy": 0.0, "original_loss": 1.3728413581848145, "mean_length": 6.0}
{"mode": "train", "epoch": 2, "loss": 0.674809992313385, "acc": 0.013013698160648346, "acc_or": 0.3484588861465454, "sender_entropy": 2.299450397491455, "receiver_entropy": 0.0, "original_loss": 1.352896809577942, "mean_length": 6.0}
{"mode": "test", "epoch": 2, "loss": 0.7376987934112549, "acc": 0.0, "acc_or": 0.28082191944122314, "sender_entropy": 2.2982606887817383, "receiver_entropy": 0.0, "original_loss": 1.3267933130264282, "mean_length": 6.0}
{"mode": "train", "epoch": 3, "loss": 0.8656527996063232, "acc": 0.012100456282496452, "acc_or": 0.3513127863407135, "sender_entropy": 2.2981631755828857, "receiver_entropy": 0.0, "original_loss": 1.319560170173645, "mean_length": 6.0}
{"mode": "test", "epoch": 3, "loss": 1.4329708814620972, "acc": 0.013698630034923553, "acc_or": 0.34246575832366943, "sender_entropy": 2.296725034713745, "receiver_entropy": 0.0, "original_loss": 1.248766303062439, "mean_length": 6.0}
{"mode": "train", "epoch": 4, "loss": 1.0971999168395996, "acc": 0.01392694003880024, "acc_or": 0.34731733798980713, "sender_entropy": 2.297093391418457, "receiver_entropy": 0.0, "original_loss": 1.2832762002944946, "mean_length": 6.0}
{"mode": "test", "epoch": 4, "loss": 1.9323786497116089, "acc": 0.013698630034923553, "acc_or": 0.34246575832366943, "sender_entropy": 2.2944319248199463, "receiver_entropy": 0.0, "original_loss": 1.1837059259414673, "mean_length": 6.0}
{"mode": "train", "epoch": 5, "loss": 1.3693842887878418, "acc": 0.012100456282496452, "acc_or": 0.35108447074890137, "sender_entropy": 2.295894145965576, "receiver_entropy": 0.0, "original_loss": 1.2430365085601807, "mean_length": 6.0}
{"mode": "test", "epoch": 5, "loss": 2.153486967086792, "acc": 0.013698630034923553, "acc_or": 0.3595890402793884, "sender_entropy": 2.2913818359375, "receiver_entropy": 0.0, "original_loss": 1.1390483379364014, "mean_length": 6.0}
{"mode": "train", "epoch": 6, "loss": 1.715058445930481, "acc": 0.014840182848274708, "acc_or": 0.3551940619945526, "sender_entropy": 2.294240951538086, "receiver_entropy": 0.0, "original_loss": 1.1959010362625122, "mean_length": 6.0}
{"mode": "test", "epoch": 6, "loss": 2.1074411869049072, "acc": 0.013698630034923553, "acc_or": 0.3561643958091736, "sender_entropy": 2.287837028503418, "receiver_entropy": 0.0, "original_loss": 1.1148320436477661, "mean_length": 6.0}
{"mode": "train", "epoch": 7, "loss": 2.0136399269104004, "acc": 0.013470319099724293, "acc_or": 0.3558219075202942, "sender_entropy": 2.2925493717193604, "receiver_entropy": 0.0, "original_loss": 1.1504095792770386, "mean_length": 6.0}
{"mode": "test", "epoch": 7, "loss": 1.9139736890792847, "acc": 0.013698630034923553, "acc_or": 0.3561643958091736, "sender_entropy": 2.2851128578186035, "receiver_entropy": 0.0, "original_loss": 1.105634331703186, "mean_length": 6.0}
{"mode": "train", "epoch": 8, "loss": 2.1381893157958984, "acc": 0.01392694003880024, "acc_or": 0.35742008686065674, "sender_entropy": 2.291219711303711, "receiver_entropy": 0.0, "original_loss": 1.1181548833847046, "mean_length": 6.0}
{"mode": "test", "epoch": 8, "loss": 1.7499017715454102, "acc": 0.013698630034923553, "acc_or": 0.35273972153663635, "sender_entropy": 2.285759449005127, "receiver_entropy": 0.0, "original_loss": 1.1012166738510132, "mean_length": 6.0}
{"mode": "train", "epoch": 9, "loss": 2.076235771179199, "acc": 0.013013698160648346, "acc_or": 0.3544520437717438, "sender_entropy": 2.2915711402893066, "receiver_entropy": 0.0, "original_loss": 1.101806879043579, "mean_length": 6.0}
{"mode": "test", "epoch": 9, "loss": 1.5728050470352173, "acc": 0.013698630034923553, "acc_or": 0.33561643958091736, "sender_entropy": 2.288702964782715, "receiver_entropy": 0.0, "original_loss": 1.1063082218170166, "mean_length": 6.0}
{"mode": "train", "epoch": 10, "loss": 1.8310765027999878, "acc": 0.01666666567325592, "acc_or": 0.3369863033294678, "sender_entropy": 2.2932283878326416, "receiver_entropy": 0.0, "original_loss": 1.1028547286987305, "mean_length": 6.0}
{"mode": "test", "epoch": 10, "loss": 1.5825302600860596, "acc": 0.013698630034923553, "acc_or": 0.36301368474960327, "sender_entropy": 2.292322874069214, "receiver_entropy": 0.0, "original_loss": 1.0934797525405884, "mean_length": 6.0}
{"mode": "train", "epoch": 11, "loss": 1.7046046257019043, "acc": 0.017351597547531128, "acc_or": 0.3490867614746094, "sender_entropy": 2.2951011657714844, "receiver_entropy": 0.0, "original_loss": 1.0980435609817505, "mean_length": 6.0}
{"mode": "test", "epoch": 11, "loss": 1.4631844758987427, "acc": 0.013698630034923553, "acc_or": 0.3561643958091736, "sender_entropy": 2.2948992252349854, "receiver_entropy": 0.0, "original_loss": 1.0923863649368286, "mean_length": 6.0}
{"mode": "train", "epoch": 12, "loss": 1.5134488344192505, "acc": 0.013242009095847607, "acc_or": 0.3556506931781769, "sender_entropy": 2.2964839935302734, "receiver_entropy": 0.0, "original_loss": 1.1005158424377441, "mean_length": 6.0}
{"mode": "test", "epoch": 12, "loss": 1.4209498167037964, "acc": 0.013698630034923553, "acc_or": 0.35273972153663635, "sender_entropy": 2.296633720397949, "receiver_entropy": 0.0, "original_loss": 1.0885751247406006, "mean_length": 6.0}
{"mode": "train", "epoch": 13, "loss": 1.4158298969268799, "acc": 0.011187214404344559, "acc_or": 0.35393834114074707, "sender_entropy": 2.29738187789917, "receiver_entropy": 0.0, "original_loss": 1.0979442596435547, "mean_length": 6.0}
{"mode": "test", "epoch": 13, "loss": 1.4068973064422607, "acc": 0.04109589010477066, "acc_or": 0.4452054798603058, "sender_entropy": 2.2976016998291016, "receiver_entropy": 0.0, "original_loss": 1.0825532674789429, "mean_length": 6.0}
{"mode": "train", "epoch": 14, "loss": 1.3120183944702148, "acc": 0.01666666567325592, "acc_or": 0.35291096568107605, "sender_entropy": 2.297870397567749, "receiver_entropy": 0.0, "original_loss": 1.0972599983215332, "mean_length": 6.0}
{"mode": "test", "epoch": 14, "loss": 1.3511112928390503, "acc": 0.054794520139694214, "acc_or": 0.4794520437717438, "sender_entropy": 2.298104763031006, "receiver_entropy": 0.0, "original_loss": 1.0802160501480103, "mean_length": 6.0}
{"mode": "train", "epoch": 15, "loss": 1.188843846321106, "acc": 0.016438355669379234, "acc_or": 0.3457191586494446, "sender_entropy": 2.2982423305511475, "receiver_entropy": 0.0, "original_loss": 1.0992333889007568, "mean_length": 6.0}
{"mode": "test", "epoch": 15, "loss": 1.3442965745925903, "acc": 0.027397260069847107, "acc_or": 0.4452054798603058, "sender_entropy": 2.2984416484832764, "receiver_entropy": 0.0, "original_loss": 1.0743619203567505, "mean_length": 6.0}
{"mode": "train", "epoch": 16, "loss": 1.1368355751037598, "acc": 0.015753423795104027, "acc_or": 0.3506849408149719, "sender_entropy": 2.298537015914917, "receiver_entropy": 0.0, "original_loss": 1.0968631505966187, "mean_length": 6.0}
{"mode": "test", "epoch": 16, "loss": 1.313357949256897, "acc": 0.027397260069847107, "acc_or": 0.38013699650764465, "sender_entropy": 2.298793077468872, "receiver_entropy": 0.0, "original_loss": 1.071334719657898, "mean_length": 6.0}
{"mode": "train", "epoch": 17, "loss": 1.0568608045578003, "acc": 0.01392694003880024, "acc_or": 0.35576483607292175, "sender_entropy": 2.2988669872283936, "receiver_entropy": 0.0, "original_loss": 1.0973048210144043, "mean_length": 6.0}
{"mode": "test", "epoch": 17, "loss": 1.2635923624038696, "acc": 0.04109589010477066, "acc_or": 0.42465752363204956, "sender_entropy": 2.2991344928741455, "receiver_entropy": 0.0, "original_loss": 1.0706173181533813, "mean_length": 6.0}
{"mode": "train", "epoch": 18, "loss": 0.9806119203567505, "acc": 0.013698630034923553, "acc_or": 0.3557077646255493, "sender_entropy": 2.2992022037506104, "receiver_entropy": 0.0, "original_loss": 1.0981522798538208, "mean_length": 6.0}
{"mode": "test", "epoch": 18, "loss": 1.2447972297668457, "acc": 0.04109589010477066, "acc_or": 0.48630136251449585, "sender_entropy": 2.2994861602783203, "receiver_entropy": 0.0, "original_loss": 1.0679001808166504, "mean_length": 6.0}
{"mode": "train", "epoch": 19, "loss": 0.9466266632080078, "acc": 0.015068492852151394, "acc_or": 0.3574771583080292, "sender_entropy": 2.2995502948760986, "receiver_entropy": 0.0, "original_loss": 1.0963176488876343, "mean_length": 6.0}
{"mode": "test", "epoch": 19, "loss": 1.217292308807373, "acc": 0.027397260069847107, "acc_or": 0.5205479264259338, "sender_entropy": 2.299804925918579, "receiver_entropy": 0.0, "original_loss": 1.066245198249817, "mean_length": 6.0}
{"mode": "train", "epoch": 20, "loss": 0.8919616341590881, "acc": 0.016894977539777756, "acc_or": 0.3547945022583008, "sender_entropy": 2.2998440265655518, "receiver_entropy": 0.0, "original_loss": 1.096444845199585, "mean_length": 6.0}
{"mode": "test", "epoch": 20, "loss": 1.199225902557373, "acc": 0.04109589010477066, "acc_or": 0.4931506812572479, "sender_entropy": 2.3000528812408447, "receiver_entropy": 0.0, "original_loss": 1.0641779899597168, "mean_length": 6.0}
{"mode": "train", "epoch": 21, "loss": 0.8367078900337219, "acc": 0.015981735661625862, "acc_or": 0.35119861364364624, "sender_entropy": 2.300075054168701, "receiver_entropy": 0.0, "original_loss": 1.0970855951309204, "mean_length": 6.0}
{"mode": "test", "epoch": 21, "loss": 1.2132184505462646, "acc": 0.04109589010477066, "acc_or": 0.4794520437717438, "sender_entropy": 2.3002450466156006, "receiver_entropy": 0.0, "original_loss": 1.0597628355026245, "mean_length": 6.0}
{"mode": "train", "epoch": 22, "loss": 0.8110820055007935, "acc": 0.0125570772215724, "acc_or": 0.35998857021331787, "sender_entropy": 2.3002662658691406, "receiver_entropy": 0.0, "original_loss": 1.0957540273666382, "mean_length": 6.0}
{"mode": "test", "epoch": 22, "loss": 1.1972914934158325, "acc": 0.054794520139694214, "acc_or": 0.5068492889404297, "sender_entropy": 2.300358772277832, "receiver_entropy": 0.0, "original_loss": 1.0579513311386108, "mean_length": 6.0}
{"mode": "train", "epoch": 23, "loss": 0.772497296333313, "acc": 0.014383560977876186, "acc_or": 0.3563356101512909, "sender_entropy": 2.300405263900757, "receiver_entropy": 0.0, "original_loss": 1.0956703424453735, "mean_length": 6.0}
{"mode": "test", "epoch": 23, "loss": 1.185544490814209, "acc": 0.06849315017461777, "acc_or": 0.49657532572746277, "sender_entropy": 2.300405740737915, "receiver_entropy": 0.0, "original_loss": 1.0560773611068726, "mean_length": 6.0}
{"mode": "train", "epoch": 24, "loss": 0.7224695682525635, "acc": 0.015981735661625862, "acc_or": 0.35707762837409973, "sender_entropy": 2.3004679679870605, "receiver_entropy": 0.0, "original_loss": 1.0967555046081543, "mean_length": 6.0}
{"mode": "test", "epoch": 24, "loss": 1.1990481615066528, "acc": 0.054794520139694214, "acc_or": 0.482876718044281, "sender_entropy": 2.300438404083252, "receiver_entropy": 0.0, "original_loss": 1.052477478981018, "mean_length": 6.0}
{"mode": "train", "epoch": 25, "loss": 0.6978320479393005, "acc": 0.01278538815677166, "acc_or": 0.36284247040748596, "sender_entropy": 2.3004868030548096, "receiver_entropy": 0.0, "original_loss": 1.096185564994812, "mean_length": 6.0}
{"mode": "test", "epoch": 25, "loss": 1.2014116048812866, "acc": 0.04109589010477066, "acc_or": 0.4794520437717438, "sender_entropy": 2.3004612922668457, "receiver_entropy": 0.0, "original_loss": 1.0499825477600098, "mean_length": 6.0}
{"mode": "train", "epoch": 26, "loss": 0.6752098798751831, "acc": 0.015296803787350655, "acc_or": 0.36295661330223083, "sender_entropy": 2.3004956245422363, "receiver_entropy": 0.0, "original_loss": 1.0955548286437988, "mean_length": 6.0}
{"mode": "test", "epoch": 26, "loss": 1.2073761224746704, "acc": 0.027397260069847107, "acc_or": 0.482876718044281, "sender_entropy": 2.300469160079956, "receiver_entropy": 0.0, "original_loss": 1.0472805500030518, "mean_length": 6.0}
{"mode": "train", "epoch": 27, "loss": 0.6348601579666138, "acc": 0.014840182848274708, "acc_or": 0.3516552448272705, "sender_entropy": 2.3004794120788574, "receiver_entropy": 0.0, "original_loss": 1.0964820384979248, "mean_length": 6.0}
{"mode": "test", "epoch": 27, "loss": 1.2123668193817139, "acc": 0.04109589010477066, "acc_or": 0.5479452013969421, "sender_entropy": 2.3004372119903564, "receiver_entropy": 0.0, "original_loss": 1.0447940826416016, "mean_length": 6.0}
{"mode": "train", "epoch": 28, "loss": 0.6230278611183167, "acc": 0.01552511379122734, "acc_or": 0.3614155054092407, "sender_entropy": 2.3004283905029297, "receiver_entropy": 0.0, "original_loss": 1.095401644706726, "mean_length": 6.0}
{"mode": "test", "epoch": 28, "loss": 1.234202265739441, "acc": 0.08219178020954132, "acc_or": 0.5547944903373718, "sender_entropy": 2.3003995418548584, "receiver_entropy": 0.0, "original_loss": 1.0410341024398804, "mean_length": 6.0}
{"mode": "train", "epoch": 29, "loss": 0.6037759184837341, "acc": 0.015753423795104027, "acc_or": 0.3627282977104187, "sender_entropy": 2.3003549575805664, "receiver_entropy": 0.0, "original_loss": 1.0950061082839966, "mean_length": 6.0}
{"mode": "test", "epoch": 29, "loss": 1.259103536605835, "acc": 0.09589041024446487, "acc_or": 0.5273972749710083, "sender_entropy": 2.30031418800354, "receiver_entropy": 0.0, "original_loss": 1.0370962619781494, "mean_length": 6.0}
{"mode": "train", "epoch": 30, "loss": 0.5824102759361267, "acc": 0.016894977539777756, "acc_or": 0.3609018325805664, "sender_entropy": 2.3002469539642334, "receiver_entropy": 0.0, "original_loss": 1.0948703289031982, "mean_length": 6.0}
{"mode": "test", "epoch": 30, "loss": 1.2683686017990112, "acc": 0.04109589010477066, "acc_or": 0.49657532572746277, "sender_entropy": 2.3001813888549805, "receiver_entropy": 0.0, "original_loss": 1.03447425365448, "mean_length": 6.0}
{"mode": "train", "epoch": 31, "loss": 0.5533106327056885, "acc": 0.015753423795104027, "acc_or": 0.36295661330223083, "sender_entropy": 2.30010986328125, "receiver_entropy": 0.0, "original_loss": 1.0954750776290894, "mean_length": 6.0}
{"mode": "test", "epoch": 31, "loss": 1.2908496856689453, "acc": 0.06849315017461777, "acc_or": 0.5376712083816528, "sender_entropy": 2.3000407218933105, "receiver_entropy": 0.0, "original_loss": 1.0308881998062134, "mean_length": 6.0}
{"mode": "train", "epoch": 32, "loss": 0.5517725348472595, "acc": 0.0125570772215724, "acc_or": 0.36232876777648926, "sender_entropy": 2.2999534606933594, "receiver_entropy": 0.0, "original_loss": 1.094024896621704, "mean_length": 6.0}
{"mode": "test", "epoch": 32, "loss": 1.3190171718597412, "acc": 0.08219178020954132, "acc_or": 0.5719178318977356, "sender_entropy": 2.299851179122925, "receiver_entropy": 0.0, "original_loss": 1.0268380641937256, "mean_length": 6.0}
{"mode": "train", "epoch": 33, "loss": 0.5255820751190186, "acc": 0.015296803787350655, "acc_or": 0.36563926935195923, "sender_entropy": 2.2997405529022217, "receiver_entropy": 0.0, "original_loss": 1.094556212425232, "mean_length": 6.0}
{"mode": "test", "epoch": 33, "loss": 1.3423707485198975, "acc": 0.06849315017461777, "acc_or": 0.5993150472640991, "sender_entropy": 2.2995951175689697, "receiver_entropy": 0.0, "original_loss": 1.023170828819275, "mean_length": 6.0}
{"mode": "train", "epoch": 34, "loss": 0.5084318518638611, "acc": 0.01826483942568302, "acc_or": 0.36484017968177795, "sender_entropy": 2.2994871139526367, "receiver_entropy": 0.0, "original_loss": 1.094483733177185, "mean_length": 6.0}
{"mode": "test", "epoch": 34, "loss": 1.3881266117095947, "acc": 0.08219178020954132, "acc_or": 0.602739691734314, "sender_entropy": 2.2992818355560303, "receiver_entropy": 0.0, "original_loss": 1.0177501440048218, "mean_length": 6.0}
{"mode": "train", "epoch": 35, "loss": 0.5100204348564148, "acc": 0.017351597547531128, "acc_or": 0.36849313974380493, "sender_entropy": 2.2991743087768555, "receiver_entropy": 0.0, "original_loss": 1.0930150747299194, "mean_length": 6.0}
{"mode": "test", "epoch": 35, "loss": 1.4264888763427734, "acc": 0.10958904027938843, "acc_or": 0.5719178318977356, "sender_entropy": 2.2988967895507812, "receiver_entropy": 0.0, "original_loss": 1.0129449367523193, "mean_length": 6.0}
{"mode": "train", "epoch": 36, "loss": 0.48582392930984497, "acc": 0.015981735661625862, "acc_or": 0.36586758494377136, "sender_entropy": 2.2987916469573975, "receiver_entropy": 0.0, "original_loss": 1.0936273336410522, "mean_length": 6.0}
{"mode": "test", "epoch": 36, "loss": 1.4729288816452026, "acc": 0.09589041024446487, "acc_or": 0.6061643958091736, "sender_entropy": 2.298447608947754, "receiver_entropy": 0.0, "original_loss": 1.007447600364685, "mean_length": 6.0}
{"mode": "train", "epoch": 37, "loss": 0.48157626390457153, "acc": 0.016210045665502548, "acc_or": 0.36735159158706665, "sender_entropy": 2.298346996307373, "receiver_entropy": 0.0, "original_loss": 1.0926979780197144, "mean_length": 6.0}
{"mode": "test", "epoch": 37, "loss": 1.5126522779464722, "acc": 0.10958904027938843, "acc_or": 0.6232876777648926, "sender_entropy": 2.2979111671447754, "receiver_entropy": 0.0, "original_loss": 1.0024054050445557, "mean_length": 6.0}
{"mode": "train", "epoch": 38, "loss": 0.4923321008682251, "acc": 0.01826483942568302, "acc_or": 0.3802511394023895, "sender_entropy": 2.2978127002716064, "receiver_entropy": 0.0, "original_loss": 1.0906254053115845, "mean_length": 6.0}
{"mode": "test", "epoch": 38, "loss": 1.5586789846420288, "acc": 0.06849315017461777, "acc_or": 0.6164383292198181, "sender_entropy": 2.2972073554992676, "receiver_entropy": 0.0, "original_loss": 0.9966675043106079, "mean_length": 6.0}
{"mode": "train", "epoch": 39, "loss": 0.47572606801986694, "acc": 0.01826483942568302, "acc_or": 0.38515982031822205, "sender_entropy": 2.297095775604248, "receiver_entropy": 0.0, "original_loss": 1.0907319784164429, "mean_length": 6.0}
{"mode": "test", "epoch": 39, "loss": 1.6052203178405762, "acc": 0.06849315017461777, "acc_or": 0.6061643958091736, "sender_entropy": 2.29632568359375, "receiver_entropy": 0.0, "original_loss": 0.9908468127250671, "mean_length": 6.0}
{"mode": "train", "epoch": 40, "loss": 0.4633479118347168, "acc": 0.018721461296081543, "acc_or": 0.38515982031822205, "sender_entropy": 2.296189546585083, "receiver_entropy": 0.0, "original_loss": 1.0905382633209229, "mean_length": 6.0}
{"mode": "test", "epoch": 40, "loss": 1.6436618566513062, "acc": 0.06849315017461777, "acc_or": 0.5958904027938843, "sender_entropy": 2.2951910495758057, "receiver_entropy": 0.0, "original_loss": 0.9855310916900635, "mean_length": 6.0}
{"mode": "train", "epoch": 41, "loss": 0.47230273485183716, "acc": 0.015296803787350655, "acc_or": 0.38601598143577576, "sender_entropy": 2.295048236846924, "receiver_entropy": 0.0, "original_loss": 1.0887341499328613, "mean_length": 6.0}
{"mode": "test", "epoch": 41, "loss": 1.7067995071411133, "acc": 0.054794520139694214, "acc_or": 0.5993150472640991, "sender_entropy": 2.293736457824707, "receiver_entropy": 0.0, "original_loss": 0.9777184128761292, "mean_length": 6.0}
{"mode": "train", "epoch": 42, "loss": 0.4654002785682678, "acc": 0.02009132318198681, "acc_or": 0.3849315047264099, "sender_entropy": 2.293592929840088, "receiver_entropy": 0.0, "original_loss": 1.0881496667861938, "mean_length": 6.0}
{"mode": "test", "epoch": 42, "loss": 1.7513084411621094, "acc": 0.054794520139694214, "acc_or": 0.6061643958091736, "sender_entropy": 2.291916608810425, "receiver_entropy": 0.0, "original_loss": 0.9711940884590149, "mean_length": 6.0}
{"mode": "train", "epoch": 43, "loss": 0.47740310430526733, "acc": 0.02442922256886959, "acc_or": 0.390125572681427, "sender_entropy": 2.2917709350585938, "receiver_entropy": 0.0, "original_loss": 1.0860239267349243, "mean_length": 6.0}
{"mode": "test", "epoch": 43, "loss": 1.8079167604446411, "acc": 0.04109589010477066, "acc_or": 0.5890411138534546, "sender_entropy": 2.289597988128662, "receiver_entropy": 0.0, "original_loss": 0.9632601737976074, "mean_length": 6.0}
{"mode": "train", "epoch": 44, "loss": 0.48914146423339844, "acc": 0.019863013178110123, "acc_or": 0.39286530017852783, "sender_entropy": 2.2894370555877686, "receiver_entropy": 0.0, "original_loss": 1.0838596820831299, "mean_length": 6.0}
{"mode": "test", "epoch": 44, "loss": 1.8604812622070312, "acc": 0.04109589010477066, "acc_or": 0.5821917653083801, "sender_entropy": 2.2865209579467773, "receiver_entropy": 0.0, "original_loss": 0.9550772905349731, "mean_length": 6.0}
{"mode": "train", "epoch": 45, "loss": 0.5214194059371948, "acc": 0.025342464447021484, "acc_or": 0.4119292199611664, "sender_entropy": 2.2863805294036865, "receiver_entropy": 0.0, "original_loss": 1.080085277557373, "mean_length": 6.0}
{"mode": "test", "epoch": 45, "loss": 1.9078788757324219, "acc": 0.04109589010477066, "acc_or": 0.5753424763679504, "sender_entropy": 2.2825887203216553, "receiver_entropy": 0.0, "original_loss": 0.9465620517730713, "mean_length": 6.0}
{"mode": "train", "epoch": 46, "loss": 0.552404522895813, "acc": 0.0251141544431448, "acc_or": 0.4151255786418915, "sender_entropy": 2.2824225425720215, "receiver_entropy": 0.0, "original_loss": 1.0761404037475586, "mean_length": 6.0}
{"mode": "test", "epoch": 46, "loss": 1.9304916858673096, "acc": 0.027397260069847107, "acc_or": 0.5650684833526611, "sender_entropy": 2.2771265506744385, "receiver_entropy": 0.0, "original_loss": 0.9391388297080994, "mean_length": 6.0}
{"mode": "train", "epoch": 47, "loss": 0.5951937437057495, "acc": 0.028995433822274208, "acc_or": 0.42768263816833496, "sender_entropy": 2.2769200801849365, "receiver_entropy": 0.0, "original_loss": 1.071287989616394, "mean_length": 6.0}
{"mode": "test", "epoch": 47, "loss": 1.9528696537017822, "acc": 0.027397260069847107, "acc_or": 0.5616438388824463, "sender_entropy": 2.2703168392181396, "receiver_entropy": 0.0, "original_loss": 0.9308330416679382, "mean_length": 6.0}
{"mode": "train", "epoch": 48, "loss": 0.6450768113136292, "acc": 0.030821917578577995, "acc_or": 0.4309360682964325, "sender_entropy": 2.2699527740478516, "receiver_entropy": 0.0, "original_loss": 1.0654058456420898, "mean_length": 6.0}
{"mode": "test", "epoch": 48, "loss": 1.8967101573944092, "acc": 0.027397260069847107, "acc_or": 0.551369845867157, "sender_entropy": 2.2605397701263428, "receiver_entropy": 0.0, "original_loss": 0.9276568293571472, "mean_length": 6.0}
{"mode": "train", "epoch": 49, "loss": 0.7287170886993408, "acc": 0.030136985704302788, "acc_or": 0.4415524899959564, "sender_entropy": 2.259986400604248, "receiver_entropy": 0.0, "original_loss": 1.056373119354248, "mean_length": 6.0}
{"mode": "test", "epoch": 49, "loss": 1.7591476440429688, "acc": 0.027397260069847107, "acc_or": 0.5410959124565125, "sender_entropy": 2.2472879886627197, "receiver_entropy": 0.0, "original_loss": 0.9305660128593445, "mean_length": 6.0}
{"mode": "train", "epoch": 50, "loss": 0.8394179940223694, "acc": 0.031963471323251724, "acc_or": 0.4531392753124237, "sender_entropy": 2.2464592456817627, "receiver_entropy": 0.0, "original_loss": 1.04493248462677, "mean_length": 6.0}
{"mode": "test", "epoch": 50, "loss": 1.5796470642089844, "acc": 0.027397260069847107, "acc_or": 0.5376712083816528, "sender_entropy": 2.23331618309021, "receiver_entropy": 0.0, "original_loss": 0.9383593797683716, "mean_length": 6.0}
{"mode": "train", "epoch": 51, "loss": 0.9563566446304321, "acc": 0.03173515945672989, "acc_or": 0.46729451417922974, "sender_entropy": 2.2321152687072754, "receiver_entropy": 0.0, "original_loss": 1.0323336124420166, "mean_length": 6.0}
{"mode": "test", "epoch": 51, "loss": 1.4429192543029785, "acc": 0.027397260069847107, "acc_or": 0.534246563911438, "sender_entropy": 2.2233974933624268, "receiver_entropy": 0.0, "original_loss": 0.946114718914032, "mean_length": 6.0}
{"mode": "train", "epoch": 52, "loss": 1.0604580640792847, "acc": 0.028310501947999, "acc_or": 0.47203195095062256, "sender_entropy": 2.221607208251953, "receiver_entropy": 0.0, "original_loss": 1.020664930343628, "mean_length": 6.0}
{"mode": "test", "epoch": 52, "loss": 1.319141149520874, "acc": 0.027397260069847107, "acc_or": 0.5239725708961487, "sender_entropy": 2.221676826477051, "receiver_entropy": 0.0, "original_loss": 0.9561638832092285, "mean_length": 6.0}
{"mode": "train", "epoch": 53, "loss": 1.054137945175171, "acc": 0.03264839947223663, "acc_or": 0.47654110193252563, "sender_entropy": 2.219489336013794, "receiver_entropy": 0.0, "original_loss": 1.0181872844696045, "mean_length": 6.0}
{"mode": "test", "epoch": 53, "loss": 1.2329480648040771, "acc": 0.027397260069847107, "acc_or": 0.5308219194412231, "sender_entropy": 2.218045949935913, "receiver_entropy": 0.0, "original_loss": 0.9629824757575989, "mean_length": 6.0}
{"mode": "train", "epoch": 54, "loss": 1.1217451095581055, "acc": 0.03447488695383072, "acc_or": 0.4813356101512909, "sender_entropy": 2.215268135070801, "receiver_entropy": 0.0, "original_loss": 1.0094059705734253, "mean_length": 6.0}
{"mode": "test", "epoch": 54, "loss": 1.2255597114562988, "acc": 0.027397260069847107, "acc_or": 0.5273972749710083, "sender_entropy": 2.212139368057251, "receiver_entropy": 0.0, "original_loss": 0.9608693718910217, "mean_length": 6.0}
{"mode": "train", "epoch": 55, "loss": 0.9991273880004883, "acc": 0.033561643213033676, "acc_or": 0.4803082048892975, "sender_entropy": 2.2089438438415527, "receiver_entropy": 0.0, "original_loss": 1.0161035060882568, "mean_length": 6.0}
{"mode": "test", "epoch": 55, "loss": 1.4336276054382324, "acc": 0.04109589010477066, "acc_or": 0.5650684833526611, "sender_entropy": 2.202112913131714, "receiver_entropy": 0.0, "original_loss": 0.938444972038269, "mean_length": 6.0}
{"mode": "train", "epoch": 56, "loss": 1.0366055965423584, "acc": 0.0356164388358593, "acc_or": 0.4823059141635895, "sender_entropy": 2.1979868412017822, "receiver_entropy": 0.0, "original_loss": 1.0108616352081299, "mean_length": 6.0}
{"mode": "test", "epoch": 56, "loss": 1.4461374282836914, "acc": 0.04109589010477066, "acc_or": 0.551369845867157, "sender_entropy": 2.1883084774017334, "receiver_entropy": 0.0, "original_loss": 0.9305559992790222, "mean_length": 6.0}
{"mode": "train", "epoch": 57, "loss": 1.176720142364502, "acc": 0.035844746977090836, "acc_or": 0.49200913310050964, "sender_entropy": 2.1838343143463135, "receiver_entropy": 0.0, "original_loss": 0.9966723322868347, "mean_length": 6.0}
{"mode": "test", "epoch": 57, "loss": 1.7040369510650635, "acc": 0.04109589010477066, "acc_or": 0.5479452013969421, "sender_entropy": 2.1822776794433594, "receiver_entropy": 0.0, "original_loss": 0.9023677706718445, "mean_length": 6.0}
{"mode": "train", "epoch": 58, "loss": 1.2228288650512695, "acc": 0.0388127863407135, "acc_or": 0.5007420182228088, "sender_entropy": 2.1772611141204834, "receiver_entropy": 0.0, "original_loss": 0.9909389019012451, "mean_length": 6.0}
{"mode": "test", "epoch": 58, "loss": 2.0844945907592773, "acc": 0.06849315017461777, "acc_or": 0.6061643958091736, "sender_entropy": 2.181891918182373, "receiver_entropy": 0.0, "original_loss": 0.8629177212715149, "mean_length": 6.0}
{"mode": "train", "epoch": 59, "loss": 1.2883652448654175, "acc": 0.04337899386882782, "acc_or": 0.5099886059761047, "sender_entropy": 2.1755564212799072, "receiver_entropy": 0.0, "original_loss": 0.983366847038269, "mean_length": 6.0}
{"mode": "test", "epoch": 59, "loss": 2.34932541847229, "acc": 0.06849315017461777, "acc_or": 0.6130136847496033, "sender_entropy": 2.183248996734619, "receiver_entropy": 0.0, "original_loss": 0.8339787125587463, "mean_length": 6.0}
{"mode": "train", "epoch": 60, "loss": 1.3197349309921265, "acc": 0.04840182512998581, "acc_or": 0.515810489654541, "sender_entropy": 2.176095724105835, "receiver_entropy": 0.0, "original_loss": 0.9780786037445068, "mean_length": 6.0}
{"mode": "test", "epoch": 60, "loss": 2.4797065258026123, "acc": 0.06849315017461777, "acc_or": 0.5958904027938843, "sender_entropy": 2.1773428916931152, "receiver_entropy": 0.0, "original_loss": 0.8152129054069519, "mean_length": 6.0}
{"mode": "train", "epoch": 61, "loss": 1.3674461841583252, "acc": 0.04908675700426102, "acc_or": 0.5155822038650513, "sender_entropy": 2.1695809364318848, "receiver_entropy": 0.0, "original_loss": 0.9726681709289551, "mean_length": 6.0}
{"mode": "test", "epoch": 61, "loss": 2.530179500579834, "acc": 0.08219178020954132, "acc_or": 0.6198630332946777, "sender_entropy": 2.1670143604278564, "receiver_entropy": 0.0, "original_loss": 0.8024824857711792, "mean_length": 6.0}
{"mode": "train", "epoch": 62, "loss": 1.46354079246521, "acc": 0.05296803638339043, "acc_or": 0.5221461057662964, "sender_entropy": 2.1573805809020996, "receiver_entropy": 0.0, "original_loss": 0.9610136151313782, "mean_length": 6.0}
{"mode": "test", "epoch": 62, "loss": 2.4352645874023438, "acc": 0.09589041024446487, "acc_or": 0.6267123222351074, "sender_entropy": 2.154301404953003, "receiver_entropy": 0.0, "original_loss": 0.8016867637634277, "mean_length": 6.0}
{"mode": "train", "epoch": 63, "loss": 1.6087580919265747, "acc": 0.0623287670314312, "acc_or": 0.5408104658126831, "sender_entropy": 2.139946699142456, "receiver_entropy": 0.0, "original_loss": 0.9448243379592896, "mean_length": 6.0}
{"mode": "test", "epoch": 63, "loss": 2.49367094039917, "acc": 0.09589041024446487, "acc_or": 0.6472602486610413, "sender_entropy": 2.147395133972168, "receiver_entropy": 0.0, "original_loss": 0.7875467538833618, "mean_length": 6.0}
{"mode": "train", "epoch": 64, "loss": 1.6557261943817139, "acc": 0.06849315017461777, "acc_or": 0.5509703159332275, "sender_entropy": 2.1320343017578125, "receiver_entropy": 0.0, "original_loss": 0.937371551990509, "mean_length": 6.0}
{"mode": "test", "epoch": 64, "loss": 2.651667594909668, "acc": 0.10958904027938843, "acc_or": 0.6575342416763306, "sender_entropy": 2.139937162399292, "receiver_entropy": 0.0, "original_loss": 0.763292133808136, "mean_length": 6.0}
{"mode": "train", "epoch": 65, "loss": 1.8503248691558838, "acc": 0.07625570893287659, "acc_or": 0.5603881478309631, "sender_entropy": 2.125511646270752, "receiver_entropy": 0.0, "original_loss": 0.9159041047096252, "mean_length": 6.0}
{"mode": "test", "epoch": 65, "loss": 2.629438638687134, "acc": 0.10958904027938843, "acc_or": 0.6404109597206116, "sender_entropy": 2.1250622272491455, "receiver_entropy": 0.0, "original_loss": 0.7551966309547424, "mean_length": 6.0}
{"mode": "train", "epoch": 66, "loss": 1.9373780488967896, "acc": 0.08105022460222244, "acc_or": 0.5683789849281311, "sender_entropy": 2.110536813735962, "receiver_entropy": 0.0, "original_loss": 0.9034881591796875, "mean_length": 6.0}
{"mode": "test", "epoch": 66, "loss": 2.5174179077148438, "acc": 0.1506849229335785, "acc_or": 0.6609588861465454, "sender_entropy": 2.1049413681030273, "receiver_entropy": 0.0, "original_loss": 0.7558553218841553, "mean_length": 6.0}
{"mode": "train", "epoch": 67, "loss": 2.0121383666992188, "acc": 0.08630137145519257, "acc_or": 0.5763698816299438, "sender_entropy": 2.089273452758789, "receiver_entropy": 0.0, "original_loss": 0.891905665397644, "mean_length": 6.0}
{"mode": "test", "epoch": 67, "loss": 2.5775835514068604, "acc": 0.1506849229335785, "acc_or": 0.6541095972061157, "sender_entropy": 2.0932435989379883, "receiver_entropy": 0.0, "original_loss": 0.7405584454536438, "mean_length": 6.0}
{"mode": "train", "epoch": 68, "loss": 2.1439294815063477, "acc": 0.09109588712453842, "acc_or": 0.5829908847808838, "sender_entropy": 2.0740959644317627, "receiver_entropy": 0.0, "original_loss": 0.8752802014350891, "mean_length": 6.0}
{"mode": "test", "epoch": 68, "loss": 2.6156411170959473, "acc": 0.1506849229335785, "acc_or": 0.6506849527359009, "sender_entropy": 2.0876927375793457, "receiver_entropy": 0.0, "original_loss": 0.732938826084137, "mean_length": 6.0}
{"mode": "train", "epoch": 69, "loss": 2.1622612476348877, "acc": 0.08881278336048126, "acc_or": 0.5847602486610413, "sender_entropy": 2.0663797855377197, "receiver_entropy": 0.0, "original_loss": 0.8675539493560791, "mean_length": 6.0}
{"mode": "test", "epoch": 69, "loss": 2.750370979309082, "acc": 0.12328767031431198, "acc_or": 0.6678082346916199, "sender_entropy": 2.0755198001861572, "receiver_entropy": 0.0, "original_loss": 0.7114019393920898, "mean_length": 6.0}
{"mode": "train", "epoch": 70, "loss": 2.2916464805603027, "acc": 0.09497717022895813, "acc_or": 0.591438353061676, "sender_entropy": 2.0554277896881104, "receiver_entropy": 0.0, "original_loss": 0.8513771891593933, "mean_length": 6.0}
{"mode": "test", "epoch": 70, "loss": 2.7453806400299072, "acc": 0.12328767031431198, "acc_or": 0.6643835306167603, "sender_entropy": 2.0626509189605713, "receiver_entropy": 0.0, "original_loss": 0.7063595652580261, "mean_length": 6.0}
{"mode": "train", "epoch": 71, "loss": 2.3367273807525635, "acc": 0.10456620901823044, "acc_or": 0.5977168679237366, "sender_entropy": 2.0417325496673584, "receiver_entropy": 0.0, "original_loss": 0.8419585824012756, "mean_length": 6.0}
{"mode": "test", "epoch": 71, "loss": 2.6932339668273926, "acc": 0.13698630034923553, "acc_or": 0.6678082346916199, "sender_entropy": 2.049992322921753, "receiver_entropy": 0.0, "original_loss": 0.7042773365974426, "mean_length": 6.0}
{"mode": "train", "epoch": 72, "loss": 2.4101037979125977, "acc": 0.10730593651533127, "acc_or": 0.6042808294296265, "sender_entropy": 2.0274479389190674, "receiver_entropy": 0.0, "original_loss": 0.82834392786026, "mean_length": 6.0}
{"mode": "test", "epoch": 72, "loss": 2.624154567718506, "acc": 0.13698630034923553, "acc_or": 0.6712328791618347, "sender_entropy": 2.03161883354187, "receiver_entropy": 0.0, "original_loss": 0.7033013701438904, "mean_length": 6.0}
{"mode": "train", "epoch": 73, "loss": 2.4900126457214355, "acc": 0.1068493127822876, "acc_or": 0.6160387992858887, "sender_entropy": 2.0069375038146973, "receiver_entropy": 0.0, "original_loss": 0.8168461322784424, "mean_length": 6.0}
{"mode": "test", "epoch": 73, "loss": 2.664437770843506, "acc": 0.13698630034923553, "acc_or": 0.6678082346916199, "sender_entropy": 2.019444465637207, "receiver_entropy": 0.0, "original_loss": 0.6913440823554993, "mean_length": 6.0}
{"mode": "train", "epoch": 74, "loss": 2.5556678771972656, "acc": 0.11712328344583511, "acc_or": 0.6206049919128418, "sender_entropy": 1.9944424629211426, "receiver_entropy": 0.0, "original_loss": 0.8048492670059204, "mean_length": 6.0}
{"mode": "test", "epoch": 74, "loss": 2.711378574371338, "acc": 0.13698630034923553, "acc_or": 0.6746575236320496, "sender_entropy": 2.0108718872070312, "receiver_entropy": 0.0, "original_loss": 0.6788458824157715, "mean_length": 6.0}
{"mode": "train", "epoch": 75, "loss": 2.593428134918213, "acc": 0.12077625095844269, "acc_or": 0.6239154934883118, "sender_entropy": 1.9853781461715698, "receiver_entropy": 0.0, "original_loss": 0.7982836365699768, "mean_length": 6.0}
{"mode": "test", "epoch": 75, "loss": 2.762380599975586, "acc": 0.1780821979045868, "acc_or": 0.6917808055877686, "sender_entropy": 2.0126326084136963, "receiver_entropy": 0.0, "original_loss": 0.6683287620544434, "mean_length": 6.0}
{"mode": "train", "epoch": 76, "loss": 2.546267032623291, "acc": 0.11940638720989227, "acc_or": 0.6211757659912109, "sender_entropy": 1.9871785640716553, "receiver_entropy": 0.0, "original_loss": 0.7978132963180542, "mean_length": 6.0}
{"mode": "test", "epoch": 76, "loss": 2.7774524688720703, "acc": 0.2054794430732727, "acc_or": 0.6917808055877686, "sender_entropy": 2.02020001411438, "receiver_entropy": 0.0, "original_loss": 0.6662349104881287, "mean_length": 6.0}
{"mode": "train", "epoch": 77, "loss": 2.5556817054748535, "acc": 0.12100456655025482, "acc_or": 0.6210616230964661, "sender_entropy": 1.9948179721832275, "receiver_entropy": 0.0, "original_loss": 0.7947898507118225, "mean_length": 6.0}
{"mode": "test", "epoch": 77, "loss": 2.9925968647003174, "acc": 0.1780821979045868, "acc_or": 0.6883561611175537, "sender_entropy": 2.033418655395508, "receiver_entropy": 0.0, "original_loss": 0.6502315402030945, "mean_length": 6.0}
{"mode": "train", "epoch": 78, "loss": 2.511140823364258, "acc": 0.12237443029880524, "acc_or": 0.6211187243461609, "sender_entropy": 2.003438711166382, "receiver_entropy": 0.0, "original_loss": 0.7965312004089355, "mean_length": 6.0}
{"mode": "test", "epoch": 78, "loss": 3.101034641265869, "acc": 0.21917808055877686, "acc_or": 0.715753436088562, "sender_entropy": 2.032292366027832, "receiver_entropy": 0.0, "original_loss": 0.6377586126327515, "mean_length": 6.0}
{"mode": "train", "epoch": 79, "loss": 2.4164230823516846, "acc": 0.1221461147069931, "acc_or": 0.617694079875946, "sender_entropy": 1.998221755027771, "receiver_entropy": 0.0, "original_loss": 0.8001707792282104, "mean_length": 6.0}
{"mode": "test", "epoch": 79, "loss": 3.1074635982513428, "acc": 0.21917808055877686, "acc_or": 0.7123287916183472, "sender_entropy": 2.0181686878204346, "receiver_entropy": 0.0, "original_loss": 0.63014155626297, "mean_length": 6.0}
{"mode": "train", "epoch": 80, "loss": 2.5761003494262695, "acc": 0.12739725410938263, "acc_or": 0.6298515796661377, "sender_entropy": 1.9789202213287354, "receiver_entropy": 0.0, "original_loss": 0.7816332578659058, "mean_length": 6.0}
{"mode": "test", "epoch": 80, "loss": 3.0215282440185547, "acc": 0.2054794430732727, "acc_or": 0.7054794430732727, "sender_entropy": 2.0050296783447266, "receiver_entropy": 0.0, "original_loss": 0.6327732801437378, "mean_length": 6.0}
{"mode": "train", "epoch": 81, "loss": 2.646090030670166, "acc": 0.12739725410938263, "acc_or": 0.6334474682807922, "sender_entropy": 1.9605079889297485, "receiver_entropy": 0.0, "original_loss": 0.7710134983062744, "mean_length": 6.0}
{"mode": "test", "epoch": 81, "loss": 2.974412679672241, "acc": 0.19178082048892975, "acc_or": 0.6952054500579834, "sender_entropy": 1.996972918510437, "receiver_entropy": 0.0, "original_loss": 0.6283485889434814, "mean_length": 6.0}
{"mode": "train", "epoch": 82, "loss": 2.7349252700805664, "acc": 0.13333332538604736, "acc_or": 0.6407533884048462, "sender_entropy": 1.9482063055038452, "receiver_entropy": 0.0, "original_loss": 0.7571051120758057, "mean_length": 6.0}
{"mode": "test", "epoch": 82, "loss": 2.9141180515289307, "acc": 0.232876718044281, "acc_or": 0.7089040875434875, "sender_entropy": 1.9897099733352661, "receiver_entropy": 0.0, "original_loss": 0.6274774670600891, "mean_length": 6.0}
{"mode": "train", "epoch": 83, "loss": 2.718432903289795, "acc": 0.13515982031822205, "acc_or": 0.6413241624832153, "sender_entropy": 1.9386427402496338, "receiver_entropy": 0.0, "original_loss": 0.7546854615211487, "mean_length": 6.0}
{"mode": "test", "epoch": 83, "loss": 2.8462038040161133, "acc": 0.232876718044281, "acc_or": 0.7054794430732727, "sender_entropy": 1.9899492263793945, "receiver_entropy": 0.0, "original_loss": 0.6324723958969116, "mean_length": 6.0}
{"mode": "train", "epoch": 84, "loss": 2.828993797302246, "acc": 0.13812784850597382, "acc_or": 0.6463470458984375, "sender_entropy": 1.9359328746795654, "receiver_entropy": 0.0, "original_loss": 0.7412277460098267, "mean_length": 6.0}
{"mode": "test", "epoch": 84, "loss": 3.0145277976989746, "acc": 0.1780821979045868, "acc_or": 0.6883561611175537, "sender_entropy": 1.9978256225585938, "receiver_entropy": 0.0, "original_loss": 0.6150864362716675, "mean_length": 6.0}
{"mode": "train", "epoch": 85, "loss": 2.826240301132202, "acc": 0.1424657553434372, "acc_or": 0.6482306122779846, "sender_entropy": 1.9424439668655396, "receiver_entropy": 0.0, "original_loss": 0.7384238243103027, "mean_length": 6.0}
{"mode": "test", "epoch": 85, "loss": 3.099457025527954, "acc": 0.16438356041908264, "acc_or": 0.7089040875434875, "sender_entropy": 2.0022921562194824, "receiver_entropy": 0.0, "original_loss": 0.6058955788612366, "mean_length": 6.0}
{"mode": "train", "epoch": 86, "loss": 2.6955127716064453, "acc": 0.13698630034923553, "acc_or": 0.6426369547843933, "sender_entropy": 1.9478189945220947, "receiver_entropy": 0.0, "original_loss": 0.7458433508872986, "mean_length": 6.0}
{"mode": "test", "epoch": 86, "loss": 3.1388912200927734, "acc": 0.19178082048892975, "acc_or": 0.7260273694992065, "sender_entropy": 2.003699541091919, "receiver_entropy": 0.0, "original_loss": 0.5987528562545776, "mean_length": 6.0}
{"mode": "train", "epoch": 87, "loss": 2.7021353244781494, "acc": 0.13150684535503387, "acc_or": 0.6411529779434204, "sender_entropy": 1.949392557144165, "receiver_entropy": 0.0, "original_loss": 0.7423041462898254, "mean_length": 6.0}
{"mode": "test", "epoch": 87, "loss": 3.15134859085083, "acc": 0.1780821979045868, "acc_or": 0.7123287916183472, "sender_entropy": 2.008030891418457, "receiver_entropy": 0.0, "original_loss": 0.5967025756835938, "mean_length": 6.0}
{"mode": "train", "epoch": 88, "loss": 2.6644740104675293, "acc": 0.1335616409778595, "acc_or": 0.6404109597206116, "sender_entropy": 1.9512778520584106, "receiver_entropy": 0.0, "original_loss": 0.7419919371604919, "mean_length": 6.0}
{"mode": "test", "epoch": 88, "loss": 3.1871728897094727, "acc": 0.1780821979045868, "acc_or": 0.7191780805587769, "sender_entropy": 2.0075254440307617, "receiver_entropy": 0.0, "original_loss": 0.5881294012069702, "mean_length": 6.0}
{"mode": "train", "epoch": 89, "loss": 2.704282760620117, "acc": 0.13835616409778595, "acc_or": 0.649429202079773, "sender_entropy": 1.9488948583602905, "receiver_entropy": 0.0, "original_loss": 0.734609067440033, "mean_length": 6.0}
{"mode": "test", "epoch": 89, "loss": 3.27432918548584, "acc": 0.19178082048892975, "acc_or": 0.7363013625144958, "sender_entropy": 2.003361701965332, "receiver_entropy": 0.0, "original_loss": 0.5685782432556152, "mean_length": 6.0}
{"mode": "train", "epoch": 90, "loss": 2.6874265670776367, "acc": 0.1342465728521347, "acc_or": 0.6518835425376892, "sender_entropy": 1.9474116563796997, "receiver_entropy": 0.0, "original_loss": 0.7316251397132874, "mean_length": 6.0}
{"mode": "test", "epoch": 90, "loss": 3.2333085536956787, "acc": 0.19178082048892975, "acc_or": 0.7397260069847107, "sender_entropy": 1.9946491718292236, "receiver_entropy": 0.0, "original_loss": 0.5666627287864685, "mean_length": 6.0}
{"mode": "train", "epoch": 91, "loss": 2.795417070388794, "acc": 0.1438356190919876, "acc_or": 0.659874439239502, "sender_entropy": 1.9367096424102783, "receiver_entropy": 0.0, "original_loss": 0.7177429795265198, "mean_length": 6.0}
{"mode": "test", "epoch": 91, "loss": 3.0882434844970703, "acc": 0.19178082048892975, "acc_or": 0.732876718044281, "sender_entropy": 1.9800410270690918, "receiver_entropy": 0.0, "original_loss": 0.5717868208885193, "mean_length": 6.0}
{"mode": "train", "epoch": 92, "loss": 2.834608793258667, "acc": 0.14999999105930328, "acc_or": 0.6606164574623108, "sender_entropy": 1.9155861139297485, "receiver_entropy": 0.0, "original_loss": 0.7090422511100769, "mean_length": 6.0}
{"mode": "test", "epoch": 92, "loss": 3.060859441757202, "acc": 0.1780821979045868, "acc_or": 0.7260273694992065, "sender_entropy": 1.96994149684906, "receiver_entropy": 0.0, "original_loss": 0.5696132779121399, "mean_length": 6.0}
{"mode": "train", "epoch": 93, "loss": 2.9119839668273926, "acc": 0.16255708038806915, "acc_or": 0.6690068244934082, "sender_entropy": 1.900014042854309, "receiver_entropy": 0.0, "original_loss": 0.6963930130004883, "mean_length": 6.0}
{"mode": "test", "epoch": 93, "loss": 3.1404104232788086, "acc": 0.1780821979045868, "acc_or": 0.7294520735740662, "sender_entropy": 1.9671493768692017, "receiver_entropy": 0.0, "original_loss": 0.5584684610366821, "mean_length": 6.0}
{"mode": "train", "epoch": 94, "loss": 2.8271360397338867, "acc": 0.16369862854480743, "acc_or": 0.6709474921226501, "sender_entropy": 1.896085500717163, "receiver_entropy": 0.0, "original_loss": 0.6990180015563965, "mean_length": 6.0}
{"mode": "test", "epoch": 94, "loss": 3.2082765102386475, "acc": 0.232876718044281, "acc_or": 0.7465753555297852, "sender_entropy": 1.9689278602600098, "receiver_entropy": 0.0, "original_loss": 0.546208381652832, "mean_length": 6.0}
{"mode": "train", "epoch": 95, "loss": 2.9024498462677, "acc": 0.16780821979045868, "acc_or": 0.6747716665267944, "sender_entropy": 1.8948426246643066, "receiver_entropy": 0.0, "original_loss": 0.6886086463928223, "mean_length": 6.0}
{"mode": "test", "epoch": 95, "loss": 3.236266851425171, "acc": 0.24657534062862396, "acc_or": 0.75, "sender_entropy": 1.9739222526550293, "receiver_entropy": 0.0, "original_loss": 0.5397730469703674, "mean_length": 6.0}
{"mode": "train", "epoch": 96, "loss": 2.850609302520752, "acc": 0.17260274291038513, "acc_or": 0.6783105134963989, "sender_entropy": 1.8963396549224854, "receiver_entropy": 0.0, "original_loss": 0.6876083612442017, "mean_length": 6.0}
{"mode": "test", "epoch": 96, "loss": 3.310835123062134, "acc": 0.232876718044281, "acc_or": 0.7636986374855042, "sender_entropy": 1.9723846912384033, "receiver_entropy": 0.0, "original_loss": 0.527493417263031, "mean_length": 6.0}
{"mode": "train", "epoch": 97, "loss": 2.9541525840759277, "acc": 0.16712328791618347, "acc_or": 0.6789383292198181, "sender_entropy": 1.8896284103393555, "receiver_entropy": 0.0, "original_loss": 0.6765773296356201, "mean_length": 6.0}
{"mode": "test", "epoch": 97, "loss": 3.571852684020996, "acc": 0.27397260069847107, "acc_or": 0.7705479264259338, "sender_entropy": 1.9756852388381958, "receiver_entropy": 0.0, "original_loss": 0.4967235326766968, "mean_length": 6.0}
{"mode": "train", "epoch": 98, "loss": 2.8667666912078857, "acc": 0.1698630154132843, "acc_or": 0.6760273575782776, "sender_entropy": 1.8948826789855957, "receiver_entropy": 0.0, "original_loss": 0.6814077496528625, "mean_length": 6.0}
{"mode": "test", "epoch": 98, "loss": 3.56093692779541, "acc": 0.31506848335266113, "acc_or": 0.784246563911438, "sender_entropy": 1.9801164865493774, "receiver_entropy": 0.0, "original_loss": 0.5016889572143555, "mean_length": 6.0}
{"mode": "train", "epoch": 99, "loss": 2.8657894134521484, "acc": 0.1773972511291504, "acc_or": 0.6800228357315063, "sender_entropy": 1.8997527360916138, "receiver_entropy": 0.0, "original_loss": 0.6767330765724182, "mean_length": 6.0}
{"mode": "test", "epoch": 99, "loss": 3.466343879699707, "acc": 0.34246575832366943, "acc_or": 0.784246563911438, "sender_entropy": 1.9762271642684937, "receiver_entropy": 0.0, "original_loss": 0.5088554620742798, "mean_length": 6.0}
{"mode": "train", "epoch": 100, "loss": 2.875697612762451, "acc": 0.18972602486610413, "acc_or": 0.6837899684906006, "sender_entropy": 1.8960922956466675, "receiver_entropy": 0.0, "original_loss": 0.6705986261367798, "mean_length": 6.0}
{"mode": "test", "epoch": 100, "loss": 3.305913209915161, "acc": 0.301369845867157, "acc_or": 0.7705479264259338, "sender_entropy": 1.9662238359451294, "receiver_entropy": 0.0, "original_loss": 0.5196755528450012, "mean_length": 6.0}
{"mode": "train", "epoch": 101, "loss": 2.9364287853240967, "acc": 0.18675798177719116, "acc_or": 0.6889840364456177, "sender_entropy": 1.8839553594589233, "receiver_entropy": 0.0, "original_loss": 0.6619179248809814, "mean_length": 6.0}
{"mode": "test", "epoch": 101, "loss": 3.368864059448242, "acc": 0.2602739632129669, "acc_or": 0.7636986374855042, "sender_entropy": 1.954651117324829, "receiver_entropy": 0.0, "original_loss": 0.5050531029701233, "mean_length": 6.0}
{"mode": "train", "epoch": 102, "loss": 2.9144515991210938, "acc": 0.19246575236320496, "acc_or": 0.6937214732170105, "sender_entropy": 1.8768072128295898, "receiver_entropy": 0.0, "original_loss": 0.6577576398849487, "mean_length": 6.0}
{"mode": "test", "epoch": 102, "loss": 3.39994215965271, "acc": 0.3287671208381653, "acc_or": 0.801369845867157, "sender_entropy": 1.9365077018737793, "receiver_entropy": 0.0, "original_loss": 0.4893456995487213, "mean_length": 6.0}
{"mode": "train", "epoch": 103, "loss": 3.017298698425293, "acc": 0.20342464745044708, "acc_or": 0.6992579698562622, "sender_entropy": 1.8573476076126099, "receiver_entropy": 0.0, "original_loss": 0.6417589783668518, "mean_length": 6.0}
{"mode": "test", "epoch": 103, "loss": 3.327629566192627, "acc": 0.3287671208381653, "acc_or": 0.7910959124565125, "sender_entropy": 1.9176031351089478, "receiver_entropy": 0.0, "original_loss": 0.48257216811180115, "mean_length": 6.0}
{"mode": "train", "epoch": 104, "loss": 3.1504621505737305, "acc": 0.21712328493595123, "acc_or": 0.7173516154289246, "sender_entropy": 1.8318320512771606, "receiver_entropy": 0.0, "original_loss": 0.6209478974342346, "mean_length": 6.0}
{"mode": "test", "epoch": 104, "loss": 3.273818254470825, "acc": 0.31506848335266113, "acc_or": 0.7876712083816528, "sender_entropy": 1.901731252670288, "receiver_entropy": 0.0, "original_loss": 0.4759194254875183, "mean_length": 6.0}
{"mode": "train", "epoch": 105, "loss": 3.2206735610961914, "acc": 0.22762556374073029, "acc_or": 0.7199200987815857, "sender_entropy": 1.8086297512054443, "receiver_entropy": 0.0, "original_loss": 0.6080679893493652, "mean_length": 6.0}
{"mode": "test", "epoch": 105, "loss": 3.2511870861053467, "acc": 0.34246575832366943, "acc_or": 0.801369845867157, "sender_entropy": 1.8923040628433228, "receiver_entropy": 0.0, "original_loss": 0.47246795892715454, "mean_length": 6.0}
{"mode": "train", "epoch": 106, "loss": 3.149326801300049, "acc": 0.23356163501739502, "acc_or": 0.7225456237792969, "sender_entropy": 1.803406000137329, "receiver_entropy": 0.0, "original_loss": 0.6078854203224182, "mean_length": 6.0}
{"mode": "test", "epoch": 106, "loss": 3.3470606803894043, "acc": 0.3561643958091736, "acc_or": 0.8047944903373718, "sender_entropy": 1.8859440088272095, "receiver_entropy": 0.0, "original_loss": 0.4519062936306, "mean_length": 6.0}
{"mode": "train", "epoch": 107, "loss": 3.2316572666168213, "acc": 0.22762556374073029, "acc_or": 0.7224885821342468, "sender_entropy": 1.7992411851882935, "receiver_entropy": 0.0, "original_loss": 0.597859799861908, "mean_length": 6.0}
{"mode": "test", "epoch": 107, "loss": 3.3224241733551025, "acc": 0.34246575832366943, "acc_or": 0.8082191944122314, "sender_entropy": 1.8835170269012451, "receiver_entropy": 0.0, "original_loss": 0.4504830241203308, "mean_length": 6.0}
{"mode": "train", "epoch": 108, "loss": 3.1951684951782227, "acc": 0.2385844737291336, "acc_or": 0.7277967929840088, "sender_entropy": 1.7980252504348755, "receiver_entropy": 0.0, "original_loss": 0.5925307869911194, "mean_length": 6.0}
{"mode": "test", "epoch": 108, "loss": 3.3464725017547607, "acc": 0.42465752363204956, "acc_or": 0.8253424763679504, "sender_entropy": 1.873685598373413, "receiver_entropy": 0.0, "original_loss": 0.4363219439983368, "mean_length": 6.0}
{"mode": "train", "epoch": 109, "loss": 3.229217529296875, "acc": 0.23310501873493195, "acc_or": 0.7271689176559448, "sender_entropy": 1.7892073392868042, "receiver_entropy": 0.0, "original_loss": 0.58638995885849, "mean_length": 6.0}
{"mode": "test", "epoch": 109, "loss": 3.344496488571167, "acc": 0.3835616409778595, "acc_or": 0.818493127822876, "sender_entropy": 1.8717581033706665, "receiver_entropy": 0.0, "original_loss": 0.4295201599597931, "mean_length": 6.0}
{"mode": "train", "epoch": 110, "loss": 3.238764524459839, "acc": 0.2582191824913025, "acc_or": 0.7372716665267944, "sender_entropy": 1.7854759693145752, "receiver_entropy": 0.0, "original_loss": 0.5807732939720154, "mean_length": 6.0}
{"mode": "test", "epoch": 110, "loss": 3.325273036956787, "acc": 0.3835616409778595, "acc_or": 0.8150684833526611, "sender_entropy": 1.8700063228607178, "receiver_entropy": 0.0, "original_loss": 0.42848852276802063, "mean_length": 6.0}
{"mode": "train", "epoch": 111, "loss": 3.2415108680725098, "acc": 0.2621004581451416, "acc_or": 0.7385273575782776, "sender_entropy": 1.7818174362182617, "receiver_entropy": 0.0, "original_loss": 0.5748344659805298, "mean_length": 6.0}
{"mode": "test", "epoch": 111, "loss": 3.3210151195526123, "acc": 0.39726027846336365, "acc_or": 0.8047944903373718, "sender_entropy": 1.8627591133117676, "receiver_entropy": 0.0, "original_loss": 0.42334288358688354, "mean_length": 6.0}
{"mode": "train", "epoch": 112, "loss": 3.1978988647460938, "acc": 0.2652967870235443, "acc_or": 0.7410387992858887, "sender_entropy": 1.778828501701355, "receiver_entropy": 0.0, "original_loss": 0.5750505328178406, "mean_length": 6.0}
{"mode": "test", "epoch": 112, "loss": 3.310652494430542, "acc": 0.39726027846336365, "acc_or": 0.8219177722930908, "sender_entropy": 1.8612617254257202, "receiver_entropy": 0.0, "original_loss": 0.418506920337677, "mean_length": 6.0}
{"mode": "train", "epoch": 113, "loss": 3.238300323486328, "acc": 0.2595890462398529, "acc_or": 0.7397260069847107, "sender_entropy": 1.7757601737976074, "receiver_entropy": 0.0, "original_loss": 0.5682624578475952, "mean_length": 6.0}
{"mode": "test", "epoch": 113, "loss": 3.3805794715881348, "acc": 0.39726027846336365, "acc_or": 0.818493127822876, "sender_entropy": 1.8657811880111694, "receiver_entropy": 0.0, "original_loss": 0.40729933977127075, "mean_length": 6.0}
{"mode": "train", "epoch": 114, "loss": 3.135563850402832, "acc": 0.2621004581451416, "acc_or": 0.7387557029724121, "sender_entropy": 1.780397891998291, "receiver_entropy": 0.0, "original_loss": 0.5726933479309082, "mean_length": 6.0}
{"mode": "test", "epoch": 114, "loss": 3.4017348289489746, "acc": 0.465753436088562, "acc_or": 0.8321917653083801, "sender_entropy": 1.8633973598480225, "receiver_entropy": 0.0, "original_loss": 0.4030541777610779, "mean_length": 6.0}
{"mode": "train", "epoch": 115, "loss": 3.1624627113342285, "acc": 0.2714611887931824, "acc_or": 0.7413241863250732, "sender_entropy": 1.7765440940856934, "receiver_entropy": 0.0, "original_loss": 0.5679296255111694, "mean_length": 6.0}
{"mode": "test", "epoch": 115, "loss": 3.424467086791992, "acc": 0.45205479860305786, "acc_or": 0.8253424763679504, "sender_entropy": 1.8648287057876587, "receiver_entropy": 0.0, "original_loss": 0.39790400862693787, "mean_length": 6.0}
{"mode": "train", "epoch": 116, "loss": 3.154451847076416, "acc": 0.27625569701194763, "acc_or": 0.7484589219093323, "sender_entropy": 1.7753065824508667, "receiver_entropy": 0.0, "original_loss": 0.5650511980056763, "mean_length": 6.0}
{"mode": "test", "epoch": 116, "loss": 3.5101253986358643, "acc": 0.42465752363204956, "acc_or": 0.8253424763679504, "sender_entropy": 1.8589869737625122, "receiver_entropy": 0.0, "original_loss": 0.3826830983161926, "mean_length": 6.0}
{"mode": "train", "epoch": 117, "loss": 3.1892623901367188, "acc": 0.2926940619945526, "acc_or": 0.7543379068374634, "sender_entropy": 1.770996332168579, "receiver_entropy": 0.0, "original_loss": 0.5555214881896973, "mean_length": 6.0}
{"mode": "test", "epoch": 117, "loss": 3.424584150314331, "acc": 0.45205479860305786, "acc_or": 0.835616409778595, "sender_entropy": 1.851304292678833, "receiver_entropy": 0.0, "original_loss": 0.38899877667427063, "mean_length": 6.0}
{"mode": "train", "epoch": 118, "loss": 3.3127636909484863, "acc": 0.3002282977104187, "acc_or": 0.7633561491966248, "sender_entropy": 1.756605625152588, "receiver_entropy": 0.0, "original_loss": 0.5379767417907715, "mean_length": 6.0}
{"mode": "test", "epoch": 118, "loss": 3.448680877685547, "acc": 0.465753436088562, "acc_or": 0.8424657583236694, "sender_entropy": 1.8514431715011597, "receiver_entropy": 0.0, "original_loss": 0.3806082010269165, "mean_length": 6.0}
{"mode": "train", "epoch": 119, "loss": 3.3475780487060547, "acc": 0.3066209852695465, "acc_or": 0.7643264532089233, "sender_entropy": 1.7481986284255981, "receiver_entropy": 0.0, "original_loss": 0.53014075756073, "mean_length": 6.0}
{"mode": "test", "epoch": 119, "loss": 3.5626895427703857, "acc": 0.534246563911438, "acc_or": 0.8595890402793884, "sender_entropy": 1.8596349954605103, "receiver_entropy": 0.0, "original_loss": 0.3648662269115448, "mean_length": 6.0}
{"mode": "train", "epoch": 120, "loss": 3.33239483833313, "acc": 0.3173515796661377, "acc_or": 0.7670661807060242, "sender_entropy": 1.7572728395462036, "receiver_entropy": 0.0, "original_loss": 0.527736246585846, "mean_length": 6.0}
{"mode": "test", "epoch": 120, "loss": 3.7145490646362305, "acc": 0.4931506812572479, "acc_or": 0.8561643958091736, "sender_entropy": 1.866168737411499, "receiver_entropy": 0.0, "original_loss": 0.3445655107498169, "mean_length": 6.0}
{"mode": "train", "epoch": 121, "loss": 3.4564380645751953, "acc": 0.3321917653083801, "acc_or": 0.7787671089172363, "sender_entropy": 1.7570992708206177, "receiver_entropy": 0.0, "original_loss": 0.5121445655822754, "mean_length": 6.0}
{"mode": "test", "epoch": 121, "loss": 3.7416467666625977, "acc": 0.5068492889404297, "acc_or": 0.8561643958091736, "sender_entropy": 1.8565895557403564, "receiver_entropy": 0.0, "original_loss": 0.32995474338531494, "mean_length": 6.0}
{"mode": "train", "epoch": 122, "loss": 3.382850408554077, "acc": 0.327625572681427, "acc_or": 0.7722602486610413, "sender_entropy": 1.7496565580368042, "receiver_entropy": 0.0, "original_loss": 0.5149900913238525, "mean_length": 6.0}
{"mode": "test", "epoch": 122, "loss": 3.648883581161499, "acc": 0.5479452013969421, "acc_or": 0.8630136847496033, "sender_entropy": 1.8503042459487915, "receiver_entropy": 0.0, "original_loss": 0.33602476119995117, "mean_length": 6.0}
{"mode": "train", "epoch": 123, "loss": 3.432054281234741, "acc": 0.33812785148620605, "acc_or": 0.7759702801704407, "sender_entropy": 1.740639328956604, "receiver_entropy": 0.0, "original_loss": 0.5029811263084412, "mean_length": 6.0}
{"mode": "test", "epoch": 123, "loss": 3.630833148956299, "acc": 0.5068492889404297, "acc_or": 0.8561643958091736, "sender_entropy": 1.836063027381897, "receiver_entropy": 0.0, "original_loss": 0.32669857144355774, "mean_length": 6.0}
{"mode": "train", "epoch": 124, "loss": 3.455972671508789, "acc": 0.32968035340309143, "acc_or": 0.7795661687850952, "sender_entropy": 1.7246402502059937, "receiver_entropy": 0.0, "original_loss": 0.4965062737464905, "mean_length": 6.0}
{"mode": "test", "epoch": 124, "loss": 3.6713123321533203, "acc": 0.5205479264259338, "acc_or": 0.8767123222351074, "sender_entropy": 1.821302056312561, "receiver_entropy": 0.0, "original_loss": 0.3081420063972473, "mean_length": 6.0}
{"mode": "train", "epoch": 125, "loss": 3.5391390323638916, "acc": 0.3543379008769989, "acc_or": 0.7877853512763977, "sender_entropy": 1.7136951684951782, "receiver_entropy": 0.0, "original_loss": 0.4830183982849121, "mean_length": 6.0}
{"mode": "test", "epoch": 125, "loss": 3.727644920349121, "acc": 0.5616438388824463, "acc_or": 0.8801369667053223, "sender_entropy": 1.8181625604629517, "receiver_entropy": 0.0, "original_loss": 0.2958637773990631, "mean_length": 6.0}
{"mode": "train", "epoch": 126, "loss": 3.4845802783966064, "acc": 0.3621004521846771, "acc_or": 0.7914954423904419, "sender_entropy": 1.7113091945648193, "receiver_entropy": 0.0, "original_loss": 0.4794394373893738, "mean_length": 6.0}
{"mode": "test", "epoch": 126, "loss": 3.671956777572632, "acc": 0.6164383292198181, "acc_or": 0.8938356041908264, "sender_entropy": 1.8048652410507202, "receiver_entropy": 0.0, "original_loss": 0.29080748558044434, "mean_length": 6.0}
{"mode": "train", "epoch": 127, "loss": 3.5075974464416504, "acc": 0.3652968108654022, "acc_or": 0.793379008769989, "sender_entropy": 1.6967873573303223, "receiver_entropy": 0.0, "original_loss": 0.47313392162323, "mean_length": 6.0}
{"mode": "test", "epoch": 127, "loss": 3.6974143981933594, "acc": 0.5890411138534546, "acc_or": 0.8938356041908264, "sender_entropy": 1.7957727909088135, "receiver_entropy": 0.0, "original_loss": 0.28192126750946045, "mean_length": 6.0}
{"mode": "train", "epoch": 128, "loss": 3.582552194595337, "acc": 0.3847031891345978, "acc_or": 0.8018835783004761, "sender_entropy": 1.6814451217651367, "receiver_entropy": 0.0, "original_loss": 0.46097466349601746, "mean_length": 6.0}
{"mode": "test", "epoch": 128, "loss": 3.623767852783203, "acc": 0.6438356041908264, "acc_or": 0.9041095972061157, "sender_entropy": 1.777974009513855, "receiver_entropy": 0.0, "original_loss": 0.2814434766769409, "mean_length": 6.0}
{"mode": "train", "epoch": 129, "loss": 3.539365291595459, "acc": 0.3872146010398865, "acc_or": 0.8032534122467041, "sender_entropy": 1.6728934049606323, "receiver_entropy": 0.0, "original_loss": 0.4567374885082245, "mean_length": 6.0}
{"mode": "test", "epoch": 129, "loss": 3.5555291175842285, "acc": 0.5753424763679504, "acc_or": 0.8869863152503967, "sender_entropy": 1.7764267921447754, "receiver_entropy": 0.0, "original_loss": 0.2871588170528412, "mean_length": 6.0}
{"mode": "train", "epoch": 130, "loss": 3.4500434398651123, "acc": 0.39292237162590027, "acc_or": 0.8014839887619019, "sender_entropy": 1.6737314462661743, "receiver_entropy": 0.0, "original_loss": 0.4589894413948059, "mean_length": 6.0}
{"mode": "test", "epoch": 130, "loss": 3.634714126586914, "acc": 0.6164383292198181, "acc_or": 0.8972602486610413, "sender_entropy": 1.7780603170394897, "receiver_entropy": 0.0, "original_loss": 0.2726207375526428, "mean_length": 6.0}
{"mode": "train", "epoch": 131, "loss": 3.4725303649902344, "acc": 0.38904109597206116, "acc_or": 0.8017693758010864, "sender_entropy": 1.6752325296401978, "receiver_entropy": 0.0, "original_loss": 0.4543997049331665, "mean_length": 6.0}
{"mode": "test", "epoch": 131, "loss": 3.644487142562866, "acc": 0.5616438388824463, "acc_or": 0.8835616111755371, "sender_entropy": 1.771872639656067, "receiver_entropy": 0.0, "original_loss": 0.2661372721195221, "mean_length": 6.0}
{"mode": "train", "epoch": 132, "loss": 3.503196954727173, "acc": 0.39223742485046387, "acc_or": 0.8079337477684021, "sender_entropy": 1.6737161874771118, "receiver_entropy": 0.0, "original_loss": 0.4502409100532532, "mean_length": 6.0}
{"mode": "test", "epoch": 132, "loss": 3.650482177734375, "acc": 0.6164383292198181, "acc_or": 0.8972602486610413, "sender_entropy": 1.775481104850769, "receiver_entropy": 0.0, "original_loss": 0.2578558623790741, "mean_length": 6.0}
{"mode": "train", "epoch": 133, "loss": 3.5099620819091797, "acc": 0.40296801924705505, "acc_or": 0.8075342178344727, "sender_entropy": 1.670635461807251, "receiver_entropy": 0.0, "original_loss": 0.4453253448009491, "mean_length": 6.0}
{"mode": "test", "epoch": 133, "loss": 3.6879382133483887, "acc": 0.6438356041908264, "acc_or": 0.9041095972061157, "sender_entropy": 1.775498390197754, "receiver_entropy": 0.0, "original_loss": 0.24879314005374908, "mean_length": 6.0}
{"mode": "train", "epoch": 134, "loss": 3.444056272506714, "acc": 0.39292237162590027, "acc_or": 0.8041666746139526, "sender_entropy": 1.6739263534545898, "receiver_entropy": 0.0, "original_loss": 0.44882944226264954, "mean_length": 6.0}
{"mode": "test", "epoch": 134, "loss": 3.7083826065063477, "acc": 0.6712328791618347, "acc_or": 0.9143835306167603, "sender_entropy": 1.7759120464324951, "receiver_entropy": 0.0, "original_loss": 0.24657179415225983, "mean_length": 6.0}
{"mode": "train", "epoch": 135, "loss": 3.4378821849823, "acc": 0.40228310227394104, "acc_or": 0.8063926696777344, "sender_entropy": 1.6704277992248535, "receiver_entropy": 0.0, "original_loss": 0.4446313977241516, "mean_length": 6.0}
{"mode": "test", "epoch": 135, "loss": 3.606510639190674, "acc": 0.6712328791618347, "acc_or": 0.9143835306167603, "sender_entropy": 1.774779200553894, "receiver_entropy": 0.0, "original_loss": 0.25211817026138306, "mean_length": 6.0}
{"mode": "train", "epoch": 136, "loss": 3.3358561992645264, "acc": 0.39018264412879944, "acc_or": 0.8013127446174622, "sender_entropy": 1.6811957359313965, "receiver_entropy": 0.0, "original_loss": 0.4563440978527069, "mean_length": 6.0}
{"mode": "test", "epoch": 136, "loss": 3.561443567276001, "acc": 0.698630154132843, "acc_or": 0.9246575236320496, "sender_entropy": 1.7722247838974, "receiver_entropy": 0.0, "original_loss": 0.2555604875087738, "mean_length": 6.0}
{"mode": "train", "epoch": 137, "loss": 3.2839088439941406, "acc": 0.4020547866821289, "acc_or": 0.8063356280326843, "sender_entropy": 1.6851907968521118, "receiver_entropy": 0.0, "original_loss": 0.4520183205604553, "mean_length": 6.0}
{"mode": "test", "epoch": 137, "loss": 3.4762516021728516, "acc": 0.6164383292198181, "acc_or": 0.9006849527359009, "sender_entropy": 1.771715760231018, "receiver_entropy": 0.0, "original_loss": 0.26303789019584656, "mean_length": 6.0}
{"mode": "train", "epoch": 138, "loss": 3.353830575942993, "acc": 0.4077625572681427, "acc_or": 0.8089611530303955, "sender_entropy": 1.675431728363037, "receiver_entropy": 0.0, "original_loss": 0.44615593552589417, "mean_length": 6.0}
{"mode": "test", "epoch": 138, "loss": 3.689735174179077, "acc": 0.698630154132843, "acc_or": 0.9246575236320496, "sender_entropy": 1.774557113647461, "receiver_entropy": 0.0, "original_loss": 0.23358754813671112, "mean_length": 6.0}
{"mode": "train", "epoch": 139, "loss": 3.3234293460845947, "acc": 0.41689497232437134, "acc_or": 0.8107876777648926, "sender_entropy": 1.6819161176681519, "receiver_entropy": 0.0, "original_loss": 0.44117385149002075, "mean_length": 6.0}
{"mode": "test", "epoch": 139, "loss": 3.5933635234832764, "acc": 0.6849315166473389, "acc_or": 0.9178082346916199, "sender_entropy": 1.7688980102539062, "receiver_entropy": 0.0, "original_loss": 0.24062906205654144, "mean_length": 6.0}
{"mode": "train", "epoch": 140, "loss": 3.258985757827759, "acc": 0.4082191586494446, "acc_or": 0.8063356280326843, "sender_entropy": 1.6756986379623413, "receiver_entropy": 0.0, "original_loss": 0.4479329288005829, "mean_length": 6.0}
{"mode": "test", "epoch": 140, "loss": 3.5648558139801025, "acc": 0.6575342416763306, "acc_or": 0.9109588861465454, "sender_entropy": 1.7592297792434692, "receiver_entropy": 0.0, "original_loss": 0.23411497473716736, "mean_length": 6.0}
{"mode": "train", "epoch": 141, "loss": 3.405179738998413, "acc": 0.42579907178878784, "acc_or": 0.8173515796661377, "sender_entropy": 1.6531254053115845, "receiver_entropy": 0.0, "original_loss": 0.42377471923828125, "mean_length": 6.0}
{"mode": "test", "epoch": 141, "loss": 3.496093273162842, "acc": 0.698630154132843, "acc_or": 0.9246575236320496, "sender_entropy": 1.7438087463378906, "receiver_entropy": 0.0, "original_loss": 0.23202751576900482, "mean_length": 6.0}
{"mode": "train", "epoch": 142, "loss": 3.597055196762085, "acc": 0.4655251204967499, "acc_or": 0.8340753316879272, "sender_entropy": 1.633756399154663, "receiver_entropy": 0.0, "original_loss": 0.3979313373565674, "mean_length": 6.0}
{"mode": "test", "epoch": 142, "loss": 3.5188117027282715, "acc": 0.6849315166473389, "acc_or": 0.9212328791618347, "sender_entropy": 1.7345372438430786, "receiver_entropy": 0.0, "original_loss": 0.2197624146938324, "mean_length": 6.0}
{"mode": "train", "epoch": 143, "loss": 3.637038469314575, "acc": 0.470091313123703, "acc_or": 0.8373858332633972, "sender_entropy": 1.629714012145996, "receiver_entropy": 0.0, "original_loss": 0.38854676485061646, "mean_length": 6.0}
{"mode": "test", "epoch": 143, "loss": 3.5643951892852783, "acc": 0.767123281955719, "acc_or": 0.9417808055877686, "sender_entropy": 1.742292881011963, "receiver_entropy": 0.0, "original_loss": 0.2126946598291397, "mean_length": 6.0}
{"mode": "train", "epoch": 144, "loss": 3.464653491973877, "acc": 0.45844748616218567, "acc_or": 0.8301369547843933, "sender_entropy": 1.6271229982376099, "receiver_entropy": 0.0, "original_loss": 0.40177008509635925, "mean_length": 6.0}
{"mode": "test", "epoch": 144, "loss": 3.5530359745025635, "acc": 0.7123287916183472, "acc_or": 0.9280821681022644, "sender_entropy": 1.744588851928711, "receiver_entropy": 0.0, "original_loss": 0.21002261340618134, "mean_length": 6.0}
{"mode": "train", "epoch": 145, "loss": 3.589622735977173, "acc": 0.47351598739624023, "acc_or": 0.8389269113540649, "sender_entropy": 1.6273128986358643, "receiver_entropy": 0.0, "original_loss": 0.386027067899704, "mean_length": 6.0}
{"mode": "test", "epoch": 145, "loss": 3.5806593894958496, "acc": 0.7534246444702148, "acc_or": 0.9349315166473389, "sender_entropy": 1.7406902313232422, "receiver_entropy": 0.0, "original_loss": 0.20497789978981018, "mean_length": 6.0}
{"mode": "train", "epoch": 146, "loss": 3.575803518295288, "acc": 0.49132418632507324, "acc_or": 0.8436073064804077, "sender_entropy": 1.6215813159942627, "receiver_entropy": 0.0, "original_loss": 0.3827034533023834, "mean_length": 6.0}
{"mode": "test", "epoch": 146, "loss": 3.5848894119262695, "acc": 0.767123281955719, "acc_or": 0.9417808055877686, "sender_entropy": 1.7330433130264282, "receiver_entropy": 0.0, "original_loss": 0.19873449206352234, "mean_length": 6.0}
{"mode": "train", "epoch": 147, "loss": 3.5630767345428467, "acc": 0.4910958707332611, "acc_or": 0.844805896282196, "sender_entropy": 1.616890788078308, "receiver_entropy": 0.0, "original_loss": 0.3779807388782501, "mean_length": 6.0}
{"mode": "test", "epoch": 147, "loss": 3.5694329738616943, "acc": 0.7534246444702148, "acc_or": 0.9349315166473389, "sender_entropy": 1.7322815656661987, "receiver_entropy": 0.0, "original_loss": 0.20129700005054474, "mean_length": 6.0}
{"mode": "train", "epoch": 148, "loss": 3.588710308074951, "acc": 0.4922374486923218, "acc_or": 0.8452625274658203, "sender_entropy": 1.6108858585357666, "receiver_entropy": 0.0, "original_loss": 0.37082234025001526, "mean_length": 6.0}
{"mode": "test", "epoch": 148, "loss": 3.490654945373535, "acc": 0.7260273694992065, "acc_or": 0.931506872177124, "sender_entropy": 1.7227885723114014, "receiver_entropy": 0.0, "original_loss": 0.20308817923069, "mean_length": 6.0}
{"mode": "train", "epoch": 149, "loss": 3.636647939682007, "acc": 0.5082191824913025, "acc_or": 0.8506849408149719, "sender_entropy": 1.6054835319519043, "receiver_entropy": 0.0, "original_loss": 0.36238762736320496, "mean_length": 6.0}
{"mode": "test", "epoch": 149, "loss": 3.54050874710083, "acc": 0.7808219194412231, "acc_or": 0.9452054500579834, "sender_entropy": 1.722598671913147, "receiver_entropy": 0.0, "original_loss": 0.19236907362937927, "mean_length": 6.0}
{"mode": "train", "epoch": 150, "loss": 3.5351977348327637, "acc": 0.49977168440818787, "acc_or": 0.846118688583374, "sender_entropy": 1.6056290864944458, "receiver_entropy": 0.0, "original_loss": 0.36980530619621277, "mean_length": 6.0}
{"mode": "test", "epoch": 150, "loss": 3.5305116176605225, "acc": 0.8082191944122314, "acc_or": 0.9520547986030579, "sender_entropy": 1.7156686782836914, "receiver_entropy": 0.0, "original_loss": 0.1857031136751175, "mean_length": 6.0}
{"mode": "train", "epoch": 151, "loss": 3.5971884727478027, "acc": 0.5205479264259338, "acc_or": 0.8559360504150391, "sender_entropy": 1.6064950227737427, "receiver_entropy": 0.0, "original_loss": 0.3569401800632477, "mean_length": 6.0}
{"mode": "test", "epoch": 151, "loss": 3.556723117828369, "acc": 0.8082191944122314, "acc_or": 0.948630154132843, "sender_entropy": 1.7133606672286987, "receiver_entropy": 0.0, "original_loss": 0.17829473316669464, "mean_length": 6.0}
{"mode": "train", "epoch": 152, "loss": 3.4976065158843994, "acc": 0.5100456476211548, "acc_or": 0.852739691734314, "sender_entropy": 1.6107538938522339, "receiver_entropy": 0.0, "original_loss": 0.3657124936580658, "mean_length": 6.0}
{"mode": "test", "epoch": 152, "loss": 3.6045541763305664, "acc": 0.8493150472640991, "acc_or": 0.9589040875434875, "sender_entropy": 1.7168973684310913, "receiver_entropy": 0.0, "original_loss": 0.1694682389497757, "mean_length": 6.0}
{"mode": "train", "epoch": 153, "loss": 3.43560791015625, "acc": 0.5130136609077454, "acc_or": 0.848059356212616, "sender_entropy": 1.606027364730835, "receiver_entropy": 0.0, "original_loss": 0.36773765087127686, "mean_length": 6.0}
{"mode": "test", "epoch": 153, "loss": 3.545185089111328, "acc": 0.7808219194412231, "acc_or": 0.9452054500579834, "sender_entropy": 1.7156193256378174, "receiver_entropy": 0.0, "original_loss": 0.17888444662094116, "mean_length": 6.0}
{"mode": "train", "epoch": 154, "loss": 3.5090274810791016, "acc": 0.5136986374855042, "acc_or": 0.8536529541015625, "sender_entropy": 1.5966707468032837, "receiver_entropy": 0.0, "original_loss": 0.3572458326816559, "mean_length": 6.0}
{"mode": "test", "epoch": 154, "loss": 3.507089614868164, "acc": 0.7260273694992065, "acc_or": 0.931506872177124, "sender_entropy": 1.7147223949432373, "receiver_entropy": 0.0, "original_loss": 0.18588972091674805, "mean_length": 6.0}
{"mode": "train", "epoch": 155, "loss": 3.522759437561035, "acc": 0.5175799131393433, "acc_or": 0.8524543046951294, "sender_entropy": 1.5870440006256104, "receiver_entropy": 0.0, "original_loss": 0.3517889678478241, "mean_length": 6.0}
{"mode": "test", "epoch": 155, "loss": 3.520049571990967, "acc": 0.8219177722930908, "acc_or": 0.9520547986030579, "sender_entropy": 1.7098665237426758, "receiver_entropy": 0.0, "original_loss": 0.17735056579113007, "mean_length": 6.0}
{"mode": "train", "epoch": 156, "loss": 3.444321870803833, "acc": 0.5301370024681091, "acc_or": 0.8555365204811096, "sender_entropy": 1.5929334163665771, "receiver_entropy": 0.0, "original_loss": 0.3552578389644623, "mean_length": 6.0}
{"mode": "test", "epoch": 156, "loss": 3.4326891899108887, "acc": 0.8082191944122314, "acc_or": 0.9520547986030579, "sender_entropy": 1.6959776878356934, "receiver_entropy": 0.0, "original_loss": 0.17186339199543, "mean_length": 6.0}
{"mode": "train", "epoch": 157, "loss": 3.459604263305664, "acc": 0.5287671089172363, "acc_or": 0.8555936217308044, "sender_entropy": 1.5822254419326782, "receiver_entropy": 0.0, "original_loss": 0.34822094440460205, "mean_length": 6.0}
{"mode": "test", "epoch": 157, "loss": 3.4708621501922607, "acc": 0.8219177722930908, "acc_or": 0.9554794430732727, "sender_entropy": 1.6915560960769653, "receiver_entropy": 0.0, "original_loss": 0.16214141249656677, "mean_length": 6.0}
{"mode": "train", "epoch": 158, "loss": 3.4683172702789307, "acc": 0.5413241982460022, "acc_or": 0.8607876300811768, "sender_entropy": 1.576729655265808, "receiver_entropy": 0.0, "original_loss": 0.3442017138004303, "mean_length": 6.0}
{"mode": "test", "epoch": 158, "loss": 3.4476230144500732, "acc": 0.8082191944122314, "acc_or": 0.9520547986030579, "sender_entropy": 1.6938841342926025, "receiver_entropy": 0.0, "original_loss": 0.16246923804283142, "mean_length": 6.0}
{"mode": "train", "epoch": 159, "loss": 3.4580304622650146, "acc": 0.5353881120681763, "acc_or": 0.859246551990509, "sender_entropy": 1.5693084001541138, "receiver_entropy": 0.0, "original_loss": 0.34008365869522095, "mean_length": 6.0}
{"mode": "test", "epoch": 159, "loss": 3.3853607177734375, "acc": 0.8219177722930908, "acc_or": 0.9554794430732727, "sender_entropy": 1.6838668584823608, "receiver_entropy": 0.0, "original_loss": 0.16678011417388916, "mean_length": 6.0}
{"mode": "train", "epoch": 160, "loss": 3.4909160137176514, "acc": 0.5461187362670898, "acc_or": 0.8639839887619019, "sender_entropy": 1.5669972896575928, "receiver_entropy": 0.0, "original_loss": 0.3339669704437256, "mean_length": 6.0}
{"mode": "test", "epoch": 160, "loss": 3.2992258071899414, "acc": 0.767123281955719, "acc_or": 0.9417808055877686, "sender_entropy": 1.6747711896896362, "receiver_entropy": 0.0, "original_loss": 0.17384225130081177, "mean_length": 6.0}
{"mode": "train", "epoch": 161, "loss": 3.478179931640625, "acc": 0.5442922115325928, "acc_or": 0.8630707859992981, "sender_entropy": 1.5679329633712769, "receiver_entropy": 0.0, "original_loss": 0.3332062363624573, "mean_length": 6.0}
{"mode": "test", "epoch": 161, "loss": 3.3296055793762207, "acc": 0.7808219194412231, "acc_or": 0.9452054500579834, "sender_entropy": 1.6710084676742554, "receiver_entropy": 0.0, "original_loss": 0.16681209206581116, "mean_length": 6.0}
{"mode": "train", "epoch": 162, "loss": 3.42692232131958, "acc": 0.5607305765151978, "acc_or": 0.8677511215209961, "sender_entropy": 1.5714309215545654, "receiver_entropy": 0.0, "original_loss": 0.3301166594028473, "mean_length": 6.0}
{"mode": "test", "epoch": 162, "loss": 3.2940425872802734, "acc": 0.7534246444702148, "acc_or": 0.9383561611175537, "sender_entropy": 1.664336919784546, "receiver_entropy": 0.0, "original_loss": 0.16472484171390533, "mean_length": 6.0}
{"mode": "train", "epoch": 163, "loss": 3.4539403915405273, "acc": 0.5600456595420837, "acc_or": 0.8666095733642578, "sender_entropy": 1.5569584369659424, "receiver_entropy": 0.0, "original_loss": 0.3264620900154114, "mean_length": 6.0}
{"mode": "test", "epoch": 163, "loss": 3.3991708755493164, "acc": 0.835616409778595, "acc_or": 0.9589040875434875, "sender_entropy": 1.6557775735855103, "receiver_entropy": 0.0, "original_loss": 0.14184705913066864, "mean_length": 6.0}
{"mode": "train", "epoch": 164, "loss": 3.4499411582946777, "acc": 0.5593607425689697, "acc_or": 0.8664383292198181, "sender_entropy": 1.5627003908157349, "receiver_entropy": 0.0, "original_loss": 0.32483360171318054, "mean_length": 6.0}
{"mode": "test", "epoch": 164, "loss": 3.455080032348633, "acc": 0.8219177722930908, "acc_or": 0.9554794430732727, "sender_entropy": 1.6699641942977905, "receiver_entropy": 0.0, "original_loss": 0.1425391435623169, "mean_length": 6.0}
{"mode": "train", "epoch": 165, "loss": 3.3554599285125732, "acc": 0.5477169156074524, "acc_or": 0.8637557029724121, "sender_entropy": 1.5731760263442993, "receiver_entropy": 0.0, "original_loss": 0.33153364062309265, "mean_length": 6.0}
{"mode": "test", "epoch": 165, "loss": 3.407851457595825, "acc": 0.835616409778595, "acc_or": 0.9589040875434875, "sender_entropy": 1.6688324213027954, "receiver_entropy": 0.0, "original_loss": 0.1444893628358841, "mean_length": 6.0}
{"mode": "train", "epoch": 166, "loss": 3.322976589202881, "acc": 0.5559360384941101, "acc_or": 0.8656963109970093, "sender_entropy": 1.5732905864715576, "receiver_entropy": 0.0, "original_loss": 0.3321642279624939, "mean_length": 6.0}
{"mode": "test", "epoch": 166, "loss": 3.371083974838257, "acc": 0.8219177722930908, "acc_or": 0.9554794430732727, "sender_entropy": 1.6581732034683228, "receiver_entropy": 0.0, "original_loss": 0.13848376274108887, "mean_length": 6.0}
{"mode": "train", "epoch": 167, "loss": 3.3877639770507812, "acc": 0.5762556791305542, "acc_or": 0.8720319271087646, "sender_entropy": 1.5544655323028564, "receiver_entropy": 0.0, "original_loss": 0.32047346234321594, "mean_length": 6.0}
{"mode": "test", "epoch": 167, "loss": 3.435267210006714, "acc": 0.835616409778595, "acc_or": 0.9554794430732727, "sender_entropy": 1.662277102470398, "receiver_entropy": 0.0, "original_loss": 0.13616250455379486, "mean_length": 6.0}
{"mode": "train", "epoch": 168, "loss": 3.4448654651641846, "acc": 0.5826483964920044, "acc_or": 0.8748858571052551, "sender_entropy": 1.5518102645874023, "receiver_entropy": 0.0, "original_loss": 0.3121754825115204, "mean_length": 6.0}
{"mode": "test", "epoch": 168, "loss": 3.5436954498291016, "acc": 0.9178082346916199, "acc_or": 0.9794520735740662, "sender_entropy": 1.6677072048187256, "receiver_entropy": 0.0, "original_loss": 0.11501123756170273, "mean_length": 6.0}
{"mode": "train", "epoch": 169, "loss": 3.340658664703369, "acc": 0.5659817457199097, "acc_or": 0.8704908490180969, "sender_entropy": 1.5676161050796509, "receiver_entropy": 0.0, "original_loss": 0.32398924231529236, "mean_length": 6.0}
{"mode": "test", "epoch": 169, "loss": 3.4308533668518066, "acc": 0.8493150472640991, "acc_or": 0.9623287320137024, "sender_entropy": 1.6724562644958496, "receiver_entropy": 0.0, "original_loss": 0.13129922747612, "mean_length": 6.0}
{"mode": "train", "epoch": 170, "loss": 3.307239294052124, "acc": 0.5835616588592529, "acc_or": 0.8727169036865234, "sender_entropy": 1.5610206127166748, "receiver_entropy": 0.0, "original_loss": 0.3234507739543915, "mean_length": 6.0}
{"mode": "test", "epoch": 170, "loss": 3.384547472000122, "acc": 0.8493150472640991, "acc_or": 0.9623287320137024, "sender_entropy": 1.6600353717803955, "receiver_entropy": 0.0, "original_loss": 0.12799468636512756, "mean_length": 6.0}
{"mode": "train", "epoch": 171, "loss": 3.438661575317383, "acc": 0.5981734991073608, "acc_or": 0.8805935978889465, "sender_entropy": 1.5476367473602295, "receiver_entropy": 0.0, "original_loss": 0.30274635553359985, "mean_length": 6.0}
{"mode": "test", "epoch": 171, "loss": 3.3710124492645264, "acc": 0.8767123222351074, "acc_or": 0.9691780805587769, "sender_entropy": 1.647850751876831, "receiver_entropy": 0.0, "original_loss": 0.12634111940860748, "mean_length": 6.0}
{"mode": "train", "epoch": 172, "loss": 3.439049005508423, "acc": 0.6018264889717102, "acc_or": 0.8808789849281311, "sender_entropy": 1.5423827171325684, "receiver_entropy": 0.0, "original_loss": 0.2959241271018982, "mean_length": 6.0}
{"mode": "test", "epoch": 172, "loss": 3.4158267974853516, "acc": 0.8904109597206116, "acc_or": 0.9726027250289917, "sender_entropy": 1.6537667512893677, "receiver_entropy": 0.0, "original_loss": 0.12440717965364456, "mean_length": 6.0}
{"mode": "train", "epoch": 173, "loss": 3.4726929664611816, "acc": 0.6082191467285156, "acc_or": 0.8856735229492188, "sender_entropy": 1.5412038564682007, "receiver_entropy": 0.0, "original_loss": 0.2899458110332489, "mean_length": 6.0}
{"mode": "test", "epoch": 173, "loss": 3.492199420928955, "acc": 0.9178082346916199, "acc_or": 0.9794520735740662, "sender_entropy": 1.6514509916305542, "receiver_entropy": 0.0, "original_loss": 0.10742086917161942, "mean_length": 6.0}
{"mode": "train", "epoch": 174, "loss": 3.3873164653778076, "acc": 0.6043378710746765, "acc_or": 0.8828766942024231, "sender_entropy": 1.5467002391815186, "receiver_entropy": 0.0, "original_loss": 0.29781079292297363, "mean_length": 6.0}
{"mode": "test", "epoch": 174, "loss": 3.490645408630371, "acc": 0.9178082346916199, "acc_or": 0.9794520735740662, "sender_entropy": 1.6607561111450195, "receiver_entropy": 0.0, "original_loss": 0.10770752280950546, "mean_length": 6.0}
{"mode": "train", "epoch": 175, "loss": 3.4379544258117676, "acc": 0.6093606948852539, "acc_or": 0.8866438269615173, "sender_entropy": 1.5469309091567993, "receiver_entropy": 0.0, "original_loss": 0.2888413667678833, "mean_length": 6.0}
{"mode": "test", "epoch": 175, "loss": 3.453073740005493, "acc": 0.9452054500579834, "acc_or": 0.9863013625144958, "sender_entropy": 1.6613587141036987, "receiver_entropy": 0.0, "original_loss": 0.10919602960348129, "mean_length": 6.0}
{"mode": "train", "epoch": 176, "loss": 3.432129144668579, "acc": 0.611872136592865, "acc_or": 0.8847602605819702, "sender_entropy": 1.5446614027023315, "receiver_entropy": 0.0, "original_loss": 0.28862327337265015, "mean_length": 6.0}
{"mode": "test", "epoch": 176, "loss": 3.3702926635742188, "acc": 0.9726027250289917, "acc_or": 0.9931506514549255, "sender_entropy": 1.6531641483306885, "receiver_entropy": 0.0, "original_loss": 0.10980689525604248, "mean_length": 6.0}
{"mode": "train", "epoch": 177, "loss": 3.402531147003174, "acc": 0.6123287677764893, "acc_or": 0.8868721127510071, "sender_entropy": 1.5405209064483643, "receiver_entropy": 0.0, "original_loss": 0.28668731451034546, "mean_length": 6.0}
{"mode": "test", "epoch": 177, "loss": 3.355405807495117, "acc": 0.9452054500579834, "acc_or": 0.9863013625144958, "sender_entropy": 1.6563808917999268, "receiver_entropy": 0.0, "original_loss": 0.1119840145111084, "mean_length": 6.0}
{"mode": "train", "epoch": 178, "loss": 3.412338972091675, "acc": 0.6244292259216309, "acc_or": 0.890125572681427, "sender_entropy": 1.5399645566940308, "receiver_entropy": 0.0, "original_loss": 0.28030654788017273, "mean_length": 6.0}
{"mode": "test", "epoch": 178, "loss": 3.3857641220092773, "acc": 0.931506872177124, "acc_or": 0.982876718044281, "sender_entropy": 1.6579179763793945, "receiver_entropy": 0.0, "original_loss": 0.10974886268377304, "mean_length": 6.0}
{"mode": "train", "epoch": 179, "loss": 3.345324754714966, "acc": 0.6093606948852539, "acc_or": 0.8861300945281982, "sender_entropy": 1.5470179319381714, "receiver_entropy": 0.0, "original_loss": 0.2871159613132477, "mean_length": 6.0}
{"mode": "test", "epoch": 179, "loss": 3.3849172592163086, "acc": 0.8767123222351074, "acc_or": 0.9691780805587769, "sender_entropy": 1.6641898155212402, "receiver_entropy": 0.0, "original_loss": 0.10955116152763367, "mean_length": 6.0}
{"mode": "train", "epoch": 180, "loss": 3.2095260620117188, "acc": 0.6121004223823547, "acc_or": 0.8821346759796143, "sender_entropy": 1.5474448204040527, "receiver_entropy": 0.0, "original_loss": 0.2963554263114929, "mean_length": 6.0}
{"mode": "test", "epoch": 180, "loss": 3.291346788406372, "acc": 0.8493150472640991, "acc_or": 0.9623287320137024, "sender_entropy": 1.648625135421753, "receiver_entropy": 0.0, "original_loss": 0.11723015457391739, "mean_length": 6.0}
{"mode": "train", "epoch": 181, "loss": 3.322833299636841, "acc": 0.6413241624832153, "acc_or": 0.8945776224136353, "sender_entropy": 1.5414143800735474, "receiver_entropy": 0.0, "original_loss": 0.2783140540122986, "mean_length": 6.0}
{"mode": "test", "epoch": 181, "loss": 3.28340220451355, "acc": 0.9178082346916199, "acc_or": 0.9794520735740662, "sender_entropy": 1.6298255920410156, "receiver_entropy": 0.0, "original_loss": 0.10540345311164856, "mean_length": 6.0}
{"mode": "train", "epoch": 182, "loss": 3.282989978790283, "acc": 0.6404109597206116, "acc_or": 0.8937785029411316, "sender_entropy": 1.5254789590835571, "receiver_entropy": 0.0, "original_loss": 0.2770440876483917, "mean_length": 6.0}
{"mode": "test", "epoch": 182, "loss": 3.2686259746551514, "acc": 0.9178082346916199, "acc_or": 0.9794520735740662, "sender_entropy": 1.6313515901565552, "receiver_entropy": 0.0, "original_loss": 0.10689936578273773, "mean_length": 6.0}
{"mode": "train", "epoch": 183, "loss": 3.3429152965545654, "acc": 0.646803617477417, "acc_or": 0.8955479264259338, "sender_entropy": 1.5199006795883179, "receiver_entropy": 0.0, "original_loss": 0.27053824067115784, "mean_length": 6.0}
{"mode": "test", "epoch": 183, "loss": 3.2565057277679443, "acc": 0.9041095972061157, "acc_or": 0.9760273694992065, "sender_entropy": 1.6263110637664795, "receiver_entropy": 0.0, "original_loss": 0.10533426702022552, "mean_length": 6.0}
{"mode": "train", "epoch": 184, "loss": 3.3383638858795166, "acc": 0.6696346998214722, "acc_or": 0.9030821919441223, "sender_entropy": 1.508229374885559, "receiver_entropy": 0.0, "original_loss": 0.260572224855423, "mean_length": 6.0}
{"mode": "test", "epoch": 184, "loss": 3.10829496383667, "acc": 0.8904109597206116, "acc_or": 0.9726027250289917, "sender_entropy": 1.613234043121338, "receiver_entropy": 0.0, "original_loss": 0.11492810398340225, "mean_length": 6.0}
{"mode": "train", "epoch": 185, "loss": 3.399204969406128, "acc": 0.6671232581138611, "acc_or": 0.9035958647727966, "sender_entropy": 1.4862114191055298, "receiver_entropy": 0.0, "original_loss": 0.2505018711090088, "mean_length": 6.0}
{"mode": "test", "epoch": 185, "loss": 3.1748833656311035, "acc": 0.9178082346916199, "acc_or": 0.9794520735740662, "sender_entropy": 1.602487325668335, "receiver_entropy": 0.0, "original_loss": 0.10252043604850769, "mean_length": 6.0}
{"mode": "train", "epoch": 186, "loss": 3.4280622005462646, "acc": 0.6778538823127747, "acc_or": 0.9077625274658203, "sender_entropy": 1.4846203327178955, "receiver_entropy": 0.0, "original_loss": 0.24525652825832367, "mean_length": 6.0}
{"mode": "test", "epoch": 186, "loss": 3.2061424255371094, "acc": 0.9041095972061157, "acc_or": 0.9760273694992065, "sender_entropy": 1.599993109703064, "receiver_entropy": 0.0, "original_loss": 0.09370991587638855, "mean_length": 6.0}
{"mode": "train", "epoch": 187, "loss": 3.3321726322174072, "acc": 0.6657534241676331, "acc_or": 0.9037100076675415, "sender_entropy": 1.4888746738433838, "receiver_entropy": 0.0, "original_loss": 0.2554878294467926, "mean_length": 6.0}
{"mode": "test", "epoch": 187, "loss": 3.2795464992523193, "acc": 0.9589040875434875, "acc_or": 0.9897260069847107, "sender_entropy": 1.6020435094833374, "receiver_entropy": 0.0, "original_loss": 0.07987888157367706, "mean_length": 6.0}
{"mode": "train", "epoch": 188, "loss": 3.2724785804748535, "acc": 0.673059344291687, "acc_or": 0.9041666388511658, "sender_entropy": 1.4917784929275513, "receiver_entropy": 0.0, "original_loss": 0.25626516342163086, "mean_length": 6.0}
{"mode": "test", "epoch": 188, "loss": 3.238931894302368, "acc": 0.9589040875434875, "acc_or": 0.9897260069847107, "sender_entropy": 1.600070834159851, "receiver_entropy": 0.0, "original_loss": 0.08291389793157578, "mean_length": 6.0}
{"mode": "train", "epoch": 189, "loss": 3.3793859481811523, "acc": 0.6837899684906006, "acc_or": 0.9087899327278137, "sender_entropy": 1.4896776676177979, "receiver_entropy": 0.0, "original_loss": 0.24314136803150177, "mean_length": 6.0}
{"mode": "test", "epoch": 189, "loss": 3.2226645946502686, "acc": 0.9589040875434875, "acc_or": 0.9897260069847107, "sender_entropy": 1.5963895320892334, "receiver_entropy": 0.0, "original_loss": 0.08329176902770996, "mean_length": 6.0}
{"mode": "train", "epoch": 190, "loss": 3.311624765396118, "acc": 0.6666666269302368, "acc_or": 0.9045091271400452, "sender_entropy": 1.488769769668579, "receiver_entropy": 0.0, "original_loss": 0.2511744201183319, "mean_length": 6.0}
{"mode": "test", "epoch": 190, "loss": 3.2952353954315186, "acc": 0.9452054500579834, "acc_or": 0.9863013625144958, "sender_entropy": 1.6069566011428833, "receiver_entropy": 0.0, "original_loss": 0.08271744847297668, "mean_length": 6.0}
{"mode": "train", "epoch": 191, "loss": 3.2116143703460693, "acc": 0.6600456237792969, "acc_or": 0.900627851486206, "sender_entropy": 1.5055738687515259, "receiver_entropy": 0.0, "original_loss": 0.2614997923374176, "mean_length": 6.0}
{"mode": "test", "epoch": 191, "loss": 3.3111307621002197, "acc": 0.9178082346916199, "acc_or": 0.9794520735740662, "sender_entropy": 1.6126840114593506, "receiver_entropy": 0.0, "original_loss": 0.08050285279750824, "mean_length": 6.0}
{"mode": "train", "epoch": 192, "loss": 3.255932569503784, "acc": 0.662557065486908, "acc_or": 0.9025114178657532, "sender_entropy": 1.5148414373397827, "receiver_entropy": 0.0, "original_loss": 0.2535337507724762, "mean_length": 6.0}
{"mode": "test", "epoch": 192, "loss": 3.268981456756592, "acc": 0.9589040875434875, "acc_or": 0.9897260069847107, "sender_entropy": 1.6156270503997803, "receiver_entropy": 0.0, "original_loss": 0.08134426176548004, "mean_length": 6.0}
{"mode": "train", "epoch": 193, "loss": 3.281912088394165, "acc": 0.6753424406051636, "acc_or": 0.9064497351646423, "sender_entropy": 1.5083295106887817, "receiver_entropy": 0.0, "original_loss": 0.24789194762706757, "mean_length": 6.0}
{"mode": "test", "epoch": 193, "loss": 3.226623773574829, "acc": 0.9452054500579834, "acc_or": 0.9863013625144958, "sender_entropy": 1.6076397895812988, "receiver_entropy": 0.0, "original_loss": 0.0795460119843483, "mean_length": 6.0}
{"mode": "train", "epoch": 194, "loss": 3.3392860889434814, "acc": 0.6805936098098755, "acc_or": 0.9067351222038269, "sender_entropy": 1.5066475868225098, "receiver_entropy": 0.0, "original_loss": 0.23961159586906433, "mean_length": 6.0}
{"mode": "test", "epoch": 194, "loss": 3.2475128173828125, "acc": 0.9452054500579834, "acc_or": 0.9863013625144958, "sender_entropy": 1.6130253076553345, "receiver_entropy": 0.0, "original_loss": 0.07647708058357239, "mean_length": 6.0}
{"mode": "train", "epoch": 195, "loss": 3.3396224975585938, "acc": 0.6913241744041443, "acc_or": 0.9110159873962402, "sender_entropy": 1.5028613805770874, "receiver_entropy": 0.0, "original_loss": 0.23690447211265564, "mean_length": 6.0}
{"mode": "test", "epoch": 195, "loss": 3.294605016708374, "acc": 0.9589040875434875, "acc_or": 0.9897260069847107, "sender_entropy": 1.6098320484161377, "receiver_entropy": 0.0, "original_loss": 0.06848324090242386, "mean_length": 6.0}
{"mode": "train", "epoch": 196, "loss": 3.2669739723205566, "acc": 0.6835616230964661, "acc_or": 0.9089040756225586, "sender_entropy": 1.51045823097229, "receiver_entropy": 0.0, "original_loss": 0.2406962811946869, "mean_length": 6.0}
{"mode": "test", "epoch": 196, "loss": 3.2314352989196777, "acc": 0.9589040875434875, "acc_or": 0.9897260069847107, "sender_entropy": 1.6030902862548828, "receiver_entropy": 0.0, "original_loss": 0.07120168954133987, "mean_length": 6.0}
{"mode": "train", "epoch": 197, "loss": 3.2714383602142334, "acc": 0.6860730648040771, "acc_or": 0.9107876420021057, "sender_entropy": 1.5023930072784424, "receiver_entropy": 0.0, "original_loss": 0.2354380041360855, "mean_length": 6.0}
{"mode": "test", "epoch": 197, "loss": 3.145526885986328, "acc": 0.8904109597206116, "acc_or": 0.9726027250289917, "sender_entropy": 1.5957587957382202, "receiver_entropy": 0.0, "original_loss": 0.07750549167394638, "mean_length": 6.0}
{"mode": "train", "epoch": 198, "loss": 3.353212833404541, "acc": 0.7020547986030579, "acc_or": 0.9155250787734985, "sender_entropy": 1.4815521240234375, "receiver_entropy": 0.0, "original_loss": 0.2232617735862732, "mean_length": 6.0}
{"mode": "test", "epoch": 198, "loss": 3.1929593086242676, "acc": 0.931506872177124, "acc_or": 0.982876718044281, "sender_entropy": 1.5923895835876465, "receiver_entropy": 0.0, "original_loss": 0.06380514800548553, "mean_length": 6.0}
{"mode": "train", "epoch": 199, "loss": 3.2962262630462646, "acc": 0.7047945261001587, "acc_or": 0.9153538942337036, "sender_entropy": 1.4781090021133423, "receiver_entropy": 0.0, "original_loss": 0.22299227118492126, "mean_length": 6.0}
{"mode": "test", "epoch": 199, "loss": 3.2380175590515137, "acc": 0.9452054500579834, "acc_or": 0.9863013625144958, "sender_entropy": 1.6096168756484985, "receiver_entropy": 0.0, "original_loss": 0.05988914147019386, "mean_length": 6.0}
{"mode": "train", "epoch": 200, "loss": 3.1739957332611084, "acc": 0.6979451775550842, "acc_or": 0.9122145771980286, "sender_entropy": 1.4942330121994019, "receiver_entropy": 0.0, "original_loss": 0.23328520357608795, "mean_length": 6.0}
{"mode": "test", "epoch": 200, "loss": 3.249544382095337, "acc": 0.9452054500579834, "acc_or": 0.9863013625144958, "sender_entropy": 1.6072524785995483, "receiver_entropy": 0.0, "original_loss": 0.057987015694379807, "mean_length": 6.0}
{"mode": "train", "epoch": 201, "loss": 3.126572847366333, "acc": 0.6938356161117554, "acc_or": 0.9095890522003174, "sender_entropy": 1.4877896308898926, "receiver_entropy": 0.0, "original_loss": 0.2391531616449356, "mean_length": 6.0}
{"mode": "test", "epoch": 201, "loss": 3.162588119506836, "acc": 0.9726027250289917, "acc_or": 0.9931506514549255, "sender_entropy": 1.5984269380569458, "receiver_entropy": 0.0, "original_loss": 0.06369414180517197, "mean_length": 6.0}
{"mode": "train", "epoch": 202, "loss": 3.266202688217163, "acc": 0.7210045456886292, "acc_or": 0.9206621050834656, "sender_entropy": 1.476398229598999, "receiver_entropy": 0.0, "original_loss": 0.21607182919979095, "mean_length": 6.0}
{"mode": "test", "epoch": 202, "loss": 3.065882444381714, "acc": 0.9589040875434875, "acc_or": 0.9897260069847107, "sender_entropy": 1.5830204486846924, "receiver_entropy": 0.0, "original_loss": 0.07226735353469849, "mean_length": 6.0}
{"mode": "train", "epoch": 203, "loss": 3.2705869674682617, "acc": 0.717808187007904, "acc_or": 0.9190068244934082, "sender_entropy": 1.468491792678833, "receiver_entropy": 0.0, "original_loss": 0.21542784571647644, "mean_length": 6.0}
{"mode": "test", "epoch": 203, "loss": 3.1437108516693115, "acc": 0.9726027250289917, "acc_or": 0.9931506514549255, "sender_entropy": 1.5895376205444336, "receiver_entropy": 0.0, "original_loss": 0.06197679787874222, "mean_length": 6.0}
{"mode": "train", "epoch": 204, "loss": 3.2520599365234375, "acc": 0.7173516154289246, "acc_or": 0.9182648062705994, "sender_entropy": 1.4723544120788574, "receiver_entropy": 0.0, "original_loss": 0.21427452564239502, "mean_length": 6.0}
{"mode": "test", "epoch": 204, "loss": 3.2524330615997314, "acc": 0.9589040875434875, "acc_or": 0.9897260069847107, "sender_entropy": 1.5993810892105103, "receiver_entropy": 0.0, "original_loss": 0.05314179137349129, "mean_length": 6.0}
{"mode": "train", "epoch": 205, "loss": 3.00426983833313, "acc": 0.6890410780906677, "acc_or": 0.9097602367401123, "sender_entropy": 1.4841043949127197, "receiver_entropy": 0.0, "original_loss": 0.23958082497119904, "mean_length": 6.0}
{"mode": "test", "epoch": 205, "loss": 3.2866222858428955, "acc": 1.0, "acc_or": 1.0, "sender_entropy": 1.6069018840789795, "receiver_entropy": 0.0, "original_loss": 0.04806872084736824, "mean_length": 6.0}
{"epoch": 205, "positional_disent": 0.060897111892700195, "bag_of_symbol_disent": 0.14116652309894562, "topographic_sim": 0.44580778358343487}
{"generalization hold out": {"acc": 0.9351851940155029, "acc_or": 0.9783951044082642}, "uniform holdout": {"acc": 0.5, "acc_or": 0.84375}, "epoch": 205}
---End--
