nohup: ignoring input
{"mode": "train", "epoch": 1, "loss": -19.007659912109375, "acc": 0.001369863050058484, "acc_or": 0.20136986672878265, "sender_entropy": 2.301205635070801, "receiver_entropy": 0.0, "original_loss": 1.3943004608154297, "mean_length": 6.0}
{"mode": "test", "epoch": 1, "loss": 0.7986763119697571, "acc": 0.013698630034923553, "acc_or": 0.36301368474960327, "sender_entropy": 2.2978272438049316, "receiver_entropy": 0.0, "original_loss": 1.3481013774871826, "mean_length": 6.0}
{"mode": "train", "epoch": 2, "loss": 0.760230302810669, "acc": 0.012100456282496452, "acc_or": 0.3343607187271118, "sender_entropy": 2.2975268363952637, "receiver_entropy": 0.0, "original_loss": 1.3540723323822021, "mean_length": 6.0}
{"mode": "test", "epoch": 2, "loss": 0.9769896268844604, "acc": 0.027397260069847107, "acc_or": 0.44863012433052063, "sender_entropy": 2.2949373722076416, "receiver_entropy": 0.0, "original_loss": 1.3105120658874512, "mean_length": 6.0}
{"mode": "train", "epoch": 3, "loss": 0.9587073922157288, "acc": 0.0141552509739995, "acc_or": 0.3373858332633972, "sender_entropy": 2.294412136077881, "receiver_entropy": 0.0, "original_loss": 1.316876769065857, "mean_length": 6.0}
{"mode": "test", "epoch": 3, "loss": 1.1530630588531494, "acc": 0.013698630034923553, "acc_or": 0.35273972153663635, "sender_entropy": 2.294135570526123, "receiver_entropy": 0.0, "original_loss": 1.2747122049331665, "mean_length": 6.0}
{"mode": "train", "epoch": 4, "loss": 1.1879514455795288, "acc": 0.014840182848274708, "acc_or": 0.3526826500892639, "sender_entropy": 2.2935755252838135, "receiver_entropy": 0.0, "original_loss": 1.2783318758010864, "mean_length": 6.0}
{"mode": "test", "epoch": 4, "loss": 1.413502812385559, "acc": 0.0, "acc_or": 0.3732876777648926, "sender_entropy": 2.2945361137390137, "receiver_entropy": 0.0, "original_loss": 1.2320846319198608, "mean_length": 6.0}
{"mode": "train", "epoch": 5, "loss": 1.4977444410324097, "acc": 0.01278538815677166, "acc_or": 0.34668949246406555, "sender_entropy": 2.294128894805908, "receiver_entropy": 0.0, "original_loss": 1.2333097457885742, "mean_length": 6.0}
{"mode": "test", "epoch": 5, "loss": 1.7205278873443604, "acc": 0.0, "acc_or": 0.38013699650764465, "sender_entropy": 2.295088052749634, "receiver_entropy": 0.0, "original_loss": 1.1844285726547241, "mean_length": 6.0}
{"mode": "train", "epoch": 6, "loss": 1.816019058227539, "acc": 0.0141552509739995, "acc_or": 0.3546803593635559, "sender_entropy": 2.2948710918426514, "receiver_entropy": 0.0, "original_loss": 1.18633234500885, "mean_length": 6.0}
{"mode": "test", "epoch": 6, "loss": 2.0328307151794434, "acc": 0.0, "acc_or": 0.35273972153663635, "sender_entropy": 2.2954611778259277, "receiver_entropy": 0.0, "original_loss": 1.1353734731674194, "mean_length": 6.0}
{"mode": "train", "epoch": 7, "loss": 2.06874418258667, "acc": 0.013470319099724293, "acc_or": 0.3498287498950958, "sender_entropy": 2.2954039573669434, "receiver_entropy": 0.0, "original_loss": 1.143332600593567, "mean_length": 6.0}
{"mode": "test", "epoch": 7, "loss": 2.0500802993774414, "acc": 0.013698630034923553, "acc_or": 0.3493150770664215, "sender_entropy": 2.2956619262695312, "receiver_entropy": 0.0, "original_loss": 1.1104260683059692, "mean_length": 6.0}
{"mode": "train", "epoch": 8, "loss": 2.139845848083496, "acc": 0.014840182848274708, "acc_or": 0.3543379008769989, "sender_entropy": 2.2955589294433594, "receiver_entropy": 0.0, "original_loss": 1.1145775318145752, "mean_length": 6.0}
{"mode": "test", "epoch": 8, "loss": 1.933369755744934, "acc": 0.013698630034923553, "acc_or": 0.3561643958091736, "sender_entropy": 2.295835494995117, "receiver_entropy": 0.0, "original_loss": 1.0983033180236816, "mean_length": 6.0}
{"mode": "train", "epoch": 9, "loss": 2.0381522178649902, "acc": 0.013242009095847607, "acc_or": 0.3464611768722534, "sender_entropy": 2.2957003116607666, "receiver_entropy": 0.0, "original_loss": 1.1012113094329834, "mean_length": 6.0}
{"mode": "test", "epoch": 9, "loss": 1.6633480787277222, "acc": 0.0, "acc_or": 0.3287671208381653, "sender_entropy": 2.2959702014923096, "receiver_entropy": 0.0, "original_loss": 1.1025571823120117, "mean_length": 6.0}
{"mode": "train", "epoch": 10, "loss": 1.7860989570617676, "acc": 0.004337899386882782, "acc_or": 0.32739725708961487, "sender_entropy": 2.2959096431732178, "receiver_entropy": 0.0, "original_loss": 1.1027923822402954, "mean_length": 6.0}
{"mode": "test", "epoch": 10, "loss": 1.5830873250961304, "acc": 0.027397260069847107, "acc_or": 0.36301368474960327, "sender_entropy": 2.29630970954895, "receiver_entropy": 0.0, "original_loss": 1.0953822135925293, "mean_length": 6.0}
{"mode": "train", "epoch": 11, "loss": 1.6714630126953125, "acc": 0.012328767217695713, "acc_or": 0.34851598739624023, "sender_entropy": 2.296250820159912, "receiver_entropy": 0.0, "original_loss": 1.0974781513214111, "mean_length": 6.0}
{"mode": "test", "epoch": 11, "loss": 1.3917781114578247, "acc": 0.013698630034923553, "acc_or": 0.3664383590221405, "sender_entropy": 2.296827554702759, "receiver_entropy": 0.0, "original_loss": 1.0993568897247314, "mean_length": 6.0}
{"mode": "train", "epoch": 12, "loss": 1.453328013420105, "acc": 0.013470319099724293, "acc_or": 0.35108447074890137, "sender_entropy": 2.2967753410339355, "receiver_entropy": 0.0, "original_loss": 1.1022565364837646, "mean_length": 6.0}
{"mode": "test", "epoch": 12, "loss": 1.3411364555358887, "acc": 0.013698630034923553, "acc_or": 0.3664383590221405, "sender_entropy": 2.297431230545044, "receiver_entropy": 0.0, "original_loss": 1.0937480926513672, "mean_length": 6.0}
{"mode": "train", "epoch": 13, "loss": 1.3771089315414429, "acc": 0.013242009095847607, "acc_or": 0.35673514008522034, "sender_entropy": 2.2973666191101074, "receiver_entropy": 0.0, "original_loss": 1.0984251499176025, "mean_length": 6.0}
{"mode": "test", "epoch": 13, "loss": 1.2565193176269531, "acc": 0.013698630034923553, "acc_or": 0.3938356041908264, "sender_entropy": 2.2980337142944336, "receiver_entropy": 0.0, "original_loss": 1.0926263332366943, "mean_length": 6.0}
{"mode": "train", "epoch": 14, "loss": 1.2559551000595093, "acc": 0.012100456282496452, "acc_or": 0.34452053904533386, "sender_entropy": 2.2978906631469727, "receiver_entropy": 0.0, "original_loss": 1.0994054079055786, "mean_length": 6.0}
{"mode": "test", "epoch": 14, "loss": 1.2154669761657715, "acc": 0.013698630034923553, "acc_or": 0.3595890402793884, "sender_entropy": 2.2985782623291016, "receiver_entropy": 0.0, "original_loss": 1.0893547534942627, "mean_length": 6.0}
{"mode": "train", "epoch": 15, "loss": 1.1634994745254517, "acc": 0.0141552509739995, "acc_or": 0.3489155173301697, "sender_entropy": 2.2983949184417725, "receiver_entropy": 0.0, "original_loss": 1.0992947816848755, "mean_length": 6.0}
{"mode": "test", "epoch": 15, "loss": 1.1839138269424438, "acc": 0.013698630034923553, "acc_or": 0.39726027846336365, "sender_entropy": 2.299010753631592, "receiver_entropy": 0.0, "original_loss": 1.0861883163452148, "mean_length": 6.0}
{"mode": "train", "epoch": 16, "loss": 1.0945920944213867, "acc": 0.0141552509739995, "acc_or": 0.3514840006828308, "sender_entropy": 2.2988600730895996, "receiver_entropy": 0.0, "original_loss": 1.0983446836471558, "mean_length": 6.0}
{"mode": "test", "epoch": 16, "loss": 1.1585015058517456, "acc": 0.027397260069847107, "acc_or": 0.4041095972061157, "sender_entropy": 2.2993710041046143, "receiver_entropy": 0.0, "original_loss": 1.0830258131027222, "mean_length": 6.0}
{"mode": "train", "epoch": 17, "loss": 1.0322670936584473, "acc": 0.01392694003880024, "acc_or": 0.3555365204811096, "sender_entropy": 2.299234628677368, "receiver_entropy": 0.0, "original_loss": 1.0976258516311646, "mean_length": 6.0}
{"mode": "test", "epoch": 17, "loss": 1.1114494800567627, "acc": 0.027397260069847107, "acc_or": 0.41438356041908264, "sender_entropy": 2.299722909927368, "receiver_entropy": 0.0, "original_loss": 1.0821186304092407, "mean_length": 6.0}
{"mode": "train", "epoch": 18, "loss": 0.958625316619873, "acc": 0.013698630034923553, "acc_or": 0.35627853870391846, "sender_entropy": 2.299562454223633, "receiver_entropy": 0.0, "original_loss": 1.0984123945236206, "mean_length": 6.0}
{"mode": "test", "epoch": 18, "loss": 1.081204891204834, "acc": 0.06849315017461777, "acc_or": 0.4554794430732727, "sender_entropy": 2.300039052963257, "receiver_entropy": 0.0, "original_loss": 1.080542802810669, "mean_length": 6.0}
{"mode": "train", "epoch": 19, "loss": 0.9094468355178833, "acc": 0.011187214404344559, "acc_or": 0.3553082048892975, "sender_entropy": 2.2998907566070557, "receiver_entropy": 0.0, "original_loss": 1.0978448390960693, "mean_length": 6.0}
{"mode": "test", "epoch": 19, "loss": 1.0529637336730957, "acc": 0.013698630034923553, "acc_or": 0.3493150770664215, "sender_entropy": 2.3003525733947754, "receiver_entropy": 0.0, "original_loss": 1.079201102256775, "mean_length": 6.0}
{"mode": "train", "epoch": 20, "loss": 0.8716764450073242, "acc": 0.014840182848274708, "acc_or": 0.35662099719047546, "sender_entropy": 2.300194501876831, "receiver_entropy": 0.0, "original_loss": 1.0968703031539917, "mean_length": 6.0}
{"mode": "test", "epoch": 20, "loss": 1.013953447341919, "acc": 0.027397260069847107, "acc_or": 0.4006849229335785, "sender_entropy": 2.30064058303833, "receiver_entropy": 0.0, "original_loss": 1.0790002346038818, "mean_length": 6.0}
{"mode": "train", "epoch": 21, "loss": 0.8135883808135986, "acc": 0.015296803787350655, "acc_or": 0.34788811206817627, "sender_entropy": 2.300490379333496, "receiver_entropy": 0.0, "original_loss": 1.0977565050125122, "mean_length": 6.0}
{"mode": "test", "epoch": 21, "loss": 0.9936705827713013, "acc": 0.027397260069847107, "acc_or": 0.39726027846336365, "sender_entropy": 2.3009071350097656, "receiver_entropy": 0.0, "original_loss": 1.077610731124878, "mean_length": 6.0}
{"mode": "train", "epoch": 22, "loss": 0.7758045792579651, "acc": 0.013698630034923553, "acc_or": 0.346404105424881, "sender_entropy": 2.3007655143737793, "receiver_entropy": 0.0, "original_loss": 1.0974689722061157, "mean_length": 6.0}
{"mode": "test", "epoch": 22, "loss": 0.9791601896286011, "acc": 0.013698630034923553, "acc_or": 0.43150684237480164, "sender_entropy": 2.3011200428009033, "receiver_entropy": 0.0, "original_loss": 1.0759750604629517, "mean_length": 6.0}
{"mode": "train", "epoch": 23, "loss": 0.7542074918746948, "acc": 0.0141552509739995, "acc_or": 0.35930365324020386, "sender_entropy": 2.3010051250457764, "receiver_entropy": 0.0, "original_loss": 1.0962237119674683, "mean_length": 6.0}
{"mode": "test", "epoch": 23, "loss": 0.9337356090545654, "acc": 0.027397260069847107, "acc_or": 0.4109588861465454, "sender_entropy": 2.3012962341308594, "receiver_entropy": 0.0, "original_loss": 1.0769814252853394, "mean_length": 6.0}
{"mode": "train", "epoch": 24, "loss": 0.7123953700065613, "acc": 0.014840182848274708, "acc_or": 0.35610729455947876, "sender_entropy": 2.3011982440948486, "receiver_entropy": 0.0, "original_loss": 1.0967233180999756, "mean_length": 6.0}
{"mode": "test", "epoch": 24, "loss": 0.9088829755783081, "acc": 0.04109589010477066, "acc_or": 0.3904109597206116, "sender_entropy": 2.3014116287231445, "receiver_entropy": 0.0, "original_loss": 1.0764778852462769, "mean_length": 6.0}
{"mode": "train", "epoch": 25, "loss": 0.6693942546844482, "acc": 0.0141552509739995, "acc_or": 0.35393834114074707, "sender_entropy": 2.3013381958007812, "receiver_entropy": 0.0, "original_loss": 1.0975946187973022, "mean_length": 6.0}
{"mode": "test", "epoch": 25, "loss": 0.9032182693481445, "acc": 0.027397260069847107, "acc_or": 0.40753424167633057, "sender_entropy": 2.301480293273926, "receiver_entropy": 0.0, "original_loss": 1.074680209159851, "mean_length": 6.0}
{"mode": "train", "epoch": 26, "loss": 0.6542150378227234, "acc": 0.013698630034923553, "acc_or": 0.3555365204811096, "sender_entropy": 2.301435708999634, "receiver_entropy": 0.0, "original_loss": 1.0965405702590942, "mean_length": 6.0}
{"mode": "test", "epoch": 26, "loss": 0.8878321647644043, "acc": 0.027397260069847107, "acc_or": 0.4383561611175537, "sender_entropy": 2.301534414291382, "receiver_entropy": 0.0, "original_loss": 1.0738422870635986, "mean_length": 6.0}
{"mode": "train", "epoch": 27, "loss": 0.6274387240409851, "acc": 0.01392694003880024, "acc_or": 0.35593608021736145, "sender_entropy": 2.3014979362487793, "receiver_entropy": 0.0, "original_loss": 1.0964723825454712, "mean_length": 6.0}
{"mode": "test", "epoch": 27, "loss": 0.835593044757843, "acc": 0.027397260069847107, "acc_or": 0.4452054798603058, "sender_entropy": 2.3015384674072266, "receiver_entropy": 0.0, "original_loss": 1.0760693550109863, "mean_length": 6.0}
{"mode": "train", "epoch": 28, "loss": 0.5978202223777771, "acc": 0.01552511379122734, "acc_or": 0.3536529541015625, "sender_entropy": 2.301518201828003, "receiver_entropy": 0.0, "original_loss": 1.096813678741455, "mean_length": 6.0}
{"mode": "test", "epoch": 28, "loss": 0.836004376411438, "acc": 0.013698630034923553, "acc_or": 0.4006849229335785, "sender_entropy": 2.3015072345733643, "receiver_entropy": 0.0, "original_loss": 1.0741668939590454, "mean_length": 6.0}
{"mode": "train", "epoch": 29, "loss": 0.5780740976333618, "acc": 0.01552511379122734, "acc_or": 0.356563925743103, "sender_entropy": 2.3014957904815674, "receiver_entropy": 0.0, "original_loss": 1.0965349674224854, "mean_length": 6.0}
{"mode": "test", "epoch": 29, "loss": 0.8116348385810852, "acc": 0.013698630034923553, "acc_or": 0.4212328791618347, "sender_entropy": 2.3014724254608154, "receiver_entropy": 0.0, "original_loss": 1.074364185333252, "mean_length": 6.0}
{"mode": "train", "epoch": 30, "loss": 0.5595525503158569, "acc": 0.013698630034923553, "acc_or": 0.35342463850975037, "sender_entropy": 2.30146861076355, "receiver_entropy": 0.0, "original_loss": 1.0962642431259155, "mean_length": 6.0}
{"mode": "test", "epoch": 30, "loss": 0.8033198118209839, "acc": 0.013698630034923553, "acc_or": 0.41438356041908264, "sender_entropy": 2.3014278411865234, "receiver_entropy": 0.0, "original_loss": 1.0733915567398071, "mean_length": 6.0}
{"mode": "train", "epoch": 31, "loss": 0.5343165397644043, "acc": 0.014840182848274708, "acc_or": 0.35542237758636475, "sender_entropy": 2.301426410675049, "receiver_entropy": 0.0, "original_loss": 1.0966360569000244, "mean_length": 6.0}
{"mode": "test", "epoch": 31, "loss": 0.8078372478485107, "acc": 0.027397260069847107, "acc_or": 0.40753424167633057, "sender_entropy": 2.3013899326324463, "receiver_entropy": 0.0, "original_loss": 1.0715572834014893, "mean_length": 6.0}
{"mode": "train", "epoch": 32, "loss": 0.513690710067749, "acc": 0.014840182848274708, "acc_or": 0.3583903908729553, "sender_entropy": 2.301391363143921, "receiver_entropy": 0.0, "original_loss": 1.0967644453048706, "mean_length": 6.0}
{"mode": "test", "epoch": 32, "loss": 0.822464644908905, "acc": 0.027397260069847107, "acc_or": 0.4452054798603058, "sender_entropy": 2.301363229751587, "receiver_entropy": 0.0, "original_loss": 1.069016695022583, "mean_length": 6.0}
{"mode": "train", "epoch": 33, "loss": 0.5017451047897339, "acc": 0.01392694003880024, "acc_or": 0.3568493127822876, "sender_entropy": 2.3013596534729004, "receiver_entropy": 0.0, "original_loss": 1.0963082313537598, "mean_length": 6.0}
{"mode": "test", "epoch": 33, "loss": 0.8378466367721558, "acc": 0.027397260069847107, "acc_or": 0.482876718044281, "sender_entropy": 2.3013503551483154, "receiver_entropy": 0.0, "original_loss": 1.0664703845977783, "mean_length": 6.0}
{"mode": "train", "epoch": 34, "loss": 0.4859599471092224, "acc": 0.013470319099724293, "acc_or": 0.3620433807373047, "sender_entropy": 2.3013439178466797, "receiver_entropy": 0.0, "original_loss": 1.0962169170379639, "mean_length": 6.0}
{"mode": "test", "epoch": 34, "loss": 0.8387662768363953, "acc": 0.09589041024446487, "acc_or": 0.5, "sender_entropy": 2.3013389110565186, "receiver_entropy": 0.0, "original_loss": 1.0651485919952393, "mean_length": 6.0}
{"mode": "train", "epoch": 35, "loss": 0.4679461121559143, "acc": 0.013470319099724293, "acc_or": 0.35776254534721375, "sender_entropy": 2.301327705383301, "receiver_entropy": 0.0, "original_loss": 1.0963753461837769, "mean_length": 6.0}
{"mode": "test", "epoch": 35, "loss": 0.84452885389328, "acc": 0.12328767031431198, "acc_or": 0.5376712083816528, "sender_entropy": 2.301319122314453, "receiver_entropy": 0.0, "original_loss": 1.0634849071502686, "mean_length": 6.0}
{"mode": "train", "epoch": 36, "loss": 0.4571574926376343, "acc": 0.010502282530069351, "acc_or": 0.3592465817928314, "sender_entropy": 2.301305055618286, "receiver_entropy": 0.0, "original_loss": 1.0960395336151123, "mean_length": 6.0}
{"mode": "test", "epoch": 36, "loss": 0.8579580187797546, "acc": 0.09589041024446487, "acc_or": 0.5239725708961487, "sender_entropy": 2.301290512084961, "receiver_entropy": 0.0, "original_loss": 1.0612372159957886, "mean_length": 6.0}
{"mode": "train", "epoch": 37, "loss": 0.44768649339675903, "acc": 0.014383560977876186, "acc_or": 0.35981735587120056, "sender_entropy": 2.3012800216674805, "receiver_entropy": 0.0, "original_loss": 1.0956569910049438, "mean_length": 6.0}
{"mode": "test", "epoch": 37, "loss": 0.8537944555282593, "acc": 0.06849315017461777, "acc_or": 0.517123281955719, "sender_entropy": 2.3012566566467285, "receiver_entropy": 0.0, "original_loss": 1.0604736804962158, "mean_length": 6.0}
{"mode": "train", "epoch": 38, "loss": 0.4299602508544922, "acc": 0.017123287543654442, "acc_or": 0.3607305884361267, "sender_entropy": 2.3012356758117676, "receiver_entropy": 0.0, "original_loss": 1.0959749221801758, "mean_length": 6.0}
{"mode": "test", "epoch": 38, "loss": 0.8612636923789978, "acc": 0.04109589010477066, "acc_or": 0.4897260367870331, "sender_entropy": 2.3012051582336426, "receiver_entropy": 0.0, "original_loss": 1.058801293373108, "mean_length": 6.0}
{"mode": "train", "epoch": 39, "loss": 0.419620156288147, "acc": 0.013470319099724293, "acc_or": 0.3592465817928314, "sender_entropy": 2.3011763095855713, "receiver_entropy": 0.0, "original_loss": 1.0957732200622559, "mean_length": 6.0}
{"mode": "test", "epoch": 39, "loss": 0.8721823692321777, "acc": 0.06849315017461777, "acc_or": 0.534246563911438, "sender_entropy": 2.301131010055542, "receiver_entropy": 0.0, "original_loss": 1.0568336248397827, "mean_length": 6.0}
{"mode": "train", "epoch": 40, "loss": 0.4128842353820801, "acc": 0.016894977539777756, "acc_or": 0.362214595079422, "sender_entropy": 2.301098346710205, "receiver_entropy": 0.0, "original_loss": 1.0953450202941895, "mean_length": 6.0}
{"mode": "test", "epoch": 40, "loss": 0.8861467838287354, "acc": 0.09589041024446487, "acc_or": 0.5616438388824463, "sender_entropy": 2.3010342121124268, "receiver_entropy": 0.0, "original_loss": 1.0546118021011353, "mean_length": 6.0}
{"mode": "train", "epoch": 41, "loss": 0.40254461765289307, "acc": 0.014611871913075447, "acc_or": 0.3613584339618683, "sender_entropy": 2.3010013103485107, "receiver_entropy": 0.0, "original_loss": 1.0952228307724, "mean_length": 6.0}
{"mode": "test", "epoch": 41, "loss": 0.8948382139205933, "acc": 0.09589041024446487, "acc_or": 0.5719178318977356, "sender_entropy": 2.300922155380249, "receiver_entropy": 0.0, "original_loss": 1.0528786182403564, "mean_length": 6.0}
{"mode": "train", "epoch": 42, "loss": 0.39258939027786255, "acc": 0.015296803787350655, "acc_or": 0.3607305884361267, "sender_entropy": 2.300888776779175, "receiver_entropy": 0.0, "original_loss": 1.0951073169708252, "mean_length": 6.0}
{"mode": "test", "epoch": 42, "loss": 0.9129108190536499, "acc": 0.10958904027938843, "acc_or": 0.5719178318977356, "sender_entropy": 2.3007972240448, "receiver_entropy": 0.0, "original_loss": 1.0504738092422485, "mean_length": 6.0}
{"mode": "train", "epoch": 43, "loss": 0.3855562210083008, "acc": 0.014840182848274708, "acc_or": 0.3642694056034088, "sender_entropy": 2.3007540702819824, "receiver_entropy": 0.0, "original_loss": 1.0948179960250854, "mean_length": 6.0}
{"mode": "test", "epoch": 43, "loss": 0.9498370885848999, "acc": 0.09589041024446487, "acc_or": 0.5787671208381653, "sender_entropy": 2.3006651401519775, "receiver_entropy": 0.0, "original_loss": 1.0466091632843018, "mean_length": 6.0}
{"mode": "train", "epoch": 44, "loss": 0.36900758743286133, "acc": 0.01552511379122734, "acc_or": 0.36261415481567383, "sender_entropy": 2.3006200790405273, "receiver_entropy": 0.0, "original_loss": 1.0952872037887573, "mean_length": 6.0}
{"mode": "test", "epoch": 44, "loss": 0.9821223020553589, "acc": 0.13698630034923553, "acc_or": 0.5719178318977356, "sender_entropy": 2.3005173206329346, "receiver_entropy": 0.0, "original_loss": 1.0431125164031982, "mean_length": 6.0}
{"mode": "train", "epoch": 45, "loss": 0.3719521760940552, "acc": 0.01666666567325592, "acc_or": 0.36598172783851624, "sender_entropy": 2.300469398498535, "receiver_entropy": 0.0, "original_loss": 1.0942877531051636, "mean_length": 6.0}
{"mode": "test", "epoch": 45, "loss": 1.016385793685913, "acc": 0.12328767031431198, "acc_or": 0.602739691734314, "sender_entropy": 2.3003458976745605, "receiver_entropy": 0.0, "original_loss": 1.0394012928009033, "mean_length": 6.0}
{"mode": "train", "epoch": 46, "loss": 0.3580317497253418, "acc": 0.015296803787350655, "acc_or": 0.3647831082344055, "sender_entropy": 2.3002986907958984, "receiver_entropy": 0.0, "original_loss": 1.0946141481399536, "mean_length": 6.0}
{"mode": "test", "epoch": 46, "loss": 1.0443575382232666, "acc": 0.12328767031431198, "acc_or": 0.6301369667053223, "sender_entropy": 2.300154685974121, "receiver_entropy": 0.0, "original_loss": 1.036258578300476, "mean_length": 6.0}
{"mode": "train", "epoch": 47, "loss": 0.35340416431427, "acc": 0.016210045665502548, "acc_or": 0.3716324269771576, "sender_entropy": 2.300105571746826, "receiver_entropy": 0.0, "original_loss": 1.0942503213882446, "mean_length": 6.0}
{"mode": "test", "epoch": 47, "loss": 1.071876883506775, "acc": 0.1506849229335785, "acc_or": 0.6301369667053223, "sender_entropy": 2.299935817718506, "receiver_entropy": 0.0, "original_loss": 1.0331429243087769, "mean_length": 6.0}
{"mode": "train", "epoch": 48, "loss": 0.34345918893814087, "acc": 0.01552511379122734, "acc_or": 0.3652397096157074, "sender_entropy": 2.2998790740966797, "receiver_entropy": 0.0, "original_loss": 1.0943278074264526, "mean_length": 6.0}
{"mode": "test", "epoch": 48, "loss": 1.0994117259979248, "acc": 0.10958904027938843, "acc_or": 0.6130136847496033, "sender_entropy": 2.299677848815918, "receiver_entropy": 0.0, "original_loss": 1.0299813747406006, "mean_length": 6.0}
{"mode": "train", "epoch": 49, "loss": 0.3305665850639343, "acc": 0.014840182848274708, "acc_or": 0.3667808175086975, "sender_entropy": 2.2996301651000977, "receiver_entropy": 0.0, "original_loss": 1.0946698188781738, "mean_length": 6.0}
{"mode": "test", "epoch": 49, "loss": 1.1219439506530762, "acc": 0.09589041024446487, "acc_or": 0.6232876777648926, "sender_entropy": 2.2993972301483154, "receiver_entropy": 0.0, "original_loss": 1.027251958847046, "mean_length": 6.0}
{"mode": "train", "epoch": 50, "loss": 0.3435077667236328, "acc": 0.015068492852151394, "acc_or": 0.37140411138534546, "sender_entropy": 2.299351453781128, "receiver_entropy": 0.0, "original_loss": 1.0930211544036865, "mean_length": 6.0}
{"mode": "test", "epoch": 50, "loss": 1.144390344619751, "acc": 0.12328767031431198, "acc_or": 0.6335616111755371, "sender_entropy": 2.299088716506958, "receiver_entropy": 0.0, "original_loss": 1.024504542350769, "mean_length": 6.0}
{"mode": "train", "epoch": 51, "loss": 0.33130335807800293, "acc": 0.0141552509739995, "acc_or": 0.3704908490180969, "sender_entropy": 2.2990355491638184, "receiver_entropy": 0.0, "original_loss": 1.0933008193969727, "mean_length": 6.0}
{"mode": "test", "epoch": 51, "loss": 1.1652406454086304, "acc": 0.10958904027938843, "acc_or": 0.6164383292198181, "sender_entropy": 2.2987284660339355, "receiver_entropy": 0.0, "original_loss": 1.0219011306762695, "mean_length": 6.0}
{"mode": "train", "epoch": 52, "loss": 0.3302116394042969, "acc": 0.018493151292204857, "acc_or": 0.3729451894760132, "sender_entropy": 2.298673391342163, "receiver_entropy": 0.0, "original_loss": 1.0927585363388062, "mean_length": 6.0}
{"mode": "test", "epoch": 52, "loss": 1.190788745880127, "acc": 0.09589041024446487, "acc_or": 0.6164383292198181, "sender_entropy": 2.298299551010132, "receiver_entropy": 0.0, "original_loss": 1.0188299417495728, "mean_length": 6.0}
{"mode": "train", "epoch": 53, "loss": 0.3248504400253296, "acc": 0.01780821941792965, "acc_or": 0.3729451894760132, "sender_entropy": 2.298246383666992, "receiver_entropy": 0.0, "original_loss": 1.0925687551498413, "mean_length": 6.0}
{"mode": "test", "epoch": 53, "loss": 1.219716191291809, "acc": 0.09589041024446487, "acc_or": 0.6095890402793884, "sender_entropy": 2.2978179454803467, "receiver_entropy": 0.0, "original_loss": 1.0155158042907715, "mean_length": 6.0}
{"mode": "train", "epoch": 54, "loss": 0.3242286443710327, "acc": 0.018493151292204857, "acc_or": 0.3759703040122986, "sender_entropy": 2.297752618789673, "receiver_entropy": 0.0, "original_loss": 1.0920077562332153, "mean_length": 6.0}
{"mode": "test", "epoch": 54, "loss": 1.2574176788330078, "acc": 0.12328767031431198, "acc_or": 0.6369863152503967, "sender_entropy": 2.297255039215088, "receiver_entropy": 0.0, "original_loss": 1.0114248991012573, "mean_length": 6.0}
{"mode": "train", "epoch": 55, "loss": 0.32494908571243286, "acc": 0.01894977129995823, "acc_or": 0.3784817159175873, "sender_entropy": 2.2971813678741455, "receiver_entropy": 0.0, "original_loss": 1.091325044631958, "mean_length": 6.0}
{"mode": "test", "epoch": 55, "loss": 1.3012818098068237, "acc": 0.12328767031431198, "acc_or": 0.6335616111755371, "sender_entropy": 2.296578884124756, "receiver_entropy": 0.0, "original_loss": 1.0066766738891602, "mean_length": 6.0}
{"mode": "train", "epoch": 56, "loss": 0.3228786587715149, "acc": 0.01826483942568302, "acc_or": 0.38144975900650024, "sender_entropy": 2.2964937686920166, "receiver_entropy": 0.0, "original_loss": 1.0909013748168945, "mean_length": 6.0}
{"mode": "test", "epoch": 56, "loss": 1.3466297388076782, "acc": 0.10958904027938843, "acc_or": 0.6232876777648926, "sender_entropy": 2.29577898979187, "receiver_entropy": 0.0, "original_loss": 1.0016931295394897, "mean_length": 6.0}
{"mode": "train", "epoch": 57, "loss": 0.32803237438201904, "acc": 0.019863013178110123, "acc_or": 0.3865867555141449, "sender_entropy": 2.29567551612854, "receiver_entropy": 0.0, "original_loss": 1.0899090766906738, "mean_length": 6.0}
{"mode": "test", "epoch": 57, "loss": 1.3971459865570068, "acc": 0.09589041024446487, "acc_or": 0.6198630332946777, "sender_entropy": 2.2948598861694336, "receiver_entropy": 0.0, "original_loss": 0.9962568879127502, "mean_length": 6.0}
{"mode": "train", "epoch": 58, "loss": 0.33591485023498535, "acc": 0.01940639317035675, "acc_or": 0.3862442970275879, "sender_entropy": 2.2947423458099365, "receiver_entropy": 0.0, "original_loss": 1.088677167892456, "mean_length": 6.0}
{"mode": "test", "epoch": 58, "loss": 1.4532585144042969, "acc": 0.09589041024446487, "acc_or": 0.6164383292198181, "sender_entropy": 2.29376220703125, "receiver_entropy": 0.0, "original_loss": 0.9901309013366699, "mean_length": 6.0}
{"mode": "train", "epoch": 59, "loss": 0.3391379117965698, "acc": 0.01940639317035675, "acc_or": 0.3860730528831482, "sender_entropy": 2.293614625930786, "receiver_entropy": 0.0, "original_loss": 1.0877389907836914, "mean_length": 6.0}
{"mode": "test", "epoch": 59, "loss": 1.523216962814331, "acc": 0.10958904027938843, "acc_or": 0.6267123222351074, "sender_entropy": 2.2923598289489746, "receiver_entropy": 0.0, "original_loss": 0.9825209379196167, "mean_length": 6.0}
{"mode": "train", "epoch": 60, "loss": 0.3450016975402832, "acc": 0.024885844439268112, "acc_or": 0.392808198928833, "sender_entropy": 2.2921876907348633, "receiver_entropy": 0.0, "original_loss": 1.0866714715957642, "mean_length": 6.0}
{"mode": "test", "epoch": 60, "loss": 1.5902632474899292, "acc": 0.12328767031431198, "acc_or": 0.6301369667053223, "sender_entropy": 2.290640115737915, "receiver_entropy": 0.0, "original_loss": 0.9748566150665283, "mean_length": 6.0}
{"mode": "train", "epoch": 61, "loss": 0.36629462242126465, "acc": 0.02009132318198681, "acc_or": 0.3962899446487427, "sender_entropy": 2.2904253005981445, "receiver_entropy": 0.0, "original_loss": 1.0843546390533447, "mean_length": 6.0}
{"mode": "test", "epoch": 61, "loss": 1.6503854990005493, "acc": 0.10958904027938843, "acc_or": 0.6267123222351074, "sender_entropy": 2.28855299949646, "receiver_entropy": 0.0, "original_loss": 0.967376708984375, "mean_length": 6.0}
{"mode": "train", "epoch": 62, "loss": 0.3898047208786011, "acc": 0.02328767068684101, "acc_or": 0.4043949842453003, "sender_entropy": 2.2882962226867676, "receiver_entropy": 0.0, "original_loss": 1.0817464590072632, "mean_length": 6.0}
{"mode": "test", "epoch": 62, "loss": 1.7207107543945312, "acc": 0.13698630034923553, "acc_or": 0.6267123222351074, "sender_entropy": 2.2859368324279785, "receiver_entropy": 0.0, "original_loss": 0.9585642218589783, "mean_length": 6.0}
{"mode": "train", "epoch": 63, "loss": 0.410719633102417, "acc": 0.02283105067908764, "acc_or": 0.406278520822525, "sender_entropy": 2.2856078147888184, "receiver_entropy": 0.0, "original_loss": 1.079301118850708, "mean_length": 6.0}
{"mode": "test", "epoch": 63, "loss": 1.7796432971954346, "acc": 0.08219178020954132, "acc_or": 0.6130136847496033, "sender_entropy": 2.282650947570801, "receiver_entropy": 0.0, "original_loss": 0.9500768780708313, "mean_length": 6.0}
{"mode": "train", "epoch": 64, "loss": 0.44298046827316284, "acc": 0.023515980690717697, "acc_or": 0.4143264889717102, "sender_entropy": 2.2822372913360596, "receiver_entropy": 0.0, "original_loss": 1.0758403539657593, "mean_length": 6.0}
{"mode": "test", "epoch": 64, "loss": 1.840555191040039, "acc": 0.09589041024446487, "acc_or": 0.602739691734314, "sender_entropy": 2.2783284187316895, "receiver_entropy": 0.0, "original_loss": 0.9406164288520813, "mean_length": 6.0}
{"mode": "train", "epoch": 65, "loss": 0.4777025580406189, "acc": 0.03287671133875847, "acc_or": 0.42060500383377075, "sender_entropy": 2.2778079509735107, "receiver_entropy": 0.0, "original_loss": 1.0720256567001343, "mean_length": 6.0}
{"mode": "test", "epoch": 65, "loss": 1.9016460180282593, "acc": 0.08219178020954132, "acc_or": 0.5958904027938843, "sender_entropy": 2.272508144378662, "receiver_entropy": 0.0, "original_loss": 0.9300919771194458, "mean_length": 6.0}
{"mode": "train", "epoch": 66, "loss": 0.5501691699028015, "acc": 0.03264839947223663, "acc_or": 0.4354451894760132, "sender_entropy": 2.2718310356140137, "receiver_entropy": 0.0, "original_loss": 1.0650771856307983, "mean_length": 6.0}
{"mode": "test", "epoch": 66, "loss": 1.96089506149292, "acc": 0.08219178020954132, "acc_or": 0.585616409778595, "sender_entropy": 2.264859437942505, "receiver_entropy": 0.0, "original_loss": 0.9182001352310181, "mean_length": 6.0}
{"mode": "train", "epoch": 67, "loss": 0.6331366896629333, "acc": 0.03287671133875847, "acc_or": 0.44292235374450684, "sender_entropy": 2.263962745666504, "receiver_entropy": 0.0, "original_loss": 1.0568820238113403, "mean_length": 6.0}
{"mode": "test", "epoch": 67, "loss": 2.011918783187866, "acc": 0.054794520139694214, "acc_or": 0.5753424763679504, "sender_entropy": 2.2544310092926025, "receiver_entropy": 0.0, "original_loss": 0.9055213332176208, "mean_length": 6.0}
{"mode": "train", "epoch": 68, "loss": 0.71739262342453, "acc": 0.037442922592163086, "acc_or": 0.45171231031417847, "sender_entropy": 2.2532522678375244, "receiver_entropy": 0.0, "original_loss": 1.0482875108718872, "mean_length": 6.0}
{"mode": "test", "epoch": 68, "loss": 2.0366814136505127, "acc": 0.054794520139694214, "acc_or": 0.5719178318977356, "sender_entropy": 2.241039514541626, "receiver_entropy": 0.0, "original_loss": 0.8932996988296509, "mean_length": 6.0}
{"mode": "train", "epoch": 69, "loss": 0.8303318023681641, "acc": 0.04178082197904587, "acc_or": 0.46078765392303467, "sender_entropy": 2.239469051361084, "receiver_entropy": 0.0, "original_loss": 1.03682541847229, "mean_length": 6.0}
{"mode": "test", "epoch": 69, "loss": 2.049739360809326, "acc": 0.054794520139694214, "acc_or": 0.568493127822876, "sender_entropy": 2.225297212600708, "receiver_entropy": 0.0, "original_loss": 0.8823943138122559, "mean_length": 6.0}
{"mode": "train", "epoch": 70, "loss": 0.9651405811309814, "acc": 0.042009130120277405, "acc_or": 0.4732876718044281, "sender_entropy": 2.2231602668762207, "receiver_entropy": 0.0, "original_loss": 1.023296594619751, "mean_length": 6.0}
{"mode": "test", "epoch": 70, "loss": 2.0539135932922363, "acc": 0.054794520139694214, "acc_or": 0.5582191944122314, "sender_entropy": 2.2085459232330322, "receiver_entropy": 0.0, "original_loss": 0.8720327019691467, "mean_length": 6.0}
{"mode": "train", "epoch": 71, "loss": 1.117903232574463, "acc": 0.04657534137368202, "acc_or": 0.48510274291038513, "sender_entropy": 2.205712080001831, "receiver_entropy": 0.0, "original_loss": 1.0069637298583984, "mean_length": 6.0}
{"mode": "test", "epoch": 71, "loss": 2.108992099761963, "acc": 0.054794520139694214, "acc_or": 0.5924657583236694, "sender_entropy": 2.19018292427063, "receiver_entropy": 0.0, "original_loss": 0.8580374717712402, "mean_length": 6.0}
{"mode": "train", "epoch": 72, "loss": 1.2736942768096924, "acc": 0.04634702950716019, "acc_or": 0.4927511215209961, "sender_entropy": 2.1865336894989014, "receiver_entropy": 0.0, "original_loss": 0.9912694692611694, "mean_length": 6.0}
{"mode": "test", "epoch": 72, "loss": 2.1848254203796387, "acc": 0.054794520139694214, "acc_or": 0.585616409778595, "sender_entropy": 2.1776187419891357, "receiver_entropy": 0.0, "original_loss": 0.8439076542854309, "mean_length": 6.0}
{"mode": "train", "epoch": 73, "loss": 1.3945856094360352, "acc": 0.053652968257665634, "acc_or": 0.5065639019012451, "sender_entropy": 2.173062801361084, "receiver_entropy": 0.0, "original_loss": 0.9775709509849548, "mean_length": 6.0}
{"mode": "test", "epoch": 73, "loss": 2.327698230743408, "acc": 0.054794520139694214, "acc_or": 0.5924657583236694, "sender_entropy": 2.1707406044006348, "receiver_entropy": 0.0, "original_loss": 0.8273237347602844, "mean_length": 6.0}
{"mode": "train", "epoch": 74, "loss": 1.482028603553772, "acc": 0.05159817263484001, "acc_or": 0.5037671327590942, "sender_entropy": 2.16615629196167, "receiver_entropy": 0.0, "original_loss": 0.96568763256073, "mean_length": 6.0}
{"mode": "test", "epoch": 74, "loss": 2.5019900798797607, "acc": 0.09589041024446487, "acc_or": 0.5958904027938843, "sender_entropy": 2.156578540802002, "receiver_entropy": 0.0, "original_loss": 0.8006879091262817, "mean_length": 6.0}
{"mode": "train", "epoch": 75, "loss": 1.488808035850525, "acc": 0.06050228327512741, "acc_or": 0.5199771523475647, "sender_entropy": 2.1515259742736816, "receiver_entropy": 0.0, "original_loss": 0.9624437093734741, "mean_length": 6.0}
{"mode": "test", "epoch": 75, "loss": 2.4017744064331055, "acc": 0.10958904027938843, "acc_or": 0.6095890402793884, "sender_entropy": 2.135244607925415, "receiver_entropy": 0.0, "original_loss": 0.8018757104873657, "mean_length": 6.0}
{"mode": "train", "epoch": 76, "loss": 1.5836971998214722, "acc": 0.05456620827317238, "acc_or": 0.5158675909042358, "sender_entropy": 2.129150152206421, "receiver_entropy": 0.0, "original_loss": 0.9493598937988281, "mean_length": 6.0}
{"mode": "test", "epoch": 76, "loss": 2.511619806289673, "acc": 0.09589041024446487, "acc_or": 0.5890411138534546, "sender_entropy": 2.1229612827301025, "receiver_entropy": 0.0, "original_loss": 0.7840692400932312, "mean_length": 6.0}
{"mode": "train", "epoch": 77, "loss": 1.8725686073303223, "acc": 0.07077625393867493, "acc_or": 0.544748842716217, "sender_entropy": 2.115875005722046, "receiver_entropy": 0.0, "original_loss": 0.9212306141853333, "mean_length": 6.0}
{"mode": "test", "epoch": 77, "loss": 2.4420390129089355, "acc": 0.09589041024446487, "acc_or": 0.6061643958091736, "sender_entropy": 2.110466957092285, "receiver_entropy": 0.0, "original_loss": 0.7858951091766357, "mean_length": 6.0}
{"mode": "train", "epoch": 78, "loss": 1.903540849685669, "acc": 0.0719178095459938, "acc_or": 0.5466324090957642, "sender_entropy": 2.102513074874878, "receiver_entropy": 0.0, "original_loss": 0.9132800102233887, "mean_length": 6.0}
{"mode": "test", "epoch": 78, "loss": 2.5633885860443115, "acc": 0.12328767031431198, "acc_or": 0.6095890402793884, "sender_entropy": 2.100642681121826, "receiver_entropy": 0.0, "original_loss": 0.7671002745628357, "mean_length": 6.0}
{"mode": "train", "epoch": 79, "loss": 2.054919719696045, "acc": 0.07305935770273209, "acc_or": 0.5512557029724121, "sender_entropy": 2.090651035308838, "receiver_entropy": 0.0, "original_loss": 0.8977088928222656, "mean_length": 6.0}
{"mode": "test", "epoch": 79, "loss": 2.63722825050354, "acc": 0.10958904027938843, "acc_or": 0.6267123222351074, "sender_entropy": 2.096365451812744, "receiver_entropy": 0.0, "original_loss": 0.7584632039070129, "mean_length": 6.0}
{"mode": "train", "epoch": 80, "loss": 2.041919708251953, "acc": 0.07853881269693375, "acc_or": 0.5579908490180969, "sender_entropy": 2.0829663276672363, "receiver_entropy": 0.0, "original_loss": 0.8956261873245239, "mean_length": 6.0}
{"mode": "test", "epoch": 80, "loss": 2.8832805156707764, "acc": 0.12328767031431198, "acc_or": 0.6369863152503967, "sender_entropy": 2.1012401580810547, "receiver_entropy": 0.0, "original_loss": 0.7325246930122375, "mean_length": 6.0}
{"mode": "train", "epoch": 81, "loss": 2.0825016498565674, "acc": 0.08378995209932327, "acc_or": 0.5624428987503052, "sender_entropy": 2.087632894515991, "receiver_entropy": 0.0, "original_loss": 0.8891645073890686, "mean_length": 6.0}
{"mode": "test", "epoch": 81, "loss": 2.878142833709717, "acc": 0.16438356041908264, "acc_or": 0.6404109597206116, "sender_entropy": 2.0996153354644775, "receiver_entropy": 0.0, "original_loss": 0.7311860918998718, "mean_length": 6.0}
{"mode": "train", "epoch": 82, "loss": 2.0894722938537598, "acc": 0.08470319211483002, "acc_or": 0.5649543404579163, "sender_entropy": 2.085484743118286, "receiver_entropy": 0.0, "original_loss": 0.8848981857299805, "mean_length": 6.0}
{"mode": "test", "epoch": 82, "loss": 2.945138931274414, "acc": 0.1506849229335785, "acc_or": 0.6506849527359009, "sender_entropy": 2.0889475345611572, "receiver_entropy": 0.0, "original_loss": 0.7155357003211975, "mean_length": 6.0}
{"mode": "train", "epoch": 83, "loss": 2.2050907611846924, "acc": 0.09269405901432037, "acc_or": 0.5766552686691284, "sender_entropy": 2.0710160732269287, "receiver_entropy": 0.0, "original_loss": 0.8708214163780212, "mean_length": 6.0}
{"mode": "test", "epoch": 83, "loss": 2.8298301696777344, "acc": 0.13698630034923553, "acc_or": 0.6609588861465454, "sender_entropy": 2.0717766284942627, "receiver_entropy": 0.0, "original_loss": 0.715642511844635, "mean_length": 6.0}
{"mode": "train", "epoch": 84, "loss": 2.285999298095703, "acc": 0.08789954334497452, "acc_or": 0.5835616588592529, "sender_entropy": 2.0528371334075928, "receiver_entropy": 0.0, "original_loss": 0.861031174659729, "mean_length": 6.0}
{"mode": "test", "epoch": 84, "loss": 3.1102194786071777, "acc": 0.1780821979045868, "acc_or": 0.6917808055877686, "sender_entropy": 2.0729708671569824, "receiver_entropy": 0.0, "original_loss": 0.6853017807006836, "mean_length": 6.0}
{"mode": "train", "epoch": 85, "loss": 2.3586740493774414, "acc": 0.09292237460613251, "acc_or": 0.5835616588592529, "sender_entropy": 2.053816080093384, "receiver_entropy": 0.0, "original_loss": 0.8512417674064636, "mean_length": 6.0}
{"mode": "test", "epoch": 85, "loss": 3.325828790664673, "acc": 0.24657534062862396, "acc_or": 0.7294520735740662, "sender_entropy": 2.078077793121338, "receiver_entropy": 0.0, "original_loss": 0.6661548018455505, "mean_length": 6.0}
{"mode": "train", "epoch": 86, "loss": 2.2672412395477295, "acc": 0.10136985778808594, "acc_or": 0.5808789730072021, "sender_entropy": 2.056279182434082, "receiver_entropy": 0.0, "original_loss": 0.8562831282615662, "mean_length": 6.0}
{"mode": "test", "epoch": 86, "loss": 3.389960289001465, "acc": 0.24657534062862396, "acc_or": 0.7260273694992065, "sender_entropy": 2.071218490600586, "receiver_entropy": 0.0, "original_loss": 0.6550845503807068, "mean_length": 6.0}
{"mode": "train", "epoch": 87, "loss": 2.3663330078125, "acc": 0.10342465341091156, "acc_or": 0.5932077765464783, "sender_entropy": 2.0494866371154785, "receiver_entropy": 0.0, "original_loss": 0.8434986472129822, "mean_length": 6.0}
{"mode": "test", "epoch": 87, "loss": 3.282219648361206, "acc": 0.21917808055877686, "acc_or": 0.7260273694992065, "sender_entropy": 2.0528757572174072, "receiver_entropy": 0.0, "original_loss": 0.6554694175720215, "mean_length": 6.0}
{"mode": "train", "epoch": 88, "loss": 2.4533348083496094, "acc": 0.10707762092351913, "acc_or": 0.5940068364143372, "sender_entropy": 2.023197889328003, "receiver_entropy": 0.0, "original_loss": 0.830183744430542, "mean_length": 6.0}
{"mode": "test", "epoch": 88, "loss": 3.224484920501709, "acc": 0.27397260069847107, "acc_or": 0.732876718044281, "sender_entropy": 2.031520128250122, "receiver_entropy": 0.0, "original_loss": 0.6491155624389648, "mean_length": 6.0}
{"mode": "train", "epoch": 89, "loss": 2.648866653442383, "acc": 0.11803653091192245, "acc_or": 0.6106164455413818, "sender_entropy": 1.9996933937072754, "receiver_entropy": 0.0, "original_loss": 0.8089548349380493, "mean_length": 6.0}
{"mode": "test", "epoch": 89, "loss": 3.3412904739379883, "acc": 0.2602739632129669, "acc_or": 0.732876718044281, "sender_entropy": 2.023705005645752, "receiver_entropy": 0.0, "original_loss": 0.6304031610488892, "mean_length": 6.0}
{"mode": "train", "epoch": 90, "loss": 2.7198336124420166, "acc": 0.12123287469148636, "acc_or": 0.6188926696777344, "sender_entropy": 1.9905376434326172, "receiver_entropy": 0.0, "original_loss": 0.7979554533958435, "mean_length": 6.0}
{"mode": "test", "epoch": 90, "loss": 3.480151653289795, "acc": 0.27397260069847107, "acc_or": 0.7294520735740662, "sender_entropy": 2.027711868286133, "receiver_entropy": 0.0, "original_loss": 0.612797200679779, "mean_length": 6.0}
{"mode": "train", "epoch": 91, "loss": 2.7748124599456787, "acc": 0.12054794281721115, "acc_or": 0.6230593323707581, "sender_entropy": 1.994889259338379, "receiver_entropy": 0.0, "original_loss": 0.7894178032875061, "mean_length": 6.0}
{"mode": "test", "epoch": 91, "loss": 3.518946409225464, "acc": 0.24657534062862396, "acc_or": 0.7397260069847107, "sender_entropy": 2.0282058715820312, "receiver_entropy": 0.0, "original_loss": 0.6031816005706787, "mean_length": 6.0}
{"mode": "train", "epoch": 92, "loss": 2.7945985794067383, "acc": 0.12899543344974518, "acc_or": 0.6284246444702148, "sender_entropy": 1.9970852136611938, "receiver_entropy": 0.0, "original_loss": 0.7838882803916931, "mean_length": 6.0}
{"mode": "test", "epoch": 92, "loss": 3.4396090507507324, "acc": 0.27397260069847107, "acc_or": 0.7363013625144958, "sender_entropy": 2.0198557376861572, "receiver_entropy": 0.0, "original_loss": 0.6049082279205322, "mean_length": 6.0}
{"mode": "train", "epoch": 93, "loss": 2.7868056297302246, "acc": 0.12648402154445648, "acc_or": 0.6240867376327515, "sender_entropy": 1.9878284931182861, "receiver_entropy": 0.0, "original_loss": 0.7799967527389526, "mean_length": 6.0}
{"mode": "test", "epoch": 93, "loss": 3.432563304901123, "acc": 0.21917808055877686, "acc_or": 0.7260273694992065, "sender_entropy": 2.01161527633667, "receiver_entropy": 0.0, "original_loss": 0.5988428592681885, "mean_length": 6.0}
{"mode": "train", "epoch": 94, "loss": 2.815854072570801, "acc": 0.12899543344974518, "acc_or": 0.6298515796661377, "sender_entropy": 1.9784363508224487, "receiver_entropy": 0.0, "original_loss": 0.7707934975624084, "mean_length": 6.0}
{"mode": "test", "epoch": 94, "loss": 3.4510438442230225, "acc": 0.232876718044281, "acc_or": 0.7363013625144958, "sender_entropy": 1.9960148334503174, "receiver_entropy": 0.0, "original_loss": 0.5851386189460754, "mean_length": 6.0}
{"mode": "train", "epoch": 95, "loss": 2.9334728717803955, "acc": 0.13127852976322174, "acc_or": 0.6386986374855042, "sender_entropy": 1.9642707109451294, "receiver_entropy": 0.0, "original_loss": 0.7557223439216614, "mean_length": 6.0}
{"mode": "test", "epoch": 95, "loss": 3.4191622734069824, "acc": 0.232876718044281, "acc_or": 0.7397260069847107, "sender_entropy": 1.981691837310791, "receiver_entropy": 0.0, "original_loss": 0.5790988206863403, "mean_length": 6.0}
{"mode": "train", "epoch": 96, "loss": 3.0224452018737793, "acc": 0.15022830665111542, "acc_or": 0.6484588980674744, "sender_entropy": 1.9517453908920288, "receiver_entropy": 0.0, "original_loss": 0.7410354614257812, "mean_length": 6.0}
{"mode": "test", "epoch": 96, "loss": 3.4874415397644043, "acc": 0.2602739632129669, "acc_or": 0.7602739930152893, "sender_entropy": 1.9689161777496338, "receiver_entropy": 0.0, "original_loss": 0.562987208366394, "mean_length": 6.0}
{"mode": "train", "epoch": 97, "loss": 3.060047149658203, "acc": 0.15913242101669312, "acc_or": 0.6571347117424011, "sender_entropy": 1.9319941997528076, "receiver_entropy": 0.0, "original_loss": 0.7309626340866089, "mean_length": 6.0}
{"mode": "test", "epoch": 97, "loss": 3.441089153289795, "acc": 0.232876718044281, "acc_or": 0.75, "sender_entropy": 1.953514575958252, "receiver_entropy": 0.0, "original_loss": 0.5594874024391174, "mean_length": 6.0}
{"mode": "train", "epoch": 98, "loss": 3.16192889213562, "acc": 0.16803652048110962, "acc_or": 0.6672945022583008, "sender_entropy": 1.9095219373703003, "receiver_entropy": 0.0, "original_loss": 0.7153372764587402, "mean_length": 6.0}
{"mode": "test", "epoch": 98, "loss": 3.469494342803955, "acc": 0.2602739632129669, "acc_or": 0.7602739930152893, "sender_entropy": 1.9516993761062622, "receiver_entropy": 0.0, "original_loss": 0.5523496866226196, "mean_length": 6.0}
{"mode": "train", "epoch": 99, "loss": 3.2785706520080566, "acc": 0.17922374606132507, "acc_or": 0.6766552329063416, "sender_entropy": 1.899193286895752, "receiver_entropy": 0.0, "original_loss": 0.6989458799362183, "mean_length": 6.0}
{"mode": "test", "epoch": 99, "loss": 3.5595550537109375, "acc": 0.27397260069847107, "acc_or": 0.7705479264259338, "sender_entropy": 1.9541393518447876, "receiver_entropy": 0.0, "original_loss": 0.5358709096908569, "mean_length": 6.0}
{"mode": "train", "epoch": 100, "loss": 3.2242753505706787, "acc": 0.1737442910671234, "acc_or": 0.6718036532402039, "sender_entropy": 1.9014606475830078, "receiver_entropy": 0.0, "original_loss": 0.6997249722480774, "mean_length": 6.0}
{"mode": "test", "epoch": 100, "loss": 3.609863758087158, "acc": 0.301369845867157, "acc_or": 0.7808219194412231, "sender_entropy": 1.9570088386535645, "receiver_entropy": 0.0, "original_loss": 0.5254160761833191, "mean_length": 6.0}
{"mode": "train", "epoch": 101, "loss": 3.279665470123291, "acc": 0.1876712292432785, "acc_or": 0.6807648539543152, "sender_entropy": 1.9047815799713135, "receiver_entropy": 0.0, "original_loss": 0.6908661127090454, "mean_length": 6.0}
{"mode": "test", "epoch": 101, "loss": 3.6666452884674072, "acc": 0.34246575832366943, "acc_or": 0.801369845867157, "sender_entropy": 1.9535071849822998, "receiver_entropy": 0.0, "original_loss": 0.5117170810699463, "mean_length": 6.0}
{"mode": "train", "epoch": 102, "loss": 3.1879661083221436, "acc": 0.18538811802864075, "acc_or": 0.6783105134963989, "sender_entropy": 1.9039902687072754, "receiver_entropy": 0.0, "original_loss": 0.6955073475837708, "mean_length": 6.0}
{"mode": "test", "epoch": 102, "loss": 3.665367364883423, "acc": 0.3287671208381653, "acc_or": 0.784246563911438, "sender_entropy": 1.954864501953125, "receiver_entropy": 0.0, "original_loss": 0.5089613795280457, "mean_length": 6.0}
{"mode": "train", "epoch": 103, "loss": 3.2568016052246094, "acc": 0.1990867555141449, "acc_or": 0.6847602725028992, "sender_entropy": 1.9052470922470093, "receiver_entropy": 0.0, "original_loss": 0.682505190372467, "mean_length": 6.0}
{"mode": "test", "epoch": 103, "loss": 3.7099318504333496, "acc": 0.27397260069847107, "acc_or": 0.784246563911438, "sender_entropy": 1.9483802318572998, "receiver_entropy": 0.0, "original_loss": 0.4989945888519287, "mean_length": 6.0}
{"mode": "train", "epoch": 104, "loss": 3.272968292236328, "acc": 0.20433789491653442, "acc_or": 0.6925228238105774, "sender_entropy": 1.8931502103805542, "receiver_entropy": 0.0, "original_loss": 0.6748040914535522, "mean_length": 6.0}
{"mode": "test", "epoch": 104, "loss": 3.8291594982147217, "acc": 0.34246575832366943, "acc_or": 0.8082191944122314, "sender_entropy": 1.937744379043579, "receiver_entropy": 0.0, "original_loss": 0.47789105772972107, "mean_length": 6.0}
{"mode": "train", "epoch": 105, "loss": 3.3737964630126953, "acc": 0.21095889806747437, "acc_or": 0.6984018087387085, "sender_entropy": 1.8780796527862549, "receiver_entropy": 0.0, "original_loss": 0.6613652110099792, "mean_length": 6.0}
{"mode": "test", "epoch": 105, "loss": 3.88096022605896, "acc": 0.36986300349235535, "acc_or": 0.784246563911438, "sender_entropy": 1.9273062944412231, "receiver_entropy": 0.0, "original_loss": 0.46384403109550476, "mean_length": 6.0}
{"mode": "train", "epoch": 106, "loss": 3.505279541015625, "acc": 0.22054794430732727, "acc_or": 0.7103310227394104, "sender_entropy": 1.8648786544799805, "receiver_entropy": 0.0, "original_loss": 0.6430023312568665, "mean_length": 6.0}
{"mode": "test", "epoch": 106, "loss": 3.8877410888671875, "acc": 0.42465752363204956, "acc_or": 0.818493127822876, "sender_entropy": 1.911246418952942, "receiver_entropy": 0.0, "original_loss": 0.4481258690357208, "mean_length": 6.0}
{"mode": "train", "epoch": 107, "loss": 3.5388588905334473, "acc": 0.22694063186645508, "acc_or": 0.7101027369499207, "sender_entropy": 1.851081132888794, "receiver_entropy": 0.0, "original_loss": 0.6347030401229858, "mean_length": 6.0}
{"mode": "test", "epoch": 107, "loss": 3.8634166717529297, "acc": 0.45205479860305786, "acc_or": 0.8321917653083801, "sender_entropy": 1.8993154764175415, "receiver_entropy": 0.0, "original_loss": 0.4399278163909912, "mean_length": 6.0}
{"mode": "train", "epoch": 108, "loss": 3.5133132934570312, "acc": 0.23105022311210632, "acc_or": 0.7187785506248474, "sender_entropy": 1.8361207246780396, "receiver_entropy": 0.0, "original_loss": 0.6299906969070435, "mean_length": 6.0}
{"mode": "test", "epoch": 108, "loss": 3.9009463787078857, "acc": 0.4794520437717438, "acc_or": 0.852739691734314, "sender_entropy": 1.8906909227371216, "receiver_entropy": 0.0, "original_loss": 0.4261314272880554, "mean_length": 6.0}
{"mode": "train", "epoch": 109, "loss": 3.6188671588897705, "acc": 0.24406392872333527, "acc_or": 0.7239726185798645, "sender_entropy": 1.8279496431350708, "receiver_entropy": 0.0, "original_loss": 0.6154573559761047, "mean_length": 6.0}
{"mode": "test", "epoch": 109, "loss": 3.998866081237793, "acc": 0.4931506812572479, "acc_or": 0.8595890402793884, "sender_entropy": 1.8850514888763428, "receiver_entropy": 0.0, "original_loss": 0.40350234508514404, "mean_length": 6.0}
{"mode": "train", "epoch": 110, "loss": 3.6553702354431152, "acc": 0.24703195691108704, "acc_or": 0.7271118760108948, "sender_entropy": 1.823828935623169, "receiver_entropy": 0.0, "original_loss": 0.6059346199035645, "mean_length": 6.0}
{"mode": "test", "epoch": 110, "loss": 4.0395941734313965, "acc": 0.5205479264259338, "acc_or": 0.8595890402793884, "sender_entropy": 1.883556842803955, "receiver_entropy": 0.0, "original_loss": 0.39135846495628357, "mean_length": 6.0}
{"mode": "train", "epoch": 111, "loss": 3.5823941230773926, "acc": 0.25205478072166443, "acc_or": 0.7319634556770325, "sender_entropy": 1.824318289756775, "receiver_entropy": 0.0, "original_loss": 0.6101379990577698, "mean_length": 6.0}
{"mode": "test", "epoch": 111, "loss": 4.044154644012451, "acc": 0.4794520437717438, "acc_or": 0.852739691734314, "sender_entropy": 1.8773685693740845, "receiver_entropy": 0.0, "original_loss": 0.3826117515563965, "mean_length": 6.0}
{"mode": "train", "epoch": 112, "loss": 3.6551222801208496, "acc": 0.26164382696151733, "acc_or": 0.7372716665267944, "sender_entropy": 1.821377158164978, "receiver_entropy": 0.0, "original_loss": 0.5989252328872681, "mean_length": 6.0}
{"mode": "test", "epoch": 112, "loss": 4.0173797607421875, "acc": 0.4383561611175537, "acc_or": 0.8458904027938843, "sender_entropy": 1.8789950609207153, "receiver_entropy": 0.0, "original_loss": 0.3851332664489746, "mean_length": 6.0}
{"mode": "train", "epoch": 113, "loss": 3.644836187362671, "acc": 0.26415523886680603, "acc_or": 0.7373858094215393, "sender_entropy": 1.8172760009765625, "receiver_entropy": 0.0, "original_loss": 0.5921652913093567, "mean_length": 6.0}
{"mode": "test", "epoch": 113, "loss": 4.066015720367432, "acc": 0.45205479860305786, "acc_or": 0.852739691734314, "sender_entropy": 1.8709063529968262, "receiver_entropy": 0.0, "original_loss": 0.3684495985507965, "mean_length": 6.0}
{"mode": "train", "epoch": 114, "loss": 3.827234983444214, "acc": 0.2867579758167267, "acc_or": 0.748002290725708, "sender_entropy": 1.8035211563110352, "receiver_entropy": 0.0, "original_loss": 0.5681774616241455, "mean_length": 6.0}
{"mode": "test", "epoch": 114, "loss": 3.9879651069641113, "acc": 0.534246563911438, "acc_or": 0.8732876777648926, "sender_entropy": 1.8556052446365356, "receiver_entropy": 0.0, "original_loss": 0.36339834332466125, "mean_length": 6.0}
{"mode": "train", "epoch": 115, "loss": 3.936185121536255, "acc": 0.2945205569267273, "acc_or": 0.7551369667053223, "sender_entropy": 1.7824537754058838, "receiver_entropy": 0.0, "original_loss": 0.5514890551567078, "mean_length": 6.0}
{"mode": "test", "epoch": 115, "loss": 4.025059700012207, "acc": 0.5616438388824463, "acc_or": 0.8732876777648926, "sender_entropy": 1.8499279022216797, "receiver_entropy": 0.0, "original_loss": 0.35165855288505554, "mean_length": 6.0}
{"mode": "train", "epoch": 116, "loss": 3.884408473968506, "acc": 0.3045662045478821, "acc_or": 0.7600456476211548, "sender_entropy": 1.7725695371627808, "receiver_entropy": 0.0, "original_loss": 0.5479038953781128, "mean_length": 6.0}
{"mode": "test", "epoch": 116, "loss": 4.054203510284424, "acc": 0.5753424763679504, "acc_or": 0.8869863152503967, "sender_entropy": 1.8492181301116943, "receiver_entropy": 0.0, "original_loss": 0.3413158655166626, "mean_length": 6.0}
{"mode": "train", "epoch": 117, "loss": 3.9113576412200928, "acc": 0.32100456953048706, "acc_or": 0.7670091390609741, "sender_entropy": 1.767525553703308, "receiver_entropy": 0.0, "original_loss": 0.5395722985267639, "mean_length": 6.0}
{"mode": "test", "epoch": 117, "loss": 4.1061224937438965, "acc": 0.5890411138534546, "acc_or": 0.8904109597206116, "sender_entropy": 1.8471882343292236, "receiver_entropy": 0.0, "original_loss": 0.327435165643692, "mean_length": 6.0}
{"mode": "train", "epoch": 118, "loss": 3.9208717346191406, "acc": 0.3091324269771576, "acc_or": 0.7636415362358093, "sender_entropy": 1.7666614055633545, "receiver_entropy": 0.0, "original_loss": 0.535466730594635, "mean_length": 6.0}
{"mode": "test", "epoch": 118, "loss": 4.153758525848389, "acc": 0.5479452013969421, "acc_or": 0.8801369667053223, "sender_entropy": 1.8477548360824585, "receiver_entropy": 0.0, "original_loss": 0.31755417585372925, "mean_length": 6.0}
{"mode": "train", "epoch": 119, "loss": 3.967764377593994, "acc": 0.33493149280548096, "acc_or": 0.7730022668838501, "sender_entropy": 1.7705810070037842, "receiver_entropy": 0.0, "original_loss": 0.5214998126029968, "mean_length": 6.0}
{"mode": "test", "epoch": 119, "loss": 4.0895538330078125, "acc": 0.5616438388824463, "acc_or": 0.8801369667053223, "sender_entropy": 1.843919038772583, "receiver_entropy": 0.0, "original_loss": 0.31857553124427795, "mean_length": 6.0}
{"mode": "train", "epoch": 120, "loss": 3.937009811401367, "acc": 0.331278532743454, "acc_or": 0.7740867733955383, "sender_entropy": 1.7644624710083008, "receiver_entropy": 0.0, "original_loss": 0.5196523070335388, "mean_length": 6.0}
{"mode": "test", "epoch": 120, "loss": 4.091312408447266, "acc": 0.6164383292198181, "acc_or": 0.9006849527359009, "sender_entropy": 1.8311231136322021, "receiver_entropy": 0.0, "original_loss": 0.3029455542564392, "mean_length": 6.0}
{"mode": "train", "epoch": 121, "loss": 3.9953248500823975, "acc": 0.3550228178501129, "acc_or": 0.7817922234535217, "sender_entropy": 1.7478593587875366, "receiver_entropy": 0.0, "original_loss": 0.5040410161018372, "mean_length": 6.0}
{"mode": "test", "epoch": 121, "loss": 4.034430980682373, "acc": 0.5753424763679504, "acc_or": 0.8869863152503967, "sender_entropy": 1.818827748298645, "receiver_entropy": 0.0, "original_loss": 0.2996884286403656, "mean_length": 6.0}
{"mode": "train", "epoch": 122, "loss": 4.011692047119141, "acc": 0.3652968108654022, "acc_or": 0.7866438031196594, "sender_entropy": 1.7326316833496094, "receiver_entropy": 0.0, "original_loss": 0.4963657557964325, "mean_length": 6.0}
{"mode": "test", "epoch": 122, "loss": 4.029478073120117, "acc": 0.602739691734314, "acc_or": 0.9006849527359009, "sender_entropy": 1.8104065656661987, "receiver_entropy": 0.0, "original_loss": 0.29316550493240356, "mean_length": 6.0}
{"mode": "train", "epoch": 123, "loss": 4.069318771362305, "acc": 0.3739725947380066, "acc_or": 0.7936072945594788, "sender_entropy": 1.7223113775253296, "receiver_entropy": 0.0, "original_loss": 0.4862847626209259, "mean_length": 6.0}
{"mode": "test", "epoch": 123, "loss": 3.9625048637390137, "acc": 0.6301369667053223, "acc_or": 0.9006849527359009, "sender_entropy": 1.8086071014404297, "receiver_entropy": 0.0, "original_loss": 0.2982577085494995, "mean_length": 6.0}
{"mode": "train", "epoch": 124, "loss": 4.00935697555542, "acc": 0.37100455164909363, "acc_or": 0.7901255488395691, "sender_entropy": 1.722494125366211, "receiver_entropy": 0.0, "original_loss": 0.4855906665325165, "mean_length": 6.0}
{"mode": "test", "epoch": 124, "loss": 3.99613618850708, "acc": 0.6301369667053223, "acc_or": 0.8938356041908264, "sender_entropy": 1.8019486665725708, "receiver_entropy": 0.0, "original_loss": 0.2869418263435364, "mean_length": 6.0}
{"mode": "train", "epoch": 125, "loss": 4.028651714324951, "acc": 0.37557077407836914, "acc_or": 0.7941780686378479, "sender_entropy": 1.7173950672149658, "receiver_entropy": 0.0, "original_loss": 0.4786127209663391, "mean_length": 6.0}
{"mode": "test", "epoch": 125, "loss": 4.046965599060059, "acc": 0.5890411138534546, "acc_or": 0.8869863152503967, "sender_entropy": 1.804574728012085, "receiver_entropy": 0.0, "original_loss": 0.2817847728729248, "mean_length": 6.0}
{"mode": "train", "epoch": 126, "loss": 4.089029788970947, "acc": 0.3906392753124237, "acc_or": 0.8021689653396606, "sender_entropy": 1.7191507816314697, "receiver_entropy": 0.0, "original_loss": 0.469090074300766, "mean_length": 6.0}
{"mode": "test", "epoch": 126, "loss": 4.171615123748779, "acc": 0.7123287916183472, "acc_or": 0.9280821681022644, "sender_entropy": 1.8032336235046387, "receiver_entropy": 0.0, "original_loss": 0.2616785764694214, "mean_length": 6.0}
{"mode": "train", "epoch": 127, "loss": 4.10606575012207, "acc": 0.38310500979423523, "acc_or": 0.7988013625144958, "sender_entropy": 1.715503215789795, "receiver_entropy": 0.0, "original_loss": 0.4665975570678711, "mean_length": 6.0}
{"mode": "test", "epoch": 127, "loss": 4.313723087310791, "acc": 0.7808219194412231, "acc_or": 0.9417808055877686, "sender_entropy": 1.8052968978881836, "receiver_entropy": 0.0, "original_loss": 0.24018530547618866, "mean_length": 6.0}
{"mode": "train", "epoch": 128, "loss": 3.9497509002685547, "acc": 0.3899543285369873, "acc_or": 0.7997716665267944, "sender_entropy": 1.7234272956848145, "receiver_entropy": 0.0, "original_loss": 0.4722502827644348, "mean_length": 6.0}
{"mode": "test", "epoch": 128, "loss": 4.2319488525390625, "acc": 0.7397260069847107, "acc_or": 0.9280821681022644, "sender_entropy": 1.7984559535980225, "receiver_entropy": 0.0, "original_loss": 0.24406450986862183, "mean_length": 6.0}
{"mode": "train", "epoch": 129, "loss": 4.087370872497559, "acc": 0.3938356041908264, "acc_or": 0.8031392693519592, "sender_entropy": 1.7093944549560547, "receiver_entropy": 0.0, "original_loss": 0.4550485610961914, "mean_length": 6.0}
{"mode": "test", "epoch": 129, "loss": 4.062060832977295, "acc": 0.698630154132843, "acc_or": 0.9246575236320496, "sender_entropy": 1.7828025817871094, "receiver_entropy": 0.0, "original_loss": 0.2516980767250061, "mean_length": 6.0}
{"mode": "train", "epoch": 130, "loss": 4.162810325622559, "acc": 0.409589022397995, "acc_or": 0.8111301064491272, "sender_entropy": 1.6943540573120117, "receiver_entropy": 0.0, "original_loss": 0.44076842069625854, "mean_length": 6.0}
{"mode": "test", "epoch": 130, "loss": 3.9903321266174316, "acc": 0.6301369667053223, "acc_or": 0.9041095972061157, "sender_entropy": 1.7728636264801025, "receiver_entropy": 0.0, "original_loss": 0.25166839361190796, "mean_length": 6.0}
{"mode": "train", "epoch": 131, "loss": 4.180675506591797, "acc": 0.4262557029724121, "acc_or": 0.8186643719673157, "sender_entropy": 1.6768022775650024, "receiver_entropy": 0.0, "original_loss": 0.42889466881752014, "mean_length": 6.0}
{"mode": "test", "epoch": 131, "loss": 4.083180904388428, "acc": 0.7123287916183472, "acc_or": 0.9246575236320496, "sender_entropy": 1.7695866823196411, "receiver_entropy": 0.0, "original_loss": 0.23241333663463593, "mean_length": 6.0}
{"mode": "train", "epoch": 132, "loss": 4.184658527374268, "acc": 0.4326483905315399, "acc_or": 0.8220890164375305, "sender_entropy": 1.6685174703598022, "receiver_entropy": 0.0, "original_loss": 0.42309504747390747, "mean_length": 6.0}
{"mode": "test", "epoch": 132, "loss": 4.1720805168151855, "acc": 0.7123287916183472, "acc_or": 0.9280821681022644, "sender_entropy": 1.7697741985321045, "receiver_entropy": 0.0, "original_loss": 0.21883825957775116, "mean_length": 6.0}
{"mode": "train", "epoch": 133, "loss": 4.21103572845459, "acc": 0.4573059380054474, "acc_or": 0.8280251026153564, "sender_entropy": 1.6645528078079224, "receiver_entropy": 0.0, "original_loss": 0.41336512565612793, "mean_length": 6.0}
{"mode": "test", "epoch": 133, "loss": 4.255742073059082, "acc": 0.7397260069847107, "acc_or": 0.9349315166473389, "sender_entropy": 1.7712442874908447, "receiver_entropy": 0.0, "original_loss": 0.20378272235393524, "mean_length": 6.0}
{"mode": "train", "epoch": 134, "loss": 4.190950870513916, "acc": 0.4547945261001587, "acc_or": 0.8268835544586182, "sender_entropy": 1.6662561893463135, "receiver_entropy": 0.0, "original_loss": 0.4139108955860138, "mean_length": 6.0}
{"mode": "test", "epoch": 134, "loss": 4.267477035522461, "acc": 0.8082191944122314, "acc_or": 0.9452054500579834, "sender_entropy": 1.7638444900512695, "receiver_entropy": 0.0, "original_loss": 0.19332818686962128, "mean_length": 6.0}
{"mode": "train", "epoch": 135, "loss": 4.270599842071533, "acc": 0.4746575355529785, "acc_or": 0.8370433449745178, "sender_entropy": 1.6641924381256104, "receiver_entropy": 0.0, "original_loss": 0.39796265959739685, "mean_length": 6.0}
{"mode": "test", "epoch": 135, "loss": 4.273062705993652, "acc": 0.8219177722930908, "acc_or": 0.9520547986030579, "sender_entropy": 1.7620943784713745, "receiver_entropy": 0.0, "original_loss": 0.18874241411685944, "mean_length": 6.0}
{"mode": "train", "epoch": 136, "loss": 4.208017349243164, "acc": 0.47922372817993164, "acc_or": 0.8350456357002258, "sender_entropy": 1.6637884378433228, "receiver_entropy": 0.0, "original_loss": 0.3968374729156494, "mean_length": 6.0}
{"mode": "test", "epoch": 136, "loss": 4.170076847076416, "acc": 0.8493150472640991, "acc_or": 0.9623287320137024, "sender_entropy": 1.7554532289505005, "receiver_entropy": 0.0, "original_loss": 0.1951647251844406, "mean_length": 6.0}
{"mode": "train", "epoch": 137, "loss": 4.281210899353027, "acc": 0.47808218002319336, "acc_or": 0.8396689295768738, "sender_entropy": 1.6580731868743896, "receiver_entropy": 0.0, "original_loss": 0.38792625069618225, "mean_length": 6.0}
{"mode": "test", "epoch": 137, "loss": 4.213006496429443, "acc": 0.8630136847496033, "acc_or": 0.965753436088562, "sender_entropy": 1.7550655603408813, "receiver_entropy": 0.0, "original_loss": 0.1828346699476242, "mean_length": 6.0}
{"mode": "train", "epoch": 138, "loss": 4.142612457275391, "acc": 0.4860730469226837, "acc_or": 0.8392122983932495, "sender_entropy": 1.6557172536849976, "receiver_entropy": 0.0, "original_loss": 0.3971374034881592, "mean_length": 6.0}
{"mode": "test", "epoch": 138, "loss": 4.229174613952637, "acc": 0.8219177722930908, "acc_or": 0.9554794430732727, "sender_entropy": 1.7534483671188354, "receiver_entropy": 0.0, "original_loss": 0.17702318727970123, "mean_length": 6.0}
{"mode": "train", "epoch": 139, "loss": 4.174810886383057, "acc": 0.4924657344818115, "acc_or": 0.8420091271400452, "sender_entropy": 1.6532689332962036, "receiver_entropy": 0.0, "original_loss": 0.3909033536911011, "mean_length": 6.0}
{"mode": "test", "epoch": 139, "loss": 4.333266735076904, "acc": 0.8904109597206116, "acc_or": 0.9726027250289917, "sender_entropy": 1.7567251920700073, "receiver_entropy": 0.0, "original_loss": 0.1600736528635025, "mean_length": 6.0}
{"mode": "train", "epoch": 140, "loss": 4.1949872970581055, "acc": 0.49063926935195923, "acc_or": 0.8430935740470886, "sender_entropy": 1.64985990524292, "receiver_entropy": 0.0, "original_loss": 0.3814769685268402, "mean_length": 6.0}
{"mode": "test", "epoch": 140, "loss": 4.199410438537598, "acc": 0.8767123222351074, "acc_or": 0.9691780805587769, "sender_entropy": 1.750059723854065, "receiver_entropy": 0.0, "original_loss": 0.16889448463916779, "mean_length": 6.0}
{"mode": "train", "epoch": 141, "loss": 4.20125150680542, "acc": 0.5057077407836914, "acc_or": 0.8484017848968506, "sender_entropy": 1.644418478012085, "receiver_entropy": 0.0, "original_loss": 0.37660786509513855, "mean_length": 6.0}
{"mode": "test", "epoch": 141, "loss": 4.1433868408203125, "acc": 0.8767123222351074, "acc_or": 0.9691780805587769, "sender_entropy": 1.7448736429214478, "receiver_entropy": 0.0, "original_loss": 0.17119503021240234, "mean_length": 6.0}
{"mode": "train", "epoch": 142, "loss": 4.250134468078613, "acc": 0.5148401856422424, "acc_or": 0.8517122864723206, "sender_entropy": 1.6374808549880981, "receiver_entropy": 0.0, "original_loss": 0.362872451543808, "mean_length": 6.0}
{"mode": "test", "epoch": 142, "loss": 4.208947658538818, "acc": 0.931506872177124, "acc_or": 0.982876718044281, "sender_entropy": 1.7392092943191528, "receiver_entropy": 0.0, "original_loss": 0.15302661061286926, "mean_length": 6.0}
{"mode": "train", "epoch": 143, "loss": 4.212789535522461, "acc": 0.5175799131393433, "acc_or": 0.850741982460022, "sender_entropy": 1.6289734840393066, "receiver_entropy": 0.0, "original_loss": 0.36385899782180786, "mean_length": 6.0}
{"mode": "test", "epoch": 143, "loss": 4.231215476989746, "acc": 0.8904109597206116, "acc_or": 0.9726027250289917, "sender_entropy": 1.7471879720687866, "receiver_entropy": 0.0, "original_loss": 0.15143504738807678, "mean_length": 6.0}
{"mode": "train", "epoch": 144, "loss": 4.2285966873168945, "acc": 0.5125570893287659, "acc_or": 0.8521118760108948, "sender_entropy": 1.635591983795166, "receiver_entropy": 0.0, "original_loss": 0.357976496219635, "mean_length": 6.0}
{"mode": "test", "epoch": 144, "loss": 4.321984767913818, "acc": 0.9452054500579834, "acc_or": 0.9863013625144958, "sender_entropy": 1.7537155151367188, "receiver_entropy": 0.0, "original_loss": 0.14019693434238434, "mean_length": 6.0}
{"mode": "train", "epoch": 145, "loss": 4.196994304656982, "acc": 0.5143835544586182, "acc_or": 0.8509703278541565, "sender_entropy": 1.640170931816101, "receiver_entropy": 0.0, "original_loss": 0.3583267629146576, "mean_length": 6.0}
{"mode": "test", "epoch": 145, "loss": 4.396351337432861, "acc": 0.9863013625144958, "acc_or": 0.9965753555297852, "sender_entropy": 1.7602797746658325, "receiver_entropy": 0.0, "original_loss": 0.13168755173683167, "mean_length": 6.0}
{"mode": "train", "epoch": 146, "loss": 4.148318290710449, "acc": 0.5063926577568054, "acc_or": 0.8490867614746094, "sender_entropy": 1.6409600973129272, "receiver_entropy": 0.0, "original_loss": 0.36190417408943176, "mean_length": 6.0}
{"mode": "test", "epoch": 146, "loss": 4.272358417510986, "acc": 0.9178082346916199, "acc_or": 0.9794520735740662, "sender_entropy": 1.7581747770309448, "receiver_entropy": 0.0, "original_loss": 0.14192497730255127, "mean_length": 6.0}
{"mode": "train", "epoch": 147, "loss": 4.154319763183594, "acc": 0.5324200987815857, "acc_or": 0.8574771285057068, "sender_entropy": 1.6321660280227661, "receiver_entropy": 0.0, "original_loss": 0.35215601325035095, "mean_length": 6.0}
{"mode": "test", "epoch": 147, "loss": 4.147612571716309, "acc": 0.8630136847496033, "acc_or": 0.965753436088562, "sender_entropy": 1.7521004676818848, "receiver_entropy": 0.0, "original_loss": 0.15132716298103333, "mean_length": 6.0}
{"mode": "train", "epoch": 148, "loss": 4.130112171173096, "acc": 0.5189497470855713, "acc_or": 0.8555936217308044, "sender_entropy": 1.6202131509780884, "receiver_entropy": 0.0, "original_loss": 0.3518437445163727, "mean_length": 6.0}
{"mode": "test", "epoch": 148, "loss": 4.155843257904053, "acc": 0.9178082346916199, "acc_or": 0.9794520735740662, "sender_entropy": 1.7385092973709106, "receiver_entropy": 0.0, "original_loss": 0.14106912910938263, "mean_length": 6.0}
{"mode": "train", "epoch": 149, "loss": 4.262979030609131, "acc": 0.5515981912612915, "acc_or": 0.8659816980361938, "sender_entropy": 1.6134514808654785, "receiver_entropy": 0.0, "original_loss": 0.32990553975105286, "mean_length": 6.0}
{"mode": "test", "epoch": 149, "loss": 4.1473822593688965, "acc": 0.931506872177124, "acc_or": 0.982876718044281, "sender_entropy": 1.7313649654388428, "receiver_entropy": 0.0, "original_loss": 0.13253958523273468, "mean_length": 6.0}
{"mode": "train", "epoch": 150, "loss": 4.213812828063965, "acc": 0.5552511215209961, "acc_or": 0.8682077527046204, "sender_entropy": 1.6056044101715088, "receiver_entropy": 0.0, "original_loss": 0.3278537690639496, "mean_length": 6.0}
{"mode": "test", "epoch": 150, "loss": 4.167145252227783, "acc": 0.9726027250289917, "acc_or": 0.9931506514549255, "sender_entropy": 1.731930136680603, "receiver_entropy": 0.0, "original_loss": 0.1254306137561798, "mean_length": 6.0}
{"mode": "train", "epoch": 151, "loss": 4.210258483886719, "acc": 0.5757990479469299, "acc_or": 0.872374415397644, "sender_entropy": 1.6052099466323853, "receiver_entropy": 0.0, "original_loss": 0.32472386956214905, "mean_length": 6.0}
{"mode": "test", "epoch": 151, "loss": 4.11625337600708, "acc": 0.9863013625144958, "acc_or": 0.9965753555297852, "sender_entropy": 1.727363109588623, "receiver_entropy": 0.0, "original_loss": 0.12504766881465912, "mean_length": 6.0}
{"mode": "train", "epoch": 152, "loss": 4.229013442993164, "acc": 0.5780822038650513, "acc_or": 0.8746004700660706, "sender_entropy": 1.6009308099746704, "receiver_entropy": 0.0, "original_loss": 0.31865182518959045, "mean_length": 6.0}
{"mode": "test", "epoch": 152, "loss": 4.055603504180908, "acc": 0.931506872177124, "acc_or": 0.982876718044281, "sender_entropy": 1.729756236076355, "receiver_entropy": 0.0, "original_loss": 0.13149955868721008, "mean_length": 6.0}
{"mode": "train", "epoch": 153, "loss": 4.1627373695373535, "acc": 0.5719177722930908, "acc_or": 0.8714611530303955, "sender_entropy": 1.5945758819580078, "receiver_entropy": 0.0, "original_loss": 0.32216519117355347, "mean_length": 6.0}
{"mode": "test", "epoch": 153, "loss": 4.061562538146973, "acc": 0.9589040875434875, "acc_or": 0.9897260069847107, "sender_entropy": 1.7311235666275024, "receiver_entropy": 0.0, "original_loss": 0.12778708338737488, "mean_length": 6.0}
{"mode": "train", "epoch": 154, "loss": 4.185092926025391, "acc": 0.578310489654541, "acc_or": 0.876997709274292, "sender_entropy": 1.6001994609832764, "receiver_entropy": 0.0, "original_loss": 0.3146834373474121, "mean_length": 6.0}
{"mode": "test", "epoch": 154, "loss": 4.031373500823975, "acc": 0.835616409778595, "acc_or": 0.9589040875434875, "sender_entropy": 1.73222017288208, "receiver_entropy": 0.0, "original_loss": 0.13286446034908295, "mean_length": 6.0}
{"mode": "train", "epoch": 155, "loss": 4.133373737335205, "acc": 0.584931492805481, "acc_or": 0.8757420182228088, "sender_entropy": 1.5975059270858765, "receiver_entropy": 0.0, "original_loss": 0.31427496671676636, "mean_length": 6.0}
{"mode": "test", "epoch": 155, "loss": 4.184352874755859, "acc": 0.9178082346916199, "acc_or": 0.9760273694992065, "sender_entropy": 1.7374359369277954, "receiver_entropy": 0.0, "original_loss": 0.11541763693094254, "mean_length": 6.0}
{"mode": "train", "epoch": 156, "loss": 4.166803359985352, "acc": 0.5988584160804749, "acc_or": 0.8821346759796143, "sender_entropy": 1.6002274751663208, "receiver_entropy": 0.0, "original_loss": 0.3088963031768799, "mean_length": 6.0}
{"mode": "test", "epoch": 156, "loss": 4.209135055541992, "acc": 0.9589040875434875, "acc_or": 0.9897260069847107, "sender_entropy": 1.7361040115356445, "receiver_entropy": 0.0, "original_loss": 0.11041615158319473, "mean_length": 6.0}
{"mode": "train", "epoch": 157, "loss": 4.07518196105957, "acc": 0.5831050276756287, "acc_or": 0.8757420182228088, "sender_entropy": 1.600553274154663, "receiver_entropy": 0.0, "original_loss": 0.31375059485435486, "mean_length": 6.0}
{"mode": "test", "epoch": 157, "loss": 4.138629913330078, "acc": 0.9452054500579834, "acc_or": 0.9863013625144958, "sender_entropy": 1.7312145233154297, "receiver_entropy": 0.0, "original_loss": 0.11102699488401413, "mean_length": 6.0}
{"mode": "train", "epoch": 158, "loss": 4.046419143676758, "acc": 0.5726027488708496, "acc_or": 0.8728880882263184, "sender_entropy": 1.5958473682403564, "receiver_entropy": 0.0, "original_loss": 0.3165360689163208, "mean_length": 6.0}
{"mode": "test", "epoch": 158, "loss": 3.972248077392578, "acc": 0.9041095972061157, "acc_or": 0.9760273694992065, "sender_entropy": 1.7183115482330322, "receiver_entropy": 0.0, "original_loss": 0.12419747561216354, "mean_length": 6.0}
{"mode": "train", "epoch": 159, "loss": 4.117239475250244, "acc": 0.5920091271400452, "acc_or": 0.8798515796661377, "sender_entropy": 1.5858019590377808, "receiver_entropy": 0.0, "original_loss": 0.30114373564720154, "mean_length": 6.0}
{"mode": "test", "epoch": 159, "loss": 4.038754463195801, "acc": 0.9452054500579834, "acc_or": 0.9863013625144958, "sender_entropy": 1.7180074453353882, "receiver_entropy": 0.0, "original_loss": 0.10728032141923904, "mean_length": 6.0}
{"mode": "train", "epoch": 160, "loss": 4.194742202758789, "acc": 0.611872136592865, "acc_or": 0.887499988079071, "sender_entropy": 1.580930471420288, "receiver_entropy": 0.0, "original_loss": 0.28982293605804443, "mean_length": 6.0}
{"mode": "test", "epoch": 160, "loss": 3.9702560901641846, "acc": 0.931506872177124, "acc_or": 0.982876718044281, "sender_entropy": 1.7140192985534668, "receiver_entropy": 0.0, "original_loss": 0.11327606439590454, "mean_length": 6.0}
{"mode": "train", "epoch": 161, "loss": 4.169552803039551, "acc": 0.6095890402793884, "acc_or": 0.8865867257118225, "sender_entropy": 1.5756118297576904, "receiver_entropy": 0.0, "original_loss": 0.28893595933914185, "mean_length": 6.0}
{"mode": "test", "epoch": 161, "loss": 3.9300801753997803, "acc": 0.9452054500579834, "acc_or": 0.9863013625144958, "sender_entropy": 1.7163695096969604, "receiver_entropy": 0.0, "original_loss": 0.11724354326725006, "mean_length": 6.0}
{"mode": "train", "epoch": 162, "loss": 4.165716648101807, "acc": 0.6207762360572815, "acc_or": 0.8897260427474976, "sender_entropy": 1.576301097869873, "receiver_entropy": 0.0, "original_loss": 0.28425902128219604, "mean_length": 6.0}
{"mode": "test", "epoch": 162, "loss": 4.002941131591797, "acc": 0.9452054500579834, "acc_or": 0.9863013625144958, "sender_entropy": 1.7171874046325684, "receiver_entropy": 0.0, "original_loss": 0.10567086189985275, "mean_length": 6.0}
{"mode": "train", "epoch": 163, "loss": 4.046982288360596, "acc": 0.6157534122467041, "acc_or": 0.8871004581451416, "sender_entropy": 1.57651948928833, "receiver_entropy": 0.0, "original_loss": 0.2903648912906647, "mean_length": 6.0}
{"mode": "test", "epoch": 163, "loss": 3.9417078495025635, "acc": 0.9589040875434875, "acc_or": 0.9897260069847107, "sender_entropy": 1.7085551023483276, "receiver_entropy": 0.0, "original_loss": 0.10235613584518433, "mean_length": 6.0}
{"mode": "train", "epoch": 164, "loss": 4.0720906257629395, "acc": 0.6310502290725708, "acc_or": 0.8903538584709167, "sender_entropy": 1.5670156478881836, "receiver_entropy": 0.0, "original_loss": 0.28407394886016846, "mean_length": 6.0}
{"mode": "test", "epoch": 164, "loss": 3.8778200149536133, "acc": 0.9178082346916199, "acc_or": 0.9794520735740662, "sender_entropy": 1.7034456729888916, "receiver_entropy": 0.0, "original_loss": 0.10417436808347702, "mean_length": 6.0}
{"mode": "train", "epoch": 165, "loss": 4.065152168273926, "acc": 0.6221461296081543, "acc_or": 0.8898401856422424, "sender_entropy": 1.565476417541504, "receiver_entropy": 0.0, "original_loss": 0.2791109085083008, "mean_length": 6.0}
{"mode": "test", "epoch": 165, "loss": 3.8722195625305176, "acc": 0.9178082346916199, "acc_or": 0.9794520735740662, "sender_entropy": 1.703389048576355, "receiver_entropy": 0.0, "original_loss": 0.09729959070682526, "mean_length": 6.0}
{"mode": "train", "epoch": 166, "loss": 4.053395748138428, "acc": 0.6385844349861145, "acc_or": 0.8953196406364441, "sender_entropy": 1.56134033203125, "receiver_entropy": 0.0, "original_loss": 0.27450308203697205, "mean_length": 6.0}
{"mode": "test", "epoch": 166, "loss": 3.8538243770599365, "acc": 0.9178082346916199, "acc_or": 0.9794520735740662, "sender_entropy": 1.7024669647216797, "receiver_entropy": 0.0, "original_loss": 0.09656843543052673, "mean_length": 6.0}
{"mode": "train", "epoch": 167, "loss": 3.999248743057251, "acc": 0.6301369667053223, "acc_or": 0.8912671208381653, "sender_entropy": 1.5596568584442139, "receiver_entropy": 0.0, "original_loss": 0.27778297662734985, "mean_length": 6.0}
{"mode": "test", "epoch": 167, "loss": 3.86948299407959, "acc": 0.9041095972061157, "acc_or": 0.9760273694992065, "sender_entropy": 1.7014251947402954, "receiver_entropy": 0.0, "original_loss": 0.09169480949640274, "mean_length": 6.0}
{"mode": "train", "epoch": 168, "loss": 3.979356527328491, "acc": 0.6248858571052551, "acc_or": 0.8910958766937256, "sender_entropy": 1.5641059875488281, "receiver_entropy": 0.0, "original_loss": 0.27728620171546936, "mean_length": 6.0}
{"mode": "test", "epoch": 168, "loss": 3.894357681274414, "acc": 0.9452054500579834, "acc_or": 0.9863013625144958, "sender_entropy": 1.702005386352539, "receiver_entropy": 0.0, "original_loss": 0.08828118443489075, "mean_length": 6.0}
{"mode": "train", "epoch": 169, "loss": 3.9735703468322754, "acc": 0.6360730528831482, "acc_or": 0.8927510976791382, "sender_entropy": 1.5666215419769287, "receiver_entropy": 0.0, "original_loss": 0.27300959825515747, "mean_length": 6.0}
{"mode": "test", "epoch": 169, "loss": 3.8743770122528076, "acc": 0.9589040875434875, "acc_or": 0.9897260069847107, "sender_entropy": 1.7006057500839233, "receiver_entropy": 0.0, "original_loss": 0.08537190407514572, "mean_length": 6.0}
{"mode": "train", "epoch": 170, "loss": 4.015590667724609, "acc": 0.6349315047264099, "acc_or": 0.8942922353744507, "sender_entropy": 1.561700701713562, "receiver_entropy": 0.0, "original_loss": 0.26664116978645325, "mean_length": 6.0}
{"mode": "test", "epoch": 170, "loss": 3.857508897781372, "acc": 0.9452054500579834, "acc_or": 0.9863013625144958, "sender_entropy": 1.7012845277786255, "receiver_entropy": 0.0, "original_loss": 0.09016107767820358, "mean_length": 6.0}
{"mode": "train", "epoch": 171, "loss": 3.8888421058654785, "acc": 0.6248858571052551, "acc_or": 0.8917807936668396, "sender_entropy": 1.5595316886901855, "receiver_entropy": 0.0, "original_loss": 0.27662113308906555, "mean_length": 6.0}
{"mode": "test", "epoch": 171, "loss": 3.8831942081451416, "acc": 0.9726027250289917, "acc_or": 0.9931506514549255, "sender_entropy": 1.7003697156906128, "receiver_entropy": 0.0, "original_loss": 0.08489926159381866, "mean_length": 6.0}
{"mode": "train", "epoch": 172, "loss": 3.9141194820404053, "acc": 0.6351597905158997, "acc_or": 0.8931506872177124, "sender_entropy": 1.5627533197402954, "receiver_entropy": 0.0, "original_loss": 0.27168992161750793, "mean_length": 6.0}
{"mode": "test", "epoch": 172, "loss": 3.9595556259155273, "acc": 1.0, "acc_or": 1.0, "sender_entropy": 1.7036641836166382, "receiver_entropy": 0.0, "original_loss": 0.07577210664749146, "mean_length": 6.0}
{"epoch": 172, "positional_disent": 0.0878252387046814, "bag_of_symbol_disent": 0.10243551433086395, "topographic_sim": 0.46112886699345573}
{"generalization hold out": {"acc": 0.944444477558136, "acc_or": 0.9814814925193787}, "uniform holdout": {"acc": 0.625, "acc_or": 0.875}, "epoch": 172}
---End--
