nohup: ignoring input
{"mode": "test", "epoch": 1, "loss": 1.0365110635757446, "acc": 0.06666667014360428, "acc_or": 0.2666666805744171, "sender_entropy": 2.2988922595977783, "receiver_entropy": 0.0, "original_loss": 1.5676040649414062, "mean_length": 6.000000476837158}
{"mode": "test", "epoch": 2, "loss": 1.3781862258911133, "acc": 0.13333334028720856, "acc_or": 0.3333333432674408, "sender_entropy": 2.2956795692443848, "receiver_entropy": 0.0, "original_loss": 1.5199850797653198, "mean_length": 6.000000476837158}
{"mode": "test", "epoch": 3, "loss": 1.6102709770202637, "acc": 0.13333334028720856, "acc_or": 0.3333333432674408, "sender_entropy": 2.293405771255493, "receiver_entropy": 0.0, "original_loss": 1.4811664819717407, "mean_length": 6.000000476837158}
{"mode": "test", "epoch": 4, "loss": 1.8330589532852173, "acc": 0.13333334028720856, "acc_or": 0.36666667461395264, "sender_entropy": 2.292221784591675, "receiver_entropy": 0.0, "original_loss": 1.4428757429122925, "mean_length": 6.000000476837158}
{"mode": "test", "epoch": 5, "loss": 1.9323935508728027, "acc": 0.06666667014360428, "acc_or": 0.20000001788139343, "sender_entropy": 2.2918386459350586, "receiver_entropy": 0.0, "original_loss": 1.4154826402664185, "mean_length": 6.000000476837158}
{"mode": "test", "epoch": 6, "loss": 1.9282766580581665, "acc": 0.06666667014360428, "acc_or": 0.2666666805744171, "sender_entropy": 2.2911245822906494, "receiver_entropy": 0.0, "original_loss": 1.3959546089172363, "mean_length": 6.000000476837158}
{"mode": "test", "epoch": 7, "loss": 1.7812741994857788, "acc": 0.06666667014360428, "acc_or": 0.30000001192092896, "sender_entropy": 2.2908053398132324, "receiver_entropy": 0.0, "original_loss": 1.3900961875915527, "mean_length": 6.000000476837158}
{"mode": "test", "epoch": 8, "loss": 1.8414644002914429, "acc": 0.13333334028720856, "acc_or": 0.4333333671092987, "sender_entropy": 2.2909622192382812, "receiver_entropy": 0.0, "original_loss": 1.369909405708313, "mean_length": 6.000000476837158}
{"mode": "test", "epoch": 9, "loss": 1.8792219161987305, "acc": 0.13333334028720856, "acc_or": 0.40000003576278687, "sender_entropy": 2.2914249897003174, "receiver_entropy": 0.0, "original_loss": 1.354618787765503, "mean_length": 6.000000476837158}
{"mode": "test", "epoch": 10, "loss": 1.8828468322753906, "acc": 0.13333334028720856, "acc_or": 0.36666667461395264, "sender_entropy": 2.2918028831481934, "receiver_entropy": 0.0, "original_loss": 1.3434041738510132, "mean_length": 6.000000476837158}
{"mode": "test", "epoch": 11, "loss": 2.1579527854919434, "acc": 0.13333334028720856, "acc_or": 0.36666667461395264, "sender_entropy": 2.2921292781829834, "receiver_entropy": 0.0, "original_loss": 1.3108047246932983, "mean_length": 6.000000476837158}
{"mode": "test", "epoch": 12, "loss": 2.131762742996216, "acc": 0.06666667014360428, "acc_or": 0.36666667461395264, "sender_entropy": 2.291762113571167, "receiver_entropy": 0.0, "original_loss": 1.3044466972351074, "mean_length": 6.000000476837158}
{"mode": "test", "epoch": 13, "loss": 2.179685592651367, "acc": 0.2666666805744171, "acc_or": 0.5333333611488342, "sender_entropy": 2.291372776031494, "receiver_entropy": 0.0, "original_loss": 1.2936598062515259, "mean_length": 6.000000476837158}
{"mode": "test", "epoch": 14, "loss": 2.2399137020111084, "acc": 0.40000003576278687, "acc_or": 0.6000000238418579, "sender_entropy": 2.290661573410034, "receiver_entropy": 0.0, "original_loss": 1.2817022800445557, "mean_length": 6.000000476837158}
{"mode": "test", "epoch": 15, "loss": 2.119809150695801, "acc": 0.3333333432674408, "acc_or": 0.6000000238418579, "sender_entropy": 2.289903402328491, "receiver_entropy": 0.0, "original_loss": 1.2859655618667603, "mean_length": 6.000000476837158}
{"mode": "test", "epoch": 16, "loss": 2.395915985107422, "acc": 0.46666669845581055, "acc_or": 0.7000000476837158, "sender_entropy": 2.289024829864502, "receiver_entropy": 0.0, "original_loss": 1.2563657760620117, "mean_length": 6.000000476837158}
{"mode": "test", "epoch": 17, "loss": 2.5221610069274902, "acc": 0.40000003576278687, "acc_or": 0.5666667222976685, "sender_entropy": 2.2880280017852783, "receiver_entropy": 0.0, "original_loss": 1.2403113842010498, "mean_length": 6.000000476837158}
{"mode": "test", "epoch": 18, "loss": 2.8927383422851562, "acc": 0.40000003576278687, "acc_or": 0.6000000238418579, "sender_entropy": 2.286607503890991, "receiver_entropy": 0.0, "original_loss": 1.2030388116836548, "mean_length": 6.000000476837158}
{"mode": "test", "epoch": 19, "loss": 3.10880446434021, "acc": 0.2666666805744171, "acc_or": 0.5, "sender_entropy": 2.2850794792175293, "receiver_entropy": 0.0, "original_loss": 1.1782793998718262, "mean_length": 6.000000476837158}
{"mode": "test", "epoch": 20, "loss": 3.23348331451416, "acc": 0.3333333432674408, "acc_or": 0.5333333611488342, "sender_entropy": 2.282789945602417, "receiver_entropy": 0.0, "original_loss": 1.159376621246338, "mean_length": 6.000000476837158}
{"mode": "test", "epoch": 21, "loss": 3.183290958404541, "acc": 0.3333333432674408, "acc_or": 0.5666667222976685, "sender_entropy": 2.2795486450195312, "receiver_entropy": 0.0, "original_loss": 1.1547714471817017, "mean_length": 6.000000476837158}
{"mode": "test", "epoch": 22, "loss": 3.207029104232788, "acc": 0.2666666805744171, "acc_or": 0.5666667222976685, "sender_entropy": 2.2749948501586914, "receiver_entropy": 0.0, "original_loss": 1.1427218914031982, "mean_length": 6.000000476837158}
{"mode": "test", "epoch": 23, "loss": 3.447453498840332, "acc": 0.3333333432674408, "acc_or": 0.5666667222976685, "sender_entropy": 2.269066095352173, "receiver_entropy": 0.0, "original_loss": 1.1089600324630737, "mean_length": 6.000000476837158}
{"mode": "test", "epoch": 24, "loss": 3.629793405532837, "acc": 0.3333333432674408, "acc_or": 0.6000000238418579, "sender_entropy": 2.259983777999878, "receiver_entropy": 0.0, "original_loss": 1.0771064758300781, "mean_length": 6.000000476837158}
{"mode": "test", "epoch": 25, "loss": 3.6414084434509277, "acc": 0.3333333432674408, "acc_or": 0.6000000238418579, "sender_entropy": 2.2457947731018066, "receiver_entropy": 0.0, "original_loss": 1.056700587272644, "mean_length": 6.000000476837158}
{"mode": "test", "epoch": 26, "loss": 3.6033778190612793, "acc": 0.3333333432674408, "acc_or": 0.6333333849906921, "sender_entropy": 2.223526954650879, "receiver_entropy": 0.0, "original_loss": 1.0337762832641602, "mean_length": 6.000000476837158}
{"mode": "test", "epoch": 27, "loss": 3.364877223968506, "acc": 0.3333333432674408, "acc_or": 0.6333333849906921, "sender_entropy": 2.1862146854400635, "receiver_entropy": 0.0, "original_loss": 1.02440345287323, "mean_length": 6.000000476837158}
{"mode": "test", "epoch": 28, "loss": 2.986903190612793, "acc": 0.2666666805744171, "acc_or": 0.5666667222976685, "sender_entropy": 2.1341845989227295, "receiver_entropy": 0.0, "original_loss": 1.0255244970321655, "mean_length": 6.000000476837158}
{"mode": "test", "epoch": 29, "loss": 2.4393205642700195, "acc": 0.20000001788139343, "acc_or": 0.5666667222976685, "sender_entropy": 2.099886655807495, "receiver_entropy": 0.0, "original_loss": 1.0573451519012451, "mean_length": 6.000000476837158}
{"mode": "test", "epoch": 30, "loss": 2.4996047019958496, "acc": 0.13333334028720856, "acc_or": 0.5, "sender_entropy": 2.0904581546783447, "receiver_entropy": 0.0, "original_loss": 1.0408889055252075, "mean_length": 6.000000476837158}
{"mode": "test", "epoch": 31, "loss": 2.9077959060668945, "acc": 0.20000001788139343, "acc_or": 0.5666667222976685, "sender_entropy": 2.0815250873565674, "receiver_entropy": 0.0, "original_loss": 0.9817332625389099, "mean_length": 6.000000476837158}
{"mode": "test", "epoch": 32, "loss": 3.212236166000366, "acc": 0.3333333432674408, "acc_or": 0.6000000238418579, "sender_entropy": 2.086592674255371, "receiver_entropy": 0.0, "original_loss": 0.9394533038139343, "mean_length": 6.000000476837158}
{"mode": "test", "epoch": 33, "loss": 3.2496464252471924, "acc": 0.3333333432674408, "acc_or": 0.6333333849906921, "sender_entropy": 2.0744476318359375, "receiver_entropy": 0.0, "original_loss": 0.9174755215644836, "mean_length": 6.000000476837158}
{"mode": "test", "epoch": 34, "loss": 3.3128395080566406, "acc": 0.3333333432674408, "acc_or": 0.6333333849906921, "sender_entropy": 2.0550899505615234, "receiver_entropy": 0.0, "original_loss": 0.8943286538124084, "mean_length": 6.000000476837158}
{"mode": "test", "epoch": 35, "loss": 3.3770570755004883, "acc": 0.40000003576278687, "acc_or": 0.6666666865348816, "sender_entropy": 2.0343146324157715, "receiver_entropy": 0.0, "original_loss": 0.8706017732620239, "mean_length": 6.000000476837158}
{"mode": "test", "epoch": 36, "loss": 3.401461124420166, "acc": 0.2666666805744171, "acc_or": 0.6000000238418579, "sender_entropy": 2.0033862590789795, "receiver_entropy": 0.0, "original_loss": 0.8429774045944214, "mean_length": 6.000000476837158}
{"mode": "test", "epoch": 37, "loss": 3.5652365684509277, "acc": 0.2666666805744171, "acc_or": 0.6000000238418579, "sender_entropy": 1.9733966588974, "receiver_entropy": 0.0, "original_loss": 0.8021493554115295, "mean_length": 6.000000476837158}
{"mode": "test", "epoch": 38, "loss": 3.728943347930908, "acc": 0.40000003576278687, "acc_or": 0.6333333849906921, "sender_entropy": 1.9517029523849487, "receiver_entropy": 0.0, "original_loss": 0.7532234787940979, "mean_length": 6.000000476837158}
{"mode": "test", "epoch": 39, "loss": 3.9035863876342773, "acc": 0.46666669845581055, "acc_or": 0.7000000476837158, "sender_entropy": 1.9491431713104248, "receiver_entropy": 0.0, "original_loss": 0.7153038382530212, "mean_length": 6.000000476837158}
{"mode": "test", "epoch": 40, "loss": 3.7912492752075195, "acc": 0.40000003576278687, "acc_or": 0.7000000476837158, "sender_entropy": 1.9395508766174316, "receiver_entropy": 0.0, "original_loss": 0.7189382314682007, "mean_length": 6.000000476837158}
{"mode": "test", "epoch": 41, "loss": 3.8632559776306152, "acc": 0.3333333432674408, "acc_or": 0.6666666865348816, "sender_entropy": 1.9199953079223633, "receiver_entropy": 0.0, "original_loss": 0.6894186735153198, "mean_length": 6.000000476837158}
{"mode": "test", "epoch": 42, "loss": 4.010864734649658, "acc": 0.40000003576278687, "acc_or": 0.6333333849906921, "sender_entropy": 1.9165095090866089, "receiver_entropy": 0.0, "original_loss": 0.6617115139961243, "mean_length": 6.000000476837158}
{"mode": "test", "epoch": 43, "loss": 3.801278591156006, "acc": 0.3333333432674408, "acc_or": 0.6000000238418579, "sender_entropy": 1.8978322744369507, "receiver_entropy": 0.0, "original_loss": 0.6617096066474915, "mean_length": 6.000000476837158}
{"mode": "test", "epoch": 44, "loss": 3.5864338874816895, "acc": 0.3333333432674408, "acc_or": 0.6333333849906921, "sender_entropy": 1.8713573217391968, "receiver_entropy": 0.0, "original_loss": 0.6770185232162476, "mean_length": 6.000000476837158}
{"mode": "test", "epoch": 45, "loss": 3.6138205528259277, "acc": 0.40000003576278687, "acc_or": 0.6333333849906921, "sender_entropy": 1.854225993156433, "receiver_entropy": 0.0, "original_loss": 0.6556450724601746, "mean_length": 6.000000476837158}
{"mode": "test", "epoch": 46, "loss": 3.8473596572875977, "acc": 0.40000003576278687, "acc_or": 0.7000000476837158, "sender_entropy": 1.8572872877120972, "receiver_entropy": 0.0, "original_loss": 0.6162432432174683, "mean_length": 6.000000476837158}
{"mode": "test", "epoch": 47, "loss": 3.80049204826355, "acc": 0.5333333611488342, "acc_or": 0.7333333492279053, "sender_entropy": 1.8712979555130005, "receiver_entropy": 0.0, "original_loss": 0.5980580449104309, "mean_length": 6.000000476837158}
{"mode": "test", "epoch": 48, "loss": 4.262939929962158, "acc": 0.46666669845581055, "acc_or": 0.7000000476837158, "sender_entropy": 1.872355580329895, "receiver_entropy": 0.0, "original_loss": 0.528862476348877, "mean_length": 6.000000476837158}
{"mode": "test", "epoch": 49, "loss": 4.340264320373535, "acc": 0.6666666865348816, "acc_or": 0.8000000715255737, "sender_entropy": 1.866381049156189, "receiver_entropy": 0.0, "original_loss": 0.5019772052764893, "mean_length": 6.000000476837158}
{"mode": "test", "epoch": 50, "loss": 4.441536903381348, "acc": 0.6000000238418579, "acc_or": 0.8000000715255737, "sender_entropy": 1.8619612455368042, "receiver_entropy": 0.0, "original_loss": 0.4947390556335449, "mean_length": 6.000000476837158}
{"mode": "test", "epoch": 51, "loss": 4.901208877563477, "acc": 0.6666666865348816, "acc_or": 0.8333333730697632, "sender_entropy": 1.8378325700759888, "receiver_entropy": 0.0, "original_loss": 0.4103498160839081, "mean_length": 6.000000476837158}
{"mode": "test", "epoch": 52, "loss": 5.112112998962402, "acc": 0.8000000715255737, "acc_or": 0.9000000357627869, "sender_entropy": 1.8095686435699463, "receiver_entropy": 0.0, "original_loss": 0.36164891719818115, "mean_length": 6.000000476837158}
{"mode": "test", "epoch": 53, "loss": 5.119390487670898, "acc": 0.7333333492279053, "acc_or": 0.8666667342185974, "sender_entropy": 1.7963166236877441, "receiver_entropy": 0.0, "original_loss": 0.33948203921318054, "mean_length": 6.000000476837158}
{"mode": "test", "epoch": 54, "loss": 5.061039924621582, "acc": 0.8000000715255737, "acc_or": 0.9000000357627869, "sender_entropy": 1.7877737283706665, "receiver_entropy": 0.0, "original_loss": 0.3307006359100342, "mean_length": 6.000000476837158}
{"mode": "test", "epoch": 55, "loss": 5.094244480133057, "acc": 0.8000000715255737, "acc_or": 0.9000000357627869, "sender_entropy": 1.7764770984649658, "receiver_entropy": 0.0, "original_loss": 0.3033369183540344, "mean_length": 6.000000476837158}
{"mode": "test", "epoch": 56, "loss": 4.828804969787598, "acc": 0.8000000715255737, "acc_or": 0.9000000357627869, "sender_entropy": 1.7517979145050049, "receiver_entropy": 0.0, "original_loss": 0.31249383091926575, "mean_length": 6.000000476837158}
{"mode": "test", "epoch": 57, "loss": 4.835386753082275, "acc": 0.8000000715255737, "acc_or": 0.9000000357627869, "sender_entropy": 1.718455195426941, "receiver_entropy": 0.0, "original_loss": 0.2806259095668793, "mean_length": 6.000000476837158}
{"mode": "test", "epoch": 58, "loss": 4.68934440612793, "acc": 0.8000000715255737, "acc_or": 0.9000000357627869, "sender_entropy": 1.6964830160140991, "receiver_entropy": 0.0, "original_loss": 0.27230048179626465, "mean_length": 6.000000476837158}
{"mode": "test", "epoch": 59, "loss": 4.637444496154785, "acc": 0.8000000715255737, "acc_or": 0.9000000357627869, "sender_entropy": 1.6832406520843506, "receiver_entropy": 0.0, "original_loss": 0.25395455956459045, "mean_length": 6.000000476837158}
{"mode": "test", "epoch": 60, "loss": 4.3970794677734375, "acc": 0.7333333492279053, "acc_or": 0.8666667342185974, "sender_entropy": 1.6718964576721191, "receiver_entropy": 0.0, "original_loss": 0.27189499139785767, "mean_length": 6.000000476837158}
{"mode": "test", "epoch": 61, "loss": 4.430041790008545, "acc": 0.8666667342185974, "acc_or": 0.9333333969116211, "sender_entropy": 1.662826418876648, "receiver_entropy": 0.0, "original_loss": 0.24796029925346375, "mean_length": 6.000000476837158}
{"mode": "test", "epoch": 62, "loss": 4.641286849975586, "acc": 0.9333333969116211, "acc_or": 0.9666666984558105, "sender_entropy": 1.6662485599517822, "receiver_entropy": 0.0, "original_loss": 0.2101551741361618, "mean_length": 6.000000476837158}
{"mode": "test", "epoch": 63, "loss": 4.559533596038818, "acc": 0.8666667342185974, "acc_or": 0.9333333969116211, "sender_entropy": 1.6687164306640625, "receiver_entropy": 0.0, "original_loss": 0.20243890583515167, "mean_length": 6.000000476837158}
{"mode": "test", "epoch": 64, "loss": 4.580699443817139, "acc": 0.8666667342185974, "acc_or": 0.9333333969116211, "sender_entropy": 1.675795555114746, "receiver_entropy": 0.0, "original_loss": 0.18252010643482208, "mean_length": 6.000000476837158}
{"mode": "test", "epoch": 65, "loss": 4.531687259674072, "acc": 0.8666667342185974, "acc_or": 0.9333333969116211, "sender_entropy": 1.6838856935501099, "receiver_entropy": 0.0, "original_loss": 0.18266771733760834, "mean_length": 6.000000476837158}
{"mode": "test", "epoch": 66, "loss": 4.267880439758301, "acc": 0.8000000715255737, "acc_or": 0.9000000357627869, "sender_entropy": 1.6811238527297974, "receiver_entropy": 0.0, "original_loss": 0.215632826089859, "mean_length": 6.000000476837158}
{"mode": "test", "epoch": 67, "loss": 4.256993770599365, "acc": 0.8000000715255737, "acc_or": 0.9000000357627869, "sender_entropy": 1.667372465133667, "receiver_entropy": 0.0, "original_loss": 0.20845572650432587, "mean_length": 6.000000476837158}
{"mode": "test", "epoch": 68, "loss": 4.2643303871154785, "acc": 0.8666667342185974, "acc_or": 0.9333333969116211, "sender_entropy": 1.638089656829834, "receiver_entropy": 0.0, "original_loss": 0.1662943959236145, "mean_length": 6.000000476837158}
{"mode": "test", "epoch": 69, "loss": 4.235786437988281, "acc": 0.8666667342185974, "acc_or": 0.9333333969116211, "sender_entropy": 1.6168066263198853, "receiver_entropy": 0.0, "original_loss": 0.149531289935112, "mean_length": 6.000000476837158}
{"mode": "test", "epoch": 70, "loss": 4.1037516593933105, "acc": 0.8666667342185974, "acc_or": 0.9333333969116211, "sender_entropy": 1.5913598537445068, "receiver_entropy": 0.0, "original_loss": 0.14639467000961304, "mean_length": 6.000000476837158}
{"mode": "test", "epoch": 71, "loss": 3.977778196334839, "acc": 0.8666667342185974, "acc_or": 0.9333333969116211, "sender_entropy": 1.5802726745605469, "receiver_entropy": 0.0, "original_loss": 0.1474405974149704, "mean_length": 6.000000476837158}
{"mode": "test", "epoch": 72, "loss": 3.9329164028167725, "acc": 0.9333333969116211, "acc_or": 0.9666666984558105, "sender_entropy": 1.5663323402404785, "receiver_entropy": 0.0, "original_loss": 0.12455184757709503, "mean_length": 6.000000476837158}
{"mode": "test", "epoch": 73, "loss": 3.9741766452789307, "acc": 1.0, "acc_or": 1.0, "sender_entropy": 1.550012469291687, "receiver_entropy": 0.0, "original_loss": 0.09449516981840134, "mean_length": 6.000000476837158}
{"epoch": 73, "positional_disent": 0.10571935772895813, "bag_of_symbol_disent": 0.08507166057825089, "topographic_sim": 0.4336311273214645}
{"generalization hold out": {"acc": 1.0, "acc_or": 1.0}, "uniform holdout": {"acc": 0.0, "acc_or": 0.5}, "epoch": 73}
---End--
