nohup: ignoring input
{"mode": "test", "epoch": 1, "loss": 0.7531620264053345, "acc": 0.0, "acc_or": 0.20000001788139343, "sender_entropy": 2.300605058670044, "receiver_entropy": 0.0, "original_loss": 1.5798248052597046, "mean_length": 6.000000476837158}
{"mode": "test", "epoch": 2, "loss": 0.8010169267654419, "acc": 0.06666667014360428, "acc_or": 0.23333334922790527, "sender_entropy": 2.2983033657073975, "receiver_entropy": 0.0, "original_loss": 1.5584983825683594, "mean_length": 6.000000476837158}
{"mode": "test", "epoch": 3, "loss": 0.9203682541847229, "acc": 0.0, "acc_or": 0.13333334028720856, "sender_entropy": 2.295893669128418, "receiver_entropy": 0.0, "original_loss": 1.531030297279358, "mean_length": 6.000000476837158}
{"mode": "test", "epoch": 4, "loss": 1.0836305618286133, "acc": 0.0, "acc_or": 0.10000000894069672, "sender_entropy": 2.2937028408050537, "receiver_entropy": 0.0, "original_loss": 1.4992669820785522, "mean_length": 6.000000476837158}
{"mode": "test", "epoch": 5, "loss": 1.2757503986358643, "acc": 0.0, "acc_or": 0.10000000894069672, "sender_entropy": 2.292168617248535, "receiver_entropy": 0.0, "original_loss": 1.4647393226623535, "mean_length": 6.000000476837158}
{"mode": "test", "epoch": 6, "loss": 1.3866147994995117, "acc": 0.0, "acc_or": 0.23333334922790527, "sender_entropy": 2.291386604309082, "receiver_entropy": 0.0, "original_loss": 1.437069058418274, "mean_length": 6.000000476837158}
{"mode": "test", "epoch": 7, "loss": 1.4873906373977661, "acc": 0.06666667014360428, "acc_or": 0.20000001788139343, "sender_entropy": 2.291053056716919, "receiver_entropy": 0.0, "original_loss": 1.4111589193344116, "mean_length": 6.000000476837158}
{"mode": "test", "epoch": 8, "loss": 1.5931929349899292, "acc": 0.06666667014360428, "acc_or": 0.23333334922790527, "sender_entropy": 2.2910125255584717, "receiver_entropy": 0.0, "original_loss": 1.3866530656814575, "mean_length": 6.000000476837158}
{"mode": "test", "epoch": 9, "loss": 1.7026599645614624, "acc": 0.13333334028720856, "acc_or": 0.36666667461395264, "sender_entropy": 2.291329860687256, "receiver_entropy": 0.0, "original_loss": 1.3644601106643677, "mean_length": 6.000000476837158}
{"mode": "test", "epoch": 10, "loss": 1.6332985162734985, "acc": 0.20000001788139343, "acc_or": 0.4333333671092987, "sender_entropy": 2.29166316986084, "receiver_entropy": 0.0, "original_loss": 1.3595302104949951, "mean_length": 6.000000476837158}
{"mode": "test", "epoch": 11, "loss": 1.729688286781311, "acc": 0.13333334028720856, "acc_or": 0.40000003576278687, "sender_entropy": 2.2922003269195557, "receiver_entropy": 0.0, "original_loss": 1.3431864976882935, "mean_length": 6.000000476837158}
{"mode": "test", "epoch": 12, "loss": 1.7475324869155884, "acc": 0.13333334028720856, "acc_or": 0.5, "sender_entropy": 2.2926394939422607, "receiver_entropy": 0.0, "original_loss": 1.3335566520690918, "mean_length": 6.000000476837158}
{"mode": "test", "epoch": 13, "loss": 1.9030364751815796, "acc": 0.20000001788139343, "acc_or": 0.5666667222976685, "sender_entropy": 2.293030023574829, "receiver_entropy": 0.0, "original_loss": 1.3141429424285889, "mean_length": 6.000000476837158}
{"mode": "test", "epoch": 14, "loss": 2.066781520843506, "acc": 0.20000001788139343, "acc_or": 0.5333333611488342, "sender_entropy": 2.293245553970337, "receiver_entropy": 0.0, "original_loss": 1.2950313091278076, "mean_length": 6.000000476837158}
{"mode": "test", "epoch": 15, "loss": 2.228120803833008, "acc": 0.13333334028720856, "acc_or": 0.5333333611488342, "sender_entropy": 2.2934305667877197, "receiver_entropy": 0.0, "original_loss": 1.2763220071792603, "mean_length": 6.000000476837158}
{"mode": "test", "epoch": 16, "loss": 2.3180274963378906, "acc": 0.40000003576278687, "acc_or": 0.6333333849906921, "sender_entropy": 2.2934951782226562, "receiver_entropy": 0.0, "original_loss": 1.2639435529708862, "mean_length": 6.000000476837158}
{"mode": "test", "epoch": 17, "loss": 2.4764463901519775, "acc": 0.3333333432674408, "acc_or": 0.6666666865348816, "sender_entropy": 2.2934134006500244, "receiver_entropy": 0.0, "original_loss": 1.2460061311721802, "mean_length": 6.000000476837158}
{"mode": "test", "epoch": 18, "loss": 2.5509228706359863, "acc": 0.3333333432674408, "acc_or": 0.6000000238418579, "sender_entropy": 2.2931935787200928, "receiver_entropy": 0.0, "original_loss": 1.2350770235061646, "mean_length": 6.000000476837158}
{"mode": "test", "epoch": 19, "loss": 2.6018567085266113, "acc": 0.20000001788139343, "acc_or": 0.5666667222976685, "sender_entropy": 2.292795419692993, "receiver_entropy": 0.0, "original_loss": 1.2262691259384155, "mean_length": 6.000000476837158}
{"mode": "test", "epoch": 20, "loss": 2.758610248565674, "acc": 0.20000001788139343, "acc_or": 0.6000000238418579, "sender_entropy": 2.292227268218994, "receiver_entropy": 0.0, "original_loss": 1.2090680599212646, "mean_length": 6.000000476837158}
{"mode": "test", "epoch": 21, "loss": 2.898895025253296, "acc": 0.2666666805744171, "acc_or": 0.6333333849906921, "sender_entropy": 2.291386842727661, "receiver_entropy": 0.0, "original_loss": 1.193137764930725, "mean_length": 6.000000476837158}
{"mode": "test", "epoch": 22, "loss": 2.930224895477295, "acc": 0.2666666805744171, "acc_or": 0.6000000238418579, "sender_entropy": 2.290109634399414, "receiver_entropy": 0.0, "original_loss": 1.1846550703048706, "mean_length": 6.000000476837158}
{"mode": "test", "epoch": 23, "loss": 3.14207124710083, "acc": 0.3333333432674408, "acc_or": 0.6666666865348816, "sender_entropy": 2.288388967514038, "receiver_entropy": 0.0, "original_loss": 1.1595929861068726, "mean_length": 6.000000476837158}
{"mode": "test", "epoch": 24, "loss": 3.3019983768463135, "acc": 0.3333333432674408, "acc_or": 0.6333333849906921, "sender_entropy": 2.2858221530914307, "receiver_entropy": 0.0, "original_loss": 1.1372768878936768, "mean_length": 6.000000476837158}
{"mode": "test", "epoch": 25, "loss": 3.5177245140075684, "acc": 0.3333333432674408, "acc_or": 0.6333333849906921, "sender_entropy": 2.2820794582366943, "receiver_entropy": 0.0, "original_loss": 1.1081019639968872, "mean_length": 6.000000476837158}
{"mode": "test", "epoch": 26, "loss": 3.5985610485076904, "acc": 0.3333333432674408, "acc_or": 0.6333333849906921, "sender_entropy": 2.275839328765869, "receiver_entropy": 0.0, "original_loss": 1.0875537395477295, "mean_length": 6.000000476837158}
{"mode": "test", "epoch": 27, "loss": 3.721575975418091, "acc": 0.40000003576278687, "acc_or": 0.6666666865348816, "sender_entropy": 2.266061544418335, "receiver_entropy": 0.0, "original_loss": 1.0606269836425781, "mean_length": 6.000000476837158}
{"mode": "test", "epoch": 28, "loss": 3.75736141204834, "acc": 0.3333333432674408, "acc_or": 0.6333333849906921, "sender_entropy": 2.250208854675293, "receiver_entropy": 0.0, "original_loss": 1.0353527069091797, "mean_length": 6.000000476837158}
{"mode": "test", "epoch": 29, "loss": 3.600245475769043, "acc": 0.2666666805744171, "acc_or": 0.6000000238418579, "sender_entropy": 2.225956439971924, "receiver_entropy": 0.0, "original_loss": 1.0208792686462402, "mean_length": 6.000000476837158}
{"mode": "test", "epoch": 30, "loss": 3.3721957206726074, "acc": 0.2666666805744171, "acc_or": 0.6333333849906921, "sender_entropy": 2.190688371658325, "receiver_entropy": 0.0, "original_loss": 1.0088084936141968, "mean_length": 6.000000476837158}
{"mode": "test", "epoch": 31, "loss": 3.1333885192871094, "acc": 0.2666666805744171, "acc_or": 0.6000000238418579, "sender_entropy": 2.1407852172851562, "receiver_entropy": 0.0, "original_loss": 0.997357964515686, "mean_length": 6.000000476837158}
{"mode": "test", "epoch": 32, "loss": 2.988586902618408, "acc": 0.2666666805744171, "acc_or": 0.6000000238418579, "sender_entropy": 2.0843234062194824, "receiver_entropy": 0.0, "original_loss": 0.9789606332778931, "mean_length": 6.000000476837158}
{"mode": "test", "epoch": 33, "loss": 2.9726338386535645, "acc": 0.3333333432674408, "acc_or": 0.6333333849906921, "sender_entropy": 2.0430760383605957, "receiver_entropy": 0.0, "original_loss": 0.9540050029754639, "mean_length": 6.000000476837158}
{"mode": "test", "epoch": 34, "loss": 3.573387861251831, "acc": 0.3333333432674408, "acc_or": 0.6666666865348816, "sender_entropy": 2.047126293182373, "receiver_entropy": 0.0, "original_loss": 0.887263298034668, "mean_length": 6.000000476837158}
{"mode": "test", "epoch": 35, "loss": 3.986358642578125, "acc": 0.3333333432674408, "acc_or": 0.6666666865348816, "sender_entropy": 2.079941511154175, "receiver_entropy": 0.0, "original_loss": 0.8528631925582886, "mean_length": 6.000000476837158}
{"mode": "test", "epoch": 36, "loss": 4.492365837097168, "acc": 0.46666669845581055, "acc_or": 0.7333333492279053, "sender_entropy": 2.0997798442840576, "receiver_entropy": 0.0, "original_loss": 0.8032903671264648, "mean_length": 6.000000476837158}
{"mode": "test", "epoch": 37, "loss": 4.355763912200928, "acc": 0.3333333432674408, "acc_or": 0.6666666865348816, "sender_entropy": 2.0965099334716797, "receiver_entropy": 0.0, "original_loss": 0.8112053871154785, "mean_length": 6.000000476837158}
{"mode": "test", "epoch": 38, "loss": 4.512967109680176, "acc": 0.40000003576278687, "acc_or": 0.7000000476837158, "sender_entropy": 2.069118022918701, "receiver_entropy": 0.0, "original_loss": 0.7692151069641113, "mean_length": 6.000000476837158}
{"mode": "test", "epoch": 39, "loss": 4.559038162231445, "acc": 0.40000003576278687, "acc_or": 0.7000000476837158, "sender_entropy": 2.026479721069336, "receiver_entropy": 0.0, "original_loss": 0.7270086407661438, "mean_length": 6.000000476837158}
{"mode": "test", "epoch": 40, "loss": 4.9003753662109375, "acc": 0.40000003576278687, "acc_or": 0.7000000476837158, "sender_entropy": 1.9776153564453125, "receiver_entropy": 0.0, "original_loss": 0.6451314091682434, "mean_length": 6.000000476837158}
{"mode": "test", "epoch": 41, "loss": 4.856430530548096, "acc": 0.46666669845581055, "acc_or": 0.7333333492279053, "sender_entropy": 1.9389578104019165, "receiver_entropy": 0.0, "original_loss": 0.6080492734909058, "mean_length": 6.000000476837158}
{"mode": "test", "epoch": 42, "loss": 4.661496162414551, "acc": 0.5333333611488342, "acc_or": 0.7666667103767395, "sender_entropy": 1.8943631649017334, "receiver_entropy": 0.0, "original_loss": 0.5832445621490479, "mean_length": 6.000000476837158}
{"mode": "test", "epoch": 43, "loss": 4.281991958618164, "acc": 0.46666669845581055, "acc_or": 0.7333333492279053, "sender_entropy": 1.8282750844955444, "receiver_entropy": 0.0, "original_loss": 0.5727832913398743, "mean_length": 6.000000476837158}
{"mode": "test", "epoch": 44, "loss": 4.048191070556641, "acc": 0.5333333611488342, "acc_or": 0.7666667103767395, "sender_entropy": 1.7801188230514526, "receiver_entropy": 0.0, "original_loss": 0.548017680644989, "mean_length": 6.000000476837158}
{"mode": "test", "epoch": 45, "loss": 4.006777763366699, "acc": 0.5333333611488342, "acc_or": 0.7666667103767395, "sender_entropy": 1.7590583562850952, "receiver_entropy": 0.0, "original_loss": 0.5131620764732361, "mean_length": 6.000000476837158}
{"mode": "test", "epoch": 46, "loss": 4.009149074554443, "acc": 0.5333333611488342, "acc_or": 0.7666667103767395, "sender_entropy": 1.76479172706604, "receiver_entropy": 0.0, "original_loss": 0.505621075630188, "mean_length": 6.000000476837158}
{"mode": "test", "epoch": 47, "loss": 4.170993328094482, "acc": 0.5333333611488342, "acc_or": 0.7666667103767395, "sender_entropy": 1.7728139162063599, "receiver_entropy": 0.0, "original_loss": 0.48706939816474915, "mean_length": 6.000000476837158}
{"mode": "test", "epoch": 48, "loss": 4.634931564331055, "acc": 0.6000000238418579, "acc_or": 0.8000000715255737, "sender_entropy": 1.7891250848770142, "receiver_entropy": 0.0, "original_loss": 0.42967429757118225, "mean_length": 6.000000476837158}
{"mode": "test", "epoch": 49, "loss": 4.950551986694336, "acc": 0.7333333492279053, "acc_or": 0.8666667342185974, "sender_entropy": 1.7964409589767456, "receiver_entropy": 0.0, "original_loss": 0.38547834753990173, "mean_length": 6.000000476837158}
{"mode": "test", "epoch": 50, "loss": 5.225124835968018, "acc": 0.8666667342185974, "acc_or": 0.9333333969116211, "sender_entropy": 1.793854832649231, "receiver_entropy": 0.0, "original_loss": 0.3165859282016754, "mean_length": 6.000000476837158}
{"mode": "test", "epoch": 51, "loss": 5.021962642669678, "acc": 0.9333333969116211, "acc_or": 0.9666666984558105, "sender_entropy": 1.7821691036224365, "receiver_entropy": 0.0, "original_loss": 0.3118465542793274, "mean_length": 6.000000476837158}
{"mode": "test", "epoch": 52, "loss": 4.89318323135376, "acc": 0.9333333969116211, "acc_or": 0.9666666984558105, "sender_entropy": 1.7668160200119019, "receiver_entropy": 0.0, "original_loss": 0.3070083558559418, "mean_length": 6.000000476837158}
{"mode": "test", "epoch": 53, "loss": 4.873010635375977, "acc": 0.9333333969116211, "acc_or": 0.9666666984558105, "sender_entropy": 1.752651333808899, "receiver_entropy": 0.0, "original_loss": 0.286869078874588, "mean_length": 6.000000476837158}
{"mode": "test", "epoch": 54, "loss": 4.790814399719238, "acc": 0.8666667342185974, "acc_or": 0.9333333969116211, "sender_entropy": 1.7261708974838257, "receiver_entropy": 0.0, "original_loss": 0.26447588205337524, "mean_length": 6.000000476837158}
{"mode": "test", "epoch": 55, "loss": 4.567084312438965, "acc": 0.8666667342185974, "acc_or": 0.9333333969116211, "sender_entropy": 1.691163182258606, "receiver_entropy": 0.0, "original_loss": 0.2601933181285858, "mean_length": 6.000000476837158}
{"mode": "test", "epoch": 56, "loss": 4.357111930847168, "acc": 0.8666667342185974, "acc_or": 0.9333333969116211, "sender_entropy": 1.676738977432251, "receiver_entropy": 0.0, "original_loss": 0.2717202305793762, "mean_length": 6.000000476837158}
{"mode": "test", "epoch": 57, "loss": 4.268715858459473, "acc": 0.7333333492279053, "acc_or": 0.8666667342185974, "sender_entropy": 1.659899115562439, "receiver_entropy": 0.0, "original_loss": 0.26465147733688354, "mean_length": 6.000000476837158}
{"mode": "test", "epoch": 58, "loss": 4.397753715515137, "acc": 0.8666667342185974, "acc_or": 0.9333333969116211, "sender_entropy": 1.6410975456237793, "receiver_entropy": 0.0, "original_loss": 0.22777564823627472, "mean_length": 6.000000476837158}
{"mode": "test", "epoch": 59, "loss": 4.434138298034668, "acc": 0.8000000715255737, "acc_or": 0.9000000357627869, "sender_entropy": 1.629097819328308, "receiver_entropy": 0.0, "original_loss": 0.2089868038892746, "mean_length": 6.000000476837158}
{"mode": "test", "epoch": 60, "loss": 4.394492149353027, "acc": 0.8666667342185974, "acc_or": 0.9333333969116211, "sender_entropy": 1.6290409564971924, "receiver_entropy": 0.0, "original_loss": 0.208012193441391, "mean_length": 6.000000476837158}
{"mode": "test", "epoch": 61, "loss": 4.289761543273926, "acc": 0.8000000715255737, "acc_or": 0.9000000357627869, "sender_entropy": 1.6220080852508545, "receiver_entropy": 0.0, "original_loss": 0.20489534735679626, "mean_length": 6.000000476837158}
{"mode": "test", "epoch": 62, "loss": 4.332920074462891, "acc": 1.0, "acc_or": 1.0, "sender_entropy": 1.602786660194397, "receiver_entropy": 0.0, "original_loss": 0.164961576461792, "mean_length": 6.000000476837158}
{"epoch": 62, "positional_disent": 0.16734765470027924, "bag_of_symbol_disent": 0.07297945022583008, "topographic_sim": 0.5387346985867537}
{"generalization hold out": {"acc": 0.875, "acc_or": 0.875}, "uniform holdout": {"acc": 0.0, "acc_or": 0.5}, "epoch": 62}
---End--
