nohup: ignoring input
{"mode": "test", "epoch": 1, "loss": 0.9973447918891907, "acc": 0.06666667014360428, "acc_or": 0.2666666805744171, "sender_entropy": 2.2980544567108154, "receiver_entropy": 0.0, "original_loss": 1.560664176940918, "mean_length": 6.000000476837158}
{"mode": "test", "epoch": 2, "loss": 1.1727814674377441, "acc": 0.06666667014360428, "acc_or": 0.2666666805744171, "sender_entropy": 2.2941901683807373, "receiver_entropy": 0.0, "original_loss": 1.5257242918014526, "mean_length": 6.000000476837158}
{"mode": "test", "epoch": 3, "loss": 1.284321904182434, "acc": 0.06666667014360428, "acc_or": 0.23333334922790527, "sender_entropy": 2.291471004486084, "receiver_entropy": 0.0, "original_loss": 1.497236967086792, "mean_length": 6.000000476837158}
{"mode": "test", "epoch": 4, "loss": 1.5726613998413086, "acc": 0.06666667014360428, "acc_or": 0.1666666716337204, "sender_entropy": 2.2901504039764404, "receiver_entropy": 0.0, "original_loss": 1.4543285369873047, "mean_length": 6.000000476837158}
{"mode": "test", "epoch": 5, "loss": 1.8274918794631958, "acc": 0.0, "acc_or": 0.1666666716337204, "sender_entropy": 2.2893571853637695, "receiver_entropy": 0.0, "original_loss": 1.4134430885314941, "mean_length": 6.000000476837158}
{"mode": "test", "epoch": 6, "loss": 2.0233964920043945, "acc": 0.0, "acc_or": 0.1666666716337204, "sender_entropy": 2.288712501525879, "receiver_entropy": 0.0, "original_loss": 1.3772326707839966, "mean_length": 6.000000476837158}
{"mode": "test", "epoch": 7, "loss": 1.9295395612716675, "acc": 0.13333334028720856, "acc_or": 0.36666667461395264, "sender_entropy": 2.288332223892212, "receiver_entropy": 0.0, "original_loss": 1.3675570487976074, "mean_length": 6.000000476837158}
{"mode": "test", "epoch": 8, "loss": 1.9057809114456177, "acc": 0.06666667014360428, "acc_or": 0.3333333432674408, "sender_entropy": 2.2883732318878174, "receiver_entropy": 0.0, "original_loss": 1.3548177480697632, "mean_length": 6.000000476837158}
{"mode": "test", "epoch": 9, "loss": 1.9388644695281982, "acc": 0.13333334028720856, "acc_or": 0.40000003576278687, "sender_entropy": 2.2890937328338623, "receiver_entropy": 0.0, "original_loss": 1.3394495248794556, "mean_length": 6.000000476837158}
{"mode": "test", "epoch": 10, "loss": 2.0356626510620117, "acc": 0.06666667014360428, "acc_or": 0.40000003576278687, "sender_entropy": 2.289915084838867, "receiver_entropy": 0.0, "original_loss": 1.3209859132766724, "mean_length": 6.000000476837158}
{"mode": "test", "epoch": 11, "loss": 2.114119291305542, "acc": 0.13333334028720856, "acc_or": 0.46666669845581055, "sender_entropy": 2.2907755374908447, "receiver_entropy": 0.0, "original_loss": 1.3061699867248535, "mean_length": 6.000000476837158}
{"mode": "test", "epoch": 12, "loss": 2.047109603881836, "acc": 0.06666667014360428, "acc_or": 0.36666667461395264, "sender_entropy": 2.2914392948150635, "receiver_entropy": 0.0, "original_loss": 1.305176854133606, "mean_length": 6.000000476837158}
{"mode": "test", "epoch": 13, "loss": 2.1447396278381348, "acc": 0.20000001788139343, "acc_or": 0.4333333671092987, "sender_entropy": 2.2917819023132324, "receiver_entropy": 0.0, "original_loss": 1.2909022569656372, "mean_length": 6.000000476837158}
{"mode": "test", "epoch": 14, "loss": 2.2071051597595215, "acc": 0.20000001788139343, "acc_or": 0.5333333611488342, "sender_entropy": 2.291851282119751, "receiver_entropy": 0.0, "original_loss": 1.2787578105926514, "mean_length": 6.000000476837158}
{"mode": "test", "epoch": 15, "loss": 2.145393133163452, "acc": 0.20000001788139343, "acc_or": 0.46666669845581055, "sender_entropy": 2.2916300296783447, "receiver_entropy": 0.0, "original_loss": 1.2785544395446777, "mean_length": 6.000000476837158}
{"mode": "test", "epoch": 16, "loss": 2.298577308654785, "acc": 0.40000003576278687, "acc_or": 0.6000000238418579, "sender_entropy": 2.2913784980773926, "receiver_entropy": 0.0, "original_loss": 1.2608717679977417, "mean_length": 6.000000476837158}
{"mode": "test", "epoch": 17, "loss": 2.466876983642578, "acc": 0.20000001788139343, "acc_or": 0.5, "sender_entropy": 2.2910163402557373, "receiver_entropy": 0.0, "original_loss": 1.2417333126068115, "mean_length": 6.000000476837158}
{"mode": "test", "epoch": 18, "loss": 2.525341272354126, "acc": 0.2666666805744171, "acc_or": 0.5333333611488342, "sender_entropy": 2.290494441986084, "receiver_entropy": 0.0, "original_loss": 1.2326271533966064, "mean_length": 6.000000476837158}
{"mode": "test", "epoch": 19, "loss": 2.7334022521972656, "acc": 0.3333333432674408, "acc_or": 0.6000000238418579, "sender_entropy": 2.2897775173187256, "receiver_entropy": 0.0, "original_loss": 1.2098888158798218, "mean_length": 6.000000476837158}
{"mode": "test", "epoch": 20, "loss": 2.8400590419769287, "acc": 0.46666669845581055, "acc_or": 0.7000000476837158, "sender_entropy": 2.288834810256958, "receiver_entropy": 0.0, "original_loss": 1.1956688165664673, "mean_length": 6.000000476837158}
{"mode": "test", "epoch": 21, "loss": 2.980342388153076, "acc": 0.3333333432674408, "acc_or": 0.6333333849906921, "sender_entropy": 2.2872793674468994, "receiver_entropy": 0.0, "original_loss": 1.177852749824524, "mean_length": 6.000000476837158}
{"mode": "test", "epoch": 22, "loss": 3.2760021686553955, "acc": 0.3333333432674408, "acc_or": 0.6333333849906921, "sender_entropy": 2.2854793071746826, "receiver_entropy": 0.0, "original_loss": 1.146859884262085, "mean_length": 6.000000476837158}
{"mode": "test", "epoch": 23, "loss": 3.48707914352417, "acc": 0.40000003576278687, "acc_or": 0.6666666865348816, "sender_entropy": 2.283003330230713, "receiver_entropy": 0.0, "original_loss": 1.122017502784729, "mean_length": 6.000000476837158}
{"mode": "test", "epoch": 24, "loss": 3.6505942344665527, "acc": 0.3333333432674408, "acc_or": 0.6333333849906921, "sender_entropy": 2.2792844772338867, "receiver_entropy": 0.0, "original_loss": 1.098670244216919, "mean_length": 6.000000476837158}
{"mode": "test", "epoch": 25, "loss": 3.692842960357666, "acc": 0.2666666805744171, "acc_or": 0.6000000238418579, "sender_entropy": 2.273804187774658, "receiver_entropy": 0.0, "original_loss": 1.0845156908035278, "mean_length": 6.000000476837158}
{"mode": "test", "epoch": 26, "loss": 3.597075939178467, "acc": 0.2666666805744171, "acc_or": 0.6000000238418579, "sender_entropy": 2.266282320022583, "receiver_entropy": 0.0, "original_loss": 1.082213282585144, "mean_length": 6.000000476837158}
{"mode": "test", "epoch": 27, "loss": 3.8215904235839844, "acc": 0.20000001788139343, "acc_or": 0.6000000238418579, "sender_entropy": 2.254789113998413, "receiver_entropy": 0.0, "original_loss": 1.0471594333648682, "mean_length": 6.000000476837158}
{"mode": "test", "epoch": 28, "loss": 3.960905075073242, "acc": 0.2666666805744171, "acc_or": 0.6333333849906921, "sender_entropy": 2.2368392944335938, "receiver_entropy": 0.0, "original_loss": 1.0138663053512573, "mean_length": 6.000000476837158}
{"mode": "test", "epoch": 29, "loss": 3.986025333404541, "acc": 0.3333333432674408, "acc_or": 0.6666666865348816, "sender_entropy": 2.2085039615631104, "receiver_entropy": 0.0, "original_loss": 0.9849215745925903, "mean_length": 6.000000476837158}
{"mode": "test", "epoch": 30, "loss": 3.974471092224121, "acc": 0.3333333432674408, "acc_or": 0.6666666865348816, "sender_entropy": 2.16975998878479, "receiver_entropy": 0.0, "original_loss": 0.9556151032447815, "mean_length": 6.000000476837158}
{"mode": "test", "epoch": 31, "loss": 4.0558390617370605, "acc": 0.2666666805744171, "acc_or": 0.6333333849906921, "sender_entropy": 2.1289923191070557, "receiver_entropy": 0.0, "original_loss": 0.9173265099525452, "mean_length": 6.000000476837158}
{"mode": "test", "epoch": 32, "loss": 4.001416206359863, "acc": 0.2666666805744171, "acc_or": 0.6333333849906921, "sender_entropy": 2.083132266998291, "receiver_entropy": 0.0, "original_loss": 0.888099730014801, "mean_length": 6.000000476837158}
{"mode": "test", "epoch": 33, "loss": 4.004215717315674, "acc": 0.3333333432674408, "acc_or": 0.6666666865348816, "sender_entropy": 2.0247573852539062, "receiver_entropy": 0.0, "original_loss": 0.826276421546936, "mean_length": 6.000000476837158}
{"mode": "test", "epoch": 34, "loss": 3.678694725036621, "acc": 0.2666666805744171, "acc_or": 0.6333333849906921, "sender_entropy": 1.9528926610946655, "receiver_entropy": 0.0, "original_loss": 0.8081058263778687, "mean_length": 6.000000476837158}
{"mode": "test", "epoch": 35, "loss": 3.5458016395568848, "acc": 0.3333333432674408, "acc_or": 0.6666666865348816, "sender_entropy": 1.885786533355713, "receiver_entropy": 0.0, "original_loss": 0.7726089954376221, "mean_length": 6.000000476837158}
{"mode": "test", "epoch": 36, "loss": 3.6332521438598633, "acc": 0.40000003576278687, "acc_or": 0.7000000476837158, "sender_entropy": 1.8771072626113892, "receiver_entropy": 0.0, "original_loss": 0.7404479384422302, "mean_length": 6.000000476837158}
{"mode": "test", "epoch": 37, "loss": 3.774191379547119, "acc": 0.46666669845581055, "acc_or": 0.7333333492279053, "sender_entropy": 1.8730716705322266, "receiver_entropy": 0.0, "original_loss": 0.7027444839477539, "mean_length": 6.000000476837158}
{"mode": "test", "epoch": 38, "loss": 3.9121158123016357, "acc": 0.46666669845581055, "acc_or": 0.7333333492279053, "sender_entropy": 1.8695565462112427, "receiver_entropy": 0.0, "original_loss": 0.6657988429069519, "mean_length": 6.000000476837158}
{"mode": "test", "epoch": 39, "loss": 3.8309435844421387, "acc": 0.40000003576278687, "acc_or": 0.7000000476837158, "sender_entropy": 1.8817687034606934, "receiver_entropy": 0.0, "original_loss": 0.6581835150718689, "mean_length": 6.000000476837158}
{"mode": "test", "epoch": 40, "loss": 3.9446377754211426, "acc": 0.46666669845581055, "acc_or": 0.7333333492279053, "sender_entropy": 1.8907095193862915, "receiver_entropy": 0.0, "original_loss": 0.6327603459358215, "mean_length": 6.000000476837158}
{"mode": "test", "epoch": 41, "loss": 4.180286407470703, "acc": 0.5333333611488342, "acc_or": 0.7666667103767395, "sender_entropy": 1.895832896232605, "receiver_entropy": 0.0, "original_loss": 0.5890653133392334, "mean_length": 6.000000476837158}
{"mode": "test", "epoch": 42, "loss": 3.912672996520996, "acc": 0.6000000238418579, "acc_or": 0.8000000715255737, "sender_entropy": 1.8762691020965576, "receiver_entropy": 0.0, "original_loss": 0.5986656546592712, "mean_length": 6.000000476837158}
{"mode": "test", "epoch": 43, "loss": 4.061667442321777, "acc": 0.5333333611488342, "acc_or": 0.7666667103767395, "sender_entropy": 1.8341268301010132, "receiver_entropy": 0.0, "original_loss": 0.5505337119102478, "mean_length": 6.000000476837158}
{"mode": "test", "epoch": 44, "loss": 4.142507553100586, "acc": 0.6000000238418579, "acc_or": 0.8000000715255737, "sender_entropy": 1.776070237159729, "receiver_entropy": 0.0, "original_loss": 0.49737003445625305, "mean_length": 6.000000476837158}
{"mode": "test", "epoch": 45, "loss": 3.8715972900390625, "acc": 0.6000000238418579, "acc_or": 0.8000000715255737, "sender_entropy": 1.7284396886825562, "receiver_entropy": 0.0, "original_loss": 0.49512603878974915, "mean_length": 6.000000476837158}
{"mode": "test", "epoch": 46, "loss": 3.759594440460205, "acc": 0.6000000238418579, "acc_or": 0.8000000715255737, "sender_entropy": 1.6968672275543213, "receiver_entropy": 0.0, "original_loss": 0.4814978241920471, "mean_length": 6.000000476837158}
{"mode": "test", "epoch": 47, "loss": 3.743239164352417, "acc": 0.7333333492279053, "acc_or": 0.8666667342185974, "sender_entropy": 1.6860787868499756, "receiver_entropy": 0.0, "original_loss": 0.46022823452949524, "mean_length": 6.000000476837158}
{"mode": "test", "epoch": 48, "loss": 3.803532600402832, "acc": 0.5333333611488342, "acc_or": 0.7666667103767395, "sender_entropy": 1.6811493635177612, "receiver_entropy": 0.0, "original_loss": 0.4353986382484436, "mean_length": 6.000000476837158}
{"mode": "test", "epoch": 49, "loss": 3.7373900413513184, "acc": 0.5333333611488342, "acc_or": 0.7666667103767395, "sender_entropy": 1.6756261587142944, "receiver_entropy": 0.0, "original_loss": 0.4277384579181671, "mean_length": 6.000000476837158}
{"mode": "test", "epoch": 50, "loss": 3.790493965148926, "acc": 0.5333333611488342, "acc_or": 0.7666667103767395, "sender_entropy": 1.6641343832015991, "receiver_entropy": 0.0, "original_loss": 0.399774432182312, "mean_length": 6.000000476837158}
{"mode": "test", "epoch": 51, "loss": 3.600257635116577, "acc": 0.6000000238418579, "acc_or": 0.8000000715255737, "sender_entropy": 1.6400487422943115, "receiver_entropy": 0.0, "original_loss": 0.4131339490413666, "mean_length": 6.000000476837158}
{"mode": "test", "epoch": 52, "loss": 3.756152868270874, "acc": 0.6000000238418579, "acc_or": 0.8000000715255737, "sender_entropy": 1.6337528228759766, "receiver_entropy": 0.0, "original_loss": 0.3691841661930084, "mean_length": 6.000000476837158}
{"mode": "test", "epoch": 53, "loss": 3.9775850772857666, "acc": 0.6666666865348816, "acc_or": 0.8333333730697632, "sender_entropy": 1.6345632076263428, "receiver_entropy": 0.0, "original_loss": 0.31551593542099, "mean_length": 6.000000476837158}
{"mode": "test", "epoch": 54, "loss": 3.479379653930664, "acc": 0.5333333611488342, "acc_or": 0.7666667103767395, "sender_entropy": 1.6336555480957031, "receiver_entropy": 0.0, "original_loss": 0.3637722134590149, "mean_length": 6.000000476837158}
{"mode": "test", "epoch": 55, "loss": 3.261674404144287, "acc": 0.6000000238418579, "acc_or": 0.8000000715255737, "sender_entropy": 1.63596773147583, "receiver_entropy": 0.0, "original_loss": 0.3901216685771942, "mean_length": 6.000000476837158}
{"mode": "test", "epoch": 56, "loss": 3.3010053634643555, "acc": 0.6666666865348816, "acc_or": 0.8333333730697632, "sender_entropy": 1.642112135887146, "receiver_entropy": 0.0, "original_loss": 0.3914289176464081, "mean_length": 6.000000476837158}
{"mode": "test", "epoch": 57, "loss": 3.6271660327911377, "acc": 0.6666666865348816, "acc_or": 0.8333333730697632, "sender_entropy": 1.6535016298294067, "receiver_entropy": 0.0, "original_loss": 0.3362533748149872, "mean_length": 6.000000476837158}
{"mode": "test", "epoch": 58, "loss": 4.059996128082275, "acc": 0.8000000715255737, "acc_or": 0.9000000357627869, "sender_entropy": 1.670039415359497, "receiver_entropy": 0.0, "original_loss": 0.27865806221961975, "mean_length": 6.000000476837158}
{"mode": "test", "epoch": 59, "loss": 4.5526957511901855, "acc": 1.0, "acc_or": 1.0, "sender_entropy": 1.6839402914047241, "receiver_entropy": 0.0, "original_loss": 0.19795110821723938, "mean_length": 6.000000476837158}
{"epoch": 59, "positional_disent": 0.06550128757953644, "bag_of_symbol_disent": 0.13012944161891937, "topographic_sim": 0.44706975883919575}
{"generalization hold out": {"acc": 1.0, "acc_or": 1.0}, "uniform holdout": {"acc": 0.0, "acc_or": 0.0}, "epoch": 59}
---End--
