nohup: ignoring input
{"mode": "test", "epoch": 1, "loss": 0.9846915602684021, "acc": 0.20000001788139343, "acc_or": 0.30000001192092896, "sender_entropy": 2.299001932144165, "receiver_entropy": 0.0, "original_loss": 1.5615161657333374, "mean_length": 6.000000476837158}
{"mode": "test", "epoch": 2, "loss": 0.960542619228363, "acc": 0.0, "acc_or": 0.20000001788139343, "sender_entropy": 2.2951817512512207, "receiver_entropy": 0.0, "original_loss": 1.5409256219863892, "mean_length": 6.000000476837158}
{"mode": "test", "epoch": 3, "loss": 1.1068140268325806, "acc": 0.0, "acc_or": 0.20000001788139343, "sender_entropy": 2.2916460037231445, "receiver_entropy": 0.0, "original_loss": 1.5080453157424927, "mean_length": 6.000000476837158}
{"mode": "test", "epoch": 4, "loss": 1.3260079622268677, "acc": 0.06666667014360428, "acc_or": 0.20000001788139343, "sender_entropy": 2.289447784423828, "receiver_entropy": 0.0, "original_loss": 1.469861626625061, "mean_length": 6.000000476837158}
{"mode": "test", "epoch": 5, "loss": 1.6269536018371582, "acc": 0.06666667014360428, "acc_or": 0.3333333432674408, "sender_entropy": 2.2884280681610107, "receiver_entropy": 0.0, "original_loss": 1.4259647130966187, "mean_length": 6.000000476837158}
{"mode": "test", "epoch": 6, "loss": 1.8168678283691406, "acc": 0.06666667014360428, "acc_or": 0.2666666805744171, "sender_entropy": 2.28812575340271, "receiver_entropy": 0.0, "original_loss": 1.3916306495666504, "mean_length": 6.000000476837158}
{"mode": "test", "epoch": 7, "loss": 1.875966191291809, "acc": 0.06666667014360428, "acc_or": 0.30000001192092896, "sender_entropy": 2.288994789123535, "receiver_entropy": 0.0, "original_loss": 1.3699771165847778, "mean_length": 6.000000476837158}
{"mode": "test", "epoch": 8, "loss": 1.9877734184265137, "acc": 0.13333334028720856, "acc_or": 0.3333333432674408, "sender_entropy": 2.289552927017212, "receiver_entropy": 0.0, "original_loss": 1.3460464477539062, "mean_length": 6.000000476837158}
{"mode": "test", "epoch": 9, "loss": 1.847941279411316, "acc": 0.13333334028720856, "acc_or": 0.5333333611488342, "sender_entropy": 2.2903623580932617, "receiver_entropy": 0.0, "original_loss": 1.3459235429763794, "mean_length": 6.000000476837158}
{"mode": "test", "epoch": 10, "loss": 1.7487027645111084, "acc": 0.13333334028720856, "acc_or": 0.46666669845581055, "sender_entropy": 2.291168212890625, "receiver_entropy": 0.0, "original_loss": 1.3451217412948608, "mean_length": 6.000000476837158}
{"mode": "test", "epoch": 11, "loss": 1.749015212059021, "acc": 0.20000001788139343, "acc_or": 0.40000003576278687, "sender_entropy": 2.2919974327087402, "receiver_entropy": 0.0, "original_loss": 1.3370567560195923, "mean_length": 6.000000476837158}
{"mode": "test", "epoch": 12, "loss": 1.6828241348266602, "acc": 0.06666667014360428, "acc_or": 0.30000001192092896, "sender_entropy": 2.292668104171753, "receiver_entropy": 0.0, "original_loss": 1.3347009420394897, "mean_length": 6.000000476837158}
{"mode": "test", "epoch": 13, "loss": 1.8043519258499146, "acc": 0.06666667014360428, "acc_or": 0.4333333671092987, "sender_entropy": 2.293069362640381, "receiver_entropy": 0.0, "original_loss": 1.3189789056777954, "mean_length": 6.000000476837158}
{"mode": "test", "epoch": 14, "loss": 1.8396612405776978, "acc": 0.2666666805744171, "acc_or": 0.5333333611488342, "sender_entropy": 2.2932608127593994, "receiver_entropy": 0.0, "original_loss": 1.3106285333633423, "mean_length": 6.000000476837158}
{"mode": "test", "epoch": 15, "loss": 1.8698657751083374, "acc": 0.13333334028720856, "acc_or": 0.36666667461395264, "sender_entropy": 2.2933547496795654, "receiver_entropy": 0.0, "original_loss": 1.303282618522644, "mean_length": 6.000000476837158}
{"mode": "test", "epoch": 16, "loss": 2.1117889881134033, "acc": 0.40000003576278687, "acc_or": 0.6333333849906921, "sender_entropy": 2.2929275035858154, "receiver_entropy": 0.0, "original_loss": 1.2777496576309204, "mean_length": 6.000000476837158}
{"mode": "test", "epoch": 17, "loss": 2.205760955810547, "acc": 0.2666666805744171, "acc_or": 0.5, "sender_entropy": 2.2928659915924072, "receiver_entropy": 0.0, "original_loss": 1.2650387287139893, "mean_length": 6.000000476837158}
{"mode": "test", "epoch": 18, "loss": 2.310926675796509, "acc": 0.3333333432674408, "acc_or": 0.6000000238418579, "sender_entropy": 2.2925572395324707, "receiver_entropy": 0.0, "original_loss": 1.2519500255584717, "mean_length": 6.000000476837158}
{"mode": "test", "epoch": 19, "loss": 2.3806610107421875, "acc": 0.40000003576278687, "acc_or": 0.6333333849906921, "sender_entropy": 2.292250156402588, "receiver_entropy": 0.0, "original_loss": 1.2424266338348389, "mean_length": 6.000000476837158}
{"mode": "test", "epoch": 20, "loss": 2.3812994956970215, "acc": 0.40000003576278687, "acc_or": 0.6000000238418579, "sender_entropy": 2.291802167892456, "receiver_entropy": 0.0, "original_loss": 1.2384819984436035, "mean_length": 6.000000476837158}
{"mode": "test", "epoch": 21, "loss": 2.4054884910583496, "acc": 0.40000003576278687, "acc_or": 0.6000000238418579, "sender_entropy": 2.2911014556884766, "receiver_entropy": 0.0, "original_loss": 1.2326396703720093, "mean_length": 6.000000476837158}
{"mode": "test", "epoch": 22, "loss": 2.546499252319336, "acc": 0.3333333432674408, "acc_or": 0.6000000238418579, "sender_entropy": 2.290121555328369, "receiver_entropy": 0.0, "original_loss": 1.2164560556411743, "mean_length": 6.000000476837158}
{"mode": "test", "epoch": 23, "loss": 2.665841579437256, "acc": 0.3333333432674408, "acc_or": 0.6333333849906921, "sender_entropy": 2.288830041885376, "receiver_entropy": 0.0, "original_loss": 1.202138066291809, "mean_length": 6.000000476837158}
{"mode": "test", "epoch": 24, "loss": 2.8034138679504395, "acc": 0.3333333432674408, "acc_or": 0.5666667222976685, "sender_entropy": 2.2868728637695312, "receiver_entropy": 0.0, "original_loss": 1.1856558322906494, "mean_length": 6.000000476837158}
{"mode": "test", "epoch": 25, "loss": 2.934528350830078, "acc": 0.2666666805744171, "acc_or": 0.6333333849906921, "sender_entropy": 2.2841100692749023, "receiver_entropy": 0.0, "original_loss": 1.1685303449630737, "mean_length": 6.000000476837158}
{"mode": "test", "epoch": 26, "loss": 2.9709391593933105, "acc": 0.2666666805744171, "acc_or": 0.5666667222976685, "sender_entropy": 2.2802908420562744, "receiver_entropy": 0.0, "original_loss": 1.1579957008361816, "mean_length": 6.000000476837158}
{"mode": "test", "epoch": 27, "loss": 3.022181987762451, "acc": 0.3333333432674408, "acc_or": 0.6000000238418579, "sender_entropy": 2.2746660709381104, "receiver_entropy": 0.0, "original_loss": 1.1442574262619019, "mean_length": 6.000000476837158}
{"mode": "test", "epoch": 28, "loss": 3.134007692337036, "acc": 0.2666666805744171, "acc_or": 0.6333333849906921, "sender_entropy": 2.266998291015625, "receiver_entropy": 0.0, "original_loss": 1.123568058013916, "mean_length": 6.000000476837158}
{"mode": "test", "epoch": 29, "loss": 3.3680524826049805, "acc": 0.20000001788139343, "acc_or": 0.5666667222976685, "sender_entropy": 2.254607915878296, "receiver_entropy": 0.0, "original_loss": 1.0892192125320435, "mean_length": 6.000000476837158}
{"mode": "test", "epoch": 30, "loss": 3.39365816116333, "acc": 0.20000001788139343, "acc_or": 0.5666667222976685, "sender_entropy": 2.2347681522369385, "receiver_entropy": 0.0, "original_loss": 1.0680322647094727, "mean_length": 6.000000476837158}
{"mode": "test", "epoch": 31, "loss": 3.190734624862671, "acc": 0.2666666805744171, "acc_or": 0.6000000238418579, "sender_entropy": 2.204688310623169, "receiver_entropy": 0.0, "original_loss": 1.0637013912200928, "mean_length": 6.000000476837158}
{"mode": "test", "epoch": 32, "loss": 3.0691394805908203, "acc": 0.2666666805744171, "acc_or": 0.6333333849906921, "sender_entropy": 2.1668756008148193, "receiver_entropy": 0.0, "original_loss": 1.050614356994629, "mean_length": 6.000000476837158}
{"mode": "test", "epoch": 33, "loss": 3.117182493209839, "acc": 0.40000003576278687, "acc_or": 0.6333333849906921, "sender_entropy": 2.128173589706421, "receiver_entropy": 0.0, "original_loss": 1.0190608501434326, "mean_length": 6.000000476837158}
{"mode": "test", "epoch": 34, "loss": 3.196967840194702, "acc": 0.2666666805744171, "acc_or": 0.5333333611488342, "sender_entropy": 2.1087050437927246, "receiver_entropy": 0.0, "original_loss": 0.9868514537811279, "mean_length": 6.000000476837158}
{"mode": "test", "epoch": 35, "loss": 3.2344651222229004, "acc": 0.3333333432674408, "acc_or": 0.6000000238418579, "sender_entropy": 2.1013898849487305, "receiver_entropy": 0.0, "original_loss": 0.9619211554527283, "mean_length": 6.000000476837158}
{"mode": "test", "epoch": 36, "loss": 2.8704299926757812, "acc": 0.2666666805744171, "acc_or": 0.5666667222976685, "sender_entropy": 2.0886833667755127, "receiver_entropy": 0.0, "original_loss": 0.9775171875953674, "mean_length": 6.000000476837158}
{"mode": "test", "epoch": 37, "loss": 2.8782458305358887, "acc": 0.2666666805744171, "acc_or": 0.5666667222976685, "sender_entropy": 2.080638885498047, "receiver_entropy": 0.0, "original_loss": 0.9530447721481323, "mean_length": 6.000000476837158}
{"mode": "test", "epoch": 38, "loss": 3.1439013481140137, "acc": 0.3333333432674408, "acc_or": 0.5333333611488342, "sender_entropy": 2.069420576095581, "receiver_entropy": 0.0, "original_loss": 0.8964256644248962, "mean_length": 6.000000476837158}
{"mode": "test", "epoch": 39, "loss": 3.3428356647491455, "acc": 0.3333333432674408, "acc_or": 0.6000000238418579, "sender_entropy": 2.042184829711914, "receiver_entropy": 0.0, "original_loss": 0.846057653427124, "mean_length": 6.000000476837158}
{"mode": "test", "epoch": 40, "loss": 2.7645316123962402, "acc": 0.3333333432674408, "acc_or": 0.6000000238418579, "sender_entropy": 1.9994653463363647, "receiver_entropy": 0.0, "original_loss": 0.8708941340446472, "mean_length": 6.000000476837158}
{"mode": "test", "epoch": 41, "loss": 2.3839831352233887, "acc": 0.3333333432674408, "acc_or": 0.6000000238418579, "sender_entropy": 1.9715182781219482, "receiver_entropy": 0.0, "original_loss": 0.8864292502403259, "mean_length": 6.000000476837158}
{"mode": "test", "epoch": 42, "loss": 2.613896369934082, "acc": 0.3333333432674408, "acc_or": 0.6000000238418579, "sender_entropy": 1.9477096796035767, "receiver_entropy": 0.0, "original_loss": 0.8315386772155762, "mean_length": 6.000000476837158}
{"mode": "test", "epoch": 43, "loss": 2.969817876815796, "acc": 0.3333333432674408, "acc_or": 0.6333333849906921, "sender_entropy": 1.929932713508606, "receiver_entropy": 0.0, "original_loss": 0.7806881070137024, "mean_length": 6.000000476837158}
{"mode": "test", "epoch": 44, "loss": 3.3911428451538086, "acc": 0.40000003576278687, "acc_or": 0.6666666865348816, "sender_entropy": 1.9146497249603271, "receiver_entropy": 0.0, "original_loss": 0.7171189785003662, "mean_length": 6.000000476837158}
{"mode": "test", "epoch": 45, "loss": 3.1268815994262695, "acc": 0.46666669845581055, "acc_or": 0.6666666865348816, "sender_entropy": 1.9050421714782715, "receiver_entropy": 0.0, "original_loss": 0.7192621231079102, "mean_length": 6.000000476837158}
{"mode": "test", "epoch": 46, "loss": 3.1619160175323486, "acc": 0.46666669845581055, "acc_or": 0.7000000476837158, "sender_entropy": 1.9074870347976685, "receiver_entropy": 0.0, "original_loss": 0.7026006579399109, "mean_length": 6.000000476837158}
{"mode": "test", "epoch": 47, "loss": 3.160454750061035, "acc": 0.40000003576278687, "acc_or": 0.6666666865348816, "sender_entropy": 1.9086459875106812, "receiver_entropy": 0.0, "original_loss": 0.6984384059906006, "mean_length": 6.000000476837158}
{"mode": "test", "epoch": 48, "loss": 3.393519163131714, "acc": 0.40000003576278687, "acc_or": 0.6666666865348816, "sender_entropy": 1.8970794677734375, "receiver_entropy": 0.0, "original_loss": 0.6589639782905579, "mean_length": 6.000000476837158}
{"mode": "test", "epoch": 49, "loss": 3.441065549850464, "acc": 0.46666669845581055, "acc_or": 0.6666666865348816, "sender_entropy": 1.8766471147537231, "receiver_entropy": 0.0, "original_loss": 0.633772611618042, "mean_length": 6.000000476837158}
{"mode": "test", "epoch": 50, "loss": 3.4689137935638428, "acc": 0.46666669845581055, "acc_or": 0.7000000476837158, "sender_entropy": 1.8528119325637817, "receiver_entropy": 0.0, "original_loss": 0.6072676777839661, "mean_length": 6.000000476837158}
{"mode": "test", "epoch": 51, "loss": 3.5256636142730713, "acc": 0.6666666865348816, "acc_or": 0.8000000715255737, "sender_entropy": 1.833322525024414, "receiver_entropy": 0.0, "original_loss": 0.5736134648323059, "mean_length": 6.000000476837158}
{"mode": "test", "epoch": 52, "loss": 2.874401330947876, "acc": 0.6000000238418579, "acc_or": 0.7666667103767395, "sender_entropy": 1.8207939863204956, "receiver_entropy": 0.0, "original_loss": 0.6312088966369629, "mean_length": 6.000000476837158}
{"mode": "test", "epoch": 53, "loss": 2.925105094909668, "acc": 0.6000000238418579, "acc_or": 0.7666667103767395, "sender_entropy": 1.8189301490783691, "receiver_entropy": 0.0, "original_loss": 0.6074956655502319, "mean_length": 6.000000476837158}
{"mode": "test", "epoch": 54, "loss": 3.443864583969116, "acc": 0.6000000238418579, "acc_or": 0.8000000715255737, "sender_entropy": 1.8141531944274902, "receiver_entropy": 0.0, "original_loss": 0.5342199802398682, "mean_length": 6.000000476837158}
{"mode": "test", "epoch": 55, "loss": 3.614480972290039, "acc": 0.6000000238418579, "acc_or": 0.7666667103767395, "sender_entropy": 1.802362084388733, "receiver_entropy": 0.0, "original_loss": 0.4922938048839569, "mean_length": 6.000000476837158}
{"mode": "test", "epoch": 56, "loss": 3.9132089614868164, "acc": 0.6666666865348816, "acc_or": 0.8000000715255737, "sender_entropy": 1.7956774234771729, "receiver_entropy": 0.0, "original_loss": 0.4381287693977356, "mean_length": 6.000000476837158}
{"mode": "test", "epoch": 57, "loss": 4.673008441925049, "acc": 0.7333333492279053, "acc_or": 0.8666667342185974, "sender_entropy": 1.7807635068893433, "receiver_entropy": 0.0, "original_loss": 0.3421514630317688, "mean_length": 6.000000476837158}
{"mode": "test", "epoch": 58, "loss": 4.6587090492248535, "acc": 0.8000000715255737, "acc_or": 0.9000000357627869, "sender_entropy": 1.7661972045898438, "receiver_entropy": 0.0, "original_loss": 0.3282754719257355, "mean_length": 6.000000476837158}
{"mode": "test", "epoch": 59, "loss": 4.628565311431885, "acc": 0.7333333492279053, "acc_or": 0.8666667342185974, "sender_entropy": 1.7618857622146606, "receiver_entropy": 0.0, "original_loss": 0.31918928027153015, "mean_length": 6.000000476837158}
{"mode": "test", "epoch": 60, "loss": 4.708132743835449, "acc": 0.8000000715255737, "acc_or": 0.9000000357627869, "sender_entropy": 1.775313138961792, "receiver_entropy": 0.0, "original_loss": 0.3044366240501404, "mean_length": 6.000000476837158}
{"mode": "test", "epoch": 61, "loss": 5.0001654624938965, "acc": 0.8000000715255737, "acc_or": 0.9000000357627869, "sender_entropy": 1.7835580110549927, "receiver_entropy": 0.0, "original_loss": 0.2595028877258301, "mean_length": 6.000000476837158}
{"mode": "test", "epoch": 62, "loss": 5.090236663818359, "acc": 0.8666667342185974, "acc_or": 0.9333333969116211, "sender_entropy": 1.7841790914535522, "receiver_entropy": 0.0, "original_loss": 0.22883300483226776, "mean_length": 6.000000476837158}
{"mode": "test", "epoch": 63, "loss": 5.089577674865723, "acc": 0.9333333969116211, "acc_or": 0.9666666984558105, "sender_entropy": 1.773614525794983, "receiver_entropy": 0.0, "original_loss": 0.2161398082971573, "mean_length": 6.000000476837158}
{"mode": "test", "epoch": 64, "loss": 4.996556758880615, "acc": 1.0, "acc_or": 1.0, "sender_entropy": 1.7543854713439941, "receiver_entropy": 0.0, "original_loss": 0.19215162098407745, "mean_length": 6.000000476837158}
{"epoch": 64, "positional_disent": 0.11240231990814209, "bag_of_symbol_disent": 0.04886924847960472, "topographic_sim": 0.3802733201399992}
{"generalization hold out": {"acc": 0.875, "acc_or": 0.875}, "uniform holdout": {"acc": 0.0, "acc_or": 0.0}, "epoch": 64}
---End--
