nohup: ignoring input
{"mode": "test", "epoch": 1, "loss": 0.4697909355163574, "acc": 0.06666667014360428, "acc_or": 0.1666666716337204, "sender_entropy": 2.2973337173461914, "receiver_entropy": 0.0, "original_loss": 1.6170305013656616, "mean_length": 6.000000476837158}
{"mode": "test", "epoch": 2, "loss": 0.5702446699142456, "acc": 0.06666667014360428, "acc_or": 0.2666666805744171, "sender_entropy": 2.2939229011535645, "receiver_entropy": 0.0, "original_loss": 1.588113784790039, "mean_length": 6.000000476837158}
{"mode": "test", "epoch": 3, "loss": 0.9651650786399841, "acc": 0.0, "acc_or": 0.1666666716337204, "sender_entropy": 2.29197359085083, "receiver_entropy": 0.0, "original_loss": 1.5345767736434937, "mean_length": 6.000000476837158}
{"mode": "test", "epoch": 4, "loss": 1.4699013233184814, "acc": 0.0, "acc_or": 0.1666666716337204, "sender_entropy": 2.2908802032470703, "receiver_entropy": 0.0, "original_loss": 1.4717870950698853, "mean_length": 6.000000476837158}
{"mode": "test", "epoch": 5, "loss": 2.0374772548675537, "acc": 0.0, "acc_or": 0.23333334922790527, "sender_entropy": 2.2903854846954346, "receiver_entropy": 0.0, "original_loss": 1.4033094644546509, "mean_length": 6.000000476837158}
{"mode": "test", "epoch": 6, "loss": 2.22790789604187, "acc": 0.06666667014360428, "acc_or": 0.30000001192092896, "sender_entropy": 2.290067672729492, "receiver_entropy": 0.0, "original_loss": 1.3659286499023438, "mean_length": 6.000000476837158}
{"mode": "test", "epoch": 7, "loss": 2.2557854652404785, "acc": 0.06666667014360428, "acc_or": 0.30000001192092896, "sender_entropy": 2.2897555828094482, "receiver_entropy": 0.0, "original_loss": 1.3447265625, "mean_length": 6.000000476837158}
{"mode": "test", "epoch": 8, "loss": 2.207740068435669, "acc": 0.20000001788139343, "acc_or": 0.40000003576278687, "sender_entropy": 2.2899553775787354, "receiver_entropy": 0.0, "original_loss": 1.3344900608062744, "mean_length": 6.000000476837158}
{"mode": "test", "epoch": 9, "loss": 1.9186288118362427, "acc": 0.13333334028720856, "acc_or": 0.4333333671092987, "sender_entropy": 2.290356159210205, "receiver_entropy": 0.0, "original_loss": 1.3470754623413086, "mean_length": 6.000000476837158}
{"mode": "test", "epoch": 10, "loss": 1.8897230625152588, "acc": 0.06666667014360428, "acc_or": 0.30000001192092896, "sender_entropy": 2.290705442428589, "receiver_entropy": 0.0, "original_loss": 1.3385334014892578, "mean_length": 6.000000476837158}
{"mode": "test", "epoch": 11, "loss": 1.9378960132598877, "acc": 0.06666667014360428, "acc_or": 0.40000003576278687, "sender_entropy": 2.291233777999878, "receiver_entropy": 0.0, "original_loss": 1.325277328491211, "mean_length": 6.000000476837158}
{"mode": "test", "epoch": 12, "loss": 1.7801743745803833, "acc": 0.13333334028720856, "acc_or": 0.4333333671092987, "sender_entropy": 2.291724681854248, "receiver_entropy": 0.0, "original_loss": 1.3314937353134155, "mean_length": 6.000000476837158}
{"mode": "test", "epoch": 13, "loss": 1.874293327331543, "acc": 0.2666666805744171, "acc_or": 0.5333333611488342, "sender_entropy": 2.291929244995117, "receiver_entropy": 0.0, "original_loss": 1.3170652389526367, "mean_length": 6.000000476837158}
{"mode": "test", "epoch": 14, "loss": 1.8713269233703613, "acc": 0.13333334028720856, "acc_or": 0.5, "sender_entropy": 2.2919554710388184, "receiver_entropy": 0.0, "original_loss": 1.3115814924240112, "mean_length": 6.000000476837158}
{"mode": "test", "epoch": 15, "loss": 2.0079903602600098, "acc": 0.3333333432674408, "acc_or": 0.6333333849906921, "sender_entropy": 2.2918436527252197, "receiver_entropy": 0.0, "original_loss": 1.295379400253296, "mean_length": 6.000000476837158}
{"mode": "test", "epoch": 16, "loss": 2.1922788619995117, "acc": 0.46666669845581055, "acc_or": 0.7333333492279053, "sender_entropy": 2.291450023651123, "receiver_entropy": 0.0, "original_loss": 1.2736412286758423, "mean_length": 6.000000476837158}
{"mode": "test", "epoch": 17, "loss": 2.161259412765503, "acc": 0.40000003576278687, "acc_or": 0.6666666865348816, "sender_entropy": 2.2910072803497314, "receiver_entropy": 0.0, "original_loss": 1.2705366611480713, "mean_length": 6.000000476837158}
{"mode": "test", "epoch": 18, "loss": 2.278719902038574, "acc": 0.40000003576278687, "acc_or": 0.7000000476837158, "sender_entropy": 2.2907040119171143, "receiver_entropy": 0.0, "original_loss": 1.2561061382293701, "mean_length": 6.000000476837158}
{"mode": "test", "epoch": 19, "loss": 2.360593795776367, "acc": 0.40000003576278687, "acc_or": 0.6666666865348816, "sender_entropy": 2.290188789367676, "receiver_entropy": 0.0, "original_loss": 1.245278000831604, "mean_length": 6.000000476837158}
{"mode": "test", "epoch": 20, "loss": 2.4993584156036377, "acc": 0.5333333611488342, "acc_or": 0.7333333492279053, "sender_entropy": 2.289536237716675, "receiver_entropy": 0.0, "original_loss": 1.229300856590271, "mean_length": 6.000000476837158}
{"mode": "test", "epoch": 21, "loss": 2.719590425491333, "acc": 0.3333333432674408, "acc_or": 0.6333333849906921, "sender_entropy": 2.288698434829712, "receiver_entropy": 0.0, "original_loss": 1.2056828737258911, "mean_length": 6.000000476837158}
{"mode": "test", "epoch": 22, "loss": 2.904987335205078, "acc": 0.3333333432674408, "acc_or": 0.6333333849906921, "sender_entropy": 2.2875139713287354, "receiver_entropy": 0.0, "original_loss": 1.1843791007995605, "mean_length": 6.000000476837158}
{"mode": "test", "epoch": 23, "loss": 3.044725179672241, "acc": 0.3333333432674408, "acc_or": 0.6666666865348816, "sender_entropy": 2.2858362197875977, "receiver_entropy": 0.0, "original_loss": 1.1659108400344849, "mean_length": 6.000000476837158}
{"mode": "test", "epoch": 24, "loss": 3.1470906734466553, "acc": 0.3333333432674408, "acc_or": 0.6666666865348816, "sender_entropy": 2.2833590507507324, "receiver_entropy": 0.0, "original_loss": 1.1497442722320557, "mean_length": 6.000000476837158}
{"mode": "test", "epoch": 25, "loss": 3.3566014766693115, "acc": 0.3333333432674408, "acc_or": 0.6666666865348816, "sender_entropy": 2.279832601547241, "receiver_entropy": 0.0, "original_loss": 1.123530387878418, "mean_length": 6.000000476837158}
{"mode": "test", "epoch": 26, "loss": 3.595275402069092, "acc": 0.40000003576278687, "acc_or": 0.7000000476837158, "sender_entropy": 2.2752327919006348, "receiver_entropy": 0.0, "original_loss": 1.093675971031189, "mean_length": 6.000000476837158}
{"mode": "test", "epoch": 27, "loss": 3.72070050239563, "acc": 0.40000003576278687, "acc_or": 0.7000000476837158, "sender_entropy": 2.2683265209198, "receiver_entropy": 0.0, "original_loss": 1.0704078674316406, "mean_length": 6.000000476837158}
{"mode": "test", "epoch": 28, "loss": 3.7987425327301025, "acc": 0.3333333432674408, "acc_or": 0.6666666865348816, "sender_entropy": 2.258059024810791, "receiver_entropy": 0.0, "original_loss": 1.0463368892669678, "mean_length": 6.000000476837158}
{"mode": "test", "epoch": 29, "loss": 3.8614087104797363, "acc": 0.2666666805744171, "acc_or": 0.6333333849906921, "sender_entropy": 2.2436866760253906, "receiver_entropy": 0.0, "original_loss": 1.0192663669586182, "mean_length": 6.000000476837158}
{"mode": "test", "epoch": 30, "loss": 3.9092729091644287, "acc": 0.3333333432674408, "acc_or": 0.6666666865348816, "sender_entropy": 2.2215209007263184, "receiver_entropy": 0.0, "original_loss": 0.9859117865562439, "mean_length": 6.000000476837158}
{"mode": "test", "epoch": 31, "loss": 3.88033390045166, "acc": 0.3333333432674408, "acc_or": 0.6666666865348816, "sender_entropy": 2.189723491668701, "receiver_entropy": 0.0, "original_loss": 0.9529216885566711, "mean_length": 6.000000476837158}
{"mode": "test", "epoch": 32, "loss": 3.819941997528076, "acc": 0.3333333432674408, "acc_or": 0.6666666865348816, "sender_entropy": 2.1461527347564697, "receiver_entropy": 0.0, "original_loss": 0.9152517914772034, "mean_length": 6.000000476837158}
{"mode": "test", "epoch": 33, "loss": 3.6515843868255615, "acc": 0.3333333432674408, "acc_or": 0.6666666865348816, "sender_entropy": 2.1069741249084473, "receiver_entropy": 0.0, "original_loss": 0.894123375415802, "mean_length": 6.000000476837158}
{"mode": "test", "epoch": 34, "loss": 3.5077273845672607, "acc": 0.40000003576278687, "acc_or": 0.7000000476837158, "sender_entropy": 2.053393602371216, "receiver_entropy": 0.0, "original_loss": 0.8616201281547546, "mean_length": 6.000000476837158}
{"mode": "test", "epoch": 35, "loss": 3.349731922149658, "acc": 0.46666669845581055, "acc_or": 0.7333333492279053, "sender_entropy": 2.0014753341674805, "receiver_entropy": 0.0, "original_loss": 0.832105278968811, "mean_length": 6.000000476837158}
{"mode": "test", "epoch": 36, "loss": 3.052145004272461, "acc": 0.40000003576278687, "acc_or": 0.7000000476837158, "sender_entropy": 1.9689387083053589, "receiver_entropy": 0.0, "original_loss": 0.8296095132827759, "mean_length": 6.000000476837158}
{"mode": "test", "epoch": 37, "loss": 2.975247859954834, "acc": 0.40000003576278687, "acc_or": 0.7000000476837158, "sender_entropy": 1.9277784824371338, "receiver_entropy": 0.0, "original_loss": 0.8023338913917542, "mean_length": 6.000000476837158}
{"mode": "test", "epoch": 38, "loss": 3.0632779598236084, "acc": 0.40000003576278687, "acc_or": 0.7000000476837158, "sender_entropy": 1.885451078414917, "receiver_entropy": 0.0, "original_loss": 0.7541282773017883, "mean_length": 6.000000476837158}
{"mode": "test", "epoch": 39, "loss": 3.1377298831939697, "acc": 0.3333333432674408, "acc_or": 0.6666666865348816, "sender_entropy": 1.8681082725524902, "receiver_entropy": 0.0, "original_loss": 0.7149240374565125, "mean_length": 6.000000476837158}
{"mode": "test", "epoch": 40, "loss": 3.4856796264648438, "acc": 0.46666669845581055, "acc_or": 0.7333333492279053, "sender_entropy": 1.8613475561141968, "receiver_entropy": 0.0, "original_loss": 0.6510406732559204, "mean_length": 6.000000476837158}
{"mode": "test", "epoch": 41, "loss": 4.0098395347595215, "acc": 0.46666669845581055, "acc_or": 0.7333333492279053, "sender_entropy": 1.8532131910324097, "receiver_entropy": 0.0, "original_loss": 0.5710191130638123, "mean_length": 6.000000476837158}
{"mode": "test", "epoch": 42, "loss": 4.579763412475586, "acc": 0.6000000238418579, "acc_or": 0.8000000715255737, "sender_entropy": 1.8527882099151611, "receiver_entropy": 0.0, "original_loss": 0.48631760478019714, "mean_length": 6.000000476837158}
{"mode": "test", "epoch": 43, "loss": 4.454474449157715, "acc": 0.6666666865348816, "acc_or": 0.8333333730697632, "sender_entropy": 1.8418376445770264, "receiver_entropy": 0.0, "original_loss": 0.4850386381149292, "mean_length": 6.000000476837158}
{"mode": "test", "epoch": 44, "loss": 4.668858051300049, "acc": 0.6666666865348816, "acc_or": 0.8333333730697632, "sender_entropy": 1.8374457359313965, "receiver_entropy": 0.0, "original_loss": 0.43878456950187683, "mean_length": 6.000000476837158}
{"mode": "test", "epoch": 45, "loss": 4.811898231506348, "acc": 0.6666666865348816, "acc_or": 0.8333333730697632, "sender_entropy": 1.8257368803024292, "receiver_entropy": 0.0, "original_loss": 0.39207717776298523, "mean_length": 6.000000476837158}
{"mode": "test", "epoch": 46, "loss": 4.685756206512451, "acc": 0.8000000715255737, "acc_or": 0.9000000357627869, "sender_entropy": 1.7989228963851929, "receiver_entropy": 0.0, "original_loss": 0.37182217836380005, "mean_length": 6.000000476837158}
{"mode": "test", "epoch": 47, "loss": 4.393294811248779, "acc": 0.8666667342185974, "acc_or": 0.9333333969116211, "sender_entropy": 1.7597676515579224, "receiver_entropy": 0.0, "original_loss": 0.3776242136955261, "mean_length": 6.000000476837158}
{"mode": "test", "epoch": 48, "loss": 4.055179119110107, "acc": 0.8666667342185974, "acc_or": 0.9333333969116211, "sender_entropy": 1.7160851955413818, "receiver_entropy": 0.0, "original_loss": 0.38097140192985535, "mean_length": 6.000000476837158}
{"mode": "test", "epoch": 49, "loss": 3.85569429397583, "acc": 0.8000000715255737, "acc_or": 0.9000000357627869, "sender_entropy": 1.6727261543273926, "receiver_entropy": 0.0, "original_loss": 0.3703571557998657, "mean_length": 6.000000476837158}
{"mode": "test", "epoch": 50, "loss": 3.820251703262329, "acc": 0.6666666865348816, "acc_or": 0.8333333730697632, "sender_entropy": 1.642130970954895, "receiver_entropy": 0.0, "original_loss": 0.3625146448612213, "mean_length": 6.000000476837158}
{"mode": "test", "epoch": 51, "loss": 4.21398401260376, "acc": 0.8000000715255737, "acc_or": 0.9000000357627869, "sender_entropy": 1.6298563480377197, "receiver_entropy": 0.0, "original_loss": 0.26780828833580017, "mean_length": 6.000000476837158}
{"mode": "test", "epoch": 52, "loss": 4.246685981750488, "acc": 0.8666667342185974, "acc_or": 0.9333333969116211, "sender_entropy": 1.636083722114563, "receiver_entropy": 0.0, "original_loss": 0.2554844915866852, "mean_length": 6.000000476837158}
{"mode": "test", "epoch": 53, "loss": 4.29146146774292, "acc": 0.8000000715255737, "acc_or": 0.9000000357627869, "sender_entropy": 1.6542006731033325, "receiver_entropy": 0.0, "original_loss": 0.25833308696746826, "mean_length": 6.000000476837158}
{"mode": "test", "epoch": 54, "loss": 4.490905284881592, "acc": 0.8666667342185974, "acc_or": 0.9333333969116211, "sender_entropy": 1.675991177558899, "receiver_entropy": 0.0, "original_loss": 0.23839624226093292, "mean_length": 6.000000476837158}
{"mode": "test", "epoch": 55, "loss": 4.651468276977539, "acc": 0.8666667342185974, "acc_or": 0.9333333969116211, "sender_entropy": 1.6841462850570679, "receiver_entropy": 0.0, "original_loss": 0.20377102494239807, "mean_length": 6.000000476837158}
{"mode": "test", "epoch": 56, "loss": 4.55713415145874, "acc": 0.8666667342185974, "acc_or": 0.9333333969116211, "sender_entropy": 1.676784634590149, "receiver_entropy": 0.0, "original_loss": 0.19265127182006836, "mean_length": 6.000000476837158}
{"mode": "test", "epoch": 57, "loss": 4.489360809326172, "acc": 0.9333333969116211, "acc_or": 0.9666666984558105, "sender_entropy": 1.661095380783081, "receiver_entropy": 0.0, "original_loss": 0.17447145283222198, "mean_length": 6.000000476837158}
{"mode": "test", "epoch": 58, "loss": 4.341734886169434, "acc": 0.9333333969116211, "acc_or": 0.9666666984558105, "sender_entropy": 1.6479872465133667, "receiver_entropy": 0.0, "original_loss": 0.1947975903749466, "mean_length": 6.000000476837158}
{"mode": "test", "epoch": 59, "loss": 4.729490756988525, "acc": 1.0, "acc_or": 1.0, "sender_entropy": 1.627202033996582, "receiver_entropy": 0.0, "original_loss": 0.09016820788383484, "mean_length": 6.000000476837158}
{"epoch": 59, "positional_disent": 0.14347665011882782, "bag_of_symbol_disent": 0.15194076299667358, "topographic_sim": 0.6269816606146612}
{"generalization hold out": {"acc": 1.0, "acc_or": 1.0}, "uniform holdout": {"acc": 0.0, "acc_or": 0.5}, "epoch": 59}
---End--
