nohup: ignoring input
{"mode": "test", "epoch": 1, "loss": 0.9002796411514282, "acc": 0.06666667014360428, "acc_or": 0.20000001788139343, "sender_entropy": 2.297759532928467, "receiver_entropy": 0.0, "original_loss": 1.572835922241211, "mean_length": 6.000000476837158}
{"mode": "test", "epoch": 2, "loss": 1.0664085149765015, "acc": 0.06666667014360428, "acc_or": 0.2666666805744171, "sender_entropy": 2.293086051940918, "receiver_entropy": 0.0, "original_loss": 1.5365753173828125, "mean_length": 6.000000476837158}
{"mode": "test", "epoch": 3, "loss": 1.2365586757659912, "acc": 0.06666667014360428, "acc_or": 0.2666666805744171, "sender_entropy": 2.2893564701080322, "receiver_entropy": 0.0, "original_loss": 1.5008270740509033, "mean_length": 6.000000476837158}
{"mode": "test", "epoch": 4, "loss": 1.3768770694732666, "acc": 0.06666667014360428, "acc_or": 0.30000001192092896, "sender_entropy": 2.287198066711426, "receiver_entropy": 0.0, "original_loss": 1.4680382013320923, "mean_length": 6.000000476837158}
{"mode": "test", "epoch": 5, "loss": 1.7203030586242676, "acc": 0.06666667014360428, "acc_or": 0.30000001192092896, "sender_entropy": 2.286102056503296, "receiver_entropy": 0.0, "original_loss": 1.419045329093933, "mean_length": 6.000000476837158}
{"mode": "test", "epoch": 6, "loss": 1.850882649421692, "acc": 0.20000001788139343, "acc_or": 0.4333333671092987, "sender_entropy": 2.285573720932007, "receiver_entropy": 0.0, "original_loss": 1.388559341430664, "mean_length": 6.000000476837158}
{"mode": "test", "epoch": 7, "loss": 1.7770333290100098, "acc": 0.06666667014360428, "acc_or": 0.23333334922790527, "sender_entropy": 2.2854974269866943, "receiver_entropy": 0.0, "original_loss": 1.3783795833587646, "mean_length": 6.000000476837158}
{"mode": "test", "epoch": 8, "loss": 1.8639271259307861, "acc": 0.13333334028720856, "acc_or": 0.30000001192092896, "sender_entropy": 2.2864737510681152, "receiver_entropy": 0.0, "original_loss": 1.3573720455169678, "mean_length": 6.000000476837158}
{"mode": "test", "epoch": 9, "loss": 1.7168052196502686, "acc": 0.06666667014360428, "acc_or": 0.3333333432674408, "sender_entropy": 2.2877252101898193, "receiver_entropy": 0.0, "original_loss": 1.3582435846328735, "mean_length": 6.000000476837158}
{"mode": "test", "epoch": 10, "loss": 1.912949800491333, "acc": 0.20000001788139343, "acc_or": 0.5, "sender_entropy": 2.2893009185791016, "receiver_entropy": 0.0, "original_loss": 1.331151008605957, "mean_length": 6.000000476837158}
{"mode": "test", "epoch": 11, "loss": 1.7930859327316284, "acc": 0.06666667014360428, "acc_or": 0.3333333432674408, "sender_entropy": 2.290736675262451, "receiver_entropy": 0.0, "original_loss": 1.3326804637908936, "mean_length": 6.000000476837158}
{"mode": "test", "epoch": 12, "loss": 1.7833365201950073, "acc": 0.13333334028720856, "acc_or": 0.46666669845581055, "sender_entropy": 2.292322874069214, "receiver_entropy": 0.0, "original_loss": 1.3268306255340576, "mean_length": 6.000000476837158}
{"mode": "test", "epoch": 13, "loss": 2.0143117904663086, "acc": 0.3333333432674408, "acc_or": 0.5666667222976685, "sender_entropy": 2.2932815551757812, "receiver_entropy": 0.0, "original_loss": 1.3019437789916992, "mean_length": 6.000000476837158}
{"mode": "test", "epoch": 14, "loss": 1.9090639352798462, "acc": 0.2666666805744171, "acc_or": 0.5666667222976685, "sender_entropy": 2.2939789295196533, "receiver_entropy": 0.0, "original_loss": 1.30605149269104, "mean_length": 6.000000476837158}
{"mode": "test", "epoch": 15, "loss": 1.9370421171188354, "acc": 0.40000003576278687, "acc_or": 0.6666666865348816, "sender_entropy": 2.294240951538086, "receiver_entropy": 0.0, "original_loss": 1.298729658126831, "mean_length": 6.000000476837158}
{"mode": "test", "epoch": 16, "loss": 2.036221742630005, "acc": 0.20000001788139343, "acc_or": 0.5333333611488342, "sender_entropy": 2.29429030418396, "receiver_entropy": 0.0, "original_loss": 1.2857451438903809, "mean_length": 6.000000476837158}
{"mode": "test", "epoch": 17, "loss": 2.0372214317321777, "acc": 0.2666666805744171, "acc_or": 0.5666667222976685, "sender_entropy": 2.2942309379577637, "receiver_entropy": 0.0, "original_loss": 1.281104564666748, "mean_length": 6.000000476837158}
{"mode": "test", "epoch": 18, "loss": 2.089768409729004, "acc": 0.2666666805744171, "acc_or": 0.5666667222976685, "sender_entropy": 2.2939834594726562, "receiver_entropy": 0.0, "original_loss": 1.272826910018921, "mean_length": 6.000000476837158}
{"mode": "test", "epoch": 19, "loss": 2.1650731563568115, "acc": 0.2666666805744171, "acc_or": 0.5666667222976685, "sender_entropy": 2.2935988903045654, "receiver_entropy": 0.0, "original_loss": 1.263000249862671, "mean_length": 6.000000476837158}
{"mode": "test", "epoch": 20, "loss": 2.2103116512298584, "acc": 0.3333333432674408, "acc_or": 0.6333333849906921, "sender_entropy": 2.29313325881958, "receiver_entropy": 0.0, "original_loss": 1.255774736404419, "mean_length": 6.000000476837158}
{"mode": "test", "epoch": 21, "loss": 2.2337770462036133, "acc": 0.40000003576278687, "acc_or": 0.6333333849906921, "sender_entropy": 2.292687177658081, "receiver_entropy": 0.0, "original_loss": 1.2503329515457153, "mean_length": 6.000000476837158}
{"mode": "test", "epoch": 22, "loss": 2.332958698272705, "acc": 0.3333333432674408, "acc_or": 0.6333333849906921, "sender_entropy": 2.291604995727539, "receiver_entropy": 0.0, "original_loss": 1.2380311489105225, "mean_length": 6.000000476837158}
{"mode": "test", "epoch": 23, "loss": 2.507603645324707, "acc": 0.3333333432674408, "acc_or": 0.6666666865348816, "sender_entropy": 2.2904820442199707, "receiver_entropy": 0.0, "original_loss": 1.2186455726623535, "mean_length": 6.000000476837158}
{"mode": "test", "epoch": 24, "loss": 2.697904348373413, "acc": 0.3333333432674408, "acc_or": 0.6000000238418579, "sender_entropy": 2.2890701293945312, "receiver_entropy": 0.0, "original_loss": 1.198142647743225, "mean_length": 6.000000476837158}
{"mode": "test", "epoch": 25, "loss": 2.9050445556640625, "acc": 0.3333333432674408, "acc_or": 0.6000000238418579, "sender_entropy": 2.2873971462249756, "receiver_entropy": 0.0, "original_loss": 1.1757235527038574, "mean_length": 6.000000476837158}
{"mode": "test", "epoch": 26, "loss": 3.1014933586120605, "acc": 0.3333333432674408, "acc_or": 0.6000000238418579, "sender_entropy": 2.2850852012634277, "receiver_entropy": 0.0, "original_loss": 1.1532062292099, "mean_length": 6.000000476837158}
{"mode": "test", "epoch": 27, "loss": 3.2308547496795654, "acc": 0.40000003576278687, "acc_or": 0.6333333849906921, "sender_entropy": 2.282032012939453, "receiver_entropy": 0.0, "original_loss": 1.135439157485962, "mean_length": 6.000000476837158}
{"mode": "test", "epoch": 28, "loss": 3.43868350982666, "acc": 0.3333333432674408, "acc_or": 0.6000000238418579, "sender_entropy": 2.277759075164795, "receiver_entropy": 0.0, "original_loss": 1.1090189218521118, "mean_length": 6.000000476837158}
{"mode": "test", "epoch": 29, "loss": 3.5717592239379883, "acc": 0.3333333432674408, "acc_or": 0.6000000238418579, "sender_entropy": 2.271570920944214, "receiver_entropy": 0.0, "original_loss": 1.0864170789718628, "mean_length": 6.000000476837158}
{"mode": "test", "epoch": 30, "loss": 3.813871383666992, "acc": 0.3333333432674408, "acc_or": 0.6000000238418579, "sender_entropy": 2.2614753246307373, "receiver_entropy": 0.0, "original_loss": 1.0475534200668335, "mean_length": 6.000000476837158}
{"mode": "test", "epoch": 31, "loss": 3.910320281982422, "acc": 0.3333333432674408, "acc_or": 0.6000000238418579, "sender_entropy": 2.246779680252075, "receiver_entropy": 0.0, "original_loss": 1.017407774925232, "mean_length": 6.000000476837158}
{"mode": "test", "epoch": 32, "loss": 4.012191295623779, "acc": 0.3333333432674408, "acc_or": 0.6333333849906921, "sender_entropy": 2.2252612113952637, "receiver_entropy": 0.0, "original_loss": 0.9812794327735901, "mean_length": 6.000000476837158}
{"mode": "test", "epoch": 33, "loss": 3.898869752883911, "acc": 0.3333333432674408, "acc_or": 0.6333333849906921, "sender_entropy": 2.1892528533935547, "receiver_entropy": 0.0, "original_loss": 0.9565556645393372, "mean_length": 6.000000476837158}
{"mode": "test", "epoch": 34, "loss": 3.847787857055664, "acc": 0.2666666805744171, "acc_or": 0.6333333849906921, "sender_entropy": 2.1406619548797607, "receiver_entropy": 0.0, "original_loss": 0.9228952527046204, "mean_length": 6.000000476837158}
{"mode": "test", "epoch": 35, "loss": 3.5798873901367188, "acc": 0.2666666805744171, "acc_or": 0.6333333849906921, "sender_entropy": 2.088374614715576, "receiver_entropy": 0.0, "original_loss": 0.9159837365150452, "mean_length": 6.000000476837158}
{"mode": "test", "epoch": 36, "loss": 3.543264865875244, "acc": 0.3333333432674408, "acc_or": 0.6666666865348816, "sender_entropy": 2.0484230518341064, "receiver_entropy": 0.0, "original_loss": 0.8879414200782776, "mean_length": 6.000000476837158}
{"mode": "test", "epoch": 37, "loss": 3.6297659873962402, "acc": 0.3333333432674408, "acc_or": 0.6666666865348816, "sender_entropy": 2.0309953689575195, "receiver_entropy": 0.0, "original_loss": 0.8595314621925354, "mean_length": 6.000000476837158}
{"mode": "test", "epoch": 38, "loss": 3.6534109115600586, "acc": 0.40000003576278687, "acc_or": 0.7000000476837158, "sender_entropy": 2.028916358947754, "receiver_entropy": 0.0, "original_loss": 0.8471617698669434, "mean_length": 6.000000476837158}
{"mode": "test", "epoch": 39, "loss": 3.870358467102051, "acc": 0.40000003576278687, "acc_or": 0.7000000476837158, "sender_entropy": 2.0212929248809814, "receiver_entropy": 0.0, "original_loss": 0.8122273087501526, "mean_length": 6.000000476837158}
{"mode": "test", "epoch": 40, "loss": 3.9046194553375244, "acc": 0.40000003576278687, "acc_or": 0.7000000476837158, "sender_entropy": 1.9899629354476929, "receiver_entropy": 0.0, "original_loss": 0.7770847678184509, "mean_length": 6.000000476837158}
{"mode": "test", "epoch": 41, "loss": 3.8760135173797607, "acc": 0.40000003576278687, "acc_or": 0.7000000476837158, "sender_entropy": 1.9436089992523193, "receiver_entropy": 0.0, "original_loss": 0.742852509021759, "mean_length": 6.000000476837158}
{"mode": "test", "epoch": 42, "loss": 2.815190076828003, "acc": 0.2666666805744171, "acc_or": 0.6333333849906921, "sender_entropy": 1.9012200832366943, "receiver_entropy": 0.0, "original_loss": 0.8493452668190002, "mean_length": 6.000000476837158}
{"mode": "test", "epoch": 43, "loss": 3.1059226989746094, "acc": 0.3333333432674408, "acc_or": 0.6666666865348816, "sender_entropy": 1.8828288316726685, "receiver_entropy": 0.0, "original_loss": 0.7876041531562805, "mean_length": 6.000000476837158}
{"mode": "test", "epoch": 44, "loss": 3.7046022415161133, "acc": 0.3333333432674408, "acc_or": 0.6666666865348816, "sender_entropy": 1.8850855827331543, "receiver_entropy": 0.0, "original_loss": 0.695000410079956, "mean_length": 6.000000476837158}
{"mode": "test", "epoch": 45, "loss": 4.23462438583374, "acc": 0.46666669845581055, "acc_or": 0.7333333492279053, "sender_entropy": 1.8838169574737549, "receiver_entropy": 0.0, "original_loss": 0.6135026812553406, "mean_length": 6.000000476837158}
{"mode": "test", "epoch": 46, "loss": 4.499844551086426, "acc": 0.5333333611488342, "acc_or": 0.7666667103767395, "sender_entropy": 1.884568691253662, "receiver_entropy": 0.0, "original_loss": 0.5655761957168579, "mean_length": 6.000000476837158}
{"mode": "test", "epoch": 47, "loss": 4.63576078414917, "acc": 0.5333333611488342, "acc_or": 0.7666667103767395, "sender_entropy": 1.8868002891540527, "receiver_entropy": 0.0, "original_loss": 0.5391668081283569, "mean_length": 6.000000476837158}
{"mode": "test", "epoch": 48, "loss": 4.4952592849731445, "acc": 0.46666669845581055, "acc_or": 0.7333333492279053, "sender_entropy": 1.8817532062530518, "receiver_entropy": 0.0, "original_loss": 0.5396998524665833, "mean_length": 6.000000476837158}
{"mode": "test", "epoch": 49, "loss": 4.282464504241943, "acc": 0.46666669845581055, "acc_or": 0.7333333492279053, "sender_entropy": 1.8647797107696533, "receiver_entropy": 0.0, "original_loss": 0.5470041036605835, "mean_length": 6.000000476837158}
{"mode": "test", "epoch": 50, "loss": 4.270286560058594, "acc": 0.5333333611488342, "acc_or": 0.7666667103767395, "sender_entropy": 1.8366652727127075, "receiver_entropy": 0.0, "original_loss": 0.517943799495697, "mean_length": 6.000000476837158}
{"mode": "test", "epoch": 51, "loss": 4.35732889175415, "acc": 0.6666666865348816, "acc_or": 0.8333333730697632, "sender_entropy": 1.806974172592163, "receiver_entropy": 0.0, "original_loss": 0.4753696024417877, "mean_length": 6.000000476837158}
{"mode": "test", "epoch": 52, "loss": 4.391146659851074, "acc": 0.6000000238418579, "acc_or": 0.8000000715255737, "sender_entropy": 1.8059872388839722, "receiver_entropy": 0.0, "original_loss": 0.46100908517837524, "mean_length": 6.000000476837158}
{"mode": "test", "epoch": 53, "loss": 4.432480812072754, "acc": 0.6666666865348816, "acc_or": 0.8333333730697632, "sender_entropy": 1.795938491821289, "receiver_entropy": 0.0, "original_loss": 0.43839290738105774, "mean_length": 6.000000476837158}
{"mode": "test", "epoch": 54, "loss": 4.484336853027344, "acc": 0.6000000238418579, "acc_or": 0.8000000715255737, "sender_entropy": 1.758057713508606, "receiver_entropy": 0.0, "original_loss": 0.37276995182037354, "mean_length": 6.000000476837158}
{"mode": "test", "epoch": 55, "loss": 4.326240062713623, "acc": 0.7333333492279053, "acc_or": 0.8333333730697632, "sender_entropy": 1.7317254543304443, "receiver_entropy": 0.0, "original_loss": 0.36275026202201843, "mean_length": 6.000000476837158}
{"mode": "test", "epoch": 56, "loss": 4.119937419891357, "acc": 0.7333333492279053, "acc_or": 0.8666667342185974, "sender_entropy": 1.70243501663208, "receiver_entropy": 0.0, "original_loss": 0.36805853247642517, "mean_length": 6.000000476837158}
{"mode": "test", "epoch": 57, "loss": 3.933133840560913, "acc": 0.8000000715255737, "acc_or": 0.9000000357627869, "sender_entropy": 1.6820321083068848, "receiver_entropy": 0.0, "original_loss": 0.36311766505241394, "mean_length": 6.000000476837158}
{"mode": "test", "epoch": 58, "loss": 4.032678127288818, "acc": 0.8000000715255737, "acc_or": 0.9000000357627869, "sender_entropy": 1.6681976318359375, "receiver_entropy": 0.0, "original_loss": 0.33053380250930786, "mean_length": 6.000000476837158}
{"mode": "test", "epoch": 59, "loss": 4.025572299957275, "acc": 0.6666666865348816, "acc_or": 0.8333333730697632, "sender_entropy": 1.6717268228530884, "receiver_entropy": 0.0, "original_loss": 0.33011478185653687, "mean_length": 6.000000476837158}
{"mode": "test", "epoch": 60, "loss": 4.524998664855957, "acc": 0.8000000715255737, "acc_or": 0.9000000357627869, "sender_entropy": 1.6783852577209473, "receiver_entropy": 0.0, "original_loss": 0.24669963121414185, "mean_length": 6.000000476837158}
{"mode": "test", "epoch": 61, "loss": 4.8269548416137695, "acc": 0.9333333969116211, "acc_or": 0.9666666984558105, "sender_entropy": 1.6816835403442383, "receiver_entropy": 0.0, "original_loss": 0.20646779239177704, "mean_length": 6.000000476837158}
{"mode": "test", "epoch": 62, "loss": 4.654148101806641, "acc": 0.8666667342185974, "acc_or": 0.9333333969116211, "sender_entropy": 1.6677392721176147, "receiver_entropy": 0.0, "original_loss": 0.2061193585395813, "mean_length": 6.000000476837158}
{"mode": "test", "epoch": 63, "loss": 4.643566131591797, "acc": 0.8000000715255737, "acc_or": 0.9000000357627869, "sender_entropy": 1.670286774635315, "receiver_entropy": 0.0, "original_loss": 0.19378304481506348, "mean_length": 6.000000476837158}
{"mode": "test", "epoch": 64, "loss": 4.836486339569092, "acc": 0.9333333969116211, "acc_or": 0.9666666984558105, "sender_entropy": 1.6866868734359741, "receiver_entropy": 0.0, "original_loss": 0.16258272528648376, "mean_length": 6.000000476837158}
{"mode": "test", "epoch": 65, "loss": 4.9007568359375, "acc": 1.0, "acc_or": 1.0, "sender_entropy": 1.6797274351119995, "receiver_entropy": 0.0, "original_loss": 0.13693508505821228, "mean_length": 6.000000476837158}
{"epoch": 65, "positional_disent": 0.19599495828151703, "bag_of_symbol_disent": 0.09556376188993454, "topographic_sim": 0.5973191135873606}
{"generalization hold out": {"acc": 1.0, "acc_or": 1.0}, "uniform holdout": {"acc": 0.0, "acc_or": 0.5}, "epoch": 65}
---End--
