nohup: ignoring input
{"mode": "train", "epoch": 1, "loss": 0.7590548441960261, "acc": 0.0003762345116298932, "acc_or": 0.02173381055203768, "sender_entropy": 2.300699206498953, "receiver_entropy": 0.0, "original_loss": 3.8973388580175548, "mean_length": 6.0}
{"mode": "test", "epoch": 1, "loss": 2.8752312660217285, "acc": 0.0013882461935281754, "acc_or": 0.030541416257619858, "sender_entropy": 2.3018441200256348, "receiver_entropy": 0.0, "original_loss": 3.886979103088379, "mean_length": 6.0}
{"mode": "train", "epoch": 2, "loss": 2.800654200407175, "acc": 0.0005033052965210608, "acc_or": 0.021952519121651467, "sender_entropy": 2.3019392490386963, "receiver_entropy": 0.0, "original_loss": 3.891222385259775, "mean_length": 6.0}
{"mode": "test", "epoch": 2, "loss": 3.401052474975586, "acc": 0.005090235732495785, "acc_or": 0.08537714183330536, "sender_entropy": 2.301931142807007, "receiver_entropy": 0.0, "original_loss": 3.841461420059204, "mean_length": 6.0}
{"mode": "train", "epoch": 3, "loss": 2.875479982449458, "acc": 0.0007230544825478529, "acc_or": 0.026759622905116815, "sender_entropy": 2.295300300304706, "receiver_entropy": 0.0, "original_loss": 3.882015136572031, "mean_length": 6.0}
{"mode": "test", "epoch": 3, "loss": 4.845145225524902, "acc": 0.0009254974429495633, "acc_or": 0.05182785540819168, "sender_entropy": 2.218597888946533, "receiver_entropy": 0.0, "original_loss": 3.65108060836792, "mean_length": 6.0}
{"mode": "train", "epoch": 4, "loss": 5.993912210831275, "acc": 0.0038737583403977063, "acc_or": 0.07856078875752595, "sender_entropy": 2.007194078885592, "receiver_entropy": 0.0, "original_loss": 3.510831016760606, "mean_length": 6.0}
{"mode": "test", "epoch": 4, "loss": 6.933447360992432, "acc": 0.006015733350068331, "acc_or": 0.12124016135931015, "sender_entropy": 1.8913770914077759, "receiver_entropy": 0.0, "original_loss": 3.1236965656280518, "mean_length": 6.0}
{"mode": "train", "epoch": 5, "loss": 8.420549484399649, "acc": 0.010768615604879765, "acc_or": 0.13220262699402296, "sender_entropy": 1.7489301378910358, "receiver_entropy": 0.0, "original_loss": 3.056293643437899, "mean_length": 6.0}
{"mode": "test", "epoch": 5, "loss": 8.054143905639648, "acc": 0.02036094292998314, "acc_or": 0.18556223809719086, "sender_entropy": 1.795652151107788, "receiver_entropy": 0.0, "original_loss": 2.71397066116333, "mean_length": 6.0}
{"mode": "train", "epoch": 6, "loss": 9.702613243689903, "acc": 0.027971501892002728, "acc_or": 0.20294059813022614, "sender_entropy": 1.5507867336273193, "receiver_entropy": 0.0, "original_loss": 2.632708191871643, "mean_length": 6.0}
{"mode": "test", "epoch": 6, "loss": 8.36475944519043, "acc": 0.03887089341878891, "acc_or": 0.264923632144928, "sender_entropy": 1.6400260925292969, "receiver_entropy": 0.0, "original_loss": 2.2610628604888916, "mean_length": 6.0}
{"mode": "train", "epoch": 7, "loss": 10.43675921513484, "acc": 0.05605930405167433, "acc_or": 0.29478209580366427, "sender_entropy": 1.377727040877709, "receiver_entropy": 0.0, "original_loss": 2.208920194552495, "mean_length": 6.0}
{"mode": "test", "epoch": 7, "loss": 8.836418151855469, "acc": 0.0874595120549202, "acc_or": 0.39935213327407837, "sender_entropy": 1.5420019626617432, "receiver_entropy": 0.0, "original_loss": 1.8188745975494385, "mean_length": 6.0}
{"mode": "train", "epoch": 8, "loss": 10.215615565960224, "acc": 0.08771296304005843, "acc_or": 0.37480795498077685, "sender_entropy": 1.2549249896636376, "receiver_entropy": 0.0, "original_loss": 1.9223717588644762, "mean_length": 6.0}
{"mode": "test", "epoch": 8, "loss": 8.459654808044434, "acc": 0.14669135212898254, "acc_or": 0.5037019848823547, "sender_entropy": 1.447258710861206, "receiver_entropy": 0.0, "original_loss": 1.5376884937286377, "mean_length": 6.0}
{"mode": "train", "epoch": 9, "loss": 10.027633373553936, "acc": 0.11983408549657235, "acc_or": 0.43869659075370204, "sender_entropy": 1.195415423466609, "receiver_entropy": 0.0, "original_loss": 1.700574856538039, "mean_length": 6.0}
{"mode": "test", "epoch": 9, "loss": 7.761116981506348, "acc": 0.19620545208454132, "acc_or": 0.5578435659408569, "sender_entropy": 1.347475528717041, "receiver_entropy": 0.0, "original_loss": 1.350745439529419, "mean_length": 6.0}
{"mode": "train", "epoch": 10, "loss": 9.544537764329176, "acc": 0.14607574274906746, "acc_or": 0.4809216054586264, "sender_entropy": 1.1479750871658325, "receiver_entropy": 0.0, "original_loss": 1.551403128183805, "mean_length": 6.0}
{"mode": "test", "epoch": 10, "loss": 7.397037982940674, "acc": 0.26515501737594604, "acc_or": 0.6156871914863586, "sender_entropy": 1.3217995166778564, "receiver_entropy": 0.0, "original_loss": 1.2251087427139282, "mean_length": 6.0}
{"mode": "train", "epoch": 11, "loss": 8.99580871141874, "acc": 0.17617468306651482, "acc_or": 0.5136532451097782, "sender_entropy": 1.094748121041518, "receiver_entropy": 0.0, "original_loss": 1.4280268916716943, "mean_length": 6.0}
{"mode": "test", "epoch": 11, "loss": 6.738142490386963, "acc": 0.27950021624565125, "acc_or": 0.6203146576881409, "sender_entropy": 1.2489782571792603, "receiver_entropy": 0.0, "original_loss": 1.1390894651412964, "mean_length": 6.0}
{"mode": "train", "epoch": 12, "loss": 8.491988182067871, "acc": 0.20755763753102377, "acc_or": 0.5417341658702264, "sender_entropy": 1.0464856257805457, "receiver_entropy": 0.0, "original_loss": 1.3184977219654963, "mean_length": 6.0}
{"mode": "test", "epoch": 12, "loss": 6.2704386711120605, "acc": 0.34150856733322144, "acc_or": 0.6589542031288147, "sender_entropy": 1.178846836090088, "receiver_entropy": 0.0, "original_loss": 1.0194792747497559, "mean_length": 6.0}
{"mode": "train", "epoch": 13, "loss": 8.104291915893555, "acc": 0.2479228864495571, "acc_or": 0.57047071823707, "sender_entropy": 1.019132694372764, "receiver_entropy": 0.0, "original_loss": 1.2222847296641424, "mean_length": 6.0}
{"mode": "test", "epoch": 13, "loss": 5.777072906494141, "acc": 0.3734382092952728, "acc_or": 0.6744562387466431, "sender_entropy": 1.122819185256958, "receiver_entropy": 0.0, "original_loss": 0.9382136464118958, "mean_length": 6.0}
{"mode": "train", "epoch": 14, "loss": 7.571026857082661, "acc": 0.28935447793740493, "acc_or": 0.6016776332488427, "sender_entropy": 0.9617797250931079, "receiver_entropy": 0.0, "original_loss": 1.1258330115905175, "mean_length": 6.0}
{"mode": "test", "epoch": 14, "loss": 5.55185079574585, "acc": 0.46136048436164856, "acc_or": 0.7216566205024719, "sender_entropy": 1.0873992443084717, "receiver_entropy": 0.0, "original_loss": 0.8359085917472839, "mean_length": 6.0}
{"mode": "train", "epoch": 15, "loss": 7.333067362125103, "acc": 0.3336095936023272, "acc_or": 0.6271018385887146, "sender_entropy": 0.9476056626209846, "receiver_entropy": 0.0, "original_loss": 1.0358355045318604, "mean_length": 6.0}
{"mode": "test", "epoch": 15, "loss": 5.306291580200195, "acc": 0.5155020952224731, "acc_or": 0.7545117735862732, "sender_entropy": 1.0477086305618286, "receiver_entropy": 0.0, "original_loss": 0.7298095226287842, "mean_length": 6.0}
{"mode": "train", "epoch": 16, "loss": 7.070791482925415, "acc": 0.3904756708787038, "acc_or": 0.6598918965229621, "sender_entropy": 0.9098740059595841, "receiver_entropy": 0.0, "original_loss": 0.9302910497555366, "mean_length": 6.0}
{"mode": "test", "epoch": 16, "loss": 4.965030670166016, "acc": 0.5404905080795288, "acc_or": 0.7653864026069641, "sender_entropy": 1.012266993522644, "receiver_entropy": 0.0, "original_loss": 0.6765734553337097, "mean_length": 6.0}
{"mode": "train", "epoch": 17, "loss": 6.782378508494451, "acc": 0.43466290602317226, "acc_or": 0.6868821749320397, "sender_entropy": 0.8791046096728399, "receiver_entropy": 0.0, "original_loss": 0.846318937264956, "mean_length": 6.0}
{"mode": "test", "epoch": 17, "loss": 4.756546497344971, "acc": 0.6362794637680054, "acc_or": 0.8158259987831116, "sender_entropy": 0.9688352346420288, "receiver_entropy": 0.0, "original_loss": 0.562325119972229, "mean_length": 6.0}
{"mode": "train", "epoch": 18, "loss": 6.468597558828501, "acc": 0.4900706559419632, "acc_or": 0.7211584242490622, "sender_entropy": 0.8397596661861126, "receiver_entropy": 0.0, "original_loss": 0.7617526742128226, "mean_length": 6.0}
{"mode": "test", "epoch": 18, "loss": 4.375452041625977, "acc": 0.6881073713302612, "acc_or": 0.8412771821022034, "sender_entropy": 0.9094708561897278, "receiver_entropy": 0.0, "original_loss": 0.4952962398529053, "mean_length": 6.0}
{"mode": "train", "epoch": 19, "loss": 6.096482625374427, "acc": 0.5407730822379773, "acc_or": 0.7501429663254664, "sender_entropy": 0.7991622571761792, "receiver_entropy": 0.0, "original_loss": 0.686337608557481, "mean_length": 6.0}
{"mode": "test", "epoch": 19, "loss": 4.120619773864746, "acc": 0.7177232503890991, "acc_or": 0.8542341589927673, "sender_entropy": 0.8837996125221252, "receiver_entropy": 0.0, "original_loss": 0.4632910192012787, "mean_length": 6.0}
{"mode": "train", "epoch": 20, "loss": 5.960558744577261, "acc": 0.5783428641465994, "acc_or": 0.7710613149863023, "sender_entropy": 0.7983196584077982, "receiver_entropy": 0.0, "original_loss": 0.6320304664281698, "mean_length": 6.0}
{"mode": "test", "epoch": 20, "loss": 4.063396453857422, "acc": 0.7727903723716736, "acc_or": 0.8847755789756775, "sender_entropy": 0.8794090747833252, "receiver_entropy": 0.0, "original_loss": 0.38171613216400146, "mean_length": 6.0}
{"mode": "train", "epoch": 21, "loss": 5.695459549243633, "acc": 0.6126738786697388, "acc_or": 0.7910638818374047, "sender_entropy": 0.7762137215871078, "receiver_entropy": 0.0, "original_loss": 0.5806590777177078, "mean_length": 6.0}
{"mode": "test", "epoch": 21, "loss": 3.7515649795532227, "acc": 0.7899120450019836, "acc_or": 0.8940305113792419, "sender_entropy": 0.8489924669265747, "receiver_entropy": 0.0, "original_loss": 0.3584953546524048, "mean_length": 6.0}
{"mode": "train", "epoch": 22, "loss": 5.503993657919077, "acc": 0.644998277609165, "acc_or": 0.8089206700141613, "sender_entropy": 0.7652318890278156, "receiver_entropy": 0.0, "original_loss": 0.5375962440784161, "mean_length": 6.0}
{"mode": "test", "epoch": 22, "loss": 3.573090076446533, "acc": 0.7977787852287292, "acc_or": 0.8968070149421692, "sender_entropy": 0.8363220691680908, "receiver_entropy": 0.0, "original_loss": 0.3466811776161194, "mean_length": 6.0}
{"mode": "train", "epoch": 23, "loss": 5.3172595867743855, "acc": 0.6784661274689895, "acc_or": 0.8273273339638343, "sender_entropy": 0.7555190118459555, "receiver_entropy": 0.0, "original_loss": 0.4950263465826328, "mean_length": 6.0}
{"mode": "test", "epoch": 23, "loss": 3.5014700889587402, "acc": 0.8218417167663574, "acc_or": 0.9095326066017151, "sender_entropy": 0.8346497416496277, "receiver_entropy": 0.0, "original_loss": 0.29878219962120056, "mean_length": 6.0}
{"mode": "train", "epoch": 24, "loss": 5.264072418212891, "acc": 0.7082655888337356, "acc_or": 0.8436076939105988, "sender_entropy": 0.7610031366348267, "receiver_entropy": 0.0, "original_loss": 0.45308128687051624, "mean_length": 6.0}
{"mode": "test", "epoch": 24, "loss": 3.4786128997802734, "acc": 0.8602498769760132, "acc_or": 0.928968071937561, "sender_entropy": 0.8409191370010376, "receiver_entropy": 0.0, "original_loss": 0.2500423192977905, "mean_length": 6.0}
{"mode": "train", "epoch": 25, "loss": 5.135049233069787, "acc": 0.7315270488078778, "acc_or": 0.8559580857937152, "sender_entropy": 0.7584575300033276, "receiver_entropy": 0.0, "original_loss": 0.42141685692163616, "mean_length": 6.0}
{"mode": "test", "epoch": 25, "loss": 3.39436674118042, "acc": 0.9227209687232971, "acc_or": 0.9608977437019348, "sender_entropy": 0.8285369873046875, "receiver_entropy": 0.0, "original_loss": 0.19006623327732086, "mean_length": 6.0}
{"mode": "train", "epoch": 26, "loss": 5.0036387260143576, "acc": 0.7630304671250857, "acc_or": 0.873922396164674, "sender_entropy": 0.7440268076383151, "receiver_entropy": 0.0, "original_loss": 0.3752374236400311, "mean_length": 6.0}
{"mode": "test", "epoch": 26, "loss": 3.271430015563965, "acc": 0.928736686706543, "acc_or": 0.9643683433532715, "sender_entropy": 0.8155593872070312, "receiver_entropy": 0.0, "original_loss": 0.1721821427345276, "mean_length": 6.0}
{"mode": "train", "epoch": 27, "loss": 4.725056666594285, "acc": 0.7818456360926995, "acc_or": 0.8846640036656306, "sender_entropy": 0.7169611912507278, "receiver_entropy": 0.0, "original_loss": 0.34755558233994704, "mean_length": 6.0}
{"mode": "test", "epoch": 27, "loss": 3.0894463062286377, "acc": 0.9111522436141968, "acc_or": 0.9555761218070984, "sender_entropy": 0.8032363653182983, "receiver_entropy": 0.0, "original_loss": 0.1730082482099533, "mean_length": 6.0}
{"mode": "train", "epoch": 28, "loss": 4.591167963468111, "acc": 0.7883464258450729, "acc_or": 0.8881626037450937, "sender_entropy": 0.7186229664545792, "receiver_entropy": 0.0, "original_loss": 0.3334286705805705, "mean_length": 6.0}
{"mode": "test", "epoch": 28, "loss": 2.882451057434082, "acc": 0.9370661377906799, "acc_or": 0.9683017134666443, "sender_entropy": 0.7647585868835449, "receiver_entropy": 0.0, "original_loss": 0.14405539631843567, "mean_length": 6.0}
{"mode": "train", "epoch": 29, "loss": 4.421359649071326, "acc": 0.8029645429207728, "acc_or": 0.8958795276971964, "sender_entropy": 0.7094861750419323, "receiver_entropy": 0.0, "original_loss": 0.3129064669975868, "mean_length": 6.0}
{"mode": "test", "epoch": 29, "loss": 2.904669761657715, "acc": 0.9449328780174255, "acc_or": 0.9722350835800171, "sender_entropy": 0.7828525900840759, "receiver_entropy": 0.0, "original_loss": 0.1233338713645935, "mean_length": 6.0}
{"mode": "train", "epoch": 30, "loss": 4.329792151084313, "acc": 0.8249459793934455, "acc_or": 0.9078865463917072, "sender_entropy": 0.7016651309453524, "receiver_entropy": 0.0, "original_loss": 0.28127425794418043, "mean_length": 6.0}
{"mode": "test", "epoch": 30, "loss": 2.7851014137268066, "acc": 0.956964373588562, "acc_or": 0.9782508015632629, "sender_entropy": 0.7778598070144653, "receiver_entropy": 0.0, "original_loss": 0.11093742400407791, "mean_length": 6.0}
{"mode": "train", "epoch": 31, "loss": 4.217089689694918, "acc": 0.8327359442527478, "acc_or": 0.9119198666169093, "sender_entropy": 0.7041536363271567, "receiver_entropy": 0.0, "original_loss": 0.2694551022006915, "mean_length": 6.0}
{"mode": "test", "epoch": 31, "loss": 2.698910713195801, "acc": 0.9597408771514893, "acc_or": 0.9798704385757446, "sender_entropy": 0.7722471952438354, "receiver_entropy": 0.0, "original_loss": 0.10464009642601013, "mean_length": 6.0}
{"mode": "train", "epoch": 32, "loss": 4.054158779291006, "acc": 0.8478873280378488, "acc_or": 0.9203447355673864, "sender_entropy": 0.6845249189780309, "receiver_entropy": 0.0, "original_loss": 0.24467803537845612, "mean_length": 6.0}
{"mode": "test", "epoch": 32, "loss": 2.571579933166504, "acc": 0.9639055728912354, "acc_or": 0.9817214012145996, "sender_entropy": 0.7577065825462341, "receiver_entropy": 0.0, "original_loss": 0.08896594494581223, "mean_length": 6.0}
{"mode": "train", "epoch": 33, "loss": 3.8594023264371433, "acc": 0.8462174855745755, "acc_or": 0.9194584970290844, "sender_entropy": 0.676334241261849, "receiver_entropy": 0.0, "original_loss": 0.2451917678117752, "mean_length": 6.0}
{"mode": "test", "epoch": 33, "loss": 2.4976916313171387, "acc": 0.9629800915718079, "acc_or": 0.9814900159835815, "sender_entropy": 0.7581230998039246, "receiver_entropy": 0.0, "original_loss": 0.09478353708982468, "mean_length": 6.0}
{"mode": "train", "epoch": 34, "loss": 3.8246335891576915, "acc": 0.865151027074227, "acc_or": 0.9292639448092535, "sender_entropy": 0.6761928727993598, "receiver_entropy": 0.0, "original_loss": 0.21985408319876745, "mean_length": 6.0}
{"mode": "test", "epoch": 34, "loss": 2.428565263748169, "acc": 0.9703840613365173, "acc_or": 0.9851920008659363, "sender_entropy": 0.7476429343223572, "receiver_entropy": 0.0, "original_loss": 0.07666034996509552, "mean_length": 6.0}
{"mode": "train", "epoch": 35, "loss": 3.736127890073336, "acc": 0.8743899074884561, "acc_or": 0.9341077896264883, "sender_entropy": 0.6780265867710114, "receiver_entropy": 0.0, "original_loss": 0.2084326698229863, "mean_length": 6.0}
{"mode": "test", "epoch": 35, "loss": 2.388711929321289, "acc": 0.9838038086891174, "acc_or": 0.9919018745422363, "sender_entropy": 0.7473093867301941, "receiver_entropy": 0.0, "original_loss": 0.06030543893575668, "mean_length": 6.0}
{"mode": "train", "epoch": 36, "loss": 3.6498331473423886, "acc": 0.8748174607753754, "acc_or": 0.9347159495720496, "sender_entropy": 0.6804771400414981, "receiver_entropy": 0.0, "original_loss": 0.20355143799231604, "mean_length": 6.0}
{"mode": "test", "epoch": 36, "loss": 2.2572572231292725, "acc": 0.9694585800170898, "acc_or": 0.9847292900085449, "sender_entropy": 0.7316587567329407, "receiver_entropy": 0.0, "original_loss": 0.06829534471035004, "mean_length": 6.0}
{"mode": "train", "epoch": 37, "loss": 3.5192698056881246, "acc": 0.8835155620024755, "acc_or": 0.9392133836562817, "sender_entropy": 0.6696036366315988, "receiver_entropy": 0.0, "original_loss": 0.1930739667553168, "mean_length": 6.0}
{"mode": "test", "epoch": 37, "loss": 2.267568588256836, "acc": 0.9699212908744812, "acc_or": 0.984960675239563, "sender_entropy": 0.7532840967178345, "receiver_entropy": 0.0, "original_loss": 0.06723254173994064, "mean_length": 6.0}
{"mode": "train", "epoch": 38, "loss": 3.4442394238251905, "acc": 0.8875093391308417, "acc_or": 0.9414500204416422, "sender_entropy": 0.6679302316445571, "receiver_entropy": 0.0, "original_loss": 0.18490071480090803, "mean_length": 6.0}
{"mode": "test", "epoch": 38, "loss": 2.2036380767822266, "acc": 0.9838038086891174, "acc_or": 0.9919018745422363, "sender_entropy": 0.7435767650604248, "receiver_entropy": 0.0, "original_loss": 0.05114991217851639, "mean_length": 6.0}
{"mode": "train", "epoch": 39, "loss": 3.4138301519247203, "acc": 0.8967667726370004, "acc_or": 0.946548553613516, "sender_entropy": 0.6711130715333499, "receiver_entropy": 0.0, "original_loss": 0.1702886957388658, "mean_length": 6.0}
{"mode": "test", "epoch": 39, "loss": 2.1456298828125, "acc": 0.9912077784538269, "acc_or": 0.9956038594245911, "sender_entropy": 0.7336590886116028, "receiver_entropy": 0.0, "original_loss": 0.0409354493021965, "mean_length": 6.0}
{"mode": "train", "epoch": 40, "loss": 3.2884411903528066, "acc": 0.9055220691057352, "acc_or": 0.9510207428381994, "sender_entropy": 0.658795395722756, "receiver_entropy": 0.0, "original_loss": 0.15844062199959388, "mean_length": 6.0}
{"mode": "test", "epoch": 40, "loss": 2.0896830558776855, "acc": 0.9930587410926819, "acc_or": 0.9965294003486633, "sender_entropy": 0.7334233522415161, "receiver_entropy": 0.0, "original_loss": 0.03225073218345642, "mean_length": 6.0}
{"mode": "train", "epoch": 41, "loss": 3.236233454484206, "acc": 0.9085689645547134, "acc_or": 0.9527244728345138, "sender_entropy": 0.6640248688367697, "receiver_entropy": 0.0, "original_loss": 0.15228019883999458, "mean_length": 6.0}
{"mode": "test", "epoch": 41, "loss": 1.999718427658081, "acc": 0.9847292900085449, "acc_or": 0.9923646450042725, "sender_entropy": 0.7245125770568848, "receiver_entropy": 0.0, "original_loss": 0.045028507709503174, "mean_length": 6.0}
{"mode": "train", "epoch": 42, "loss": 3.1486775233195377, "acc": 0.9092430564073416, "acc_or": 0.953358565385525, "sender_entropy": 0.6595214078059564, "receiver_entropy": 0.0, "original_loss": 0.1502289198912107, "mean_length": 6.0}
{"mode": "test", "epoch": 42, "loss": 1.97648286819458, "acc": 0.9907450079917908, "acc_or": 0.995372474193573, "sender_entropy": 0.7254051566123962, "receiver_entropy": 0.0, "original_loss": 0.03695230931043625, "mean_length": 6.0}
{"mode": "train", "epoch": 43, "loss": 3.0888319382300744, "acc": 0.9139768962676709, "acc_or": 0.9558791655760545, "sender_entropy": 0.6577290617502652, "receiver_entropy": 0.0, "original_loss": 0.14194177836179733, "mean_length": 6.0}
{"mode": "test", "epoch": 43, "loss": 1.9998478889465332, "acc": 0.995372474193573, "acc_or": 0.9976862668991089, "sender_entropy": 0.7443358302116394, "receiver_entropy": 0.0, "original_loss": 0.02621063031256199, "mean_length": 6.0}
{"mode": "train", "epoch": 44, "loss": 3.0710199154340305, "acc": 0.921358225437311, "acc_or": 0.959588286968378, "sender_entropy": 0.6655439321811383, "receiver_entropy": 0.0, "original_loss": 0.1317981329674904, "mean_length": 6.0}
{"mode": "test", "epoch": 44, "loss": 1.927999496459961, "acc": 0.9958352446556091, "acc_or": 0.9979175925254822, "sender_entropy": 0.7394244074821472, "receiver_entropy": 0.0, "original_loss": 0.024447795003652573, "mean_length": 6.0}
{"mode": "train", "epoch": 45, "loss": 2.9791710009941688, "acc": 0.9222534230122199, "acc_or": 0.9600405945227697, "sender_entropy": 0.6606309528534229, "receiver_entropy": 0.0, "original_loss": 0.12942160207491654, "mean_length": 6.0}
{"mode": "test", "epoch": 45, "loss": 1.8325506448745728, "acc": 0.9930587410926819, "acc_or": 0.9965294003486633, "sender_entropy": 0.7225119471549988, "receiver_entropy": 0.0, "original_loss": 0.02440456487238407, "mean_length": 6.0}
{"mode": "train", "epoch": 46, "loss": 2.89023494720459, "acc": 0.9217111009817857, "acc_or": 0.9599569256489093, "sender_entropy": 0.6569395477955158, "receiver_entropy": 0.0, "original_loss": 0.1288265511393547, "mean_length": 6.0}
{"mode": "test", "epoch": 46, "loss": 1.879552960395813, "acc": 0.9907450079917908, "acc_or": 0.995372474193573, "sender_entropy": 0.745657205581665, "receiver_entropy": 0.0, "original_loss": 0.02754978835582733, "mean_length": 6.0}
{"mode": "train", "epoch": 47, "loss": 2.860924271436838, "acc": 0.9244076472062331, "acc_or": 0.9612075342581823, "sender_entropy": 0.6615886573608105, "receiver_entropy": 0.0, "original_loss": 0.12441468697327834, "mean_length": 6.0}
{"mode": "test", "epoch": 47, "loss": 1.787980318069458, "acc": 0.9949097633361816, "acc_or": 0.9974548816680908, "sender_entropy": 0.7287891507148743, "receiver_entropy": 0.0, "original_loss": 0.021484198048710823, "mean_length": 6.0}
{"mode": "train", "epoch": 48, "loss": 2.7920790085425744, "acc": 0.9242060940999252, "acc_or": 0.9611631035804749, "sender_entropy": 0.6626813549261826, "receiver_entropy": 0.0, "original_loss": 0.12441469700290607, "mean_length": 6.0}
{"mode": "test", "epoch": 48, "loss": 1.7822498083114624, "acc": 0.9967607259750366, "acc_or": 0.9983803629875183, "sender_entropy": 0.7372790575027466, "receiver_entropy": 0.0, "original_loss": 0.01839757151901722, "mean_length": 6.0}
{"mode": "train", "epoch": 49, "loss": 2.767382951883169, "acc": 0.9303953578838935, "acc_or": 0.9644349011091086, "sender_entropy": 0.6643903393011826, "receiver_entropy": 0.0, "original_loss": 0.1160979073208112, "mean_length": 6.0}
{"mode": "test", "epoch": 49, "loss": 1.7870854139328003, "acc": 0.9972234964370728, "acc_or": 0.9986117482185364, "sender_entropy": 0.7546620965003967, "receiver_entropy": 0.0, "original_loss": 0.017199115827679634, "mean_length": 6.0}
{"mode": "train", "epoch": 50, "loss": 2.762078652015099, "acc": 0.9298893373746139, "acc_or": 0.964241983798834, "sender_entropy": 0.6783329752775339, "receiver_entropy": 0.0, "original_loss": 0.11503202582781132, "mean_length": 6.0}
{"mode": "test", "epoch": 50, "loss": 1.7547088861465454, "acc": 0.9944469928741455, "acc_or": 0.9972234964370728, "sender_entropy": 0.7563689351081848, "receiver_entropy": 0.0, "original_loss": 0.02050352469086647, "mean_length": 6.0}
{"mode": "train", "epoch": 51, "loss": 2.6854165700765757, "acc": 0.9292328151372763, "acc_or": 0.9638423575804784, "sender_entropy": 0.6808091081105746, "receiver_entropy": 0.0, "original_loss": 0.1175993405855619, "mean_length": 6.0}
{"mode": "test", "epoch": 51, "loss": 1.719133734703064, "acc": 0.9958352446556091, "acc_or": 0.9979175925254822, "sender_entropy": 0.7609564065933228, "receiver_entropy": 0.0, "original_loss": 0.018281152471899986, "mean_length": 6.0}
{"mode": "train", "epoch": 52, "loss": 2.656422184063838, "acc": 0.9355924152410947, "acc_or": 0.9670966496834388, "sender_entropy": 0.6755531476094172, "receiver_entropy": 0.0, "original_loss": 0.1070828285927956, "mean_length": 6.0}
{"mode": "test", "epoch": 52, "loss": 1.7482123374938965, "acc": 0.9986117482185364, "acc_or": 0.9993058443069458, "sender_entropy": 0.7749186158180237, "receiver_entropy": 0.0, "original_loss": 0.014228146523237228, "mean_length": 6.0}
{"mode": "train", "epoch": 53, "loss": 2.5920308920053334, "acc": 0.9315121173858643, "acc_or": 0.9650530585875878, "sender_entropy": 0.6835115987520951, "receiver_entropy": 0.0, "original_loss": 0.11319866833778527, "mean_length": 6.0}
{"mode": "test", "epoch": 53, "loss": 1.6892964839935303, "acc": 0.9986117482185364, "acc_or": 0.9993058443069458, "sender_entropy": 0.7657790780067444, "receiver_entropy": 0.0, "original_loss": 0.016245828941464424, "mean_length": 6.0}
{"mode": "train", "epoch": 54, "loss": 2.55049938421983, "acc": 0.9323002489713522, "acc_or": 0.965477487215629, "sender_entropy": 0.6799424932553217, "receiver_entropy": 0.0, "original_loss": 0.1095765892129678, "mean_length": 6.0}
{"mode": "test", "epoch": 54, "loss": 1.6675732135772705, "acc": 0.9962980151176453, "acc_or": 0.9981489777565002, "sender_entropy": 0.7732229232788086, "receiver_entropy": 0.0, "original_loss": 0.01500745490193367, "mean_length": 6.0}
{"mode": "train", "epoch": 55, "loss": 2.5111946967931895, "acc": 0.9326533124997065, "acc_or": 0.9657482344370621, "sender_entropy": 0.6873555779457092, "receiver_entropy": 0.0, "original_loss": 0.10950212610455659, "mean_length": 6.0}
{"mode": "test", "epoch": 55, "loss": 1.6663457155227661, "acc": 0.9972234964370728, "acc_or": 0.9986117482185364, "sender_entropy": 0.7816646099090576, "receiver_entropy": 0.0, "original_loss": 0.014992941170930862, "mean_length": 6.0}
{"mode": "train", "epoch": 56, "loss": 2.4763354613230777, "acc": 0.9310000332502218, "acc_or": 0.9648420856549189, "sender_entropy": 0.694700117294605, "receiver_entropy": 0.0, "original_loss": 0.11229268002968568, "mean_length": 6.0}
{"mode": "test", "epoch": 56, "loss": 1.6233868598937988, "acc": 0.9990745186805725, "acc_or": 0.9995372295379639, "sender_entropy": 0.7783955931663513, "receiver_entropy": 0.0, "original_loss": 0.012335814535617828, "mean_length": 6.0}
{"mode": "train", "epoch": 57, "loss": 2.434993762236375, "acc": 0.935931180532162, "acc_or": 0.9673264347589933, "sender_entropy": 0.68800527545122, "receiver_entropy": 0.0, "original_loss": 0.10523011334813558, "mean_length": 6.0}
{"mode": "test", "epoch": 57, "loss": 1.5914007425308228, "acc": 0.9981489777565002, "acc_or": 0.9990745186805725, "sender_entropy": 0.7794750928878784, "receiver_entropy": 0.0, "original_loss": 0.013339090161025524, "mean_length": 6.0}
{"mode": "train", "epoch": 58, "loss": 2.371237635612488, "acc": 0.932479991362645, "acc_or": 0.9655814308386582, "sender_entropy": 0.6870630383491516, "receiver_entropy": 0.0, "original_loss": 0.10786638179650673, "mean_length": 6.0}
{"mode": "test", "epoch": 58, "loss": 1.5231372117996216, "acc": 0.9967607259750366, "acc_or": 0.9983803629875183, "sender_entropy": 0.7608506083488464, "receiver_entropy": 0.0, "original_loss": 0.013642910867929459, "mean_length": 6.0}
{"mode": "train", "epoch": 59, "loss": 2.3278971176881056, "acc": 0.9346089729895959, "acc_or": 0.9667442142963409, "sender_entropy": 0.6880847330276783, "receiver_entropy": 0.0, "original_loss": 0.10608170754634418, "mean_length": 6.0}
{"mode": "test", "epoch": 59, "loss": 1.5482138395309448, "acc": 0.9990745186805725, "acc_or": 0.9995372295379639, "sender_entropy": 0.7779392004013062, "receiver_entropy": 0.0, "original_loss": 0.010543650016188622, "mean_length": 6.0}
{"mode": "train", "epoch": 60, "loss": 2.3167119851479163, "acc": 0.936100783256384, "acc_or": 0.9675057759651771, "sender_entropy": 0.6974337995052338, "receiver_entropy": 0.0, "original_loss": 0.10458396633084004, "mean_length": 6.0}
{"mode": "test", "epoch": 60, "loss": 1.527551293373108, "acc": 0.9981489777565002, "acc_or": 0.9990745186805725, "sender_entropy": 0.7874106168746948, "receiver_entropy": 0.0, "original_loss": 0.012617761269211769, "mean_length": 6.0}
{"mode": "train", "epoch": 61, "loss": 2.262493344453665, "acc": 0.9350227690660037, "acc_or": 0.9669216917111323, "sender_entropy": 0.6974886816281539, "receiver_entropy": 0.0, "original_loss": 0.10616220562503888, "mean_length": 6.0}
{"mode": "test", "epoch": 61, "loss": 1.5120733976364136, "acc": 0.9981489777565002, "acc_or": 0.9990745186805725, "sender_entropy": 0.7887852191925049, "receiver_entropy": 0.0, "original_loss": 0.013168923556804657, "mean_length": 6.0}
{"mode": "train", "epoch": 62, "loss": 2.2220254036096425, "acc": 0.9370309160305903, "acc_or": 0.9679695780460651, "sender_entropy": 0.6962971366368808, "receiver_entropy": 0.0, "original_loss": 0.10289708668222794, "mean_length": 6.0}
{"mode": "test", "epoch": 62, "loss": 1.4899492263793945, "acc": 0.9995372295379639, "acc_or": 0.9997686147689819, "sender_entropy": 0.7884771823883057, "receiver_entropy": 0.0, "original_loss": 0.009946375153958797, "mean_length": 6.0}
{"mode": "train", "epoch": 63, "loss": 2.196310731080862, "acc": 0.935325780740151, "acc_or": 0.9671404888996711, "sender_entropy": 0.7012227865365835, "receiver_entropy": 0.0, "original_loss": 0.10357740206214097, "mean_length": 6.0}
{"mode": "test", "epoch": 63, "loss": 1.4772911071777344, "acc": 0.9995372295379639, "acc_or": 0.9997686147689819, "sender_entropy": 0.7940042018890381, "receiver_entropy": 0.0, "original_loss": 0.010290287435054779, "mean_length": 6.0}
{"mode": "train", "epoch": 64, "loss": 2.156398452245272, "acc": 0.9371538299780625, "acc_or": 0.9681299535127786, "sender_entropy": 0.6982078529321231, "receiver_entropy": 0.0, "original_loss": 0.10153666711770572, "mean_length": 6.0}
{"mode": "test", "epoch": 64, "loss": 1.4282716512680054, "acc": 0.9976862668991089, "acc_or": 0.9988431334495544, "sender_entropy": 0.7876492142677307, "receiver_entropy": 0.0, "original_loss": 0.010996222496032715, "mean_length": 6.0}
{"mode": "train", "epoch": 65, "loss": 2.113803968979762, "acc": 0.9352680375942817, "acc_or": 0.9671266491596515, "sender_entropy": 0.7013481511519506, "receiver_entropy": 0.0, "original_loss": 0.10353614561832868, "mean_length": 6.0}
{"mode": "test", "epoch": 65, "loss": 1.4358283281326294, "acc": 0.9972234964370728, "acc_or": 0.9986117482185364, "sender_entropy": 0.802466094493866, "receiver_entropy": 0.0, "original_loss": 0.01660114899277687, "mean_length": 6.0}
{"mode": "train", "epoch": 66, "loss": 2.0580660013052134, "acc": 0.9349183233884665, "acc_or": 0.9668093736355121, "sender_entropy": 0.6965163487654465, "receiver_entropy": 0.0, "original_loss": 0.10399637199365176, "mean_length": 6.0}
{"mode": "test", "epoch": 66, "loss": 1.429806113243103, "acc": 0.9986117482185364, "acc_or": 0.9993058443069458, "sender_entropy": 0.8047950267791748, "receiver_entropy": 0.0, "original_loss": 0.008933237753808498, "mean_length": 6.0}
{"mode": "train", "epoch": 67, "loss": 2.046771365862626, "acc": 0.935929183776562, "acc_or": 0.9674490759005914, "sender_entropy": 0.7057927388411301, "receiver_entropy": 0.0, "original_loss": 0.1024973914027214, "mean_length": 6.0}
{"mode": "test", "epoch": 67, "loss": 1.373093605041504, "acc": 0.9981489777565002, "acc_or": 0.9990745186805725, "sender_entropy": 0.7909907102584839, "receiver_entropy": 0.0, "original_loss": 0.009281422011554241, "mean_length": 6.0}
{"mode": "train", "epoch": 68, "loss": 2.021429378252763, "acc": 0.9402022545154278, "acc_or": 0.9694616657037002, "sender_entropy": 0.7024203057472522, "receiver_entropy": 0.0, "original_loss": 0.09744483146529931, "mean_length": 6.0}
{"mode": "test", "epoch": 68, "loss": 1.3807071447372437, "acc": 1.0, "acc_or": 1.0, "sender_entropy": 0.7999524474143982, "receiver_entropy": 0.0, "original_loss": 0.008749614469707012, "mean_length": 6.0}
{"epoch": 68, "positional_disent": 0.11131975799798965, "bag_of_symbol_disent": 0.10130828619003296, "topographic_sim": 0.13960920830467116}
{"generalization hold out": {"acc": 0.9795918464660645, "acc_or": 0.9795918464660645}, "uniform holdout": {"acc": 0.98333340883255, "acc_or": 0.9916667342185974}, "epoch": 68}
---End--
