nohup: ignoring input
{"mode": "train", "epoch": 1, "loss": -30.65130615234375, "acc": 0.013242009095847607, "acc_or": 0.1071917787194252, "sender_entropy": 2.3014254570007324, "receiver_entropy": 0.0, "original_loss": 2.303145408630371, "mean_length": 6.0}
{"mode": "test", "epoch": 1, "loss": 1.3982675075531006, "acc": 0.027397260069847107, "acc_or": 0.1506849229335785, "sender_entropy": 2.2997705936431885, "receiver_entropy": 0.0, "original_loss": 2.2831268310546875, "mean_length": 6.0}
{"mode": "train", "epoch": 2, "loss": 1.3977943658828735, "acc": 0.0141552509739995, "acc_or": 0.11518264561891556, "sender_entropy": 2.3003153800964355, "receiver_entropy": 0.0, "original_loss": 2.2840192317962646, "mean_length": 6.0}
{"mode": "test", "epoch": 2, "loss": 1.5040435791015625, "acc": 0.0, "acc_or": 0.06849315017461777, "sender_entropy": 2.298055410385132, "receiver_entropy": 0.0, "original_loss": 2.2638916969299316, "mean_length": 6.0}
{"mode": "train", "epoch": 3, "loss": 1.486202597618103, "acc": 0.012328767217695713, "acc_or": 0.11803653091192245, "sender_entropy": 2.2990267276763916, "receiver_entropy": 0.0, "original_loss": 2.2668051719665527, "mean_length": 6.0}
{"mode": "test", "epoch": 3, "loss": 1.623500943183899, "acc": 0.0, "acc_or": 0.07534246146678925, "sender_entropy": 2.297135829925537, "receiver_entropy": 0.0, "original_loss": 2.244155168533325, "mean_length": 6.0}
{"mode": "train", "epoch": 4, "loss": 1.5752567052841187, "acc": 0.010273972526192665, "acc_or": 0.11621004343032837, "sender_entropy": 2.2980942726135254, "receiver_entropy": 0.0, "original_loss": 2.250244379043579, "mean_length": 6.0}
{"mode": "test", "epoch": 4, "loss": 1.7537592649459839, "acc": 0.013698630034923553, "acc_or": 0.13013698160648346, "sender_entropy": 2.2968549728393555, "receiver_entropy": 0.0, "original_loss": 2.223820924758911, "mean_length": 6.0}
{"mode": "train", "epoch": 5, "loss": 1.6596932411193848, "acc": 0.0125570772215724, "acc_or": 0.11952054500579834, "sender_entropy": 2.2975757122039795, "receiver_entropy": 0.0, "original_loss": 2.2343108654022217, "mean_length": 6.0}
{"mode": "test", "epoch": 5, "loss": 1.7857410907745361, "acc": 0.0, "acc_or": 0.09589041024446487, "sender_entropy": 2.296980857849121, "receiver_entropy": 0.0, "original_loss": 2.2120566368103027, "mean_length": 6.0}
{"mode": "train", "epoch": 6, "loss": 1.7298827171325684, "acc": 0.011872146278619766, "acc_or": 0.11826483905315399, "sender_entropy": 2.2973437309265137, "receiver_entropy": 0.0, "original_loss": 2.2198781967163086, "mean_length": 6.0}
{"mode": "test", "epoch": 6, "loss": 1.784807801246643, "acc": 0.0, "acc_or": 0.1164383590221405, "sender_entropy": 2.2972049713134766, "receiver_entropy": 0.0, "original_loss": 2.2035202980041504, "mean_length": 6.0}
{"mode": "train", "epoch": 7, "loss": 1.7746772766113281, "acc": 0.01552511379122734, "acc_or": 0.12557077407836914, "sender_entropy": 2.297437906265259, "receiver_entropy": 0.0, "original_loss": 2.207777261734009, "mean_length": 6.0}
{"mode": "test", "epoch": 7, "loss": 1.8585600852966309, "acc": 0.013698630034923553, "acc_or": 0.13698630034923553, "sender_entropy": 2.2975831031799316, "receiver_entropy": 0.0, "original_loss": 2.18928861618042, "mean_length": 6.0}
{"mode": "train", "epoch": 8, "loss": 1.7719539403915405, "acc": 0.010730593465268612, "acc_or": 0.12283104658126831, "sender_entropy": 2.2976953983306885, "receiver_entropy": 0.0, "original_loss": 2.1999173164367676, "mean_length": 6.0}
{"mode": "test", "epoch": 8, "loss": 1.8816990852355957, "acc": 0.04109589010477066, "acc_or": 0.17123287916183472, "sender_entropy": 2.2980434894561768, "receiver_entropy": 0.0, "original_loss": 2.180264949798584, "mean_length": 6.0}
{"mode": "train", "epoch": 9, "loss": 1.7597205638885498, "acc": 0.013698630034923553, "acc_or": 0.12397260218858719, "sender_entropy": 2.297962188720703, "receiver_entropy": 0.0, "original_loss": 2.1938364505767822, "mean_length": 6.0}
{"mode": "test", "epoch": 9, "loss": 1.803006887435913, "acc": 0.0, "acc_or": 0.1164383590221405, "sender_entropy": 2.2983713150024414, "receiver_entropy": 0.0, "original_loss": 2.1806833744049072, "mean_length": 6.0}
{"mode": "train", "epoch": 10, "loss": 1.6823604106903076, "acc": 0.014383560977876186, "acc_or": 0.11666666716337204, "sender_entropy": 2.2982468605041504, "receiver_entropy": 0.0, "original_loss": 2.1936867237091064, "mean_length": 6.0}
{"mode": "test", "epoch": 10, "loss": 1.7965713739395142, "acc": 0.027397260069847107, "acc_or": 0.15753424167633057, "sender_entropy": 2.2986977100372314, "receiver_entropy": 0.0, "original_loss": 2.1765475273132324, "mean_length": 6.0}
{"mode": "train", "epoch": 11, "loss": 1.636313796043396, "acc": 0.010958904400467873, "acc_or": 0.12408675253391266, "sender_entropy": 2.2985377311706543, "receiver_entropy": 0.0, "original_loss": 2.1922810077667236, "mean_length": 6.0}
{"mode": "test", "epoch": 11, "loss": 1.7932236194610596, "acc": 0.04109589010477066, "acc_or": 0.2054794430732727, "sender_entropy": 2.298927068710327, "receiver_entropy": 0.0, "original_loss": 2.1725189685821533, "mean_length": 6.0}
{"mode": "train", "epoch": 12, "loss": 1.5789023637771606, "acc": 0.014383560977876186, "acc_or": 0.1288812756538391, "sender_entropy": 2.2988028526306152, "receiver_entropy": 0.0, "original_loss": 2.192594528198242, "mean_length": 6.0}
{"mode": "test", "epoch": 12, "loss": 1.7929447889328003, "acc": 0.027397260069847107, "acc_or": 0.18493150174617767, "sender_entropy": 2.299135208129883, "receiver_entropy": 0.0, "original_loss": 2.1688549518585205, "mean_length": 6.0}
{"mode": "train", "epoch": 13, "loss": 1.553762674331665, "acc": 0.014611871913075447, "acc_or": 0.12579908967018127, "sender_entropy": 2.298971176147461, "receiver_entropy": 0.0, "original_loss": 2.1910436153411865, "mean_length": 6.0}
{"mode": "test", "epoch": 13, "loss": 1.7947571277618408, "acc": 0.027397260069847107, "acc_or": 0.16438356041908264, "sender_entropy": 2.2992660999298096, "receiver_entropy": 0.0, "original_loss": 2.165712356567383, "mean_length": 6.0}
{"mode": "train", "epoch": 14, "loss": 1.5028917789459229, "acc": 0.0141552509739995, "acc_or": 0.13116438686847687, "sender_entropy": 2.2991256713867188, "receiver_entropy": 0.0, "original_loss": 2.1918935775756836, "mean_length": 6.0}
{"mode": "test", "epoch": 14, "loss": 1.8473505973815918, "acc": 0.04109589010477066, "acc_or": 0.27397260069847107, "sender_entropy": 2.299290180206299, "receiver_entropy": 0.0, "original_loss": 2.158949851989746, "mean_length": 6.0}
{"mode": "train", "epoch": 15, "loss": 1.4927705526351929, "acc": 0.017123287543654442, "acc_or": 0.12636986374855042, "sender_entropy": 2.2991936206817627, "receiver_entropy": 0.0, "original_loss": 2.190073251724243, "mean_length": 6.0}
{"mode": "test", "epoch": 15, "loss": 1.846064567565918, "acc": 0.04109589010477066, "acc_or": 0.27397260069847107, "sender_entropy": 2.2992663383483887, "receiver_entropy": 0.0, "original_loss": 2.1566715240478516, "mean_length": 6.0}
{"mode": "train", "epoch": 16, "loss": 1.454392433166504, "acc": 0.013698630034923553, "acc_or": 0.12340182811021805, "sender_entropy": 2.2992069721221924, "receiver_entropy": 0.0, "original_loss": 2.1906614303588867, "mean_length": 6.0}
{"mode": "test", "epoch": 16, "loss": 1.9113625288009644, "acc": 0.027397260069847107, "acc_or": 0.19863013923168182, "sender_entropy": 2.2992069721221924, "receiver_entropy": 0.0, "original_loss": 2.1492602825164795, "mean_length": 6.0}
{"mode": "train", "epoch": 17, "loss": 1.4355758428573608, "acc": 0.013470319099724293, "acc_or": 0.12773972749710083, "sender_entropy": 2.299178123474121, "receiver_entropy": 0.0, "original_loss": 2.1900863647460938, "mean_length": 6.0}
{"mode": "test", "epoch": 17, "loss": 1.9575576782226562, "acc": 0.08219178020954132, "acc_or": 0.2945205569267273, "sender_entropy": 2.2991623878479004, "receiver_entropy": 0.0, "original_loss": 2.1433181762695312, "mean_length": 6.0}
{"mode": "train", "epoch": 18, "loss": 1.4319369792938232, "acc": 0.015981735661625862, "acc_or": 0.13127852976322174, "sender_entropy": 2.2991459369659424, "receiver_entropy": 0.0, "original_loss": 2.18851375579834, "mean_length": 6.0}
{"mode": "test", "epoch": 18, "loss": 2.017831802368164, "acc": 0.06849315017461777, "acc_or": 0.3493150770664215, "sender_entropy": 2.2990610599517822, "receiver_entropy": 0.0, "original_loss": 2.1362922191619873, "mean_length": 6.0}
{"mode": "train", "epoch": 19, "loss": 1.3983408212661743, "acc": 0.015981735661625862, "acc_or": 0.13801369071006775, "sender_entropy": 2.2990918159484863, "receiver_entropy": 0.0, "original_loss": 2.189363479614258, "mean_length": 6.0}
{"mode": "test", "epoch": 19, "loss": 2.121246337890625, "acc": 0.06849315017461777, "acc_or": 0.3835616409778595, "sender_entropy": 2.2989609241485596, "receiver_entropy": 0.0, "original_loss": 2.1260809898376465, "mean_length": 6.0}
{"mode": "train", "epoch": 20, "loss": 1.386940360069275, "acc": 0.017579907551407814, "acc_or": 0.1377853900194168, "sender_entropy": 2.2990026473999023, "receiver_entropy": 0.0, "original_loss": 2.1887214183807373, "mean_length": 6.0}
{"mode": "test", "epoch": 20, "loss": 2.229581832885742, "acc": 0.09589041024446487, "acc_or": 0.3835616409778595, "sender_entropy": 2.298821449279785, "receiver_entropy": 0.0, "original_loss": 2.115647077560425, "mean_length": 6.0}
{"mode": "train", "epoch": 21, "loss": 1.3821995258331299, "acc": 0.015981735661625862, "acc_or": 0.1349315047264099, "sender_entropy": 2.298870086669922, "receiver_entropy": 0.0, "original_loss": 2.1877212524414062, "mean_length": 6.0}
{"mode": "test", "epoch": 21, "loss": 2.308542251586914, "acc": 0.08219178020954132, "acc_or": 0.36301368474960327, "sender_entropy": 2.2986879348754883, "receiver_entropy": 0.0, "original_loss": 2.107593059539795, "mean_length": 6.0}
{"mode": "train", "epoch": 22, "loss": 1.3707040548324585, "acc": 0.017123287543654442, "acc_or": 0.13538812100887299, "sender_entropy": 2.2987329959869385, "receiver_entropy": 0.0, "original_loss": 2.1872951984405518, "mean_length": 6.0}
{"mode": "test", "epoch": 22, "loss": 2.3831801414489746, "acc": 0.08219178020954132, "acc_or": 0.3904109597206116, "sender_entropy": 2.2985291481018066, "receiver_entropy": 0.0, "original_loss": 2.0998222827911377, "mean_length": 6.0}
{"mode": "train", "epoch": 23, "loss": 1.3702316284179688, "acc": 0.017351597547531128, "acc_or": 0.14052511751651764, "sender_entropy": 2.298537015914917, "receiver_entropy": 0.0, "original_loss": 2.186089515686035, "mean_length": 6.0}
{"mode": "test", "epoch": 23, "loss": 2.474539041519165, "acc": 0.06849315017461777, "acc_or": 0.36301368474960327, "sender_entropy": 2.2982981204986572, "receiver_entropy": 0.0, "original_loss": 2.0905911922454834, "mean_length": 6.0}
{"mode": "train", "epoch": 24, "loss": 1.3535175323486328, "acc": 0.016210045665502548, "acc_or": 0.13789954781532288, "sender_entropy": 2.298283576965332, "receiver_entropy": 0.0, "original_loss": 2.186152935028076, "mean_length": 6.0}
{"mode": "test", "epoch": 24, "loss": 2.578518867492676, "acc": 0.06849315017461777, "acc_or": 0.3767123222351074, "sender_entropy": 2.297966241836548, "receiver_entropy": 0.0, "original_loss": 2.080291986465454, "mean_length": 6.0}
{"mode": "train", "epoch": 25, "loss": 1.3539235591888428, "acc": 0.019178081303834915, "acc_or": 0.1402968019247055, "sender_entropy": 2.2979366779327393, "receiver_entropy": 0.0, "original_loss": 2.185037136077881, "mean_length": 6.0}
{"mode": "test", "epoch": 25, "loss": 2.698127269744873, "acc": 0.09589041024446487, "acc_or": 0.3904109597206116, "sender_entropy": 2.2975406646728516, "receiver_entropy": 0.0, "original_loss": 2.068639039993286, "mean_length": 6.0}
{"mode": "train", "epoch": 26, "loss": 1.371547818183899, "acc": 0.019863013178110123, "acc_or": 0.1474885791540146, "sender_entropy": 2.297515869140625, "receiver_entropy": 0.0, "original_loss": 2.1825172901153564, "mean_length": 6.0}
{"mode": "test", "epoch": 26, "loss": 2.8021864891052246, "acc": 0.09589041024446487, "acc_or": 0.36301368474960327, "sender_entropy": 2.2969610691070557, "receiver_entropy": 0.0, "original_loss": 2.0580079555511475, "mean_length": 6.0}
{"mode": "train", "epoch": 27, "loss": 1.355039119720459, "acc": 0.021461186930537224, "acc_or": 0.1520547866821289, "sender_entropy": 2.2969019412994385, "receiver_entropy": 0.0, "original_loss": 2.1826670169830322, "mean_length": 6.0}
{"mode": "test", "epoch": 27, "loss": 2.9205527305603027, "acc": 0.06849315017461777, "acc_or": 0.36301368474960327, "sender_entropy": 2.29611873626709, "receiver_entropy": 0.0, "original_loss": 2.0457956790924072, "mean_length": 6.0}
{"mode": "train", "epoch": 28, "loss": 1.3557028770446777, "acc": 0.02168949693441391, "acc_or": 0.15011414885520935, "sender_entropy": 2.2960379123687744, "receiver_entropy": 0.0, "original_loss": 2.1816177368164062, "mean_length": 6.0}
{"mode": "test", "epoch": 28, "loss": 3.0631301403045654, "acc": 0.054794520139694214, "acc_or": 0.3561643958091736, "sender_entropy": 2.2949891090393066, "receiver_entropy": 0.0, "original_loss": 2.0310425758361816, "mean_length": 6.0}
{"mode": "train", "epoch": 29, "loss": 1.4020720720291138, "acc": 0.026027396321296692, "acc_or": 0.1584474891424179, "sender_entropy": 2.294861316680908, "receiver_entropy": 0.0, "original_loss": 2.1767163276672363, "mean_length": 6.0}
{"mode": "test", "epoch": 29, "loss": 3.171142101287842, "acc": 0.054794520139694214, "acc_or": 0.36986300349235535, "sender_entropy": 2.2932798862457275, "receiver_entropy": 0.0, "original_loss": 2.018420457839966, "mean_length": 6.0}
{"mode": "train", "epoch": 30, "loss": 1.40139639377594, "acc": 0.02397260256111622, "acc_or": 0.1567351520061493, "sender_entropy": 2.293041706085205, "receiver_entropy": 0.0, "original_loss": 2.1755752563476562, "mean_length": 6.0}
{"mode": "test", "epoch": 30, "loss": 3.2964844703674316, "acc": 0.054794520139694214, "acc_or": 0.3904109597206116, "sender_entropy": 2.290550708770752, "receiver_entropy": 0.0, "original_loss": 2.0029287338256836, "mean_length": 6.0}
{"mode": "train", "epoch": 31, "loss": 1.4345757961273193, "acc": 0.026484018191695213, "acc_or": 0.1705479472875595, "sender_entropy": 2.2903006076812744, "receiver_entropy": 0.0, "original_loss": 2.1714978218078613, "mean_length": 6.0}
{"mode": "test", "epoch": 31, "loss": 3.4077835083007812, "acc": 0.06849315017461777, "acc_or": 0.3835616409778595, "sender_entropy": 2.2861979007720947, "receiver_entropy": 0.0, "original_loss": 1.986472725868225, "mean_length": 6.0}
{"mode": "train", "epoch": 32, "loss": 1.4951223134994507, "acc": 0.028767121955752373, "acc_or": 0.18219177424907684, "sender_entropy": 2.285865306854248, "receiver_entropy": 0.0, "original_loss": 2.1649770736694336, "mean_length": 6.0}
{"mode": "test", "epoch": 32, "loss": 3.48942232131958, "acc": 0.054794520139694214, "acc_or": 0.3561643958091736, "sender_entropy": 2.2791006565093994, "receiver_entropy": 0.0, "original_loss": 1.969810962677002, "mean_length": 6.0}
{"mode": "train", "epoch": 33, "loss": 1.5965821743011475, "acc": 0.02945205383002758, "acc_or": 0.18150684237480164, "sender_entropy": 2.2786617279052734, "receiver_entropy": 0.0, "original_loss": 2.154714584350586, "mean_length": 6.0}
{"mode": "test", "epoch": 33, "loss": 3.586235284805298, "acc": 0.04109589010477066, "acc_or": 0.34246575832366943, "sender_entropy": 2.267186403274536, "receiver_entropy": 0.0, "original_loss": 1.9485543966293335, "mean_length": 6.0}
{"mode": "train", "epoch": 34, "loss": 1.7399674654006958, "acc": 0.03287671133875847, "acc_or": 0.19566209614276886, "sender_entropy": 2.266552686691284, "receiver_entropy": 0.0, "original_loss": 2.1400065422058105, "mean_length": 6.0}
{"mode": "test", "epoch": 34, "loss": 3.643671989440918, "acc": 0.054794520139694214, "acc_or": 0.3493150770664215, "sender_entropy": 2.24674129486084, "receiver_entropy": 0.0, "original_loss": 1.925610899925232, "mean_length": 6.0}
{"mode": "train", "epoch": 35, "loss": 1.9373928308486938, "acc": 0.03515981510281563, "acc_or": 0.20673516392707825, "sender_entropy": 2.2459094524383545, "receiver_entropy": 0.0, "original_loss": 2.118769407272339, "mean_length": 6.0}
{"mode": "test", "epoch": 35, "loss": 3.6719367504119873, "acc": 0.054794520139694214, "acc_or": 0.33561643958091736, "sender_entropy": 2.2169034481048584, "receiver_entropy": 0.0, "original_loss": 1.9022003412246704, "mean_length": 6.0}
{"mode": "train", "epoch": 36, "loss": 2.2306652069091797, "acc": 0.036301370710134506, "acc_or": 0.21986301243305206, "sender_entropy": 2.215822458267212, "receiver_entropy": 0.0, "original_loss": 2.087853193283081, "mean_length": 6.0}
{"mode": "test", "epoch": 36, "loss": 3.6504266262054443, "acc": 0.04109589010477066, "acc_or": 0.3287671208381653, "sender_entropy": 2.1859536170959473, "receiver_entropy": 0.0, "original_loss": 1.883210301399231, "mean_length": 6.0}
{"mode": "train", "epoch": 37, "loss": 2.519791603088379, "acc": 0.03949771448969841, "acc_or": 0.23059360682964325, "sender_entropy": 2.184333086013794, "receiver_entropy": 0.0, "original_loss": 2.0537257194519043, "mean_length": 6.0}
{"mode": "test", "epoch": 37, "loss": 3.4535961151123047, "acc": 0.04109589010477066, "acc_or": 0.30821916460990906, "sender_entropy": 2.1554834842681885, "receiver_entropy": 0.0, "original_loss": 1.8830125331878662, "mean_length": 6.0}
{"mode": "train", "epoch": 38, "loss": 2.869222640991211, "acc": 0.03995433822274208, "acc_or": 0.2385844737291336, "sender_entropy": 2.1531996726989746, "receiver_entropy": 0.0, "original_loss": 2.0120742321014404, "mean_length": 6.0}
{"mode": "test", "epoch": 38, "loss": 3.284471035003662, "acc": 0.054794520139694214, "acc_or": 0.33561643958091736, "sender_entropy": 2.1489579677581787, "receiver_entropy": 0.0, "original_loss": 1.886002779006958, "mean_length": 6.0}
{"mode": "train", "epoch": 39, "loss": 3.0413742065429688, "acc": 0.038584474474191666, "acc_or": 0.24121004343032837, "sender_entropy": 2.1453962326049805, "receiver_entropy": 0.0, "original_loss": 1.9896900653839111, "mean_length": 6.0}
{"mode": "test", "epoch": 39, "loss": 3.229048252105713, "acc": 0.054794520139694214, "acc_or": 0.3561643958091736, "sender_entropy": 2.1519908905029297, "receiver_entropy": 0.0, "original_loss": 1.8779867887496948, "mean_length": 6.0}
{"mode": "train", "epoch": 40, "loss": 3.050210952758789, "acc": 0.05182648450136185, "acc_or": 0.24554793536663055, "sender_entropy": 2.147057056427002, "receiver_entropy": 0.0, "original_loss": 1.9784290790557861, "mean_length": 6.0}
{"mode": "test", "epoch": 40, "loss": 3.2233669757843018, "acc": 0.054794520139694214, "acc_or": 0.3219178020954132, "sender_entropy": 2.139657735824585, "receiver_entropy": 0.0, "original_loss": 1.8667494058609009, "mean_length": 6.0}
{"mode": "train", "epoch": 41, "loss": 3.194993019104004, "acc": 0.05114155262708664, "acc_or": 0.26232877373695374, "sender_entropy": 2.133410930633545, "receiver_entropy": 0.0, "original_loss": 1.9564661979675293, "mean_length": 6.0}
{"mode": "test", "epoch": 41, "loss": 3.3642334938049316, "acc": 0.09589041024446487, "acc_or": 0.3493150770664215, "sender_entropy": 2.110255718231201, "receiver_entropy": 0.0, "original_loss": 1.8367969989776611, "mean_length": 6.0}
{"mode": "train", "epoch": 42, "loss": 3.4243123531341553, "acc": 0.05547945201396942, "acc_or": 0.26837900280952454, "sender_entropy": 2.102803945541382, "receiver_entropy": 0.0, "original_loss": 1.9252671003341675, "mean_length": 6.0}
{"mode": "test", "epoch": 42, "loss": 3.3961596488952637, "acc": 0.08219178020954132, "acc_or": 0.36986300349235535, "sender_entropy": 2.0835094451904297, "receiver_entropy": 0.0, "original_loss": 1.8156957626342773, "mean_length": 6.0}
{"mode": "train", "epoch": 43, "loss": 3.718658924102783, "acc": 0.06689497828483582, "acc_or": 0.28538811206817627, "sender_entropy": 2.073773145675659, "receiver_entropy": 0.0, "original_loss": 1.8866370916366577, "mean_length": 6.0}
{"mode": "test", "epoch": 43, "loss": 3.1614532470703125, "acc": 0.08219178020954132, "acc_or": 0.3767123222351074, "sender_entropy": 2.072514772415161, "receiver_entropy": 0.0, "original_loss": 1.8264248371124268, "mean_length": 6.0}
{"mode": "train", "epoch": 44, "loss": 3.807541847229004, "acc": 0.07351598143577576, "acc_or": 0.30114156007766724, "sender_entropy": 2.058789014816284, "receiver_entropy": 0.0, "original_loss": 1.865053653717041, "mean_length": 6.0}
{"mode": "test", "epoch": 44, "loss": 2.864521026611328, "acc": 0.06849315017461777, "acc_or": 0.3767123222351074, "sender_entropy": 2.0319747924804688, "receiver_entropy": 0.0, "original_loss": 1.8444544076919556, "mean_length": 6.0}
{"mode": "train", "epoch": 45, "loss": 4.015124797821045, "acc": 0.06986301392316818, "acc_or": 0.31255707144737244, "sender_entropy": 2.0110175609588623, "receiver_entropy": 0.0, "original_loss": 1.8305519819259644, "mean_length": 6.0}
{"mode": "test", "epoch": 45, "loss": 3.0536837577819824, "acc": 0.06849315017461777, "acc_or": 0.3835616409778595, "sender_entropy": 1.9923577308654785, "receiver_entropy": 0.0, "original_loss": 1.8001949787139893, "mean_length": 6.0}
{"mode": "train", "epoch": 46, "loss": 4.246341228485107, "acc": 0.07511415332555771, "acc_or": 0.32248857617378235, "sender_entropy": 1.967151165008545, "receiver_entropy": 0.0, "original_loss": 1.792494535446167, "mean_length": 6.0}
{"mode": "test", "epoch": 46, "loss": 3.1394400596618652, "acc": 0.06849315017461777, "acc_or": 0.36986300349235535, "sender_entropy": 1.9648585319519043, "receiver_entropy": 0.0, "original_loss": 1.7685574293136597, "mean_length": 6.0}
{"mode": "train", "epoch": 47, "loss": 4.344611167907715, "acc": 0.07876712083816528, "acc_or": 0.32602739334106445, "sender_entropy": 1.93723464012146, "receiver_entropy": 0.0, "original_loss": 1.7697190046310425, "mean_length": 6.0}
{"mode": "test", "epoch": 47, "loss": 3.489684581756592, "acc": 0.08219178020954132, "acc_or": 0.3767123222351074, "sender_entropy": 1.9687504768371582, "receiver_entropy": 0.0, "original_loss": 1.714739203453064, "mean_length": 6.0}
{"mode": "train", "epoch": 48, "loss": 4.438952922821045, "acc": 0.08105022460222244, "acc_or": 0.33059361577033997, "sender_entropy": 1.9366568326950073, "receiver_entropy": 0.0, "original_loss": 1.7547821998596191, "mean_length": 6.0}
{"mode": "test", "epoch": 48, "loss": 3.7777934074401855, "acc": 0.08219178020954132, "acc_or": 0.3835616409778595, "sender_entropy": 1.9822090864181519, "receiver_entropy": 0.0, "original_loss": 1.669724702835083, "mean_length": 6.0}
{"mode": "train", "epoch": 49, "loss": 4.504345893859863, "acc": 0.08630137145519257, "acc_or": 0.3390410840511322, "sender_entropy": 1.951227068901062, "receiver_entropy": 0.0, "original_loss": 1.7423655986785889, "mean_length": 6.0}
{"mode": "test", "epoch": 49, "loss": 4.26086950302124, "acc": 0.10958904027938843, "acc_or": 0.4109588861465454, "sender_entropy": 1.9917523860931396, "receiver_entropy": 0.0, "original_loss": 1.6008580923080444, "mean_length": 6.0}
{"mode": "train", "epoch": 50, "loss": 4.515143394470215, "acc": 0.09178081899881363, "acc_or": 0.3405251204967499, "sender_entropy": 1.9656416177749634, "receiver_entropy": 0.0, "original_loss": 1.7374134063720703, "mean_length": 6.0}
{"mode": "test", "epoch": 50, "loss": 4.405887126922607, "acc": 0.16438356041908264, "acc_or": 0.45890411734580994, "sender_entropy": 1.9946024417877197, "receiver_entropy": 0.0, "original_loss": 1.574156403541565, "mean_length": 6.0}
{"mode": "train", "epoch": 51, "loss": 4.368391036987305, "acc": 0.10410958528518677, "acc_or": 0.35171231627464294, "sender_entropy": 1.9713488817214966, "receiver_entropy": 0.0, "original_loss": 1.741707682609558, "mean_length": 6.0}
{"mode": "test", "epoch": 51, "loss": 4.363100051879883, "acc": 0.16438356041908264, "acc_or": 0.465753436088562, "sender_entropy": 1.980553150177002, "receiver_entropy": 0.0, "original_loss": 1.5650373697280884, "mean_length": 6.0}
{"mode": "train", "epoch": 52, "loss": 4.614823341369629, "acc": 0.09931506961584091, "acc_or": 0.3536529541015625, "sender_entropy": 1.959071159362793, "receiver_entropy": 0.0, "original_loss": 1.7109034061431885, "mean_length": 6.0}
{"mode": "test", "epoch": 52, "loss": 4.54619836807251, "acc": 0.1780821979045868, "acc_or": 0.4726027250289917, "sender_entropy": 1.9705904722213745, "receiver_entropy": 0.0, "original_loss": 1.53090238571167, "mean_length": 6.0}
{"mode": "train", "epoch": 53, "loss": 4.779017448425293, "acc": 0.09931506961584091, "acc_or": 0.3546803593635559, "sender_entropy": 1.946057915687561, "receiver_entropy": 0.0, "original_loss": 1.686440348625183, "mean_length": 6.0}
{"mode": "test", "epoch": 53, "loss": 4.745616436004639, "acc": 0.13698630034923553, "acc_or": 0.4452054798603058, "sender_entropy": 1.9634323120117188, "receiver_entropy": 0.0, "original_loss": 1.4920878410339355, "mean_length": 6.0}
{"mode": "train", "epoch": 54, "loss": 4.79843282699585, "acc": 0.10593607276678085, "acc_or": 0.36837899684906006, "sender_entropy": 1.9393246173858643, "receiver_entropy": 0.0, "original_loss": 1.6734369993209839, "mean_length": 6.0}
{"mode": "test", "epoch": 54, "loss": 5.036774158477783, "acc": 0.16438356041908264, "acc_or": 0.4383561611175537, "sender_entropy": 1.9455877542495728, "receiver_entropy": 0.0, "original_loss": 1.4362115859985352, "mean_length": 6.0}
{"mode": "train", "epoch": 55, "loss": 4.970119953155518, "acc": 0.11484017968177795, "acc_or": 0.37842464447021484, "sender_entropy": 1.9207886457443237, "receiver_entropy": 0.0, "original_loss": 1.6492704153060913, "mean_length": 6.0}
{"mode": "test", "epoch": 55, "loss": 5.046746253967285, "acc": 0.16438356041908264, "acc_or": 0.45205479860305786, "sender_entropy": 1.9286261796951294, "receiver_entropy": 0.0, "original_loss": 1.4127308130264282, "mean_length": 6.0}
{"mode": "train", "epoch": 56, "loss": 5.168220520019531, "acc": 0.1292237490415573, "acc_or": 0.38767123222351074, "sender_entropy": 1.9031165838241577, "receiver_entropy": 0.0, "original_loss": 1.6126482486724854, "mean_length": 6.0}
{"mode": "test", "epoch": 56, "loss": 4.808058738708496, "acc": 0.19178082048892975, "acc_or": 0.45890411734580994, "sender_entropy": 1.8943065404891968, "receiver_entropy": 0.0, "original_loss": 1.4140675067901611, "mean_length": 6.0}
{"mode": "train", "epoch": 57, "loss": 5.339558124542236, "acc": 0.12671232223510742, "acc_or": 0.396118700504303, "sender_entropy": 1.8675298690795898, "receiver_entropy": 0.0, "original_loss": 1.5781084299087524, "mean_length": 6.0}
{"mode": "test", "epoch": 57, "loss": 4.517642498016357, "acc": 0.1506849229335785, "acc_or": 0.4452054798603058, "sender_entropy": 1.8487745523452759, "receiver_entropy": 0.0, "original_loss": 1.417189598083496, "mean_length": 6.0}
{"mode": "train", "epoch": 58, "loss": 5.502101898193359, "acc": 0.1349315047264099, "acc_or": 0.41324201226234436, "sender_entropy": 1.8191410303115845, "receiver_entropy": 0.0, "original_loss": 1.5335005521774292, "mean_length": 6.0}
{"mode": "test", "epoch": 58, "loss": 4.449693202972412, "acc": 0.13698630034923553, "acc_or": 0.4383561611175537, "sender_entropy": 1.795839786529541, "receiver_entropy": 0.0, "original_loss": 1.3890050649642944, "mean_length": 6.0}
{"mode": "train", "epoch": 59, "loss": 5.722020149230957, "acc": 0.14474885165691376, "acc_or": 0.4287671148777008, "sender_entropy": 1.7682859897613525, "receiver_entropy": 0.0, "original_loss": 1.4903868436813354, "mean_length": 6.0}
{"mode": "test", "epoch": 59, "loss": 4.482932090759277, "acc": 0.1506849229335785, "acc_or": 0.4452054798603058, "sender_entropy": 1.7604132890701294, "receiver_entropy": 0.0, "original_loss": 1.3467004299163818, "mean_length": 6.0}
{"mode": "train", "epoch": 60, "loss": 5.8731770515441895, "acc": 0.15045662224292755, "acc_or": 0.4336757957935333, "sender_entropy": 1.7321133613586426, "receiver_entropy": 0.0, "original_loss": 1.4548300504684448, "mean_length": 6.0}
{"mode": "test", "epoch": 60, "loss": 4.671972274780273, "acc": 0.1780821979045868, "acc_or": 0.4726027250289917, "sender_entropy": 1.7450934648513794, "receiver_entropy": 0.0, "original_loss": 1.30324387550354, "mean_length": 6.0}
{"mode": "train", "epoch": 61, "loss": 6.005730152130127, "acc": 0.1627853810787201, "acc_or": 0.4476027190685272, "sender_entropy": 1.7226908206939697, "receiver_entropy": 0.0, "original_loss": 1.4237771034240723, "mean_length": 6.0}
{"mode": "test", "epoch": 61, "loss": 4.898773193359375, "acc": 0.2054794430732727, "acc_or": 0.5205479264259338, "sender_entropy": 1.7477439641952515, "receiver_entropy": 0.0, "original_loss": 1.2567987442016602, "mean_length": 6.0}
{"mode": "train", "epoch": 62, "loss": 5.907871723175049, "acc": 0.16529680788516998, "acc_or": 0.44920089840888977, "sender_entropy": 1.7227565050125122, "receiver_entropy": 0.0, "original_loss": 1.4194064140319824, "mean_length": 6.0}
{"mode": "test", "epoch": 62, "loss": 4.838284015655518, "acc": 0.19178082048892975, "acc_or": 0.4931506812572479, "sender_entropy": 1.755495548248291, "receiver_entropy": 0.0, "original_loss": 1.2661640644073486, "mean_length": 6.0}
{"mode": "train", "epoch": 63, "loss": 6.017070770263672, "acc": 0.17534247040748596, "acc_or": 0.4597031772136688, "sender_entropy": 1.7257781028747559, "receiver_entropy": 0.0, "original_loss": 1.39466392993927, "mean_length": 6.0}
{"mode": "test", "epoch": 63, "loss": 4.949118614196777, "acc": 0.19178082048892975, "acc_or": 0.4931506812572479, "sender_entropy": 1.7585129737854004, "receiver_entropy": 0.0, "original_loss": 1.240025281906128, "mean_length": 6.0}
{"mode": "train", "epoch": 64, "loss": 6.208436012268066, "acc": 0.1787671148777008, "acc_or": 0.4576483964920044, "sender_entropy": 1.716756820678711, "receiver_entropy": 0.0, "original_loss": 1.3689076900482178, "mean_length": 6.0}
{"mode": "test", "epoch": 64, "loss": 4.817379474639893, "acc": 0.232876718044281, "acc_or": 0.5410959124565125, "sender_entropy": 1.7651681900024414, "receiver_entropy": 0.0, "original_loss": 1.2452255487442017, "mean_length": 6.0}
{"mode": "train", "epoch": 65, "loss": 6.206014633178711, "acc": 0.1787671148777008, "acc_or": 0.46461185812950134, "sender_entropy": 1.7210991382598877, "receiver_entropy": 0.0, "original_loss": 1.3561171293258667, "mean_length": 6.0}
{"mode": "test", "epoch": 65, "loss": 4.875839710235596, "acc": 0.24657534062862396, "acc_or": 0.534246563911438, "sender_entropy": 1.7661360502243042, "receiver_entropy": 0.0, "original_loss": 1.219164490699768, "mean_length": 6.0}
{"mode": "train", "epoch": 66, "loss": 6.080035209655762, "acc": 0.19109588861465454, "acc_or": 0.46678081154823303, "sender_entropy": 1.7213068008422852, "receiver_entropy": 0.0, "original_loss": 1.3612701892852783, "mean_length": 6.0}
{"mode": "test", "epoch": 66, "loss": 5.227316379547119, "acc": 0.31506848335266113, "acc_or": 0.568493127822876, "sender_entropy": 1.7747673988342285, "receiver_entropy": 0.0, "original_loss": 1.1647510528564453, "mean_length": 6.0}
{"mode": "train", "epoch": 67, "loss": 6.27158260345459, "acc": 0.20182648301124573, "acc_or": 0.4797945022583008, "sender_entropy": 1.7265729904174805, "receiver_entropy": 0.0, "original_loss": 1.3305634260177612, "mean_length": 6.0}
{"mode": "test", "epoch": 67, "loss": 5.342298984527588, "acc": 0.24657534062862396, "acc_or": 0.5410959124565125, "sender_entropy": 1.7701058387756348, "receiver_entropy": 0.0, "original_loss": 1.1430678367614746, "mean_length": 6.0}
{"mode": "train", "epoch": 68, "loss": 6.390817642211914, "acc": 0.20753423869609833, "acc_or": 0.4885844588279724, "sender_entropy": 1.7224854230880737, "receiver_entropy": 0.0, "original_loss": 1.3072912693023682, "mean_length": 6.0}
{"mode": "test", "epoch": 68, "loss": 5.305517196655273, "acc": 0.24657534062862396, "acc_or": 0.5479452013969421, "sender_entropy": 1.7573630809783936, "receiver_entropy": 0.0, "original_loss": 1.1277155876159668, "mean_length": 6.0}
{"mode": "train", "epoch": 69, "loss": 6.482412815093994, "acc": 0.21415524184703827, "acc_or": 0.49691781401634216, "sender_entropy": 1.70912504196167, "receiver_entropy": 0.0, "original_loss": 1.280943512916565, "mean_length": 6.0}
{"mode": "test", "epoch": 69, "loss": 5.2280378341674805, "acc": 0.24657534062862396, "acc_or": 0.5616438388824463, "sender_entropy": 1.738248348236084, "receiver_entropy": 0.0, "original_loss": 1.1103744506835938, "mean_length": 6.0}
{"mode": "train", "epoch": 70, "loss": 6.533138751983643, "acc": 0.22168949246406555, "acc_or": 0.5009132623672485, "sender_entropy": 1.6888569593429565, "receiver_entropy": 0.0, "original_loss": 1.2608839273452759, "mean_length": 6.0}
{"mode": "test", "epoch": 70, "loss": 5.1374688148498535, "acc": 0.21917808055877686, "acc_or": 0.5547944903373718, "sender_entropy": 1.7203145027160645, "receiver_entropy": 0.0, "original_loss": 1.102306842803955, "mean_length": 6.0}
{"mode": "train", "epoch": 71, "loss": 6.6298675537109375, "acc": 0.22785387933254242, "acc_or": 0.5097031593322754, "sender_entropy": 1.667999505996704, "receiver_entropy": 0.0, "original_loss": 1.2271254062652588, "mean_length": 6.0}
{"mode": "test", "epoch": 71, "loss": 5.1725239753723145, "acc": 0.2876712381839752, "acc_or": 0.5753424763679504, "sender_entropy": 1.7031450271606445, "receiver_entropy": 0.0, "original_loss": 1.0807925462722778, "mean_length": 6.0}
{"mode": "train", "epoch": 72, "loss": 6.69512939453125, "acc": 0.24063926935195923, "acc_or": 0.5245433449745178, "sender_entropy": 1.6443573236465454, "receiver_entropy": 0.0, "original_loss": 1.206626057624817, "mean_length": 6.0}
{"mode": "test", "epoch": 72, "loss": 5.377979755401611, "acc": 0.34246575832366943, "acc_or": 0.602739691734314, "sender_entropy": 1.690203070640564, "receiver_entropy": 0.0, "original_loss": 1.0294400453567505, "mean_length": 6.0}
{"mode": "train", "epoch": 73, "loss": 6.765774250030518, "acc": 0.25022831559181213, "acc_or": 0.5408675670623779, "sender_entropy": 1.6339739561080933, "receiver_entropy": 0.0, "original_loss": 1.1777567863464355, "mean_length": 6.0}
{"mode": "test", "epoch": 73, "loss": 5.408738136291504, "acc": 0.34246575832366943, "acc_or": 0.568493127822876, "sender_entropy": 1.678807020187378, "receiver_entropy": 0.0, "original_loss": 1.0074926614761353, "mean_length": 6.0}
{"mode": "train", "epoch": 74, "loss": 6.771008014678955, "acc": 0.2609589099884033, "acc_or": 0.5463470220565796, "sender_entropy": 1.6191226243972778, "receiver_entropy": 0.0, "original_loss": 1.158419132232666, "mean_length": 6.0}
{"mode": "test", "epoch": 74, "loss": 5.466159820556641, "acc": 0.34246575832366943, "acc_or": 0.5890411138534546, "sender_entropy": 1.6686766147613525, "receiver_entropy": 0.0, "original_loss": 0.9793147444725037, "mean_length": 6.0}
{"mode": "train", "epoch": 75, "loss": 6.831271171569824, "acc": 0.27831050753593445, "acc_or": 0.5593607425689697, "sender_entropy": 1.6097919940948486, "receiver_entropy": 0.0, "original_loss": 1.127641201019287, "mean_length": 6.0}
{"mode": "test", "epoch": 75, "loss": 5.533942222595215, "acc": 0.34246575832366943, "acc_or": 0.602739691734314, "sender_entropy": 1.6604182720184326, "receiver_entropy": 0.0, "original_loss": 0.9556782245635986, "mean_length": 6.0}
{"mode": "train", "epoch": 76, "loss": 6.8258514404296875, "acc": 0.29178082942962646, "acc_or": 0.5716894865036011, "sender_entropy": 1.5963736772537231, "receiver_entropy": 0.0, "original_loss": 1.1130512952804565, "mean_length": 6.0}
{"mode": "test", "epoch": 76, "loss": 5.5238189697265625, "acc": 0.3287671208381653, "acc_or": 0.6095890402793884, "sender_entropy": 1.6459168195724487, "receiver_entropy": 0.0, "original_loss": 0.934012234210968, "mean_length": 6.0}
{"mode": "train", "epoch": 77, "loss": 6.892545223236084, "acc": 0.3015981614589691, "acc_or": 0.5757990479469299, "sender_entropy": 1.5805046558380127, "receiver_entropy": 0.0, "original_loss": 1.0923686027526855, "mean_length": 6.0}
{"mode": "test", "epoch": 77, "loss": 5.407620906829834, "acc": 0.39726027846336365, "acc_or": 0.6301369667053223, "sender_entropy": 1.6279051303863525, "receiver_entropy": 0.0, "original_loss": 0.9249779582023621, "mean_length": 6.0}
{"mode": "train", "epoch": 78, "loss": 6.977645397186279, "acc": 0.3194063901901245, "acc_or": 0.59212327003479, "sender_entropy": 1.5674844980239868, "receiver_entropy": 0.0, "original_loss": 1.0647978782653809, "mean_length": 6.0}
{"mode": "test", "epoch": 78, "loss": 5.521557331085205, "acc": 0.4109588861465454, "acc_or": 0.6369863152503967, "sender_entropy": 1.6142367124557495, "receiver_entropy": 0.0, "original_loss": 0.8849735856056213, "mean_length": 6.0}
{"mode": "train", "epoch": 79, "loss": 6.984030246734619, "acc": 0.3257990777492523, "acc_or": 0.5929223895072937, "sender_entropy": 1.552625298500061, "receiver_entropy": 0.0, "original_loss": 1.0480074882507324, "mean_length": 6.0}
{"mode": "test", "epoch": 79, "loss": 5.544607639312744, "acc": 0.42465752363204956, "acc_or": 0.6369863152503967, "sender_entropy": 1.6030815839767456, "receiver_entropy": 0.0, "original_loss": 0.8497956991195679, "mean_length": 6.0}
{"mode": "train", "epoch": 80, "loss": 7.061256408691406, "acc": 0.33630135655403137, "acc_or": 0.6059360504150391, "sender_entropy": 1.5387667417526245, "receiver_entropy": 0.0, "original_loss": 1.0207093954086304, "mean_length": 6.0}
{"mode": "test", "epoch": 80, "loss": 5.648045539855957, "acc": 0.4383561611175537, "acc_or": 0.6712328791618347, "sender_entropy": 1.5958962440490723, "receiver_entropy": 0.0, "original_loss": 0.8070378303527832, "mean_length": 6.0}
{"mode": "train", "epoch": 81, "loss": 7.05659818649292, "acc": 0.3554794490337372, "acc_or": 0.6188356280326843, "sender_entropy": 1.5290058851242065, "receiver_entropy": 0.0, "original_loss": 0.9992943406105042, "mean_length": 6.0}
{"mode": "test", "epoch": 81, "loss": 5.655390739440918, "acc": 0.42465752363204956, "acc_or": 0.6780821681022644, "sender_entropy": 1.590955138206482, "receiver_entropy": 0.0, "original_loss": 0.7936050891876221, "mean_length": 6.0}
{"mode": "train", "epoch": 82, "loss": 7.236806392669678, "acc": 0.37374427914619446, "acc_or": 0.6335616111755371, "sender_entropy": 1.5176175832748413, "receiver_entropy": 0.0, "original_loss": 0.9607508778572083, "mean_length": 6.0}
{"mode": "test", "epoch": 82, "loss": 5.716845989227295, "acc": 0.4794520437717438, "acc_or": 0.7123287916183472, "sender_entropy": 1.5821691751480103, "receiver_entropy": 0.0, "original_loss": 0.7526196241378784, "mean_length": 6.0}
{"mode": "train", "epoch": 83, "loss": 7.196462154388428, "acc": 0.3860730528831482, "acc_or": 0.6378995180130005, "sender_entropy": 1.5130016803741455, "receiver_entropy": 0.0, "original_loss": 0.9487338066101074, "mean_length": 6.0}
{"mode": "test", "epoch": 83, "loss": 5.913333415985107, "acc": 0.4794520437717438, "acc_or": 0.7191780805587769, "sender_entropy": 1.5705116987228394, "receiver_entropy": 0.0, "original_loss": 0.7007376551628113, "mean_length": 6.0}
{"mode": "train", "epoch": 84, "loss": 7.30277156829834, "acc": 0.39406391978263855, "acc_or": 0.6484017968177795, "sender_entropy": 1.4986611604690552, "receiver_entropy": 0.0, "original_loss": 0.9243012070655823, "mean_length": 6.0}
{"mode": "test", "epoch": 84, "loss": 5.970967769622803, "acc": 0.5616438388824463, "acc_or": 0.767123281955719, "sender_entropy": 1.5635905265808105, "receiver_entropy": 0.0, "original_loss": 0.6637080311775208, "mean_length": 6.0}
{"mode": "train", "epoch": 85, "loss": 7.4232683181762695, "acc": 0.4114155173301697, "acc_or": 0.6641552448272705, "sender_entropy": 1.4896429777145386, "receiver_entropy": 0.0, "original_loss": 0.8855016827583313, "mean_length": 6.0}
{"mode": "test", "epoch": 85, "loss": 5.969455718994141, "acc": 0.5616438388824463, "acc_or": 0.7602739930152893, "sender_entropy": 1.5542253255844116, "receiver_entropy": 0.0, "original_loss": 0.6381988525390625, "mean_length": 6.0}
{"mode": "train", "epoch": 86, "loss": 7.41591739654541, "acc": 0.435844749212265, "acc_or": 0.6773972511291504, "sender_entropy": 1.4731720685958862, "receiver_entropy": 0.0, "original_loss": 0.8638048768043518, "mean_length": 6.0}
{"mode": "test", "epoch": 86, "loss": 5.812209129333496, "acc": 0.534246563911438, "acc_or": 0.732876718044281, "sender_entropy": 1.533613920211792, "receiver_entropy": 0.0, "original_loss": 0.6341055631637573, "mean_length": 6.0}
{"mode": "train", "epoch": 87, "loss": 7.519865989685059, "acc": 0.4484018087387085, "acc_or": 0.6831049919128418, "sender_entropy": 1.4563523530960083, "receiver_entropy": 0.0, "original_loss": 0.8318514227867126, "mean_length": 6.0}
{"mode": "test", "epoch": 87, "loss": 5.855818748474121, "acc": 0.5205479264259338, "acc_or": 0.7602739930152893, "sender_entropy": 1.520177960395813, "receiver_entropy": 0.0, "original_loss": 0.6165370345115662, "mean_length": 6.0}
{"mode": "train", "epoch": 88, "loss": 7.4301371574401855, "acc": 0.4527397155761719, "acc_or": 0.6913241744041443, "sender_entropy": 1.443454623222351, "receiver_entropy": 0.0, "original_loss": 0.8217588067054749, "mean_length": 6.0}
{"mode": "test", "epoch": 88, "loss": 5.919268608093262, "acc": 0.6301369667053223, "acc_or": 0.8150684833526611, "sender_entropy": 1.5035182237625122, "receiver_entropy": 0.0, "original_loss": 0.5659550428390503, "mean_length": 6.0}
{"mode": "train", "epoch": 89, "loss": 7.600158214569092, "acc": 0.47602739930152893, "acc_or": 0.7067351341247559, "sender_entropy": 1.4344772100448608, "receiver_entropy": 0.0, "original_loss": 0.7851424217224121, "mean_length": 6.0}
{"mode": "test", "epoch": 89, "loss": 5.752565860748291, "acc": 0.6438356041908264, "acc_or": 0.8219177722930908, "sender_entropy": 1.5005260705947876, "receiver_entropy": 0.0, "original_loss": 0.5710354447364807, "mean_length": 6.0}
{"mode": "train", "epoch": 90, "loss": 7.618286609649658, "acc": 0.4929223656654358, "acc_or": 0.7192922234535217, "sender_entropy": 1.425865888595581, "receiver_entropy": 0.0, "original_loss": 0.7606447339057922, "mean_length": 6.0}
{"mode": "test", "epoch": 90, "loss": 5.806243896484375, "acc": 0.6164383292198181, "acc_or": 0.7945205569267273, "sender_entropy": 1.4898329973220825, "receiver_entropy": 0.0, "original_loss": 0.5464682579040527, "mean_length": 6.0}
{"mode": "train", "epoch": 91, "loss": 7.652215957641602, "acc": 0.5157533884048462, "acc_or": 0.7294520139694214, "sender_entropy": 1.4125663042068481, "receiver_entropy": 0.0, "original_loss": 0.7334587574005127, "mean_length": 6.0}
{"mode": "test", "epoch": 91, "loss": 5.874485969543457, "acc": 0.6575342416763306, "acc_or": 0.8150684833526611, "sender_entropy": 1.4836012125015259, "receiver_entropy": 0.0, "original_loss": 0.5256507396697998, "mean_length": 6.0}
{"mode": "train", "epoch": 92, "loss": 7.695460796356201, "acc": 0.525114119052887, "acc_or": 0.7348173260688782, "sender_entropy": 1.398473858833313, "receiver_entropy": 0.0, "original_loss": 0.7127245664596558, "mean_length": 6.0}
{"mode": "test", "epoch": 92, "loss": 5.9601216316223145, "acc": 0.6575342416763306, "acc_or": 0.8150684833526611, "sender_entropy": 1.4686390161514282, "receiver_entropy": 0.0, "original_loss": 0.4790637791156769, "mean_length": 6.0}
{"mode": "train", "epoch": 93, "loss": 7.8010640144348145, "acc": 0.5431506633758545, "acc_or": 0.7464611530303955, "sender_entropy": 1.378035306930542, "receiver_entropy": 0.0, "original_loss": 0.6782754063606262, "mean_length": 6.0}
{"mode": "test", "epoch": 93, "loss": 5.895087718963623, "acc": 0.6712328791618347, "acc_or": 0.835616409778595, "sender_entropy": 1.452311396598816, "receiver_entropy": 0.0, "original_loss": 0.4596590995788574, "mean_length": 6.0}
{"mode": "train", "epoch": 94, "loss": 7.635356426239014, "acc": 0.5486301183700562, "acc_or": 0.7541095614433289, "sender_entropy": 1.359829068183899, "receiver_entropy": 0.0, "original_loss": 0.6708039045333862, "mean_length": 6.0}
{"mode": "test", "epoch": 94, "loss": 5.755528926849365, "acc": 0.6575342416763306, "acc_or": 0.8287671208381653, "sender_entropy": 1.4425517320632935, "receiver_entropy": 0.0, "original_loss": 0.4635891914367676, "mean_length": 6.0}
{"mode": "train", "epoch": 95, "loss": 7.6896748542785645, "acc": 0.5630136728286743, "acc_or": 0.7615296840667725, "sender_entropy": 1.3544796705245972, "receiver_entropy": 0.0, "original_loss": 0.6364980340003967, "mean_length": 6.0}
{"mode": "test", "epoch": 95, "loss": 5.558581352233887, "acc": 0.6575342416763306, "acc_or": 0.8287671208381653, "sender_entropy": 1.4256973266601562, "receiver_entropy": 0.0, "original_loss": 0.462223619222641, "mean_length": 6.0}
{"mode": "train", "epoch": 96, "loss": 7.724544048309326, "acc": 0.5739725828170776, "acc_or": 0.765182614326477, "sender_entropy": 1.3428468704223633, "receiver_entropy": 0.0, "original_loss": 0.6267785429954529, "mean_length": 6.0}
{"mode": "test", "epoch": 96, "loss": 5.595256328582764, "acc": 0.6849315166473389, "acc_or": 0.835616409778595, "sender_entropy": 1.4147299528121948, "receiver_entropy": 0.0, "original_loss": 0.4443208873271942, "mean_length": 6.0}
{"mode": "train", "epoch": 97, "loss": 7.589841365814209, "acc": 0.5778538584709167, "acc_or": 0.7662100195884705, "sender_entropy": 1.3359531164169312, "receiver_entropy": 0.0, "original_loss": 0.6157447695732117, "mean_length": 6.0}
{"mode": "test", "epoch": 97, "loss": 5.728482723236084, "acc": 0.698630154132843, "acc_or": 0.8424657583236694, "sender_entropy": 1.4157814979553223, "receiver_entropy": 0.0, "original_loss": 0.4098515808582306, "mean_length": 6.0}
{"mode": "train", "epoch": 98, "loss": 7.689886093139648, "acc": 0.5922374129295349, "acc_or": 0.7762556672096252, "sender_entropy": 1.331022024154663, "receiver_entropy": 0.0, "original_loss": 0.5967296957969666, "mean_length": 6.0}
{"mode": "test", "epoch": 98, "loss": 5.785349369049072, "acc": 0.7808219194412231, "acc_or": 0.8835616111755371, "sender_entropy": 1.409193515777588, "receiver_entropy": 0.0, "original_loss": 0.38814955949783325, "mean_length": 6.0}
{"mode": "train", "epoch": 99, "loss": 7.767648696899414, "acc": 0.6148401498794556, "acc_or": 0.7921232581138611, "sender_entropy": 1.3278069496154785, "receiver_entropy": 0.0, "original_loss": 0.5631133913993835, "mean_length": 6.0}
{"mode": "test", "epoch": 99, "loss": 5.745635032653809, "acc": 0.7260273694992065, "acc_or": 0.8493150472640991, "sender_entropy": 1.400395154953003, "receiver_entropy": 0.0, "original_loss": 0.3813354969024658, "mean_length": 6.0}
{"mode": "train", "epoch": 100, "loss": 7.669015884399414, "acc": 0.6157534122467041, "acc_or": 0.7908675670623779, "sender_entropy": 1.317001223564148, "receiver_entropy": 0.0, "original_loss": 0.5543787479400635, "mean_length": 6.0}
{"mode": "test", "epoch": 100, "loss": 5.710064888000488, "acc": 0.7534246444702148, "acc_or": 0.8561643958091736, "sender_entropy": 1.3909164667129517, "receiver_entropy": 0.0, "original_loss": 0.3682234287261963, "mean_length": 6.0}
{"mode": "train", "epoch": 101, "loss": 7.650877475738525, "acc": 0.6194064021110535, "acc_or": 0.7948629856109619, "sender_entropy": 1.3081648349761963, "receiver_entropy": 0.0, "original_loss": 0.547784149646759, "mean_length": 6.0}
{"mode": "test", "epoch": 101, "loss": 5.722506046295166, "acc": 0.7397260069847107, "acc_or": 0.8561643958091736, "sender_entropy": 1.3877758979797363, "receiver_entropy": 0.0, "original_loss": 0.3540179133415222, "mean_length": 6.0}
{"mode": "train", "epoch": 102, "loss": 7.572521686553955, "acc": 0.6340182423591614, "acc_or": 0.8028538823127747, "sender_entropy": 1.3002970218658447, "receiver_entropy": 0.0, "original_loss": 0.5282798409461975, "mean_length": 6.0}
{"mode": "test", "epoch": 102, "loss": 5.838413238525391, "acc": 0.8630136847496033, "acc_or": 0.931506872177124, "sender_entropy": 1.3763785362243652, "receiver_entropy": 0.0, "original_loss": 0.31431201100349426, "mean_length": 6.0}
{"mode": "train", "epoch": 103, "loss": 7.535309314727783, "acc": 0.6465753316879272, "acc_or": 0.8093607425689697, "sender_entropy": 1.2860442399978638, "receiver_entropy": 0.0, "original_loss": 0.5177486538887024, "mean_length": 6.0}
{"mode": "test", "epoch": 103, "loss": 5.940461158752441, "acc": 0.9041095972061157, "acc_or": 0.9520547986030579, "sender_entropy": 1.36422598361969, "receiver_entropy": 0.0, "original_loss": 0.26299482583999634, "mean_length": 6.0}
{"mode": "train", "epoch": 104, "loss": 7.540435314178467, "acc": 0.6543378829956055, "acc_or": 0.8136985898017883, "sender_entropy": 1.2782807350158691, "receiver_entropy": 0.0, "original_loss": 0.5062399506568909, "mean_length": 6.0}
{"mode": "test", "epoch": 104, "loss": 5.821535110473633, "acc": 0.8767123222351074, "acc_or": 0.9383561611175537, "sender_entropy": 1.3568651676177979, "receiver_entropy": 0.0, "original_loss": 0.26714590191841125, "mean_length": 6.0}
{"mode": "train", "epoch": 105, "loss": 7.618577003479004, "acc": 0.6776255369186401, "acc_or": 0.8261415362358093, "sender_entropy": 1.2748041152954102, "receiver_entropy": 0.0, "original_loss": 0.47013363242149353, "mean_length": 6.0}
{"mode": "test", "epoch": 105, "loss": 5.504269599914551, "acc": 0.8082191944122314, "acc_or": 0.9041095972061157, "sender_entropy": 1.3459172248840332, "receiver_entropy": 0.0, "original_loss": 0.2967488467693329, "mean_length": 6.0}
{"mode": "train", "epoch": 106, "loss": 7.4247145652771, "acc": 0.6641552448272705, "acc_or": 0.8186072707176208, "sender_entropy": 1.2608585357666016, "receiver_entropy": 0.0, "original_loss": 0.48393237590789795, "mean_length": 6.0}
{"mode": "test", "epoch": 106, "loss": 5.520272731781006, "acc": 0.8493150472640991, "acc_or": 0.9246575236320496, "sender_entropy": 1.3449174165725708, "receiver_entropy": 0.0, "original_loss": 0.28051474690437317, "mean_length": 6.0}
{"mode": "train", "epoch": 107, "loss": 7.400634288787842, "acc": 0.672374427318573, "acc_or": 0.8236300945281982, "sender_entropy": 1.2579448223114014, "receiver_entropy": 0.0, "original_loss": 0.4675528109073639, "mean_length": 6.0}
{"mode": "test", "epoch": 107, "loss": 5.730842590332031, "acc": 0.8904109597206116, "acc_or": 0.9452054500579834, "sender_entropy": 1.3443158864974976, "receiver_entropy": 0.0, "original_loss": 0.2255895435810089, "mean_length": 6.0}
{"mode": "train", "epoch": 108, "loss": 7.579825401306152, "acc": 0.6997717022895813, "acc_or": 0.838127851486206, "sender_entropy": 1.2545115947723389, "receiver_entropy": 0.0, "original_loss": 0.43200474977493286, "mean_length": 6.0}
{"mode": "test", "epoch": 108, "loss": 5.712943077087402, "acc": 0.8493150472640991, "acc_or": 0.9178082346916199, "sender_entropy": 1.337703824043274, "receiver_entropy": 0.0, "original_loss": 0.2255145013332367, "mean_length": 6.0}
{"mode": "train", "epoch": 109, "loss": 7.199781894683838, "acc": 0.6666666269302368, "acc_or": 0.8172374367713928, "sender_entropy": 1.2503987550735474, "receiver_entropy": 0.0, "original_loss": 0.471345454454422, "mean_length": 6.0}
{"mode": "test", "epoch": 109, "loss": 5.7171783447265625, "acc": 0.9178082346916199, "acc_or": 0.9589040875434875, "sender_entropy": 1.3293832540512085, "receiver_entropy": 0.0, "original_loss": 0.19557464122772217, "mean_length": 6.0}
{"mode": "train", "epoch": 110, "loss": 7.377203941345215, "acc": 0.7132419943809509, "acc_or": 0.8445205092430115, "sender_entropy": 1.246822476387024, "receiver_entropy": 0.0, "original_loss": 0.42485716938972473, "mean_length": 6.0}
{"mode": "test", "epoch": 110, "loss": 5.367636680603027, "acc": 0.8493150472640991, "acc_or": 0.9246575236320496, "sender_entropy": 1.321266770362854, "receiver_entropy": 0.0, "original_loss": 0.23953482508659363, "mean_length": 6.0}
{"mode": "train", "epoch": 111, "loss": 7.26882791519165, "acc": 0.7031963467597961, "acc_or": 0.840753436088562, "sender_entropy": 1.2369403839111328, "receiver_entropy": 0.0, "original_loss": 0.42449575662612915, "mean_length": 6.0}
{"mode": "test", "epoch": 111, "loss": 5.340123653411865, "acc": 0.8219177722930908, "acc_or": 0.9109588861465454, "sender_entropy": 1.324424147605896, "receiver_entropy": 0.0, "original_loss": 0.24345920979976654, "mean_length": 6.0}
{"mode": "train", "epoch": 112, "loss": 7.35991907119751, "acc": 0.7292237281799316, "acc_or": 0.8575342297554016, "sender_entropy": 1.2301894426345825, "receiver_entropy": 0.0, "original_loss": 0.4004383981227875, "mean_length": 6.0}
{"mode": "test", "epoch": 112, "loss": 5.496350288391113, "acc": 0.8767123222351074, "acc_or": 0.9383561611175537, "sender_entropy": 1.3308595418930054, "receiver_entropy": 0.0, "original_loss": 0.19698581099510193, "mean_length": 6.0}
{"mode": "train", "epoch": 113, "loss": 7.2923808097839355, "acc": 0.7417808175086975, "acc_or": 0.861187219619751, "sender_entropy": 1.2290191650390625, "receiver_entropy": 0.0, "original_loss": 0.39956414699554443, "mean_length": 6.0}
{"mode": "test", "epoch": 113, "loss": 5.610648155212402, "acc": 0.9452054500579834, "acc_or": 0.9726027250289917, "sender_entropy": 1.3288055658340454, "receiver_entropy": 0.0, "original_loss": 0.15754717588424683, "mean_length": 6.0}
{"mode": "train", "epoch": 114, "loss": 7.2231550216674805, "acc": 0.7495433688163757, "acc_or": 0.8662100434303284, "sender_entropy": 1.2290878295898438, "receiver_entropy": 0.0, "original_loss": 0.39112716913223267, "mean_length": 6.0}
{"mode": "test", "epoch": 114, "loss": 5.528018951416016, "acc": 0.8904109597206116, "acc_or": 0.9452054500579834, "sender_entropy": 1.3253941535949707, "receiver_entropy": 0.0, "original_loss": 0.17190909385681152, "mean_length": 6.0}
{"mode": "train", "epoch": 115, "loss": 7.348783493041992, "acc": 0.766438364982605, "acc_or": 0.8751141428947449, "sender_entropy": 1.227239966392517, "receiver_entropy": 0.0, "original_loss": 0.3635663390159607, "mean_length": 6.0}
{"mode": "test", "epoch": 115, "loss": 5.457250118255615, "acc": 0.9041095972061157, "acc_or": 0.9520547986030579, "sender_entropy": 1.330056071281433, "receiver_entropy": 0.0, "original_loss": 0.18116047978401184, "mean_length": 6.0}
{"mode": "train", "epoch": 116, "loss": 7.1395344734191895, "acc": 0.7536529302597046, "acc_or": 0.8688356280326843, "sender_entropy": 1.2187082767486572, "receiver_entropy": 0.0, "original_loss": 0.37097105383872986, "mean_length": 6.0}
{"mode": "test", "epoch": 116, "loss": 5.360342979431152, "acc": 0.931506872177124, "acc_or": 0.965753436088562, "sender_entropy": 1.318084478378296, "receiver_entropy": 0.0, "original_loss": 0.17336685955524445, "mean_length": 6.0}
{"mode": "train", "epoch": 117, "loss": 7.23532247543335, "acc": 0.7716894745826721, "acc_or": 0.8804794549942017, "sender_entropy": 1.213274598121643, "receiver_entropy": 0.0, "original_loss": 0.3457822799682617, "mean_length": 6.0}
{"mode": "test", "epoch": 117, "loss": 5.365400791168213, "acc": 0.9452054500579834, "acc_or": 0.9726027250289917, "sender_entropy": 1.3129135370254517, "receiver_entropy": 0.0, "original_loss": 0.1537519246339798, "mean_length": 6.0}
{"mode": "train", "epoch": 118, "loss": 7.331951141357422, "acc": 0.7844748497009277, "acc_or": 0.8865296840667725, "sender_entropy": 1.2148159742355347, "receiver_entropy": 0.0, "original_loss": 0.32749179005622864, "mean_length": 6.0}
{"mode": "test", "epoch": 118, "loss": 5.433914661407471, "acc": 0.9726027250289917, "acc_or": 0.9863013625144958, "sender_entropy": 1.3091654777526855, "receiver_entropy": 0.0, "original_loss": 0.1337513029575348, "mean_length": 6.0}
{"mode": "train", "epoch": 119, "loss": 7.149209976196289, "acc": 0.7808219194412231, "acc_or": 0.8840182423591614, "sender_entropy": 1.2107229232788086, "receiver_entropy": 0.0, "original_loss": 0.33637338876724243, "mean_length": 6.0}
{"mode": "test", "epoch": 119, "loss": 5.405978679656982, "acc": 0.9589040875434875, "acc_or": 0.9794520735740662, "sender_entropy": 1.3034580945968628, "receiver_entropy": 0.0, "original_loss": 0.12561024725437164, "mean_length": 6.0}
{"mode": "train", "epoch": 120, "loss": 7.014492988586426, "acc": 0.7666666507720947, "acc_or": 0.8767123222351074, "sender_entropy": 1.2061185836791992, "receiver_entropy": 0.0, "original_loss": 0.34659186005592346, "mean_length": 6.0}
{"mode": "test", "epoch": 120, "loss": 5.344490051269531, "acc": 0.9589040875434875, "acc_or": 0.9794520735740662, "sender_entropy": 1.302002191543579, "receiver_entropy": 0.0, "original_loss": 0.13061192631721497, "mean_length": 6.0}
{"mode": "train", "epoch": 121, "loss": 6.972795009613037, "acc": 0.7881278395652771, "acc_or": 0.8871004581451416, "sender_entropy": 1.2016534805297852, "receiver_entropy": 0.0, "original_loss": 0.3295460641384125, "mean_length": 6.0}
{"mode": "test", "epoch": 121, "loss": 5.209552764892578, "acc": 0.931506872177124, "acc_or": 0.965753436088562, "sender_entropy": 1.292037844657898, "receiver_entropy": 0.0, "original_loss": 0.13101336359977722, "mean_length": 6.0}
{"mode": "train", "epoch": 122, "loss": 6.906434059143066, "acc": 0.7860730290412903, "acc_or": 0.8867579698562622, "sender_entropy": 1.1976757049560547, "receiver_entropy": 0.0, "original_loss": 0.3240579664707184, "mean_length": 6.0}
{"mode": "test", "epoch": 122, "loss": 5.241806507110596, "acc": 0.9452054500579834, "acc_or": 0.9726027250289917, "sender_entropy": 1.2894741296768188, "receiver_entropy": 0.0, "original_loss": 0.12193766236305237, "mean_length": 6.0}
{"mode": "train", "epoch": 123, "loss": 6.883678913116455, "acc": 0.7906392812728882, "acc_or": 0.8899543285369873, "sender_entropy": 1.1908966302871704, "receiver_entropy": 0.0, "original_loss": 0.322536826133728, "mean_length": 6.0}
{"mode": "test", "epoch": 123, "loss": 5.2056193351745605, "acc": 0.9726027250289917, "acc_or": 0.9863013625144958, "sender_entropy": 1.2905794382095337, "receiver_entropy": 0.0, "original_loss": 0.1203993409872055, "mean_length": 6.0}
{"mode": "train", "epoch": 124, "loss": 6.734267234802246, "acc": 0.7737442851066589, "acc_or": 0.8813926577568054, "sender_entropy": 1.190727949142456, "receiver_entropy": 0.0, "original_loss": 0.3337271213531494, "mean_length": 6.0}
{"mode": "test", "epoch": 124, "loss": 5.193664073944092, "acc": 0.9452054500579834, "acc_or": 0.9726027250289917, "sender_entropy": 1.2895351648330688, "receiver_entropy": 0.0, "original_loss": 0.11827345937490463, "mean_length": 6.0}
{"mode": "train", "epoch": 125, "loss": 6.692885875701904, "acc": 0.7890411019325256, "acc_or": 0.8865296840667725, "sender_entropy": 1.1910626888275146, "receiver_entropy": 0.0, "original_loss": 0.32522356510162354, "mean_length": 6.0}
{"mode": "test", "epoch": 125, "loss": 5.058748245239258, "acc": 0.931506872177124, "acc_or": 0.965753436088562, "sender_entropy": 1.288819670677185, "receiver_entropy": 0.0, "original_loss": 0.12705224752426147, "mean_length": 6.0}
{"mode": "train", "epoch": 126, "loss": 6.7038068771362305, "acc": 0.7874429225921631, "acc_or": 0.8866438269615173, "sender_entropy": 1.1933015584945679, "receiver_entropy": 0.0, "original_loss": 0.31964343786239624, "mean_length": 6.0}
{"mode": "test", "epoch": 126, "loss": 5.124171733856201, "acc": 1.0, "acc_or": 1.0, "sender_entropy": 1.287028193473816, "receiver_entropy": 0.0, "original_loss": 0.09747472405433655, "mean_length": 6.0}
{"epoch": 126, "positional_disent": 0.06403866410255432, "bag_of_symbol_disent": 0.2052856981754303, "topographic_sim": 0.383305956875691}
{"generalization hold out": {"acc": 0.9444444179534912, "acc_or": 0.9444444179534912}, "uniform holdout": {"acc": 0.0, "acc_or": 0.25}, "epoch": 126}
---End--
