nohup: ignoring input
{"mode": "train", "epoch": 1, "loss": -30.731470108032227, "acc": 0.007534246426075697, "acc_or": 0.10787671059370041, "sender_entropy": 2.301447629928589, "receiver_entropy": 0.0, "original_loss": 2.3094077110290527, "mean_length": 6.0}
{"mode": "test", "epoch": 1, "loss": 1.3999683856964111, "acc": 0.0, "acc_or": 0.0890410989522934, "sender_entropy": 2.3009727001190186, "receiver_entropy": 0.0, "original_loss": 2.2898643016815186, "mean_length": 6.0}
{"mode": "train", "epoch": 2, "loss": 1.4178131818771362, "acc": 0.016438355669379234, "acc_or": 0.12077625095844269, "sender_entropy": 2.30085825920105, "receiver_entropy": 0.0, "original_loss": 2.2891881465911865, "mean_length": 6.0}
{"mode": "test", "epoch": 2, "loss": 1.555898666381836, "acc": 0.0, "acc_or": 0.10958904027938843, "sender_entropy": 2.3001389503479004, "receiver_entropy": 0.0, "original_loss": 2.265958070755005, "mean_length": 6.0}
{"mode": "train", "epoch": 3, "loss": 1.4646943807601929, "acc": 0.012328767217695713, "acc_or": 0.12168949842453003, "sender_entropy": 2.2999370098114014, "receiver_entropy": 0.0, "original_loss": 2.274651288986206, "mean_length": 6.0}
{"mode": "test", "epoch": 3, "loss": 1.6969468593597412, "acc": 0.0, "acc_or": 0.08219178020954132, "sender_entropy": 2.29945707321167, "receiver_entropy": 0.0, "original_loss": 2.2452266216278076, "mean_length": 6.0}
{"mode": "train", "epoch": 4, "loss": 1.5640997886657715, "acc": 0.015296803787350655, "acc_or": 0.13127852976322174, "sender_entropy": 2.29921817779541, "receiver_entropy": 0.0, "original_loss": 2.2580201625823975, "mean_length": 6.0}
{"mode": "test", "epoch": 4, "loss": 1.8088300228118896, "acc": 0.013698630034923553, "acc_or": 0.1438356190919876, "sender_entropy": 2.299022674560547, "receiver_entropy": 0.0, "original_loss": 2.2267472743988037, "mean_length": 6.0}
{"mode": "train", "epoch": 5, "loss": 1.61995267868042, "acc": 0.01392694003880024, "acc_or": 0.12123287469148636, "sender_entropy": 2.298769474029541, "receiver_entropy": 0.0, "original_loss": 2.244764804840088, "mean_length": 6.0}
{"mode": "test", "epoch": 5, "loss": 1.8071213960647583, "acc": 0.013698630034923553, "acc_or": 0.13013698160648346, "sender_entropy": 2.2987425327301025, "receiver_entropy": 0.0, "original_loss": 2.2184720039367676, "mean_length": 6.0}
{"mode": "train", "epoch": 6, "loss": 1.7001694440841675, "acc": 0.013470319099724293, "acc_or": 0.12351597845554352, "sender_entropy": 2.298532247543335, "receiver_entropy": 0.0, "original_loss": 2.2303013801574707, "mean_length": 6.0}
{"mode": "test", "epoch": 6, "loss": 1.7708600759506226, "acc": 0.013698630034923553, "acc_or": 0.13013698160648346, "sender_entropy": 2.2984964847564697, "receiver_entropy": 0.0, "original_loss": 2.2133264541625977, "mean_length": 6.0}
{"mode": "train", "epoch": 7, "loss": 1.77205228805542, "acc": 0.012100456282496452, "acc_or": 0.12420091032981873, "sender_entropy": 2.298459053039551, "receiver_entropy": 0.0, "original_loss": 2.216585636138916, "mean_length": 6.0}
{"mode": "test", "epoch": 7, "loss": 1.7744498252868652, "acc": 0.013698630034923553, "acc_or": 0.12328767031431198, "sender_entropy": 2.2984423637390137, "receiver_entropy": 0.0, "original_loss": 2.205265760421753, "mean_length": 6.0}
{"mode": "train", "epoch": 8, "loss": 1.8077847957611084, "acc": 0.014840182848274708, "acc_or": 0.1256849318742752, "sender_entropy": 2.298478603363037, "receiver_entropy": 0.0, "original_loss": 2.205972909927368, "mean_length": 6.0}
{"mode": "test", "epoch": 8, "loss": 1.7836757898330688, "acc": 0.013698630034923553, "acc_or": 0.1164383590221405, "sender_entropy": 2.2985212802886963, "receiver_entropy": 0.0, "original_loss": 2.1974093914031982, "mean_length": 6.0}
{"mode": "train", "epoch": 9, "loss": 1.8199727535247803, "acc": 0.014840182848274708, "acc_or": 0.12591323256492615, "sender_entropy": 2.298532247543335, "receiver_entropy": 0.0, "original_loss": 2.197626829147339, "mean_length": 6.0}
{"mode": "test", "epoch": 9, "loss": 1.7037444114685059, "acc": 0.013698630034923553, "acc_or": 0.13013698160648346, "sender_entropy": 2.2986695766448975, "receiver_entropy": 0.0, "original_loss": 2.197516441345215, "mean_length": 6.0}
{"mode": "train", "epoch": 10, "loss": 1.755014419555664, "acc": 0.013242009095847607, "acc_or": 0.12317351251840591, "sender_entropy": 2.298569440841675, "receiver_entropy": 0.0, "original_loss": 2.195997953414917, "mean_length": 6.0}
{"mode": "test", "epoch": 10, "loss": 1.7419030666351318, "acc": 0.027397260069847107, "acc_or": 0.1506849229335785, "sender_entropy": 2.2988126277923584, "receiver_entropy": 0.0, "original_loss": 2.1886353492736816, "mean_length": 6.0}
{"mode": "train", "epoch": 11, "loss": 1.7107254266738892, "acc": 0.012328767217695713, "acc_or": 0.12328767031431198, "sender_entropy": 2.2986655235290527, "receiver_entropy": 0.0, "original_loss": 2.1939079761505127, "mean_length": 6.0}
{"mode": "test", "epoch": 11, "loss": 1.7654781341552734, "acc": 0.013698630034923553, "acc_or": 0.16438356041908264, "sender_entropy": 2.298933744430542, "receiver_entropy": 0.0, "original_loss": 2.181729555130005, "mean_length": 6.0}
{"mode": "train", "epoch": 12, "loss": 1.657970905303955, "acc": 0.013698630034923553, "acc_or": 0.1268264800310135, "sender_entropy": 2.298811197280884, "receiver_entropy": 0.0, "original_loss": 2.1932427883148193, "mean_length": 6.0}
{"mode": "test", "epoch": 12, "loss": 1.7849348783493042, "acc": 0.027397260069847107, "acc_or": 0.1438356190919876, "sender_entropy": 2.2990801334381104, "receiver_entropy": 0.0, "original_loss": 2.1763575077056885, "mean_length": 6.0}
{"mode": "train", "epoch": 13, "loss": 1.6102498769760132, "acc": 0.014611871913075447, "acc_or": 0.1271689534187317, "sender_entropy": 2.2989859580993652, "receiver_entropy": 0.0, "original_loss": 2.192972183227539, "mean_length": 6.0}
{"mode": "test", "epoch": 13, "loss": 1.8142979145050049, "acc": 0.013698630034923553, "acc_or": 0.18493150174617767, "sender_entropy": 2.2992448806762695, "receiver_entropy": 0.0, "original_loss": 2.1709651947021484, "mean_length": 6.0}
{"mode": "train", "epoch": 14, "loss": 1.5883018970489502, "acc": 0.013242009095847607, "acc_or": 0.12077625095844269, "sender_entropy": 2.299168825149536, "receiver_entropy": 0.0, "original_loss": 2.191253185272217, "mean_length": 6.0}
{"mode": "test", "epoch": 14, "loss": 1.8613834381103516, "acc": 0.04109589010477066, "acc_or": 0.232876718044281, "sender_entropy": 2.299349308013916, "receiver_entropy": 0.0, "original_loss": 2.1640493869781494, "mean_length": 6.0}
{"mode": "train", "epoch": 15, "loss": 1.5427943468093872, "acc": 0.012328767217695713, "acc_or": 0.12602739036083221, "sender_entropy": 2.299276351928711, "receiver_entropy": 0.0, "original_loss": 2.191751718521118, "mean_length": 6.0}
{"mode": "test", "epoch": 15, "loss": 1.9200401306152344, "acc": 0.06849315017461777, "acc_or": 0.27397260069847107, "sender_entropy": 2.2993967533111572, "receiver_entropy": 0.0, "original_loss": 2.1563897132873535, "mean_length": 6.0}
{"mode": "train", "epoch": 16, "loss": 1.5231083631515503, "acc": 0.012328767217695713, "acc_or": 0.12363013625144958, "sender_entropy": 2.299335479736328, "receiver_entropy": 0.0, "original_loss": 2.1906356811523438, "mean_length": 6.0}
{"mode": "test", "epoch": 16, "loss": 2.005302906036377, "acc": 0.04109589010477066, "acc_or": 0.2054794430732727, "sender_entropy": 2.299405336380005, "receiver_entropy": 0.0, "original_loss": 2.146805763244629, "mean_length": 6.0}
{"mode": "train", "epoch": 17, "loss": 1.482955813407898, "acc": 0.013242009095847607, "acc_or": 0.12522831559181213, "sender_entropy": 2.2993319034576416, "receiver_entropy": 0.0, "original_loss": 2.1913671493530273, "mean_length": 6.0}
{"mode": "test", "epoch": 17, "loss": 2.030829906463623, "acc": 0.04109589010477066, "acc_or": 0.19863013923168182, "sender_entropy": 2.299375057220459, "receiver_entropy": 0.0, "original_loss": 2.142582893371582, "mean_length": 6.0}
{"mode": "train", "epoch": 18, "loss": 1.4635984897613525, "acc": 0.01552511379122734, "acc_or": 0.12899543344974518, "sender_entropy": 2.2992818355560303, "receiver_entropy": 0.0, "original_loss": 2.19085693359375, "mean_length": 6.0}
{"mode": "test", "epoch": 18, "loss": 2.1217446327209473, "acc": 0.06849315017461777, "acc_or": 0.25342464447021484, "sender_entropy": 2.2993152141571045, "receiver_entropy": 0.0, "original_loss": 2.133248805999756, "mean_length": 6.0}
{"mode": "train", "epoch": 19, "loss": 1.4500929117202759, "acc": 0.01666666567325592, "acc_or": 0.12705479562282562, "sender_entropy": 2.2992265224456787, "receiver_entropy": 0.0, "original_loss": 2.1900529861450195, "mean_length": 6.0}
{"mode": "test", "epoch": 19, "loss": 2.147500991821289, "acc": 0.08219178020954132, "acc_or": 0.30821916460990906, "sender_entropy": 2.29925537109375, "receiver_entropy": 0.0, "original_loss": 2.129504919052124, "mean_length": 6.0}
{"mode": "train", "epoch": 20, "loss": 1.4414347410202026, "acc": 0.01780821941792965, "acc_or": 0.12705479562282562, "sender_entropy": 2.299168586730957, "receiver_entropy": 0.0, "original_loss": 2.1890058517456055, "mean_length": 6.0}
{"mode": "test", "epoch": 20, "loss": 2.228978157043457, "acc": 0.06849315017461777, "acc_or": 0.2876712381839752, "sender_entropy": 2.2991833686828613, "receiver_entropy": 0.0, "original_loss": 2.121015787124634, "mean_length": 6.0}
{"mode": "train", "epoch": 21, "loss": 1.423963189125061, "acc": 0.014383560977876186, "acc_or": 0.13093607127666473, "sender_entropy": 2.299098491668701, "receiver_entropy": 0.0, "original_loss": 2.1887707710266113, "mean_length": 6.0}
{"mode": "test", "epoch": 21, "loss": 2.3160719871520996, "acc": 0.08219178020954132, "acc_or": 0.28082191944122314, "sender_entropy": 2.2990965843200684, "receiver_entropy": 0.0, "original_loss": 2.112070322036743, "mean_length": 6.0}
{"mode": "train", "epoch": 22, "loss": 1.4132236242294312, "acc": 0.017123287543654442, "acc_or": 0.1342465728521347, "sender_entropy": 2.299053192138672, "receiver_entropy": 0.0, "original_loss": 2.1881375312805176, "mean_length": 6.0}
{"mode": "test", "epoch": 22, "loss": 2.358095169067383, "acc": 0.04109589010477066, "acc_or": 0.2397260218858719, "sender_entropy": 2.2989981174468994, "receiver_entropy": 0.0, "original_loss": 2.106966257095337, "mean_length": 6.0}
{"mode": "train", "epoch": 23, "loss": 1.4116110801696777, "acc": 0.016894977539777756, "acc_or": 0.13344748318195343, "sender_entropy": 2.2989695072174072, "receiver_entropy": 0.0, "original_loss": 2.186887741088867, "mean_length": 6.0}
{"mode": "test", "epoch": 23, "loss": 2.400094509124756, "acc": 0.08219178020954132, "acc_or": 0.2945205569267273, "sender_entropy": 2.2988836765289307, "receiver_entropy": 0.0, "original_loss": 2.1019976139068604, "mean_length": 6.0}
{"mode": "train", "epoch": 24, "loss": 1.3936572074890137, "acc": 0.015981735661625862, "acc_or": 0.13481734693050385, "sender_entropy": 2.298860549926758, "receiver_entropy": 0.0, "original_loss": 2.186950206756592, "mean_length": 6.0}
{"mode": "test", "epoch": 24, "loss": 2.445856809616089, "acc": 0.12328767031431198, "acc_or": 0.36986300349235535, "sender_entropy": 2.298718214035034, "receiver_entropy": 0.0, "original_loss": 2.096853256225586, "mean_length": 6.0}
{"mode": "train", "epoch": 25, "loss": 1.3812520503997803, "acc": 0.016210045665502548, "acc_or": 0.13698630034923553, "sender_entropy": 2.2987301349639893, "receiver_entropy": 0.0, "original_loss": 2.186722755432129, "mean_length": 6.0}
{"mode": "test", "epoch": 25, "loss": 2.5366621017456055, "acc": 0.09589041024446487, "acc_or": 0.3493150770664215, "sender_entropy": 2.298525810241699, "receiver_entropy": 0.0, "original_loss": 2.088080406188965, "mean_length": 6.0}
{"mode": "train", "epoch": 26, "loss": 1.376143455505371, "acc": 0.01392694003880024, "acc_or": 0.1339041143655777, "sender_entropy": 2.298542022705078, "receiver_entropy": 0.0, "original_loss": 2.186004877090454, "mean_length": 6.0}
{"mode": "test", "epoch": 26, "loss": 2.5998003482818604, "acc": 0.09589041024446487, "acc_or": 0.3767123222351074, "sender_entropy": 2.298280954360962, "receiver_entropy": 0.0, "original_loss": 2.0815911293029785, "mean_length": 6.0}
{"mode": "train", "epoch": 27, "loss": 1.375909447669983, "acc": 0.019863013178110123, "acc_or": 0.14646118879318237, "sender_entropy": 2.29830265045166, "receiver_entropy": 0.0, "original_loss": 2.184934616088867, "mean_length": 6.0}
{"mode": "test", "epoch": 27, "loss": 2.657106399536133, "acc": 0.054794520139694214, "acc_or": 0.3219178020954132, "sender_entropy": 2.297930955886841, "receiver_entropy": 0.0, "original_loss": 2.075385093688965, "mean_length": 6.0}
{"mode": "train", "epoch": 28, "loss": 1.3621082305908203, "acc": 0.01780821941792965, "acc_or": 0.1402968019247055, "sender_entropy": 2.2979772090911865, "receiver_entropy": 0.0, "original_loss": 2.1849353313446045, "mean_length": 6.0}
{"mode": "test", "epoch": 28, "loss": 2.7323243618011475, "acc": 0.10958904027938843, "acc_or": 0.3561643958091736, "sender_entropy": 2.297451972961426, "receiver_entropy": 0.0, "original_loss": 2.067500352859497, "mean_length": 6.0}
{"mode": "train", "epoch": 29, "loss": 1.3720364570617676, "acc": 0.014840182848274708, "acc_or": 0.1364155262708664, "sender_entropy": 2.297506332397461, "receiver_entropy": 0.0, "original_loss": 2.183154582977295, "mean_length": 6.0}
{"mode": "test", "epoch": 29, "loss": 2.8146440982818604, "acc": 0.06849315017461777, "acc_or": 0.31506848335266113, "sender_entropy": 2.2967374324798584, "receiver_entropy": 0.0, "original_loss": 2.058694362640381, "mean_length": 6.0}
{"mode": "train", "epoch": 30, "loss": 1.3811142444610596, "acc": 0.020776255056262016, "acc_or": 0.14041095972061157, "sender_entropy": 2.2968215942382812, "receiver_entropy": 0.0, "original_loss": 2.181324005126953, "mean_length": 6.0}
{"mode": "test", "epoch": 30, "loss": 2.932030200958252, "acc": 0.08219178020954132, "acc_or": 0.3904109597206116, "sender_entropy": 2.2956740856170654, "receiver_entropy": 0.0, "original_loss": 2.0464179515838623, "mean_length": 6.0}
{"mode": "train", "epoch": 31, "loss": 1.3929071426391602, "acc": 0.01940639317035675, "acc_or": 0.14794521033763885, "sender_entropy": 2.295823574066162, "receiver_entropy": 0.0, "original_loss": 2.179262161254883, "mean_length": 6.0}
{"mode": "test", "epoch": 31, "loss": 3.0433788299560547, "acc": 0.054794520139694214, "acc_or": 0.3219178020954132, "sender_entropy": 2.2941038608551025, "receiver_entropy": 0.0, "original_loss": 2.0339865684509277, "mean_length": 6.0}
{"mode": "train", "epoch": 32, "loss": 1.4091651439666748, "acc": 0.020776255056262016, "acc_or": 0.15034246444702148, "sender_entropy": 2.294355869293213, "receiver_entropy": 0.0, "original_loss": 2.1769206523895264, "mean_length": 6.0}
{"mode": "test", "epoch": 32, "loss": 3.171363353729248, "acc": 0.04109589010477066, "acc_or": 0.2876712381839752, "sender_entropy": 2.291839599609375, "receiver_entropy": 0.0, "original_loss": 2.01954984664917, "mean_length": 6.0}
{"mode": "train", "epoch": 33, "loss": 1.4266612529754639, "acc": 0.017579907551407814, "acc_or": 0.14828766882419586, "sender_entropy": 2.2921643257141113, "receiver_entropy": 0.0, "original_loss": 2.1742613315582275, "mean_length": 6.0}
{"mode": "test", "epoch": 33, "loss": 3.312439441680908, "acc": 0.04109589010477066, "acc_or": 0.28082191944122314, "sender_entropy": 2.2883803844451904, "receiver_entropy": 0.0, "original_loss": 2.002696990966797, "mean_length": 6.0}
{"mode": "train", "epoch": 34, "loss": 1.4957480430603027, "acc": 0.0251141544431448, "acc_or": 0.16221460700035095, "sender_entropy": 2.288785934448242, "receiver_entropy": 0.0, "original_loss": 2.1673519611358643, "mean_length": 6.0}
{"mode": "test", "epoch": 34, "loss": 3.4979844093322754, "acc": 0.04109589010477066, "acc_or": 0.30821916460990906, "sender_entropy": 2.282799243927002, "receiver_entropy": 0.0, "original_loss": 1.9801205396652222, "mean_length": 6.0}
{"mode": "train", "epoch": 35, "loss": 1.5527501106262207, "acc": 0.025799086317420006, "acc_or": 0.16267122328281403, "sender_entropy": 2.2833516597747803, "receiver_entropy": 0.0, "original_loss": 2.1610655784606934, "mean_length": 6.0}
{"mode": "test", "epoch": 35, "loss": 3.613476037979126, "acc": 0.04109589010477066, "acc_or": 0.30821916460990906, "sender_entropy": 2.2735435962677, "receiver_entropy": 0.0, "original_loss": 1.9601753950119019, "mean_length": 6.0}
{"mode": "train", "epoch": 36, "loss": 1.6730713844299316, "acc": 0.031506847590208054, "acc_or": 0.17705479264259338, "sender_entropy": 2.2742934226989746, "receiver_entropy": 0.0, "original_loss": 2.1491200923919678, "mean_length": 6.0}
{"mode": "test", "epoch": 36, "loss": 3.765277624130249, "acc": 0.04109589010477066, "acc_or": 0.2945205569267273, "sender_entropy": 2.258488655090332, "receiver_entropy": 0.0, "original_loss": 1.9331532716751099, "mean_length": 6.0}
{"mode": "train", "epoch": 37, "loss": 1.9036351442337036, "acc": 0.03173515945672989, "acc_or": 0.1880137026309967, "sender_entropy": 2.2593753337860107, "receiver_entropy": 0.0, "original_loss": 2.127119302749634, "mean_length": 6.0}
{"mode": "test", "epoch": 37, "loss": 3.8128855228424072, "acc": 0.04109589010477066, "acc_or": 0.2876712381839752, "sender_entropy": 2.234332323074341, "receiver_entropy": 0.0, "original_loss": 1.9091846942901611, "mean_length": 6.0}
{"mode": "train", "epoch": 38, "loss": 2.1366419792175293, "acc": 0.039726026356220245, "acc_or": 0.1997716873884201, "sender_entropy": 2.2353763580322266, "receiver_entropy": 0.0, "original_loss": 2.1024577617645264, "mean_length": 6.0}
{"mode": "test", "epoch": 38, "loss": 3.707651376724243, "acc": 0.04109589010477066, "acc_or": 0.2945205569267273, "sender_entropy": 2.1994571685791016, "receiver_entropy": 0.0, "original_loss": 1.8943523168563843, "mean_length": 6.0}
{"mode": "train", "epoch": 39, "loss": 2.4785499572753906, "acc": 0.03447488695383072, "acc_or": 0.2044520527124405, "sender_entropy": 2.200489044189453, "receiver_entropy": 0.0, "original_loss": 2.0669946670532227, "mean_length": 6.0}
{"mode": "test", "epoch": 39, "loss": 3.641883611679077, "acc": 0.04109589010477066, "acc_or": 0.2602739632129669, "sender_entropy": 2.1689324378967285, "receiver_entropy": 0.0, "original_loss": 1.8799915313720703, "mean_length": 6.0}
{"mode": "train", "epoch": 40, "loss": 2.8510894775390625, "acc": 0.04269406199455261, "acc_or": 0.22408676147460938, "sender_entropy": 2.1698737144470215, "receiver_entropy": 0.0, "original_loss": 2.026278495788574, "mean_length": 6.0}
{"mode": "test", "epoch": 40, "loss": 3.5335278511047363, "acc": 0.04109589010477066, "acc_or": 0.2602739632129669, "sender_entropy": 2.154221534729004, "receiver_entropy": 0.0, "original_loss": 1.8760334253311157, "mean_length": 6.0}
{"mode": "train", "epoch": 41, "loss": 3.0532937049865723, "acc": 0.04337899386882782, "acc_or": 0.23127853870391846, "sender_entropy": 2.155029535293579, "receiver_entropy": 0.0, "original_loss": 1.9998621940612793, "mean_length": 6.0}
{"mode": "test", "epoch": 41, "loss": 3.456024646759033, "acc": 0.054794520139694214, "acc_or": 0.267123281955719, "sender_entropy": 2.1461474895477295, "receiver_entropy": 0.0, "original_loss": 1.8718023300170898, "mean_length": 6.0}
{"mode": "train", "epoch": 42, "loss": 3.2546520233154297, "acc": 0.04794520512223244, "acc_or": 0.23778538405895233, "sender_entropy": 2.14665150642395, "receiver_entropy": 0.0, "original_loss": 1.9738503694534302, "mean_length": 6.0}
{"mode": "test", "epoch": 42, "loss": 3.536672592163086, "acc": 0.054794520139694214, "acc_or": 0.301369845867157, "sender_entropy": 2.1384973526000977, "receiver_entropy": 0.0, "original_loss": 1.8517142534255981, "mean_length": 6.0}
{"mode": "train", "epoch": 43, "loss": 3.294776439666748, "acc": 0.04954337701201439, "acc_or": 0.24977168440818787, "sender_entropy": 2.138916015625, "receiver_entropy": 0.0, "original_loss": 1.96158766746521, "mean_length": 6.0}
{"mode": "test", "epoch": 43, "loss": 3.694200038909912, "acc": 0.06849315017461777, "acc_or": 0.3219178020954132, "sender_entropy": 2.1214356422424316, "receiver_entropy": 0.0, "original_loss": 1.8188754320144653, "mean_length": 6.0}
{"mode": "train", "epoch": 44, "loss": 3.4677622318267822, "acc": 0.056392692029476166, "acc_or": 0.2582191824913025, "sender_entropy": 2.1218650341033936, "receiver_entropy": 0.0, "original_loss": 1.9378228187561035, "mean_length": 6.0}
{"mode": "test", "epoch": 44, "loss": 3.817699432373047, "acc": 0.054794520139694214, "acc_or": 0.31506848335266113, "sender_entropy": 2.0986270904541016, "receiver_entropy": 0.0, "original_loss": 1.7867079973220825, "mean_length": 6.0}
{"mode": "train", "epoch": 45, "loss": 3.676189422607422, "acc": 0.056392692029476166, "acc_or": 0.27089041471481323, "sender_entropy": 2.0994040966033936, "receiver_entropy": 0.0, "original_loss": 1.9097203016281128, "mean_length": 6.0}
{"mode": "test", "epoch": 45, "loss": 3.378490447998047, "acc": 0.04109589010477066, "acc_or": 0.301369845867157, "sender_entropy": 2.0527660846710205, "receiver_entropy": 0.0, "original_loss": 1.8043911457061768, "mean_length": 6.0}
{"mode": "train", "epoch": 46, "loss": 3.9655306339263916, "acc": 0.057990867644548416, "acc_or": 0.27648401260375977, "sender_entropy": 2.054210901260376, "receiver_entropy": 0.0, "original_loss": 1.869995355606079, "mean_length": 6.0}
{"mode": "test", "epoch": 46, "loss": 3.517899751663208, "acc": 0.06849315017461777, "acc_or": 0.30821916460990906, "sender_entropy": 2.0344409942626953, "receiver_entropy": 0.0, "original_loss": 1.7682400941848755, "mean_length": 6.0}
{"mode": "train", "epoch": 47, "loss": 4.22642183303833, "acc": 0.06735159456729889, "acc_or": 0.2896118760108948, "sender_entropy": 2.037093162536621, "receiver_entropy": 0.0, "original_loss": 1.8366756439208984, "mean_length": 6.0}
{"mode": "test", "epoch": 47, "loss": 3.8213043212890625, "acc": 0.08219178020954132, "acc_or": 0.31506848335266113, "sender_entropy": 2.0173275470733643, "receiver_entropy": 0.0, "original_loss": 1.7129813432693481, "mean_length": 6.0}
{"mode": "train", "epoch": 48, "loss": 4.3830156326293945, "acc": 0.07397260516881943, "acc_or": 0.3009132444858551, "sender_entropy": 2.021685838699341, "receiver_entropy": 0.0, "original_loss": 1.8085817098617554, "mean_length": 6.0}
{"mode": "test", "epoch": 48, "loss": 3.8868284225463867, "acc": 0.09589041024446487, "acc_or": 0.3493150770664215, "sender_entropy": 1.9783947467803955, "receiver_entropy": 0.0, "original_loss": 1.681567668914795, "mean_length": 6.0}
{"mode": "train", "epoch": 49, "loss": 4.5328216552734375, "acc": 0.0769406408071518, "acc_or": 0.3094748854637146, "sender_entropy": 1.9829806089401245, "receiver_entropy": 0.0, "original_loss": 1.777357816696167, "mean_length": 6.0}
{"mode": "test", "epoch": 49, "loss": 3.7835545539855957, "acc": 0.09589041024446487, "acc_or": 0.33561643958091736, "sender_entropy": 1.9369347095489502, "receiver_entropy": 0.0, "original_loss": 1.6713190078735352, "mean_length": 6.0}
{"mode": "train", "epoch": 50, "loss": 4.7517595291137695, "acc": 0.08424657583236694, "acc_or": 0.32397258281707764, "sender_entropy": 1.9400885105133057, "receiver_entropy": 0.0, "original_loss": 1.7344845533370972, "mean_length": 6.0}
{"mode": "test", "epoch": 50, "loss": 3.817596435546875, "acc": 0.10958904027938843, "acc_or": 0.36301368474960327, "sender_entropy": 1.91157066822052, "receiver_entropy": 0.0, "original_loss": 1.6414908170700073, "mean_length": 6.0}
{"mode": "train", "epoch": 51, "loss": 4.839359760284424, "acc": 0.09452054649591446, "acc_or": 0.33344748616218567, "sender_entropy": 1.9118156433105469, "receiver_entropy": 0.0, "original_loss": 1.710068702697754, "mean_length": 6.0}
{"mode": "test", "epoch": 51, "loss": 4.030483722686768, "acc": 0.09589041024446487, "acc_or": 0.3767123222351074, "sender_entropy": 1.8988429307937622, "receiver_entropy": 0.0, "original_loss": 1.5884157419204712, "mean_length": 6.0}
{"mode": "train", "epoch": 52, "loss": 4.952159404754639, "acc": 0.10068493336439133, "acc_or": 0.3386986255645752, "sender_entropy": 1.8923463821411133, "receiver_entropy": 0.0, "original_loss": 1.6857010126113892, "mean_length": 6.0}
{"mode": "test", "epoch": 52, "loss": 4.331717491149902, "acc": 0.13698630034923553, "acc_or": 0.42465752363204956, "sender_entropy": 1.904563069343567, "receiver_entropy": 0.0, "original_loss": 1.549159049987793, "mean_length": 6.0}
{"mode": "train", "epoch": 53, "loss": 5.056004524230957, "acc": 0.11095890402793884, "acc_or": 0.3536529541015625, "sender_entropy": 1.8979787826538086, "receiver_entropy": 0.0, "original_loss": 1.669701337814331, "mean_length": 6.0}
{"mode": "test", "epoch": 53, "loss": 4.3268022537231445, "acc": 0.10958904027938843, "acc_or": 0.4178082048892975, "sender_entropy": 1.9082330465316772, "receiver_entropy": 0.0, "original_loss": 1.5384823083877563, "mean_length": 6.0}
{"mode": "train", "epoch": 54, "loss": 5.129977703094482, "acc": 0.11164383590221405, "acc_or": 0.3514840006828308, "sender_entropy": 1.900684118270874, "receiver_entropy": 0.0, "original_loss": 1.654511570930481, "mean_length": 6.0}
{"mode": "test", "epoch": 54, "loss": 4.318393707275391, "acc": 0.09589041024446487, "acc_or": 0.3904109597206116, "sender_entropy": 1.9100134372711182, "receiver_entropy": 0.0, "original_loss": 1.5223215818405151, "mean_length": 6.0}
{"mode": "train", "epoch": 55, "loss": 5.225403308868408, "acc": 0.12031963467597961, "acc_or": 0.36415523290634155, "sender_entropy": 1.8974089622497559, "receiver_entropy": 0.0, "original_loss": 1.6328004598617554, "mean_length": 6.0}
{"mode": "test", "epoch": 55, "loss": 4.363208770751953, "acc": 0.13698630034923553, "acc_or": 0.42465752363204956, "sender_entropy": 1.9120886325836182, "receiver_entropy": 0.0, "original_loss": 1.4968922138214111, "mean_length": 6.0}
{"mode": "train", "epoch": 56, "loss": 5.3388261795043945, "acc": 0.11986301094293594, "acc_or": 0.3674657344818115, "sender_entropy": 1.8972806930541992, "receiver_entropy": 0.0, "original_loss": 1.607973337173462, "mean_length": 6.0}
{"mode": "test", "epoch": 56, "loss": 3.8773934841156006, "acc": 0.09589041024446487, "acc_or": 0.36986300349235535, "sender_entropy": 1.9002015590667725, "receiver_entropy": 0.0, "original_loss": 1.551682949066162, "mean_length": 6.0}
{"mode": "train", "epoch": 57, "loss": 5.253481388092041, "acc": 0.12762556970119476, "acc_or": 0.37374427914619446, "sender_entropy": 1.8832255601882935, "receiver_entropy": 0.0, "original_loss": 1.599817156791687, "mean_length": 6.0}
{"mode": "test", "epoch": 57, "loss": 4.115097522735596, "acc": 0.09589041024446487, "acc_or": 0.3767123222351074, "sender_entropy": 1.8854918479919434, "receiver_entropy": 0.0, "original_loss": 1.5004775524139404, "mean_length": 6.0}
{"mode": "train", "epoch": 58, "loss": 5.58939266204834, "acc": 0.1328767091035843, "acc_or": 0.38413241505622864, "sender_entropy": 1.8675786256790161, "receiver_entropy": 0.0, "original_loss": 1.5560580492019653, "mean_length": 6.0}
{"mode": "test", "epoch": 58, "loss": 4.518205642700195, "acc": 0.13698630034923553, "acc_or": 0.4109588861465454, "sender_entropy": 1.8690108060836792, "receiver_entropy": 0.0, "original_loss": 1.4241799116134644, "mean_length": 6.0}
{"mode": "train", "epoch": 59, "loss": 5.562750816345215, "acc": 0.13013698160648346, "acc_or": 0.3864155113697052, "sender_entropy": 1.8529831171035767, "receiver_entropy": 0.0, "original_loss": 1.5437567234039307, "mean_length": 6.0}
{"mode": "test", "epoch": 59, "loss": 4.52872371673584, "acc": 0.16438356041908264, "acc_or": 0.465753436088562, "sender_entropy": 1.8390426635742188, "receiver_entropy": 0.0, "original_loss": 1.3851975202560425, "mean_length": 6.0}
{"mode": "train", "epoch": 60, "loss": 5.804205894470215, "acc": 0.14589041471481323, "acc_or": 0.4099315106868744, "sender_entropy": 1.823585033416748, "receiver_entropy": 0.0, "original_loss": 1.5031874179840088, "mean_length": 6.0}
{"mode": "test", "epoch": 60, "loss": 4.336682319641113, "acc": 0.16438356041908264, "acc_or": 0.4383561611175537, "sender_entropy": 1.806604027748108, "receiver_entropy": 0.0, "original_loss": 1.3862559795379639, "mean_length": 6.0}
{"mode": "train", "epoch": 61, "loss": 6.038514614105225, "acc": 0.16780821979045868, "acc_or": 0.4287671148777008, "sender_entropy": 1.7897350788116455, "receiver_entropy": 0.0, "original_loss": 1.46049964427948, "mean_length": 6.0}
{"mode": "test", "epoch": 61, "loss": 4.227190971374512, "acc": 0.1506849229335785, "acc_or": 0.45205479860305786, "sender_entropy": 1.791142225265503, "receiver_entropy": 0.0, "original_loss": 1.3755738735198975, "mean_length": 6.0}
{"mode": "train", "epoch": 62, "loss": 6.0423431396484375, "acc": 0.16757990419864655, "acc_or": 0.4333333373069763, "sender_entropy": 1.7659190893173218, "receiver_entropy": 0.0, "original_loss": 1.434309720993042, "mean_length": 6.0}
{"mode": "test", "epoch": 62, "loss": 4.339417457580566, "acc": 0.13698630034923553, "acc_or": 0.45890411734580994, "sender_entropy": 1.77456533908844, "receiver_entropy": 0.0, "original_loss": 1.3520663976669312, "mean_length": 6.0}
{"mode": "train", "epoch": 63, "loss": 6.194972515106201, "acc": 0.1883561611175537, "acc_or": 0.45102739334106445, "sender_entropy": 1.7431769371032715, "receiver_entropy": 0.0, "original_loss": 1.3961180448532104, "mean_length": 6.0}
{"mode": "test", "epoch": 63, "loss": 4.44677209854126, "acc": 0.16438356041908264, "acc_or": 0.48630136251449585, "sender_entropy": 1.7608803510665894, "receiver_entropy": 0.0, "original_loss": 1.3082448244094849, "mean_length": 6.0}
{"mode": "train", "epoch": 64, "loss": 6.390566349029541, "acc": 0.18470318615436554, "acc_or": 0.4600456655025482, "sender_entropy": 1.7274994850158691, "receiver_entropy": 0.0, "original_loss": 1.3643981218338013, "mean_length": 6.0}
{"mode": "test", "epoch": 64, "loss": 4.796308517456055, "acc": 0.1780821979045868, "acc_or": 0.5068492889404297, "sender_entropy": 1.7425951957702637, "receiver_entropy": 0.0, "original_loss": 1.23456609249115, "mean_length": 6.0}
{"mode": "train", "epoch": 65, "loss": 6.48198938369751, "acc": 0.19885843992233276, "acc_or": 0.4736301302909851, "sender_entropy": 1.7045834064483643, "receiver_entropy": 0.0, "original_loss": 1.3358925580978394, "mean_length": 6.0}
{"mode": "test", "epoch": 65, "loss": 4.855275630950928, "acc": 0.1780821979045868, "acc_or": 0.5136986374855042, "sender_entropy": 1.7274876832962036, "receiver_entropy": 0.0, "original_loss": 1.2043465375900269, "mean_length": 6.0}
{"mode": "train", "epoch": 66, "loss": 6.647333145141602, "acc": 0.21415524184703827, "acc_or": 0.49018263816833496, "sender_entropy": 1.686314344406128, "receiver_entropy": 0.0, "original_loss": 1.2992626428604126, "mean_length": 6.0}
{"mode": "test", "epoch": 66, "loss": 4.56544303894043, "acc": 0.232876718044281, "acc_or": 0.534246563911438, "sender_entropy": 1.7116737365722656, "receiver_entropy": 0.0, "original_loss": 1.231814980506897, "mean_length": 6.0}
{"mode": "train", "epoch": 67, "loss": 6.63270902633667, "acc": 0.21575342118740082, "acc_or": 0.5020548105239868, "sender_entropy": 1.6779561042785645, "receiver_entropy": 0.0, "original_loss": 1.2792400121688843, "mean_length": 6.0}
{"mode": "test", "epoch": 67, "loss": 4.816745758056641, "acc": 0.24657534062862396, "acc_or": 0.5616438388824463, "sender_entropy": 1.6973966360092163, "receiver_entropy": 0.0, "original_loss": 1.1776599884033203, "mean_length": 6.0}
{"mode": "train", "epoch": 68, "loss": 6.68038272857666, "acc": 0.21598173677921295, "acc_or": 0.4993150532245636, "sender_entropy": 1.670639157295227, "receiver_entropy": 0.0, "original_loss": 1.2613134384155273, "mean_length": 6.0}
{"mode": "test", "epoch": 68, "loss": 4.962233543395996, "acc": 0.2054794430732727, "acc_or": 0.5136986374855042, "sender_entropy": 1.6913880109786987, "receiver_entropy": 0.0, "original_loss": 1.1298537254333496, "mean_length": 6.0}
{"mode": "train", "epoch": 69, "loss": 6.733582496643066, "acc": 0.2410958856344223, "acc_or": 0.5180365443229675, "sender_entropy": 1.65678870677948, "receiver_entropy": 0.0, "original_loss": 1.2393450736999512, "mean_length": 6.0}
{"mode": "test", "epoch": 69, "loss": 5.27902889251709, "acc": 0.27397260069847107, "acc_or": 0.5616438388824463, "sender_entropy": 1.679903268814087, "receiver_entropy": 0.0, "original_loss": 1.0617870092391968, "mean_length": 6.0}
{"mode": "train", "epoch": 70, "loss": 6.763922214508057, "acc": 0.2545661926269531, "acc_or": 0.5286529660224915, "sender_entropy": 1.6496305465698242, "receiver_entropy": 0.0, "original_loss": 1.2194780111312866, "mean_length": 6.0}
{"mode": "test", "epoch": 70, "loss": 4.989893913269043, "acc": 0.27397260069847107, "acc_or": 0.5821917653083801, "sender_entropy": 1.654758095741272, "receiver_entropy": 0.0, "original_loss": 1.0805226564407349, "mean_length": 6.0}
{"mode": "train", "epoch": 71, "loss": 6.821125507354736, "acc": 0.267123281955719, "acc_or": 0.5365296602249146, "sender_entropy": 1.6343882083892822, "receiver_entropy": 0.0, "original_loss": 1.1888017654418945, "mean_length": 6.0}
{"mode": "test", "epoch": 71, "loss": 5.027963638305664, "acc": 0.301369845867157, "acc_or": 0.5958904027938843, "sender_entropy": 1.6346746683120728, "receiver_entropy": 0.0, "original_loss": 1.0410975217819214, "mean_length": 6.0}
{"mode": "train", "epoch": 72, "loss": 6.857075214385986, "acc": 0.27648401260375977, "acc_or": 0.5503424406051636, "sender_entropy": 1.6101632118225098, "receiver_entropy": 0.0, "original_loss": 1.161084532737732, "mean_length": 6.0}
{"mode": "test", "epoch": 72, "loss": 5.123409748077393, "acc": 0.2876712381839752, "acc_or": 0.6164383292198181, "sender_entropy": 1.6123634576797485, "receiver_entropy": 0.0, "original_loss": 0.9838846325874329, "mean_length": 6.0}
{"mode": "train", "epoch": 73, "loss": 6.986276149749756, "acc": 0.2723744213581085, "acc_or": 0.5529680252075195, "sender_entropy": 1.5825830698013306, "receiver_entropy": 0.0, "original_loss": 1.1281932592391968, "mean_length": 6.0}
{"mode": "test", "epoch": 73, "loss": 5.318655490875244, "acc": 0.31506848335266113, "acc_or": 0.6301369667053223, "sender_entropy": 1.6015188694000244, "receiver_entropy": 0.0, "original_loss": 0.9387516379356384, "mean_length": 6.0}
{"mode": "train", "epoch": 74, "loss": 7.19851016998291, "acc": 0.30365297198295593, "acc_or": 0.5763698816299438, "sender_entropy": 1.571911334991455, "receiver_entropy": 0.0, "original_loss": 1.0907796621322632, "mean_length": 6.0}
{"mode": "test", "epoch": 74, "loss": 5.383443355560303, "acc": 0.34246575832366943, "acc_or": 0.6438356041908264, "sender_entropy": 1.5858309268951416, "receiver_entropy": 0.0, "original_loss": 0.9024537801742554, "mean_length": 6.0}
{"mode": "train", "epoch": 75, "loss": 7.2236127853393555, "acc": 0.3194063901901245, "acc_or": 0.5891552567481995, "sender_entropy": 1.553418517112732, "receiver_entropy": 0.0, "original_loss": 1.0662976503372192, "mean_length": 6.0}
{"mode": "test", "epoch": 75, "loss": 5.355654716491699, "acc": 0.34246575832366943, "acc_or": 0.6232876777648926, "sender_entropy": 1.5625640153884888, "receiver_entropy": 0.0, "original_loss": 0.8749217391014099, "mean_length": 6.0}
{"mode": "train", "epoch": 76, "loss": 7.344405174255371, "acc": 0.33173516392707825, "acc_or": 0.6018264889717102, "sender_entropy": 1.5263217687606812, "receiver_entropy": 0.0, "original_loss": 1.02973473072052, "mean_length": 6.0}
{"mode": "test", "epoch": 76, "loss": 5.203433990478516, "acc": 0.34246575832366943, "acc_or": 0.6164383292198181, "sender_entropy": 1.54354727268219, "receiver_entropy": 0.0, "original_loss": 0.8782292008399963, "mean_length": 6.0}
{"mode": "train", "epoch": 77, "loss": 7.340647220611572, "acc": 0.35091322660446167, "acc_or": 0.6142693758010864, "sender_entropy": 1.5014116764068604, "receiver_entropy": 0.0, "original_loss": 0.9990156292915344, "mean_length": 6.0}
{"mode": "test", "epoch": 77, "loss": 5.30274772644043, "acc": 0.3561643958091736, "acc_or": 0.6438356041908264, "sender_entropy": 1.5264053344726562, "receiver_entropy": 0.0, "original_loss": 0.8368789553642273, "mean_length": 6.0}
{"mode": "train", "epoch": 78, "loss": 7.209494590759277, "acc": 0.3522830903530121, "acc_or": 0.6148401498794556, "sender_entropy": 1.4845736026763916, "receiver_entropy": 0.0, "original_loss": 0.9850544333457947, "mean_length": 6.0}
{"mode": "test", "epoch": 78, "loss": 5.285641670227051, "acc": 0.4383561611175537, "acc_or": 0.7123287916183472, "sender_entropy": 1.504791021347046, "receiver_entropy": 0.0, "original_loss": 0.8154811263084412, "mean_length": 6.0}
{"mode": "train", "epoch": 79, "loss": 7.380555629730225, "acc": 0.37123286724090576, "acc_or": 0.6284246444702148, "sender_entropy": 1.4643405675888062, "receiver_entropy": 0.0, "original_loss": 0.946604311466217, "mean_length": 6.0}
{"mode": "test", "epoch": 79, "loss": 5.405507564544678, "acc": 0.3835616409778595, "acc_or": 0.6780821681022644, "sender_entropy": 1.4922164678573608, "receiver_entropy": 0.0, "original_loss": 0.7689198851585388, "mean_length": 6.0}
{"mode": "train", "epoch": 80, "loss": 7.428123950958252, "acc": 0.3878995478153229, "acc_or": 0.6424657702445984, "sender_entropy": 1.4507638216018677, "receiver_entropy": 0.0, "original_loss": 0.9252849817276001, "mean_length": 6.0}
{"mode": "test", "epoch": 80, "loss": 5.460554599761963, "acc": 0.4383561611175537, "acc_or": 0.6849315166473389, "sender_entropy": 1.4817123413085938, "receiver_entropy": 0.0, "original_loss": 0.726786732673645, "mean_length": 6.0}
{"mode": "train", "epoch": 81, "loss": 7.525863170623779, "acc": 0.4130136966705322, "acc_or": 0.6587899327278137, "sender_entropy": 1.439971685409546, "receiver_entropy": 0.0, "original_loss": 0.8913084864616394, "mean_length": 6.0}
{"mode": "test", "epoch": 81, "loss": 5.549142837524414, "acc": 0.5205479264259338, "acc_or": 0.732876718044281, "sender_entropy": 1.4806512594223022, "receiver_entropy": 0.0, "original_loss": 0.6966999769210815, "mean_length": 6.0}
{"mode": "train", "epoch": 82, "loss": 7.457778453826904, "acc": 0.4216894805431366, "acc_or": 0.6641552448272705, "sender_entropy": 1.4355978965759277, "receiver_entropy": 0.0, "original_loss": 0.8800053596496582, "mean_length": 6.0}
{"mode": "test", "epoch": 82, "loss": 5.51760196685791, "acc": 0.5753424763679504, "acc_or": 0.7602739930152893, "sender_entropy": 1.475046992301941, "receiver_entropy": 0.0, "original_loss": 0.6936470866203308, "mean_length": 6.0}
{"mode": "train", "epoch": 83, "loss": 7.450835227966309, "acc": 0.42214611172676086, "acc_or": 0.6656392812728882, "sender_entropy": 1.4298659563064575, "receiver_entropy": 0.0, "original_loss": 0.8694570660591125, "mean_length": 6.0}
{"mode": "test", "epoch": 83, "loss": 5.367309093475342, "acc": 0.4794520437717438, "acc_or": 0.7054794430732727, "sender_entropy": 1.4670097827911377, "receiver_entropy": 0.0, "original_loss": 0.7071552872657776, "mean_length": 6.0}
{"mode": "train", "epoch": 84, "loss": 7.350391387939453, "acc": 0.422374427318573, "acc_or": 0.6712328791618347, "sender_entropy": 1.4203681945800781, "receiver_entropy": 0.0, "original_loss": 0.851858377456665, "mean_length": 6.0}
{"mode": "test", "epoch": 84, "loss": 5.499000072479248, "acc": 0.4794520437717438, "acc_or": 0.7054794430732727, "sender_entropy": 1.4580203294754028, "receiver_entropy": 0.0, "original_loss": 0.6639425158500671, "mean_length": 6.0}
{"mode": "train", "epoch": 85, "loss": 7.531049728393555, "acc": 0.4515981674194336, "acc_or": 0.6834474802017212, "sender_entropy": 1.4070048332214355, "receiver_entropy": 0.0, "original_loss": 0.8152052760124207, "mean_length": 6.0}
{"mode": "test", "epoch": 85, "loss": 5.455988883972168, "acc": 0.534246563911438, "acc_or": 0.7397260069847107, "sender_entropy": 1.4427837133407593, "receiver_entropy": 0.0, "original_loss": 0.6486124396324158, "mean_length": 6.0}
{"mode": "train", "epoch": 86, "loss": 7.481812953948975, "acc": 0.46210044622421265, "acc_or": 0.6938356161117554, "sender_entropy": 1.395843267440796, "receiver_entropy": 0.0, "original_loss": 0.7947415709495544, "mean_length": 6.0}
{"mode": "test", "epoch": 86, "loss": 5.666352272033691, "acc": 0.602739691734314, "acc_or": 0.7808219194412231, "sender_entropy": 1.4287906885147095, "receiver_entropy": 0.0, "original_loss": 0.5934063792228699, "mean_length": 6.0}
{"mode": "train", "epoch": 87, "loss": 7.6644062995910645, "acc": 0.4931506812572479, "acc_or": 0.7168949842453003, "sender_entropy": 1.378430962562561, "receiver_entropy": 0.0, "original_loss": 0.7547801733016968, "mean_length": 6.0}
{"mode": "test", "epoch": 87, "loss": 5.559220314025879, "acc": 0.5616438388824463, "acc_or": 0.767123281955719, "sender_entropy": 1.4109885692596436, "receiver_entropy": 0.0, "original_loss": 0.5820721387863159, "mean_length": 6.0}
{"mode": "train", "epoch": 88, "loss": 7.569101810455322, "acc": 0.49977168440818787, "acc_or": 0.7183789610862732, "sender_entropy": 1.3593330383300781, "receiver_entropy": 0.0, "original_loss": 0.7437882423400879, "mean_length": 6.0}
{"mode": "test", "epoch": 88, "loss": 5.608984470367432, "acc": 0.5616438388824463, "acc_or": 0.7602739930152893, "sender_entropy": 1.402034878730774, "receiver_entropy": 0.0, "original_loss": 0.5533533096313477, "mean_length": 6.0}
{"mode": "train", "epoch": 89, "loss": 7.548375129699707, "acc": 0.5050228238105774, "acc_or": 0.721118688583374, "sender_entropy": 1.3483796119689941, "receiver_entropy": 0.0, "original_loss": 0.7337338924407959, "mean_length": 6.0}
{"mode": "test", "epoch": 89, "loss": 5.578359603881836, "acc": 0.5890411138534546, "acc_or": 0.7808219194412231, "sender_entropy": 1.392439603805542, "receiver_entropy": 0.0, "original_loss": 0.5235607028007507, "mean_length": 6.0}
{"mode": "train", "epoch": 90, "loss": 7.425065994262695, "acc": 0.5214611887931824, "acc_or": 0.7273972630500793, "sender_entropy": 1.3416597843170166, "receiver_entropy": 0.0, "original_loss": 0.7233904600143433, "mean_length": 6.0}
{"mode": "test", "epoch": 90, "loss": 5.53959321975708, "acc": 0.6438356041908264, "acc_or": 0.8150684833526611, "sender_entropy": 1.3869032859802246, "receiver_entropy": 0.0, "original_loss": 0.5008661150932312, "mean_length": 6.0}
{"mode": "train", "epoch": 91, "loss": 7.641963005065918, "acc": 0.5458903908729553, "acc_or": 0.7471461296081543, "sender_entropy": 1.3341622352600098, "receiver_entropy": 0.0, "original_loss": 0.6784057021141052, "mean_length": 6.0}
{"mode": "test", "epoch": 91, "loss": 5.308977127075195, "acc": 0.6575342416763306, "acc_or": 0.801369845867157, "sender_entropy": 1.3692129850387573, "receiver_entropy": 0.0, "original_loss": 0.5155772566795349, "mean_length": 6.0}
{"mode": "train", "epoch": 92, "loss": 7.583207130432129, "acc": 0.5511415600776672, "acc_or": 0.75, "sender_entropy": 1.3175642490386963, "receiver_entropy": 0.0, "original_loss": 0.6633106470108032, "mean_length": 6.0}
{"mode": "test", "epoch": 92, "loss": 5.201794147491455, "acc": 0.6712328791618347, "acc_or": 0.801369845867157, "sender_entropy": 1.3545634746551514, "receiver_entropy": 0.0, "original_loss": 0.5008127093315125, "mean_length": 6.0}
{"mode": "train", "epoch": 93, "loss": 7.556736469268799, "acc": 0.5598173141479492, "acc_or": 0.7583333253860474, "sender_entropy": 1.3036147356033325, "receiver_entropy": 0.0, "original_loss": 0.6370949745178223, "mean_length": 6.0}
{"mode": "test", "epoch": 93, "loss": 5.080194473266602, "acc": 0.7123287916183472, "acc_or": 0.835616409778595, "sender_entropy": 1.33955717086792, "receiver_entropy": 0.0, "original_loss": 0.4933236539363861, "mean_length": 6.0}
{"mode": "train", "epoch": 94, "loss": 7.530484676361084, "acc": 0.5643835663795471, "acc_or": 0.7610730528831482, "sender_entropy": 1.2897679805755615, "receiver_entropy": 0.0, "original_loss": 0.6237367987632751, "mean_length": 6.0}
{"mode": "test", "epoch": 94, "loss": 5.192296981811523, "acc": 0.6438356041908264, "acc_or": 0.8082191944122314, "sender_entropy": 1.3297227621078491, "receiver_entropy": 0.0, "original_loss": 0.44821029901504517, "mean_length": 6.0}
{"mode": "train", "epoch": 95, "loss": 7.385190963745117, "acc": 0.5700913071632385, "acc_or": 0.7647260427474976, "sender_entropy": 1.2865021228790283, "receiver_entropy": 0.0, "original_loss": 0.6172135472297668, "mean_length": 6.0}
{"mode": "test", "epoch": 95, "loss": 5.1710309982299805, "acc": 0.7260273694992065, "acc_or": 0.8493150472640991, "sender_entropy": 1.3186336755752563, "receiver_entropy": 0.0, "original_loss": 0.41629353165626526, "mean_length": 6.0}
{"mode": "train", "epoch": 96, "loss": 7.499025821685791, "acc": 0.6011415719985962, "acc_or": 0.7824200987815857, "sender_entropy": 1.27377450466156, "receiver_entropy": 0.0, "original_loss": 0.5911446809768677, "mean_length": 6.0}
{"mode": "test", "epoch": 96, "loss": 5.025849342346191, "acc": 0.7397260069847107, "acc_or": 0.8561643958091736, "sender_entropy": 1.307680368423462, "receiver_entropy": 0.0, "original_loss": 0.4136759042739868, "mean_length": 6.0}
{"mode": "train", "epoch": 97, "loss": 7.292069435119629, "acc": 0.6034246683120728, "acc_or": 0.7819634675979614, "sender_entropy": 1.2580761909484863, "receiver_entropy": 0.0, "original_loss": 0.582909107208252, "mean_length": 6.0}
{"mode": "test", "epoch": 97, "loss": 5.025396347045898, "acc": 0.7534246444702148, "acc_or": 0.8698630332946777, "sender_entropy": 1.3029043674468994, "receiver_entropy": 0.0, "original_loss": 0.40257880091667175, "mean_length": 6.0}
{"mode": "train", "epoch": 98, "loss": 7.373729705810547, "acc": 0.6175798773765564, "acc_or": 0.7939497828483582, "sender_entropy": 1.247789740562439, "receiver_entropy": 0.0, "original_loss": 0.5569837093353271, "mean_length": 6.0}
{"mode": "test", "epoch": 98, "loss": 4.844870090484619, "acc": 0.7123287916183472, "acc_or": 0.8424657583236694, "sender_entropy": 1.292198896408081, "receiver_entropy": 0.0, "original_loss": 0.4242592453956604, "mean_length": 6.0}
{"mode": "train", "epoch": 99, "loss": 7.203339576721191, "acc": 0.6157534122467041, "acc_or": 0.7910958528518677, "sender_entropy": 1.2386398315429688, "receiver_entropy": 0.0, "original_loss": 0.5614477396011353, "mean_length": 6.0}
{"mode": "test", "epoch": 99, "loss": 4.844417095184326, "acc": 0.7397260069847107, "acc_or": 0.8630136847496033, "sender_entropy": 1.2841999530792236, "receiver_entropy": 0.0, "original_loss": 0.3996303677558899, "mean_length": 6.0}
{"mode": "train", "epoch": 100, "loss": 7.229035377502441, "acc": 0.62831050157547, "acc_or": 0.7981734871864319, "sender_entropy": 1.226064920425415, "receiver_entropy": 0.0, "original_loss": 0.5360051989555359, "mean_length": 6.0}
{"mode": "test", "epoch": 100, "loss": 4.966308116912842, "acc": 0.8219177722930908, "acc_or": 0.9041095972061157, "sender_entropy": 1.2866408824920654, "receiver_entropy": 0.0, "original_loss": 0.35809606313705444, "mean_length": 6.0}
{"mode": "train", "epoch": 101, "loss": 7.2490997314453125, "acc": 0.6333333253860474, "acc_or": 0.801369845867157, "sender_entropy": 1.2274202108383179, "receiver_entropy": 0.0, "original_loss": 0.5233367085456848, "mean_length": 6.0}
{"mode": "test", "epoch": 101, "loss": 5.020498275756836, "acc": 0.8082191944122314, "acc_or": 0.8904109597206116, "sender_entropy": 1.285767674446106, "receiver_entropy": 0.0, "original_loss": 0.343011736869812, "mean_length": 6.0}
{"mode": "train", "epoch": 102, "loss": 7.206349849700928, "acc": 0.655936062335968, "acc_or": 0.8147259950637817, "sender_entropy": 1.2185076475143433, "receiver_entropy": 0.0, "original_loss": 0.5036914944648743, "mean_length": 6.0}
{"mode": "test", "epoch": 102, "loss": 5.023141860961914, "acc": 0.7808219194412231, "acc_or": 0.8767123222351074, "sender_entropy": 1.2820066213607788, "receiver_entropy": 0.0, "original_loss": 0.327735960483551, "mean_length": 6.0}
{"mode": "train", "epoch": 103, "loss": 7.059779167175293, "acc": 0.6616438031196594, "acc_or": 0.8148401975631714, "sender_entropy": 1.209193229675293, "receiver_entropy": 0.0, "original_loss": 0.5085022449493408, "mean_length": 6.0}
{"mode": "test", "epoch": 103, "loss": 4.942394256591797, "acc": 0.7534246444702148, "acc_or": 0.8767123222351074, "sender_entropy": 1.271371603012085, "receiver_entropy": 0.0, "original_loss": 0.3173031508922577, "mean_length": 6.0}
{"mode": "train", "epoch": 104, "loss": 7.230485439300537, "acc": 0.680365264415741, "acc_or": 0.826940655708313, "sender_entropy": 1.2025662660598755, "receiver_entropy": 0.0, "original_loss": 0.47891712188720703, "mean_length": 6.0}
{"mode": "test", "epoch": 104, "loss": 4.785658836364746, "acc": 0.7397260069847107, "acc_or": 0.8630136847496033, "sender_entropy": 1.2823396921157837, "receiver_entropy": 0.0, "original_loss": 0.3549248278141022, "mean_length": 6.0}
{"mode": "train", "epoch": 105, "loss": 6.946183204650879, "acc": 0.6646118760108948, "acc_or": 0.8200913071632385, "sender_entropy": 1.2026959657669067, "receiver_entropy": 0.0, "original_loss": 0.5009291768074036, "mean_length": 6.0}
{"mode": "test", "epoch": 105, "loss": 4.784823894500732, "acc": 0.8082191944122314, "acc_or": 0.8904109597206116, "sender_entropy": 1.2538596391677856, "receiver_entropy": 0.0, "original_loss": 0.29956158995628357, "mean_length": 6.0}
{"mode": "train", "epoch": 106, "loss": 7.210306644439697, "acc": 0.7075342535972595, "acc_or": 0.8406392335891724, "sender_entropy": 1.1911753416061401, "receiver_entropy": 0.0, "original_loss": 0.4430638253688812, "mean_length": 6.0}
{"mode": "test", "epoch": 106, "loss": 4.726831912994385, "acc": 0.7945205569267273, "acc_or": 0.8835616111755371, "sender_entropy": 1.252156376838684, "receiver_entropy": 0.0, "original_loss": 0.30528008937835693, "mean_length": 6.0}
{"mode": "train", "epoch": 107, "loss": 7.079730987548828, "acc": 0.7257990837097168, "acc_or": 0.8489726185798645, "sender_entropy": 1.1864421367645264, "receiver_entropy": 0.0, "original_loss": 0.44051480293273926, "mean_length": 6.0}
{"mode": "test", "epoch": 107, "loss": 4.760648250579834, "acc": 0.8219177722930908, "acc_or": 0.8972602486610413, "sender_entropy": 1.2614160776138306, "receiver_entropy": 0.0, "original_loss": 0.2975429892539978, "mean_length": 6.0}
{"mode": "train", "epoch": 108, "loss": 7.018041610717773, "acc": 0.7102739810943604, "acc_or": 0.8410958647727966, "sender_entropy": 1.1938507556915283, "receiver_entropy": 0.0, "original_loss": 0.44505390524864197, "mean_length": 6.0}
{"mode": "test", "epoch": 108, "loss": 4.831066131591797, "acc": 0.835616409778595, "acc_or": 0.9109588861465454, "sender_entropy": 1.2653993368148804, "receiver_entropy": 0.0, "original_loss": 0.26298531889915466, "mean_length": 6.0}
{"mode": "train", "epoch": 109, "loss": 7.083449363708496, "acc": 0.7168949842453003, "acc_or": 0.8455479145050049, "sender_entropy": 1.2000902891159058, "receiver_entropy": 0.0, "original_loss": 0.43758827447891235, "mean_length": 6.0}
{"mode": "test", "epoch": 109, "loss": 4.764098644256592, "acc": 0.835616409778595, "acc_or": 0.9178082346916199, "sender_entropy": 1.2626163959503174, "receiver_entropy": 0.0, "original_loss": 0.26899370551109314, "mean_length": 6.0}
{"mode": "train", "epoch": 110, "loss": 7.06995153427124, "acc": 0.7251141667366028, "acc_or": 0.849429190158844, "sender_entropy": 1.1978453397750854, "receiver_entropy": 0.0, "original_loss": 0.42143625020980835, "mean_length": 6.0}
{"mode": "test", "epoch": 110, "loss": 4.855471611022949, "acc": 0.8630136847496033, "acc_or": 0.9246575236320496, "sender_entropy": 1.261243462562561, "receiver_entropy": 0.0, "original_loss": 0.2458193302154541, "mean_length": 6.0}
{"mode": "train", "epoch": 111, "loss": 6.942789077758789, "acc": 0.7239726185798645, "acc_or": 0.848059356212616, "sender_entropy": 1.1925793886184692, "receiver_entropy": 0.0, "original_loss": 0.4233994781970978, "mean_length": 6.0}
{"mode": "test", "epoch": 111, "loss": 4.90955924987793, "acc": 0.8767123222351074, "acc_or": 0.9383561611175537, "sender_entropy": 1.257629632949829, "receiver_entropy": 0.0, "original_loss": 0.22513067722320557, "mean_length": 6.0}
{"mode": "train", "epoch": 112, "loss": 7.028965950012207, "acc": 0.7262557148933411, "acc_or": 0.8528538942337036, "sender_entropy": 1.1950851678848267, "receiver_entropy": 0.0, "original_loss": 0.4027574360370636, "mean_length": 6.0}
{"mode": "test", "epoch": 112, "loss": 4.856662273406982, "acc": 0.9041095972061157, "acc_or": 0.9452054500579834, "sender_entropy": 1.2529531717300415, "receiver_entropy": 0.0, "original_loss": 0.20652525126934052, "mean_length": 6.0}
{"mode": "train", "epoch": 113, "loss": 6.93051290512085, "acc": 0.7445205450057983, "acc_or": 0.8635844588279724, "sender_entropy": 1.1949613094329834, "receiver_entropy": 0.0, "original_loss": 0.3964046537876129, "mean_length": 6.0}
{"mode": "test", "epoch": 113, "loss": 4.749424934387207, "acc": 0.9041095972061157, "acc_or": 0.9383561611175537, "sender_entropy": 1.2544705867767334, "receiver_entropy": 0.0, "original_loss": 0.21588599681854248, "mean_length": 6.0}
{"mode": "train", "epoch": 114, "loss": 7.0342793464660645, "acc": 0.7609589099884033, "acc_or": 0.8704337477684021, "sender_entropy": 1.1907366514205933, "receiver_entropy": 0.0, "original_loss": 0.3764650523662567, "mean_length": 6.0}
{"mode": "test", "epoch": 114, "loss": 4.726637840270996, "acc": 0.9452054500579834, "acc_or": 0.9589040875434875, "sender_entropy": 1.2510566711425781, "receiver_entropy": 0.0, "original_loss": 0.20713526010513306, "mean_length": 6.0}
{"mode": "train", "epoch": 115, "loss": 6.984959602355957, "acc": 0.7559360861778259, "acc_or": 0.8703196048736572, "sender_entropy": 1.1858763694763184, "receiver_entropy": 0.0, "original_loss": 0.3806750178337097, "mean_length": 6.0}
{"mode": "test", "epoch": 115, "loss": 4.659729480743408, "acc": 0.9178082346916199, "acc_or": 0.9452054500579834, "sender_entropy": 1.247970700263977, "receiver_entropy": 0.0, "original_loss": 0.21068447828292847, "mean_length": 6.0}
{"mode": "train", "epoch": 116, "loss": 6.906049728393555, "acc": 0.7589040994644165, "acc_or": 0.8715753555297852, "sender_entropy": 1.1815590858459473, "receiver_entropy": 0.0, "original_loss": 0.3662879467010498, "mean_length": 6.0}
{"mode": "test", "epoch": 116, "loss": 4.656430721282959, "acc": 0.931506872177124, "acc_or": 0.9520547986030579, "sender_entropy": 1.2476189136505127, "receiver_entropy": 0.0, "original_loss": 0.2012467235326767, "mean_length": 6.0}
{"mode": "train", "epoch": 117, "loss": 6.866706371307373, "acc": 0.7716894745826721, "acc_or": 0.8779680132865906, "sender_entropy": 1.1791064739227295, "receiver_entropy": 0.0, "original_loss": 0.3573576509952545, "mean_length": 6.0}
{"mode": "test", "epoch": 117, "loss": 4.603662967681885, "acc": 0.931506872177124, "acc_or": 0.9589040875434875, "sender_entropy": 1.2445670366287231, "receiver_entropy": 0.0, "original_loss": 0.18867097795009613, "mean_length": 6.0}
{"mode": "train", "epoch": 118, "loss": 6.9759521484375, "acc": 0.7874429225921631, "acc_or": 0.8875570893287659, "sender_entropy": 1.1696007251739502, "receiver_entropy": 0.0, "original_loss": 0.3327149450778961, "mean_length": 6.0}
{"mode": "test", "epoch": 118, "loss": 4.4816155433654785, "acc": 0.9178082346916199, "acc_or": 0.9520547986030579, "sender_entropy": 1.2369275093078613, "receiver_entropy": 0.0, "original_loss": 0.19644324481487274, "mean_length": 6.0}
{"mode": "train", "epoch": 119, "loss": 6.863771915435791, "acc": 0.7853881120681763, "acc_or": 0.8845890164375305, "sender_entropy": 1.1640899181365967, "receiver_entropy": 0.0, "original_loss": 0.3381456732749939, "mean_length": 6.0}
{"mode": "test", "epoch": 119, "loss": 4.5515360832214355, "acc": 0.9452054500579834, "acc_or": 0.965753436088562, "sender_entropy": 1.2276804447174072, "receiver_entropy": 0.0, "original_loss": 0.17054879665374756, "mean_length": 6.0}
{"mode": "train", "epoch": 120, "loss": 6.833191394805908, "acc": 0.7920091152191162, "acc_or": 0.8896118402481079, "sender_entropy": 1.162373661994934, "receiver_entropy": 0.0, "original_loss": 0.318156361579895, "mean_length": 6.0}
{"mode": "test", "epoch": 120, "loss": 4.6090216636657715, "acc": 0.9452054500579834, "acc_or": 0.965753436088562, "sender_entropy": 1.2269786596298218, "receiver_entropy": 0.0, "original_loss": 0.14887255430221558, "mean_length": 6.0}
{"mode": "train", "epoch": 121, "loss": 6.6823625564575195, "acc": 0.7926940321922302, "acc_or": 0.8906392455101013, "sender_entropy": 1.1599996089935303, "receiver_entropy": 0.0, "original_loss": 0.324381560087204, "mean_length": 6.0}
{"mode": "test", "epoch": 121, "loss": 4.529435634613037, "acc": 0.9178082346916199, "acc_or": 0.9452054500579834, "sender_entropy": 1.230448603630066, "receiver_entropy": 0.0, "original_loss": 0.16230086982250214, "mean_length": 6.0}
{"mode": "train", "epoch": 122, "loss": 6.641779899597168, "acc": 0.7833333015441895, "acc_or": 0.8853881359100342, "sender_entropy": 1.1554641723632812, "receiver_entropy": 0.0, "original_loss": 0.33089613914489746, "mean_length": 6.0}
{"mode": "test", "epoch": 122, "loss": 4.659687042236328, "acc": 0.9452054500579834, "acc_or": 0.965753436088562, "sender_entropy": 1.231248140335083, "receiver_entropy": 0.0, "original_loss": 0.12046387791633606, "mean_length": 6.0}
{"mode": "train", "epoch": 123, "loss": 6.652219295501709, "acc": 0.8098173141479492, "acc_or": 0.8986301422119141, "sender_entropy": 1.1483865976333618, "receiver_entropy": 0.0, "original_loss": 0.30567899346351624, "mean_length": 6.0}
{"mode": "test", "epoch": 123, "loss": 4.644614219665527, "acc": 0.9589040875434875, "acc_or": 0.9726027250289917, "sender_entropy": 1.2338188886642456, "receiver_entropy": 0.0, "original_loss": 0.11208873987197876, "mean_length": 6.0}
{"mode": "train", "epoch": 124, "loss": 6.756958484649658, "acc": 0.8139269351959229, "acc_or": 0.8999999761581421, "sender_entropy": 1.150254726409912, "receiver_entropy": 0.0, "original_loss": 0.2905173599720001, "mean_length": 6.0}
{"mode": "test", "epoch": 124, "loss": 4.667679309844971, "acc": 0.9863013625144958, "acc_or": 0.9863013625144958, "sender_entropy": 1.2295891046524048, "receiver_entropy": 0.0, "original_loss": 0.1051613911986351, "mean_length": 6.0}
{"mode": "train", "epoch": 125, "loss": 6.649887561798096, "acc": 0.8079908490180969, "acc_or": 0.8980593681335449, "sender_entropy": 1.1540939807891846, "receiver_entropy": 0.0, "original_loss": 0.2950255572795868, "mean_length": 6.0}
{"mode": "test", "epoch": 125, "loss": 4.7027177810668945, "acc": 0.9726027250289917, "acc_or": 0.9863013625144958, "sender_entropy": 1.2269775867462158, "receiver_entropy": 0.0, "original_loss": 0.09810467064380646, "mean_length": 6.0}
{"mode": "train", "epoch": 126, "loss": 6.605531215667725, "acc": 0.8207762241363525, "acc_or": 0.9045661687850952, "sender_entropy": 1.1509804725646973, "receiver_entropy": 0.0, "original_loss": 0.2814636826515198, "mean_length": 6.0}
{"mode": "test", "epoch": 126, "loss": 4.763922691345215, "acc": 0.9452054500579834, "acc_or": 0.9726027250289917, "sender_entropy": 1.2313374280929565, "receiver_entropy": 0.0, "original_loss": 0.09317149966955185, "mean_length": 6.0}
{"mode": "train", "epoch": 127, "loss": 6.431882381439209, "acc": 0.8107305765151978, "acc_or": 0.8986301422119141, "sender_entropy": 1.1558510065078735, "receiver_entropy": 0.0, "original_loss": 0.29920223355293274, "mean_length": 6.0}
{"mode": "test", "epoch": 127, "loss": 4.7446441650390625, "acc": 0.9726027250289917, "acc_or": 0.9863013625144958, "sender_entropy": 1.2309666872024536, "receiver_entropy": 0.0, "original_loss": 0.08294457942247391, "mean_length": 6.0}
{"mode": "train", "epoch": 128, "loss": 6.520567417144775, "acc": 0.8173515796661377, "acc_or": 0.9034246206283569, "sender_entropy": 1.1577869653701782, "receiver_entropy": 0.0, "original_loss": 0.2855831980705261, "mean_length": 6.0}
{"mode": "test", "epoch": 128, "loss": 4.682071208953857, "acc": 0.9726027250289917, "acc_or": 0.9863013625144958, "sender_entropy": 1.230764389038086, "receiver_entropy": 0.0, "original_loss": 0.08932925015687943, "mean_length": 6.0}
{"mode": "train", "epoch": 129, "loss": 6.526135444641113, "acc": 0.8214612007141113, "acc_or": 0.9051369428634644, "sender_entropy": 1.1543657779693604, "receiver_entropy": 0.0, "original_loss": 0.2813898026943207, "mean_length": 6.0}
{"mode": "test", "epoch": 129, "loss": 4.589739799499512, "acc": 0.9863013625144958, "acc_or": 0.9931506514549255, "sender_entropy": 1.2212047576904297, "receiver_entropy": 0.0, "original_loss": 0.08602406829595566, "mean_length": 6.0}
{"mode": "train", "epoch": 130, "loss": 6.397878646850586, "acc": 0.8262556791305542, "acc_or": 0.9087899327278137, "sender_entropy": 1.1497544050216675, "receiver_entropy": 0.0, "original_loss": 0.28399407863616943, "mean_length": 6.0}
{"mode": "test", "epoch": 130, "loss": 4.517061710357666, "acc": 0.9726027250289917, "acc_or": 0.9863013625144958, "sender_entropy": 1.216376543045044, "receiver_entropy": 0.0, "original_loss": 0.09065019339323044, "mean_length": 6.0}
{"mode": "train", "epoch": 131, "loss": 6.372067928314209, "acc": 0.8436073064804077, "acc_or": 0.9176940321922302, "sender_entropy": 1.151934266090393, "receiver_entropy": 0.0, "original_loss": 0.26342833042144775, "mean_length": 6.0}
{"mode": "test", "epoch": 131, "loss": 4.395766735076904, "acc": 0.931506872177124, "acc_or": 0.965753436088562, "sender_entropy": 1.207854986190796, "receiver_entropy": 0.0, "original_loss": 0.11046252399682999, "mean_length": 6.0}
{"mode": "train", "epoch": 132, "loss": 6.4165849685668945, "acc": 0.8337899446487427, "acc_or": 0.9128995537757874, "sender_entropy": 1.1414693593978882, "receiver_entropy": 0.0, "original_loss": 0.2556016445159912, "mean_length": 6.0}
{"mode": "test", "epoch": 132, "loss": 4.3027567863464355, "acc": 0.9178082346916199, "acc_or": 0.9520547986030579, "sender_entropy": 1.2089672088623047, "receiver_entropy": 0.0, "original_loss": 0.1282154768705368, "mean_length": 6.0}
{"mode": "train", "epoch": 133, "loss": 6.304664611816406, "acc": 0.8321917653083801, "acc_or": 0.9116438031196594, "sender_entropy": 1.1395490169525146, "receiver_entropy": 0.0, "original_loss": 0.26175618171691895, "mean_length": 6.0}
{"mode": "test", "epoch": 133, "loss": 4.305600166320801, "acc": 0.9452054500579834, "acc_or": 0.965753436088562, "sender_entropy": 1.211371898651123, "receiver_entropy": 0.0, "original_loss": 0.11694507300853729, "mean_length": 6.0}
{"mode": "train", "epoch": 134, "loss": 6.255848407745361, "acc": 0.8390410542488098, "acc_or": 0.9149543046951294, "sender_entropy": 1.1382718086242676, "receiver_entropy": 0.0, "original_loss": 0.2581772208213806, "mean_length": 6.0}
{"mode": "test", "epoch": 134, "loss": 4.339809894561768, "acc": 0.9178082346916199, "acc_or": 0.9520547986030579, "sender_entropy": 1.2155243158340454, "receiver_entropy": 0.0, "original_loss": 0.10327280312776566, "mean_length": 6.0}
{"mode": "train", "epoch": 135, "loss": 6.222432613372803, "acc": 0.8372145891189575, "acc_or": 0.9141552448272705, "sender_entropy": 1.1386616230010986, "receiver_entropy": 0.0, "original_loss": 0.2560276389122009, "mean_length": 6.0}
{"mode": "test", "epoch": 135, "loss": 4.392847061157227, "acc": 0.9452054500579834, "acc_or": 0.9726027250289917, "sender_entropy": 1.2084050178527832, "receiver_entropy": 0.0, "original_loss": 0.07793592661619186, "mean_length": 6.0}
{"mode": "train", "epoch": 136, "loss": 6.157869815826416, "acc": 0.8442922234535217, "acc_or": 0.9167808294296265, "sender_entropy": 1.1370110511779785, "receiver_entropy": 0.0, "original_loss": 0.25470876693725586, "mean_length": 6.0}
{"mode": "test", "epoch": 136, "loss": 4.314687728881836, "acc": 0.9863013625144958, "acc_or": 0.9931506514549255, "sender_entropy": 1.2029564380645752, "receiver_entropy": 0.0, "original_loss": 0.07589112967252731, "mean_length": 6.0}
{"mode": "train", "epoch": 137, "loss": 6.213495254516602, "acc": 0.8536529541015625, "acc_or": 0.9232876300811768, "sender_entropy": 1.1287864446640015, "receiver_entropy": 0.0, "original_loss": 0.23347139358520508, "mean_length": 6.0}
{"mode": "test", "epoch": 137, "loss": 4.238342761993408, "acc": 0.9589040875434875, "acc_or": 0.9794520735740662, "sender_entropy": 1.2009369134902954, "receiver_entropy": 0.0, "original_loss": 0.08411750942468643, "mean_length": 6.0}
{"mode": "train", "epoch": 138, "loss": 6.04166841506958, "acc": 0.8347032070159912, "acc_or": 0.9134703278541565, "sender_entropy": 1.1235389709472656, "receiver_entropy": 0.0, "original_loss": 0.2468395233154297, "mean_length": 6.0}
{"mode": "test", "epoch": 138, "loss": 4.18519926071167, "acc": 0.9589040875434875, "acc_or": 0.9794520735740662, "sender_entropy": 1.1960541009902954, "receiver_entropy": 0.0, "original_loss": 0.08177553117275238, "mean_length": 6.0}
{"mode": "train", "epoch": 139, "loss": 6.046721935272217, "acc": 0.8511415123939514, "acc_or": 0.9213470220565796, "sender_entropy": 1.1205604076385498, "receiver_entropy": 0.0, "original_loss": 0.23877651989459991, "mean_length": 6.0}
{"mode": "test", "epoch": 139, "loss": 4.304013252258301, "acc": 0.9863013625144958, "acc_or": 0.9931506514549255, "sender_entropy": 1.2070239782333374, "receiver_entropy": 0.0, "original_loss": 0.07013629376888275, "mean_length": 6.0}
{"mode": "train", "epoch": 140, "loss": 6.033012866973877, "acc": 0.8563926815986633, "acc_or": 0.925000011920929, "sender_entropy": 1.1219393014907837, "receiver_entropy": 0.0, "original_loss": 0.2338605672121048, "mean_length": 6.0}
{"mode": "test", "epoch": 140, "loss": 4.333632946014404, "acc": 0.9863013625144958, "acc_or": 0.9931506514549255, "sender_entropy": 1.2163969278335571, "receiver_entropy": 0.0, "original_loss": 0.06566116958856583, "mean_length": 6.0}
{"mode": "train", "epoch": 141, "loss": 5.940342426300049, "acc": 0.838127851486206, "acc_or": 0.9158675670623779, "sender_entropy": 1.1301594972610474, "receiver_entropy": 0.0, "original_loss": 0.25169676542282104, "mean_length": 6.0}
{"mode": "test", "epoch": 141, "loss": 4.34688138961792, "acc": 1.0, "acc_or": 1.0, "sender_entropy": 1.2132158279418945, "receiver_entropy": 0.0, "original_loss": 0.06062178313732147, "mean_length": 6.0}
{"epoch": 141, "positional_disent": 0.0887172594666481, "bag_of_symbol_disent": 0.12147587537765503, "topographic_sim": 0.38827608238351347}
{"generalization hold out": {"acc": 0.9444444179534912, "acc_or": 0.9444444179534912}, "uniform holdout": {"acc": 0.0, "acc_or": 0.375}, "epoch": 141}
---End--
