nohup: ignoring input
{"mode": "train", "epoch": 1, "loss": -30.681720733642578, "acc": 0.007534246426075697, "acc_or": 0.09212328493595123, "sender_entropy": 2.301378011703491, "receiver_entropy": 0.0, "original_loss": 2.3064732551574707, "mean_length": 6.0}
{"mode": "test", "epoch": 1, "loss": 1.2269374132156372, "acc": 0.0, "acc_or": 0.04109589010477066, "sender_entropy": 2.3013269901275635, "receiver_entropy": 0.0, "original_loss": 2.3006935119628906, "mean_length": 6.0}
{"mode": "train", "epoch": 2, "loss": 1.3719491958618164, "acc": 0.010958904400467873, "acc_or": 0.11712328344583511, "sender_entropy": 2.3013086318969727, "receiver_entropy": 0.0, "original_loss": 2.2896034717559814, "mean_length": 6.0}
{"mode": "test", "epoch": 2, "loss": 1.4635857343673706, "acc": 0.0, "acc_or": 0.04794520512223244, "sender_entropy": 2.2999203205108643, "receiver_entropy": 0.0, "original_loss": 2.2717790603637695, "mean_length": 6.0}
{"mode": "train", "epoch": 3, "loss": 1.4571596384048462, "acc": 0.01278538815677166, "acc_or": 0.12340182811021805, "sender_entropy": 2.3000104427337646, "receiver_entropy": 0.0, "original_loss": 2.2738637924194336, "mean_length": 6.0}
{"mode": "test", "epoch": 3, "loss": 1.672447681427002, "acc": 0.0, "acc_or": 0.08219178020954132, "sender_entropy": 2.29833984375, "receiver_entropy": 0.0, "original_loss": 2.2451655864715576, "mean_length": 6.0}
{"mode": "train", "epoch": 4, "loss": 1.5350818634033203, "acc": 0.01392694003880024, "acc_or": 0.1214611828327179, "sender_entropy": 2.298602342605591, "receiver_entropy": 0.0, "original_loss": 2.259084463119507, "mean_length": 6.0}
{"mode": "test", "epoch": 4, "loss": 1.8184657096862793, "acc": 0.0, "acc_or": 0.12328767031431198, "sender_entropy": 2.2969813346862793, "receiver_entropy": 0.0, "original_loss": 2.2239606380462646, "mean_length": 6.0}
{"mode": "train", "epoch": 5, "loss": 1.6247525215148926, "acc": 0.015981735661625862, "acc_or": 0.1271689534187317, "sender_entropy": 2.2974014282226562, "receiver_entropy": 0.0, "original_loss": 2.243736982345581, "mean_length": 6.0}
{"mode": "test", "epoch": 5, "loss": 1.9076323509216309, "acc": 0.013698630034923553, "acc_or": 0.13013698160648346, "sender_entropy": 2.295905590057373, "receiver_entropy": 0.0, "original_loss": 2.20719051361084, "mean_length": 6.0}
{"mode": "train", "epoch": 6, "loss": 1.7110189199447632, "acc": 0.010273972526192665, "acc_or": 0.12545661628246307, "sender_entropy": 2.296558141708374, "receiver_entropy": 0.0, "original_loss": 2.228703737258911, "mean_length": 6.0}
{"mode": "test", "epoch": 6, "loss": 1.8636267185211182, "acc": 0.013698630034923553, "acc_or": 0.13698630034923553, "sender_entropy": 2.2954227924346924, "receiver_entropy": 0.0, "original_loss": 2.2020163536071777, "mean_length": 6.0}
{"mode": "train", "epoch": 7, "loss": 1.7422536611557007, "acc": 0.013470319099724293, "acc_or": 0.12283104658126831, "sender_entropy": 2.296163320541382, "receiver_entropy": 0.0, "original_loss": 2.21805739402771, "mean_length": 6.0}
{"mode": "test", "epoch": 7, "loss": 1.8413474559783936, "acc": 0.013698630034923553, "acc_or": 0.12328767031431198, "sender_entropy": 2.295516014099121, "receiver_entropy": 0.0, "original_loss": 2.1964659690856934, "mean_length": 6.0}
{"mode": "train", "epoch": 8, "loss": 1.7975655794143677, "acc": 0.013242009095847607, "acc_or": 0.125, "sender_entropy": 2.2961854934692383, "receiver_entropy": 0.0, "original_loss": 2.206195831298828, "mean_length": 6.0}
{"mode": "test", "epoch": 8, "loss": 1.790595293045044, "acc": 0.0, "acc_or": 0.10958904027938843, "sender_entropy": 2.2960126399993896, "receiver_entropy": 0.0, "original_loss": 2.1944656372070312, "mean_length": 6.0}
{"mode": "train", "epoch": 9, "loss": 1.8109595775604248, "acc": 0.012328767217695713, "acc_or": 0.12111871689558029, "sender_entropy": 2.2965080738067627, "receiver_entropy": 0.0, "original_loss": 2.1978960037231445, "mean_length": 6.0}
{"mode": "test", "epoch": 9, "loss": 1.669619083404541, "acc": 0.013698630034923553, "acc_or": 0.10273972153663635, "sender_entropy": 2.29661226272583, "receiver_entropy": 0.0, "original_loss": 2.198880195617676, "mean_length": 6.0}
{"mode": "train", "epoch": 10, "loss": 1.757288932800293, "acc": 0.01392694003880024, "acc_or": 0.12420091032981873, "sender_entropy": 2.296964645385742, "receiver_entropy": 0.0, "original_loss": 2.1954636573791504, "mean_length": 6.0}
{"mode": "test", "epoch": 10, "loss": 1.7230193614959717, "acc": 0.013698630034923553, "acc_or": 0.12328767031431198, "sender_entropy": 2.297264337539673, "receiver_entropy": 0.0, "original_loss": 2.1888768672943115, "mean_length": 6.0}
{"mode": "train", "epoch": 11, "loss": 1.7065589427947998, "acc": 0.013698630034923553, "acc_or": 0.12625570595264435, "sender_entropy": 2.2974812984466553, "receiver_entropy": 0.0, "original_loss": 2.193880796432495, "mean_length": 6.0}
{"mode": "test", "epoch": 11, "loss": 1.7331210374832153, "acc": 0.0, "acc_or": 0.09589041024446487, "sender_entropy": 2.297851800918579, "receiver_entropy": 0.0, "original_loss": 2.1831448078155518, "mean_length": 6.0}
{"mode": "train", "epoch": 12, "loss": 1.665109634399414, "acc": 0.010502282530069351, "acc_or": 0.1192922368645668, "sender_entropy": 2.2979419231414795, "receiver_entropy": 0.0, "original_loss": 2.1923201084136963, "mean_length": 6.0}
{"mode": "test", "epoch": 12, "loss": 1.7314425706863403, "acc": 0.027397260069847107, "acc_or": 0.12328767031431198, "sender_entropy": 2.2983860969543457, "receiver_entropy": 0.0, "original_loss": 2.179572582244873, "mean_length": 6.0}
{"mode": "train", "epoch": 13, "loss": 1.609250783920288, "acc": 0.0141552509739995, "acc_or": 0.12636986374855042, "sender_entropy": 2.298356294631958, "receiver_entropy": 0.0, "original_loss": 2.192612886428833, "mean_length": 6.0}
{"mode": "test", "epoch": 13, "loss": 1.7541018724441528, "acc": 0.013698630034923553, "acc_or": 0.13013698160648346, "sender_entropy": 2.298764944076538, "receiver_entropy": 0.0, "original_loss": 2.1746809482574463, "mean_length": 6.0}
{"mode": "train", "epoch": 14, "loss": 1.5859092473983765, "acc": 0.0141552509739995, "acc_or": 0.12625570595264435, "sender_entropy": 2.29868221282959, "receiver_entropy": 0.0, "original_loss": 2.1910738945007324, "mean_length": 6.0}
{"mode": "test", "epoch": 14, "loss": 1.7213637828826904, "acc": 0.027397260069847107, "acc_or": 0.18493150174617767, "sender_entropy": 2.2990453243255615, "receiver_entropy": 0.0, "original_loss": 2.17451548576355, "mean_length": 6.0}
{"mode": "train", "epoch": 15, "loss": 1.5261834859848022, "acc": 0.014611871913075447, "acc_or": 0.12614154815673828, "sender_entropy": 2.298919200897217, "receiver_entropy": 0.0, "original_loss": 2.1926589012145996, "mean_length": 6.0}
{"mode": "test", "epoch": 15, "loss": 1.7978148460388184, "acc": 0.027397260069847107, "acc_or": 0.18493150174617767, "sender_entropy": 2.299203872680664, "receiver_entropy": 0.0, "original_loss": 2.1660051345825195, "mean_length": 6.0}
{"mode": "train", "epoch": 16, "loss": 1.529992938041687, "acc": 0.01666666567325592, "acc_or": 0.13150684535503387, "sender_entropy": 2.299102306365967, "receiver_entropy": 0.0, "original_loss": 2.189850091934204, "mean_length": 6.0}
{"mode": "test", "epoch": 16, "loss": 1.8019416332244873, "acc": 0.06849315017461777, "acc_or": 0.19863013923168182, "sender_entropy": 2.299315929412842, "receiver_entropy": 0.0, "original_loss": 2.163423776626587, "mean_length": 6.0}
{"mode": "train", "epoch": 17, "loss": 1.4879004955291748, "acc": 0.013470319099724293, "acc_or": 0.1303652971982956, "sender_entropy": 2.2992007732391357, "receiver_entropy": 0.0, "original_loss": 2.190706253051758, "mean_length": 6.0}
{"mode": "test", "epoch": 17, "loss": 1.824082851409912, "acc": 0.027397260069847107, "acc_or": 0.17123287916183472, "sender_entropy": 2.2993531227111816, "receiver_entropy": 0.0, "original_loss": 2.1592962741851807, "mean_length": 6.0}
{"mode": "train", "epoch": 18, "loss": 1.4550565481185913, "acc": 0.0141552509739995, "acc_or": 0.1281963437795639, "sender_entropy": 2.299260139465332, "receiver_entropy": 0.0, "original_loss": 2.1912150382995605, "mean_length": 6.0}
{"mode": "test", "epoch": 18, "loss": 1.8663119077682495, "acc": 0.054794520139694214, "acc_or": 0.18493150174617767, "sender_entropy": 2.2994163036346436, "receiver_entropy": 0.0, "original_loss": 2.15378475189209, "mean_length": 6.0}
{"mode": "train", "epoch": 19, "loss": 1.4577316045761108, "acc": 0.0125570772215724, "acc_or": 0.12488584220409393, "sender_entropy": 2.299300193786621, "receiver_entropy": 0.0, "original_loss": 2.1891515254974365, "mean_length": 6.0}
{"mode": "test", "epoch": 19, "loss": 1.9442639350891113, "acc": 0.08219178020954132, "acc_or": 0.28082191944122314, "sender_entropy": 2.2994561195373535, "receiver_entropy": 0.0, "original_loss": 2.1457018852233887, "mean_length": 6.0}
{"mode": "train", "epoch": 20, "loss": 1.4507324695587158, "acc": 0.017579907551407814, "acc_or": 0.13367579877376556, "sender_entropy": 2.299302577972412, "receiver_entropy": 0.0, "original_loss": 2.187915086746216, "mean_length": 6.0}
{"mode": "test", "epoch": 20, "loss": 2.044367790222168, "acc": 0.09589041024446487, "acc_or": 0.301369845867157, "sender_entropy": 2.299436330795288, "receiver_entropy": 0.0, "original_loss": 2.135960817337036, "mean_length": 6.0}
{"mode": "train", "epoch": 21, "loss": 1.4206819534301758, "acc": 0.016894977539777756, "acc_or": 0.13515982031822205, "sender_entropy": 2.2992806434631348, "receiver_entropy": 0.0, "original_loss": 2.188647747039795, "mean_length": 6.0}
{"mode": "test", "epoch": 21, "loss": 2.128147602081299, "acc": 0.09589041024446487, "acc_or": 0.31506848335266113, "sender_entropy": 2.2994141578674316, "receiver_entropy": 0.0, "original_loss": 2.127532958984375, "mean_length": 6.0}
{"mode": "train", "epoch": 22, "loss": 1.4157508611679077, "acc": 0.016894977539777756, "acc_or": 0.13242009282112122, "sender_entropy": 2.2992565631866455, "receiver_entropy": 0.0, "original_loss": 2.187621593475342, "mean_length": 6.0}
{"mode": "test", "epoch": 22, "loss": 2.2301487922668457, "acc": 0.09589041024446487, "acc_or": 0.31506848335266113, "sender_entropy": 2.299342155456543, "receiver_entropy": 0.0, "original_loss": 2.117421865463257, "mean_length": 6.0}
{"mode": "train", "epoch": 23, "loss": 1.407562494277954, "acc": 0.01666666567325592, "acc_or": 0.131735160946846, "sender_entropy": 2.2991859912872314, "receiver_entropy": 0.0, "original_loss": 2.186856508255005, "mean_length": 6.0}
{"mode": "test", "epoch": 23, "loss": 2.287594795227051, "acc": 0.08219178020954132, "acc_or": 0.28082191944122314, "sender_entropy": 2.299274444580078, "receiver_entropy": 0.0, "original_loss": 2.1108453273773193, "mean_length": 6.0}
{"mode": "train", "epoch": 24, "loss": 1.3828620910644531, "acc": 0.017123287543654442, "acc_or": 0.13698630034923553, "sender_entropy": 2.2990925312042236, "receiver_entropy": 0.0, "original_loss": 2.1874442100524902, "mean_length": 6.0}
{"mode": "test", "epoch": 24, "loss": 2.361879825592041, "acc": 0.06849315017461777, "acc_or": 0.301369845867157, "sender_entropy": 2.2991464138031006, "receiver_entropy": 0.0, "original_loss": 2.1032238006591797, "mean_length": 6.0}
{"mode": "train", "epoch": 25, "loss": 1.3928383588790894, "acc": 0.017123287543654442, "acc_or": 0.14052511751651764, "sender_entropy": 2.2989675998687744, "receiver_entropy": 0.0, "original_loss": 2.1855275630950928, "mean_length": 6.0}
{"mode": "test", "epoch": 25, "loss": 2.495485782623291, "acc": 0.06849315017461777, "acc_or": 0.31506848335266113, "sender_entropy": 2.298985004425049, "receiver_entropy": 0.0, "original_loss": 2.0908432006835938, "mean_length": 6.0}
{"mode": "train", "epoch": 26, "loss": 1.3586077690124512, "acc": 0.015068492852151394, "acc_or": 0.1303652971982956, "sender_entropy": 2.2987899780273438, "receiver_entropy": 0.0, "original_loss": 2.1870081424713135, "mean_length": 6.0}
{"mode": "test", "epoch": 26, "loss": 2.5994105339050293, "acc": 0.06849315017461777, "acc_or": 0.31506848335266113, "sender_entropy": 2.2987236976623535, "receiver_entropy": 0.0, "original_loss": 2.080913543701172, "mean_length": 6.0}
{"mode": "train", "epoch": 27, "loss": 1.3821147680282593, "acc": 0.015753423795104027, "acc_or": 0.13789954781532288, "sender_entropy": 2.2985408306121826, "receiver_entropy": 0.0, "original_loss": 2.184072971343994, "mean_length": 6.0}
{"mode": "test", "epoch": 27, "loss": 2.720731019973755, "acc": 0.06849315017461777, "acc_or": 0.301369845867157, "sender_entropy": 2.2983906269073486, "receiver_entropy": 0.0, "original_loss": 2.069263219833374, "mean_length": 6.0}
{"mode": "train", "epoch": 28, "loss": 1.3626933097839355, "acc": 0.018036529421806335, "acc_or": 0.1371004581451416, "sender_entropy": 2.298185110092163, "receiver_entropy": 0.0, "original_loss": 2.1845710277557373, "mean_length": 6.0}
{"mode": "test", "epoch": 28, "loss": 2.8900420665740967, "acc": 0.054794520139694214, "acc_or": 0.301369845867157, "sender_entropy": 2.2979416847229004, "receiver_entropy": 0.0, "original_loss": 2.0533828735351562, "mean_length": 6.0}
{"mode": "train", "epoch": 29, "loss": 1.3643076419830322, "acc": 0.015981735661625862, "acc_or": 0.14132419228553772, "sender_entropy": 2.2977211475372314, "receiver_entropy": 0.0, "original_loss": 2.183403491973877, "mean_length": 6.0}
{"mode": "test", "epoch": 29, "loss": 3.005744695663452, "acc": 0.04109589010477066, "acc_or": 0.2876712381839752, "sender_entropy": 2.297297477722168, "receiver_entropy": 0.0, "original_loss": 2.041457414627075, "mean_length": 6.0}
{"mode": "train", "epoch": 30, "loss": 1.3863857984542847, "acc": 0.017351597547531128, "acc_or": 0.14406391978263855, "sender_entropy": 2.2970423698425293, "receiver_entropy": 0.0, "original_loss": 2.180657148361206, "mean_length": 6.0}
{"mode": "test", "epoch": 30, "loss": 3.1127190589904785, "acc": 0.06849315017461777, "acc_or": 0.2945205569267273, "sender_entropy": 2.296354055404663, "receiver_entropy": 0.0, "original_loss": 2.0296671390533447, "mean_length": 6.0}
{"mode": "train", "epoch": 31, "loss": 1.3957164287567139, "acc": 0.02054794505238533, "acc_or": 0.1523972600698471, "sender_entropy": 2.2960667610168457, "receiver_entropy": 0.0, "original_loss": 2.178715467453003, "mean_length": 6.0}
{"mode": "test", "epoch": 31, "loss": 3.3376855850219727, "acc": 0.06849315017461777, "acc_or": 0.3287671208381653, "sender_entropy": 2.29494047164917, "receiver_entropy": 0.0, "original_loss": 2.007317543029785, "mean_length": 6.0}
{"mode": "train", "epoch": 32, "loss": 1.4261033535003662, "acc": 0.021917808800935745, "acc_or": 0.1510273963212967, "sender_entropy": 2.2945802211761475, "receiver_entropy": 0.0, "original_loss": 2.1751596927642822, "mean_length": 6.0}
{"mode": "test", "epoch": 32, "loss": 3.520216464996338, "acc": 0.06849315017461777, "acc_or": 0.3287671208381653, "sender_entropy": 2.292692184448242, "receiver_entropy": 0.0, "original_loss": 1.987109661102295, "mean_length": 6.0}
{"mode": "train", "epoch": 33, "loss": 1.4804399013519287, "acc": 0.026255708187818527, "acc_or": 0.15981735289096832, "sender_entropy": 2.2922160625457764, "receiver_entropy": 0.0, "original_loss": 2.1694278717041016, "mean_length": 6.0}
{"mode": "test", "epoch": 33, "loss": 3.656705141067505, "acc": 0.054794520139694214, "acc_or": 0.3287671208381653, "sender_entropy": 2.288973569869995, "receiver_entropy": 0.0, "original_loss": 1.9684510231018066, "mean_length": 6.0}
{"mode": "train", "epoch": 34, "loss": 1.5289690494537354, "acc": 0.021232876926660538, "acc_or": 0.1606164425611496, "sender_entropy": 2.28824782371521, "receiver_entropy": 0.0, "original_loss": 2.164109468460083, "mean_length": 6.0}
{"mode": "test", "epoch": 34, "loss": 3.7202181816101074, "acc": 0.054794520139694214, "acc_or": 0.3219178020954132, "sender_entropy": 2.282417058944702, "receiver_entropy": 0.0, "original_loss": 1.9526889324188232, "mean_length": 6.0}
{"mode": "train", "epoch": 35, "loss": 1.612783670425415, "acc": 0.024657534435391426, "acc_or": 0.16484017670154572, "sender_entropy": 2.281362295150757, "receiver_entropy": 0.0, "original_loss": 2.155216932296753, "mean_length": 6.0}
{"mode": "test", "epoch": 35, "loss": 3.774710178375244, "acc": 0.04109589010477066, "acc_or": 0.27397260069847107, "sender_entropy": 2.2706844806671143, "receiver_entropy": 0.0, "original_loss": 1.934105634689331, "mean_length": 6.0}
{"mode": "train", "epoch": 36, "loss": 1.7881146669387817, "acc": 0.026940638199448586, "acc_or": 0.17716895043849945, "sender_entropy": 2.268894672393799, "receiver_entropy": 0.0, "original_loss": 2.138150691986084, "mean_length": 6.0}
{"mode": "test", "epoch": 36, "loss": 3.6817493438720703, "acc": 0.04109589010477066, "acc_or": 0.2397260218858719, "sender_entropy": 2.247483968734741, "receiver_entropy": 0.0, "original_loss": 1.9225095510482788, "mean_length": 6.0}
{"mode": "train", "epoch": 37, "loss": 2.0656118392944336, "acc": 0.03127853944897652, "acc_or": 0.18401826918125153, "sender_entropy": 2.2448203563690186, "receiver_entropy": 0.0, "original_loss": 2.111021041870117, "mean_length": 6.0}
{"mode": "test", "epoch": 37, "loss": 3.4760007858276367, "acc": 0.04109589010477066, "acc_or": 0.267123281955719, "sender_entropy": 2.2054316997528076, "receiver_entropy": 0.0, "original_loss": 1.9160584211349487, "mean_length": 6.0}
{"mode": "train", "epoch": 38, "loss": 2.460170030593872, "acc": 0.03767123073339462, "acc_or": 0.20719178020954132, "sender_entropy": 2.2019526958465576, "receiver_entropy": 0.0, "original_loss": 2.0688748359680176, "mean_length": 6.0}
{"mode": "test", "epoch": 38, "loss": 3.3915538787841797, "acc": 0.04109589010477066, "acc_or": 0.28082191944122314, "sender_entropy": 2.151911735534668, "receiver_entropy": 0.0, "original_loss": 1.9004650115966797, "mean_length": 6.0}
{"mode": "train", "epoch": 39, "loss": 2.9212496280670166, "acc": 0.03949771448969841, "acc_or": 0.21997717022895813, "sender_entropy": 2.1476328372955322, "receiver_entropy": 0.0, "original_loss": 2.0181097984313965, "mean_length": 6.0}
{"mode": "test", "epoch": 39, "loss": 3.151174545288086, "acc": 0.04109589010477066, "acc_or": 0.267123281955719, "sender_entropy": 2.1367709636688232, "receiver_entropy": 0.0, "original_loss": 1.9057673215866089, "mean_length": 6.0}
{"mode": "train", "epoch": 40, "loss": 3.0929369926452637, "acc": 0.039726026356220245, "acc_or": 0.21929223835468292, "sender_entropy": 2.131014347076416, "receiver_entropy": 0.0, "original_loss": 1.9921839237213135, "mean_length": 6.0}
{"mode": "test", "epoch": 40, "loss": 2.9322690963745117, "acc": 0.054794520139694214, "acc_or": 0.267123281955719, "sender_entropy": 2.133073568344116, "receiver_entropy": 0.0, "original_loss": 1.9165611267089844, "mean_length": 6.0}
{"mode": "train", "epoch": 41, "loss": 3.268049716949463, "acc": 0.03949771448969841, "acc_or": 0.2271689474582672, "sender_entropy": 2.124898910522461, "receiver_entropy": 0.0, "original_loss": 1.9675383567810059, "mean_length": 6.0}
{"mode": "test", "epoch": 41, "loss": 2.9056754112243652, "acc": 0.027397260069847107, "acc_or": 0.24657534062862396, "sender_entropy": 2.143928289413452, "receiver_entropy": 0.0, "original_loss": 1.915799856185913, "mean_length": 6.0}
{"mode": "train", "epoch": 42, "loss": 3.243954658508301, "acc": 0.044748857617378235, "acc_or": 0.22785387933254242, "sender_entropy": 2.134284019470215, "receiver_entropy": 0.0, "original_loss": 1.965792179107666, "mean_length": 6.0}
{"mode": "test", "epoch": 42, "loss": 3.117037773132324, "acc": 0.04109589010477066, "acc_or": 0.24657534062862396, "sender_entropy": 2.156507730484009, "receiver_entropy": 0.0, "original_loss": 1.8969180583953857, "mean_length": 6.0}
{"mode": "train", "epoch": 43, "loss": 3.168278694152832, "acc": 0.040867578238248825, "acc_or": 0.2279680371284485, "sender_entropy": 2.149751901626587, "receiver_entropy": 0.0, "original_loss": 1.9689183235168457, "mean_length": 6.0}
{"mode": "test", "epoch": 43, "loss": 3.2199301719665527, "acc": 0.04109589010477066, "acc_or": 0.24657534062862396, "sender_entropy": 2.1617252826690674, "receiver_entropy": 0.0, "original_loss": 1.8877320289611816, "mean_length": 6.0}
{"mode": "train", "epoch": 44, "loss": 3.1918201446533203, "acc": 0.04292237386107445, "acc_or": 0.2232876718044281, "sender_entropy": 2.1577134132385254, "receiver_entropy": 0.0, "original_loss": 1.9618877172470093, "mean_length": 6.0}
{"mode": "test", "epoch": 44, "loss": 3.190931797027588, "acc": 0.04109589010477066, "acc_or": 0.24657534062862396, "sender_entropy": 2.147629737854004, "receiver_entropy": 0.0, "original_loss": 1.8817893266677856, "mean_length": 6.0}
{"mode": "train", "epoch": 45, "loss": 3.1648120880126953, "acc": 0.04520547762513161, "acc_or": 0.23105022311210632, "sender_entropy": 2.1448986530303955, "receiver_entropy": 0.0, "original_loss": 1.9572861194610596, "mean_length": 6.0}
{"mode": "test", "epoch": 45, "loss": 2.943142890930176, "acc": 0.04109589010477066, "acc_or": 0.27397260069847107, "sender_entropy": 2.114285707473755, "receiver_entropy": 0.0, "original_loss": 1.8921608924865723, "mean_length": 6.0}
{"mode": "train", "epoch": 46, "loss": 3.3254072666168213, "acc": 0.04726027324795723, "acc_or": 0.24383561313152313, "sender_entropy": 2.1139461994171143, "receiver_entropy": 0.0, "original_loss": 1.9336017370224, "mean_length": 6.0}
{"mode": "test", "epoch": 46, "loss": 2.8883633613586426, "acc": 0.04109589010477066, "acc_or": 0.28082191944122314, "sender_entropy": 2.0790398120880127, "receiver_entropy": 0.0, "original_loss": 1.8794569969177246, "mean_length": 6.0}
{"mode": "train", "epoch": 47, "loss": 3.4689254760742188, "acc": 0.04520547762513161, "acc_or": 0.24440638720989227, "sender_entropy": 2.0773379802703857, "receiver_entropy": 0.0, "original_loss": 1.9117414951324463, "mean_length": 6.0}
{"mode": "test", "epoch": 47, "loss": 3.187079906463623, "acc": 0.04109589010477066, "acc_or": 0.2876712381839752, "sender_entropy": 2.0658793449401855, "receiver_entropy": 0.0, "original_loss": 1.8362787961959839, "mean_length": 6.0}
{"mode": "train", "epoch": 48, "loss": 3.562366485595703, "acc": 0.04954337701201439, "acc_or": 0.24189497530460358, "sender_entropy": 2.0614068508148193, "receiver_entropy": 0.0, "original_loss": 1.8967804908752441, "mean_length": 6.0}
{"mode": "test", "epoch": 48, "loss": 3.4834980964660645, "acc": 0.054794520139694214, "acc_or": 0.301369845867157, "sender_entropy": 2.0757172107696533, "receiver_entropy": 0.0, "original_loss": 1.796831488609314, "mean_length": 6.0}
{"mode": "train", "epoch": 49, "loss": 3.557192325592041, "acc": 0.054109588265419006, "acc_or": 0.2545661926269531, "sender_entropy": 2.0693323612213135, "receiver_entropy": 0.0, "original_loss": 1.8900578022003174, "mean_length": 6.0}
{"mode": "test", "epoch": 49, "loss": 3.6041605472564697, "acc": 0.054794520139694214, "acc_or": 0.3287671208381653, "sender_entropy": 2.0701048374176025, "receiver_entropy": 0.0, "original_loss": 1.7714364528656006, "mean_length": 6.0}
{"mode": "train", "epoch": 50, "loss": 3.6422359943389893, "acc": 0.0534246563911438, "acc_or": 0.2599315047264099, "sender_entropy": 2.0638861656188965, "receiver_entropy": 0.0, "original_loss": 1.8761234283447266, "mean_length": 6.0}
{"mode": "test", "epoch": 50, "loss": 3.4696483612060547, "acc": 0.054794520139694214, "acc_or": 0.31506848335266113, "sender_entropy": 2.058077335357666, "receiver_entropy": 0.0, "original_loss": 1.7703280448913574, "mean_length": 6.0}
{"mode": "train", "epoch": 51, "loss": 3.705087661743164, "acc": 0.057534243911504745, "acc_or": 0.2727168798446655, "sender_entropy": 2.0498178005218506, "receiver_entropy": 0.0, "original_loss": 1.8590387105941772, "mean_length": 6.0}
{"mode": "test", "epoch": 51, "loss": 3.178816795349121, "acc": 0.054794520139694214, "acc_or": 0.3287671208381653, "sender_entropy": 2.032235860824585, "receiver_entropy": 0.0, "original_loss": 1.7781765460968018, "mean_length": 6.0}
{"mode": "train", "epoch": 52, "loss": 3.8052945137023926, "acc": 0.05707762390375137, "acc_or": 0.2663241922855377, "sender_entropy": 2.021599054336548, "receiver_entropy": 0.0, "original_loss": 1.838369369506836, "mean_length": 6.0}
{"mode": "test", "epoch": 52, "loss": 3.26143217086792, "acc": 0.06849315017461777, "acc_or": 0.3767123222351074, "sender_entropy": 2.02036452293396, "receiver_entropy": 0.0, "original_loss": 1.7565330266952515, "mean_length": 6.0}
{"mode": "train", "epoch": 53, "loss": 3.867701530456543, "acc": 0.06392694264650345, "acc_or": 0.2849315106868744, "sender_entropy": 2.0098977088928223, "receiver_entropy": 0.0, "original_loss": 1.8197261095046997, "mean_length": 6.0}
{"mode": "test", "epoch": 53, "loss": 3.2550811767578125, "acc": 0.09589041024446487, "acc_or": 0.3493150770664215, "sender_entropy": 2.0308539867401123, "receiver_entropy": 0.0, "original_loss": 1.751555323600769, "mean_length": 6.0}
{"mode": "train", "epoch": 54, "loss": 3.934068202972412, "acc": 0.06529679894447327, "acc_or": 0.28972601890563965, "sender_entropy": 2.0178165435791016, "receiver_entropy": 0.0, "original_loss": 1.8057719469070435, "mean_length": 6.0}
{"mode": "test", "epoch": 54, "loss": 3.408686637878418, "acc": 0.08219178020954132, "acc_or": 0.3767123222351074, "sender_entropy": 2.0389463901519775, "receiver_entropy": 0.0, "original_loss": 1.731433629989624, "mean_length": 6.0}
{"mode": "train", "epoch": 55, "loss": 3.9623451232910156, "acc": 0.06735159456729889, "acc_or": 0.294063925743103, "sender_entropy": 2.021216630935669, "receiver_entropy": 0.0, "original_loss": 1.7984341382980347, "mean_length": 6.0}
{"mode": "test", "epoch": 55, "loss": 3.7101755142211914, "acc": 0.10958904027938843, "acc_or": 0.36301368474960327, "sender_entropy": 2.0394999980926514, "receiver_entropy": 0.0, "original_loss": 1.6950017213821411, "mean_length": 6.0}
{"mode": "train", "epoch": 56, "loss": 4.09783411026001, "acc": 0.0769406408071518, "acc_or": 0.30673515796661377, "sender_entropy": 2.0164453983306885, "receiver_entropy": 0.0, "original_loss": 1.7814388275146484, "mean_length": 6.0}
{"mode": "test", "epoch": 56, "loss": 4.2019429206848145, "acc": 0.12328767031431198, "acc_or": 0.3835616409778595, "sender_entropy": 2.041792869567871, "receiver_entropy": 0.0, "original_loss": 1.6328970193862915, "mean_length": 6.0}
{"mode": "train", "epoch": 57, "loss": 4.008370399475098, "acc": 0.08242008835077286, "acc_or": 0.3133561611175537, "sender_entropy": 2.020115613937378, "receiver_entropy": 0.0, "original_loss": 1.7764922380447388, "mean_length": 6.0}
{"mode": "test", "epoch": 57, "loss": 4.593750953674316, "acc": 0.1506849229335785, "acc_or": 0.4178082048892975, "sender_entropy": 2.031620502471924, "receiver_entropy": 0.0, "original_loss": 1.575763463973999, "mean_length": 6.0}
{"mode": "train", "epoch": 58, "loss": 4.236757755279541, "acc": 0.07922374457120895, "acc_or": 0.3257990777492523, "sender_entropy": 2.0132644176483154, "receiver_entropy": 0.0, "original_loss": 1.7519179582595825, "mean_length": 6.0}
{"mode": "test", "epoch": 58, "loss": 4.462666034698486, "acc": 0.10958904027938843, "acc_or": 0.39726027846336365, "sender_entropy": 2.011247158050537, "receiver_entropy": 0.0, "original_loss": 1.5708154439926147, "mean_length": 6.0}
{"mode": "train", "epoch": 59, "loss": 4.3750481605529785, "acc": 0.08858447521924973, "acc_or": 0.32956621050834656, "sender_entropy": 1.9938695430755615, "receiver_entropy": 0.0, "original_loss": 1.7297555208206177, "mean_length": 6.0}
{"mode": "test", "epoch": 59, "loss": 4.411595344543457, "acc": 0.12328767031431198, "acc_or": 0.42465752363204956, "sender_entropy": 2.0023646354675293, "receiver_entropy": 0.0, "original_loss": 1.5653181076049805, "mean_length": 6.0}
{"mode": "train", "epoch": 60, "loss": 4.534012794494629, "acc": 0.09246575087308884, "acc_or": 0.34178081154823303, "sender_entropy": 1.9837700128555298, "receiver_entropy": 0.0, "original_loss": 1.701507568359375, "mean_length": 6.0}
{"mode": "test", "epoch": 60, "loss": 4.323032379150391, "acc": 0.08219178020954132, "acc_or": 0.4041095972061157, "sender_entropy": 1.9838438034057617, "receiver_entropy": 0.0, "original_loss": 1.5535482168197632, "mean_length": 6.0}
{"mode": "train", "epoch": 61, "loss": 4.6396636962890625, "acc": 0.10342465341091156, "acc_or": 0.35490867495536804, "sender_entropy": 1.963036060333252, "receiver_entropy": 0.0, "original_loss": 1.6806325912475586, "mean_length": 6.0}
{"mode": "test", "epoch": 61, "loss": 4.493373394012451, "acc": 0.12328767031431198, "acc_or": 0.4452054798603058, "sender_entropy": 1.9663269519805908, "receiver_entropy": 0.0, "original_loss": 1.5091724395751953, "mean_length": 6.0}
{"mode": "train", "epoch": 62, "loss": 4.988138675689697, "acc": 0.11735159903764725, "acc_or": 0.37442922592163086, "sender_entropy": 1.9440964460372925, "receiver_entropy": 0.0, "original_loss": 1.6426374912261963, "mean_length": 6.0}
{"mode": "test", "epoch": 62, "loss": 4.595615386962891, "acc": 0.10958904027938843, "acc_or": 0.4383561611175537, "sender_entropy": 1.9629521369934082, "receiver_entropy": 0.0, "original_loss": 1.4748549461364746, "mean_length": 6.0}
{"mode": "train", "epoch": 63, "loss": 5.093611717224121, "acc": 0.11438356339931488, "acc_or": 0.3761415481567383, "sender_entropy": 1.9378399848937988, "receiver_entropy": 0.0, "original_loss": 1.621198296546936, "mean_length": 6.0}
{"mode": "test", "epoch": 63, "loss": 4.428511619567871, "acc": 0.13698630034923553, "acc_or": 0.45205479860305786, "sender_entropy": 1.9427231550216675, "receiver_entropy": 0.0, "original_loss": 1.4672049283981323, "mean_length": 6.0}
{"mode": "train", "epoch": 64, "loss": 5.323822498321533, "acc": 0.1374429166316986, "acc_or": 0.40011414885520935, "sender_entropy": 1.916276454925537, "receiver_entropy": 0.0, "original_loss": 1.5811678171157837, "mean_length": 6.0}
{"mode": "test", "epoch": 64, "loss": 4.192673683166504, "acc": 0.13698630034923553, "acc_or": 0.4726027250289917, "sender_entropy": 1.9070227146148682, "receiver_entropy": 0.0, "original_loss": 1.4704973697662354, "mean_length": 6.0}
{"mode": "train", "epoch": 65, "loss": 5.52982234954834, "acc": 0.1481735110282898, "acc_or": 0.4188356101512909, "sender_entropy": 1.8747479915618896, "receiver_entropy": 0.0, "original_loss": 1.5418505668640137, "mean_length": 6.0}
{"mode": "test", "epoch": 65, "loss": 4.5447282791137695, "acc": 0.19178082048892975, "acc_or": 0.4794520437717438, "sender_entropy": 1.8757743835449219, "receiver_entropy": 0.0, "original_loss": 1.3933895826339722, "mean_length": 6.0}
{"mode": "train", "epoch": 66, "loss": 5.8723859786987305, "acc": 0.15936072170734406, "acc_or": 0.43173515796661377, "sender_entropy": 1.8400650024414062, "receiver_entropy": 0.0, "original_loss": 1.488118052482605, "mean_length": 6.0}
{"mode": "test", "epoch": 66, "loss": 4.684116840362549, "acc": 0.1780821979045868, "acc_or": 0.4931506812572479, "sender_entropy": 1.8503737449645996, "receiver_entropy": 0.0, "original_loss": 1.3480291366577148, "mean_length": 6.0}
{"mode": "train", "epoch": 67, "loss": 6.039521217346191, "acc": 0.17534247040748596, "acc_or": 0.45034244656562805, "sender_entropy": 1.8099943399429321, "receiver_entropy": 0.0, "original_loss": 1.4483921527862549, "mean_length": 6.0}
{"mode": "test", "epoch": 67, "loss": 4.938835144042969, "acc": 0.21917808055877686, "acc_or": 0.5205479264259338, "sender_entropy": 1.8291670083999634, "receiver_entropy": 0.0, "original_loss": 1.2844293117523193, "mean_length": 6.0}
{"mode": "train", "epoch": 68, "loss": 6.189732551574707, "acc": 0.1851598173379898, "acc_or": 0.46312785148620605, "sender_entropy": 1.7883883714675903, "receiver_entropy": 0.0, "original_loss": 1.4132444858551025, "mean_length": 6.0}
{"mode": "test", "epoch": 68, "loss": 4.992934703826904, "acc": 0.2054794430732727, "acc_or": 0.5136986374855042, "sender_entropy": 1.8115261793136597, "receiver_entropy": 0.0, "original_loss": 1.2466683387756348, "mean_length": 6.0}
{"mode": "train", "epoch": 69, "loss": 6.404926776885986, "acc": 0.20136986672878265, "acc_or": 0.47956621646881104, "sender_entropy": 1.7594273090362549, "receiver_entropy": 0.0, "original_loss": 1.3738760948181152, "mean_length": 6.0}
{"mode": "test", "epoch": 69, "loss": 5.398365020751953, "acc": 0.24657534062862396, "acc_or": 0.5479452013969421, "sender_entropy": 1.793882131576538, "receiver_entropy": 0.0, "original_loss": 1.165960431098938, "mean_length": 6.0}
{"mode": "train", "epoch": 70, "loss": 6.614252090454102, "acc": 0.2207762449979782, "acc_or": 0.4981735050678253, "sender_entropy": 1.740498423576355, "receiver_entropy": 0.0, "original_loss": 1.3311728239059448, "mean_length": 6.0}
{"mode": "test", "epoch": 70, "loss": 5.5214409828186035, "acc": 0.2602739632129669, "acc_or": 0.5547944903373718, "sender_entropy": 1.7702833414077759, "receiver_entropy": 0.0, "original_loss": 1.1179609298706055, "mean_length": 6.0}
{"mode": "train", "epoch": 71, "loss": 6.861993789672852, "acc": 0.2429223656654358, "acc_or": 0.5181506872177124, "sender_entropy": 1.7185235023498535, "receiver_entropy": 0.0, "original_loss": 1.289158582687378, "mean_length": 6.0}
{"mode": "test", "epoch": 71, "loss": 5.629212379455566, "acc": 0.31506848335266113, "acc_or": 0.5890411138534546, "sender_entropy": 1.7568480968475342, "receiver_entropy": 0.0, "original_loss": 1.0820348262786865, "mean_length": 6.0}
{"mode": "train", "epoch": 72, "loss": 7.011202812194824, "acc": 0.250684916973114, "acc_or": 0.5288812518119812, "sender_entropy": 1.7012418508529663, "receiver_entropy": 0.0, "original_loss": 1.2580188512802124, "mean_length": 6.0}
{"mode": "test", "epoch": 72, "loss": 6.017920017242432, "acc": 0.34246575832366943, "acc_or": 0.6301369667053223, "sender_entropy": 1.7530720233917236, "receiver_entropy": 0.0, "original_loss": 1.003562092781067, "mean_length": 6.0}
{"mode": "train", "epoch": 73, "loss": 7.161484241485596, "acc": 0.2716895043849945, "acc_or": 0.5453196167945862, "sender_entropy": 1.6946395635604858, "receiver_entropy": 0.0, "original_loss": 1.2205400466918945, "mean_length": 6.0}
{"mode": "test", "epoch": 73, "loss": 6.017565727233887, "acc": 0.3561643958091736, "acc_or": 0.6164383292198181, "sender_entropy": 1.7525137662887573, "receiver_entropy": 0.0, "original_loss": 0.9915334582328796, "mean_length": 6.0}
{"mode": "train", "epoch": 74, "loss": 7.144097805023193, "acc": 0.27945205569267273, "acc_or": 0.5511415600776672, "sender_entropy": 1.690098762512207, "receiver_entropy": 0.0, "original_loss": 1.2013438940048218, "mean_length": 6.0}
{"mode": "test", "epoch": 74, "loss": 5.760120391845703, "acc": 0.3287671208381653, "acc_or": 0.6095890402793884, "sender_entropy": 1.7375088930130005, "receiver_entropy": 0.0, "original_loss": 1.0126101970672607, "mean_length": 6.0}
{"mode": "train", "epoch": 75, "loss": 7.338539123535156, "acc": 0.2913241982460022, "acc_or": 0.5561643838882446, "sender_entropy": 1.6770950555801392, "receiver_entropy": 0.0, "original_loss": 1.172332525253296, "mean_length": 6.0}
{"mode": "test", "epoch": 75, "loss": 5.553818702697754, "acc": 0.36986300349235535, "acc_or": 0.6095890402793884, "sender_entropy": 1.7241226434707642, "receiver_entropy": 0.0, "original_loss": 1.0271103382110596, "mean_length": 6.0}
{"mode": "train", "epoch": 76, "loss": 7.336755752563477, "acc": 0.30251142382621765, "acc_or": 0.5652967691421509, "sender_entropy": 1.6591569185256958, "receiver_entropy": 0.0, "original_loss": 1.151883602142334, "mean_length": 6.0}
{"mode": "test", "epoch": 76, "loss": 5.795222759246826, "acc": 0.39726027846336365, "acc_or": 0.6369863152503967, "sender_entropy": 1.7137815952301025, "receiver_entropy": 0.0, "original_loss": 0.9776545166969299, "mean_length": 6.0}
{"mode": "train", "epoch": 77, "loss": 7.340791702270508, "acc": 0.31757989525794983, "acc_or": 0.5744292140007019, "sender_entropy": 1.639492392539978, "receiver_entropy": 0.0, "original_loss": 1.1237093210220337, "mean_length": 6.0}
{"mode": "test", "epoch": 77, "loss": 5.873566150665283, "acc": 0.4109588861465454, "acc_or": 0.6438356041908264, "sender_entropy": 1.7019624710083008, "receiver_entropy": 0.0, "original_loss": 0.9447566866874695, "mean_length": 6.0}
{"mode": "train", "epoch": 78, "loss": 7.4328532218933105, "acc": 0.3337899446487427, "acc_or": 0.5882419943809509, "sender_entropy": 1.6283636093139648, "receiver_entropy": 0.0, "original_loss": 1.0941929817199707, "mean_length": 6.0}
{"mode": "test", "epoch": 78, "loss": 5.952269554138184, "acc": 0.42465752363204956, "acc_or": 0.6438356041908264, "sender_entropy": 1.6860461235046387, "receiver_entropy": 0.0, "original_loss": 0.9011905789375305, "mean_length": 6.0}
{"mode": "train", "epoch": 79, "loss": 7.559284210205078, "acc": 0.3518264889717102, "acc_or": 0.6038812398910522, "sender_entropy": 1.6141371726989746, "receiver_entropy": 0.0, "original_loss": 1.0568218231201172, "mean_length": 6.0}
{"mode": "test", "epoch": 79, "loss": 6.075800895690918, "acc": 0.45205479860305786, "acc_or": 0.6849315166473389, "sender_entropy": 1.657993197441101, "receiver_entropy": 0.0, "original_loss": 0.8491454124450684, "mean_length": 6.0}
{"mode": "train", "epoch": 80, "loss": 7.708746433258057, "acc": 0.3751141428947449, "acc_or": 0.6205479502677917, "sender_entropy": 1.5837008953094482, "receiver_entropy": 0.0, "original_loss": 1.016922116279602, "mean_length": 6.0}
{"mode": "test", "epoch": 80, "loss": 6.139545917510986, "acc": 0.5205479264259338, "acc_or": 0.7397260069847107, "sender_entropy": 1.6312031745910645, "receiver_entropy": 0.0, "original_loss": 0.8057975769042969, "mean_length": 6.0}
{"mode": "train", "epoch": 81, "loss": 7.8332905769348145, "acc": 0.3799086809158325, "acc_or": 0.6366438269615173, "sender_entropy": 1.5491676330566406, "receiver_entropy": 0.0, "original_loss": 0.9844406247138977, "mean_length": 6.0}
{"mode": "test", "epoch": 81, "loss": 6.027822971343994, "acc": 0.5205479264259338, "acc_or": 0.7465753555297852, "sender_entropy": 1.6042003631591797, "receiver_entropy": 0.0, "original_loss": 0.7904108166694641, "mean_length": 6.0}
{"mode": "train", "epoch": 82, "loss": 8.008895874023438, "acc": 0.409589022397995, "acc_or": 0.6553652882575989, "sender_entropy": 1.5275934934616089, "receiver_entropy": 0.0, "original_loss": 0.9327929615974426, "mean_length": 6.0}
{"mode": "test", "epoch": 82, "loss": 5.85976505279541, "acc": 0.4931506812572479, "acc_or": 0.7260273694992065, "sender_entropy": 1.5809308290481567, "receiver_entropy": 0.0, "original_loss": 0.7909213900566101, "mean_length": 6.0}
{"mode": "train", "epoch": 83, "loss": 7.855871200561523, "acc": 0.41073060035705566, "acc_or": 0.6555935740470886, "sender_entropy": 1.5043647289276123, "receiver_entropy": 0.0, "original_loss": 0.9237912893295288, "mean_length": 6.0}
{"mode": "test", "epoch": 83, "loss": 5.871916770935059, "acc": 0.6164383292198181, "acc_or": 0.7876712083816528, "sender_entropy": 1.5567094087600708, "receiver_entropy": 0.0, "original_loss": 0.7533435225486755, "mean_length": 6.0}
{"mode": "train", "epoch": 84, "loss": 8.005521774291992, "acc": 0.43744292855262756, "acc_or": 0.671689510345459, "sender_entropy": 1.481852650642395, "receiver_entropy": 0.0, "original_loss": 0.8845210075378418, "mean_length": 6.0}
{"mode": "test", "epoch": 84, "loss": 5.851154327392578, "acc": 0.534246563911438, "acc_or": 0.7534246444702148, "sender_entropy": 1.538774847984314, "receiver_entropy": 0.0, "original_loss": 0.7254531979560852, "mean_length": 6.0}
{"mode": "train", "epoch": 85, "loss": 8.016573905944824, "acc": 0.44931507110595703, "acc_or": 0.6801369786262512, "sender_entropy": 1.4606283903121948, "receiver_entropy": 0.0, "original_loss": 0.8573465943336487, "mean_length": 6.0}
{"mode": "test", "epoch": 85, "loss": 6.024432182312012, "acc": 0.5479452013969421, "acc_or": 0.7534246444702148, "sender_entropy": 1.5289608240127563, "receiver_entropy": 0.0, "original_loss": 0.68587327003479, "mean_length": 6.0}
{"mode": "train", "epoch": 86, "loss": 7.937877655029297, "acc": 0.4518264830112457, "acc_or": 0.686872124671936, "sender_entropy": 1.4464417695999146, "receiver_entropy": 0.0, "original_loss": 0.8465973734855652, "mean_length": 6.0}
{"mode": "test", "epoch": 86, "loss": 6.086093902587891, "acc": 0.5753424763679504, "acc_or": 0.7602739930152893, "sender_entropy": 1.524497389793396, "receiver_entropy": 0.0, "original_loss": 0.6747827529907227, "mean_length": 6.0}
{"mode": "train", "epoch": 87, "loss": 7.8968119621276855, "acc": 0.46986299753189087, "acc_or": 0.6907534003257751, "sender_entropy": 1.4404585361480713, "receiver_entropy": 0.0, "original_loss": 0.8337014317512512, "mean_length": 6.0}
{"mode": "test", "epoch": 87, "loss": 6.135812282562256, "acc": 0.534246563911438, "acc_or": 0.7602739930152893, "sender_entropy": 1.5232635736465454, "receiver_entropy": 0.0, "original_loss": 0.6498525738716125, "mean_length": 6.0}
{"mode": "train", "epoch": 88, "loss": 8.014993667602539, "acc": 0.470091313123703, "acc_or": 0.6969177722930908, "sender_entropy": 1.4390422105789185, "receiver_entropy": 0.0, "original_loss": 0.806076169013977, "mean_length": 6.0}
{"mode": "test", "epoch": 88, "loss": 6.1014404296875, "acc": 0.6301369667053223, "acc_or": 0.801369845867157, "sender_entropy": 1.524781584739685, "receiver_entropy": 0.0, "original_loss": 0.6289346218109131, "mean_length": 6.0}
{"mode": "train", "epoch": 89, "loss": 8.197492599487305, "acc": 0.49018263816833496, "acc_or": 0.7089040875434875, "sender_entropy": 1.4364093542099, "receiver_entropy": 0.0, "original_loss": 0.7717075347900391, "mean_length": 6.0}
{"mode": "test", "epoch": 89, "loss": 5.980537414550781, "acc": 0.602739691734314, "acc_or": 0.7876712083816528, "sender_entropy": 1.5310609340667725, "receiver_entropy": 0.0, "original_loss": 0.6469526886940002, "mean_length": 6.0}
{"mode": "train", "epoch": 90, "loss": 8.065531730651855, "acc": 0.486529678106308, "acc_or": 0.7051369547843933, "sender_entropy": 1.4445371627807617, "receiver_entropy": 0.0, "original_loss": 0.7765739560127258, "mean_length": 6.0}
{"mode": "test", "epoch": 90, "loss": 6.3820343017578125, "acc": 0.602739691734314, "acc_or": 0.7808219194412231, "sender_entropy": 1.5317611694335938, "receiver_entropy": 0.0, "original_loss": 0.5759563446044922, "mean_length": 6.0}
{"mode": "train", "epoch": 91, "loss": 8.266942977905273, "acc": 0.4961187243461609, "acc_or": 0.7127853631973267, "sender_entropy": 1.4488067626953125, "receiver_entropy": 0.0, "original_loss": 0.750905454158783, "mean_length": 6.0}
{"mode": "test", "epoch": 91, "loss": 6.511887550354004, "acc": 0.6712328791618347, "acc_or": 0.8219177722930908, "sender_entropy": 1.525402545928955, "receiver_entropy": 0.0, "original_loss": 0.5250890254974365, "mean_length": 6.0}
{"mode": "train", "epoch": 92, "loss": 8.282753944396973, "acc": 0.5212328433990479, "acc_or": 0.7279680371284485, "sender_entropy": 1.4439384937286377, "receiver_entropy": 0.0, "original_loss": 0.722003161907196, "mean_length": 6.0}
{"mode": "test", "epoch": 92, "loss": 6.557670593261719, "acc": 0.6575342416763306, "acc_or": 0.8150684833526611, "sender_entropy": 1.5214060544967651, "receiver_entropy": 0.0, "original_loss": 0.5015981197357178, "mean_length": 6.0}
{"mode": "train", "epoch": 93, "loss": 8.367085456848145, "acc": 0.53287672996521, "acc_or": 0.7365296483039856, "sender_entropy": 1.4318214654922485, "receiver_entropy": 0.0, "original_loss": 0.7026470899581909, "mean_length": 6.0}
{"mode": "test", "epoch": 93, "loss": 6.629982948303223, "acc": 0.7123287916183472, "acc_or": 0.8493150472640991, "sender_entropy": 1.5260391235351562, "receiver_entropy": 0.0, "original_loss": 0.4772130846977234, "mean_length": 6.0}
{"mode": "train", "epoch": 94, "loss": 8.125232696533203, "acc": 0.5397260189056396, "acc_or": 0.7351598143577576, "sender_entropy": 1.4270435571670532, "receiver_entropy": 0.0, "original_loss": 0.707694947719574, "mean_length": 6.0}
{"mode": "test", "epoch": 94, "loss": 6.6958909034729, "acc": 0.767123281955719, "acc_or": 0.8767123222351074, "sender_entropy": 1.522847056388855, "receiver_entropy": 0.0, "original_loss": 0.45473507046699524, "mean_length": 6.0}
{"mode": "train", "epoch": 95, "loss": 8.26197624206543, "acc": 0.5710045695304871, "acc_or": 0.7553653120994568, "sender_entropy": 1.4177720546722412, "receiver_entropy": 0.0, "original_loss": 0.6752063632011414, "mean_length": 6.0}
{"mode": "test", "epoch": 95, "loss": 6.70713996887207, "acc": 0.7534246444702148, "acc_or": 0.8698630332946777, "sender_entropy": 1.5224193334579468, "receiver_entropy": 0.0, "original_loss": 0.44045519828796387, "mean_length": 6.0}
{"mode": "train", "epoch": 96, "loss": 8.329859733581543, "acc": 0.5730593800544739, "acc_or": 0.7582191824913025, "sender_entropy": 1.421492338180542, "receiver_entropy": 0.0, "original_loss": 0.657586395740509, "mean_length": 6.0}
{"mode": "test", "epoch": 96, "loss": 6.915704727172852, "acc": 0.8082191944122314, "acc_or": 0.9041095972061157, "sender_entropy": 1.5209932327270508, "receiver_entropy": 0.0, "original_loss": 0.395766019821167, "mean_length": 6.0}
{"mode": "train", "epoch": 97, "loss": 8.26054859161377, "acc": 0.5803653001785278, "acc_or": 0.765182614326477, "sender_entropy": 1.4216777086257935, "receiver_entropy": 0.0, "original_loss": 0.646544873714447, "mean_length": 6.0}
{"mode": "test", "epoch": 97, "loss": 6.814123630523682, "acc": 0.8493150472640991, "acc_or": 0.9178082346916199, "sender_entropy": 1.5147467851638794, "receiver_entropy": 0.0, "original_loss": 0.3823864758014679, "mean_length": 6.0}
{"mode": "train", "epoch": 98, "loss": 8.356866836547852, "acc": 0.6047945022583008, "acc_or": 0.7803652882575989, "sender_entropy": 1.4120211601257324, "receiver_entropy": 0.0, "original_loss": 0.6150339245796204, "mean_length": 6.0}
{"mode": "test", "epoch": 98, "loss": 6.625696659088135, "acc": 0.7945205569267273, "acc_or": 0.8972602486610413, "sender_entropy": 1.505578637123108, "receiver_entropy": 0.0, "original_loss": 0.38895750045776367, "mean_length": 6.0}
{"mode": "train", "epoch": 99, "loss": 8.20031452178955, "acc": 0.6038812398910522, "acc_or": 0.7815068364143372, "sender_entropy": 1.4014438390731812, "receiver_entropy": 0.0, "original_loss": 0.6148068308830261, "mean_length": 6.0}
{"mode": "test", "epoch": 99, "loss": 6.5014190673828125, "acc": 0.7534246444702148, "acc_or": 0.8698630332946777, "sender_entropy": 1.502776026725769, "receiver_entropy": 0.0, "original_loss": 0.3963032066822052, "mean_length": 6.0}
{"mode": "train", "epoch": 100, "loss": 8.199434280395508, "acc": 0.6107305884361267, "acc_or": 0.7826483845710754, "sender_entropy": 1.3902851343154907, "receiver_entropy": 0.0, "original_loss": 0.6044086217880249, "mean_length": 6.0}
{"mode": "test", "epoch": 100, "loss": 6.77443265914917, "acc": 0.8767123222351074, "acc_or": 0.931506872177124, "sender_entropy": 1.496077299118042, "receiver_entropy": 0.0, "original_loss": 0.3269149363040924, "mean_length": 6.0}
{"mode": "train", "epoch": 101, "loss": 8.19253921508789, "acc": 0.6212328672409058, "acc_or": 0.7866438031196594, "sender_entropy": 1.3870904445648193, "receiver_entropy": 0.0, "original_loss": 0.5913450121879578, "mean_length": 6.0}
{"mode": "test", "epoch": 101, "loss": 6.712878704071045, "acc": 0.8767123222351074, "acc_or": 0.931506872177124, "sender_entropy": 1.4925098419189453, "receiver_entropy": 0.0, "original_loss": 0.3164699375629425, "mean_length": 6.0}
{"mode": "train", "epoch": 102, "loss": 8.227330207824707, "acc": 0.6335616111755371, "acc_or": 0.7957762479782104, "sender_entropy": 1.386085033416748, "receiver_entropy": 0.0, "original_loss": 0.5657466053962708, "mean_length": 6.0}
{"mode": "test", "epoch": 102, "loss": 6.605722427368164, "acc": 0.8493150472640991, "acc_or": 0.9246575236320496, "sender_entropy": 1.488846778869629, "receiver_entropy": 0.0, "original_loss": 0.3175504803657532, "mean_length": 6.0}
{"mode": "train", "epoch": 103, "loss": 8.099125862121582, "acc": 0.6449771523475647, "acc_or": 0.8009132146835327, "sender_entropy": 1.3809367418289185, "receiver_entropy": 0.0, "original_loss": 0.5597090125083923, "mean_length": 6.0}
{"mode": "test", "epoch": 103, "loss": 6.507212162017822, "acc": 0.8767123222351074, "acc_or": 0.931506872177124, "sender_entropy": 1.478644847869873, "receiver_entropy": 0.0, "original_loss": 0.3040868639945984, "mean_length": 6.0}
{"mode": "train", "epoch": 104, "loss": 8.12317943572998, "acc": 0.6511415243148804, "acc_or": 0.8069634437561035, "sender_entropy": 1.3772189617156982, "receiver_entropy": 0.0, "original_loss": 0.5415832996368408, "mean_length": 6.0}
{"mode": "test", "epoch": 104, "loss": 6.4289374351501465, "acc": 0.8767123222351074, "acc_or": 0.9383561611175537, "sender_entropy": 1.4719403982162476, "receiver_entropy": 0.0, "original_loss": 0.29277318716049194, "mean_length": 6.0}
{"mode": "train", "epoch": 105, "loss": 8.053170204162598, "acc": 0.6641552448272705, "acc_or": 0.8124428987503052, "sender_entropy": 1.3715956211090088, "receiver_entropy": 0.0, "original_loss": 0.5310651659965515, "mean_length": 6.0}
{"mode": "test", "epoch": 105, "loss": 6.452547073364258, "acc": 0.9041095972061157, "acc_or": 0.9452054500579834, "sender_entropy": 1.4708552360534668, "receiver_entropy": 0.0, "original_loss": 0.27477097511291504, "mean_length": 6.0}
{"mode": "train", "epoch": 106, "loss": 8.00301742553711, "acc": 0.6593607068061829, "acc_or": 0.8097031712532043, "sender_entropy": 1.3608436584472656, "receiver_entropy": 0.0, "original_loss": 0.5289246439933777, "mean_length": 6.0}
{"mode": "test", "epoch": 106, "loss": 6.276421070098877, "acc": 0.8904109597206116, "acc_or": 0.931506872177124, "sender_entropy": 1.461033582687378, "receiver_entropy": 0.0, "original_loss": 0.2892063856124878, "mean_length": 6.0}
{"mode": "train", "epoch": 107, "loss": 8.073192596435547, "acc": 0.6748858094215393, "acc_or": 0.8182648420333862, "sender_entropy": 1.3472874164581299, "receiver_entropy": 0.0, "original_loss": 0.5030193328857422, "mean_length": 6.0}
{"mode": "test", "epoch": 107, "loss": 6.371793270111084, "acc": 0.8767123222351074, "acc_or": 0.9246575236320496, "sender_entropy": 1.453120470046997, "receiver_entropy": 0.0, "original_loss": 0.2620036005973816, "mean_length": 6.0}
{"mode": "train", "epoch": 108, "loss": 8.101067543029785, "acc": 0.6931506991386414, "acc_or": 0.8310502171516418, "sender_entropy": 1.33696448802948, "receiver_entropy": 0.0, "original_loss": 0.4789920747280121, "mean_length": 6.0}
{"mode": "test", "epoch": 108, "loss": 6.281968593597412, "acc": 0.8767123222351074, "acc_or": 0.9178082346916199, "sender_entropy": 1.44174063205719, "receiver_entropy": 0.0, "original_loss": 0.24471424520015717, "mean_length": 6.0}
{"mode": "train", "epoch": 109, "loss": 8.128460884094238, "acc": 0.717808187007904, "acc_or": 0.8478310108184814, "sender_entropy": 1.3276405334472656, "receiver_entropy": 0.0, "original_loss": 0.4547156095504761, "mean_length": 6.0}
{"mode": "test", "epoch": 109, "loss": 6.110044956207275, "acc": 0.8630136847496033, "acc_or": 0.9178082346916199, "sender_entropy": 1.4332759380340576, "receiver_entropy": 0.0, "original_loss": 0.24923831224441528, "mean_length": 6.0}
{"mode": "train", "epoch": 110, "loss": 7.999141216278076, "acc": 0.69748854637146, "acc_or": 0.8355022668838501, "sender_entropy": 1.3222594261169434, "receiver_entropy": 0.0, "original_loss": 0.4629364013671875, "mean_length": 6.0}
{"mode": "test", "epoch": 110, "loss": 6.097140789031982, "acc": 0.8493150472640991, "acc_or": 0.9178082346916199, "sender_entropy": 1.4290798902511597, "receiver_entropy": 0.0, "original_loss": 0.24534915387630463, "mean_length": 6.0}
{"mode": "train", "epoch": 111, "loss": 7.955724716186523, "acc": 0.699315071105957, "acc_or": 0.8386986255645752, "sender_entropy": 1.3151767253875732, "receiver_entropy": 0.0, "original_loss": 0.4538330137729645, "mean_length": 6.0}
{"mode": "test", "epoch": 111, "loss": 6.1801438331604, "acc": 0.9041095972061157, "acc_or": 0.9520547986030579, "sender_entropy": 1.4264024496078491, "receiver_entropy": 0.0, "original_loss": 0.2169390469789505, "mean_length": 6.0}
{"mode": "train", "epoch": 112, "loss": 7.973722457885742, "acc": 0.7310501933097839, "acc_or": 0.8542237281799316, "sender_entropy": 1.3063867092132568, "receiver_entropy": 0.0, "original_loss": 0.42722055315971375, "mean_length": 6.0}
{"mode": "test", "epoch": 112, "loss": 6.157637596130371, "acc": 0.931506872177124, "acc_or": 0.965753436088562, "sender_entropy": 1.4193602800369263, "receiver_entropy": 0.0, "original_loss": 0.20036324858665466, "mean_length": 6.0}
{"mode": "train", "epoch": 113, "loss": 7.921143531799316, "acc": 0.7246575355529785, "acc_or": 0.8521689176559448, "sender_entropy": 1.3035982847213745, "receiver_entropy": 0.0, "original_loss": 0.4217967391014099, "mean_length": 6.0}
{"mode": "test", "epoch": 113, "loss": 6.150825023651123, "acc": 0.931506872177124, "acc_or": 0.965753436088562, "sender_entropy": 1.4165726900100708, "receiver_entropy": 0.0, "original_loss": 0.1855495721101761, "mean_length": 6.0}
{"mode": "train", "epoch": 114, "loss": 7.949239730834961, "acc": 0.7317351698875427, "acc_or": 0.8563926815986633, "sender_entropy": 1.2995704412460327, "receiver_entropy": 0.0, "original_loss": 0.4131145179271698, "mean_length": 6.0}
{"mode": "test", "epoch": 114, "loss": 6.134685516357422, "acc": 0.9178082346916199, "acc_or": 0.9589040875434875, "sender_entropy": 1.4165406227111816, "receiver_entropy": 0.0, "original_loss": 0.17767812311649323, "mean_length": 6.0}
{"mode": "train", "epoch": 115, "loss": 7.88035249710083, "acc": 0.7433789968490601, "acc_or": 0.8600456714630127, "sender_entropy": 1.297704815864563, "receiver_entropy": 0.0, "original_loss": 0.4037306606769562, "mean_length": 6.0}
{"mode": "test", "epoch": 115, "loss": 6.207444190979004, "acc": 0.9452054500579834, "acc_or": 0.9726027250289917, "sender_entropy": 1.414552092552185, "receiver_entropy": 0.0, "original_loss": 0.15164069831371307, "mean_length": 6.0}
{"mode": "train", "epoch": 116, "loss": 7.846733093261719, "acc": 0.7468036413192749, "acc_or": 0.8616438508033752, "sender_entropy": 1.299633264541626, "receiver_entropy": 0.0, "original_loss": 0.39789968729019165, "mean_length": 6.0}
{"mode": "test", "epoch": 116, "loss": 6.2460174560546875, "acc": 0.9726027250289917, "acc_or": 0.9863013625144958, "sender_entropy": 1.4092023372650146, "receiver_entropy": 0.0, "original_loss": 0.14013491570949554, "mean_length": 6.0}
{"mode": "train", "epoch": 117, "loss": 7.673732280731201, "acc": 0.7385844588279724, "acc_or": 0.8574200868606567, "sender_entropy": 1.3017557859420776, "receiver_entropy": 0.0, "original_loss": 0.4048827290534973, "mean_length": 6.0}
{"mode": "test", "epoch": 117, "loss": 6.1167826652526855, "acc": 0.9452054500579834, "acc_or": 0.9726027250289917, "sender_entropy": 1.4024478197097778, "receiver_entropy": 0.0, "original_loss": 0.15163511037826538, "mean_length": 6.0}
{"mode": "train", "epoch": 118, "loss": 7.639129638671875, "acc": 0.7420091032981873, "acc_or": 0.8608447313308716, "sender_entropy": 1.2974505424499512, "receiver_entropy": 0.0, "original_loss": 0.399897038936615, "mean_length": 6.0}
{"mode": "test", "epoch": 118, "loss": 6.0002665519714355, "acc": 0.9589040875434875, "acc_or": 0.9794520735740662, "sender_entropy": 1.395986557006836, "receiver_entropy": 0.0, "original_loss": 0.14744636416435242, "mean_length": 6.0}
{"mode": "train", "epoch": 119, "loss": 7.523636341094971, "acc": 0.7321917414665222, "acc_or": 0.8528538942337036, "sender_entropy": 1.291574239730835, "receiver_entropy": 0.0, "original_loss": 0.40784305334091187, "mean_length": 6.0}
{"mode": "test", "epoch": 119, "loss": 6.062115669250488, "acc": 0.9726027250289917, "acc_or": 0.9863013625144958, "sender_entropy": 1.3968262672424316, "receiver_entropy": 0.0, "original_loss": 0.12942412495613098, "mean_length": 6.0}
{"mode": "train", "epoch": 120, "loss": 7.559934139251709, "acc": 0.7422374486923218, "acc_or": 0.8616438508033752, "sender_entropy": 1.2921983003616333, "receiver_entropy": 0.0, "original_loss": 0.3893186151981354, "mean_length": 6.0}
{"mode": "test", "epoch": 120, "loss": 6.053581237792969, "acc": 0.9863013625144958, "acc_or": 0.9931506514549255, "sender_entropy": 1.395997166633606, "receiver_entropy": 0.0, "original_loss": 0.11477503925561905, "mean_length": 6.0}
{"mode": "train", "epoch": 121, "loss": 7.640282154083252, "acc": 0.7643835544586182, "acc_or": 0.8735159635543823, "sender_entropy": 1.2896018028259277, "receiver_entropy": 0.0, "original_loss": 0.3640962243080139, "mean_length": 6.0}
{"mode": "test", "epoch": 121, "loss": 5.920925617218018, "acc": 1.0, "acc_or": 1.0, "sender_entropy": 1.3903785943984985, "receiver_entropy": 0.0, "original_loss": 0.11472360789775848, "mean_length": 6.0}
{"epoch": 121, "positional_disent": 0.07540453225374222, "bag_of_symbol_disent": 0.17317906022071838, "topographic_sim": 0.34787123596476827}
{"generalization hold out": {"acc": 0.9444444179534912, "acc_or": 0.9444444179534912}, "uniform holdout": {"acc": 0.0, "acc_or": 0.25}, "epoch": 121}
---End--
