nohup: ignoring input
{"mode": "train", "epoch": 1, "loss": -30.658306121826172, "acc": 0.013242009095847607, "acc_or": 0.10239725559949875, "sender_entropy": 2.301647663116455, "receiver_entropy": 0.0, "original_loss": 2.3035855293273926, "mean_length": 6.0}
{"mode": "test", "epoch": 1, "loss": 1.2441314458847046, "acc": 0.013698630034923553, "acc_or": 0.10958904027938843, "sender_entropy": 2.3014752864837646, "receiver_entropy": 0.0, "original_loss": 2.29622745513916, "mean_length": 6.0}
{"mode": "train", "epoch": 2, "loss": 1.3962311744689941, "acc": 0.012328767217695713, "acc_or": 0.11872146278619766, "sender_entropy": 2.301234006881714, "receiver_entropy": 0.0, "original_loss": 2.2846148014068604, "mean_length": 6.0}
{"mode": "test", "epoch": 2, "loss": 1.575770616531372, "acc": 0.013698630034923553, "acc_or": 0.1164383590221405, "sender_entropy": 2.3008768558502197, "receiver_entropy": 0.0, "original_loss": 2.258762836456299, "mean_length": 6.0}
{"mode": "train", "epoch": 3, "loss": 1.496311068534851, "acc": 0.015068492852151394, "acc_or": 0.1221461147069931, "sender_entropy": 2.3003995418548584, "receiver_entropy": 0.0, "original_loss": 2.266580820083618, "mean_length": 6.0}
{"mode": "test", "epoch": 3, "loss": 1.732139229774475, "acc": 0.013698630034923553, "acc_or": 0.1438356190919876, "sender_entropy": 2.3001410961151123, "receiver_entropy": 0.0, "original_loss": 2.235489845275879, "mean_length": 6.0}
{"mode": "train", "epoch": 4, "loss": 1.5907988548278809, "acc": 0.01392694003880024, "acc_or": 0.12305936217308044, "sender_entropy": 2.299542188644409, "receiver_entropy": 0.0, "original_loss": 2.249333143234253, "mean_length": 6.0}
{"mode": "test", "epoch": 4, "loss": 1.778433084487915, "acc": 0.013698630034923553, "acc_or": 0.1438356190919876, "sender_entropy": 2.2995290756225586, "receiver_entropy": 0.0, "original_loss": 2.2216532230377197, "mean_length": 6.0}
{"mode": "train", "epoch": 5, "loss": 1.6416047811508179, "acc": 0.013470319099724293, "acc_or": 0.11780821532011032, "sender_entropy": 2.2989866733551025, "receiver_entropy": 0.0, "original_loss": 2.2357676029205322, "mean_length": 6.0}
{"mode": "test", "epoch": 5, "loss": 1.8035180568695068, "acc": 0.013698630034923553, "acc_or": 0.1438356190919876, "sender_entropy": 2.298983573913574, "receiver_entropy": 0.0, "original_loss": 2.2106218338012695, "mean_length": 6.0}
{"mode": "train", "epoch": 6, "loss": 1.720367670059204, "acc": 0.01826483942568302, "acc_or": 0.12340182811021805, "sender_entropy": 2.2986578941345215, "receiver_entropy": 0.0, "original_loss": 2.220820903778076, "mean_length": 6.0}
{"mode": "test", "epoch": 6, "loss": 1.8291893005371094, "acc": 0.04109589010477066, "acc_or": 0.1506849229335785, "sender_entropy": 2.2985658645629883, "receiver_entropy": 0.0, "original_loss": 2.1998231410980225, "mean_length": 6.0}
{"mode": "train", "epoch": 7, "loss": 1.7604775428771973, "acc": 0.014611871913075447, "acc_or": 0.12842465937137604, "sender_entropy": 2.2984139919281006, "receiver_entropy": 0.0, "original_loss": 2.209308385848999, "mean_length": 6.0}
{"mode": "test", "epoch": 7, "loss": 1.909062385559082, "acc": 0.027397260069847107, "acc_or": 0.1780821979045868, "sender_entropy": 2.2983548641204834, "receiver_entropy": 0.0, "original_loss": 2.1853082180023193, "mean_length": 6.0}
{"mode": "train", "epoch": 8, "loss": 1.7669862508773804, "acc": 0.013470319099724293, "acc_or": 0.12762556970119476, "sender_entropy": 2.2983546257019043, "receiver_entropy": 0.0, "original_loss": 2.2008605003356934, "mean_length": 6.0}
{"mode": "test", "epoch": 8, "loss": 1.9092042446136475, "acc": 0.013698630034923553, "acc_or": 0.1438356190919876, "sender_entropy": 2.298280954360962, "receiver_entropy": 0.0, "original_loss": 2.178344488143921, "mean_length": 6.0}
{"mode": "train", "epoch": 9, "loss": 1.7551629543304443, "acc": 0.0141552509739995, "acc_or": 0.12488584220409393, "sender_entropy": 2.298379898071289, "receiver_entropy": 0.0, "original_loss": 2.1947903633117676, "mean_length": 6.0}
{"mode": "test", "epoch": 9, "loss": 1.8002656698226929, "acc": 0.027397260069847107, "acc_or": 0.1780821979045868, "sender_entropy": 2.298375368118286, "receiver_entropy": 0.0, "original_loss": 2.181562662124634, "mean_length": 6.0}
{"mode": "train", "epoch": 10, "loss": 1.671907663345337, "acc": 0.014383560977876186, "acc_or": 0.12203196436166763, "sender_entropy": 2.29849910736084, "receiver_entropy": 0.0, "original_loss": 2.195171594619751, "mean_length": 6.0}
{"mode": "test", "epoch": 10, "loss": 1.8401474952697754, "acc": 0.027397260069847107, "acc_or": 0.15753424167633057, "sender_entropy": 2.2984890937805176, "receiver_entropy": 0.0, "original_loss": 2.173325300216675, "mean_length": 6.0}
{"mode": "train", "epoch": 11, "loss": 1.6367435455322266, "acc": 0.0141552509739995, "acc_or": 0.12385844439268112, "sender_entropy": 2.298640012741089, "receiver_entropy": 0.0, "original_loss": 2.1930065155029297, "mean_length": 6.0}
{"mode": "test", "epoch": 11, "loss": 1.816112995147705, "acc": 0.027397260069847107, "acc_or": 0.16438356041908264, "sender_entropy": 2.2986502647399902, "receiver_entropy": 0.0, "original_loss": 2.1706652641296387, "mean_length": 6.0}
{"mode": "train", "epoch": 12, "loss": 1.5940524339675903, "acc": 0.01392694003880024, "acc_or": 0.12842465937137604, "sender_entropy": 2.2987937927246094, "receiver_entropy": 0.0, "original_loss": 2.1920816898345947, "mean_length": 6.0}
{"mode": "test", "epoch": 12, "loss": 1.8158031702041626, "acc": 0.013698630034923553, "acc_or": 0.17123287916183472, "sender_entropy": 2.2987942695617676, "receiver_entropy": 0.0, "original_loss": 2.166991949081421, "mean_length": 6.0}
{"mode": "train", "epoch": 13, "loss": 1.5482470989227295, "acc": 0.014840182848274708, "acc_or": 0.12739725410938263, "sender_entropy": 2.298893690109253, "receiver_entropy": 0.0, "original_loss": 2.191948890686035, "mean_length": 6.0}
{"mode": "test", "epoch": 13, "loss": 1.8370213508605957, "acc": 0.027397260069847107, "acc_or": 0.21232876181602478, "sender_entropy": 2.298821449279785, "receiver_entropy": 0.0, "original_loss": 2.1626088619232178, "mean_length": 6.0}
{"mode": "train", "epoch": 14, "loss": 1.5240836143493652, "acc": 0.0125570772215724, "acc_or": 0.1310502290725708, "sender_entropy": 2.298898935317993, "receiver_entropy": 0.0, "original_loss": 2.1908771991729736, "mean_length": 6.0}
{"mode": "test", "epoch": 14, "loss": 1.8902101516723633, "acc": 0.06849315017461777, "acc_or": 0.25342464447021484, "sender_entropy": 2.298868417739868, "receiver_entropy": 0.0, "original_loss": 2.15559458732605, "mean_length": 6.0}
{"mode": "train", "epoch": 15, "loss": 1.4956774711608887, "acc": 0.014840182848274708, "acc_or": 0.12636986374855042, "sender_entropy": 2.298854351043701, "receiver_entropy": 0.0, "original_loss": 2.1903445720672607, "mean_length": 6.0}
{"mode": "test", "epoch": 15, "loss": 1.8944571018218994, "acc": 0.054794520139694214, "acc_or": 0.2397260218858719, "sender_entropy": 2.298821449279785, "receiver_entropy": 0.0, "original_loss": 2.152667760848999, "mean_length": 6.0}
{"mode": "train", "epoch": 16, "loss": 1.4678442478179932, "acc": 0.015753423795104027, "acc_or": 0.12842465937137604, "sender_entropy": 2.298743724822998, "receiver_entropy": 0.0, "original_loss": 2.1901025772094727, "mean_length": 6.0}
{"mode": "test", "epoch": 16, "loss": 1.9075589179992676, "acc": 0.054794520139694214, "acc_or": 0.25342464447021484, "sender_entropy": 2.2986390590667725, "receiver_entropy": 0.0, "original_loss": 2.1491599082946777, "mean_length": 6.0}
{"mode": "train", "epoch": 17, "loss": 1.4546756744384766, "acc": 0.016210045665502548, "acc_or": 0.13299086689949036, "sender_entropy": 2.2986042499542236, "receiver_entropy": 0.0, "original_loss": 2.1889607906341553, "mean_length": 6.0}
{"mode": "test", "epoch": 17, "loss": 1.9486415386199951, "acc": 0.06849315017461777, "acc_or": 0.2945205569267273, "sender_entropy": 2.2985050678253174, "receiver_entropy": 0.0, "original_loss": 2.143711805343628, "mean_length": 6.0}
{"mode": "train", "epoch": 18, "loss": 1.4344327449798584, "acc": 0.017579907551407814, "acc_or": 0.1349315047264099, "sender_entropy": 2.298468589782715, "receiver_entropy": 0.0, "original_loss": 2.1886487007141113, "mean_length": 6.0}
{"mode": "test", "epoch": 18, "loss": 2.022888660430908, "acc": 0.06849315017461777, "acc_or": 0.2945205569267273, "sender_entropy": 2.298370599746704, "receiver_entropy": 0.0, "original_loss": 2.135793685913086, "mean_length": 6.0}
{"mode": "train", "epoch": 19, "loss": 1.414375901222229, "acc": 0.016210045665502548, "acc_or": 0.1328767091035843, "sender_entropy": 2.2982990741729736, "receiver_entropy": 0.0, "original_loss": 2.1884872913360596, "mean_length": 6.0}
{"mode": "test", "epoch": 19, "loss": 2.117741584777832, "acc": 0.09589041024446487, "acc_or": 0.34246575832366943, "sender_entropy": 2.2982802391052246, "receiver_entropy": 0.0, "original_loss": 2.1263887882232666, "mean_length": 6.0}
{"mode": "train", "epoch": 20, "loss": 1.4104135036468506, "acc": 0.017579907551407814, "acc_or": 0.13881278038024902, "sender_entropy": 2.298171043395996, "receiver_entropy": 0.0, "original_loss": 2.187134265899658, "mean_length": 6.0}
{"mode": "test", "epoch": 20, "loss": 2.197580099105835, "acc": 0.08219178020954132, "acc_or": 0.33561643958091736, "sender_entropy": 2.298142433166504, "receiver_entropy": 0.0, "original_loss": 2.117950677871704, "mean_length": 6.0}
{"mode": "train", "epoch": 21, "loss": 1.4084340333938599, "acc": 0.018493151292204857, "acc_or": 0.14041095972061157, "sender_entropy": 2.2980573177337646, "receiver_entropy": 0.0, "original_loss": 2.185791254043579, "mean_length": 6.0}
{"mode": "test", "epoch": 21, "loss": 2.285465717315674, "acc": 0.08219178020954132, "acc_or": 0.34246575832366943, "sender_entropy": 2.297995090484619, "receiver_entropy": 0.0, "original_loss": 2.108879804611206, "mean_length": 6.0}
{"mode": "train", "epoch": 22, "loss": 1.3839415311813354, "acc": 0.016894977539777756, "acc_or": 0.13595889508724213, "sender_entropy": 2.297926187515259, "receiver_entropy": 0.0, "original_loss": 2.1862447261810303, "mean_length": 6.0}
{"mode": "test", "epoch": 22, "loss": 2.3816845417022705, "acc": 0.08219178020954132, "acc_or": 0.3219178020954132, "sender_entropy": 2.297769784927368, "receiver_entropy": 0.0, "original_loss": 2.09928822517395, "mean_length": 6.0}
{"mode": "train", "epoch": 23, "loss": 1.384695053100586, "acc": 0.017351597547531128, "acc_or": 0.14372146129608154, "sender_entropy": 2.297764778137207, "receiver_entropy": 0.0, "original_loss": 2.1848645210266113, "mean_length": 6.0}
{"mode": "test", "epoch": 23, "loss": 2.5493288040161133, "acc": 0.10958904027938843, "acc_or": 0.4041095972061157, "sender_entropy": 2.2973690032958984, "receiver_entropy": 0.0, "original_loss": 2.0835349559783936, "mean_length": 6.0}
{"mode": "train", "epoch": 24, "loss": 1.373671293258667, "acc": 0.02009132318198681, "acc_or": 0.14372146129608154, "sender_entropy": 2.2974765300750732, "receiver_entropy": 0.0, "original_loss": 2.1844022274017334, "mean_length": 6.0}
{"mode": "test", "epoch": 24, "loss": 2.777803421020508, "acc": 0.10958904027938843, "acc_or": 0.39726027846336365, "sender_entropy": 2.296853542327881, "receiver_entropy": 0.0, "original_loss": 2.062605142593384, "mean_length": 6.0}
{"mode": "train", "epoch": 25, "loss": 1.3908251523971558, "acc": 0.019178081303834915, "acc_or": 0.1453196257352829, "sender_entropy": 2.2970337867736816, "receiver_entropy": 0.0, "original_loss": 2.1818292140960693, "mean_length": 6.0}
{"mode": "test", "epoch": 25, "loss": 2.876966714859009, "acc": 0.10958904027938843, "acc_or": 0.36986300349235535, "sender_entropy": 2.2960264682769775, "receiver_entropy": 0.0, "original_loss": 2.0517942905426025, "mean_length": 6.0}
{"mode": "train", "epoch": 26, "loss": 1.3638813495635986, "acc": 0.015068492852151394, "acc_or": 0.1406392604112625, "sender_entropy": 2.296341896057129, "receiver_entropy": 0.0, "original_loss": 2.182685375213623, "mean_length": 6.0}
{"mode": "test", "epoch": 26, "loss": 3.002613067626953, "acc": 0.09589041024446487, "acc_or": 0.3493150770664215, "sender_entropy": 2.2948594093322754, "receiver_entropy": 0.0, "original_loss": 2.038698673248291, "mean_length": 6.0}
{"mode": "train", "epoch": 27, "loss": 1.3860511779785156, "acc": 0.01780821941792965, "acc_or": 0.15057078003883362, "sender_entropy": 2.295285940170288, "receiver_entropy": 0.0, "original_loss": 2.179654359817505, "mean_length": 6.0}
{"mode": "test", "epoch": 27, "loss": 3.118069887161255, "acc": 0.08219178020954132, "acc_or": 0.3493150770664215, "sender_entropy": 2.2930779457092285, "receiver_entropy": 0.0, "original_loss": 2.0255701541900635, "mean_length": 6.0}
{"mode": "train", "epoch": 28, "loss": 1.4153721332550049, "acc": 0.019863013178110123, "acc_or": 0.15125571191310883, "sender_entropy": 2.2937076091766357, "receiver_entropy": 0.0, "original_loss": 2.1760549545288086, "mean_length": 6.0}
{"mode": "test", "epoch": 28, "loss": 3.2324514389038086, "acc": 0.06849315017461777, "acc_or": 0.34246575832366943, "sender_entropy": 2.2903976440429688, "receiver_entropy": 0.0, "original_loss": 2.0113465785980225, "mean_length": 6.0}
{"mode": "train", "epoch": 29, "loss": 1.4520764350891113, "acc": 0.025342464447021484, "acc_or": 0.16369862854480743, "sender_entropy": 2.291267156600952, "receiver_entropy": 0.0, "original_loss": 2.171659469604492, "mean_length": 6.0}
{"mode": "test", "epoch": 29, "loss": 3.279775619506836, "acc": 0.08219178020954132, "acc_or": 0.30821916460990906, "sender_entropy": 2.2863237857818604, "receiver_entropy": 0.0, "original_loss": 2.0011868476867676, "mean_length": 6.0}
{"mode": "train", "epoch": 30, "loss": 1.5020396709442139, "acc": 0.026255708187818527, "acc_or": 0.1631278544664383, "sender_entropy": 2.287426233291626, "receiver_entropy": 0.0, "original_loss": 2.1659045219421387, "mean_length": 6.0}
{"mode": "test", "epoch": 30, "loss": 3.29115629196167, "acc": 0.08219178020954132, "acc_or": 0.30821916460990906, "sender_entropy": 2.279629707336426, "receiver_entropy": 0.0, "original_loss": 1.9916778802871704, "mean_length": 6.0}
{"mode": "train", "epoch": 31, "loss": 1.613710641860962, "acc": 0.026940638199448586, "acc_or": 0.1777397245168686, "sender_entropy": 2.2811810970306396, "receiver_entropy": 0.0, "original_loss": 2.1546268463134766, "mean_length": 6.0}
{"mode": "test", "epoch": 31, "loss": 3.2591848373413086, "acc": 0.06849315017461777, "acc_or": 0.31506848335266113, "sender_entropy": 2.268364429473877, "receiver_entropy": 0.0, "original_loss": 1.982669711112976, "mean_length": 6.0}
{"mode": "train", "epoch": 32, "loss": 1.6977417469024658, "acc": 0.028082191944122314, "acc_or": 0.17956620454788208, "sender_entropy": 2.2702789306640625, "receiver_entropy": 0.0, "original_loss": 2.1449222564697266, "mean_length": 6.0}
{"mode": "test", "epoch": 32, "loss": 3.201228618621826, "acc": 0.06849315017461777, "acc_or": 0.3219178020954132, "sender_entropy": 2.2491257190704346, "receiver_entropy": 0.0, "original_loss": 1.972491979598999, "mean_length": 6.0}
{"mode": "train", "epoch": 33, "loss": 1.9756343364715576, "acc": 0.036986302584409714, "acc_or": 0.19920091331005096, "sender_entropy": 2.2512893676757812, "receiver_entropy": 0.0, "original_loss": 2.1165952682495117, "mean_length": 6.0}
{"mode": "test", "epoch": 33, "loss": 2.979257583618164, "acc": 0.09589041024446487, "acc_or": 0.30821916460990906, "sender_entropy": 2.2154011726379395, "receiver_entropy": 0.0, "original_loss": 1.9733573198318481, "mean_length": 6.0}
{"mode": "train", "epoch": 34, "loss": 2.299807548522949, "acc": 0.03789954259991646, "acc_or": 0.21164382994174957, "sender_entropy": 2.2177529335021973, "receiver_entropy": 0.0, "original_loss": 2.0813894271850586, "mean_length": 6.0}
{"mode": "test", "epoch": 34, "loss": 2.579782009124756, "acc": 0.06849315017461777, "acc_or": 0.2945205569267273, "sender_entropy": 2.1702423095703125, "receiver_entropy": 0.0, "original_loss": 1.9900809526443481, "mean_length": 6.0}
{"mode": "train", "epoch": 35, "loss": 2.6714067459106445, "acc": 0.042465753853321075, "acc_or": 0.23139269649982452, "sender_entropy": 2.171617031097412, "receiver_entropy": 0.0, "original_loss": 2.039147138595581, "mean_length": 6.0}
{"mode": "test", "epoch": 35, "loss": 2.1317105293273926, "acc": 0.04109589010477066, "acc_or": 0.24657534062862396, "sender_entropy": 2.1363375186920166, "receiver_entropy": 0.0, "original_loss": 2.011117696762085, "mean_length": 6.0}
{"mode": "train", "epoch": 36, "loss": 2.9565415382385254, "acc": 0.041324201971292496, "acc_or": 0.2343607246875763, "sender_entropy": 2.135120153427124, "receiver_entropy": 0.0, "original_loss": 1.9985346794128418, "mean_length": 6.0}
{"mode": "test", "epoch": 36, "loss": 1.902694582939148, "acc": 0.054794520139694214, "acc_or": 0.24657534062862396, "sender_entropy": 2.116795778274536, "receiver_entropy": 0.0, "original_loss": 2.0173940658569336, "mean_length": 6.0}
{"mode": "train", "epoch": 37, "loss": 3.1394505500793457, "acc": 0.050913240760564804, "acc_or": 0.24874429404735565, "sender_entropy": 2.112332820892334, "receiver_entropy": 0.0, "original_loss": 1.968327283859253, "mean_length": 6.0}
{"mode": "test", "epoch": 37, "loss": 2.1300439834594727, "acc": 0.06849315017461777, "acc_or": 0.2876712381839752, "sender_entropy": 2.1083788871765137, "receiver_entropy": 0.0, "original_loss": 1.9847534894943237, "mean_length": 6.0}
{"mode": "train", "epoch": 38, "loss": 3.2843074798583984, "acc": 0.04680365324020386, "acc_or": 0.2521689534187317, "sender_entropy": 2.100228786468506, "receiver_entropy": 0.0, "original_loss": 1.9468379020690918, "mean_length": 6.0}
{"mode": "test", "epoch": 38, "loss": 2.5109546184539795, "acc": 0.04109589010477066, "acc_or": 0.30821916460990906, "sender_entropy": 2.122278928756714, "receiver_entropy": 0.0, "original_loss": 1.9392836093902588, "mean_length": 6.0}
{"mode": "train", "epoch": 39, "loss": 3.2752509117126465, "acc": 0.04954337701201439, "acc_or": 0.2535388171672821, "sender_entropy": 2.1109120845794678, "receiver_entropy": 0.0, "original_loss": 1.942893624305725, "mean_length": 6.0}
{"mode": "test", "epoch": 39, "loss": 2.881854295730591, "acc": 0.04109589010477066, "acc_or": 0.30821916460990906, "sender_entropy": 2.1311604976654053, "receiver_entropy": 0.0, "original_loss": 1.8972628116607666, "mean_length": 6.0}
{"mode": "train", "epoch": 40, "loss": 3.378042697906494, "acc": 0.05182648450136185, "acc_or": 0.25867578387260437, "sender_entropy": 2.1180672645568848, "receiver_entropy": 0.0, "original_loss": 1.9270895719528198, "mean_length": 6.0}
{"mode": "test", "epoch": 40, "loss": 2.876223564147949, "acc": 0.04109589010477066, "acc_or": 0.30821916460990906, "sender_entropy": 2.107903003692627, "receiver_entropy": 0.0, "original_loss": 1.8878504037857056, "mean_length": 6.0}
{"mode": "train", "epoch": 41, "loss": 3.616701126098633, "acc": 0.05502283200621605, "acc_or": 0.2756849229335785, "sender_entropy": 2.0916764736175537, "receiver_entropy": 0.0, "original_loss": 1.8976223468780518, "mean_length": 6.0}
{"mode": "test", "epoch": 41, "loss": 3.5894017219543457, "acc": 0.04109589010477066, "acc_or": 0.30821916460990906, "sender_entropy": 2.0758111476898193, "receiver_entropy": 0.0, "original_loss": 1.7899489402770996, "mean_length": 6.0}
{"mode": "train", "epoch": 42, "loss": 3.76187801361084, "acc": 0.06073059141635895, "acc_or": 0.27762556076049805, "sender_entropy": 2.05873441696167, "receiver_entropy": 0.0, "original_loss": 1.8733566999435425, "mean_length": 6.0}
{"mode": "test", "epoch": 42, "loss": 3.6603870391845703, "acc": 0.04109589010477066, "acc_or": 0.3219178020954132, "sender_entropy": 2.0353097915649414, "receiver_entropy": 0.0, "original_loss": 1.7508219480514526, "mean_length": 6.0}
{"mode": "train", "epoch": 43, "loss": 4.132546901702881, "acc": 0.06324201077222824, "acc_or": 0.2956621050834656, "sender_entropy": 2.0125815868377686, "receiver_entropy": 0.0, "original_loss": 1.825493335723877, "mean_length": 6.0}
{"mode": "test", "epoch": 43, "loss": 3.875638246536255, "acc": 0.04109589010477066, "acc_or": 0.3287671208381653, "sender_entropy": 2.009174108505249, "receiver_entropy": 0.0, "original_loss": 1.6924545764923096, "mean_length": 6.0}
{"mode": "train", "epoch": 44, "loss": 4.257260799407959, "acc": 0.07488584518432617, "acc_or": 0.30468034744262695, "sender_entropy": 1.9867247343063354, "receiver_entropy": 0.0, "original_loss": 1.7977206707000732, "mean_length": 6.0}
{"mode": "test", "epoch": 44, "loss": 3.7747855186462402, "acc": 0.06849315017461777, "acc_or": 0.34246575832366943, "sender_entropy": 1.9803951978683472, "receiver_entropy": 0.0, "original_loss": 1.670072078704834, "mean_length": 6.0}
{"mode": "train", "epoch": 45, "loss": 4.4430742263793945, "acc": 0.07648401707410812, "acc_or": 0.314497709274292, "sender_entropy": 1.9555792808532715, "receiver_entropy": 0.0, "original_loss": 1.7650630474090576, "mean_length": 6.0}
{"mode": "test", "epoch": 45, "loss": 3.584385395050049, "acc": 0.12328767031431198, "acc_or": 0.36986300349235535, "sender_entropy": 1.972872018814087, "receiver_entropy": 0.0, "original_loss": 1.6714454889297485, "mean_length": 6.0}
{"mode": "train", "epoch": 46, "loss": 4.610184192657471, "acc": 0.08105022460222244, "acc_or": 0.32317352294921875, "sender_entropy": 1.941162109375, "receiver_entropy": 0.0, "original_loss": 1.734192967414856, "mean_length": 6.0}
{"mode": "test", "epoch": 46, "loss": 3.813974618911743, "acc": 0.10958904027938843, "acc_or": 0.36986300349235535, "sender_entropy": 1.981601595878601, "receiver_entropy": 0.0, "original_loss": 1.6307713985443115, "mean_length": 6.0}
{"mode": "train", "epoch": 47, "loss": 4.674381256103516, "acc": 0.09315068274736404, "acc_or": 0.331278532743454, "sender_entropy": 1.9449678659439087, "receiver_entropy": 0.0, "original_loss": 1.7131775617599487, "mean_length": 6.0}
{"mode": "test", "epoch": 47, "loss": 3.821471691131592, "acc": 0.12328767031431198, "acc_or": 0.3835616409778595, "sender_entropy": 1.977332353591919, "receiver_entropy": 0.0, "original_loss": 1.6121188402175903, "mean_length": 6.0}
{"mode": "train", "epoch": 48, "loss": 4.831484317779541, "acc": 0.09406392276287079, "acc_or": 0.33424657583236694, "sender_entropy": 1.93513023853302, "receiver_entropy": 0.0, "original_loss": 1.6887855529785156, "mean_length": 6.0}
{"mode": "test", "epoch": 48, "loss": 3.89687180519104, "acc": 0.12328767031431198, "acc_or": 0.3904109597206116, "sender_entropy": 1.9795358180999756, "receiver_entropy": 0.0, "original_loss": 1.5984838008880615, "mean_length": 6.0}
{"mode": "train", "epoch": 49, "loss": 4.774754047393799, "acc": 0.09292237460613251, "acc_or": 0.3380136787891388, "sender_entropy": 1.9287117719650269, "receiver_entropy": 0.0, "original_loss": 1.6820334196090698, "mean_length": 6.0}
{"mode": "test", "epoch": 49, "loss": 3.9972293376922607, "acc": 0.12328767031431198, "acc_or": 0.39726027846336365, "sender_entropy": 1.9865751266479492, "receiver_entropy": 0.0, "original_loss": 1.5840063095092773, "mean_length": 6.0}
{"mode": "train", "epoch": 50, "loss": 4.807997703552246, "acc": 0.10616438090801239, "acc_or": 0.3433789908885956, "sender_entropy": 1.9386706352233887, "receiver_entropy": 0.0, "original_loss": 1.6695983409881592, "mean_length": 6.0}
{"mode": "test", "epoch": 50, "loss": 4.343811988830566, "acc": 0.13698630034923553, "acc_or": 0.4109588861465454, "sender_entropy": 1.9818514585494995, "receiver_entropy": 0.0, "original_loss": 1.5378434658050537, "mean_length": 6.0}
{"mode": "train", "epoch": 51, "loss": 4.957050323486328, "acc": 0.10228310525417328, "acc_or": 0.3518264889717102, "sender_entropy": 1.932633876800537, "receiver_entropy": 0.0, "original_loss": 1.6507554054260254, "mean_length": 6.0}
{"mode": "test", "epoch": 51, "loss": 4.29429817199707, "acc": 0.12328767031431198, "acc_or": 0.4041095972061157, "sender_entropy": 1.9729881286621094, "receiver_entropy": 0.0, "original_loss": 1.5297682285308838, "mean_length": 6.0}
{"mode": "train", "epoch": 52, "loss": 4.986027240753174, "acc": 0.11484017968177795, "acc_or": 0.3595890402793884, "sender_entropy": 1.9206788539886475, "receiver_entropy": 0.0, "original_loss": 1.6327708959579468, "mean_length": 6.0}
{"mode": "test", "epoch": 52, "loss": 4.288878917694092, "acc": 0.10958904027938843, "acc_or": 0.4178082048892975, "sender_entropy": 1.9545061588287354, "receiver_entropy": 0.0, "original_loss": 1.517370343208313, "mean_length": 6.0}
{"mode": "train", "epoch": 53, "loss": 5.033513069152832, "acc": 0.11095890402793884, "acc_or": 0.3592465817928314, "sender_entropy": 1.9018797874450684, "receiver_entropy": 0.0, "original_loss": 1.6165279150009155, "mean_length": 6.0}
{"mode": "test", "epoch": 53, "loss": 4.505840301513672, "acc": 0.12328767031431198, "acc_or": 0.45890411734580994, "sender_entropy": 1.9320433139801025, "receiver_entropy": 0.0, "original_loss": 1.4689611196517944, "mean_length": 6.0}
{"mode": "train", "epoch": 54, "loss": 5.20406436920166, "acc": 0.12283104658126831, "acc_or": 0.37123286724090576, "sender_entropy": 1.8787981271743774, "receiver_entropy": 0.0, "original_loss": 1.5859451293945312, "mean_length": 6.0}
{"mode": "test", "epoch": 54, "loss": 4.592380046844482, "acc": 0.10958904027938843, "acc_or": 0.43150684237480164, "sender_entropy": 1.9184545278549194, "receiver_entropy": 0.0, "original_loss": 1.445467233657837, "mean_length": 6.0}
{"mode": "train", "epoch": 55, "loss": 5.317866325378418, "acc": 0.1164383515715599, "acc_or": 0.3763698637485504, "sender_entropy": 1.8585997819900513, "receiver_entropy": 0.0, "original_loss": 1.5636593103408813, "mean_length": 6.0}
{"mode": "test", "epoch": 55, "loss": 4.704624652862549, "acc": 0.12328767031431198, "acc_or": 0.43150684237480164, "sender_entropy": 1.9148751497268677, "receiver_entropy": 0.0, "original_loss": 1.4217338562011719, "mean_length": 6.0}
{"mode": "train", "epoch": 56, "loss": 5.423847198486328, "acc": 0.12831050157546997, "acc_or": 0.38230592012405396, "sender_entropy": 1.8520578145980835, "receiver_entropy": 0.0, "original_loss": 1.5443390607833862, "mean_length": 6.0}
{"mode": "test", "epoch": 56, "loss": 4.596296787261963, "acc": 0.10958904027938843, "acc_or": 0.43150684237480164, "sender_entropy": 1.9247134923934937, "receiver_entropy": 0.0, "original_loss": 1.4292442798614502, "mean_length": 6.0}
{"mode": "train", "epoch": 57, "loss": 5.484642028808594, "acc": 0.14520548284053802, "acc_or": 0.3941780626773834, "sender_entropy": 1.8586431741714478, "receiver_entropy": 0.0, "original_loss": 1.5238178968429565, "mean_length": 6.0}
{"mode": "test", "epoch": 57, "loss": 4.651832103729248, "acc": 0.16438356041908264, "acc_or": 0.465753436088562, "sender_entropy": 1.9316391944885254, "receiver_entropy": 0.0, "original_loss": 1.4078195095062256, "mean_length": 6.0}
{"mode": "train", "epoch": 58, "loss": 5.547588348388672, "acc": 0.14269405603408813, "acc_or": 0.39657533168792725, "sender_entropy": 1.8549028635025024, "receiver_entropy": 0.0, "original_loss": 1.5085283517837524, "mean_length": 6.0}
{"mode": "test", "epoch": 58, "loss": 4.765377044677734, "acc": 0.1780821979045868, "acc_or": 0.45205479860305786, "sender_entropy": 1.9309009313583374, "receiver_entropy": 0.0, "original_loss": 1.3760756254196167, "mean_length": 6.0}
{"mode": "train", "epoch": 59, "loss": 5.554502487182617, "acc": 0.14771689474582672, "acc_or": 0.40399542450904846, "sender_entropy": 1.8487389087677002, "receiver_entropy": 0.0, "original_loss": 1.4940545558929443, "mean_length": 6.0}
{"mode": "test", "epoch": 59, "loss": 4.805927753448486, "acc": 0.16438356041908264, "acc_or": 0.4794520437717438, "sender_entropy": 1.9397495985031128, "receiver_entropy": 0.0, "original_loss": 1.370698094367981, "mean_length": 6.0}
{"mode": "train", "epoch": 60, "loss": 5.556911945343018, "acc": 0.1470319628715515, "acc_or": 0.3977168798446655, "sender_entropy": 1.8572757244110107, "receiver_entropy": 0.0, "original_loss": 1.481291651725769, "mean_length": 6.0}
{"mode": "test", "epoch": 60, "loss": 5.102328300476074, "acc": 0.1506849229335785, "acc_or": 0.4931506812572479, "sender_entropy": 1.930169939994812, "receiver_entropy": 0.0, "original_loss": 1.3196346759796143, "mean_length": 6.0}
{"mode": "train", "epoch": 61, "loss": 5.772435188293457, "acc": 0.15730594098567963, "acc_or": 0.41940638422966003, "sender_entropy": 1.840124487876892, "receiver_entropy": 0.0, "original_loss": 1.4502575397491455, "mean_length": 6.0}
{"mode": "test", "epoch": 61, "loss": 4.992319107055664, "acc": 0.1506849229335785, "acc_or": 0.4794520437717438, "sender_entropy": 1.9167853593826294, "receiver_entropy": 0.0, "original_loss": 1.3095402717590332, "mean_length": 6.0}
{"mode": "train", "epoch": 62, "loss": 5.803336143493652, "acc": 0.16757990419864655, "acc_or": 0.4284246563911438, "sender_entropy": 1.8221924304962158, "receiver_entropy": 0.0, "original_loss": 1.426600456237793, "mean_length": 6.0}
{"mode": "test", "epoch": 62, "loss": 4.853176116943359, "acc": 0.12328767031431198, "acc_or": 0.4794520437717438, "sender_entropy": 1.8930693864822388, "receiver_entropy": 0.0, "original_loss": 1.300652265548706, "mean_length": 6.0}
{"mode": "train", "epoch": 63, "loss": 5.8880510330200195, "acc": 0.1773972511291504, "acc_or": 0.44280821084976196, "sender_entropy": 1.7916316986083984, "receiver_entropy": 0.0, "original_loss": 1.3983689546585083, "mean_length": 6.0}
{"mode": "test", "epoch": 63, "loss": 5.0223493576049805, "acc": 0.16438356041908264, "acc_or": 0.4931506812572479, "sender_entropy": 1.8739728927612305, "receiver_entropy": 0.0, "original_loss": 1.2597150802612305, "mean_length": 6.0}
{"mode": "train", "epoch": 64, "loss": 6.078317165374756, "acc": 0.1851598173379898, "acc_or": 0.45468035340309143, "sender_entropy": 1.7662605047225952, "receiver_entropy": 0.0, "original_loss": 1.3638830184936523, "mean_length": 6.0}
{"mode": "test", "epoch": 64, "loss": 5.394675254821777, "acc": 0.1780821979045868, "acc_or": 0.5068492889404297, "sender_entropy": 1.8627257347106934, "receiver_entropy": 0.0, "original_loss": 1.1973217725753784, "mean_length": 6.0}
{"mode": "train", "epoch": 65, "loss": 6.115602970123291, "acc": 0.19771689176559448, "acc_or": 0.47168949246406555, "sender_entropy": 1.7610480785369873, "receiver_entropy": 0.0, "original_loss": 1.345065712928772, "mean_length": 6.0}
{"mode": "test", "epoch": 65, "loss": 5.454589366912842, "acc": 0.1780821979045868, "acc_or": 0.5205479264259338, "sender_entropy": 1.8370990753173828, "receiver_entropy": 0.0, "original_loss": 1.1618725061416626, "mean_length": 6.0}
{"mode": "train", "epoch": 66, "loss": 6.292895317077637, "acc": 0.21278537809848785, "acc_or": 0.4864155054092407, "sender_entropy": 1.730771780014038, "receiver_entropy": 0.0, "original_loss": 1.3071105480194092, "mean_length": 6.0}
{"mode": "test", "epoch": 66, "loss": 5.613787651062012, "acc": 0.2054794430732727, "acc_or": 0.534246563911438, "sender_entropy": 1.8110666275024414, "receiver_entropy": 0.0, "original_loss": 1.1035059690475464, "mean_length": 6.0}
{"mode": "train", "epoch": 67, "loss": 6.360813617706299, "acc": 0.22191780805587769, "acc_or": 0.49063926935195923, "sender_entropy": 1.7078779935836792, "receiver_entropy": 0.0, "original_loss": 1.279849886894226, "mean_length": 6.0}
{"mode": "test", "epoch": 67, "loss": 5.30826473236084, "acc": 0.24657534062862396, "acc_or": 0.5616438388824463, "sender_entropy": 1.8003871440887451, "receiver_entropy": 0.0, "original_loss": 1.1327297687530518, "mean_length": 6.0}
{"mode": "train", "epoch": 68, "loss": 6.368645668029785, "acc": 0.23264840245246887, "acc_or": 0.5028538703918457, "sender_entropy": 1.6957204341888428, "receiver_entropy": 0.0, "original_loss": 1.2619718313217163, "mean_length": 6.0}
{"mode": "test", "epoch": 68, "loss": 5.292698860168457, "acc": 0.2602739632129669, "acc_or": 0.5821917653083801, "sender_entropy": 1.792055368423462, "receiver_entropy": 0.0, "original_loss": 1.1189167499542236, "mean_length": 6.0}
{"mode": "train", "epoch": 69, "loss": 6.522948741912842, "acc": 0.23744292557239532, "acc_or": 0.5147260427474976, "sender_entropy": 1.6841912269592285, "receiver_entropy": 0.0, "original_loss": 1.2358671426773071, "mean_length": 6.0}
{"mode": "test", "epoch": 69, "loss": 5.711875915527344, "acc": 0.301369845867157, "acc_or": 0.602739691734314, "sender_entropy": 1.7839672565460205, "receiver_entropy": 0.0, "original_loss": 1.0345478057861328, "mean_length": 6.0}
{"mode": "train", "epoch": 70, "loss": 6.509077548980713, "acc": 0.24155250191688538, "acc_or": 0.521803617477417, "sender_entropy": 1.6854859590530396, "receiver_entropy": 0.0, "original_loss": 1.2205610275268555, "mean_length": 6.0}
{"mode": "test", "epoch": 70, "loss": 5.923005104064941, "acc": 0.24657534062862396, "acc_or": 0.5753424763679504, "sender_entropy": 1.7843513488769531, "receiver_entropy": 0.0, "original_loss": 0.9878337383270264, "mean_length": 6.0}
{"mode": "train", "epoch": 71, "loss": 6.549814701080322, "acc": 0.25, "acc_or": 0.5222602486610413, "sender_entropy": 1.6820838451385498, "receiver_entropy": 0.0, "original_loss": 1.2060362100601196, "mean_length": 6.0}
{"mode": "test", "epoch": 71, "loss": 6.0309739112854, "acc": 0.31506848335266113, "acc_or": 0.6164383292198181, "sender_entropy": 1.781345248222351, "receiver_entropy": 0.0, "original_loss": 0.9597188830375671, "mean_length": 6.0}
{"mode": "train", "epoch": 72, "loss": 6.800076961517334, "acc": 0.2748858332633972, "acc_or": 0.5441780686378479, "sender_entropy": 1.676405906677246, "receiver_entropy": 0.0, "original_loss": 1.167281150817871, "mean_length": 6.0}
{"mode": "test", "epoch": 72, "loss": 6.091659069061279, "acc": 0.34246575832366943, "acc_or": 0.6369863152503967, "sender_entropy": 1.771024227142334, "receiver_entropy": 0.0, "original_loss": 0.9295981526374817, "mean_length": 6.0}
{"mode": "train", "epoch": 73, "loss": 6.753138542175293, "acc": 0.2799086570739746, "acc_or": 0.5538812875747681, "sender_entropy": 1.6659694910049438, "receiver_entropy": 0.0, "original_loss": 1.1483521461486816, "mean_length": 6.0}
{"mode": "test", "epoch": 73, "loss": 6.089248180389404, "acc": 0.34246575832366943, "acc_or": 0.6506849527359009, "sender_entropy": 1.7618743181228638, "receiver_entropy": 0.0, "original_loss": 0.9070633053779602, "mean_length": 6.0}
{"mode": "train", "epoch": 74, "loss": 6.769023418426514, "acc": 0.29155251383781433, "acc_or": 0.5592465400695801, "sender_entropy": 1.6530694961547852, "receiver_entropy": 0.0, "original_loss": 1.1356366872787476, "mean_length": 6.0}
{"mode": "test", "epoch": 74, "loss": 6.294503688812256, "acc": 0.4109588861465454, "acc_or": 0.6712328791618347, "sender_entropy": 1.761930227279663, "receiver_entropy": 0.0, "original_loss": 0.8615728616714478, "mean_length": 6.0}
{"mode": "train", "epoch": 75, "loss": 7.054227828979492, "acc": 0.3180365264415741, "acc_or": 0.5827625393867493, "sender_entropy": 1.6537612676620483, "receiver_entropy": 0.0, "original_loss": 1.0918490886688232, "mean_length": 6.0}
{"mode": "test", "epoch": 75, "loss": 6.486598968505859, "acc": 0.465753436088562, "acc_or": 0.6917808055877686, "sender_entropy": 1.757793664932251, "receiver_entropy": 0.0, "original_loss": 0.8249647617340088, "mean_length": 6.0}
{"mode": "train", "epoch": 76, "loss": 6.9958906173706055, "acc": 0.3212328851222992, "acc_or": 0.5821917653083801, "sender_entropy": 1.6460025310516357, "receiver_entropy": 0.0, "original_loss": 1.0817506313323975, "mean_length": 6.0}
{"mode": "test", "epoch": 76, "loss": 6.445503234863281, "acc": 0.465753436088562, "acc_or": 0.6849315166473389, "sender_entropy": 1.735681176185608, "receiver_entropy": 0.0, "original_loss": 0.7993792295455933, "mean_length": 6.0}
{"mode": "train", "epoch": 77, "loss": 7.109218120574951, "acc": 0.34703195095062256, "acc_or": 0.5996575355529785, "sender_entropy": 1.6244616508483887, "receiver_entropy": 0.0, "original_loss": 1.0475049018859863, "mean_length": 6.0}
{"mode": "test", "epoch": 77, "loss": 6.442161560058594, "acc": 0.5205479264259338, "acc_or": 0.7465753555297852, "sender_entropy": 1.7107590436935425, "receiver_entropy": 0.0, "original_loss": 0.7620205283164978, "mean_length": 6.0}
{"mode": "train", "epoch": 78, "loss": 7.328580856323242, "acc": 0.36484017968177795, "acc_or": 0.6150684952735901, "sender_entropy": 1.5975114107131958, "receiver_entropy": 0.0, "original_loss": 1.00276517868042, "mean_length": 6.0}
{"mode": "test", "epoch": 78, "loss": 6.12735652923584, "acc": 0.5068492889404297, "acc_or": 0.7397260069847107, "sender_entropy": 1.6845701932907104, "receiver_entropy": 0.0, "original_loss": 0.7640198469161987, "mean_length": 6.0}
{"mode": "train", "epoch": 79, "loss": 7.18690824508667, "acc": 0.36621004343032837, "acc_or": 0.6160959005355835, "sender_entropy": 1.5742474794387817, "receiver_entropy": 0.0, "original_loss": 0.9965359568595886, "mean_length": 6.0}
{"mode": "test", "epoch": 79, "loss": 6.085826873779297, "acc": 0.5068492889404297, "acc_or": 0.732876718044281, "sender_entropy": 1.6662471294403076, "receiver_entropy": 0.0, "original_loss": 0.7381377220153809, "mean_length": 6.0}
{"mode": "train", "epoch": 80, "loss": 7.431430816650391, "acc": 0.3842465579509735, "acc_or": 0.6336758136749268, "sender_entropy": 1.5563300848007202, "receiver_entropy": 0.0, "original_loss": 0.9496373534202576, "mean_length": 6.0}
{"mode": "test", "epoch": 80, "loss": 6.073842525482178, "acc": 0.5616438388824463, "acc_or": 0.767123281955719, "sender_entropy": 1.6461331844329834, "receiver_entropy": 0.0, "original_loss": 0.710544764995575, "mean_length": 6.0}
{"mode": "train", "epoch": 81, "loss": 7.427997589111328, "acc": 0.4155251085758209, "acc_or": 0.651940643787384, "sender_entropy": 1.5369681119918823, "receiver_entropy": 0.0, "original_loss": 0.9229953289031982, "mean_length": 6.0}
{"mode": "test", "epoch": 81, "loss": 5.979528427124023, "acc": 0.5479452013969421, "acc_or": 0.7602739930152893, "sender_entropy": 1.6209217309951782, "receiver_entropy": 0.0, "original_loss": 0.6912411451339722, "mean_length": 6.0}
{"mode": "train", "epoch": 82, "loss": 7.257549285888672, "acc": 0.4066210091114044, "acc_or": 0.650114119052887, "sender_entropy": 1.5144742727279663, "receiver_entropy": 0.0, "original_loss": 0.9104850888252258, "mean_length": 6.0}
{"mode": "test", "epoch": 82, "loss": 6.063124179840088, "acc": 0.5890411138534546, "acc_or": 0.7808219194412231, "sender_entropy": 1.5942192077636719, "receiver_entropy": 0.0, "original_loss": 0.643460214138031, "mean_length": 6.0}
{"mode": "train", "epoch": 83, "loss": 7.412906169891357, "acc": 0.439497709274292, "acc_or": 0.6708903908729553, "sender_entropy": 1.4924226999282837, "receiver_entropy": 0.0, "original_loss": 0.8720202445983887, "mean_length": 6.0}
{"mode": "test", "epoch": 83, "loss": 5.909512519836426, "acc": 0.5479452013969421, "acc_or": 0.767123281955719, "sender_entropy": 1.5714149475097656, "receiver_entropy": 0.0, "original_loss": 0.6460916996002197, "mean_length": 6.0}
{"mode": "train", "epoch": 84, "loss": 7.357877254486084, "acc": 0.44931507110595703, "acc_or": 0.677054762840271, "sender_entropy": 1.476900577545166, "receiver_entropy": 0.0, "original_loss": 0.856941819190979, "mean_length": 6.0}
{"mode": "test", "epoch": 84, "loss": 5.931934356689453, "acc": 0.602739691734314, "acc_or": 0.7876712083816528, "sender_entropy": 1.5475283861160278, "receiver_entropy": 0.0, "original_loss": 0.5930318832397461, "mean_length": 6.0}
{"mode": "train", "epoch": 85, "loss": 7.579773902893066, "acc": 0.4746575355529785, "acc_or": 0.6938356161117554, "sender_entropy": 1.462101697921753, "receiver_entropy": 0.0, "original_loss": 0.8127623200416565, "mean_length": 6.0}
{"mode": "test", "epoch": 85, "loss": 5.89833402633667, "acc": 0.6438356041908264, "acc_or": 0.8082191944122314, "sender_entropy": 1.542088270187378, "receiver_entropy": 0.0, "original_loss": 0.5646221041679382, "mean_length": 6.0}
{"mode": "train", "epoch": 86, "loss": 7.4559006690979, "acc": 0.46917808055877686, "acc_or": 0.6892694234848022, "sender_entropy": 1.4531450271606445, "receiver_entropy": 0.0, "original_loss": 0.8128209114074707, "mean_length": 6.0}
{"mode": "test", "epoch": 86, "loss": 6.158747673034668, "acc": 0.6575342416763306, "acc_or": 0.8219177722930908, "sender_entropy": 1.550426721572876, "receiver_entropy": 0.0, "original_loss": 0.5236572027206421, "mean_length": 6.0}
{"mode": "train", "epoch": 87, "loss": 7.37452507019043, "acc": 0.470091313123703, "acc_or": 0.6904109716415405, "sender_entropy": 1.4554132223129272, "receiver_entropy": 0.0, "original_loss": 0.8092589378356934, "mean_length": 6.0}
{"mode": "test", "epoch": 87, "loss": 6.044858455657959, "acc": 0.6575342416763306, "acc_or": 0.8287671208381653, "sender_entropy": 1.5286946296691895, "receiver_entropy": 0.0, "original_loss": 0.5135596990585327, "mean_length": 6.0}
{"mode": "train", "epoch": 88, "loss": 7.53834342956543, "acc": 0.49703195691108704, "acc_or": 0.7093607187271118, "sender_entropy": 1.4406344890594482, "receiver_entropy": 0.0, "original_loss": 0.767505407333374, "mean_length": 6.0}
{"mode": "test", "epoch": 88, "loss": 5.934111595153809, "acc": 0.698630154132843, "acc_or": 0.8424657583236694, "sender_entropy": 1.5045465230941772, "receiver_entropy": 0.0, "original_loss": 0.48941534757614136, "mean_length": 6.0}
{"mode": "train", "epoch": 89, "loss": 7.624370574951172, "acc": 0.5264840126037598, "acc_or": 0.7263698577880859, "sender_entropy": 1.412613868713379, "receiver_entropy": 0.0, "original_loss": 0.7290204763412476, "mean_length": 6.0}
{"mode": "test", "epoch": 89, "loss": 5.95449686050415, "acc": 0.7123287916183472, "acc_or": 0.8493150472640991, "sender_entropy": 1.4910088777542114, "receiver_entropy": 0.0, "original_loss": 0.45918169617652893, "mean_length": 6.0}
{"mode": "train", "epoch": 90, "loss": 7.702028274536133, "acc": 0.5404109358787537, "acc_or": 0.7405251264572144, "sender_entropy": 1.4011279344558716, "receiver_entropy": 0.0, "original_loss": 0.7013062834739685, "mean_length": 6.0}
{"mode": "test", "epoch": 90, "loss": 6.190831184387207, "acc": 0.7808219194412231, "acc_or": 0.8904109597206116, "sender_entropy": 1.4998526573181152, "receiver_entropy": 0.0, "original_loss": 0.42225632071495056, "mean_length": 6.0}
{"mode": "train", "epoch": 91, "loss": 7.6647629737854, "acc": 0.5415524840354919, "acc_or": 0.7392693758010864, "sender_entropy": 1.4061843156814575, "receiver_entropy": 0.0, "original_loss": 0.6940608024597168, "mean_length": 6.0}
{"mode": "test", "epoch": 91, "loss": 5.967199802398682, "acc": 0.698630154132843, "acc_or": 0.8424657583236694, "sender_entropy": 1.4894834756851196, "receiver_entropy": 0.0, "original_loss": 0.457487553358078, "mean_length": 6.0}
{"mode": "train", "epoch": 92, "loss": 7.699394702911377, "acc": 0.5575342178344727, "acc_or": 0.7488584518432617, "sender_entropy": 1.3879657983779907, "receiver_entropy": 0.0, "original_loss": 0.6682135462760925, "mean_length": 6.0}
{"mode": "test", "epoch": 92, "loss": 5.902890205383301, "acc": 0.7397260069847107, "acc_or": 0.8561643958091736, "sender_entropy": 1.466587781906128, "receiver_entropy": 0.0, "original_loss": 0.43412715196609497, "mean_length": 6.0}
{"mode": "train", "epoch": 93, "loss": 7.6785888671875, "acc": 0.5694063901901245, "acc_or": 0.7570776343345642, "sender_entropy": 1.3729166984558105, "receiver_entropy": 0.0, "original_loss": 0.6481161117553711, "mean_length": 6.0}
{"mode": "test", "epoch": 93, "loss": 6.113507270812988, "acc": 0.8219177722930908, "acc_or": 0.9041095972061157, "sender_entropy": 1.4615391492843628, "receiver_entropy": 0.0, "original_loss": 0.37836524844169617, "mean_length": 6.0}
{"mode": "train", "epoch": 94, "loss": 7.683927059173584, "acc": 0.5981734991073608, "acc_or": 0.7713470458984375, "sender_entropy": 1.3669229745864868, "receiver_entropy": 0.0, "original_loss": 0.629916787147522, "mean_length": 6.0}
{"mode": "test", "epoch": 94, "loss": 6.040904998779297, "acc": 0.8493150472640991, "acc_or": 0.9178082346916199, "sender_entropy": 1.446629285812378, "receiver_entropy": 0.0, "original_loss": 0.34968826174736023, "mean_length": 6.0}
{"mode": "train", "epoch": 95, "loss": 7.647997856140137, "acc": 0.6084474921226501, "acc_or": 0.7764840126037598, "sender_entropy": 1.3542773723602295, "receiver_entropy": 0.0, "original_loss": 0.611535906791687, "mean_length": 6.0}
{"mode": "test", "epoch": 95, "loss": 5.968250751495361, "acc": 0.835616409778595, "acc_or": 0.9109588861465454, "sender_entropy": 1.4342259168624878, "receiver_entropy": 0.0, "original_loss": 0.34105581045150757, "mean_length": 6.0}
{"mode": "train", "epoch": 96, "loss": 7.668081283569336, "acc": 0.6143835783004761, "acc_or": 0.7827625274658203, "sender_entropy": 1.337984323501587, "receiver_entropy": 0.0, "original_loss": 0.5887848138809204, "mean_length": 6.0}
{"mode": "test", "epoch": 96, "loss": 5.675208568572998, "acc": 0.767123281955719, "acc_or": 0.8835616111755371, "sender_entropy": 1.4171005487442017, "receiver_entropy": 0.0, "original_loss": 0.3721560835838318, "mean_length": 6.0}
{"mode": "train", "epoch": 97, "loss": 7.611608028411865, "acc": 0.6066209673881531, "acc_or": 0.7807077765464783, "sender_entropy": 1.3248766660690308, "receiver_entropy": 0.0, "original_loss": 0.5782182812690735, "mean_length": 6.0}
{"mode": "test", "epoch": 97, "loss": 5.7250494956970215, "acc": 0.8082191944122314, "acc_or": 0.8972602486610413, "sender_entropy": 1.4154232740402222, "receiver_entropy": 0.0, "original_loss": 0.3380964994430542, "mean_length": 6.0}
{"mode": "train", "epoch": 98, "loss": 7.577836513519287, "acc": 0.6315068602561951, "acc_or": 0.7957762479782104, "sender_entropy": 1.3180867433547974, "receiver_entropy": 0.0, "original_loss": 0.5562487244606018, "mean_length": 6.0}
{"mode": "test", "epoch": 98, "loss": 5.661771297454834, "acc": 0.835616409778595, "acc_or": 0.9178082346916199, "sender_entropy": 1.400246500968933, "receiver_entropy": 0.0, "original_loss": 0.32190853357315063, "mean_length": 6.0}
{"mode": "train", "epoch": 99, "loss": 7.53459358215332, "acc": 0.6424657702445984, "acc_or": 0.8014839887619019, "sender_entropy": 1.3078172206878662, "receiver_entropy": 0.0, "original_loss": 0.5457640290260315, "mean_length": 6.0}
{"mode": "test", "epoch": 99, "loss": 5.572999477386475, "acc": 0.7808219194412231, "acc_or": 0.8904109597206116, "sender_entropy": 1.392953872680664, "receiver_entropy": 0.0, "original_loss": 0.31527045369148254, "mean_length": 6.0}
{"mode": "train", "epoch": 100, "loss": 7.474510669708252, "acc": 0.6522830724716187, "acc_or": 0.8074200749397278, "sender_entropy": 1.3045011758804321, "receiver_entropy": 0.0, "original_loss": 0.5313720703125, "mean_length": 6.0}
{"mode": "test", "epoch": 100, "loss": 5.322659015655518, "acc": 0.7534246444702148, "acc_or": 0.8767123222351074, "sender_entropy": 1.3722352981567383, "receiver_entropy": 0.0, "original_loss": 0.3489157557487488, "mean_length": 6.0}
{"mode": "train", "epoch": 101, "loss": 7.472836494445801, "acc": 0.656620979309082, "acc_or": 0.8132420182228088, "sender_entropy": 1.27838933467865, "receiver_entropy": 0.0, "original_loss": 0.5089101195335388, "mean_length": 6.0}
{"mode": "test", "epoch": 101, "loss": 5.300898551940918, "acc": 0.7945205569267273, "acc_or": 0.8972602486610413, "sender_entropy": 1.352681040763855, "receiver_entropy": 0.0, "original_loss": 0.3011486232280731, "mean_length": 6.0}
{"mode": "train", "epoch": 102, "loss": 7.417471885681152, "acc": 0.6668949723243713, "acc_or": 0.8187214732170105, "sender_entropy": 1.2656795978546143, "receiver_entropy": 0.0, "original_loss": 0.4935304820537567, "mean_length": 6.0}
{"mode": "test", "epoch": 102, "loss": 5.14516544342041, "acc": 0.8493150472640991, "acc_or": 0.9246575236320496, "sender_entropy": 1.34418523311615, "receiver_entropy": 0.0, "original_loss": 0.3000929355621338, "mean_length": 6.0}
{"mode": "train", "epoch": 103, "loss": 7.290555477142334, "acc": 0.6630136966705322, "acc_or": 0.815182626247406, "sender_entropy": 1.2616981267929077, "receiver_entropy": 0.0, "original_loss": 0.4975978136062622, "mean_length": 6.0}
{"mode": "test", "epoch": 103, "loss": 5.222686290740967, "acc": 0.8493150472640991, "acc_or": 0.9246575236320496, "sender_entropy": 1.33536696434021, "receiver_entropy": 0.0, "original_loss": 0.253860741853714, "mean_length": 6.0}
{"mode": "train", "epoch": 104, "loss": 7.461456775665283, "acc": 0.6979451775550842, "acc_or": 0.8343607187271118, "sender_entropy": 1.2645845413208008, "receiver_entropy": 0.0, "original_loss": 0.4588211476802826, "mean_length": 6.0}
{"mode": "test", "epoch": 104, "loss": 5.199908256530762, "acc": 0.8493150472640991, "acc_or": 0.9246575236320496, "sender_entropy": 1.333741545677185, "receiver_entropy": 0.0, "original_loss": 0.2578522861003876, "mean_length": 6.0}
{"mode": "train", "epoch": 105, "loss": 7.351988315582275, "acc": 0.6924657225608826, "acc_or": 0.832305908203125, "sender_entropy": 1.2534242868423462, "receiver_entropy": 0.0, "original_loss": 0.46024829149246216, "mean_length": 6.0}
{"mode": "test", "epoch": 105, "loss": 5.125089168548584, "acc": 0.8630136847496033, "acc_or": 0.931506872177124, "sender_entropy": 1.322860836982727, "receiver_entropy": 0.0, "original_loss": 0.25808003544807434, "mean_length": 6.0}
{"mode": "train", "epoch": 106, "loss": 7.289656639099121, "acc": 0.7125570774078369, "acc_or": 0.8425799012184143, "sender_entropy": 1.2449071407318115, "receiver_entropy": 0.0, "original_loss": 0.43819117546081543, "mean_length": 6.0}
{"mode": "test", "epoch": 106, "loss": 5.215671539306641, "acc": 0.8630136847496033, "acc_or": 0.931506872177124, "sender_entropy": 1.3196213245391846, "receiver_entropy": 0.0, "original_loss": 0.23596416413784027, "mean_length": 6.0}
{"mode": "train", "epoch": 107, "loss": 7.270583152770996, "acc": 0.7121004462242126, "acc_or": 0.8456620573997498, "sender_entropy": 1.2253504991531372, "receiver_entropy": 0.0, "original_loss": 0.43044689297676086, "mean_length": 6.0}
{"mode": "test", "epoch": 107, "loss": 5.202037334442139, "acc": 0.8767123222351074, "acc_or": 0.9383561611175537, "sender_entropy": 1.3150397539138794, "receiver_entropy": 0.0, "original_loss": 0.23534171283245087, "mean_length": 6.0}
{"mode": "train", "epoch": 108, "loss": 7.2834296226501465, "acc": 0.7253424525260925, "acc_or": 0.8514840006828308, "sender_entropy": 1.2230538129806519, "receiver_entropy": 0.0, "original_loss": 0.4108850359916687, "mean_length": 6.0}
{"mode": "test", "epoch": 108, "loss": 5.06116247177124, "acc": 0.8493150472640991, "acc_or": 0.9246575236320496, "sender_entropy": 1.3129581212997437, "receiver_entropy": 0.0, "original_loss": 0.23532135784626007, "mean_length": 6.0}
{"mode": "train", "epoch": 109, "loss": 7.317073345184326, "acc": 0.741552472114563, "acc_or": 0.8616438508033752, "sender_entropy": 1.2190097570419312, "receiver_entropy": 0.0, "original_loss": 0.3948841691017151, "mean_length": 6.0}
{"mode": "test", "epoch": 109, "loss": 5.088766574859619, "acc": 0.8630136847496033, "acc_or": 0.931506872177124, "sender_entropy": 1.313921570777893, "receiver_entropy": 0.0, "original_loss": 0.21970121562480927, "mean_length": 6.0}
{"mode": "train", "epoch": 110, "loss": 7.272618293762207, "acc": 0.7381278276443481, "acc_or": 0.8566209673881531, "sender_entropy": 1.210934042930603, "receiver_entropy": 0.0, "original_loss": 0.39531758427619934, "mean_length": 6.0}
{"mode": "test", "epoch": 110, "loss": 5.094852924346924, "acc": 0.8493150472640991, "acc_or": 0.9246575236320496, "sender_entropy": 1.3188292980194092, "receiver_entropy": 0.0, "original_loss": 0.21169839799404144, "mean_length": 6.0}
{"mode": "train", "epoch": 111, "loss": 7.188225746154785, "acc": 0.7488584518432617, "acc_or": 0.8627853989601135, "sender_entropy": 1.2197242975234985, "receiver_entropy": 0.0, "original_loss": 0.38788583874702454, "mean_length": 6.0}
{"mode": "test", "epoch": 111, "loss": 5.105734348297119, "acc": 0.8630136847496033, "acc_or": 0.931506872177124, "sender_entropy": 1.3252146244049072, "receiver_entropy": 0.0, "original_loss": 0.20173193514347076, "mean_length": 6.0}
{"mode": "train", "epoch": 112, "loss": 7.210427284240723, "acc": 0.7504566311836243, "acc_or": 0.8648401498794556, "sender_entropy": 1.2215887308120728, "receiver_entropy": 0.0, "original_loss": 0.38447117805480957, "mean_length": 6.0}
{"mode": "test", "epoch": 112, "loss": 5.101721286773682, "acc": 0.8904109597206116, "acc_or": 0.9452054500579834, "sender_entropy": 1.3241660594940186, "receiver_entropy": 0.0, "original_loss": 0.177995502948761, "mean_length": 6.0}
{"mode": "train", "epoch": 113, "loss": 7.222248554229736, "acc": 0.7584474682807922, "acc_or": 0.8688356280326843, "sender_entropy": 1.2273979187011719, "receiver_entropy": 0.0, "original_loss": 0.3702991306781769, "mean_length": 6.0}
{"mode": "test", "epoch": 113, "loss": 5.048731327056885, "acc": 0.8630136847496033, "acc_or": 0.931506872177124, "sender_entropy": 1.3239692449569702, "receiver_entropy": 0.0, "original_loss": 0.18273776769638062, "mean_length": 6.0}
{"mode": "train", "epoch": 114, "loss": 7.080749988555908, "acc": 0.7582191824913025, "acc_or": 0.8682648539543152, "sender_entropy": 1.2199894189834595, "receiver_entropy": 0.0, "original_loss": 0.3710019290447235, "mean_length": 6.0}
{"mode": "test", "epoch": 114, "loss": 5.065458297729492, "acc": 0.931506872177124, "acc_or": 0.965753436088562, "sender_entropy": 1.3167296648025513, "receiver_entropy": 0.0, "original_loss": 0.1669861078262329, "mean_length": 6.0}
{"mode": "train", "epoch": 115, "loss": 7.041642189025879, "acc": 0.7586758136749268, "acc_or": 0.8695205450057983, "sender_entropy": 1.215221643447876, "receiver_entropy": 0.0, "original_loss": 0.35734131932258606, "mean_length": 6.0}
{"mode": "test", "epoch": 115, "loss": 5.140577793121338, "acc": 0.9178082346916199, "acc_or": 0.9589040875434875, "sender_entropy": 1.3217990398406982, "receiver_entropy": 0.0, "original_loss": 0.15776506066322327, "mean_length": 6.0}
{"mode": "train", "epoch": 116, "loss": 7.063372611999512, "acc": 0.7682648301124573, "acc_or": 0.8762556910514832, "sender_entropy": 1.2172945737838745, "receiver_entropy": 0.0, "original_loss": 0.35475873947143555, "mean_length": 6.0}
{"mode": "test", "epoch": 116, "loss": 5.154776573181152, "acc": 0.931506872177124, "acc_or": 0.965753436088562, "sender_entropy": 1.32822847366333, "receiver_entropy": 0.0, "original_loss": 0.15329474210739136, "mean_length": 6.0}
{"mode": "train", "epoch": 117, "loss": 7.062046527862549, "acc": 0.7739725708961487, "acc_or": 0.877625584602356, "sender_entropy": 1.2224617004394531, "receiver_entropy": 0.0, "original_loss": 0.3511222004890442, "mean_length": 6.0}
{"mode": "test", "epoch": 117, "loss": 5.134355545043945, "acc": 0.931506872177124, "acc_or": 0.965753436088562, "sender_entropy": 1.3263345956802368, "receiver_entropy": 0.0, "original_loss": 0.15187308192253113, "mean_length": 6.0}
{"mode": "train", "epoch": 118, "loss": 7.081956386566162, "acc": 0.7881278395652771, "acc_or": 0.8871004581451416, "sender_entropy": 1.2229536771774292, "receiver_entropy": 0.0, "original_loss": 0.3322393596172333, "mean_length": 6.0}
{"mode": "test", "epoch": 118, "loss": 5.043892860412598, "acc": 0.9041095972061157, "acc_or": 0.9520547986030579, "sender_entropy": 1.322759985923767, "receiver_entropy": 0.0, "original_loss": 0.16034989058971405, "mean_length": 6.0}
{"mode": "train", "epoch": 119, "loss": 6.96707820892334, "acc": 0.7901826500892639, "acc_or": 0.8875570893287659, "sender_entropy": 1.209546446800232, "receiver_entropy": 0.0, "original_loss": 0.32235807180404663, "mean_length": 6.0}
{"mode": "test", "epoch": 119, "loss": 4.945696830749512, "acc": 0.931506872177124, "acc_or": 0.965753436088562, "sender_entropy": 1.314584732055664, "receiver_entropy": 0.0, "original_loss": 0.16234825551509857, "mean_length": 6.0}
{"mode": "train", "epoch": 120, "loss": 6.749622821807861, "acc": 0.7746575474739075, "acc_or": 0.8777397274971008, "sender_entropy": 1.2024189233779907, "receiver_entropy": 0.0, "original_loss": 0.3417940139770508, "mean_length": 6.0}
{"mode": "test", "epoch": 120, "loss": 4.968898296356201, "acc": 0.931506872177124, "acc_or": 0.965753436088562, "sender_entropy": 1.313455581665039, "receiver_entropy": 0.0, "original_loss": 0.14322683215141296, "mean_length": 6.0}
{"mode": "train", "epoch": 121, "loss": 6.874134063720703, "acc": 0.7993150353431702, "acc_or": 0.8930365443229675, "sender_entropy": 1.2019567489624023, "receiver_entropy": 0.0, "original_loss": 0.30985593795776367, "mean_length": 6.0}
{"mode": "test", "epoch": 121, "loss": 4.797746181488037, "acc": 0.9452054500579834, "acc_or": 0.9726027250289917, "sender_entropy": 1.3029683828353882, "receiver_entropy": 0.0, "original_loss": 0.1543140858411789, "mean_length": 6.0}
{"mode": "train", "epoch": 122, "loss": 6.817119598388672, "acc": 0.7956621050834656, "acc_or": 0.8896118402481079, "sender_entropy": 1.1969082355499268, "receiver_entropy": 0.0, "original_loss": 0.3143182694911957, "mean_length": 6.0}
{"mode": "test", "epoch": 122, "loss": 4.7534942626953125, "acc": 0.931506872177124, "acc_or": 0.965753436088562, "sender_entropy": 1.2977300882339478, "receiver_entropy": 0.0, "original_loss": 0.16545571386814117, "mean_length": 6.0}
{"mode": "train", "epoch": 123, "loss": 6.6381306648254395, "acc": 0.7819634675979614, "acc_or": 0.8839040994644165, "sender_entropy": 1.1994167566299438, "receiver_entropy": 0.0, "original_loss": 0.3292454183101654, "mean_length": 6.0}
{"mode": "test", "epoch": 123, "loss": 4.8324785232543945, "acc": 0.9452054500579834, "acc_or": 0.9726027250289917, "sender_entropy": 1.2933014631271362, "receiver_entropy": 0.0, "original_loss": 0.13746298849582672, "mean_length": 6.0}
{"mode": "train", "epoch": 124, "loss": 6.761751651763916, "acc": 0.8066210150718689, "acc_or": 0.8946346640586853, "sender_entropy": 1.193233847618103, "receiver_entropy": 0.0, "original_loss": 0.3029707670211792, "mean_length": 6.0}
{"mode": "test", "epoch": 124, "loss": 4.786984920501709, "acc": 0.9452054500579834, "acc_or": 0.9726027250289917, "sender_entropy": 1.2873268127441406, "receiver_entropy": 0.0, "original_loss": 0.12641541659832, "mean_length": 6.0}
{"mode": "train", "epoch": 125, "loss": 6.634859085083008, "acc": 0.8011415600776672, "acc_or": 0.8929223418235779, "sender_entropy": 1.1908429861068726, "receiver_entropy": 0.0, "original_loss": 0.3117528259754181, "mean_length": 6.0}
{"mode": "test", "epoch": 125, "loss": 4.846148490905762, "acc": 0.9726027250289917, "acc_or": 0.9863013625144958, "sender_entropy": 1.2972016334533691, "receiver_entropy": 0.0, "original_loss": 0.12275142967700958, "mean_length": 6.0}
{"mode": "train", "epoch": 126, "loss": 6.636861801147461, "acc": 0.801369845867157, "acc_or": 0.892123281955719, "sender_entropy": 1.2026426792144775, "receiver_entropy": 0.0, "original_loss": 0.3005163073539734, "mean_length": 6.0}
{"mode": "test", "epoch": 126, "loss": 4.8325605392456055, "acc": 0.9589040875434875, "acc_or": 0.9794520735740662, "sender_entropy": 1.3095351457595825, "receiver_entropy": 0.0, "original_loss": 0.12863612174987793, "mean_length": 6.0}
{"mode": "train", "epoch": 127, "loss": 6.576506614685059, "acc": 0.794063925743103, "acc_or": 0.889497697353363, "sender_entropy": 1.2126643657684326, "receiver_entropy": 0.0, "original_loss": 0.30988210439682007, "mean_length": 6.0}
{"mode": "test", "epoch": 127, "loss": 4.833114147186279, "acc": 0.9452054500579834, "acc_or": 0.9726027250289917, "sender_entropy": 1.308111310005188, "receiver_entropy": 0.0, "original_loss": 0.12384655326604843, "mean_length": 6.0}
{"mode": "train", "epoch": 128, "loss": 6.594964504241943, "acc": 0.8027397394180298, "acc_or": 0.8942922353744507, "sender_entropy": 1.2140260934829712, "receiver_entropy": 0.0, "original_loss": 0.3010624945163727, "mean_length": 6.0}
{"mode": "test", "epoch": 128, "loss": 4.817491054534912, "acc": 0.9041095972061157, "acc_or": 0.9520547986030579, "sender_entropy": 1.3215004205703735, "receiver_entropy": 0.0, "original_loss": 0.13475143909454346, "mean_length": 6.0}
{"mode": "train", "epoch": 129, "loss": 6.482417106628418, "acc": 0.792237401008606, "acc_or": 0.8882420063018799, "sender_entropy": 1.215873122215271, "receiver_entropy": 0.0, "original_loss": 0.312171071767807, "mean_length": 6.0}
{"mode": "test", "epoch": 129, "loss": 4.747803688049316, "acc": 0.9452054500579834, "acc_or": 0.9726027250289917, "sender_entropy": 1.3053545951843262, "receiver_entropy": 0.0, "original_loss": 0.11501941829919815, "mean_length": 6.0}
{"mode": "train", "epoch": 130, "loss": 6.320409774780273, "acc": 0.7986301183700562, "acc_or": 0.891438364982605, "sender_entropy": 1.216890573501587, "receiver_entropy": 0.0, "original_loss": 0.31487980484962463, "mean_length": 6.0}
{"mode": "test", "epoch": 130, "loss": 4.740158557891846, "acc": 0.9452054500579834, "acc_or": 0.9726027250289917, "sender_entropy": 1.2962045669555664, "receiver_entropy": 0.0, "original_loss": 0.1153058335185051, "mean_length": 6.0}
{"mode": "train", "epoch": 131, "loss": 6.449105739593506, "acc": 0.8095890283584595, "acc_or": 0.8972602486610413, "sender_entropy": 1.2118219137191772, "receiver_entropy": 0.0, "original_loss": 0.29215875267982483, "mean_length": 6.0}
{"mode": "test", "epoch": 131, "loss": 4.667049407958984, "acc": 0.931506872177124, "acc_or": 0.965753436088562, "sender_entropy": 1.294499397277832, "receiver_entropy": 0.0, "original_loss": 0.11771410703659058, "mean_length": 6.0}
{"mode": "train", "epoch": 132, "loss": 6.29850435256958, "acc": 0.802054762840271, "acc_or": 0.8932648301124573, "sender_entropy": 1.1993192434310913, "receiver_entropy": 0.0, "original_loss": 0.3000792860984802, "mean_length": 6.0}
{"mode": "test", "epoch": 132, "loss": 4.659388542175293, "acc": 0.9452054500579834, "acc_or": 0.9726027250289917, "sender_entropy": 1.2900274991989136, "receiver_entropy": 0.0, "original_loss": 0.09588663280010223, "mean_length": 6.0}
{"mode": "train", "epoch": 133, "loss": 6.344383239746094, "acc": 0.8047944903373718, "acc_or": 0.8964611887931824, "sender_entropy": 1.1967300176620483, "receiver_entropy": 0.0, "original_loss": 0.28942835330963135, "mean_length": 6.0}
{"mode": "test", "epoch": 133, "loss": 4.568294525146484, "acc": 0.9452054500579834, "acc_or": 0.9726027250289917, "sender_entropy": 1.2795205116271973, "receiver_entropy": 0.0, "original_loss": 0.0934525728225708, "mean_length": 6.0}
{"mode": "train", "epoch": 134, "loss": 6.280968189239502, "acc": 0.8180364966392517, "acc_or": 0.9037671089172363, "sender_entropy": 1.1945451498031616, "receiver_entropy": 0.0, "original_loss": 0.28018659353256226, "mean_length": 6.0}
{"mode": "test", "epoch": 134, "loss": 4.586759090423584, "acc": 0.9726027250289917, "acc_or": 0.9863013625144958, "sender_entropy": 1.2862517833709717, "receiver_entropy": 0.0, "original_loss": 0.08757913112640381, "mean_length": 6.0}
{"mode": "train", "epoch": 135, "loss": 6.204250812530518, "acc": 0.8173515796661377, "acc_or": 0.9036529660224915, "sender_entropy": 1.1966460943222046, "receiver_entropy": 0.0, "original_loss": 0.280909925699234, "mean_length": 6.0}
{"mode": "test", "epoch": 135, "loss": 4.572253227233887, "acc": 0.9589040875434875, "acc_or": 0.9794520735740662, "sender_entropy": 1.2871782779693604, "receiver_entropy": 0.0, "original_loss": 0.09049010276794434, "mean_length": 6.0}
{"mode": "train", "epoch": 136, "loss": 6.226592540740967, "acc": 0.8212328553199768, "acc_or": 0.9053652882575989, "sender_entropy": 1.1901708841323853, "receiver_entropy": 0.0, "original_loss": 0.2723402976989746, "mean_length": 6.0}
{"mode": "test", "epoch": 136, "loss": 4.570643424987793, "acc": 0.9589040875434875, "acc_or": 0.9794520735740662, "sender_entropy": 1.2952693700790405, "receiver_entropy": 0.0, "original_loss": 0.1095009297132492, "mean_length": 6.0}
{"mode": "train", "epoch": 137, "loss": 6.243417739868164, "acc": 0.8196346759796143, "acc_or": 0.9039953947067261, "sender_entropy": 1.1916966438293457, "receiver_entropy": 0.0, "original_loss": 0.2667950391769409, "mean_length": 6.0}
{"mode": "test", "epoch": 137, "loss": 4.532077312469482, "acc": 0.9589040875434875, "acc_or": 0.9794520735740662, "sender_entropy": 1.2909870147705078, "receiver_entropy": 0.0, "original_loss": 0.10539635270833969, "mean_length": 6.0}
{"mode": "train", "epoch": 138, "loss": 6.305601596832275, "acc": 0.8401826620101929, "acc_or": 0.9141552448272705, "sender_entropy": 1.1945149898529053, "receiver_entropy": 0.0, "original_loss": 0.25907570123672485, "mean_length": 6.0}
{"mode": "test", "epoch": 138, "loss": 4.554562091827393, "acc": 0.9726027250289917, "acc_or": 0.9863013625144958, "sender_entropy": 1.2798882722854614, "receiver_entropy": 0.0, "original_loss": 0.08398295938968658, "mean_length": 6.0}
{"mode": "train", "epoch": 139, "loss": 6.223586559295654, "acc": 0.8287671208381653, "acc_or": 0.9090182781219482, "sender_entropy": 1.1914558410644531, "receiver_entropy": 0.0, "original_loss": 0.26644232869148254, "mean_length": 6.0}
{"mode": "test", "epoch": 139, "loss": 4.499929428100586, "acc": 0.9452054500579834, "acc_or": 0.9726027250289917, "sender_entropy": 1.2782193422317505, "receiver_entropy": 0.0, "original_loss": 0.08779199421405792, "mean_length": 6.0}
{"mode": "train", "epoch": 140, "loss": 6.144388675689697, "acc": 0.8337899446487427, "acc_or": 0.9095890522003174, "sender_entropy": 1.1925849914550781, "receiver_entropy": 0.0, "original_loss": 0.26585695147514343, "mean_length": 6.0}
{"mode": "test", "epoch": 140, "loss": 4.484480857849121, "acc": 0.9726027250289917, "acc_or": 0.9863013625144958, "sender_entropy": 1.2740577459335327, "receiver_entropy": 0.0, "original_loss": 0.07412085682153702, "mean_length": 6.0}
{"mode": "train", "epoch": 141, "loss": 6.124197959899902, "acc": 0.8408675789833069, "acc_or": 0.9130136966705322, "sender_entropy": 1.1950074434280396, "receiver_entropy": 0.0, "original_loss": 0.2562287449836731, "mean_length": 6.0}
{"mode": "test", "epoch": 141, "loss": 4.561694622039795, "acc": 0.9863013625144958, "acc_or": 0.9931506514549255, "sender_entropy": 1.2859878540039062, "receiver_entropy": 0.0, "original_loss": 0.05615343898534775, "mean_length": 6.0}
{"mode": "train", "epoch": 142, "loss": 6.158293724060059, "acc": 0.8392693996429443, "acc_or": 0.9144976735115051, "sender_entropy": 1.2016880512237549, "receiver_entropy": 0.0, "original_loss": 0.25179123878479004, "mean_length": 6.0}
{"mode": "test", "epoch": 142, "loss": 4.523735046386719, "acc": 0.9863013625144958, "acc_or": 0.9931506514549255, "sender_entropy": 1.3041865825653076, "receiver_entropy": 0.0, "original_loss": 0.07018588483333588, "mean_length": 6.0}
{"mode": "train", "epoch": 143, "loss": 6.101222991943359, "acc": 0.8392693996429443, "acc_or": 0.913926899433136, "sender_entropy": 1.2157267332077026, "receiver_entropy": 0.0, "original_loss": 0.2507627606391907, "mean_length": 6.0}
{"mode": "test", "epoch": 143, "loss": 4.5470428466796875, "acc": 0.9863013625144958, "acc_or": 0.9931506514549255, "sender_entropy": 1.3169400691986084, "receiver_entropy": 0.0, "original_loss": 0.07119501382112503, "mean_length": 6.0}
{"mode": "train", "epoch": 144, "loss": 5.851879596710205, "acc": 0.8091323971748352, "acc_or": 0.8989725708961487, "sender_entropy": 1.2198586463928223, "receiver_entropy": 0.0, "original_loss": 0.2889612019062042, "mean_length": 6.0}
{"mode": "test", "epoch": 144, "loss": 4.53510856628418, "acc": 0.9726027250289917, "acc_or": 0.9863013625144958, "sender_entropy": 1.3166216611862183, "receiver_entropy": 0.0, "original_loss": 0.07142373919487, "mean_length": 6.0}
{"mode": "train", "epoch": 145, "loss": 5.99636697769165, "acc": 0.8305935859680176, "acc_or": 0.9089040756225586, "sender_entropy": 1.215592861175537, "receiver_entropy": 0.0, "original_loss": 0.25850290060043335, "mean_length": 6.0}
{"mode": "test", "epoch": 145, "loss": 4.493150234222412, "acc": 0.9726027250289917, "acc_or": 0.9863013625144958, "sender_entropy": 1.308652400970459, "receiver_entropy": 0.0, "original_loss": 0.06929919868707657, "mean_length": 6.0}
{"mode": "train", "epoch": 146, "loss": 5.990218639373779, "acc": 0.8326483964920044, "acc_or": 0.9116438031196594, "sender_entropy": 1.2185159921646118, "receiver_entropy": 0.0, "original_loss": 0.25916415452957153, "mean_length": 6.0}
{"mode": "test", "epoch": 146, "loss": 4.40372371673584, "acc": 0.9589040875434875, "acc_or": 0.9794520735740662, "sender_entropy": 1.309517741203308, "receiver_entropy": 0.0, "original_loss": 0.08272857964038849, "mean_length": 6.0}
{"mode": "train", "epoch": 147, "loss": 5.960037708282471, "acc": 0.8378995060920715, "acc_or": 0.9140411019325256, "sender_entropy": 1.2161537408828735, "receiver_entropy": 0.0, "original_loss": 0.2569519877433777, "mean_length": 6.0}
{"mode": "test", "epoch": 147, "loss": 4.403938293457031, "acc": 0.9726027250289917, "acc_or": 0.9863013625144958, "sender_entropy": 1.3077809810638428, "receiver_entropy": 0.0, "original_loss": 0.07265973091125488, "mean_length": 6.0}
{"mode": "train", "epoch": 148, "loss": 6.005562782287598, "acc": 0.8347032070159912, "acc_or": 0.9110730290412903, "sender_entropy": 1.2190501689910889, "receiver_entropy": 0.0, "original_loss": 0.2479250282049179, "mean_length": 6.0}
{"mode": "test", "epoch": 148, "loss": 4.350780010223389, "acc": 0.9726027250289917, "acc_or": 0.9863013625144958, "sender_entropy": 1.3067575693130493, "receiver_entropy": 0.0, "original_loss": 0.07144342362880707, "mean_length": 6.0}
{"mode": "train", "epoch": 149, "loss": 5.93999719619751, "acc": 0.8388127684593201, "acc_or": 0.9155250787734985, "sender_entropy": 1.2175465822219849, "receiver_entropy": 0.0, "original_loss": 0.24600021541118622, "mean_length": 6.0}
{"mode": "test", "epoch": 149, "loss": 4.377472877502441, "acc": 1.0, "acc_or": 1.0, "sender_entropy": 1.3056213855743408, "receiver_entropy": 0.0, "original_loss": 0.05594060197472572, "mean_length": 6.0}
{"epoch": 149, "positional_disent": 0.0989876389503479, "bag_of_symbol_disent": 0.18540365993976593, "topographic_sim": 0.4505214642420457}
{"generalization hold out": {"acc": 1.0, "acc_or": 1.0}, "uniform holdout": {"acc": 0.0, "acc_or": 0.3125}, "epoch": 149}
---End--
