nohup: ignoring input
{"mode": "train", "epoch": 1, "loss": -4.162686177662441, "acc": 0.0018747343232722155, "acc_or": 0.04185334380183901, "sender_entropy": 2.300776890345982, "receiver_entropy": 0.0, "original_loss": 3.205900566918509, "mean_length": 6.0}
{"mode": "test", "epoch": 1, "loss": 2.2078752517700195, "acc": 0.0019267823081463575, "acc_or": 0.03757225349545479, "sender_entropy": 2.3000028133392334, "receiver_entropy": 0.0, "original_loss": 3.193286657333374, "mean_length": 6.0}
{"mode": "train", "epoch": 2, "loss": 2.2754792826516286, "acc": 0.0028287096980160902, "acc_or": 0.045118516577141624, "sender_entropy": 2.3003175939832414, "receiver_entropy": 0.0, "original_loss": 3.1820802688598633, "mean_length": 6.0}
{"mode": "test", "epoch": 2, "loss": 2.230640411376953, "acc": 0.0019267823081463575, "acc_or": 0.04142582044005394, "sender_entropy": 2.3004915714263916, "receiver_entropy": 0.0, "original_loss": 3.178711414337158, "mean_length": 6.0}
{"mode": "train", "epoch": 3, "loss": 2.1863035474504744, "acc": 0.0016462053837520735, "acc_or": 0.04543340791549001, "sender_entropy": 2.3005876881735667, "receiver_entropy": 0.0, "original_loss": 3.180349656513759, "mean_length": 6.0}
{"mode": "test", "epoch": 3, "loss": 2.4152867794036865, "acc": 0.0019267823081463575, "acc_or": 0.05780347064137459, "sender_entropy": 2.3008639812469482, "receiver_entropy": 0.0, "original_loss": 3.1587581634521484, "mean_length": 6.0}
{"mode": "train", "epoch": 4, "loss": 2.1540940148489818, "acc": 0.0018415179303182022, "acc_or": 0.04503746862922396, "sender_entropy": 2.3009797164372037, "receiver_entropy": 0.0, "original_loss": 3.178985561643328, "mean_length": 6.0}
{"mode": "test", "epoch": 4, "loss": 2.5701770782470703, "acc": 0.00770712923258543, "acc_or": 0.09441233426332474, "sender_entropy": 2.301147937774658, "receiver_entropy": 0.0, "original_loss": 3.143411159515381, "mean_length": 6.0}
{"mode": "train", "epoch": 5, "loss": 2.1584913390023366, "acc": 0.0024327700126117895, "acc_or": 0.04750212601252964, "sender_entropy": 2.301211357116699, "receiver_entropy": 0.0, "original_loss": 3.176102263586862, "mean_length": 6.0}
{"mode": "test", "epoch": 5, "loss": 2.7436561584472656, "acc": 0.013487475924193859, "acc_or": 0.11753372102975845, "sender_entropy": 2.301112174987793, "receiver_entropy": 0.0, "original_loss": 3.1269140243530273, "mean_length": 6.0}
{"mode": "train", "epoch": 6, "loss": 2.1469736439841136, "acc": 0.0022932611173018813, "acc_or": 0.049273890044007986, "sender_entropy": 2.300988095147269, "receiver_entropy": 0.0, "original_loss": 3.1748906544276645, "mean_length": 6.0}
{"mode": "test", "epoch": 6, "loss": 3.1160073280334473, "acc": 0.02119460515677929, "acc_or": 0.15317919850349426, "sender_entropy": 2.3005824089050293, "receiver_entropy": 0.0, "original_loss": 3.0941481590270996, "mean_length": 6.0}
{"mode": "train", "epoch": 7, "loss": 2.1641839912959506, "acc": 0.0031967475744230406, "acc_or": 0.05288384961230414, "sender_entropy": 2.3001278809138705, "receiver_entropy": 0.0, "original_loss": 3.171679667064122, "mean_length": 6.0}
{"mode": "test", "epoch": 7, "loss": 3.612156867980957, "acc": 0.019267823547124863, "acc_or": 0.16377650201320648, "sender_entropy": 2.2986059188842773, "receiver_entropy": 0.0, "original_loss": 3.048032760620117, "mean_length": 6.0}
{"mode": "train", "epoch": 8, "loss": 2.2064321041107178, "acc": 0.0033309418109378646, "acc_or": 0.05822305594171796, "sender_entropy": 2.295541082109724, "receiver_entropy": 0.0, "original_loss": 3.1660281249455045, "mean_length": 6.0}
{"mode": "test", "epoch": 8, "loss": 4.25394344329834, "acc": 0.017341040074825287, "acc_or": 0.20616570115089417, "sender_entropy": 2.2855076789855957, "receiver_entropy": 0.0, "original_loss": 2.9756546020507812, "mean_length": 6.0}
{"mode": "train", "epoch": 9, "loss": 2.8158866677965437, "acc": 0.0074258612003177404, "acc_or": 0.09184736652033669, "sender_entropy": 2.2473936080932617, "receiver_entropy": 0.0, "original_loss": 3.1076766082218716, "mean_length": 6.0}
{"mode": "test", "epoch": 9, "loss": 5.302846908569336, "acc": 0.013487475924193859, "acc_or": 0.1820809245109558, "sender_entropy": 2.1583750247955322, "receiver_entropy": 0.0, "original_loss": 2.771014928817749, "mean_length": 6.0}
{"mode": "train", "epoch": 10, "loss": 5.141098873955863, "acc": 0.01568346124674593, "acc_or": 0.14927721236433303, "sender_entropy": 2.0283059052058627, "receiver_entropy": 0.0, "original_loss": 2.8349632195064, "mean_length": 6.0}
{"mode": "test", "epoch": 10, "loss": 5.332823753356934, "acc": 0.01541425846517086, "acc_or": 0.21290944516658783, "sender_entropy": 1.940205454826355, "receiver_entropy": 0.0, "original_loss": 2.5844597816467285, "mean_length": 6.0}
{"mode": "train", "epoch": 11, "loss": 6.425443921770368, "acc": 0.024734269561512128, "acc_or": 0.18749070167541504, "sender_entropy": 1.89165427003588, "receiver_entropy": 0.0, "original_loss": 2.628988368170602, "mean_length": 6.0}
{"mode": "test", "epoch": 11, "loss": 5.402090549468994, "acc": 0.02504817023873329, "acc_or": 0.23892100155353546, "sender_entropy": 1.9147511720657349, "receiver_entropy": 0.0, "original_loss": 2.485987424850464, "mean_length": 6.0}
{"mode": "train", "epoch": 12, "loss": 7.010704176766532, "acc": 0.03558540690158095, "acc_or": 0.21686596955571855, "sender_entropy": 1.801310317856925, "receiver_entropy": 0.0, "original_loss": 2.4814963340759277, "mean_length": 6.0}
{"mode": "test", "epoch": 12, "loss": 6.099006652832031, "acc": 0.04238921031355858, "acc_or": 0.23892100155353546, "sender_entropy": 1.8067184686660767, "receiver_entropy": 0.0, "original_loss": 2.2714650630950928, "mean_length": 6.0}
{"mode": "train", "epoch": 13, "loss": 7.5537873676845, "acc": 0.04762170570237296, "acc_or": 0.24900882797581808, "sender_entropy": 1.6914907353264945, "receiver_entropy": 0.0, "original_loss": 2.3294616426740373, "mean_length": 6.0}
{"mode": "test", "epoch": 13, "loss": 6.881630897521973, "acc": 0.06743738055229187, "acc_or": 0.3005780279636383, "sender_entropy": 1.7958470582962036, "receiver_entropy": 0.0, "original_loss": 2.095266103744507, "mean_length": 6.0}
{"mode": "train", "epoch": 14, "loss": 8.000944137573242, "acc": 0.055540497813905985, "acc_or": 0.27044935311589924, "sender_entropy": 1.6773733752114433, "receiver_entropy": 0.0, "original_loss": 2.218242883682251, "mean_length": 6.0}
{"mode": "test", "epoch": 14, "loss": 7.037042617797852, "acc": 0.0732177272439003, "acc_or": 0.323699414730072, "sender_entropy": 1.7824715375900269, "receiver_entropy": 0.0, "original_loss": 1.9846988916397095, "mean_length": 6.0}
{"mode": "train", "epoch": 15, "loss": 8.571160588945661, "acc": 0.07296450010367803, "acc_or": 0.30181960122925894, "sender_entropy": 1.6298408167702811, "receiver_entropy": 0.0, "original_loss": 2.0682607207979475, "mean_length": 6.0}
{"mode": "test", "epoch": 15, "loss": 7.175031661987305, "acc": 0.08670520037412643, "acc_or": 0.3487476110458374, "sender_entropy": 1.725152611732483, "receiver_entropy": 0.0, "original_loss": 1.8413151502609253, "mean_length": 6.0}
{"mode": "train", "epoch": 16, "loss": 8.861513001578194, "acc": 0.09191379802567619, "acc_or": 0.33286233033452717, "sender_entropy": 1.5462895461491175, "receiver_entropy": 0.0, "original_loss": 1.9237083366939, "mean_length": 6.0}
{"mode": "test", "epoch": 16, "loss": 7.069195747375488, "acc": 0.10211946070194244, "acc_or": 0.3815028965473175, "sender_entropy": 1.639472246170044, "receiver_entropy": 0.0, "original_loss": 1.7358964681625366, "mean_length": 6.0}
{"mode": "train", "epoch": 17, "loss": 9.01466601235526, "acc": 0.11544164695910045, "acc_or": 0.36162441968917847, "sender_entropy": 1.4986637319837297, "receiver_entropy": 0.0, "original_loss": 1.8101694072995866, "mean_length": 6.0}
{"mode": "test", "epoch": 17, "loss": 7.620833873748779, "acc": 0.16570328176021576, "acc_or": 0.439306378364563, "sender_entropy": 1.655387043952942, "receiver_entropy": 0.0, "original_loss": 1.5655299425125122, "mean_length": 6.0}
{"mode": "train", "epoch": 18, "loss": 9.127340316772461, "acc": 0.13319116830825806, "acc_or": 0.3891017053808485, "sender_entropy": 1.4701614720480782, "receiver_entropy": 0.0, "original_loss": 1.7111156497682845, "mean_length": 6.0}
{"mode": "test", "epoch": 18, "loss": 7.667562007904053, "acc": 0.19267822802066803, "acc_or": 0.4826589822769165, "sender_entropy": 1.5973808765411377, "receiver_entropy": 0.0, "original_loss": 1.4322729110717773, "mean_length": 6.0}
{"mode": "train", "epoch": 19, "loss": 9.223675046648298, "acc": 0.16565290519169398, "acc_or": 0.4271982652800424, "sender_entropy": 1.412929586001805, "receiver_entropy": 0.0, "original_loss": 1.5921557460512434, "mean_length": 6.0}
{"mode": "test", "epoch": 19, "loss": 7.740990161895752, "acc": 0.2601156234741211, "acc_or": 0.5346820950508118, "sender_entropy": 1.5607753992080688, "receiver_entropy": 0.0, "original_loss": 1.2984720468521118, "mean_length": 6.0}
{"mode": "train", "epoch": 20, "loss": 9.15478229522705, "acc": 0.18651546963623591, "acc_or": 0.4468696926321302, "sender_entropy": 1.399958678654262, "receiver_entropy": 0.0, "original_loss": 1.5226944174085344, "mean_length": 6.0}
{"mode": "test", "epoch": 20, "loss": 7.6510396003723145, "acc": 0.2947976887226105, "acc_or": 0.5616570711135864, "sender_entropy": 1.5361300706863403, "receiver_entropy": 0.0, "original_loss": 1.2189353704452515, "mean_length": 6.0}
{"mode": "train", "epoch": 21, "loss": 9.153267724173409, "acc": 0.21696561787809646, "acc_or": 0.4800648433821542, "sender_entropy": 1.3629276411873954, "receiver_entropy": 0.0, "original_loss": 1.4310413939612252, "mean_length": 6.0}
{"mode": "test", "epoch": 21, "loss": 7.466280937194824, "acc": 0.3564547300338745, "acc_or": 0.6252408623695374, "sender_entropy": 1.4828022718429565, "receiver_entropy": 0.0, "original_loss": 1.097171425819397, "mean_length": 6.0}
{"mode": "train", "epoch": 22, "loss": 9.000551223754883, "acc": 0.24836044226373946, "acc_or": 0.5141913975988116, "sender_entropy": 1.3092960630144392, "receiver_entropy": 0.0, "original_loss": 1.3407777377537318, "mean_length": 6.0}
{"mode": "test", "epoch": 22, "loss": 7.139305114746094, "acc": 0.3757225573062897, "acc_or": 0.6358381509780884, "sender_entropy": 1.4271385669708252, "receiver_entropy": 0.0, "original_loss": 1.0293824672698975, "mean_length": 6.0}
{"mode": "train", "epoch": 23, "loss": 8.976078850882393, "acc": 0.2934630215167999, "acc_or": 0.5534066898482186, "sender_entropy": 1.2551119327545166, "receiver_entropy": 0.0, "original_loss": 1.2406113658632552, "mean_length": 6.0}
{"mode": "test", "epoch": 23, "loss": 7.117691993713379, "acc": 0.48362237215042114, "acc_or": 0.7080925107002258, "sender_entropy": 1.3850325345993042, "receiver_entropy": 0.0, "original_loss": 0.9094107151031494, "mean_length": 6.0}
{"mode": "train", "epoch": 24, "loss": 8.699015889848981, "acc": 0.3137888014316559, "acc_or": 0.5737583892686027, "sender_entropy": 1.2253128801073347, "receiver_entropy": 0.0, "original_loss": 1.18326359135764, "mean_length": 6.0}
{"mode": "test", "epoch": 24, "loss": 6.773510932922363, "acc": 0.49132949113845825, "acc_or": 0.712909460067749, "sender_entropy": 1.3496291637420654, "receiver_entropy": 0.0, "original_loss": 0.8604424595832825, "mean_length": 6.0}
{"mode": "train", "epoch": 25, "loss": 8.561818531581334, "acc": 0.34465482405253817, "acc_or": 0.5993044631821769, "sender_entropy": 1.199333940233503, "receiver_entropy": 0.0, "original_loss": 1.1234476736613683, "mean_length": 6.0}
{"mode": "test", "epoch": 25, "loss": 6.498142242431641, "acc": 0.49132949113845825, "acc_or": 0.7225433588027954, "sender_entropy": 1.3193687200546265, "receiver_entropy": 0.0, "original_loss": 0.829862117767334, "mean_length": 6.0}
{"mode": "train", "epoch": 26, "loss": 8.467374392918178, "acc": 0.3877697246415274, "acc_or": 0.6297864999089923, "sender_entropy": 1.167439239365714, "receiver_entropy": 0.0, "original_loss": 1.047372273036412, "mean_length": 6.0}
{"mode": "test", "epoch": 26, "loss": 6.312084197998047, "acc": 0.5606936812400818, "acc_or": 0.7610790133476257, "sender_entropy": 1.2759764194488525, "receiver_entropy": 0.0, "original_loss": 0.7401549816131592, "mean_length": 6.0}
{"mode": "train", "epoch": 27, "loss": 8.209893226623535, "acc": 0.411332117659705, "acc_or": 0.6514675191470555, "sender_entropy": 1.1316324302128382, "receiver_entropy": 0.0, "original_loss": 0.9905154619898114, "mean_length": 6.0}
{"mode": "test", "epoch": 27, "loss": 6.140891075134277, "acc": 0.6107900142669678, "acc_or": 0.789017379283905, "sender_entropy": 1.2319309711456299, "receiver_entropy": 0.0, "original_loss": 0.6776865124702454, "mean_length": 6.0}
{"mode": "train", "epoch": 28, "loss": 8.122783388410296, "acc": 0.4527330526283809, "acc_or": 0.6798090934753418, "sender_entropy": 1.0975867339542933, "receiver_entropy": 0.0, "original_loss": 0.9131815178053719, "mean_length": 6.0}
{"mode": "test", "epoch": 28, "loss": 6.0794901847839355, "acc": 0.6512524485588074, "acc_or": 0.8188824653625488, "sender_entropy": 1.213395118713379, "receiver_entropy": 0.0, "original_loss": 0.5970264077186584, "mean_length": 6.0}
{"mode": "train", "epoch": 29, "loss": 7.9310120173863, "acc": 0.46321482743535725, "acc_or": 0.6863533854484558, "sender_entropy": 1.0968079566955566, "receiver_entropy": 0.0, "original_loss": 0.878565388066428, "mean_length": 6.0}
{"mode": "test", "epoch": 29, "loss": 5.786911964416504, "acc": 0.6589595675468445, "acc_or": 0.8188824653625488, "sender_entropy": 1.1912540197372437, "receiver_entropy": 0.0, "original_loss": 0.5790126323699951, "mean_length": 6.0}
{"mode": "train", "epoch": 30, "loss": 7.6968697139195035, "acc": 0.48391662750925335, "acc_or": 0.7012004511696952, "sender_entropy": 1.0582380124500819, "receiver_entropy": 0.0, "original_loss": 0.8340938261577061, "mean_length": 6.0}
{"mode": "test", "epoch": 30, "loss": 5.501629829406738, "acc": 0.7148362398147583, "acc_or": 0.8487476110458374, "sender_entropy": 1.1403523683547974, "receiver_entropy": 0.0, "original_loss": 0.5342135429382324, "mean_length": 6.0}
{"mode": "train", "epoch": 31, "loss": 7.394535200936454, "acc": 0.5325454558644976, "acc_or": 0.7328716346195766, "sender_entropy": 1.0140652741704668, "receiver_entropy": 0.0, "original_loss": 0.7754807131631034, "mean_length": 6.0}
{"mode": "test", "epoch": 31, "loss": 5.27945613861084, "acc": 0.7321772575378418, "acc_or": 0.8622350692749023, "sender_entropy": 1.1008440256118774, "receiver_entropy": 0.0, "original_loss": 0.48404988646507263, "mean_length": 6.0}
{"mode": "train", "epoch": 32, "loss": 7.094512939453125, "acc": 0.5242187636239188, "acc_or": 0.7316293460982186, "sender_entropy": 0.9989592858723232, "receiver_entropy": 0.0, "original_loss": 0.7620774592672076, "mean_length": 6.0}
{"mode": "test", "epoch": 32, "loss": 5.155778408050537, "acc": 0.7321772575378418, "acc_or": 0.8583815097808838, "sender_entropy": 1.100327730178833, "receiver_entropy": 0.0, "original_loss": 0.4697532057762146, "mean_length": 6.0}
{"mode": "train", "epoch": 33, "loss": 7.038995810917446, "acc": 0.5394066401890346, "acc_or": 0.7396112680435181, "sender_entropy": 0.9999961512429374, "receiver_entropy": 0.0, "original_loss": 0.7413128784724644, "mean_length": 6.0}
{"mode": "test", "epoch": 33, "loss": 5.125085830688477, "acc": 0.7341040372848511, "acc_or": 0.8603082895278931, "sender_entropy": 1.1057096719741821, "receiver_entropy": 0.0, "original_loss": 0.4449109137058258, "mean_length": 6.0}
{"mode": "train", "epoch": 34, "loss": 6.899598939078195, "acc": 0.5478754980223519, "acc_or": 0.7446608032499041, "sender_entropy": 1.0030179534639632, "receiver_entropy": 0.0, "original_loss": 0.7158639430999756, "mean_length": 6.0}
{"mode": "test", "epoch": 34, "loss": 4.87845516204834, "acc": 0.7167630195617676, "acc_or": 0.8554913401603699, "sender_entropy": 1.0889103412628174, "receiver_entropy": 0.0, "original_loss": 0.45799505710601807, "mean_length": 6.0}
{"mode": "train", "epoch": 35, "loss": 6.73142215183803, "acc": 0.5744831647191729, "acc_or": 0.7599011574472699, "sender_entropy": 0.9713765893663678, "receiver_entropy": 0.0, "original_loss": 0.6735580563545227, "mean_length": 6.0}
{"mode": "test", "epoch": 35, "loss": 4.712317943572998, "acc": 0.8111753463745117, "acc_or": 0.9036608934402466, "sender_entropy": 1.0427719354629517, "receiver_entropy": 0.0, "original_loss": 0.37899935245513916, "mean_length": 6.0}
{"mode": "train", "epoch": 36, "loss": 6.686820779527936, "acc": 0.611322820186615, "acc_or": 0.785633248942239, "sender_entropy": 0.9442096522876194, "receiver_entropy": 0.0, "original_loss": 0.6155857358660016, "mean_length": 6.0}
{"mode": "test", "epoch": 36, "loss": 4.660580635070801, "acc": 0.8092485666275024, "acc_or": 0.9036608934402466, "sender_entropy": 1.025856614112854, "receiver_entropy": 0.0, "original_loss": 0.349445104598999, "mean_length": 6.0}
{"mode": "train", "epoch": 37, "loss": 6.532159260341099, "acc": 0.6394185934747968, "acc_or": 0.8020155940737043, "sender_entropy": 0.9293256998062134, "receiver_entropy": 0.0, "original_loss": 0.578835163797651, "mean_length": 6.0}
{"mode": "test", "epoch": 37, "loss": 4.358065605163574, "acc": 0.8188824653625488, "acc_or": 0.9084778428077698, "sender_entropy": 1.0002816915512085, "receiver_entropy": 0.0, "original_loss": 0.3328391909599304, "mean_length": 6.0}
{"mode": "train", "epoch": 38, "loss": 6.388621262141636, "acc": 0.6524593659809658, "acc_or": 0.8104140332766941, "sender_entropy": 0.9079633355140686, "receiver_entropy": 0.0, "original_loss": 0.5483304517609733, "mean_length": 6.0}
{"mode": "test", "epoch": 38, "loss": 4.327199459075928, "acc": 0.849711000919342, "acc_or": 0.9190751314163208, "sender_entropy": 0.9963706731796265, "receiver_entropy": 0.0, "original_loss": 0.31227290630340576, "mean_length": 6.0}
{"mode": "train", "epoch": 39, "loss": 6.217582838875907, "acc": 0.6668885690825326, "acc_or": 0.8170174445424762, "sender_entropy": 0.9087967957769122, "receiver_entropy": 0.0, "original_loss": 0.5362494587898254, "mean_length": 6.0}
{"mode": "test", "epoch": 39, "loss": 4.189591407775879, "acc": 0.8420038819313049, "acc_or": 0.9181117415428162, "sender_entropy": 0.9783174395561218, "receiver_entropy": 0.0, "original_loss": 0.30146118998527527, "mean_length": 6.0}
{"mode": "train", "epoch": 40, "loss": 6.013586112431118, "acc": 0.6603608812604632, "acc_or": 0.8132845759391785, "sender_entropy": 0.8995201757975987, "receiver_entropy": 0.0, "original_loss": 0.5349963477679661, "mean_length": 6.0}
{"mode": "test", "epoch": 40, "loss": 4.15970516204834, "acc": 0.863198459148407, "acc_or": 0.9306358695030212, "sender_entropy": 0.9814730286598206, "receiver_entropy": 0.0, "original_loss": 0.2809031903743744, "mean_length": 6.0}
{"mode": "train", "epoch": 41, "loss": 6.03592450278146, "acc": 0.6975433315549578, "acc_or": 0.8360106008393424, "sender_entropy": 0.9017812439373561, "receiver_entropy": 0.0, "original_loss": 0.48443144985607695, "mean_length": 6.0}
{"mode": "test", "epoch": 41, "loss": 4.059197902679443, "acc": 0.8901734352111816, "acc_or": 0.9431599378585815, "sender_entropy": 0.9650194048881531, "receiver_entropy": 0.0, "original_loss": 0.2366461455821991, "mean_length": 6.0}
{"mode": "train", "epoch": 42, "loss": 5.942368643624442, "acc": 0.7119286826678685, "acc_or": 0.8441074235098702, "sender_entropy": 0.881063061101096, "receiver_entropy": 0.0, "original_loss": 0.4564376175403595, "mean_length": 6.0}
{"mode": "test", "epoch": 42, "loss": 3.9610755443573, "acc": 0.8940269947052002, "acc_or": 0.9470134973526001, "sender_entropy": 0.9633733034133911, "receiver_entropy": 0.0, "original_loss": 0.23277315497398376, "mean_length": 6.0}
{"mode": "train", "epoch": 43, "loss": 5.8037174088614325, "acc": 0.7122794560023716, "acc_or": 0.8424472638538906, "sender_entropy": 0.8859648278781346, "receiver_entropy": 0.0, "original_loss": 0.4532203844615391, "mean_length": 6.0}
{"mode": "test", "epoch": 43, "loss": 4.023809432983398, "acc": 0.9248555302619934, "acc_or": 0.9624277353286743, "sender_entropy": 0.9698346257209778, "receiver_entropy": 0.0, "original_loss": 0.20094643533229828, "mean_length": 6.0}
{"mode": "train", "epoch": 44, "loss": 5.733068874904087, "acc": 0.7235597542354039, "acc_or": 0.8515126960618156, "sender_entropy": 0.8874781898089817, "receiver_entropy": 0.0, "original_loss": 0.43478165779794964, "mean_length": 6.0}
{"mode": "test", "epoch": 44, "loss": 3.864967107772827, "acc": 0.9055876731872559, "acc_or": 0.9527938365936279, "sender_entropy": 0.955247163772583, "receiver_entropy": 0.0, "original_loss": 0.20323128998279572, "mean_length": 6.0}
{"mode": "train", "epoch": 45, "loss": 5.60470267704555, "acc": 0.7329134855951581, "acc_or": 0.8563855460711888, "sender_entropy": 0.8776522874832153, "receiver_entropy": 0.0, "original_loss": 0.4208042962210519, "mean_length": 6.0}
{"mode": "test", "epoch": 45, "loss": 3.8339881896972656, "acc": 0.9402697682380676, "acc_or": 0.9701349139213562, "sender_entropy": 0.9495943188667297, "receiver_entropy": 0.0, "original_loss": 0.16712096333503723, "mean_length": 6.0}
{"mode": "train", "epoch": 46, "loss": 5.577684947422573, "acc": 0.751777742590223, "acc_or": 0.8659292885235378, "sender_entropy": 0.876575767993927, "receiver_entropy": 0.0, "original_loss": 0.3965631680829184, "mean_length": 6.0}
{"mode": "test", "epoch": 46, "loss": 3.7317237854003906, "acc": 0.9402697682380676, "acc_or": 0.9691715240478516, "sender_entropy": 0.9414376020431519, "receiver_entropy": 0.0, "original_loss": 0.16292914748191833, "mean_length": 6.0}
{"mode": "train", "epoch": 47, "loss": 5.534024170466831, "acc": 0.7720397710800171, "acc_or": 0.8786684359822955, "sender_entropy": 0.8608530844960894, "receiver_entropy": 0.0, "original_loss": 0.3694402149745396, "mean_length": 6.0}
{"mode": "test", "epoch": 47, "loss": 3.611236333847046, "acc": 0.9267823100090027, "acc_or": 0.963391125202179, "sender_entropy": 0.9294980764389038, "receiver_entropy": 0.0, "original_loss": 0.15826457738876343, "mean_length": 6.0}
{"mode": "train", "epoch": 48, "loss": 5.33181027003697, "acc": 0.7738082153456551, "acc_or": 0.8792317850249154, "sender_entropy": 0.860657445022038, "receiver_entropy": 0.0, "original_loss": 0.36624294093676973, "mean_length": 6.0}
{"mode": "test", "epoch": 48, "loss": 3.534188747406006, "acc": 0.9171483516693115, "acc_or": 0.9585741758346558, "sender_entropy": 0.9381835460662842, "receiver_entropy": 0.0, "original_loss": 0.17432981729507446, "mean_length": 6.0}
{"mode": "train", "epoch": 49, "loss": 5.229329313550677, "acc": 0.7633530071803502, "acc_or": 0.8733431782041278, "sender_entropy": 0.8650066426822117, "receiver_entropy": 0.0, "original_loss": 0.37305054494312834, "mean_length": 6.0}
{"mode": "test", "epoch": 49, "loss": 3.5594632625579834, "acc": 0.9421965479850769, "acc_or": 0.9710983037948608, "sender_entropy": 0.9387298822402954, "receiver_entropy": 0.0, "original_loss": 0.14671622216701508, "mean_length": 6.0}
{"mode": "train", "epoch": 50, "loss": 5.17986924307687, "acc": 0.7891781159809658, "acc_or": 0.8873213103839329, "sender_entropy": 0.8577840413366046, "receiver_entropy": 0.0, "original_loss": 0.34262689522334505, "mean_length": 6.0}
{"mode": "test", "epoch": 50, "loss": 3.3922953605651855, "acc": 0.9190751314163208, "acc_or": 0.9585741758346558, "sender_entropy": 0.9216782450675964, "receiver_entropy": 0.0, "original_loss": 0.16776613891124725, "mean_length": 6.0}
{"mode": "train", "epoch": 51, "loss": 5.006289890834263, "acc": 0.7840627772467477, "acc_or": 0.88524329662323, "sender_entropy": 0.8385181852749416, "receiver_entropy": 0.0, "original_loss": 0.3447012220110212, "mean_length": 6.0}
{"mode": "test", "epoch": 51, "loss": 3.2458720207214355, "acc": 0.9421965479850769, "acc_or": 0.9710983037948608, "sender_entropy": 0.903241753578186, "receiver_entropy": 0.0, "original_loss": 0.14982275664806366, "mean_length": 6.0}
{"mode": "train", "epoch": 52, "loss": 4.940447534833636, "acc": 0.7908880880900792, "acc_or": 0.8892837337085179, "sender_entropy": 0.836500312600817, "receiver_entropy": 0.0, "original_loss": 0.33541851384299143, "mean_length": 6.0}
{"mode": "test", "epoch": 52, "loss": 3.3612687587738037, "acc": 0.963391125202179, "acc_or": 0.9816955924034119, "sender_entropy": 0.9218534827232361, "receiver_entropy": 0.0, "original_loss": 0.1254352182149887, "mean_length": 6.0}
{"mode": "train", "epoch": 53, "loss": 4.780241898127964, "acc": 0.7724423493657794, "acc_or": 0.8784399117742266, "sender_entropy": 0.8476301176207406, "receiver_entropy": 0.0, "original_loss": 0.3540953738348825, "mean_length": 6.0}
{"mode": "test", "epoch": 53, "loss": 3.2665839195251465, "acc": 0.9460501074790955, "acc_or": 0.9730250835418701, "sender_entropy": 0.916002094745636, "receiver_entropy": 0.0, "original_loss": 0.13577327132225037, "mean_length": 6.0}
{"mode": "train", "epoch": 54, "loss": 4.797791753496442, "acc": 0.7996067319597516, "acc_or": 0.8931860072272164, "sender_entropy": 0.8395677379199437, "receiver_entropy": 0.0, "original_loss": 0.3240520145211901, "mean_length": 6.0}
{"mode": "test", "epoch": 54, "loss": 3.291579008102417, "acc": 0.9441233277320862, "acc_or": 0.9720616936683655, "sender_entropy": 0.9250775575637817, "receiver_entropy": 0.0, "original_loss": 0.13093456625938416, "mean_length": 6.0}
{"mode": "train", "epoch": 55, "loss": 4.768231800624302, "acc": 0.8006922432354519, "acc_or": 0.8941080910818917, "sender_entropy": 0.850860731942313, "receiver_entropy": 0.0, "original_loss": 0.3161012274878366, "mean_length": 6.0}
{"mode": "test", "epoch": 55, "loss": 3.168948173522949, "acc": 0.928709089756012, "acc_or": 0.9643545746803284, "sender_entropy": 0.9209595918655396, "receiver_entropy": 0.0, "original_loss": 0.13825325667858124, "mean_length": 6.0}
{"mode": "train", "epoch": 56, "loss": 4.7378426279340475, "acc": 0.8161617943218776, "acc_or": 0.903239939893995, "sender_entropy": 0.8490197232791356, "receiver_entropy": 0.0, "original_loss": 0.2975637359278543, "mean_length": 6.0}
{"mode": "test", "epoch": 56, "loss": 3.2048418521881104, "acc": 0.9576107859611511, "acc_or": 0.978805422782898, "sender_entropy": 0.9236567616462708, "receiver_entropy": 0.0, "original_loss": 0.10392577201128006, "mean_length": 6.0}
{"mode": "train", "epoch": 57, "loss": 4.663646697998047, "acc": 0.8261426516941616, "acc_or": 0.9076344796589443, "sender_entropy": 0.8396089843341282, "receiver_entropy": 0.0, "original_loss": 0.2798417976924351, "mean_length": 6.0}
{"mode": "test", "epoch": 57, "loss": 3.0509021282196045, "acc": 0.9614643454551697, "acc_or": 0.9807322025299072, "sender_entropy": 0.8981881141662598, "receiver_entropy": 0.0, "original_loss": 0.09315480291843414, "mean_length": 6.0}
{"mode": "train", "epoch": 58, "loss": 4.582795347486224, "acc": 0.8347310849598476, "acc_or": 0.9124947105135236, "sender_entropy": 0.8295186587742397, "receiver_entropy": 0.0, "original_loss": 0.2717415349824088, "mean_length": 6.0}
{"mode": "test", "epoch": 58, "loss": 3.0336954593658447, "acc": 0.9691715240478516, "acc_or": 0.9836223721504211, "sender_entropy": 0.9034169316291809, "receiver_entropy": 0.0, "original_loss": 0.09510443359613419, "mean_length": 6.0}
{"mode": "train", "epoch": 59, "loss": 4.477201121194022, "acc": 0.8296994737216404, "acc_or": 0.9105615104947772, "sender_entropy": 0.8246419514928546, "receiver_entropy": 0.0, "original_loss": 0.27244572980063303, "mean_length": 6.0}
{"mode": "test", "epoch": 59, "loss": 2.9384608268737793, "acc": 0.9749518632888794, "acc_or": 0.9874759316444397, "sender_entropy": 0.8910537958145142, "receiver_entropy": 0.0, "original_loss": 0.08385882526636124, "mean_length": 6.0}
{"mode": "train", "epoch": 60, "loss": 4.319718701498849, "acc": 0.8299359849521092, "acc_or": 0.9102751868111747, "sender_entropy": 0.818869377885546, "receiver_entropy": 0.0, "original_loss": 0.27523012672151836, "mean_length": 6.0}
{"mode": "test", "epoch": 60, "loss": 2.9260358810424805, "acc": 0.9672447443008423, "acc_or": 0.9836223721504211, "sender_entropy": 0.8886857032775879, "receiver_entropy": 0.0, "original_loss": 0.09527216106653214, "mean_length": 6.0}
{"mode": "train", "epoch": 61, "loss": 4.18655572618757, "acc": 0.8196760926927839, "acc_or": 0.9052236165319171, "sender_entropy": 0.8158828701291766, "receiver_entropy": 0.0, "original_loss": 0.27822616696357727, "mean_length": 6.0}
{"mode": "test", "epoch": 61, "loss": 2.8407647609710693, "acc": 0.9614643454551697, "acc_or": 0.9807322025299072, "sender_entropy": 0.8849967122077942, "receiver_entropy": 0.0, "original_loss": 0.09944848716259003, "mean_length": 6.0}
{"mode": "train", "epoch": 62, "loss": 4.257998194013323, "acc": 0.8389017496790204, "acc_or": 0.9145800386156354, "sender_entropy": 0.8110492995807103, "receiver_entropy": 0.0, "original_loss": 0.25362985900470186, "mean_length": 6.0}
{"mode": "test", "epoch": 62, "loss": 2.7631969451904297, "acc": 0.9710983037948608, "acc_or": 0.9855491518974304, "sender_entropy": 0.8737944960594177, "receiver_entropy": 0.0, "original_loss": 0.0812019556760788, "mean_length": 6.0}
{"mode": "train", "epoch": 63, "loss": 4.211369105747768, "acc": 0.8518375498907906, "acc_or": 0.9222948721476963, "sender_entropy": 0.8119126728602818, "receiver_entropy": 0.0, "original_loss": 0.24235135103975022, "mean_length": 6.0}
{"mode": "test", "epoch": 63, "loss": 2.7484488487243652, "acc": 0.9768786430358887, "acc_or": 0.9884393215179443, "sender_entropy": 0.8778554797172546, "receiver_entropy": 0.0, "original_loss": 0.07623405754566193, "mean_length": 6.0}
{"mode": "train", "epoch": 64, "loss": 4.164131437029157, "acc": 0.854502831186567, "acc_or": 0.9235604235104152, "sender_entropy": 0.8121537906782967, "receiver_entropy": 0.0, "original_loss": 0.23391764078821456, "mean_length": 6.0}
{"mode": "test", "epoch": 64, "loss": 2.7609703540802, "acc": 0.9749518632888794, "acc_or": 0.9874759316444397, "sender_entropy": 0.8901615142822266, "receiver_entropy": 0.0, "original_loss": 0.07266444712877274, "mean_length": 6.0}
{"mode": "train", "epoch": 65, "loss": 4.041630506515503, "acc": 0.8519026551927839, "acc_or": 0.9224443520818438, "sender_entropy": 0.812718825680869, "receiver_entropy": 0.0, "original_loss": 0.23893711822373526, "mean_length": 6.0}
{"mode": "test", "epoch": 65, "loss": 2.644691228866577, "acc": 0.9826589822769165, "acc_or": 0.9913294911384583, "sender_entropy": 0.8708650469779968, "receiver_entropy": 0.0, "original_loss": 0.07259444147348404, "mean_length": 6.0}
{"mode": "train", "epoch": 66, "loss": 4.10483809879848, "acc": 0.8710286617279053, "acc_or": 0.9324258821351188, "sender_entropy": 0.8042830654553005, "receiver_entropy": 0.0, "original_loss": 0.21416459764753068, "mean_length": 6.0}
{"mode": "test", "epoch": 66, "loss": 2.575918197631836, "acc": 0.9595375657081604, "acc_or": 0.9797688126564026, "sender_entropy": 0.8719362616539001, "receiver_entropy": 0.0, "original_loss": 0.08867806196212769, "mean_length": 6.0}
{"mode": "train", "epoch": 67, "loss": 3.9350440161568776, "acc": 0.8551113520349775, "acc_or": 0.9240460395812988, "sender_entropy": 0.7953084281512669, "receiver_entropy": 0.0, "original_loss": 0.22912355618817465, "mean_length": 6.0}
{"mode": "test", "epoch": 67, "loss": 2.4956979751586914, "acc": 0.9518304467201233, "acc_or": 0.975915253162384, "sender_entropy": 0.8626002669334412, "receiver_entropy": 0.0, "original_loss": 0.0903984010219574, "mean_length": 6.0}
{"mode": "train", "epoch": 68, "loss": 3.916714668273926, "acc": 0.8635363749095372, "acc_or": 0.9285986849239894, "sender_entropy": 0.8035567487989154, "receiver_entropy": 0.0, "original_loss": 0.22106296036924636, "mean_length": 6.0}
{"mode": "test", "epoch": 68, "loss": 2.605381965637207, "acc": 0.9826589822769165, "acc_or": 0.9913294911384583, "sender_entropy": 0.8825579285621643, "receiver_entropy": 0.0, "original_loss": 0.06047625094652176, "mean_length": 6.0}
{"mode": "train", "epoch": 69, "loss": 3.9326718534742082, "acc": 0.8592966284070697, "acc_or": 0.926077561719077, "sender_entropy": 0.8267849002565656, "receiver_entropy": 0.0, "original_loss": 0.22562985760825022, "mean_length": 6.0}
{"mode": "test", "epoch": 69, "loss": 2.679614305496216, "acc": 0.9807322025299072, "acc_or": 0.9903661012649536, "sender_entropy": 0.9069058299064636, "receiver_entropy": 0.0, "original_loss": 0.056619271636009216, "mean_length": 6.0}
{"mode": "train", "epoch": 70, "loss": 3.9130917957850864, "acc": 0.8543805820601327, "acc_or": 0.9233903459140232, "sender_entropy": 0.8392131243433271, "receiver_entropy": 0.0, "original_loss": 0.2275088770048959, "mean_length": 6.0}
{"mode": "test", "epoch": 70, "loss": 2.6871695518493652, "acc": 0.9807322025299072, "acc_or": 0.9903661012649536, "sender_entropy": 0.9180932641029358, "receiver_entropy": 0.0, "original_loss": 0.056933771818876266, "mean_length": 6.0}
{"mode": "train", "epoch": 71, "loss": 3.8355535098484586, "acc": 0.8601668987955365, "acc_or": 0.926464855670929, "sender_entropy": 0.8391307251793998, "receiver_entropy": 0.0, "original_loss": 0.22465999850205012, "mean_length": 6.0}
{"mode": "test", "epoch": 71, "loss": 2.62856388092041, "acc": 0.9826589822769165, "acc_or": 0.9913294911384583, "sender_entropy": 0.9144783616065979, "receiver_entropy": 0.0, "original_loss": 0.056888628751039505, "mean_length": 6.0}
{"mode": "train", "epoch": 72, "loss": 3.7136072431291853, "acc": 0.8522560766765049, "acc_or": 0.9223646180970329, "sender_entropy": 0.8299368364470345, "receiver_entropy": 0.0, "original_loss": 0.23114456023488725, "mean_length": 6.0}
{"mode": "test", "epoch": 72, "loss": 2.50882887840271, "acc": 0.9826589822769165, "acc_or": 0.9913294911384583, "sender_entropy": 0.8906193971633911, "receiver_entropy": 0.0, "original_loss": 0.05384821444749832, "mean_length": 6.0}
{"mode": "train", "epoch": 73, "loss": 3.709699426378523, "acc": 0.8648583803858075, "acc_or": 0.9282558986118862, "sender_entropy": 0.8223696265901838, "receiver_entropy": 0.0, "original_loss": 0.21376835022653853, "mean_length": 6.0}
{"mode": "test", "epoch": 73, "loss": 2.4641001224517822, "acc": 0.978805422782898, "acc_or": 0.989402711391449, "sender_entropy": 0.8871805667877197, "receiver_entropy": 0.0, "original_loss": 0.058358918875455856, "mean_length": 6.0}
{"mode": "train", "epoch": 74, "loss": 3.7396887370518277, "acc": 0.8759340558733258, "acc_or": 0.9353336351258414, "sender_entropy": 0.8252434985978263, "receiver_entropy": 0.0, "original_loss": 0.19877964896815165, "mean_length": 6.0}
{"mode": "test", "epoch": 74, "loss": 2.4711742401123047, "acc": 0.978805422782898, "acc_or": 0.989402711391449, "sender_entropy": 0.901245653629303, "receiver_entropy": 0.0, "original_loss": 0.05245846509933472, "mean_length": 6.0}
{"mode": "train", "epoch": 75, "loss": 3.627995593207223, "acc": 0.8750558154923576, "acc_or": 0.9349470053400312, "sender_entropy": 0.8216868809291294, "receiver_entropy": 0.0, "original_loss": 0.2030926410640989, "mean_length": 6.0}
{"mode": "test", "epoch": 75, "loss": 2.402371644973755, "acc": 0.9826589822769165, "acc_or": 0.9913294911384583, "sender_entropy": 0.8890979290008545, "receiver_entropy": 0.0, "original_loss": 0.05638154223561287, "mean_length": 6.0}
{"mode": "train", "epoch": 76, "loss": 3.645885399409703, "acc": 0.8823049664497375, "acc_or": 0.9384852136884417, "sender_entropy": 0.8181195088795253, "receiver_entropy": 0.0, "original_loss": 0.19344900335584367, "mean_length": 6.0}
{"mode": "test", "epoch": 76, "loss": 2.3960824012756348, "acc": 0.9884393215179443, "acc_or": 0.9942196607589722, "sender_entropy": 0.88737553358078, "receiver_entropy": 0.0, "original_loss": 0.04867957904934883, "mean_length": 6.0}
{"mode": "train", "epoch": 77, "loss": 3.645768472126552, "acc": 0.8839020047869001, "acc_or": 0.939267132963453, "sender_entropy": 0.8276453784533909, "receiver_entropy": 0.0, "original_loss": 0.18559134219373977, "mean_length": 6.0}
{"mode": "test", "epoch": 77, "loss": 2.3906774520874023, "acc": 0.9865125417709351, "acc_or": 0.9932562708854675, "sender_entropy": 0.8977713584899902, "receiver_entropy": 0.0, "original_loss": 0.050065476447343826, "mean_length": 6.0}
{"mode": "train", "epoch": 78, "loss": 3.633932420185634, "acc": 0.8935201508658273, "acc_or": 0.9441180654934475, "sender_entropy": 0.8262739181518555, "receiver_entropy": 0.0, "original_loss": 0.17601100036076137, "mean_length": 6.0}
{"mode": "test", "epoch": 78, "loss": 2.390904188156128, "acc": 0.9942196607589722, "acc_or": 0.9971098303794861, "sender_entropy": 0.9003892540931702, "receiver_entropy": 0.0, "original_loss": 0.03548741713166237, "mean_length": 6.0}
{"mode": "train", "epoch": 79, "loss": 3.579557112285069, "acc": 0.884372353553772, "acc_or": 0.9394996421677726, "sender_entropy": 0.840367146900722, "receiver_entropy": 0.0, "original_loss": 0.1868719458580017, "mean_length": 6.0}
{"mode": "test", "epoch": 79, "loss": 2.3974757194519043, "acc": 0.9865125417709351, "acc_or": 0.9932562708854675, "sender_entropy": 0.918681263923645, "receiver_entropy": 0.0, "original_loss": 0.04277646541595459, "mean_length": 6.0}
{"mode": "train", "epoch": 80, "loss": 3.5153321538652693, "acc": 0.88600925888334, "acc_or": 0.9405718786375863, "sender_entropy": 0.8434502397264753, "receiver_entropy": 0.0, "original_loss": 0.18870445873056138, "mean_length": 6.0}
{"mode": "test", "epoch": 80, "loss": 2.344865322113037, "acc": 0.9845857620239258, "acc_or": 0.9922928810119629, "sender_entropy": 0.9089651703834534, "receiver_entropy": 0.0, "original_loss": 0.04383838549256325, "mean_length": 6.0}
{"mode": "train", "epoch": 81, "loss": 3.4913787160600935, "acc": 0.8882679683821542, "acc_or": 0.9412381819316319, "sender_entropy": 0.8367938654763358, "receiver_entropy": 0.0, "original_loss": 0.18094946018287114, "mean_length": 6.0}
{"mode": "test", "epoch": 81, "loss": 2.350969076156616, "acc": 0.9903661012649536, "acc_or": 0.9951830506324768, "sender_entropy": 0.9081374406814575, "receiver_entropy": 0.0, "original_loss": 0.03749576210975647, "mean_length": 6.0}
{"mode": "train", "epoch": 82, "loss": 3.4656528404780795, "acc": 0.8905346649033683, "acc_or": 0.9433115550449916, "sender_entropy": 0.8342393636703491, "receiver_entropy": 0.0, "original_loss": 0.17330841294356755, "mean_length": 6.0}
{"mode": "test", "epoch": 82, "loss": 2.266932249069214, "acc": 0.9807322025299072, "acc_or": 0.9903661012649536, "sender_entropy": 0.9047535061836243, "receiver_entropy": 0.0, "original_loss": 0.053219493478536606, "mean_length": 6.0}
{"mode": "train", "epoch": 83, "loss": 3.4188618659973145, "acc": 0.8956579651151385, "acc_or": 0.9457363656588963, "sender_entropy": 0.8270141993250165, "receiver_entropy": 0.0, "original_loss": 0.1709121380533491, "mean_length": 6.0}
{"mode": "test", "epoch": 83, "loss": 2.240337371826172, "acc": 0.9961464405059814, "acc_or": 0.9980732202529907, "sender_entropy": 0.889672577381134, "receiver_entropy": 0.0, "original_loss": 0.03227267414331436, "mean_length": 6.0}
{"mode": "train", "epoch": 84, "loss": 3.4215990475245883, "acc": 0.9016223124095372, "acc_or": 0.9486826487949916, "sender_entropy": 0.8230721865381513, "receiver_entropy": 0.0, "original_loss": 0.15609730992998397, "mean_length": 6.0}
{"mode": "test", "epoch": 84, "loss": 2.258054256439209, "acc": 0.9922928810119629, "acc_or": 0.9961464405059814, "sender_entropy": 0.898196816444397, "receiver_entropy": 0.0, "original_loss": 0.03069263882935047, "mean_length": 6.0}
{"mode": "train", "epoch": 85, "loss": 3.3760181835719516, "acc": 0.8999176365988595, "acc_or": 0.9480196407863072, "sender_entropy": 0.8292390874453953, "receiver_entropy": 0.0, "original_loss": 0.16001981496810913, "mean_length": 6.0}
{"mode": "test", "epoch": 85, "loss": 2.287004232406616, "acc": 0.9884393215179443, "acc_or": 0.9942196607589722, "sender_entropy": 0.9154666662216187, "receiver_entropy": 0.0, "original_loss": 0.03583235666155815, "mean_length": 6.0}
{"mode": "train", "epoch": 86, "loss": 3.361639601843698, "acc": 0.8975420083318438, "acc_or": 0.9467009476252964, "sender_entropy": 0.8408196909087045, "receiver_entropy": 0.0, "original_loss": 0.16043449086802347, "mean_length": 6.0}
{"mode": "test", "epoch": 86, "loss": 2.2526419162750244, "acc": 0.9922928810119629, "acc_or": 0.9961464405059814, "sender_entropy": 0.9148851037025452, "receiver_entropy": 0.0, "original_loss": 0.0325700119137764, "mean_length": 6.0}
{"mode": "train", "epoch": 87, "loss": 3.2591889245169505, "acc": 0.8949670536177499, "acc_or": 0.9451816422598702, "sender_entropy": 0.8398601923670087, "receiver_entropy": 0.0, "original_loss": 0.17075392391000474, "mean_length": 6.0}
{"mode": "test", "epoch": 87, "loss": 2.203383445739746, "acc": 0.9884393215179443, "acc_or": 0.9942196607589722, "sender_entropy": 0.9125822186470032, "receiver_entropy": 0.0, "original_loss": 0.03947173058986664, "mean_length": 6.0}
{"mode": "train", "epoch": 88, "loss": 3.2916628292628696, "acc": 0.9040444493293762, "acc_or": 0.9501388669013977, "sender_entropy": 0.8396367004939488, "receiver_entropy": 0.0, "original_loss": 0.15659693309238978, "mean_length": 6.0}
{"mode": "test", "epoch": 88, "loss": 2.2240946292877197, "acc": 0.9922928810119629, "acc_or": 0.9961464405059814, "sender_entropy": 0.9183363318443298, "receiver_entropy": 0.0, "original_loss": 0.029255369678139687, "mean_length": 6.0}
{"mode": "train", "epoch": 89, "loss": 3.1707275935581754, "acc": 0.8929979971476963, "acc_or": 0.9443226626941136, "sender_entropy": 0.8486644455364772, "receiver_entropy": 0.0, "original_loss": 0.16967029443808965, "mean_length": 6.0}
{"mode": "test", "epoch": 89, "loss": 2.2347283363342285, "acc": 0.9865125417709351, "acc_or": 0.9932562708854675, "sender_entropy": 0.9296495914459229, "receiver_entropy": 0.0, "original_loss": 0.04020959883928299, "mean_length": 6.0}
{"mode": "train", "epoch": 90, "loss": 3.1933423451014926, "acc": 0.898598279271807, "acc_or": 0.9469919375010899, "sender_entropy": 0.8487406202725002, "receiver_entropy": 0.0, "original_loss": 0.16469650822026388, "mean_length": 6.0}
{"mode": "test", "epoch": 90, "loss": 2.209134817123413, "acc": 0.9942196607589722, "acc_or": 0.9971098303794861, "sender_entropy": 0.9278947710990906, "receiver_entropy": 0.0, "original_loss": 0.028802920132875443, "mean_length": 6.0}
{"mode": "train", "epoch": 91, "loss": 3.1545486790793285, "acc": 0.9006855998720441, "acc_or": 0.9479100448744637, "sender_entropy": 0.8476547854287284, "receiver_entropy": 0.0, "original_loss": 0.1598467571394784, "mean_length": 6.0}
{"mode": "test", "epoch": 91, "loss": 2.2041471004486084, "acc": 0.9942196607589722, "acc_or": 0.9971098303794861, "sender_entropy": 0.9346386790275574, "receiver_entropy": 0.0, "original_loss": 0.028334062546491623, "mean_length": 6.0}
{"mode": "train", "epoch": 92, "loss": 3.1359546184539795, "acc": 0.9002896632466998, "acc_or": 0.9484567812510899, "sender_entropy": 0.8533154896327427, "receiver_entropy": 0.0, "original_loss": 0.16134629717894963, "mean_length": 6.0}
{"mode": "test", "epoch": 92, "loss": 2.1554205417633057, "acc": 0.9807322025299072, "acc_or": 0.9903661012649536, "sender_entropy": 0.9380267858505249, "receiver_entropy": 0.0, "original_loss": 0.04183771088719368, "mean_length": 6.0}
{"mode": "train", "epoch": 93, "loss": 3.051020179476057, "acc": 0.8978688376290458, "acc_or": 0.9467222179685321, "sender_entropy": 0.8455465180533273, "receiver_entropy": 0.0, "original_loss": 0.16293259603636606, "mean_length": 6.0}
{"mode": "test", "epoch": 93, "loss": 2.126573085784912, "acc": 0.9961464405059814, "acc_or": 0.9980732202529907, "sender_entropy": 0.929391622543335, "receiver_entropy": 0.0, "original_loss": 0.028856942430138588, "mean_length": 6.0}
{"mode": "train", "epoch": 94, "loss": 3.0420119421822682, "acc": 0.8970716510500226, "acc_or": 0.9461309654372079, "sender_entropy": 0.8432997720582145, "receiver_entropy": 0.0, "original_loss": 0.16341799284730638, "mean_length": 6.0}
{"mode": "test", "epoch": 94, "loss": 2.1347782611846924, "acc": 0.9961464405059814, "acc_or": 0.9980732202529907, "sender_entropy": 0.9337648153305054, "receiver_entropy": 0.0, "original_loss": 0.023491226136684418, "mean_length": 6.0}
{"mode": "train", "epoch": 95, "loss": 3.0750660555703297, "acc": 0.9059909326689584, "acc_or": 0.9505181908607483, "sender_entropy": 0.8580927678516933, "receiver_entropy": 0.0, "original_loss": 0.15775956426348006, "mean_length": 6.0}
{"mode": "test", "epoch": 95, "loss": 2.157214879989624, "acc": 0.9942196607589722, "acc_or": 0.9971098303794861, "sender_entropy": 0.9462537169456482, "receiver_entropy": 0.0, "original_loss": 0.026458803564310074, "mean_length": 6.0}
{"mode": "train", "epoch": 96, "loss": 3.025272709982736, "acc": 0.8990566730499268, "acc_or": 0.9471653274127415, "sender_entropy": 0.8682041934558323, "receiver_entropy": 0.0, "original_loss": 0.16307765884058817, "mean_length": 6.0}
{"mode": "test", "epoch": 96, "loss": 2.15854811668396, "acc": 0.9961464405059814, "acc_or": 0.9980732202529907, "sender_entropy": 0.9637365937232971, "receiver_entropy": 0.0, "original_loss": 0.029118526726961136, "mean_length": 6.0}
{"mode": "train", "epoch": 97, "loss": 3.011310236794608, "acc": 0.8945538486753192, "acc_or": 0.9451842989240374, "sender_entropy": 0.8768088221549988, "receiver_entropy": 0.0, "original_loss": 0.16558449608939035, "mean_length": 6.0}
{"mode": "test", "epoch": 97, "loss": 2.1233646869659424, "acc": 0.9903661012649536, "acc_or": 0.9951830506324768, "sender_entropy": 0.954628586769104, "receiver_entropy": 0.0, "original_loss": 0.03174366429448128, "mean_length": 6.0}
{"mode": "train", "epoch": 98, "loss": 2.9632046903882707, "acc": 0.9013127173696246, "acc_or": 0.9486281786646161, "sender_entropy": 0.8624695454324994, "receiver_entropy": 0.0, "original_loss": 0.15943236649036407, "mean_length": 6.0}
{"mode": "test", "epoch": 98, "loss": 2.0749099254608154, "acc": 0.9961464405059814, "acc_or": 0.9980732202529907, "sender_entropy": 0.932351291179657, "receiver_entropy": 0.0, "original_loss": 0.02159501239657402, "mean_length": 6.0}
{"mode": "train", "epoch": 99, "loss": 2.9273684365408763, "acc": 0.9103887762342181, "acc_or": 0.952873238495418, "sender_entropy": 0.8418516261237008, "receiver_entropy": 0.0, "original_loss": 0.14681569593293325, "mean_length": 6.0}
{"mode": "test", "epoch": 99, "loss": 2.028886079788208, "acc": 0.9980732202529907, "acc_or": 0.9990366101264954, "sender_entropy": 0.9219051003456116, "receiver_entropy": 0.0, "original_loss": 0.022854596376419067, "mean_length": 6.0}
{"mode": "train", "epoch": 100, "loss": 2.9378720351627896, "acc": 0.9143109747341701, "acc_or": 0.9550409402166095, "sender_entropy": 0.8397872788565499, "receiver_entropy": 0.0, "original_loss": 0.13905914340700423, "mean_length": 6.0}
{"mode": "test", "epoch": 100, "loss": 2.0040292739868164, "acc": 1.0, "acc_or": 1.0, "sender_entropy": 0.9171442985534668, "receiver_entropy": 0.0, "original_loss": 0.0200929194688797, "mean_length": 6.0}
{"epoch": 100, "positional_disent": 0.14992430806159973, "bag_of_symbol_disent": 0.3351280391216278, "topographic_sim": 0.2524194625975562}
{"generalization hold out": {"acc": 0.9583333730697632, "acc_or": 0.9583333730697632}, "uniform holdout": {"acc": 0.8070175647735596, "acc_or": 0.9035087823867798}, "epoch": 100}
---End--
