nohup: ignoring input
{"mode": "train", "epoch": 1, "loss": -4.16244033404759, "acc": 0.001729910752536463, "acc_or": 0.04504477605223656, "sender_entropy": 2.301221643175398, "receiver_entropy": 0.0, "original_loss": 3.202819994517735, "mean_length": 6.0}
{"mode": "test", "epoch": 1, "loss": 2.233675956726074, "acc": 0.0, "acc_or": 0.05876686051487923, "sender_entropy": 2.300104856491089, "receiver_entropy": 0.0, "original_loss": 3.1879985332489014, "mean_length": 6.0}
{"mode": "train", "epoch": 2, "loss": 2.2541122436523438, "acc": 0.0016741071594879031, "acc_or": 0.04434258224708693, "sender_entropy": 2.300858974456787, "receiver_entropy": 0.0, "original_loss": 3.1811449187142506, "mean_length": 6.0}
{"mode": "test", "epoch": 2, "loss": 2.308535099029541, "acc": 0.005780346691608429, "acc_or": 0.05684007704257965, "sender_entropy": 2.3011531829833984, "receiver_entropy": 0.0, "original_loss": 3.170229911804199, "mean_length": 6.0}
{"mode": "train", "epoch": 3, "loss": 2.1672447068350658, "acc": 0.001506696463496025, "acc_or": 0.04589910273041044, "sender_entropy": 2.3011080537523543, "receiver_entropy": 0.0, "original_loss": 3.180011476789202, "mean_length": 6.0}
{"mode": "test", "epoch": 3, "loss": 2.3843164443969727, "acc": 0.003853564616292715, "acc_or": 0.06551060080528259, "sender_entropy": 2.3012263774871826, "receiver_entropy": 0.0, "original_loss": 3.159792184829712, "mean_length": 6.0}
{"mode": "train", "epoch": 4, "loss": 2.1397810322897777, "acc": 0.0020647321860971196, "acc_or": 0.044535236699240546, "sender_entropy": 2.301089423043387, "receiver_entropy": 0.0, "original_loss": 3.178792646953038, "mean_length": 6.0}
{"mode": "test", "epoch": 4, "loss": 2.7036619186401367, "acc": 0.00770712923258543, "acc_or": 0.11657033115625381, "sender_entropy": 2.301321029663086, "receiver_entropy": 0.0, "original_loss": 3.1315197944641113, "mean_length": 6.0}
{"mode": "train", "epoch": 5, "loss": 2.149567570005144, "acc": 0.002148437563196889, "acc_or": 0.04751408472657204, "sender_entropy": 2.3011703150612965, "receiver_entropy": 0.0, "original_loss": 3.1756775038582936, "mean_length": 6.0}
{"mode": "test", "epoch": 5, "loss": 3.0384511947631836, "acc": 0.00770712923258543, "acc_or": 0.13969171047210693, "sender_entropy": 2.300903558731079, "receiver_entropy": 0.0, "original_loss": 3.1012802124023438, "mean_length": 6.0}
{"mode": "train", "epoch": 6, "loss": 2.14082247870309, "acc": 0.003336256502994469, "acc_or": 0.04999070082392011, "sender_entropy": 2.300386224474226, "receiver_entropy": 0.0, "original_loss": 3.174257755279541, "mean_length": 6.0}
{"mode": "test", "epoch": 6, "loss": 3.4630136489868164, "acc": 0.009633911773562431, "acc_or": 0.14739884436130524, "sender_entropy": 2.298499822616577, "receiver_entropy": 0.0, "original_loss": 3.060229539871216, "mean_length": 6.0}
{"mode": "train", "epoch": 7, "loss": 2.2726084845406667, "acc": 0.0037600978477192776, "acc_or": 0.060471143041338236, "sender_entropy": 2.2893594673701694, "receiver_entropy": 0.0, "original_loss": 3.1609973226274763, "mean_length": 6.0}
{"mode": "test", "epoch": 7, "loss": 3.7784972190856934, "acc": 0.003853564616292715, "acc_or": 0.1011560708284378, "sender_entropy": 2.260328531265259, "receiver_entropy": 0.0, "original_loss": 2.9917900562286377, "mean_length": 6.0}
{"mode": "train", "epoch": 8, "loss": 3.1080149241856168, "acc": 0.005032950812684638, "acc_or": 0.0814207334603582, "sender_entropy": 2.2119339534214566, "receiver_entropy": 0.0, "original_loss": 3.0717899799346924, "mean_length": 6.0}
{"mode": "test", "epoch": 8, "loss": 1.9769067764282227, "acc": 0.005780346691608429, "acc_or": 0.1136801540851593, "sender_entropy": 2.188983917236328, "receiver_entropy": 0.0, "original_loss": 3.10064435005188, "mean_length": 6.0}
{"mode": "train", "epoch": 9, "loss": 3.834814650671823, "acc": 0.006461256582822118, "acc_or": 0.09127604429210935, "sender_entropy": 2.146030460085188, "receiver_entropy": 0.0, "original_loss": 2.9778407982417514, "mean_length": 6.0}
{"mode": "test", "epoch": 9, "loss": 3.9349145889282227, "acc": 0.013487475924193859, "acc_or": 0.14258189499378204, "sender_entropy": 2.169205665588379, "receiver_entropy": 0.0, "original_loss": 2.8921167850494385, "mean_length": 6.0}
{"mode": "train", "epoch": 10, "loss": 4.076135431017194, "acc": 0.007130899466574192, "acc_or": 0.10061317682266235, "sender_entropy": 2.129442044666835, "receiver_entropy": 0.0, "original_loss": 2.931579555783953, "mean_length": 6.0}
{"mode": "test", "epoch": 10, "loss": 4.705885410308838, "acc": 0.00770712923258543, "acc_or": 0.161849707365036, "sender_entropy": 2.1169803142547607, "receiver_entropy": 0.0, "original_loss": 2.778341054916382, "mean_length": 6.0}
{"mode": "train", "epoch": 11, "loss": 4.806089809962681, "acc": 0.011544696055352688, "acc_or": 0.13172632668699538, "sender_entropy": 2.0464937346322194, "receiver_entropy": 0.0, "original_loss": 2.828805719103132, "mean_length": 6.0}
{"mode": "test", "epoch": 11, "loss": 5.644287586212158, "acc": 0.011560693383216858, "acc_or": 0.1994219720363617, "sender_entropy": 1.9999266862869263, "receiver_entropy": 0.0, "original_loss": 2.5744996070861816, "mean_length": 6.0}
{"mode": "train", "epoch": 12, "loss": 6.3177071298871725, "acc": 0.019149926358035634, "acc_or": 0.1866310622010912, "sender_entropy": 1.8805900471551078, "receiver_entropy": 0.0, "original_loss": 2.6053193977900913, "mean_length": 6.0}
{"mode": "test", "epoch": 12, "loss": 6.006260871887207, "acc": 0.017341040074825287, "acc_or": 0.2524084746837616, "sender_entropy": 1.841173768043518, "receiver_entropy": 0.0, "original_loss": 2.3750946521759033, "mean_length": 6.0}
{"mode": "train", "epoch": 13, "loss": 7.380245413099017, "acc": 0.02802800839500768, "acc_or": 0.23488587141036987, "sender_entropy": 1.7347179651260376, "receiver_entropy": 0.0, "original_loss": 2.399922711508615, "mean_length": 6.0}
{"mode": "test", "epoch": 13, "loss": 6.456366539001465, "acc": 0.032755300402641296, "acc_or": 0.28131023049354553, "sender_entropy": 1.8023139238357544, "receiver_entropy": 0.0, "original_loss": 2.219703435897827, "mean_length": 6.0}
{"mode": "train", "epoch": 14, "loss": 7.749019690922329, "acc": 0.03748937137424946, "acc_or": 0.25882560653345926, "sender_entropy": 1.717896478516715, "receiver_entropy": 0.0, "original_loss": 2.295508316584996, "mean_length": 6.0}
{"mode": "test", "epoch": 14, "loss": 6.597000598907471, "acc": 0.04816955700516701, "acc_or": 0.3150289058685303, "sender_entropy": 1.7874897718429565, "receiver_entropy": 0.0, "original_loss": 2.135561943054199, "mean_length": 6.0}
{"mode": "train", "epoch": 15, "loss": 7.987619740622384, "acc": 0.04143548171435084, "acc_or": 0.28790989943913053, "sender_entropy": 1.6585125071661813, "receiver_entropy": 0.0, "original_loss": 2.187838622501918, "mean_length": 6.0}
{"mode": "test", "epoch": 15, "loss": 6.984732627868652, "acc": 0.06358381360769272, "acc_or": 0.36512523889541626, "sender_entropy": 1.7348169088363647, "receiver_entropy": 0.0, "original_loss": 1.9764717817306519, "mean_length": 6.0}
{"mode": "train", "epoch": 16, "loss": 8.24697848728725, "acc": 0.05196375506264823, "acc_or": 0.3245914450713566, "sender_entropy": 1.585135510989598, "receiver_entropy": 0.0, "original_loss": 2.0655462741851807, "mean_length": 6.0}
{"mode": "test", "epoch": 16, "loss": 6.825192451477051, "acc": 0.06551060080528259, "acc_or": 0.37283238768577576, "sender_entropy": 1.6802178621292114, "receiver_entropy": 0.0, "original_loss": 1.8879239559173584, "mean_length": 6.0}
{"mode": "train", "epoch": 17, "loss": 8.349950654166085, "acc": 0.06578975436942917, "acc_or": 0.35005647795540945, "sender_entropy": 1.5209658316203527, "receiver_entropy": 0.0, "original_loss": 1.9630985260009766, "mean_length": 6.0}
{"mode": "test", "epoch": 17, "loss": 7.252360820770264, "acc": 0.08477842062711716, "acc_or": 0.439306378364563, "sender_entropy": 1.645031452178955, "receiver_entropy": 0.0, "original_loss": 1.7407594919204712, "mean_length": 6.0}
{"mode": "train", "epoch": 18, "loss": 8.525764056614467, "acc": 0.07903513099466052, "acc_or": 0.3861932797091348, "sender_entropy": 1.4576130424227034, "receiver_entropy": 0.0, "original_loss": 1.8633985349110194, "mean_length": 6.0}
{"mode": "test", "epoch": 18, "loss": 7.338688373565674, "acc": 0.10211946070194244, "acc_or": 0.4624277651309967, "sender_entropy": 1.6261767148971558, "receiver_entropy": 0.0, "original_loss": 1.6456246376037598, "mean_length": 6.0}
{"mode": "train", "epoch": 19, "loss": 8.493556022644043, "acc": 0.08660182995455605, "acc_or": 0.3910182884761265, "sender_entropy": 1.4894605704716273, "receiver_entropy": 0.0, "original_loss": 1.815939290182931, "mean_length": 6.0}
{"mode": "test", "epoch": 19, "loss": 7.379212856292725, "acc": 0.10982659459114075, "acc_or": 0.4489402770996094, "sender_entropy": 1.6416970491409302, "receiver_entropy": 0.0, "original_loss": 1.5954729318618774, "mean_length": 6.0}
{"mode": "train", "epoch": 20, "loss": 8.364655767168317, "acc": 0.09828603374106544, "acc_or": 0.40899833185332163, "sender_entropy": 1.4355809347970145, "receiver_entropy": 0.0, "original_loss": 1.744822416986738, "mean_length": 6.0}
{"mode": "test", "epoch": 20, "loss": 7.098384380340576, "acc": 0.13487476110458374, "acc_or": 0.4951830506324768, "sender_entropy": 1.558310627937317, "receiver_entropy": 0.0, "original_loss": 1.506018042564392, "mean_length": 6.0}
{"mode": "train", "epoch": 21, "loss": 8.37718037196568, "acc": 0.11344467635665621, "acc_or": 0.4365586595875876, "sender_entropy": 1.3838717596871513, "receiver_entropy": 0.0, "original_loss": 1.6610487358910697, "mean_length": 6.0}
{"mode": "test", "epoch": 21, "loss": 7.185543060302734, "acc": 0.1541425883769989, "acc_or": 0.5019267797470093, "sender_entropy": 1.5649596452713013, "receiver_entropy": 0.0, "original_loss": 1.42775297164917, "mean_length": 6.0}
{"mode": "train", "epoch": 22, "loss": 8.327592304774694, "acc": 0.12017033674887248, "acc_or": 0.4428943565913609, "sender_entropy": 1.398712464741298, "receiver_entropy": 0.0, "original_loss": 1.621248483657837, "mean_length": 6.0}
{"mode": "test", "epoch": 22, "loss": 7.082884788513184, "acc": 0.1541425883769989, "acc_or": 0.5048169493675232, "sender_entropy": 1.5739995241165161, "receiver_entropy": 0.0, "original_loss": 1.3935410976409912, "mean_length": 6.0}
{"mode": "train", "epoch": 23, "loss": 8.122091020856585, "acc": 0.12950547571693147, "acc_or": 0.45457324385643005, "sender_entropy": 1.3731451034545898, "receiver_entropy": 0.0, "original_loss": 1.582227281161717, "mean_length": 6.0}
{"mode": "test", "epoch": 23, "loss": 7.017980575561523, "acc": 0.18497109413146973, "acc_or": 0.5317919254302979, "sender_entropy": 1.5807056427001953, "receiver_entropy": 0.0, "original_loss": 1.3487176895141602, "mean_length": 6.0}
{"mode": "train", "epoch": 24, "loss": 8.02520043509347, "acc": 0.1443000648702894, "acc_or": 0.46940370968409945, "sender_entropy": 1.385528257914952, "receiver_entropy": 0.0, "original_loss": 1.548261284828186, "mean_length": 6.0}
{"mode": "test", "epoch": 24, "loss": 6.911349296569824, "acc": 0.19653180241584778, "acc_or": 0.5539498925209045, "sender_entropy": 1.5432957410812378, "receiver_entropy": 0.0, "original_loss": 1.2846674919128418, "mean_length": 6.0}
{"mode": "train", "epoch": 25, "loss": 7.917836666107178, "acc": 0.16673576193196432, "acc_or": 0.48853303279195515, "sender_entropy": 1.3349809646606445, "receiver_entropy": 0.0, "original_loss": 1.4818161555698939, "mean_length": 6.0}
{"mode": "test", "epoch": 25, "loss": 6.584324836730957, "acc": 0.2350674420595169, "acc_or": 0.5597302317619324, "sender_entropy": 1.4999377727508545, "receiver_entropy": 0.0, "original_loss": 1.2524690628051758, "mean_length": 6.0}
{"mode": "train", "epoch": 26, "loss": 7.734031813485282, "acc": 0.16945153261934007, "acc_or": 0.4899739623069763, "sender_entropy": 1.3121036291122437, "receiver_entropy": 0.0, "original_loss": 1.4485337734222412, "mean_length": 6.0}
{"mode": "test", "epoch": 26, "loss": 6.687472343444824, "acc": 0.27167630195617676, "acc_or": 0.6059730648994446, "sender_entropy": 1.4997648000717163, "receiver_entropy": 0.0, "original_loss": 1.1680948734283447, "mean_length": 6.0}
{"mode": "train", "epoch": 27, "loss": 7.756298950740269, "acc": 0.18992613043103898, "acc_or": 0.5080410412379673, "sender_entropy": 1.32804502759661, "receiver_entropy": 0.0, "original_loss": 1.4053701673235213, "mean_length": 6.0}
{"mode": "test", "epoch": 27, "loss": 6.821694374084473, "acc": 0.3063583970069885, "acc_or": 0.6290944218635559, "sender_entropy": 1.5279537439346313, "receiver_entropy": 0.0, "original_loss": 1.1214371919631958, "mean_length": 6.0}
{"mode": "train", "epoch": 28, "loss": 7.531252111707415, "acc": 0.20328975575310843, "acc_or": 0.5147819859640939, "sender_entropy": 1.3040248155593872, "receiver_entropy": 0.0, "original_loss": 1.3737896169934953, "mean_length": 6.0}
{"mode": "test", "epoch": 28, "loss": 6.558884620666504, "acc": 0.27938342094421387, "acc_or": 0.6088632345199585, "sender_entropy": 1.4610259532928467, "receiver_entropy": 0.0, "original_loss": 1.0650540590286255, "mean_length": 6.0}
{"mode": "train", "epoch": 29, "loss": 7.567224979400635, "acc": 0.22940317222050258, "acc_or": 0.5410907098225185, "sender_entropy": 1.255352599280221, "receiver_entropy": 0.0, "original_loss": 1.2967469011034285, "mean_length": 6.0}
{"mode": "test", "epoch": 29, "loss": 6.494251728057861, "acc": 0.35452795028686523, "acc_or": 0.6502890586853027, "sender_entropy": 1.4514999389648438, "receiver_entropy": 0.0, "original_loss": 1.0123199224472046, "mean_length": 6.0}
{"mode": "train", "epoch": 30, "loss": 7.671848501477923, "acc": 0.2472124844789505, "acc_or": 0.5524673206465585, "sender_entropy": 1.2749605519430978, "receiver_entropy": 0.0, "original_loss": 1.2541085822241647, "mean_length": 6.0}
{"mode": "test", "epoch": 30, "loss": 6.549213886260986, "acc": 0.32947978377342224, "acc_or": 0.6502890586853027, "sender_entropy": 1.4607480764389038, "receiver_entropy": 0.0, "original_loss": 0.9585378766059875, "mean_length": 6.0}
{"mode": "train", "epoch": 31, "loss": 7.602021421704974, "acc": 0.26074618313993725, "acc_or": 0.5611109052385602, "sender_entropy": 1.2829859256744385, "receiver_entropy": 0.0, "original_loss": 1.2262752907616752, "mean_length": 6.0}
{"mode": "test", "epoch": 31, "loss": 6.289929389953613, "acc": 0.33911368250846863, "acc_or": 0.6406551003456116, "sender_entropy": 1.4558334350585938, "receiver_entropy": 0.0, "original_loss": 0.955856442451477, "mean_length": 6.0}
{"mode": "train", "epoch": 32, "loss": 7.615778037479946, "acc": 0.2865035150732313, "acc_or": 0.5800734843526568, "sender_entropy": 1.2640396015984672, "receiver_entropy": 0.0, "original_loss": 1.168704901422773, "mean_length": 6.0}
{"mode": "test", "epoch": 32, "loss": 6.447281360626221, "acc": 0.41233140230178833, "acc_or": 0.7013487815856934, "sender_entropy": 1.4221301078796387, "receiver_entropy": 0.0, "original_loss": 0.8497539162635803, "mean_length": 6.0}
{"mode": "train", "epoch": 33, "loss": 7.634691170283726, "acc": 0.31724331208637785, "acc_or": 0.6057225295475551, "sender_entropy": 1.2053346123014177, "receiver_entropy": 0.0, "original_loss": 1.088469181741987, "mean_length": 6.0}
{"mode": "test", "epoch": 33, "loss": 6.077722549438477, "acc": 0.43352600932121277, "acc_or": 0.702312171459198, "sender_entropy": 1.369240164756775, "receiver_entropy": 0.0, "original_loss": 0.831551730632782, "mean_length": 6.0}
{"mode": "train", "epoch": 34, "loss": 7.466064044407436, "acc": 0.32219654747418, "acc_or": 0.6098559839384896, "sender_entropy": 1.2128520522798811, "receiver_entropy": 0.0, "original_loss": 1.0769188404083252, "mean_length": 6.0}
{"mode": "test", "epoch": 34, "loss": 6.076147079467773, "acc": 0.4874759316444397, "acc_or": 0.7321772575378418, "sender_entropy": 1.3687885999679565, "receiver_entropy": 0.0, "original_loss": 0.7837674021720886, "mean_length": 6.0}
{"mode": "train", "epoch": 35, "loss": 7.35877970286778, "acc": 0.3552176441465105, "acc_or": 0.6302116598401751, "sender_entropy": 1.167277455329895, "receiver_entropy": 0.0, "original_loss": 1.0130371962274825, "mean_length": 6.0}
{"mode": "test", "epoch": 35, "loss": 5.831854820251465, "acc": 0.52601158618927, "acc_or": 0.752408504486084, "sender_entropy": 1.313352108001709, "receiver_entropy": 0.0, "original_loss": 0.7297556400299072, "mean_length": 6.0}
{"mode": "train", "epoch": 36, "loss": 7.3068744114467075, "acc": 0.3742161009992872, "acc_or": 0.6460791570799691, "sender_entropy": 1.1483870574406214, "receiver_entropy": 0.0, "original_loss": 0.9751411506107875, "mean_length": 6.0}
{"mode": "test", "epoch": 36, "loss": 5.828435897827148, "acc": 0.5375722646713257, "acc_or": 0.7552986741065979, "sender_entropy": 1.3204448223114014, "receiver_entropy": 0.0, "original_loss": 0.6984415054321289, "mean_length": 6.0}
{"mode": "train", "epoch": 37, "loss": 7.390690803527832, "acc": 0.40506219012396677, "acc_or": 0.6610843283789498, "sender_entropy": 1.163392322404044, "receiver_entropy": 0.0, "original_loss": 0.9342543823378426, "mean_length": 6.0}
{"mode": "test", "epoch": 37, "loss": 5.756894111633301, "acc": 0.5606936812400818, "acc_or": 0.7726396918296814, "sender_entropy": 1.3179807662963867, "receiver_entropy": 0.0, "original_loss": 0.6679755449295044, "mean_length": 6.0}
{"mode": "train", "epoch": 38, "loss": 7.167550700051444, "acc": 0.40770621384893146, "acc_or": 0.6672353489058358, "sender_entropy": 1.134316052709307, "receiver_entropy": 0.0, "original_loss": 0.9081178052084786, "mean_length": 6.0}
{"mode": "test", "epoch": 38, "loss": 5.56719970703125, "acc": 0.612716794013977, "acc_or": 0.7986512780189514, "sender_entropy": 1.2706193923950195, "receiver_entropy": 0.0, "original_loss": 0.6237280368804932, "mean_length": 6.0}
{"mode": "train", "epoch": 39, "loss": 7.153638022286551, "acc": 0.4475791965212141, "acc_or": 0.6884825570242745, "sender_entropy": 1.109261461666652, "receiver_entropy": 0.0, "original_loss": 0.8538368684904916, "mean_length": 6.0}
{"mode": "test", "epoch": 39, "loss": 5.4856719970703125, "acc": 0.647398829460144, "acc_or": 0.8150289058685303, "sender_entropy": 1.2673765420913696, "receiver_entropy": 0.0, "original_loss": 0.606952428817749, "mean_length": 6.0}
{"mode": "train", "epoch": 40, "loss": 6.958251748766218, "acc": 0.442709675856999, "acc_or": 0.6857302444321769, "sender_entropy": 1.116049817630223, "receiver_entropy": 0.0, "original_loss": 0.8626338158335004, "mean_length": 6.0}
{"mode": "test", "epoch": 40, "loss": 5.4686689376831055, "acc": 0.6204239130020142, "acc_or": 0.8034682273864746, "sender_entropy": 1.27328622341156, "receiver_entropy": 0.0, "original_loss": 0.5951371192932129, "mean_length": 6.0}
{"mode": "train", "epoch": 41, "loss": 6.954865387507847, "acc": 0.46919776286397663, "acc_or": 0.6991642968995231, "sender_entropy": 1.116398811340332, "receiver_entropy": 0.0, "original_loss": 0.8255081347056797, "mean_length": 6.0}
{"mode": "test", "epoch": 41, "loss": 5.472494125366211, "acc": 0.6801541447639465, "acc_or": 0.8304432034492493, "sender_entropy": 1.2569053173065186, "receiver_entropy": 0.0, "original_loss": 0.531597375869751, "mean_length": 6.0}
{"mode": "train", "epoch": 42, "loss": 6.929888180324009, "acc": 0.48445074047361103, "acc_or": 0.7100333656583514, "sender_entropy": 1.0922967876706804, "receiver_entropy": 0.0, "original_loss": 0.7893874389784676, "mean_length": 6.0}
{"mode": "test", "epoch": 42, "loss": 5.262328147888184, "acc": 0.7013487815856934, "acc_or": 0.8448940515518188, "sender_entropy": 1.2178784608840942, "receiver_entropy": 0.0, "original_loss": 0.5127650499343872, "mean_length": 6.0}
{"mode": "train", "epoch": 43, "loss": 6.699729033878872, "acc": 0.4905439615249634, "acc_or": 0.7171768886702401, "sender_entropy": 1.0711750132696969, "receiver_entropy": 0.0, "original_loss": 0.7715934940746852, "mean_length": 6.0}
{"mode": "test", "epoch": 43, "loss": 5.012754440307617, "acc": 0.6724470257759094, "acc_or": 0.8323699831962585, "sender_entropy": 1.1905536651611328, "receiver_entropy": 0.0, "original_loss": 0.5132095813751221, "mean_length": 6.0}
{"mode": "train", "epoch": 44, "loss": 6.484802722930908, "acc": 0.5126448486532483, "acc_or": 0.7233471700123378, "sender_entropy": 1.0600659847259521, "receiver_entropy": 0.0, "original_loss": 0.7580705966268267, "mean_length": 6.0}
{"mode": "test", "epoch": 44, "loss": 4.850522041320801, "acc": 0.6955684423446655, "acc_or": 0.8381503224372864, "sender_entropy": 1.1635360717773438, "receiver_entropy": 0.0, "original_loss": 0.500408411026001, "mean_length": 6.0}
{"mode": "train", "epoch": 45, "loss": 6.519901820591518, "acc": 0.5439440011978149, "acc_or": 0.748120631490435, "sender_entropy": 1.0229781866073608, "receiver_entropy": 0.0, "original_loss": 0.7049069574901036, "mean_length": 6.0}
{"mode": "test", "epoch": 45, "loss": 4.842784404754639, "acc": 0.7437379956245422, "acc_or": 0.8689787983894348, "sender_entropy": 1.1474508047103882, "receiver_entropy": 0.0, "original_loss": 0.43822047114372253, "mean_length": 6.0}
{"mode": "train", "epoch": 46, "loss": 6.524619988032749, "acc": 0.5674200313431876, "acc_or": 0.7604784710066659, "sender_entropy": 1.0333474023001534, "receiver_entropy": 0.0, "original_loss": 0.670680752822331, "mean_length": 6.0}
{"mode": "test", "epoch": 46, "loss": 4.7952704429626465, "acc": 0.7148362398147583, "acc_or": 0.852601170539856, "sender_entropy": 1.1540265083312988, "receiver_entropy": 0.0, "original_loss": 0.44513264298439026, "mean_length": 6.0}
{"mode": "train", "epoch": 47, "loss": 6.339594091687884, "acc": 0.5689692412103925, "acc_or": 0.7627670764923096, "sender_entropy": 1.0188127074922835, "receiver_entropy": 0.0, "original_loss": 0.6637598446437291, "mean_length": 6.0}
{"mode": "test", "epoch": 47, "loss": 4.671655654907227, "acc": 0.7475915551185608, "acc_or": 0.8718689680099487, "sender_entropy": 1.1358425617218018, "receiver_entropy": 0.0, "original_loss": 0.40558865666389465, "mean_length": 6.0}
{"mode": "train", "epoch": 48, "loss": 6.224465710776193, "acc": 0.5900736280850002, "acc_or": 0.7735663907868522, "sender_entropy": 1.0030142835208349, "receiver_entropy": 0.0, "original_loss": 0.633254953793117, "mean_length": 6.0}
{"mode": "test", "epoch": 48, "loss": 4.656438827514648, "acc": 0.8015414476394653, "acc_or": 0.899807333946228, "sender_entropy": 1.1284617185592651, "receiver_entropy": 0.0, "original_loss": 0.37157851457595825, "mean_length": 6.0}
{"mode": "train", "epoch": 49, "loss": 6.224022592817034, "acc": 0.60671238388334, "acc_or": 0.7823634317943028, "sender_entropy": 1.0229192631585258, "receiver_entropy": 0.0, "original_loss": 0.6218342185020447, "mean_length": 6.0}
{"mode": "test", "epoch": 49, "loss": 4.729410171508789, "acc": 0.8169556856155396, "acc_or": 0.9065510630607605, "sender_entropy": 1.1485474109649658, "receiver_entropy": 0.0, "original_loss": 0.35535475611686707, "mean_length": 6.0}
{"mode": "train", "epoch": 50, "loss": 6.291858196258545, "acc": 0.630080793585096, "acc_or": 0.7962033748626709, "sender_entropy": 1.0190602540969849, "receiver_entropy": 0.0, "original_loss": 0.5820683496338981, "mean_length": 6.0}
{"mode": "test", "epoch": 50, "loss": 4.640508651733398, "acc": 0.8323699831962585, "acc_or": 0.913294792175293, "sender_entropy": 1.1257184743881226, "receiver_entropy": 0.0, "original_loss": 0.3258039355278015, "mean_length": 6.0}
{"mode": "train", "epoch": 51, "loss": 6.173822402954102, "acc": 0.6475792016301837, "acc_or": 0.8069688166890826, "sender_entropy": 0.994184170450483, "receiver_entropy": 0.0, "original_loss": 0.5558936468192509, "mean_length": 6.0}
{"mode": "test", "epoch": 51, "loss": 4.422817707061768, "acc": 0.8111753463745117, "acc_or": 0.9036608934402466, "sender_entropy": 1.111098289489746, "receiver_entropy": 0.0, "original_loss": 0.3360165059566498, "mean_length": 6.0}
{"mode": "train", "epoch": 52, "loss": 6.031074796404157, "acc": 0.646464467048645, "acc_or": 0.805159194128854, "sender_entropy": 0.9972869157791138, "receiver_entropy": 0.0, "original_loss": 0.5619861228125436, "mean_length": 6.0}
{"mode": "test", "epoch": 52, "loss": 4.357948303222656, "acc": 0.8420038819313049, "acc_or": 0.9210019707679749, "sender_entropy": 1.1081092357635498, "receiver_entropy": 0.0, "original_loss": 0.3261707127094269, "mean_length": 6.0}
{"mode": "train", "epoch": 53, "loss": 5.884732927594866, "acc": 0.6523198485374451, "acc_or": 0.8103828004428318, "sender_entropy": 0.9902062330927167, "receiver_entropy": 0.0, "original_loss": 0.554729197706495, "mean_length": 6.0}
{"mode": "test", "epoch": 53, "loss": 4.266580581665039, "acc": 0.8400771021842957, "acc_or": 0.9152215719223022, "sender_entropy": 1.0954798460006714, "receiver_entropy": 0.0, "original_loss": 0.29990288615226746, "mean_length": 6.0}
{"mode": "train", "epoch": 54, "loss": 5.8797607421875, "acc": 0.6724131277629307, "acc_or": 0.8219640340123858, "sender_entropy": 0.9703427638326373, "receiver_entropy": 0.0, "original_loss": 0.5158003611224038, "mean_length": 6.0}
{"mode": "test", "epoch": 54, "loss": 4.258310794830322, "acc": 0.8554913401603699, "acc_or": 0.9267823100090027, "sender_entropy": 1.0819796323776245, "receiver_entropy": 0.0, "original_loss": 0.2621658742427826, "mean_length": 6.0}
{"mode": "train", "epoch": 55, "loss": 5.709024361201695, "acc": 0.676324691091265, "acc_or": 0.8232395563806806, "sender_entropy": 0.9584968771253314, "receiver_entropy": 0.0, "original_loss": 0.511448336499078, "mean_length": 6.0}
{"mode": "test", "epoch": 55, "loss": 4.125414848327637, "acc": 0.8843930959701538, "acc_or": 0.9402697682380676, "sender_entropy": 1.0638221502304077, "receiver_entropy": 0.0, "original_loss": 0.25141841173171997, "mean_length": 6.0}
{"mode": "train", "epoch": 56, "loss": 5.678618839808872, "acc": 0.6949869990348816, "acc_or": 0.8343391503606524, "sender_entropy": 0.9595352496419635, "receiver_entropy": 0.0, "original_loss": 0.4846504160336086, "mean_length": 6.0}
{"mode": "test", "epoch": 56, "loss": 4.049941539764404, "acc": 0.8728323578834534, "acc_or": 0.9325626492500305, "sender_entropy": 1.0560344457626343, "receiver_entropy": 0.0, "original_loss": 0.2488117665052414, "mean_length": 6.0}
{"mode": "train", "epoch": 57, "loss": 5.687450000217983, "acc": 0.7149686472756522, "acc_or": 0.8472869140761239, "sender_entropy": 0.9380109480449131, "receiver_entropy": 0.0, "original_loss": 0.4473120527608054, "mean_length": 6.0}
{"mode": "test", "epoch": 57, "loss": 4.057145595550537, "acc": 0.8901734352111816, "acc_or": 0.9450867176055908, "sender_entropy": 1.052251935005188, "receiver_entropy": 0.0, "original_loss": 0.2293182909488678, "mean_length": 6.0}
{"mode": "train", "epoch": 58, "loss": 5.642394815172468, "acc": 0.7231930409158979, "acc_or": 0.8509194510323661, "sender_entropy": 0.9482867206845965, "receiver_entropy": 0.0, "original_loss": 0.4466927008969443, "mean_length": 6.0}
{"mode": "test", "epoch": 58, "loss": 4.023966312408447, "acc": 0.9055876731872559, "acc_or": 0.949903666973114, "sender_entropy": 1.0606486797332764, "receiver_entropy": 0.0, "original_loss": 0.22458408772945404, "mean_length": 6.0}
{"mode": "train", "epoch": 59, "loss": 5.59549263545445, "acc": 0.7314533080373492, "acc_or": 0.8548403126852853, "sender_entropy": 0.9459362370627267, "receiver_entropy": 0.0, "original_loss": 0.4310652145317623, "mean_length": 6.0}
{"mode": "test", "epoch": 59, "loss": 4.044836521148682, "acc": 0.9383429884910583, "acc_or": 0.9682081341743469, "sender_entropy": 1.0472434759140015, "receiver_entropy": 0.0, "original_loss": 0.17100310325622559, "mean_length": 6.0}
{"mode": "train", "epoch": 60, "loss": 5.595659255981445, "acc": 0.7506098662103925, "acc_or": 0.8655878049986703, "sender_entropy": 0.9436655810901097, "receiver_entropy": 0.0, "original_loss": 0.4028052091598511, "mean_length": 6.0}
{"mode": "test", "epoch": 60, "loss": 4.028603553771973, "acc": 0.9402697682380676, "acc_or": 0.9701349139213562, "sender_entropy": 1.0564751625061035, "receiver_entropy": 0.0, "original_loss": 0.17597545683383942, "mean_length": 6.0}
{"mode": "train", "epoch": 61, "loss": 5.613626480102539, "acc": 0.7404669097491673, "acc_or": 0.8603183627128601, "sender_entropy": 0.9640052488871983, "receiver_entropy": 0.0, "original_loss": 0.4082180219037192, "mean_length": 6.0}
{"mode": "test", "epoch": 61, "loss": 4.111911773681641, "acc": 0.9421965479850769, "acc_or": 0.9691715240478516, "sender_entropy": 1.0913925170898438, "receiver_entropy": 0.0, "original_loss": 0.16918663680553436, "mean_length": 6.0}
{"mode": "train", "epoch": 62, "loss": 5.64262546811785, "acc": 0.7533176626477923, "acc_or": 0.8672120996883937, "sender_entropy": 0.9755887559482029, "receiver_entropy": 0.0, "original_loss": 0.39349526166915894, "mean_length": 6.0}
{"mode": "test", "epoch": 62, "loss": 4.097864151000977, "acc": 0.949903666973114, "acc_or": 0.9749518632888794, "sender_entropy": 1.0863754749298096, "receiver_entropy": 0.0, "original_loss": 0.1550615280866623, "mean_length": 6.0}
{"mode": "train", "epoch": 63, "loss": 5.54482889175415, "acc": 0.7630314826965332, "acc_or": 0.8718238643237523, "sender_entropy": 0.9664368033409119, "receiver_entropy": 0.0, "original_loss": 0.37775032435144695, "mean_length": 6.0}
{"mode": "test", "epoch": 63, "loss": 3.8852107524871826, "acc": 0.9325626492500305, "acc_or": 0.965317964553833, "sender_entropy": 1.0615309476852417, "receiver_entropy": 0.0, "original_loss": 0.16998419165611267, "mean_length": 6.0}
{"mode": "train", "epoch": 64, "loss": 5.1946090289524625, "acc": 0.7537242344447544, "acc_or": 0.8669749242918832, "sender_entropy": 0.9351694498743329, "receiver_entropy": 0.0, "original_loss": 0.38842433265277315, "mean_length": 6.0}
{"mode": "test", "epoch": 64, "loss": 3.752945899963379, "acc": 0.9460501074790955, "acc_or": 0.9720616936683655, "sender_entropy": 1.031707525253296, "receiver_entropy": 0.0, "original_loss": 0.15037301182746887, "mean_length": 6.0}
{"mode": "train", "epoch": 65, "loss": 5.250225271497454, "acc": 0.7739463789122445, "acc_or": 0.8796104448182243, "sender_entropy": 0.9291650312287467, "receiver_entropy": 0.0, "original_loss": 0.3588687479496002, "mean_length": 6.0}
{"mode": "test", "epoch": 65, "loss": 3.7321736812591553, "acc": 0.9344894289970398, "acc_or": 0.9672447443008423, "sender_entropy": 1.0446680784225464, "receiver_entropy": 0.0, "original_loss": 0.15085981786251068, "mean_length": 6.0}
{"mode": "train", "epoch": 66, "loss": 5.219588211604527, "acc": 0.7636639135224479, "acc_or": 0.8740812540054321, "sender_entropy": 0.9443903565406799, "receiver_entropy": 0.0, "original_loss": 0.37091709460530964, "mean_length": 6.0}
{"mode": "test", "epoch": 66, "loss": 3.701204538345337, "acc": 0.9229287505149841, "acc_or": 0.9614643454551697, "sender_entropy": 1.0516643524169922, "receiver_entropy": 0.0, "original_loss": 0.15329384803771973, "mean_length": 6.0}
{"mode": "train", "epoch": 67, "loss": 5.259622982570103, "acc": 0.7776918581553868, "acc_or": 0.8823534676006862, "sender_entropy": 0.9532119461468288, "receiver_entropy": 0.0, "original_loss": 0.34957719274929594, "mean_length": 6.0}
{"mode": "test", "epoch": 67, "loss": 3.7729928493499756, "acc": 0.9479768872261047, "acc_or": 0.9730250835418701, "sender_entropy": 1.0623027086257935, "receiver_entropy": 0.0, "original_loss": 0.12187588959932327, "mean_length": 6.0}
{"mode": "train", "epoch": 68, "loss": 5.193877152034214, "acc": 0.7820724589484078, "acc_or": 0.8838023628507342, "sender_entropy": 0.9485128266470773, "receiver_entropy": 0.0, "original_loss": 0.3431310015065329, "mean_length": 6.0}
{"mode": "test", "epoch": 68, "loss": 3.6097679138183594, "acc": 0.9518304467201233, "acc_or": 0.9749518632888794, "sender_entropy": 1.0368953943252563, "receiver_entropy": 0.0, "original_loss": 0.13386347889900208, "mean_length": 6.0}
{"mode": "train", "epoch": 69, "loss": 5.09708833694458, "acc": 0.7964485117367336, "acc_or": 0.8916454230036054, "sender_entropy": 0.9288694177355085, "receiver_entropy": 0.0, "original_loss": 0.3254870218890054, "mean_length": 6.0}
{"mode": "test", "epoch": 69, "loss": 3.485992908477783, "acc": 0.9576107859611511, "acc_or": 0.978805422782898, "sender_entropy": 1.0084930658340454, "receiver_entropy": 0.0, "original_loss": 0.11226750910282135, "mean_length": 6.0}
{"mode": "train", "epoch": 70, "loss": 5.013089316231864, "acc": 0.8076145478657314, "acc_or": 0.8967939700399127, "sender_entropy": 0.9105672495705741, "receiver_entropy": 0.0, "original_loss": 0.310595976454871, "mean_length": 6.0}
{"mode": "test", "epoch": 70, "loss": 3.4331750869750977, "acc": 0.9691715240478516, "acc_or": 0.9845857620239258, "sender_entropy": 0.9992106556892395, "receiver_entropy": 0.0, "original_loss": 0.10472428798675537, "mean_length": 6.0}
{"mode": "train", "epoch": 71, "loss": 4.848985535757882, "acc": 0.8066193802016122, "acc_or": 0.8975373591695514, "sender_entropy": 0.8996832285608564, "receiver_entropy": 0.0, "original_loss": 0.3061761770929609, "mean_length": 6.0}
{"mode": "test", "epoch": 71, "loss": 3.392568349838257, "acc": 0.9826589822769165, "acc_or": 0.9913294911384583, "sender_entropy": 0.9936825633049011, "receiver_entropy": 0.0, "original_loss": 0.08970076590776443, "mean_length": 6.0}
{"mode": "train", "epoch": 72, "loss": 4.746737684522357, "acc": 0.8178544981139046, "acc_or": 0.9030851636614118, "sender_entropy": 0.8862424577985492, "receiver_entropy": 0.0, "original_loss": 0.29342401027679443, "mean_length": 6.0}
{"mode": "test", "epoch": 72, "loss": 3.2381045818328857, "acc": 0.9614643454551697, "acc_or": 0.9797688126564026, "sender_entropy": 0.9744306206703186, "receiver_entropy": 0.0, "original_loss": 0.10831103473901749, "mean_length": 6.0}
{"mode": "train", "epoch": 73, "loss": 4.703641210283552, "acc": 0.8244313427380153, "acc_or": 0.9065828408513751, "sender_entropy": 0.872245022228786, "receiver_entropy": 0.0, "original_loss": 0.2846229374408722, "mean_length": 6.0}
{"mode": "test", "epoch": 73, "loss": 3.1362569332122803, "acc": 0.9614643454551697, "acc_or": 0.9807322025299072, "sender_entropy": 0.9590739011764526, "receiver_entropy": 0.0, "original_loss": 0.09984464943408966, "mean_length": 6.0}
{"mode": "train", "epoch": 74, "loss": 4.544632298605783, "acc": 0.8145102773393903, "acc_or": 0.9006822790418353, "sender_entropy": 0.8774675301143101, "receiver_entropy": 0.0, "original_loss": 0.30021960394723074, "mean_length": 6.0}
{"mode": "test", "epoch": 74, "loss": 3.228649139404297, "acc": 0.9691715240478516, "acc_or": 0.9845857620239258, "sender_entropy": 0.9850577116012573, "receiver_entropy": 0.0, "original_loss": 0.09108591079711914, "mean_length": 6.0}
{"mode": "train", "epoch": 75, "loss": 4.673071180071149, "acc": 0.8162707430975777, "acc_or": 0.9024606857981, "sender_entropy": 0.8990175809179034, "receiver_entropy": 0.0, "original_loss": 0.28673010638781954, "mean_length": 6.0}
{"mode": "test", "epoch": 75, "loss": 3.2221996784210205, "acc": 0.9730250835418701, "acc_or": 0.9865125417709351, "sender_entropy": 0.9944235682487488, "receiver_entropy": 0.0, "original_loss": 0.09356670826673508, "mean_length": 6.0}
{"mode": "train", "epoch": 76, "loss": 4.614677224840436, "acc": 0.8229087165423802, "acc_or": 0.9057404739516122, "sender_entropy": 0.9030552165848869, "receiver_entropy": 0.0, "original_loss": 0.2823912799358368, "mean_length": 6.0}
{"mode": "test", "epoch": 76, "loss": 3.2076847553253174, "acc": 0.9730250835418701, "acc_or": 0.9865125417709351, "sender_entropy": 0.9913870692253113, "receiver_entropy": 0.0, "original_loss": 0.08445233851671219, "mean_length": 6.0}
{"mode": "train", "epoch": 77, "loss": 4.526690755571638, "acc": 0.8360850044659206, "acc_or": 0.9119579366275242, "sender_entropy": 0.8902642216001239, "receiver_entropy": 0.0, "original_loss": 0.270728275179863, "mean_length": 6.0}
{"mode": "test", "epoch": 77, "loss": 3.097632884979248, "acc": 0.978805422782898, "acc_or": 0.989402711391449, "sender_entropy": 0.9670889973640442, "receiver_entropy": 0.0, "original_loss": 0.08219951391220093, "mean_length": 6.0}
{"mode": "train", "epoch": 78, "loss": 4.448980535779681, "acc": 0.84178626537323, "acc_or": 0.9166162014007568, "sender_entropy": 0.8644047549792698, "receiver_entropy": 0.0, "original_loss": 0.2529631129332951, "mean_length": 6.0}
{"mode": "test", "epoch": 78, "loss": 2.97430682182312, "acc": 0.9826589822769165, "acc_or": 0.9913294911384583, "sender_entropy": 0.9437573552131653, "receiver_entropy": 0.0, "original_loss": 0.07554089277982712, "mean_length": 6.0}
{"mode": "train", "epoch": 79, "loss": 4.396096433912005, "acc": 0.8460485850061689, "acc_or": 0.9187699556350708, "sender_entropy": 0.8520614504814148, "receiver_entropy": 0.0, "original_loss": 0.2423480131796428, "mean_length": 6.0}
{"mode": "test", "epoch": 79, "loss": 2.966304302215576, "acc": 0.9595375657081604, "acc_or": 0.9797688126564026, "sender_entropy": 0.9524929523468018, "receiver_entropy": 0.0, "original_loss": 0.08727309852838516, "mean_length": 6.0}
{"mode": "train", "epoch": 80, "loss": 4.283074855804443, "acc": 0.8334436331476484, "acc_or": 0.9114437443869454, "sender_entropy": 0.8684903127806527, "receiver_entropy": 0.0, "original_loss": 0.2640709706715175, "mean_length": 6.0}
{"mode": "test", "epoch": 80, "loss": 2.932659149169922, "acc": 0.978805422782898, "acc_or": 0.989402711391449, "sender_entropy": 0.9587281942367554, "receiver_entropy": 0.0, "original_loss": 0.08096003532409668, "mean_length": 6.0}
{"mode": "train", "epoch": 81, "loss": 4.290493897029331, "acc": 0.8306149244308472, "acc_or": 0.9097530245780945, "sender_entropy": 0.8827370234898159, "receiver_entropy": 0.0, "original_loss": 0.2679600034441267, "mean_length": 6.0}
{"mode": "test", "epoch": 81, "loss": 2.9590325355529785, "acc": 0.963391125202179, "acc_or": 0.9816955924034119, "sender_entropy": 0.9805816411972046, "receiver_entropy": 0.0, "original_loss": 0.09195318818092346, "mean_length": 6.0}
{"mode": "train", "epoch": 82, "loss": 4.322681358882359, "acc": 0.8386546117918832, "acc_or": 0.9142106601170131, "sender_entropy": 0.8947148663657052, "receiver_entropy": 0.0, "original_loss": 0.2595359576599939, "mean_length": 6.0}
{"mode": "test", "epoch": 82, "loss": 2.9308435916900635, "acc": 0.978805422782898, "acc_or": 0.989402711391449, "sender_entropy": 0.9728807806968689, "receiver_entropy": 0.0, "original_loss": 0.08158042281866074, "mean_length": 6.0}
{"mode": "train", "epoch": 83, "loss": 4.224324975694929, "acc": 0.8327128716877529, "acc_or": 0.9109441467693874, "sender_entropy": 0.8906273927007403, "receiver_entropy": 0.0, "original_loss": 0.260691510779517, "mean_length": 6.0}
{"mode": "test", "epoch": 83, "loss": 2.9690020084381104, "acc": 0.9845857620239258, "acc_or": 0.9922928810119629, "sender_entropy": 0.9789445996284485, "receiver_entropy": 0.0, "original_loss": 0.06556625664234161, "mean_length": 6.0}
{"mode": "train", "epoch": 84, "loss": 4.269253322056362, "acc": 0.8468630569321769, "acc_or": 0.9189645988600594, "sender_entropy": 0.8973543133054461, "receiver_entropy": 0.0, "original_loss": 0.24475958943367004, "mean_length": 6.0}
{"mode": "test", "epoch": 84, "loss": 2.9499967098236084, "acc": 0.978805422782898, "acc_or": 0.989402711391449, "sender_entropy": 0.9850044846534729, "receiver_entropy": 0.0, "original_loss": 0.06582280248403549, "mean_length": 6.0}
{"mode": "train", "epoch": 85, "loss": 4.215373720441546, "acc": 0.8533402511051723, "acc_or": 0.9220643469265529, "sender_entropy": 0.8817757878984723, "receiver_entropy": 0.0, "original_loss": 0.23290885984897614, "mean_length": 6.0}
{"mode": "test", "epoch": 85, "loss": 2.857163667678833, "acc": 0.978805422782898, "acc_or": 0.989402711391449, "sender_entropy": 0.972612202167511, "receiver_entropy": 0.0, "original_loss": 0.06689289957284927, "mean_length": 6.0}
{"mode": "train", "epoch": 86, "loss": 4.111729417528425, "acc": 0.8439014979771206, "acc_or": 0.9172971333776202, "sender_entropy": 0.8805750608444214, "receiver_entropy": 0.0, "original_loss": 0.2373479072536741, "mean_length": 6.0}
{"mode": "test", "epoch": 86, "loss": 2.820892333984375, "acc": 0.9826589822769165, "acc_or": 0.9913294911384583, "sender_entropy": 0.9724997282028198, "receiver_entropy": 0.0, "original_loss": 0.06092089042067528, "mean_length": 6.0}
{"mode": "train", "epoch": 87, "loss": 4.108669417245047, "acc": 0.8508091568946838, "acc_or": 0.9216019766671317, "sender_entropy": 0.8848501443862915, "receiver_entropy": 0.0, "original_loss": 0.23156723380088806, "mean_length": 6.0}
{"mode": "test", "epoch": 87, "loss": 2.8475773334503174, "acc": 0.9826589822769165, "acc_or": 0.9913294911384583, "sender_entropy": 0.9863267540931702, "receiver_entropy": 0.0, "original_loss": 0.06496353447437286, "mean_length": 6.0}
{"mode": "train", "epoch": 88, "loss": 4.06541953768049, "acc": 0.853016061442239, "acc_or": 0.9216225658144269, "sender_entropy": 0.8951249633516584, "receiver_entropy": 0.0, "original_loss": 0.23598275440079824, "mean_length": 6.0}
{"mode": "test", "epoch": 88, "loss": 2.818746566772461, "acc": 0.978805422782898, "acc_or": 0.989402711391449, "sender_entropy": 0.9821467995643616, "receiver_entropy": 0.0, "original_loss": 0.06008199229836464, "mean_length": 6.0}
{"mode": "train", "epoch": 89, "loss": 4.066023792539324, "acc": 0.8611700279372079, "acc_or": 0.9261074491909572, "sender_entropy": 0.8947739430836269, "receiver_entropy": 0.0, "original_loss": 0.22431060884680068, "mean_length": 6.0}
{"mode": "test", "epoch": 89, "loss": 2.790863513946533, "acc": 0.9865125417709351, "acc_or": 0.9932562708854675, "sender_entropy": 0.9828126430511475, "receiver_entropy": 0.0, "original_loss": 0.048874445259571075, "mean_length": 6.0}
{"mode": "train", "epoch": 90, "loss": 4.033427579062326, "acc": 0.8571242690086365, "acc_or": 0.9247987270355225, "sender_entropy": 0.8905738932745797, "receiver_entropy": 0.0, "original_loss": 0.22328540895666396, "mean_length": 6.0}
{"mode": "test", "epoch": 90, "loss": 2.692862033843994, "acc": 0.9749518632888794, "acc_or": 0.9874759316444397, "sender_entropy": 0.9657688736915588, "receiver_entropy": 0.0, "original_loss": 0.06290324777364731, "mean_length": 6.0}
{"mode": "train", "epoch": 91, "loss": 3.8801509652818953, "acc": 0.8599077974046979, "acc_or": 0.9263379829270499, "sender_entropy": 0.8792651125362941, "receiver_entropy": 0.0, "original_loss": 0.2223774301154273, "mean_length": 6.0}
{"mode": "test", "epoch": 91, "loss": 2.6949050426483154, "acc": 0.9961464405059814, "acc_or": 0.9980732202529907, "sender_entropy": 0.9672969579696655, "receiver_entropy": 0.0, "original_loss": 0.04780901223421097, "mean_length": 6.0}
{"mode": "train", "epoch": 92, "loss": 3.9324232850755965, "acc": 0.8721832633018494, "acc_or": 0.9328218187604632, "sender_entropy": 0.8785882932799203, "receiver_entropy": 0.0, "original_loss": 0.20591522753238678, "mean_length": 6.0}
{"mode": "test", "epoch": 92, "loss": 2.6195294857025146, "acc": 0.9807322025299072, "acc_or": 0.9903661012649536, "sender_entropy": 0.9610341191291809, "receiver_entropy": 0.0, "original_loss": 0.056747786700725555, "mean_length": 6.0}
{"mode": "train", "epoch": 93, "loss": 3.9175029482160295, "acc": 0.8749707937240601, "acc_or": 0.9342408265386309, "sender_entropy": 0.8715775864464896, "receiver_entropy": 0.0, "original_loss": 0.198997757264546, "mean_length": 6.0}
{"mode": "test", "epoch": 93, "loss": 2.637714385986328, "acc": 0.9961464405059814, "acc_or": 0.9980732202529907, "sender_entropy": 0.9616807699203491, "receiver_entropy": 0.0, "original_loss": 0.03926622122526169, "mean_length": 6.0}
{"mode": "train", "epoch": 94, "loss": 3.893371718270438, "acc": 0.8797326769147601, "acc_or": 0.9367944938795907, "sender_entropy": 0.8710891434124538, "receiver_entropy": 0.0, "original_loss": 0.19293316773005895, "mean_length": 6.0}
{"mode": "test", "epoch": 94, "loss": 2.6561851501464844, "acc": 0.9922928810119629, "acc_or": 0.9961464405059814, "sender_entropy": 0.9781344532966614, "receiver_entropy": 0.0, "original_loss": 0.04162570461630821, "mean_length": 6.0}
{"mode": "train", "epoch": 95, "loss": 3.8512426103864397, "acc": 0.8758490255900792, "acc_or": 0.934852659702301, "sender_entropy": 0.8931317584855216, "receiver_entropy": 0.0, "original_loss": 0.20340657447065627, "mean_length": 6.0}
{"mode": "test", "epoch": 95, "loss": 2.6834402084350586, "acc": 0.9922928810119629, "acc_or": 0.9961464405059814, "sender_entropy": 0.9928805828094482, "receiver_entropy": 0.0, "original_loss": 0.04699289798736572, "mean_length": 6.0}
{"mode": "train", "epoch": 96, "loss": 3.8449388912745883, "acc": 0.8697916780199323, "acc_or": 0.9323986428124564, "sender_entropy": 0.8845713990075248, "receiver_entropy": 0.0, "original_loss": 0.20084616116115026, "mean_length": 6.0}
{"mode": "test", "epoch": 96, "loss": 2.625204563140869, "acc": 0.9884393215179443, "acc_or": 0.9942196607589722, "sender_entropy": 0.9798465967178345, "receiver_entropy": 0.0, "original_loss": 0.04227976128458977, "mean_length": 6.0}
{"mode": "train", "epoch": 97, "loss": 3.7866244316101074, "acc": 0.8665630306516375, "acc_or": 0.9300396186964852, "sender_entropy": 0.8900215370314462, "receiver_entropy": 0.0, "original_loss": 0.20725866513592855, "mean_length": 6.0}
{"mode": "test", "epoch": 97, "loss": 2.620739698410034, "acc": 0.9884393215179443, "acc_or": 0.9942196607589722, "sender_entropy": 0.9905508756637573, "receiver_entropy": 0.0, "original_loss": 0.0517641045153141, "mean_length": 6.0}
{"mode": "train", "epoch": 98, "loss": 3.7443762166159495, "acc": 0.8684696640287127, "acc_or": 0.9309563892228263, "sender_entropy": 0.903295806476048, "receiver_entropy": 0.0, "original_loss": 0.20719834310667856, "mean_length": 6.0}
{"mode": "test", "epoch": 98, "loss": 2.6306118965148926, "acc": 0.9884393215179443, "acc_or": 0.9942196607589722, "sender_entropy": 0.9959073066711426, "receiver_entropy": 0.0, "original_loss": 0.04264348745346069, "mean_length": 6.0}
{"mode": "train", "epoch": 99, "loss": 3.7043139253343855, "acc": 0.8746904305049351, "acc_or": 0.9340448549815586, "sender_entropy": 0.8926752209663391, "receiver_entropy": 0.0, "original_loss": 0.19987784113202775, "mean_length": 6.0}
{"mode": "test", "epoch": 99, "loss": 2.557044267654419, "acc": 0.9961464405059814, "acc_or": 0.9980732202529907, "sender_entropy": 0.9763478636741638, "receiver_entropy": 0.0, "original_loss": 0.03327145799994469, "mean_length": 6.0}
{"mode": "train", "epoch": 100, "loss": 3.6466031074523926, "acc": 0.879404502255576, "acc_or": 0.9367446729115078, "sender_entropy": 0.8808816245623997, "receiver_entropy": 0.0, "original_loss": 0.1911582670041493, "mean_length": 6.0}
{"mode": "test", "epoch": 100, "loss": 2.51046085357666, "acc": 0.9922928810119629, "acc_or": 0.9961464405059814, "sender_entropy": 0.9707548022270203, "receiver_entropy": 0.0, "original_loss": 0.04051600396633148, "mean_length": 6.0}
{"mode": "train", "epoch": 101, "loss": 3.6501193387167796, "acc": 0.8835485747882298, "acc_or": 0.9393136416162763, "sender_entropy": 0.8755471876689366, "receiver_entropy": 0.0, "original_loss": 0.18568619659968785, "mean_length": 6.0}
{"mode": "test", "epoch": 101, "loss": 2.490839719772339, "acc": 0.9922928810119629, "acc_or": 0.9961464405059814, "sender_entropy": 0.9772655963897705, "receiver_entropy": 0.0, "original_loss": 0.03497748821973801, "mean_length": 6.0}
{"mode": "train", "epoch": 102, "loss": 3.6739788396017894, "acc": 0.8759739398956299, "acc_or": 0.9351330314363752, "sender_entropy": 0.9004487650735038, "receiver_entropy": 0.0, "original_loss": 0.19310493980135238, "mean_length": 6.0}
{"mode": "test", "epoch": 102, "loss": 2.5045084953308105, "acc": 0.9922928810119629, "acc_or": 0.9961464405059814, "sender_entropy": 0.9999337792396545, "receiver_entropy": 0.0, "original_loss": 0.03822183981537819, "mean_length": 6.0}
{"mode": "train", "epoch": 103, "loss": 3.5892875535147533, "acc": 0.8739384242466518, "acc_or": 0.9337970444134304, "sender_entropy": 0.9060573833329337, "receiver_entropy": 0.0, "original_loss": 0.199695314679827, "mean_length": 6.0}
{"mode": "test", "epoch": 103, "loss": 2.479264736175537, "acc": 0.9826589822769165, "acc_or": 0.9913294911384583, "sender_entropy": 0.9958736896514893, "receiver_entropy": 0.0, "original_loss": 0.039608586579561234, "mean_length": 6.0}
{"mode": "train", "epoch": 104, "loss": 3.5699620928083147, "acc": 0.8744672281401498, "acc_or": 0.9333672268050057, "sender_entropy": 0.90565573317664, "receiver_entropy": 0.0, "original_loss": 0.1969988069364003, "mean_length": 6.0}
{"mode": "test", "epoch": 104, "loss": 2.481574535369873, "acc": 0.9922928810119629, "acc_or": 0.9961464405059814, "sender_entropy": 0.9991312623023987, "receiver_entropy": 0.0, "original_loss": 0.03594868257641792, "mean_length": 6.0}
{"mode": "train", "epoch": 105, "loss": 3.566953590938023, "acc": 0.881211485181536, "acc_or": 0.9375591363225665, "sender_entropy": 0.9058084828513009, "receiver_entropy": 0.0, "original_loss": 0.1876702287367412, "mean_length": 6.0}
{"mode": "test", "epoch": 105, "loss": 2.44720721244812, "acc": 0.9903661012649536, "acc_or": 0.9951830506324768, "sender_entropy": 1.002819299697876, "receiver_entropy": 0.0, "original_loss": 0.0397995226085186, "mean_length": 6.0}
{"mode": "train", "epoch": 106, "loss": 3.465728146689279, "acc": 0.8675555501665387, "acc_or": 0.9303545015198844, "sender_entropy": 0.9060009547642299, "receiver_entropy": 0.0, "original_loss": 0.20279668484415328, "mean_length": 6.0}
{"mode": "test", "epoch": 106, "loss": 2.427180051803589, "acc": 0.9942196607589722, "acc_or": 0.9971098303794861, "sender_entropy": 1.0014480352401733, "receiver_entropy": 0.0, "original_loss": 0.03927259519696236, "mean_length": 6.0}
{"mode": "train", "epoch": 107, "loss": 3.4338130950927734, "acc": 0.874728969165257, "acc_or": 0.9344181929315839, "sender_entropy": 0.899975095476423, "receiver_entropy": 0.0, "original_loss": 0.1954380933727537, "mean_length": 6.0}
{"mode": "test", "epoch": 107, "loss": 2.38688588142395, "acc": 0.9903661012649536, "acc_or": 0.9951830506324768, "sender_entropy": 0.9856389760971069, "receiver_entropy": 0.0, "original_loss": 0.03722236678004265, "mean_length": 6.0}
{"mode": "train", "epoch": 108, "loss": 3.393057039805821, "acc": 0.8784611565726144, "acc_or": 0.9357016682624817, "sender_entropy": 0.8979680367878505, "receiver_entropy": 0.0, "original_loss": 0.1927881666592189, "mean_length": 6.0}
{"mode": "test", "epoch": 108, "loss": 2.3656296730041504, "acc": 0.9961464405059814, "acc_or": 0.9980732202529907, "sender_entropy": 0.9857453107833862, "receiver_entropy": 0.0, "original_loss": 0.03199555724859238, "mean_length": 6.0}
{"mode": "train", "epoch": 109, "loss": 3.3589236395699635, "acc": 0.883289498942239, "acc_or": 0.9378341776984078, "sender_entropy": 0.8851585303034101, "receiver_entropy": 0.0, "original_loss": 0.18528986828667776, "mean_length": 6.0}
{"mode": "test", "epoch": 109, "loss": 2.3066225051879883, "acc": 0.9922928810119629, "acc_or": 0.9961464405059814, "sender_entropy": 0.9776190519332886, "receiver_entropy": 0.0, "original_loss": 0.03767244890332222, "mean_length": 6.0}
{"mode": "train", "epoch": 110, "loss": 3.346687078475952, "acc": 0.8852200422968183, "acc_or": 0.940196522644588, "sender_entropy": 0.8831335646765572, "receiver_entropy": 0.0, "original_loss": 0.17799829159464156, "mean_length": 6.0}
{"mode": "test", "epoch": 110, "loss": 2.2823219299316406, "acc": 0.9942196607589722, "acc_or": 0.9971098303794861, "sender_entropy": 0.9774790406227112, "receiver_entropy": 0.0, "original_loss": 0.03045620582997799, "mean_length": 6.0}
{"mode": "train", "epoch": 111, "loss": 3.3604954310825894, "acc": 0.8852466174534389, "acc_or": 0.9401373863220215, "sender_entropy": 0.8945245827947345, "receiver_entropy": 0.0, "original_loss": 0.18011967412063054, "mean_length": 6.0}
{"mode": "test", "epoch": 111, "loss": 2.305082082748413, "acc": 0.9884393215179443, "acc_or": 0.9942196607589722, "sender_entropy": 0.9951987266540527, "receiver_entropy": 0.0, "original_loss": 0.03505603224039078, "mean_length": 6.0}
{"mode": "train", "epoch": 112, "loss": 3.1854211602892195, "acc": 0.8685826063156128, "acc_or": 0.9310859356607709, "sender_entropy": 0.8993579830442157, "receiver_entropy": 0.0, "original_loss": 0.20125830599239894, "mean_length": 6.0}
{"mode": "test", "epoch": 112, "loss": 2.2485711574554443, "acc": 0.9845857620239258, "acc_or": 0.9922928810119629, "sender_entropy": 0.9844681620597839, "receiver_entropy": 0.0, "original_loss": 0.044271573424339294, "mean_length": 6.0}
{"mode": "train", "epoch": 113, "loss": 3.2096521854400635, "acc": 0.8846194914409092, "acc_or": 0.9395142623356411, "sender_entropy": 0.8800801634788513, "receiver_entropy": 0.0, "original_loss": 0.18554461853844778, "mean_length": 6.0}
{"mode": "test", "epoch": 113, "loss": 2.2095558643341064, "acc": 0.9807322025299072, "acc_or": 0.9903661012649536, "sender_entropy": 0.9718360304832458, "receiver_entropy": 0.0, "original_loss": 0.046395499259233475, "mean_length": 6.0}
{"mode": "train", "epoch": 114, "loss": 3.180537360055106, "acc": 0.8822518331663949, "acc_or": 0.9379371404647827, "sender_entropy": 0.8807774356433323, "receiver_entropy": 0.0, "original_loss": 0.18462625997407095, "mean_length": 6.0}
{"mode": "test", "epoch": 114, "loss": 2.258216142654419, "acc": 0.9826589822769165, "acc_or": 0.9913294911384583, "sender_entropy": 0.9910812973976135, "receiver_entropy": 0.0, "original_loss": 0.03762226924300194, "mean_length": 6.0}
{"mode": "train", "epoch": 115, "loss": 3.1982270649501254, "acc": 0.8799665229661124, "acc_or": 0.9374973688806806, "sender_entropy": 0.9008933476039341, "receiver_entropy": 0.0, "original_loss": 0.18454544033323014, "mean_length": 6.0}
{"mode": "test", "epoch": 115, "loss": 2.2579245567321777, "acc": 0.9903661012649536, "acc_or": 0.9951830506324768, "sender_entropy": 0.9998672008514404, "receiver_entropy": 0.0, "original_loss": 0.03663413226604462, "mean_length": 6.0}
{"mode": "train", "epoch": 116, "loss": 3.2089993953704834, "acc": 0.8851961238043649, "acc_or": 0.9402097974504743, "sender_entropy": 0.8972189511571612, "receiver_entropy": 0.0, "original_loss": 0.17805757692881993, "mean_length": 6.0}
{"mode": "test", "epoch": 116, "loss": 2.205460786819458, "acc": 0.9884393215179443, "acc_or": 0.9942196607589722, "sender_entropy": 0.9857724905014038, "receiver_entropy": 0.0, "original_loss": 0.03518814966082573, "mean_length": 6.0}
{"mode": "train", "epoch": 117, "loss": 3.15030380657741, "acc": 0.8852359907967704, "acc_or": 0.9405506082943508, "sender_entropy": 0.8930088366780963, "receiver_entropy": 0.0, "original_loss": 0.17645029085023062, "mean_length": 6.0}
{"mode": "test", "epoch": 117, "loss": 2.199901819229126, "acc": 1.0, "acc_or": 1.0, "sender_entropy": 0.988991916179657, "receiver_entropy": 0.0, "original_loss": 0.03295616805553436, "mean_length": 6.0}
{"epoch": 117, "positional_disent": 0.09900975227355957, "bag_of_symbol_disent": 0.1975286900997162, "topographic_sim": 0.20378895216686418}
{"generalization hold out": {"acc": 0.9791666865348816, "acc_or": 0.9791666865348816}, "uniform holdout": {"acc": 0.8070175647735596, "acc_or": 0.9035087823867798}, "epoch": 117}
---End--
