nohup: ignoring input
{"mode": "train", "epoch": 1, "loss": 0.8520463722092765, "acc": 0.00017578125365876727, "acc_or": 0.11778681629470417, "sender_entropy": 2.2995109489985874, "receiver_entropy": 0.0, "original_loss": 2.2016804899488176, "mean_length": 6.000000006811959}
{"mode": "test", "epoch": 1, "loss": 2.4358718395233154, "acc": 0.0005080440314486623, "acc_or": 0.209652841091156, "sender_entropy": 2.274482250213623, "receiver_entropy": 0.0, "original_loss": 2.0689022541046143, "mean_length": 6.0}
{"mode": "train", "epoch": 2, "loss": 3.020118706566947, "acc": 0.002634475705937283, "acc_or": 0.2471545553633145, "sender_entropy": 2.051483740125384, "receiver_entropy": 0.0, "original_loss": 1.9547215700149536, "mean_length": 6.000000006811959}
{"mode": "test", "epoch": 2, "loss": 4.838800430297852, "acc": 0.01270110160112381, "acc_or": 0.4298052489757538, "sender_entropy": 1.9420931339263916, "receiver_entropy": 0.0, "original_loss": 1.5093138217926025, "mean_length": 6.0}
{"mode": "train", "epoch": 3, "loss": 4.913612100056239, "acc": 0.01549522965880377, "acc_or": 0.41429059079715186, "sender_entropy": 1.642913031578064, "receiver_entropy": 0.0, "original_loss": 1.5033894453729901, "mean_length": 6.000000006811959}
{"mode": "test", "epoch": 3, "loss": 4.918400764465332, "acc": 0.05165114626288414, "acc_or": 0.5824301838874817, "sender_entropy": 1.6104155778884888, "receiver_entropy": 0.0, "original_loss": 1.0934206247329712, "mean_length": 6.0}
{"mode": "train", "epoch": 4, "loss": 5.047712673459734, "acc": 0.0482944356277585, "acc_or": 0.5416442198412759, "sender_entropy": 1.378386640548706, "receiver_entropy": 0.0, "original_loss": 1.1807937502861023, "mean_length": 6.000000006811959}
{"mode": "test", "epoch": 4, "loss": 4.347586154937744, "acc": 0.15495343506336212, "acc_or": 0.703217625617981, "sender_entropy": 1.3965941667556763, "receiver_entropy": 0.0, "original_loss": 0.8309119939804077, "mean_length": 6.0}
{"mode": "train", "epoch": 5, "loss": 4.640879358564105, "acc": 0.1098607667854854, "acc_or": 0.6277411052158901, "sender_entropy": 1.2209077324186053, "receiver_entropy": 0.0, "original_loss": 0.9741873834814344, "mean_length": 6.000000006811959}
{"mode": "test", "epoch": 5, "loss": 3.781643867492676, "acc": 0.2779000997543335, "acc_or": 0.7664691209793091, "sender_entropy": 1.2489495277404785, "receiver_entropy": 0.0, "original_loss": 0.6423777341842651, "mean_length": 6.0}
{"mode": "train", "epoch": 6, "loss": 4.2723354135240825, "acc": 0.1954264623778207, "acc_or": 0.6918383547237941, "sender_entropy": 1.089842767374856, "receiver_entropy": 0.0, "original_loss": 0.7943721013409751, "mean_length": 6.000000006811959}
{"mode": "test", "epoch": 6, "loss": 3.325484037399292, "acc": 0.4618120491504669, "acc_or": 0.8410668969154358, "sender_entropy": 1.1116650104522705, "receiver_entropy": 0.0, "original_loss": 0.47021228075027466, "mean_length": 6.0}
{"mode": "train", "epoch": 7, "loss": 3.897357201576233, "acc": 0.2955435431429318, "acc_or": 0.7521919190883637, "sender_entropy": 0.9787275654929025, "receiver_entropy": 0.0, "original_loss": 0.6463474929332733, "mean_length": 6.000000006811959}
{"mode": "test", "epoch": 7, "loss": 2.9700708389282227, "acc": 0.6037256717681885, "acc_or": 0.8889077305793762, "sender_entropy": 1.0285649299621582, "receiver_entropy": 0.0, "original_loss": 0.35792553424835205, "mean_length": 6.0}
{"mode": "train", "epoch": 8, "loss": 3.530767560005188, "acc": 0.38988156148365566, "acc_or": 0.7978941099984306, "sender_entropy": 0.8996806876999991, "receiver_entropy": 0.0, "original_loss": 0.5360818288155964, "mean_length": 6.000000006811959}
{"mode": "test", "epoch": 8, "loss": 2.5195605754852295, "acc": 0.7073666453361511, "acc_or": 0.9207451343536377, "sender_entropy": 0.9231210947036743, "receiver_entropy": 0.0, "original_loss": 0.2653914988040924, "mean_length": 6.0}
{"mode": "train", "epoch": 9, "loss": 3.196814663069589, "acc": 0.47633174317223687, "acc_or": 0.8344524008887154, "sender_entropy": 0.8318482824734279, "receiver_entropy": 0.0, "original_loss": 0.443476733139583, "mean_length": 6.000000006811959}
{"mode": "test", "epoch": 9, "loss": 2.179176092147827, "acc": 0.7651143074035645, "acc_or": 0.9372142553329468, "sender_entropy": 0.8535123467445374, "receiver_entropy": 0.0, "original_loss": 0.21069584786891937, "mean_length": 6.0}
{"mode": "train", "epoch": 10, "loss": 2.9067704916000365, "acc": 0.5453828675406319, "acc_or": 0.8615849588598524, "sender_entropy": 0.7815753672804151, "receiver_entropy": 0.0, "original_loss": 0.3737496052469526, "mean_length": 6.000000006811959}
{"mode": "test", "epoch": 10, "loss": 1.9386802911758423, "acc": 0.8098222017288208, "acc_or": 0.9503387212753296, "sender_entropy": 0.8065577149391174, "receiver_entropy": 0.0, "original_loss": 0.17025983333587646, "mean_length": 6.0}
{"mode": "train", "epoch": 11, "loss": 2.6399417434419905, "acc": 0.5955456827368055, "acc_or": 0.8803540068013328, "sender_entropy": 0.7463044464588166, "receiver_entropy": 0.0, "original_loss": 0.3267549331699099, "mean_length": 6.000000006811959}
{"mode": "test", "epoch": 11, "loss": 1.7599314451217651, "acc": 0.8513124585151672, "acc_or": 0.9614310264587402, "sender_entropy": 0.7754803895950317, "receiver_entropy": 0.0, "original_loss": 0.13624446094036102, "mean_length": 6.0}
{"mode": "train", "epoch": 12, "loss": 2.41603673185621, "acc": 0.6316686485494886, "acc_or": 0.8927600468908038, "sender_entropy": 0.7249656898634774, "receiver_entropy": 0.0, "original_loss": 0.2947228887251445, "mean_length": 6.000000006811959}
{"mode": "test", "epoch": 12, "loss": 1.5727553367614746, "acc": 0.8772227168083191, "acc_or": 0.9684589505195618, "sender_entropy": 0.7454771399497986, "receiver_entropy": 0.0, "original_loss": 0.11682378500699997, "mean_length": 6.0}
{"mode": "train", "epoch": 13, "loss": 2.217808825629098, "acc": 0.6641121923923492, "acc_or": 0.9034131680216108, "sender_entropy": 0.7055990789617811, "receiver_entropy": 0.0, "original_loss": 0.26728570461273193, "mean_length": 6.000000006811959}
{"mode": "test", "epoch": 13, "loss": 1.4882946014404297, "acc": 0.8921253681182861, "acc_or": 0.9723963141441345, "sender_entropy": 0.7490350604057312, "receiver_entropy": 0.0, "original_loss": 0.10248550027608871, "mean_length": 6.0}
{"mode": "train", "epoch": 14, "loss": 2.0673265389033726, "acc": 0.6887080524648939, "acc_or": 0.9113666261945452, "sender_entropy": 0.6954763122967311, "receiver_entropy": 0.0, "original_loss": 0.24591478918279921, "mean_length": 6.000000006811959}
{"mode": "test", "epoch": 14, "loss": 1.363693118095398, "acc": 0.9029636383056641, "acc_or": 0.9752328991889954, "sender_entropy": 0.726824939250946, "receiver_entropy": 0.0, "original_loss": 0.09287989139556885, "mean_length": 6.0}
{"mode": "train", "epoch": 15, "loss": 1.9170217173440116, "acc": 0.7046123428004128, "acc_or": 0.9165069707802364, "sender_entropy": 0.6888512100492205, "receiver_entropy": 0.0, "original_loss": 0.23205048143863677, "mean_length": 6.000000006811959}
{"mode": "test", "epoch": 15, "loss": 1.2831599712371826, "acc": 0.9271804094314575, "acc_or": 0.9814140796661377, "sender_entropy": 0.7169652581214905, "receiver_entropy": 0.0, "original_loss": 0.0753636360168457, "mean_length": 6.0}
{"mode": "train", "epoch": 16, "loss": 1.8009442346436637, "acc": 0.7269861280918122, "acc_or": 0.923406240769795, "sender_entropy": 0.6776378529412406, "receiver_entropy": 0.0, "original_loss": 0.21447644829750062, "mean_length": 6.000000006811959}
{"mode": "test", "epoch": 16, "loss": 1.2027140855789185, "acc": 0.9270110130310059, "acc_or": 0.9814140796661377, "sender_entropy": 0.7127137184143066, "receiver_entropy": 0.0, "original_loss": 0.07223009318113327, "mean_length": 6.0}
{"mode": "train", "epoch": 17, "loss": 1.6851899419512069, "acc": 0.7329434292657034, "acc_or": 0.9252123125961849, "sender_entropy": 0.6800978992666517, "receiver_entropy": 0.0, "original_loss": 0.20947800193514143, "mean_length": 6.000000006811959}
{"mode": "test", "epoch": 17, "loss": 1.1448715925216675, "acc": 0.9458086490631104, "acc_or": 0.9860711693763733, "sender_entropy": 0.7135948538780212, "receiver_entropy": 0.0, "original_loss": 0.06304989010095596, "mean_length": 6.0}
{"mode": "train", "epoch": 18, "loss": 1.5949124830109733, "acc": 0.7497917371136802, "acc_or": 0.9302984254700797, "sender_entropy": 0.6735606270177024, "receiver_entropy": 0.0, "original_loss": 0.196024326980114, "mean_length": 6.000000006811959}
{"mode": "test", "epoch": 18, "loss": 1.0947726964950562, "acc": 0.9459779858589172, "acc_or": 0.9863675236701965, "sender_entropy": 0.7147762179374695, "receiver_entropy": 0.0, "original_loss": 0.058749228715896606, "mean_length": 6.0}
{"mode": "train", "epoch": 19, "loss": 1.5077131152153016, "acc": 0.7610578732831138, "acc_or": 0.9339345489229475, "sender_entropy": 0.6712087724890028, "receiver_entropy": 0.0, "original_loss": 0.18678409223045622, "mean_length": 6.000000006811959}
{"mode": "test", "epoch": 19, "loss": 1.050476312637329, "acc": 0.9596952199935913, "acc_or": 0.9898391366004944, "sender_entropy": 0.7150775790214539, "receiver_entropy": 0.0, "original_loss": 0.05119311809539795, "mean_length": 6.0}
{"mode": "train", "epoch": 20, "loss": 1.4226741995130265, "acc": 0.7701415428093501, "acc_or": 0.9364803663321903, "sender_entropy": 0.6676014380795615, "receiver_entropy": 0.0, "original_loss": 0.1801097476056644, "mean_length": 6.000000006811959}
{"mode": "test", "epoch": 20, "loss": 0.9910557866096497, "acc": 0.9556308388710022, "acc_or": 0.9888653755187988, "sender_entropy": 0.7089164853096008, "receiver_entropy": 0.0, "original_loss": 0.04991951957345009, "mean_length": 6.0}
{"mode": "train", "epoch": 21, "loss": 1.3526460136686052, "acc": 0.775662761926651, "acc_or": 0.9381997065884726, "sender_entropy": 0.6683888460908617, "receiver_entropy": 0.0, "original_loss": 0.17479518800973892, "mean_length": 6.000000006811959}
{"mode": "test", "epoch": 21, "loss": 0.9480224847793579, "acc": 0.9541067481040955, "acc_or": 0.9884420037269592, "sender_entropy": 0.7121056318283081, "receiver_entropy": 0.0, "original_loss": 0.050399184226989746, "mean_length": 6.0}
{"mode": "train", "epoch": 22, "loss": 1.2860611830438886, "acc": 0.7810916270528521, "acc_or": 0.9398612099034446, "sender_entropy": 0.6688075372150966, "receiver_entropy": 0.0, "original_loss": 0.16977528142077583, "mean_length": 6.000000006811959}
{"mode": "test", "epoch": 22, "loss": 0.9112666845321655, "acc": 0.9664691090583801, "acc_or": 0.9915749430656433, "sender_entropy": 0.7094222903251648, "receiver_entropy": 0.0, "original_loss": 0.041653476655483246, "mean_length": 6.0}
{"mode": "train", "epoch": 23, "loss": 1.2389536687305995, "acc": 0.7925278067588806, "acc_or": 0.943184781074524, "sender_entropy": 0.6685425562517984, "receiver_entropy": 0.0, "original_loss": 0.1615260518022946, "mean_length": 6.000000006811959}
{"mode": "test", "epoch": 23, "loss": 0.9017341732978821, "acc": 0.9725656509399414, "acc_or": 0.9930990934371948, "sender_entropy": 0.7212474346160889, "receiver_entropy": 0.0, "original_loss": 0.03648575395345688, "mean_length": 6.0}
{"mode": "train", "epoch": 24, "loss": 1.1800770265715463, "acc": 0.7951248586177826, "acc_or": 0.9440682717732021, "sender_entropy": 0.6741226196289063, "receiver_entropy": 0.0, "original_loss": 0.1590766572526523, "mean_length": 6.000000006811959}
{"mode": "test", "epoch": 24, "loss": 0.8582939505577087, "acc": 0.9679932594299316, "acc_or": 0.9919559955596924, "sender_entropy": 0.7183235287666321, "receiver_entropy": 0.0, "original_loss": 0.03824610263109207, "mean_length": 6.0}
{"mode": "train", "epoch": 25, "loss": 1.1241742185183934, "acc": 0.8006752925259727, "acc_or": 0.9456944840294974, "sender_entropy": 0.6707002358777182, "receiver_entropy": 0.0, "original_loss": 0.15494313729660852, "mean_length": 6.000000006811959}
{"mode": "test", "epoch": 25, "loss": 0.840225338935852, "acc": 0.9774767160415649, "acc_or": 0.9943692088127136, "sender_entropy": 0.7247978448867798, "receiver_entropy": 0.0, "original_loss": 0.03325928375124931, "mean_length": 6.0}
{"mode": "train", "epoch": 26, "loss": 1.0721312761306763, "acc": 0.8020211909498487, "acc_or": 0.9459911933967046, "sender_entropy": 0.6748316024030958, "receiver_entropy": 0.0, "original_loss": 0.15409665533474515, "mean_length": 6.000000006811959}
{"mode": "test", "epoch": 26, "loss": 0.8100610375404358, "acc": 0.9796782732009888, "acc_or": 0.994877278804779, "sender_entropy": 0.7257825136184692, "receiver_entropy": 0.0, "original_loss": 0.03206567093729973, "mean_length": 6.0}
{"mode": "train", "epoch": 27, "loss": 1.0243896348135813, "acc": 0.8065736166068486, "acc_or": 0.9474091674600329, "sender_entropy": 0.6725904277392796, "receiver_entropy": 0.0, "original_loss": 0.1498124869806426, "mean_length": 6.000000006811959}
{"mode": "test", "epoch": 27, "loss": 0.7894919514656067, "acc": 0.9825571775436401, "acc_or": 0.9955970048904419, "sender_entropy": 0.7266635298728943, "receiver_entropy": 0.0, "original_loss": 0.030373455956578255, "mean_length": 6.0}
{"mode": "train", "epoch": 28, "loss": 0.9828472878251757, "acc": 0.809734399829592, "acc_or": 0.9484986918313163, "sender_entropy": 0.6723522067070007, "receiver_entropy": 0.0, "original_loss": 0.1469089333500181, "mean_length": 6.000000006811959}
{"mode": "test", "epoch": 28, "loss": 0.7564130425453186, "acc": 0.9761219620704651, "acc_or": 0.9939881563186646, "sender_entropy": 0.7223610281944275, "receiver_entropy": 0.0, "original_loss": 0.032439038157463074, "mean_length": 6.0}
{"mode": "train", "epoch": 29, "loss": 0.9401527038642339, "acc": 0.8110671724591937, "acc_or": 0.9488784968852997, "sender_entropy": 0.6745742780821664, "receiver_entropy": 0.0, "original_loss": 0.14640096873044967, "mean_length": 6.000000006811959}
{"mode": "test", "epoch": 29, "loss": 0.7481910586357117, "acc": 0.9795089364051819, "acc_or": 0.994877278804779, "sender_entropy": 0.7257775068283081, "receiver_entropy": 0.0, "original_loss": 0.02896961383521557, "mean_length": 6.0}
{"mode": "train", "epoch": 30, "loss": 0.9012166312762669, "acc": 0.8121497648102897, "acc_or": 0.9492496073246002, "sender_entropy": 0.6758924586432321, "receiver_entropy": 0.0, "original_loss": 0.14486939162015916, "mean_length": 6.000000006811959}
{"mode": "test", "epoch": 30, "loss": 0.7286120653152466, "acc": 0.9840813279151917, "acc_or": 0.9959779977798462, "sender_entropy": 0.7287408113479614, "receiver_entropy": 0.0, "original_loss": 0.026787428185343742, "mean_length": 6.0}
{"mode": "train", "epoch": 31, "loss": 0.8781985759735107, "acc": 0.8184434754507882, "acc_or": 0.9510482694421496, "sender_entropy": 0.675294498034886, "receiver_entropy": 0.0, "original_loss": 0.1393109400357519, "mean_length": 6.000000006811959}
{"mode": "test", "epoch": 31, "loss": 0.7168684005737305, "acc": 0.9786621928215027, "acc_or": 0.9946655631065369, "sender_entropy": 0.7315891981124878, "receiver_entropy": 0.0, "original_loss": 0.028521450236439705, "mean_length": 6.0}
{"mode": "train", "epoch": 32, "loss": 0.8435677034514291, "acc": 0.8209085719926017, "acc_or": 0.9517371305397578, "sender_entropy": 0.6758215870176043, "receiver_entropy": 0.0, "original_loss": 0.13707697998200144, "mean_length": 6.000000006811959}
{"mode": "test", "epoch": 32, "loss": 0.7005443572998047, "acc": 0.9834039211273193, "acc_or": 0.9958509802818298, "sender_entropy": 0.7337086796760559, "receiver_entropy": 0.0, "original_loss": 0.02499917335808277, "mean_length": 6.0}
{"mode": "train", "epoch": 33, "loss": 0.8079896714006152, "acc": 0.8209476317678179, "acc_or": 0.9517782866954804, "sender_entropy": 0.6761940215315138, "receiver_entropy": 0.0, "original_loss": 0.13690856397151946, "mean_length": 6.000000006811959}
{"mode": "test", "epoch": 33, "loss": 0.667442262172699, "acc": 0.9808636903762817, "acc_or": 0.9952159523963928, "sender_entropy": 0.7248150110244751, "receiver_entropy": 0.0, "original_loss": 0.027451561763882637, "mean_length": 6.0}
{"mode": "train", "epoch": 34, "loss": 0.7887118433203016, "acc": 0.8272836932114193, "acc_or": 0.9536057140145983, "sender_entropy": 0.6762997814587184, "receiver_entropy": 0.0, "original_loss": 0.1320717903120177, "mean_length": 6.000000006811959}
{"mode": "test", "epoch": 34, "loss": 0.6670089960098267, "acc": 0.984758734703064, "acc_or": 0.9961897134780884, "sender_entropy": 0.7312241792678833, "receiver_entropy": 0.0, "original_loss": 0.023084405809640884, "mean_length": 6.0}
{"mode": "train", "epoch": 35, "loss": 0.7660416986261095, "acc": 0.8328254767826625, "acc_or": 0.9550365447998047, "sender_entropy": 0.6748005603040967, "receiver_entropy": 0.0, "original_loss": 0.1280573417033468, "mean_length": 6.000000006811959}
{"mode": "test", "epoch": 35, "loss": 0.6545240879058838, "acc": 0.9895004630088806, "acc_or": 0.9973751306533813, "sender_entropy": 0.728381335735321, "receiver_entropy": 0.0, "original_loss": 0.020904541015625, "mean_length": 6.0}
{"mode": "train", "epoch": 36, "loss": 0.7362398113523211, "acc": 0.8359447870935712, "acc_or": 0.9560074440070561, "sender_entropy": 0.674219559771674, "receiver_entropy": 0.0, "original_loss": 0.1263394022626536, "mean_length": 6.000000006811959}
{"mode": "test", "epoch": 36, "loss": 0.6356728672981262, "acc": 0.9832345843315125, "acc_or": 0.995681643486023, "sender_entropy": 0.720589816570282, "receiver_entropy": 0.0, "original_loss": 0.02367464452981949, "mean_length": 6.0}
{"mode": "train", "epoch": 37, "loss": 0.7140643877642495, "acc": 0.8379487957273211, "acc_or": 0.9565728093896594, "sender_entropy": 0.6733550616673061, "receiver_entropy": 0.0, "original_loss": 0.12385340279766492, "mean_length": 6.000000006811959}
{"mode": "test", "epoch": 37, "loss": 0.620818555355072, "acc": 0.9903472065925598, "acc_or": 0.9975868463516235, "sender_entropy": 0.7161099314689636, "receiver_entropy": 0.0, "original_loss": 0.018888896331191063, "mean_length": 6.0}
{"mode": "train", "epoch": 38, "loss": 0.702897128037044, "acc": 0.8479104961667742, "acc_or": 0.9591992037636893, "sender_entropy": 0.668379716362272, "receiver_entropy": 0.0, "original_loss": 0.11731449897800172, "mean_length": 6.000000006811959}
{"mode": "test", "epoch": 38, "loss": 0.6148743629455566, "acc": 0.9896697998046875, "acc_or": 0.9974174499511719, "sender_entropy": 0.715490996837616, "receiver_entropy": 0.0, "original_loss": 0.017722690477967262, "mean_length": 6.0}
{"mode": "train", "epoch": 39, "loss": 0.6865250272410256, "acc": 0.8526821919849941, "acc_or": 0.9606293209961483, "sender_entropy": 0.6649862340518407, "receiver_entropy": 0.0, "original_loss": 0.11341673785022327, "mean_length": 6.000000006811959}
{"mode": "test", "epoch": 39, "loss": 0.6025892496109009, "acc": 0.9898391366004944, "acc_or": 0.9974598288536072, "sender_entropy": 0.7167637944221497, "receiver_entropy": 0.0, "original_loss": 0.016783131286501884, "mean_length": 6.0}
{"mode": "train", "epoch": 40, "loss": 0.6725150772503444, "acc": 0.8568243495055607, "acc_or": 0.9617560889039721, "sender_entropy": 0.6690890346254621, "receiver_entropy": 0.0, "original_loss": 0.11066446091447557, "mean_length": 6.000000006811959}
{"mode": "test", "epoch": 40, "loss": 0.6004807353019714, "acc": 0.9908552169799805, "acc_or": 0.9977138042449951, "sender_entropy": 0.7180917263031006, "receiver_entropy": 0.0, "original_loss": 0.016349272802472115, "mean_length": 6.0}
{"mode": "train", "epoch": 41, "loss": 0.6543656834534236, "acc": 0.8597273400851658, "acc_or": 0.9626520659242358, "sender_entropy": 0.6672702329499381, "receiver_entropy": 0.0, "original_loss": 0.10821735986641474, "mean_length": 6.000000006811959}
{"mode": "test", "epoch": 41, "loss": 0.5908782482147217, "acc": 0.9939035177230835, "acc_or": 0.9984759092330933, "sender_entropy": 0.7106921076774597, "receiver_entropy": 0.0, "original_loss": 0.015190006233751774, "mean_length": 6.0}
{"mode": "train", "epoch": 42, "loss": 0.6456702300480434, "acc": 0.8675520411559514, "acc_or": 0.9647011356694358, "sender_entropy": 0.6665137640067509, "receiver_entropy": 0.0, "original_loss": 0.1036487905042512, "mean_length": 6.000000006811959}
{"mode": "test", "epoch": 42, "loss": 0.5924593210220337, "acc": 0.9954276084899902, "acc_or": 0.9988569021224976, "sender_entropy": 0.7171065807342529, "receiver_entropy": 0.0, "original_loss": 0.013119244016706944, "mean_length": 6.0}
{"mode": "train", "epoch": 43, "loss": 0.6411834648677281, "acc": 0.8738684041159493, "acc_or": 0.9664943473679679, "sender_entropy": 0.6648984432220459, "receiver_entropy": 0.0, "original_loss": 0.09843001067638397, "mean_length": 6.000000006811959}
{"mode": "test", "epoch": 43, "loss": 0.5721229314804077, "acc": 0.9949195981025696, "acc_or": 0.998729944229126, "sender_entropy": 0.6999061703681946, "receiver_entropy": 0.0, "original_loss": 0.013500033877789974, "mean_length": 6.0}
{"mode": "train", "epoch": 44, "loss": 0.6313270245279584, "acc": 0.8791723719664982, "acc_or": 0.9679612142699106, "sender_entropy": 0.6626771169049399, "receiver_entropy": 0.0, "original_loss": 0.09469132178596087, "mean_length": 6.000000006811959}
{"mode": "test", "epoch": 44, "loss": 0.5719437003135681, "acc": 0.9949195981025696, "acc_or": 0.998729944229126, "sender_entropy": 0.6975404024124146, "receiver_entropy": 0.0, "original_loss": 0.012280091643333435, "mean_length": 6.0}
{"mode": "train", "epoch": 45, "loss": 0.6178402926240648, "acc": 0.8839620079313005, "acc_or": 0.9692835790770394, "sender_entropy": 0.6627585513251169, "receiver_entropy": 0.0, "original_loss": 0.09236274276460921, "mean_length": 6.000000006811959}
{"mode": "test", "epoch": 45, "loss": 0.5743758678436279, "acc": 0.9961050152778625, "acc_or": 0.9990262985229492, "sender_entropy": 0.7074106335639954, "receiver_entropy": 0.0, "original_loss": 0.010988491587340832, "mean_length": 6.0}
{"mode": "train", "epoch": 46, "loss": 0.6289194311414447, "acc": 0.8911526305334908, "acc_or": 0.9712800366537911, "sender_entropy": 0.6666390316826957, "receiver_entropy": 0.0, "original_loss": 0.08603300846048764, "mean_length": 6.000000006811959}
{"mode": "test", "epoch": 46, "loss": 0.5686469078063965, "acc": 0.994580864906311, "acc_or": 0.9986452460289001, "sender_entropy": 0.7036009430885315, "receiver_entropy": 0.0, "original_loss": 0.011600235477089882, "mean_length": 6.0}
{"mode": "train", "epoch": 47, "loss": 0.6296827895300728, "acc": 0.8981610127857753, "acc_or": 0.9731702276638576, "sender_entropy": 0.666986415215901, "receiver_entropy": 0.0, "original_loss": 0.08086208498903684, "mean_length": 6.000000006811959}
{"mode": "test", "epoch": 47, "loss": 0.5584089159965515, "acc": 0.9957663416862488, "acc_or": 0.9989416003227234, "sender_entropy": 0.6993548274040222, "receiver_entropy": 0.0, "original_loss": 0.010652135126292706, "mean_length": 6.0}
{"mode": "train", "epoch": 48, "loss": 0.6259004976068224, "acc": 0.9031194882733481, "acc_or": 0.974508159501212, "sender_entropy": 0.6687668332031795, "receiver_entropy": 0.0, "original_loss": 0.07729364963514464, "mean_length": 6.000000006811959}
{"mode": "test", "epoch": 48, "loss": 0.5682191252708435, "acc": 0.997798502445221, "acc_or": 0.9994496703147888, "sender_entropy": 0.7018264532089233, "receiver_entropy": 0.0, "original_loss": 0.008746392093598843, "mean_length": 6.0}
{"mode": "train", "epoch": 49, "loss": 0.6269243282931192, "acc": 0.909161536182676, "acc_or": 0.976146365915026, "sender_entropy": 0.670494943857193, "receiver_entropy": 0.0, "original_loss": 0.07326100170612335, "mean_length": 6.000000006811959}
{"mode": "test", "epoch": 49, "loss": 0.5467990636825562, "acc": 0.9972904920578003, "acc_or": 0.9993226528167725, "sender_entropy": 0.6838977932929993, "receiver_entropy": 0.0, "original_loss": 0.008936766535043716, "mean_length": 6.0}
{"mode": "train", "epoch": 50, "loss": 0.6201538971492222, "acc": 0.9139690697193146, "acc_or": 0.9774186619690486, "sender_entropy": 0.6720653653144837, "receiver_entropy": 0.0, "original_loss": 0.0701477339225156, "mean_length": 6.000000006811959}
{"mode": "test", "epoch": 50, "loss": 0.5672698616981506, "acc": 0.9974598288536072, "acc_or": 0.999364972114563, "sender_entropy": 0.7081218957901001, "receiver_entropy": 0.0, "original_loss": 0.008165322244167328, "mean_length": 6.0}
{"mode": "train", "epoch": 51, "loss": 0.6237086534500123, "acc": 0.9175957560539245, "acc_or": 0.9784467569419316, "sender_entropy": 0.6765633123261588, "receiver_entropy": 0.0, "original_loss": 0.06701279165489334, "mean_length": 6.000000006811959}
{"mode": "test", "epoch": 51, "loss": 0.5451011657714844, "acc": 0.9969517588615417, "acc_or": 0.9992379546165466, "sender_entropy": 0.6942121982574463, "receiver_entropy": 0.0, "original_loss": 0.00798160582780838, "mean_length": 6.0}
{"mode": "train", "epoch": 52, "loss": 0.6220153297696794, "acc": 0.9221663432461875, "acc_or": 0.9796898654529027, "sender_entropy": 0.6784457734652928, "receiver_entropy": 0.0, "original_loss": 0.06375838613935879, "mean_length": 6.000000006811959}
{"mode": "test", "epoch": 52, "loss": 0.5655637383460999, "acc": 0.9984759092330933, "acc_or": 0.9996190071105957, "sender_entropy": 0.7113017439842224, "receiver_entropy": 0.0, "original_loss": 0.006581727880984545, "mean_length": 6.0}
{"mode": "train", "epoch": 53, "loss": 0.620026410477502, "acc": 0.9269524795668466, "acc_or": 0.9809554704598018, "sender_entropy": 0.6798621041434152, "receiver_entropy": 0.0, "original_loss": 0.06054918143366064, "mean_length": 6.000000006811959}
{"mode": "test", "epoch": 53, "loss": 0.5475028157234192, "acc": 0.9983065724372864, "acc_or": 0.9995766878128052, "sender_entropy": 0.6961510181427002, "receiver_entropy": 0.0, "original_loss": 0.00583427120000124, "mean_length": 6.0}
{"mode": "train", "epoch": 54, "loss": 0.6124732009002141, "acc": 0.9304935446807316, "acc_or": 0.9818888664245605, "sender_entropy": 0.6822903828961508, "receiver_entropy": 0.0, "original_loss": 0.05824363306164741, "mean_length": 6.000000006811959}
{"mode": "test", "epoch": 54, "loss": 0.5547932386398315, "acc": 0.9983065724372864, "acc_or": 0.9995766878128052, "sender_entropy": 0.7062127590179443, "receiver_entropy": 0.0, "original_loss": 0.005851363763213158, "mean_length": 6.0}
{"mode": "train", "epoch": 55, "loss": 0.6075784393719265, "acc": 0.9322644880839757, "acc_or": 0.9823378809860774, "sender_entropy": 0.6855923933642251, "receiver_entropy": 0.0, "original_loss": 0.05637842257108007, "mean_length": 6.000000006811959}
{"mode": "test", "epoch": 55, "loss": 0.5480436086654663, "acc": 0.9984759092330933, "acc_or": 0.9996190071105957, "sender_entropy": 0.7162206768989563, "receiver_entropy": 0.0, "original_loss": 0.0056457603350281715, "mean_length": 6.0}
{"mode": "train", "epoch": 56, "loss": 0.6056481191090175, "acc": 0.9351332298346928, "acc_or": 0.9831568573202406, "sender_entropy": 0.6893454091889518, "receiver_entropy": 0.0, "original_loss": 0.054313772012080465, "mean_length": 6.000000006811959}
{"mode": "test", "epoch": 56, "loss": 0.5271931886672974, "acc": 0.998814582824707, "acc_or": 0.9997036457061768, "sender_entropy": 0.6966221928596497, "receiver_entropy": 0.0, "original_loss": 0.0054597407579422, "mean_length": 6.0}
{"mode": "train", "epoch": 57, "loss": 0.5916939054216658, "acc": 0.936070784500667, "acc_or": 0.983384280545371, "sender_entropy": 0.6917501628398895, "receiver_entropy": 0.0, "original_loss": 0.05381925675485815, "mean_length": 6.000000006811959}
{"mode": "test", "epoch": 57, "loss": 0.5227959156036377, "acc": 0.9989839196205139, "acc_or": 0.9997460246086121, "sender_entropy": 0.7040099501609802, "receiver_entropy": 0.0, "original_loss": 0.005567905027419329, "mean_length": 6.0}
{"mode": "train", "epoch": 58, "loss": 0.590988462311881, "acc": 0.939926701784134, "acc_or": 0.9843838231904166, "sender_entropy": 0.6932122579642704, "receiver_entropy": 0.0, "original_loss": 0.050861619519335884, "mean_length": 6.000000006811959}
{"mode": "test", "epoch": 58, "loss": 0.5281510353088379, "acc": 0.998814582824707, "acc_or": 0.9997036457061768, "sender_entropy": 0.7159522771835327, "receiver_entropy": 0.0, "original_loss": 0.005982180126011372, "mean_length": 6.0}
{"mode": "train", "epoch": 59, "loss": 0.5879316389560699, "acc": 0.9422987929412296, "acc_or": 0.985076642036438, "sender_entropy": 0.6931554521833148, "receiver_entropy": 0.0, "original_loss": 0.048498644200818876, "mean_length": 6.000000006811959}
{"mode": "test", "epoch": 59, "loss": 0.5203582048416138, "acc": 0.998814582824707, "acc_or": 0.9997036457061768, "sender_entropy": 0.7157314419746399, "receiver_entropy": 0.0, "original_loss": 0.004940960090607405, "mean_length": 6.0}
{"mode": "train", "epoch": 60, "loss": 0.5790161686284202, "acc": 0.944718040738787, "acc_or": 0.9856883815356663, "sender_entropy": 0.6973835357597896, "receiver_entropy": 0.0, "original_loss": 0.04732033456010478, "mean_length": 6.000000006811959}
{"mode": "test", "epoch": 60, "loss": 0.5191735625267029, "acc": 0.9993226528167725, "acc_or": 0.9998306632041931, "sender_entropy": 0.7180553078651428, "receiver_entropy": 0.0, "original_loss": 0.005048944614827633, "mean_length": 6.0}
{"mode": "train", "epoch": 61, "loss": 0.570522803068161, "acc": 0.9465789820466722, "acc_or": 0.9861745570387159, "sender_entropy": 0.6982019977910178, "receiver_entropy": 0.0, "original_loss": 0.04593519930328641, "mean_length": 6.000000006811959}
{"mode": "test", "epoch": 61, "loss": 0.5128095149993896, "acc": 0.9989839196205139, "acc_or": 0.9997460246086121, "sender_entropy": 0.7161510586738586, "receiver_entropy": 0.0, "original_loss": 0.004209558479487896, "mean_length": 6.0}
{"mode": "train", "epoch": 62, "loss": 0.5680553819452013, "acc": 0.9489900725228446, "acc_or": 0.986801757982799, "sender_entropy": 0.7001074322632381, "receiver_entropy": 0.0, "original_loss": 0.0438488739409617, "mean_length": 6.000000006811959}
{"mode": "test", "epoch": 62, "loss": 0.49446284770965576, "acc": 0.9991533160209656, "acc_or": 0.9997883439064026, "sender_entropy": 0.7056569457054138, "receiver_entropy": 0.0, "original_loss": 0.004094763193279505, "mean_length": 6.0}
{"mode": "train", "epoch": 63, "loss": 0.5655596588339125, "acc": 0.9516911353383746, "acc_or": 0.987527243580137, "sender_entropy": 0.7007575826985496, "receiver_entropy": 0.0, "original_loss": 0.041604364876236234, "mean_length": 6.000000006811959}
{"mode": "test", "epoch": 63, "loss": 0.5012083649635315, "acc": 0.9994919896125793, "acc_or": 0.9998730421066284, "sender_entropy": 0.7204298377037048, "receiver_entropy": 0.0, "original_loss": 0.00410310598090291, "mean_length": 6.0}
{"mode": "train", "epoch": 64, "loss": 0.556726199388504, "acc": 0.9528161244732993, "acc_or": 0.9878266734736306, "sender_entropy": 0.7020290451390403, "receiver_entropy": 0.0, "original_loss": 0.040717080448354995, "mean_length": 6.000000006811959}
{"mode": "test", "epoch": 64, "loss": 0.4937722086906433, "acc": 0.9991533160209656, "acc_or": 0.9997883439064026, "sender_entropy": 0.7228150367736816, "receiver_entropy": 0.0, "original_loss": 0.004339525010436773, "mean_length": 6.0}
{"mode": "train", "epoch": 65, "loss": 0.5536146444933755, "acc": 0.9555306392056602, "acc_or": 0.9885589923177447, "sender_entropy": 0.704118755034038, "receiver_entropy": 0.0, "original_loss": 0.03866539115884474, "mean_length": 6.000000006811959}
{"mode": "test", "epoch": 65, "loss": 0.47946757078170776, "acc": 0.9998306632041931, "acc_or": 0.9999576807022095, "sender_entropy": 0.7121613621711731, "receiver_entropy": 0.0, "original_loss": 0.004069614224135876, "mean_length": 6.0}
{"mode": "train", "epoch": 66, "loss": 0.5505502394267491, "acc": 0.957955414056778, "acc_or": 0.9891623871667045, "sender_entropy": 0.704289208991187, "receiver_entropy": 0.0, "original_loss": 0.03680551328829357, "mean_length": 6.000000006811959}
{"mode": "test", "epoch": 66, "loss": 0.48558127880096436, "acc": 0.9993226528167725, "acc_or": 0.9998306632041931, "sender_entropy": 0.7227792143821716, "receiver_entropy": 0.0, "original_loss": 0.003940471448004246, "mean_length": 6.0}
{"mode": "train", "epoch": 67, "loss": 0.5480947660548346, "acc": 0.9606145611831121, "acc_or": 0.9898481096540178, "sender_entropy": 0.7061060011386872, "receiver_entropy": 0.0, "original_loss": 0.0347068898911987, "mean_length": 6.000000006811959}
{"mode": "test", "epoch": 67, "loss": 0.48566734790802, "acc": 0.998814582824707, "acc_or": 0.9997036457061768, "sender_entropy": 0.7411496043205261, "receiver_entropy": 0.0, "original_loss": 0.0041085779666900635, "mean_length": 6.0}
{"mode": "train", "epoch": 68, "loss": 0.5459130363804954, "acc": 0.9620983941214425, "acc_or": 0.9902427971363068, "sender_entropy": 0.7076129972934723, "receiver_entropy": 0.0, "original_loss": 0.03292811193636486, "mean_length": 6.000000006811959}
{"mode": "test", "epoch": 68, "loss": 0.4827629625797272, "acc": 0.9998306632041931, "acc_or": 0.9999576807022095, "sender_entropy": 0.7309536337852478, "receiver_entropy": 0.0, "original_loss": 0.0034720830153673887, "mean_length": 6.0}
{"mode": "train", "epoch": 69, "loss": 0.5353770226240158, "acc": 0.9634887226990291, "acc_or": 0.9905896859509604, "sender_entropy": 0.7085763820580073, "receiver_entropy": 0.0, "original_loss": 0.03237233531794378, "mean_length": 6.000000006811959}
{"mode": "test", "epoch": 69, "loss": 0.45141392946243286, "acc": 0.9994919896125793, "acc_or": 0.9998730421066284, "sender_entropy": 0.7080761790275574, "receiver_entropy": 0.0, "original_loss": 0.003353073028847575, "mean_length": 6.0}
{"mode": "train", "epoch": 70, "loss": 0.5330415551151548, "acc": 0.9651545115879604, "acc_or": 0.9910549589565822, "sender_entropy": 0.7089479369776589, "receiver_entropy": 0.0, "original_loss": 0.03074097487011126, "mean_length": 6.000000006811959}
{"mode": "test", "epoch": 70, "loss": 0.45628654956817627, "acc": 0.9994919896125793, "acc_or": 0.9998730421066284, "sender_entropy": 0.714638352394104, "receiver_entropy": 0.0, "original_loss": 0.002892793156206608, "mean_length": 6.0}
{"mode": "train", "epoch": 71, "loss": 0.5312067457607814, "acc": 0.9677079090050289, "acc_or": 0.9917239972523281, "sender_entropy": 0.7121144737516131, "receiver_entropy": 0.0, "original_loss": 0.02899023714874472, "mean_length": 6.000000006811959}
{"mode": "test", "epoch": 71, "loss": 0.453803151845932, "acc": 0.9994919896125793, "acc_or": 0.9998730421066284, "sender_entropy": 0.7161399126052856, "receiver_entropy": 0.0, "original_loss": 0.0025400377344340086, "mean_length": 6.0}
{"mode": "train", "epoch": 72, "loss": 0.5228461312396185, "acc": 0.9691750475338528, "acc_or": 0.9920963653496333, "sender_entropy": 0.712164455652237, "receiver_entropy": 0.0, "original_loss": 0.028083303118390697, "mean_length": 6.000000006811959}
{"mode": "test", "epoch": 72, "loss": 0.4568594694137573, "acc": 0.9996613264083862, "acc_or": 0.999915361404419, "sender_entropy": 0.7338951230049133, "receiver_entropy": 0.0, "original_loss": 0.0027777033392339945, "mean_length": 6.0}
{"mode": "train", "epoch": 73, "loss": 0.519463866523334, "acc": 0.9710027813911438, "acc_or": 0.9925609733377184, "sender_entropy": 0.7125944708074842, "receiver_entropy": 0.0, "original_loss": 0.02660796216556004, "mean_length": 6.000000006811959}
{"mode": "test", "epoch": 73, "loss": 0.43526870012283325, "acc": 0.9994919896125793, "acc_or": 0.9998730421066284, "sender_entropy": 0.7069693207740784, "receiver_entropy": 0.0, "original_loss": 0.002823903225362301, "mean_length": 6.0}
{"mode": "train", "epoch": 74, "loss": 0.514433633855411, "acc": 0.9724340898650033, "acc_or": 0.9929201807294573, "sender_entropy": 0.7139430497373853, "receiver_entropy": 0.0, "original_loss": 0.025475608504244258, "mean_length": 6.000000006811959}
{"mode": "test", "epoch": 74, "loss": 0.437459260225296, "acc": 0.9996613264083862, "acc_or": 0.999915361404419, "sender_entropy": 0.7272692322731018, "receiver_entropy": 0.0, "original_loss": 0.0025872436817735434, "mean_length": 6.0}
{"mode": "train", "epoch": 75, "loss": 0.5120938237224306, "acc": 0.9750044431005206, "acc_or": 0.993587897505079, "sender_entropy": 0.7132421851158142, "receiver_entropy": 0.0, "original_loss": 0.023564829358032773, "mean_length": 6.000000006811959}
{"mode": "test", "epoch": 75, "loss": 0.4271429181098938, "acc": 0.9994919896125793, "acc_or": 0.9998730421066284, "sender_entropy": 0.7293711304664612, "receiver_entropy": 0.0, "original_loss": 0.002470953157171607, "mean_length": 6.0}
{"mode": "train", "epoch": 76, "loss": 0.5032347989933831, "acc": 0.975819342476981, "acc_or": 0.9938020850930895, "sender_entropy": 0.7145062497683934, "receiver_entropy": 0.0, "original_loss": 0.022983557491430214, "mean_length": 6.000000006811959}
{"mode": "test", "epoch": 76, "loss": 0.44028738141059875, "acc": 0.9994919896125793, "acc_or": 0.9998730421066284, "sender_entropy": 0.7436628937721252, "receiver_entropy": 0.0, "original_loss": 0.0021137038711458445, "mean_length": 6.0}
{"mode": "train", "epoch": 77, "loss": 0.4987523002283914, "acc": 0.9770216354301997, "acc_or": 0.9941068436418261, "sender_entropy": 0.7146800185952867, "receiver_entropy": 0.0, "original_loss": 0.02174408475735358, "mean_length": 6.000000006811959}
{"mode": "test", "epoch": 77, "loss": 0.4185492694377899, "acc": 0.9998306632041931, "acc_or": 0.9999576807022095, "sender_entropy": 0.7159390449523926, "receiver_entropy": 0.0, "original_loss": 0.0018693089950829744, "mean_length": 6.0}
{"mode": "train", "epoch": 78, "loss": 0.4956642810787473, "acc": 0.9787489703723362, "acc_or": 0.9945505338055747, "sender_entropy": 0.7172057058129991, "receiver_entropy": 0.0, "original_loss": 0.020647636907441275, "mean_length": 6.000000006811959}
{"mode": "test", "epoch": 78, "loss": 0.41594383120536804, "acc": 0.998814582824707, "acc_or": 0.9997036457061768, "sender_entropy": 0.7286528944969177, "receiver_entropy": 0.0, "original_loss": 0.002346570137888193, "mean_length": 6.0}
{"mode": "train", "epoch": 79, "loss": 0.4851131877728871, "acc": 0.9792199645723615, "acc_or": 0.994666873557227, "sender_entropy": 0.7163911827972957, "receiver_entropy": 0.0, "original_loss": 0.020456685671316727, "mean_length": 6.000000006811959}
{"mode": "test", "epoch": 79, "loss": 0.4185485243797302, "acc": 0.9996613264083862, "acc_or": 0.999915361404419, "sender_entropy": 0.7350239753723145, "receiver_entropy": 0.0, "original_loss": 0.0019402040634304285, "mean_length": 6.0}
{"mode": "train", "epoch": 80, "loss": 0.48415537306240625, "acc": 0.9814919923033033, "acc_or": 0.9952641895839146, "sender_entropy": 0.7182335146835872, "receiver_entropy": 0.0, "original_loss": 0.01870542501232454, "mean_length": 6.000000006811959}
{"mode": "test", "epoch": 80, "loss": 0.4034901261329651, "acc": 1.0, "acc_or": 1.0, "sender_entropy": 0.7160512804985046, "receiver_entropy": 0.0, "original_loss": 0.0019703074358403683, "mean_length": 6.0}
{"epoch": 80, "positional_disent": 0.09585994482040405, "bag_of_symbol_disent": 0.04814733564853668, "topographic_sim": 0.26146938068764025}
{"generalization hold out": {"acc": 0.9393004179000854, "acc_or": 0.9793095588684082}, "uniform holdout": {"acc": 0.9954267740249634, "acc_or": 0.9988566637039185}, "epoch": 80}
---End--
