nohup: ignoring input
{"mode": "train", "epoch": 1, "loss": 0.8853403006281172, "acc": 0.00017578125282722925, "acc_or": 0.11896546153085573, "sender_entropy": 2.2991257905960083, "receiver_entropy": 0.0, "original_loss": 2.2024925334112986, "mean_length": 6.000000006811959}
{"mode": "test", "epoch": 1, "loss": 2.606201648712158, "acc": 0.0006773920613341033, "acc_or": 0.2404741793870926, "sender_entropy": 2.276078224182129, "receiver_entropy": 0.0, "original_loss": 2.0549919605255127, "mean_length": 6.0}
{"mode": "train", "epoch": 2, "loss": 3.0109473058155607, "acc": 0.0023860404020524585, "acc_or": 0.2493922931807382, "sender_entropy": 2.0584332994052343, "receiver_entropy": 0.0, "original_loss": 1.953698238304683, "mean_length": 6.000000006811959}
{"mode": "test", "epoch": 2, "loss": 5.06732177734375, "acc": 0.010838272981345654, "acc_or": 0.3943268656730652, "sender_entropy": 2.0235915184020996, "receiver_entropy": 0.0, "original_loss": 1.5346482992172241, "mean_length": 6.0}
{"mode": "train", "epoch": 3, "loss": 5.072658484322684, "acc": 0.01578590050339699, "acc_or": 0.4060953846999577, "sender_entropy": 1.6953231198447092, "receiver_entropy": 0.0, "original_loss": 1.50061023746218, "mean_length": 6.000000006811959}
{"mode": "test", "epoch": 3, "loss": 5.358452796936035, "acc": 0.06943268328905106, "acc_or": 0.6090177893638611, "sender_entropy": 1.7126057147979736, "receiver_entropy": 0.0, "original_loss": 1.0590558052062988, "mean_length": 6.0}
{"mode": "train", "epoch": 4, "loss": 5.25370488848005, "acc": 0.0528842247490372, "acc_or": 0.5451183621372495, "sender_entropy": 1.4166190777506147, "receiver_entropy": 0.0, "original_loss": 1.1648527094296046, "mean_length": 6.000000006811959}
{"mode": "test", "epoch": 4, "loss": 4.634644985198975, "acc": 0.15901778638362885, "acc_or": 0.7060118913650513, "sender_entropy": 1.487330436706543, "receiver_entropy": 0.0, "original_loss": 0.8020936250686646, "mean_length": 6.0}
{"mode": "train", "epoch": 5, "loss": 4.94126695224217, "acc": 0.12746006441967828, "acc_or": 0.6406810879707336, "sender_entropy": 1.224835353238242, "receiver_entropy": 0.0, "original_loss": 0.9182700216770172, "mean_length": 6.000000006811959}
{"mode": "test", "epoch": 5, "loss": 3.883828639984131, "acc": 0.3493649661540985, "acc_or": 0.7979678511619568, "sender_entropy": 1.226887583732605, "receiver_entropy": 0.0, "original_loss": 0.5588938593864441, "mean_length": 6.0}
{"mode": "train", "epoch": 6, "loss": 4.5054911000388005, "acc": 0.24702304814543044, "acc_or": 0.7228346254144397, "sender_entropy": 1.0523677596024104, "receiver_entropy": 0.0, "original_loss": 0.7044184199401311, "mean_length": 6.000000006811959}
{"mode": "test", "epoch": 6, "loss": 3.2917068004608154, "acc": 0.5476714968681335, "acc_or": 0.8720152974128723, "sender_entropy": 1.0735523700714111, "receiver_entropy": 0.0, "original_loss": 0.3859083354473114, "mean_length": 6.0}
{"mode": "train", "epoch": 7, "loss": 4.011101375307356, "acc": 0.3571076303720474, "acc_or": 0.7820602016789573, "sender_entropy": 0.9420503411974226, "receiver_entropy": 0.0, "original_loss": 0.5586894043854305, "mean_length": 6.000000006811959}
{"mode": "test", "epoch": 7, "loss": 2.8294081687927246, "acc": 0.6875529289245605, "acc_or": 0.9148603081703186, "sender_entropy": 0.9785357117652893, "receiver_entropy": 0.0, "original_loss": 0.28207555413246155, "mean_length": 6.0}
{"mode": "train", "epoch": 8, "loss": 3.5305590425218853, "acc": 0.4589916595390865, "acc_or": 0.8264712853091104, "sender_entropy": 0.8569576663630349, "receiver_entropy": 0.0, "original_loss": 0.45571864119597844, "mean_length": 6.000000006811959}
{"mode": "test", "epoch": 8, "loss": 2.3683900833129883, "acc": 0.7762913107872009, "acc_or": 0.9405588507652283, "sender_entropy": 0.8748502135276794, "receiver_entropy": 0.0, "original_loss": 0.20574919879436493, "mean_length": 6.0}
{"mode": "train", "epoch": 9, "loss": 3.147144842147827, "acc": 0.5412079393863678, "acc_or": 0.859045706476484, "sender_entropy": 0.8002791864531381, "receiver_entropy": 0.0, "original_loss": 0.37871131471225195, "mean_length": 6.000000006811959}
{"mode": "test", "epoch": 9, "loss": 2.044058322906494, "acc": 0.8027095794677734, "acc_or": 0.948348879814148, "sender_entropy": 0.8268088102340698, "receiver_entropy": 0.0, "original_loss": 0.1759730875492096, "mean_length": 6.0}
{"mode": "train", "epoch": 10, "loss": 2.790513277053833, "acc": 0.5982926956244877, "acc_or": 0.8799077587468284, "sender_entropy": 0.7528944858482906, "receiver_entropy": 0.0, "original_loss": 0.32542682204927714, "mean_length": 6.000000006811959}
{"mode": "test", "epoch": 10, "loss": 1.792134404182434, "acc": 0.8436918258666992, "acc_or": 0.9593564867973328, "sender_entropy": 0.7795933485031128, "receiver_entropy": 0.0, "original_loss": 0.14159342646598816, "mean_length": 6.0}
{"mode": "train", "epoch": 11, "loss": 2.523957943916321, "acc": 0.6375541176114764, "acc_or": 0.8933052940028055, "sender_entropy": 0.7312055587768554, "receiver_entropy": 0.0, "original_loss": 0.2913429932934897, "mean_length": 6.000000006811959}
{"mode": "test", "epoch": 11, "loss": 1.654862403869629, "acc": 0.8990685939788818, "acc_or": 0.9740051031112671, "sender_entropy": 0.7669764161109924, "receiver_entropy": 0.0, "original_loss": 0.10782795399427414, "mean_length": 6.0}
{"mode": "train", "epoch": 12, "loss": 2.294557615688869, "acc": 0.6745477310248784, "acc_or": 0.9057847772325788, "sender_entropy": 0.7068530551024845, "receiver_entropy": 0.0, "original_loss": 0.2598798513412476, "mean_length": 6.000000006811959}
{"mode": "test", "epoch": 12, "loss": 1.4697930812835693, "acc": 0.9114310145378113, "acc_or": 0.9773920774459839, "sender_entropy": 0.7318362593650818, "receiver_entropy": 0.0, "original_loss": 0.09116663783788681, "mean_length": 6.0}
{"mode": "train", "epoch": 13, "loss": 2.085737202848707, "acc": 0.7016083572592055, "acc_or": 0.9143816701003483, "sender_entropy": 0.686495075907026, "receiver_entropy": 0.0, "original_loss": 0.23711892707007273, "mean_length": 6.000000006811959}
{"mode": "test", "epoch": 13, "loss": 1.3477087020874023, "acc": 0.9212532043457031, "acc_or": 0.9796782732009888, "sender_entropy": 0.7168092727661133, "receiver_entropy": 0.0, "original_loss": 0.0809033140540123, "mean_length": 6.0}
{"mode": "train", "epoch": 14, "loss": 1.925583221231188, "acc": 0.7210559027535575, "acc_or": 0.9205208216394697, "sender_entropy": 0.6778431645461491, "receiver_entropy": 0.0, "original_loss": 0.22154250293970107, "mean_length": 6.000000006811959}
{"mode": "test", "epoch": 14, "loss": 1.279410481452942, "acc": 0.9219306111335754, "acc_or": 0.9801016449928284, "sender_entropy": 0.724487841129303, "receiver_entropy": 0.0, "original_loss": 0.07512478530406952, "mean_length": 6.0}
{"mode": "train", "epoch": 15, "loss": 1.7877081053597585, "acc": 0.7348765339170183, "acc_or": 0.9251912108489445, "sender_entropy": 0.6700982834611621, "receiver_entropy": 0.0, "original_loss": 0.2087594123823302, "mean_length": 6.000000006811959}
{"mode": "test", "epoch": 15, "loss": 1.1961928606033325, "acc": 0.9458086490631104, "acc_or": 0.986325204372406, "sender_entropy": 0.7120071649551392, "receiver_entropy": 0.0, "original_loss": 0.06240617483854294, "mean_length": 6.0}
{"mode": "train", "epoch": 16, "loss": 1.6792809622628349, "acc": 0.7507207529885428, "acc_or": 0.9298805109092168, "sender_entropy": 0.6712993451527187, "receiver_entropy": 0.0, "original_loss": 0.19599321782588958, "mean_length": 6.000000006811959}
{"mode": "test", "epoch": 16, "loss": 1.124680995941162, "acc": 0.947163462638855, "acc_or": 0.9866638779640198, "sender_entropy": 0.7069135308265686, "receiver_entropy": 0.0, "original_loss": 0.0561906062066555, "mean_length": 6.0}
{"mode": "train", "epoch": 17, "loss": 1.5659054926463536, "acc": 0.7651347628661564, "acc_or": 0.9342542265142714, "sender_entropy": 0.6613446048327855, "receiver_entropy": 0.0, "original_loss": 0.1840015228305544, "mean_length": 6.000000006811959}
{"mode": "test", "epoch": 17, "loss": 1.0506662130355835, "acc": 0.9603725671768188, "acc_or": 0.9900084733963013, "sender_entropy": 0.6961846351623535, "receiver_entropy": 0.0, "original_loss": 0.049091048538684845, "mean_length": 6.0}
{"mode": "train", "epoch": 18, "loss": 1.476763541357858, "acc": 0.7779898805277689, "acc_or": 0.938159326996122, "sender_entropy": 0.6600576826504299, "receiver_entropy": 0.0, "original_loss": 0.17453894572598594, "mean_length": 6.000000006811959}
{"mode": "test", "epoch": 18, "loss": 1.0151143074035645, "acc": 0.9586791396141052, "acc_or": 0.9895427823066711, "sender_entropy": 0.7043924331665039, "receiver_entropy": 0.0, "original_loss": 0.0463450662791729, "mean_length": 6.0}
{"mode": "train", "epoch": 19, "loss": 1.4056473663875035, "acc": 0.7876123828547341, "acc_or": 0.941076911347253, "sender_entropy": 0.6610345269952501, "receiver_entropy": 0.0, "original_loss": 0.16654346265963146, "mean_length": 6.000000006811959}
{"mode": "test", "epoch": 19, "loss": 0.9715264439582825, "acc": 0.9754445552825928, "acc_or": 0.9938188195228577, "sender_entropy": 0.6981601119041443, "receiver_entropy": 0.0, "original_loss": 0.03649478778243065, "mean_length": 6.0}
{"mode": "train", "epoch": 20, "loss": 1.3451745135443551, "acc": 0.8019399540764945, "acc_or": 0.9453207986695426, "sender_entropy": 0.6613697350025177, "receiver_entropy": 0.0, "original_loss": 0.1558594965509006, "mean_length": 6.000000006811959}
{"mode": "test", "epoch": 20, "loss": 0.9520431756973267, "acc": 0.9756138920783997, "acc_or": 0.9939035177230835, "sender_entropy": 0.7070939540863037, "receiver_entropy": 0.0, "original_loss": 0.033508073538541794, "mean_length": 6.0}
{"mode": "train", "epoch": 21, "loss": 1.2959809286253794, "acc": 0.8123337490218027, "acc_or": 0.9484975295407432, "sender_entropy": 0.6627092293330601, "receiver_entropy": 0.0, "original_loss": 0.1475737222603389, "mean_length": 6.000000006811959}
{"mode": "test", "epoch": 21, "loss": 0.9213017821311951, "acc": 0.9796782732009888, "acc_or": 0.994877278804779, "sender_entropy": 0.7039120197296143, "receiver_entropy": 0.0, "original_loss": 0.02909509278833866, "mean_length": 6.0}
{"mode": "train", "epoch": 22, "loss": 1.25232926096235, "acc": 0.8255956862654005, "acc_or": 0.9523487644536155, "sender_entropy": 0.6638709664344787, "receiver_entropy": 0.0, "original_loss": 0.13747282539095199, "mean_length": 6.000000006811959}
{"mode": "test", "epoch": 22, "loss": 0.9039082527160645, "acc": 0.9844200015068054, "acc_or": 0.9961050152778625, "sender_entropy": 0.7063581943511963, "receiver_entropy": 0.0, "original_loss": 0.024643681943416595, "mean_length": 6.0}
{"mode": "train", "epoch": 23, "loss": 1.2184963073049273, "acc": 0.838732123374939, "acc_or": 0.9561763746397836, "sender_entropy": 0.6657804889338357, "receiver_entropy": 0.0, "original_loss": 0.12778342419437, "mean_length": 6.000000006811959}
{"mode": "test", "epoch": 23, "loss": 0.8887618780136108, "acc": 0.9867908954620361, "acc_or": 0.9966554045677185, "sender_entropy": 0.7058660387992859, "receiver_entropy": 0.0, "original_loss": 0.021147271618247032, "mean_length": 6.0}
{"mode": "train", "epoch": 24, "loss": 1.1885129622050694, "acc": 0.8491434855120522, "acc_or": 0.9592186263629369, "sender_entropy": 0.6694792313235146, "receiver_entropy": 0.0, "original_loss": 0.11989914157560894, "mean_length": 6.000000006811959}
{"mode": "test", "epoch": 24, "loss": 0.9070162177085876, "acc": 0.9939035177230835, "acc_or": 0.9984759092330933, "sender_entropy": 0.7195819616317749, "receiver_entropy": 0.0, "original_loss": 0.016849683597683907, "mean_length": 6.0}
{"mode": "train", "epoch": 25, "loss": 1.1705030049596514, "acc": 0.859411941255842, "acc_or": 0.9622593436922345, "sender_entropy": 0.676257575409753, "receiver_entropy": 0.0, "original_loss": 0.11209908415164266, "mean_length": 6.000000006811959}
{"mode": "test", "epoch": 25, "loss": 0.912146270275116, "acc": 0.9901778697967529, "acc_or": 0.9975444674491882, "sender_entropy": 0.723822295665741, "receiver_entropy": 0.0, "original_loss": 0.01660403423011303, "mean_length": 6.0}
{"mode": "train", "epoch": 26, "loss": 1.1520519290651594, "acc": 0.8684114166668483, "acc_or": 0.9648210295609065, "sender_entropy": 0.6807860544749669, "receiver_entropy": 0.0, "original_loss": 0.10482124845896448, "mean_length": 6.000000006811959}
{"mode": "test", "epoch": 26, "loss": 0.9162795543670654, "acc": 0.9925487041473389, "acc_or": 0.9981371760368347, "sender_entropy": 0.7250969409942627, "receiver_entropy": 0.0, "original_loss": 0.014645593240857124, "mean_length": 6.0}
{"mode": "train", "epoch": 27, "loss": 1.1347832015582493, "acc": 0.8779959533895765, "acc_or": 0.9675311003412519, "sender_entropy": 0.684742546081543, "receiver_entropy": 0.0, "original_loss": 0.09672973273055895, "mean_length": 6.000000006811959}
{"mode": "test", "epoch": 27, "loss": 0.9099807739257812, "acc": 0.9925487041473389, "acc_or": 0.9981371760368347, "sender_entropy": 0.7325695753097534, "receiver_entropy": 0.0, "original_loss": 0.01305500976741314, "mean_length": 6.0}
{"mode": "train", "epoch": 28, "loss": 1.1224117108753748, "acc": 0.8874564119747707, "acc_or": 0.9702819986002785, "sender_entropy": 0.6915917541299548, "receiver_entropy": 0.0, "original_loss": 0.09060644071016993, "mean_length": 6.000000006811959}
{"mode": "test", "epoch": 28, "loss": 0.9170005917549133, "acc": 0.9927180409431458, "acc_or": 0.9981371760368347, "sender_entropy": 0.7319391369819641, "receiver_entropy": 0.0, "original_loss": 0.013336367905139923, "mean_length": 6.0}
{"mode": "train", "epoch": 29, "loss": 1.1023941380637032, "acc": 0.8948889008590153, "acc_or": 0.9723005524703434, "sender_entropy": 0.6977590365069253, "receiver_entropy": 0.0, "original_loss": 0.08538014782326563, "mean_length": 6.000000006811959}
{"mode": "test", "epoch": 29, "loss": 0.905738115310669, "acc": 0.9942421913146973, "acc_or": 0.9985605478286743, "sender_entropy": 0.7301589846611023, "receiver_entropy": 0.0, "original_loss": 0.010872646234929562, "mean_length": 6.0}
{"mode": "train", "epoch": 30, "loss": 1.105027151107788, "acc": 0.9068866670131683, "acc_or": 0.9755881224359785, "sender_entropy": 0.7021161888326918, "receiver_entropy": 0.0, "original_loss": 0.07623631336859295, "mean_length": 6.000000006811959}
{"mode": "test", "epoch": 30, "loss": 0.9123013019561768, "acc": 0.9927180409431458, "acc_or": 0.99817955493927, "sender_entropy": 0.7423053979873657, "receiver_entropy": 0.0, "original_loss": 0.011949803680181503, "mean_length": 6.0}
{"mode": "train", "epoch": 31, "loss": 1.090052683012826, "acc": 0.9155310230595725, "acc_or": 0.9778796851634979, "sender_entropy": 0.7072092490536827, "receiver_entropy": 0.0, "original_loss": 0.07054648319525378, "mean_length": 6.000000006811959}
{"mode": "test", "epoch": 31, "loss": 0.9114066362380981, "acc": 0.9969517588615417, "acc_or": 0.9992379546165466, "sender_entropy": 0.7424691319465637, "receiver_entropy": 0.0, "original_loss": 0.009080764837563038, "mean_length": 6.0}
{"mode": "train", "epoch": 32, "loss": 1.0886928898947579, "acc": 0.9257215244429452, "acc_or": 0.9806198034967695, "sender_entropy": 0.7131845091070448, "receiver_entropy": 0.0, "original_loss": 0.06356397840593542, "mean_length": 6.000000006811959}
{"mode": "test", "epoch": 32, "loss": 0.907789409160614, "acc": 0.9969517588615417, "acc_or": 0.9992379546165466, "sender_entropy": 0.7501689195632935, "receiver_entropy": 0.0, "original_loss": 0.008851205930113792, "mean_length": 6.0}
{"mode": "train", "epoch": 33, "loss": 1.082266732624599, "acc": 0.9349995749337333, "acc_or": 0.9831304848194122, "sender_entropy": 0.7165082020418985, "receiver_entropy": 0.0, "original_loss": 0.05694749403212752, "mean_length": 6.000000006811959}
{"mode": "test", "epoch": 33, "loss": 0.9191965460777283, "acc": 0.996613085269928, "acc_or": 0.9991109371185303, "sender_entropy": 0.7591753602027893, "receiver_entropy": 0.0, "original_loss": 0.008227679878473282, "mean_length": 6.0}
{"mode": "train", "epoch": 34, "loss": 1.0624286668641227, "acc": 0.9416485701288496, "acc_or": 0.984884809596198, "sender_entropy": 0.714346489736012, "receiver_entropy": 0.0, "original_loss": 0.051428364802684104, "mean_length": 6.000000006811959}
{"mode": "test", "epoch": 34, "loss": 0.8810096383094788, "acc": 0.9979678392410278, "acc_or": 0.9994919896125793, "sender_entropy": 0.734415590763092, "receiver_entropy": 0.0, "original_loss": 0.00600703340023756, "mean_length": 6.0}
{"mode": "train", "epoch": 35, "loss": 1.0423214418547495, "acc": 0.9449610054492951, "acc_or": 0.9857645222118923, "sender_entropy": 0.717355329649789, "receiver_entropy": 0.0, "original_loss": 0.04826403238943645, "mean_length": 6.000000006811959}
{"mode": "test", "epoch": 35, "loss": 0.8634625673294067, "acc": 0.9972904920578003, "acc_or": 0.9993226528167725, "sender_entropy": 0.7464171648025513, "receiver_entropy": 0.0, "original_loss": 0.006155951879918575, "mean_length": 6.0}
{"mode": "train", "epoch": 36, "loss": 1.0218190721103124, "acc": 0.9487948766776494, "acc_or": 0.9867466798850468, "sender_entropy": 0.7197459970201765, "receiver_entropy": 0.0, "original_loss": 0.04540860461337226, "mean_length": 6.000000006811959}
{"mode": "test", "epoch": 36, "loss": 0.8719092607498169, "acc": 0.9996613264083862, "acc_or": 0.999915361404419, "sender_entropy": 0.7446868419647217, "receiver_entropy": 0.0, "original_loss": 0.004248631186783314, "mean_length": 6.0}
{"mode": "train", "epoch": 37, "loss": 0.9988009129251753, "acc": 0.9524887425558908, "acc_or": 0.9877084970474244, "sender_entropy": 0.719945831809725, "receiver_entropy": 0.0, "original_loss": 0.04233828022011689, "mean_length": 6.000000006811959}
{"mode": "test", "epoch": 37, "loss": 0.8711495995521545, "acc": 0.9991533160209656, "acc_or": 0.9997883439064026, "sender_entropy": 0.7644438743591309, "receiver_entropy": 0.0, "original_loss": 0.004567587748169899, "mean_length": 6.0}
{"mode": "train", "epoch": 38, "loss": 0.9802090764045716, "acc": 0.9563427473817553, "acc_or": 0.9887375967843192, "sender_entropy": 0.7202374449798039, "receiver_entropy": 0.0, "original_loss": 0.03907320866627353, "mean_length": 6.000000006811959}
{"mode": "test", "epoch": 38, "loss": 0.8203912973403931, "acc": 0.998814582824707, "acc_or": 0.9997036457061768, "sender_entropy": 0.7442026138305664, "receiver_entropy": 0.0, "original_loss": 0.004935713019222021, "mean_length": 6.0}
{"mode": "train", "epoch": 39, "loss": 0.9576557857649667, "acc": 0.9602691309792655, "acc_or": 0.9897561848163605, "sender_entropy": 0.7199016494410378, "receiver_entropy": 0.0, "original_loss": 0.03644202492598977, "mean_length": 6.000000006811959}
{"mode": "test", "epoch": 39, "loss": 0.8194233775138855, "acc": 0.9983065724372864, "acc_or": 0.9995766878128052, "sender_entropy": 0.7482192516326904, "receiver_entropy": 0.0, "original_loss": 0.0042406534776091576, "mean_length": 6.0}
{"mode": "train", "epoch": 40, "loss": 0.9425113252231053, "acc": 0.9628745479243143, "acc_or": 0.9904577553272247, "sender_entropy": 0.7228545393262591, "receiver_entropy": 0.0, "original_loss": 0.03394811768084764, "mean_length": 6.000000006811959}
{"mode": "test", "epoch": 40, "loss": 0.8048789501190186, "acc": 0.9974598288536072, "acc_or": 0.999364972114563, "sender_entropy": 0.7481365203857422, "receiver_entropy": 0.0, "original_loss": 0.00494727399200201, "mean_length": 6.0}
{"mode": "train", "epoch": 41, "loss": 0.9211991327149528, "acc": 0.9663322389125824, "acc_or": 0.9913514724799565, "sender_entropy": 0.7212099407400404, "receiver_entropy": 0.0, "original_loss": 0.03135566397437028, "mean_length": 6.000000006811959}
{"mode": "test", "epoch": 41, "loss": 0.7625718116760254, "acc": 0.9993226528167725, "acc_or": 0.9998306632041931, "sender_entropy": 0.7255772352218628, "receiver_entropy": 0.0, "original_loss": 0.0034227592404931784, "mean_length": 6.0}
{"mode": "train", "epoch": 42, "loss": 0.9103591212204525, "acc": 0.9701968048300061, "acc_or": 0.9923503977911813, "sender_entropy": 0.7237455078533718, "receiver_entropy": 0.0, "original_loss": 0.028240580803581647, "mean_length": 6.000000006811959}
{"mode": "test", "epoch": 42, "loss": 0.7697389721870422, "acc": 0.9991533160209656, "acc_or": 0.9997883439064026, "sender_entropy": 0.74300616979599, "receiver_entropy": 0.0, "original_loss": 0.003510289592668414, "mean_length": 6.0}
{"mode": "train", "epoch": 43, "loss": 0.8897981626646859, "acc": 0.972604889529092, "acc_or": 0.9929873083318983, "sender_entropy": 0.7236685752868652, "receiver_entropy": 0.0, "original_loss": 0.02635039200208017, "mean_length": 6.000000006811959}
{"mode": "test", "epoch": 43, "loss": 0.7527029514312744, "acc": 0.9993226528167725, "acc_or": 0.9998306632041931, "sender_entropy": 0.7410748600959778, "receiver_entropy": 0.0, "original_loss": 0.0032230860088020563, "mean_length": 6.0}
{"mode": "train", "epoch": 44, "loss": 0.8753144553729466, "acc": 0.975503557068961, "acc_or": 0.9937301107815334, "sender_entropy": 0.724846715586526, "receiver_entropy": 0.0, "original_loss": 0.023989116427089487, "mean_length": 6.000000006811959}
{"mode": "test", "epoch": 44, "loss": 0.7440268993377686, "acc": 0.9991533160209656, "acc_or": 0.9997883439064026, "sender_entropy": 0.7487107515335083, "receiver_entropy": 0.0, "original_loss": 0.002855379367247224, "mean_length": 6.0}
{"mode": "train", "epoch": 45, "loss": 0.854385758297784, "acc": 0.9770526536873408, "acc_or": 0.9941096995558057, "sender_entropy": 0.7239065519401006, "receiver_entropy": 0.0, "original_loss": 0.022508802211710383, "mean_length": 6.000000006811959}
{"mode": "test", "epoch": 45, "loss": 0.7165049314498901, "acc": 0.9996613264083862, "acc_or": 0.999915361404419, "sender_entropy": 0.7361341118812561, "receiver_entropy": 0.0, "original_loss": 0.002512263832613826, "mean_length": 6.0}
{"mode": "train", "epoch": 46, "loss": 0.8397539300577981, "acc": 0.9786537221499851, "acc_or": 0.9945364705153874, "sender_entropy": 0.7279154530593327, "receiver_entropy": 0.0, "original_loss": 0.02105685214379004, "mean_length": 6.000000006811959}
{"mode": "test", "epoch": 46, "loss": 0.6893594264984131, "acc": 0.9991533160209656, "acc_or": 0.9997883439064026, "sender_entropy": 0.7512611746788025, "receiver_entropy": 0.0, "original_loss": 0.002788530895486474, "mean_length": 6.0}
{"mode": "train", "epoch": 47, "loss": 0.8213575141770499, "acc": 0.9802667737007141, "acc_or": 0.994950213602611, "sender_entropy": 0.7276484285082135, "receiver_entropy": 0.0, "original_loss": 0.019641360800181116, "mean_length": 6.000000006811959}
{"mode": "test", "epoch": 47, "loss": 0.7133281230926514, "acc": 0.9998306632041931, "acc_or": 0.9999576807022095, "sender_entropy": 0.7675164937973022, "receiver_entropy": 0.0, "original_loss": 0.002261901507154107, "mean_length": 6.0}
{"mode": "train", "epoch": 48, "loss": 0.8013169578143529, "acc": 0.9818101831844874, "acc_or": 0.9953353660447257, "sender_entropy": 0.7297367887837546, "receiver_entropy": 0.0, "original_loss": 0.01876555989895548, "mean_length": 6.000000006811959}
{"mode": "test", "epoch": 48, "loss": 0.6974235773086548, "acc": 0.9994919896125793, "acc_or": 0.9998730421066284, "sender_entropy": 0.7631508708000183, "receiver_entropy": 0.0, "original_loss": 0.0024856573436409235, "mean_length": 6.0}
{"mode": "train", "epoch": 49, "loss": 0.7862207072121756, "acc": 0.9827835696084158, "acc_or": 0.9955982310431344, "sender_entropy": 0.7288817380155835, "receiver_entropy": 0.0, "original_loss": 0.017348960441138064, "mean_length": 6.000000006811959}
{"mode": "test", "epoch": 49, "loss": 0.6603754162788391, "acc": 0.9996613264083862, "acc_or": 0.999915361404419, "sender_entropy": 0.7583064436912537, "receiver_entropy": 0.0, "original_loss": 0.0023890084121376276, "mean_length": 6.0}
{"mode": "train", "epoch": 50, "loss": 0.7667366802692414, "acc": 0.9838331707886288, "acc_or": 0.9958515780312674, "sender_entropy": 0.7301228608403887, "receiver_entropy": 0.0, "original_loss": 0.01664314546755382, "mean_length": 6.000000006811959}
{"mode": "test", "epoch": 50, "loss": 0.6387272477149963, "acc": 0.9994919896125793, "acc_or": 0.9998730421066284, "sender_entropy": 0.7432700395584106, "receiver_entropy": 0.0, "original_loss": 0.0021381163969635963, "mean_length": 6.0}
{"mode": "train", "epoch": 51, "loss": 0.7493667168276651, "acc": 0.9848286083766392, "acc_or": 0.9961060157843998, "sender_entropy": 0.7295798582690103, "receiver_entropy": 0.0, "original_loss": 0.01563547333436353, "mean_length": 6.000000006811959}
{"mode": "test", "epoch": 51, "loss": 0.6206770539283752, "acc": 0.9994919896125793, "acc_or": 0.9998730421066284, "sender_entropy": 0.7303277850151062, "receiver_entropy": 0.0, "original_loss": 0.0017869550501927733, "mean_length": 6.0}
{"mode": "train", "epoch": 52, "loss": 0.7329275531428201, "acc": 0.9852112420967647, "acc_or": 0.9962121248245239, "sender_entropy": 0.731882028068815, "receiver_entropy": 0.0, "original_loss": 0.015088982241494315, "mean_length": 6.000000006811959}
{"mode": "test", "epoch": 52, "loss": 0.6011080145835876, "acc": 1.0, "acc_or": 1.0, "sender_entropy": 0.735100507736206, "receiver_entropy": 0.0, "original_loss": 0.001439132378436625, "mean_length": 6.0}
{"epoch": 52, "positional_disent": 0.10073083639144897, "bag_of_symbol_disent": 0.08781982958316803, "topographic_sim": 0.28092867615504086}
{"generalization hold out": {"acc": 0.9807956218719482, "acc_or": 0.9934841990470886}, "uniform holdout": {"acc": 0.9984755516052246, "acc_or": 0.9992377758026123}, "epoch": 52}
---End--
