nohup: ignoring input
{"mode": "train", "epoch": 1, "loss": 0.899300081389291, "acc": 0.00025396096482706656, "acc_or": 0.1219401339335101, "sender_entropy": 2.296640133857727, "receiver_entropy": 0.0, "original_loss": 2.199747109413147, "mean_length": 6.000000006811959}
{"mode": "test", "epoch": 1, "loss": 2.844343662261963, "acc": 0.0006773920613341033, "acc_or": 0.2599068582057953, "sender_entropy": 2.245584726333618, "receiver_entropy": 0.0, "original_loss": 2.013305187225342, "mean_length": 6.0}
{"mode": "train", "epoch": 2, "loss": 3.2635316797665186, "acc": 0.003212152107153088, "acc_or": 0.26396012944834574, "sender_entropy": 2.0047568661826, "receiver_entropy": 0.0, "original_loss": 1.905125093460083, "mean_length": 6.000000006811959}
{"mode": "test", "epoch": 2, "loss": 4.993691444396973, "acc": 0.01303979754447937, "acc_or": 0.43755292892456055, "sender_entropy": 1.8979949951171875, "receiver_entropy": 0.0, "original_loss": 1.4522650241851807, "mean_length": 6.0}
{"mode": "train", "epoch": 3, "loss": 5.0458220209394185, "acc": 0.02352333946951798, "acc_or": 0.44234311410358973, "sender_entropy": 1.5848118492535181, "receiver_entropy": 0.0, "original_loss": 1.4268321701458522, "mean_length": 6.000000006811959}
{"mode": "test", "epoch": 3, "loss": 4.981184959411621, "acc": 0.07891617715358734, "acc_or": 0.6182472705841064, "sender_entropy": 1.6076021194458008, "receiver_entropy": 0.0, "original_loss": 1.0174753665924072, "mean_length": 6.0}
{"mode": "train", "epoch": 4, "loss": 4.977596248899188, "acc": 0.06470522667680467, "acc_or": 0.5540518726621355, "sender_entropy": 1.3521578328950064, "receiver_entropy": 0.0, "original_loss": 1.1282206126621792, "mean_length": 6.000000006811959}
{"mode": "test", "epoch": 4, "loss": 4.322202682495117, "acc": 0.19305673241615295, "acc_or": 0.7124471068382263, "sender_entropy": 1.3619999885559082, "receiver_entropy": 0.0, "original_loss": 0.745445728302002, "mean_length": 6.0}
{"mode": "train", "epoch": 5, "loss": 4.696748174939837, "acc": 0.13933741705758232, "acc_or": 0.6394187041691372, "sender_entropy": 1.1668239491326469, "receiver_entropy": 0.0, "original_loss": 0.8801992748464856, "mean_length": 6.000000006811959}
{"mode": "test", "epoch": 5, "loss": 3.7016093730926514, "acc": 0.35173583030700684, "acc_or": 0.7977985143661499, "sender_entropy": 1.1936689615249634, "receiver_entropy": 0.0, "original_loss": 0.5467534065246582, "mean_length": 6.0}
{"mode": "train", "epoch": 6, "loss": 4.186845251492092, "acc": 0.21887457647493908, "acc_or": 0.702562163557325, "sender_entropy": 1.0485984410558429, "receiver_entropy": 0.0, "original_loss": 0.7262188076972962, "mean_length": 6.000000006811959}
{"mode": "test", "epoch": 6, "loss": 3.0738980770111084, "acc": 0.4331922233104706, "acc_or": 0.8295512795448303, "sender_entropy": 1.084607720375061, "receiver_entropy": 0.0, "original_loss": 0.46464139223098755, "mean_length": 6.0}
{"mode": "train", "epoch": 7, "loss": 3.732491067477635, "acc": 0.28718373030424116, "acc_or": 0.7454202055931092, "sender_entropy": 0.9815020586763109, "receiver_entropy": 0.0, "original_loss": 0.6284290058272225, "mean_length": 6.000000006811959}
{"mode": "test", "epoch": 7, "loss": 2.7845733165740967, "acc": 0.5591871738433838, "acc_or": 0.8754445910453796, "sender_entropy": 1.029219388961792, "receiver_entropy": 0.0, "original_loss": 0.3707945942878723, "mean_length": 6.0}
{"mode": "train", "epoch": 8, "loss": 3.376269439288548, "acc": 0.3624369259391512, "acc_or": 0.7849955541746957, "sender_entropy": 0.9184398233890534, "receiver_entropy": 0.0, "original_loss": 0.5397070935794286, "mean_length": 6.000000006811959}
{"mode": "test", "epoch": 8, "loss": 2.467926025390625, "acc": 0.6111769676208496, "acc_or": 0.8911516070365906, "sender_entropy": 0.978443443775177, "receiver_entropy": 0.0, "original_loss": 0.31972402334213257, "mean_length": 6.0}
{"mode": "train", "epoch": 9, "loss": 3.0208018132618495, "acc": 0.4169912087065833, "acc_or": 0.8094211859362466, "sender_entropy": 0.8768120271818979, "receiver_entropy": 0.0, "original_loss": 0.4860437533685139, "mean_length": 6.000000006811959}
{"mode": "test", "epoch": 9, "loss": 2.222050905227661, "acc": 0.6934801340103149, "acc_or": 0.917485237121582, "sender_entropy": 0.9262195229530334, "receiver_entropy": 0.0, "original_loss": 0.2588556706905365, "mean_length": 6.0}
{"mode": "train", "epoch": 10, "loss": 2.74879674911499, "acc": 0.4718925676175526, "acc_or": 0.8323979096753257, "sender_entropy": 0.8373881484780993, "receiver_entropy": 0.0, "original_loss": 0.43302476959569114, "mean_length": 6.000000006811959}
{"mode": "test", "epoch": 10, "loss": 2.0147600173950195, "acc": 0.7739204168319702, "acc_or": 0.9407705664634705, "sender_entropy": 0.8770706057548523, "receiver_entropy": 0.0, "original_loss": 0.20329353213310242, "mean_length": 6.0}
{"mode": "train", "epoch": 11, "loss": 2.5267434801374162, "acc": 0.515941995382309, "acc_or": 0.8501209591116224, "sender_entropy": 0.8069393149444035, "receiver_entropy": 0.0, "original_loss": 0.3886759068284716, "mean_length": 6.000000006811959}
{"mode": "test", "epoch": 11, "loss": 1.7637702226638794, "acc": 0.745131254196167, "acc_or": 0.9328958988189697, "sender_entropy": 0.8306496739387512, "receiver_entropy": 0.0, "original_loss": 0.20286159217357635, "mean_length": 6.0}
{"mode": "train", "epoch": 12, "loss": 2.3343467031206404, "acc": 0.5588849757398878, "acc_or": 0.8664465027196067, "sender_entropy": 0.7749574141842979, "receiver_entropy": 0.0, "original_loss": 0.34846502031598775, "mean_length": 6.000000006811959}
{"mode": "test", "epoch": 12, "loss": 1.6696491241455078, "acc": 0.8233700394630432, "acc_or": 0.9539797306060791, "sender_entropy": 0.8183932304382324, "receiver_entropy": 0.0, "original_loss": 0.15780183672904968, "mean_length": 6.0}
{"mode": "train", "epoch": 13, "loss": 2.1563464948109217, "acc": 0.5903125141348158, "acc_or": 0.8779753523213523, "sender_entropy": 0.7543414482048579, "receiver_entropy": 0.0, "original_loss": 0.32046258449554443, "mean_length": 6.000000006811959}
{"mode": "test", "epoch": 13, "loss": 1.501387119293213, "acc": 0.844030499458313, "acc_or": 0.9595258831977844, "sender_entropy": 0.779845654964447, "receiver_entropy": 0.0, "original_loss": 0.14154917001724243, "mean_length": 6.0}
{"mode": "train", "epoch": 14, "loss": 1.9957124999591282, "acc": 0.6235671724591937, "acc_or": 0.8894873687199184, "sender_entropy": 0.734104266336986, "receiver_entropy": 0.0, "original_loss": 0.2950404214007514, "mean_length": 6.000000006811959}
{"mode": "test", "epoch": 14, "loss": 1.390395164489746, "acc": 0.8731583952903748, "acc_or": 0.9674851894378662, "sender_entropy": 0.761885941028595, "receiver_entropy": 0.0, "original_loss": 0.12128252536058426, "mean_length": 6.0}
{"mode": "train", "epoch": 15, "loss": 1.870154571533203, "acc": 0.6573612689971924, "acc_or": 0.9010152391024998, "sender_entropy": 0.7153765158993858, "receiver_entropy": 0.0, "original_loss": 0.26761973393814903, "mean_length": 6.000000006811959}
{"mode": "test", "epoch": 15, "loss": 1.3028234243392944, "acc": 0.8966977596282959, "acc_or": 0.9737934470176697, "sender_entropy": 0.742948591709137, "receiver_entropy": 0.0, "original_loss": 0.10175750404596329, "mean_length": 6.0}
{"mode": "train", "epoch": 16, "loss": 1.7600277713366916, "acc": 0.6877491065434047, "acc_or": 0.9107368384088789, "sender_entropy": 0.6989273054259164, "receiver_entropy": 0.0, "original_loss": 0.2439050120966775, "mean_length": 6.000000006811959}
{"mode": "test", "epoch": 16, "loss": 1.2105566263198853, "acc": 0.9024555683135986, "acc_or": 0.9750211834907532, "sender_entropy": 0.7307642698287964, "receiver_entropy": 0.0, "original_loss": 0.09408915042877197, "mean_length": 6.0}
{"mode": "train", "epoch": 17, "loss": 1.6492633036204747, "acc": 0.7058155085359301, "acc_or": 0.9163738054888589, "sender_entropy": 0.6848291090556553, "receiver_entropy": 0.0, "original_loss": 0.2282699887241636, "mean_length": 6.000000006811959}
{"mode": "test", "epoch": 17, "loss": 1.1452704668045044, "acc": 0.9168501496315002, "acc_or": 0.9790855646133423, "sender_entropy": 0.7154855728149414, "receiver_entropy": 0.0, "original_loss": 0.08038119226694107, "mean_length": 6.0}
{"mode": "train", "epoch": 18, "loss": 1.5586652874946594, "acc": 0.7293641788618905, "acc_or": 0.9237084329128266, "sender_entropy": 0.6730319687298366, "receiver_entropy": 0.0, "original_loss": 0.2106557384133339, "mean_length": 6.000000006811959}
{"mode": "test", "epoch": 18, "loss": 1.0773866176605225, "acc": 0.9473327994346619, "acc_or": 0.9867485761642456, "sender_entropy": 0.6984550356864929, "receiver_entropy": 0.0, "original_loss": 0.060042981058359146, "mean_length": 6.0}
{"mode": "train", "epoch": 19, "loss": 1.4805288910865784, "acc": 0.7448463303702219, "acc_or": 0.9284104721886771, "sender_entropy": 0.6658207237720489, "receiver_entropy": 0.0, "original_loss": 0.19733601191214153, "mean_length": 6.000000006811959}
{"mode": "test", "epoch": 19, "loss": 1.0199304819107056, "acc": 0.9427604079246521, "acc_or": 0.9855207800865173, "sender_entropy": 0.6940355896949768, "receiver_entropy": 0.0, "original_loss": 0.06146301329135895, "mean_length": 6.0}
{"mode": "train", "epoch": 20, "loss": 1.4079744134630476, "acc": 0.7598687095301492, "acc_or": 0.9330374053546361, "sender_entropy": 0.6607866738523756, "receiver_entropy": 0.0, "original_loss": 0.18590338059834072, "mean_length": 6.000000006811959}
{"mode": "test", "epoch": 20, "loss": 0.9797508120536804, "acc": 0.954784095287323, "acc_or": 0.9886114001274109, "sender_entropy": 0.6905164122581482, "receiver_entropy": 0.0, "original_loss": 0.05272464454174042, "mean_length": 6.0}
{"mode": "train", "epoch": 21, "loss": 1.3469933084079198, "acc": 0.7756496284689222, "acc_or": 0.9377284501280103, "sender_entropy": 0.655514018876212, "receiver_entropy": 0.0, "original_loss": 0.17380183466843196, "mean_length": 6.000000006811959}
{"mode": "test", "epoch": 21, "loss": 0.9305872321128845, "acc": 0.9657917022705078, "acc_or": 0.9913632869720459, "sender_entropy": 0.680899977684021, "receiver_entropy": 0.0, "original_loss": 0.044016215950250626, "mean_length": 6.0}
{"mode": "train", "epoch": 22, "loss": 1.2893607156617302, "acc": 0.788783163683755, "acc_or": 0.9418348125049046, "sender_entropy": 0.6481528690883092, "receiver_entropy": 0.0, "original_loss": 0.16311249243361609, "mean_length": 6.000000006811959}
{"mode": "test", "epoch": 22, "loss": 0.8977426886558533, "acc": 0.96968674659729, "acc_or": 0.9923370480537415, "sender_entropy": 0.6795381903648376, "receiver_entropy": 0.0, "original_loss": 0.038945723325014114, "mean_length": 6.0}
{"mode": "train", "epoch": 23, "loss": 1.2350915210587639, "acc": 0.7953639941556113, "acc_or": 0.943727172272546, "sender_entropy": 0.6492022216320038, "receiver_entropy": 0.0, "original_loss": 0.15779632393802914, "mean_length": 6.000000006811959}
{"mode": "test", "epoch": 23, "loss": 0.8872655034065247, "acc": 0.9722269773483276, "acc_or": 0.9930567741394043, "sender_entropy": 0.6911938190460205, "receiver_entropy": 0.0, "original_loss": 0.03614870458841324, "mean_length": 6.0}
{"mode": "train", "epoch": 24, "loss": 1.1885039159229824, "acc": 0.8041211630616869, "acc_or": 0.9462182836873191, "sender_entropy": 0.6525144168308803, "receiver_entropy": 0.0, "original_loss": 0.15170884196247372, "mean_length": 6.000000006811959}
{"mode": "test", "epoch": 24, "loss": 0.8626106977462769, "acc": 0.9766300320625305, "acc_or": 0.9941575527191162, "sender_entropy": 0.6909286379814148, "receiver_entropy": 0.0, "original_loss": 0.03427313268184662, "mean_length": 6.0}
{"mode": "train", "epoch": 25, "loss": 1.1486349190984453, "acc": 0.8164273244994027, "acc_or": 0.9498097053595952, "sender_entropy": 0.6512375439916338, "receiver_entropy": 0.0, "original_loss": 0.14320205471345357, "mean_length": 6.000000006811959}
{"mode": "test", "epoch": 25, "loss": 0.8415636420249939, "acc": 0.9795089364051819, "acc_or": 0.994877278804779, "sender_entropy": 0.6865271925926208, "receiver_entropy": 0.0, "original_loss": 0.028761809691786766, "mean_length": 6.0}
{"mode": "train", "epoch": 26, "loss": 1.1239698444093977, "acc": 0.8256569623947143, "acc_or": 0.9525434230055128, "sender_entropy": 0.652520602941513, "receiver_entropy": 0.0, "original_loss": 0.13540309827242578, "mean_length": 6.000000006811959}
{"mode": "test", "epoch": 26, "loss": 0.8365938067436218, "acc": 0.9764606356620789, "acc_or": 0.9940728545188904, "sender_entropy": 0.7037414312362671, "receiver_entropy": 0.0, "original_loss": 0.03026028349995613, "mean_length": 6.0}
{"mode": "train", "epoch": 27, "loss": 1.0968655160495213, "acc": 0.8338838296277182, "acc_or": 0.9549907403332847, "sender_entropy": 0.6564446313040597, "receiver_entropy": 0.0, "original_loss": 0.12910370635134832, "mean_length": 6.000000006811959}
{"mode": "test", "epoch": 27, "loss": 0.8243094682693481, "acc": 0.9850974082946777, "acc_or": 0.9962320327758789, "sender_entropy": 0.7037400007247925, "receiver_entropy": 0.0, "original_loss": 0.023877207189798355, "mean_length": 6.0}
{"mode": "train", "epoch": 28, "loss": 1.0711970397404262, "acc": 0.8423998406955174, "acc_or": 0.9573757418564388, "sender_entropy": 0.6595364485468184, "receiver_entropy": 0.0, "original_loss": 0.12281008469206946, "mean_length": 6.000000006811959}
{"mode": "test", "epoch": 28, "loss": 0.806575357913971, "acc": 0.9850974082946777, "acc_or": 0.9962743520736694, "sender_entropy": 0.7044979929924011, "receiver_entropy": 0.0, "original_loss": 0.023980801925063133, "mean_length": 6.0}
{"mode": "train", "epoch": 29, "loss": 1.033259459904262, "acc": 0.845168845142637, "acc_or": 0.9581321256501334, "sender_entropy": 0.6616744390555791, "receiver_entropy": 0.0, "original_loss": 0.12051413133740425, "mean_length": 6.000000006811959}
{"mode": "test", "epoch": 29, "loss": 0.8174728155136108, "acc": 0.9835732579231262, "acc_or": 0.9958933591842651, "sender_entropy": 0.7190724611282349, "receiver_entropy": 0.0, "original_loss": 0.023910164833068848, "mean_length": 6.0}
{"mode": "train", "epoch": 30, "loss": 1.008788138628006, "acc": 0.8491636105946132, "acc_or": 0.9593875408172607, "sender_entropy": 0.6654267881597792, "receiver_entropy": 0.0, "original_loss": 0.1168567555291312, "mean_length": 6.000000006811959}
{"mode": "test", "epoch": 30, "loss": 0.8130069375038147, "acc": 0.9891617298126221, "acc_or": 0.9972904920578003, "sender_entropy": 0.7226511836051941, "receiver_entropy": 0.0, "original_loss": 0.020393896847963333, "mean_length": 6.0}
{"mode": "train", "epoch": 31, "loss": 0.9930164388247898, "acc": 0.8570867393698011, "acc_or": 0.9616766929626465, "sender_entropy": 0.6692343660763331, "receiver_entropy": 0.0, "original_loss": 0.1110118381679058, "mean_length": 6.000000006811959}
{"mode": "test", "epoch": 31, "loss": 0.8040382862091064, "acc": 0.9867908954620361, "acc_or": 0.9966554045677185, "sender_entropy": 0.7232134938240051, "receiver_entropy": 0.0, "original_loss": 0.019990459084510803, "mean_length": 6.0}
{"mode": "train", "epoch": 32, "loss": 0.9643947720527649, "acc": 0.8594939478806087, "acc_or": 0.9623482499803816, "sender_entropy": 0.6740661518914359, "receiver_entropy": 0.0, "original_loss": 0.10930934729320663, "mean_length": 6.000000006811959}
{"mode": "test", "epoch": 32, "loss": 0.8075430393218994, "acc": 0.9918712973594666, "acc_or": 0.9979678392410278, "sender_entropy": 0.7231866717338562, "receiver_entropy": 0.0, "original_loss": 0.018453584983944893, "mean_length": 6.0}
{"mode": "train", "epoch": 33, "loss": 0.9478024056979588, "acc": 0.8664562140192305, "acc_or": 0.9643176904746464, "sender_entropy": 0.6758732829775129, "receiver_entropy": 0.0, "original_loss": 0.10415169011269297, "mean_length": 6.000000006811959}
{"mode": "test", "epoch": 33, "loss": 0.7911006808280945, "acc": 0.9900084733963013, "acc_or": 0.9975021481513977, "sender_entropy": 0.7184327244758606, "receiver_entropy": 0.0, "original_loss": 0.017724934965372086, "mean_length": 6.0}
{"mode": "train", "epoch": 34, "loss": 0.9302402530397688, "acc": 0.8737654958452498, "acc_or": 0.9665181977408273, "sender_entropy": 0.6743746331759861, "receiver_entropy": 0.0, "original_loss": 0.09886662481086594, "mean_length": 6.000000006811959}
{"mode": "test", "epoch": 34, "loss": 0.7672324776649475, "acc": 0.991193950176239, "acc_or": 0.997798502445221, "sender_entropy": 0.7143006920814514, "receiver_entropy": 0.0, "original_loss": 0.016696294769644737, "mean_length": 6.0}
{"mode": "train", "epoch": 35, "loss": 0.9123967204775129, "acc": 0.8792381831577846, "acc_or": 0.9680147443498884, "sender_entropy": 0.6780622873987471, "receiver_entropy": 0.0, "original_loss": 0.09476864763668605, "mean_length": 6.000000006811959}
{"mode": "test", "epoch": 35, "loss": 0.7636931538581848, "acc": 0.9905165433883667, "acc_or": 0.9976291656494141, "sender_entropy": 0.7178832292556763, "receiver_entropy": 0.0, "original_loss": 0.015839744359254837, "mean_length": 6.0}
{"mode": "train", "epoch": 36, "loss": 0.8967665612697602, "acc": 0.8872549176216126, "acc_or": 0.9702197815690722, "sender_entropy": 0.6763920988355364, "receiver_entropy": 0.0, "original_loss": 0.0894053466618061, "mean_length": 6.000000006811959}
{"mode": "test", "epoch": 36, "loss": 0.7692380547523499, "acc": 0.9942421913146973, "acc_or": 0.9985605478286743, "sender_entropy": 0.7225528359413147, "receiver_entropy": 0.0, "original_loss": 0.01338367722928524, "mean_length": 6.0}
{"mode": "train", "epoch": 37, "loss": 0.8762326657772064, "acc": 0.8908980105604444, "acc_or": 0.9711758673191071, "sender_entropy": 0.6771919710295541, "receiver_entropy": 0.0, "original_loss": 0.08627541299377169, "mean_length": 6.000000006811959}
{"mode": "test", "epoch": 37, "loss": 0.7466031908988953, "acc": 0.9961050152778625, "acc_or": 0.9990262985229492, "sender_entropy": 0.7059217095375061, "receiver_entropy": 0.0, "original_loss": 0.012209796346724033, "mean_length": 6.0}
{"mode": "train", "epoch": 38, "loss": 0.8663528536047255, "acc": 0.8984737311090741, "acc_or": 0.9732742062636784, "sender_entropy": 0.678524855204991, "receiver_entropy": 0.0, "original_loss": 0.08085902673857552, "mean_length": 6.000000006811959}
{"mode": "test", "epoch": 38, "loss": 0.7501747608184814, "acc": 0.9954276084899902, "acc_or": 0.9988569021224976, "sender_entropy": 0.7261733412742615, "receiver_entropy": 0.0, "original_loss": 0.011790459975600243, "mean_length": 6.0}
{"mode": "train", "epoch": 39, "loss": 0.8441257723740169, "acc": 0.8997092289584023, "acc_or": 0.973666056564876, "sender_entropy": 0.6815425557749611, "receiver_entropy": 0.0, "original_loss": 0.07951196240527289, "mean_length": 6.000000006811959}
{"mode": "test", "epoch": 39, "loss": 0.7111196517944336, "acc": 0.994580864906311, "acc_or": 0.9986452460289001, "sender_entropy": 0.7057673931121826, "receiver_entropy": 0.0, "original_loss": 0.012109869159758091, "mean_length": 6.0}
{"mode": "train", "epoch": 40, "loss": 0.8309178190571921, "acc": 0.9070627246584211, "acc_or": 0.9755916263375963, "sender_entropy": 0.6791672434125627, "receiver_entropy": 0.0, "original_loss": 0.07467945526753153, "mean_length": 6.000000006811959}
{"mode": "test", "epoch": 40, "loss": 0.7010880708694458, "acc": 0.9933954477310181, "acc_or": 0.9983488917350769, "sender_entropy": 0.7042419910430908, "receiver_entropy": 0.0, "original_loss": 0.011463405564427376, "mean_length": 6.0}
{"mode": "train", "epoch": 41, "loss": 0.8123244958264487, "acc": 0.9093729359763009, "acc_or": 0.9762710630893707, "sender_entropy": 0.6804611878735679, "receiver_entropy": 0.0, "original_loss": 0.07258539817162922, "mean_length": 6.000000006811959}
{"mode": "test", "epoch": 41, "loss": 0.6998417377471924, "acc": 0.9962743520736694, "acc_or": 0.9990686178207397, "sender_entropy": 0.7135275602340698, "receiver_entropy": 0.0, "original_loss": 0.010615319944918156, "mean_length": 6.0}
{"mode": "train", "epoch": 42, "loss": 0.8058521841253553, "acc": 0.9159945717879704, "acc_or": 0.9780562162399292, "sender_entropy": 0.6815618685313634, "receiver_entropy": 0.0, "original_loss": 0.06785691806248256, "mean_length": 6.000000006811959}
{"mode": "test", "epoch": 42, "loss": 0.6739280223846436, "acc": 0.9944115281105042, "acc_or": 0.9986029267311096, "sender_entropy": 0.7117891311645508, "receiver_entropy": 0.0, "original_loss": 0.010702149011194706, "mean_length": 6.0}
{"mode": "train", "epoch": 43, "loss": 0.7822526463440487, "acc": 0.9185334750584193, "acc_or": 0.9786839382989067, "sender_entropy": 0.6811212744031634, "receiver_entropy": 0.0, "original_loss": 0.06637312658131123, "mean_length": 6.000000006811959}
{"mode": "test", "epoch": 43, "loss": 0.6692609190940857, "acc": 0.997798502445221, "acc_or": 0.9994496703147888, "sender_entropy": 0.709460437297821, "receiver_entropy": 0.0, "original_loss": 0.008146303705871105, "mean_length": 6.0}
{"mode": "train", "epoch": 44, "loss": 0.7769669209207807, "acc": 0.9233076308454786, "acc_or": 0.9800483907972063, "sender_entropy": 0.6834671097142356, "receiver_entropy": 0.0, "original_loss": 0.06274379843047687, "mean_length": 6.000000006811959}
{"mode": "test", "epoch": 44, "loss": 0.6733210682868958, "acc": 0.9981371760368347, "acc_or": 0.9995343089103699, "sender_entropy": 0.7163018584251404, "receiver_entropy": 0.0, "original_loss": 0.008269255049526691, "mean_length": 6.0}
{"mode": "train", "epoch": 45, "loss": 0.7587870495659964, "acc": 0.9250931833471571, "acc_or": 0.9805324477808816, "sender_entropy": 0.6854947660650526, "receiver_entropy": 0.0, "original_loss": 0.06150838253753526, "mean_length": 6.000000006811959}
{"mode": "test", "epoch": 45, "loss": 0.6494611501693726, "acc": 0.9959356784820557, "acc_or": 0.9989839196205139, "sender_entropy": 0.7075548768043518, "receiver_entropy": 0.0, "original_loss": 0.008529993705451488, "mean_length": 6.0}
{"mode": "train", "epoch": 46, "loss": 0.7513508643422808, "acc": 0.9293064057826996, "acc_or": 0.9816597070012774, "sender_entropy": 0.6863593280315399, "receiver_entropy": 0.0, "original_loss": 0.05824464085911001, "mean_length": 6.000000006811959}
{"mode": "test", "epoch": 46, "loss": 0.6359277963638306, "acc": 0.998814582824707, "acc_or": 0.9997036457061768, "sender_entropy": 0.7063335180282593, "receiver_entropy": 0.0, "original_loss": 0.006827932316809893, "mean_length": 6.0}
{"mode": "train", "epoch": 47, "loss": 0.7350795711789813, "acc": 0.9326474555901119, "acc_or": 0.9824956340449197, "sender_entropy": 0.6881036119801658, "receiver_entropy": 0.0, "original_loss": 0.056641606028590884, "mean_length": 6.000000006811959}
{"mode": "test", "epoch": 47, "loss": 0.6319050192832947, "acc": 0.9981371760368347, "acc_or": 0.9995343089103699, "sender_entropy": 0.7115092873573303, "receiver_entropy": 0.0, "original_loss": 0.006808016914874315, "mean_length": 6.0}
{"mode": "train", "epoch": 48, "loss": 0.7206333935260772, "acc": 0.9351628260953085, "acc_or": 0.9832214372498649, "sender_entropy": 0.6851184512887682, "receiver_entropy": 0.0, "original_loss": 0.05409535425049918, "mean_length": 6.000000006811959}
{"mode": "test", "epoch": 48, "loss": 0.6417633295059204, "acc": 0.9989839196205139, "acc_or": 0.9997460246086121, "sender_entropy": 0.7229424715042114, "receiver_entropy": 0.0, "original_loss": 0.006056909449398518, "mean_length": 6.0}
{"mode": "train", "epoch": 49, "loss": 0.7156434748853956, "acc": 0.9387933441570827, "acc_or": 0.98418002980096, "sender_entropy": 0.6900238769395011, "receiver_entropy": 0.0, "original_loss": 0.05150274506637028, "mean_length": 6.000000006811959}
{"mode": "test", "epoch": 49, "loss": 0.6180627942085266, "acc": 0.9979678392410278, "acc_or": 0.9994919896125793, "sender_entropy": 0.7263516783714294, "receiver_entropy": 0.0, "original_loss": 0.006684933789074421, "mean_length": 6.0}
{"mode": "train", "epoch": 50, "loss": 0.6982889490468162, "acc": 0.9398100120680672, "acc_or": 0.9844383708068303, "sender_entropy": 0.6914788620812552, "receiver_entropy": 0.0, "original_loss": 0.05081181206873485, "mean_length": 6.000000006811959}
{"mode": "test", "epoch": 50, "loss": 0.6170921325683594, "acc": 0.9979678392410278, "acc_or": 0.9994919896125793, "sender_entropy": 0.7279555797576904, "receiver_entropy": 0.0, "original_loss": 0.006158303935080767, "mean_length": 6.0}
{"mode": "train", "epoch": 51, "loss": 0.6910139526639666, "acc": 0.9429987422057561, "acc_or": 0.9852669545582362, "sender_entropy": 0.6917236404759544, "receiver_entropy": 0.0, "original_loss": 0.04802713271762644, "mean_length": 6.000000006811959}
{"mode": "test", "epoch": 51, "loss": 0.5844607353210449, "acc": 0.9955970048904419, "acc_or": 0.9988992810249329, "sender_entropy": 0.7142432332038879, "receiver_entropy": 0.0, "original_loss": 0.007905973121523857, "mean_length": 6.0}
{"mode": "train", "epoch": 52, "loss": 0.6760579245431083, "acc": 0.9446917252881186, "acc_or": 0.9856867109026227, "sender_entropy": 0.6927893485341753, "receiver_entropy": 0.0, "original_loss": 0.04725460681532111, "mean_length": 6.000000006811959}
{"mode": "test", "epoch": 52, "loss": 0.5910787582397461, "acc": 0.998814582824707, "acc_or": 0.9997036457061768, "sender_entropy": 0.7246130108833313, "receiver_entropy": 0.0, "original_loss": 0.006361843086779118, "mean_length": 6.0}
{"mode": "train", "epoch": 53, "loss": 0.6566528916358948, "acc": 0.9453349445547377, "acc_or": 0.9858970667634691, "sender_entropy": 0.6929895435060773, "receiver_entropy": 0.0, "original_loss": 0.04673225932887622, "mean_length": 6.000000006811959}
{"mode": "test", "epoch": 53, "loss": 0.5875675678253174, "acc": 0.998814582824707, "acc_or": 0.9997036457061768, "sender_entropy": 0.7301855087280273, "receiver_entropy": 0.0, "original_loss": 0.005332594271749258, "mean_length": 6.0}
{"mode": "train", "epoch": 54, "loss": 0.6546605953148433, "acc": 0.9495923680918558, "acc_or": 0.9869872220924922, "sender_entropy": 0.6949612643037524, "receiver_entropy": 0.0, "original_loss": 0.043780190870165825, "mean_length": 6.000000006811959}
{"mode": "test", "epoch": 54, "loss": 0.5738087296485901, "acc": 0.9983065724372864, "acc_or": 0.9995766878128052, "sender_entropy": 0.7267805933952332, "receiver_entropy": 0.0, "original_loss": 0.005792309995740652, "mean_length": 6.0}
{"mode": "train", "epoch": 55, "loss": 0.6449660241603852, "acc": 0.9512252271175384, "acc_or": 0.9874414835657392, "sender_entropy": 0.6956936853272574, "receiver_entropy": 0.0, "original_loss": 0.04203678561108453, "mean_length": 6.000000006811959}
{"mode": "test", "epoch": 55, "loss": 0.5491886734962463, "acc": 0.9989839196205139, "acc_or": 0.9997460246086121, "sender_entropy": 0.7265065908432007, "receiver_entropy": 0.0, "original_loss": 0.005161487031728029, "mean_length": 6.0}
{"mode": "train", "epoch": 56, "loss": 0.6295930325984955, "acc": 0.9520897465092796, "acc_or": 0.9876450283186776, "sender_entropy": 0.6959189099924905, "receiver_entropy": 0.0, "original_loss": 0.04134807246071952, "mean_length": 6.000000006811959}
{"mode": "test", "epoch": 56, "loss": 0.5599364638328552, "acc": 0.9981371760368347, "acc_or": 0.9995343089103699, "sender_entropy": 0.7324913740158081, "receiver_entropy": 0.0, "original_loss": 0.0052403854206204414, "mean_length": 6.0}
{"mode": "train", "epoch": 57, "loss": 0.6188362104552133, "acc": 0.9549806986536299, "acc_or": 0.9883852371147701, "sender_entropy": 0.6960403306143624, "receiver_entropy": 0.0, "original_loss": 0.03979330009647778, "mean_length": 6.000000006811959}
{"mode": "test", "epoch": 57, "loss": 0.5395158529281616, "acc": 0.9981371760368347, "acc_or": 0.9995343089103699, "sender_entropy": 0.7226657271385193, "receiver_entropy": 0.0, "original_loss": 0.005042898003011942, "mean_length": 6.0}
{"mode": "train", "epoch": 58, "loss": 0.6115113241331918, "acc": 0.9569064693791526, "acc_or": 0.9889015589441572, "sender_entropy": 0.6967054631028856, "receiver_entropy": 0.0, "original_loss": 0.03792035122002874, "mean_length": 6.000000006811959}
{"mode": "test", "epoch": 58, "loss": 0.5283412933349609, "acc": 0.9989839196205139, "acc_or": 0.9997460246086121, "sender_entropy": 0.7210857272148132, "receiver_entropy": 0.0, "original_loss": 0.004550071433186531, "mean_length": 6.0}
{"mode": "train", "epoch": 59, "loss": 0.6025479631764549, "acc": 0.95843488744327, "acc_or": 0.9892913358552116, "sender_entropy": 0.6972806215286255, "receiver_entropy": 0.0, "original_loss": 0.036760929014001575, "mean_length": 6.000000006811959}
{"mode": "test", "epoch": 59, "loss": 0.5468662977218628, "acc": 1.0, "acc_or": 1.0, "sender_entropy": 0.7435795664787292, "receiver_entropy": 0.0, "original_loss": 0.00390244391746819, "mean_length": 6.0}
{"epoch": 59, "positional_disent": 0.10273417830467224, "bag_of_symbol_disent": 0.0409194752573967, "topographic_sim": 0.21939574855351487}
{"generalization hold out": {"acc": 0.9269547462463379, "acc_or": 0.9748514294624329}, "uniform holdout": {"acc": 0.9984755516052246, "acc_or": 0.9996188879013062}, "epoch": 59}
---End--
