nohup: ignoring input
{"mode": "train", "epoch": 1, "loss": 0.8934143611363002, "acc": 0.00018420649929404525, "acc_or": 0.12172248576368605, "sender_entropy": 2.2973412888390676, "receiver_entropy": 0.0, "original_loss": 2.200632974079677, "mean_length": 6.000000006811959}
{"mode": "test", "epoch": 1, "loss": 2.9239020347595215, "acc": 0.0008467400912195444, "acc_or": 0.24462321400642395, "sender_entropy": 2.248323678970337, "receiver_entropy": 0.0, "original_loss": 2.010019063949585, "mean_length": 6.0}
{"mode": "train", "epoch": 2, "loss": 3.5062032903943745, "acc": 0.0041747637226113255, "acc_or": 0.2776741983635085, "sender_entropy": 1.986336100101471, "receiver_entropy": 0.0, "original_loss": 1.8757058347974505, "mean_length": 6.000000006811959}
{"mode": "test", "epoch": 2, "loss": 5.23105001449585, "acc": 0.017104148864746094, "acc_or": 0.45067739486694336, "sender_entropy": 1.9186623096466064, "receiver_entropy": 0.0, "original_loss": 1.4068758487701416, "mean_length": 6.0}
{"mode": "train", "epoch": 3, "loss": 5.263295779909407, "acc": 0.027963552996516226, "acc_or": 0.4397649075303759, "sender_entropy": 1.5977906550679888, "receiver_entropy": 0.0, "original_loss": 1.3859001551355634, "mean_length": 6.000000006811959}
{"mode": "test", "epoch": 3, "loss": 5.285207271575928, "acc": 0.11769687384366989, "acc_or": 0.6351820826530457, "sender_entropy": 1.6389578580856323, "receiver_entropy": 0.0, "original_loss": 0.9416946768760681, "mean_length": 6.0}
{"mode": "train", "epoch": 4, "loss": 5.145016997201102, "acc": 0.08643015963690621, "acc_or": 0.5680966905185154, "sender_entropy": 1.3382662108966283, "receiver_entropy": 0.0, "original_loss": 1.0627696905817305, "mean_length": 6.000000006811959}
{"mode": "test", "epoch": 4, "loss": 4.40808629989624, "acc": 0.25537681579589844, "acc_or": 0.7447925806045532, "sender_entropy": 1.4269565343856812, "receiver_entropy": 0.0, "original_loss": 0.7054107785224915, "mean_length": 6.0}
{"mode": "train", "epoch": 5, "loss": 4.660276998792376, "acc": 0.17575176422085081, "acc_or": 0.6641137480735779, "sender_entropy": 1.1650111164365495, "receiver_entropy": 0.0, "original_loss": 0.8418920074190412, "mean_length": 6.000000006811959}
{"mode": "test", "epoch": 5, "loss": 3.599217176437378, "acc": 0.4320067763328552, "acc_or": 0.8281117677688599, "sender_entropy": 1.1997331380844116, "receiver_entropy": 0.0, "original_loss": 0.5123279094696045, "mean_length": 6.0}
{"mode": "train", "epoch": 6, "loss": 4.180369418007987, "acc": 0.28681258176054275, "acc_or": 0.7403962731361389, "sender_entropy": 1.0241456712995256, "receiver_entropy": 0.0, "original_loss": 0.6615637677056448, "mean_length": 6.000000006811959}
{"mode": "test", "epoch": 6, "loss": 3.0919904708862305, "acc": 0.5620660781860352, "acc_or": 0.8728196620941162, "sender_entropy": 1.0829496383666992, "receiver_entropy": 0.0, "original_loss": 0.37924858927726746, "mean_length": 6.0}
{"mode": "train", "epoch": 7, "loss": 3.696808430126735, "acc": 0.3808320803301675, "acc_or": 0.787981619153704, "sender_entropy": 0.9291618049144745, "receiver_entropy": 0.0, "original_loss": 0.5409770501511437, "mean_length": 6.000000006811959}
{"mode": "test", "epoch": 7, "loss": 2.640298843383789, "acc": 0.6767146587371826, "acc_or": 0.9094834923744202, "sender_entropy": 0.9883682727813721, "receiver_entropy": 0.0, "original_loss": 0.2938937544822693, "mean_length": 6.0}
{"mode": "train", "epoch": 8, "loss": 3.2712555749075753, "acc": 0.45462108722754885, "acc_or": 0.8216575392654963, "sender_entropy": 0.8673049245561872, "receiver_entropy": 0.0, "original_loss": 0.45996091280664714, "mean_length": 6.000000006811959}
{"mode": "test", "epoch": 8, "loss": 2.2916014194488525, "acc": 0.7453005909919739, "acc_or": 0.9321761727333069, "sender_entropy": 0.9143222570419312, "receiver_entropy": 0.0, "original_loss": 0.22952419519424438, "mean_length": 6.0}
{"mode": "train", "epoch": 9, "loss": 2.9361098527908327, "acc": 0.5234052330255509, "acc_or": 0.8501411514622824, "sender_entropy": 0.8193052589893342, "receiver_entropy": 0.0, "original_loss": 0.39418969452381136, "mean_length": 6.000000006811959}
{"mode": "test", "epoch": 9, "loss": 2.024609088897705, "acc": 0.8165961503982544, "acc_or": 0.952032208442688, "sender_entropy": 0.8597363233566284, "receiver_entropy": 0.0, "original_loss": 0.17773547768592834, "mean_length": 6.0}
{"mode": "train", "epoch": 10, "loss": 2.622348734310695, "acc": 0.5626680254936218, "acc_or": 0.8658567598887852, "sender_entropy": 0.7815668225288391, "receiver_entropy": 0.0, "original_loss": 0.3527657014983041, "mean_length": 6.000000006811959}
{"mode": "test", "epoch": 10, "loss": 1.8177506923675537, "acc": 0.8298052549362183, "acc_or": 0.9558001756668091, "sender_entropy": 0.8358997702598572, "receiver_entropy": 0.0, "original_loss": 0.15837782621383667, "mean_length": 6.0}
{"mode": "train", "epoch": 11, "loss": 2.4089963504246303, "acc": 0.604662777696337, "acc_or": 0.8811648207051413, "sender_entropy": 0.7629049377782005, "receiver_entropy": 0.0, "original_loss": 0.3142845881836755, "mean_length": 6.000000006811959}
{"mode": "test", "epoch": 11, "loss": 1.6379401683807373, "acc": 0.8281117677688599, "acc_or": 0.9558425545692444, "sender_entropy": 0.8088704943656921, "receiver_entropy": 0.0, "original_loss": 0.14448505640029907, "mean_length": 6.0}
{"mode": "train", "epoch": 12, "loss": 2.2064462797982354, "acc": 0.636104427916663, "acc_or": 0.8924298448222024, "sender_entropy": 0.7427435840879167, "receiver_entropy": 0.0, "original_loss": 0.2863809130021504, "mean_length": 6.000000006811959}
{"mode": "test", "epoch": 12, "loss": 1.5309579372406006, "acc": 0.8701100945472717, "acc_or": 0.9668924808502197, "sender_entropy": 0.7964413166046143, "receiver_entropy": 0.0, "original_loss": 0.12070833146572113, "mean_length": 6.0}
{"mode": "train", "epoch": 13, "loss": 2.025046178272792, "acc": 0.6564806648663112, "acc_or": 0.8993107148579189, "sender_entropy": 0.7329718581267766, "receiver_entropy": 0.0, "original_loss": 0.2690699688025883, "mean_length": 6.000000006811959}
{"mode": "test", "epoch": 13, "loss": 1.386474609375, "acc": 0.8523285388946533, "acc_or": 0.9616426825523376, "sender_entropy": 0.7800208330154419, "receiver_entropy": 0.0, "original_loss": 0.12229117751121521, "mean_length": 6.0}
{"mode": "train", "epoch": 14, "loss": 1.8782729114804948, "acc": 0.6680680598531451, "acc_or": 0.903575940643038, "sender_entropy": 0.7276838081223624, "receiver_entropy": 0.0, "original_loss": 0.2568762502499989, "mean_length": 6.000000006811959}
{"mode": "test", "epoch": 14, "loss": 1.3320848941802979, "acc": 0.894665539264679, "acc_or": 0.9728620052337646, "sender_entropy": 0.7807884216308594, "receiver_entropy": 0.0, "original_loss": 0.09954985976219177, "mean_length": 6.0}
{"mode": "train", "epoch": 15, "loss": 1.7635632549013411, "acc": 0.6924041066850934, "acc_or": 0.9115582168102264, "sender_entropy": 0.7200726296220507, "receiver_entropy": 0.0, "original_loss": 0.2380515124116625, "mean_length": 6.000000006811959}
{"mode": "test", "epoch": 15, "loss": 1.2711107730865479, "acc": 0.9127858281135559, "acc_or": 0.9779847860336304, "sender_entropy": 0.7726330161094666, "receiver_entropy": 0.0, "original_loss": 0.08368656784296036, "mean_length": 6.0}
{"mode": "train", "epoch": 16, "loss": 1.6818329742976597, "acc": 0.7186288322721209, "acc_or": 0.9200905399663107, "sender_entropy": 0.7128754990441458, "receiver_entropy": 0.0, "original_loss": 0.21660795488527843, "mean_length": 6.000000006811959}
{"mode": "test", "epoch": 16, "loss": 1.2013511657714844, "acc": 0.9193903803825378, "acc_or": 0.9795512557029724, "sender_entropy": 0.7661252617835999, "receiver_entropy": 0.0, "original_loss": 0.07554404437541962, "mean_length": 6.0}
{"mode": "train", "epoch": 17, "loss": 1.58551903622491, "acc": 0.7344278599534716, "acc_or": 0.9251356482505798, "sender_entropy": 0.7074228414467403, "receiver_entropy": 0.0, "original_loss": 0.20435207507440023, "mean_length": 6.000000006811959}
{"mode": "test", "epoch": 17, "loss": 1.155961036682129, "acc": 0.9370025396347046, "acc_or": 0.9840390086174011, "sender_entropy": 0.766771674156189, "receiver_entropy": 0.0, "original_loss": 0.06629572808742523, "mean_length": 6.0}
{"mode": "train", "epoch": 18, "loss": 1.5121030041149683, "acc": 0.7448560731751578, "acc_or": 0.9284653876508985, "sender_entropy": 0.7117468655109406, "receiver_entropy": 0.0, "original_loss": 0.19544660427740643, "mean_length": 6.000000006811959}
{"mode": "test", "epoch": 18, "loss": 1.1077286005020142, "acc": 0.9383573532104492, "acc_or": 0.984462320804596, "sender_entropy": 0.7692046761512756, "receiver_entropy": 0.0, "original_loss": 0.06324336677789688, "mean_length": 6.0}
{"mode": "train", "epoch": 19, "loss": 1.4412039722715104, "acc": 0.7546935311385563, "acc_or": 0.9315295091697148, "sender_entropy": 0.7127261195863996, "receiver_entropy": 0.0, "original_loss": 0.18668517959969386, "mean_length": 6.000000006811959}
{"mode": "test", "epoch": 19, "loss": 1.0895986557006836, "acc": 0.9539373517036438, "acc_or": 0.9884420037269592, "sender_entropy": 0.7743536233901978, "receiver_entropy": 0.0, "original_loss": 0.05331895872950554, "mean_length": 6.0}
{"mode": "train", "epoch": 20, "loss": 1.375856990473611, "acc": 0.7660874698843275, "acc_or": 0.9349974044731685, "sender_entropy": 0.7114645327840533, "receiver_entropy": 0.0, "original_loss": 0.17789314155067718, "mean_length": 6.000000006811959}
{"mode": "test", "epoch": 20, "loss": 1.0561542510986328, "acc": 0.9568163156509399, "acc_or": 0.989077091217041, "sender_entropy": 0.7769849300384521, "receiver_entropy": 0.0, "original_loss": 0.05016927793622017, "mean_length": 6.0}
{"mode": "train", "epoch": 21, "loss": 1.313817502771105, "acc": 0.7773044228553772, "acc_or": 0.9383702065263476, "sender_entropy": 0.7096105005059924, "receiver_entropy": 0.0, "original_loss": 0.1691510954073497, "mean_length": 6.000000006811959}
{"mode": "test", "epoch": 21, "loss": 1.0250763893127441, "acc": 0.9580017328262329, "acc_or": 0.9894581437110901, "sender_entropy": 0.7779930233955383, "receiver_entropy": 0.0, "original_loss": 0.046841926872730255, "mean_length": 6.0}
{"mode": "train", "epoch": 22, "loss": 1.258752499307905, "acc": 0.7851479998656682, "acc_or": 0.9408641176564353, "sender_entropy": 0.7085317884172712, "receiver_entropy": 0.0, "original_loss": 0.1621407613158226, "mean_length": 6.000000006811959}
{"mode": "test", "epoch": 22, "loss": 0.9877541661262512, "acc": 0.9712108969688416, "acc_or": 0.9928027391433716, "sender_entropy": 0.7695432305335999, "receiver_entropy": 0.0, "original_loss": 0.037314776331186295, "mean_length": 6.0}
{"mode": "train", "epoch": 23, "loss": 1.2180063264710563, "acc": 0.795320555141994, "acc_or": 0.9440405207020895, "sender_entropy": 0.7090294454778944, "receiver_entropy": 0.0, "original_loss": 0.1541550351040704, "mean_length": 6.000000006811959}
{"mode": "test", "epoch": 23, "loss": 0.9532280564308167, "acc": 0.9554615020751953, "acc_or": 0.9888230562210083, "sender_entropy": 0.7809771299362183, "receiver_entropy": 0.0, "original_loss": 0.04347624629735947, "mean_length": 6.0}
{"mode": "train", "epoch": 24, "loss": 1.1588508571897234, "acc": 0.7998471021652221, "acc_or": 0.9453912113394056, "sender_entropy": 0.7094239677701678, "receiver_entropy": 0.0, "original_loss": 0.15022818999631063, "mean_length": 6.000000006811959}
{"mode": "test", "epoch": 24, "loss": 0.9246939420700073, "acc": 0.9608806371688843, "acc_or": 0.9901354908943176, "sender_entropy": 0.7796862125396729, "receiver_entropy": 0.0, "original_loss": 0.04031765088438988, "mean_length": 6.0}
{"mode": "train", "epoch": 25, "loss": 1.1161000524248397, "acc": 0.8071964817387717, "acc_or": 0.9475340025765555, "sender_entropy": 0.7058855882712773, "receiver_entropy": 0.0, "original_loss": 0.14457218306405203, "mean_length": 6.000000006811959}
{"mode": "test", "epoch": 25, "loss": 0.9023582339286804, "acc": 0.9700254201889038, "acc_or": 0.9925063848495483, "sender_entropy": 0.7707746028900146, "receiver_entropy": 0.0, "original_loss": 0.0338999480009079, "mean_length": 6.0}
{"mode": "train", "epoch": 26, "loss": 1.0856778962271554, "acc": 0.8155428375516619, "acc_or": 0.9500476769038609, "sender_entropy": 0.7076772357736315, "receiver_entropy": 0.0, "original_loss": 0.13839648472411292, "mean_length": 6.000000006811959}
{"mode": "test", "epoch": 26, "loss": 0.8974619507789612, "acc": 0.9822185039520264, "acc_or": 0.9955546259880066, "sender_entropy": 0.7822463512420654, "receiver_entropy": 0.0, "original_loss": 0.02677243947982788, "mean_length": 6.0}
{"mode": "train", "epoch": 27, "loss": 1.0521429538726808, "acc": 0.8211899416787284, "acc_or": 0.9517537500177111, "sender_entropy": 0.7093742115156991, "receiver_entropy": 0.0, "original_loss": 0.13334087782672474, "mean_length": 6.000000006811959}
{"mode": "test", "epoch": 27, "loss": 0.8717197179794312, "acc": 0.9778154492378235, "acc_or": 0.9944539070129395, "sender_entropy": 0.7797768712043762, "receiver_entropy": 0.0, "original_loss": 0.027725692838430405, "mean_length": 6.0}
{"mode": "train", "epoch": 28, "loss": 1.0086005304540906, "acc": 0.8257091590336391, "acc_or": 0.9530691376754216, "sender_entropy": 0.7064649403095246, "receiver_entropy": 0.0, "original_loss": 0.1294370393667902, "mean_length": 6.000000006811959}
{"mode": "test", "epoch": 28, "loss": 0.8572893738746643, "acc": 0.9766300320625305, "acc_or": 0.9941575527191162, "sender_entropy": 0.7858172655105591, "receiver_entropy": 0.0, "original_loss": 0.028749270364642143, "mean_length": 6.0}
{"mode": "train", "epoch": 29, "loss": 0.9661787058625902, "acc": 0.8287796114172254, "acc_or": 0.953896746465138, "sender_entropy": 0.7056536776678902, "receiver_entropy": 0.0, "original_loss": 0.12684035247990064, "mean_length": 6.000000006811959}
{"mode": "test", "epoch": 29, "loss": 0.8227021098136902, "acc": 0.9840813279151917, "acc_or": 0.9960203766822815, "sender_entropy": 0.7688884139060974, "receiver_entropy": 0.0, "original_loss": 0.02310432679951191, "mean_length": 6.0}
{"mode": "train", "epoch": 30, "loss": 0.9395097238676888, "acc": 0.8364338908876692, "acc_or": 0.9560956231185368, "sender_entropy": 0.7051648003714425, "receiver_entropy": 0.0, "original_loss": 0.1214689025921481, "mean_length": 6.000000006811959}
{"mode": "test", "epoch": 30, "loss": 0.8071480989456177, "acc": 0.972057580947876, "acc_or": 0.9929720759391785, "sender_entropy": 0.7750555872917175, "receiver_entropy": 0.0, "original_loss": 0.030600788071751595, "mean_length": 6.0}
{"mode": "train", "epoch": 31, "loss": 0.9098551682063512, "acc": 0.8425362305981773, "acc_or": 0.9579414750848497, "sender_entropy": 0.703362490449633, "receiver_entropy": 0.0, "original_loss": 0.11694998400551933, "mean_length": 6.000000006811959}
{"mode": "test", "epoch": 31, "loss": 0.798943281173706, "acc": 0.9845893383026123, "acc_or": 0.9961473345756531, "sender_entropy": 0.7741249203681946, "receiver_entropy": 0.0, "original_loss": 0.022179359570145607, "mean_length": 6.0}
{"mode": "train", "epoch": 32, "loss": 0.8841286735875266, "acc": 0.8456802138260433, "acc_or": 0.9589074134826661, "sender_entropy": 0.7059222987719944, "receiver_entropy": 0.0, "original_loss": 0.1137875996530056, "mean_length": 6.000000006811959}
{"mode": "test", "epoch": 32, "loss": 0.7721748948097229, "acc": 0.9828959107398987, "acc_or": 0.9957240223884583, "sender_entropy": 0.7665767669677734, "receiver_entropy": 0.0, "original_loss": 0.021440936252474785, "mean_length": 6.0}
{"mode": "train", "epoch": 33, "loss": 0.8571356611592429, "acc": 0.8532920403139932, "acc_or": 0.9609316987650734, "sender_entropy": 0.7007487782410213, "receiver_entropy": 0.0, "original_loss": 0.1087022497185639, "mean_length": 6.000000006811959}
{"mode": "test", "epoch": 33, "loss": 0.7526280879974365, "acc": 0.9879763126373291, "acc_or": 0.9969940781593323, "sender_entropy": 0.7654750347137451, "receiver_entropy": 0.0, "original_loss": 0.018267009407281876, "mean_length": 6.0}
{"mode": "train", "epoch": 34, "loss": 0.8342867221151079, "acc": 0.858694314956665, "acc_or": 0.9625048245702471, "sender_entropy": 0.7015692983354841, "receiver_entropy": 0.0, "original_loss": 0.10485684743949346, "mean_length": 6.000000006811959}
{"mode": "test", "epoch": 34, "loss": 0.7300944924354553, "acc": 0.9876376390457153, "acc_or": 0.9969094395637512, "sender_entropy": 0.7606261968612671, "receiver_entropy": 0.0, "original_loss": 0.018911035731434822, "mean_length": 6.0}
{"mode": "train", "epoch": 35, "loss": 0.8122659529958453, "acc": 0.8636772428240095, "acc_or": 0.9639416575431824, "sender_entropy": 0.7010808161326817, "receiver_entropy": 0.0, "original_loss": 0.10121129027434758, "mean_length": 6.000000006811959}
{"mode": "test", "epoch": 35, "loss": 0.7130714058876038, "acc": 0.9889923930168152, "acc_or": 0.9972057938575745, "sender_entropy": 0.7568000555038452, "receiver_entropy": 0.0, "original_loss": 0.017203345894813538, "mean_length": 6.0}
{"mode": "train", "epoch": 36, "loss": 0.7716989321368081, "acc": 0.8602543566908155, "acc_or": 0.9629827107701983, "sender_entropy": 0.7057470645223345, "receiver_entropy": 0.0, "original_loss": 0.10368484013846942, "mean_length": 6.000000006811959}
{"mode": "test", "epoch": 36, "loss": 0.6936596632003784, "acc": 0.9862828254699707, "acc_or": 0.9965707063674927, "sender_entropy": 0.7520436644554138, "receiver_entropy": 0.0, "original_loss": 0.018750382587313652, "mean_length": 6.0}
{"mode": "train", "epoch": 37, "loss": 0.7624434513705117, "acc": 0.8686041568006788, "acc_or": 0.9652333736419678, "sender_entropy": 0.7047888270446232, "receiver_entropy": 0.0, "original_loss": 0.09794019673551832, "mean_length": 6.000000006811959}
{"mode": "test", "epoch": 37, "loss": 0.699447751045227, "acc": 0.9893311262130737, "acc_or": 0.9973328113555908, "sender_entropy": 0.7620609998703003, "receiver_entropy": 0.0, "original_loss": 0.01678886078298092, "mean_length": 6.0}
{"mode": "train", "epoch": 38, "loss": 0.7449170853410448, "acc": 0.8738517727170672, "acc_or": 0.9666952652590616, "sender_entropy": 0.7060498126915523, "receiver_entropy": 0.0, "original_loss": 0.09407874707664762, "mean_length": 6.000000006811959}
{"mode": "test", "epoch": 38, "loss": 0.6762515306472778, "acc": 0.9949195981025696, "acc_or": 0.998729944229126, "sender_entropy": 0.7470932006835938, "receiver_entropy": 0.0, "original_loss": 0.013050203211605549, "mean_length": 6.0}
{"mode": "train", "epoch": 39, "loss": 0.7226930499076843, "acc": 0.8757427998951504, "acc_or": 0.9672308393887111, "sender_entropy": 0.7073973383222307, "receiver_entropy": 0.0, "original_loss": 0.0927758487207549, "mean_length": 6.000000006811959}
{"mode": "test", "epoch": 39, "loss": 0.6646905541419983, "acc": 0.9957663416862488, "acc_or": 0.9989416003227234, "sender_entropy": 0.7484298944473267, "receiver_entropy": 0.0, "original_loss": 0.01259932853281498, "mean_length": 6.0}
{"mode": "train", "epoch": 40, "loss": 0.7045104426997049, "acc": 0.8800708072526114, "acc_or": 0.9684279118265424, "sender_entropy": 0.7054877187524523, "receiver_entropy": 0.0, "original_loss": 0.08967458275812012, "mean_length": 6.000000006811959}
{"mode": "test", "epoch": 40, "loss": 0.6559343934059143, "acc": 0.9949195981025696, "acc_or": 0.998729944229126, "sender_entropy": 0.7473114728927612, "receiver_entropy": 0.0, "original_loss": 0.013267154805362225, "mean_length": 6.0}
{"mode": "train", "epoch": 41, "loss": 0.6893168040684291, "acc": 0.8861320061343056, "acc_or": 0.9699948259762355, "sender_entropy": 0.7035717623574393, "receiver_entropy": 0.0, "original_loss": 0.08569401279091834, "mean_length": 6.000000006811959}
{"mode": "test", "epoch": 41, "loss": 0.6295925378799438, "acc": 0.9905165433883667, "acc_or": 0.9976291656494141, "sender_entropy": 0.74349445104599, "receiver_entropy": 0.0, "original_loss": 0.014188887551426888, "mean_length": 6.0}
{"mode": "train", "epoch": 42, "loss": 0.6728823585169655, "acc": 0.8888026441846575, "acc_or": 0.9707607984542846, "sender_entropy": 0.7026824423245022, "receiver_entropy": 0.0, "original_loss": 0.08372676276734897, "mean_length": 6.000000006811959}
{"mode": "test", "epoch": 42, "loss": 0.6286831498146057, "acc": 0.9928874373435974, "acc_or": 0.9982218742370605, "sender_entropy": 0.7385227084159851, "receiver_entropy": 0.0, "original_loss": 0.01248091459274292, "mean_length": 6.0}
{"mode": "train", "epoch": 43, "loss": 0.6571418396064214, "acc": 0.8928660137312753, "acc_or": 0.9717962435313634, "sender_entropy": 0.704180519069944, "receiver_entropy": 0.0, "original_loss": 0.0814831582563264, "mean_length": 6.000000006811959}
{"mode": "test", "epoch": 43, "loss": 0.6238304972648621, "acc": 0.9969517588615417, "acc_or": 0.9992379546165466, "sender_entropy": 0.7465445399284363, "receiver_entropy": 0.0, "original_loss": 0.009726595133543015, "mean_length": 6.0}
{"mode": "train", "epoch": 44, "loss": 0.6468428935323443, "acc": 0.8977373940604073, "acc_or": 0.973093581199646, "sender_entropy": 0.7010816310133253, "receiver_entropy": 0.0, "original_loss": 0.07767269355910165, "mean_length": 6.000000006811959}
{"mode": "test", "epoch": 44, "loss": 0.6046456098556519, "acc": 0.9957663416862488, "acc_or": 0.9989416003227234, "sender_entropy": 0.734071671962738, "receiver_entropy": 0.0, "original_loss": 0.010029257275164127, "mean_length": 6.0}
{"mode": "train", "epoch": 45, "loss": 0.6255663011755263, "acc": 0.8981955340930394, "acc_or": 0.9733009023325784, "sender_entropy": 0.7024235844612121, "receiver_entropy": 0.0, "original_loss": 0.0773035962666784, "mean_length": 6.000000006811959}
{"mode": "test", "epoch": 45, "loss": 0.5866537094116211, "acc": 0.9962743520736694, "acc_or": 0.9990686178207397, "sender_entropy": 0.7374078631401062, "receiver_entropy": 0.0, "original_loss": 0.009908780455589294, "mean_length": 6.0}
{"mode": "train", "epoch": 46, "loss": 0.613742972271783, "acc": 0.9017443111964635, "acc_or": 0.974183201789856, "sender_entropy": 0.7041041467870984, "receiver_entropy": 0.0, "original_loss": 0.07503157832792827, "mean_length": 6.000000006811959}
{"mode": "test", "epoch": 46, "loss": 0.5831388235092163, "acc": 0.9967824220657349, "acc_or": 0.9991956353187561, "sender_entropy": 0.7321430444717407, "receiver_entropy": 0.0, "original_loss": 0.009492469020187855, "mean_length": 6.0}
{"mode": "train", "epoch": 47, "loss": 0.6050172686576843, "acc": 0.9061223753861019, "acc_or": 0.9754053805555616, "sender_entropy": 0.7036891443388803, "receiver_entropy": 0.0, "original_loss": 0.07201949432492256, "mean_length": 6.000000006811959}
{"mode": "test", "epoch": 47, "loss": 0.5745837688446045, "acc": 0.9964437484741211, "acc_or": 0.9991109371185303, "sender_entropy": 0.7343311309814453, "receiver_entropy": 0.0, "original_loss": 0.00938929058611393, "mean_length": 6.0}
{"mode": "train", "epoch": 48, "loss": 0.5910355014460428, "acc": 0.9074891822678702, "acc_or": 0.9757917651108333, "sender_entropy": 0.7055391396795, "receiver_entropy": 0.0, "original_loss": 0.07120637510504041, "mean_length": 6.000000006811959}
{"mode": "test", "epoch": 48, "loss": 0.5707100033760071, "acc": 0.9964437484741211, "acc_or": 0.9991109371185303, "sender_entropy": 0.7477357387542725, "receiver_entropy": 0.0, "original_loss": 0.00969554204493761, "mean_length": 6.0}
{"mode": "train", "epoch": 49, "loss": 0.5752446872847421, "acc": 0.9100339301994869, "acc_or": 0.9764524008546557, "sender_entropy": 0.7070826138768878, "receiver_entropy": 0.0, "original_loss": 0.06970302824463163, "mean_length": 6.000000006811959}
{"mode": "test", "epoch": 49, "loss": 0.5574131011962891, "acc": 0.9954276084899902, "acc_or": 0.9988569021224976, "sender_entropy": 0.7392218112945557, "receiver_entropy": 0.0, "original_loss": 0.00920094270259142, "mean_length": 6.0}
{"mode": "train", "epoch": 50, "loss": 0.5664281785488129, "acc": 0.9129924501691545, "acc_or": 0.9772714938436236, "sender_entropy": 0.7072594114712306, "receiver_entropy": 0.0, "original_loss": 0.0677330565239702, "mean_length": 6.000000006811959}
{"mode": "test", "epoch": 50, "loss": 0.547198474407196, "acc": 0.9976291656494141, "acc_or": 0.9994072914123535, "sender_entropy": 0.7293555736541748, "receiver_entropy": 0.0, "original_loss": 0.007697151042521, "mean_length": 6.0}
{"mode": "train", "epoch": 51, "loss": 0.5582440231527601, "acc": 0.9165167238031114, "acc_or": 0.9782342297690255, "sender_entropy": 0.7063794936452593, "receiver_entropy": 0.0, "original_loss": 0.0653726326567786, "mean_length": 6.000000006811959}
{"mode": "test", "epoch": 51, "loss": 0.530006468296051, "acc": 0.9954276084899902, "acc_or": 0.9988569021224976, "sender_entropy": 0.728122889995575, "receiver_entropy": 0.0, "original_loss": 0.008588363416492939, "mean_length": 6.0}
{"mode": "train", "epoch": 52, "loss": 0.548179657118661, "acc": 0.9185586392879486, "acc_or": 0.9787321363176619, "sender_entropy": 0.7080506537641797, "receiver_entropy": 0.0, "original_loss": 0.06378110466258867, "mean_length": 6.000000006811959}
{"mode": "test", "epoch": 52, "loss": 0.5354220271110535, "acc": 0.9979678392410278, "acc_or": 0.9994919896125793, "sender_entropy": 0.7436965703964233, "receiver_entropy": 0.0, "original_loss": 0.007064302917569876, "mean_length": 6.0}
{"mode": "train", "epoch": 53, "loss": 0.5440018670899528, "acc": 0.9215447877134596, "acc_or": 0.9795177519321442, "sender_entropy": 0.7099531539848872, "receiver_entropy": 0.0, "original_loss": 0.061254266702703064, "mean_length": 6.000000006811959}
{"mode": "test", "epoch": 53, "loss": 0.5249332785606384, "acc": 0.9984759092330933, "acc_or": 0.9996190071105957, "sender_entropy": 0.7424476146697998, "receiver_entropy": 0.0, "original_loss": 0.0070636882446706295, "mean_length": 6.0}
{"mode": "train", "epoch": 54, "loss": 0.5275296326194491, "acc": 0.9233134337833949, "acc_or": 0.9799877021993909, "sender_entropy": 0.7113639226981572, "receiver_entropy": 0.0, "original_loss": 0.06098206735083035, "mean_length": 6.000000006811959}
{"mode": "test", "epoch": 54, "loss": 0.5175646543502808, "acc": 0.9962743520736694, "acc_or": 0.9990686178207397, "sender_entropy": 0.7407351732254028, "receiver_entropy": 0.0, "original_loss": 0.008004680275917053, "mean_length": 6.0}
{"mode": "train", "epoch": 55, "loss": 0.525578795160566, "acc": 0.9280795514583587, "acc_or": 0.9812685711043222, "sender_entropy": 0.7093557017190116, "receiver_entropy": 0.0, "original_loss": 0.05719573465841157, "mean_length": 6.000000006811959}
{"mode": "test", "epoch": 55, "loss": 0.5179184675216675, "acc": 0.9989839196205139, "acc_or": 0.9997460246086121, "sender_entropy": 0.732997477054596, "receiver_entropy": 0.0, "original_loss": 0.005807763896882534, "mean_length": 6.0}
{"mode": "train", "epoch": 56, "loss": 0.5240599985633577, "acc": 0.9328597247600555, "acc_or": 0.9825459701674325, "sender_entropy": 0.7107708224228451, "receiver_entropy": 0.0, "original_loss": 0.054244225312556536, "mean_length": 6.000000006811959}
{"mode": "test", "epoch": 56, "loss": 0.507660448551178, "acc": 0.9983065724372864, "acc_or": 0.9995766878128052, "sender_entropy": 0.7372360229492188, "receiver_entropy": 0.0, "original_loss": 0.005739839747548103, "mean_length": 6.0}
{"mode": "train", "epoch": 57, "loss": 0.5213213626827512, "acc": 0.936603821175439, "acc_or": 0.9835517576762608, "sender_entropy": 0.7116279925618852, "receiver_entropy": 0.0, "original_loss": 0.05148533534790788, "mean_length": 6.000000006811959}
{"mode": "test", "epoch": 57, "loss": 0.5042746067047119, "acc": 0.9984759092330933, "acc_or": 0.9996190071105957, "sender_entropy": 0.7400282025337219, "receiver_entropy": 0.0, "original_loss": 0.006195444613695145, "mean_length": 6.0}
{"mode": "train", "epoch": 58, "loss": 0.518084066254752, "acc": 0.9402039655617305, "acc_or": 0.9844636312552861, "sender_entropy": 0.7122701968465532, "receiver_entropy": 0.0, "original_loss": 0.04910392862345491, "mean_length": 6.000000006811959}
{"mode": "test", "epoch": 58, "loss": 0.4928816854953766, "acc": 0.9974598288536072, "acc_or": 0.999364972114563, "sender_entropy": 0.7318247556686401, "receiver_entropy": 0.0, "original_loss": 0.0057796332985162735, "mean_length": 6.0}
{"mode": "train", "epoch": 59, "loss": 0.5138843131916864, "acc": 0.9440006392342704, "acc_or": 0.9854707181453705, "sender_entropy": 0.7109614891665322, "receiver_entropy": 0.0, "original_loss": 0.04658834582992962, "mean_length": 6.000000006811959}
{"mode": "test", "epoch": 59, "loss": 0.49640512466430664, "acc": 0.9989839196205139, "acc_or": 0.9997460246086121, "sender_entropy": 0.7362158894538879, "receiver_entropy": 0.0, "original_loss": 0.004964401479810476, "mean_length": 6.0}
{"mode": "train", "epoch": 60, "loss": 0.5105828076601029, "acc": 0.9467108317783901, "acc_or": 0.9862243124416896, "sender_entropy": 0.714001167672021, "receiver_entropy": 0.0, "original_loss": 0.04466946135674204, "mean_length": 6.000000006811959}
{"mode": "test", "epoch": 60, "loss": 0.4959302544593811, "acc": 0.9989839196205139, "acc_or": 0.9997460246086121, "sender_entropy": 0.7454097867012024, "receiver_entropy": 0.0, "original_loss": 0.0047214338555932045, "mean_length": 6.0}
{"mode": "train", "epoch": 61, "loss": 0.5069461068936757, "acc": 0.94901037471635, "acc_or": 0.98685987165996, "sender_entropy": 0.7141651145049503, "receiver_entropy": 0.0, "original_loss": 0.0427978940308094, "mean_length": 6.000000006811959}
{"mode": "test", "epoch": 61, "loss": 0.4754643440246582, "acc": 0.9983065724372864, "acc_or": 0.9995766878128052, "sender_entropy": 0.7392728924751282, "receiver_entropy": 0.0, "original_loss": 0.004986719693988562, "mean_length": 6.0}
{"mode": "train", "epoch": 62, "loss": 0.5060086471693857, "acc": 0.9525527519839151, "acc_or": 0.9877586901187897, "sender_entropy": 0.7145054851259504, "receiver_entropy": 0.0, "original_loss": 0.04015801953417914, "mean_length": 6.000000006811959}
{"mode": "test", "epoch": 62, "loss": 0.4733850955963135, "acc": 0.9994919896125793, "acc_or": 0.9998730421066284, "sender_entropy": 0.7356939315795898, "receiver_entropy": 0.0, "original_loss": 0.004091389011591673, "mean_length": 6.0}
{"mode": "train", "epoch": 63, "loss": 0.49522141558783395, "acc": 0.9534378962857383, "acc_or": 0.9879807037966591, "sender_entropy": 0.7142818817070552, "receiver_entropy": 0.0, "original_loss": 0.0395093563411917, "mean_length": 6.000000006811959}
{"mode": "test", "epoch": 63, "loss": 0.46401873230934143, "acc": 0.9983065724372864, "acc_or": 0.9995766878128052, "sender_entropy": 0.7314128875732422, "receiver_entropy": 0.0, "original_loss": 0.004596602637320757, "mean_length": 6.0}
{"mode": "train", "epoch": 64, "loss": 0.4938216081687382, "acc": 0.9555107269968305, "acc_or": 0.988528904744557, "sender_entropy": 0.715834494147982, "receiver_entropy": 0.0, "original_loss": 0.037670623457857544, "mean_length": 6.000000006811959}
{"mode": "test", "epoch": 64, "loss": 0.4554840326309204, "acc": 0.9994919896125793, "acc_or": 0.9998730421066284, "sender_entropy": 0.7302208542823792, "receiver_entropy": 0.0, "original_loss": 0.003845005063340068, "mean_length": 6.0}
{"mode": "train", "epoch": 65, "loss": 0.49017238191195894, "acc": 0.9587311370032174, "acc_or": 0.9893856389181954, "sender_entropy": 0.7164203090327127, "receiver_entropy": 0.0, "original_loss": 0.03551881861473833, "mean_length": 6.000000006811959}
{"mode": "test", "epoch": 65, "loss": 0.4538750946521759, "acc": 0.9998306632041931, "acc_or": 0.9999576807022095, "sender_entropy": 0.7313652634620667, "receiver_entropy": 0.0, "original_loss": 0.003606226295232773, "mean_length": 6.0}
{"mode": "train", "epoch": 66, "loss": 0.48485402507441383, "acc": 0.9606004493577139, "acc_or": 0.9898355288164956, "sender_entropy": 0.7173275027956282, "receiver_entropy": 0.0, "original_loss": 0.03407151254692248, "mean_length": 6.000000006811959}
{"mode": "test", "epoch": 66, "loss": 0.44618409872055054, "acc": 0.9991533160209656, "acc_or": 0.9997883439064026, "sender_entropy": 0.7322289347648621, "receiver_entropy": 0.0, "original_loss": 0.0035607318859547377, "mean_length": 6.0}
{"mode": "train", "epoch": 67, "loss": 0.4824293379272733, "acc": 0.9630248410361154, "acc_or": 0.990468133347375, "sender_entropy": 0.7193500501768929, "receiver_entropy": 0.0, "original_loss": 0.03233043080461877, "mean_length": 6.000000006811959}
{"mode": "test", "epoch": 67, "loss": 0.44531121850013733, "acc": 0.9994919896125793, "acc_or": 0.9998730421066284, "sender_entropy": 0.7425843477249146, "receiver_entropy": 0.0, "original_loss": 0.0035742977634072304, "mean_length": 6.0}
{"mode": "train", "epoch": 68, "loss": 0.4818280782018389, "acc": 0.966231734412057, "acc_or": 0.991328455720629, "sender_entropy": 0.720231112412044, "receiver_entropy": 0.0, "original_loss": 0.030141919957739967, "mean_length": 6.000000006811959}
{"mode": "test", "epoch": 68, "loss": 0.4377528131008148, "acc": 1.0, "acc_or": 1.0, "sender_entropy": 0.7405306696891785, "receiver_entropy": 0.0, "original_loss": 0.00303496397100389, "mean_length": 6.0}
{"epoch": 68, "positional_disent": 0.11543023586273193, "bag_of_symbol_disent": 0.040733274072408676, "topographic_sim": 0.24000464768050234}
{"generalization hold out": {"acc": 0.9650205969810486, "acc_or": 0.9883401989936829}, "uniform holdout": {"acc": 0.9954267740249634, "acc_or": 0.9988566637039185}, "epoch": 68}
---End--
