nohup: ignoring input
{"mode": "train", "epoch": 1, "loss": -30.672409057617188, "acc": 0.00707762548699975, "acc_or": 0.08984018117189407, "sender_entropy": 2.3015198707580566, "receiver_entropy": 0.0, "original_loss": 2.305061101913452, "mean_length": 6.0}
{"mode": "test", "epoch": 1, "loss": 1.4923378229141235, "acc": 0.0, "acc_or": 0.07534246146678925, "sender_entropy": 2.3006277084350586, "receiver_entropy": 0.0, "original_loss": 2.277534246444702, "mean_length": 6.0}
{"mode": "train", "epoch": 2, "loss": 1.4172344207763672, "acc": 0.012100456282496452, "acc_or": 0.11666666716337204, "sender_entropy": 2.3008530139923096, "receiver_entropy": 0.0, "original_loss": 2.284529447555542, "mean_length": 6.0}
{"mode": "test", "epoch": 2, "loss": 1.576552391052246, "acc": 0.0, "acc_or": 0.09589041024446487, "sender_entropy": 2.299750566482544, "receiver_entropy": 0.0, "original_loss": 2.2594587802886963, "mean_length": 6.0}
{"mode": "train", "epoch": 3, "loss": 1.5132697820663452, "acc": 0.012100456282496452, "acc_or": 0.12157534062862396, "sender_entropy": 2.2999930381774902, "receiver_entropy": 0.0, "original_loss": 2.265979528427124, "mean_length": 6.0}
{"mode": "test", "epoch": 3, "loss": 1.6810500621795654, "acc": 0.013698630034923553, "acc_or": 0.12328767031431198, "sender_entropy": 2.2991104125976562, "receiver_entropy": 0.0, "original_loss": 2.240302562713623, "mean_length": 6.0}
{"mode": "train", "epoch": 4, "loss": 1.5948004722595215, "acc": 0.01278538815677166, "acc_or": 0.1246575340628624, "sender_entropy": 2.299346923828125, "receiver_entropy": 0.0, "original_loss": 2.249253988265991, "mean_length": 6.0}
{"mode": "test", "epoch": 4, "loss": 1.7524391412734985, "acc": 0.013698630034923553, "acc_or": 0.13698630034923553, "sender_entropy": 2.2987914085388184, "receiver_entropy": 0.0, "original_loss": 2.224557638168335, "mean_length": 6.0}
{"mode": "train", "epoch": 5, "loss": 1.6835179328918457, "acc": 0.015296803787350655, "acc_or": 0.1256849318742752, "sender_entropy": 2.299004077911377, "receiver_entropy": 0.0, "original_loss": 2.232631206512451, "mean_length": 6.0}
{"mode": "test", "epoch": 5, "loss": 1.778173804283142, "acc": 0.013698630034923553, "acc_or": 0.1438356190919876, "sender_entropy": 2.2989046573638916, "receiver_entropy": 0.0, "original_loss": 2.21319580078125, "mean_length": 6.0}
{"mode": "train", "epoch": 6, "loss": 1.7494103908538818, "acc": 0.01392694003880024, "acc_or": 0.12408675253391266, "sender_entropy": 2.2988877296447754, "receiver_entropy": 0.0, "original_loss": 2.2180497646331787, "mean_length": 6.0}
{"mode": "test", "epoch": 6, "loss": 1.776656150817871, "acc": 0.013698630034923553, "acc_or": 0.1506849229335785, "sender_entropy": 2.298866033554077, "receiver_entropy": 0.0, "original_loss": 2.2042949199676514, "mean_length": 6.0}
{"mode": "train", "epoch": 7, "loss": 1.7447326183319092, "acc": 0.014840182848274708, "acc_or": 0.12442921847105026, "sender_entropy": 2.2988712787628174, "receiver_entropy": 0.0, "original_loss": 2.2096500396728516, "mean_length": 6.0}
{"mode": "test", "epoch": 7, "loss": 1.830369234085083, "acc": 0.04109589010477066, "acc_or": 0.2054794430732727, "sender_entropy": 2.298990488052368, "receiver_entropy": 0.0, "original_loss": 2.1920325756073, "mean_length": 6.0}
{"mode": "train", "epoch": 8, "loss": 1.768362045288086, "acc": 0.013013698160648346, "acc_or": 0.12157534062862396, "sender_entropy": 2.2989635467529297, "receiver_entropy": 0.0, "original_loss": 2.20003080368042, "mean_length": 6.0}
{"mode": "test", "epoch": 8, "loss": 1.882224678993225, "acc": 0.013698630034923553, "acc_or": 0.17123287916183472, "sender_entropy": 2.2990529537200928, "receiver_entropy": 0.0, "original_loss": 2.1805782318115234, "mean_length": 6.0}
{"mode": "train", "epoch": 9, "loss": 1.740159273147583, "acc": 0.011643835343420506, "acc_or": 0.12066210061311722, "sender_entropy": 2.299043893814087, "receiver_entropy": 0.0, "original_loss": 2.1952755451202393, "mean_length": 6.0}
{"mode": "test", "epoch": 9, "loss": 1.806548833847046, "acc": 0.013698630034923553, "acc_or": 0.17123287916183472, "sender_entropy": 2.2991061210632324, "receiver_entropy": 0.0, "original_loss": 2.181025981903076, "mean_length": 6.0}
{"mode": "train", "epoch": 10, "loss": 1.6693854331970215, "acc": 0.011187214404344559, "acc_or": 0.11518264561891556, "sender_entropy": 2.2990989685058594, "receiver_entropy": 0.0, "original_loss": 2.1947546005249023, "mean_length": 6.0}
{"mode": "test", "epoch": 10, "loss": 1.7840105295181274, "acc": 0.013698630034923553, "acc_or": 0.15753424167633057, "sender_entropy": 2.2992117404937744, "receiver_entropy": 0.0, "original_loss": 2.1781716346740723, "mean_length": 6.0}
{"mode": "train", "epoch": 11, "loss": 1.6260416507720947, "acc": 0.013242009095847607, "acc_or": 0.12625570595264435, "sender_entropy": 2.299112319946289, "receiver_entropy": 0.0, "original_loss": 2.193242073059082, "mean_length": 6.0}
{"mode": "test", "epoch": 11, "loss": 1.7858048677444458, "acc": 0.04109589010477066, "acc_or": 0.2054794430732727, "sender_entropy": 2.299173593521118, "receiver_entropy": 0.0, "original_loss": 2.1735053062438965, "mean_length": 6.0}
{"mode": "train", "epoch": 12, "loss": 1.587348461151123, "acc": 0.01392694003880024, "acc_or": 0.12294520437717438, "sender_entropy": 2.2990825176239014, "receiver_entropy": 0.0, "original_loss": 2.192112922668457, "mean_length": 6.0}
{"mode": "test", "epoch": 12, "loss": 1.7934348583221436, "acc": 0.06849315017461777, "acc_or": 0.25342464447021484, "sender_entropy": 2.2990903854370117, "receiver_entropy": 0.0, "original_loss": 2.1688477993011475, "mean_length": 6.0}
{"mode": "train", "epoch": 13, "loss": 1.5344672203063965, "acc": 0.0141552509739995, "acc_or": 0.12591323256492615, "sender_entropy": 2.299053907394409, "receiver_entropy": 0.0, "original_loss": 2.1926331520080566, "mean_length": 6.0}
{"mode": "test", "epoch": 13, "loss": 1.7932549715042114, "acc": 0.06849315017461777, "acc_or": 0.2397260218858719, "sender_entropy": 2.299027681350708, "receiver_entropy": 0.0, "original_loss": 2.1658565998077393, "mean_length": 6.0}
{"mode": "train", "epoch": 14, "loss": 1.4991495609283447, "acc": 0.013470319099724293, "acc_or": 0.12385844439268112, "sender_entropy": 2.299018144607544, "receiver_entropy": 0.0, "original_loss": 2.1924750804901123, "mean_length": 6.0}
{"mode": "test", "epoch": 14, "loss": 1.751638412475586, "acc": 0.027397260069847107, "acc_or": 0.19178082048892975, "sender_entropy": 2.299002170562744, "receiver_entropy": 0.0, "original_loss": 2.1664888858795166, "mean_length": 6.0}
{"mode": "train", "epoch": 15, "loss": 1.4794578552246094, "acc": 0.013470319099724293, "acc_or": 0.12739725410938263, "sender_entropy": 2.298999547958374, "receiver_entropy": 0.0, "original_loss": 2.19140625, "mean_length": 6.0}
{"mode": "test", "epoch": 15, "loss": 1.7766612768173218, "acc": 0.027397260069847107, "acc_or": 0.21232876181602478, "sender_entropy": 2.2989208698272705, "receiver_entropy": 0.0, "original_loss": 2.16208815574646, "mean_length": 6.0}
{"mode": "train", "epoch": 16, "loss": 1.4602746963500977, "acc": 0.014840182848274708, "acc_or": 0.12956620752811432, "sender_entropy": 2.2989580631256104, "receiver_entropy": 0.0, "original_loss": 2.1906449794769287, "mean_length": 6.0}
{"mode": "test", "epoch": 16, "loss": 1.8666205406188965, "acc": 0.04109589010477066, "acc_or": 0.232876718044281, "sender_entropy": 2.2988264560699463, "receiver_entropy": 0.0, "original_loss": 2.152522563934326, "mean_length": 6.0}
{"mode": "train", "epoch": 17, "loss": 1.4409985542297363, "acc": 0.0141552509739995, "acc_or": 0.12659816443920135, "sender_entropy": 2.298941135406494, "receiver_entropy": 0.0, "original_loss": 2.190065383911133, "mean_length": 6.0}
{"mode": "test", "epoch": 17, "loss": 1.9090938568115234, "acc": 0.04109589010477066, "acc_or": 0.22602739930152893, "sender_entropy": 2.2987678050994873, "receiver_entropy": 0.0, "original_loss": 2.146894931793213, "mean_length": 6.0}
{"mode": "train", "epoch": 18, "loss": 1.4209318161010742, "acc": 0.013698630034923553, "acc_or": 0.12945204973220825, "sender_entropy": 2.2989466190338135, "receiver_entropy": 0.0, "original_loss": 2.189786434173584, "mean_length": 6.0}
{"mode": "test", "epoch": 18, "loss": 1.9387215375900269, "acc": 0.06849315017461777, "acc_or": 0.28082191944122314, "sender_entropy": 2.2988264560699463, "receiver_entropy": 0.0, "original_loss": 2.142534017562866, "mean_length": 6.0}
{"mode": "train", "epoch": 19, "loss": 1.4092174768447876, "acc": 0.015753423795104027, "acc_or": 0.13242009282112122, "sender_entropy": 2.298994541168213, "receiver_entropy": 0.0, "original_loss": 2.188974380493164, "mean_length": 6.0}
{"mode": "test", "epoch": 19, "loss": 1.9565439224243164, "acc": 0.054794520139694214, "acc_or": 0.27397260069847107, "sender_entropy": 2.298940896987915, "receiver_entropy": 0.0, "original_loss": 2.1395912170410156, "mean_length": 6.0}
{"mode": "train", "epoch": 20, "loss": 1.3901848793029785, "acc": 0.01552511379122734, "acc_or": 0.13378995656967163, "sender_entropy": 2.299057722091675, "receiver_entropy": 0.0, "original_loss": 2.1888697147369385, "mean_length": 6.0}
{"mode": "test", "epoch": 20, "loss": 2.050755500793457, "acc": 0.09589041024446487, "acc_or": 0.31506848335266113, "sender_entropy": 2.298983335494995, "receiver_entropy": 0.0, "original_loss": 2.1305227279663086, "mean_length": 6.0}
{"mode": "train", "epoch": 21, "loss": 1.3764410018920898, "acc": 0.015981735661625862, "acc_or": 0.1288812756538391, "sender_entropy": 2.299081802368164, "receiver_entropy": 0.0, "original_loss": 2.1885569095611572, "mean_length": 6.0}
{"mode": "test", "epoch": 21, "loss": 2.0754528045654297, "acc": 0.10958904027938843, "acc_or": 0.30821916460990906, "sender_entropy": 2.298969268798828, "receiver_entropy": 0.0, "original_loss": 2.1273436546325684, "mean_length": 6.0}
{"mode": "train", "epoch": 22, "loss": 1.3684953451156616, "acc": 0.01666666567325592, "acc_or": 0.13367579877376556, "sender_entropy": 2.2991127967834473, "receiver_entropy": 0.0, "original_loss": 2.187915325164795, "mean_length": 6.0}
{"mode": "test", "epoch": 22, "loss": 2.143587589263916, "acc": 0.06849315017461777, "acc_or": 0.31506848335266113, "sender_entropy": 2.2989745140075684, "receiver_entropy": 0.0, "original_loss": 2.1204323768615723, "mean_length": 6.0}
{"mode": "train", "epoch": 23, "loss": 1.3595702648162842, "acc": 0.01826483942568302, "acc_or": 0.13595889508724213, "sender_entropy": 2.299118757247925, "receiver_entropy": 0.0, "original_loss": 2.187340259552002, "mean_length": 6.0}
{"mode": "test", "epoch": 23, "loss": 2.2675037384033203, "acc": 0.09589041024446487, "acc_or": 0.3561643958091736, "sender_entropy": 2.298928737640381, "receiver_entropy": 0.0, "original_loss": 2.108842372894287, "mean_length": 6.0}
{"mode": "train", "epoch": 24, "loss": 1.348644733428955, "acc": 0.019863013178110123, "acc_or": 0.13869862258434296, "sender_entropy": 2.299058675765991, "receiver_entropy": 0.0, "original_loss": 2.1870477199554443, "mean_length": 6.0}
{"mode": "test", "epoch": 24, "loss": 2.358013153076172, "acc": 0.08219178020954132, "acc_or": 0.3493150770664215, "sender_entropy": 2.2988059520721436, "receiver_entropy": 0.0, "original_loss": 2.0999960899353027, "mean_length": 6.0}
{"mode": "train", "epoch": 25, "loss": 1.3404053449630737, "acc": 0.01780821941792965, "acc_or": 0.13698630034923553, "sender_entropy": 2.2989490032196045, "receiver_entropy": 0.0, "original_loss": 2.186638832092285, "mean_length": 6.0}
{"mode": "test", "epoch": 25, "loss": 2.460829496383667, "acc": 0.09589041024446487, "acc_or": 0.34246575832366943, "sender_entropy": 2.2985734939575195, "receiver_entropy": 0.0, "original_loss": 2.0902695655822754, "mean_length": 6.0}
{"mode": "train", "epoch": 26, "loss": 1.3445966243743896, "acc": 0.015981735661625862, "acc_or": 0.14166666567325592, "sender_entropy": 2.2987558841705322, "receiver_entropy": 0.0, "original_loss": 2.185288667678833, "mean_length": 6.0}
{"mode": "test", "epoch": 26, "loss": 2.591856002807617, "acc": 0.10958904027938843, "acc_or": 0.36986300349235535, "sender_entropy": 2.298314332962036, "receiver_entropy": 0.0, "original_loss": 2.078320264816284, "mean_length": 6.0}
{"mode": "train", "epoch": 27, "loss": 1.3459382057189941, "acc": 0.017351597547531128, "acc_or": 0.14474885165691376, "sender_entropy": 2.298482894897461, "receiver_entropy": 0.0, "original_loss": 2.184156894683838, "mean_length": 6.0}
{"mode": "test", "epoch": 27, "loss": 2.7141551971435547, "acc": 0.10958904027938843, "acc_or": 0.36986300349235535, "sender_entropy": 2.2979116439819336, "receiver_entropy": 0.0, "original_loss": 2.0666792392730713, "mean_length": 6.0}
{"mode": "train", "epoch": 28, "loss": 1.3368964195251465, "acc": 0.02168949693441391, "acc_or": 0.13858447968959808, "sender_entropy": 2.2980916500091553, "receiver_entropy": 0.0, "original_loss": 2.1838510036468506, "mean_length": 6.0}
{"mode": "test", "epoch": 28, "loss": 2.841977596282959, "acc": 0.10958904027938843, "acc_or": 0.3561643958091736, "sender_entropy": 2.297391414642334, "receiver_entropy": 0.0, "original_loss": 2.0540964603424072, "mean_length": 6.0}
{"mode": "train", "epoch": 29, "loss": 1.3308441638946533, "acc": 0.02168949693441391, "acc_or": 0.14805935323238373, "sender_entropy": 2.2975356578826904, "receiver_entropy": 0.0, "original_loss": 2.1833395957946777, "mean_length": 6.0}
{"mode": "test", "epoch": 29, "loss": 2.982020854949951, "acc": 0.12328767031431198, "acc_or": 0.3493150770664215, "sender_entropy": 2.2965657711029053, "receiver_entropy": 0.0, "original_loss": 2.039872646331787, "mean_length": 6.0}
{"mode": "train", "epoch": 30, "loss": 1.3271090984344482, "acc": 0.020776255056262016, "acc_or": 0.15057078003883362, "sender_entropy": 2.296708345413208, "receiver_entropy": 0.0, "original_loss": 2.1826725006103516, "mean_length": 6.0}
{"mode": "test", "epoch": 30, "loss": 3.1205930709838867, "acc": 0.09589041024446487, "acc_or": 0.30821916460990906, "sender_entropy": 2.295396327972412, "receiver_entropy": 0.0, "original_loss": 2.0251851081848145, "mean_length": 6.0}
{"mode": "train", "epoch": 31, "loss": 1.367369532585144, "acc": 0.023059360682964325, "acc_or": 0.15479451417922974, "sender_entropy": 2.295563220977783, "receiver_entropy": 0.0, "original_loss": 2.1784324645996094, "mean_length": 6.0}
{"mode": "test", "epoch": 31, "loss": 3.290217399597168, "acc": 0.12328767031431198, "acc_or": 0.3493150770664215, "sender_entropy": 2.293621301651001, "receiver_entropy": 0.0, "original_loss": 2.0067191123962402, "mean_length": 6.0}
{"mode": "train", "epoch": 32, "loss": 1.378656268119812, "acc": 0.019634703174233437, "acc_or": 0.1584474891424179, "sender_entropy": 2.293745994567871, "receiver_entropy": 0.0, "original_loss": 2.1765599250793457, "mean_length": 6.0}
{"mode": "test", "epoch": 32, "loss": 3.408604621887207, "acc": 0.10958904027938843, "acc_or": 0.3493150770664215, "sender_entropy": 2.290818214416504, "receiver_entropy": 0.0, "original_loss": 1.9910248517990112, "mean_length": 6.0}
{"mode": "train", "epoch": 33, "loss": 1.4256664514541626, "acc": 0.016894977539777756, "acc_or": 0.1545662134885788, "sender_entropy": 2.290982723236084, "receiver_entropy": 0.0, "original_loss": 2.1714210510253906, "mean_length": 6.0}
{"mode": "test", "epoch": 33, "loss": 3.5152230262756348, "acc": 0.10958904027938843, "acc_or": 0.33561643958091736, "sender_entropy": 2.286348819732666, "receiver_entropy": 0.0, "original_loss": 1.9741541147232056, "mean_length": 6.0}
{"mode": "train", "epoch": 34, "loss": 1.4896844625473022, "acc": 0.025342464447021484, "acc_or": 0.16495433449745178, "sender_entropy": 2.2865467071533203, "receiver_entropy": 0.0, "original_loss": 2.165038585662842, "mean_length": 6.0}
{"mode": "test", "epoch": 34, "loss": 3.6862072944641113, "acc": 0.09589041024446487, "acc_or": 0.3561643958091736, "sender_entropy": 2.2796988487243652, "receiver_entropy": 0.0, "original_loss": 1.9498366117477417, "mean_length": 6.0}
{"mode": "train", "epoch": 35, "loss": 1.5643771886825562, "acc": 0.023515980690717697, "acc_or": 0.17283104360103607, "sender_entropy": 2.2799596786499023, "receiver_entropy": 0.0, "original_loss": 2.1571359634399414, "mean_length": 6.0}
{"mode": "test", "epoch": 35, "loss": 3.8763632774353027, "acc": 0.09589041024446487, "acc_or": 0.3561643958091736, "sender_entropy": 2.2698705196380615, "receiver_entropy": 0.0, "original_loss": 1.920871615409851, "mean_length": 6.0}
{"mode": "train", "epoch": 36, "loss": 1.7018269300460815, "acc": 0.029223743826150894, "acc_or": 0.18789954483509064, "sender_entropy": 2.2699880599975586, "receiver_entropy": 0.0, "original_loss": 2.1430182456970215, "mean_length": 6.0}
{"mode": "test", "epoch": 36, "loss": 4.0368146896362305, "acc": 0.09589041024446487, "acc_or": 0.3493150770664215, "sender_entropy": 2.2538247108459473, "receiver_entropy": 0.0, "original_loss": 1.889594316482544, "mean_length": 6.0}
{"mode": "train", "epoch": 37, "loss": 1.8861477375030518, "acc": 0.030365295708179474, "acc_or": 0.1940639168024063, "sender_entropy": 2.25325870513916, "receiver_entropy": 0.0, "original_loss": 2.1236579418182373, "mean_length": 6.0}
{"mode": "test", "epoch": 37, "loss": 4.115530967712402, "acc": 0.10958904027938843, "acc_or": 0.3493150770664215, "sender_entropy": 2.228454113006592, "receiver_entropy": 0.0, "original_loss": 1.859485149383545, "mean_length": 6.0}
{"mode": "train", "epoch": 38, "loss": 2.175621509552002, "acc": 0.03493150696158409, "acc_or": 0.21849314868450165, "sender_entropy": 2.227783441543579, "receiver_entropy": 0.0, "original_loss": 2.092681646347046, "mean_length": 6.0}
{"mode": "test", "epoch": 38, "loss": 4.072051525115967, "acc": 0.10958904027938843, "acc_or": 0.34246575832366943, "sender_entropy": 2.190640687942505, "receiver_entropy": 0.0, "original_loss": 1.834974765777588, "mean_length": 6.0}
{"mode": "train", "epoch": 39, "loss": 2.5248751640319824, "acc": 0.03995433822274208, "acc_or": 0.22557076811790466, "sender_entropy": 2.18966007232666, "receiver_entropy": 0.0, "original_loss": 2.053183078765869, "mean_length": 6.0}
{"mode": "test", "epoch": 39, "loss": 3.891970634460449, "acc": 0.09589041024446487, "acc_or": 0.3493150770664215, "sender_entropy": 2.1516306400299072, "receiver_entropy": 0.0, "original_loss": 1.8237630128860474, "mean_length": 6.0}
{"mode": "train", "epoch": 40, "loss": 2.901446580886841, "acc": 0.04634702950716019, "acc_or": 0.24383561313152313, "sender_entropy": 2.1505417823791504, "receiver_entropy": 0.0, "original_loss": 2.005645751953125, "mean_length": 6.0}
{"mode": "test", "epoch": 40, "loss": 3.531954765319824, "acc": 0.08219178020954132, "acc_or": 0.30821916460990906, "sender_entropy": 2.1200201511383057, "receiver_entropy": 0.0, "original_loss": 1.8334600925445557, "mean_length": 6.0}
{"mode": "train", "epoch": 41, "loss": 3.216043710708618, "acc": 0.052054792642593384, "acc_or": 0.2602739632129669, "sender_entropy": 2.11849045753479, "receiver_entropy": 0.0, "original_loss": 1.9669016599655151, "mean_length": 6.0}
{"mode": "test", "epoch": 41, "loss": 3.467031955718994, "acc": 0.08219178020954132, "acc_or": 0.3287671208381653, "sender_entropy": 2.108365297317505, "receiver_entropy": 0.0, "original_loss": 1.821168065071106, "mean_length": 6.0}
{"mode": "train", "epoch": 42, "loss": 3.4464969635009766, "acc": 0.055936072021722794, "acc_or": 0.2724885940551758, "sender_entropy": 2.1057465076446533, "receiver_entropy": 0.0, "original_loss": 1.9379512071609497, "mean_length": 6.0}
{"mode": "test", "epoch": 42, "loss": 3.3846435546875, "acc": 0.06849315017461777, "acc_or": 0.33561643958091736, "sender_entropy": 2.082489252090454, "receiver_entropy": 0.0, "original_loss": 1.8066773414611816, "mean_length": 6.0}
{"mode": "train", "epoch": 43, "loss": 3.739821434020996, "acc": 0.07260274142026901, "acc_or": 0.2898401916027069, "sender_entropy": 2.0786068439483643, "receiver_entropy": 0.0, "original_loss": 1.900227665901184, "mean_length": 6.0}
{"mode": "test", "epoch": 43, "loss": 3.5310165882110596, "acc": 0.054794520139694214, "acc_or": 0.3287671208381653, "sender_entropy": 2.0695438385009766, "receiver_entropy": 0.0, "original_loss": 1.7688874006271362, "mean_length": 6.0}
{"mode": "train", "epoch": 44, "loss": 4.000547409057617, "acc": 0.07671232521533966, "acc_or": 0.29794520139694214, "sender_entropy": 2.064255952835083, "receiver_entropy": 0.0, "original_loss": 1.8639118671417236, "mean_length": 6.0}
{"mode": "test", "epoch": 44, "loss": 3.7020750045776367, "acc": 0.08219178020954132, "acc_or": 0.3561643958091736, "sender_entropy": 2.0352816581726074, "receiver_entropy": 0.0, "original_loss": 1.7229459285736084, "mean_length": 6.0}
{"mode": "train", "epoch": 45, "loss": 4.3184661865234375, "acc": 0.08127854019403458, "acc_or": 0.3083333373069763, "sender_entropy": 2.0293614864349365, "receiver_entropy": 0.0, "original_loss": 1.8203405141830444, "mean_length": 6.0}
{"mode": "test", "epoch": 45, "loss": 3.6500205993652344, "acc": 0.08219178020954132, "acc_or": 0.3561643958091736, "sender_entropy": 1.9863269329071045, "receiver_entropy": 0.0, "original_loss": 1.693036675453186, "mean_length": 6.0}
{"mode": "train", "epoch": 46, "loss": 4.592021942138672, "acc": 0.09383561462163925, "acc_or": 0.3304794430732727, "sender_entropy": 1.9791030883789062, "receiver_entropy": 0.0, "original_loss": 1.7677717208862305, "mean_length": 6.0}
{"mode": "test", "epoch": 46, "loss": 3.729304313659668, "acc": 0.08219178020954132, "acc_or": 0.36301368474960327, "sender_entropy": 1.9268664121627808, "receiver_entropy": 0.0, "original_loss": 1.6463598012924194, "mean_length": 6.0}
{"mode": "train", "epoch": 47, "loss": 4.997103691101074, "acc": 0.09657534211874008, "acc_or": 0.3465753495693207, "sender_entropy": 1.919488787651062, "receiver_entropy": 0.0, "original_loss": 1.7074447870254517, "mean_length": 6.0}
{"mode": "test", "epoch": 47, "loss": 3.795534372329712, "acc": 0.08219178020954132, "acc_or": 0.3493150770664215, "sender_entropy": 1.8799103498458862, "receiver_entropy": 0.0, "original_loss": 1.6053907871246338, "mean_length": 6.0}
{"mode": "train", "epoch": 48, "loss": 5.1322407722473145, "acc": 0.10593607276678085, "acc_or": 0.34920090436935425, "sender_entropy": 1.8724931478500366, "receiver_entropy": 0.0, "original_loss": 1.6725190877914429, "mean_length": 6.0}
{"mode": "test", "epoch": 48, "loss": 3.9300615787506104, "acc": 0.10958904027938843, "acc_or": 0.36986300349235535, "sender_entropy": 1.8589887619018555, "receiver_entropy": 0.0, "original_loss": 1.5694701671600342, "mean_length": 6.0}
{"mode": "train", "epoch": 49, "loss": 5.223222732543945, "acc": 0.11415524780750275, "acc_or": 0.37054795026779175, "sender_entropy": 1.8489304780960083, "receiver_entropy": 0.0, "original_loss": 1.6479995250701904, "mean_length": 6.0}
{"mode": "test", "epoch": 49, "loss": 4.223072052001953, "acc": 0.13698630034923553, "acc_or": 0.4109588861465454, "sender_entropy": 1.8527439832687378, "receiver_entropy": 0.0, "original_loss": 1.5121300220489502, "mean_length": 6.0}
{"mode": "train", "epoch": 50, "loss": 5.355434417724609, "acc": 0.12351597845554352, "acc_or": 0.3818493187427521, "sender_entropy": 1.8432432413101196, "receiver_entropy": 0.0, "original_loss": 1.6232949495315552, "mean_length": 6.0}
{"mode": "test", "epoch": 50, "loss": 4.7515788078308105, "acc": 0.1780821979045868, "acc_or": 0.465753436088562, "sender_entropy": 1.8652228116989136, "receiver_entropy": 0.0, "original_loss": 1.4394251108169556, "mean_length": 6.0}
{"mode": "train", "epoch": 51, "loss": 5.510293960571289, "acc": 0.13561643660068512, "acc_or": 0.3948630094528198, "sender_entropy": 1.8540974855422974, "receiver_entropy": 0.0, "original_loss": 1.6026127338409424, "mean_length": 6.0}
{"mode": "test", "epoch": 51, "loss": 4.9141693115234375, "acc": 0.19178082048892975, "acc_or": 0.465753436088562, "sender_entropy": 1.8684178590774536, "receiver_entropy": 0.0, "original_loss": 1.3998422622680664, "mean_length": 6.0}
{"mode": "train", "epoch": 52, "loss": 5.789597511291504, "acc": 0.1303652971982956, "acc_or": 0.40114155411720276, "sender_entropy": 1.8569144010543823, "receiver_entropy": 0.0, "original_loss": 1.5674693584442139, "mean_length": 6.0}
{"mode": "test", "epoch": 52, "loss": 4.920737266540527, "acc": 0.1780821979045868, "acc_or": 0.48630136251449585, "sender_entropy": 1.8655225038528442, "receiver_entropy": 0.0, "original_loss": 1.3842799663543701, "mean_length": 6.0}
{"mode": "train", "epoch": 53, "loss": 5.902256011962891, "acc": 0.1360730528831482, "acc_or": 0.4138127863407135, "sender_entropy": 1.8510406017303467, "receiver_entropy": 0.0, "original_loss": 1.5435636043548584, "mean_length": 6.0}
{"mode": "test", "epoch": 53, "loss": 4.85807991027832, "acc": 0.19178082048892975, "acc_or": 0.4931506812572479, "sender_entropy": 1.8425447940826416, "receiver_entropy": 0.0, "original_loss": 1.3585035800933838, "mean_length": 6.0}
{"mode": "train", "epoch": 54, "loss": 6.134986877441406, "acc": 0.1463470309972763, "acc_or": 0.42534247040748596, "sender_entropy": 1.8262914419174194, "receiver_entropy": 0.0, "original_loss": 1.4979887008666992, "mean_length": 6.0}
{"mode": "test", "epoch": 54, "loss": 4.472136974334717, "acc": 0.1506849229335785, "acc_or": 0.45205479860305786, "sender_entropy": 1.799194097518921, "receiver_entropy": 0.0, "original_loss": 1.3715397119522095, "mean_length": 6.0}
{"mode": "train", "epoch": 55, "loss": 6.441552639007568, "acc": 0.1684931516647339, "acc_or": 0.4472602605819702, "sender_entropy": 1.7794277667999268, "receiver_entropy": 0.0, "original_loss": 1.4376391172409058, "mean_length": 6.0}
{"mode": "test", "epoch": 55, "loss": 4.61592960357666, "acc": 0.1506849229335785, "acc_or": 0.5068492889404297, "sender_entropy": 1.752621054649353, "receiver_entropy": 0.0, "original_loss": 1.3055111169815063, "mean_length": 6.0}
{"mode": "train", "epoch": 56, "loss": 6.630880355834961, "acc": 0.1952054798603058, "acc_or": 0.47522830963134766, "sender_entropy": 1.731210708618164, "receiver_entropy": 0.0, "original_loss": 1.385616660118103, "mean_length": 6.0}
{"mode": "test", "epoch": 56, "loss": 4.539358615875244, "acc": 0.2054794430732727, "acc_or": 0.534246563911438, "sender_entropy": 1.711702823638916, "receiver_entropy": 0.0, "original_loss": 1.2714465856552124, "mean_length": 6.0}
{"mode": "train", "epoch": 57, "loss": 6.757047653198242, "acc": 0.2015981674194336, "acc_or": 0.48915523290634155, "sender_entropy": 1.686543345451355, "receiver_entropy": 0.0, "original_loss": 1.339331865310669, "mean_length": 6.0}
{"mode": "test", "epoch": 57, "loss": 4.47761869430542, "acc": 0.1780821979045868, "acc_or": 0.5205479264259338, "sender_entropy": 1.6682422161102295, "receiver_entropy": 0.0, "original_loss": 1.2485085725784302, "mean_length": 6.0}
{"mode": "train", "epoch": 58, "loss": 6.8256964683532715, "acc": 0.21643835306167603, "acc_or": 0.49942922592163086, "sender_entropy": 1.6394217014312744, "receiver_entropy": 0.0, "original_loss": 1.298200249671936, "mean_length": 6.0}
{"mode": "test", "epoch": 58, "loss": 4.024886131286621, "acc": 0.16438356041908264, "acc_or": 0.5068492889404297, "sender_entropy": 1.6409717798233032, "receiver_entropy": 0.0, "original_loss": 1.265154242515564, "mean_length": 6.0}
{"mode": "train", "epoch": 59, "loss": 6.971344947814941, "acc": 0.22534246742725372, "acc_or": 0.5119863152503967, "sender_entropy": 1.608540654182434, "receiver_entropy": 0.0, "original_loss": 1.257155179977417, "mean_length": 6.0}
{"mode": "test", "epoch": 59, "loss": 4.198768138885498, "acc": 0.21917808055877686, "acc_or": 0.5479452013969421, "sender_entropy": 1.6365079879760742, "receiver_entropy": 0.0, "original_loss": 1.2220691442489624, "mean_length": 6.0}
{"mode": "train", "epoch": 60, "loss": 7.011839389801025, "acc": 0.23767122626304626, "acc_or": 0.5239725708961487, "sender_entropy": 1.5998131036758423, "receiver_entropy": 0.0, "original_loss": 1.228124737739563, "mean_length": 6.0}
{"mode": "test", "epoch": 60, "loss": 4.623822212219238, "acc": 0.2602739632129669, "acc_or": 0.5410959124565125, "sender_entropy": 1.6436691284179688, "receiver_entropy": 0.0, "original_loss": 1.1382684707641602, "mean_length": 6.0}
{"mode": "train", "epoch": 61, "loss": 7.087520599365234, "acc": 0.24954336881637573, "acc_or": 0.5336757898330688, "sender_entropy": 1.6059988737106323, "receiver_entropy": 0.0, "original_loss": 1.205419898033142, "mean_length": 6.0}
{"mode": "test", "epoch": 61, "loss": 4.71812629699707, "acc": 0.21917808055877686, "acc_or": 0.5410959124565125, "sender_entropy": 1.6423887014389038, "receiver_entropy": 0.0, "original_loss": 1.1106456518173218, "mean_length": 6.0}
{"mode": "train", "epoch": 62, "loss": 7.1018242835998535, "acc": 0.263470321893692, "acc_or": 0.5367580056190491, "sender_entropy": 1.597851037979126, "receiver_entropy": 0.0, "original_loss": 1.1821707487106323, "mean_length": 6.0}
{"mode": "test", "epoch": 62, "loss": 4.4045023918151855, "acc": 0.301369845867157, "acc_or": 0.5753424763679504, "sender_entropy": 1.6298326253890991, "receiver_entropy": 0.0, "original_loss": 1.1244943141937256, "mean_length": 6.0}
{"mode": "train", "epoch": 63, "loss": 7.172072410583496, "acc": 0.2767123281955719, "acc_or": 0.5493150353431702, "sender_entropy": 1.5830777883529663, "receiver_entropy": 0.0, "original_loss": 1.1541900634765625, "mean_length": 6.0}
{"mode": "test", "epoch": 63, "loss": 4.592998504638672, "acc": 0.3561643958091736, "acc_or": 0.5890411138534546, "sender_entropy": 1.6227116584777832, "receiver_entropy": 0.0, "original_loss": 1.075955867767334, "mean_length": 6.0}
{"mode": "train", "epoch": 64, "loss": 7.201977252960205, "acc": 0.2803652882575989, "acc_or": 0.5518264770507812, "sender_entropy": 1.574765920639038, "receiver_entropy": 0.0, "original_loss": 1.1305203437805176, "mean_length": 6.0}
{"mode": "test", "epoch": 64, "loss": 5.151948928833008, "acc": 0.39726027846336365, "acc_or": 0.6232876777648926, "sender_entropy": 1.630028247833252, "receiver_entropy": 0.0, "original_loss": 0.9834070801734924, "mean_length": 6.0}
{"mode": "train", "epoch": 65, "loss": 7.173317909240723, "acc": 0.29429224133491516, "acc_or": 0.5640410780906677, "sender_entropy": 1.5764895677566528, "receiver_entropy": 0.0, "original_loss": 1.1177642345428467, "mean_length": 6.0}
{"mode": "test", "epoch": 65, "loss": 5.220680236816406, "acc": 0.39726027846336365, "acc_or": 0.6164383292198181, "sender_entropy": 1.6234118938446045, "receiver_entropy": 0.0, "original_loss": 0.9576926231384277, "mean_length": 6.0}
{"mode": "train", "epoch": 66, "loss": 7.324283123016357, "acc": 0.29863011837005615, "acc_or": 0.5732876658439636, "sender_entropy": 1.5652258396148682, "receiver_entropy": 0.0, "original_loss": 1.0888570547103882, "mean_length": 6.0}
{"mode": "test", "epoch": 66, "loss": 5.213158130645752, "acc": 0.36986300349235535, "acc_or": 0.6095890402793884, "sender_entropy": 1.6151665449142456, "receiver_entropy": 0.0, "original_loss": 0.9410880208015442, "mean_length": 6.0}
{"mode": "train", "epoch": 67, "loss": 7.325136661529541, "acc": 0.30502283573150635, "acc_or": 0.5777397155761719, "sender_entropy": 1.553174376487732, "receiver_entropy": 0.0, "original_loss": 1.061875820159912, "mean_length": 6.0}
{"mode": "test", "epoch": 67, "loss": 5.269115924835205, "acc": 0.3561643958091736, "acc_or": 0.5958904027938843, "sender_entropy": 1.604426622390747, "receiver_entropy": 0.0, "original_loss": 0.9137915968894958, "mean_length": 6.0}
{"mode": "train", "epoch": 68, "loss": 7.47479248046875, "acc": 0.328310489654541, "acc_or": 0.5992009043693542, "sender_entropy": 1.5391669273376465, "receiver_entropy": 0.0, "original_loss": 1.0269439220428467, "mean_length": 6.0}
{"mode": "test", "epoch": 68, "loss": 5.126749515533447, "acc": 0.3835616409778595, "acc_or": 0.6301369667053223, "sender_entropy": 1.5949419736862183, "receiver_entropy": 0.0, "original_loss": 0.915176510810852, "mean_length": 6.0}
{"mode": "train", "epoch": 69, "loss": 7.413179397583008, "acc": 0.3369863033294678, "acc_or": 0.6006849408149719, "sender_entropy": 1.5254385471343994, "receiver_entropy": 0.0, "original_loss": 1.0033378601074219, "mean_length": 6.0}
{"mode": "test", "epoch": 69, "loss": 5.351102828979492, "acc": 0.34246575832366943, "acc_or": 0.6095890402793884, "sender_entropy": 1.579618215560913, "receiver_entropy": 0.0, "original_loss": 0.8591561317443848, "mean_length": 6.0}
{"mode": "train", "epoch": 70, "loss": 7.368991374969482, "acc": 0.34315067529678345, "acc_or": 0.6071917414665222, "sender_entropy": 1.5074142217636108, "receiver_entropy": 0.0, "original_loss": 0.9995172619819641, "mean_length": 6.0}
{"mode": "test", "epoch": 70, "loss": 5.134760856628418, "acc": 0.34246575832366943, "acc_or": 0.5958904027938843, "sender_entropy": 1.5754417181015015, "receiver_entropy": 0.0, "original_loss": 0.8799132108688354, "mean_length": 6.0}
{"mode": "train", "epoch": 71, "loss": 7.463576316833496, "acc": 0.3632420003414154, "acc_or": 0.6207762360572815, "sender_entropy": 1.504845142364502, "receiver_entropy": 0.0, "original_loss": 0.9707154631614685, "mean_length": 6.0}
{"mode": "test", "epoch": 71, "loss": 5.194605350494385, "acc": 0.3561643958091736, "acc_or": 0.6232876777648926, "sender_entropy": 1.5812175273895264, "receiver_entropy": 0.0, "original_loss": 0.8717858195304871, "mean_length": 6.0}
{"mode": "train", "epoch": 72, "loss": 7.453118324279785, "acc": 0.37054795026779175, "acc_or": 0.6294520497322083, "sender_entropy": 1.5042095184326172, "receiver_entropy": 0.0, "original_loss": 0.9593604803085327, "mean_length": 6.0}
{"mode": "test", "epoch": 72, "loss": 5.556249618530273, "acc": 0.4109588861465454, "acc_or": 0.6575342416763306, "sender_entropy": 1.590993046760559, "receiver_entropy": 0.0, "original_loss": 0.8083277344703674, "mean_length": 6.0}
{"mode": "train", "epoch": 73, "loss": 7.592639923095703, "acc": 0.374657541513443, "acc_or": 0.6350456476211548, "sender_entropy": 1.5130895376205444, "receiver_entropy": 0.0, "original_loss": 0.9286239743232727, "mean_length": 6.0}
{"mode": "test", "epoch": 73, "loss": 5.68675422668457, "acc": 0.45205479860305786, "acc_or": 0.6643835306167603, "sender_entropy": 1.5988725423812866, "receiver_entropy": 0.0, "original_loss": 0.7853949069976807, "mean_length": 6.0}
{"mode": "train", "epoch": 74, "loss": 7.42485237121582, "acc": 0.38698628544807434, "acc_or": 0.6368721127510071, "sender_entropy": 1.5181763172149658, "receiver_entropy": 0.0, "original_loss": 0.934126615524292, "mean_length": 6.0}
{"mode": "test", "epoch": 74, "loss": 6.071938991546631, "acc": 0.4931506812572479, "acc_or": 0.7123287916183472, "sender_entropy": 1.6016724109649658, "receiver_entropy": 0.0, "original_loss": 0.7114701271057129, "mean_length": 6.0}
{"mode": "train", "epoch": 75, "loss": 7.502575874328613, "acc": 0.3835616409778595, "acc_or": 0.6353881359100342, "sender_entropy": 1.5205705165863037, "receiver_entropy": 0.0, "original_loss": 0.916846513748169, "mean_length": 6.0}
{"mode": "test", "epoch": 75, "loss": 6.263622283935547, "acc": 0.5205479264259338, "acc_or": 0.7397260069847107, "sender_entropy": 1.6000041961669922, "receiver_entropy": 0.0, "original_loss": 0.6713047623634338, "mean_length": 6.0}
{"mode": "train", "epoch": 76, "loss": 7.432525634765625, "acc": 0.39406391978263855, "acc_or": 0.6406392455101013, "sender_entropy": 1.5149136781692505, "receiver_entropy": 0.0, "original_loss": 0.9035306572914124, "mean_length": 6.0}
{"mode": "test", "epoch": 76, "loss": 6.191977500915527, "acc": 0.5205479264259338, "acc_or": 0.732876718044281, "sender_entropy": 1.589362382888794, "receiver_entropy": 0.0, "original_loss": 0.660198986530304, "mean_length": 6.0}
{"mode": "train", "epoch": 77, "loss": 7.596828460693359, "acc": 0.4191780686378479, "acc_or": 0.6607306003570557, "sender_entropy": 1.500495433807373, "receiver_entropy": 0.0, "original_loss": 0.8641481399536133, "mean_length": 6.0}
{"mode": "test", "epoch": 77, "loss": 5.852692604064941, "acc": 0.4794520437717438, "acc_or": 0.7123287916183472, "sender_entropy": 1.5736826658248901, "receiver_entropy": 0.0, "original_loss": 0.6809192895889282, "mean_length": 6.0}
{"mode": "train", "epoch": 78, "loss": 7.550547122955322, "acc": 0.4255707561969757, "acc_or": 0.6646118760108948, "sender_entropy": 1.4821237325668335, "receiver_entropy": 0.0, "original_loss": 0.8475934863090515, "mean_length": 6.0}
{"mode": "test", "epoch": 78, "loss": 5.5796918869018555, "acc": 0.5479452013969421, "acc_or": 0.7534246444702148, "sender_entropy": 1.5546650886535645, "receiver_entropy": 0.0, "original_loss": 0.6810911893844604, "mean_length": 6.0}
{"mode": "train", "epoch": 79, "loss": 7.576796054840088, "acc": 0.44885843992233276, "acc_or": 0.6840182542800903, "sender_entropy": 1.4593392610549927, "receiver_entropy": 0.0, "original_loss": 0.8178278207778931, "mean_length": 6.0}
{"mode": "test", "epoch": 79, "loss": 5.563877582550049, "acc": 0.5890411138534546, "acc_or": 0.767123281955719, "sender_entropy": 1.5403634309768677, "receiver_entropy": 0.0, "original_loss": 0.6599803566932678, "mean_length": 6.0}
{"mode": "train", "epoch": 80, "loss": 7.583653450012207, "acc": 0.46598172187805176, "acc_or": 0.6914383172988892, "sender_entropy": 1.4400343894958496, "receiver_entropy": 0.0, "original_loss": 0.7897359132766724, "mean_length": 6.0}
{"mode": "test", "epoch": 80, "loss": 5.735032558441162, "acc": 0.5753424763679504, "acc_or": 0.7739725708961487, "sender_entropy": 1.5323522090911865, "receiver_entropy": 0.0, "original_loss": 0.6215701103210449, "mean_length": 6.0}
{"mode": "train", "epoch": 81, "loss": 7.519452095031738, "acc": 0.470091313123703, "acc_or": 0.6956620812416077, "sender_entropy": 1.4327905178070068, "receiver_entropy": 0.0, "original_loss": 0.7743000984191895, "mean_length": 6.0}
{"mode": "test", "epoch": 81, "loss": 5.747737407684326, "acc": 0.5890411138534546, "acc_or": 0.7808219194412231, "sender_entropy": 1.5208709239959717, "receiver_entropy": 0.0, "original_loss": 0.5896185040473938, "mean_length": 6.0}
{"mode": "train", "epoch": 82, "loss": 7.599365711212158, "acc": 0.4947488605976105, "acc_or": 0.7089040875434875, "sender_entropy": 1.4162225723266602, "receiver_entropy": 0.0, "original_loss": 0.7492428421974182, "mean_length": 6.0}
{"mode": "test", "epoch": 82, "loss": 5.780768871307373, "acc": 0.5890411138534546, "acc_or": 0.7808219194412231, "sender_entropy": 1.520024299621582, "receiver_entropy": 0.0, "original_loss": 0.5746231079101562, "mean_length": 6.0}
{"mode": "train", "epoch": 83, "loss": 7.430753231048584, "acc": 0.49726027250289917, "acc_or": 0.7074200510978699, "sender_entropy": 1.41459321975708, "receiver_entropy": 0.0, "original_loss": 0.7454715967178345, "mean_length": 6.0}
{"mode": "test", "epoch": 83, "loss": 5.8271894454956055, "acc": 0.5616438388824463, "acc_or": 0.7602739930152893, "sender_entropy": 1.514312505722046, "receiver_entropy": 0.0, "original_loss": 0.5572745203971863, "mean_length": 6.0}
{"mode": "train", "epoch": 84, "loss": 7.614920616149902, "acc": 0.49589040875434875, "acc_or": 0.7128995060920715, "sender_entropy": 1.407585859298706, "receiver_entropy": 0.0, "original_loss": 0.7237412929534912, "mean_length": 6.0}
{"mode": "test", "epoch": 84, "loss": 5.874197959899902, "acc": 0.5890411138534546, "acc_or": 0.7876712083816528, "sender_entropy": 1.511440396308899, "receiver_entropy": 0.0, "original_loss": 0.5427334308624268, "mean_length": 6.0}
{"mode": "train", "epoch": 85, "loss": 7.467711448669434, "acc": 0.5045661926269531, "acc_or": 0.71712327003479, "sender_entropy": 1.4093571901321411, "receiver_entropy": 0.0, "original_loss": 0.7180525064468384, "mean_length": 6.0}
{"mode": "test", "epoch": 85, "loss": 5.893063068389893, "acc": 0.6164383292198181, "acc_or": 0.801369845867157, "sender_entropy": 1.5122580528259277, "receiver_entropy": 0.0, "original_loss": 0.5233116745948792, "mean_length": 6.0}
{"mode": "train", "epoch": 86, "loss": 7.507538318634033, "acc": 0.5091323852539062, "acc_or": 0.722374439239502, "sender_entropy": 1.4060258865356445, "receiver_entropy": 0.0, "original_loss": 0.7061830163002014, "mean_length": 6.0}
{"mode": "test", "epoch": 86, "loss": 5.915440559387207, "acc": 0.6575342416763306, "acc_or": 0.8219177722930908, "sender_entropy": 1.5197558403015137, "receiver_entropy": 0.0, "original_loss": 0.506661593914032, "mean_length": 6.0}
{"mode": "train", "epoch": 87, "loss": 7.5883870124816895, "acc": 0.5143835544586182, "acc_or": 0.7273972630500793, "sender_entropy": 1.4054827690124512, "receiver_entropy": 0.0, "original_loss": 0.687089741230011, "mean_length": 6.0}
{"mode": "test", "epoch": 87, "loss": 5.852160453796387, "acc": 0.6301369667053223, "acc_or": 0.8150684833526611, "sender_entropy": 1.5161879062652588, "receiver_entropy": 0.0, "original_loss": 0.5045164823532104, "mean_length": 6.0}
{"mode": "train", "epoch": 88, "loss": 7.492153167724609, "acc": 0.5260273814201355, "acc_or": 0.7341324090957642, "sender_entropy": 1.4025558233261108, "receiver_entropy": 0.0, "original_loss": 0.6725161075592041, "mean_length": 6.0}
{"mode": "test", "epoch": 88, "loss": 6.041874408721924, "acc": 0.6849315166473389, "acc_or": 0.8424657583236694, "sender_entropy": 1.5129642486572266, "receiver_entropy": 0.0, "original_loss": 0.45217862725257874, "mean_length": 6.0}
{"mode": "train", "epoch": 89, "loss": 7.54680061340332, "acc": 0.5438355803489685, "acc_or": 0.7502282857894897, "sender_entropy": 1.3959442377090454, "receiver_entropy": 0.0, "original_loss": 0.6528370380401611, "mean_length": 6.0}
{"mode": "test", "epoch": 89, "loss": 6.065023422241211, "acc": 0.6712328791618347, "acc_or": 0.8287671208381653, "sender_entropy": 1.5066887140274048, "receiver_entropy": 0.0, "original_loss": 0.4431132376194, "mean_length": 6.0}
{"mode": "train", "epoch": 90, "loss": 7.425229072570801, "acc": 0.5417808294296265, "acc_or": 0.7468036413192749, "sender_entropy": 1.3855825662612915, "receiver_entropy": 0.0, "original_loss": 0.6441267728805542, "mean_length": 6.0}
{"mode": "test", "epoch": 90, "loss": 6.030412197113037, "acc": 0.698630154132843, "acc_or": 0.8493150472640991, "sender_entropy": 1.5024241209030151, "receiver_entropy": 0.0, "original_loss": 0.42967239022254944, "mean_length": 6.0}
{"mode": "train", "epoch": 91, "loss": 7.3816094398498535, "acc": 0.5472602844238281, "acc_or": 0.7470319271087646, "sender_entropy": 1.3807810544967651, "receiver_entropy": 0.0, "original_loss": 0.6404890418052673, "mean_length": 6.0}
{"mode": "test", "epoch": 91, "loss": 6.068222522735596, "acc": 0.7260273694992065, "acc_or": 0.8630136847496033, "sender_entropy": 1.500624179840088, "receiver_entropy": 0.0, "original_loss": 0.4088360667228699, "mean_length": 6.0}
{"mode": "train", "epoch": 92, "loss": 7.370368957519531, "acc": 0.5568493008613586, "acc_or": 0.7552511096000671, "sender_entropy": 1.3830914497375488, "receiver_entropy": 0.0, "original_loss": 0.6309301853179932, "mean_length": 6.0}
{"mode": "test", "epoch": 92, "loss": 6.175053596496582, "acc": 0.767123281955719, "acc_or": 0.8835616111755371, "sender_entropy": 1.4985133409500122, "receiver_entropy": 0.0, "original_loss": 0.3807971775531769, "mean_length": 6.0}
{"mode": "train", "epoch": 93, "loss": 7.414098739624023, "acc": 0.5648401975631714, "acc_or": 0.7584474682807922, "sender_entropy": 1.379265546798706, "receiver_entropy": 0.0, "original_loss": 0.6117539405822754, "mean_length": 6.0}
{"mode": "test", "epoch": 93, "loss": 6.091354846954346, "acc": 0.767123281955719, "acc_or": 0.8835616111755371, "sender_entropy": 1.488430142402649, "receiver_entropy": 0.0, "original_loss": 0.36892935633659363, "mean_length": 6.0}
{"mode": "train", "epoch": 94, "loss": 7.424248218536377, "acc": 0.5760273933410645, "acc_or": 0.7659817337989807, "sender_entropy": 1.3643771409988403, "receiver_entropy": 0.0, "original_loss": 0.6005989909172058, "mean_length": 6.0}
{"mode": "test", "epoch": 94, "loss": 5.962770462036133, "acc": 0.7945205569267273, "acc_or": 0.8972602486610413, "sender_entropy": 1.4816409349441528, "receiver_entropy": 0.0, "original_loss": 0.36389243602752686, "mean_length": 6.0}
{"mode": "train", "epoch": 95, "loss": 7.502338886260986, "acc": 0.5933789610862732, "acc_or": 0.7768265008926392, "sender_entropy": 1.3575522899627686, "receiver_entropy": 0.0, "original_loss": 0.5645154714584351, "mean_length": 6.0}
{"mode": "test", "epoch": 95, "loss": 5.5869059562683105, "acc": 0.767123281955719, "acc_or": 0.8835616111755371, "sender_entropy": 1.4703956842422485, "receiver_entropy": 0.0, "original_loss": 0.38763314485549927, "mean_length": 6.0}
{"mode": "train", "epoch": 96, "loss": 7.36349630355835, "acc": 0.5970319509506226, "acc_or": 0.7794520258903503, "sender_entropy": 1.3489747047424316, "receiver_entropy": 0.0, "original_loss": 0.5653654932975769, "mean_length": 6.0}
{"mode": "test", "epoch": 96, "loss": 5.483158111572266, "acc": 0.7397260069847107, "acc_or": 0.8630136847496033, "sender_entropy": 1.4589824676513672, "receiver_entropy": 0.0, "original_loss": 0.37713027000427246, "mean_length": 6.0}
{"mode": "train", "epoch": 97, "loss": 7.193902969360352, "acc": 0.5894976854324341, "acc_or": 0.7735159397125244, "sender_entropy": 1.3436130285263062, "receiver_entropy": 0.0, "original_loss": 0.5749316811561584, "mean_length": 6.0}
{"mode": "test", "epoch": 97, "loss": 5.424990177154541, "acc": 0.6849315166473389, "acc_or": 0.8424657583236694, "sender_entropy": 1.4645448923110962, "receiver_entropy": 0.0, "original_loss": 0.39721423387527466, "mean_length": 6.0}
{"mode": "train", "epoch": 98, "loss": 7.189272880554199, "acc": 0.5999999642372131, "acc_or": 0.7813926935195923, "sender_entropy": 1.342039942741394, "receiver_entropy": 0.0, "original_loss": 0.5620535016059875, "mean_length": 6.0}
{"mode": "test", "epoch": 98, "loss": 5.332086563110352, "acc": 0.7260273694992065, "acc_or": 0.8561643958091736, "sender_entropy": 1.4648504257202148, "receiver_entropy": 0.0, "original_loss": 0.4012296199798584, "mean_length": 6.0}
{"mode": "train", "epoch": 99, "loss": 7.136073589324951, "acc": 0.6189497709274292, "acc_or": 0.793379008769989, "sender_entropy": 1.333187460899353, "receiver_entropy": 0.0, "original_loss": 0.5477301478385925, "mean_length": 6.0}
{"mode": "test", "epoch": 99, "loss": 5.449185371398926, "acc": 0.7808219194412231, "acc_or": 0.8767123222351074, "sender_entropy": 1.4571082592010498, "receiver_entropy": 0.0, "original_loss": 0.35881733894348145, "mean_length": 6.0}
{"mode": "train", "epoch": 100, "loss": 7.209407806396484, "acc": 0.62831050157547, "acc_or": 0.7957762479782104, "sender_entropy": 1.3244167566299438, "receiver_entropy": 0.0, "original_loss": 0.5272253751754761, "mean_length": 6.0}
{"mode": "test", "epoch": 100, "loss": 5.5508832931518555, "acc": 0.835616409778595, "acc_or": 0.9109588861465454, "sender_entropy": 1.451456069946289, "receiver_entropy": 0.0, "original_loss": 0.3280785381793976, "mean_length": 6.0}
{"mode": "train", "epoch": 101, "loss": 7.175093650817871, "acc": 0.6390410661697388, "acc_or": 0.8055936098098755, "sender_entropy": 1.319216251373291, "receiver_entropy": 0.0, "original_loss": 0.5169388651847839, "mean_length": 6.0}
{"mode": "test", "epoch": 101, "loss": 5.4818196296691895, "acc": 0.7945205569267273, "acc_or": 0.8972602486610413, "sender_entropy": 1.4539713859558105, "receiver_entropy": 0.0, "original_loss": 0.3409436047077179, "mean_length": 6.0}
{"mode": "train", "epoch": 102, "loss": 7.067708492279053, "acc": 0.6463470458984375, "acc_or": 0.8091323971748352, "sender_entropy": 1.3215962648391724, "receiver_entropy": 0.0, "original_loss": 0.5146424174308777, "mean_length": 6.0}
{"mode": "test", "epoch": 102, "loss": 5.586668014526367, "acc": 0.8082191944122314, "acc_or": 0.8972602486610413, "sender_entropy": 1.4488180875778198, "receiver_entropy": 0.0, "original_loss": 0.31116509437561035, "mean_length": 6.0}
{"mode": "train", "epoch": 103, "loss": 7.233541011810303, "acc": 0.6691780686378479, "acc_or": 0.8214612007141113, "sender_entropy": 1.3159791231155396, "receiver_entropy": 0.0, "original_loss": 0.47764596343040466, "mean_length": 6.0}
{"mode": "test", "epoch": 103, "loss": 5.594627857208252, "acc": 0.835616409778595, "acc_or": 0.9109588861465454, "sender_entropy": 1.4542226791381836, "receiver_entropy": 0.0, "original_loss": 0.3022928535938263, "mean_length": 6.0}
{"mode": "train", "epoch": 104, "loss": 7.1189470291137695, "acc": 0.6684931516647339, "acc_or": 0.8195205330848694, "sender_entropy": 1.3032338619232178, "receiver_entropy": 0.0, "original_loss": 0.47523120045661926, "mean_length": 6.0}
{"mode": "test", "epoch": 104, "loss": 5.334565162658691, "acc": 0.835616409778595, "acc_or": 0.9178082346916199, "sender_entropy": 1.4229930639266968, "receiver_entropy": 0.0, "original_loss": 0.2997453212738037, "mean_length": 6.0}
{"mode": "train", "epoch": 105, "loss": 7.00507926940918, "acc": 0.6691780686378479, "acc_or": 0.8198630213737488, "sender_entropy": 1.2858695983886719, "receiver_entropy": 0.0, "original_loss": 0.4702889621257782, "mean_length": 6.0}
{"mode": "test", "epoch": 105, "loss": 5.392640113830566, "acc": 0.8767123222351074, "acc_or": 0.931506872177124, "sender_entropy": 1.4204680919647217, "receiver_entropy": 0.0, "original_loss": 0.27581703662872314, "mean_length": 6.0}
{"mode": "train", "epoch": 106, "loss": 6.925339698791504, "acc": 0.6652967929840088, "acc_or": 0.8213469982147217, "sender_entropy": 1.2836015224456787, "receiver_entropy": 0.0, "original_loss": 0.47931504249572754, "mean_length": 6.0}
{"mode": "test", "epoch": 106, "loss": 5.666778087615967, "acc": 0.9041095972061157, "acc_or": 0.9520547986030579, "sender_entropy": 1.441501498222351, "receiver_entropy": 0.0, "original_loss": 0.2641805410385132, "mean_length": 6.0}
{"mode": "train", "epoch": 107, "loss": 6.907917499542236, "acc": 0.6778538823127747, "acc_or": 0.8273972272872925, "sender_entropy": 1.2935419082641602, "receiver_entropy": 0.0, "original_loss": 0.4691249132156372, "mean_length": 6.0}
{"mode": "test", "epoch": 107, "loss": 5.626891613006592, "acc": 0.9178082346916199, "acc_or": 0.9520547986030579, "sender_entropy": 1.4337737560272217, "receiver_entropy": 0.0, "original_loss": 0.24702884256839752, "mean_length": 6.0}
{"mode": "train", "epoch": 108, "loss": 6.91463041305542, "acc": 0.6881278157234192, "acc_or": 0.8317351341247559, "sender_entropy": 1.2935798168182373, "receiver_entropy": 0.0, "original_loss": 0.456722229719162, "mean_length": 6.0}
{"mode": "test", "epoch": 108, "loss": 5.482184886932373, "acc": 0.8630136847496033, "acc_or": 0.931506872177124, "sender_entropy": 1.415909767150879, "receiver_entropy": 0.0, "original_loss": 0.2309606820344925, "mean_length": 6.0}
{"mode": "train", "epoch": 109, "loss": 6.885156631469727, "acc": 0.7029680013656616, "acc_or": 0.8392693996429443, "sender_entropy": 1.2851495742797852, "receiver_entropy": 0.0, "original_loss": 0.4421064257621765, "mean_length": 6.0}
{"mode": "test", "epoch": 109, "loss": 5.281914234161377, "acc": 0.8493150472640991, "acc_or": 0.9178082346916199, "sender_entropy": 1.4084337949752808, "receiver_entropy": 0.0, "original_loss": 0.2518431544303894, "mean_length": 6.0}
{"mode": "train", "epoch": 110, "loss": 6.801346778869629, "acc": 0.7029680013656616, "acc_or": 0.8397260308265686, "sender_entropy": 1.2713600397109985, "receiver_entropy": 0.0, "original_loss": 0.4294711649417877, "mean_length": 6.0}
{"mode": "test", "epoch": 110, "loss": 5.237715244293213, "acc": 0.835616409778595, "acc_or": 0.9109588861465454, "sender_entropy": 1.4003055095672607, "receiver_entropy": 0.0, "original_loss": 0.24254660308361053, "mean_length": 6.0}
{"mode": "train", "epoch": 111, "loss": 6.808475494384766, "acc": 0.7132419943809509, "acc_or": 0.844748854637146, "sender_entropy": 1.263864278793335, "receiver_entropy": 0.0, "original_loss": 0.42701640725135803, "mean_length": 6.0}
{"mode": "test", "epoch": 111, "loss": 5.289229393005371, "acc": 0.835616409778595, "acc_or": 0.9109588861465454, "sender_entropy": 1.404624342918396, "receiver_entropy": 0.0, "original_loss": 0.23310092091560364, "mean_length": 6.0}
{"mode": "train", "epoch": 112, "loss": 6.805265426635742, "acc": 0.7159817218780518, "acc_or": 0.8479452133178711, "sender_entropy": 1.2686680555343628, "receiver_entropy": 0.0, "original_loss": 0.4120180606842041, "mean_length": 6.0}
{"mode": "test", "epoch": 112, "loss": 5.322633743286133, "acc": 0.8493150472640991, "acc_or": 0.9178082346916199, "sender_entropy": 1.4076968431472778, "receiver_entropy": 0.0, "original_loss": 0.22379326820373535, "mean_length": 6.0}
{"mode": "train", "epoch": 113, "loss": 6.751172065734863, "acc": 0.7228310108184814, "acc_or": 0.8515981435775757, "sender_entropy": 1.2755197286605835, "receiver_entropy": 0.0, "original_loss": 0.4173329174518585, "mean_length": 6.0}
{"mode": "test", "epoch": 113, "loss": 5.366196632385254, "acc": 0.8767123222351074, "acc_or": 0.931506872177124, "sender_entropy": 1.4069026708602905, "receiver_entropy": 0.0, "original_loss": 0.19708457589149475, "mean_length": 6.0}
{"mode": "train", "epoch": 114, "loss": 6.632908821105957, "acc": 0.7146118879318237, "acc_or": 0.8468036651611328, "sender_entropy": 1.2739371061325073, "receiver_entropy": 0.0, "original_loss": 0.4255736470222473, "mean_length": 6.0}
{"mode": "test", "epoch": 114, "loss": 5.38286018371582, "acc": 0.931506872177124, "acc_or": 0.965753436088562, "sender_entropy": 1.3951479196548462, "receiver_entropy": 0.0, "original_loss": 0.1654820591211319, "mean_length": 6.0}
{"mode": "train", "epoch": 115, "loss": 6.802257061004639, "acc": 0.7477169036865234, "acc_or": 0.8662100434303284, "sender_entropy": 1.2665390968322754, "receiver_entropy": 0.0, "original_loss": 0.3808506727218628, "mean_length": 6.0}
{"mode": "test", "epoch": 115, "loss": 5.211503028869629, "acc": 0.9178082346916199, "acc_or": 0.9589040875434875, "sender_entropy": 1.384406566619873, "receiver_entropy": 0.0, "original_loss": 0.1796472668647766, "mean_length": 6.0}
{"mode": "train", "epoch": 116, "loss": 6.6911468505859375, "acc": 0.7547945380210876, "acc_or": 0.8671232461929321, "sender_entropy": 1.2604366540908813, "receiver_entropy": 0.0, "original_loss": 0.3751591742038727, "mean_length": 6.0}
{"mode": "test", "epoch": 116, "loss": 5.173737525939941, "acc": 0.9041095972061157, "acc_or": 0.9520547986030579, "sender_entropy": 1.3797110319137573, "receiver_entropy": 0.0, "original_loss": 0.17313888669013977, "mean_length": 6.0}
{"mode": "train", "epoch": 117, "loss": 6.688144683837891, "acc": 0.7470319271087646, "acc_or": 0.8652967810630798, "sender_entropy": 1.2553555965423584, "receiver_entropy": 0.0, "original_loss": 0.37264466285705566, "mean_length": 6.0}
{"mode": "test", "epoch": 117, "loss": 5.241092205047607, "acc": 0.8904109597206116, "acc_or": 0.9452054500579834, "sender_entropy": 1.3907846212387085, "receiver_entropy": 0.0, "original_loss": 0.16326268017292023, "mean_length": 6.0}
{"mode": "train", "epoch": 118, "loss": 6.782283306121826, "acc": 0.750684916973114, "acc_or": 0.8672374486923218, "sender_entropy": 1.261693000793457, "receiver_entropy": 0.0, "original_loss": 0.3636874854564667, "mean_length": 6.0}
{"mode": "test", "epoch": 118, "loss": 5.315804481506348, "acc": 0.931506872177124, "acc_or": 0.965753436088562, "sender_entropy": 1.395603895187378, "receiver_entropy": 0.0, "original_loss": 0.1411137729883194, "mean_length": 6.0}
{"mode": "train", "epoch": 119, "loss": 6.662842750549316, "acc": 0.7586758136749268, "acc_or": 0.869862973690033, "sender_entropy": 1.2686070203781128, "receiver_entropy": 0.0, "original_loss": 0.36755311489105225, "mean_length": 6.0}
{"mode": "test", "epoch": 119, "loss": 5.272307872772217, "acc": 0.9589040875434875, "acc_or": 0.9794520735740662, "sender_entropy": 1.3888708353042603, "receiver_entropy": 0.0, "original_loss": 0.13310115039348602, "mean_length": 6.0}
{"mode": "train", "epoch": 120, "loss": 6.596963882446289, "acc": 0.759817361831665, "acc_or": 0.8706620931625366, "sender_entropy": 1.2661393880844116, "receiver_entropy": 0.0, "original_loss": 0.3671375513076782, "mean_length": 6.0}
{"mode": "test", "epoch": 120, "loss": 5.231179237365723, "acc": 0.9452054500579834, "acc_or": 0.9726027250289917, "sender_entropy": 1.391940951347351, "receiver_entropy": 0.0, "original_loss": 0.14057743549346924, "mean_length": 6.0}
{"mode": "train", "epoch": 121, "loss": 6.459194183349609, "acc": 0.7554794549942017, "acc_or": 0.8694064021110535, "sender_entropy": 1.2687803506851196, "receiver_entropy": 0.0, "original_loss": 0.3717025816440582, "mean_length": 6.0}
{"mode": "test", "epoch": 121, "loss": 5.222004413604736, "acc": 0.9178082346916199, "acc_or": 0.9589040875434875, "sender_entropy": 1.3965466022491455, "receiver_entropy": 0.0, "original_loss": 0.1471608728170395, "mean_length": 6.0}
{"mode": "train", "epoch": 122, "loss": 6.648799896240234, "acc": 0.7762556672096252, "acc_or": 0.8827625513076782, "sender_entropy": 1.2625762224197388, "receiver_entropy": 0.0, "original_loss": 0.33798766136169434, "mean_length": 6.0}
{"mode": "test", "epoch": 122, "loss": 5.0716400146484375, "acc": 0.9041095972061157, "acc_or": 0.9520547986030579, "sender_entropy": 1.3887805938720703, "receiver_entropy": 0.0, "original_loss": 0.1591976433992386, "mean_length": 6.0}
{"mode": "train", "epoch": 123, "loss": 6.663294792175293, "acc": 0.7789953947067261, "acc_or": 0.8832191824913025, "sender_entropy": 1.2563050985336304, "receiver_entropy": 0.0, "original_loss": 0.32529446482658386, "mean_length": 6.0}
{"mode": "test", "epoch": 123, "loss": 5.1116509437561035, "acc": 0.931506872177124, "acc_or": 0.965753436088562, "sender_entropy": 1.3904341459274292, "receiver_entropy": 0.0, "original_loss": 0.14358340203762054, "mean_length": 6.0}
{"mode": "train", "epoch": 124, "loss": 6.60748291015625, "acc": 0.785616397857666, "acc_or": 0.8859589099884033, "sender_entropy": 1.2558268308639526, "receiver_entropy": 0.0, "original_loss": 0.32489001750946045, "mean_length": 6.0}
{"mode": "test", "epoch": 124, "loss": 5.228245735168457, "acc": 0.9452054500579834, "acc_or": 0.9726027250289917, "sender_entropy": 1.3966476917266846, "receiver_entropy": 0.0, "original_loss": 0.11462017148733139, "mean_length": 6.0}
{"mode": "train", "epoch": 125, "loss": 6.402271270751953, "acc": 0.7867580056190491, "acc_or": 0.8865296840667725, "sender_entropy": 1.2576329708099365, "receiver_entropy": 0.0, "original_loss": 0.33365312218666077, "mean_length": 6.0}
{"mode": "test", "epoch": 125, "loss": 5.204647064208984, "acc": 0.9726027250289917, "acc_or": 0.9863013625144958, "sender_entropy": 1.3949921131134033, "receiver_entropy": 0.0, "original_loss": 0.10787579417228699, "mean_length": 6.0}
{"mode": "train", "epoch": 126, "loss": 6.37139368057251, "acc": 0.7826483845710754, "acc_or": 0.8833333253860474, "sender_entropy": 1.2543774843215942, "receiver_entropy": 0.0, "original_loss": 0.3307715952396393, "mean_length": 6.0}
{"mode": "test", "epoch": 126, "loss": 5.029622554779053, "acc": 0.931506872177124, "acc_or": 0.965753436088562, "sender_entropy": 1.3866876363754272, "receiver_entropy": 0.0, "original_loss": 0.127834752202034, "mean_length": 6.0}
{"mode": "train", "epoch": 127, "loss": 6.428221702575684, "acc": 0.7968036532402039, "acc_or": 0.8913241624832153, "sender_entropy": 1.2519841194152832, "receiver_entropy": 0.0, "original_loss": 0.311174601316452, "mean_length": 6.0}
{"mode": "test", "epoch": 127, "loss": 4.94772481918335, "acc": 0.9726027250289917, "acc_or": 0.9863013625144958, "sender_entropy": 1.3721541166305542, "receiver_entropy": 0.0, "original_loss": 0.11430059373378754, "mean_length": 6.0}
{"mode": "train", "epoch": 128, "loss": 6.410387992858887, "acc": 0.7990867495536804, "acc_or": 0.8926940560340881, "sender_entropy": 1.23966646194458, "receiver_entropy": 0.0, "original_loss": 0.30659207701683044, "mean_length": 6.0}
{"mode": "test", "epoch": 128, "loss": 4.887052536010742, "acc": 0.9589040875434875, "acc_or": 0.9794520735740662, "sender_entropy": 1.3581267595291138, "receiver_entropy": 0.0, "original_loss": 0.10889353603124619, "mean_length": 6.0}
{"mode": "train", "epoch": 129, "loss": 6.280389308929443, "acc": 0.8079908490180969, "acc_or": 0.8981735110282898, "sender_entropy": 1.2309547662734985, "receiver_entropy": 0.0, "original_loss": 0.29876044392585754, "mean_length": 6.0}
{"mode": "test", "epoch": 129, "loss": 4.837568283081055, "acc": 0.9726027250289917, "acc_or": 0.9863013625144958, "sender_entropy": 1.3586949110031128, "receiver_entropy": 0.0, "original_loss": 0.11168934404850006, "mean_length": 6.0}
{"mode": "train", "epoch": 130, "loss": 6.328672409057617, "acc": 0.8180364966392517, "acc_or": 0.9018264412879944, "sender_entropy": 1.2277156114578247, "receiver_entropy": 0.0, "original_loss": 0.28556737303733826, "mean_length": 6.0}
{"mode": "test", "epoch": 130, "loss": 4.828790664672852, "acc": 0.931506872177124, "acc_or": 0.965753436088562, "sender_entropy": 1.3642401695251465, "receiver_entropy": 0.0, "original_loss": 0.11455407738685608, "mean_length": 6.0}
{"mode": "train", "epoch": 131, "loss": 6.330986022949219, "acc": 0.8148401975631714, "acc_or": 0.9013698697090149, "sender_entropy": 1.224678635597229, "receiver_entropy": 0.0, "original_loss": 0.2859489321708679, "mean_length": 6.0}
{"mode": "test", "epoch": 131, "loss": 4.820106029510498, "acc": 0.931506872177124, "acc_or": 0.965753436088562, "sender_entropy": 1.3661472797393799, "receiver_entropy": 0.0, "original_loss": 0.11636975407600403, "mean_length": 6.0}
{"mode": "train", "epoch": 132, "loss": 6.226077556610107, "acc": 0.8242009282112122, "acc_or": 0.905936062335968, "sender_entropy": 1.2325290441513062, "receiver_entropy": 0.0, "original_loss": 0.28361815214157104, "mean_length": 6.0}
{"mode": "test", "epoch": 132, "loss": 4.795012474060059, "acc": 0.9726027250289917, "acc_or": 0.9863013625144958, "sender_entropy": 1.3565782308578491, "receiver_entropy": 0.0, "original_loss": 0.09679313004016876, "mean_length": 6.0}
{"mode": "train", "epoch": 133, "loss": 6.282717704772949, "acc": 0.8223744034767151, "acc_or": 0.9065068364143372, "sender_entropy": 1.227155089378357, "receiver_entropy": 0.0, "original_loss": 0.27692222595214844, "mean_length": 6.0}
{"mode": "test", "epoch": 133, "loss": 4.751684665679932, "acc": 0.9863013625144958, "acc_or": 0.9931506514549255, "sender_entropy": 1.3510183095932007, "receiver_entropy": 0.0, "original_loss": 0.0912659615278244, "mean_length": 6.0}
{"mode": "train", "epoch": 134, "loss": 6.306604862213135, "acc": 0.8445205092430115, "acc_or": 0.9175798892974854, "sender_entropy": 1.2201963663101196, "receiver_entropy": 0.0, "original_loss": 0.2578551471233368, "mean_length": 6.0}
{"mode": "test", "epoch": 134, "loss": 4.756467819213867, "acc": 0.9863013625144958, "acc_or": 0.9931506514549255, "sender_entropy": 1.345877766609192, "receiver_entropy": 0.0, "original_loss": 0.08777347952127457, "mean_length": 6.0}
{"mode": "train", "epoch": 135, "loss": 6.284326076507568, "acc": 0.8360730409622192, "acc_or": 0.912557065486908, "sender_entropy": 1.2148730754852295, "receiver_entropy": 0.0, "original_loss": 0.2544345259666443, "mean_length": 6.0}
{"mode": "test", "epoch": 135, "loss": 4.757351398468018, "acc": 1.0, "acc_or": 1.0, "sender_entropy": 1.3413100242614746, "receiver_entropy": 0.0, "original_loss": 0.08055626600980759, "mean_length": 6.0}
{"epoch": 135, "positional_disent": 0.06792730838060379, "bag_of_symbol_disent": 0.1890234351158142, "topographic_sim": 0.40756298976797245}
{"generalization hold out": {"acc": 1.0, "acc_or": 1.0}, "uniform holdout": {"acc": 0.0, "acc_or": 0.125}, "epoch": 135}
---End--
