nohup: ignoring input
{"mode": "train", "epoch": 1, "loss": -30.675045013427734, "acc": 0.010045661590993404, "acc_or": 0.09737442433834076, "sender_entropy": 2.3013877868652344, "receiver_entropy": 0.0, "original_loss": 2.3042726516723633, "mean_length": 6.0}
{"mode": "test", "epoch": 1, "loss": 1.4083572626113892, "acc": 0.013698630034923553, "acc_or": 0.10958904027938843, "sender_entropy": 2.2991998195648193, "receiver_entropy": 0.0, "original_loss": 2.2828195095062256, "mean_length": 6.0}
{"mode": "train", "epoch": 2, "loss": 1.4061315059661865, "acc": 0.010730593465268612, "acc_or": 0.11997716873884201, "sender_entropy": 2.2999086380004883, "receiver_entropy": 0.0, "original_loss": 2.2845840454101562, "mean_length": 6.0}
{"mode": "test", "epoch": 2, "loss": 1.5066043138504028, "acc": 0.013698630034923553, "acc_or": 0.10273972153663635, "sender_entropy": 2.2969837188720703, "receiver_entropy": 0.0, "original_loss": 2.2634997367858887, "mean_length": 6.0}
{"mode": "train", "epoch": 3, "loss": 1.476661205291748, "acc": 0.014383560977876186, "acc_or": 0.11746574938297272, "sender_entropy": 2.2982351779937744, "receiver_entropy": 0.0, "original_loss": 2.268489122390747, "mean_length": 6.0}
{"mode": "test", "epoch": 3, "loss": 1.589989423751831, "acc": 0.0, "acc_or": 0.08219178020954132, "sender_entropy": 2.295574903488159, "receiver_entropy": 0.0, "original_loss": 2.246877908706665, "mean_length": 6.0}
{"mode": "train", "epoch": 4, "loss": 1.573553442955017, "acc": 0.016438355669379234, "acc_or": 0.12511415779590607, "sender_entropy": 2.2970409393310547, "receiver_entropy": 0.0, "original_loss": 2.251616954803467, "mean_length": 6.0}
{"mode": "test", "epoch": 4, "loss": 1.634204626083374, "acc": 0.0, "acc_or": 0.13013698160648346, "sender_entropy": 2.2950541973114014, "receiver_entropy": 0.0, "original_loss": 2.2339282035827637, "mean_length": 6.0}
{"mode": "train", "epoch": 5, "loss": 1.6502450704574585, "acc": 0.01666666567325592, "acc_or": 0.12340182811021805, "sender_entropy": 2.2964725494384766, "receiver_entropy": 0.0, "original_loss": 2.2363686561584473, "mean_length": 6.0}
{"mode": "test", "epoch": 5, "loss": 1.714113473892212, "acc": 0.0, "acc_or": 0.17123287916183472, "sender_entropy": 2.295541286468506, "receiver_entropy": 0.0, "original_loss": 2.218580961227417, "mean_length": 6.0}
{"mode": "train", "epoch": 6, "loss": 1.7200355529785156, "acc": 0.01552511379122734, "acc_or": 0.1224885806441307, "sender_entropy": 2.2963383197784424, "receiver_entropy": 0.0, "original_loss": 2.2221763134002686, "mean_length": 6.0}
{"mode": "test", "epoch": 6, "loss": 1.6755039691925049, "acc": 0.013698630034923553, "acc_or": 0.1506849229335785, "sender_entropy": 2.2963809967041016, "receiver_entropy": 0.0, "original_loss": 2.213639497756958, "mean_length": 6.0}
{"mode": "train", "epoch": 7, "loss": 1.734302282333374, "acc": 0.01552511379122734, "acc_or": 0.12294520437717438, "sender_entropy": 2.2964820861816406, "receiver_entropy": 0.0, "original_loss": 2.2124693393707275, "mean_length": 6.0}
{"mode": "test", "epoch": 7, "loss": 1.71854829788208, "acc": 0.013698630034923553, "acc_or": 0.12328767031431198, "sender_entropy": 2.2969412803649902, "receiver_entropy": 0.0, "original_loss": 2.20261287689209, "mean_length": 6.0}
{"mode": "train", "epoch": 8, "loss": 1.7585943937301636, "acc": 0.014840182848274708, "acc_or": 0.12328767031431198, "sender_entropy": 2.2967724800109863, "receiver_entropy": 0.0, "original_loss": 2.2031962871551514, "mean_length": 6.0}
{"mode": "test", "epoch": 8, "loss": 1.7519452571868896, "acc": 0.013698630034923553, "acc_or": 0.1438356190919876, "sender_entropy": 2.2975051403045654, "receiver_entropy": 0.0, "original_loss": 2.1930055618286133, "mean_length": 6.0}
{"mode": "train", "epoch": 9, "loss": 1.7740716934204102, "acc": 0.012100456282496452, "acc_or": 0.12636986374855042, "sender_entropy": 2.297219753265381, "receiver_entropy": 0.0, "original_loss": 2.1950018405914307, "mean_length": 6.0}
{"mode": "test", "epoch": 9, "loss": 1.7100741863250732, "acc": 0.013698630034923553, "acc_or": 0.13013698160648346, "sender_entropy": 2.2979588508605957, "receiver_entropy": 0.0, "original_loss": 2.190364122390747, "mean_length": 6.0}
{"mode": "train", "epoch": 10, "loss": 1.6752359867095947, "acc": 0.016210045665502548, "acc_or": 0.11883561313152313, "sender_entropy": 2.297665596008301, "receiver_entropy": 0.0, "original_loss": 2.1964428424835205, "mean_length": 6.0}
{"mode": "test", "epoch": 10, "loss": 1.6944081783294678, "acc": 0.0, "acc_or": 0.12328767031431198, "sender_entropy": 2.2982757091522217, "receiver_entropy": 0.0, "original_loss": 2.1869308948516846, "mean_length": 6.0}
{"mode": "train", "epoch": 11, "loss": 1.6261519193649292, "acc": 0.013242009095847607, "acc_or": 0.12317351251840591, "sender_entropy": 2.298064947128296, "receiver_entropy": 0.0, "original_loss": 2.1953351497650146, "mean_length": 6.0}
{"mode": "test", "epoch": 11, "loss": 1.813434362411499, "acc": 0.013698630034923553, "acc_or": 0.15753424167633057, "sender_entropy": 2.2984602451324463, "receiver_entropy": 0.0, "original_loss": 2.172909736633301, "mean_length": 6.0}
{"mode": "train", "epoch": 12, "loss": 1.6366466283798218, "acc": 0.016894977539777756, "acc_or": 0.13013698160648346, "sender_entropy": 2.298386812210083, "receiver_entropy": 0.0, "original_loss": 2.19034481048584, "mean_length": 6.0}
{"mode": "test", "epoch": 12, "loss": 1.8130826950073242, "acc": 0.027397260069847107, "acc_or": 0.19178082048892975, "sender_entropy": 2.298534870147705, "receiver_entropy": 0.0, "original_loss": 2.1691153049468994, "mean_length": 6.0}
{"mode": "train", "epoch": 13, "loss": 1.540772557258606, "acc": 0.013698630034923553, "acc_or": 0.12420091032981873, "sender_entropy": 2.298595666885376, "receiver_entropy": 0.0, "original_loss": 2.1939468383789062, "mean_length": 6.0}
{"mode": "test", "epoch": 13, "loss": 1.853447437286377, "acc": 0.013698630034923553, "acc_or": 0.13698630034923553, "sender_entropy": 2.2985734939575195, "receiver_entropy": 0.0, "original_loss": 2.1628434658050537, "mean_length": 6.0}
{"mode": "train", "epoch": 14, "loss": 1.537808895111084, "acc": 0.01392694003880024, "acc_or": 0.12420091032981873, "sender_entropy": 2.2987117767333984, "receiver_entropy": 0.0, "original_loss": 2.1911964416503906, "mean_length": 6.0}
{"mode": "test", "epoch": 14, "loss": 1.8839032649993896, "acc": 0.04109589010477066, "acc_or": 0.21917808055877686, "sender_entropy": 2.2984893321990967, "receiver_entropy": 0.0, "original_loss": 2.15718150138855, "mean_length": 6.0}
{"mode": "train", "epoch": 15, "loss": 1.5087034702301025, "acc": 0.014611871913075447, "acc_or": 0.12648402154445648, "sender_entropy": 2.2987725734710693, "receiver_entropy": 0.0, "original_loss": 2.190629720687866, "mean_length": 6.0}
{"mode": "test", "epoch": 15, "loss": 1.9707190990447998, "acc": 0.06849315017461777, "acc_or": 0.2945205569267273, "sender_entropy": 2.29837703704834, "receiver_entropy": 0.0, "original_loss": 2.1472418308258057, "mean_length": 6.0}
{"mode": "train", "epoch": 16, "loss": 1.4694223403930664, "acc": 0.017123287543654442, "acc_or": 0.13093607127666473, "sender_entropy": 2.2987756729125977, "receiver_entropy": 0.0, "original_loss": 2.1912643909454346, "mean_length": 6.0}
{"mode": "test", "epoch": 16, "loss": 2.0537233352661133, "acc": 0.054794520139694214, "acc_or": 0.28082191944122314, "sender_entropy": 2.298248052597046, "receiver_entropy": 0.0, "original_loss": 2.1380672454833984, "mean_length": 6.0}
{"mode": "train", "epoch": 17, "loss": 1.4553486108779907, "acc": 0.017579907551407814, "acc_or": 0.1335616409778595, "sender_entropy": 2.298713445663452, "receiver_entropy": 0.0, "original_loss": 2.190202236175537, "mean_length": 6.0}
{"mode": "test", "epoch": 17, "loss": 2.0878584384918213, "acc": 0.06849315017461777, "acc_or": 0.31506848335266113, "sender_entropy": 2.298095941543579, "receiver_entropy": 0.0, "original_loss": 2.1331727504730225, "mean_length": 6.0}
{"mode": "train", "epoch": 18, "loss": 1.441282033920288, "acc": 0.01666666567325592, "acc_or": 0.1360730528831482, "sender_entropy": 2.298642635345459, "receiver_entropy": 0.0, "original_loss": 2.189356803894043, "mean_length": 6.0}
{"mode": "test", "epoch": 18, "loss": 2.1424355506896973, "acc": 0.054794520139694214, "acc_or": 0.301369845867157, "sender_entropy": 2.2979514598846436, "receiver_entropy": 0.0, "original_loss": 2.1266424655914307, "mean_length": 6.0}
{"mode": "train", "epoch": 19, "loss": 1.4200254678726196, "acc": 0.0141552509739995, "acc_or": 0.12773972749710083, "sender_entropy": 2.2985641956329346, "receiver_entropy": 0.0, "original_loss": 2.189227342605591, "mean_length": 6.0}
{"mode": "test", "epoch": 19, "loss": 2.2159271240234375, "acc": 0.04109589010477066, "acc_or": 0.2876712381839752, "sender_entropy": 2.297773599624634, "receiver_entropy": 0.0, "original_loss": 2.1186981201171875, "mean_length": 6.0}
{"mode": "train", "epoch": 20, "loss": 1.4169598817825317, "acc": 0.014383560977876186, "acc_or": 0.12842465937137604, "sender_entropy": 2.2984354496002197, "receiver_entropy": 0.0, "original_loss": 2.1878719329833984, "mean_length": 6.0}
{"mode": "test", "epoch": 20, "loss": 2.285916805267334, "acc": 0.06849315017461777, "acc_or": 0.3219178020954132, "sender_entropy": 2.297630548477173, "receiver_entropy": 0.0, "original_loss": 2.1111199855804443, "mean_length": 6.0}
{"mode": "train", "epoch": 21, "loss": 1.4132009744644165, "acc": 0.016438355669379234, "acc_or": 0.13767123222351074, "sender_entropy": 2.2982800006866455, "receiver_entropy": 0.0, "original_loss": 2.186579704284668, "mean_length": 6.0}
{"mode": "test", "epoch": 21, "loss": 2.3734750747680664, "acc": 0.06849315017461777, "acc_or": 0.30821916460990906, "sender_entropy": 2.2974190711975098, "receiver_entropy": 0.0, "original_loss": 2.1017885208129883, "mean_length": 6.0}
{"mode": "train", "epoch": 22, "loss": 1.4041266441345215, "acc": 0.017351597547531128, "acc_or": 0.14006848633289337, "sender_entropy": 2.298123359680176, "receiver_entropy": 0.0, "original_loss": 2.18583607673645, "mean_length": 6.0}
{"mode": "test", "epoch": 22, "loss": 2.466714382171631, "acc": 0.10958904027938843, "acc_or": 0.3493150770664215, "sender_entropy": 2.297180414199829, "receiver_entropy": 0.0, "original_loss": 2.0921430587768555, "mean_length": 6.0}
{"mode": "train", "epoch": 23, "loss": 1.3813509941101074, "acc": 0.018493151292204857, "acc_or": 0.13732875883579254, "sender_entropy": 2.297891616821289, "receiver_entropy": 0.0, "original_loss": 2.1862916946411133, "mean_length": 6.0}
{"mode": "test", "epoch": 23, "loss": 2.5989720821380615, "acc": 0.12328767031431198, "acc_or": 0.3767123222351074, "sender_entropy": 2.2968389987945557, "receiver_entropy": 0.0, "original_loss": 2.0793004035949707, "mean_length": 6.0}
{"mode": "train", "epoch": 24, "loss": 1.3766063451766968, "acc": 0.017579907551407814, "acc_or": 0.14086757600307465, "sender_entropy": 2.297605276107788, "receiver_entropy": 0.0, "original_loss": 2.1853744983673096, "mean_length": 6.0}
{"mode": "test", "epoch": 24, "loss": 2.7718567848205566, "acc": 0.09589041024446487, "acc_or": 0.3287671208381653, "sender_entropy": 2.2963831424713135, "receiver_entropy": 0.0, "original_loss": 2.0626049041748047, "mean_length": 6.0}
{"mode": "train", "epoch": 25, "loss": 1.3779491186141968, "acc": 0.014611871913075447, "acc_or": 0.14041095972061157, "sender_entropy": 2.297189474105835, "receiver_entropy": 0.0, "original_loss": 2.18407940864563, "mean_length": 6.0}
{"mode": "test", "epoch": 25, "loss": 2.9096879959106445, "acc": 0.06849315017461777, "acc_or": 0.31506848335266113, "sender_entropy": 2.295724391937256, "receiver_entropy": 0.0, "original_loss": 2.048335552215576, "mean_length": 6.0}
{"mode": "train", "epoch": 26, "loss": 1.3830664157867432, "acc": 0.015296803787350655, "acc_or": 0.13367579877376556, "sender_entropy": 2.2965991497039795, "receiver_entropy": 0.0, "original_loss": 2.182448148727417, "mean_length": 6.0}
{"mode": "test", "epoch": 26, "loss": 3.0429160594940186, "acc": 0.09589041024446487, "acc_or": 0.3835616409778595, "sender_entropy": 2.2948129177093506, "receiver_entropy": 0.0, "original_loss": 2.033936023712158, "mean_length": 6.0}
{"mode": "train", "epoch": 27, "loss": 1.4009478092193604, "acc": 0.021004565060138702, "acc_or": 0.1520547866821289, "sender_entropy": 2.2957043647766113, "receiver_entropy": 0.0, "original_loss": 2.179732084274292, "mean_length": 6.0}
{"mode": "test", "epoch": 27, "loss": 3.166268825531006, "acc": 0.06849315017461777, "acc_or": 0.36301368474960327, "sender_entropy": 2.293452262878418, "receiver_entropy": 0.0, "original_loss": 2.0192277431488037, "mean_length": 6.0}
{"mode": "train", "epoch": 28, "loss": 1.4140986204147339, "acc": 0.019178081303834915, "acc_or": 0.14908675849437714, "sender_entropy": 2.2944352626800537, "receiver_entropy": 0.0, "original_loss": 2.177349090576172, "mean_length": 6.0}
{"mode": "test", "epoch": 28, "loss": 3.3134875297546387, "acc": 0.09589041024446487, "acc_or": 0.36986300349235535, "sender_entropy": 2.2913284301757812, "receiver_entropy": 0.0, "original_loss": 2.0010766983032227, "mean_length": 6.0}
{"mode": "train", "epoch": 29, "loss": 1.445067048072815, "acc": 0.023059360682964325, "acc_or": 0.15513698756694794, "sender_entropy": 2.2924723625183105, "receiver_entropy": 0.0, "original_loss": 2.1735029220581055, "mean_length": 6.0}
{"mode": "test", "epoch": 29, "loss": 3.453533172607422, "acc": 0.054794520139694214, "acc_or": 0.3561643958091736, "sender_entropy": 2.2878899574279785, "receiver_entropy": 0.0, "original_loss": 1.980920672416687, "mean_length": 6.0}
{"mode": "train", "epoch": 30, "loss": 1.4916861057281494, "acc": 0.022374428808689117, "acc_or": 0.1609589010477066, "sender_entropy": 2.2893269062042236, "receiver_entropy": 0.0, "original_loss": 2.168041944503784, "mean_length": 6.0}
{"mode": "test", "epoch": 30, "loss": 3.516902446746826, "acc": 0.04109589010477066, "acc_or": 0.31506848335266113, "sender_entropy": 2.2819948196411133, "receiver_entropy": 0.0, "original_loss": 1.9631943702697754, "mean_length": 6.0}
{"mode": "train", "epoch": 31, "loss": 1.55230712890625, "acc": 0.027625570073723793, "acc_or": 0.16518265008926392, "sender_entropy": 2.283968925476074, "receiver_entropy": 0.0, "original_loss": 2.161214828491211, "mean_length": 6.0}
{"mode": "test", "epoch": 31, "loss": 3.5028700828552246, "acc": 0.04109589010477066, "acc_or": 0.2945205569267273, "sender_entropy": 2.2714641094207764, "receiver_entropy": 0.0, "original_loss": 1.9464203119277954, "mean_length": 6.0}
{"mode": "train", "epoch": 32, "loss": 1.661844253540039, "acc": 0.028310501947999, "acc_or": 0.17385844886302948, "sender_entropy": 2.2744028568267822, "receiver_entropy": 0.0, "original_loss": 2.1494569778442383, "mean_length": 6.0}
{"mode": "test", "epoch": 32, "loss": 3.2599539756774902, "acc": 0.04109589010477066, "acc_or": 0.28082191944122314, "sender_entropy": 2.251744031906128, "receiver_entropy": 0.0, "original_loss": 1.9423861503601074, "mean_length": 6.0}
{"mode": "train", "epoch": 33, "loss": 1.8902125358581543, "acc": 0.035844746977090836, "acc_or": 0.19006848335266113, "sender_entropy": 2.2562990188598633, "receiver_entropy": 0.0, "original_loss": 2.126770257949829, "mean_length": 6.0}
{"mode": "test", "epoch": 33, "loss": 2.7624969482421875, "acc": 0.027397260069847107, "acc_or": 0.25342464447021484, "sender_entropy": 2.215183973312378, "receiver_entropy": 0.0, "original_loss": 1.955767035484314, "mean_length": 6.0}
{"mode": "train", "epoch": 34, "loss": 2.2067184448242188, "acc": 0.04178082197904587, "acc_or": 0.20913241803646088, "sender_entropy": 2.222003936767578, "receiver_entropy": 0.0, "original_loss": 2.0917558670043945, "mean_length": 6.0}
{"mode": "test", "epoch": 34, "loss": 2.0798559188842773, "acc": 0.04109589010477066, "acc_or": 0.25342464447021484, "sender_entropy": 2.1590850353240967, "receiver_entropy": 0.0, "original_loss": 1.988207221031189, "mean_length": 6.0}
{"mode": "train", "epoch": 35, "loss": 2.5818333625793457, "acc": 0.04109589010477066, "acc_or": 0.22625569999217987, "sender_entropy": 2.1664822101593018, "receiver_entropy": 0.0, "original_loss": 2.0445914268493652, "mean_length": 6.0}
{"mode": "test", "epoch": 35, "loss": 1.6849026679992676, "acc": 0.027397260069847107, "acc_or": 0.25342464447021484, "sender_entropy": 2.130279541015625, "receiver_entropy": 0.0, "original_loss": 2.0096375942230225, "mean_length": 6.0}
{"mode": "train", "epoch": 36, "loss": 2.86677885055542, "acc": 0.04406392574310303, "acc_or": 0.23378995060920715, "sender_entropy": 2.1337122917175293, "receiver_entropy": 0.0, "original_loss": 2.0042624473571777, "mean_length": 6.0}
{"mode": "test", "epoch": 36, "loss": 1.396220326423645, "acc": 0.027397260069847107, "acc_or": 0.2397260218858719, "sender_entropy": 2.129598617553711, "receiver_entropy": 0.0, "original_loss": 2.031512975692749, "mean_length": 6.0}
{"mode": "train", "epoch": 37, "loss": 3.046206474304199, "acc": 0.044748857617378235, "acc_or": 0.24155250191688538, "sender_entropy": 2.1258859634399414, "receiver_entropy": 0.0, "original_loss": 1.979247808456421, "mean_length": 6.0}
{"mode": "test", "epoch": 37, "loss": 1.9077394008636475, "acc": 0.054794520139694214, "acc_or": 0.2876712381839752, "sender_entropy": 2.159912347793579, "receiver_entropy": 0.0, "original_loss": 1.9894126653671265, "mean_length": 6.0}
{"mode": "train", "epoch": 38, "loss": 3.0270581245422363, "acc": 0.05000000074505806, "acc_or": 0.25296804308891296, "sender_entropy": 2.1512317657470703, "receiver_entropy": 0.0, "original_loss": 1.9757424592971802, "mean_length": 6.0}
{"mode": "test", "epoch": 38, "loss": 2.4474542140960693, "acc": 0.04109589010477066, "acc_or": 0.30821916460990906, "sender_entropy": 2.1747519969940186, "receiver_entropy": 0.0, "original_loss": 1.9375643730163574, "mean_length": 6.0}
{"mode": "train", "epoch": 39, "loss": 3.0107786655426025, "acc": 0.0502283088862896, "acc_or": 0.2446347028017044, "sender_entropy": 2.1625521183013916, "receiver_entropy": 0.0, "original_loss": 1.9736881256103516, "mean_length": 6.0}
{"mode": "test", "epoch": 39, "loss": 3.3947079181671143, "acc": 0.054794520139694214, "acc_or": 0.3287671208381653, "sender_entropy": 2.1779513359069824, "receiver_entropy": 0.0, "original_loss": 1.8409662246704102, "mean_length": 6.0}
{"mode": "train", "epoch": 40, "loss": 3.091235637664795, "acc": 0.052054792642593384, "acc_or": 0.2542237341403961, "sender_entropy": 2.163926839828491, "receiver_entropy": 0.0, "original_loss": 1.9637447595596313, "mean_length": 6.0}
{"mode": "test", "epoch": 40, "loss": 3.4260575771331787, "acc": 0.054794520139694214, "acc_or": 0.3287671208381653, "sender_entropy": 2.1536073684692383, "receiver_entropy": 0.0, "original_loss": 1.8179665803909302, "mean_length": 6.0}
{"mode": "train", "epoch": 41, "loss": 3.339167594909668, "acc": 0.056849315762519836, "acc_or": 0.26940637826919556, "sender_entropy": 2.134383201599121, "receiver_entropy": 0.0, "original_loss": 1.9291352033615112, "mean_length": 6.0}
{"mode": "test", "epoch": 41, "loss": 3.3417792320251465, "acc": 0.054794520139694214, "acc_or": 0.33561643958091736, "sender_entropy": 2.1126997470855713, "receiver_entropy": 0.0, "original_loss": 1.796342372894287, "mean_length": 6.0}
{"mode": "train", "epoch": 42, "loss": 3.6599347591400146, "acc": 0.05730593577027321, "acc_or": 0.2896118760108948, "sender_entropy": 2.084808349609375, "receiver_entropy": 0.0, "original_loss": 1.8840079307556152, "mean_length": 6.0}
{"mode": "test", "epoch": 42, "loss": 3.5430641174316406, "acc": 0.054794520139694214, "acc_or": 0.34246575832366943, "sender_entropy": 2.071568489074707, "receiver_entropy": 0.0, "original_loss": 1.7427805662155151, "mean_length": 6.0}
{"mode": "train", "epoch": 43, "loss": 3.906412124633789, "acc": 0.059132419526576996, "acc_or": 0.3019406199455261, "sender_entropy": 2.03540301322937, "receiver_entropy": 0.0, "original_loss": 1.8415018320083618, "mean_length": 6.0}
{"mode": "test", "epoch": 43, "loss": 3.6021289825439453, "acc": 0.04109589010477066, "acc_or": 0.3287671208381653, "sender_entropy": 2.0318191051483154, "receiver_entropy": 0.0, "original_loss": 1.704264760017395, "mean_length": 6.0}
{"mode": "train", "epoch": 44, "loss": 4.234251022338867, "acc": 0.07465752959251404, "acc_or": 0.3230593502521515, "sender_entropy": 1.9890252351760864, "receiver_entropy": 0.0, "original_loss": 1.7999253273010254, "mean_length": 6.0}
{"mode": "test", "epoch": 44, "loss": 3.8881139755249023, "acc": 0.04109589010477066, "acc_or": 0.36301368474960327, "sender_entropy": 2.0169811248779297, "receiver_entropy": 0.0, "original_loss": 1.646684169769287, "mean_length": 6.0}
{"mode": "train", "epoch": 45, "loss": 4.346664905548096, "acc": 0.0737442895770073, "acc_or": 0.3315068483352661, "sender_entropy": 1.9755744934082031, "receiver_entropy": 0.0, "original_loss": 1.774575114250183, "mean_length": 6.0}
{"mode": "test", "epoch": 45, "loss": 3.877756118774414, "acc": 0.054794520139694214, "acc_or": 0.3835616409778595, "sender_entropy": 1.9884939193725586, "receiver_entropy": 0.0, "original_loss": 1.626564383506775, "mean_length": 6.0}
{"mode": "train", "epoch": 46, "loss": 4.517829418182373, "acc": 0.08424657583236694, "acc_or": 0.34520548582077026, "sender_entropy": 1.945617437362671, "receiver_entropy": 0.0, "original_loss": 1.742188811302185, "mean_length": 6.0}
{"mode": "test", "epoch": 46, "loss": 3.8773202896118164, "acc": 0.08219178020954132, "acc_or": 0.39726027846336365, "sender_entropy": 1.969051718711853, "receiver_entropy": 0.0, "original_loss": 1.6045740842819214, "mean_length": 6.0}
{"mode": "train", "epoch": 47, "loss": 4.704853057861328, "acc": 0.0890410915017128, "acc_or": 0.358561635017395, "sender_entropy": 1.924566626548767, "receiver_entropy": 0.0, "original_loss": 1.707557201385498, "mean_length": 6.0}
{"mode": "test", "epoch": 47, "loss": 4.192862510681152, "acc": 0.08219178020954132, "acc_or": 0.39726027846336365, "sender_entropy": 1.9629428386688232, "receiver_entropy": 0.0, "original_loss": 1.555498480796814, "mean_length": 6.0}
{"mode": "train", "epoch": 48, "loss": 4.831958770751953, "acc": 0.09132420271635056, "acc_or": 0.3674657344818115, "sender_entropy": 1.9198143482208252, "receiver_entropy": 0.0, "original_loss": 1.6819560527801514, "mean_length": 6.0}
{"mode": "test", "epoch": 48, "loss": 4.65300989151001, "acc": 0.10958904027938843, "acc_or": 0.4178082048892975, "sender_entropy": 1.9617482423782349, "receiver_entropy": 0.0, "original_loss": 1.497698426246643, "mean_length": 6.0}
{"mode": "train", "epoch": 49, "loss": 5.01698112487793, "acc": 0.10821917653083801, "acc_or": 0.375684916973114, "sender_entropy": 1.9213933944702148, "receiver_entropy": 0.0, "original_loss": 1.6637701988220215, "mean_length": 6.0}
{"mode": "test", "epoch": 49, "loss": 5.003778457641602, "acc": 0.10958904027938843, "acc_or": 0.43150684237480164, "sender_entropy": 1.9729764461517334, "receiver_entropy": 0.0, "original_loss": 1.453731894493103, "mean_length": 6.0}
{"mode": "train", "epoch": 50, "loss": 5.179280757904053, "acc": 0.11803653091192245, "acc_or": 0.39303651452064514, "sender_entropy": 1.9354467391967773, "receiver_entropy": 0.0, "original_loss": 1.637559413909912, "mean_length": 6.0}
{"mode": "test", "epoch": 50, "loss": 5.137078285217285, "acc": 0.13698630034923553, "acc_or": 0.4452054798603058, "sender_entropy": 1.966782808303833, "receiver_entropy": 0.0, "original_loss": 1.4204113483428955, "mean_length": 6.0}
{"mode": "train", "epoch": 51, "loss": 5.414073467254639, "acc": 0.12420091032981873, "acc_or": 0.4021689295768738, "sender_entropy": 1.9237366914749146, "receiver_entropy": 0.0, "original_loss": 1.6055349111557007, "mean_length": 6.0}
{"mode": "test", "epoch": 51, "loss": 4.995028972625732, "acc": 0.10958904027938843, "acc_or": 0.4383561611175537, "sender_entropy": 1.947047472000122, "receiver_entropy": 0.0, "original_loss": 1.4134660959243774, "mean_length": 6.0}
{"mode": "train", "epoch": 52, "loss": 5.648108005523682, "acc": 0.1335616409778595, "acc_or": 0.41655251383781433, "sender_entropy": 1.8979614973068237, "receiver_entropy": 0.0, "original_loss": 1.5692468881607056, "mean_length": 6.0}
{"mode": "test", "epoch": 52, "loss": 4.739681720733643, "acc": 0.13698630034923553, "acc_or": 0.4383561611175537, "sender_entropy": 1.9207398891448975, "receiver_entropy": 0.0, "original_loss": 1.4043582677841187, "mean_length": 6.0}
{"mode": "train", "epoch": 53, "loss": 5.783648490905762, "acc": 0.13881278038024902, "acc_or": 0.4287671148777008, "sender_entropy": 1.866316556930542, "receiver_entropy": 0.0, "original_loss": 1.5341389179229736, "mean_length": 6.0}
{"mode": "test", "epoch": 53, "loss": 4.894636631011963, "acc": 0.10958904027938843, "acc_or": 0.4383561611175537, "sender_entropy": 1.8881386518478394, "receiver_entropy": 0.0, "original_loss": 1.358477234840393, "mean_length": 6.0}
{"mode": "train", "epoch": 54, "loss": 5.979269504547119, "acc": 0.14269405603408813, "acc_or": 0.4302511215209961, "sender_entropy": 1.830487847328186, "receiver_entropy": 0.0, "original_loss": 1.4934382438659668, "mean_length": 6.0}
{"mode": "test", "epoch": 54, "loss": 4.787874221801758, "acc": 0.12328767031431198, "acc_or": 0.4452054798603058, "sender_entropy": 1.8524365425109863, "receiver_entropy": 0.0, "original_loss": 1.336309552192688, "mean_length": 6.0}
{"mode": "train", "epoch": 55, "loss": 6.11582612991333, "acc": 0.1527397185564041, "acc_or": 0.4476027190685272, "sender_entropy": 1.7919255495071411, "receiver_entropy": 0.0, "original_loss": 1.4553674459457397, "mean_length": 6.0}
{"mode": "test", "epoch": 55, "loss": 4.697231292724609, "acc": 0.13698630034923553, "acc_or": 0.4383561611175537, "sender_entropy": 1.8241186141967773, "receiver_entropy": 0.0, "original_loss": 1.3228271007537842, "mean_length": 6.0}
{"mode": "train", "epoch": 56, "loss": 6.303407192230225, "acc": 0.16575342416763306, "acc_or": 0.46358445286750793, "sender_entropy": 1.7591861486434937, "receiver_entropy": 0.0, "original_loss": 1.4118691682815552, "mean_length": 6.0}
{"mode": "test", "epoch": 56, "loss": 4.6214118003845215, "acc": 0.19178082048892975, "acc_or": 0.4794520437717438, "sender_entropy": 1.8035639524459839, "receiver_entropy": 0.0, "original_loss": 1.300622820854187, "mean_length": 6.0}
{"mode": "train", "epoch": 57, "loss": 6.321932792663574, "acc": 0.16963469982147217, "acc_or": 0.4718036353588104, "sender_entropy": 1.741422414779663, "receiver_entropy": 0.0, "original_loss": 1.3923547267913818, "mean_length": 6.0}
{"mode": "test", "epoch": 57, "loss": 4.826954364776611, "acc": 0.1780821979045868, "acc_or": 0.4931506812572479, "sender_entropy": 1.8015308380126953, "receiver_entropy": 0.0, "original_loss": 1.2694886922836304, "mean_length": 6.0}
{"mode": "train", "epoch": 58, "loss": 6.422956943511963, "acc": 0.1812785416841507, "acc_or": 0.48264840245246887, "sender_entropy": 1.7455646991729736, "receiver_entropy": 0.0, "original_loss": 1.3717693090438843, "mean_length": 6.0}
{"mode": "test", "epoch": 58, "loss": 4.833345413208008, "acc": 0.1780821979045868, "acc_or": 0.5, "sender_entropy": 1.7944978475570679, "receiver_entropy": 0.0, "original_loss": 1.255427598953247, "mean_length": 6.0}
{"mode": "train", "epoch": 59, "loss": 6.212421894073486, "acc": 0.18310502171516418, "acc_or": 0.4747716784477234, "sender_entropy": 1.7407463788986206, "receiver_entropy": 0.0, "original_loss": 1.3743382692337036, "mean_length": 6.0}
{"mode": "test", "epoch": 59, "loss": 4.904708385467529, "acc": 0.2054794430732727, "acc_or": 0.48630136251449585, "sender_entropy": 1.7875661849975586, "receiver_entropy": 0.0, "original_loss": 1.2332993745803833, "mean_length": 6.0}
{"mode": "train", "epoch": 60, "loss": 6.247211456298828, "acc": 0.19383561611175537, "acc_or": 0.48664382100105286, "sender_entropy": 1.7348941564559937, "receiver_entropy": 0.0, "original_loss": 1.3524019718170166, "mean_length": 6.0}
{"mode": "test", "epoch": 60, "loss": 4.949827194213867, "acc": 0.19178082048892975, "acc_or": 0.5, "sender_entropy": 1.7762116193771362, "receiver_entropy": 0.0, "original_loss": 1.2093932628631592, "mean_length": 6.0}
{"mode": "train", "epoch": 61, "loss": 6.414425849914551, "acc": 0.1965753436088562, "acc_or": 0.4939497709274292, "sender_entropy": 1.7155640125274658, "receiver_entropy": 0.0, "original_loss": 1.3206990957260132, "mean_length": 6.0}
{"mode": "test", "epoch": 61, "loss": 5.386739253997803, "acc": 0.232876718044281, "acc_or": 0.5410959124565125, "sender_entropy": 1.7636065483093262, "receiver_entropy": 0.0, "original_loss": 1.125159740447998, "mean_length": 6.0}
{"mode": "train", "epoch": 62, "loss": 6.548821449279785, "acc": 0.21141551434993744, "acc_or": 0.5070776343345642, "sender_entropy": 1.705153226852417, "receiver_entropy": 0.0, "original_loss": 1.2890666723251343, "mean_length": 6.0}
{"mode": "test", "epoch": 62, "loss": 5.452678680419922, "acc": 0.24657534062862396, "acc_or": 0.5547944903373718, "sender_entropy": 1.7470237016677856, "receiver_entropy": 0.0, "original_loss": 1.0886993408203125, "mean_length": 6.0}
{"mode": "train", "epoch": 63, "loss": 6.679078102111816, "acc": 0.2118721455335617, "acc_or": 0.5114155411720276, "sender_entropy": 1.6820498704910278, "receiver_entropy": 0.0, "original_loss": 1.262534499168396, "mean_length": 6.0}
{"mode": "test", "epoch": 63, "loss": 5.253137588500977, "acc": 0.232876718044281, "acc_or": 0.5616438388824463, "sender_entropy": 1.7342681884765625, "receiver_entropy": 0.0, "original_loss": 1.1086020469665527, "mean_length": 6.0}
{"mode": "train", "epoch": 64, "loss": 6.724620342254639, "acc": 0.2257990837097168, "acc_or": 0.525114119052887, "sender_entropy": 1.66279137134552, "receiver_entropy": 0.0, "original_loss": 1.2387723922729492, "mean_length": 6.0}
{"mode": "test", "epoch": 64, "loss": 5.27505350112915, "acc": 0.232876718044281, "acc_or": 0.5479452013969421, "sender_entropy": 1.7280040979385376, "receiver_entropy": 0.0, "original_loss": 1.0894451141357422, "mean_length": 6.0}
{"mode": "train", "epoch": 65, "loss": 6.774082183837891, "acc": 0.24406392872333527, "acc_or": 0.5357306003570557, "sender_entropy": 1.6560977697372437, "receiver_entropy": 0.0, "original_loss": 1.2139090299606323, "mean_length": 6.0}
{"mode": "test", "epoch": 65, "loss": 5.400505542755127, "acc": 0.2876712381839752, "acc_or": 0.5958904027938843, "sender_entropy": 1.722009301185608, "receiver_entropy": 0.0, "original_loss": 1.0512653589248657, "mean_length": 6.0}
{"mode": "train", "epoch": 66, "loss": 6.8687639236450195, "acc": 0.23767122626304626, "acc_or": 0.5410958528518677, "sender_entropy": 1.6518504619598389, "receiver_entropy": 0.0, "original_loss": 1.1864794492721558, "mean_length": 6.0}
{"mode": "test", "epoch": 66, "loss": 5.398176670074463, "acc": 0.31506848335266113, "acc_or": 0.602739691734314, "sender_entropy": 1.7063812017440796, "receiver_entropy": 0.0, "original_loss": 1.0199580192565918, "mean_length": 6.0}
{"mode": "train", "epoch": 67, "loss": 6.923769950866699, "acc": 0.2545661926269531, "acc_or": 0.5555936098098755, "sender_entropy": 1.6315113306045532, "receiver_entropy": 0.0, "original_loss": 1.163305401802063, "mean_length": 6.0}
{"mode": "test", "epoch": 67, "loss": 5.1263747215271, "acc": 0.3287671208381653, "acc_or": 0.5890411138534546, "sender_entropy": 1.6882424354553223, "receiver_entropy": 0.0, "original_loss": 1.0397995710372925, "mean_length": 6.0}
{"mode": "train", "epoch": 68, "loss": 6.976474285125732, "acc": 0.26118719577789307, "acc_or": 0.5593607425689697, "sender_entropy": 1.616247534751892, "receiver_entropy": 0.0, "original_loss": 1.1376584768295288, "mean_length": 6.0}
{"mode": "test", "epoch": 68, "loss": 5.448654651641846, "acc": 0.31506848335266113, "acc_or": 0.5890411138534546, "sender_entropy": 1.6715092658996582, "receiver_entropy": 0.0, "original_loss": 0.9516277313232422, "mean_length": 6.0}
{"mode": "train", "epoch": 69, "loss": 6.932198524475098, "acc": 0.2767123281955719, "acc_or": 0.5647259950637817, "sender_entropy": 1.6061877012252808, "receiver_entropy": 0.0, "original_loss": 1.1233981847763062, "mean_length": 6.0}
{"mode": "test", "epoch": 69, "loss": 5.554271697998047, "acc": 0.3835616409778595, "acc_or": 0.6438356041908264, "sender_entropy": 1.6618739366531372, "receiver_entropy": 0.0, "original_loss": 0.9150934815406799, "mean_length": 6.0}
{"mode": "train", "epoch": 70, "loss": 6.918456077575684, "acc": 0.2894977033138275, "acc_or": 0.5739725828170776, "sender_entropy": 1.5978325605392456, "receiver_entropy": 0.0, "original_loss": 1.1006494760513306, "mean_length": 6.0}
{"mode": "test", "epoch": 70, "loss": 5.608820915222168, "acc": 0.39726027846336365, "acc_or": 0.6575342416763306, "sender_entropy": 1.6506071090698242, "receiver_entropy": 0.0, "original_loss": 0.900564432144165, "mean_length": 6.0}
{"mode": "train", "epoch": 71, "loss": 6.970646858215332, "acc": 0.29543378949165344, "acc_or": 0.5751141309738159, "sender_entropy": 1.5792814493179321, "receiver_entropy": 0.0, "original_loss": 1.0882283449172974, "mean_length": 6.0}
{"mode": "test", "epoch": 71, "loss": 5.353975772857666, "acc": 0.3561643958091736, "acc_or": 0.6438356041908264, "sender_entropy": 1.6465171575546265, "receiver_entropy": 0.0, "original_loss": 0.9183040261268616, "mean_length": 6.0}
{"mode": "train", "epoch": 72, "loss": 7.139611721038818, "acc": 0.31529679894447327, "acc_or": 0.5952054858207703, "sender_entropy": 1.572957158088684, "receiver_entropy": 0.0, "original_loss": 1.049265742301941, "mean_length": 6.0}
{"mode": "test", "epoch": 72, "loss": 5.6048359870910645, "acc": 0.4109588861465454, "acc_or": 0.6780821681022644, "sender_entropy": 1.6297857761383057, "receiver_entropy": 0.0, "original_loss": 0.8429147601127625, "mean_length": 6.0}
{"mode": "train", "epoch": 73, "loss": 7.0832319259643555, "acc": 0.3237442970275879, "acc_or": 0.6017123460769653, "sender_entropy": 1.5576425790786743, "receiver_entropy": 0.0, "original_loss": 1.0298023223876953, "mean_length": 6.0}
{"mode": "test", "epoch": 73, "loss": 5.61359167098999, "acc": 0.39726027846336365, "acc_or": 0.6712328791618347, "sender_entropy": 1.6105928421020508, "receiver_entropy": 0.0, "original_loss": 0.8122920393943787, "mean_length": 6.0}
{"mode": "train", "epoch": 74, "loss": 7.155917167663574, "acc": 0.3337899446487427, "acc_or": 0.6039954423904419, "sender_entropy": 1.5395293235778809, "receiver_entropy": 0.0, "original_loss": 1.0076513290405273, "mean_length": 6.0}
{"mode": "test", "epoch": 74, "loss": 5.541051387786865, "acc": 0.3835616409778595, "acc_or": 0.6643835306167603, "sender_entropy": 1.5977864265441895, "receiver_entropy": 0.0, "original_loss": 0.8098732829093933, "mean_length": 6.0}
{"mode": "train", "epoch": 75, "loss": 7.251267910003662, "acc": 0.3390410840511322, "acc_or": 0.6188356280326843, "sender_entropy": 1.5256487131118774, "receiver_entropy": 0.0, "original_loss": 0.9749473929405212, "mean_length": 6.0}
{"mode": "test", "epoch": 75, "loss": 5.419363975524902, "acc": 0.4109588861465454, "acc_or": 0.6712328791618347, "sender_entropy": 1.5841354131698608, "receiver_entropy": 0.0, "original_loss": 0.8070517778396606, "mean_length": 6.0}
{"mode": "train", "epoch": 76, "loss": 7.3065409660339355, "acc": 0.3600456416606903, "acc_or": 0.6319634318351746, "sender_entropy": 1.5095391273498535, "receiver_entropy": 0.0, "original_loss": 0.9491097331047058, "mean_length": 6.0}
{"mode": "test", "epoch": 76, "loss": 5.627785682678223, "acc": 0.465753436088562, "acc_or": 0.7054794430732727, "sender_entropy": 1.5786035060882568, "receiver_entropy": 0.0, "original_loss": 0.7429518699645996, "mean_length": 6.0}
{"mode": "train", "epoch": 77, "loss": 7.346432685852051, "acc": 0.38059359788894653, "acc_or": 0.646803617477417, "sender_entropy": 1.495315432548523, "receiver_entropy": 0.0, "original_loss": 0.9194157719612122, "mean_length": 6.0}
{"mode": "test", "epoch": 77, "loss": 5.5120744705200195, "acc": 0.45205479860305786, "acc_or": 0.7123287916183472, "sender_entropy": 1.5665080547332764, "receiver_entropy": 0.0, "original_loss": 0.7409841418266296, "mean_length": 6.0}
{"mode": "train", "epoch": 78, "loss": 7.386477470397949, "acc": 0.39543378353118896, "acc_or": 0.6482876539230347, "sender_entropy": 1.4823086261749268, "receiver_entropy": 0.0, "original_loss": 0.9020093083381653, "mean_length": 6.0}
{"mode": "test", "epoch": 78, "loss": 5.597679138183594, "acc": 0.4383561611175537, "acc_or": 0.698630154132843, "sender_entropy": 1.568843960762024, "receiver_entropy": 0.0, "original_loss": 0.7145870327949524, "mean_length": 6.0}
{"mode": "train", "epoch": 79, "loss": 7.327759742736816, "acc": 0.39520546793937683, "acc_or": 0.656620979309082, "sender_entropy": 1.481215238571167, "receiver_entropy": 0.0, "original_loss": 0.8866028785705566, "mean_length": 6.0}
{"mode": "test", "epoch": 79, "loss": 5.469048023223877, "acc": 0.4794520437717438, "acc_or": 0.7123287916183472, "sender_entropy": 1.556753396987915, "receiver_entropy": 0.0, "original_loss": 0.7209321856498718, "mean_length": 6.0}
{"mode": "train", "epoch": 80, "loss": 7.321354866027832, "acc": 0.39977169036865234, "acc_or": 0.6582191586494446, "sender_entropy": 1.4664015769958496, "receiver_entropy": 0.0, "original_loss": 0.8753997087478638, "mean_length": 6.0}
{"mode": "test", "epoch": 80, "loss": 5.615550518035889, "acc": 0.534246563911438, "acc_or": 0.7534246444702148, "sender_entropy": 1.5409855842590332, "receiver_entropy": 0.0, "original_loss": 0.6618433594703674, "mean_length": 6.0}
{"mode": "train", "epoch": 81, "loss": 7.311391353607178, "acc": 0.4191780686378479, "acc_or": 0.6703196167945862, "sender_entropy": 1.462756872177124, "receiver_entropy": 0.0, "original_loss": 0.8518534302711487, "mean_length": 6.0}
{"mode": "test", "epoch": 81, "loss": 5.641407489776611, "acc": 0.5479452013969421, "acc_or": 0.767123281955719, "sender_entropy": 1.539979338645935, "receiver_entropy": 0.0, "original_loss": 0.6422737836837769, "mean_length": 6.0}
{"mode": "train", "epoch": 82, "loss": 7.470337867736816, "acc": 0.4381278455257416, "acc_or": 0.6817351579666138, "sender_entropy": 1.4534595012664795, "receiver_entropy": 0.0, "original_loss": 0.819748044013977, "mean_length": 6.0}
{"mode": "test", "epoch": 82, "loss": 5.694231033325195, "acc": 0.5479452013969421, "acc_or": 0.7602739930152893, "sender_entropy": 1.5394678115844727, "receiver_entropy": 0.0, "original_loss": 0.6236507296562195, "mean_length": 6.0}
{"mode": "train", "epoch": 83, "loss": 7.407292366027832, "acc": 0.44634702801704407, "acc_or": 0.6863013505935669, "sender_entropy": 1.4519879817962646, "receiver_entropy": 0.0, "original_loss": 0.8102626800537109, "mean_length": 6.0}
{"mode": "test", "epoch": 83, "loss": 5.704895496368408, "acc": 0.5890411138534546, "acc_or": 0.7808219194412231, "sender_entropy": 1.529968023300171, "receiver_entropy": 0.0, "original_loss": 0.5960114598274231, "mean_length": 6.0}
{"mode": "train", "epoch": 84, "loss": 7.379404544830322, "acc": 0.4605022668838501, "acc_or": 0.6946346759796143, "sender_entropy": 1.4439820051193237, "receiver_entropy": 0.0, "original_loss": 0.7936528325080872, "mean_length": 6.0}
{"mode": "test", "epoch": 84, "loss": 5.483429431915283, "acc": 0.534246563911438, "acc_or": 0.7534246444702148, "sender_entropy": 1.5166178941726685, "receiver_entropy": 0.0, "original_loss": 0.6068620681762695, "mean_length": 6.0}
{"mode": "train", "epoch": 85, "loss": 7.354663372039795, "acc": 0.4630136787891388, "acc_or": 0.7012556791305542, "sender_entropy": 1.4309149980545044, "receiver_entropy": 0.0, "original_loss": 0.7762032747268677, "mean_length": 6.0}
{"mode": "test", "epoch": 85, "loss": 5.539026260375977, "acc": 0.5890411138534546, "acc_or": 0.7945205569267273, "sender_entropy": 1.5070446729660034, "receiver_entropy": 0.0, "original_loss": 0.5795181393623352, "mean_length": 6.0}
{"mode": "train", "epoch": 86, "loss": 7.422262191772461, "acc": 0.47374427318573, "acc_or": 0.7105022668838501, "sender_entropy": 1.415884017944336, "receiver_entropy": 0.0, "original_loss": 0.7585103511810303, "mean_length": 6.0}
{"mode": "test", "epoch": 86, "loss": 5.6628007888793945, "acc": 0.6301369667053223, "acc_or": 0.801369845867157, "sender_entropy": 1.5029683113098145, "receiver_entropy": 0.0, "original_loss": 0.5373468995094299, "mean_length": 6.0}
{"mode": "train", "epoch": 87, "loss": 7.450762748718262, "acc": 0.48127853870391846, "acc_or": 0.7136986255645752, "sender_entropy": 1.4123263359069824, "receiver_entropy": 0.0, "original_loss": 0.7393678426742554, "mean_length": 6.0}
{"mode": "test", "epoch": 87, "loss": 5.689878463745117, "acc": 0.6438356041908264, "acc_or": 0.8219177722930908, "sender_entropy": 1.5083144903182983, "receiver_entropy": 0.0, "original_loss": 0.5298224687576294, "mean_length": 6.0}
{"mode": "train", "epoch": 88, "loss": 7.462862491607666, "acc": 0.4940639138221741, "acc_or": 0.7222602367401123, "sender_entropy": 1.4101372957229614, "receiver_entropy": 0.0, "original_loss": 0.7230218648910522, "mean_length": 6.0}
{"mode": "test", "epoch": 88, "loss": 5.684754371643066, "acc": 0.5890411138534546, "acc_or": 0.7945205569267273, "sender_entropy": 1.50369131565094, "receiver_entropy": 0.0, "original_loss": 0.519538164138794, "mean_length": 6.0}
{"mode": "train", "epoch": 89, "loss": 7.324660778045654, "acc": 0.49840182065963745, "acc_or": 0.7220319509506226, "sender_entropy": 1.4035412073135376, "receiver_entropy": 0.0, "original_loss": 0.7150615453720093, "mean_length": 6.0}
{"mode": "test", "epoch": 89, "loss": 5.716584205627441, "acc": 0.6301369667053223, "acc_or": 0.8082191944122314, "sender_entropy": 1.4923425912857056, "receiver_entropy": 0.0, "original_loss": 0.4808254539966583, "mean_length": 6.0}
{"mode": "train", "epoch": 90, "loss": 7.499214172363281, "acc": 0.5326483845710754, "acc_or": 0.741552472114563, "sender_entropy": 1.3921899795532227, "receiver_entropy": 0.0, "original_loss": 0.6784984469413757, "mean_length": 6.0}
{"mode": "test", "epoch": 90, "loss": 5.699099063873291, "acc": 0.6438356041908264, "acc_or": 0.8150684833526611, "sender_entropy": 1.478917121887207, "receiver_entropy": 0.0, "original_loss": 0.4669618010520935, "mean_length": 6.0}
{"mode": "train", "epoch": 91, "loss": 7.447445392608643, "acc": 0.5235159993171692, "acc_or": 0.7404109239578247, "sender_entropy": 1.3835694789886475, "receiver_entropy": 0.0, "original_loss": 0.6699278950691223, "mean_length": 6.0}
{"mode": "test", "epoch": 91, "loss": 5.615245819091797, "acc": 0.7123287916183472, "acc_or": 0.8561643958091736, "sender_entropy": 1.464599847793579, "receiver_entropy": 0.0, "original_loss": 0.45889967679977417, "mean_length": 6.0}
{"mode": "train", "epoch": 92, "loss": 7.270313739776611, "acc": 0.5438355803489685, "acc_or": 0.7485159635543823, "sender_entropy": 1.368727445602417, "receiver_entropy": 0.0, "original_loss": 0.6690343618392944, "mean_length": 6.0}
{"mode": "test", "epoch": 92, "loss": 5.5830912590026855, "acc": 0.6712328791618347, "acc_or": 0.835616409778595, "sender_entropy": 1.4615283012390137, "receiver_entropy": 0.0, "original_loss": 0.45353394746780396, "mean_length": 6.0}
{"mode": "train", "epoch": 93, "loss": 7.380189895629883, "acc": 0.550000011920929, "acc_or": 0.7549086809158325, "sender_entropy": 1.3654413223266602, "receiver_entropy": 0.0, "original_loss": 0.6465839147567749, "mean_length": 6.0}
{"mode": "test", "epoch": 93, "loss": 5.558384895324707, "acc": 0.7397260069847107, "acc_or": 0.8698630332946777, "sender_entropy": 1.464360237121582, "receiver_entropy": 0.0, "original_loss": 0.4427295923233032, "mean_length": 6.0}
{"mode": "train", "epoch": 94, "loss": 7.361839771270752, "acc": 0.5550228357315063, "acc_or": 0.7537671327590942, "sender_entropy": 1.3711414337158203, "receiver_entropy": 0.0, "original_loss": 0.6385358572006226, "mean_length": 6.0}
{"mode": "test", "epoch": 94, "loss": 5.551670551300049, "acc": 0.7260273694992065, "acc_or": 0.8630136847496033, "sender_entropy": 1.476464867591858, "receiver_entropy": 0.0, "original_loss": 0.45050325989723206, "mean_length": 6.0}
{"mode": "train", "epoch": 95, "loss": 7.237724304199219, "acc": 0.5698630213737488, "acc_or": 0.7619863152503967, "sender_entropy": 1.3776826858520508, "receiver_entropy": 0.0, "original_loss": 0.6358177661895752, "mean_length": 6.0}
{"mode": "test", "epoch": 95, "loss": 5.5056633949279785, "acc": 0.698630154132843, "acc_or": 0.8493150472640991, "sender_entropy": 1.474378228187561, "receiver_entropy": 0.0, "original_loss": 0.4452454447746277, "mean_length": 6.0}
{"mode": "train", "epoch": 96, "loss": 7.2460036277771, "acc": 0.5632420182228088, "acc_or": 0.7600456476211548, "sender_entropy": 1.373412847518921, "receiver_entropy": 0.0, "original_loss": 0.6205736398696899, "mean_length": 6.0}
{"mode": "test", "epoch": 96, "loss": 5.42226505279541, "acc": 0.7123287916183472, "acc_or": 0.8493150472640991, "sender_entropy": 1.4614781141281128, "receiver_entropy": 0.0, "original_loss": 0.4372757077217102, "mean_length": 6.0}
{"mode": "train", "epoch": 97, "loss": 7.1759490966796875, "acc": 0.5518264770507812, "acc_or": 0.7538812756538391, "sender_entropy": 1.361602544784546, "receiver_entropy": 0.0, "original_loss": 0.6176587343215942, "mean_length": 6.0}
{"mode": "test", "epoch": 97, "loss": 5.484311103820801, "acc": 0.7397260069847107, "acc_or": 0.8561643958091736, "sender_entropy": 1.458292841911316, "receiver_entropy": 0.0, "original_loss": 0.41175156831741333, "mean_length": 6.0}
{"mode": "train", "epoch": 98, "loss": 7.209746360778809, "acc": 0.5796803832054138, "acc_or": 0.7714611887931824, "sender_entropy": 1.3563287258148193, "receiver_entropy": 0.0, "original_loss": 0.5948725938796997, "mean_length": 6.0}
{"mode": "test", "epoch": 98, "loss": 5.461176872253418, "acc": 0.7534246444702148, "acc_or": 0.8767123222351074, "sender_entropy": 1.4556411504745483, "receiver_entropy": 0.0, "original_loss": 0.3923139274120331, "mean_length": 6.0}
{"mode": "train", "epoch": 99, "loss": 7.177506923675537, "acc": 0.5979452133178711, "acc_or": 0.7792237401008606, "sender_entropy": 1.3542877435684204, "receiver_entropy": 0.0, "original_loss": 0.5859994292259216, "mean_length": 6.0}
{"mode": "test", "epoch": 99, "loss": 5.474716663360596, "acc": 0.7260273694992065, "acc_or": 0.8630136847496033, "sender_entropy": 1.4539412260055542, "receiver_entropy": 0.0, "original_loss": 0.3846729099750519, "mean_length": 6.0}
{"mode": "train", "epoch": 100, "loss": 7.114366054534912, "acc": 0.594063937664032, "acc_or": 0.7770547866821289, "sender_entropy": 1.3504828214645386, "receiver_entropy": 0.0, "original_loss": 0.5835572481155396, "mean_length": 6.0}
{"mode": "test", "epoch": 100, "loss": 5.556035041809082, "acc": 0.7397260069847107, "acc_or": 0.8698630332946777, "sender_entropy": 1.4525457620620728, "receiver_entropy": 0.0, "original_loss": 0.3544962704181671, "mean_length": 6.0}
{"mode": "train", "epoch": 101, "loss": 6.971763610839844, "acc": 0.6100456714630127, "acc_or": 0.7871004343032837, "sender_entropy": 1.3508847951889038, "receiver_entropy": 0.0, "original_loss": 0.5795412063598633, "mean_length": 6.0}
{"mode": "test", "epoch": 101, "loss": 5.552679061889648, "acc": 0.7808219194412231, "acc_or": 0.8904109597206116, "sender_entropy": 1.4444833993911743, "receiver_entropy": 0.0, "original_loss": 0.3261924684047699, "mean_length": 6.0}
{"mode": "train", "epoch": 102, "loss": 7.134730815887451, "acc": 0.6203196048736572, "acc_or": 0.793379008769989, "sender_entropy": 1.3391246795654297, "receiver_entropy": 0.0, "original_loss": 0.5512038469314575, "mean_length": 6.0}
{"mode": "test", "epoch": 102, "loss": 5.43729305267334, "acc": 0.7808219194412231, "acc_or": 0.8904109597206116, "sender_entropy": 1.4367191791534424, "receiver_entropy": 0.0, "original_loss": 0.3281872272491455, "mean_length": 6.0}
{"mode": "train", "epoch": 103, "loss": 7.078432559967041, "acc": 0.6260274052619934, "acc_or": 0.7942922115325928, "sender_entropy": 1.3370133638381958, "receiver_entropy": 0.0, "original_loss": 0.5463863611221313, "mean_length": 6.0}
{"mode": "test", "epoch": 103, "loss": 5.308065891265869, "acc": 0.7534246444702148, "acc_or": 0.8767123222351074, "sender_entropy": 1.4258009195327759, "receiver_entropy": 0.0, "original_loss": 0.3359678089618683, "mean_length": 6.0}
{"mode": "train", "epoch": 104, "loss": 7.046031951904297, "acc": 0.6328766942024231, "acc_or": 0.801369845867157, "sender_entropy": 1.325201153755188, "receiver_entropy": 0.0, "original_loss": 0.5294926166534424, "mean_length": 6.0}
{"mode": "test", "epoch": 104, "loss": 5.208169937133789, "acc": 0.767123281955719, "acc_or": 0.8835616111755371, "sender_entropy": 1.4082190990447998, "receiver_entropy": 0.0, "original_loss": 0.3227088451385498, "mean_length": 6.0}
{"mode": "train", "epoch": 105, "loss": 7.054357528686523, "acc": 0.6499999761581421, "acc_or": 0.8099315166473389, "sender_entropy": 1.3144208192825317, "receiver_entropy": 0.0, "original_loss": 0.5168865323066711, "mean_length": 6.0}
{"mode": "test", "epoch": 105, "loss": 5.067534923553467, "acc": 0.767123281955719, "acc_or": 0.8835616111755371, "sender_entropy": 1.397251844406128, "receiver_entropy": 0.0, "original_loss": 0.33618927001953125, "mean_length": 6.0}
{"mode": "train", "epoch": 106, "loss": 7.055878162384033, "acc": 0.6582191586494446, "acc_or": 0.8147259950637817, "sender_entropy": 1.3040751218795776, "receiver_entropy": 0.0, "original_loss": 0.49818024039268494, "mean_length": 6.0}
{"mode": "test", "epoch": 106, "loss": 5.115264415740967, "acc": 0.767123281955719, "acc_or": 0.8835616111755371, "sender_entropy": 1.401579737663269, "receiver_entropy": 0.0, "original_loss": 0.32495319843292236, "mean_length": 6.0}
{"mode": "train", "epoch": 107, "loss": 7.0102410316467285, "acc": 0.6643835306167603, "acc_or": 0.8166666626930237, "sender_entropy": 1.3043792247772217, "receiver_entropy": 0.0, "original_loss": 0.4940275251865387, "mean_length": 6.0}
{"mode": "test", "epoch": 107, "loss": 5.061685562133789, "acc": 0.8082191944122314, "acc_or": 0.9041095972061157, "sender_entropy": 1.3877415657043457, "receiver_entropy": 0.0, "original_loss": 0.30826452374458313, "mean_length": 6.0}
{"mode": "train", "epoch": 108, "loss": 6.84600305557251, "acc": 0.6673516035079956, "acc_or": 0.8174657225608826, "sender_entropy": 1.2961058616638184, "receiver_entropy": 0.0, "original_loss": 0.4965986907482147, "mean_length": 6.0}
{"mode": "test", "epoch": 108, "loss": 5.053220748901367, "acc": 0.835616409778595, "acc_or": 0.9178082346916199, "sender_entropy": 1.3816388845443726, "receiver_entropy": 0.0, "original_loss": 0.30042147636413574, "mean_length": 6.0}
{"mode": "train", "epoch": 109, "loss": 6.923298358917236, "acc": 0.6849315166473389, "acc_or": 0.828995406627655, "sender_entropy": 1.2836567163467407, "receiver_entropy": 0.0, "original_loss": 0.47181662917137146, "mean_length": 6.0}
{"mode": "test", "epoch": 109, "loss": 5.114305019378662, "acc": 0.8630136847496033, "acc_or": 0.931506872177124, "sender_entropy": 1.37816321849823, "receiver_entropy": 0.0, "original_loss": 0.26646339893341064, "mean_length": 6.0}
{"mode": "train", "epoch": 110, "loss": 6.956812381744385, "acc": 0.6956620812416077, "acc_or": 0.837442934513092, "sender_entropy": 1.27748441696167, "receiver_entropy": 0.0, "original_loss": 0.45500054955482483, "mean_length": 6.0}
{"mode": "test", "epoch": 110, "loss": 4.989898204803467, "acc": 0.835616409778595, "acc_or": 0.9178082346916199, "sender_entropy": 1.3694864511489868, "receiver_entropy": 0.0, "original_loss": 0.2818607687950134, "mean_length": 6.0}
{"mode": "train", "epoch": 111, "loss": 6.970006465911865, "acc": 0.715753436088562, "acc_or": 0.8484017848968506, "sender_entropy": 1.268308162689209, "receiver_entropy": 0.0, "original_loss": 0.433746874332428, "mean_length": 6.0}
{"mode": "test", "epoch": 111, "loss": 4.985124588012695, "acc": 0.8219177722930908, "acc_or": 0.9109588861465454, "sender_entropy": 1.367577314376831, "receiver_entropy": 0.0, "original_loss": 0.2818041145801544, "mean_length": 6.0}
{"mode": "train", "epoch": 112, "loss": 6.829398155212402, "acc": 0.7027397155761719, "acc_or": 0.8396118879318237, "sender_entropy": 1.2672604322433472, "receiver_entropy": 0.0, "original_loss": 0.4402030110359192, "mean_length": 6.0}
{"mode": "test", "epoch": 112, "loss": 5.017763137817383, "acc": 0.8219177722930908, "acc_or": 0.9109588861465454, "sender_entropy": 1.3708487749099731, "receiver_entropy": 0.0, "original_loss": 0.2690988779067993, "mean_length": 6.0}
{"mode": "train", "epoch": 113, "loss": 6.873041152954102, "acc": 0.7139269113540649, "acc_or": 0.846118688583374, "sender_entropy": 1.2671737670898438, "receiver_entropy": 0.0, "original_loss": 0.428951621055603, "mean_length": 6.0}
{"mode": "test", "epoch": 113, "loss": 5.05718469619751, "acc": 0.8219177722930908, "acc_or": 0.9109588861465454, "sender_entropy": 1.3666056394577026, "receiver_entropy": 0.0, "original_loss": 0.25867530703544617, "mean_length": 6.0}
{"mode": "train", "epoch": 114, "loss": 6.784322738647461, "acc": 0.7063927054405212, "acc_or": 0.840753436088562, "sender_entropy": 1.2684167623519897, "receiver_entropy": 0.0, "original_loss": 0.43278539180755615, "mean_length": 6.0}
{"mode": "test", "epoch": 114, "loss": 5.08297872543335, "acc": 0.8219177722930908, "acc_or": 0.9109588861465454, "sender_entropy": 1.3652727603912354, "receiver_entropy": 0.0, "original_loss": 0.235313281416893, "mean_length": 6.0}
{"mode": "train", "epoch": 115, "loss": 6.858316421508789, "acc": 0.7383561730384827, "acc_or": 0.8601598143577576, "sender_entropy": 1.2688572406768799, "receiver_entropy": 0.0, "original_loss": 0.4088692367076874, "mean_length": 6.0}
{"mode": "test", "epoch": 115, "loss": 5.06952428817749, "acc": 0.8767123222351074, "acc_or": 0.9383561611175537, "sender_entropy": 1.3678889274597168, "receiver_entropy": 0.0, "original_loss": 0.2378728687763214, "mean_length": 6.0}
{"mode": "train", "epoch": 116, "loss": 6.817712783813477, "acc": 0.7363013625144958, "acc_or": 0.8591324090957642, "sender_entropy": 1.2732633352279663, "receiver_entropy": 0.0, "original_loss": 0.4048365354537964, "mean_length": 6.0}
{"mode": "test", "epoch": 116, "loss": 5.077609539031982, "acc": 0.8630136847496033, "acc_or": 0.931506872177124, "sender_entropy": 1.3611048460006714, "receiver_entropy": 0.0, "original_loss": 0.20685678720474243, "mean_length": 6.0}
{"mode": "train", "epoch": 117, "loss": 6.75175142288208, "acc": 0.7413241863250732, "acc_or": 0.8593606948852539, "sender_entropy": 1.2667948007583618, "receiver_entropy": 0.0, "original_loss": 0.4033532440662384, "mean_length": 6.0}
{"mode": "test", "epoch": 117, "loss": 4.998104095458984, "acc": 0.9041095972061157, "acc_or": 0.9520547986030579, "sender_entropy": 1.3600815534591675, "receiver_entropy": 0.0, "original_loss": 0.20787228643894196, "mean_length": 6.0}
{"mode": "train", "epoch": 118, "loss": 6.627789497375488, "acc": 0.7378995418548584, "acc_or": 0.8584474921226501, "sender_entropy": 1.2646390199661255, "receiver_entropy": 0.0, "original_loss": 0.406635046005249, "mean_length": 6.0}
{"mode": "test", "epoch": 118, "loss": 5.112950325012207, "acc": 0.9452054500579834, "acc_or": 0.9726027250289917, "sender_entropy": 1.3588021993637085, "receiver_entropy": 0.0, "original_loss": 0.17867939174175262, "mean_length": 6.0}
{"mode": "train", "epoch": 119, "loss": 6.718747138977051, "acc": 0.7618721127510071, "acc_or": 0.8718036413192749, "sender_entropy": 1.2652952671051025, "receiver_entropy": 0.0, "original_loss": 0.37583041191101074, "mean_length": 6.0}
{"mode": "test", "epoch": 119, "loss": 5.024494647979736, "acc": 0.9726027250289917, "acc_or": 0.9863013625144958, "sender_entropy": 1.3464140892028809, "receiver_entropy": 0.0, "original_loss": 0.17119614779949188, "mean_length": 6.0}
{"mode": "train", "epoch": 120, "loss": 6.6990556716918945, "acc": 0.7541095614433289, "acc_or": 0.8689497709274292, "sender_entropy": 1.2517335414886475, "receiver_entropy": 0.0, "original_loss": 0.37543800473213196, "mean_length": 6.0}
{"mode": "test", "epoch": 120, "loss": 4.885218620300293, "acc": 0.931506872177124, "acc_or": 0.965753436088562, "sender_entropy": 1.34286367893219, "receiver_entropy": 0.0, "original_loss": 0.188986673951149, "mean_length": 6.0}
{"mode": "train", "epoch": 121, "loss": 6.50965690612793, "acc": 0.7529680132865906, "acc_or": 0.867694079875946, "sender_entropy": 1.2416983842849731, "receiver_entropy": 0.0, "original_loss": 0.3842574954032898, "mean_length": 6.0}
{"mode": "test", "epoch": 121, "loss": 4.918520450592041, "acc": 0.931506872177124, "acc_or": 0.965753436088562, "sender_entropy": 1.3463764190673828, "receiver_entropy": 0.0, "original_loss": 0.17906317114830017, "mean_length": 6.0}
{"mode": "train", "epoch": 122, "loss": 6.6667914390563965, "acc": 0.7728310227394104, "acc_or": 0.8784246444702148, "sender_entropy": 1.24076509475708, "receiver_entropy": 0.0, "original_loss": 0.35290420055389404, "mean_length": 6.0}
{"mode": "test", "epoch": 122, "loss": 4.996678829193115, "acc": 0.9589040875434875, "acc_or": 0.9794520735740662, "sender_entropy": 1.3488036394119263, "receiver_entropy": 0.0, "original_loss": 0.15720780193805695, "mean_length": 6.0}
{"mode": "train", "epoch": 123, "loss": 6.513620376586914, "acc": 0.7773972749710083, "acc_or": 0.8809360861778259, "sender_entropy": 1.2458139657974243, "receiver_entropy": 0.0, "original_loss": 0.3584483861923218, "mean_length": 6.0}
{"mode": "test", "epoch": 123, "loss": 5.004735946655273, "acc": 0.9863013625144958, "acc_or": 0.9931506514549255, "sender_entropy": 1.3359527587890625, "receiver_entropy": 0.0, "original_loss": 0.12436329573392868, "mean_length": 6.0}
{"mode": "train", "epoch": 124, "loss": 6.5275959968566895, "acc": 0.7767122983932495, "acc_or": 0.8807077407836914, "sender_entropy": 1.2389588356018066, "receiver_entropy": 0.0, "original_loss": 0.3489563763141632, "mean_length": 6.0}
{"mode": "test", "epoch": 124, "loss": 4.869635105133057, "acc": 0.9452054500579834, "acc_or": 0.9726027250289917, "sender_entropy": 1.3263757228851318, "receiver_entropy": 0.0, "original_loss": 0.13000692427158356, "mean_length": 6.0}
{"mode": "train", "epoch": 125, "loss": 6.412436485290527, "acc": 0.7828766703605652, "acc_or": 0.8835616111755371, "sender_entropy": 1.2284786701202393, "receiver_entropy": 0.0, "original_loss": 0.3469836711883545, "mean_length": 6.0}
{"mode": "test", "epoch": 125, "loss": 4.8121490478515625, "acc": 0.9452054500579834, "acc_or": 0.9726027250289917, "sender_entropy": 1.3152337074279785, "receiver_entropy": 0.0, "original_loss": 0.12068980932235718, "mean_length": 6.0}
{"mode": "train", "epoch": 126, "loss": 6.429840564727783, "acc": 0.7920091152191162, "acc_or": 0.888812780380249, "sender_entropy": 1.2254903316497803, "receiver_entropy": 0.0, "original_loss": 0.3302578330039978, "mean_length": 6.0}
{"mode": "test", "epoch": 126, "loss": 4.845305919647217, "acc": 0.9452054500579834, "acc_or": 0.9726027250289917, "sender_entropy": 1.3270528316497803, "receiver_entropy": 0.0, "original_loss": 0.11399777233600616, "mean_length": 6.0}
{"mode": "train", "epoch": 127, "loss": 6.473949432373047, "acc": 0.7956621050834656, "acc_or": 0.8904109597206116, "sender_entropy": 1.2268105745315552, "receiver_entropy": 0.0, "original_loss": 0.3247683048248291, "mean_length": 6.0}
{"mode": "test", "epoch": 127, "loss": 4.926223278045654, "acc": 0.9726027250289917, "acc_or": 0.9863013625144958, "sender_entropy": 1.3354778289794922, "receiver_entropy": 0.0, "original_loss": 0.10600850731134415, "mean_length": 6.0}
{"mode": "train", "epoch": 128, "loss": 6.361435890197754, "acc": 0.7805935740470886, "acc_or": 0.8810502290725708, "sender_entropy": 1.231299638748169, "receiver_entropy": 0.0, "original_loss": 0.33556386828422546, "mean_length": 6.0}
{"mode": "test", "epoch": 128, "loss": 4.858384132385254, "acc": 0.9726027250289917, "acc_or": 0.9863013625144958, "sender_entropy": 1.3375797271728516, "receiver_entropy": 0.0, "original_loss": 0.11371071636676788, "mean_length": 6.0}
{"mode": "train", "epoch": 129, "loss": 6.362102508544922, "acc": 0.8029680252075195, "acc_or": 0.896118700504303, "sender_entropy": 1.2327932119369507, "receiver_entropy": 0.0, "original_loss": 0.3121001124382019, "mean_length": 6.0}
{"mode": "test", "epoch": 129, "loss": 4.714294910430908, "acc": 0.9452054500579834, "acc_or": 0.9726027250289917, "sender_entropy": 1.322296380996704, "receiver_entropy": 0.0, "original_loss": 0.11726322025060654, "mean_length": 6.0}
{"mode": "train", "epoch": 130, "loss": 6.295558452606201, "acc": 0.7949771285057068, "acc_or": 0.8898401856422424, "sender_entropy": 1.2176868915557861, "receiver_entropy": 0.0, "original_loss": 0.319186270236969, "mean_length": 6.0}
{"mode": "test", "epoch": 130, "loss": 4.711158752441406, "acc": 0.9589040875434875, "acc_or": 0.9794520735740662, "sender_entropy": 1.315124273300171, "receiver_entropy": 0.0, "original_loss": 0.10700247436761856, "mean_length": 6.0}
{"mode": "train", "epoch": 131, "loss": 6.305661201477051, "acc": 0.8068493008613586, "acc_or": 0.8974885940551758, "sender_entropy": 1.2109178304672241, "receiver_entropy": 0.0, "original_loss": 0.30294957756996155, "mean_length": 6.0}
{"mode": "test", "epoch": 131, "loss": 4.621551036834717, "acc": 0.931506872177124, "acc_or": 0.965753436088562, "sender_entropy": 1.308342695236206, "receiver_entropy": 0.0, "original_loss": 0.11185181140899658, "mean_length": 6.0}
{"mode": "train", "epoch": 132, "loss": 6.180037498474121, "acc": 0.801369845867157, "acc_or": 0.8937214612960815, "sender_entropy": 1.2058823108673096, "receiver_entropy": 0.0, "original_loss": 0.3064693212509155, "mean_length": 6.0}
{"mode": "test", "epoch": 132, "loss": 4.525411605834961, "acc": 0.931506872177124, "acc_or": 0.965753436088562, "sender_entropy": 1.2993977069854736, "receiver_entropy": 0.0, "original_loss": 0.12090319395065308, "mean_length": 6.0}
{"mode": "train", "epoch": 133, "loss": 6.143087387084961, "acc": 0.8130136728286743, "acc_or": 0.8984017968177795, "sender_entropy": 1.2020628452301025, "receiver_entropy": 0.0, "original_loss": 0.2973330020904541, "mean_length": 6.0}
{"mode": "test", "epoch": 133, "loss": 4.477264881134033, "acc": 0.9452054500579834, "acc_or": 0.9726027250289917, "sender_entropy": 1.2917166948318481, "receiver_entropy": 0.0, "original_loss": 0.1153431162238121, "mean_length": 6.0}
{"mode": "train", "epoch": 134, "loss": 6.192132472991943, "acc": 0.8216894865036011, "acc_or": 0.9065068364143372, "sender_entropy": 1.187835931777954, "receiver_entropy": 0.0, "original_loss": 0.27434417605400085, "mean_length": 6.0}
{"mode": "test", "epoch": 134, "loss": 4.463770389556885, "acc": 0.9178082346916199, "acc_or": 0.9589040875434875, "sender_entropy": 1.2827585935592651, "receiver_entropy": 0.0, "original_loss": 0.11004068702459335, "mean_length": 6.0}
{"mode": "train", "epoch": 135, "loss": 6.086933612823486, "acc": 0.8230593204498291, "acc_or": 0.9068493247032166, "sender_entropy": 1.1816010475158691, "receiver_entropy": 0.0, "original_loss": 0.278267502784729, "mean_length": 6.0}
{"mode": "test", "epoch": 135, "loss": 4.383003234863281, "acc": 0.9589040875434875, "acc_or": 0.9794520735740662, "sender_entropy": 1.2801315784454346, "receiver_entropy": 0.0, "original_loss": 0.1145428717136383, "mean_length": 6.0}
{"mode": "train", "epoch": 136, "loss": 5.980363368988037, "acc": 0.8221461176872253, "acc_or": 0.9058219194412231, "sender_entropy": 1.1830812692642212, "receiver_entropy": 0.0, "original_loss": 0.28258177638053894, "mean_length": 6.0}
{"mode": "test", "epoch": 136, "loss": 4.493247985839844, "acc": 0.9863013625144958, "acc_or": 0.9931506514549255, "sender_entropy": 1.2735564708709717, "receiver_entropy": 0.0, "original_loss": 0.08042049407958984, "mean_length": 6.0}
{"mode": "train", "epoch": 137, "loss": 5.956768035888672, "acc": 0.8214612007141113, "acc_or": 0.9053652882575989, "sender_entropy": 1.1746705770492554, "receiver_entropy": 0.0, "original_loss": 0.27681225538253784, "mean_length": 6.0}
{"mode": "test", "epoch": 137, "loss": 4.379388332366943, "acc": 0.9863013625144958, "acc_or": 0.9931506514549255, "sender_entropy": 1.2650413513183594, "receiver_entropy": 0.0, "original_loss": 0.08998631685972214, "mean_length": 6.0}
{"mode": "train", "epoch": 138, "loss": 5.997219085693359, "acc": 0.8351597785949707, "acc_or": 0.9144976735115051, "sender_entropy": 1.1638141870498657, "receiver_entropy": 0.0, "original_loss": 0.2603003978729248, "mean_length": 6.0}
{"mode": "test", "epoch": 138, "loss": 4.338325500488281, "acc": 0.9863013625144958, "acc_or": 0.9931506514549255, "sender_entropy": 1.2647051811218262, "receiver_entropy": 0.0, "original_loss": 0.08862806856632233, "mean_length": 6.0}
{"mode": "train", "epoch": 139, "loss": 5.927276134490967, "acc": 0.8358447551727295, "acc_or": 0.9130136966705322, "sender_entropy": 1.1578370332717896, "receiver_entropy": 0.0, "original_loss": 0.26382189989089966, "mean_length": 6.0}
{"mode": "test", "epoch": 139, "loss": 4.367452621459961, "acc": 0.9863013625144958, "acc_or": 0.9931506514549255, "sender_entropy": 1.264080286026001, "receiver_entropy": 0.0, "original_loss": 0.08159040659666061, "mean_length": 6.0}
{"mode": "train", "epoch": 140, "loss": 6.00058650970459, "acc": 0.8442922234535217, "acc_or": 0.9176940321922302, "sender_entropy": 1.1589655876159668, "receiver_entropy": 0.0, "original_loss": 0.24822604656219482, "mean_length": 6.0}
{"mode": "test", "epoch": 140, "loss": 4.299136638641357, "acc": 0.9863013625144958, "acc_or": 0.9931506514549255, "sender_entropy": 1.2563484907150269, "receiver_entropy": 0.0, "original_loss": 0.08020740747451782, "mean_length": 6.0}
{"mode": "train", "epoch": 141, "loss": 5.885488986968994, "acc": 0.8383561372756958, "acc_or": 0.9148401618003845, "sender_entropy": 1.16624116897583, "receiver_entropy": 0.0, "original_loss": 0.25630685687065125, "mean_length": 6.0}
{"mode": "test", "epoch": 141, "loss": 4.268621444702148, "acc": 1.0, "acc_or": 1.0, "sender_entropy": 1.2534388303756714, "receiver_entropy": 0.0, "original_loss": 0.07129624485969543, "mean_length": 6.0}
{"epoch": 141, "positional_disent": 0.09690766781568527, "bag_of_symbol_disent": 0.21019920706748962, "topographic_sim": 0.4003936881812855}
{"generalization hold out": {"acc": 1.0, "acc_or": 1.0}, "uniform holdout": {"acc": 0.0, "acc_or": 0.375}, "epoch": 141}
---End--
