nohup: ignoring input
{"mode": "train", "epoch": 1, "loss": -30.63930892944336, "acc": 0.011187214404344559, "acc_or": 0.10342465341091156, "sender_entropy": 2.3018035888671875, "receiver_entropy": 0.0, "original_loss": 2.3019564151763916, "mean_length": 6.0}
{"mode": "test", "epoch": 1, "loss": 1.4209818840026855, "acc": 0.013698630034923553, "acc_or": 0.10273972153663635, "sender_entropy": 2.3004660606384277, "receiver_entropy": 0.0, "original_loss": 2.27964186668396, "mean_length": 6.0}
{"mode": "train", "epoch": 2, "loss": 1.3805201053619385, "acc": 0.01392694003880024, "acc_or": 0.1154109537601471, "sender_entropy": 2.3006629943847656, "receiver_entropy": 0.0, "original_loss": 2.284071683883667, "mean_length": 6.0}
{"mode": "test", "epoch": 2, "loss": 1.567267894744873, "acc": 0.013698630034923553, "acc_or": 0.12328767031431198, "sender_entropy": 2.298618793487549, "receiver_entropy": 0.0, "original_loss": 2.2567877769470215, "mean_length": 6.0}
{"mode": "train", "epoch": 3, "loss": 1.4854488372802734, "acc": 0.013470319099724293, "acc_or": 0.12237443029880524, "sender_entropy": 2.298964023590088, "receiver_entropy": 0.0, "original_loss": 2.2662558555603027, "mean_length": 6.0}
{"mode": "test", "epoch": 3, "loss": 1.6643640995025635, "acc": 0.013698630034923553, "acc_or": 0.12328767031431198, "sender_entropy": 2.297053575515747, "receiver_entropy": 0.0, "original_loss": 2.23810076713562, "mean_length": 6.0}
{"mode": "train", "epoch": 4, "loss": 1.5623259544372559, "acc": 0.0141552509739995, "acc_or": 0.12260273844003677, "sender_entropy": 2.2975914478302, "receiver_entropy": 0.0, "original_loss": 2.250666618347168, "mean_length": 6.0}
{"mode": "test", "epoch": 4, "loss": 1.7170231342315674, "acc": 0.013698630034923553, "acc_or": 0.12328767031431198, "sender_entropy": 2.29620361328125, "receiver_entropy": 0.0, "original_loss": 2.224163055419922, "mean_length": 6.0}
{"mode": "train", "epoch": 5, "loss": 1.6536017656326294, "acc": 0.013470319099724293, "acc_or": 0.125342458486557, "sender_entropy": 2.2968497276306152, "receiver_entropy": 0.0, "original_loss": 2.234437942504883, "mean_length": 6.0}
{"mode": "test", "epoch": 5, "loss": 1.6697577238082886, "acc": 0.013698630034923553, "acc_or": 0.13013698160648346, "sender_entropy": 2.2959532737731934, "receiver_entropy": 0.0, "original_loss": 2.219331979751587, "mean_length": 6.0}
{"mode": "train", "epoch": 6, "loss": 1.7014763355255127, "acc": 0.015296803787350655, "acc_or": 0.12305936217308044, "sender_entropy": 2.296609401702881, "receiver_entropy": 0.0, "original_loss": 2.221839189529419, "mean_length": 6.0}
{"mode": "test", "epoch": 6, "loss": 1.6279444694519043, "acc": 0.013698630034923553, "acc_or": 0.13013698160648346, "sender_entropy": 2.296093225479126, "receiver_entropy": 0.0, "original_loss": 2.2148633003234863, "mean_length": 6.0}
{"mode": "train", "epoch": 7, "loss": 1.716914176940918, "acc": 0.013698630034923553, "acc_or": 0.12066210061311722, "sender_entropy": 2.296783208847046, "receiver_entropy": 0.0, "original_loss": 2.212507963180542, "mean_length": 6.0}
{"mode": "test", "epoch": 7, "loss": 1.6510136127471924, "acc": 0.027397260069847107, "acc_or": 0.13013698160648346, "sender_entropy": 2.2965011596679688, "receiver_entropy": 0.0, "original_loss": 2.205904960632324, "mean_length": 6.0}
{"mode": "train", "epoch": 8, "loss": 1.7550222873687744, "acc": 0.015981735661625862, "acc_or": 0.1288812756538391, "sender_entropy": 2.297243118286133, "receiver_entropy": 0.0, "original_loss": 2.2020983695983887, "mean_length": 6.0}
{"mode": "test", "epoch": 8, "loss": 1.7467124462127686, "acc": 0.027397260069847107, "acc_or": 0.12328767031431198, "sender_entropy": 2.296970844268799, "receiver_entropy": 0.0, "original_loss": 2.191347599029541, "mean_length": 6.0}
{"mode": "train", "epoch": 9, "loss": 1.742870569229126, "acc": 0.0141552509739995, "acc_or": 0.12420091032981873, "sender_entropy": 2.2976841926574707, "receiver_entropy": 0.0, "original_loss": 2.1962153911590576, "mean_length": 6.0}
{"mode": "test", "epoch": 9, "loss": 1.7067509889602661, "acc": 0.013698630034923553, "acc_or": 0.13698630034923553, "sender_entropy": 2.2973742485046387, "receiver_entropy": 0.0, "original_loss": 2.1890742778778076, "mean_length": 6.0}
{"mode": "train", "epoch": 10, "loss": 1.6889145374298096, "acc": 0.014840182848274708, "acc_or": 0.12271689623594284, "sender_entropy": 2.298093557357788, "receiver_entropy": 0.0, "original_loss": 2.1943631172180176, "mean_length": 6.0}
{"mode": "test", "epoch": 10, "loss": 1.7592556476593018, "acc": 0.027397260069847107, "acc_or": 0.13013698160648346, "sender_entropy": 2.297783613204956, "receiver_entropy": 0.0, "original_loss": 2.179645299911499, "mean_length": 6.0}
{"mode": "train", "epoch": 11, "loss": 1.6178034543991089, "acc": 0.015296803787350655, "acc_or": 0.12648402154445648, "sender_entropy": 2.298430919647217, "receiver_entropy": 0.0, "original_loss": 2.1948699951171875, "mean_length": 6.0}
{"mode": "test", "epoch": 11, "loss": 1.859022617340088, "acc": 0.054794520139694214, "acc_or": 0.2876712381839752, "sender_entropy": 2.2980966567993164, "receiver_entropy": 0.0, "original_loss": 2.167119264602661, "mean_length": 6.0}
{"mode": "train", "epoch": 12, "loss": 1.5951652526855469, "acc": 0.016894977539777756, "acc_or": 0.12705479562282562, "sender_entropy": 2.2986838817596436, "receiver_entropy": 0.0, "original_loss": 2.1925792694091797, "mean_length": 6.0}
{"mode": "test", "epoch": 12, "loss": 1.9265360832214355, "acc": 0.04109589010477066, "acc_or": 0.301369845867157, "sender_entropy": 2.298344612121582, "receiver_entropy": 0.0, "original_loss": 2.1580095291137695, "mean_length": 6.0}
{"mode": "train", "epoch": 13, "loss": 1.5491642951965332, "acc": 0.01278538815677166, "acc_or": 0.1275114119052887, "sender_entropy": 2.2988345623016357, "receiver_entropy": 0.0, "original_loss": 2.1924991607666016, "mean_length": 6.0}
{"mode": "test", "epoch": 13, "loss": 1.915653944015503, "acc": 0.04109589010477066, "acc_or": 0.267123281955719, "sender_entropy": 2.2985148429870605, "receiver_entropy": 0.0, "original_loss": 2.156087636947632, "mean_length": 6.0}
{"mode": "train", "epoch": 14, "loss": 1.5189881324768066, "acc": 0.015068492852151394, "acc_or": 0.12454337626695633, "sender_entropy": 2.2988672256469727, "receiver_entropy": 0.0, "original_loss": 2.1917948722839355, "mean_length": 6.0}
{"mode": "test", "epoch": 14, "loss": 1.9776179790496826, "acc": 0.04109589010477066, "acc_or": 0.301369845867157, "sender_entropy": 2.2986390590667725, "receiver_entropy": 0.0, "original_loss": 2.1482350826263428, "mean_length": 6.0}
{"mode": "train", "epoch": 15, "loss": 1.4942845106124878, "acc": 0.01552511379122734, "acc_or": 0.13219177722930908, "sender_entropy": 2.2989046573638916, "receiver_entropy": 0.0, "original_loss": 2.191047191619873, "mean_length": 6.0}
{"mode": "test", "epoch": 15, "loss": 2.0261342525482178, "acc": 0.04109589010477066, "acc_or": 0.2876712381839752, "sender_entropy": 2.29868221282959, "receiver_entropy": 0.0, "original_loss": 2.1418991088867188, "mean_length": 6.0}
{"mode": "train", "epoch": 16, "loss": 1.458878993988037, "acc": 0.014383560977876186, "acc_or": 0.13116438686847687, "sender_entropy": 2.2988922595977783, "receiver_entropy": 0.0, "original_loss": 2.191436529159546, "mean_length": 6.0}
{"mode": "test", "epoch": 16, "loss": 2.109437942504883, "acc": 0.054794520139694214, "acc_or": 0.267123281955719, "sender_entropy": 2.298691987991333, "receiver_entropy": 0.0, "original_loss": 2.133146286010742, "mean_length": 6.0}
{"mode": "train", "epoch": 17, "loss": 1.45945143699646, "acc": 0.01780821941792965, "acc_or": 0.13150684535503387, "sender_entropy": 2.298839807510376, "receiver_entropy": 0.0, "original_loss": 2.189345598220825, "mean_length": 6.0}
{"mode": "test", "epoch": 17, "loss": 2.1530308723449707, "acc": 0.054794520139694214, "acc_or": 0.3287671208381653, "sender_entropy": 2.2987048625946045, "receiver_entropy": 0.0, "original_loss": 2.127607583999634, "mean_length": 6.0}
{"mode": "train", "epoch": 18, "loss": 1.4398446083068848, "acc": 0.01780821941792965, "acc_or": 0.13835616409778595, "sender_entropy": 2.2987914085388184, "receiver_entropy": 0.0, "original_loss": 2.1888504028320312, "mean_length": 6.0}
{"mode": "test", "epoch": 18, "loss": 2.2079453468322754, "acc": 0.054794520139694214, "acc_or": 0.31506848335266113, "sender_entropy": 2.2986326217651367, "receiver_entropy": 0.0, "original_loss": 2.1210649013519287, "mean_length": 6.0}
{"mode": "train", "epoch": 19, "loss": 1.4252490997314453, "acc": 0.01392694003880024, "acc_or": 0.13367579877376556, "sender_entropy": 2.298705816268921, "receiver_entropy": 0.0, "original_loss": 2.1882822513580322, "mean_length": 6.0}
{"mode": "test", "epoch": 19, "loss": 2.258221387863159, "acc": 0.04109589010477066, "acc_or": 0.301369845867157, "sender_entropy": 2.298560857772827, "receiver_entropy": 0.0, "original_loss": 2.1151163578033447, "mean_length": 6.0}
{"mode": "train", "epoch": 20, "loss": 1.3995816707611084, "acc": 0.018721461296081543, "acc_or": 0.13812784850597382, "sender_entropy": 2.298619508743286, "receiver_entropy": 0.0, "original_loss": 2.188570499420166, "mean_length": 6.0}
{"mode": "test", "epoch": 20, "loss": 2.349074125289917, "acc": 0.054794520139694214, "acc_or": 0.3219178020954132, "sender_entropy": 2.298466444015503, "receiver_entropy": 0.0, "original_loss": 2.106189012527466, "mean_length": 6.0}
{"mode": "train", "epoch": 21, "loss": 1.3996684551239014, "acc": 0.01940639317035675, "acc_or": 0.13938355445861816, "sender_entropy": 2.2985036373138428, "receiver_entropy": 0.0, "original_loss": 2.187119960784912, "mean_length": 6.0}
{"mode": "test", "epoch": 21, "loss": 2.4383459091186523, "acc": 0.06849315017461777, "acc_or": 0.34246575832366943, "sender_entropy": 2.2983286380767822, "receiver_entropy": 0.0, "original_loss": 2.097316265106201, "mean_length": 6.0}
{"mode": "train", "epoch": 22, "loss": 1.387127161026001, "acc": 0.02054794505238533, "acc_or": 0.14189498126506805, "sender_entropy": 2.2983667850494385, "receiver_entropy": 0.0, "original_loss": 2.1866633892059326, "mean_length": 6.0}
{"mode": "test", "epoch": 22, "loss": 2.5268714427948, "acc": 0.06849315017461777, "acc_or": 0.34246575832366943, "sender_entropy": 2.2981042861938477, "receiver_entropy": 0.0, "original_loss": 2.088352918624878, "mean_length": 6.0}
{"mode": "train", "epoch": 23, "loss": 1.387747049331665, "acc": 0.01940639317035675, "acc_or": 0.14657534658908844, "sender_entropy": 2.298171043395996, "receiver_entropy": 0.0, "original_loss": 2.1853034496307373, "mean_length": 6.0}
{"mode": "test", "epoch": 23, "loss": 2.6515908241271973, "acc": 0.06849315017461777, "acc_or": 0.3219178020954132, "sender_entropy": 2.297846794128418, "receiver_entropy": 0.0, "original_loss": 2.0762014389038086, "mean_length": 6.0}
{"mode": "train", "epoch": 24, "loss": 1.382832407951355, "acc": 0.02283105067908764, "acc_or": 0.14509132504463196, "sender_entropy": 2.2979092597961426, "receiver_entropy": 0.0, "original_loss": 2.184370279312134, "mean_length": 6.0}
{"mode": "test", "epoch": 24, "loss": 2.765117645263672, "acc": 0.04109589010477066, "acc_or": 0.3493150770664215, "sender_entropy": 2.2974839210510254, "receiver_entropy": 0.0, "original_loss": 2.064927101135254, "mean_length": 6.0}
{"mode": "train", "epoch": 25, "loss": 1.369057297706604, "acc": 0.02054794505238533, "acc_or": 0.14794521033763885, "sender_entropy": 2.2975564002990723, "receiver_entropy": 0.0, "original_loss": 2.184192180633545, "mean_length": 6.0}
{"mode": "test", "epoch": 25, "loss": 2.8995718955993652, "acc": 0.08219178020954132, "acc_or": 0.3904109597206116, "sender_entropy": 2.296992301940918, "receiver_entropy": 0.0, "original_loss": 2.051877737045288, "mean_length": 6.0}
{"mode": "train", "epoch": 26, "loss": 1.372575044631958, "acc": 0.01940639317035675, "acc_or": 0.14737442135810852, "sender_entropy": 2.2970614433288574, "receiver_entropy": 0.0, "original_loss": 2.18278431892395, "mean_length": 6.0}
{"mode": "test", "epoch": 26, "loss": 3.044766426086426, "acc": 0.08219178020954132, "acc_or": 0.4109588861465454, "sender_entropy": 2.2963337898254395, "receiver_entropy": 0.0, "original_loss": 2.03762149810791, "mean_length": 6.0}
{"mode": "train", "epoch": 27, "loss": 1.3960126638412476, "acc": 0.019863013178110123, "acc_or": 0.15194064378738403, "sender_entropy": 2.2964298725128174, "receiver_entropy": 0.0, "original_loss": 2.1797854900360107, "mean_length": 6.0}
{"mode": "test", "epoch": 27, "loss": 3.2172374725341797, "acc": 0.054794520139694214, "acc_or": 0.36986300349235535, "sender_entropy": 2.295452356338501, "receiver_entropy": 0.0, "original_loss": 2.0204410552978516, "mean_length": 6.0}
{"mode": "train", "epoch": 28, "loss": 1.3750168085098267, "acc": 0.022602738812565804, "acc_or": 0.15159817039966583, "sender_entropy": 2.2955477237701416, "receiver_entropy": 0.0, "original_loss": 2.1802215576171875, "mean_length": 6.0}
{"mode": "test", "epoch": 28, "loss": 3.439786195755005, "acc": 0.054794520139694214, "acc_or": 0.3835616409778595, "sender_entropy": 2.2942590713500977, "receiver_entropy": 0.0, "original_loss": 1.998705267906189, "mean_length": 6.0}
{"mode": "train", "epoch": 29, "loss": 1.4064528942108154, "acc": 0.02168949693441391, "acc_or": 0.155593603849411, "sender_entropy": 2.2943437099456787, "receiver_entropy": 0.0, "original_loss": 2.1765801906585693, "mean_length": 6.0}
{"mode": "test", "epoch": 29, "loss": 3.653689384460449, "acc": 0.08219178020954132, "acc_or": 0.3904109597206116, "sender_entropy": 2.292588949203491, "receiver_entropy": 0.0, "original_loss": 1.976622462272644, "mean_length": 6.0}
{"mode": "train", "epoch": 30, "loss": 1.4338921308517456, "acc": 0.021004565060138702, "acc_or": 0.15787671506404877, "sender_entropy": 2.292660713195801, "receiver_entropy": 0.0, "original_loss": 2.172889471054077, "mean_length": 6.0}
{"mode": "test", "epoch": 30, "loss": 3.8480377197265625, "acc": 0.08219178020954132, "acc_or": 0.3904109597206116, "sender_entropy": 2.2900853157043457, "receiver_entropy": 0.0, "original_loss": 1.9543578624725342, "mean_length": 6.0}
{"mode": "train", "epoch": 31, "loss": 1.4473613500595093, "acc": 0.02442922256886959, "acc_or": 0.172374427318573, "sender_entropy": 2.2901804447174072, "receiver_entropy": 0.0, "original_loss": 2.170254707336426, "mean_length": 6.0}
{"mode": "test", "epoch": 31, "loss": 4.033192157745361, "acc": 0.08219178020954132, "acc_or": 0.3835616409778595, "sender_entropy": 2.2861807346343994, "receiver_entropy": 0.0, "original_loss": 1.9304612874984741, "mean_length": 6.0}
{"mode": "train", "epoch": 32, "loss": 1.536444067955017, "acc": 0.02785388007760048, "acc_or": 0.18116438388824463, "sender_entropy": 2.286374568939209, "receiver_entropy": 0.0, "original_loss": 2.161726236343384, "mean_length": 6.0}
{"mode": "test", "epoch": 32, "loss": 4.202744007110596, "acc": 0.08219178020954132, "acc_or": 0.39726027846336365, "sender_entropy": 2.280379295349121, "receiver_entropy": 0.0, "original_loss": 1.9045888185501099, "mean_length": 6.0}
{"mode": "train", "epoch": 33, "loss": 1.6130547523498535, "acc": 0.030365295708179474, "acc_or": 0.18710045516490936, "sender_entropy": 2.280662775039673, "receiver_entropy": 0.0, "original_loss": 2.1531174182891846, "mean_length": 6.0}
{"mode": "test", "epoch": 33, "loss": 4.272927761077881, "acc": 0.06849315017461777, "acc_or": 0.3904109597206116, "sender_entropy": 2.270970582962036, "receiver_entropy": 0.0, "original_loss": 1.8827967643737793, "mean_length": 6.0}
{"mode": "train", "epoch": 34, "loss": 1.7657215595245361, "acc": 0.0356164388358593, "acc_or": 0.2041095793247223, "sender_entropy": 2.271495819091797, "receiver_entropy": 0.0, "original_loss": 2.138040781021118, "mean_length": 6.0}
{"mode": "test", "epoch": 34, "loss": 4.303841590881348, "acc": 0.06849315017461777, "acc_or": 0.3904109597206116, "sender_entropy": 2.2557311058044434, "receiver_entropy": 0.0, "original_loss": 1.8579281568527222, "mean_length": 6.0}
{"mode": "train", "epoch": 35, "loss": 1.9473494291305542, "acc": 0.03538812696933746, "acc_or": 0.21038812398910522, "sender_entropy": 2.256519079208374, "receiver_entropy": 0.0, "original_loss": 2.119568109512329, "mean_length": 6.0}
{"mode": "test", "epoch": 35, "loss": 4.267899036407471, "acc": 0.054794520139694214, "acc_or": 0.3835616409778595, "sender_entropy": 2.2316596508026123, "receiver_entropy": 0.0, "original_loss": 1.831907868385315, "mean_length": 6.0}
{"mode": "train", "epoch": 36, "loss": 2.2567901611328125, "acc": 0.04520547762513161, "acc_or": 0.23550227284431458, "sender_entropy": 2.2326931953430176, "receiver_entropy": 0.0, "original_loss": 2.0875244140625, "mean_length": 6.0}
{"mode": "test", "epoch": 36, "loss": 4.082138538360596, "acc": 0.054794520139694214, "acc_or": 0.36301368474960327, "sender_entropy": 2.1929728984832764, "receiver_entropy": 0.0, "original_loss": 1.8110029697418213, "mean_length": 6.0}
{"mode": "train", "epoch": 37, "loss": 2.7519218921661377, "acc": 0.04908675700426102, "acc_or": 0.2557077705860138, "sender_entropy": 2.1939220428466797, "receiver_entropy": 0.0, "original_loss": 2.0358097553253174, "mean_length": 6.0}
{"mode": "test", "epoch": 37, "loss": 3.7623109817504883, "acc": 0.06849315017461777, "acc_or": 0.3287671208381653, "sender_entropy": 2.1329052448272705, "receiver_entropy": 0.0, "original_loss": 1.793860912322998, "mean_length": 6.0}
{"mode": "train", "epoch": 38, "loss": 3.3074398040771484, "acc": 0.054794520139694214, "acc_or": 0.28253424167633057, "sender_entropy": 2.132819175720215, "receiver_entropy": 0.0, "original_loss": 1.9696471691131592, "mean_length": 6.0}
{"mode": "test", "epoch": 38, "loss": 3.1551930904388428, "acc": 0.04109589010477066, "acc_or": 0.31506848335266113, "sender_entropy": 2.0599842071533203, "receiver_entropy": 0.0, "original_loss": 1.810840368270874, "mean_length": 6.0}
{"mode": "train", "epoch": 39, "loss": 3.815629005432129, "acc": 0.055936072021722794, "acc_or": 0.30011415481567383, "sender_entropy": 2.0575013160705566, "receiver_entropy": 0.0, "original_loss": 1.8978854417800903, "mean_length": 6.0}
{"mode": "test", "epoch": 39, "loss": 2.8966028690338135, "acc": 0.04109589010477066, "acc_or": 0.3219178020954132, "sender_entropy": 1.9970529079437256, "receiver_entropy": 0.0, "original_loss": 1.8080447912216187, "mean_length": 6.0}
{"mode": "train", "epoch": 40, "loss": 4.230792999267578, "acc": 0.06164383515715599, "acc_or": 0.3208903968334198, "sender_entropy": 1.9895029067993164, "receiver_entropy": 0.0, "original_loss": 1.8311591148376465, "mean_length": 6.0}
{"mode": "test", "epoch": 40, "loss": 2.7744038105010986, "acc": 0.054794520139694214, "acc_or": 0.3493150770664215, "sender_entropy": 1.9701536893844604, "receiver_entropy": 0.0, "original_loss": 1.7954459190368652, "mean_length": 6.0}
{"mode": "train", "epoch": 41, "loss": 4.46876335144043, "acc": 0.06666666269302368, "acc_or": 0.32853880524635315, "sender_entropy": 1.9555034637451172, "receiver_entropy": 0.0, "original_loss": 1.7958283424377441, "mean_length": 6.0}
{"mode": "test", "epoch": 41, "loss": 3.0567495822906494, "acc": 0.054794520139694214, "acc_or": 0.3287671208381653, "sender_entropy": 1.9835376739501953, "receiver_entropy": 0.0, "original_loss": 1.7560136318206787, "mean_length": 6.0}
{"mode": "train", "epoch": 42, "loss": 4.6824188232421875, "acc": 0.07488584518432617, "acc_or": 0.3386986255645752, "sender_entropy": 1.9638084173202515, "receiver_entropy": 0.0, "original_loss": 1.7692610025405884, "mean_length": 6.0}
{"mode": "test", "epoch": 42, "loss": 3.7259573936462402, "acc": 0.08219178020954132, "acc_or": 0.3835616409778595, "sender_entropy": 2.011838674545288, "receiver_entropy": 0.0, "original_loss": 1.673658847808838, "mean_length": 6.0}
{"mode": "train", "epoch": 43, "loss": 4.740760326385498, "acc": 0.09109588712453842, "acc_or": 0.35308218002319336, "sender_entropy": 1.9913744926452637, "receiver_entropy": 0.0, "original_loss": 1.7545472383499146, "mean_length": 6.0}
{"mode": "test", "epoch": 43, "loss": 4.122030735015869, "acc": 0.08219178020954132, "acc_or": 0.4109588861465454, "sender_entropy": 2.0167102813720703, "receiver_entropy": 0.0, "original_loss": 1.6225342750549316, "mean_length": 6.0}
{"mode": "train", "epoch": 44, "loss": 4.882007122039795, "acc": 0.09406392276287079, "acc_or": 0.35490867495536804, "sender_entropy": 1.998387336730957, "receiver_entropy": 0.0, "original_loss": 1.7327070236206055, "mean_length": 6.0}
{"mode": "test", "epoch": 44, "loss": 4.232398509979248, "acc": 0.10958904027938843, "acc_or": 0.43150684237480164, "sender_entropy": 1.9920285940170288, "receiver_entropy": 0.0, "original_loss": 1.5874322652816772, "mean_length": 6.0}
{"mode": "train", "epoch": 45, "loss": 5.167829990386963, "acc": 0.10022830963134766, "acc_or": 0.36484017968177795, "sender_entropy": 1.9748656749725342, "receiver_entropy": 0.0, "original_loss": 1.6929957866668701, "mean_length": 6.0}
{"mode": "test", "epoch": 45, "loss": 4.263164520263672, "acc": 0.12328767031431198, "acc_or": 0.43150684237480164, "sender_entropy": 1.9585540294647217, "receiver_entropy": 0.0, "original_loss": 1.5487260818481445, "mean_length": 6.0}
{"mode": "train", "epoch": 46, "loss": 5.457516670227051, "acc": 0.11438356339931488, "acc_or": 0.3860730528831482, "sender_entropy": 1.939154028892517, "receiver_entropy": 0.0, "original_loss": 1.646362543106079, "mean_length": 6.0}
{"mode": "test", "epoch": 46, "loss": 4.39681339263916, "acc": 0.12328767031431198, "acc_or": 0.42465752363204956, "sender_entropy": 1.9153356552124023, "receiver_entropy": 0.0, "original_loss": 1.4961384534835815, "mean_length": 6.0}
{"mode": "train", "epoch": 47, "loss": 5.800743579864502, "acc": 0.1271689534187317, "acc_or": 0.4087899625301361, "sender_entropy": 1.892737865447998, "receiver_entropy": 0.0, "original_loss": 1.5890822410583496, "mean_length": 6.0}
{"mode": "test", "epoch": 47, "loss": 4.485067844390869, "acc": 0.12328767031431198, "acc_or": 0.43150684237480164, "sender_entropy": 1.873203992843628, "receiver_entropy": 0.0, "original_loss": 1.4506508111953735, "mean_length": 6.0}
{"mode": "train", "epoch": 48, "loss": 6.071743965148926, "acc": 0.13310502469539642, "acc_or": 0.418721467256546, "sender_entropy": 1.8455631732940674, "receiver_entropy": 0.0, "original_loss": 1.5391710996627808, "mean_length": 6.0}
{"mode": "test", "epoch": 48, "loss": 4.571373462677002, "acc": 0.16438356041908264, "acc_or": 0.43150684237480164, "sender_entropy": 1.8401379585266113, "receiver_entropy": 0.0, "original_loss": 1.410254716873169, "mean_length": 6.0}
{"mode": "train", "epoch": 49, "loss": 6.222294330596924, "acc": 0.14360730350017548, "acc_or": 0.4333333373069763, "sender_entropy": 1.8049883842468262, "receiver_entropy": 0.0, "original_loss": 1.493406891822815, "mean_length": 6.0}
{"mode": "test", "epoch": 49, "loss": 4.434513092041016, "acc": 0.16438356041908264, "acc_or": 0.4383561611175537, "sender_entropy": 1.8009699583053589, "receiver_entropy": 0.0, "original_loss": 1.3954386711120605, "mean_length": 6.0}
{"mode": "train", "epoch": 50, "loss": 6.403101921081543, "acc": 0.1609589010477066, "acc_or": 0.44497716426849365, "sender_entropy": 1.757997751235962, "receiver_entropy": 0.0, "original_loss": 1.445542335510254, "mean_length": 6.0}
{"mode": "test", "epoch": 50, "loss": 4.434051990509033, "acc": 0.1780821979045868, "acc_or": 0.42465752363204956, "sender_entropy": 1.773777723312378, "receiver_entropy": 0.0, "original_loss": 1.3572224378585815, "mean_length": 6.0}
{"mode": "train", "epoch": 51, "loss": 6.448619842529297, "acc": 0.17351597547531128, "acc_or": 0.4591324031352997, "sender_entropy": 1.7187161445617676, "receiver_entropy": 0.0, "original_loss": 1.4135358333587646, "mean_length": 6.0}
{"mode": "test", "epoch": 51, "loss": 4.487116813659668, "acc": 0.2054794430732727, "acc_or": 0.45890411734580994, "sender_entropy": 1.7672580480575562, "receiver_entropy": 0.0, "original_loss": 1.3372468948364258, "mean_length": 6.0}
{"mode": "train", "epoch": 52, "loss": 6.673888683319092, "acc": 0.17990867793560028, "acc_or": 0.45924657583236694, "sender_entropy": 1.7058337926864624, "receiver_entropy": 0.0, "original_loss": 1.371864914894104, "mean_length": 6.0}
{"mode": "test", "epoch": 52, "loss": 4.694714546203613, "acc": 0.1506849229335785, "acc_or": 0.465753436088562, "sender_entropy": 1.7692875862121582, "receiver_entropy": 0.0, "original_loss": 1.3031187057495117, "mean_length": 6.0}
{"mode": "train", "epoch": 53, "loss": 6.533658027648926, "acc": 0.1737442910671234, "acc_or": 0.46061643958091736, "sender_entropy": 1.7065647840499878, "receiver_entropy": 0.0, "original_loss": 1.368699312210083, "mean_length": 6.0}
{"mode": "test", "epoch": 53, "loss": 4.883686542510986, "acc": 0.16438356041908264, "acc_or": 0.4726027250289917, "sender_entropy": 1.771146535873413, "receiver_entropy": 0.0, "original_loss": 1.2675037384033203, "mean_length": 6.0}
{"mode": "train", "epoch": 54, "loss": 6.780832290649414, "acc": 0.20022830367088318, "acc_or": 0.4857305884361267, "sender_entropy": 1.7069158554077148, "receiver_entropy": 0.0, "original_loss": 1.3305728435516357, "mean_length": 6.0}
{"mode": "test", "epoch": 54, "loss": 5.080995559692383, "acc": 0.16438356041908264, "acc_or": 0.4726027250289917, "sender_entropy": 1.7733758687973022, "receiver_entropy": 0.0, "original_loss": 1.2249342203140259, "mean_length": 6.0}
{"mode": "train", "epoch": 55, "loss": 6.729040145874023, "acc": 0.19931507110595703, "acc_or": 0.48698627948760986, "sender_entropy": 1.70902681350708, "receiver_entropy": 0.0, "original_loss": 1.3285802602767944, "mean_length": 6.0}
{"mode": "test", "epoch": 55, "loss": 5.229590892791748, "acc": 0.232876718044281, "acc_or": 0.5547944903373718, "sender_entropy": 1.7852283716201782, "receiver_entropy": 0.0, "original_loss": 1.194750428199768, "mean_length": 6.0}
{"mode": "train", "epoch": 56, "loss": 6.958278656005859, "acc": 0.21461187303066254, "acc_or": 0.49908673763275146, "sender_entropy": 1.7209478616714478, "receiver_entropy": 0.0, "original_loss": 1.2919044494628906, "mean_length": 6.0}
{"mode": "test", "epoch": 56, "loss": 5.369316101074219, "acc": 0.232876718044281, "acc_or": 0.5410959124565125, "sender_entropy": 1.8004823923110962, "receiver_entropy": 0.0, "original_loss": 1.1678136587142944, "mean_length": 6.0}
{"mode": "train", "epoch": 57, "loss": 6.799114227294922, "acc": 0.21849314868450165, "acc_or": 0.4982876777648926, "sender_entropy": 1.7330659627914429, "receiver_entropy": 0.0, "original_loss": 1.289395809173584, "mean_length": 6.0}
{"mode": "test", "epoch": 57, "loss": 5.517449855804443, "acc": 0.2602739632129669, "acc_or": 0.5616438388824463, "sender_entropy": 1.8019037246704102, "receiver_entropy": 0.0, "original_loss": 1.131819248199463, "mean_length": 6.0}
{"mode": "train", "epoch": 58, "loss": 6.915731430053711, "acc": 0.23424656689167023, "acc_or": 0.5157533884048462, "sender_entropy": 1.7308021783828735, "receiver_entropy": 0.0, "original_loss": 1.2635200023651123, "mean_length": 6.0}
{"mode": "test", "epoch": 58, "loss": 5.796139240264893, "acc": 0.27397260069847107, "acc_or": 0.5547944903373718, "sender_entropy": 1.7948070764541626, "receiver_entropy": 0.0, "original_loss": 1.078851342201233, "mean_length": 6.0}
{"mode": "train", "epoch": 59, "loss": 6.951502799987793, "acc": 0.22625569999217987, "acc_or": 0.5059360861778259, "sender_entropy": 1.711836576461792, "receiver_entropy": 0.0, "original_loss": 1.2458269596099854, "mean_length": 6.0}
{"mode": "test", "epoch": 59, "loss": 5.673407554626465, "acc": 0.2876712381839752, "acc_or": 0.5821917653083801, "sender_entropy": 1.7868613004684448, "receiver_entropy": 0.0, "original_loss": 1.077133297920227, "mean_length": 6.0}
{"mode": "train", "epoch": 60, "loss": 7.016019344329834, "acc": 0.24703195691108704, "acc_or": 0.530936062335968, "sender_entropy": 1.7021102905273438, "receiver_entropy": 0.0, "original_loss": 1.2166109085083008, "mean_length": 6.0}
{"mode": "test", "epoch": 60, "loss": 5.915287017822266, "acc": 0.2876712381839752, "acc_or": 0.5890411138534546, "sender_entropy": 1.7844940423965454, "receiver_entropy": 0.0, "original_loss": 1.0397546291351318, "mean_length": 6.0}
{"mode": "train", "epoch": 61, "loss": 7.138828277587891, "acc": 0.2570776343345642, "acc_or": 0.5421232581138611, "sender_entropy": 1.6931487321853638, "receiver_entropy": 0.0, "original_loss": 1.192598581314087, "mean_length": 6.0}
{"mode": "test", "epoch": 61, "loss": 6.295709133148193, "acc": 0.3287671208381653, "acc_or": 0.6232876777648926, "sender_entropy": 1.7814959287643433, "receiver_entropy": 0.0, "original_loss": 0.9806768298149109, "mean_length": 6.0}
{"mode": "train", "epoch": 62, "loss": 7.14030122756958, "acc": 0.24543379247188568, "acc_or": 0.5357306003570557, "sender_entropy": 1.6837420463562012, "receiver_entropy": 0.0, "original_loss": 1.1727185249328613, "mean_length": 6.0}
{"mode": "test", "epoch": 62, "loss": 6.5482401847839355, "acc": 0.39726027846336365, "acc_or": 0.6506849527359009, "sender_entropy": 1.7628614902496338, "receiver_entropy": 0.0, "original_loss": 0.9162564277648926, "mean_length": 6.0}
{"mode": "train", "epoch": 63, "loss": 7.277764320373535, "acc": 0.2837899625301361, "acc_or": 0.5574200749397278, "sender_entropy": 1.6614820957183838, "receiver_entropy": 0.0, "original_loss": 1.132458209991455, "mean_length": 6.0}
{"mode": "test", "epoch": 63, "loss": 6.464396953582764, "acc": 0.34246575832366943, "acc_or": 0.6164383292198181, "sender_entropy": 1.7437528371810913, "receiver_entropy": 0.0, "original_loss": 0.9048055410385132, "mean_length": 6.0}
{"mode": "train", "epoch": 64, "loss": 7.370023727416992, "acc": 0.29223743081092834, "acc_or": 0.5719177722930908, "sender_entropy": 1.6409804821014404, "receiver_entropy": 0.0, "original_loss": 1.0986310243606567, "mean_length": 6.0}
{"mode": "test", "epoch": 64, "loss": 6.228116989135742, "acc": 0.3287671208381653, "acc_or": 0.6232876777648926, "sender_entropy": 1.7293154001235962, "receiver_entropy": 0.0, "original_loss": 0.9058183431625366, "mean_length": 6.0}
{"mode": "train", "epoch": 65, "loss": 7.547071933746338, "acc": 0.31255707144737244, "acc_or": 0.5844748616218567, "sender_entropy": 1.617905855178833, "receiver_entropy": 0.0, "original_loss": 1.0566329956054688, "mean_length": 6.0}
{"mode": "test", "epoch": 65, "loss": 6.238246917724609, "acc": 0.3561643958091736, "acc_or": 0.6301369667053223, "sender_entropy": 1.7158517837524414, "receiver_entropy": 0.0, "original_loss": 0.8746895790100098, "mean_length": 6.0}
{"mode": "train", "epoch": 66, "loss": 7.591989517211914, "acc": 0.33310502767562866, "acc_or": 0.5986301302909851, "sender_entropy": 1.605048418045044, "receiver_entropy": 0.0, "original_loss": 1.0280389785766602, "mean_length": 6.0}
{"mode": "test", "epoch": 66, "loss": 6.4762043952941895, "acc": 0.4109588861465454, "acc_or": 0.6643835306167603, "sender_entropy": 1.702770471572876, "receiver_entropy": 0.0, "original_loss": 0.8040547966957092, "mean_length": 6.0}
{"mode": "train", "epoch": 67, "loss": 7.637693881988525, "acc": 0.3244292140007019, "acc_or": 0.5985159873962402, "sender_entropy": 1.5856831073760986, "receiver_entropy": 0.0, "original_loss": 1.003378987312317, "mean_length": 6.0}
{"mode": "test", "epoch": 67, "loss": 6.316679954528809, "acc": 0.3561643958091736, "acc_or": 0.6506849527359009, "sender_entropy": 1.6879801750183105, "receiver_entropy": 0.0, "original_loss": 0.8004456758499146, "mean_length": 6.0}
{"mode": "train", "epoch": 68, "loss": 7.602153301239014, "acc": 0.3397260308265686, "acc_or": 0.6076483726501465, "sender_entropy": 1.5718433856964111, "receiver_entropy": 0.0, "original_loss": 0.9850403070449829, "mean_length": 6.0}
{"mode": "test", "epoch": 68, "loss": 6.717316627502441, "acc": 0.4931506812572479, "acc_or": 0.732876718044281, "sender_entropy": 1.6804524660110474, "receiver_entropy": 0.0, "original_loss": 0.7277454733848572, "mean_length": 6.0}
{"mode": "train", "epoch": 69, "loss": 7.723578453063965, "acc": 0.3696346879005432, "acc_or": 0.6269406080245972, "sender_entropy": 1.564381718635559, "receiver_entropy": 0.0, "original_loss": 0.9432195425033569, "mean_length": 6.0}
{"mode": "test", "epoch": 69, "loss": 6.687889099121094, "acc": 0.534246563911438, "acc_or": 0.7465753555297852, "sender_entropy": 1.664563775062561, "receiver_entropy": 0.0, "original_loss": 0.7046964168548584, "mean_length": 6.0}
{"mode": "train", "epoch": 70, "loss": 7.63606071472168, "acc": 0.39543378353118896, "acc_or": 0.642808198928833, "sender_entropy": 1.5485339164733887, "receiver_entropy": 0.0, "original_loss": 0.9287848472595215, "mean_length": 6.0}
{"mode": "test", "epoch": 70, "loss": 6.714635848999023, "acc": 0.5205479264259338, "acc_or": 0.7465753555297852, "sender_entropy": 1.6537150144577026, "receiver_entropy": 0.0, "original_loss": 0.678893506526947, "mean_length": 6.0}
{"mode": "train", "epoch": 71, "loss": 7.770002365112305, "acc": 0.40730592608451843, "acc_or": 0.6558219194412231, "sender_entropy": 1.5335251092910767, "receiver_entropy": 0.0, "original_loss": 0.891634464263916, "mean_length": 6.0}
{"mode": "test", "epoch": 71, "loss": 6.629559516906738, "acc": 0.5205479264259338, "acc_or": 0.7465753555297852, "sender_entropy": 1.6434208154678345, "receiver_entropy": 0.0, "original_loss": 0.6642633676528931, "mean_length": 6.0}
{"mode": "train", "epoch": 72, "loss": 7.676276206970215, "acc": 0.4027397334575653, "acc_or": 0.6553652882575989, "sender_entropy": 1.5230647325515747, "receiver_entropy": 0.0, "original_loss": 0.8814979195594788, "mean_length": 6.0}
{"mode": "test", "epoch": 72, "loss": 6.528522491455078, "acc": 0.5753424763679504, "acc_or": 0.7808219194412231, "sender_entropy": 1.6288892030715942, "receiver_entropy": 0.0, "original_loss": 0.6542350053787231, "mean_length": 6.0}
{"mode": "train", "epoch": 73, "loss": 7.655178546905518, "acc": 0.40981733798980713, "acc_or": 0.6583333015441895, "sender_entropy": 1.4998841285705566, "receiver_entropy": 0.0, "original_loss": 0.8627849221229553, "mean_length": 6.0}
{"mode": "test", "epoch": 73, "loss": 6.4716973304748535, "acc": 0.602739691734314, "acc_or": 0.801369845867157, "sender_entropy": 1.6175806522369385, "receiver_entropy": 0.0, "original_loss": 0.6311553716659546, "mean_length": 6.0}
{"mode": "train", "epoch": 74, "loss": 7.730679512023926, "acc": 0.4312785267829895, "acc_or": 0.6762557029724121, "sender_entropy": 1.4835275411605835, "receiver_entropy": 0.0, "original_loss": 0.8330403566360474, "mean_length": 6.0}
{"mode": "test", "epoch": 74, "loss": 6.418838977813721, "acc": 0.5479452013969421, "acc_or": 0.767123281955719, "sender_entropy": 1.6162357330322266, "receiver_entropy": 0.0, "original_loss": 0.6259101629257202, "mean_length": 6.0}
{"mode": "train", "epoch": 75, "loss": 7.666042804718018, "acc": 0.4472602605819702, "acc_or": 0.6834474802017212, "sender_entropy": 1.4889214038848877, "receiver_entropy": 0.0, "original_loss": 0.8174098134040833, "mean_length": 6.0}
{"mode": "test", "epoch": 75, "loss": 6.55289888381958, "acc": 0.6438356041908264, "acc_or": 0.8219177722930908, "sender_entropy": 1.6064376831054688, "receiver_entropy": 0.0, "original_loss": 0.5733703970909119, "mean_length": 6.0}
{"mode": "train", "epoch": 76, "loss": 7.660293102264404, "acc": 0.4515981674194336, "acc_or": 0.6866438388824463, "sender_entropy": 1.478021502494812, "receiver_entropy": 0.0, "original_loss": 0.8063837885856628, "mean_length": 6.0}
{"mode": "test", "epoch": 76, "loss": 6.560997486114502, "acc": 0.6301369667053223, "acc_or": 0.8150684833526611, "sender_entropy": 1.5949288606643677, "receiver_entropy": 0.0, "original_loss": 0.5452693700790405, "mean_length": 6.0}
{"mode": "train", "epoch": 77, "loss": 7.843634128570557, "acc": 0.47054794430732727, "acc_or": 0.7029680013656616, "sender_entropy": 1.463474988937378, "receiver_entropy": 0.0, "original_loss": 0.7606584429740906, "mean_length": 6.0}
{"mode": "test", "epoch": 77, "loss": 6.421462535858154, "acc": 0.6164383292198181, "acc_or": 0.801369845867157, "sender_entropy": 1.5780689716339111, "receiver_entropy": 0.0, "original_loss": 0.5383467078208923, "mean_length": 6.0}
{"mode": "train", "epoch": 78, "loss": 7.715356349945068, "acc": 0.4842465817928314, "acc_or": 0.7063927054405212, "sender_entropy": 1.448117971420288, "receiver_entropy": 0.0, "original_loss": 0.7578216195106506, "mean_length": 6.0}
{"mode": "test", "epoch": 78, "loss": 6.289313316345215, "acc": 0.6301369667053223, "acc_or": 0.8082191944122314, "sender_entropy": 1.5657559633255005, "receiver_entropy": 0.0, "original_loss": 0.5330896377563477, "mean_length": 6.0}
{"mode": "train", "epoch": 79, "loss": 7.715832710266113, "acc": 0.4860730469226837, "acc_or": 0.7126712203025818, "sender_entropy": 1.4392706155776978, "receiver_entropy": 0.0, "original_loss": 0.7349880337715149, "mean_length": 6.0}
{"mode": "test", "epoch": 79, "loss": 6.301537990570068, "acc": 0.6712328791618347, "acc_or": 0.8287671208381653, "sender_entropy": 1.5592389106750488, "receiver_entropy": 0.0, "original_loss": 0.504860520362854, "mean_length": 6.0}
{"mode": "train", "epoch": 80, "loss": 7.744197368621826, "acc": 0.5043379068374634, "acc_or": 0.7243150472640991, "sender_entropy": 1.42660391330719, "receiver_entropy": 0.0, "original_loss": 0.7133044004440308, "mean_length": 6.0}
{"mode": "test", "epoch": 80, "loss": 6.37276554107666, "acc": 0.7534246444702148, "acc_or": 0.8698630332946777, "sender_entropy": 1.5583350658416748, "receiver_entropy": 0.0, "original_loss": 0.46803346276283264, "mean_length": 6.0}
{"mode": "train", "epoch": 81, "loss": 7.650468826293945, "acc": 0.5194063782691956, "acc_or": 0.7279680371284485, "sender_entropy": 1.4244468212127686, "receiver_entropy": 0.0, "original_loss": 0.7076590061187744, "mean_length": 6.0}
{"mode": "test", "epoch": 81, "loss": 6.248547077178955, "acc": 0.7260273694992065, "acc_or": 0.8561643958091736, "sender_entropy": 1.5520991086959839, "receiver_entropy": 0.0, "original_loss": 0.468074232339859, "mean_length": 6.0}
{"mode": "train", "epoch": 82, "loss": 7.725117206573486, "acc": 0.5497716665267944, "acc_or": 0.7446346879005432, "sender_entropy": 1.4218404293060303, "receiver_entropy": 0.0, "original_loss": 0.6689733862876892, "mean_length": 6.0}
{"mode": "test", "epoch": 82, "loss": 6.225089073181152, "acc": 0.698630154132843, "acc_or": 0.8424657583236694, "sender_entropy": 1.5408368110656738, "receiver_entropy": 0.0, "original_loss": 0.44216442108154297, "mean_length": 6.0}
{"mode": "train", "epoch": 83, "loss": 7.586813926696777, "acc": 0.5497716665267944, "acc_or": 0.7496575117111206, "sender_entropy": 1.3979490995407104, "receiver_entropy": 0.0, "original_loss": 0.6649887561798096, "mean_length": 6.0}
{"mode": "test", "epoch": 83, "loss": 6.115698337554932, "acc": 0.6575342416763306, "acc_or": 0.8219177722930908, "sender_entropy": 1.5254948139190674, "receiver_entropy": 0.0, "original_loss": 0.4226241409778595, "mean_length": 6.0}
{"mode": "train", "epoch": 84, "loss": 7.617775917053223, "acc": 0.5716894865036011, "acc_or": 0.763127863407135, "sender_entropy": 1.3784791231155396, "receiver_entropy": 0.0, "original_loss": 0.6406679153442383, "mean_length": 6.0}
{"mode": "test", "epoch": 84, "loss": 6.2253499031066895, "acc": 0.7123287916183472, "acc_or": 0.8493150472640991, "sender_entropy": 1.5251632928848267, "receiver_entropy": 0.0, "original_loss": 0.38956040143966675, "mean_length": 6.0}
{"mode": "train", "epoch": 85, "loss": 7.502866268157959, "acc": 0.5851597785949707, "acc_or": 0.7683789730072021, "sender_entropy": 1.3736438751220703, "receiver_entropy": 0.0, "original_loss": 0.6237671971321106, "mean_length": 6.0}
{"mode": "test", "epoch": 85, "loss": 6.000733852386475, "acc": 0.7260273694992065, "acc_or": 0.8561643958091736, "sender_entropy": 1.508357286453247, "receiver_entropy": 0.0, "original_loss": 0.4005594551563263, "mean_length": 6.0}
{"mode": "train", "epoch": 86, "loss": 7.493554592132568, "acc": 0.5826483964920044, "acc_or": 0.768493115901947, "sender_entropy": 1.3590346574783325, "receiver_entropy": 0.0, "original_loss": 0.6107558012008667, "mean_length": 6.0}
{"mode": "test", "epoch": 86, "loss": 6.025876045227051, "acc": 0.767123281955719, "acc_or": 0.8767123222351074, "sender_entropy": 1.5009516477584839, "receiver_entropy": 0.0, "original_loss": 0.36980441212654114, "mean_length": 6.0}
{"mode": "train", "epoch": 87, "loss": 7.458615779876709, "acc": 0.5926940441131592, "acc_or": 0.7755707502365112, "sender_entropy": 1.35520601272583, "receiver_entropy": 0.0, "original_loss": 0.5943397283554077, "mean_length": 6.0}
{"mode": "test", "epoch": 87, "loss": 5.97011661529541, "acc": 0.7534246444702148, "acc_or": 0.8698630332946777, "sender_entropy": 1.4906224012374878, "receiver_entropy": 0.0, "original_loss": 0.3576723635196686, "mean_length": 6.0}
{"mode": "train", "epoch": 88, "loss": 7.2930097579956055, "acc": 0.6011415719985962, "acc_or": 0.7818493247032166, "sender_entropy": 1.35224449634552, "receiver_entropy": 0.0, "original_loss": 0.5871379375457764, "mean_length": 6.0}
{"mode": "test", "epoch": 88, "loss": 5.8456034660339355, "acc": 0.7534246444702148, "acc_or": 0.8698630332946777, "sender_entropy": 1.476119875907898, "receiver_entropy": 0.0, "original_loss": 0.35574543476104736, "mean_length": 6.0}
{"mode": "train", "epoch": 89, "loss": 7.491133213043213, "acc": 0.6285387873649597, "acc_or": 0.7961187362670898, "sender_entropy": 1.3346928358078003, "receiver_entropy": 0.0, "original_loss": 0.5469025373458862, "mean_length": 6.0}
{"mode": "test", "epoch": 89, "loss": 5.757864475250244, "acc": 0.7397260069847107, "acc_or": 0.8698630332946777, "sender_entropy": 1.4612736701965332, "receiver_entropy": 0.0, "original_loss": 0.357028067111969, "mean_length": 6.0}
{"mode": "train", "epoch": 90, "loss": 7.261710166931152, "acc": 0.6164383292198181, "acc_or": 0.7901826500892639, "sender_entropy": 1.3215391635894775, "receiver_entropy": 0.0, "original_loss": 0.5633370280265808, "mean_length": 6.0}
{"mode": "test", "epoch": 90, "loss": 5.878784656524658, "acc": 0.8219177722930908, "acc_or": 0.9109588861465454, "sender_entropy": 1.4607951641082764, "receiver_entropy": 0.0, "original_loss": 0.32722949981689453, "mean_length": 6.0}
{"mode": "train", "epoch": 91, "loss": 7.40114688873291, "acc": 0.6363013386726379, "acc_or": 0.8042237162590027, "sender_entropy": 1.318346381187439, "receiver_entropy": 0.0, "original_loss": 0.5335695743560791, "mean_length": 6.0}
{"mode": "test", "epoch": 91, "loss": 5.897500514984131, "acc": 0.7808219194412231, "acc_or": 0.8904109597206116, "sender_entropy": 1.459890365600586, "receiver_entropy": 0.0, "original_loss": 0.3093227744102478, "mean_length": 6.0}
{"mode": "train", "epoch": 92, "loss": 7.405429840087891, "acc": 0.6479451656341553, "acc_or": 0.8084474802017212, "sender_entropy": 1.318256139755249, "receiver_entropy": 0.0, "original_loss": 0.5204585790634155, "mean_length": 6.0}
{"mode": "test", "epoch": 92, "loss": 5.880172252655029, "acc": 0.8219177722930908, "acc_or": 0.9109588861465454, "sender_entropy": 1.4497216939926147, "receiver_entropy": 0.0, "original_loss": 0.291511207818985, "mean_length": 6.0}
{"mode": "train", "epoch": 93, "loss": 7.3746867179870605, "acc": 0.6652967929840088, "acc_or": 0.8190639019012451, "sender_entropy": 1.3119043111801147, "receiver_entropy": 0.0, "original_loss": 0.49380072951316833, "mean_length": 6.0}
{"mode": "test", "epoch": 93, "loss": 5.817470550537109, "acc": 0.8767123222351074, "acc_or": 0.9383561611175537, "sender_entropy": 1.447727084159851, "receiver_entropy": 0.0, "original_loss": 0.27576106786727905, "mean_length": 6.0}
{"mode": "train", "epoch": 94, "loss": 7.474881172180176, "acc": 0.6753424406051636, "acc_or": 0.8261415362358093, "sender_entropy": 1.2968838214874268, "receiver_entropy": 0.0, "original_loss": 0.4743235409259796, "mean_length": 6.0}
{"mode": "test", "epoch": 94, "loss": 5.787339210510254, "acc": 0.9178082346916199, "acc_or": 0.9589040875434875, "sender_entropy": 1.4450546503067017, "receiver_entropy": 0.0, "original_loss": 0.25857192277908325, "mean_length": 6.0}
{"mode": "train", "epoch": 95, "loss": 7.39031982421875, "acc": 0.6856164336204529, "acc_or": 0.8317351341247559, "sender_entropy": 1.297047734260559, "receiver_entropy": 0.0, "original_loss": 0.4685198962688446, "mean_length": 6.0}
{"mode": "test", "epoch": 95, "loss": 5.859559059143066, "acc": 0.931506872177124, "acc_or": 0.965753436088562, "sender_entropy": 1.4469428062438965, "receiver_entropy": 0.0, "original_loss": 0.23471461236476898, "mean_length": 6.0}
{"mode": "train", "epoch": 96, "loss": 7.319870948791504, "acc": 0.6805936098098755, "acc_or": 0.8279680013656616, "sender_entropy": 1.3040894269943237, "receiver_entropy": 0.0, "original_loss": 0.4653471112251282, "mean_length": 6.0}
{"mode": "test", "epoch": 96, "loss": 5.881495952606201, "acc": 0.931506872177124, "acc_or": 0.965753436088562, "sender_entropy": 1.4487468004226685, "receiver_entropy": 0.0, "original_loss": 0.22471587359905243, "mean_length": 6.0}
{"mode": "train", "epoch": 97, "loss": 7.324282169342041, "acc": 0.7025114297866821, "acc_or": 0.8404109477996826, "sender_entropy": 1.3098088502883911, "receiver_entropy": 0.0, "original_loss": 0.45310190320014954, "mean_length": 6.0}
{"mode": "test", "epoch": 97, "loss": 5.927048206329346, "acc": 0.9452054500579834, "acc_or": 0.9726027250289917, "sender_entropy": 1.4552338123321533, "receiver_entropy": 0.0, "original_loss": 0.22154970467090607, "mean_length": 6.0}
{"mode": "train", "epoch": 98, "loss": 7.285128116607666, "acc": 0.69748854637146, "acc_or": 0.838127851486206, "sender_entropy": 1.3076660633087158, "receiver_entropy": 0.0, "original_loss": 0.4495669901371002, "mean_length": 6.0}
{"mode": "test", "epoch": 98, "loss": 5.726114749908447, "acc": 0.8904109597206116, "acc_or": 0.9452054500579834, "sender_entropy": 1.4335507154464722, "receiver_entropy": 0.0, "original_loss": 0.21571481227874756, "mean_length": 6.0}
{"mode": "train", "epoch": 99, "loss": 7.200455665588379, "acc": 0.7029680013656616, "acc_or": 0.8389269113540649, "sender_entropy": 1.293657898902893, "receiver_entropy": 0.0, "original_loss": 0.4455622136592865, "mean_length": 6.0}
{"mode": "test", "epoch": 99, "loss": 5.643058776855469, "acc": 0.8904109597206116, "acc_or": 0.9452054500579834, "sender_entropy": 1.4254894256591797, "receiver_entropy": 0.0, "original_loss": 0.20886531472206116, "mean_length": 6.0}
{"mode": "train", "epoch": 100, "loss": 7.13145637512207, "acc": 0.7123287320137024, "acc_or": 0.8452054858207703, "sender_entropy": 1.290256142616272, "receiver_entropy": 0.0, "original_loss": 0.4360826909542084, "mean_length": 6.0}
{"mode": "test", "epoch": 100, "loss": 5.679781913757324, "acc": 0.931506872177124, "acc_or": 0.965753436088562, "sender_entropy": 1.4262031316757202, "receiver_entropy": 0.0, "original_loss": 0.18940167129039764, "mean_length": 6.0}
{"mode": "train", "epoch": 101, "loss": 7.2540082931518555, "acc": 0.7319634556770325, "acc_or": 0.854566216468811, "sender_entropy": 1.28510320186615, "receiver_entropy": 0.0, "original_loss": 0.41476407647132874, "mean_length": 6.0}
{"mode": "test", "epoch": 101, "loss": 5.63124418258667, "acc": 0.9041095972061157, "acc_or": 0.9520547986030579, "sender_entropy": 1.430466651916504, "receiver_entropy": 0.0, "original_loss": 0.20329982042312622, "mean_length": 6.0}
{"mode": "train", "epoch": 102, "loss": 7.157252311706543, "acc": 0.7301369905471802, "acc_or": 0.854566216468811, "sender_entropy": 1.291815996170044, "receiver_entropy": 0.0, "original_loss": 0.4181717336177826, "mean_length": 6.0}
{"mode": "test", "epoch": 102, "loss": 5.717743873596191, "acc": 0.9452054500579834, "acc_or": 0.9726027250289917, "sender_entropy": 1.433067798614502, "receiver_entropy": 0.0, "original_loss": 0.1667022854089737, "mean_length": 6.0}
{"mode": "train", "epoch": 103, "loss": 7.179677963256836, "acc": 0.7271689176559448, "acc_or": 0.8526255488395691, "sender_entropy": 1.2964074611663818, "receiver_entropy": 0.0, "original_loss": 0.4124363362789154, "mean_length": 6.0}
{"mode": "test", "epoch": 103, "loss": 5.590752124786377, "acc": 0.9589040875434875, "acc_or": 0.9794520735740662, "sender_entropy": 1.428065538406372, "receiver_entropy": 0.0, "original_loss": 0.17092634737491608, "mean_length": 6.0}
{"mode": "train", "epoch": 104, "loss": 7.035224437713623, "acc": 0.7296803593635559, "acc_or": 0.8529680371284485, "sender_entropy": 1.2919065952301025, "receiver_entropy": 0.0, "original_loss": 0.4108368158340454, "mean_length": 6.0}
{"mode": "test", "epoch": 104, "loss": 5.562994956970215, "acc": 0.9589040875434875, "acc_or": 0.9794520735740662, "sender_entropy": 1.4258450269699097, "receiver_entropy": 0.0, "original_loss": 0.16759908199310303, "mean_length": 6.0}
{"mode": "train", "epoch": 105, "loss": 7.021914482116699, "acc": 0.7351598143577576, "acc_or": 0.8559360504150391, "sender_entropy": 1.293034553527832, "receiver_entropy": 0.0, "original_loss": 0.39909204840660095, "mean_length": 6.0}
{"mode": "test", "epoch": 105, "loss": 5.50670862197876, "acc": 0.9178082346916199, "acc_or": 0.9589040875434875, "sender_entropy": 1.428860068321228, "receiver_entropy": 0.0, "original_loss": 0.16557453572750092, "mean_length": 6.0}
{"mode": "train", "epoch": 106, "loss": 7.089930057525635, "acc": 0.7547945380210876, "acc_or": 0.8672374486923218, "sender_entropy": 1.2982927560806274, "receiver_entropy": 0.0, "original_loss": 0.3871774971485138, "mean_length": 6.0}
{"mode": "test", "epoch": 106, "loss": 5.443573474884033, "acc": 0.9041095972061157, "acc_or": 0.9520547986030579, "sender_entropy": 1.4342806339263916, "receiver_entropy": 0.0, "original_loss": 0.17815445363521576, "mean_length": 6.0}
{"mode": "train", "epoch": 107, "loss": 6.923038482666016, "acc": 0.7353881001472473, "acc_or": 0.857876718044281, "sender_entropy": 1.303269863128662, "receiver_entropy": 0.0, "original_loss": 0.3999616205692291, "mean_length": 6.0}
{"mode": "test", "epoch": 107, "loss": 5.3607282638549805, "acc": 0.9041095972061157, "acc_or": 0.9452054500579834, "sender_entropy": 1.4254844188690186, "receiver_entropy": 0.0, "original_loss": 0.17799191176891327, "mean_length": 6.0}
{"mode": "train", "epoch": 108, "loss": 6.952998638153076, "acc": 0.7511415481567383, "acc_or": 0.8652967810630798, "sender_entropy": 1.300958514213562, "receiver_entropy": 0.0, "original_loss": 0.3886229395866394, "mean_length": 6.0}
{"mode": "test", "epoch": 108, "loss": 5.430972576141357, "acc": 0.9178082346916199, "acc_or": 0.9589040875434875, "sender_entropy": 1.4238002300262451, "receiver_entropy": 0.0, "original_loss": 0.15308500826358795, "mean_length": 6.0}
{"mode": "train", "epoch": 109, "loss": 6.842352390289307, "acc": 0.7438356280326843, "acc_or": 0.8600456714630127, "sender_entropy": 1.2954044342041016, "receiver_entropy": 0.0, "original_loss": 0.38887548446655273, "mean_length": 6.0}
{"mode": "test", "epoch": 109, "loss": 5.468616962432861, "acc": 0.9589040875434875, "acc_or": 0.9794520735740662, "sender_entropy": 1.4230594635009766, "receiver_entropy": 0.0, "original_loss": 0.14843863248825073, "mean_length": 6.0}
{"mode": "train", "epoch": 110, "loss": 6.898114204406738, "acc": 0.7646118402481079, "acc_or": 0.8729451894760132, "sender_entropy": 1.2912105321884155, "receiver_entropy": 0.0, "original_loss": 0.3684232532978058, "mean_length": 6.0}
{"mode": "test", "epoch": 110, "loss": 5.452056884765625, "acc": 0.931506872177124, "acc_or": 0.965753436088562, "sender_entropy": 1.4239399433135986, "receiver_entropy": 0.0, "original_loss": 0.1418018788099289, "mean_length": 6.0}
{"mode": "train", "epoch": 111, "loss": 6.841237545013428, "acc": 0.7719178199768066, "acc_or": 0.8781963586807251, "sender_entropy": 1.2867810726165771, "receiver_entropy": 0.0, "original_loss": 0.3562721014022827, "mean_length": 6.0}
{"mode": "test", "epoch": 111, "loss": 5.449432373046875, "acc": 0.9589040875434875, "acc_or": 0.9794520735740662, "sender_entropy": 1.4282602071762085, "receiver_entropy": 0.0, "original_loss": 0.13778500258922577, "mean_length": 6.0}
{"mode": "train", "epoch": 112, "loss": 6.878299713134766, "acc": 0.7833333015441895, "acc_or": 0.8817351460456848, "sender_entropy": 1.2805908918380737, "receiver_entropy": 0.0, "original_loss": 0.3452548682689667, "mean_length": 6.0}
{"mode": "test", "epoch": 112, "loss": 5.44899320602417, "acc": 0.9178082346916199, "acc_or": 0.9589040875434875, "sender_entropy": 1.4336711168289185, "receiver_entropy": 0.0, "original_loss": 0.13873058557510376, "mean_length": 6.0}
{"mode": "train", "epoch": 113, "loss": 6.9387335777282715, "acc": 0.7833333015441895, "acc_or": 0.8849315047264099, "sender_entropy": 1.279469609260559, "receiver_entropy": 0.0, "original_loss": 0.3282323181629181, "mean_length": 6.0}
{"mode": "test", "epoch": 113, "loss": 5.459935665130615, "acc": 0.9863013625144958, "acc_or": 0.9931506514549255, "sender_entropy": 1.4237455129623413, "receiver_entropy": 0.0, "original_loss": 0.10283619165420532, "mean_length": 6.0}
{"mode": "train", "epoch": 114, "loss": 6.913089752197266, "acc": 0.7938355803489685, "acc_or": 0.8889269232749939, "sender_entropy": 1.2734469175338745, "receiver_entropy": 0.0, "original_loss": 0.3186625838279724, "mean_length": 6.0}
{"mode": "test", "epoch": 114, "loss": 5.3660688400268555, "acc": 0.9726027250289917, "acc_or": 0.9863013625144958, "sender_entropy": 1.4194653034210205, "receiver_entropy": 0.0, "original_loss": 0.10162574797868729, "mean_length": 6.0}
{"mode": "train", "epoch": 115, "loss": 6.770106315612793, "acc": 0.7910958528518677, "acc_or": 0.8885844349861145, "sender_entropy": 1.2733763456344604, "receiver_entropy": 0.0, "original_loss": 0.32414183020591736, "mean_length": 6.0}
{"mode": "test", "epoch": 115, "loss": 5.346287727355957, "acc": 0.9726027250289917, "acc_or": 0.9863013625144958, "sender_entropy": 1.4187183380126953, "receiver_entropy": 0.0, "original_loss": 0.10272050648927689, "mean_length": 6.0}
{"mode": "train", "epoch": 116, "loss": 6.747529983520508, "acc": 0.7885844707489014, "acc_or": 0.8869863152503967, "sender_entropy": 1.2758349180221558, "receiver_entropy": 0.0, "original_loss": 0.32366424798965454, "mean_length": 6.0}
{"mode": "test", "epoch": 116, "loss": 5.30689811706543, "acc": 0.9863013625144958, "acc_or": 0.9931506514549255, "sender_entropy": 1.412280797958374, "receiver_entropy": 0.0, "original_loss": 0.09556082636117935, "mean_length": 6.0}
{"mode": "train", "epoch": 117, "loss": 6.673952102661133, "acc": 0.7890411019325256, "acc_or": 0.8868721127510071, "sender_entropy": 1.280238151550293, "receiver_entropy": 0.0, "original_loss": 0.32078060507774353, "mean_length": 6.0}
{"mode": "test", "epoch": 117, "loss": 5.208559513092041, "acc": 1.0, "acc_or": 1.0, "sender_entropy": 1.4074405431747437, "receiver_entropy": 0.0, "original_loss": 0.09479078650474548, "mean_length": 6.0}
{"epoch": 117, "positional_disent": 0.1296243667602539, "bag_of_symbol_disent": 0.23036161065101624, "topographic_sim": 0.4041850624666777}
{"generalization hold out": {"acc": 0.9444444179534912, "acc_or": 0.9444444179534912}, "uniform holdout": {"acc": 0.0, "acc_or": 0.3125}, "epoch": 117}
---End--
