nohup: ignoring input
{"mode": "train", "epoch": 1, "loss": -30.627363204956055, "acc": 0.010730593465268612, "acc_or": 0.11461187154054642, "sender_entropy": 2.3017969131469727, "receiver_entropy": 0.0, "original_loss": 2.3012757301330566, "mean_length": 6.0}
{"mode": "test", "epoch": 1, "loss": 1.4044817686080933, "acc": 0.0, "acc_or": 0.08219178020954132, "sender_entropy": 2.3014233112335205, "receiver_entropy": 0.0, "original_loss": 2.2807939052581787, "mean_length": 6.0}
{"mode": "train", "epoch": 2, "loss": 1.3904567956924438, "acc": 0.0125570772215724, "acc_or": 0.125, "sender_entropy": 2.3013784885406494, "receiver_entropy": 0.0, "original_loss": 2.2825565338134766, "mean_length": 6.0}
{"mode": "test", "epoch": 2, "loss": 1.3600281476974487, "acc": 0.013698630034923553, "acc_or": 0.0890410989522934, "sender_entropy": 2.3003242015838623, "receiver_entropy": 0.0, "original_loss": 2.274103879928589, "mean_length": 6.0}
{"mode": "train", "epoch": 3, "loss": 1.4807260036468506, "acc": 0.017123287543654442, "acc_or": 0.1278538852930069, "sender_entropy": 2.3002567291259766, "receiver_entropy": 0.0, "original_loss": 2.265443801879883, "mean_length": 6.0}
{"mode": "test", "epoch": 3, "loss": 1.401611566543579, "acc": 0.027397260069847107, "acc_or": 0.0890410989522934, "sender_entropy": 2.299417495727539, "receiver_entropy": 0.0, "original_loss": 2.261038303375244, "mean_length": 6.0}
{"mode": "train", "epoch": 4, "loss": 1.5520455837249756, "acc": 0.01278538815677166, "acc_or": 0.12191780656576157, "sender_entropy": 2.2993221282958984, "receiver_entropy": 0.0, "original_loss": 2.250431537628174, "mean_length": 6.0}
{"mode": "test", "epoch": 4, "loss": 1.4835395812988281, "acc": 0.013698630034923553, "acc_or": 0.08219178020954132, "sender_entropy": 2.2989306449890137, "receiver_entropy": 0.0, "original_loss": 2.2452876567840576, "mean_length": 6.0}
{"mode": "train", "epoch": 5, "loss": 1.64329195022583, "acc": 0.015068492852151394, "acc_or": 0.125, "sender_entropy": 2.2988383769989014, "receiver_entropy": 0.0, "original_loss": 2.2343971729278564, "mean_length": 6.0}
{"mode": "test", "epoch": 5, "loss": 1.6233632564544678, "acc": 0.013698630034923553, "acc_or": 0.1164383590221405, "sender_entropy": 2.298703193664551, "receiver_entropy": 0.0, "original_loss": 2.2246439456939697, "mean_length": 6.0}
{"mode": "train", "epoch": 6, "loss": 1.7124828100204468, "acc": 0.013470319099724293, "acc_or": 0.12066210061311722, "sender_entropy": 2.2985951900482178, "receiver_entropy": 0.0, "original_loss": 2.220304012298584, "mean_length": 6.0}
{"mode": "test", "epoch": 6, "loss": 1.6988415718078613, "acc": 0.013698630034923553, "acc_or": 0.1506849229335785, "sender_entropy": 2.298722505569458, "receiver_entropy": 0.0, "original_loss": 2.2099192142486572, "mean_length": 6.0}
{"mode": "train", "epoch": 7, "loss": 1.736831784248352, "acc": 0.014611871913075447, "acc_or": 0.12842465937137604, "sender_entropy": 2.2986371517181396, "receiver_entropy": 0.0, "original_loss": 2.209991931915283, "mean_length": 6.0}
{"mode": "test", "epoch": 7, "loss": 1.807826280593872, "acc": 0.013698630034923553, "acc_or": 0.1506849229335785, "sender_entropy": 2.298835277557373, "receiver_entropy": 0.0, "original_loss": 2.193282127380371, "mean_length": 6.0}
{"mode": "train", "epoch": 8, "loss": 1.7489471435546875, "acc": 0.01141552533954382, "acc_or": 0.12100456655025482, "sender_entropy": 2.298795461654663, "receiver_entropy": 0.0, "original_loss": 2.2015531063079834, "mean_length": 6.0}
{"mode": "test", "epoch": 8, "loss": 1.9039901494979858, "acc": 0.013698630034923553, "acc_or": 0.13698630034923553, "sender_entropy": 2.2990095615386963, "receiver_entropy": 0.0, "original_loss": 2.178426504135132, "mean_length": 6.0}
{"mode": "train", "epoch": 9, "loss": 1.7546987533569336, "acc": 0.010958904400467873, "acc_or": 0.12374428659677505, "sender_entropy": 2.299039602279663, "receiver_entropy": 0.0, "original_loss": 2.1942663192749023, "mean_length": 6.0}
{"mode": "test", "epoch": 9, "loss": 1.8833930492401123, "acc": 0.027397260069847107, "acc_or": 0.15753424167633057, "sender_entropy": 2.2992448806762695, "receiver_entropy": 0.0, "original_loss": 2.174161672592163, "mean_length": 6.0}
{"mode": "train", "epoch": 10, "loss": 1.6706488132476807, "acc": 0.011643835343420506, "acc_or": 0.1192922368645668, "sender_entropy": 2.2992732524871826, "receiver_entropy": 0.0, "original_loss": 2.1946258544921875, "mean_length": 6.0}
{"mode": "test", "epoch": 10, "loss": 1.8689568042755127, "acc": 0.0, "acc_or": 0.13013698160648346, "sender_entropy": 2.29941463470459, "receiver_entropy": 0.0, "original_loss": 2.17073655128479, "mean_length": 6.0}
{"mode": "train", "epoch": 11, "loss": 1.6300296783447266, "acc": 0.013470319099724293, "acc_or": 0.12374428659677505, "sender_entropy": 2.2994301319122314, "receiver_entropy": 0.0, "original_loss": 2.1929032802581787, "mean_length": 6.0}
{"mode": "test", "epoch": 11, "loss": 1.9441925287246704, "acc": 0.06849315017461777, "acc_or": 0.232876718044281, "sender_entropy": 2.2995073795318604, "receiver_entropy": 0.0, "original_loss": 2.160449981689453, "mean_length": 6.0}
{"mode": "train", "epoch": 12, "loss": 1.5879342555999756, "acc": 0.012100456282496452, "acc_or": 0.12442921847105026, "sender_entropy": 2.29951548576355, "receiver_entropy": 0.0, "original_loss": 2.1919467449188232, "mean_length": 6.0}
{"mode": "test", "epoch": 12, "loss": 1.9447511434555054, "acc": 0.013698630034923553, "acc_or": 0.15753424167633057, "sender_entropy": 2.299536943435669, "receiver_entropy": 0.0, "original_loss": 2.1568424701690674, "mean_length": 6.0}
{"mode": "train", "epoch": 13, "loss": 1.534462571144104, "acc": 0.016438355669379234, "acc_or": 0.12522831559181213, "sender_entropy": 2.2995283603668213, "receiver_entropy": 0.0, "original_loss": 2.192591428756714, "mean_length": 6.0}
{"mode": "test", "epoch": 13, "loss": 1.9456193447113037, "acc": 0.06849315017461777, "acc_or": 0.25342464447021484, "sender_entropy": 2.2995901107788086, "receiver_entropy": 0.0, "original_loss": 2.154100179672241, "mean_length": 6.0}
{"mode": "train", "epoch": 14, "loss": 1.5111163854599, "acc": 0.013242009095847607, "acc_or": 0.12363013625144958, "sender_entropy": 2.2994935512542725, "receiver_entropy": 0.0, "original_loss": 2.1914196014404297, "mean_length": 6.0}
{"mode": "test", "epoch": 14, "loss": 1.864333152770996, "acc": 0.054794520139694214, "acc_or": 0.1780821979045868, "sender_entropy": 2.29960560798645, "receiver_entropy": 0.0, "original_loss": 2.1582043170928955, "mean_length": 6.0}
{"mode": "train", "epoch": 15, "loss": 1.4718537330627441, "acc": 0.015981735661625862, "acc_or": 0.12351597845554352, "sender_entropy": 2.2994225025177, "receiver_entropy": 0.0, "original_loss": 2.191822052001953, "mean_length": 6.0}
{"mode": "test", "epoch": 15, "loss": 1.8289271593093872, "acc": 0.04109589010477066, "acc_or": 0.22602739930152893, "sender_entropy": 2.299556016921997, "receiver_entropy": 0.0, "original_loss": 2.1585588455200195, "mean_length": 6.0}
{"mode": "train", "epoch": 16, "loss": 1.4750207662582397, "acc": 0.013698630034923553, "acc_or": 0.12773972749710083, "sender_entropy": 2.2993240356445312, "receiver_entropy": 0.0, "original_loss": 2.1893420219421387, "mean_length": 6.0}
{"mode": "test", "epoch": 16, "loss": 1.78498375415802, "acc": 0.027397260069847107, "acc_or": 0.19178082048892975, "sender_entropy": 2.299485683441162, "receiver_entropy": 0.0, "original_loss": 2.1597683429718018, "mean_length": 6.0}
{"mode": "train", "epoch": 17, "loss": 1.4433016777038574, "acc": 0.016210045665502548, "acc_or": 0.12808218598365784, "sender_entropy": 2.2992122173309326, "receiver_entropy": 0.0, "original_loss": 2.189650535583496, "mean_length": 6.0}
{"mode": "test", "epoch": 17, "loss": 1.8281660079956055, "acc": 0.054794520139694214, "acc_or": 0.25342464447021484, "sender_entropy": 2.2993733882904053, "receiver_entropy": 0.0, "original_loss": 2.1544506549835205, "mean_length": 6.0}
{"mode": "train", "epoch": 18, "loss": 1.411065936088562, "acc": 0.016438355669379234, "acc_or": 0.12876711785793304, "sender_entropy": 2.299119710922241, "receiver_entropy": 0.0, "original_loss": 2.1902968883514404, "mean_length": 6.0}
{"mode": "test", "epoch": 18, "loss": 1.9286167621612549, "acc": 0.10958904027938843, "acc_or": 0.3493150770664215, "sender_entropy": 2.2992477416992188, "receiver_entropy": 0.0, "original_loss": 2.1447463035583496, "mean_length": 6.0}
{"mode": "train", "epoch": 19, "loss": 1.4186985492706299, "acc": 0.01780821941792965, "acc_or": 0.13504566252231598, "sender_entropy": 2.299018383026123, "receiver_entropy": 0.0, "original_loss": 2.1880581378936768, "mean_length": 6.0}
{"mode": "test", "epoch": 19, "loss": 1.9658839702606201, "acc": 0.027397260069847107, "acc_or": 0.232876718044281, "sender_entropy": 2.2991137504577637, "receiver_entropy": 0.0, "original_loss": 2.1401479244232178, "mean_length": 6.0}
{"mode": "train", "epoch": 20, "loss": 1.386742115020752, "acc": 0.013698630034923553, "acc_or": 0.1292237490415573, "sender_entropy": 2.2988970279693604, "receiver_entropy": 0.0, "original_loss": 2.1889593601226807, "mean_length": 6.0}
{"mode": "test", "epoch": 20, "loss": 2.0459799766540527, "acc": 0.08219178020954132, "acc_or": 0.301369845867157, "sender_entropy": 2.298952579498291, "receiver_entropy": 0.0, "original_loss": 2.1320858001708984, "mean_length": 6.0}
{"mode": "train", "epoch": 21, "loss": 1.376559853553772, "acc": 0.016210045665502548, "acc_or": 0.13333332538604736, "sender_entropy": 2.298750400543213, "receiver_entropy": 0.0, "original_loss": 2.1884026527404785, "mean_length": 6.0}
{"mode": "test", "epoch": 21, "loss": 2.1462388038635254, "acc": 0.10958904027938843, "acc_or": 0.3493150770664215, "sender_entropy": 2.298762798309326, "receiver_entropy": 0.0, "original_loss": 2.1223487854003906, "mean_length": 6.0}
{"mode": "train", "epoch": 22, "loss": 1.36845064163208, "acc": 0.018036529421806335, "acc_or": 0.14189498126506805, "sender_entropy": 2.298593044281006, "receiver_entropy": 0.0, "original_loss": 2.187661647796631, "mean_length": 6.0}
{"mode": "test", "epoch": 22, "loss": 2.261270046234131, "acc": 0.04109589010477066, "acc_or": 0.31506848335266113, "sender_entropy": 2.298556327819824, "receiver_entropy": 0.0, "original_loss": 2.11132550239563, "mean_length": 6.0}
{"mode": "train", "epoch": 23, "loss": 1.380535364151001, "acc": 0.017123287543654442, "acc_or": 0.1389269381761551, "sender_entropy": 2.2983903884887695, "receiver_entropy": 0.0, "original_loss": 2.18546199798584, "mean_length": 6.0}
{"mode": "test", "epoch": 23, "loss": 2.3642330169677734, "acc": 0.04109589010477066, "acc_or": 0.2945205569267273, "sender_entropy": 2.298272132873535, "receiver_entropy": 0.0, "original_loss": 2.101109743118286, "mean_length": 6.0}
{"mode": "train", "epoch": 24, "loss": 1.3518788814544678, "acc": 0.01780821941792965, "acc_or": 0.13984018564224243, "sender_entropy": 2.298104763031006, "receiver_entropy": 0.0, "original_loss": 2.186447858810425, "mean_length": 6.0}
{"mode": "test", "epoch": 24, "loss": 2.491429328918457, "acc": 0.08219178020954132, "acc_or": 0.3287671208381653, "sender_entropy": 2.2979042530059814, "receiver_entropy": 0.0, "original_loss": 2.0890400409698486, "mean_length": 6.0}
{"mode": "train", "epoch": 25, "loss": 1.3576127290725708, "acc": 0.017351597547531128, "acc_or": 0.14440639317035675, "sender_entropy": 2.2977049350738525, "receiver_entropy": 0.0, "original_loss": 2.1849288940429688, "mean_length": 6.0}
{"mode": "test", "epoch": 25, "loss": 2.657186985015869, "acc": 0.12328767031431198, "acc_or": 0.3904109597206116, "sender_entropy": 2.2974319458007812, "receiver_entropy": 0.0, "original_loss": 2.0738472938537598, "mean_length": 6.0}
{"mode": "train", "epoch": 26, "loss": 1.3593504428863525, "acc": 0.01780821941792965, "acc_or": 0.14235159754753113, "sender_entropy": 2.297180652618408, "receiver_entropy": 0.0, "original_loss": 2.1836516857147217, "mean_length": 6.0}
{"mode": "test", "epoch": 26, "loss": 2.7616260051727295, "acc": 0.09589041024446487, "acc_or": 0.3493150770664215, "sender_entropy": 2.296715021133423, "receiver_entropy": 0.0, "original_loss": 2.063319444656372, "mean_length": 6.0}
{"mode": "train", "epoch": 27, "loss": 1.3725154399871826, "acc": 0.017123287543654442, "acc_or": 0.1438356190919876, "sender_entropy": 2.2964444160461426, "receiver_entropy": 0.0, "original_loss": 2.181521415710449, "mean_length": 6.0}
{"mode": "test", "epoch": 27, "loss": 2.907362699508667, "acc": 0.06849315017461777, "acc_or": 0.33561643958091736, "sender_entropy": 2.2956955432891846, "receiver_entropy": 0.0, "original_loss": 2.0486679077148438, "mean_length": 6.0}
{"mode": "train", "epoch": 28, "loss": 1.3704402446746826, "acc": 0.021004565060138702, "acc_or": 0.14908675849437714, "sender_entropy": 2.295409679412842, "receiver_entropy": 0.0, "original_loss": 2.1804935932159424, "mean_length": 6.0}
{"mode": "test", "epoch": 28, "loss": 3.0694074630737305, "acc": 0.04109589010477066, "acc_or": 0.31506848335266113, "sender_entropy": 2.294187545776367, "receiver_entropy": 0.0, "original_loss": 2.03208065032959, "mean_length": 6.0}
{"mode": "train", "epoch": 29, "loss": 1.3874913454055786, "acc": 0.01666666567325592, "acc_or": 0.14897260069847107, "sender_entropy": 2.293928384780884, "receiver_entropy": 0.0, "original_loss": 2.177990198135376, "mean_length": 6.0}
{"mode": "test", "epoch": 29, "loss": 3.233010768890381, "acc": 0.08219178020954132, "acc_or": 0.33561643958091736, "sender_entropy": 2.2920515537261963, "receiver_entropy": 0.0, "original_loss": 2.014296054840088, "mean_length": 6.0}
{"mode": "train", "epoch": 30, "loss": 1.4363617897033691, "acc": 0.019178081303834915, "acc_or": 0.1549086719751358, "sender_entropy": 2.2917158603668213, "receiver_entropy": 0.0, "original_loss": 2.172884225845337, "mean_length": 6.0}
{"mode": "test", "epoch": 30, "loss": 3.40956974029541, "acc": 0.09589041024446487, "acc_or": 0.33561643958091736, "sender_entropy": 2.288782835006714, "receiver_entropy": 0.0, "original_loss": 1.9934087991714478, "mean_length": 6.0}
{"mode": "train", "epoch": 31, "loss": 1.5098018646240234, "acc": 0.021461186930537224, "acc_or": 0.1634703129529953, "sender_entropy": 2.2883880138397217, "receiver_entropy": 0.0, "original_loss": 2.1655428409576416, "mean_length": 6.0}
{"mode": "test", "epoch": 31, "loss": 3.5592052936553955, "acc": 0.08219178020954132, "acc_or": 0.3219178020954132, "sender_entropy": 2.2836952209472656, "receiver_entropy": 0.0, "original_loss": 1.972532033920288, "mean_length": 6.0}
{"mode": "train", "epoch": 32, "loss": 1.5355182886123657, "acc": 0.025342464447021484, "acc_or": 0.1742009073495865, "sender_entropy": 2.2831389904022217, "receiver_entropy": 0.0, "original_loss": 2.1614930629730225, "mean_length": 6.0}
{"mode": "test", "epoch": 32, "loss": 3.7389063835144043, "acc": 0.08219178020954132, "acc_or": 0.3219178020954132, "sender_entropy": 2.2752490043640137, "receiver_entropy": 0.0, "original_loss": 1.9457467794418335, "mean_length": 6.0}
{"mode": "train", "epoch": 33, "loss": 1.6945291757583618, "acc": 0.026027396321296692, "acc_or": 0.1837899535894394, "sender_entropy": 2.2744901180267334, "receiver_entropy": 0.0, "original_loss": 2.1468138694763184, "mean_length": 6.0}
{"mode": "test", "epoch": 33, "loss": 3.8988428115844727, "acc": 0.06849315017461777, "acc_or": 0.30821916460990906, "sender_entropy": 2.2614617347717285, "receiver_entropy": 0.0, "original_loss": 1.915398359298706, "mean_length": 6.0}
{"mode": "train", "epoch": 34, "loss": 1.8542935848236084, "acc": 0.033561643213033676, "acc_or": 0.19486300647258759, "sender_entropy": 2.2603092193603516, "receiver_entropy": 0.0, "original_loss": 2.1305477619171143, "mean_length": 6.0}
{"mode": "test", "epoch": 34, "loss": 3.999547004699707, "acc": 0.06849315017461777, "acc_or": 0.30821916460990906, "sender_entropy": 2.2384984493255615, "receiver_entropy": 0.0, "original_loss": 1.8837188482284546, "mean_length": 6.0}
{"mode": "train", "epoch": 35, "loss": 2.11916446685791, "acc": 0.04178082197904587, "acc_or": 0.2200913280248642, "sender_entropy": 2.2367300987243652, "receiver_entropy": 0.0, "original_loss": 2.104445457458496, "mean_length": 6.0}
{"mode": "test", "epoch": 35, "loss": 4.067411422729492, "acc": 0.06849315017461777, "acc_or": 0.3287671208381653, "sender_entropy": 2.202881097793579, "receiver_entropy": 0.0, "original_loss": 1.8468722105026245, "mean_length": 6.0}
{"mode": "train", "epoch": 36, "loss": 2.5145812034606934, "acc": 0.04885844513773918, "acc_or": 0.2340182662010193, "sender_entropy": 2.2006285190582275, "receiver_entropy": 0.0, "original_loss": 2.0646262168884277, "mean_length": 6.0}
{"mode": "test", "epoch": 36, "loss": 4.04965877532959, "acc": 0.06849315017461777, "acc_or": 0.34246575832366943, "sender_entropy": 2.164837598800659, "receiver_entropy": 0.0, "original_loss": 1.8141013383865356, "mean_length": 6.0}
{"mode": "train", "epoch": 37, "loss": 2.9739274978637695, "acc": 0.05159817263484001, "acc_or": 0.25947487354278564, "sender_entropy": 2.1628215312957764, "receiver_entropy": 0.0, "original_loss": 2.0145506858825684, "mean_length": 6.0}
{"mode": "test", "epoch": 37, "loss": 3.9842019081115723, "acc": 0.054794520139694214, "acc_or": 0.3561643958091736, "sender_entropy": 2.115173816680908, "receiver_entropy": 0.0, "original_loss": 1.7812894582748413, "mean_length": 6.0}
{"mode": "train", "epoch": 38, "loss": 3.4593772888183594, "acc": 0.05776255577802658, "acc_or": 0.27614155411720276, "sender_entropy": 2.1129777431488037, "receiver_entropy": 0.0, "original_loss": 1.9581748247146606, "mean_length": 6.0}
{"mode": "test", "epoch": 38, "loss": 3.805936336517334, "acc": 0.06849315017461777, "acc_or": 0.36301368474960327, "sender_entropy": 2.06909441947937, "receiver_entropy": 0.0, "original_loss": 1.763400912284851, "mean_length": 6.0}
{"mode": "train", "epoch": 39, "loss": 3.9298315048217773, "acc": 0.06187214329838753, "acc_or": 0.2916666567325592, "sender_entropy": 2.0664002895355225, "receiver_entropy": 0.0, "original_loss": 1.8971048593521118, "mean_length": 6.0}
{"mode": "test", "epoch": 39, "loss": 3.6332359313964844, "acc": 0.054794520139694214, "acc_or": 0.3493150770664215, "sender_entropy": 2.0315566062927246, "receiver_entropy": 0.0, "original_loss": 1.7488603591918945, "mean_length": 6.0}
{"mode": "train", "epoch": 40, "loss": 4.262843608856201, "acc": 0.07100456207990646, "acc_or": 0.3094748854637146, "sender_entropy": 2.0276296138763428, "receiver_entropy": 0.0, "original_loss": 1.8437570333480835, "mean_length": 6.0}
{"mode": "test", "epoch": 40, "loss": 3.0708601474761963, "acc": 0.054794520139694214, "acc_or": 0.33561643958091736, "sender_entropy": 1.9909369945526123, "receiver_entropy": 0.0, "original_loss": 1.7857260704040527, "mean_length": 6.0}
{"mode": "train", "epoch": 41, "loss": 4.421757221221924, "acc": 0.07351598143577576, "acc_or": 0.3023972511291504, "sender_entropy": 1.9831987619400024, "receiver_entropy": 0.0, "original_loss": 1.8101693391799927, "mean_length": 6.0}
{"mode": "test", "epoch": 41, "loss": 2.9249637126922607, "acc": 0.054794520139694214, "acc_or": 0.3287671208381653, "sender_entropy": 1.991329550743103, "receiver_entropy": 0.0, "original_loss": 1.78871488571167, "mean_length": 6.0}
{"mode": "train", "epoch": 42, "loss": 4.500604629516602, "acc": 0.07579908519983292, "acc_or": 0.31495434045791626, "sender_entropy": 1.9798154830932617, "receiver_entropy": 0.0, "original_loss": 1.7899962663650513, "mean_length": 6.0}
{"mode": "test", "epoch": 42, "loss": 2.709016799926758, "acc": 0.054794520139694214, "acc_or": 0.3287671208381653, "sender_entropy": 2.00862193107605, "receiver_entropy": 0.0, "original_loss": 1.807183027267456, "mean_length": 6.0}
{"mode": "train", "epoch": 43, "loss": 4.409196853637695, "acc": 0.07716894894838333, "acc_or": 0.3179223835468292, "sender_entropy": 1.9934167861938477, "receiver_entropy": 0.0, "original_loss": 1.7874242067337036, "mean_length": 6.0}
{"mode": "test", "epoch": 43, "loss": 3.128500461578369, "acc": 0.08219178020954132, "acc_or": 0.36301368474960327, "sender_entropy": 2.0301570892333984, "receiver_entropy": 0.0, "original_loss": 1.7457488775253296, "mean_length": 6.0}
{"mode": "train", "epoch": 44, "loss": 4.367021083831787, "acc": 0.08150684833526611, "acc_or": 0.3179223835468292, "sender_entropy": 2.0135257244110107, "receiver_entropy": 0.0, "original_loss": 1.7853025197982788, "mean_length": 6.0}
{"mode": "test", "epoch": 44, "loss": 3.1096956729888916, "acc": 0.08219178020954132, "acc_or": 0.39726027846336365, "sender_entropy": 2.0259037017822266, "receiver_entropy": 0.0, "original_loss": 1.735888957977295, "mean_length": 6.0}
{"mode": "train", "epoch": 45, "loss": 4.443578243255615, "acc": 0.07648401707410812, "acc_or": 0.32397258281707764, "sender_entropy": 2.008035182952881, "receiver_entropy": 0.0, "original_loss": 1.7703704833984375, "mean_length": 6.0}
{"mode": "test", "epoch": 45, "loss": 3.0795514583587646, "acc": 0.08219178020954132, "acc_or": 0.4041095972061157, "sender_entropy": 2.0058703422546387, "receiver_entropy": 0.0, "original_loss": 1.7219792604446411, "mean_length": 6.0}
{"mode": "train", "epoch": 46, "loss": 4.526592254638672, "acc": 0.08310502022504807, "acc_or": 0.33630135655403137, "sender_entropy": 1.9854155778884888, "receiver_entropy": 0.0, "original_loss": 1.7476352453231812, "mean_length": 6.0}
{"mode": "test", "epoch": 46, "loss": 3.090050220489502, "acc": 0.06849315017461777, "acc_or": 0.3904109597206116, "sender_entropy": 1.9755958318710327, "receiver_entropy": 0.0, "original_loss": 1.6999882459640503, "mean_length": 6.0}
{"mode": "train", "epoch": 47, "loss": 4.700791358947754, "acc": 0.08744291961193085, "acc_or": 0.33915525674819946, "sender_entropy": 1.9506481885910034, "receiver_entropy": 0.0, "original_loss": 1.719994068145752, "mean_length": 6.0}
{"mode": "test", "epoch": 47, "loss": 3.302730083465576, "acc": 0.09589041024446487, "acc_or": 0.4041095972061157, "sender_entropy": 1.963226079940796, "receiver_entropy": 0.0, "original_loss": 1.6675535440444946, "mean_length": 6.0}
{"mode": "train", "epoch": 48, "loss": 4.76339054107666, "acc": 0.08926940709352493, "acc_or": 0.34520548582077026, "sender_entropy": 1.9350506067276, "receiver_entropy": 0.0, "original_loss": 1.701633095741272, "mean_length": 6.0}
{"mode": "test", "epoch": 48, "loss": 3.695160388946533, "acc": 0.10958904027938843, "acc_or": 0.39726027846336365, "sender_entropy": 1.9653009176254272, "receiver_entropy": 0.0, "original_loss": 1.6196225881576538, "mean_length": 6.0}
{"mode": "train", "epoch": 49, "loss": 4.791475296020508, "acc": 0.09337899088859558, "acc_or": 0.34771689772605896, "sender_entropy": 1.934955358505249, "receiver_entropy": 0.0, "original_loss": 1.693678379058838, "mean_length": 6.0}
{"mode": "test", "epoch": 49, "loss": 4.1720499992370605, "acc": 0.12328767031431198, "acc_or": 0.39726027846336365, "sender_entropy": 1.9677616357803345, "receiver_entropy": 0.0, "original_loss": 1.5628021955490112, "mean_length": 6.0}
{"mode": "train", "epoch": 50, "loss": 4.877042770385742, "acc": 0.10319634526968002, "acc_or": 0.35639268159866333, "sender_entropy": 1.9368151426315308, "receiver_entropy": 0.0, "original_loss": 1.6786887645721436, "mean_length": 6.0}
{"mode": "test", "epoch": 50, "loss": 4.520842552185059, "acc": 0.12328767031431198, "acc_or": 0.4041095972061157, "sender_entropy": 1.9624544382095337, "receiver_entropy": 0.0, "original_loss": 1.5132784843444824, "mean_length": 6.0}
{"mode": "train", "epoch": 51, "loss": 4.8818254470825195, "acc": 0.09634703397750854, "acc_or": 0.34703195095062256, "sender_entropy": 1.9302217960357666, "receiver_entropy": 0.0, "original_loss": 1.6704306602478027, "mean_length": 6.0}
{"mode": "test", "epoch": 51, "loss": 4.745258331298828, "acc": 0.13698630034923553, "acc_or": 0.4178082048892975, "sender_entropy": 1.949049949645996, "receiver_entropy": 0.0, "original_loss": 1.4702465534210205, "mean_length": 6.0}
{"mode": "train", "epoch": 52, "loss": 5.104493618011475, "acc": 0.10251141339540482, "acc_or": 0.361187219619751, "sender_entropy": 1.9152517318725586, "receiver_entropy": 0.0, "original_loss": 1.6357184648513794, "mean_length": 6.0}
{"mode": "test", "epoch": 52, "loss": 4.657087802886963, "acc": 0.09589041024446487, "acc_or": 0.4109588861465454, "sender_entropy": 1.9258636236190796, "receiver_entropy": 0.0, "original_loss": 1.4562231302261353, "mean_length": 6.0}
{"mode": "train", "epoch": 53, "loss": 5.25927734375, "acc": 0.11118721216917038, "acc_or": 0.3743150532245636, "sender_entropy": 1.8902357816696167, "receiver_entropy": 0.0, "original_loss": 1.609915018081665, "mean_length": 6.0}
{"mode": "test", "epoch": 53, "loss": 4.679944038391113, "acc": 0.09589041024446487, "acc_or": 0.39726027846336365, "sender_entropy": 1.9094911813735962, "receiver_entropy": 0.0, "original_loss": 1.4286551475524902, "mean_length": 6.0}
{"mode": "train", "epoch": 54, "loss": 5.417397975921631, "acc": 0.11689497530460358, "acc_or": 0.3856164216995239, "sender_entropy": 1.8703902959823608, "receiver_entropy": 0.0, "original_loss": 1.572428584098816, "mean_length": 6.0}
{"mode": "test", "epoch": 54, "loss": 4.62514066696167, "acc": 0.13698630034923553, "acc_or": 0.39726027846336365, "sender_entropy": 1.884677767753601, "receiver_entropy": 0.0, "original_loss": 1.4060311317443848, "mean_length": 6.0}
{"mode": "train", "epoch": 55, "loss": 5.655756950378418, "acc": 0.12397260218858719, "acc_or": 0.38972601294517517, "sender_entropy": 1.8417506217956543, "receiver_entropy": 0.0, "original_loss": 1.5324589014053345, "mean_length": 6.0}
{"mode": "test", "epoch": 55, "loss": 4.65866756439209, "acc": 0.1506849229335785, "acc_or": 0.4041095972061157, "sender_entropy": 1.85732901096344, "receiver_entropy": 0.0, "original_loss": 1.3770647048950195, "mean_length": 6.0}
{"mode": "train", "epoch": 56, "loss": 5.820282459259033, "acc": 0.13812784850597382, "acc_or": 0.4067351520061493, "sender_entropy": 1.8075553178787231, "receiver_entropy": 0.0, "original_loss": 1.4945303201675415, "mean_length": 6.0}
{"mode": "test", "epoch": 56, "loss": 4.568849086761475, "acc": 0.13698630034923553, "acc_or": 0.4041095972061157, "sender_entropy": 1.8339273929595947, "receiver_entropy": 0.0, "original_loss": 1.3636540174484253, "mean_length": 6.0}
{"mode": "train", "epoch": 57, "loss": 5.9195685386657715, "acc": 0.1481735110282898, "acc_or": 0.422374427318573, "sender_entropy": 1.779165267944336, "receiver_entropy": 0.0, "original_loss": 1.4594680070877075, "mean_length": 6.0}
{"mode": "test", "epoch": 57, "loss": 4.294528007507324, "acc": 0.09589041024446487, "acc_or": 0.3767123222351074, "sender_entropy": 1.8050035238265991, "receiver_entropy": 0.0, "original_loss": 1.3684955835342407, "mean_length": 6.0}
{"mode": "train", "epoch": 58, "loss": 6.005778789520264, "acc": 0.15981735289096832, "acc_or": 0.4337899386882782, "sender_entropy": 1.7444441318511963, "receiver_entropy": 0.0, "original_loss": 1.4322996139526367, "mean_length": 6.0}
{"mode": "test", "epoch": 58, "loss": 3.9452881813049316, "acc": 0.13698630034923553, "acc_or": 0.4041095972061157, "sender_entropy": 1.7824461460113525, "receiver_entropy": 0.0, "original_loss": 1.3908226490020752, "mean_length": 6.0}
{"mode": "train", "epoch": 59, "loss": 6.144383430480957, "acc": 0.17397260665893555, "acc_or": 0.44315066933631897, "sender_entropy": 1.7190850973129272, "receiver_entropy": 0.0, "original_loss": 1.3964475393295288, "mean_length": 6.0}
{"mode": "test", "epoch": 59, "loss": 4.090056896209717, "acc": 0.13698630034923553, "acc_or": 0.39726027846336365, "sender_entropy": 1.7738810777664185, "receiver_entropy": 0.0, "original_loss": 1.3556690216064453, "mean_length": 6.0}
{"mode": "train", "epoch": 60, "loss": 6.164246559143066, "acc": 0.1659817397594452, "acc_or": 0.4444063901901245, "sender_entropy": 1.706878423690796, "receiver_entropy": 0.0, "original_loss": 1.378783941268921, "mean_length": 6.0}
{"mode": "test", "epoch": 60, "loss": 4.350496768951416, "acc": 0.1506849229335785, "acc_or": 0.4452054798603058, "sender_entropy": 1.7825509309768677, "receiver_entropy": 0.0, "original_loss": 1.311846137046814, "mean_length": 6.0}
{"mode": "train", "epoch": 61, "loss": 6.16970682144165, "acc": 0.17785388231277466, "acc_or": 0.45205479860305786, "sender_entropy": 1.7122474908828735, "receiver_entropy": 0.0, "original_loss": 1.367608666419983, "mean_length": 6.0}
{"mode": "test", "epoch": 61, "loss": 4.724022388458252, "acc": 0.1780821979045868, "acc_or": 0.4726027250289917, "sender_entropy": 1.793054461479187, "receiver_entropy": 0.0, "original_loss": 1.2585277557373047, "mean_length": 6.0}
{"mode": "train", "epoch": 62, "loss": 6.198841094970703, "acc": 0.18150684237480164, "acc_or": 0.46107304096221924, "sender_entropy": 1.720945954322815, "receiver_entropy": 0.0, "original_loss": 1.3565528392791748, "mean_length": 6.0}
{"mode": "test", "epoch": 62, "loss": 4.69463586807251, "acc": 0.1780821979045868, "acc_or": 0.4794520437717438, "sender_entropy": 1.8078436851501465, "receiver_entropy": 0.0, "original_loss": 1.2602719068527222, "mean_length": 6.0}
{"mode": "train", "epoch": 63, "loss": 6.278501510620117, "acc": 0.1901826411485672, "acc_or": 0.46495431661605835, "sender_entropy": 1.7316135168075562, "receiver_entropy": 0.0, "original_loss": 1.3442175388336182, "mean_length": 6.0}
{"mode": "test", "epoch": 63, "loss": 4.735754013061523, "acc": 0.16438356041908264, "acc_or": 0.4452054798603058, "sender_entropy": 1.8231743574142456, "receiver_entropy": 0.0, "original_loss": 1.2469384670257568, "mean_length": 6.0}
{"mode": "train", "epoch": 64, "loss": 6.304549217224121, "acc": 0.1926940679550171, "acc_or": 0.4662100374698639, "sender_entropy": 1.7447786331176758, "receiver_entropy": 0.0, "original_loss": 1.3291977643966675, "mean_length": 6.0}
{"mode": "test", "epoch": 64, "loss": 4.913356781005859, "acc": 0.19178082048892975, "acc_or": 0.4726027250289917, "sender_entropy": 1.8236510753631592, "receiver_entropy": 0.0, "original_loss": 1.2106386423110962, "mean_length": 6.0}
{"mode": "train", "epoch": 65, "loss": 6.407607555389404, "acc": 0.19771689176559448, "acc_or": 0.47283104062080383, "sender_entropy": 1.7454437017440796, "receiver_entropy": 0.0, "original_loss": 1.3057974576950073, "mean_length": 6.0}
{"mode": "test", "epoch": 65, "loss": 4.919255256652832, "acc": 0.2054794430732727, "acc_or": 0.4931506812572479, "sender_entropy": 1.8137110471725464, "receiver_entropy": 0.0, "original_loss": 1.1963211297988892, "mean_length": 6.0}
{"mode": "train", "epoch": 66, "loss": 6.423635482788086, "acc": 0.19703195989131927, "acc_or": 0.47659817337989807, "sender_entropy": 1.7330102920532227, "receiver_entropy": 0.0, "original_loss": 1.2898026704788208, "mean_length": 6.0}
{"mode": "test", "epoch": 66, "loss": 5.019538402557373, "acc": 0.24657534062862396, "acc_or": 0.5068492889404297, "sender_entropy": 1.8080265522003174, "receiver_entropy": 0.0, "original_loss": 1.1633607149124146, "mean_length": 6.0}
{"mode": "train", "epoch": 67, "loss": 6.53711462020874, "acc": 0.21917808055877686, "acc_or": 0.48949772119522095, "sender_entropy": 1.7256454229354858, "receiver_entropy": 0.0, "original_loss": 1.2651833295822144, "mean_length": 6.0}
{"mode": "test", "epoch": 67, "loss": 5.152049541473389, "acc": 0.232876718044281, "acc_or": 0.5068492889404297, "sender_entropy": 1.8049792051315308, "receiver_entropy": 0.0, "original_loss": 1.1391850709915161, "mean_length": 6.0}
{"mode": "train", "epoch": 68, "loss": 6.577244758605957, "acc": 0.23105022311210632, "acc_or": 0.4986301362514496, "sender_entropy": 1.7155038118362427, "receiver_entropy": 0.0, "original_loss": 1.2468771934509277, "mean_length": 6.0}
{"mode": "test", "epoch": 68, "loss": 5.429437160491943, "acc": 0.2602739632129669, "acc_or": 0.5273972749710083, "sender_entropy": 1.7953152656555176, "receiver_entropy": 0.0, "original_loss": 1.087831974029541, "mean_length": 6.0}
{"mode": "train", "epoch": 69, "loss": 6.581695079803467, "acc": 0.2385844737291336, "acc_or": 0.507990837097168, "sender_entropy": 1.701429843902588, "receiver_entropy": 0.0, "original_loss": 1.2298675775527954, "mean_length": 6.0}
{"mode": "test", "epoch": 69, "loss": 5.5208635330200195, "acc": 0.34246575832366943, "acc_or": 0.5753424763679504, "sender_entropy": 1.7796783447265625, "receiver_entropy": 0.0, "original_loss": 1.0572335720062256, "mean_length": 6.0}
{"mode": "train", "epoch": 70, "loss": 6.579555034637451, "acc": 0.25205478072166443, "acc_or": 0.5100456476211548, "sender_entropy": 1.6894949674606323, "receiver_entropy": 0.0, "original_loss": 1.2146410942077637, "mean_length": 6.0}
{"mode": "test", "epoch": 70, "loss": 5.446704864501953, "acc": 0.301369845867157, "acc_or": 0.568493127822876, "sender_entropy": 1.7601791620254517, "receiver_entropy": 0.0, "original_loss": 1.0437968969345093, "mean_length": 6.0}
{"mode": "train", "epoch": 71, "loss": 6.870530128479004, "acc": 0.2625570595264435, "acc_or": 0.5256849527359009, "sender_entropy": 1.6681874990463257, "receiver_entropy": 0.0, "original_loss": 1.1685020923614502, "mean_length": 6.0}
{"mode": "test", "epoch": 71, "loss": 5.5015153884887695, "acc": 0.31506848335266113, "acc_or": 0.5958904027938843, "sender_entropy": 1.7475309371948242, "receiver_entropy": 0.0, "original_loss": 1.0199978351593018, "mean_length": 6.0}
{"mode": "train", "epoch": 72, "loss": 6.864880561828613, "acc": 0.28835615515708923, "acc_or": 0.5485159754753113, "sender_entropy": 1.6495718955993652, "receiver_entropy": 0.0, "original_loss": 1.1433382034301758, "mean_length": 6.0}
{"mode": "test", "epoch": 72, "loss": 5.736544609069824, "acc": 0.3287671208381653, "acc_or": 0.5890411138534546, "sender_entropy": 1.739983081817627, "receiver_entropy": 0.0, "original_loss": 0.9613839983940125, "mean_length": 6.0}
{"mode": "train", "epoch": 73, "loss": 6.839279651641846, "acc": 0.280593603849411, "acc_or": 0.5515981912612915, "sender_entropy": 1.6419727802276611, "receiver_entropy": 0.0, "original_loss": 1.12511146068573, "mean_length": 6.0}
{"mode": "test", "epoch": 73, "loss": 5.762640953063965, "acc": 0.3561643958091736, "acc_or": 0.6095890402793884, "sender_entropy": 1.7193937301635742, "receiver_entropy": 0.0, "original_loss": 0.9185402989387512, "mean_length": 6.0}
{"mode": "train", "epoch": 74, "loss": 7.009829521179199, "acc": 0.3086757957935333, "acc_or": 0.5664383769035339, "sender_entropy": 1.6200536489486694, "receiver_entropy": 0.0, "original_loss": 1.0886433124542236, "mean_length": 6.0}
{"mode": "test", "epoch": 74, "loss": 5.740383148193359, "acc": 0.34246575832366943, "acc_or": 0.6164383292198181, "sender_entropy": 1.702548861503601, "receiver_entropy": 0.0, "original_loss": 0.8918439149856567, "mean_length": 6.0}
{"mode": "train", "epoch": 75, "loss": 7.051379203796387, "acc": 0.3086757957935333, "acc_or": 0.5734018087387085, "sender_entropy": 1.600360631942749, "receiver_entropy": 0.0, "original_loss": 1.0618764162063599, "mean_length": 6.0}
{"mode": "test", "epoch": 75, "loss": 5.683747291564941, "acc": 0.3561643958091736, "acc_or": 0.6164383292198181, "sender_entropy": 1.68954336643219, "receiver_entropy": 0.0, "original_loss": 0.8703807592391968, "mean_length": 6.0}
{"mode": "train", "epoch": 76, "loss": 7.050509929656982, "acc": 0.3255707621574402, "acc_or": 0.5863013863563538, "sender_entropy": 1.5798801183700562, "receiver_entropy": 0.0, "original_loss": 1.040066123008728, "mean_length": 6.0}
{"mode": "test", "epoch": 76, "loss": 5.55812931060791, "acc": 0.42465752363204956, "acc_or": 0.6438356041908264, "sender_entropy": 1.6793392896652222, "receiver_entropy": 0.0, "original_loss": 0.8699544072151184, "mean_length": 6.0}
{"mode": "train", "epoch": 77, "loss": 7.170566558837891, "acc": 0.34429222345352173, "acc_or": 0.6053652763366699, "sender_entropy": 1.5737886428833008, "receiver_entropy": 0.0, "original_loss": 1.0045359134674072, "mean_length": 6.0}
{"mode": "test", "epoch": 77, "loss": 5.466147422790527, "acc": 0.36986300349235535, "acc_or": 0.6232876777648926, "sender_entropy": 1.6616333723068237, "receiver_entropy": 0.0, "original_loss": 0.8633859157562256, "mean_length": 6.0}
{"mode": "train", "epoch": 78, "loss": 6.947574615478516, "acc": 0.34634703397750854, "acc_or": 0.6011415719985962, "sender_entropy": 1.552915334701538, "receiver_entropy": 0.0, "original_loss": 1.0060513019561768, "mean_length": 6.0}
{"mode": "test", "epoch": 78, "loss": 5.323514938354492, "acc": 0.39726027846336365, "acc_or": 0.6575342416763306, "sender_entropy": 1.6477816104888916, "receiver_entropy": 0.0, "original_loss": 0.8589770793914795, "mean_length": 6.0}
{"mode": "train", "epoch": 79, "loss": 7.065523624420166, "acc": 0.36849313974380493, "acc_or": 0.6197488307952881, "sender_entropy": 1.5333902835845947, "receiver_entropy": 0.0, "original_loss": 0.968879759311676, "mean_length": 6.0}
{"mode": "test", "epoch": 79, "loss": 5.284084320068359, "acc": 0.3835616409778595, "acc_or": 0.6438356041908264, "sender_entropy": 1.6377674341201782, "receiver_entropy": 0.0, "original_loss": 0.8482010364532471, "mean_length": 6.0}
{"mode": "train", "epoch": 80, "loss": 7.024117946624756, "acc": 0.3682648241519928, "acc_or": 0.6184931397438049, "sender_entropy": 1.5257890224456787, "receiver_entropy": 0.0, "original_loss": 0.9632707834243774, "mean_length": 6.0}
{"mode": "test", "epoch": 80, "loss": 5.300382614135742, "acc": 0.4383561611175537, "acc_or": 0.6849315166473389, "sender_entropy": 1.6391842365264893, "receiver_entropy": 0.0, "original_loss": 0.8350513577461243, "mean_length": 6.0}
{"mode": "train", "epoch": 81, "loss": 7.231418609619141, "acc": 0.38698628544807434, "acc_or": 0.6316210031509399, "sender_entropy": 1.5276330709457397, "receiver_entropy": 0.0, "original_loss": 0.9388243556022644, "mean_length": 6.0}
{"mode": "test", "epoch": 81, "loss": 5.177680492401123, "acc": 0.45205479860305786, "acc_or": 0.698630154132843, "sender_entropy": 1.6543985605239868, "receiver_entropy": 0.0, "original_loss": 0.8536000847816467, "mean_length": 6.0}
{"mode": "train", "epoch": 82, "loss": 7.173876762390137, "acc": 0.3878995478153229, "acc_or": 0.6349315047264099, "sender_entropy": 1.5394368171691895, "receiver_entropy": 0.0, "original_loss": 0.9287119507789612, "mean_length": 6.0}
{"mode": "test", "epoch": 82, "loss": 5.385001182556152, "acc": 0.4794520437717438, "acc_or": 0.6917808055877686, "sender_entropy": 1.6582359075546265, "receiver_entropy": 0.0, "original_loss": 0.8087022304534912, "mean_length": 6.0}
{"mode": "train", "epoch": 83, "loss": 6.989772796630859, "acc": 0.3981735110282898, "acc_or": 0.6349315047264099, "sender_entropy": 1.548583984375, "receiver_entropy": 0.0, "original_loss": 0.9310129284858704, "mean_length": 6.0}
{"mode": "test", "epoch": 83, "loss": 5.578348159790039, "acc": 0.4931506812572479, "acc_or": 0.7397260069847107, "sender_entropy": 1.6603039503097534, "receiver_entropy": 0.0, "original_loss": 0.7767224907875061, "mean_length": 6.0}
{"mode": "train", "epoch": 84, "loss": 7.283713340759277, "acc": 0.4066210091114044, "acc_or": 0.6481735110282898, "sender_entropy": 1.5443588495254517, "receiver_entropy": 0.0, "original_loss": 0.8926458954811096, "mean_length": 6.0}
{"mode": "test", "epoch": 84, "loss": 5.92537784576416, "acc": 0.5753424763679504, "acc_or": 0.7808219194412231, "sender_entropy": 1.6624077558517456, "receiver_entropy": 0.0, "original_loss": 0.7039997577667236, "mean_length": 6.0}
{"mode": "train", "epoch": 85, "loss": 7.309753894805908, "acc": 0.41324201226234436, "acc_or": 0.6551370024681091, "sender_entropy": 1.5394054651260376, "receiver_entropy": 0.0, "original_loss": 0.8769297003746033, "mean_length": 6.0}
{"mode": "test", "epoch": 85, "loss": 6.118978977203369, "acc": 0.5479452013969421, "acc_or": 0.767123281955719, "sender_entropy": 1.6642061471939087, "receiver_entropy": 0.0, "original_loss": 0.6744494438171387, "mean_length": 6.0}
{"mode": "train", "epoch": 86, "loss": 7.232850074768066, "acc": 0.42534247040748596, "acc_or": 0.6638127565383911, "sender_entropy": 1.5280050039291382, "receiver_entropy": 0.0, "original_loss": 0.8613007068634033, "mean_length": 6.0}
{"mode": "test", "epoch": 86, "loss": 6.025752067565918, "acc": 0.534246563911438, "acc_or": 0.7465753555297852, "sender_entropy": 1.6658740043640137, "receiver_entropy": 0.0, "original_loss": 0.6711188554763794, "mean_length": 6.0}
{"mode": "train", "epoch": 87, "loss": 7.296355247497559, "acc": 0.4554794430732727, "acc_or": 0.6807077527046204, "sender_entropy": 1.5158028602600098, "receiver_entropy": 0.0, "original_loss": 0.838443398475647, "mean_length": 6.0}
{"mode": "test", "epoch": 87, "loss": 5.664855480194092, "acc": 0.5068492889404297, "acc_or": 0.7260273694992065, "sender_entropy": 1.6480355262756348, "receiver_entropy": 0.0, "original_loss": 0.7032365202903748, "mean_length": 6.0}
{"mode": "train", "epoch": 88, "loss": 7.366864204406738, "acc": 0.45502281188964844, "acc_or": 0.6841323971748352, "sender_entropy": 1.5024930238723755, "receiver_entropy": 0.0, "original_loss": 0.8100181818008423, "mean_length": 6.0}
{"mode": "test", "epoch": 88, "loss": 5.8630452156066895, "acc": 0.5205479264259338, "acc_or": 0.7397260069847107, "sender_entropy": 1.6423790454864502, "receiver_entropy": 0.0, "original_loss": 0.6560830473899841, "mean_length": 6.0}
{"mode": "train", "epoch": 89, "loss": 7.351370811462402, "acc": 0.469406396150589, "acc_or": 0.6915525197982788, "sender_entropy": 1.4916702508926392, "receiver_entropy": 0.0, "original_loss": 0.7936171889305115, "mean_length": 6.0}
{"mode": "test", "epoch": 89, "loss": 5.980825424194336, "acc": 0.6164383292198181, "acc_or": 0.7876712083816528, "sender_entropy": 1.634950876235962, "receiver_entropy": 0.0, "original_loss": 0.6076072454452515, "mean_length": 6.0}
{"mode": "train", "epoch": 90, "loss": 7.365227222442627, "acc": 0.4687214493751526, "acc_or": 0.6891552209854126, "sender_entropy": 1.4970957040786743, "receiver_entropy": 0.0, "original_loss": 0.7876115441322327, "mean_length": 6.0}
{"mode": "test", "epoch": 90, "loss": 5.835499286651611, "acc": 0.5479452013969421, "acc_or": 0.7534246444702148, "sender_entropy": 1.6362384557724, "receiver_entropy": 0.0, "original_loss": 0.6320251822471619, "mean_length": 6.0}
{"mode": "train", "epoch": 91, "loss": 7.439140319824219, "acc": 0.4789954125881195, "acc_or": 0.7029680013656616, "sender_entropy": 1.4968533515930176, "receiver_entropy": 0.0, "original_loss": 0.7729570269584656, "mean_length": 6.0}
{"mode": "test", "epoch": 91, "loss": 6.033674240112305, "acc": 0.6301369667053223, "acc_or": 0.7945205569267273, "sender_entropy": 1.6207826137542725, "receiver_entropy": 0.0, "original_loss": 0.5799885392189026, "mean_length": 6.0}
{"mode": "train", "epoch": 92, "loss": 7.433446407318115, "acc": 0.5066210031509399, "acc_or": 0.7179223895072937, "sender_entropy": 1.4897350072860718, "receiver_entropy": 0.0, "original_loss": 0.7468900084495544, "mean_length": 6.0}
{"mode": "test", "epoch": 92, "loss": 6.003796577453613, "acc": 0.5890411138534546, "acc_or": 0.767123281955719, "sender_entropy": 1.604284405708313, "receiver_entropy": 0.0, "original_loss": 0.5534998774528503, "mean_length": 6.0}
{"mode": "train", "epoch": 93, "loss": 7.425281047821045, "acc": 0.5152968168258667, "acc_or": 0.7240867614746094, "sender_entropy": 1.4649651050567627, "receiver_entropy": 0.0, "original_loss": 0.7198290824890137, "mean_length": 6.0}
{"mode": "test", "epoch": 93, "loss": 5.832449913024902, "acc": 0.5753424763679504, "acc_or": 0.7602739930152893, "sender_entropy": 1.580613136291504, "receiver_entropy": 0.0, "original_loss": 0.5530407428741455, "mean_length": 6.0}
{"mode": "train", "epoch": 94, "loss": 7.308043003082275, "acc": 0.5095890164375305, "acc_or": 0.7205479145050049, "sender_entropy": 1.434766411781311, "receiver_entropy": 0.0, "original_loss": 0.7047878503799438, "mean_length": 6.0}
{"mode": "test", "epoch": 94, "loss": 5.697670936584473, "acc": 0.6712328791618347, "acc_or": 0.8082191944122314, "sender_entropy": 1.5653578042984009, "receiver_entropy": 0.0, "original_loss": 0.5334819555282593, "mean_length": 6.0}
{"mode": "train", "epoch": 95, "loss": 7.537417411804199, "acc": 0.5577625632286072, "acc_or": 0.7502282857894897, "sender_entropy": 1.416571855545044, "receiver_entropy": 0.0, "original_loss": 0.6596953272819519, "mean_length": 6.0}
{"mode": "test", "epoch": 95, "loss": 5.669572830200195, "acc": 0.698630154132843, "acc_or": 0.8150684833526611, "sender_entropy": 1.5467606782913208, "receiver_entropy": 0.0, "original_loss": 0.4946140646934509, "mean_length": 6.0}
{"mode": "train", "epoch": 96, "loss": 7.342249870300293, "acc": 0.5561643838882446, "acc_or": 0.7490867376327515, "sender_entropy": 1.4036961793899536, "receiver_entropy": 0.0, "original_loss": 0.6637460589408875, "mean_length": 6.0}
{"mode": "test", "epoch": 96, "loss": 5.540134429931641, "acc": 0.6164383292198181, "acc_or": 0.7876712083816528, "sender_entropy": 1.5499974489212036, "receiver_entropy": 0.0, "original_loss": 0.5104356408119202, "mean_length": 6.0}
{"mode": "train", "epoch": 97, "loss": 7.457968235015869, "acc": 0.5744292140007019, "acc_or": 0.7613013386726379, "sender_entropy": 1.4027012586593628, "receiver_entropy": 0.0, "original_loss": 0.6362703442573547, "mean_length": 6.0}
{"mode": "test", "epoch": 97, "loss": 5.587283611297607, "acc": 0.6301369667053223, "acc_or": 0.801369845867157, "sender_entropy": 1.5405442714691162, "receiver_entropy": 0.0, "original_loss": 0.49072036147117615, "mean_length": 6.0}
{"mode": "train", "epoch": 98, "loss": 7.387395858764648, "acc": 0.5751141309738159, "acc_or": 0.7627853751182556, "sender_entropy": 1.3932948112487793, "receiver_entropy": 0.0, "original_loss": 0.6300866007804871, "mean_length": 6.0}
{"mode": "test", "epoch": 98, "loss": 5.734043598175049, "acc": 0.7397260069847107, "acc_or": 0.8561643958091736, "sender_entropy": 1.5468934774398804, "receiver_entropy": 0.0, "original_loss": 0.4536671042442322, "mean_length": 6.0}
{"mode": "train", "epoch": 99, "loss": 7.320590972900391, "acc": 0.5712328553199768, "acc_or": 0.7601597905158997, "sender_entropy": 1.399836540222168, "receiver_entropy": 0.0, "original_loss": 0.626102864742279, "mean_length": 6.0}
{"mode": "test", "epoch": 99, "loss": 5.651668071746826, "acc": 0.7397260069847107, "acc_or": 0.8561643958091736, "sender_entropy": 1.553560495376587, "receiver_entropy": 0.0, "original_loss": 0.4705749452114105, "mean_length": 6.0}
{"mode": "train", "epoch": 100, "loss": 7.167162895202637, "acc": 0.5757990479469299, "acc_or": 0.7595890164375305, "sender_entropy": 1.4019781351089478, "receiver_entropy": 0.0, "original_loss": 0.6368418335914612, "mean_length": 6.0}
{"mode": "test", "epoch": 100, "loss": 5.463496208190918, "acc": 0.7397260069847107, "acc_or": 0.8561643958091736, "sender_entropy": 1.5367510318756104, "receiver_entropy": 0.0, "original_loss": 0.4583387076854706, "mean_length": 6.0}
{"mode": "train", "epoch": 101, "loss": 7.253936767578125, "acc": 0.5826483964920044, "acc_or": 0.7654109597206116, "sender_entropy": 1.4031829833984375, "receiver_entropy": 0.0, "original_loss": 0.6118610501289368, "mean_length": 6.0}
{"mode": "test", "epoch": 101, "loss": 5.54486608505249, "acc": 0.767123281955719, "acc_or": 0.8698630332946777, "sender_entropy": 1.5358593463897705, "receiver_entropy": 0.0, "original_loss": 0.4328383207321167, "mean_length": 6.0}
{"mode": "train", "epoch": 102, "loss": 7.224092483520508, "acc": 0.5858447551727295, "acc_or": 0.7706620693206787, "sender_entropy": 1.3972060680389404, "receiver_entropy": 0.0, "original_loss": 0.6016852259635925, "mean_length": 6.0}
{"mode": "test", "epoch": 102, "loss": 5.614258766174316, "acc": 0.7534246444702148, "acc_or": 0.8630136847496033, "sender_entropy": 1.5360137224197388, "receiver_entropy": 0.0, "original_loss": 0.42122766375541687, "mean_length": 6.0}
{"mode": "train", "epoch": 103, "loss": 7.30133581161499, "acc": 0.6031963229179382, "acc_or": 0.7791095972061157, "sender_entropy": 1.4016951322555542, "receiver_entropy": 0.0, "original_loss": 0.5924543142318726, "mean_length": 6.0}
{"mode": "test", "epoch": 103, "loss": 5.784338474273682, "acc": 0.7397260069847107, "acc_or": 0.8698630332946777, "sender_entropy": 1.5346074104309082, "receiver_entropy": 0.0, "original_loss": 0.3913598656654358, "mean_length": 6.0}
{"mode": "train", "epoch": 104, "loss": 7.195749759674072, "acc": 0.6107305884361267, "acc_or": 0.7831050157546997, "sender_entropy": 1.3917145729064941, "receiver_entropy": 0.0, "original_loss": 0.5829158425331116, "mean_length": 6.0}
{"mode": "test", "epoch": 104, "loss": 5.927363872528076, "acc": 0.8219177722930908, "acc_or": 0.9109588861465454, "sender_entropy": 1.5214533805847168, "receiver_entropy": 0.0, "original_loss": 0.34415388107299805, "mean_length": 6.0}
{"mode": "train", "epoch": 105, "loss": 7.304281711578369, "acc": 0.6319634318351746, "acc_or": 0.7963470220565796, "sender_entropy": 1.3788745403289795, "receiver_entropy": 0.0, "original_loss": 0.5509198307991028, "mean_length": 6.0}
{"mode": "test", "epoch": 105, "loss": 5.545354843139648, "acc": 0.767123281955719, "acc_or": 0.8835616111755371, "sender_entropy": 1.506775140762329, "receiver_entropy": 0.0, "original_loss": 0.37753453850746155, "mean_length": 6.0}
{"mode": "train", "epoch": 106, "loss": 7.219222545623779, "acc": 0.6356164216995239, "acc_or": 0.7992008924484253, "sender_entropy": 1.3591485023498535, "receiver_entropy": 0.0, "original_loss": 0.5432964563369751, "mean_length": 6.0}
{"mode": "test", "epoch": 106, "loss": 5.476400375366211, "acc": 0.7808219194412231, "acc_or": 0.8904109597206116, "sender_entropy": 1.496599793434143, "receiver_entropy": 0.0, "original_loss": 0.3853195905685425, "mean_length": 6.0}
{"mode": "train", "epoch": 107, "loss": 7.155514717102051, "acc": 0.6429223418235779, "acc_or": 0.8047944903373718, "sender_entropy": 1.3428525924682617, "receiver_entropy": 0.0, "original_loss": 0.5281485915184021, "mean_length": 6.0}
{"mode": "test", "epoch": 107, "loss": 5.478017330169678, "acc": 0.7945205569267273, "acc_or": 0.8972602486610413, "sender_entropy": 1.4810805320739746, "receiver_entropy": 0.0, "original_loss": 0.3470654785633087, "mean_length": 6.0}
{"mode": "train", "epoch": 108, "loss": 7.151021480560303, "acc": 0.644748866558075, "acc_or": 0.8069634437561035, "sender_entropy": 1.3320988416671753, "receiver_entropy": 0.0, "original_loss": 0.5199991464614868, "mean_length": 6.0}
{"mode": "test", "epoch": 108, "loss": 5.5471696853637695, "acc": 0.767123281955719, "acc_or": 0.8698630332946777, "sender_entropy": 1.479576826095581, "receiver_entropy": 0.0, "original_loss": 0.3332699239253998, "mean_length": 6.0}
{"mode": "train", "epoch": 109, "loss": 7.115615367889404, "acc": 0.6529680490493774, "acc_or": 0.8051369786262512, "sender_entropy": 1.331791877746582, "receiver_entropy": 0.0, "original_loss": 0.5150426626205444, "mean_length": 6.0}
{"mode": "test", "epoch": 109, "loss": 5.580327033996582, "acc": 0.8082191944122314, "acc_or": 0.8835616111755371, "sender_entropy": 1.4912757873535156, "receiver_entropy": 0.0, "original_loss": 0.33015522360801697, "mean_length": 6.0}
{"mode": "train", "epoch": 110, "loss": 7.075660705566406, "acc": 0.6568493247032166, "acc_or": 0.8102739453315735, "sender_entropy": 1.3465855121612549, "receiver_entropy": 0.0, "original_loss": 0.511410117149353, "mean_length": 6.0}
{"mode": "test", "epoch": 110, "loss": 5.651230335235596, "acc": 0.8767123222351074, "acc_or": 0.9178082346916199, "sender_entropy": 1.5007078647613525, "receiver_entropy": 0.0, "original_loss": 0.31545349955558777, "mean_length": 6.0}
{"mode": "train", "epoch": 111, "loss": 7.179244518280029, "acc": 0.6710045337677002, "acc_or": 0.8179223537445068, "sender_entropy": 1.3494750261306763, "receiver_entropy": 0.0, "original_loss": 0.5000696778297424, "mean_length": 6.0}
{"mode": "test", "epoch": 111, "loss": 5.739312648773193, "acc": 0.835616409778595, "acc_or": 0.9109588861465454, "sender_entropy": 1.492866039276123, "receiver_entropy": 0.0, "original_loss": 0.29063865542411804, "mean_length": 6.0}
{"mode": "train", "epoch": 112, "loss": 6.909406661987305, "acc": 0.6525114178657532, "acc_or": 0.8042237162590027, "sender_entropy": 1.3526824712753296, "receiver_entropy": 0.0, "original_loss": 0.5177460312843323, "mean_length": 6.0}
{"mode": "test", "epoch": 112, "loss": 5.562901020050049, "acc": 0.7808219194412231, "acc_or": 0.8835616111755371, "sender_entropy": 1.4963796138763428, "receiver_entropy": 0.0, "original_loss": 0.32507574558258057, "mean_length": 6.0}
{"mode": "train", "epoch": 113, "loss": 7.054603576660156, "acc": 0.6707762479782104, "acc_or": 0.8208904266357422, "sender_entropy": 1.355661153793335, "receiver_entropy": 0.0, "original_loss": 0.4969470500946045, "mean_length": 6.0}
{"mode": "test", "epoch": 113, "loss": 5.8336310386657715, "acc": 0.8630136847496033, "acc_or": 0.9246575236320496, "sender_entropy": 1.4930833578109741, "receiver_entropy": 0.0, "original_loss": 0.27035826444625854, "mean_length": 6.0}
{"mode": "train", "epoch": 114, "loss": 7.134683609008789, "acc": 0.6767123341560364, "acc_or": 0.8252282738685608, "sender_entropy": 1.3463994264602661, "receiver_entropy": 0.0, "original_loss": 0.47760483622550964, "mean_length": 6.0}
{"mode": "test", "epoch": 114, "loss": 5.615026473999023, "acc": 0.8219177722930908, "acc_or": 0.9041095972061157, "sender_entropy": 1.4895515441894531, "receiver_entropy": 0.0, "original_loss": 0.2941223680973053, "mean_length": 6.0}
{"mode": "train", "epoch": 115, "loss": 6.874422550201416, "acc": 0.6691780686378479, "acc_or": 0.8183789849281311, "sender_entropy": 1.3419934511184692, "receiver_entropy": 0.0, "original_loss": 0.4895934760570526, "mean_length": 6.0}
{"mode": "test", "epoch": 115, "loss": 5.424673557281494, "acc": 0.835616409778595, "acc_or": 0.9109588861465454, "sender_entropy": 1.4969106912612915, "receiver_entropy": 0.0, "original_loss": 0.31403496861457825, "mean_length": 6.0}
{"mode": "train", "epoch": 116, "loss": 7.068601131439209, "acc": 0.6963469982147217, "acc_or": 0.8351597785949707, "sender_entropy": 1.337741494178772, "receiver_entropy": 0.0, "original_loss": 0.4545266926288605, "mean_length": 6.0}
{"mode": "test", "epoch": 116, "loss": 5.219367980957031, "acc": 0.7808219194412231, "acc_or": 0.8835616111755371, "sender_entropy": 1.4738448858261108, "receiver_entropy": 0.0, "original_loss": 0.31776922941207886, "mean_length": 6.0}
{"mode": "train", "epoch": 117, "loss": 6.833213806152344, "acc": 0.6787670850753784, "acc_or": 0.8244292140007019, "sender_entropy": 1.3278899192810059, "receiver_entropy": 0.0, "original_loss": 0.4687376320362091, "mean_length": 6.0}
{"mode": "test", "epoch": 117, "loss": 5.379568576812744, "acc": 0.835616409778595, "acc_or": 0.9041095972061157, "sender_entropy": 1.4707939624786377, "receiver_entropy": 0.0, "original_loss": 0.2801598906517029, "mean_length": 6.0}
{"mode": "train", "epoch": 118, "loss": 6.892475605010986, "acc": 0.6984018087387085, "acc_or": 0.8358447551727295, "sender_entropy": 1.3162363767623901, "receiver_entropy": 0.0, "original_loss": 0.4474562406539917, "mean_length": 6.0}
{"mode": "test", "epoch": 118, "loss": 5.385553359985352, "acc": 0.8767123222351074, "acc_or": 0.931506872177124, "sender_entropy": 1.4650206565856934, "receiver_entropy": 0.0, "original_loss": 0.2589275538921356, "mean_length": 6.0}
{"mode": "train", "epoch": 119, "loss": 6.8134870529174805, "acc": 0.7105022668838501, "acc_or": 0.8391552567481995, "sender_entropy": 1.317300796508789, "receiver_entropy": 0.0, "original_loss": 0.4394330084323883, "mean_length": 6.0}
{"mode": "test", "epoch": 119, "loss": 5.498963356018066, "acc": 0.8767123222351074, "acc_or": 0.931506872177124, "sender_entropy": 1.4620823860168457, "receiver_entropy": 0.0, "original_loss": 0.23774535953998566, "mean_length": 6.0}
{"mode": "train", "epoch": 120, "loss": 6.938284873962402, "acc": 0.7257990837097168, "acc_or": 0.8501141667366028, "sender_entropy": 1.3180840015411377, "receiver_entropy": 0.0, "original_loss": 0.4209693670272827, "mean_length": 6.0}
{"mode": "test", "epoch": 120, "loss": 5.306999683380127, "acc": 0.8493150472640991, "acc_or": 0.9178082346916199, "sender_entropy": 1.4611260890960693, "receiver_entropy": 0.0, "original_loss": 0.2616346776485443, "mean_length": 6.0}
{"mode": "train", "epoch": 121, "loss": 6.874495029449463, "acc": 0.7191780805587769, "acc_or": 0.847374439239502, "sender_entropy": 1.319245457649231, "receiver_entropy": 0.0, "original_loss": 0.42531365156173706, "mean_length": 6.0}
{"mode": "test", "epoch": 121, "loss": 5.273837566375732, "acc": 0.8493150472640991, "acc_or": 0.9178082346916199, "sender_entropy": 1.4711073637008667, "receiver_entropy": 0.0, "original_loss": 0.26688364148139954, "mean_length": 6.0}
{"mode": "train", "epoch": 122, "loss": 6.758997440338135, "acc": 0.7173516154289246, "acc_or": 0.8438355922698975, "sender_entropy": 1.3215429782867432, "receiver_entropy": 0.0, "original_loss": 0.43210873007774353, "mean_length": 6.0}
{"mode": "test", "epoch": 122, "loss": 5.480299472808838, "acc": 0.931506872177124, "acc_or": 0.9589040875434875, "sender_entropy": 1.4775915145874023, "receiver_entropy": 0.0, "original_loss": 0.22803418338298798, "mean_length": 6.0}
{"mode": "train", "epoch": 123, "loss": 6.787933826446533, "acc": 0.7173516154289246, "acc_or": 0.8455479145050049, "sender_entropy": 1.3306207656860352, "receiver_entropy": 0.0, "original_loss": 0.4228336215019226, "mean_length": 6.0}
{"mode": "test", "epoch": 123, "loss": 5.481964588165283, "acc": 0.9178082346916199, "acc_or": 0.9520547986030579, "sender_entropy": 1.4816714525222778, "receiver_entropy": 0.0, "original_loss": 0.22772754728794098, "mean_length": 6.0}
{"mode": "train", "epoch": 124, "loss": 6.69890022277832, "acc": 0.7271689176559448, "acc_or": 0.8498858213424683, "sender_entropy": 1.3276597261428833, "receiver_entropy": 0.0, "original_loss": 0.41929736733436584, "mean_length": 6.0}
{"mode": "test", "epoch": 124, "loss": 5.401172637939453, "acc": 0.8767123222351074, "acc_or": 0.9383561611175537, "sender_entropy": 1.474783182144165, "receiver_entropy": 0.0, "original_loss": 0.24240587651729584, "mean_length": 6.0}
{"mode": "train", "epoch": 125, "loss": 6.8320207595825195, "acc": 0.7203196287155151, "acc_or": 0.8504565954208374, "sender_entropy": 1.3228392601013184, "receiver_entropy": 0.0, "original_loss": 0.4002716541290283, "mean_length": 6.0}
{"mode": "test", "epoch": 125, "loss": 5.449932098388672, "acc": 0.8767123222351074, "acc_or": 0.9383561611175537, "sender_entropy": 1.4675785303115845, "receiver_entropy": 0.0, "original_loss": 0.20446212589740753, "mean_length": 6.0}
{"mode": "train", "epoch": 126, "loss": 6.672760486602783, "acc": 0.7200912833213806, "acc_or": 0.8466894626617432, "sender_entropy": 1.3100920915603638, "receiver_entropy": 0.0, "original_loss": 0.4120734632015228, "mean_length": 6.0}
{"mode": "test", "epoch": 126, "loss": 5.556774139404297, "acc": 0.931506872177124, "acc_or": 0.965753436088562, "sender_entropy": 1.466781735420227, "receiver_entropy": 0.0, "original_loss": 0.18393318355083466, "mean_length": 6.0}
{"mode": "train", "epoch": 127, "loss": 6.604068279266357, "acc": 0.7319634556770325, "acc_or": 0.8522831201553345, "sender_entropy": 1.3106274604797363, "receiver_entropy": 0.0, "original_loss": 0.4068700969219208, "mean_length": 6.0}
{"mode": "test", "epoch": 127, "loss": 5.547025680541992, "acc": 0.9589040875434875, "acc_or": 0.9794520735740662, "sender_entropy": 1.460644006729126, "receiver_entropy": 0.0, "original_loss": 0.17336297035217285, "mean_length": 6.0}
{"mode": "train", "epoch": 128, "loss": 6.607831954956055, "acc": 0.7470319271087646, "acc_or": 0.8624429106712341, "sender_entropy": 1.3146053552627563, "receiver_entropy": 0.0, "original_loss": 0.3867771625518799, "mean_length": 6.0}
{"mode": "test", "epoch": 128, "loss": 5.5514912605285645, "acc": 0.9178082346916199, "acc_or": 0.9589040875434875, "sender_entropy": 1.4593793153762817, "receiver_entropy": 0.0, "original_loss": 0.1693391650915146, "mean_length": 6.0}
{"mode": "train", "epoch": 129, "loss": 6.666688919067383, "acc": 0.7566210031509399, "acc_or": 0.8679223656654358, "sender_entropy": 1.3117218017578125, "receiver_entropy": 0.0, "original_loss": 0.38046884536743164, "mean_length": 6.0}
{"mode": "test", "epoch": 129, "loss": 5.549244403839111, "acc": 0.9452054500579834, "acc_or": 0.9726027250289917, "sender_entropy": 1.4522342681884766, "receiver_entropy": 0.0, "original_loss": 0.14261828362941742, "mean_length": 6.0}
{"mode": "train", "epoch": 130, "loss": 6.656864643096924, "acc": 0.7582191824913025, "acc_or": 0.8700913190841675, "sender_entropy": 1.3061919212341309, "receiver_entropy": 0.0, "original_loss": 0.37333667278289795, "mean_length": 6.0}
{"mode": "test", "epoch": 130, "loss": 5.4078192710876465, "acc": 0.9452054500579834, "acc_or": 0.9726027250289917, "sender_entropy": 1.4375278949737549, "receiver_entropy": 0.0, "original_loss": 0.1478087604045868, "mean_length": 6.0}
{"mode": "train", "epoch": 131, "loss": 6.603983402252197, "acc": 0.7687214612960815, "acc_or": 0.876369833946228, "sender_entropy": 1.2875663042068481, "receiver_entropy": 0.0, "original_loss": 0.3538661301136017, "mean_length": 6.0}
{"mode": "test", "epoch": 131, "loss": 5.255419731140137, "acc": 0.9589040875434875, "acc_or": 0.9794520735740662, "sender_entropy": 1.4120473861694336, "receiver_entropy": 0.0, "original_loss": 0.15678101778030396, "mean_length": 6.0}
{"mode": "train", "epoch": 132, "loss": 6.559288501739502, "acc": 0.7726027369499207, "acc_or": 0.8778538703918457, "sender_entropy": 1.2809295654296875, "receiver_entropy": 0.0, "original_loss": 0.3546827733516693, "mean_length": 6.0}
{"mode": "test", "epoch": 132, "loss": 5.121724605560303, "acc": 0.9178082346916199, "acc_or": 0.9589040875434875, "sender_entropy": 1.4009230136871338, "receiver_entropy": 0.0, "original_loss": 0.16313281655311584, "mean_length": 6.0}
{"mode": "train", "epoch": 133, "loss": 6.416325092315674, "acc": 0.7586758136749268, "acc_or": 0.8713470101356506, "sender_entropy": 1.2742619514465332, "receiver_entropy": 0.0, "original_loss": 0.36211097240448, "mean_length": 6.0}
{"mode": "test", "epoch": 133, "loss": 5.203434467315674, "acc": 0.9589040875434875, "acc_or": 0.9794520735740662, "sender_entropy": 1.4076287746429443, "receiver_entropy": 0.0, "original_loss": 0.13661901652812958, "mean_length": 6.0}
{"mode": "train", "epoch": 134, "loss": 6.494802474975586, "acc": 0.7805935740470886, "acc_or": 0.8816210031509399, "sender_entropy": 1.2882652282714844, "receiver_entropy": 0.0, "original_loss": 0.34484609961509705, "mean_length": 6.0}
{"mode": "test", "epoch": 134, "loss": 5.241705417633057, "acc": 0.9589040875434875, "acc_or": 0.9794520735740662, "sender_entropy": 1.4183295965194702, "receiver_entropy": 0.0, "original_loss": 0.12901267409324646, "mean_length": 6.0}
{"mode": "train", "epoch": 135, "loss": 6.49925422668457, "acc": 0.785616397857666, "acc_or": 0.8842465877532959, "sender_entropy": 1.29509437084198, "receiver_entropy": 0.0, "original_loss": 0.3418779969215393, "mean_length": 6.0}
{"mode": "test", "epoch": 135, "loss": 5.312355995178223, "acc": 0.9726027250289917, "acc_or": 0.9863013625144958, "sender_entropy": 1.430934190750122, "receiver_entropy": 0.0, "original_loss": 0.12344169616699219, "mean_length": 6.0}
{"mode": "train", "epoch": 136, "loss": 6.383505344390869, "acc": 0.7812785506248474, "acc_or": 0.8827625513076782, "sender_entropy": 1.2925995588302612, "receiver_entropy": 0.0, "original_loss": 0.345231831073761, "mean_length": 6.0}
{"mode": "test", "epoch": 136, "loss": 5.1095991134643555, "acc": 0.9589040875434875, "acc_or": 0.9794520735740662, "sender_entropy": 1.417022466659546, "receiver_entropy": 0.0, "original_loss": 0.13522078096866608, "mean_length": 6.0}
{"mode": "train", "epoch": 137, "loss": 6.351728439331055, "acc": 0.777625560760498, "acc_or": 0.8815068602561951, "sender_entropy": 1.2845770120620728, "receiver_entropy": 0.0, "original_loss": 0.3401108384132385, "mean_length": 6.0}
{"mode": "test", "epoch": 137, "loss": 5.039119720458984, "acc": 0.9589040875434875, "acc_or": 0.9794520735740662, "sender_entropy": 1.417892575263977, "receiver_entropy": 0.0, "original_loss": 0.14725086092948914, "mean_length": 6.0}
{"mode": "train", "epoch": 138, "loss": 6.271676540374756, "acc": 0.7753424644470215, "acc_or": 0.8793379068374634, "sender_entropy": 1.2833338975906372, "receiver_entropy": 0.0, "original_loss": 0.33996203541755676, "mean_length": 6.0}
{"mode": "test", "epoch": 138, "loss": 5.014459133148193, "acc": 0.9452054500579834, "acc_or": 0.9726027250289917, "sender_entropy": 1.4253021478652954, "receiver_entropy": 0.0, "original_loss": 0.1590043157339096, "mean_length": 6.0}
{"mode": "train", "epoch": 139, "loss": 6.2454609870910645, "acc": 0.7732876539230347, "acc_or": 0.8780821561813354, "sender_entropy": 1.2828590869903564, "receiver_entropy": 0.0, "original_loss": 0.34412628412246704, "mean_length": 6.0}
{"mode": "test", "epoch": 139, "loss": 5.187573432922363, "acc": 0.9589040875434875, "acc_or": 0.9794520735740662, "sender_entropy": 1.438904047012329, "receiver_entropy": 0.0, "original_loss": 0.1278768628835678, "mean_length": 6.0}
{"mode": "train", "epoch": 140, "loss": 6.313419342041016, "acc": 0.7787671089172363, "acc_or": 0.8817351460456848, "sender_entropy": 1.2925885915756226, "receiver_entropy": 0.0, "original_loss": 0.3312230706214905, "mean_length": 6.0}
{"mode": "test", "epoch": 140, "loss": 5.204329967498779, "acc": 0.9589040875434875, "acc_or": 0.9794520735740662, "sender_entropy": 1.4481724500656128, "receiver_entropy": 0.0, "original_loss": 0.12279661744832993, "mean_length": 6.0}
{"mode": "train", "epoch": 141, "loss": 6.139452934265137, "acc": 0.7723743915557861, "acc_or": 0.8751141428947449, "sender_entropy": 1.2960870265960693, "receiver_entropy": 0.0, "original_loss": 0.34350696206092834, "mean_length": 6.0}
{"mode": "test", "epoch": 141, "loss": 5.110384464263916, "acc": 0.9726027250289917, "acc_or": 0.9863013625144958, "sender_entropy": 1.4464040994644165, "receiver_entropy": 0.0, "original_loss": 0.12459995597600937, "mean_length": 6.0}
{"mode": "train", "epoch": 142, "loss": 6.2020721435546875, "acc": 0.7876712083816528, "acc_or": 0.8852739334106445, "sender_entropy": 1.3007911443710327, "receiver_entropy": 0.0, "original_loss": 0.3310299217700958, "mean_length": 6.0}
{"mode": "test", "epoch": 142, "loss": 5.09235954284668, "acc": 0.9726027250289917, "acc_or": 0.9863013625144958, "sender_entropy": 1.4314727783203125, "receiver_entropy": 0.0, "original_loss": 0.10062193870544434, "mean_length": 6.0}
{"mode": "train", "epoch": 143, "loss": 6.274927616119385, "acc": 0.7926940321922302, "acc_or": 0.8877853751182556, "sender_entropy": 1.293921947479248, "receiver_entropy": 0.0, "original_loss": 0.3207549452781677, "mean_length": 6.0}
{"mode": "test", "epoch": 143, "loss": 4.953539848327637, "acc": 0.9863013625144958, "acc_or": 0.9931506514549255, "sender_entropy": 1.4129964113235474, "receiver_entropy": 0.0, "original_loss": 0.10237738490104675, "mean_length": 6.0}
{"mode": "train", "epoch": 144, "loss": 6.200984477996826, "acc": 0.7906392812728882, "acc_or": 0.8847031593322754, "sender_entropy": 1.2815213203430176, "receiver_entropy": 0.0, "original_loss": 0.3155020773410797, "mean_length": 6.0}
{"mode": "test", "epoch": 144, "loss": 5.054449558258057, "acc": 0.9863013625144958, "acc_or": 0.9931506514549255, "sender_entropy": 1.4273630380630493, "receiver_entropy": 0.0, "original_loss": 0.08719605207443237, "mean_length": 6.0}
{"mode": "train", "epoch": 145, "loss": 6.203984260559082, "acc": 0.8061643838882446, "acc_or": 0.8965753316879272, "sender_entropy": 1.2848495244979858, "receiver_entropy": 0.0, "original_loss": 0.30298101902008057, "mean_length": 6.0}
{"mode": "test", "epoch": 145, "loss": 4.8899149894714355, "acc": 0.9041095972061157, "acc_or": 0.9520547986030579, "sender_entropy": 1.43097722530365, "receiver_entropy": 0.0, "original_loss": 0.13082168996334076, "mean_length": 6.0}
{"mode": "train", "epoch": 146, "loss": 6.023736476898193, "acc": 0.7853881120681763, "acc_or": 0.8834474682807922, "sender_entropy": 1.283819556236267, "receiver_entropy": 0.0, "original_loss": 0.3216519355773926, "mean_length": 6.0}
{"mode": "test", "epoch": 146, "loss": 4.883848667144775, "acc": 0.931506872177124, "acc_or": 0.965753436088562, "sender_entropy": 1.4315640926361084, "receiver_entropy": 0.0, "original_loss": 0.11550171673297882, "mean_length": 6.0}
{"mode": "train", "epoch": 147, "loss": 6.083411693572998, "acc": 0.8043378591537476, "acc_or": 0.8956620693206787, "sender_entropy": 1.2809758186340332, "receiver_entropy": 0.0, "original_loss": 0.30673372745513916, "mean_length": 6.0}
{"mode": "test", "epoch": 147, "loss": 4.91142463684082, "acc": 0.9452054500579834, "acc_or": 0.9726027250289917, "sender_entropy": 1.428118348121643, "receiver_entropy": 0.0, "original_loss": 0.10382546484470367, "mean_length": 6.0}
{"mode": "train", "epoch": 148, "loss": 6.022866249084473, "acc": 0.7826483845710754, "acc_or": 0.8843607306480408, "sender_entropy": 1.2812190055847168, "receiver_entropy": 0.0, "original_loss": 0.3189943730831146, "mean_length": 6.0}
{"mode": "test", "epoch": 148, "loss": 5.026997089385986, "acc": 0.9726027250289917, "acc_or": 0.9863013625144958, "sender_entropy": 1.4345670938491821, "receiver_entropy": 0.0, "original_loss": 0.0884845033288002, "mean_length": 6.0}
{"mode": "train", "epoch": 149, "loss": 6.310995101928711, "acc": 0.8264840245246887, "acc_or": 0.9079908728599548, "sender_entropy": 1.2741954326629639, "receiver_entropy": 0.0, "original_loss": 0.2717290222644806, "mean_length": 6.0}
{"mode": "test", "epoch": 149, "loss": 4.7321600914001465, "acc": 0.9452054500579834, "acc_or": 0.9726027250289917, "sender_entropy": 1.4342635869979858, "receiver_entropy": 0.0, "original_loss": 0.12896870076656342, "mean_length": 6.0}
{"mode": "train", "epoch": 150, "loss": 5.996498107910156, "acc": 0.801369845867157, "acc_or": 0.8948630094528198, "sender_entropy": 1.2863986492156982, "receiver_entropy": 0.0, "original_loss": 0.3007008135318756, "mean_length": 6.0}
{"mode": "test", "epoch": 150, "loss": 4.836228370666504, "acc": 0.9726027250289917, "acc_or": 0.9863013625144958, "sender_entropy": 1.4309167861938477, "receiver_entropy": 0.0, "original_loss": 0.0989464521408081, "mean_length": 6.0}
{"mode": "train", "epoch": 151, "loss": 5.984445571899414, "acc": 0.8073059320449829, "acc_or": 0.8974885940551758, "sender_entropy": 1.2889436483383179, "receiver_entropy": 0.0, "original_loss": 0.29589805006980896, "mean_length": 6.0}
{"mode": "test", "epoch": 151, "loss": 4.843023300170898, "acc": 0.9589040875434875, "acc_or": 0.9794520735740662, "sender_entropy": 1.41181218624115, "receiver_entropy": 0.0, "original_loss": 0.07915384322404861, "mean_length": 6.0}
{"mode": "train", "epoch": 152, "loss": 6.090853691101074, "acc": 0.8246574997901917, "acc_or": 0.9063926935195923, "sender_entropy": 1.2792400121688843, "receiver_entropy": 0.0, "original_loss": 0.275543749332428, "mean_length": 6.0}
{"mode": "test", "epoch": 152, "loss": 4.869040489196777, "acc": 0.9863013625144958, "acc_or": 0.9931506514549255, "sender_entropy": 1.4108997583389282, "receiver_entropy": 0.0, "original_loss": 0.06814979761838913, "mean_length": 6.0}
{"mode": "train", "epoch": 153, "loss": 6.135678291320801, "acc": 0.8376712203025818, "acc_or": 0.9142693877220154, "sender_entropy": 1.2718855142593384, "receiver_entropy": 0.0, "original_loss": 0.258980929851532, "mean_length": 6.0}
{"mode": "test", "epoch": 153, "loss": 4.725255012512207, "acc": 0.9726027250289917, "acc_or": 0.9863013625144958, "sender_entropy": 1.4108637571334839, "receiver_entropy": 0.0, "original_loss": 0.08931400626897812, "mean_length": 6.0}
{"mode": "train", "epoch": 154, "loss": 6.041359901428223, "acc": 0.8287671208381653, "acc_or": 0.9090182781219482, "sender_entropy": 1.2683707475662231, "receiver_entropy": 0.0, "original_loss": 0.26347190141677856, "mean_length": 6.0}
{"mode": "test", "epoch": 154, "loss": 4.659636974334717, "acc": 0.9726027250289917, "acc_or": 0.9863013625144958, "sender_entropy": 1.3965721130371094, "receiver_entropy": 0.0, "original_loss": 0.08605823665857315, "mean_length": 6.0}
{"mode": "train", "epoch": 155, "loss": 5.949355602264404, "acc": 0.8232876658439636, "acc_or": 0.9078766703605652, "sender_entropy": 1.2672228813171387, "receiver_entropy": 0.0, "original_loss": 0.2699906527996063, "mean_length": 6.0}
{"mode": "test", "epoch": 155, "loss": 4.7780442237854, "acc": 0.9863013625144958, "acc_or": 0.9931506514549255, "sender_entropy": 1.3967293500900269, "receiver_entropy": 0.0, "original_loss": 0.06477881222963333, "mean_length": 6.0}
{"mode": "train", "epoch": 156, "loss": 6.037595748901367, "acc": 0.8431506752967834, "acc_or": 0.9165524840354919, "sender_entropy": 1.2627289295196533, "receiver_entropy": 0.0, "original_loss": 0.2460649013519287, "mean_length": 6.0}
{"mode": "test", "epoch": 156, "loss": 4.739123821258545, "acc": 0.9726027250289917, "acc_or": 0.9863013625144958, "sender_entropy": 1.3965427875518799, "receiver_entropy": 0.0, "original_loss": 0.07097164541482925, "mean_length": 6.0}
{"mode": "train", "epoch": 157, "loss": 5.884147644042969, "acc": 0.8308219313621521, "acc_or": 0.9103881120681763, "sender_entropy": 1.2592113018035889, "receiver_entropy": 0.0, "original_loss": 0.2606741786003113, "mean_length": 6.0}
{"mode": "test", "epoch": 157, "loss": 4.7748942375183105, "acc": 0.9726027250289917, "acc_or": 0.9863013625144958, "sender_entropy": 1.3986996412277222, "receiver_entropy": 0.0, "original_loss": 0.06562784314155579, "mean_length": 6.0}
{"mode": "train", "epoch": 158, "loss": 5.954559326171875, "acc": 0.844063937664032, "acc_or": 0.9179223775863647, "sender_entropy": 1.2555817365646362, "receiver_entropy": 0.0, "original_loss": 0.24466800689697266, "mean_length": 6.0}
{"mode": "test", "epoch": 158, "loss": 4.7334089279174805, "acc": 0.9726027250289917, "acc_or": 0.9863013625144958, "sender_entropy": 1.3978767395019531, "receiver_entropy": 0.0, "original_loss": 0.06036674603819847, "mean_length": 6.0}
{"mode": "train", "epoch": 159, "loss": 5.94580602645874, "acc": 0.8518264889717102, "acc_or": 0.9206621050834656, "sender_entropy": 1.2663543224334717, "receiver_entropy": 0.0, "original_loss": 0.24048444628715515, "mean_length": 6.0}
{"mode": "test", "epoch": 159, "loss": 4.615537643432617, "acc": 0.9726027250289917, "acc_or": 0.9863013625144958, "sender_entropy": 1.3974826335906982, "receiver_entropy": 0.0, "original_loss": 0.06697684526443481, "mean_length": 6.0}
{"mode": "train", "epoch": 160, "loss": 5.946736812591553, "acc": 0.8525114059448242, "acc_or": 0.9218036532402039, "sender_entropy": 1.2660484313964844, "receiver_entropy": 0.0, "original_loss": 0.23598241806030273, "mean_length": 6.0}
{"mode": "test", "epoch": 160, "loss": 4.491892337799072, "acc": 0.9589040875434875, "acc_or": 0.9794520735740662, "sender_entropy": 1.4038500785827637, "receiver_entropy": 0.0, "original_loss": 0.07796914130449295, "mean_length": 6.0}
{"mode": "train", "epoch": 161, "loss": 5.7977118492126465, "acc": 0.8351597785949707, "acc_or": 0.9128995537757874, "sender_entropy": 1.2622947692871094, "receiver_entropy": 0.0, "original_loss": 0.25182849168777466, "mean_length": 6.0}
{"mode": "test", "epoch": 161, "loss": 4.5307817459106445, "acc": 0.9726027250289917, "acc_or": 0.9863013625144958, "sender_entropy": 1.4063282012939453, "receiver_entropy": 0.0, "original_loss": 0.06839341670274734, "mean_length": 6.0}
{"mode": "train", "epoch": 162, "loss": 5.844038486480713, "acc": 0.8472602367401123, "acc_or": 0.9194063544273376, "sender_entropy": 1.2624210119247437, "receiver_entropy": 0.0, "original_loss": 0.2400016039609909, "mean_length": 6.0}
{"mode": "test", "epoch": 162, "loss": 4.465980529785156, "acc": 0.9452054500579834, "acc_or": 0.9726027250289917, "sender_entropy": 1.4090533256530762, "receiver_entropy": 0.0, "original_loss": 0.07796677947044373, "mean_length": 6.0}
{"mode": "train", "epoch": 163, "loss": 5.827328205108643, "acc": 0.8509132266044617, "acc_or": 0.9208903908729553, "sender_entropy": 1.266581416130066, "receiver_entropy": 0.0, "original_loss": 0.2339460253715515, "mean_length": 6.0}
{"mode": "test", "epoch": 163, "loss": 4.508880615234375, "acc": 0.9726027250289917, "acc_or": 0.9863013625144958, "sender_entropy": 1.4119774103164673, "receiver_entropy": 0.0, "original_loss": 0.07407680153846741, "mean_length": 6.0}
{"mode": "train", "epoch": 164, "loss": 5.755913734436035, "acc": 0.8486301302909851, "acc_or": 0.9181506633758545, "sender_entropy": 1.2699916362762451, "receiver_entropy": 0.0, "original_loss": 0.24485570192337036, "mean_length": 6.0}
{"mode": "test", "epoch": 164, "loss": 4.5307111740112305, "acc": 0.9589040875434875, "acc_or": 0.9794520735740662, "sender_entropy": 1.4224541187286377, "receiver_entropy": 0.0, "original_loss": 0.07477869838476181, "mean_length": 6.0}
{"mode": "train", "epoch": 165, "loss": 5.704599380493164, "acc": 0.8413242101669312, "acc_or": 0.9173516035079956, "sender_entropy": 1.2692148685455322, "receiver_entropy": 0.0, "original_loss": 0.24849042296409607, "mean_length": 6.0}
{"mode": "test", "epoch": 165, "loss": 4.580165863037109, "acc": 0.9863013625144958, "acc_or": 0.9931506514549255, "sender_entropy": 1.4228452444076538, "receiver_entropy": 0.0, "original_loss": 0.05879933759570122, "mean_length": 6.0}
{"mode": "train", "epoch": 166, "loss": 5.79044246673584, "acc": 0.8484017848968506, "acc_or": 0.9195205569267273, "sender_entropy": 1.2701987028121948, "receiver_entropy": 0.0, "original_loss": 0.2325470894575119, "mean_length": 6.0}
{"mode": "test", "epoch": 166, "loss": 4.494799613952637, "acc": 0.9863013625144958, "acc_or": 0.9931506514549255, "sender_entropy": 1.4163228273391724, "receiver_entropy": 0.0, "original_loss": 0.06664193421602249, "mean_length": 6.0}
{"mode": "train", "epoch": 167, "loss": 5.606990814208984, "acc": 0.8417807817459106, "acc_or": 0.9151826500892639, "sender_entropy": 1.2732619047164917, "receiver_entropy": 0.0, "original_loss": 0.248406782746315, "mean_length": 6.0}
{"mode": "test", "epoch": 167, "loss": 4.472560405731201, "acc": 0.9726027250289917, "acc_or": 0.9863013625144958, "sender_entropy": 1.4160912036895752, "receiver_entropy": 0.0, "original_loss": 0.06346847862005234, "mean_length": 6.0}
{"mode": "train", "epoch": 168, "loss": 5.75119161605835, "acc": 0.8520547747612, "acc_or": 0.921689510345459, "sender_entropy": 1.2701778411865234, "receiver_entropy": 0.0, "original_loss": 0.22795626521110535, "mean_length": 6.0}
{"mode": "test", "epoch": 168, "loss": 4.500576019287109, "acc": 0.9726027250289917, "acc_or": 0.9863013625144958, "sender_entropy": 1.4209786653518677, "receiver_entropy": 0.0, "original_loss": 0.051713235676288605, "mean_length": 6.0}
{"mode": "train", "epoch": 169, "loss": 5.648917198181152, "acc": 0.8525114059448242, "acc_or": 0.922374427318573, "sender_entropy": 1.2723019123077393, "receiver_entropy": 0.0, "original_loss": 0.22860059142112732, "mean_length": 6.0}
{"mode": "test", "epoch": 169, "loss": 4.484133243560791, "acc": 0.9863013625144958, "acc_or": 0.9931506514549255, "sender_entropy": 1.4163051843643188, "receiver_entropy": 0.0, "original_loss": 0.049430377781391144, "mean_length": 6.0}
{"mode": "train", "epoch": 170, "loss": 5.501573085784912, "acc": 0.8404109477996826, "acc_or": 0.9154109358787537, "sender_entropy": 1.268680214881897, "receiver_entropy": 0.0, "original_loss": 0.24872171878814697, "mean_length": 6.0}
{"mode": "test", "epoch": 170, "loss": 4.479443550109863, "acc": 1.0, "acc_or": 1.0, "sender_entropy": 1.4083027839660645, "receiver_entropy": 0.0, "original_loss": 0.04564397409558296, "mean_length": 6.0}
{"epoch": 170, "positional_disent": 0.11775510758161545, "bag_of_symbol_disent": 0.12304478883743286, "topographic_sim": 0.39123823481866343}
{"generalization hold out": {"acc": 0.9444444179534912, "acc_or": 0.9444444179534912}, "uniform holdout": {"acc": 0.125, "acc_or": 0.1875}, "epoch": 170}
---End--
